myseed=9287 

Attaching package: ‘pls’

The following object is masked from ‘package:stats’:

    loadings

Loading required package: lattice
Loading required package: ggplot2
Registered S3 methods overwritten by 'ggplot2':
  method         from 
  [.quosures     rlang
  c.quosures     rlang
  print.quosures rlang

Attaching package: ‘caret’

The following object is masked from ‘package:pls’:

    R2

Loading required package: Matrix
Loading required package: foreach
Loaded glmnet 2.0-18

Parsed with column specification:
cols(
  .default = col_double()
)
See spec(...) for full column specifications.
Parsed with column specification:
cols(
  X1 = col_double()
)
Parsed with column specification:
cols(
  X1 = col_double()
)
numeric(0)
Algorithm converged after  1  iterations.
[1] 3.754853e-23
Algorithm converged after  2  iterations.
[1] 7.936047e-25
Algorithm converged after  2  iterations.
[1] 9.681213e-19
Algorithm converged after  2  iterations.
[1] 3.754853e-23 8.904444e-26
Algorithm converged after  2  iterations.
[1] 7.936047e-25 6.104864e-26
Algorithm converged after  2  iterations.
[1] 9.681213e-19 6.490027e-23
Algorithm converged after  2  iterations.
[1] 3.754853e-23 7.936047e-25
Algorithm converged after  2  iterations.
[1] 3.754853e-23 9.681213e-19
Algorithm converged after  2  iterations.
[1] 7.936047e-25 9.681213e-19
Algorithm converged after  2  iterations.
[1] 3.754853e-23 8.904444e-26 7.936047e-25
Algorithm converged after  2  iterations.
[1] 3.754853e-23 8.904444e-26 9.681213e-19
Algorithm converged after  2  iterations.
[1] 3.754853e-23 7.936047e-25 6.104864e-26
Algorithm converged after  2  iterations.
[1] 3.754853e-23 9.681213e-19 6.490027e-23
Algorithm converged after  2  iterations.
[1] 7.936047e-25 6.104864e-26 9.681213e-19
Algorithm converged after  2  iterations.
[1] 7.936047e-25 9.681213e-19 6.490027e-23
Algorithm converged after  2  iterations.
[1] 3.754853e-23 7.936047e-25 9.681213e-19
Algorithm converged after  2  iterations.
[1] 3.754853e-23 8.904444e-26 7.936047e-25 6.104864e-26
Algorithm converged after  2  iterations.
[1] 3.754853e-23 8.904444e-26 9.681213e-19 6.490027e-23
Algorithm converged after  2  iterations.
[1] 7.936047e-25 6.104864e-26 9.681213e-19 6.490027e-23
Algorithm converged after  2  iterations.
[1] 3.754853e-23 8.904444e-26 7.936047e-25 9.681213e-19
Algorithm converged after  2  iterations.
[1] 3.754853e-23 7.936047e-25 6.104864e-26 9.681213e-19
Algorithm converged after  2  iterations.
[1] 3.754853e-23 7.936047e-25 9.681213e-19 6.490027e-23
Algorithm converged after  2  iterations.
[1] 1.733498e-17
Algorithm converged after  2  iterations.
[1] 1.733498e-17 9.853467e-26
Algorithm converged after  5  iterations.
[1] 1.733498e-17 3.515626e-26
Algorithm converged after  4  iterations.
[1] 1.733498e-17 2.743611e-20
Algorithm converged after  10  iterations.
[1] 1.733498e-17 9.853467e-26 3.347798e-35
[1] 2.728716e-17 1.000923e-25 3.728681e-34
[1] 2.253497e-17 9.940733e-26 2.033167e-31
[1] 2.604925e-17 9.993145e-26 2.033599e-31
[1] 1.764585e-17 9.862600e-26 2.089929e-31
[1] 1.765539e-17 9.863157e-26 2.086496e-31
[1] 2.731103e-17 1.001235e-25 2.031273e-31
[1] 2.599506e-17 9.993837e-26 3.581477e-34
[1] 2.246159e-17 9.942182e-26 2.031740e-31
[1] 1.752942e-17 9.862159e-26 3.502109e-35
[1] 2.250314e-17 9.943727e-26 2.032799e-31
[1] 2.515727e-17 9.983270e-26 2.033518e-31
[1] 2.731563e-17 1.001522e-25 3.812727e-35
[1] 2.253735e-17 9.945770e-26 3.665678e-34
[1] 2.599894e-17 9.996936e-26 3.584379e-34
[1] 2.422799e-17 9.971236e-26 3.712662e-34
[1] 2.739405e-17 1.001710e-25 2.031924e-31
[1] 2.417236e-17 9.971349e-26 3.711871e-34
[1] 2.600605e-17 9.998259e-26 3.775553e-51
[1] 2.424106e-17 9.972924e-26 3.551850e-34
[1] 1.765625e-17 9.868231e-26 3.430964e-34
[1] 2.741991e-17 1.001914e-25 3.806109e-34
[1] 1.766917e-17 9.869310e-26 2.076542e-31
[1] 2.606167e-17 1.000134e-25 3.617134e-34
[1] 2.605773e-17 1.000193e-25 3.795961e-34
[1] 2.417777e-17 9.974655e-26 3.708579e-34
[1] 2.717435e-17 1.001816e-25 3.522986e-34
[1] 1.755672e-17 9.869438e-26 3.529229e-34
[1] 1.768185e-17 9.872468e-26 3.750035e-35
[1] 2.731975e-17 1.002223e-25 3.812554e-35
[1] 1.768280e-17 9.873358e-26 3.528609e-34
[1] 2.104384e-17 9.928089e-26 3.394070e-34
[1] 1.767071e-17 9.874116e-26 3.534268e-34
[1] 2.599589e-17 1.000526e-25 2.033057e-31
[1] 2.730059e-17 1.002486e-25 3.568699e-35
[1] 2.746144e-17 1.002741e-25 3.805697e-34
[1] 2.746465e-17 1.002749e-25 3.807214e-34
[1] 2.731952e-17 1.002613e-25 3.488062e-35
[1] 2.601230e-17 1.000746e-25 2.033132e-31
[1] 2.717228e-17 1.002423e-25 3.724297e-34
[1] 2.741364e-17 1.002798e-25 3.783343e-34
[1] 2.600835e-17 1.000861e-25 3.774658e-51
[1] 2.600595e-17 1.000870e-25 3.585795e-34
[1] 2.254169e-17 9.957383e-26 2.034200e-31
[1] 2.600682e-17 1.000943e-25 3.763069e-34
[1] 2.601028e-17 1.000948e-25 3.588259e-34
[1] 2.198738e-17 9.948168e-26 2.112978e-31
[1] 2.755762e-17 1.003265e-25 3.842785e-34
[1] 2.583698e-17 1.000925e-25 3.512689e-34
[1] 1.766359e-17 9.880583e-26 2.091983e-31
Algorithm did not converge after  500  iterations.
[1] 1.733498e-17 3.515626e-26 5.770893e-32
Algorithm converged after  5  iterations.
[1] 1.733498e-17 2.743611e-20 3.008121e-44
Algorithm converged after  10  iterations.
[1] 1.733498e-17 9.853467e-26 3.515626e-26
Algorithm converged after  5  iterations.
[1] 1.733498e-17 9.853467e-26 2.743611e-20
[1] 1.129074e-16 1.082425e-25 4.502268e-20
Algorithm converged after  11  iterations.
[1] 1.733498e-17 3.515626e-26 2.743611e-20
[1] 1.034394e-16 3.572979e-26 4.353047e-20
Algorithm converged after  11  iterations.
[1] 1.733498e-17 9.853467e-26 3.347798e-35 3.515626e-26
[1] 2.371524e-17 9.958396e-26 3.696895e-34 3.522621e-26
[1] 2.709470e-17 1.000715e-25 3.576493e-35 3.525814e-26
[1] 2.715456e-17 1.000857e-25 3.826292e-34 3.525895e-26
Algorithm converged after  33  iterations.
[1] 1.733498e-17 9.853467e-26 3.347798e-35 2.743611e-20
[1] 1.237584e-16 1.090292e-25 5.022026e-34 4.657832e-20
Algorithm converged after  12  iterations.
[1] 1.733498e-17 9.853467e-26 3.515626e-26 5.770893e-32
Algorithm converged after  6  iterations.
[1] 1.733498e-17 9.853467e-26 2.743611e-20 3.008121e-44
[1] 1.043798e-16 1.076232e-25 4.380517e-20 6.140054e-30
Algorithm converged after  11  iterations.
[1] 1.733498e-17 3.515626e-26 5.770893e-32 2.743611e-20
[1] 1.055794e-16 3.574167e-26 8.985059e-32 4.385339e-20
Algorithm converged after  11  iterations.
[1] 1.733498e-17 3.515626e-26 2.743611e-20 3.008121e-44
[1] 9.619804e-17 3.569473e-26 4.247907e-20 5.968118e-30
Algorithm converged after  11  iterations.
[1] 1.733498e-17 9.853467e-26 3.515626e-26 2.743611e-20
[1] 1.160352e-16 1.084704e-25 3.580332e-26 4.547477e-20
Algorithm converged after  11  iterations.
[1] 1.733498e-17 2.082468e-19
Algorithm converged after  2  iterations.
[1] 1.733498e-17 2.082468e-19 1.850108e-31
Algorithm converged after  7  iterations.
[1] 1.733498e-17 2.082468e-19 9.332221e-30
Algorithm converged after  4  iterations.
[1] 1.733498e-17 2.082468e-19 3.657145e-28
[1] 1.421173e-19 2.159721e-26 2.910589e-18
[1] 1.421030e-19 2.158907e-26 2.906838e-18
Algorithm converged after  26  iterations.
[1] 1.733498e-17 2.082468e-19 1.850108e-31 5.072507e-35
[1] 4.393040e-17 1.401969e-19 2.233779e-31 4.851555e-35
Algorithm converged after  11  iterations.
[1] 1.733498e-17 2.082468e-19 9.332221e-30 2.475217e-33
[1] 1.421194e-19 8.890717e-27 3.649840e-24 6.260918e-33
Algorithm converged after  12  iterations.
[1] 1.733498e-17 2.082468e-19 3.657145e-28 5.782823e-30
[1] 1.407831e-19 4.254619e-27 8.749198e-19 1.510896e-46
[1] 1.330396e-19 3.337860e-27 1.688434e-18 6.201558e-69
[1] 1.332092e-19 3.348411e-27 1.675775e-18 3.810397e-32
[1] 1.404504e-19 3.008336e-27 1.567682e-18 7.875644e-33
[1] 1.330701e-19 3.293304e-27 1.665170e-18 8.656819e-46
[1] 1.330673e-19 3.293017e-27 1.669493e-18 9.932082e-46
[1] 1.330130e-19 3.290610e-27 1.668171e-18 8.625905e-33
[1] 1.402552e-19 3.118562e-27 1.649112e-18 4.668674e-31
[1] 1.374956e-19 3.137794e-27 1.641770e-18 4.951116e-36
[1] 1.340332e-19 3.020131e-27 1.567845e-18 8.473912e-33
[1] 1.379593e-19 3.151008e-27 1.642147e-18 3.580002e-32
[1] 1.332114e-19 3.289685e-27 1.673059e-18 7.823846e-40
[1] 1.329419e-19 3.282614e-27 1.665356e-18 8.581745e-33
[1] 1.400076e-19 3.773318e-27 1.827907e-18 3.836803e-32
[1] 1.330894e-19 3.277226e-27 1.666583e-18 8.537556e-33
[1] 1.344290e-19 3.030986e-27 1.603171e-18 3.590800e-32
[1] 1.381917e-19 3.319691e-27 1.719798e-18 1.724297e-49
[1] 1.377243e-19 3.296232e-27 1.709765e-18 1.797136e-29
[1] 1.381748e-19 3.124075e-27 1.647241e-18 2.580954e-66
[1] 1.384914e-19 3.346014e-27 1.709733e-18 2.180201e-32
[1] 1.375864e-19 3.057507e-27 1.612911e-18 1.797708e-49
[1] 1.345047e-19 3.023365e-27 1.598704e-18 9.036107e-46
[1] 1.375515e-19 3.154208e-27 1.650554e-18 4.545215e-31
[1] 1.385940e-19 3.294113e-27 1.695520e-18 1.296385e-52
[1] 1.333573e-19 3.271840e-27 1.662412e-18 4.499271e-31
[1] 1.352050e-19 3.137825e-27 1.625284e-18 3.667244e-32
[1] 1.359712e-19 3.074086e-27 1.619432e-18 8.327650e-33
[1] 1.353110e-19 3.143438e-27 1.630932e-18 3.660206e-32
[1] 1.378209e-19 3.274723e-27 1.707829e-18 8.370895e-33
[1] 1.333260e-19 3.262716e-27 1.668095e-18 2.675037e-52
[1] 1.342628e-19 2.995499e-27 1.593472e-18 3.598572e-36
[1] 1.434836e-19 3.536758e-27 1.820869e-18 8.401991e-33
[1] 1.320126e-19 3.207136e-27 1.617962e-18 8.547397e-33
[1] 1.390804e-19 3.438021e-27 1.762207e-18 7.776115e-61
[1] 1.361181e-19 3.073583e-27 1.620255e-18 8.332328e-33
[1] 1.330293e-19 3.246676e-27 1.658235e-18 8.548556e-33
[1] 1.360326e-19 3.067014e-27 1.618768e-18 2.214446e-50
[1] 1.395922e-19 3.457670e-27 1.769853e-18 4.409130e-31
[1] 1.375485e-19 3.239526e-27 1.699850e-18 5.090824e-37
[1] 1.387838e-19 3.139990e-27 1.656350e-18 1.764808e-37
[1] 1.373290e-19 3.092369e-27 1.630665e-18 8.426377e-33
[1] 1.330158e-19 3.241565e-27 1.652421e-18 2.240917e-50
[1] 1.352542e-19 3.124735e-27 1.625199e-18 3.685090e-32
[1] 1.391657e-19 3.428977e-27 1.761414e-18 2.653022e-52
[1] 1.377588e-19 3.037380e-27 1.607964e-18 2.246529e-32
[1] 1.390884e-19 3.424483e-27 1.761629e-18 8.430932e-33
[1] 1.391203e-19 3.125995e-27 1.647193e-18 8.411037e-33
[1] 1.330261e-19 3.237761e-27 1.650583e-18 8.631861e-46
[1] 1.379464e-19 3.048035e-27 1.609707e-18 8.412030e-33
Algorithm did not converge after  500  iterations.
[1] 1.733498e-17 2.082468e-19 1.850108e-31 9.332221e-30
Algorithm converged after  7  iterations.
[1] 1.733498e-17 2.082468e-19 1.850108e-31 3.657145e-28
[1] 1.364753e-19 4.101224e-28 1.392608e-24 3.023247e-19
Algorithm converged after  16  iterations.
[1] 1.733498e-17 2.082468e-19 9.332221e-30 3.657145e-28
Algorithm converged after  10  iterations.
numeric(0)
Algorithm converged after  1  iterations.
[1] 8.78046e-23
Algorithm converged after  2  iterations.
[1] 7.779775e-24
Algorithm converged after  2  iterations.
[1] 9.113675e-19
Algorithm converged after  2  iterations.
[1] 8.780460e-23 1.601121e-25
Algorithm converged after  2  iterations.
[1] 7.779775e-24 6.830512e-26
Algorithm converged after  2  iterations.
[1] 9.113675e-19 4.949312e-23
Algorithm converged after  2  iterations.
[1] 8.780460e-23 7.779775e-24
Algorithm converged after  2  iterations.
[1] 8.780460e-23 9.113675e-19
Algorithm converged after  2  iterations.
[1] 7.779775e-24 9.113675e-19
Algorithm converged after  2  iterations.
[1] 8.780460e-23 1.601121e-25 7.779775e-24
Algorithm converged after  2  iterations.
[1] 8.780460e-23 1.601121e-25 9.113675e-19
Algorithm converged after  2  iterations.
[1] 8.780460e-23 7.779775e-24 6.830512e-26
Algorithm converged after  2  iterations.
[1] 8.780460e-23 9.113675e-19 4.949312e-23
Algorithm converged after  2  iterations.
[1] 7.779775e-24 6.830512e-26 9.113675e-19
Algorithm converged after  2  iterations.
[1] 7.779775e-24 9.113675e-19 4.949312e-23
Algorithm converged after  2  iterations.
[1] 8.780460e-23 7.779775e-24 9.113675e-19
Algorithm converged after  2  iterations.
[1] 8.780460e-23 1.601121e-25 7.779775e-24 6.830512e-26
Algorithm converged after  2  iterations.
[1] 8.780460e-23 1.601121e-25 9.113675e-19 4.949312e-23
Algorithm converged after  2  iterations.
[1] 7.779775e-24 6.830512e-26 9.113675e-19 4.949312e-23
Algorithm converged after  2  iterations.
[1] 8.780460e-23 1.601121e-25 7.779775e-24 9.113675e-19
Algorithm converged after  2  iterations.
[1] 8.780460e-23 7.779775e-24 6.830512e-26 9.113675e-19
Algorithm converged after  2  iterations.
[1] 8.780460e-23 7.779775e-24 9.113675e-19 4.949312e-23
Algorithm converged after  2  iterations.
[1] 1.690596e-19
Algorithm converged after  2  iterations.
[1] 1.690596e-19 2.315979e-24
Algorithm converged after  5  iterations.
[1] 1.690596e-19 1.366665e-24
Algorithm converged after  6  iterations.
[1] 1.690596e-19 1.563053e-19
Algorithm converged after  5  iterations.
[1] 1.690596e-19 2.315979e-24 2.940125e-34
Algorithm converged after  5  iterations.
[1] 1.690596e-19 1.366665e-24 2.376657e-43
Algorithm converged after  6  iterations.
[1] 1.690596e-19 1.563053e-19 6.350024e-30
Algorithm converged after  5  iterations.
[1] 1.690596e-19 2.315979e-24 1.366665e-24
Algorithm converged after  6  iterations.
[1] 1.690596e-19 2.315979e-24 1.563053e-19
Algorithm converged after  6  iterations.
[1] 1.690596e-19 1.366665e-24 1.563053e-19
Algorithm converged after  6  iterations.
[1] 1.690596e-19 2.315979e-24 2.940125e-34 1.366665e-24
Algorithm converged after  6  iterations.
[1] 1.690596e-19 2.315979e-24 2.940125e-34 1.563053e-19
Algorithm converged after  6  iterations.
[1] 1.690596e-19 2.315979e-24 1.366665e-24 2.376657e-43
[1] 1.846276e-19 2.722805e-24 1.465911e-24 7.858215e-34
[1] 1.952953e-19 2.998694e-24 1.530689e-24 8.087810e-34
Algorithm converged after  21  iterations.
[1] 1.690596e-19 2.315979e-24 1.563053e-19 6.350024e-30
Algorithm converged after  5  iterations.
[1] 1.690596e-19 1.366665e-24 2.376657e-43 1.563053e-19
[1] 1.827473e-19 1.452533e-24 3.677059e-34 1.798680e-19
[1] 1.745803e-19 1.403978e-24 1.106808e-29 1.665427e-19
[1] 1.857312e-19 1.472382e-24 5.904180e-34 1.849429e-19
[1] 1.853945e-19 1.470274e-24 5.914553e-34 1.843416e-19
[1] 1.830828e-19 1.454045e-24 6.022995e-34 1.802600e-19
[1] 1.857498e-19 1.472609e-24 7.871660e-34 1.848138e-19
[1] 1.962432e-19 1.536519e-24 1.060747e-52 2.026087e-19
[1] 1.853435e-19 1.470090e-24 3.671628e-34 1.840439e-19
[1] 1.964329e-19 1.537722e-24 1.123771e-29 2.028500e-19
[1] 1.965029e-19 1.538365e-24 1.124125e-29 2.028930e-19
[1] 1.742868e-19 1.402301e-24 1.106965e-29 1.657262e-19
[1] 1.742866e-19 1.402312e-24 1.107010e-29 1.656909e-19
[1] 1.742871e-19 1.402326e-24 1.107056e-29 1.656568e-19
[1] 1.742876e-19 1.402341e-24 1.107103e-29 1.656229e-19
[1] 1.742885e-19 1.402358e-24 1.107150e-29 1.655895e-19
[1] 1.742885e-19 1.402370e-24 1.107195e-29 1.655549e-19
[1] 1.742891e-19 1.402385e-24 1.107241e-29 1.655211e-19
[1] 1.742896e-19 1.402400e-24 1.107288e-29 1.654874e-19
[1] 1.965224e-19 1.538578e-24 9.036968e-32 2.025629e-19
[1] 1.964613e-19 1.538249e-24 1.571328e-49 2.023420e-19
[1] 1.888211e-19 1.491605e-24 5.810415e-34 1.893331e-19
[1] 1.888263e-19 1.491645e-24 7.948237e-34 1.893226e-19
[1] 1.872443e-19 1.481570e-24 7.904667e-34 1.865080e-19
[1] 1.964391e-19 1.537940e-24 1.050813e-52 2.022038e-19
[1] 1.964564e-19 1.538285e-24 3.668566e-34 2.021251e-19
[1] 1.964858e-19 1.538492e-24 3.668479e-34 2.021218e-19
[1] 1.964854e-19 1.538498e-24 3.668469e-34 2.021020e-19
[1] 1.964845e-19 1.538499e-24 3.668479e-34 2.020819e-19
[1] 1.851243e-19 1.469028e-24 7.850886e-34 1.828258e-19
[1] 1.854686e-19 1.471151e-24 7.858539e-34 1.833849e-19
[1] 1.964799e-19 1.538505e-24 3.668548e-34 2.019536e-19
[1] 1.966549e-19 1.539544e-24 5.626994e-34 2.022186e-19
[1] 1.964572e-19 1.538370e-24 1.968091e-63 2.018346e-19
[1] 1.890911e-19 1.491400e-24 5.853120e-34 1.891286e-19
[1] 1.913154e-19 1.504786e-24 3.676621e-34 1.928276e-19
[1] 1.963669e-19 1.537649e-24 3.670654e-34 2.016186e-19
[1] 1.963653e-19 1.537654e-24 9.031069e-32 2.015696e-19
[1] 1.820701e-19 1.450426e-24 9.468966e-32 1.775092e-19
[1] 1.847121e-19 1.466819e-24 7.815821e-34 1.820983e-19
[1] 1.745382e-19 1.404176e-24 4.310737e-44 1.651172e-19
[1] 1.915452e-19 1.506183e-24 4.896478e-33 1.930514e-19
[1] 1.857185e-19 1.472845e-24 7.866285e-34 1.834137e-19
[1] 1.857178e-19 1.472847e-24 7.866169e-34 1.833955e-19
[1] 1.857171e-19 1.472848e-24 7.866032e-34 1.833773e-19
[1] 1.857163e-19 1.472849e-24 7.865896e-34 1.833592e-19
[1] 1.857156e-19 1.472850e-24 7.865759e-34 1.833411e-19
[1] 1.857148e-19 1.472851e-24 7.865622e-34 1.833230e-19
[1] 1.857141e-19 1.472851e-24 7.865486e-34 1.833050e-19
[1] 1.857133e-19 1.472852e-24 7.865350e-34 1.832870e-19
Algorithm did not converge after  500  iterations.
[1] 1.690596e-19 1.366665e-24 1.563053e-19 6.350024e-30
Algorithm converged after  6  iterations.
[1] 1.690596e-19 2.315979e-24 1.366665e-24 1.563053e-19
Algorithm converged after  7  iterations.
[1] 1.690596e-19 1.357143e-50
Algorithm converged after  2  iterations.
[1] 1.690596e-19 1.357143e-50 1.944125e-24
[1] 1.749373e-19 2.546045e-24 1.380207e-23
Algorithm converged after  11  iterations.
[1] 1.690596e-19 1.357143e-50 1.393317e-24
Algorithm converged after  10  iterations.
[1] 1.690596e-19 1.357143e-50 1.503972e-19
[1] 1.821631e-19 1.478075e-26 1.814049e-18
Algorithm converged after  20  iterations.
[1] 1.690596e-19 1.357143e-50 1.944125e-24 2.844491e-34
[1] 1.809567e-19 2.900960e-24 1.522042e-23 3.731064e-39
[1] 1.804008e-19 2.853183e-24 1.504870e-23 2.392798e-34
[1] 1.741345e-19 2.530203e-24 1.361654e-23 4.677196e-39
[1] 1.752316e-19 2.595356e-24 1.387477e-23 2.804077e-39
[1] 1.802378e-19 2.853224e-24 1.502126e-23 2.047873e-61
[1] 1.706059e-19 2.496051e-24 1.334611e-23 1.056353e-46
[1] 1.802465e-19 2.860773e-24 1.501110e-23 2.357194e-36
[1] 1.753109e-19 2.606238e-24 1.389106e-23 8.723435e-39
[1] 1.790832e-19 2.448843e-24 1.360423e-23 2.908287e-35
[1] 1.753985e-19 2.611518e-24 1.389544e-23 2.550496e-39
[1] 1.752946e-19 2.606990e-24 1.387854e-23 2.424763e-39
Algorithm converged after  115  iterations.
[1] 1.690596e-19 1.357143e-50 1.393317e-24 5.006141e-33
[1] 1.943441e-19 9.113879e-27 1.892580e-24 9.895033e-34
[1] 1.938693e-19 9.098601e-27 1.891514e-24 2.775362e-38
[1] 1.804894e-19 8.308165e-27 1.782213e-24 9.421835e-34
[1] 1.940444e-19 6.964190e-27 1.838500e-24 9.941321e-34
Algorithm converged after  48  iterations.
[1] 1.690596e-19 1.357143e-50 1.503972e-19 6.273767e-30
[1] 1.856714e-19 6.622755e-27 3.086634e-19 3.098642e-28
[1] 1.750246e-19 3.651803e-27 1.056596e-18 3.920120e-33
[1] 1.791912e-19 4.741948e-27 1.403080e-18 4.307119e-33
[1] 1.820177e-19 4.394292e-27 1.342913e-18 1.578209e-49
[1] 1.693373e-19 4.933684e-27 1.376666e-18 8.377043e-50
[1] 1.782069e-19 4.612272e-27 1.377703e-18 5.576785e-64
[1] 1.793612e-19 4.753456e-27 1.408268e-18 1.790288e-47
[1] 1.781767e-19 4.611232e-27 1.375120e-18 4.307061e-33
[1] 1.806762e-19 4.392956e-27 1.336033e-18 4.257326e-33
[1] 1.785715e-19 4.612234e-27 1.372531e-18 2.693631e-32
[1] 1.725376e-19 4.477502e-27 1.307172e-18 4.314685e-33
[1] 1.803661e-19 3.794525e-27 1.217501e-18 1.155805e-48
[1] 1.791515e-19 4.708798e-27 1.400634e-18 1.270767e-48
[1] 1.849893e-19 4.066218e-27 1.284154e-18 9.702043e-32
[1] 1.782825e-19 4.587663e-27 1.372594e-18 4.303079e-33
[1] 1.798720e-19 4.362846e-27 1.326166e-18 1.302731e-53
[1] 1.805623e-19 4.382054e-27 1.331615e-18 4.269552e-33
[1] 1.725351e-19 4.578303e-27 1.324593e-18 1.297502e-66
[1] 1.794049e-19 4.723090e-27 1.404120e-18 6.729723e-67
[1] 1.786389e-19 4.666440e-27 1.392271e-18 1.245637e-48
[1] 1.759643e-19 6.997167e-45 2.352990e-19 6.482395e-30
[1] 1.766597e-19 2.609275e-27 1.071266e-18 3.443175e-62
[1] 1.794207e-19 2.804565e-27 1.124406e-18 2.319315e-33
[1] 1.715752e-19 2.916111e-27 1.112889e-18 4.328162e-50
[1] 1.682515e-19 3.270619e-27 1.176083e-18 4.412515e-33
[1] 1.772399e-19 3.006234e-27 1.176220e-18 2.346962e-46
[1] 1.776461e-19 3.023167e-27 1.182942e-18 3.398039e-37
[1] 1.775671e-19 3.001957e-27 1.165497e-18 1.839187e-62
[1] 1.795274e-19 2.802064e-27 1.126151e-18 1.864374e-47
[1] 1.775308e-19 3.007461e-27 1.173545e-18 1.927024e-47
[1] 1.782973e-19 3.084503e-27 1.198728e-18 1.218258e-63
[1] 1.792686e-19 2.760643e-27 1.113682e-18 2.610765e-32
[1] 1.772129e-19 2.974657e-27 1.163269e-18 9.862532e-49
[1] 1.836013e-19 2.643118e-27 1.107354e-18 2.297066e-33
[1] 1.773278e-19 2.978337e-27 1.165470e-18 1.920880e-47
[1] 1.791143e-19 2.828828e-27 1.129272e-18 2.285887e-33
[1] 1.790836e-19 2.850593e-27 1.135092e-18 1.903956e-47
[1] 1.807857e-19 2.478657e-27 1.048228e-18 2.375704e-33
[1] 1.772223e-19 2.973566e-27 1.158654e-18 2.770633e-32
[1] 1.784832e-19 2.830335e-27 1.129986e-18 2.664820e-32
[1] 1.782282e-19 3.001206e-27 1.157933e-18 1.800062e-49
[1] 1.770862e-19 2.961503e-27 1.169019e-18 4.283787e-33
[1] 1.794134e-19 2.769169e-27 1.115947e-18 7.178879e-32
[1] 1.780046e-19 3.016027e-27 1.184136e-18 2.822905e-62
[1] 1.699618e-19 2.840547e-27 1.096930e-18 4.293093e-33
[1] 1.792271e-19 2.726692e-27 1.109199e-18 4.261073e-33
[1] 1.776481e-19 2.954238e-27 1.167641e-18 2.801259e-32
[1] 1.816132e-19 2.829169e-27 1.141628e-18 4.296233e-33
[1] 1.830465e-19 2.630862e-27 1.100836e-18 8.428924e-49
Algorithm did not converge after  500  iterations.
[1] 1.690596e-19 1.357143e-50 1.944125e-24 1.393317e-24
[1] 1.842489e-19 2.912646e-59 3.141174e-24 1.452998e-24
[1] 1.844758e-19 6.549157e-27 1.425362e-23 1.729270e-24
[1] 1.848712e-19 1.357159e-50 2.761887e-24 1.457395e-24
[1] 1.882644e-19 1.332791e-42 4.664305e-24 1.762167e-24
[1] 1.883884e-19 1.241798e-26 1.470908e-23 1.888608e-24
Algorithm converged after  51  iterations.
[1] 1.690596e-19 1.357143e-50 1.944125e-24 1.503972e-19
[1] 1.728155e-19 7.370713e-27 2.601100e-23 1.627638e-18
[1] 1.728033e-19 6.481934e-27 2.559572e-23 1.570948e-18
Algorithm converged after  28  iterations.
[1] 1.690596e-19 1.357143e-50 1.393317e-24 1.503972e-19
Algorithm converged after  7  iterations.
numeric(0)
Algorithm converged after  1  iterations.
[1] 2.458929e-23
Algorithm converged after  2  iterations.
[1] 9.147892e-24
Algorithm converged after  2  iterations.
[1] 2.049624e-19
Algorithm converged after  2  iterations.
[1] 2.458929e-23 2.795588e-26
Algorithm converged after  2  iterations.
[1] 9.147892e-24 2.675284e-26
Algorithm converged after  2  iterations.
[1] 2.049624e-19 4.358471e-23
Algorithm converged after  2  iterations.
[1] 2.458929e-23 9.147892e-24
Algorithm converged after  2  iterations.
[1] 2.458929e-23 2.049624e-19
Algorithm converged after  2  iterations.
[1] 9.147892e-24 2.049624e-19
Algorithm converged after  2  iterations.
[1] 2.458929e-23 2.795588e-26 9.147892e-24
Algorithm converged after  2  iterations.
[1] 2.458929e-23 2.795588e-26 2.049624e-19
Algorithm converged after  2  iterations.
[1] 2.458929e-23 9.147892e-24 2.675284e-26
Algorithm converged after  2  iterations.
[1] 2.458929e-23 2.049624e-19 4.358471e-23
Algorithm converged after  2  iterations.
[1] 9.147892e-24 2.675284e-26 2.049624e-19
Algorithm converged after  2  iterations.
[1] 9.147892e-24 2.049624e-19 4.358471e-23
Algorithm converged after  2  iterations.
[1] 2.458929e-23 9.147892e-24 2.049624e-19
Algorithm converged after  2  iterations.
[1] 2.458929e-23 2.795588e-26 9.147892e-24 2.675284e-26
Algorithm converged after  2  iterations.
[1] 2.458929e-23 2.795588e-26 2.049624e-19 4.358471e-23
Algorithm converged after  2  iterations.
[1] 9.147892e-24 2.675284e-26 2.049624e-19 4.358471e-23
Algorithm converged after  2  iterations.
[1] 2.458929e-23 2.795588e-26 9.147892e-24 2.049624e-19
Algorithm converged after  2  iterations.
[1] 2.458929e-23 9.147892e-24 2.675284e-26 2.049624e-19
Algorithm converged after  2  iterations.
[1] 2.458929e-23 9.147892e-24 2.049624e-19 4.358471e-23
Algorithm converged after  2  iterations.
[1] 1.314214e-19
Algorithm converged after  2  iterations.
[1] 1.314214e-19 6.361868e-25
Algorithm converged after  5  iterations.
[1] 1.314214e-19 9.073918e-25
Algorithm converged after  6  iterations.
[1] 1.314214e-19 2.839930e-20
Algorithm converged after  6  iterations.
[1] 1.314214e-19 6.361868e-25 2.265479e-34
Algorithm converged after  5  iterations.
[1] 1.314214e-19 9.073918e-25 3.404372e-33
Algorithm converged after  6  iterations.
[1] 1.314214e-19 2.839930e-20 1.093132e-29
Algorithm converged after  5  iterations.
[1] 1.314214e-19 6.361868e-25 9.073918e-25
Algorithm converged after  6  iterations.
[1] 1.314214e-19 6.361868e-25 2.839930e-20
Algorithm converged after  6  iterations.
[1] 1.314214e-19 9.073918e-25 2.839930e-20
Algorithm converged after  7  iterations.
[1] 1.314214e-19 6.361868e-25 2.265479e-34 9.073918e-25
Algorithm converged after  6  iterations.
[1] 1.314214e-19 6.361868e-25 2.265479e-34 2.839930e-20
Algorithm converged after  6  iterations.
[1] 1.314214e-19 6.361868e-25 9.073918e-25 3.404372e-33
Algorithm converged after  7  iterations.
[1] 1.314214e-19 6.361868e-25 2.839930e-20 1.093132e-29
Algorithm converged after  6  iterations.
[1] 1.314214e-19 9.073918e-25 3.404372e-33 2.839930e-20
Algorithm converged after  7  iterations.
[1] 1.314214e-19 9.073918e-25 2.839930e-20 1.093132e-29
Algorithm converged after  7  iterations.
[1] 1.314214e-19 6.361868e-25 9.073918e-25 2.839930e-20
Algorithm converged after  7  iterations.
[1] 1.314214e-19 6.155614e-28
Algorithm converged after  2  iterations.
[1] 1.314214e-19 6.155614e-28 1.344588e-24
Algorithm converged after  9  iterations.
[1] 1.314214e-19 6.155614e-28 8.953699e-25
[1] 1.414418e-19 2.351256e-27 1.302849e-24
Algorithm converged after  12  iterations.
[1] 1.314214e-19 6.155614e-28 1.530934e-20
[1] 1.447061e-19 5.167308e-27 2.128647e-19
Algorithm converged after  15  iterations.
[1] 1.314214e-19 6.155614e-28 1.344588e-24 4.086376e-46
[1] 1.225599e-19 7.310832e-35 7.045784e-25 6.050257e-35
[1] 1.315055e-19 3.221093e-26 4.871969e-25 5.457418e-34
[1] 1.359826e-19 2.891660e-26 4.587526e-25 5.246511e-51
[1] 1.226590e-19 6.917410e-28 6.292087e-25 3.362278e-31
[1] 1.286948e-19 3.605559e-26 4.977098e-25 2.263359e-32
[1] 1.271059e-19 7.921914e-28 8.063493e-25 1.937263e-34
[1] 1.287983e-19 4.689956e-24 1.559540e-24 1.846733e-34
[1] 1.250153e-19 7.884525e-24 1.784067e-24 1.561591e-54
[1] 1.248916e-19 8.447565e-28 1.926517e-24 3.531704e-31
[1] 1.279343e-19 3.778975e-24 2.065490e-24 7.836114e-55
[1] 1.287345e-19 2.204457e-26 5.257261e-25 5.457765e-57
[1] 1.250397e-19 2.540122e-26 5.372023e-25 1.110304e-33
[1] 1.286801e-19 2.673669e-26 5.170739e-25 2.259840e-32
[1] 1.245424e-19 6.170641e-28 1.523901e-24 4.936763e-34
[1] 1.286803e-19 1.570168e-26 5.457655e-25 1.112426e-69
[1] 1.226206e-19 2.012987e-43 9.572956e-25 1.941976e-34
Algorithm converged after  167  iterations.
[1] 1.314214e-19 6.155614e-28 8.953699e-25 5.704833e-32
Algorithm converged after  7  iterations.
[1] 1.314214e-19 6.155614e-28 1.530934e-20 1.192032e-30
Algorithm converged after  9  iterations.
[1] 1.314214e-19 6.155614e-28 1.344588e-24 8.953699e-25
Algorithm converged after  6  iterations.
[1] 1.314214e-19 6.155614e-28 1.344588e-24 1.530934e-20
[1] 1.404788e-19 8.821448e-25 2.214137e-24 1.970308e-19
Algorithm converged after  18  iterations.
[1] 1.314214e-19 6.155614e-28 8.953699e-25 1.530934e-20
[1] 1.487404e-19 2.471129e-25 1.206037e-24 6.694884e-20
Algorithm converged after  11  iterations.
numeric(0)
Algorithm converged after  1  iterations.
[1] 8.104467e-23
Algorithm converged after  2  iterations.
[1] 7.276488e-24
Algorithm converged after  2  iterations.
[1] 8.671004e-19
Algorithm converged after  2  iterations.
[1] 8.104467e-23 1.430317e-25
Algorithm converged after  2  iterations.
[1] 7.276488e-24 4.979352e-26
Algorithm converged after  2  iterations.
[1] 8.671004e-19 1.520798e-23
Algorithm converged after  2  iterations.
[1] 8.104467e-23 7.276488e-24
Algorithm converged after  2  iterations.
[1] 8.104467e-23 8.671004e-19
Algorithm converged after  2  iterations.
[1] 7.276488e-24 8.671004e-19
Algorithm converged after  2  iterations.
[1] 8.104467e-23 1.430317e-25 7.276488e-24
Algorithm converged after  2  iterations.
[1] 8.104467e-23 1.430317e-25 8.671004e-19
Algorithm converged after  2  iterations.
[1] 8.104467e-23 7.276488e-24 4.979352e-26
Algorithm converged after  2  iterations.
[1] 8.104467e-23 8.671004e-19 1.520798e-23
Algorithm converged after  2  iterations.
[1] 7.276488e-24 4.979352e-26 8.671004e-19
Algorithm converged after  2  iterations.
[1] 7.276488e-24 8.671004e-19 1.520798e-23
Algorithm converged after  2  iterations.
[1] 8.104467e-23 7.276488e-24 8.671004e-19
Algorithm converged after  2  iterations.
[1] 8.104467e-23 1.430317e-25 7.276488e-24 4.979352e-26
Algorithm converged after  2  iterations.
[1] 8.104467e-23 1.430317e-25 8.671004e-19 1.520798e-23
Algorithm converged after  2  iterations.
[1] 7.276488e-24 4.979352e-26 8.671004e-19 1.520798e-23
Algorithm converged after  2  iterations.
[1] 8.104467e-23 1.430317e-25 7.276488e-24 8.671004e-19
Algorithm converged after  2  iterations.
[1] 8.104467e-23 7.276488e-24 4.979352e-26 8.671004e-19
Algorithm converged after  2  iterations.
[1] 8.104467e-23 7.276488e-24 8.671004e-19 1.520798e-23
Algorithm converged after  2  iterations.
[1] 3.432964e-17
Algorithm converged after  2  iterations.
[1] 3.432964e-17 6.179411e-24
Algorithm converged after  6  iterations.
[1] 3.432964e-17 3.273639e-24
Algorithm converged after  5  iterations.
[1] 3.432964e-17 3.326232e-23
Algorithm converged after  7  iterations.
[1] 3.432964e-17 6.179411e-24 3.793115e-35
[1] 6.251998e-17 6.650407e-24 3.697949e-35
[1] 5.702370e-17 6.567930e-24 3.732021e-35
Algorithm converged after  24  iterations.
[1] 3.432964e-17 3.273639e-24 1.099444e-33
Algorithm converged after  6  iterations.
[1] 3.432964e-17 3.326232e-23 6.329073e-30
Algorithm converged after  9  iterations.
[1] 3.432964e-17 6.179411e-24 3.273639e-24
Algorithm converged after  7  iterations.
[1] 3.432964e-17 6.179411e-24 3.326232e-23
Algorithm converged after  7  iterations.
[1] 3.432964e-17 3.273639e-24 3.326232e-23
Algorithm converged after  7  iterations.
[1] 3.432964e-17 6.179411e-24 3.793115e-35 3.273639e-24
[1] 7.634644e-17 6.848583e-24 1.387289e-41 3.541911e-24
[1] 8.197003e-17 6.923994e-24 3.569848e-35 3.571981e-24
[1] 8.183340e-17 6.922544e-24 3.569918e-35 3.571336e-24
[1] 7.630832e-17 6.849456e-24 2.983737e-31 3.541991e-24
[1] 7.691056e-17 6.857787e-24 3.659147e-35 3.545273e-24
[1] 7.818894e-17 6.874266e-24 3.668924e-35 3.551937e-24
[1] 7.616901e-17 6.847894e-24 2.983454e-31 3.541288e-24
[1] 7.364972e-17 6.813535e-24 2.977405e-31 3.527512e-24
[1] 7.621743e-17 6.848093e-24 2.974607e-31 3.541362e-24
[1] 7.365689e-17 6.814343e-24 3.665215e-35 3.527733e-24
[1] 7.652167e-17 6.853638e-24 3.589185e-35 3.543419e-24
[1] 7.652483e-17 6.853741e-24 2.984276e-31 3.543450e-24
[1] 7.631879e-17 6.851047e-24 2.187241e-43 3.542362e-24
[1] 7.741933e-17 6.865275e-24 3.668230e-35 3.548086e-24
[1] 8.191085e-17 6.926654e-24 3.649582e-35 3.572409e-24
Algorithm converged after  157  iterations.
[1] 3.432964e-17 6.179411e-24 3.793115e-35 3.326232e-23
[1] 1.142046e-16 7.321995e-24 3.581734e-35 4.029878e-23
[1] 1.138926e-16 7.318619e-24 3.655995e-35 4.027817e-23
[1] 1.142049e-16 7.322246e-24 3.581762e-35 4.030083e-23
[1] 1.138929e-16 7.318871e-24 3.655998e-35 4.028022e-23
[1] 1.142052e-16 7.322499e-24 3.581778e-35 4.030288e-23
[1] 1.138932e-16 7.319123e-24 3.656002e-35 4.028226e-23
[1] 1.142055e-16 7.322751e-24 3.581794e-35 4.030493e-23
[1] 1.138935e-16 7.319375e-24 3.656005e-35 4.028431e-23
[1] 1.142059e-16 7.323004e-24 3.581809e-35 4.030699e-23
[1] 1.138938e-16 7.319627e-24 3.656008e-35 4.028636e-23
[1] 1.142063e-16 7.323257e-24 3.581823e-35 4.030905e-23
[1] 1.138941e-16 7.319879e-24 3.656011e-35 4.028841e-23
[1] 1.142064e-16 7.323507e-24 3.581842e-35 4.031109e-23
[1] 1.138944e-16 7.320131e-24 3.656015e-35 4.029046e-23
[1] 1.142067e-16 7.323759e-24 3.581858e-35 4.031314e-23
[1] 1.138947e-16 7.320383e-24 3.656018e-35 4.029251e-23
[1] 1.142070e-16 7.324011e-24 3.581874e-35 4.031519e-23
[1] 1.138950e-16 7.320635e-24 3.656021e-35 4.029456e-23
[1] 1.142074e-16 7.324264e-24 3.581888e-35 4.031725e-23
[1] 1.138953e-16 7.320887e-24 3.656024e-35 4.029661e-23
[1] 1.142076e-16 7.324516e-24 3.581905e-35 4.031929e-23
[1] 1.083805e-16 7.256603e-24 3.023129e-31 3.989936e-23
[1] 1.142843e-16 7.325254e-24 3.650012e-35 4.032478e-23
[1] 1.046248e-16 7.212441e-24 3.017048e-31 3.962692e-23
[1] 1.138964e-16 7.321757e-24 3.656039e-35 4.030372e-23
[1] 1.046249e-16 7.212798e-24 3.017030e-31 3.962987e-23
[1] 1.083582e-16 7.257338e-24 3.413565e-34 3.990579e-23
[1] 1.046263e-16 7.213179e-24 3.017003e-31 3.963289e-23
[1] 1.141714e-16 7.325160e-24 3.650367e-35 4.032637e-23
[1] 1.142098e-16 7.326101e-24 3.581998e-35 4.033213e-23
[1] 1.138966e-16 7.322753e-24 3.655817e-35 4.031182e-23
[1] 1.142099e-16 7.326402e-24 3.582024e-35 4.033463e-23
[1] 1.097207e-16 7.273298e-24 3.021145e-31 4.000723e-23
[1] 1.138973e-16 7.323186e-24 6.164171e-62 4.031535e-23
[1] 1.084019e-16 7.259715e-24 3.917745e-43 3.992480e-23
[1] 1.083179e-16 7.258921e-24 3.022765e-31 3.992021e-23
[1] 1.092624e-16 7.268795e-24 3.018331e-31 3.998323e-23
[1] 1.138997e-16 7.324607e-24 5.559008e-34 4.032761e-23
[1] 1.105905e-16 7.285163e-24 3.022464e-31 4.008460e-23
[1] 1.083195e-16 7.259589e-24 3.022731e-31 3.992575e-23
[1] 1.138994e-16 7.325046e-24 3.584251e-35 4.033124e-23
[1] 1.042035e-16 7.211160e-24 3.015939e-31 3.962666e-23
[1] 1.108962e-16 7.289199e-24 3.021369e-31 4.011146e-23
[1] 1.139010e-16 7.325711e-24 3.032950e-31 4.033649e-23
[1] 1.142652e-16 7.329576e-24 3.650267e-35 4.036100e-23
[1] 1.139014e-16 7.326008e-24 3.032928e-31 4.033884e-23
[1] 1.084338e-16 7.260969e-24 3.017815e-31 3.993773e-23
[1] 1.083927e-16 7.261794e-24 3.022768e-31 3.994189e-23
[1] 1.139012e-16 7.326496e-24 3.583869e-35 4.034303e-23
Algorithm did not converge after  500  iterations.
[1] 3.432964e-17 6.179411e-24 3.273639e-24 1.099444e-33
Algorithm converged after  8  iterations.
[1] 3.432964e-17 6.179411e-24 3.326232e-23 6.329073e-30
[1] 1.251801e-16 7.445115e-24 4.105380e-23 3.273056e-28
Algorithm converged after  16  iterations.
[1] 3.432964e-17 3.273639e-24 1.099444e-33 3.326232e-23
[1] 9.564439e-17 3.640517e-24 8.067810e-34 3.890980e-23
[1] 9.564649e-17 3.640672e-24 8.068684e-34 3.891547e-23
[1] 9.564907e-17 3.640828e-24 8.069558e-34 3.892119e-23
[1] 9.565166e-17 3.640985e-24 8.070434e-34 3.892691e-23
[1] 9.565429e-17 3.641142e-24 8.071311e-34 3.893263e-23
[1] 9.565711e-17 3.641300e-24 8.072196e-34 3.893837e-23
[1] 9.565939e-17 3.641455e-24 8.073061e-34 3.894408e-23
[1] 9.566196e-17 3.641612e-24 8.073938e-34 3.894980e-23
[1] 9.566455e-17 3.641769e-24 8.074816e-34 3.895553e-23
[1] 9.566726e-17 3.641926e-24 8.075698e-34 3.896126e-23
[1] 9.567005e-17 3.642084e-24 8.076586e-34 3.896701e-23
[1] 9.567226e-17 3.642239e-24 8.077450e-34 3.897271e-23
[1] 8.316513e-17 3.579052e-24 8.331760e-34 3.799426e-23
[1] 9.567739e-17 3.642509e-24 8.078729e-34 3.898251e-23
[1] 8.323065e-17 3.579612e-24 7.889553e-34 3.800711e-23
Algorithm converged after  152  iterations.
[1] 3.432964e-17 3.273639e-24 3.326232e-23 6.329073e-30
[1] 1.075715e-16 3.697291e-24 3.978884e-23 3.187063e-28
[1] 1.079380e-16 3.698496e-24 3.980779e-23 3.159691e-28
Algorithm converged after  23  iterations.
[1] 3.432964e-17 6.179411e-24 3.273639e-24 3.326232e-23
Algorithm converged after  8  iterations.
[1] 3.432964e-17 1.200892e-19
Algorithm converged after  2  iterations.
[1] 3.432964e-17 1.200892e-19 6.144613e-31
Algorithm converged after  6  iterations.
[1] 3.432964e-17 1.200892e-19 1.015985e-29
Algorithm converged after  4  iterations.
[1] 3.432964e-17 1.200892e-19 3.676721e-28
Algorithm converged after  6  iterations.
[1] 3.432964e-17 1.200892e-19 6.144613e-31 1.341947e-41
Algorithm converged after  6  iterations.
[1] 3.432964e-17 1.200892e-19 1.015985e-29 3.854678e-33
[1] 1.043248e-17 1.622542e-19 9.897717e-30 3.171176e-38
[1] 3.745418e-17 1.166982e-19 1.030086e-29 2.907018e-38
[1] 3.744307e-17 1.161073e-19 1.028476e-29 1.546266e-54
[1] 3.443012e-17 1.173989e-19 1.019665e-29 7.153966e-34
[1] 3.867271e-17 1.151682e-19 1.034245e-29 3.511707e-38
[1] 3.867250e-17 1.151691e-19 1.034244e-29 3.511698e-38
[1] 3.867270e-17 1.151683e-19 1.034245e-29 3.511706e-38
[1] 3.867250e-17 1.151691e-19 1.034244e-29 3.511698e-38
[1] 3.867270e-17 1.151683e-19 1.034245e-29 3.511706e-38
[1] 3.867250e-17 1.151691e-19 1.034244e-29 3.511698e-38
[1] 3.867270e-17 1.151683e-19 1.034245e-29 3.511706e-38
[1] 3.867251e-17 1.151691e-19 1.034244e-29 3.511698e-38
[1] 3.867270e-17 1.151683e-19 1.034245e-29 3.511706e-38
[1] 3.867251e-17 1.151691e-19 1.034244e-29 3.511698e-38
[1] 3.867270e-17 1.151683e-19 1.034245e-29 3.511706e-38
[1] 3.867251e-17 1.151691e-19 1.034244e-29 3.511698e-38
[1] 3.867270e-17 1.151683e-19 1.034245e-29 3.511706e-38
[1] 3.867252e-17 1.151691e-19 1.034244e-29 3.511698e-38
[1] 3.867270e-17 1.151683e-19 1.034245e-29 3.511706e-38
[1] 3.867252e-17 1.151691e-19 1.034244e-29 3.511698e-38
[1] 3.867270e-17 1.151683e-19 1.034245e-29 3.511706e-38
[1] 3.867252e-17 1.151691e-19 1.034244e-29 3.511698e-38
[1] 3.867271e-17 1.151683e-19 1.034245e-29 3.511706e-38
[1] 3.867252e-17 1.151691e-19 1.034244e-29 3.511698e-38
[1] 3.867271e-17 1.151683e-19 1.034245e-29 3.511706e-38
[1] 3.867252e-17 1.151690e-19 1.034244e-29 3.511699e-38
[1] 3.867271e-17 1.151683e-19 1.034245e-29 3.511706e-38
[1] 3.867253e-17 1.151690e-19 1.034244e-29 3.511699e-38
[1] 3.867271e-17 1.151682e-19 1.034245e-29 3.511706e-38
[1] 3.867253e-17 1.151690e-19 1.034244e-29 3.511699e-38
[1] 3.867271e-17 1.151682e-19 1.034245e-29 3.511706e-38
[1] 3.867253e-17 1.151690e-19 1.034244e-29 3.511699e-38
[1] 3.867271e-17 1.151682e-19 1.034245e-29 3.511706e-38
[1] 3.867253e-17 1.151690e-19 1.034244e-29 3.511699e-38
[1] 3.867271e-17 1.151682e-19 1.034245e-29 3.511706e-38
[1] 3.867253e-17 1.151690e-19 1.034244e-29 3.511699e-38
[1] 3.867271e-17 1.151682e-19 1.034245e-29 3.511706e-38
[1] 3.867254e-17 1.151690e-19 1.034244e-29 3.511699e-38
[1] 3.867271e-17 1.151682e-19 1.034245e-29 3.511706e-38
[1] 3.867254e-17 1.151690e-19 1.034244e-29 3.511699e-38
[1] 3.867271e-17 1.151682e-19 1.034245e-29 3.511706e-38
[1] 3.867254e-17 1.151690e-19 1.034244e-29 3.511699e-38
[1] 3.867271e-17 1.151682e-19 1.034245e-29 3.511706e-38
[1] 3.867254e-17 1.151690e-19 1.034244e-29 3.511699e-38
[1] 3.867271e-17 1.151682e-19 1.034245e-29 3.511706e-38
[1] 3.867254e-17 1.151690e-19 1.034244e-29 3.511699e-38
[1] 3.867271e-17 1.151682e-19 1.034245e-29 3.511706e-38
[1] 3.867254e-17 1.151690e-19 1.034244e-29 3.511699e-38
[1] 3.867271e-17 1.151682e-19 1.034245e-29 3.511706e-38
Algorithm did not converge after  500  iterations.
[1] 3.432964e-17 1.200892e-19 3.676721e-28 1.281987e-29
Algorithm converged after  7  iterations.
[1] 3.432964e-17 1.200892e-19 6.144613e-31 1.015985e-29
Algorithm converged after  6  iterations.
[1] 3.432964e-17 1.200892e-19 6.144613e-31 3.676721e-28
Algorithm converged after  6  iterations.
[1] 3.432964e-17 1.200892e-19 1.015985e-29 3.676721e-28
Algorithm converged after  6  iterations.
numeric(0)
Algorithm converged after  1  iterations.
[1] 4.496815e-23
Algorithm converged after  2  iterations.
[1] 1.268276e-23
Algorithm converged after  2  iterations.
[1] 1.087279e-18
Algorithm converged after  2  iterations.
[1] 4.496815e-23 1.320703e-25
Algorithm converged after  2  iterations.
[1] 1.268276e-23 2.226231e-26
Algorithm converged after  2  iterations.
[1] 1.087279e-18 3.408685e-23
Algorithm converged after  2  iterations.
[1] 4.496815e-23 1.268276e-23
Algorithm converged after  2  iterations.
[1] 4.496815e-23 1.087279e-18
Algorithm converged after  2  iterations.
[1] 1.268276e-23 1.087279e-18
Algorithm converged after  2  iterations.
[1] 4.496815e-23 1.320703e-25 1.268276e-23
Algorithm converged after  2  iterations.
[1] 4.496815e-23 1.320703e-25 1.087279e-18
Algorithm converged after  2  iterations.
[1] 4.496815e-23 1.268276e-23 2.226231e-26
Algorithm converged after  2  iterations.
[1] 4.496815e-23 1.087279e-18 3.408685e-23
Algorithm converged after  2  iterations.
[1] 1.268276e-23 2.226231e-26 1.087279e-18
Algorithm converged after  2  iterations.
[1] 1.268276e-23 1.087279e-18 3.408685e-23
Algorithm converged after  2  iterations.
[1] 4.496815e-23 1.268276e-23 1.087279e-18
Algorithm converged after  2  iterations.
[1] 4.496815e-23 1.320703e-25 1.268276e-23 2.226231e-26
Algorithm converged after  2  iterations.
[1] 4.496815e-23 1.320703e-25 1.087279e-18 3.408685e-23
Algorithm converged after  2  iterations.
[1] 1.268276e-23 2.226231e-26 1.087279e-18 3.408685e-23
Algorithm converged after  2  iterations.
[1] 4.496815e-23 1.320703e-25 1.268276e-23 1.087279e-18
Algorithm converged after  2  iterations.
[1] 4.496815e-23 1.268276e-23 2.226231e-26 1.087279e-18
Algorithm converged after  2  iterations.
[1] 4.496815e-23 1.268276e-23 1.087279e-18 3.408685e-23
Algorithm converged after  2  iterations.
[1] 1.360827e-19
Algorithm converged after  2  iterations.
[1] 1.360827e-19 4.466552e-25
Algorithm converged after  5  iterations.
[1] 1.360827e-19 7.618014e-25
Algorithm converged after  6  iterations.
[1] 1.360827e-19 1.931516e-19
Algorithm converged after  5  iterations.
[1] 1.360827e-19 4.466552e-25 2.721691e-31
[1] 1.332912e-19 4.400186e-25 8.056277e-43
[1] 1.376599e-19 1.330601e-24 2.713312e-39
[1] 1.375976e-19 1.329784e-24 2.559321e-35
Algorithm converged after  37  iterations.
[1] 1.360827e-19 7.618014e-25 3.729006e-62
Algorithm converged after  10  iterations.
[1] 1.360827e-19 1.931516e-19 5.587520e-30
Algorithm converged after  5  iterations.
[1] 1.360827e-19 4.466552e-25 7.618014e-25
Algorithm converged after  7  iterations.
[1] 1.360827e-19 4.466552e-25 1.931516e-19
Algorithm converged after  5  iterations.
[1] 1.360827e-19 7.618014e-25 1.931516e-19
Algorithm converged after  7  iterations.
[1] 1.360827e-19 4.466552e-25 2.721691e-31 7.618014e-25
[1] 1.457407e-19 1.337072e-24 1.082557e-36 8.221948e-25
[1] 1.455687e-19 1.332314e-24 2.563983e-31 8.207471e-25
[1] 1.489937e-19 1.380184e-24 2.554249e-31 8.415995e-25
Algorithm converged after  36  iterations.
[1] 1.360827e-19 4.466552e-25 2.721691e-31 1.931516e-19
[1] 1.348945e-19 4.594677e-25 6.650637e-50 1.928924e-19
[1] 1.369200e-19 4.462825e-25 2.714231e-31 1.982820e-19
Algorithm converged after  24  iterations.
[1] 1.360827e-19 4.466552e-25 7.618014e-25 3.729006e-62
[1] 1.465376e-19 1.346673e-24 8.269912e-25 9.982379e-33
[1] 1.558541e-19 1.472302e-24 8.814703e-25 1.614449e-29
[1] 1.456260e-19 1.340690e-24 8.228503e-25 9.884056e-33
Algorithm converged after  33  iterations.
[1] 1.360827e-19 4.466552e-25 1.931516e-19 5.587520e-30
Algorithm converged after  6  iterations.
[1] 1.360827e-19 7.618014e-25 3.729006e-62 1.931516e-19
[1] 1.477758e-19 8.340167e-25 1.363587e-46 2.242805e-19
[1] 1.517218e-19 8.574447e-25 9.885941e-33 2.332053e-19
[1] 1.477302e-19 8.345462e-25 9.927487e-33 2.234866e-19
[1] 1.494744e-19 8.433560e-25 9.943590e-33 2.278426e-19
Algorithm converged after  46  iterations.
[1] 1.360827e-19 7.618014e-25 1.931516e-19 5.587520e-30
Algorithm converged after  7  iterations.
[1] 1.360827e-19 4.466552e-25 7.618014e-25 1.931516e-19
Algorithm converged after  7  iterations.
[1] 1.360827e-19 4.114067e-42
Algorithm converged after  2  iterations.
[1] 1.360827e-19 4.114067e-42 1.515916e-24
[1] 1.402647e-19 2.794173e-24 8.291868e-24
Algorithm converged after  11  iterations.
[1] 1.360827e-19 4.114067e-42 6.863474e-25
Algorithm converged after  6  iterations.
[1] 1.360827e-19 4.114067e-42 1.990734e-19
[1] 1.470531e-19 6.028703e-27 1.975416e-18
Algorithm converged after  20  iterations.
[1] 1.360827e-19 4.114067e-42 1.515916e-24 2.356540e-31
[1] 1.349982e-19 2.314392e-24 6.940485e-24 2.091952e-33
[1] 1.351734e-19 3.128342e-24 7.748621e-24 6.791859e-59
[1] 1.410474e-19 3.113381e-24 7.978248e-24 7.025534e-34
[1] 1.411727e-19 3.650687e-24 8.792566e-24 2.795793e-52
[1] 1.409840e-19 3.368644e-24 8.326975e-24 2.750025e-51
[1] 1.301325e-19 2.886538e-24 7.175194e-24 1.911637e-55
[1] 1.359032e-19 3.484790e-24 8.316458e-24 2.550159e-52
[1] 1.431884e-19 3.323051e-24 8.362132e-24 2.052415e-35
[1] 1.417163e-19 3.517614e-24 8.625013e-24 7.629296e-41
[1] 1.355111e-19 3.456025e-24 8.203309e-24 2.252132e-35
[1] 1.431578e-19 3.322416e-24 8.359651e-24 2.052504e-35
[1] 1.430591e-19 3.297403e-24 8.327021e-24 2.990246e-50
[1] 1.418718e-19 3.385857e-24 8.379845e-24 8.362125e-50
[1] 1.432300e-19 3.322457e-24 8.368838e-24 5.359773e-37
[1] 1.450280e-19 3.232862e-24 8.259712e-24 2.057170e-35
[1] 1.436316e-19 3.340397e-24 8.416867e-24 1.597602e-63
[1] 1.408325e-19 3.482583e-24 8.430876e-24 2.102323e-35
[1] 1.328507e-19 3.055146e-24 7.555079e-24 2.039519e-35
[1] 1.431931e-19 3.316853e-24 8.363152e-24 2.051553e-35
[1] 1.362984e-19 3.493628e-24 8.381681e-24 2.016443e-35
[1] 1.432357e-19 3.316894e-24 8.365605e-24 2.038980e-35
[1] 1.409378e-19 3.353153e-24 8.315678e-24 1.324391e-70
[1] 1.433507e-19 3.320787e-24 8.384826e-24 8.150953e-50
[1] 1.433275e-19 3.306910e-24 8.379021e-24 2.025876e-35
[1] 1.410608e-19 3.154661e-24 8.057131e-24 1.733506e-55
[1] 1.410920e-19 3.641624e-24 8.784162e-24 2.032139e-35
[1] 1.388380e-19 3.439152e-24 8.349852e-24 8.394484e-50
[1] 1.433216e-19 3.314290e-24 8.369127e-24 5.180779e-46
[1] 1.433367e-19 3.313084e-24 8.370948e-24 8.201654e-50
[1] 1.409822e-19 3.359551e-24 8.332906e-24 1.736355e-34
[1] 1.433366e-19 3.314865e-24 8.380959e-24 2.029099e-35
[1] 1.333362e-19 3.405018e-24 8.075583e-24 2.226142e-35
[1] 1.409221e-19 3.616956e-24 8.752504e-24 1.081355e-34
[1] 1.312580e-19 3.570402e-24 8.227128e-24 2.869493e-35
[1] 1.403401e-19 3.263243e-24 8.157090e-24 6.784142e-34
[1] 1.434785e-19 3.324390e-24 8.401766e-24 2.858198e-66
[1] 1.373378e-19 3.252039e-24 8.030202e-24 1.323703e-55
[1] 1.431647e-19 3.290490e-24 8.316915e-24 1.732059e-34
[1] 1.374444e-19 3.258033e-24 8.031478e-24 1.315114e-55
[1] 1.432184e-19 3.316752e-24 8.366356e-24 1.734463e-34
[1] 1.430911e-19 3.313053e-24 8.329127e-24 2.070575e-35
[1] 1.331722e-19 3.396348e-24 8.055014e-24 3.225411e-52
[1] 1.429356e-19 3.307244e-24 8.327104e-24 2.075092e-35
Algorithm converged after  431  iterations.
[1] 1.360827e-19 4.114067e-42 6.863474e-25 1.614424e-29
[1] 1.494948e-19 2.655925e-26 1.187991e-24 1.532873e-31
[1] 1.492461e-19 1.942857e-26 1.222169e-24 2.661025e-35
[1] 1.561581e-19 9.486077e-30 8.737739e-25 3.720405e-33
[1] 1.485505e-19 1.713378e-31 8.524476e-25 3.442359e-48
[1] 1.447753e-19 1.698386e-26 1.084900e-24 6.423595e-32
[1] 1.442401e-19 2.882919e-27 8.264280e-25 1.219951e-32
[1] 1.475266e-19 1.450447e-26 1.230673e-24 2.319561e-31
[1] 1.466364e-19 4.093338e-26 1.321791e-24 4.466559e-38
[1] 1.484525e-19 1.180013e-26 1.115345e-24 3.826978e-32
[1] 1.470962e-19 2.173480e-25 1.011178e-24 4.345576e-33
[1] 1.427845e-19 1.923710e-39 7.929647e-25 8.374415e-68
[1] 1.413462e-19 2.402644e-27 8.041732e-25 1.599116e-32
[1] 1.572707e-19 2.170034e-25 1.080798e-24 1.249984e-32
[1] 1.497810e-19 1.565681e-26 1.095154e-24 2.011536e-29
[1] 1.536183e-19 2.234994e-25 1.064168e-24 1.537250e-32
[1] 1.495755e-19 5.173351e-27 1.493846e-24 1.609437e-30
[1] 1.451716e-19 2.255506e-25 9.738570e-25 1.309914e-32
[1] 1.480167e-19 3.320700e-60 8.940696e-25 7.851617e-47
[1] 1.572640e-19 2.222812e-25 1.075745e-24 5.253933e-39
[1] 1.486642e-19 7.665614e-37 8.408425e-25 1.515400e-29
[1] 1.461590e-19 5.315916e-27 9.205574e-25 3.480335e-32
[1] 1.492533e-19 3.955656e-27 1.345811e-24 7.225433e-33
[1] 1.403730e-19 4.010945e-43 7.635473e-25 1.830372e-29
[1] 1.454584e-19 3.212910e-27 8.422127e-25 1.336690e-32
[1] 1.485652e-19 3.161539e-28 8.480211e-25 3.429082e-33
[1] 1.474115e-19 2.386823e-26 1.307101e-24 4.017721e-33
[1] 1.468367e-19 2.064046e-27 1.205547e-24 1.041391e-32
[1] 1.552513e-19 4.826555e-27 9.102396e-25 1.422055e-32
[1] 1.501450e-19 8.404308e-30 8.537618e-25 1.881723e-33
[1] 1.479098e-19 2.926031e-26 1.345270e-24 4.976205e-38
[1] 1.452584e-19 3.097316e-27 1.122897e-24 1.005162e-32
[1] 1.447270e-19 3.287027e-27 8.354421e-25 1.141284e-32
[1] 1.582403e-19 2.290915e-25 1.144124e-24 7.734493e-50
[1] 1.438062e-19 1.564895e-27 8.595372e-25 3.537516e-32
[1] 1.461456e-19 4.005109e-27 1.193944e-24 7.842404e-33
[1] 1.576166e-19 3.248632e-26 1.245223e-24 1.353671e-29
[1] 1.522985e-19 1.260367e-49 1.033217e-24 1.540811e-29
[1] 1.505564e-19 1.993429e-27 8.620113e-25 2.554484e-32
[1] 1.577833e-19 2.134322e-25 1.115597e-24 1.624458e-32
[1] 1.493372e-19 3.981705e-61 8.462249e-25 5.897078e-50
[1] 1.571783e-19 5.692096e-30 9.474707e-25 5.231026e-32
[1] 1.472285e-19 1.279630e-26 1.077017e-24 1.366993e-29
[1] 1.497482e-19 2.264789e-25 9.990121e-25 1.607887e-57
[1] 1.500440e-19 2.339493e-25 1.018109e-24 4.755061e-50
[1] 1.502588e-19 4.492915e-34 8.569661e-25 1.629196e-29
[1] 1.483713e-19 2.938933e-26 1.311373e-24 4.811107e-38
[1] 1.461846e-19 4.576929e-27 8.983225e-25 2.453133e-32
[1] 1.450103e-19 2.182637e-25 9.993574e-25 3.496467e-36
[1] 1.479586e-19 3.706132e-26 1.363198e-24 4.150473e-33
Algorithm did not converge after  500  iterations.
[1] 1.360827e-19 4.114067e-42 1.990734e-19 9.945532e-30
[1] 1.358392e-19 2.128606e-25 8.185574e-19 6.289004e-30
Algorithm converged after  12  iterations.
[1] 1.360827e-19 4.114067e-42 1.515916e-24 6.863474e-25
[1] 1.498275e-19 3.005534e-27 2.653707e-24 8.845094e-25
[1] 1.498486e-19 2.995975e-27 2.618311e-24 8.831945e-25
Algorithm converged after  21  iterations.
[1] 1.360827e-19 4.114067e-42 1.515916e-24 1.990734e-19
[1] 1.401027e-19 4.851874e-27 9.436604e-24 1.188827e-18
[1] 1.420036e-19 2.519429e-26 6.119424e-24 1.378784e-18
[1] 1.412524e-19 1.049411e-26 1.389497e-23 1.831571e-18
Algorithm converged after  33  iterations.
[1] 1.360827e-19 4.114067e-42 6.863474e-25 1.990734e-19
Algorithm converged after  8  iterations.
numeric(0)
Algorithm converged after  1  iterations.
[1] 1.102191e-22
Algorithm converged after  2  iterations.
[1] 7.690953e-24
Algorithm converged after  2  iterations.
[1] 7.620869e-19
Algorithm converged after  2  iterations.
[1] 1.102191e-22 2.316824e-25
Algorithm converged after  2  iterations.
[1] 7.690953e-24 1.007253e-25
Algorithm converged after  2  iterations.
[1] 7.620869e-19 5.300024e-23
Algorithm converged after  2  iterations.
[1] 1.102191e-22 7.690953e-24
Algorithm converged after  2  iterations.
[1] 1.102191e-22 7.620869e-19
Algorithm converged after  2  iterations.
[1] 7.690953e-24 7.620869e-19
Algorithm converged after  2  iterations.
[1] 1.102191e-22 2.316824e-25 7.690953e-24
Algorithm converged after  2  iterations.
[1] 1.102191e-22 2.316824e-25 7.620869e-19
Algorithm converged after  2  iterations.
[1] 1.102191e-22 7.690953e-24 1.007253e-25
Algorithm converged after  2  iterations.
[1] 1.102191e-22 7.620869e-19 5.300024e-23
Algorithm converged after  2  iterations.
[1] 7.690953e-24 1.007253e-25 7.620869e-19
Algorithm converged after  2  iterations.
[1] 7.690953e-24 7.620869e-19 5.300024e-23
Algorithm converged after  2  iterations.
[1] 1.102191e-22 7.690953e-24 7.620869e-19
Algorithm converged after  2  iterations.
[1] 1.102191e-22 2.316824e-25 7.690953e-24 1.007253e-25
Algorithm converged after  2  iterations.
[1] 1.102191e-22 2.316824e-25 7.620869e-19 5.300024e-23
Algorithm converged after  2  iterations.
[1] 7.690953e-24 1.007253e-25 7.620869e-19 5.300024e-23
Algorithm converged after  2  iterations.
[1] 1.102191e-22 2.316824e-25 7.690953e-24 7.620869e-19
Algorithm converged after  2  iterations.
[1] 1.102191e-22 7.690953e-24 1.007253e-25 7.620869e-19
Algorithm converged after  2  iterations.
[1] 1.102191e-22 7.690953e-24 7.620869e-19 5.300024e-23
Algorithm converged after  2  iterations.
[1] 2.546042e-19
Algorithm converged after  2  iterations.
[1] 2.546042e-19 1.367333e-24
Algorithm converged after  5  iterations.
[1] 2.546042e-19 1.056852e-24
Algorithm converged after  5  iterations.
[1] 2.546042e-19 3.311373e-20
Algorithm converged after  5  iterations.
[1] 2.546042e-19 1.367333e-24 9.605666e-32
Algorithm converged after  8  iterations.
[1] 2.546042e-19 1.056852e-24 1.852160e-31
[1] 2.726511e-19 1.116029e-24 7.095950e-36
[1] 2.642468e-19 1.089679e-24 4.848280e-52
[1] 2.707095e-19 1.110509e-24 7.760866e-38
[1] 2.713306e-19 1.111551e-24 5.976396e-33
[1] 2.685741e-19 1.103558e-24 6.671189e-49
[1] 2.639966e-19 1.088841e-24 7.568293e-38
[1] 2.708453e-19 1.110809e-24 5.958841e-33
[1] 2.713942e-19 1.111720e-24 1.818233e-31
[1] 2.725102e-19 1.115552e-24 7.760999e-38
[1] 2.700916e-19 1.108351e-24 3.368968e-36
[1] 2.810904e-19 1.141598e-24 5.961150e-33
[1] 2.727006e-19 1.116152e-24 1.316269e-35
[1] 2.653777e-19 1.093047e-24 5.983743e-33
[1] 2.641836e-19 1.089410e-24 5.988661e-33
[1] 2.691583e-19 1.103703e-24 7.573737e-38
[1] 2.640813e-19 1.088826e-24 9.299364e-36
[1] 2.707123e-19 1.110478e-24 5.947996e-33
[1] 2.639349e-19 1.088499e-24 7.568191e-38
[1] 2.707795e-19 1.110458e-24 5.967070e-33
[1] 2.638589e-19 1.088096e-24 2.524259e-55
[1] 2.713788e-19 1.111618e-24 3.345296e-36
[1] 2.726058e-19 1.115775e-24 7.760722e-38
[1] 2.640058e-19 1.088820e-24 1.021813e-32
[1] 2.705275e-19 1.108982e-24 3.376988e-36
[1] 2.689150e-19 1.102804e-24 9.547876e-36
[1] 2.580930e-19 1.068486e-24 2.235914e-54
[1] 2.712880e-19 1.111295e-24 1.025481e-32
[1] 2.721576e-19 1.114165e-24 3.319423e-36
[1] 2.713633e-19 1.111516e-24 7.760018e-38
[1] 2.700411e-19 1.108075e-24 5.962093e-33
[1] 2.713909e-19 1.111598e-24 3.349512e-36
Algorithm converged after  311  iterations.
[1] 2.546042e-19 3.311373e-20 2.460859e-28
Algorithm converged after  6  iterations.
[1] 2.546042e-19 1.367333e-24 1.056852e-24
Algorithm converged after  6  iterations.
[1] 2.546042e-19 1.367333e-24 3.311373e-20
Algorithm converged after  6  iterations.
[1] 2.546042e-19 1.056852e-24 3.311373e-20
Algorithm converged after  6  iterations.
[1] 2.546042e-19 1.367333e-24 9.605666e-32 1.056852e-24
Algorithm converged after  6  iterations.
[1] 2.546042e-19 1.367333e-24 9.605666e-32 3.311373e-20
[1] 2.463755e-19 1.281358e-24 4.006212e-35 3.068996e-20
[1] 2.465873e-19 1.276983e-24 3.988902e-35 3.083862e-20
[1] 2.465509e-19 1.282805e-24 4.096900e-35 3.075795e-20
[1] 2.465512e-19 1.282802e-24 3.878487e-48 3.075848e-20
[1] 2.463592e-19 1.280636e-24 9.617821e-32 3.070120e-20
[1] 2.467768e-19 1.285656e-24 9.606704e-32 3.082325e-20
[1] 2.469549e-19 1.284550e-24 9.660511e-32 3.091302e-20
[1] 2.463776e-19 1.280912e-24 4.098211e-35 3.071132e-20
[1] 2.465527e-19 1.282747e-24 4.004113e-35 3.076351e-20
[1] 2.467776e-19 1.285473e-24 9.607282e-32 3.083066e-20
[1] 2.463787e-19 1.280862e-24 4.005469e-35 3.071489e-20
[1] 2.465538e-19 1.282688e-24 4.096537e-35 3.076741e-20
[1] 2.465539e-19 1.282714e-24 4.003869e-35 3.076598e-20
Algorithm converged after  139  iterations.
[1] 2.546042e-19 1.367333e-24 1.056852e-24 1.852160e-31
[1] 2.772298e-19 1.649851e-24 1.130882e-24 3.122736e-36
[1] 2.771257e-19 1.647988e-24 1.130588e-24 7.762521e-38
[1] 2.685766e-19 1.544493e-24 1.103754e-24 3.360794e-36
[1] 2.726908e-19 1.594813e-24 1.116849e-24 3.238186e-36
[1] 2.758788e-19 1.631065e-24 1.126323e-24 9.773113e-36
[1] 2.729876e-19 1.598212e-24 1.117792e-24 3.228078e-36
[1] 2.745902e-19 1.618138e-24 1.122942e-24 1.443249e-35
[1] 2.757241e-19 1.628903e-24 1.125823e-24 9.774914e-36
[1] 2.754800e-19 1.629318e-24 1.125813e-24 3.147218e-36
[1] 2.772025e-19 1.648469e-24 1.130776e-24 7.762367e-38
[1] 2.685555e-19 1.543582e-24 1.103633e-24 1.370615e-38
[1] 2.771265e-19 1.647179e-24 1.130535e-24 7.562082e-38
[1] 2.639620e-19 1.483727e-24 1.087883e-24 1.019007e-32
[1] 2.758197e-19 1.629823e-24 1.126100e-24 3.166362e-36
[1] 2.731015e-19 1.599046e-24 1.118128e-24 1.820281e-31
[1] 2.859983e-19 1.757279e-24 1.158024e-24 2.354054e-50
[1] 2.689651e-19 1.544072e-24 1.104456e-24 3.278999e-35
[1] 2.758152e-19 1.629469e-24 1.126068e-24 9.764407e-36
[1] 2.744136e-19 1.615419e-24 1.122368e-24 5.947457e-33
[1] 2.757158e-19 1.628144e-24 1.125749e-24 5.955870e-33
[1] 2.730896e-19 1.598646e-24 1.118094e-24 1.440637e-35
[1] 2.757180e-19 1.627937e-24 1.125745e-24 1.819786e-31
[1] 2.698813e-19 1.558741e-24 1.107691e-24 3.319000e-36
[1] 2.687592e-19 1.543366e-24 1.104020e-24 1.432929e-35
[1] 2.767847e-19 1.641664e-24 1.129207e-24 1.317442e-38
[1] 2.744135e-19 1.614928e-24 1.122335e-24 3.176197e-36
[1] 2.757169e-19 1.627649e-24 1.125724e-24 6.373911e-48
[1] 2.687573e-19 1.543122e-24 1.104001e-24 1.432922e-35
[1] 2.744545e-19 1.615100e-24 1.122450e-24 5.948008e-33
[1] 2.745034e-19 1.615415e-24 1.122541e-24 5.947187e-33
[1] 2.754651e-19 1.627301e-24 1.125636e-24 7.762414e-38
[1] 2.772524e-19 1.647185e-24 1.130839e-24 7.562025e-38
[1] 2.745254e-19 1.615504e-24 1.122614e-24 1.443128e-35
[1] 2.755527e-19 1.627484e-24 1.125817e-24 5.951933e-33
[1] 2.769777e-19 1.643614e-24 1.129946e-24 1.332127e-35
[1] 2.770171e-19 1.643946e-24 1.130065e-24 5.947659e-33
[1] 2.683733e-19 1.537632e-24 1.102713e-24 1.432214e-35
[1] 2.687028e-19 1.543102e-24 1.103943e-24 5.974035e-33
[1] 2.688245e-19 1.543339e-24 1.104195e-24 7.566273e-38
[1] 2.776711e-19 1.648808e-24 1.131380e-24 1.537091e-39
[1] 2.685725e-19 1.541939e-24 1.103582e-24 2.769332e-39
[1] 2.729276e-19 1.595002e-24 1.117485e-24 1.440454e-35
[1] 2.771861e-19 1.645684e-24 1.130546e-24 5.947130e-33
[1] 2.751872e-19 1.622385e-24 1.124625e-24 1.817426e-31
Algorithm converged after  448  iterations.
[1] 2.546042e-19 1.367333e-24 3.311373e-20 2.460859e-28
[1] 2.825839e-19 1.709017e-24 4.253962e-20 2.540506e-28
Algorithm converged after  13  iterations.
[1] 2.546042e-19 1.056852e-24 1.852160e-31 3.311373e-20
[1] 2.783447e-19 1.134309e-24 3.113524e-36 4.093648e-20
[1] 2.694241e-19 1.106001e-24 6.003160e-33 3.802044e-20
[1] 2.755429e-19 1.125733e-24 1.026669e-32 3.997125e-20
[1] 2.739218e-19 1.120524e-24 1.329030e-35 3.944044e-20
[1] 2.768008e-19 1.129214e-24 1.390514e-38 4.049171e-20
[1] 2.779564e-19 1.133153e-24 1.449320e-35 4.084722e-20
[1] 2.754864e-19 1.125513e-24 5.464230e-52 3.997466e-20
[1] 2.713592e-19 1.111683e-24 5.999217e-33 3.871423e-20
[1] 2.693418e-19 1.105763e-24 5.665861e-35 3.798789e-20
[1] 2.695929e-19 1.106476e-24 3.353177e-36 3.811705e-20
[1] 2.741789e-19 1.120262e-24 6.373396e-48 3.972087e-20
[1] 2.778465e-19 1.132699e-24 7.761980e-38 4.084182e-20
[1] 2.695088e-19 1.106300e-24 5.660359e-35 3.804721e-20
[1] 2.781008e-19 1.133515e-24 1.815529e-31 4.088243e-20
[1] 2.707777e-19 1.110340e-24 5.985875e-33 3.851607e-20
[1] 2.767898e-19 1.129181e-24 1.027270e-32 4.048869e-20
[1] 2.754898e-19 1.125523e-24 1.445132e-35 3.997805e-20
[1] 2.827517e-19 1.147806e-24 2.551780e-36 4.254884e-20
[1] 2.781638e-19 1.133819e-24 1.815217e-31 4.092405e-20
[1] 2.779481e-19 1.133126e-24 7.429768e-61 4.084952e-20
[1] 2.696952e-19 1.106838e-24 7.758026e-38 3.813966e-20
[1] 2.708508e-19 1.110599e-24 1.436897e-35 3.851077e-20
[1] 2.764905e-19 1.128706e-24 1.283178e-38 4.029480e-20
[1] 2.827333e-19 1.148365e-24 1.006055e-35 4.244166e-20
[1] 2.782685e-19 1.132108e-24 2.379625e-39 4.129387e-20
[1] 2.766439e-19 1.128695e-24 5.973160e-33 4.045961e-20
[1] 2.708283e-19 1.110554e-24 5.986721e-33 3.844987e-20
[1] 2.695227e-19 1.106319e-24 7.758694e-38 3.807111e-20
Algorithm converged after  289  iterations.
[1] 2.546042e-19 1.056852e-24 3.311373e-20 2.460859e-28
[1] 2.945397e-19 1.186004e-24 4.662445e-20 2.569068e-28
Algorithm converged after  15  iterations.
[1] 2.546042e-19 1.367333e-24 1.056852e-24 3.311373e-20
Algorithm converged after  7  iterations.
[1] 2.546042e-19 3.020931e-41
Algorithm converged after  2  iterations.
[1] 2.546042e-19 3.020931e-41 3.906542e-25
[1] 2.464857e-19 9.260638e-23 2.663272e-24
Algorithm converged after  12  iterations.
[1] 2.546042e-19 3.020931e-41 8.614933e-25
Algorithm converged after  6  iterations.
[1] 2.546042e-19 3.020931e-41 2.076341e-20
[1] 2.845018e-19 3.512568e-24 9.768167e-19
[1] 2.716206e-19 5.018246e-27 5.937732e-19
[1] 2.749754e-19 1.251370e-26 7.778467e-19
[1] 2.744942e-19 1.183681e-26 7.890412e-19
Algorithm converged after  46  iterations.
[1] 2.546042e-19 3.020931e-41 3.906542e-25 9.439085e-32
[1] 2.509061e-19 1.471035e-24 9.348304e-24 1.332033e-36
[1] 2.599343e-19 1.761471e-24 1.037372e-23 3.011759e-37
[1] 2.563184e-19 1.707602e-24 9.764146e-24 3.020294e-37
[1] 2.563049e-19 1.706876e-24 9.756361e-24 3.020722e-37
Algorithm converged after  46  iterations.
[1] 2.546042e-19 3.020931e-41 8.614933e-25 5.959209e-33
[1] 2.685633e-19 4.515369e-27 1.304666e-24 1.594176e-31
[1] 2.754208e-19 3.286446e-27 1.318065e-24 5.806398e-34
[1] 2.890414e-19 4.486254e-27 1.357322e-24 3.352883e-50
[1] 2.694607e-19 4.174491e-27 1.283469e-24 2.239941e-50
[1] 2.692940e-19 4.180030e-27 1.285328e-24 3.854902e-49
[1] 2.688777e-19 4.037468e-27 1.281759e-24 1.706385e-31
[1] 2.713557e-19 4.923595e-28 1.256112e-24 3.512912e-33
[1] 2.690744e-19 4.102678e-27 1.283494e-24 1.673584e-31
[1] 2.690623e-19 4.109904e-27 1.283975e-24 1.673199e-31
[1] 2.690784e-19 2.275118e-41 1.117692e-24 1.323662e-35
[1] 2.598363e-19 4.545553e-27 1.242613e-24 1.501812e-34
[1] 2.603222e-19 1.046680e-31 1.166225e-24 6.966183e-35
[1] 2.702411e-19 4.080945e-27 1.252196e-24 1.427265e-33
[1] 2.728111e-19 3.712396e-27 1.336713e-24 6.238842e-35
[1] 2.718020e-19 6.930393e-40 1.083320e-24 8.208434e-38
[1] 2.729202e-19 1.721996e-38 1.124228e-24 4.656962e-61
[1] 2.722832e-19 3.706515e-27 1.304306e-24 6.714857e-35
[1] 2.697982e-19 2.252447e-41 1.118327e-24 1.919232e-31
[1] 2.682881e-19 4.121850e-27 1.289357e-24 1.722167e-31
[1] 2.709354e-19 4.369695e-27 1.311873e-24 2.802948e-50
[1] 2.755364e-19 4.087317e-27 1.313487e-24 9.462408e-34
[1] 2.594525e-19 5.309630e-27 1.280067e-24 3.709561e-34
[1] 2.692040e-19 4.329446e-27 1.291836e-24 1.592947e-31
[1] 2.595833e-19 5.317790e-27 1.281179e-24 2.333966e-34
[1] 2.601813e-19 5.097483e-27 1.271968e-24 1.796093e-34
[1] 2.597762e-19 5.095613e-27 1.271388e-24 1.286914e-34
[1] 2.789114e-19 5.085248e-42 1.093677e-24 1.145806e-35
[1] 2.690700e-19 4.060606e-27 1.280848e-24 1.683137e-31
[1] 2.691106e-19 4.066510e-27 1.281322e-24 1.681892e-31
[1] 2.690746e-19 4.074395e-27 1.281953e-24 1.682303e-31
[1] 2.691371e-19 4.080111e-27 1.281758e-24 1.676067e-31
[1] 2.600994e-19 4.987169e-27 1.267399e-24 9.608535e-35
[1] 2.709121e-19 4.393172e-28 1.225569e-24 8.063321e-38
Algorithm converged after  335  iterations.
[1] 2.546042e-19 3.020931e-41 2.076341e-20 2.223187e-28
[1] 2.929805e-19 2.276830e-25 5.144759e-19 2.968023e-28
Algorithm converged after  13  iterations.
[1] 2.546042e-19 3.020931e-41 3.906542e-25 8.614933e-25
[1] 2.805921e-19 3.016919e-51 1.487642e-24 1.156840e-24
[1] 2.755602e-19 5.027814e-27 9.733374e-24 1.356872e-24
[1] 2.807419e-19 7.127364e-27 9.511148e-24 1.424609e-24
Algorithm converged after  39  iterations.
[1] 2.546042e-19 3.020931e-41 3.906542e-25 2.076341e-20
[1] 2.716058e-19 2.335998e-24 1.509710e-23 1.225961e-18
[1] 2.715354e-19 2.329323e-24 1.503617e-23 1.220955e-18
Algorithm converged after  29  iterations.
[1] 2.546042e-19 3.020931e-41 8.614933e-25 2.076341e-20
[1] 2.758541e-19 5.241976e-31 1.120428e-24 4.698719e-20
[1] 2.819059e-19 1.344253e-28 1.184072e-24 4.589099e-20
[1] 2.755089e-19 5.875362e-26 1.069498e-24 3.035524e-19
[1] 2.825686e-19 1.213754e-40 1.198626e-24 4.508485e-20
[1] 2.771917e-19 4.287628e-26 1.098983e-24 2.760882e-19
[1] 2.822497e-19 1.397294e-28 1.187935e-24 4.513165e-20
[1] 2.822442e-19 7.809823e-40 1.115524e-24 1.397704e-19
[1] 2.755289e-19 5.859171e-26 1.069476e-24 3.037371e-19
[1] 2.818914e-19 4.778074e-51 1.157017e-24 4.288628e-20
[1] 2.817831e-19 7.756252e-44 1.272993e-24 7.143991e-20
[1] 2.756978e-19 5.686811e-26 1.071827e-24 3.018786e-19
[1] 2.754971e-19 5.888861e-26 1.068944e-24 3.039661e-19
[1] 2.834127e-19 6.150563e-38 1.319690e-24 7.951237e-20
[1] 2.798897e-19 6.998828e-29 1.127303e-24 4.199861e-20
[1] 2.780149e-19 1.714656e-28 1.117439e-24 4.234036e-20
[1] 2.799708e-19 4.140369e-26 1.082971e-24 2.816483e-19
[1] 2.820191e-19 1.187321e-40 1.196153e-24 4.423283e-20
[1] 2.823600e-19 5.920933e-26 1.097829e-24 3.033220e-19
[1] 2.758674e-19 3.596593e-41 1.136532e-24 6.097964e-20
[1] 2.758576e-19 4.999964e-26 1.079690e-24 2.940662e-19
Algorithm converged after  208  iterations.
numeric(0)
Algorithm converged after  1  iterations.
[1] 6.063694e-23
Algorithm converged after  2  iterations.
[1] 8.010872e-24
Algorithm converged after  2  iterations.
[1] 1.366263e-18
Algorithm converged after  2  iterations.
[1] 6.063694e-23 2.164883e-25
Algorithm converged after  2  iterations.
[1] 8.010872e-24 5.650463e-26
Algorithm converged after  2  iterations.
[1] 1.366263e-18 4.725096e-23
Algorithm converged after  2  iterations.
[1] 6.063694e-23 8.010872e-24
Algorithm converged after  2  iterations.
[1] 6.063694e-23 1.366263e-18
Algorithm converged after  2  iterations.
[1] 8.010872e-24 1.366263e-18
Algorithm converged after  2  iterations.
[1] 6.063694e-23 2.164883e-25 8.010872e-24
Algorithm converged after  2  iterations.
[1] 6.063694e-23 2.164883e-25 1.366263e-18
Algorithm converged after  2  iterations.
[1] 6.063694e-23 8.010872e-24 5.650463e-26
Algorithm converged after  2  iterations.
[1] 6.063694e-23 1.366263e-18 4.725096e-23
Algorithm converged after  2  iterations.
[1] 8.010872e-24 5.650463e-26 1.366263e-18
Algorithm converged after  2  iterations.
[1] 8.010872e-24 1.366263e-18 4.725096e-23
Algorithm converged after  2  iterations.
[1] 6.063694e-23 8.010872e-24 1.366263e-18
Algorithm converged after  2  iterations.
[1] 6.063694e-23 2.164883e-25 8.010872e-24 5.650463e-26
Algorithm converged after  2  iterations.
[1] 6.063694e-23 2.164883e-25 1.366263e-18 4.725096e-23
Algorithm converged after  2  iterations.
[1] 8.010872e-24 5.650463e-26 1.366263e-18 4.725096e-23
Algorithm converged after  2  iterations.
[1] 6.063694e-23 2.164883e-25 8.010872e-24 1.366263e-18
Algorithm converged after  2  iterations.
[1] 6.063694e-23 8.010872e-24 5.650463e-26 1.366263e-18
Algorithm converged after  2  iterations.
[1] 6.063694e-23 8.010872e-24 1.366263e-18 4.725096e-23
Algorithm converged after  2  iterations.
[1] 2.332953e-17
Algorithm converged after  2  iterations.
[1] 2.332953e-17 2.558736e-25
Algorithm converged after  5  iterations.
[1] 2.332953e-17 5.935122e-26
Algorithm converged after  4  iterations.
[1] 2.332953e-17 3.393794e-20
[1] 1.336566e-16 5.362594e-20
Algorithm converged after  11  iterations.
[1] 2.332953e-17 2.558736e-25 7.532533e-49
Algorithm converged after  10  iterations.
[1] 2.332953e-17 5.935122e-26 1.898005e-31
Algorithm converged after  4  iterations.
[1] 2.332953e-17 3.393794e-20 1.689490e-42
[1] 1.316093e-16 5.338783e-20 1.429400e-29
Algorithm converged after  11  iterations.
[1] 2.332953e-17 2.558736e-25 5.935122e-26
Algorithm converged after  5  iterations.
[1] 2.332953e-17 2.558736e-25 3.393794e-20
[1] 1.533463e-16 2.882757e-25 5.659528e-20
Algorithm converged after  11  iterations.
[1] 2.332953e-17 5.935122e-26 3.393794e-20
[1] 1.301122e-16 5.846418e-26 5.323649e-20
Algorithm converged after  11  iterations.
[1] 2.332953e-17 2.558736e-25 7.532533e-49 5.935122e-26
[1] 3.097024e-17 2.589711e-25 9.660341e-35 5.925213e-26
[1] 3.097216e-17 2.589760e-25 9.662376e-35 5.925226e-26
[1] 2.602822e-17 2.570675e-25 9.350449e-35 5.931628e-26
[1] 2.867887e-17 2.580895e-25 9.333051e-35 5.928173e-26
[1] 2.528110e-17 2.567504e-25 2.621101e-31 5.932693e-26
[1] 3.241330e-17 2.595180e-25 1.189215e-34 5.923538e-26
[1] 2.604112e-17 2.570903e-25 9.350924e-35 5.931687e-26
[1] 3.433660e-17 2.602148e-25 1.208006e-34 5.921305e-26
[1] 2.584831e-17 2.570137e-25 1.122234e-34 5.931986e-26
[1] 3.433921e-17 2.602249e-25 1.208200e-34 5.921341e-26
[1] 3.237757e-17 2.595284e-25 9.959204e-51 5.923702e-26
Algorithm converged after  119  iterations.
[1] 2.332953e-17 2.558736e-25 7.532533e-49 3.393794e-20
[1] 1.452912e-16 2.868552e-25 1.215078e-34 5.550490e-20
[1] 1.650786e-16 2.903979e-25 2.513418e-31 5.820239e-20
[1] 1.488447e-16 2.875083e-25 4.349416e-51 5.600408e-20
[1] 1.663191e-16 2.906053e-25 2.513138e-31 5.837321e-20
[1] 1.655515e-16 2.904832e-25 2.512801e-31 5.827860e-20
[1] 1.488943e-16 2.875206e-25 4.507319e-44 5.602391e-20
[1] 1.475162e-16 2.872724e-25 2.485438e-35 5.583822e-20
[1] 1.453304e-16 2.868734e-25 1.213713e-34 5.554044e-20
[1] 1.518119e-16 2.880218e-25 2.383487e-43 5.642891e-20
[1] 1.488269e-16 2.875138e-25 4.507529e-44 5.603204e-20
[1] 1.623671e-16 2.899372e-25 2.517500e-31 5.788203e-20
[1] 1.616211e-16 2.897165e-25 2.141788e-34 5.776479e-20
[1] 1.655014e-16 2.904954e-25 2.512975e-31 5.832177e-20
[1] 1.512176e-16 2.879495e-25 1.089269e-51 5.638796e-20
[1] 1.657654e-16 2.905446e-25 2.512685e-31 5.836765e-20
[1] 1.611686e-16 2.897346e-25 2.520068e-31 5.775408e-20
[1] 1.474888e-16 2.872905e-25 2.537139e-31 5.589143e-20
[1] 1.486111e-16 2.874918e-25 1.851170e-34 5.604911e-20
[1] 1.622726e-16 2.899391e-25 2.517158e-31 5.791523e-20
[1] 1.528990e-16 2.882400e-25 2.287736e-65 5.663532e-20
[1] 1.487867e-16 2.875321e-25 6.653602e-46 5.608895e-20
[1] 1.475716e-16 2.872951e-25 1.214819e-34 5.592643e-20
[1] 1.486734e-16 2.875187e-25 2.078618e-34 5.608785e-20
[1] 1.556738e-16 2.887735e-25 1.227717e-34 5.705041e-20
[1] 1.453119e-16 2.869080e-25 1.210607e-34 5.563144e-20
[1] 1.486655e-16 2.875210e-25 8.885405e-49 5.609856e-20
[1] 1.488224e-16 2.875516e-25 1.216918e-34 5.612734e-20
[1] 1.488222e-16 2.875518e-25 2.484749e-35 5.613061e-20
[1] 1.650136e-16 2.904383e-25 2.514382e-31 5.833948e-20
[1] 1.488991e-16 2.875640e-25 1.213795e-34 5.615166e-20
[1] 1.601038e-16 2.895821e-25 2.518648e-31 5.768913e-20
[1] 1.609402e-16 2.897217e-25 2.519976e-31 5.780428e-20
[1] 1.648517e-16 2.904193e-25 2.513700e-31 5.833841e-20
[1] 1.474332e-16 2.873089e-25 2.537265e-31 5.596638e-20
[1] 1.532447e-16 2.883643e-25 4.475675e-44 5.677085e-20
[1] 1.648562e-16 2.904106e-25 2.515149e-31 5.834656e-20
[1] 1.473751e-16 2.873007e-25 2.066643e-34 5.596910e-20
[1] 1.473710e-16 2.873000e-25 2.066720e-34 5.597024e-20
[1] 1.473696e-16 2.872998e-25 2.066611e-34 5.597178e-20
[1] 1.473688e-16 2.872998e-25 2.066500e-34 5.597340e-20
[1] 1.473677e-16 2.872997e-25 2.066388e-34 5.597498e-20
[1] 1.473666e-16 2.872997e-25 2.066278e-34 5.597656e-20
[1] 1.516783e-16 2.880511e-25 1.209183e-34 5.656494e-20
[1] 1.588702e-16 2.893725e-25 2.520022e-31 5.755976e-20
[1] 1.582914e-16 2.892202e-25 5.050598e-43 5.747176e-20
[1] 1.656273e-16 2.905603e-25 2.512943e-31 5.848050e-20
[1] 1.606365e-16 2.896502e-25 2.533020e-31 5.780454e-20
[1] 1.588510e-16 2.893770e-25 2.520023e-31 5.757861e-20
[1] 1.656102e-16 2.905619e-25 2.513199e-31 5.849336e-20
Algorithm did not converge after  500  iterations.
[1] 2.332953e-17 2.558736e-25 5.935122e-26 1.898005e-31
Algorithm converged after  5  iterations.
[1] 2.332953e-17 2.558736e-25 3.393794e-20 1.689490e-42
[1] 1.495855e-16 2.876358e-25 5.612930e-20 1.453256e-29
Algorithm converged after  11  iterations.
[1] 2.332953e-17 5.935122e-26 1.898005e-31 3.393794e-20
[1] 1.271648e-16 5.848312e-26 1.298307e-33 5.282072e-20
[1] 1.272105e-16 5.848340e-26 1.310281e-29 5.283073e-20
Algorithm converged after  21  iterations.
[1] 2.332953e-17 5.935122e-26 3.393794e-20 1.689490e-42
[1] 1.275597e-16 5.847826e-26 5.291874e-20 1.439506e-29
Algorithm converged after  11  iterations.
[1] 2.332953e-17 2.558736e-25 5.935122e-26 3.393794e-20
[1] 1.496656e-16 2.876217e-25 5.835617e-26 5.609381e-20
Algorithm converged after  11  iterations.
[1] 2.332953e-17 3.191192e-19
Algorithm converged after  2  iterations.
[1] 2.332953e-17 3.191192e-19 2.518433e-31
Algorithm converged after  5  iterations.
[1] 2.332953e-17 3.191192e-19 9.576801e-30
Algorithm converged after  4  iterations.
[1] 2.332953e-17 3.191192e-19 1.511482e-29
[1] 2.115896e-19 6.950264e-27 2.272915e-18
[1] 2.113306e-19 6.924735e-27 2.242817e-18
Algorithm converged after  23  iterations.
[1] 2.332953e-17 3.191192e-19 2.518433e-31 5.223584e-34
[1] 2.046285e-19 3.844694e-27 2.519768e-23 2.439857e-31
Algorithm converged after  16  iterations.
[1] 2.332953e-17 3.191192e-19 9.576801e-30 2.504264e-33
[1] 2.023423e-19 4.777041e-28 1.493832e-24 8.951465e-33
[1] 2.087438e-19 4.588527e-28 1.533172e-24 8.738510e-33
[1] 2.070692e-19 5.488316e-28 1.542144e-24 4.216103e-31
Algorithm converged after  39  iterations.
[1] 2.332953e-17 3.191192e-19 1.511482e-29 7.731353e-31
[1] 2.055940e-19 5.921753e-27 2.043838e-18 2.761769e-62
[1] 2.047849e-19 5.850690e-27 2.003401e-18 1.071401e-37
[1] 2.115862e-19 6.308451e-27 2.148421e-18 6.684570e-55
[1] 2.079576e-19 6.302041e-27 2.122580e-18 2.167947e-30
[1] 2.105304e-19 6.246125e-27 2.125129e-18 2.148262e-30
[1] 2.093885e-19 6.272480e-27 2.126702e-18 3.993638e-36
[1] 2.105146e-19 6.259107e-27 2.129223e-18 6.625738e-43
[1] 2.139229e-19 6.518406e-27 2.229771e-18 1.778887e-42
[1] 2.097218e-19 6.060347e-27 2.091746e-18 5.946754e-38
[1] 2.087010e-19 6.204511e-27 2.085040e-18 7.736526e-40
[1] 2.047978e-19 5.832620e-27 2.005938e-18 1.071499e-51
[1] 2.089672e-19 6.394274e-27 2.143173e-18 9.436878e-39
[1] 2.093709e-19 6.260696e-27 2.115263e-18 3.977455e-36
[1] 2.049474e-19 5.832325e-27 2.015796e-18 6.535599e-43
[1] 2.090897e-19 6.229653e-27 2.113911e-18 1.686751e-51
[1] 2.109671e-19 6.197928e-27 2.098104e-18 1.008155e-37
[1] 2.137880e-19 6.452107e-27 2.201735e-18 4.360165e-36
[1] 2.127123e-19 5.925065e-27 2.008922e-18 2.894713e-30
[1] 2.045942e-19 5.641305e-27 1.968455e-18 6.292085e-30
[1] 2.119148e-19 5.955415e-27 2.073175e-18 1.829568e-42
[1] 2.105931e-19 6.027835e-27 2.103486e-18 2.119629e-30
[1] 2.095963e-19 6.081544e-27 2.094500e-18 2.203064e-30
[1] 2.101208e-19 6.156011e-27 2.138141e-18 3.707446e-36
[1] 2.143408e-19 6.317348e-27 2.185735e-18 3.589050e-40
[1] 2.117082e-19 5.907688e-27 2.068102e-18 6.651719e-43
[1] 2.135925e-19 6.229755e-27 2.167854e-18 2.166282e-30
[1] 2.097480e-19 5.823632e-27 2.044879e-18 2.159423e-30
[1] 2.105581e-19 6.027448e-27 2.092662e-18 3.146867e-41
[1] 2.092140e-19 6.009889e-27 2.090747e-18 2.135908e-30
[1] 2.046468e-19 5.590754e-27 1.969429e-18 7.833258e-40
[1] 2.132566e-19 6.105720e-27 2.117641e-18 2.418358e-30
[1] 2.000678e-19 3.695287e-27 1.839684e-18 1.586355e-32
[1] 2.093115e-19 3.731680e-27 1.736249e-18 1.943073e-30
[1] 2.092011e-19 3.715524e-27 1.735963e-18 1.930372e-30
[1] 2.031827e-19 3.471513e-27 1.634549e-18 4.237298e-56
[1] 2.034792e-19 3.477759e-27 1.628204e-18 7.341336e-40
[1] 2.036250e-19 3.492120e-27 1.619480e-18 1.361638e-56
[1] 2.035973e-19 3.481820e-27 1.636559e-18 4.973408e-38
[1] 2.113935e-19 3.634236e-27 1.690254e-18 2.258569e-30
[1] 2.043267e-19 3.473488e-27 1.596145e-18 1.531823e-51
[1] 2.027105e-19 3.954134e-27 1.738114e-18 2.129534e-30
[1] 2.122827e-19 3.838325e-27 1.789051e-18 1.929780e-30
[1] 2.034145e-19 3.444504e-27 1.582445e-18 6.670625e-43
[1] 2.085888e-19 3.696721e-27 1.704033e-18 4.042747e-30
[1] 2.080281e-19 3.657084e-27 1.711369e-18 1.963291e-30
[1] 2.035365e-19 3.455734e-27 1.633132e-18 4.133159e-30
[1] 2.063126e-19 3.702141e-27 1.706201e-18 3.519555e-40
[1] 2.123817e-19 3.835221e-27 1.796864e-18 9.942629e-38
[1] 2.032193e-19 3.446013e-27 1.612659e-18 2.250781e-52
Algorithm did not converge after  500  iterations.
[1] 2.332953e-17 3.191192e-19 2.518433e-31 9.576801e-30
Algorithm converged after  5  iterations.
[1] 2.332953e-17 3.191192e-19 2.518433e-31 1.511482e-29
[1] 2.084249e-19 1.033975e-28 1.367573e-23 2.933167e-19
[1] 2.084149e-19 1.033820e-28 1.367580e-23 2.928149e-19
Algorithm converged after  21  iterations.
[1] 2.332953e-17 3.191192e-19 9.576801e-30 1.511482e-29
[1] 2.191217e-19 1.229826e-27 1.072393e-24 1.060048e-18
Algorithm converged after  16  iterations.
numeric(0)
Algorithm converged after  1  iterations.
[1] 1.610804e-23
Algorithm converged after  2  iterations.
[1] 1.103089e-23
Algorithm converged after  2  iterations.
[1] 1.513104e-18
Algorithm converged after  2  iterations.
[1] 1.610804e-23 3.986926e-26
Algorithm converged after  2  iterations.
[1] 1.103089e-23 1.338351e-26
Algorithm converged after  2  iterations.
[1] 1.513104e-18 5.389351e-23
Algorithm converged after  2  iterations.
[1] 1.610804e-23 1.103089e-23
Algorithm converged after  2  iterations.
[1] 1.610804e-23 1.513104e-18
Algorithm converged after  2  iterations.
[1] 1.103089e-23 1.513104e-18
Algorithm converged after  2  iterations.
[1] 1.610804e-23 3.986926e-26 1.103089e-23
Algorithm converged after  2  iterations.
[1] 1.610804e-23 3.986926e-26 1.513104e-18
Algorithm converged after  2  iterations.
[1] 1.610804e-23 1.103089e-23 1.338351e-26
Algorithm converged after  2  iterations.
[1] 1.610804e-23 1.513104e-18 5.389351e-23
Algorithm converged after  2  iterations.
[1] 1.103089e-23 1.338351e-26 1.513104e-18
Algorithm converged after  2  iterations.
[1] 1.103089e-23 1.513104e-18 5.389351e-23
Algorithm converged after  2  iterations.
[1] 1.610804e-23 1.103089e-23 1.513104e-18
Algorithm converged after  2  iterations.
[1] 1.610804e-23 3.986926e-26 1.103089e-23 1.338351e-26
Algorithm converged after  2  iterations.
[1] 1.610804e-23 3.986926e-26 1.513104e-18 5.389351e-23
Algorithm converged after  2  iterations.
[1] 1.103089e-23 1.338351e-26 1.513104e-18 5.389351e-23
Algorithm converged after  2  iterations.
[1] 1.610804e-23 3.986926e-26 1.103089e-23 1.513104e-18
Algorithm converged after  2  iterations.
[1] 1.610804e-23 1.103089e-23 1.338351e-26 1.513104e-18
Algorithm converged after  2  iterations.
[1] 1.610804e-23 1.103089e-23 1.513104e-18 5.389351e-23
Algorithm converged after  2  iterations.
[1] 1.607284e-17
Algorithm converged after  2  iterations.
[1] 1.607284e-17 3.993228e-26
Algorithm converged after  4  iterations.
[1] 1.607284e-17 1.491150e-26
Algorithm converged after  4  iterations.
[1] 1.607284e-17 5.330728e-20
[1] 9.551242e-17 8.579611e-20
Algorithm converged after  11  iterations.
[1] 1.607284e-17 3.993228e-26 7.351700e-34
[1] 1.985367e-17 4.005710e-26 7.678275e-34
Algorithm converged after  14  iterations.
[1] 1.607284e-17 1.491150e-26 2.347043e-31
Algorithm converged after  5  iterations.
[1] 1.607284e-17 5.330728e-20 1.091425e-29
[1] 8.877290e-17 8.357633e-20 1.168472e-29
Algorithm converged after  15  iterations.
[1] 1.607284e-17 3.993228e-26 1.491150e-26
Algorithm converged after  4  iterations.
[1] 1.607284e-17 3.993228e-26 5.330728e-20
[1] 1.004959e-16 4.159343e-26 8.783527e-20
Algorithm converged after  11  iterations.
[1] 1.607284e-17 1.491150e-26 5.330728e-20
[1] 8.994962e-17 1.441617e-26 8.425722e-20
Algorithm converged after  11  iterations.
[1] 1.607284e-17 3.993228e-26 7.351700e-34 1.491150e-26
Algorithm converged after  5  iterations.
[1] 1.607284e-17 3.993228e-26 7.351700e-34 5.330728e-20
[1] 1.071670e-16 4.169408e-26 7.010882e-34 8.998919e-20
Algorithm converged after  11  iterations.
[1] 1.607284e-17 3.993228e-26 1.491150e-26 2.347043e-31
Algorithm converged after  5  iterations.
[1] 1.607284e-17 3.993228e-26 5.330728e-20 1.091425e-29
[1] 9.470893e-17 4.151687e-26 8.592339e-20 1.187295e-28
[1] 9.218654e-17 4.148155e-26 8.511916e-20 1.155205e-29
[1] 9.402710e-17 4.150743e-26 8.571570e-20 3.126396e-29
Algorithm converged after  40  iterations.
[1] 1.607284e-17 1.491150e-26 2.347043e-31 5.330728e-20
[1] 9.188781e-17 1.440782e-26 3.451691e-31 8.491106e-20
Algorithm converged after  11  iterations.
[1] 1.607284e-17 1.491150e-26 5.330728e-20 1.091425e-29
[1] 8.654131e-17 1.442873e-26 8.320976e-20 1.052027e-29
Algorithm converged after  11  iterations.
[1] 1.607284e-17 3.993228e-26 1.491150e-26 5.330728e-20
[1] 9.479959e-17 4.151171e-26 1.439102e-26 8.600747e-20
Algorithm converged after  11  iterations.
[1] 1.607284e-17 2.621634e-19
Algorithm converged after  2  iterations.
[1] 1.607284e-17 2.621634e-19 1.236118e-31
Algorithm converged after  5  iterations.
[1] 1.607284e-17 2.621634e-19 9.843495e-30
Algorithm converged after  4  iterations.
[1] 1.607284e-17 2.621634e-19 1.311735e-28
[1] 1.770342e-19 1.062281e-26 3.206681e-18
[1] 1.770384e-19 1.062360e-26 3.207496e-18
Algorithm converged after  22  iterations.
[1] 1.607284e-17 2.621634e-19 1.236118e-31 1.061582e-33
[1] 1.648364e-19 3.018726e-27 6.117240e-24 1.502284e-31
[1] 1.714059e-19 2.671374e-27 6.131309e-24 2.978742e-51
[1] 1.647259e-19 3.084976e-27 6.082415e-24 1.491894e-31
Algorithm converged after  39  iterations.
[1] 1.607284e-17 2.621634e-19 9.843495e-30 2.133305e-33
[1] 1.673082e-19 2.568902e-26 1.757907e-24 6.878362e-34
[1] 1.740632e-19 2.171587e-26 1.797759e-24 9.831025e-31
[1] 1.694845e-19 3.816026e-28 1.891301e-24 5.351193e-37
[1] 1.737376e-19 3.765669e-28 1.942934e-24 2.226373e-39
[1] 1.776147e-19 5.965863e-43 2.040926e-24 8.548685e-34
[1] 1.721132e-19 1.016171e-26 2.099488e-24 2.952364e-34
[1] 1.716433e-19 1.976360e-31 1.779227e-24 1.951151e-33
[1] 1.799686e-19 6.475872e-32 3.324969e-24 7.364322e-34
[1] 1.710411e-19 8.663124e-27 2.022464e-24 3.072254e-34
[1] 1.735735e-19 8.475263e-27 2.078423e-24 2.832084e-34
[1] 1.753414e-19 8.515379e-27 2.117566e-24 6.742890e-40
[1] 1.760184e-19 9.298729e-26 1.877957e-24 7.436192e-34
[1] 1.786185e-19 2.772962e-28 1.974079e-24 4.016960e-34
[1] 1.787464e-19 1.113418e-52 2.084305e-24 4.876625e-52
[1] 1.777122e-19 1.506126e-33 1.813127e-24 5.199413e-33
[1] 1.723451e-19 3.689387e-28 1.924520e-24 5.806717e-34
[1] 1.604349e-19 2.313715e-27 1.820262e-24 1.798576e-33
[1] 1.613482e-19 9.922206e-26 1.751895e-24 2.718763e-63
[1] 1.616138e-19 4.676096e-27 1.826893e-24 1.219092e-33
[1] 1.773412e-19 1.254364e-28 1.786721e-24 1.701815e-33
[1] 1.710298e-19 5.273512e-28 1.826819e-24 9.035244e-46
[1] 1.738816e-19 1.328316e-28 1.857284e-24 7.057324e-32
[1] 1.692845e-19 3.654457e-28 1.876028e-24 1.200217e-31
[1] 1.776376e-19 7.267985e-57 2.097103e-24 6.116668e-33
[1] 1.799263e-19 9.278421e-26 1.993106e-24 4.000698e-34
[1] 1.752783e-19 1.233407e-26 2.186054e-24 2.710659e-34
[1] 1.738957e-19 3.657386e-28 1.944327e-24 6.077559e-49
[1] 1.730465e-19 4.655990e-32 1.779333e-24 1.888957e-33
[1] 1.754922e-19 9.416250e-27 2.080401e-24 5.773643e-34
[1] 1.796035e-19 4.298722e-31 1.793586e-24 5.061235e-33
[1] 1.601191e-19 7.239390e-27 1.890700e-24 5.900200e-33
[1] 1.655605e-19 2.820326e-26 1.755782e-24 1.370830e-33
[1] 1.605998e-19 2.005733e-27 1.776940e-24 5.534608e-33
[1] 1.727805e-19 1.031233e-26 2.106244e-24 1.001658e-48
[1] 1.637920e-19 3.674675e-27 1.829555e-24 4.230814e-34
[1] 1.771590e-19 9.567976e-27 2.149186e-24 2.846620e-34
[1] 1.765851e-19 1.019300e-26 2.157289e-24 2.833506e-34
[1] 1.731761e-19 2.266132e-31 1.791241e-24 3.555691e-33
[1] 1.739007e-19 2.591195e-28 1.869998e-24 4.991907e-33
[1] 1.646538e-19 5.453056e-28 1.854498e-24 4.648860e-69
[1] 1.767550e-19 4.130136e-61 1.821659e-24 3.837580e-34
[1] 1.649931e-19 1.341872e-47 2.316978e-24 4.395620e-33
[1] 1.773979e-19 1.140751e-28 1.794542e-24 1.717080e-33
[1] 1.767688e-19 3.398489e-43 1.924879e-24 3.887247e-34
[1] 1.739324e-19 2.731185e-27 1.910196e-24 1.601189e-33
[1] 1.653985e-19 9.634910e-27 2.001477e-24 2.911443e-34
[1] 1.779410e-19 4.791101e-28 1.962745e-24 5.201782e-34
[1] 1.754495e-19 9.877578e-44 1.890843e-24 4.360855e-34
[1] 1.777591e-19 6.355584e-43 2.037098e-24 6.038901e-33
Algorithm did not converge after  500  iterations.
[1] 1.607284e-17 2.621634e-19 1.311735e-28 1.205870e-29
[1] 1.660701e-19 6.923766e-27 2.742073e-18 2.625803e-33
[1] 1.726984e-19 6.858363e-27 2.776069e-18 5.670620e-33
Algorithm converged after  23  iterations.
[1] 1.607284e-17 2.621634e-19 1.236118e-31 9.843495e-30
Algorithm converged after  6  iterations.
[1] 1.607284e-17 2.621634e-19 1.236118e-31 1.311735e-28
[1] 1.726541e-19 4.508035e-28 4.118598e-24 1.954017e-19
Algorithm converged after  13  iterations.
[1] 1.607284e-17 2.621634e-19 9.843495e-30 1.311735e-28
Algorithm converged after  9  iterations.
numeric(0)
Algorithm converged after  1  iterations.
[1] 5.085899e-23
Algorithm converged after  2  iterations.
[1] 5.223103e-24
Algorithm converged after  2  iterations.
[1] 8.463834e-19
Algorithm converged after  2  iterations.
[1] 5.085899e-23 2.343074e-25
Algorithm converged after  2  iterations.
[1] 5.223103e-24 6.264816e-26
Algorithm converged after  2  iterations.
[1] 8.463834e-19 4.166626e-23
Algorithm converged after  2  iterations.
[1] 5.085899e-23 5.223103e-24
Algorithm converged after  2  iterations.
[1] 5.085899e-23 8.463834e-19
Algorithm converged after  2  iterations.
[1] 5.223103e-24 8.463834e-19
Algorithm converged after  2  iterations.
[1] 5.085899e-23 2.343074e-25 5.223103e-24
Algorithm converged after  2  iterations.
[1] 5.085899e-23 2.343074e-25 8.463834e-19
Algorithm converged after  2  iterations.
[1] 5.085899e-23 5.223103e-24 6.264816e-26
Algorithm converged after  2  iterations.
[1] 5.085899e-23 8.463834e-19 4.166626e-23
Algorithm converged after  2  iterations.
[1] 5.223103e-24 6.264816e-26 8.463834e-19
Algorithm converged after  2  iterations.
[1] 5.223103e-24 8.463834e-19 4.166626e-23
Algorithm converged after  2  iterations.
[1] 5.085899e-23 5.223103e-24 8.463834e-19
Algorithm converged after  2  iterations.
[1] 5.085899e-23 2.343074e-25 5.223103e-24 6.264816e-26
Algorithm converged after  2  iterations.
[1] 5.085899e-23 2.343074e-25 8.463834e-19 4.166626e-23
Algorithm converged after  2  iterations.
[1] 5.223103e-24 6.264816e-26 8.463834e-19 4.166626e-23
Algorithm converged after  2  iterations.
[1] 5.085899e-23 2.343074e-25 5.223103e-24 8.463834e-19
Algorithm converged after  2  iterations.
[1] 5.085899e-23 5.223103e-24 6.264816e-26 8.463834e-19
Algorithm converged after  2  iterations.
[1] 5.085899e-23 5.223103e-24 8.463834e-19 4.166626e-23
Algorithm converged after  2  iterations.
[1] 4.197177e-33
Algorithm converged after  2  iterations.
[1] 4.197177e-33 4.446720e-23
Algorithm converged after  6  iterations.
[1] 4.197177e-33 4.721045e-24
Algorithm converged after  5  iterations.
[1] 4.197177e-33 7.358261e-19
Algorithm converged after  7  iterations.
[1] 4.197177e-33 4.446720e-23 2.122787e-25
Algorithm converged after  6  iterations.
[1] 4.197177e-33 4.721045e-24 5.840327e-26
Algorithm converged after  6  iterations.
[1] 4.197177e-33 7.358261e-19 3.837124e-23
Algorithm converged after  5  iterations.
[1] 4.197177e-33 4.446720e-23 4.721045e-24
Algorithm converged after  8  iterations.
[1] 4.197177e-33 4.446720e-23 7.358261e-19
Algorithm converged after  6  iterations.
[1] 4.197177e-33 4.721045e-24 7.358261e-19
Algorithm converged after  7  iterations.
[1] 4.197177e-33 4.446720e-23 2.122787e-25 4.721045e-24
[1] 3.735909e-28 5.420050e-23 2.384599e-25 5.909717e-24
Algorithm converged after  16  iterations.
[1] 4.197177e-33 4.446720e-23 2.122787e-25 7.358261e-19
Algorithm converged after  6  iterations.
[1] 4.197177e-33 4.446720e-23 4.721045e-24 5.840327e-26
Algorithm converged after  6  iterations.
[1] 4.197177e-33 4.446720e-23 7.358261e-19 3.837124e-23
Algorithm converged after  7  iterations.
[1] 4.197177e-33 4.721045e-24 5.840327e-26 7.358261e-19
Algorithm converged after  8  iterations.
[1] 4.197177e-33 4.721045e-24 7.358261e-19 3.837124e-23
[1] 1.065188e-27 7.071099e-24 1.009762e-18 4.194638e-23
Algorithm converged after  11  iterations.
[1] 4.197177e-33 4.446720e-23 4.721045e-24 7.358261e-19
Algorithm converged after  6  iterations.
[1] 4.197177e-33 4.005792e-30
Algorithm converged after  2  iterations.
[1] 4.197177e-33 4.005792e-30 4.161852e-23
[1] 3.367018e-18 5.402226e-28 8.095920e-23
Algorithm converged after  14  iterations.
[1] 4.197177e-33 4.005792e-30 5.350484e-24
[1] 1.456166e-17 2.896092e-26 7.095910e-24
[1] 1.465578e-17 1.804946e-42 6.835744e-24
[1] 1.467714e-17 1.177013e-27 7.824652e-24
Algorithm converged after  34  iterations.
[1] 4.197177e-33 4.005792e-30 6.702703e-19
[1] 8.494543e-19 1.012088e-41 3.870427e-18
[1] 8.503672e-19 9.499045e-26 3.663308e-18
[1] 8.502303e-19 8.017800e-28 4.148930e-18
[1] 8.491606e-19 8.096892e-28 4.105314e-18
Algorithm converged after  46  iterations.
[1] 4.197177e-33 4.005792e-30 4.161852e-23 1.729254e-25
[1] 2.826622e-26 5.397362e-28 5.172322e-23 2.352967e-25
Algorithm converged after  15  iterations.
[1] 4.197177e-33 4.005792e-30 5.350484e-24 5.747913e-26
Algorithm converged after  7  iterations.
[1] 4.197177e-33 4.005792e-30 6.702703e-19 2.611841e-23
Algorithm converged after  9  iterations.
[1] 4.197177e-33 4.005792e-30 4.161852e-23 5.350484e-24
Algorithm converged after  10  iterations.
[1] 4.197177e-33 4.005792e-30 4.161852e-23 6.702703e-19
[1] 2.522244e-25 8.287852e-28 5.956962e-23 1.242728e-18
Algorithm converged after  12  iterations.
[1] 4.197177e-33 4.005792e-30 5.350484e-24 6.702703e-19
Algorithm converged after  8  iterations.
numeric(0)
Algorithm converged after  1  iterations.
[1] 6.65774e-23
Algorithm converged after  2  iterations.
[1] 1.451458e-23
Algorithm converged after  2  iterations.
[1] 4.212246e-23
Algorithm converged after  2  iterations.
[1] 6.65774e-23 1.21711e-25
Algorithm converged after  2  iterations.
[1] 1.451458e-23 7.576874e-26
Algorithm converged after  2  iterations.
[1] 4.212246e-23 4.180936e-30
Algorithm converged after  2  iterations.
[1] 6.657740e-23 1.451458e-23
Algorithm converged after  2  iterations.
[1] 6.657740e-23 4.212246e-23
Algorithm converged after  2  iterations.
[1] 1.451458e-23 4.212246e-23
Algorithm converged after  2  iterations.
[1] 6.657740e-23 1.217110e-25 1.451458e-23
Algorithm converged after  2  iterations.
[1] 6.657740e-23 1.217110e-25 4.212246e-23
Algorithm converged after  2  iterations.
[1] 6.657740e-23 1.451458e-23 7.576874e-26
Algorithm converged after  2  iterations.
[1] 6.657740e-23 4.212246e-23 4.180936e-30
Algorithm converged after  2  iterations.
[1] 1.451458e-23 7.576874e-26 4.212246e-23
Algorithm converged after  2  iterations.
[1] 1.451458e-23 4.212246e-23 4.180936e-30
Algorithm converged after  2  iterations.
[1] 6.657740e-23 1.451458e-23 4.212246e-23
Algorithm converged after  2  iterations.
[1] 6.657740e-23 1.217110e-25 1.451458e-23 7.576874e-26
Algorithm converged after  2  iterations.
[1] 6.657740e-23 1.217110e-25 4.212246e-23 4.180936e-30
Algorithm converged after  2  iterations.
[1] 1.451458e-23 7.576874e-26 4.212246e-23 4.180936e-30
Algorithm converged after  2  iterations.
[1] 6.657740e-23 1.217110e-25 1.451458e-23 4.212246e-23
Algorithm converged after  2  iterations.
[1] 6.657740e-23 1.451458e-23 7.576874e-26 4.212246e-23
Algorithm converged after  2  iterations.
[1] 6.657740e-23 1.451458e-23 4.212246e-23 4.180936e-30
Algorithm converged after  2  iterations.
[1] 5.150682e-17
Algorithm converged after  2  iterations.
[1] 5.150682e-17 1.274023e-25
Algorithm converged after  4  iterations.
[1] 5.150682e-17 9.016259e-26
Algorithm converged after  4  iterations.
[1] 5.150682e-17 2.118667e-21
Algorithm converged after  9  iterations.
[1] 5.150682e-17 1.274023e-25 2.010784e-64
[1] 6.153013e-17 1.278879e-25 9.110773e-35
Algorithm converged after  14  iterations.
[1] 5.150682e-17 9.016259e-26 9.453354e-32
Algorithm converged after  5  iterations.
[1] 5.150682e-17 2.118667e-21 5.848770e-30
Algorithm converged after  9  iterations.
[1] 5.150682e-17 1.274023e-25 9.016259e-26
Algorithm converged after  4  iterations.
[1] 5.150682e-17 1.274023e-25 2.118667e-21
Algorithm converged after  10  iterations.
[1] 5.150682e-17 9.016259e-26 2.118667e-21
Algorithm converged after  9  iterations.
[1] 5.150682e-17 1.274023e-25 2.010784e-64 9.016259e-26
[1] 4.910315e-17 1.272964e-25 6.961724e-47 9.023496e-26
[1] 4.089262e-17 1.268815e-25 1.428216e-33 9.048727e-26
[1] 5.052458e-17 1.273635e-25 2.731188e-31 9.020018e-26
[1] 4.863331e-17 1.272716e-25 2.730229e-31 9.025749e-26
[1] 4.072140e-17 1.268699e-25 1.427816e-33 9.050302e-26
[1] 4.072460e-17 1.268701e-25 1.427637e-33 9.050589e-26
[1] 5.051099e-17 1.273627e-25 1.435516e-33 9.021174e-26
[1] 4.778141e-17 1.272274e-25 3.333267e-35 9.029511e-26
[1] 4.990760e-17 1.273351e-25 1.666674e-36 9.023401e-26
[1] 4.060751e-17 1.268612e-25 1.427876e-33 9.052124e-26
[1] 4.083830e-17 1.268784e-25 1.426638e-33 9.051618e-26
[1] 4.145534e-17 1.269008e-25 1.409125e-33 9.050010e-26
[1] 5.968299e-17 1.277938e-25 1.721131e-36 8.997422e-26
[1] 5.065989e-17 1.273732e-25 2.185992e-35 9.022699e-26
[1] 4.885745e-17 1.272626e-25 1.402399e-33 9.028389e-26
[1] 4.066500e-17 1.268657e-25 1.426685e-33 9.053692e-26
[1] 5.167687e-17 1.274281e-25 2.674340e-31 9.020508e-26
[1] 4.071609e-17 1.268674e-25 1.427137e-33 9.054100e-26
[1] 4.071805e-17 1.268691e-25 1.426185e-33 9.054523e-26
[1] 4.067278e-17 1.268660e-25 1.426184e-33 9.054859e-26
[1] 4.962159e-17 1.273193e-25 1.668880e-35 9.027864e-26
[1] 4.963882e-17 1.273285e-25 2.678110e-31 9.027973e-26
[1] 4.859088e-17 1.272755e-25 8.169837e-48 9.031334e-26
[1] 4.075910e-17 1.268716e-25 1.425468e-33 9.055689e-26
[1] 4.994258e-17 1.273373e-25 1.445638e-33 9.028085e-26
[1] 4.859535e-17 1.272692e-25 1.536429e-36 9.032258e-26
[1] 4.076476e-17 1.268719e-25 1.425016e-33 9.056733e-26
[1] 4.076787e-17 1.268720e-25 1.424813e-33 9.057208e-26
[1] 4.077097e-17 1.268721e-25 1.424610e-33 9.057684e-26
[1] 4.077400e-17 1.268723e-25 1.424409e-33 9.058159e-26
[1] 4.077713e-17 1.268724e-25 1.424205e-33 9.058634e-26
[1] 4.078021e-17 1.268725e-25 1.424003e-33 9.059108e-26
[1] 4.078328e-17 1.268727e-25 1.423801e-33 9.059582e-26
[1] 4.078635e-17 1.268728e-25 1.423599e-33 9.060056e-26
[1] 4.078940e-17 1.268729e-25 1.423397e-33 9.060530e-26
[1] 4.079244e-17 1.268731e-25 1.423197e-33 9.061003e-26
[1] 4.079551e-17 1.268732e-25 1.422995e-33 9.061476e-26
[1] 4.079855e-17 1.268733e-25 1.422794e-33 9.061948e-26
[1] 4.080158e-17 1.268735e-25 1.422594e-33 9.062421e-26
[1] 4.080461e-17 1.268736e-25 1.422393e-33 9.062893e-26
[1] 4.080763e-17 1.268737e-25 1.422193e-33 9.063364e-26
[1] 4.081065e-17 1.268739e-25 1.421993e-33 9.063836e-26
[1] 4.081367e-17 1.268740e-25 1.421793e-33 9.064307e-26
[1] 4.081668e-17 1.268741e-25 1.421593e-33 9.064778e-26
[1] 4.081969e-17 1.268743e-25 1.421394e-33 9.065248e-26
[1] 4.082270e-17 1.268744e-25 1.421194e-33 9.065718e-26
[1] 4.082569e-17 1.268745e-25 1.420995e-33 9.066188e-26
[1] 4.082868e-17 1.268747e-25 1.420796e-33 9.066658e-26
[1] 4.083167e-17 1.268748e-25 1.420598e-33 9.067127e-26
Algorithm did not converge after  500  iterations.
[1] 5.150682e-17 1.274023e-25 2.010784e-64 2.118667e-21
[1] 1.778140e-16 1.317875e-25 9.513478e-34 3.014413e-21
Algorithm converged after  11  iterations.
[1] 5.150682e-17 1.274023e-25 9.016259e-26 9.453354e-32
Algorithm converged after  5  iterations.
[1] 5.150682e-17 1.274023e-25 2.118667e-21 5.848770e-30
Algorithm converged after  10  iterations.
[1] 5.150682e-17 9.016259e-26 9.453354e-32 2.118667e-21
Algorithm converged after  10  iterations.
[1] 5.150682e-17 9.016259e-26 2.118667e-21 5.848770e-30
Algorithm converged after  9  iterations.
[1] 5.150682e-17 1.274023e-25 9.016259e-26 2.118667e-21
Algorithm converged after  10  iterations.
[1] 5.150682e-17 1.536560e-19
Algorithm converged after  2  iterations.
[1] 5.150682e-17 1.536560e-19 2.676482e-31
Algorithm converged after  5  iterations.
[1] 5.150682e-17 1.536560e-19 5.276282e-30
Algorithm converged after  4  iterations.
[1] 5.150682e-17 1.536560e-19 4.713208e-28
Algorithm converged after  5  iterations.
[1] 5.150682e-17 1.536560e-19 2.676482e-31 1.887470e-34
Algorithm converged after  6  iterations.
[1] 5.150682e-17 1.536560e-19 5.276282e-30 1.865164e-33
Algorithm converged after  7  iterations.
[1] 5.150682e-17 1.536560e-19 4.713208e-28 5.446641e-30
Algorithm converged after  6  iterations.
[1] 5.150682e-17 1.536560e-19 2.676482e-31 5.276282e-30
Algorithm converged after  5  iterations.
[1] 5.150682e-17 1.536560e-19 2.676482e-31 4.713208e-28
Algorithm converged after  5  iterations.
[1] 5.150682e-17 1.536560e-19 5.276282e-30 4.713208e-28
Algorithm converged after  6  iterations.
Warning messages:
1: In max(abs(CT), na.rm = T) :
  no non-missing arguments to max; returning -Inf
2: In max(abs(CT), na.rm = T) :
  no non-missing arguments to max; returning -Inf
3: In max(abs(CT), na.rm = T) :
  no non-missing arguments to max; returning -Inf
4: In max(abs(CT), na.rm = T) :
  no non-missing arguments to max; returning -Inf
5: In max(abs(CT), na.rm = T) :
  no non-missing arguments to max; returning -Inf
6: In max(abs(CT), na.rm = T) :
  no non-missing arguments to max; returning -Inf
7: In max(abs(CT), na.rm = T) :
  no non-missing arguments to max; returning -Inf
8: In max(abs(CT), na.rm = T) :
  no non-missing arguments to max; returning -Inf
9: In max(abs(CT), na.rm = T) :
  no non-missing arguments to max; returning -Inf
10: In max(abs(CT), na.rm = T) :
  no non-missing arguments to max; returning -Inf
[1] "Best iter parameter is:"
   gam  rankJ rankA1 rankA2 rankA3 
     9      2      0      0      1 
[1] 1.527353e-19 4.434336e-28 2.911952e-20
[1] 1.483213e-19 4.161987e-24 1.055386e-19
Algorithm converged after  18  iterations.
         [,1]     [,2]     [,3]
[1,] 6.111328 8.437413 41.06483
