myseed=1394 

Attaching package: ‘pls’

The following object is masked from ‘package:stats’:

    loadings

Loading required package: lattice
Loading required package: ggplot2
Registered S3 methods overwritten by 'ggplot2':
  method         from 
  [.quosures     rlang
  c.quosures     rlang
  print.quosures rlang

Attaching package: ‘caret’

The following object is masked from ‘package:pls’:

    R2

Loading required package: Matrix
Loading required package: foreach
Loaded glmnet 2.0-18

Parsed with column specification:
cols(
  .default = col_double()
)
See spec(...) for full column specifications.
Parsed with column specification:
cols(
  X1 = col_double()
)
Parsed with column specification:
cols(
  X1 = col_double()
)
numeric(0)
Algorithm converged after  1  iterations.
[1] 2.04876e-24
Algorithm converged after  2  iterations.
[1] 6.872117e-26
Algorithm converged after  2  iterations.
[1] 1.168328e-18
Algorithm converged after  2  iterations.
[1] 2.048760e-24 3.330644e-27
Algorithm converged after  2  iterations.
[1] 6.872117e-26 2.219187e-37
Algorithm converged after  2  iterations.
[1] 1.168328e-18 4.116300e-23
Algorithm converged after  2  iterations.
[1] 2.048760e-24 6.872117e-26
Algorithm converged after  2  iterations.
[1] 2.048760e-24 1.168328e-18
Algorithm converged after  2  iterations.
[1] 6.872117e-26 1.168328e-18
Algorithm converged after  2  iterations.
[1] 2.048760e-24 3.330644e-27 6.872117e-26
Algorithm converged after  2  iterations.
[1] 2.048760e-24 3.330644e-27 1.168328e-18
Algorithm converged after  2  iterations.
[1] 2.048760e-24 6.872117e-26 2.219187e-37
Algorithm converged after  2  iterations.
[1] 2.048760e-24 1.168328e-18 4.116300e-23
Algorithm converged after  2  iterations.
[1] 6.872117e-26 2.219187e-37 1.168328e-18
Algorithm converged after  2  iterations.
[1] 6.872117e-26 1.168328e-18 4.116300e-23
Algorithm converged after  2  iterations.
[1] 2.048760e-24 6.872117e-26 1.168328e-18
Algorithm converged after  2  iterations.
[1] 2.048760e-24 3.330644e-27 6.872117e-26 2.219187e-37
Algorithm converged after  2  iterations.
[1] 2.048760e-24 3.330644e-27 1.168328e-18 4.116300e-23
Algorithm converged after  2  iterations.
[1] 6.872117e-26 2.219187e-37 1.168328e-18 4.116300e-23
Algorithm converged after  2  iterations.
[1] 2.048760e-24 3.330644e-27 6.872117e-26 1.168328e-18
Algorithm converged after  2  iterations.
[1] 2.048760e-24 6.872117e-26 2.219187e-37 1.168328e-18
Algorithm converged after  2  iterations.
[1] 2.048760e-24 6.872117e-26 1.168328e-18 4.116300e-23
Algorithm converged after  2  iterations.
[1] 1.262905e-16
Algorithm converged after  2  iterations.
[1] 1.262905e-16 6.351881e-25
Algorithm converged after  6  iterations.
[1] 1.262905e-16 1.350116e-24
Algorithm converged after  5  iterations.
[1] 1.262905e-16 1.828770e-22
Algorithm converged after  9  iterations.
[1] 1.262905e-16 6.351881e-25 5.891462e-34
Algorithm converged after  6  iterations.
[1] 1.262905e-16 1.350116e-24 1.615097e-35
Algorithm converged after  6  iterations.
[1] 1.262905e-16 1.828770e-22 1.499346e-30
Algorithm converged after  10  iterations.
[1] 1.262905e-16 6.351881e-25 1.350116e-24
Algorithm converged after  6  iterations.
[1] 1.262905e-16 6.351881e-25 1.828770e-22
Algorithm converged after  8  iterations.
[1] 1.262905e-16 1.350116e-24 1.828770e-22
Algorithm converged after  8  iterations.
[1] 1.262905e-16 6.351881e-25 5.891462e-34 1.350116e-24
[1] 2.378709e-16 6.884864e-25 1.981571e-31 1.427987e-24
[1] 2.736907e-16 7.033196e-25 5.515444e-35 1.449390e-24
[1] 2.009132e-16 6.728648e-25 5.538677e-34 1.404998e-24
[1] 2.378549e-16 6.890528e-25 1.981994e-31 1.428523e-24
[1] 2.736489e-16 7.038919e-25 5.512172e-35 1.449926e-24
[1] 2.008977e-16 6.734139e-25 5.527465e-34 1.405518e-24
[1] 2.378391e-16 6.896193e-25 1.982417e-31 1.429059e-24
[1] 2.377361e-16 6.897388e-25 1.982553e-31 1.429151e-24
[1] 2.377974e-16 6.899569e-25 1.982726e-31 1.429370e-24
[1] 2.377967e-16 6.901390e-25 5.349553e-34 1.429541e-24
[1] 1.993720e-16 6.735980e-25 5.513768e-34 1.405347e-24
[1] 2.389414e-16 6.909215e-25 1.982670e-31 1.430521e-24
[1] 2.389366e-16 6.910784e-25 1.982788e-31 1.430669e-24
[1] 2.389317e-16 6.912353e-25 1.982906e-31 1.430817e-24
[1] 2.378032e-16 6.909491e-25 5.324573e-34 1.430311e-24
[1] 2.735357e-16 7.057228e-25 5.500583e-35 1.451639e-24
[1] 2.735019e-16 7.058961e-25 5.500696e-35 1.451798e-24
[1] 2.377415e-16 6.913670e-25 6.969875e-35 1.430697e-24
[1] 2.425006e-16 6.934040e-25 1.982927e-31 1.433623e-24
[1] 2.424890e-16 6.935236e-25 1.983051e-31 1.433734e-24
[1] 2.423454e-16 6.935736e-25 1.983976e-31 1.433752e-24
[1] 2.377232e-16 6.918061e-25 1.172719e-35 1.431113e-24
[1] 2.162981e-16 6.827822e-25 5.347631e-34 1.417901e-24
[1] 2.376899e-16 6.920282e-25 1.167229e-35 1.431317e-24
Algorithm converged after  247  iterations.
[1] 1.262905e-16 6.351881e-25 5.891462e-34 1.828770e-22
[1] 7.681478e-16 8.589942e-25 5.646124e-35 2.515999e-22
[1] 7.681505e-16 8.590112e-25 5.645998e-35 2.516121e-22
[1] 7.681541e-16 8.590286e-25 5.645944e-35 2.516244e-22
[1] 7.681577e-16 8.590459e-25 5.645891e-35 2.516366e-22
[1] 7.681612e-16 8.590633e-25 5.645837e-35 2.516489e-22
[1] 7.681648e-16 8.590807e-25 5.645784e-35 2.516612e-22
[1] 7.681683e-16 8.590981e-25 5.645730e-35 2.516734e-22
[1] 7.681719e-16 8.591154e-25 5.645676e-35 2.516857e-22
[1] 7.681755e-16 8.591328e-25 5.645623e-35 2.516980e-22
[1] 7.681790e-16 8.591502e-25 5.645569e-35 2.517103e-22
[1] 7.681826e-16 8.591675e-25 5.645516e-35 2.517225e-22
[1] 7.681861e-16 8.591849e-25 5.645462e-35 2.517348e-22
[1] 7.681897e-16 8.592023e-25 5.645409e-35 2.517471e-22
[1] 7.681933e-16 8.592197e-25 5.645355e-35 2.517594e-22
[1] 7.681968e-16 8.592370e-25 5.645302e-35 2.517716e-22
[1] 7.682004e-16 8.592544e-25 5.645248e-35 2.517839e-22
[1] 7.682039e-16 8.592718e-25 5.645195e-35 2.517962e-22
[1] 7.682075e-16 8.592891e-25 5.645141e-35 2.518085e-22
[1] 7.682110e-16 8.593065e-25 5.645088e-35 2.518207e-22
[1] 7.682146e-16 8.593239e-25 5.645034e-35 2.518330e-22
[1] 7.682182e-16 8.593412e-25 5.644981e-35 2.518453e-22
[1] 7.682217e-16 8.593586e-25 5.644927e-35 2.518576e-22
[1] 7.682253e-16 8.593760e-25 5.644873e-35 2.518699e-22
[1] 7.682288e-16 8.593933e-25 5.644820e-35 2.518821e-22
[1] 7.682324e-16 8.594107e-25 5.644766e-35 2.518944e-22
[1] 7.682359e-16 8.594281e-25 5.644713e-35 2.519067e-22
[1] 7.682395e-16 8.594454e-25 5.644659e-35 2.519190e-22
[1] 7.682430e-16 8.594628e-25 5.644606e-35 2.519312e-22
[1] 7.682466e-16 8.594801e-25 5.644552e-35 2.519435e-22
[1] 7.682501e-16 8.594975e-25 5.644499e-35 2.519558e-22
[1] 7.682537e-16 8.595149e-25 5.644445e-35 2.519681e-22
[1] 7.682573e-16 8.595322e-25 5.644392e-35 2.519804e-22
[1] 7.682608e-16 8.595496e-25 5.644338e-35 2.519926e-22
[1] 7.682644e-16 8.595670e-25 5.644285e-35 2.520049e-22
[1] 7.682679e-16 8.595843e-25 5.644231e-35 2.520172e-22
[1] 7.682715e-16 8.596017e-25 5.644178e-35 2.520295e-22
[1] 7.682750e-16 8.596190e-25 5.644124e-35 2.520418e-22
[1] 7.682786e-16 8.596364e-25 5.644071e-35 2.520540e-22
[1] 7.682821e-16 8.596538e-25 5.644017e-35 2.520663e-22
[1] 7.682857e-16 8.596711e-25 5.643964e-35 2.520786e-22
[1] 7.682892e-16 8.596885e-25 5.643910e-35 2.520909e-22
[1] 7.682928e-16 8.597058e-25 5.643857e-35 2.521032e-22
[1] 7.682963e-16 8.597232e-25 5.643803e-35 2.521154e-22
[1] 7.682999e-16 8.597405e-25 5.643750e-35 2.521277e-22
[1] 7.683034e-16 8.597579e-25 5.643696e-35 2.521400e-22
[1] 7.683070e-16 8.597753e-25 5.643643e-35 2.521523e-22
[1] 7.683105e-16 8.597926e-25 5.643589e-35 2.521646e-22
[1] 7.683140e-16 8.598100e-25 5.643536e-35 2.521769e-22
[1] 7.683176e-16 8.598273e-25 5.643482e-35 2.521891e-22
Algorithm did not converge after  500  iterations.
[1] 1.262905e-16 6.351881e-25 1.350116e-24 1.615097e-35
[1] 2.468178e-16 6.921111e-25 1.433377e-24 1.982799e-34
[1] 2.562415e-16 6.959808e-25 1.438985e-24 1.342739e-37
[1] 2.209674e-16 6.812525e-25 1.417553e-24 1.493762e-37
[1] 2.264596e-16 6.836177e-25 1.420996e-24 1.496792e-37
[1] 2.334066e-16 6.865738e-25 1.425296e-24 1.694418e-71
[1] 2.332803e-16 6.865609e-25 1.425272e-24 1.326433e-37
[1] 2.420898e-16 6.901891e-25 1.430452e-24 1.528510e-37
[1] 2.485740e-16 6.929592e-25 1.434461e-24 2.201508e-35
[1] 2.572270e-16 6.966124e-25 1.439777e-24 1.345924e-37
[1] 2.570355e-16 6.965518e-25 1.439694e-24 1.342281e-37
[1] 2.289139e-16 6.848866e-25 1.422733e-24 1.333059e-37
[1] 2.336504e-16 6.868956e-25 1.425640e-24 1.862025e-34
[1] 2.452409e-16 6.916781e-25 1.432534e-24 1.362621e-37
[1] 2.289586e-16 6.849622e-25 1.422814e-24 1.054898e-49
[1] 2.287817e-16 6.849422e-25 1.422770e-24 3.551178e-35
[1] 2.161444e-16 6.795972e-25 1.414872e-24 1.330502e-37
[1] 2.335045e-16 6.871111e-25 1.425813e-24 1.504585e-37
[1] 2.474039e-16 6.929212e-25 1.434252e-24 1.340124e-37
[1] 2.263078e-16 6.841017e-25 1.421416e-24 1.483247e-35
[1] 2.289591e-16 6.852664e-25 1.423090e-24 1.503873e-37
[1] 2.289095e-16 6.852489e-25 1.423065e-24 1.055418e-49
[1] 2.288317e-16 6.852392e-25 1.423044e-24 1.510105e-33
Algorithm converged after  226  iterations.
[1] 1.262905e-16 6.351881e-25 1.828770e-22 1.499346e-30
[1] 7.211857e-16 8.463207e-25 2.478000e-22 1.088793e-29
[1] 6.871154e-16 8.369359e-25 2.449871e-22 4.929256e-48
[1] 7.424483e-16 8.520792e-25 2.496242e-22 1.651571e-30
[1] 7.380495e-16 8.508846e-25 2.492746e-22 1.600901e-59
[1] 7.442250e-16 8.525773e-25 2.498243e-22 1.649399e-30
[1] 7.178414e-16 8.454709e-25 2.476926e-22 1.351872e-28
[1] 7.305891e-16 8.492940e-25 2.492281e-22 2.552068e-34
[1] 8.844853e-16 8.891039e-25 2.615082e-22 1.652134e-30
[1] 7.825400e-16 8.634621e-25 2.536774e-22 1.062301e-29
[1] 7.600134e-16 8.573410e-25 2.518281e-22 5.278154e-32
[1] 7.887564e-16 8.652148e-25 2.542456e-22 1.417502e-28
[1] 8.102247e-16 8.705308e-25 2.558950e-22 1.656149e-30
[1] 7.503897e-16 8.549669e-25 2.511418e-22 1.651912e-30
[1] 7.125789e-16 8.446207e-25 2.480057e-22 1.336792e-28
[1] 7.429516e-16 8.529276e-25 2.505637e-22 1.651039e-30
[1] 7.267141e-16 8.484890e-25 2.492317e-22 2.524913e-34
[1] 7.457625e-16 8.538486e-25 2.508791e-22 1.651801e-30
[1] 7.799766e-16 8.629177e-25 2.536825e-22 1.058186e-29
[1] 7.376428e-16 8.517389e-25 2.502590e-22 1.653852e-30
[1] 7.862692e-16 8.645325e-25 2.542033e-22 1.051784e-29
[1] 7.329141e-16 8.503527e-25 2.498818e-22 2.562270e-34
[1] 7.170691e-16 8.462688e-25 2.486374e-22 2.758476e-50
[1] 7.464200e-16 8.541757e-25 2.510830e-22 2.182209e-33
[1] 7.441537e-16 8.536377e-25 2.509341e-22 1.658625e-30
[1] 8.034732e-16 8.691519e-25 2.557074e-22 1.657812e-30
[1] 7.329260e-16 8.504541e-25 2.499871e-22 5.371378e-50
[1] 7.801007e-16 8.628971e-25 2.538201e-22 2.189466e-33
[1] 6.952316e-16 8.402915e-25 2.469118e-22 1.535663e-62
[1] 7.225095e-16 8.478490e-25 2.492503e-22 1.654249e-30
[1] 7.153785e-16 8.459615e-25 2.486959e-22 1.354639e-28
[1] 7.448148e-16 8.537753e-25 2.511227e-22 1.380792e-56
[1] 7.460600e-16 8.542525e-25 2.512739e-22 1.652400e-30
[1] 7.325357e-16 8.505386e-25 2.501635e-22 5.426728e-50
[1] 7.230111e-16 8.481614e-25 2.494328e-22 2.201939e-33
[1] 7.150762e-16 8.457341e-25 2.487143e-22 2.358403e-34
[1] 6.889200e-16 8.387074e-25 2.465556e-22 2.061443e-34
[1] 7.398229e-16 8.527008e-25 2.508541e-22 1.654687e-30
[1] 7.187208e-16 8.470249e-25 2.491557e-22 1.653521e-30
[1] 7.117786e-16 8.450132e-25 2.485501e-22 3.431352e-37
[1] 6.968599e-16 8.409684e-25 2.473109e-22 5.127512e-32
[1] 7.738091e-16 8.618194e-25 2.537330e-22 6.959145e-41
[1] 7.337878e-16 8.510217e-25 2.504447e-22 1.650171e-30
[1] 7.822557e-16 8.641080e-25 2.544759e-22 1.401644e-28
[1] 6.906457e-16 8.393222e-25 2.468752e-22 2.062491e-34
[1] 7.869803e-16 8.652213e-25 2.548506e-22 1.049386e-29
[1] 7.108538e-16 8.448965e-25 2.486293e-22 5.150218e-32
[1] 7.181265e-16 8.470933e-25 2.493330e-22 1.654022e-30
[1] 7.156155e-16 8.462511e-25 2.490930e-22 5.165158e-32
[1] 7.429997e-16 8.537922e-25 2.514153e-22 1.371083e-28
Algorithm did not converge after  500  iterations.
[1] 1.262905e-16 1.350116e-24 1.615097e-35 1.828770e-22
Algorithm converged after  9  iterations.
[1] 1.262905e-16 1.350116e-24 1.828770e-22 1.499346e-30
[1] 8.112878e-16 1.686512e-24 2.549461e-22 1.570917e-31
[1] 8.114035e-16 1.686542e-24 2.549528e-22 1.557929e-31
[1] 8.081572e-16 1.685367e-24 2.546995e-22 1.556949e-31
[1] 8.048108e-16 1.684120e-24 2.544324e-22 1.426865e-31
[1] 8.008441e-16 1.682600e-24 2.541060e-22 1.513605e-31
[1] 7.995123e-16 1.682088e-24 2.539983e-22 1.364147e-31
[1] 7.976502e-16 1.681394e-24 2.538484e-22 1.354257e-31
Algorithm converged after  74  iterations.
[1] 1.262905e-16 6.351881e-25 1.350116e-24 1.828770e-22
Algorithm converged after  9  iterations.
[1] 1.262905e-16 7.547879e-20
Algorithm converged after  2  iterations.
[1] 1.262905e-16 7.547879e-20 2.501334e-31
Algorithm converged after  5  iterations.
[1] 1.262905e-16 7.547879e-20 1.107391e-31
Algorithm converged after  4  iterations.
[1] 1.262905e-16 7.547879e-20 1.545921e-28
Algorithm converged after  6  iterations.
[1] 1.262905e-16 7.547879e-20 2.501334e-31 5.464601e-33
Algorithm converged after  7  iterations.
[1] 1.262905e-16 7.547879e-20 1.107391e-31 1.580069e-35
[1] 7.044561e-20 4.056421e-30 4.684969e-24 4.420400e-37
[1] 7.161207e-20 2.309994e-43 5.356446e-24 4.790461e-37
[1] 7.365874e-20 8.709498e-44 5.195480e-24 5.139634e-37
[1] 7.201810e-20 1.255444e-44 4.757349e-24 5.271096e-37
[1] 6.825897e-20 6.285485e-54 4.620181e-24 4.968218e-37
[1] 7.596483e-20 7.473180e-38 4.668242e-24 4.715260e-37
[1] 7.333267e-20 1.099934e-25 4.875528e-24 5.571908e-37
[1] 7.196177e-20 1.370885e-25 4.839346e-24 2.067818e-37
[1] 6.947181e-20 4.724473e-30 4.639556e-24 4.982849e-37
Algorithm converged after  95  iterations.
[1] 1.262905e-16 7.547879e-20 1.545921e-28 2.470375e-33
[1] 1.692218e-16 7.542512e-20 1.686159e-28 1.115821e-53
[1] 2.492558e-16 7.477769e-20 1.892354e-28 2.676800e-33
[1] 1.604490e-16 7.599878e-20 1.665584e-28 5.472033e-41
[1] 1.794699e-16 7.584212e-20 1.722421e-28 3.414530e-30
[1] 2.483562e-16 7.473172e-20 1.895174e-28 1.288954e-33
[1] 2.281223e-16 7.075875e-20 1.814635e-28 6.105133e-72
[1] 1.558464e-16 7.407738e-20 1.643169e-28 3.465331e-30
[1] 2.281398e-16 7.075420e-20 1.815322e-28 5.304699e-51
[1] 2.272490e-16 7.077338e-20 1.813717e-28 1.066591e-41
[1] 1.820418e-16 7.590677e-20 1.731836e-28 2.438573e-33
[1] 2.307441e-16 7.068749e-20 1.823015e-28 3.288677e-31
[1] 2.255907e-16 7.070549e-20 1.809332e-28 1.064038e-41
[1] 1.962616e-16 7.497036e-20 1.763985e-28 4.376978e-69
[1] 1.786796e-16 7.746508e-20 1.733889e-28 7.216010e-50
[1] 2.305627e-16 7.069010e-20 1.822776e-28 3.288639e-31
[1] 1.530113e-16 7.401614e-20 1.634978e-28 3.467869e-30
[1] 2.429100e-16 7.463739e-20 1.882540e-28 3.541595e-30
[1] 2.484069e-16 7.473045e-20 1.897671e-28 2.425263e-33
[1] 2.282024e-16 7.070835e-20 1.815705e-28 2.432199e-33
[1] 1.555361e-16 7.404993e-20 1.644100e-28 3.470563e-30
[1] 1.557574e-16 7.406889e-20 1.644985e-28 3.466534e-30
[1] 2.274525e-16 7.077321e-20 1.815862e-28 1.705439e-53
[1] 1.838242e-16 7.558623e-20 1.734591e-28 3.002418e-31
[1] 1.820697e-16 7.590516e-20 1.733163e-28 2.439255e-33
[1] 1.534338e-16 7.403659e-20 1.637719e-28 3.467844e-30
[1] 1.810542e-16 7.750428e-20 1.742035e-28 9.612352e-42
[1] 2.339857e-16 7.078908e-20 1.833116e-28 3.542412e-30
[1] 1.815439e-16 7.589533e-20 1.732120e-28 3.410693e-30
[1] 1.667064e-16 7.587327e-20 1.691029e-28 1.177825e-33
[1] 2.308658e-16 7.068648e-20 1.826005e-28 3.291080e-31
[1] 1.780153e-16 7.581913e-20 1.722456e-28 3.412235e-30
[1] 2.309909e-16 7.069844e-20 1.826327e-28 3.632331e-30
[1] 2.356790e-16 7.065816e-20 1.837936e-28 3.629558e-30
Algorithm converged after  334  iterations.
[1] 1.262905e-16 7.547879e-20 2.501334e-31 1.107391e-31
Algorithm converged after  5  iterations.
[1] 1.262905e-16 7.547879e-20 2.501334e-31 1.545921e-28
Algorithm converged after  6  iterations.
[1] 1.262905e-16 7.547879e-20 1.107391e-31 1.545921e-28
Algorithm converged after  6  iterations.
numeric(0)
Algorithm converged after  1  iterations.
[1] 7.645451e-24
Algorithm converged after  2  iterations.
[1] 1.737531e-23
Algorithm converged after  2  iterations.
[1] 2.044281e-18
Algorithm converged after  2  iterations.
[1] 7.645451e-24 1.427613e-26
Algorithm converged after  2  iterations.
[1] 1.737531e-23 5.831402e-26
Algorithm converged after  2  iterations.
[1] 2.044281e-18 4.017571e-23
Algorithm converged after  2  iterations.
[1] 7.645451e-24 1.737531e-23
Algorithm converged after  2  iterations.
[1] 7.645451e-24 2.044281e-18
Algorithm converged after  2  iterations.
[1] 1.737531e-23 2.044281e-18
Algorithm converged after  2  iterations.
[1] 7.645451e-24 1.427613e-26 1.737531e-23
Algorithm converged after  2  iterations.
[1] 7.645451e-24 1.427613e-26 2.044281e-18
Algorithm converged after  2  iterations.
[1] 7.645451e-24 1.737531e-23 5.831402e-26
Algorithm converged after  2  iterations.
[1] 7.645451e-24 2.044281e-18 4.017571e-23
Algorithm converged after  2  iterations.
[1] 1.737531e-23 5.831402e-26 2.044281e-18
Algorithm converged after  2  iterations.
[1] 1.737531e-23 2.044281e-18 4.017571e-23
Algorithm converged after  2  iterations.
[1] 7.645451e-24 1.737531e-23 2.044281e-18
Algorithm converged after  2  iterations.
[1] 7.645451e-24 1.427613e-26 1.737531e-23 5.831402e-26
Algorithm converged after  2  iterations.
[1] 7.645451e-24 1.427613e-26 2.044281e-18 4.017571e-23
Algorithm converged after  2  iterations.
[1] 1.737531e-23 5.831402e-26 2.044281e-18 4.017571e-23
Algorithm converged after  2  iterations.
[1] 7.645451e-24 1.427613e-26 1.737531e-23 2.044281e-18
Algorithm converged after  2  iterations.
[1] 7.645451e-24 1.737531e-23 5.831402e-26 2.044281e-18
Algorithm converged after  2  iterations.
[1] 7.645451e-24 1.737531e-23 2.044281e-18 4.017571e-23
Algorithm converged after  2  iterations.
[1] 6.658058e-20
Algorithm converged after  2  iterations.
[1] 6.658058e-20 3.705590e-24
Algorithm converged after  6  iterations.
[1] 6.658058e-20 3.634817e-23
Algorithm converged after  6  iterations.
[1] 6.658058e-20 6.888077e-18
Algorithm converged after  6  iterations.
[1] 6.658058e-20 3.705590e-24 1.286427e-31
Algorithm converged after  6  iterations.
[1] 6.658058e-20 3.634817e-23 5.231827e-33
[1] 7.266764e-20 3.743601e-23 2.398248e-31
[1] 7.286397e-20 3.747160e-23 5.470311e-33
[1] 7.286394e-20 3.747162e-23 5.470304e-33
[1] 7.286374e-20 3.747162e-23 5.470295e-33
[1] 7.286365e-20 3.747163e-23 5.470288e-33
[1] 7.663855e-20 3.811293e-23 1.382112e-34
[1] 8.010790e-20 3.871336e-23 3.713950e-32
[1] 7.786947e-20 3.832292e-23 1.365091e-34
[1] 7.266309e-20 3.743568e-23 5.470353e-33
[1] 6.997123e-20 3.695670e-23 5.352304e-33
[1] 7.293452e-20 3.748488e-23 1.243047e-34
Algorithm converged after  120  iterations.
[1] 6.658058e-20 6.888077e-18 5.816678e-32
Algorithm converged after  6  iterations.
[1] 6.658058e-20 3.705590e-24 3.634817e-23
Algorithm converged after  7  iterations.
[1] 6.658058e-20 3.705590e-24 6.888077e-18
Algorithm converged after  7  iterations.
[1] 6.658058e-20 3.634817e-23 6.888077e-18
Algorithm converged after  7  iterations.
[1] 6.658058e-20 3.705590e-24 1.286427e-31 3.634817e-23
[1] 8.387121e-20 4.437497e-24 1.298562e-31 3.934286e-23
Algorithm converged after  19  iterations.
[1] 6.658058e-20 3.705590e-24 1.286427e-31 6.888077e-18
[1] 8.160825e-20 4.346435e-24 1.297096e-31 7.642229e-18
Algorithm converged after  13  iterations.
[1] 6.658058e-20 3.705590e-24 3.634817e-23 5.231827e-33
[1] 8.443284e-20 4.459415e-24 3.943089e-23 1.276606e-34
[1] 7.965199e-20 4.259040e-24 3.863874e-23 5.652609e-33
[1] 7.904997e-20 4.234059e-24 3.853560e-23 1.348986e-34
[1] 7.932296e-20 4.245186e-24 3.858197e-23 6.886895e-53
[1] 7.935061e-20 4.246207e-24 3.858644e-23 1.154926e-57
[1] 7.915358e-20 4.238312e-24 3.855510e-23 5.634520e-33
[1] 8.312587e-20 4.404609e-24 3.921552e-23 2.306171e-49
[1] 7.929558e-20 4.244084e-24 3.857724e-23 1.764847e-69
[1] 8.297414e-20 4.397668e-24 3.919818e-23 1.285119e-34
[1] 7.960948e-20 4.257110e-24 3.863209e-23 5.646692e-33
[1] 7.928759e-20 4.243554e-24 3.857637e-23 1.341327e-34
[1] 8.463560e-20 4.467477e-24 3.946523e-23 1.272986e-34
[1] 7.960357e-20 4.256790e-24 3.863108e-23 1.328713e-34
[1] 7.913161e-20 4.237064e-24 3.855027e-23 5.635314e-33
[1] 8.698697e-20 4.564245e-24 3.986083e-23 1.406947e-48
[1] 7.924169e-20 4.241683e-24 3.856838e-23 3.684375e-32
[1] 8.675751e-20 4.554600e-24 3.982533e-23 1.165807e-34
[1] 8.487515e-20 4.477449e-24 3.950355e-23 1.270885e-34
[1] 8.696194e-20 4.563256e-24 3.985566e-23 1.162971e-34
[1] 8.725609e-20 4.574998e-24 3.990702e-23 5.862875e-33
[1] 8.639218e-20 4.540552e-24 3.975348e-23 1.253903e-34
[1] 8.674260e-20 4.553856e-24 3.982332e-23 1.015579e-49
[1] 7.923880e-20 4.241435e-24 3.856794e-23 1.342974e-34
[1] 8.331092e-20 4.412144e-24 3.924546e-23 1.191775e-34
[1] 7.908018e-20 4.234918e-24 3.854300e-23 1.010872e-57
[1] 7.960120e-20 4.256424e-24 3.863070e-23 1.328188e-34
[1] 8.729389e-20 4.576379e-24 3.991362e-23 5.867702e-33
Algorithm converged after  274  iterations.
[1] 6.658058e-20 3.705590e-24 6.888077e-18 5.816678e-32
Algorithm converged after  7  iterations.
[1] 6.658058e-20 3.634817e-23 5.231827e-33 6.888077e-18
[1] 8.382499e-20 3.934184e-23 5.740921e-33 7.747709e-18
[1] 8.460419e-20 3.947089e-23 1.187007e-34 7.785403e-18
[1] 8.049480e-20 3.878880e-23 1.204961e-34 7.585541e-18
[1] 8.866160e-20 4.014941e-23 5.911125e-33 7.979390e-18
[1] 8.093110e-20 3.886392e-23 1.366204e-48 7.606840e-18
[1] 8.039459e-20 3.877099e-23 1.210321e-34 7.580573e-18
[1] 8.044727e-20 3.878068e-23 3.719912e-32 7.583090e-18
[1] 8.067383e-20 3.881805e-23 1.294877e-48 7.594027e-18
[1] 8.817788e-20 4.007114e-23 1.665632e-70 7.956085e-18
[1] 8.818578e-20 4.007207e-23 5.899824e-33 7.956425e-18
[1] 8.065403e-20 3.881449e-23 1.331551e-34 7.593070e-18
[1] 8.456729e-20 3.946591e-23 1.186980e-34 7.783277e-18
[1] 8.038714e-20 3.877010e-23 5.675821e-33 7.580023e-18
[1] 8.438135e-20 3.942979e-23 5.726274e-33 7.774696e-18
[1] 8.094037e-20 3.886546e-23 1.315244e-34 7.606945e-18
[1] 8.867935e-20 4.015274e-23 5.902874e-33 7.979940e-18
Algorithm converged after  161  iterations.
[1] 6.658058e-20 3.634817e-23 6.888077e-18 5.816678e-32
Algorithm converged after  7  iterations.
[1] 6.658058e-20 3.705590e-24 3.634817e-23 6.888077e-18
Algorithm converged after  7  iterations.
[1] 6.658058e-20 6.403189e-29
Algorithm converged after  2  iterations.
[1] 6.658058e-20 6.403189e-29 1.455137e-24
Algorithm converged after  10  iterations.
[1] 6.658058e-20 6.403189e-29 2.259954e-23
[1] 7.460191e-20 4.679263e-29 2.512515e-23
Algorithm converged after  12  iterations.
[1] 6.658058e-20 6.403189e-29 3.733987e-18
Algorithm converged after  10  iterations.
[1] 6.658058e-20 6.403189e-29 1.455137e-24 6.206047e-48
[1] 7.322610e-20 7.470162e-41 4.365332e-24 9.505985e-33
[1] 7.333898e-20 1.712382e-27 4.529844e-24 1.188239e-31
Algorithm converged after  22  iterations.
[1] 6.658058e-20 6.403189e-29 2.259954e-23 8.981308e-36
[1] 7.731175e-20 6.706089e-29 2.680952e-23 8.826676e-35
[1] 8.002521e-20 1.041614e-27 3.974025e-23 1.301926e-34
[1] 7.982265e-20 1.055243e-27 3.969336e-23 1.911500e-49
[1] 8.016803e-20 1.306876e-27 3.985693e-23 1.251968e-34
[1] 8.021242e-20 2.969632e-27 3.933163e-23 3.357786e-50
[1] 8.027092e-20 1.115158e-27 3.966826e-23 1.160641e-48
[1] 7.208038e-20 2.124755e-28 3.892771e-23 3.937028e-53
[1] 7.274753e-20 1.016011e-27 3.834697e-23 4.370228e-32
[1] 7.790016e-20 2.115938e-26 3.800744e-23 3.536768e-34
[1] 7.534108e-20 9.142535e-28 3.849185e-23 1.716661e-56
[1] 7.323433e-20 9.235517e-28 3.819273e-23 9.376843e-49
[1] 7.383308e-20 9.894652e-28 3.856437e-23 1.896059e-56
[1] 7.333136e-20 8.348156e-28 3.794173e-23 7.300866e-39
[1] 7.296886e-20 1.028671e-27 3.839063e-23 2.395368e-31
[1] 7.276960e-20 2.538869e-27 3.796697e-23 8.610110e-36
[1] 7.299528e-20 1.186441e-27 3.877611e-23 1.300062e-34
[1] 7.703142e-20 5.635422e-31 3.775703e-23 1.274981e-35
[1] 7.342272e-20 1.043005e-27 3.855129e-23 1.284932e-34
[1] 7.362953e-20 2.713931e-27 3.819958e-23 8.892581e-36
[1] 7.641625e-20 1.017724e-27 3.877782e-23 1.275405e-34
[1] 7.207718e-20 9.821114e-28 3.798088e-23 1.975638e-49
[1] 7.645229e-20 5.483284e-40 4.080923e-23 9.599070e-35
[1] 7.364694e-20 1.181483e-27 3.897219e-23 1.291037e-34
[1] 7.993415e-20 3.139323e-27 3.928062e-23 1.255235e-34
[1] 7.266662e-20 1.295531e-27 3.891606e-23 5.937615e-33
[1] 7.329948e-20 1.000301e-27 3.859322e-23 6.023872e-33
[1] 7.153433e-20 1.023364e-27 3.806114e-23 1.514381e-49
[1] 8.299411e-20 1.359121e-27 3.937300e-23 7.660827e-39
[1] 8.017615e-20 7.429452e-32 3.864799e-23 1.025191e-34
[1] 8.039165e-20 1.125581e-27 3.974120e-23 6.137101e-33
[1] 7.592154e-20 8.175467e-28 3.836302e-23 1.278535e-34
[1] 7.654043e-20 8.127262e-28 3.857803e-23 1.264928e-34
[1] 7.303729e-20 2.683385e-46 3.824793e-23 1.618006e-34
[1] 7.998481e-20 1.038354e-27 3.971395e-23 1.299823e-34
[1] 7.550309e-20 1.150970e-27 3.924858e-23 1.279554e-34
[1] 7.367363e-20 1.179995e-27 3.896401e-23 2.703004e-58
[1] 7.827408e-20 2.187813e-26 3.815776e-23 1.461183e-56
[1] 7.626438e-20 9.837362e-28 3.872465e-23 1.287776e-34
[1] 7.300586e-20 1.021244e-27 3.837674e-23 4.854888e-49
[1] 7.636292e-20 1.112713e-27 3.917884e-23 1.284269e-34
[1] 7.641960e-20 1.253145e-27 3.954995e-23 4.444959e-32
[1] 7.318666e-20 2.012447e-26 3.732279e-23 2.834059e-34
[1] 7.794099e-20 8.801611e-28 3.885549e-23 3.086992e-33
[1] 7.373239e-20 1.475308e-43 3.904459e-23 1.719868e-34
[1] 7.340040e-20 5.576609e-42 3.779383e-23 5.766159e-33
[1] 8.231169e-20 1.126913e-27 4.011837e-23 6.121410e-33
[1] 7.699689e-20 9.488570e-28 3.878364e-23 4.603943e-32
[1] 8.023637e-20 1.164011e-27 3.984143e-23 1.242455e-34
[1] 7.569453e-20 1.034004e-27 3.882295e-23 1.279966e-34
Algorithm did not converge after  500  iterations.
[1] 6.658058e-20 6.403189e-29 3.733987e-18 1.449241e-35
[1] 7.454468e-20 5.324582e-29 4.267317e-18 1.561046e-35
Algorithm converged after  17  iterations.
[1] 6.658058e-20 6.403189e-29 1.455137e-24 2.259954e-23
[1] 8.266788e-20 4.169847e-28 4.741579e-24 3.772747e-23
Algorithm converged after  14  iterations.
[1] 6.658058e-20 6.403189e-29 1.455137e-24 3.733987e-18
Algorithm converged after  8  iterations.
[1] 6.658058e-20 6.403189e-29 2.259954e-23 3.733987e-18
Algorithm converged after  8  iterations.
numeric(0)
Algorithm converged after  1  iterations.
[1] 1.764004e-23
Algorithm converged after  2  iterations.
[1] 1.036573e-23
Algorithm converged after  2  iterations.
[1] 1.608394e-18
Algorithm converged after  2  iterations.
[1] 1.764004e-23 3.038499e-27
Algorithm converged after  2  iterations.
[1] 1.036573e-23 1.129319e-25
Algorithm converged after  2  iterations.
[1] 1.608394e-18 1.573486e-23
Algorithm converged after  2  iterations.
[1] 1.764004e-23 1.036573e-23
Algorithm converged after  2  iterations.
[1] 1.764004e-23 1.608394e-18
Algorithm converged after  2  iterations.
[1] 1.036573e-23 1.608394e-18
Algorithm converged after  2  iterations.
[1] 1.764004e-23 3.038499e-27 1.036573e-23
Algorithm converged after  2  iterations.
[1] 1.764004e-23 3.038499e-27 1.608394e-18
Algorithm converged after  2  iterations.
[1] 1.764004e-23 1.036573e-23 1.129319e-25
Algorithm converged after  2  iterations.
[1] 1.764004e-23 1.608394e-18 1.573486e-23
Algorithm converged after  2  iterations.
[1] 1.036573e-23 1.129319e-25 1.608394e-18
Algorithm converged after  2  iterations.
[1] 1.036573e-23 1.608394e-18 1.573486e-23
Algorithm converged after  2  iterations.
[1] 1.764004e-23 1.036573e-23 1.608394e-18
Algorithm converged after  2  iterations.
[1] 1.764004e-23 3.038499e-27 1.036573e-23 1.129319e-25
Algorithm converged after  2  iterations.
[1] 1.764004e-23 3.038499e-27 1.608394e-18 1.573486e-23
Algorithm converged after  2  iterations.
[1] 1.036573e-23 1.129319e-25 1.608394e-18 1.573486e-23
Algorithm converged after  2  iterations.
[1] 1.764004e-23 3.038499e-27 1.036573e-23 1.608394e-18
Algorithm converged after  2  iterations.
[1] 1.764004e-23 1.036573e-23 1.129319e-25 1.608394e-18
Algorithm converged after  2  iterations.
[1] 1.764004e-23 1.036573e-23 1.608394e-18 1.573486e-23
Algorithm converged after  2  iterations.
[1] 5.482805e-20
Algorithm converged after  2  iterations.
[1] 5.482805e-20 1.377734e-24
Algorithm converged after  6  iterations.
[1] 5.482805e-20 2.627925e-23
Algorithm converged after  6  iterations.
[1] 5.482805e-20 7.750443e-18
Algorithm converged after  6  iterations.
[1] 5.482805e-20 1.377734e-24 1.058408e-31
Algorithm converged after  6  iterations.
[1] 5.482805e-20 2.627925e-23 2.209802e-36
Algorithm converged after  8  iterations.
[1] 5.482805e-20 7.750443e-18 8.850260e-32
Algorithm converged after  6  iterations.
[1] 5.482805e-20 1.377734e-24 2.627925e-23
Algorithm converged after  7  iterations.
[1] 5.482805e-20 1.377734e-24 7.750443e-18
Algorithm converged after  7  iterations.
[1] 5.482805e-20 2.627925e-23 7.750443e-18
Algorithm converged after  7  iterations.
[1] 5.482805e-20 1.377734e-24 1.058408e-31 2.627925e-23
Algorithm converged after  7  iterations.
[1] 5.482805e-20 1.377734e-24 1.058408e-31 7.750443e-18
Algorithm converged after  7  iterations.
[1] 5.482805e-20 1.377734e-24 2.627925e-23 2.209802e-36
[1] 6.530561e-20 1.776160e-24 2.813588e-23 5.661227e-35
Algorithm converged after  13  iterations.
[1] 5.482805e-20 1.377734e-24 7.750443e-18 8.850260e-32
Algorithm converged after  7  iterations.
[1] 5.482805e-20 2.627925e-23 2.209802e-36 7.750443e-18
[1] 7.069774e-20 2.905692e-23 5.808651e-35 9.013671e-18
[1] 7.391027e-20 2.960062e-23 5.579311e-35 9.261320e-18
[1] 6.889753e-20 2.875880e-23 2.547116e-37 8.874227e-18
[1] 6.916353e-20 2.880380e-23 1.827956e-37 8.894963e-18
[1] 6.884066e-20 2.874919e-23 2.548269e-37 8.869801e-18
[1] 6.898211e-20 2.877326e-23 2.683089e-31 8.880769e-18
[1] 7.042939e-20 2.900880e-23 5.032532e-38 8.992793e-18
[1] 7.019974e-20 2.897483e-23 5.841888e-35 8.974988e-18
[1] 6.749624e-20 2.852082e-23 5.579091e-35 8.765032e-18
[1] 6.900446e-20 2.877720e-23 6.613714e-33 8.882458e-18
[1] 7.386540e-20 2.959369e-23 5.582306e-35 9.257755e-18
[1] 6.916351e-20 2.880430e-23 2.543000e-37 8.894727e-18
[1] 7.125032e-20 2.915602e-23 5.419597e-35 9.056381e-18
[1] 6.931063e-20 2.882933e-23 5.009336e-38 8.906134e-18
[1] 6.916642e-20 2.880508e-23 2.542959e-37 8.894893e-18
[1] 7.186122e-20 2.925254e-23 5.414559e-35 9.103235e-18
[1] 6.897165e-20 2.877219e-23 3.708613e-33 8.879757e-18
[1] 6.900283e-20 2.877755e-23 5.514815e-35 8.882085e-18
[1] 6.898317e-20 2.877430e-23 4.368220e-47 8.880568e-18
[1] 6.889322e-20 2.875910e-23 2.547972e-37 8.873576e-18
[1] 7.385764e-20 2.959315e-23 5.581509e-35 9.256922e-18
[1] 7.142358e-20 2.918584e-23 5.413114e-35 9.069478e-18
[1] 7.385400e-20 2.959220e-23 5.577787e-35 9.256487e-18
[1] 6.918681e-20 2.880890e-23 2.543016e-37 8.896360e-18
[1] 6.929799e-20 2.882793e-23 3.718090e-33 8.904928e-18
[1] 6.929940e-20 2.882820e-23 3.718151e-33 8.904972e-18
[1] 6.899741e-20 2.877708e-23 5.916945e-35 8.881452e-18
[1] 7.054157e-20 2.903107e-23 6.665816e-33 9.000992e-18
[1] 6.749423e-20 2.852154e-23 5.578980e-35 8.764413e-18
[1] 7.146832e-20 2.919433e-23 5.409358e-35 9.072918e-18
[1] 6.963810e-20 2.888531e-23 5.874533e-35 8.931412e-18
[1] 7.146845e-20 2.919470e-23 5.409107e-35 9.072912e-18
[1] 6.891383e-20 2.876204e-23 2.682390e-31 8.875429e-18
[1] 7.394512e-20 2.960535e-23 5.549307e-35 9.262558e-18
[1] 6.909092e-20 2.879316e-23 3.711918e-33 8.888752e-18
[1] 7.148914e-20 2.919845e-23 5.408337e-35 9.074405e-18
[1] 6.897213e-20 2.877367e-23 1.487724e-37 8.879270e-18
[1] 7.405787e-20 2.962423e-23 5.539959e-35 9.271052e-18
[1] 6.929828e-20 2.882902e-23 6.628001e-33 8.904584e-18
[1] 6.888887e-20 2.875974e-23 6.612244e-33 8.872794e-18
[1] 6.888725e-20 2.875958e-23 2.323930e-37 8.872584e-18
[1] 6.904842e-20 2.878642e-23 2.545806e-37 8.885324e-18
[1] 6.915960e-20 2.880586e-23 5.005784e-38 8.893667e-18
[1] 7.170717e-20 2.923307e-23 6.721517e-33 9.090762e-18
[1] 7.388509e-20 2.959946e-23 5.577011e-35 9.258411e-18
[1] 7.388493e-20 2.959947e-23 5.576924e-35 9.258324e-18
[1] 7.388476e-20 2.959948e-23 5.576839e-35 9.258238e-18
[1] 7.388460e-20 2.959949e-23 5.576753e-35 9.258152e-18
[1] 7.388444e-20 2.959950e-23 5.576671e-35 9.258066e-18
Algorithm did not converge after  500  iterations.
[1] 5.482805e-20 2.627925e-23 7.750443e-18 8.850260e-32
Algorithm converged after  7  iterations.
[1] 5.482805e-20 1.377734e-24 2.627925e-23 7.750443e-18
Algorithm converged after  8  iterations.
[1] 5.482805e-20 4.015318e-29
Algorithm converged after  2  iterations.
[1] 5.482805e-20 4.015318e-29 3.952429e-25
[1] 5.883709e-20 6.715155e-28 2.185156e-24
[1] 5.890649e-20 3.029606e-30 1.502792e-24
[1] 5.890682e-20 5.296857e-28 2.091713e-24
[1] 5.899209e-20 2.353868e-26 2.589533e-24
[1] 5.890411e-20 5.261841e-28 2.088385e-24
Algorithm converged after  52  iterations.
[1] 5.482805e-20 4.015318e-29 1.599995e-23
[1] 6.181678e-20 3.200161e-29 1.802281e-23
Algorithm converged after  14  iterations.
[1] 5.482805e-20 4.015318e-29 4.593108e-18
[1] 6.245074e-20 2.288171e-28 9.720311e-18
[1] 6.195965e-20 2.200499e-28 1.040121e-17
[1] 6.215493e-20 2.069036e-28 9.996077e-18
Algorithm converged after  35  iterations.
[1] 5.482805e-20 4.015318e-29 3.952429e-25 3.330698e-34
[1] 5.931037e-20 8.665639e-28 2.576542e-24 2.871047e-33
[1] 5.836993e-20 6.600614e-28 2.470967e-24 9.554831e-33
[1] 6.084360e-20 2.102043e-27 1.428631e-24 2.766889e-34
[1] 5.887645e-20 4.883323e-28 2.024652e-24 1.030575e-31
[1] 6.107009e-20 9.121907e-28 2.475203e-24 1.291574e-33
Algorithm converged after  55  iterations.
[1] 5.482805e-20 4.015318e-29 1.599995e-23 1.278008e-51
[1] 6.192525e-20 1.328029e-27 2.799143e-23 2.001358e-37
[1] 6.376862e-20 6.587377e-45 2.921942e-23 1.228570e-36
[1] 6.334681e-20 1.717689e-27 2.844693e-23 3.213247e-31
[1] 6.554500e-20 1.111902e-27 2.906957e-23 1.382051e-35
[1] 6.381749e-20 1.300243e-27 2.789639e-23 3.253178e-33
[1] 6.146585e-20 1.344790e-27 2.788385e-23 2.084107e-34
[1] 6.175216e-20 1.428603e-27 2.876912e-23 3.483018e-33
[1] 6.372565e-20 1.456107e-29 2.787883e-23 6.353169e-35
[1] 6.123990e-20 7.538667e-28 2.835389e-23 7.591467e-35
[1] 6.161707e-20 8.405956e-28 2.824766e-23 6.451282e-35
[1] 6.390434e-20 1.330780e-27 2.823023e-23 1.806098e-34
[1] 6.390919e-20 2.036539e-55 2.785964e-23 5.872163e-35
[1] 6.156951e-20 8.443512e-28 2.823113e-23 3.757392e-33
[1] 6.166943e-20 1.378115e-27 2.795210e-23 3.888046e-33
[1] 6.228369e-20 2.645807e-28 2.910179e-23 2.398951e-31
[1] 6.262399e-20 1.302067e-27 2.803932e-23 1.963853e-37
[1] 6.399186e-20 1.379627e-27 2.833751e-23 9.329854e-37
[1] 6.167057e-20 1.398243e-27 2.802475e-23 1.824073e-34
[1] 6.155852e-20 1.452212e-27 2.805490e-23 3.889919e-33
[1] 6.112207e-20 5.781602e-28 2.849783e-23 8.745947e-35
[1] 6.110557e-20 9.877761e-27 2.712833e-23 2.109370e-37
[1] 6.158310e-20 6.389250e-28 2.866064e-23 8.875378e-35
[1] 6.157563e-20 6.390330e-28 2.866080e-23 8.882195e-35
Algorithm converged after  238  iterations.
[1] 5.482805e-20 4.015318e-29 4.593108e-18 9.784310e-36
Algorithm converged after  8  iterations.
[1] 5.482805e-20 4.015318e-29 3.952429e-25 1.599995e-23
[1] 6.504009e-20 3.013935e-29 7.609316e-25 1.964352e-23
Algorithm converged after  14  iterations.
[1] 5.482805e-20 4.015318e-29 3.952429e-25 4.593108e-18
[1] 6.634102e-20 3.338906e-31 2.040964e-24 8.671875e-18
[1] 6.612078e-20 1.456163e-31 1.842233e-24 8.735946e-18
Algorithm converged after  29  iterations.
[1] 5.482805e-20 4.015318e-29 1.599995e-23 4.593108e-18
Algorithm converged after  10  iterations.
numeric(0)
Algorithm converged after  1  iterations.
[1] 9.065143e-24
Algorithm converged after  2  iterations.
[1] 1.616619e-23
Algorithm converged after  2  iterations.
[1] 6.942511e-18
Algorithm converged after  2  iterations.
[1] 9.065143e-24 6.446855e-27
Algorithm converged after  2  iterations.
[1] 1.616619e-23 1.371480e-25
Algorithm converged after  2  iterations.
[1] 6.942511e-18 2.668904e-23
Algorithm converged after  2  iterations.
[1] 9.065143e-24 1.616619e-23
Algorithm converged after  2  iterations.
[1] 9.065143e-24 6.942511e-18
Algorithm converged after  2  iterations.
[1] 1.616619e-23 6.942511e-18
Algorithm converged after  2  iterations.
[1] 9.065143e-24 6.446855e-27 1.616619e-23
Algorithm converged after  2  iterations.
[1] 9.065143e-24 6.446855e-27 6.942511e-18
Algorithm converged after  2  iterations.
[1] 9.065143e-24 1.616619e-23 1.371480e-25
Algorithm converged after  2  iterations.
[1] 9.065143e-24 6.942511e-18 2.668904e-23
Algorithm converged after  2  iterations.
[1] 1.616619e-23 1.371480e-25 6.942511e-18
Algorithm converged after  2  iterations.
[1] 1.616619e-23 6.942511e-18 2.668904e-23
Algorithm converged after  2  iterations.
[1] 9.065143e-24 1.616619e-23 6.942511e-18
Algorithm converged after  2  iterations.
[1] 9.065143e-24 6.446855e-27 1.616619e-23 1.371480e-25
Algorithm converged after  2  iterations.
[1] 9.065143e-24 6.446855e-27 6.942511e-18 2.668904e-23
Algorithm converged after  2  iterations.
[1] 1.616619e-23 1.371480e-25 6.942511e-18 2.668904e-23
Algorithm converged after  2  iterations.
[1] 9.065143e-24 6.446855e-27 1.616619e-23 6.942511e-18
Algorithm converged after  2  iterations.
[1] 9.065143e-24 1.616619e-23 1.371480e-25 6.942511e-18
Algorithm converged after  2  iterations.
[1] 9.065143e-24 1.616619e-23 6.942511e-18 2.668904e-23
Algorithm converged after  2  iterations.
[1] 2.887993e-16
Algorithm converged after  2  iterations.
[1] 2.887993e-16 1.276242e-24
Algorithm converged after  6  iterations.
[1] 2.887993e-16 2.194592e-24
Algorithm converged after  6  iterations.
[1] 2.887993e-16 6.000110e-23
Algorithm converged after  6  iterations.
[1] 2.887993e-16 1.276242e-24 1.171065e-31
[1] 4.589802e-16 1.341084e-24 8.291992e-48
[1] 4.546863e-16 1.339803e-24 1.180632e-31
[1] 4.185326e-16 1.327177e-24 2.989249e-52
[1] 4.740681e-16 1.346811e-24 1.017913e-46
[1] 4.288866e-16 1.331000e-24 1.179160e-31
[1] 4.741561e-16 1.347020e-24 5.303442e-49
[1] 4.728781e-16 1.346687e-24 1.291689e-46
[1] 4.735533e-16 1.346998e-24 1.728551e-68
[1] 4.297330e-16 1.331668e-24 1.179213e-31
[1] 4.737574e-16 1.347255e-24 2.452602e-67
[1] 4.332523e-16 1.333589e-24 1.179391e-31
[1] 4.724327e-16 1.347496e-24 1.600138e-48
[1] 4.742728e-16 1.348233e-24 1.298587e-64
[1] 4.741719e-16 1.348242e-24 1.182030e-31
Algorithm converged after  142  iterations.
[1] 2.887993e-16 2.194592e-24 1.340624e-34
Algorithm converged after  7  iterations.
[1] 2.887993e-16 6.000110e-23 1.785212e-30
Algorithm converged after  8  iterations.
[1] 2.887993e-16 1.276242e-24 2.194592e-24
Algorithm converged after  7  iterations.
[1] 2.887993e-16 1.276242e-24 6.000110e-23
Algorithm converged after  7  iterations.
[1] 2.887993e-16 2.194592e-24 6.000110e-23
Algorithm converged after  7  iterations.
[1] 2.887993e-16 1.276242e-24 1.171065e-31 2.194592e-24
[1] 5.667265e-16 1.377250e-24 3.553827e-55 2.411581e-24
[1] 6.287719e-16 1.396543e-24 1.189466e-31 2.453251e-24
[1] 5.742862e-16 1.379748e-24 1.409499e-46 2.416850e-24
[1] 6.256774e-16 1.395676e-24 3.487069e-64 2.451276e-24
[1] 5.743234e-16 1.379846e-24 1.410053e-46 2.416967e-24
[1] 6.064871e-16 1.389908e-24 4.976100e-59 2.438690e-24
[1] 6.229867e-16 1.395009e-24 7.032248e-57 2.449665e-24
[1] 6.269640e-16 1.396264e-24 1.410563e-46 2.452334e-24
[1] 6.237298e-16 1.395336e-24 2.555312e-47 2.450260e-24
[1] 6.257154e-16 1.396152e-24 6.398654e-60 2.451842e-24
[1] 6.212449e-16 1.394802e-24 2.946392e-52 2.448968e-24
[1] 5.545458e-16 1.373976e-24 1.185951e-31 2.403829e-24
[1] 6.230504e-16 1.395346e-24 1.571326e-64 2.450051e-24
[1] 6.240890e-16 1.395801e-24 1.010766e-46 2.450871e-24
[1] 6.086271e-16 1.391132e-24 1.188513e-31 2.440693e-24
[1] 6.040715e-16 1.389815e-24 1.403919e-46 2.437740e-24
[1] 6.217065e-16 1.395246e-24 1.102451e-36 2.449480e-24
[1] 6.241960e-16 1.396072e-24 1.008454e-46 2.451180e-24
[1] 6.240013e-16 1.396236e-24 2.157864e-63 2.451352e-24
[1] 5.762906e-16 1.381345e-24 1.636251e-48 2.419212e-24
[1] 5.742068e-16 1.380734e-24 9.895804e-47 2.417835e-24
[1] 6.230782e-16 1.396112e-24 5.749686e-64 2.450907e-24
[1] 6.214602e-16 1.395672e-24 2.817752e-68 2.449916e-24
[1] 6.229248e-16 1.396144e-24 2.947171e-64 2.450911e-24
[1] 6.254303e-16 1.396967e-24 1.003842e-46 2.452606e-24
[1] 6.250242e-16 1.396881e-24 1.004000e-46 2.452389e-24
[1] 6.245048e-16 1.396773e-24 1.229220e-49 2.452088e-24
[1] 6.253418e-16 1.397083e-24 1.003872e-46 2.452696e-24
[1] 5.554091e-16 1.375210e-24 1.185958e-31 2.405402e-24
[1] 5.847043e-16 1.384474e-24 9.915458e-47 2.425442e-24
[1] 6.236737e-16 1.396751e-24 5.302051e-49 2.451800e-24
[1] 6.241874e-16 1.396950e-24 8.657646e-51 2.452190e-24
[1] 5.811039e-16 1.383478e-24 7.299844e-34 2.423136e-24
[1] 6.222376e-16 1.396285e-24 1.189149e-31 2.450752e-24
[1] 6.142552e-16 1.393752e-24 1.188644e-31 2.445384e-24
[1] 6.239430e-16 1.396942e-24 1.189237e-31 2.452012e-24
[1] 6.240892e-16 1.397226e-24 1.189459e-31 2.452412e-24
[1] 6.231585e-16 1.396972e-24 8.676917e-51 2.451849e-24
[1] 6.216192e-16 1.396380e-24 8.596746e-48 2.450638e-24
[1] 5.546689e-16 1.375539e-24 1.185917e-31 2.405482e-24
[1] 6.237182e-16 1.397534e-24 5.299510e-49 2.452635e-24
[1] 5.553141e-16 1.376114e-24 1.185966e-31 2.406312e-24
[1] 6.021889e-16 1.390819e-24 1.188144e-31 2.438158e-24
[1] 6.240504e-16 1.397781e-24 1.189239e-31 2.452915e-24
[1] 6.219522e-16 1.397190e-24 1.189133e-31 2.451588e-24
[1] 6.231399e-16 1.397801e-24 8.725532e-51 2.452696e-24
[1] 6.254694e-16 1.398579e-24 8.526575e-48 2.454288e-24
[1] 6.226647e-16 1.397790e-24 6.285009e-60 2.452529e-24
[1] 6.221014e-16 1.397534e-24 1.120524e-59 2.451994e-24
Algorithm did not converge after  500  iterations.
[1] 2.887993e-16 1.276242e-24 1.171065e-31 6.000110e-23
Algorithm converged after  8  iterations.
[1] 2.887993e-16 1.276242e-24 2.194592e-24 1.340624e-34
[1] 6.215798e-16 1.394243e-24 2.448560e-24 1.222021e-34
[1] 5.754777e-16 1.380046e-24 2.417513e-24 1.870048e-34
[1] 5.776315e-16 1.380862e-24 2.419390e-24 1.226378e-34
[1] 5.835164e-16 1.382784e-24 2.423469e-24 5.529012e-36
[1] 5.844427e-16 1.383153e-24 2.424138e-24 1.873871e-33
[1] 5.887788e-16 1.384563e-24 2.427115e-24 1.222741e-34
[1] 5.805980e-16 1.382066e-24 2.421620e-24 1.623289e-33
[1] 5.860837e-16 1.383834e-24 2.425410e-24 1.841939e-34
Algorithm converged after  88  iterations.
[1] 2.887993e-16 1.276242e-24 6.000110e-23 1.785212e-30
Algorithm converged after  9  iterations.
[1] 2.887993e-16 2.194592e-24 1.340624e-34 6.000110e-23
Algorithm converged after  8  iterations.
[1] 2.887993e-16 2.194592e-24 6.000110e-23 1.785212e-30
Algorithm converged after  8  iterations.
[1] 2.887993e-16 1.276242e-24 2.194592e-24 6.000110e-23
Algorithm converged after  8  iterations.
[1] 2.887993e-16 9.601362e-20
Algorithm converged after  2  iterations.
[1] 2.887993e-16 9.601362e-20 1.591219e-31
Algorithm converged after  5  iterations.
[1] 2.887993e-16 9.601362e-20 3.248320e-31
Algorithm converged after  4  iterations.
[1] 2.887993e-16 9.601362e-20 1.219918e-28
Algorithm converged after  6  iterations.
[1] 2.887993e-16 9.601362e-20 1.591219e-31 1.367427e-32
Algorithm converged after  5  iterations.
[1] 2.887993e-16 9.601362e-20 3.248320e-31 6.426806e-36
Algorithm converged after  5  iterations.
[1] 2.887993e-16 9.601362e-20 1.219918e-28 4.200569e-30
Algorithm converged after  7  iterations.
[1] 2.887993e-16 9.601362e-20 1.591219e-31 3.248320e-31
Algorithm converged after  5  iterations.
[1] 2.887993e-16 9.601362e-20 1.591219e-31 1.219918e-28
Algorithm converged after  6  iterations.
[1] 2.887993e-16 9.601362e-20 3.248320e-31 1.219918e-28
Algorithm converged after  6  iterations.
numeric(0)
Algorithm converged after  1  iterations.
[1] 1.341643e-23
Algorithm converged after  2  iterations.
[1] 9.614245e-24
Algorithm converged after  2  iterations.
[1] 3.164272e-18
Algorithm converged after  2  iterations.
[1] 1.341643e-23 1.307609e-26
Algorithm converged after  2  iterations.
[1] 9.614245e-24 3.900946e-26
Algorithm converged after  2  iterations.
[1] 3.164272e-18 2.919057e-23
Algorithm converged after  2  iterations.
[1] 1.341643e-23 9.614245e-24
Algorithm converged after  2  iterations.
[1] 1.341643e-23 3.164272e-18
Algorithm converged after  2  iterations.
[1] 9.614245e-24 3.164272e-18
Algorithm converged after  2  iterations.
[1] 1.341643e-23 1.307609e-26 9.614245e-24
Algorithm converged after  2  iterations.
[1] 1.341643e-23 1.307609e-26 3.164272e-18
Algorithm converged after  2  iterations.
[1] 1.341643e-23 9.614245e-24 3.900946e-26
Algorithm converged after  2  iterations.
[1] 1.341643e-23 3.164272e-18 2.919057e-23
Algorithm converged after  2  iterations.
[1] 9.614245e-24 3.900946e-26 3.164272e-18
Algorithm converged after  2  iterations.
[1] 9.614245e-24 3.164272e-18 2.919057e-23
Algorithm converged after  2  iterations.
[1] 1.341643e-23 9.614245e-24 3.164272e-18
Algorithm converged after  2  iterations.
[1] 1.341643e-23 1.307609e-26 9.614245e-24 3.900946e-26
Algorithm converged after  2  iterations.
[1] 1.341643e-23 1.307609e-26 3.164272e-18 2.919057e-23
Algorithm converged after  2  iterations.
[1] 9.614245e-24 3.900946e-26 3.164272e-18 2.919057e-23
Algorithm converged after  2  iterations.
[1] 1.341643e-23 1.307609e-26 9.614245e-24 3.164272e-18
Algorithm converged after  2  iterations.
[1] 1.341643e-23 9.614245e-24 3.900946e-26 3.164272e-18
Algorithm converged after  2  iterations.
[1] 1.341643e-23 9.614245e-24 3.164272e-18 2.919057e-23
Algorithm converged after  2  iterations.
[1] 3.213702e-17
Algorithm converged after  2  iterations.
[1] 3.213702e-17 1.310574e-26
Algorithm converged after  4  iterations.
[1] 3.213702e-17 3.606025e-26
Algorithm converged after  4  iterations.
[1] 3.213702e-17 5.758605e-20
[1] 2.735468e-16 1.083766e-19
Algorithm converged after  13  iterations.
[1] 3.213702e-17 1.310574e-26 1.173066e-46
[1] 2.232200e-17 1.307323e-26 1.248402e-45
[1] 3.699812e-17 1.312251e-26 1.133583e-46
[1] 3.464953e-17 1.311476e-26 3.226113e-31
[1] 3.639019e-17 1.312017e-26 1.385009e-51
[1] 2.222402e-17 1.307318e-26 2.758203e-40
[1] 3.622388e-17 1.312047e-26 2.031030e-33
[1] 2.212887e-17 1.307286e-26 1.349996e-45
[1] 3.546326e-17 1.311782e-26 9.245156e-34
[1] 2.219664e-17 1.307333e-26 5.915743e-57
[1] 3.252511e-17 1.310879e-26 3.249552e-31
[1] 1.816817e-17 1.305416e-26 6.016427e-31
Algorithm converged after  115  iterations.
[1] 3.213702e-17 3.606025e-26 4.568849e-36
[1] 2.369729e-17 3.614458e-26 4.528745e-36
[1] 3.101340e-17 3.607438e-26 8.546229e-36
Algorithm converged after  29  iterations.
[1] 3.213702e-17 5.758605e-20 1.822538e-32
[1] 2.650606e-16 1.069886e-19 1.960874e-32
Algorithm converged after  12  iterations.
[1] 3.213702e-17 1.310574e-26 3.606025e-26
Algorithm converged after  4  iterations.
[1] 3.213702e-17 1.310574e-26 5.758605e-20
[1] 2.860406e-16 1.354788e-26 1.107809e-19
Algorithm converged after  13  iterations.
[1] 3.213702e-17 3.606025e-26 5.758605e-20
[1] 2.615532e-16 3.495616e-26 1.065853e-19
Algorithm converged after  13  iterations.
[1] 3.213702e-17 1.310574e-26 1.173066e-46 3.606025e-26
[1] 3.692959e-17 1.312120e-26 9.264639e-35 3.601959e-26
[1] 1.959647e-17 1.306221e-26 3.351406e-31 3.619693e-26
[1] 3.317748e-17 1.310986e-26 6.119466e-47 3.605764e-26
[1] 1.940516e-17 1.306132e-26 3.398944e-31 3.620293e-26
Algorithm converged after  42  iterations.
[1] 3.213702e-17 1.310574e-26 1.173066e-46 5.758605e-20
[1] 2.366596e-16 1.348641e-26 2.734382e-31 1.025524e-19
Algorithm converged after  13  iterations.
[1] 3.213702e-17 1.310574e-26 3.606025e-26 4.568849e-36
[1] 2.629248e-17 1.308680e-26 3.611879e-26 8.511869e-36
Algorithm converged after  13  iterations.
[1] 3.213702e-17 1.310574e-26 5.758605e-20 1.822538e-32
[1] 2.759720e-16 1.353713e-26 1.091549e-19 1.625485e-32
[1] 2.779650e-16 1.353911e-26 1.094408e-19 1.786185e-32
Algorithm converged after  29  iterations.
[1] 3.213702e-17 3.606025e-26 4.568849e-36 5.758605e-20
[1] 2.682990e-16 3.493833e-26 4.341989e-33 1.077240e-19
Algorithm converged after  13  iterations.
[1] 3.213702e-17 3.606025e-26 5.758605e-20 1.822538e-32
[1] 2.476685e-16 3.499963e-26 1.042390e-19 1.861767e-32
[1] 2.542206e-16 3.497879e-26 1.053360e-19 1.900311e-32
Algorithm converged after  25  iterations.
[1] 3.213702e-17 1.310574e-26 3.606025e-26 5.758605e-20
[1] 2.739399e-16 1.353216e-26 3.490993e-26 1.088144e-19
Algorithm converged after  13  iterations.
[1] 3.213702e-17 1.585313e-19
Algorithm converged after  2  iterations.
[1] 3.213702e-17 1.585313e-19 2.639762e-31
Algorithm converged after  5  iterations.
[1] 3.213702e-17 1.585313e-19 1.943769e-31
[1] 1.169949e-19 7.036198e-28 1.026614e-23
Algorithm converged after  11  iterations.
[1] 3.213702e-17 1.585313e-19 9.241876e-29
[1] 1.087986e-19 2.163732e-27 3.180987e-18
Algorithm converged after  15  iterations.
[1] 3.213702e-17 1.585313e-19 2.639762e-31 1.580849e-34
[1] 1.076258e-19 9.179978e-28 3.002823e-24 1.066301e-44
[1] 1.046785e-19 3.064877e-27 3.440219e-24 1.974115e-31
[1] 1.045098e-19 2.903798e-27 3.399973e-24 1.963989e-31
Algorithm converged after  35  iterations.
[1] 3.213702e-17 1.585313e-19 1.943769e-31 6.988860e-33
[1] 1.163281e-19 3.122871e-31 1.000995e-23 2.206415e-35
[1] 1.170425e-19 2.227364e-31 1.010971e-23 7.906469e-32
[1] 1.145081e-19 5.642394e-28 1.002362e-23 8.633342e-36
[1] 1.151930e-19 5.708983e-28 1.007296e-23 5.342055e-36
[1] 1.197097e-19 5.065372e-33 1.029870e-23 2.854021e-35
[1] 1.114725e-19 3.269051e-28 9.771433e-24 2.359681e-37
[1] 1.191068e-19 2.975817e-32 1.049256e-23 8.501036e-32
[1] 1.193483e-19 2.305950e-31 1.021987e-23 2.230001e-35
[1] 1.129096e-19 2.733570e-31 1.001834e-23 2.917001e-35
[1] 1.146441e-19 4.323054e-28 1.004683e-23 2.582453e-35
[1] 1.123558e-19 1.714089e-48 1.114349e-23 2.196142e-35
[1] 1.198466e-19 2.204318e-26 1.002878e-23 1.093905e-34
[1] 1.213098e-19 5.002380e-33 1.032424e-23 8.342907e-32
[1] 1.168696e-19 1.767121e-31 1.009012e-23 2.995647e-37
[1] 1.123488e-19 7.092075e-36 9.810289e-24 2.279739e-35
[1] 1.172754e-19 1.032800e-56 1.008641e-23 2.356126e-70
[1] 1.147583e-19 1.770034e-41 1.005396e-23 2.034928e-35
[1] 1.239778e-19 6.585529e-28 1.054103e-23 7.887226e-33
[1] 1.169636e-19 6.605111e-28 1.020964e-23 4.879626e-36
[1] 1.195978e-19 6.212266e-28 1.036381e-23 7.863929e-33
[1] 1.175210e-19 7.544507e-27 1.041183e-23 5.093172e-36
[1] 1.149799e-19 7.665832e-31 9.988940e-24 8.433411e-32
[1] 1.110873e-19 6.221322e-43 1.000950e-23 2.067068e-35
[1] 1.150661e-19 8.558188e-30 9.902203e-24 2.249904e-35
[1] 1.165386e-19 6.542505e-28 1.021061e-23 6.446405e-32
[1] 1.174104e-19 6.764852e-28 1.025234e-23 4.817176e-45
[1] 1.249861e-19 7.845158e-28 1.061087e-23 7.832386e-33
[1] 1.158270e-19 1.560898e-31 9.984964e-24 2.249638e-35
[1] 1.150859e-19 8.409549e-31 1.005347e-23 8.639082e-32
[1] 1.144309e-19 5.160119e-28 1.001511e-23 5.960166e-32
[1] 1.152009e-19 2.307081e-28 1.037257e-23 1.182092e-35
[1] 1.170439e-19 4.026441e-31 1.013544e-23 2.210629e-35
[1] 1.202349e-19 6.464791e-28 1.040681e-23 6.786715e-32
[1] 1.114543e-19 2.755064e-32 1.004300e-23 3.545766e-35
[1] 1.198655e-19 6.478387e-28 1.039543e-23 1.348096e-58
[1] 1.140988e-19 6.617294e-43 1.011019e-23 1.973271e-35
[1] 1.166898e-19 4.798266e-27 1.033330e-23 1.520838e-38
[1] 1.141770e-19 3.709793e-28 9.979509e-24 2.684953e-35
[1] 1.111649e-19 1.052604e-28 1.018824e-23 5.998696e-36
[1] 1.114385e-19 1.025425e-28 1.001063e-23 5.664982e-36
[1] 1.117322e-19 9.765076e-29 1.012530e-23 4.747426e-36
[1] 1.140684e-19 6.710733e-28 1.010426e-23 1.484099e-38
[1] 1.148344e-19 2.960862e-26 9.774046e-24 1.236726e-37
[1] 1.206146e-19 2.964037e-33 1.043471e-23 2.550164e-35
[1] 1.192625e-19 3.852550e-33 1.025785e-23 2.538767e-35
[1] 1.205456e-19 1.867691e-31 1.024526e-23 4.679680e-36
[1] 1.152899e-19 8.235075e-31 9.970584e-24 8.360888e-32
[1] 1.086289e-19 3.616067e-34 9.914567e-24 2.454498e-35
[1] 1.174605e-19 2.375026e-37 1.098888e-23 2.005211e-35
Algorithm did not converge after  500  iterations.
[1] 3.213702e-17 1.585313e-19 9.241876e-29 1.964792e-30
[1] 1.055593e-19 2.919554e-28 4.418833e-18 1.961723e-32
[1] 1.095612e-19 4.137064e-32 3.119826e-18 1.167535e-28
[1] 1.051003e-19 3.264012e-28 4.416853e-18 6.024141e-49
[1] 1.066485e-19 3.533071e-28 4.417961e-18 8.752532e-31
[1] 1.012493e-19 1.356528e-28 2.884080e-18 2.087228e-30
[1] 1.082276e-19 2.962707e-28 4.524356e-18 3.056972e-32
[1] 1.071906e-19 3.509489e-28 4.744444e-18 4.526707e-31
[1] 1.058610e-19 2.973355e-61 2.774843e-18 1.335087e-32
[1] 1.061371e-19 3.075430e-28 4.134962e-18 7.918603e-31
[1] 1.080807e-19 3.648605e-28 5.135937e-18 3.647524e-32
[1] 1.102126e-19 6.115299e-30 3.191489e-18 1.907231e-30
[1] 1.008766e-19 1.422134e-28 2.402061e-18 6.070611e-29
[1] 1.091803e-19 4.660944e-28 5.826331e-18 3.425804e-32
[1] 1.072189e-19 3.825822e-28 4.670182e-18 2.421479e-32
Algorithm converged after  141  iterations.
[1] 3.213702e-17 1.585313e-19 2.639762e-31 1.943769e-31
Algorithm converged after  6  iterations.
[1] 3.213702e-17 1.585313e-19 2.639762e-31 9.241876e-29
Algorithm converged after  6  iterations.
[1] 3.213702e-17 1.585313e-19 1.943769e-31 9.241876e-29
[1] 1.244230e-19 7.289253e-27 1.039200e-23 4.487830e-18
Algorithm converged after  13  iterations.
numeric(0)
Algorithm converged after  1  iterations.
[1] 1.836143e-23
Algorithm converged after  2  iterations.
[1] 3.468046e-24
Algorithm converged after  2  iterations.
[1] 1.813581e-23
Algorithm converged after  2  iterations.
[1] 1.836143e-23 7.254401e-27
Algorithm converged after  2  iterations.
[1] 3.468046e-24 1.168605e-25
Algorithm converged after  2  iterations.
[1] 1.813581e-23 1.652748e-31
Algorithm converged after  2  iterations.
[1] 1.836143e-23 3.468046e-24
Algorithm converged after  2  iterations.
[1] 1.836143e-23 1.813581e-23
Algorithm converged after  2  iterations.
[1] 3.468046e-24 1.813581e-23
Algorithm converged after  2  iterations.
[1] 1.836143e-23 7.254401e-27 3.468046e-24
Algorithm converged after  2  iterations.
[1] 1.836143e-23 7.254401e-27 1.813581e-23
Algorithm converged after  2  iterations.
[1] 1.836143e-23 3.468046e-24 1.168605e-25
Algorithm converged after  2  iterations.
[1] 1.836143e-23 1.813581e-23 1.652748e-31
Algorithm converged after  2  iterations.
[1] 3.468046e-24 1.168605e-25 1.813581e-23
Algorithm converged after  2  iterations.
[1] 3.468046e-24 1.813581e-23 1.652748e-31
Algorithm converged after  2  iterations.
[1] 1.836143e-23 3.468046e-24 1.813581e-23
Algorithm converged after  2  iterations.
[1] 1.836143e-23 7.254401e-27 3.468046e-24 1.168605e-25
Algorithm converged after  2  iterations.
[1] 1.836143e-23 7.254401e-27 1.813581e-23 1.652748e-31
Algorithm converged after  2  iterations.
[1] 3.468046e-24 1.168605e-25 1.813581e-23 1.652748e-31
Algorithm converged after  2  iterations.
[1] 1.836143e-23 7.254401e-27 3.468046e-24 1.813581e-23
Algorithm converged after  2  iterations.
[1] 1.836143e-23 3.468046e-24 1.168605e-25 1.813581e-23
Algorithm converged after  2  iterations.
[1] 1.836143e-23 3.468046e-24 1.813581e-23 1.652748e-31
Algorithm converged after  2  iterations.
[1] 6.519703e-20
Algorithm converged after  2  iterations.
[1] 6.519703e-20 2.602710e-25
Algorithm converged after  6  iterations.
[1] 6.519703e-20 3.132277e-23
Algorithm converged after  6  iterations.
[1] 6.519703e-20 1.265429e-17
Algorithm converged after  6  iterations.
[1] 6.519703e-20 2.602710e-25 2.712011e-31
Algorithm converged after  6  iterations.
[1] 6.519703e-20 3.132277e-23 3.018697e-39
Algorithm converged after  6  iterations.
[1] 6.519703e-20 1.265429e-17 4.559051e-36
[1] 7.078775e-20 1.351869e-17 5.316398e-32
Algorithm converged after  18  iterations.
[1] 6.519703e-20 2.602710e-25 3.132277e-23
Algorithm converged after  7  iterations.
[1] 6.519703e-20 2.602710e-25 1.265429e-17
Algorithm converged after  7  iterations.
[1] 6.519703e-20 3.132277e-23 1.265429e-17
Algorithm converged after  7  iterations.
[1] 6.519703e-20 2.602710e-25 2.712011e-31 3.132277e-23
Algorithm converged after  7  iterations.
[1] 6.519703e-20 2.602710e-25 2.712011e-31 1.265429e-17
[1] 7.137449e-20 3.087476e-25 2.679103e-31 1.358570e-17
Algorithm converged after  12  iterations.
[1] 6.519703e-20 2.602710e-25 3.132277e-23 3.018697e-39
Algorithm converged after  7  iterations.
[1] 6.519703e-20 2.602710e-25 1.265429e-17 4.559051e-36
[1] 7.392553e-20 3.289089e-25 1.397436e-17 4.579385e-36
Algorithm converged after  11  iterations.
[1] 6.519703e-20 3.132277e-23 3.018697e-39 1.265429e-17
[1] 7.882863e-20 3.422773e-23 1.596002e-37 1.468263e-17
[1] 8.319887e-20 3.512681e-23 3.071893e-63 1.532150e-17
[1] 7.740435e-20 3.393161e-23 1.583876e-37 1.447239e-17
[1] 7.882896e-20 3.422794e-23 1.596103e-37 1.468237e-17
[1] 7.774250e-20 3.400235e-23 1.587024e-37 1.452272e-17
[1] 8.318360e-20 3.512276e-23 1.625599e-37 1.531811e-17
[1] 8.318361e-20 3.512277e-23 1.625599e-37 1.531811e-17
[1] 8.318361e-20 3.512277e-23 1.625599e-37 1.531811e-17
[1] 8.318361e-20 3.512277e-23 1.625599e-37 1.531811e-17
[1] 8.318361e-20 3.512277e-23 1.625599e-37 1.531811e-17
[1] 8.318361e-20 3.512277e-23 1.625599e-37 1.531811e-17
[1] 8.318361e-20 3.512277e-23 1.625599e-37 1.531811e-17
[1] 8.318361e-20 3.512277e-23 1.625599e-37 1.531811e-17
[1] 8.318361e-20 3.512277e-23 1.625599e-37 1.531811e-17
[1] 8.318361e-20 3.512277e-23 1.625599e-37 1.531811e-17
[1] 8.318361e-20 3.512277e-23 1.625599e-37 1.531811e-17
[1] 8.318361e-20 3.512277e-23 1.625599e-37 1.531811e-17
[1] 8.318361e-20 3.512277e-23 1.625599e-37 1.531811e-17
[1] 8.318361e-20 3.512277e-23 1.625599e-37 1.531811e-17
[1] 8.318361e-20 3.512277e-23 1.625599e-37 1.531811e-17
[1] 8.318361e-20 3.512277e-23 1.625599e-37 1.531811e-17
[1] 8.318361e-20 3.512277e-23 1.625599e-37 1.531811e-17
[1] 8.318361e-20 3.512277e-23 1.625599e-37 1.531811e-17
[1] 8.318361e-20 3.512277e-23 1.625599e-37 1.531811e-17
[1] 8.318361e-20 3.512277e-23 1.625599e-37 1.531811e-17
[1] 8.318361e-20 3.512277e-23 1.625599e-37 1.531811e-17
[1] 8.318361e-20 3.512277e-23 1.625599e-37 1.531811e-17
[1] 8.318361e-20 3.512277e-23 1.625599e-37 1.531811e-17
[1] 8.318361e-20 3.512277e-23 1.625599e-37 1.531811e-17
[1] 8.318361e-20 3.512277e-23 1.625599e-37 1.531811e-17
[1] 8.318361e-20 3.512277e-23 1.625599e-37 1.531811e-17
[1] 8.318361e-20 3.512277e-23 1.625599e-37 1.531811e-17
[1] 8.318361e-20 3.512277e-23 1.625599e-37 1.531811e-17
[1] 8.318361e-20 3.512277e-23 1.625599e-37 1.531811e-17
[1] 8.318361e-20 3.512277e-23 1.625599e-37 1.531811e-17
[1] 8.318361e-20 3.512277e-23 1.625599e-37 1.531811e-17
[1] 8.318361e-20 3.512277e-23 1.625600e-37 1.531811e-17
[1] 8.318361e-20 3.512277e-23 1.625600e-37 1.531811e-17
[1] 8.318361e-20 3.512277e-23 1.625600e-37 1.531811e-17
[1] 8.318361e-20 3.512277e-23 1.625600e-37 1.531811e-17
[1] 8.318361e-20 3.512277e-23 1.625600e-37 1.531811e-17
[1] 8.318361e-20 3.512277e-23 1.625600e-37 1.531811e-17
[1] 8.318361e-20 3.512277e-23 1.625600e-37 1.531811e-17
[1] 8.318361e-20 3.512277e-23 1.625600e-37 1.531811e-17
[1] 8.318361e-20 3.512277e-23 1.625600e-37 1.531811e-17
[1] 8.318361e-20 3.512277e-23 1.625600e-37 1.531811e-17
[1] 8.318361e-20 3.512277e-23 1.625600e-37 1.531811e-17
[1] 8.318361e-20 3.512277e-23 1.625600e-37 1.531811e-17
[1] 8.318361e-20 3.512277e-23 1.625600e-37 1.531811e-17
Algorithm did not converge after  500  iterations.
[1] 6.519703e-20 3.132277e-23 1.265429e-17 4.559051e-36
Algorithm converged after  8  iterations.
[1] 6.519703e-20 2.602710e-25 3.132277e-23 1.265429e-17
Algorithm converged after  8  iterations.
[1] 6.519703e-20 9.371026e-32
Algorithm converged after  2  iterations.
[1] 6.519703e-20 9.371026e-32 2.494827e-25
[1] 6.978459e-20 6.061523e-25 7.605189e-25
Algorithm converged after  12  iterations.
[1] 6.519703e-20 9.371026e-32 3.088137e-23
Algorithm converged after  9  iterations.
[1] 6.519703e-20 9.371026e-32 1.244886e-17
Algorithm converged after  7  iterations.
[1] 6.519703e-20 9.371026e-32 2.494827e-25 2.607051e-31
Algorithm converged after  7  iterations.
[1] 6.519703e-20 9.371026e-32 3.088137e-23 1.523231e-37
[1] 7.779344e-20 1.821150e-27 3.452988e-23 1.642574e-37
Algorithm converged after  17  iterations.
[1] 6.519703e-20 9.371026e-32 1.244886e-17 7.353729e-41
[1] 7.192467e-20 3.172818e-28 1.850192e-17 1.105424e-35
[1] 7.192569e-20 3.173226e-28 1.850479e-17 1.105406e-35
[1] 7.192631e-20 3.174661e-28 1.850860e-17 1.105445e-35
[1] 7.192692e-20 3.176090e-28 1.851239e-17 1.105483e-35
[1] 7.192752e-20 3.177511e-28 1.851617e-17 1.105520e-35
[1] 7.192814e-20 3.178936e-28 1.851994e-17 1.105559e-35
[1] 7.192874e-20 3.180353e-28 1.852370e-17 1.105597e-35
[1] 7.192934e-20 3.181765e-28 1.852744e-17 1.105635e-35
[1] 7.192994e-20 3.183172e-28 1.853117e-17 1.105672e-35
[1] 7.193053e-20 3.184575e-28 1.853489e-17 1.105709e-35
[1] 7.193113e-20 3.185974e-28 1.853859e-17 1.105747e-35
[1] 7.193172e-20 3.187368e-28 1.854228e-17 1.105784e-35
[1] 7.193231e-20 3.188759e-28 1.854596e-17 1.105821e-35
[1] 7.193290e-20 3.190144e-28 1.854963e-17 1.105857e-35
[1] 7.193349e-20 3.191526e-28 1.855328e-17 6.001463e-36
[1] 7.309880e-20 2.887064e-28 1.863071e-17 5.998416e-36
[1] 7.077328e-20 2.847702e-28 1.742049e-17 2.427727e-31
Algorithm converged after  180  iterations.
[1] 6.519703e-20 9.371026e-32 2.494827e-25 3.088137e-23
[1] 7.790670e-20 7.148299e-29 3.820554e-25 3.452215e-23
Algorithm converged after  13  iterations.
[1] 6.519703e-20 9.371026e-32 2.494827e-25 1.244886e-17
[1] 7.337986e-20 4.533372e-32 3.593901e-25 1.594633e-17
[1] 7.407094e-20 1.305228e-29 3.379260e-25 1.405079e-17
Algorithm converged after  29  iterations.
[1] 6.519703e-20 9.371026e-32 3.088137e-23 1.244886e-17
[1] 8.014226e-20 8.816641e-31 3.484295e-23 1.672364e-17
[1] 8.050077e-20 3.450853e-30 3.509130e-23 1.487817e-17
Algorithm converged after  30  iterations.
numeric(0)
Algorithm converged after  1  iterations.
[1] 1.456569e-24
Algorithm converged after  2  iterations.
[1] 3.263374e-24
Algorithm converged after  2  iterations.
[1] 1.376514e-23
Algorithm converged after  2  iterations.
[1] 1.456569e-24 1.743133e-26
Algorithm converged after  2  iterations.
[1] 3.263374e-24 7.555520e-26
Algorithm converged after  2  iterations.
[1] 1.376514e-23 2.229653e-30
Algorithm converged after  2  iterations.
[1] 1.456569e-24 3.263374e-24
Algorithm converged after  2  iterations.
[1] 1.456569e-24 1.376514e-23
Algorithm converged after  2  iterations.
[1] 3.263374e-24 1.376514e-23
Algorithm converged after  2  iterations.
[1] 1.456569e-24 1.743133e-26 3.263374e-24
Algorithm converged after  2  iterations.
[1] 1.456569e-24 1.743133e-26 1.376514e-23
Algorithm converged after  2  iterations.
[1] 1.456569e-24 3.263374e-24 7.555520e-26
Algorithm converged after  2  iterations.
[1] 1.456569e-24 1.376514e-23 2.229653e-30
Algorithm converged after  2  iterations.
[1] 3.263374e-24 7.555520e-26 1.376514e-23
Algorithm converged after  2  iterations.
[1] 3.263374e-24 1.376514e-23 2.229653e-30
Algorithm converged after  2  iterations.
[1] 1.456569e-24 3.263374e-24 1.376514e-23
Algorithm converged after  2  iterations.
[1] 1.456569e-24 1.743133e-26 3.263374e-24 7.555520e-26
Algorithm converged after  2  iterations.
[1] 1.456569e-24 1.743133e-26 1.376514e-23 2.229653e-30
Algorithm converged after  2  iterations.
[1] 3.263374e-24 7.555520e-26 1.376514e-23 2.229653e-30
Algorithm converged after  2  iterations.
[1] 1.456569e-24 1.743133e-26 3.263374e-24 1.376514e-23
Algorithm converged after  2  iterations.
[1] 1.456569e-24 3.263374e-24 7.555520e-26 1.376514e-23
Algorithm converged after  2  iterations.
[1] 1.456569e-24 3.263374e-24 1.376514e-23 2.229653e-30
Algorithm converged after  2  iterations.
[1] 1.920909e-16
Algorithm converged after  2  iterations.
[1] 1.920909e-16 8.530302e-25
Algorithm converged after  6  iterations.
[1] 1.920909e-16 1.432557e-24
Algorithm converged after  6  iterations.
[1] 1.920909e-16 5.640048e-23
Algorithm converged after  9  iterations.
[1] 1.920909e-16 8.530302e-25 1.812235e-31
Algorithm converged after  8  iterations.
[1] 1.920909e-16 1.432557e-24 8.866825e-38
[1] 2.822479e-16 1.501272e-24 4.311937e-50
[1] 2.955991e-16 1.511062e-24 9.610190e-65
[1] 2.999704e-16 1.513966e-24 2.770085e-33
[1] 2.892572e-16 1.506917e-24 4.833402e-38
Algorithm converged after  45  iterations.
[1] 1.920909e-16 5.640048e-23 2.528816e-30
Algorithm converged after  9  iterations.
[1] 1.920909e-16 8.530302e-25 1.432557e-24
Algorithm converged after  7  iterations.
[1] 1.920909e-16 8.530302e-25 5.640048e-23
Algorithm converged after  8  iterations.
[1] 1.920909e-16 1.432557e-24 5.640048e-23
Algorithm converged after  8  iterations.
[1] 1.920909e-16 8.530302e-25 1.812235e-31 1.432557e-24
Algorithm converged after  9  iterations.
[1] 1.920909e-16 8.530302e-25 1.812235e-31 5.640048e-23
Algorithm converged after  9  iterations.
[1] 1.920909e-16 8.530302e-25 1.432557e-24 8.866825e-38
Algorithm converged after  8  iterations.
[1] 1.920909e-16 8.530302e-25 5.640048e-23 2.528816e-30
Algorithm converged after  9  iterations.
[1] 1.920909e-16 1.432557e-24 8.866825e-38 5.640048e-23
[1] 9.948750e-16 1.875874e-24 5.090706e-38 7.240023e-23
[1] 9.747436e-16 1.867299e-24 5.104299e-38 7.209875e-23
[1] 9.698869e-16 1.865242e-24 1.014906e-47 7.203048e-23
[1] 9.958219e-16 1.876445e-24 4.781529e-38 7.243678e-23
[1] 9.925106e-16 1.875030e-24 5.094077e-38 7.239326e-23
[1] 9.946875e-16 1.875981e-24 4.818271e-38 7.242923e-23
[1] 9.950503e-16 1.876252e-24 2.937716e-36 7.245569e-23
[1] 9.951073e-16 1.876286e-24 6.183192e-33 7.246465e-23
[1] 9.733168e-16 1.867016e-24 6.179129e-33 7.213848e-23
[1] 9.565098e-16 1.859758e-24 1.120549e-42 7.189127e-23
[1] 9.590297e-16 1.860889e-24 5.090666e-38 7.193856e-23
[1] 9.796385e-16 1.869880e-24 1.769084e-42 7.225702e-23
[1] 9.735084e-16 1.867306e-24 2.952754e-36 7.217616e-23
[1] 9.837338e-16 1.871524e-24 8.777889e-55 7.233768e-23
[1] 9.930455e-16 1.875744e-24 6.180804e-33 7.248695e-23
[1] 9.960038e-16 1.877044e-24 6.179231e-33 7.253670e-23
[1] 1.013246e-15 1.884362e-24 1.775161e-42 7.280036e-23
[1] 9.565025e-16 1.860030e-24 2.958056e-36 7.194242e-23
[1] 9.975693e-16 1.877619e-24 4.824510e-38 7.257598e-23
[1] 9.733101e-16 1.867449e-24 2.952310e-36 7.221417e-23
[1] 9.938512e-16 1.876300e-24 5.066687e-38 7.253224e-23
[1] 9.595233e-16 1.861497e-24 2.956187e-36 7.201668e-23
[1] 9.938445e-16 1.876389e-24 1.774596e-42 7.254855e-23
[1] 9.549599e-16 1.859591e-24 2.959349e-36 7.195995e-23
[1] 9.590081e-16 1.861451e-24 2.956540e-36 7.204437e-23
[1] 9.984838e-16 1.878514e-24 5.707982e-65 7.265126e-23
[1] 9.730774e-16 1.867700e-24 4.795524e-38 7.226922e-23
[1] 1.057507e-15 1.903383e-24 5.061034e-38 7.354510e-23
[1] 9.551024e-16 1.859850e-24 2.959255e-36 7.199982e-23
Algorithm converged after  295  iterations.
[1] 1.920909e-16 1.432557e-24 5.640048e-23 2.528816e-30
Algorithm converged after  9  iterations.
[1] 1.920909e-16 8.530302e-25 1.432557e-24 5.640048e-23
Algorithm converged after  9  iterations.
[1] 1.920909e-16 5.074495e-20
Algorithm converged after  2  iterations.
[1] 1.920909e-16 5.074495e-20 2.507187e-31
Algorithm converged after  5  iterations.
[1] 1.920909e-16 5.074495e-20 4.095968e-31
Algorithm converged after  4  iterations.
[1] 1.920909e-16 5.074495e-20 2.614899e-28
Algorithm converged after  6  iterations.
[1] 1.920909e-16 5.074495e-20 2.507187e-31 1.362039e-36
Algorithm converged after  7  iterations.
[1] 1.920909e-16 5.074495e-20 4.095968e-31 5.810964e-38
[1] 1.763353e-16 5.340098e-20 4.120960e-31 4.544043e-33
[1] 2.114648e-16 5.519961e-20 4.153225e-31 4.674872e-33
[1] 2.104623e-16 5.532116e-20 4.152787e-31 4.518239e-38
[1] 2.116186e-16 5.520896e-20 4.154191e-31 5.962489e-51
[1] 2.121713e-16 5.529519e-20 4.155510e-31 4.680518e-33
[1] 2.111899e-16 5.525671e-20 4.154309e-31 4.671836e-33
[1] 2.121759e-16 5.529534e-20 4.156149e-31 2.463624e-36
[1] 1.752306e-16 5.166315e-20 4.105976e-31 4.493241e-33
[1] 2.108145e-16 5.525399e-20 4.155869e-31 4.668492e-33
[1] 1.956696e-16 5.089398e-20 4.107626e-31 5.816364e-38
[1] 1.857029e-16 5.065902e-20 4.103098e-31 2.886356e-37
[1] 1.957163e-16 5.091620e-20 4.109220e-31 4.516829e-33
[1] 1.944864e-16 5.168359e-20 4.115634e-31 3.099941e-36
[1] 2.109544e-16 5.527803e-20 4.158425e-31 1.767251e-36
[1] 2.121198e-16 5.529780e-20 4.159807e-31 6.051788e-52
[1] 2.111424e-16 5.526082e-20 4.159291e-31 5.604306e-38
[1] 1.951961e-16 5.083367e-20 4.110331e-31 4.513626e-33
[1] 1.956091e-16 5.088774e-20 4.110895e-31 5.740129e-38
[1] 1.960355e-16 5.146145e-20 4.114491e-31 3.124078e-36
[1] 1.774901e-16 4.961009e-20 4.085936e-31 4.291999e-50
[1] 2.115130e-16 5.521332e-20 4.161257e-31 4.677922e-33
[1] 2.114580e-16 5.534920e-20 4.161812e-31 4.674284e-33
Algorithm converged after  222  iterations.
[1] 1.920909e-16 5.074495e-20 2.614899e-28 6.316793e-30
Algorithm converged after  7  iterations.
[1] 1.920909e-16 5.074495e-20 2.507187e-31 4.095968e-31
Algorithm converged after  5  iterations.
[1] 1.920909e-16 5.074495e-20 2.507187e-31 2.614899e-28
Algorithm converged after  6  iterations.
[1] 1.920909e-16 5.074495e-20 4.095968e-31 2.614899e-28
Algorithm converged after  6  iterations.
numeric(0)
Algorithm converged after  1  iterations.
[1] 8.704094e-24
Algorithm converged after  2  iterations.
[1] 6.280576e-24
Algorithm converged after  2  iterations.
[1] 1.888183e-18
Algorithm converged after  2  iterations.
[1] 8.704094e-24 3.562355e-27
Algorithm converged after  2  iterations.
[1] 6.280576e-24 8.905417e-26
Algorithm converged after  2  iterations.
[1] 1.888183e-18 1.851107e-23
Algorithm converged after  2  iterations.
[1] 8.704094e-24 6.280576e-24
Algorithm converged after  2  iterations.
[1] 8.704094e-24 1.888183e-18
Algorithm converged after  2  iterations.
[1] 6.280576e-24 1.888183e-18
Algorithm converged after  2  iterations.
[1] 8.704094e-24 3.562355e-27 6.280576e-24
Algorithm converged after  2  iterations.
[1] 8.704094e-24 3.562355e-27 1.888183e-18
Algorithm converged after  2  iterations.
[1] 8.704094e-24 6.280576e-24 8.905417e-26
Algorithm converged after  2  iterations.
[1] 8.704094e-24 1.888183e-18 1.851107e-23
Algorithm converged after  2  iterations.
[1] 6.280576e-24 8.905417e-26 1.888183e-18
Algorithm converged after  2  iterations.
[1] 6.280576e-24 1.888183e-18 1.851107e-23
Algorithm converged after  2  iterations.
[1] 8.704094e-24 6.280576e-24 1.888183e-18
Algorithm converged after  2  iterations.
[1] 8.704094e-24 3.562355e-27 6.280576e-24 8.905417e-26
Algorithm converged after  2  iterations.
[1] 8.704094e-24 3.562355e-27 1.888183e-18 1.851107e-23
Algorithm converged after  2  iterations.
[1] 6.280576e-24 8.905417e-26 1.888183e-18 1.851107e-23
Algorithm converged after  2  iterations.
[1] 8.704094e-24 3.562355e-27 6.280576e-24 1.888183e-18
Algorithm converged after  2  iterations.
[1] 8.704094e-24 6.280576e-24 8.905417e-26 1.888183e-18
Algorithm converged after  2  iterations.
[1] 8.704094e-24 6.280576e-24 1.888183e-18 1.851107e-23
Algorithm converged after  2  iterations.
[1] 1.079858e-16
Algorithm converged after  2  iterations.
[1] 1.079858e-16 7.237107e-25
Algorithm converged after  6  iterations.
[1] 1.079858e-16 1.423387e-24
Algorithm converged after  6  iterations.
[1] 1.079858e-16 6.652249e-23
Algorithm converged after  7  iterations.
[1] 1.079858e-16 7.237107e-25 7.497701e-32
Algorithm converged after  6  iterations.
[1] 1.079858e-16 1.423387e-24 3.118900e-35
Algorithm converged after  6  iterations.
[1] 1.079858e-16 6.652249e-23 3.310895e-30
Algorithm converged after  8  iterations.
[1] 1.079858e-16 7.237107e-25 1.423387e-24
Algorithm converged after  7  iterations.
[1] 1.079858e-16 7.237107e-25 6.652249e-23
Algorithm converged after  8  iterations.
[1] 1.079858e-16 1.423387e-24 6.652249e-23
Algorithm converged after  8  iterations.
[1] 1.079858e-16 7.237107e-25 7.497701e-32 1.423387e-24
Algorithm converged after  7  iterations.
[1] 1.079858e-16 7.237107e-25 7.497701e-32 6.652249e-23
[1] 5.663052e-16 9.188249e-25 8.078322e-32 8.783874e-23
[1] 5.666141e-16 9.189299e-25 8.078589e-32 8.785133e-23
[1] 5.579813e-16 9.160888e-25 2.143265e-36 8.754158e-23
[1] 5.666163e-16 9.189482e-25 5.599897e-33 8.785675e-23
[1] 5.591440e-16 9.164955e-25 8.072220e-32 8.758946e-23
[1] 5.530650e-16 9.144805e-25 8.064684e-32 8.737047e-23
[1] 5.587634e-16 9.163877e-25 8.071691e-32 8.758042e-23
[1] 5.654924e-16 9.186218e-25 5.307792e-33 8.782628e-23
[1] 5.591731e-16 9.165434e-25 8.071946e-32 8.760104e-23
[1] 5.637361e-16 9.180693e-25 8.075187e-32 8.777023e-23
[1] 5.659649e-16 9.188096e-25 9.404505e-51 8.785205e-23
[1] 5.623189e-16 9.176419e-25 8.076087e-32 8.772564e-23
[1] 5.650022e-16 9.185133e-25 8.078145e-32 8.782275e-23
[1] 5.632849e-16 9.179544e-25 9.399514e-51 8.776472e-23
[1] 5.438275e-16 9.114977e-25 7.853009e-52 8.705983e-23
[1] 5.668057e-16 9.191413e-25 4.205096e-34 8.789727e-23
[1] 5.588530e-16 9.165836e-25 8.071392e-32 8.762747e-23
[1] 5.622919e-16 9.177418e-25 3.004274e-36 8.775716e-23
[1] 5.668220e-16 9.192442e-25 2.392702e-36 8.792244e-23
[1] 5.641853e-16 9.183776e-25 8.074859e-32 8.783069e-23
[1] 5.663614e-16 9.191063e-25 8.078022e-32 8.791130e-23
Algorithm converged after  216  iterations.
[1] 1.079858e-16 7.237107e-25 1.423387e-24 3.118900e-35
Algorithm converged after  7  iterations.
[1] 1.079858e-16 7.237107e-25 6.652249e-23 3.310895e-30
Algorithm converged after  9  iterations.
[1] 1.079858e-16 1.423387e-24 3.118900e-35 6.652249e-23
Algorithm converged after  7  iterations.
[1] 1.079858e-16 1.423387e-24 6.652249e-23 3.310895e-30
Algorithm converged after  9  iterations.
[1] 1.079858e-16 7.237107e-25 1.423387e-24 6.652249e-23
Algorithm converged after  9  iterations.
[1] 1.079858e-16 4.964605e-20
Algorithm converged after  2  iterations.
[1] 1.079858e-16 4.964605e-20 1.396930e-31
Algorithm converged after  5  iterations.
[1] 1.079858e-16 4.964605e-20 3.334576e-31
Algorithm converged after  4  iterations.
[1] 1.079858e-16 4.964605e-20 2.616218e-28
Algorithm converged after  6  iterations.
[1] 1.079858e-16 4.964605e-20 1.396930e-31 5.887486e-33
Algorithm converged after  5  iterations.
[1] 1.079858e-16 4.964605e-20 3.334576e-31 8.643349e-38
[1] 9.438347e-17 5.250169e-20 3.954453e-31 7.034737e-36
[1] 1.669731e-17 1.016117e-29 6.799315e-26 2.262556e-35
[1] 2.973222e-17 1.848746e-27 6.949156e-26 3.082017e-31
[1] 1.623031e-17 3.593503e-29 6.861571e-26 5.930689e-35
[1] 1.477667e-17 8.356866e-30 6.762894e-26 1.391055e-33
[1] 2.474023e-17 1.196815e-27 6.987712e-26 1.553008e-33
[1] 1.589232e-17 8.661614e-30 6.835381e-26 2.026909e-33
[1] 1.328123e-17 9.095299e-30 6.782111e-26 4.332676e-35
[1] 1.274378e-17 9.597926e-30 6.798073e-26 4.358522e-35
[1] 1.997531e-17 1.287500e-29 6.789419e-26 4.184902e-35
[1] 1.932934e-17 1.661700e-43 6.783047e-26 5.343059e-36
[1] 1.736967e-17 4.870415e-27 6.961941e-26 1.931151e-38
[1] 1.485063e-17 8.342511e-30 6.767055e-26 2.575305e-48
[1] 1.771951e-17 1.567675e-29 6.799458e-26 1.779799e-33
[1] 1.679817e-17 1.271573e-38 6.995508e-26 1.499781e-35
[1] 1.303108e-17 9.694867e-30 6.790114e-26 3.265124e-35
Algorithm converged after  163  iterations.
[1] 1.079858e-16 4.964605e-20 2.616218e-28 5.959614e-57
[1] 1.386944e-16 5.073180e-20 2.771593e-28 1.773779e-31
[1] 1.479266e-16 5.072099e-20 2.806734e-28 2.055067e-49
[1] 1.569312e-16 5.010967e-20 2.828596e-28 8.291465e-30
[1] 1.862505e-16 4.741887e-20 2.877459e-28 3.779193e-31
[1] 1.279584e-16 5.388039e-20 2.778699e-28 2.611916e-48
[1] 1.694448e-16 5.009892e-20 2.874850e-28 8.377081e-30
[1] 1.909241e-16 4.736545e-20 2.894484e-28 8.594904e-30
Algorithm converged after  71  iterations.
[1] 1.079858e-16 4.964605e-20 1.396930e-31 3.334576e-31
Algorithm converged after  5  iterations.
[1] 1.079858e-16 4.964605e-20 1.396930e-31 2.616218e-28
Algorithm converged after  6  iterations.
[1] 1.079858e-16 4.964605e-20 3.334576e-31 2.616218e-28
Algorithm converged after  6  iterations.
numeric(0)
Algorithm converged after  1  iterations.
[1] 8.33672e-24
Algorithm converged after  2  iterations.
[1] 9.203201e-24
Algorithm converged after  2  iterations.
[1] 1.878564e-18
Algorithm converged after  2  iterations.
[1] 8.336720e-24 1.645811e-26
Algorithm converged after  2  iterations.
[1] 9.203201e-24 1.036440e-25
Algorithm converged after  2  iterations.
[1] 1.878564e-18 2.926724e-23
Algorithm converged after  2  iterations.
[1] 8.336720e-24 9.203201e-24
Algorithm converged after  2  iterations.
[1] 8.336720e-24 1.878564e-18
Algorithm converged after  2  iterations.
[1] 9.203201e-24 1.878564e-18
Algorithm converged after  2  iterations.
[1] 8.336720e-24 1.645811e-26 9.203201e-24
Algorithm converged after  2  iterations.
[1] 8.336720e-24 1.645811e-26 1.878564e-18
Algorithm converged after  2  iterations.
[1] 8.336720e-24 9.203201e-24 1.036440e-25
Algorithm converged after  2  iterations.
[1] 8.336720e-24 1.878564e-18 2.926724e-23
Algorithm converged after  2  iterations.
[1] 9.203201e-24 1.036440e-25 1.878564e-18
Algorithm converged after  2  iterations.
[1] 9.203201e-24 1.878564e-18 2.926724e-23
Algorithm converged after  2  iterations.
[1] 8.336720e-24 9.203201e-24 1.878564e-18
Algorithm converged after  2  iterations.
[1] 8.336720e-24 1.645811e-26 9.203201e-24 1.036440e-25
Algorithm converged after  2  iterations.
[1] 8.336720e-24 1.645811e-26 1.878564e-18 2.926724e-23
Algorithm converged after  2  iterations.
[1] 9.203201e-24 1.036440e-25 1.878564e-18 2.926724e-23
Algorithm converged after  2  iterations.
[1] 8.336720e-24 1.645811e-26 9.203201e-24 1.878564e-18
Algorithm converged after  2  iterations.
[1] 8.336720e-24 9.203201e-24 1.036440e-25 1.878564e-18
Algorithm converged after  2  iterations.
[1] 8.336720e-24 9.203201e-24 1.878564e-18 2.926724e-23
Algorithm converged after  2  iterations.
[1] 1.362793e-16
Algorithm converged after  2  iterations.
[1] 1.362793e-16 1.388276e-24
Algorithm converged after  6  iterations.
[1] 1.362793e-16 1.416018e-24
Algorithm converged after  6  iterations.
[1] 1.362793e-16 8.741407e-23
Algorithm converged after  7  iterations.
[1] 1.362793e-16 1.388276e-24 1.403914e-31
Algorithm converged after  6  iterations.
[1] 1.362793e-16 1.416018e-24 5.259418e-35
[1] 1.851326e-16 1.472725e-24 5.134308e-35
[1] 1.724470e-16 1.459003e-24 1.194238e-63
[1] 1.696548e-16 1.456091e-24 1.527050e-33
[1] 1.814844e-16 1.469140e-24 2.936936e-31
[1] 1.57609e-16 1.44239e-24 3.85027e-61
[1] 1.754841e-16 1.462781e-24 8.025459e-34
[1] 1.69634e-16 1.45648e-24 2.78150e-62
[1] 1.853341e-16 1.473694e-24 8.052470e-34
[1] 1.815396e-16 1.469917e-24 7.877310e-34
[1] 1.717369e-16 1.459092e-24 2.660715e-32
[1] 1.572282e-16 1.442547e-24 7.903596e-34
[1] 1.821435e-16 1.470620e-24 2.418452e-35
[1] 1.695689e-16 1.456710e-24 3.343980e-54
[1] 1.717306e-16 1.459533e-24 5.167188e-35
[1] 1.902538e-16 1.479860e-24 5.167956e-35
[1] 1.832298e-16 1.472382e-24 5.118783e-35
[1] 1.696150e-16 1.457544e-24 4.963693e-35
[1] 1.846277e-16 1.474038e-24 4.219035e-35
[1] 1.568816e-16 1.442955e-24 5.450722e-35
[1] 1.725164e-16 1.461018e-24 5.081993e-58
[1] 1.826922e-16 1.472291e-24 5.309185e-35
[1] 1.687210e-16 1.456690e-24 5.408512e-35
[1] 1.571566e-16 1.443770e-24 5.329039e-35
[1] 1.717798e-16 1.460581e-24 1.850603e-63
[1] 1.852550e-16 1.475405e-24 5.167719e-35
[1] 1.611082e-16 1.448708e-24 5.043900e-35
[1] 1.717495e-16 1.460890e-24 3.573998e-58
[1] 1.855050e-16 1.476020e-24 5.195972e-35
[1] 1.573957e-16 1.444719e-24 5.078205e-35
[1] 1.854894e-16 1.476235e-24 8.115391e-34
[1] 1.834916e-16 1.474395e-24 4.984868e-35
[1] 1.794898e-16 1.469914e-24 5.139382e-35
[1] 1.575035e-16 1.445334e-24 5.017251e-35
[1] 1.563178e-16 1.444022e-24 5.326948e-35
[1] 1.568185e-16 1.444615e-24 5.367932e-35
[1] 1.606667e-16 1.449284e-24 5.228940e-35
[1] 1.695298e-16 1.459474e-24 4.965206e-35
[1] 1.733098e-16 1.463814e-24 2.642331e-32
[1] 1.575344e-16 1.445762e-24 4.507868e-53
[1] 1.580090e-16 1.446511e-24 3.204838e-53
[1] 1.579265e-16 1.446526e-24 1.213254e-53
[1] 1.570635e-16 1.445664e-24 5.259129e-35
[1] 1.859127e-16 1.478015e-24 1.063888e-33
[1] 1.575293e-16 1.446399e-24 1.684621e-50
[1] 1.564100e-16 1.445195e-24 5.295201e-35
[1] 1.809029e-16 1.473058e-24 3.024443e-54
[1] 1.564996e-16 1.445416e-24 4.970075e-35
[1] 1.721225e-16 1.463345e-24 1.506855e-64
[1] 1.577748e-16 1.446925e-24 4.251886e-67
Algorithm did not converge after  500  iterations.
[1] 1.362793e-16 8.741407e-23 1.971795e-30
[1] 4.486944e-16 1.030964e-22 8.140200e-36
[1] 4.773860e-16 1.042589e-22 2.515731e-30
[1] 4.982211e-16 1.050700e-22 8.399687e-36
[1] 4.447509e-16 1.029708e-22 1.148480e-28
[1] 4.965058e-16 1.050211e-22 2.544829e-30
[1] 4.773391e-16 1.042872e-22 1.234909e-29
[1] 4.504321e-16 1.032229e-22 9.976604e-36
[1] 4.982799e-16 1.051169e-22 1.618342e-43
[1] 4.628181e-16 1.037340e-22 8.321890e-36
[1] 4.522387e-16 1.033235e-22 2.220085e-51
[1] 4.416722e-16 1.029152e-22 1.146932e-28
[1] 5.021670e-16 1.052966e-22 9.886918e-36
[1] 4.963499e-16 1.050972e-22 9.979653e-36
[1] 4.546085e-16 1.034658e-22 2.497015e-30
[1] 4.449110e-16 1.030827e-22 2.475189e-30
[1] 4.436403e-16 1.030398e-22 7.941556e-59
[1] 4.436780e-16 1.032903e-22 1.280306e-37
[1] 4.671587e-16 1.042400e-22 9.888673e-36
[1] 4.916927e-16 1.052395e-22 9.968974e-36
[1] 4.447425e-16 1.033961e-22 2.466573e-30
[1] 4.667379e-16 1.042791e-22 2.448289e-30
[1] 4.773468e-16 1.047379e-22 9.991231e-36
[1] 4.779125e-16 1.047682e-22 1.234946e-29
[1] 4.450557e-16 1.034565e-22 1.929745e-39
[1] 4.452825e-16 1.034787e-22 9.932589e-36
[1] 4.797613e-16 1.048676e-22 2.517035e-30
[1] 4.798402e-16 1.048912e-22 9.968142e-36
[1] 4.426506e-16 1.034154e-22 8.244124e-36
[1] 4.575881e-16 1.040158e-22 1.620403e-43
[1] 4.434264e-16 1.034647e-22 1.147518e-28
[1] 4.912461e-16 1.055950e-22 2.450140e-30
[1] 4.802266e-16 1.052929e-22 2.292288e-30
[1] 4.500010e-16 1.041411e-22 1.215644e-29
[1] 4.456273e-16 1.039658e-22 1.928361e-39
[1] 4.475887e-16 1.040429e-22 9.897446e-36
[1] 4.852960e-16 1.055639e-22 6.779136e-50
[1] 4.476970e-16 1.040728e-22 9.894877e-36
[1] 4.944143e-16 1.059759e-22 6.372139e-32
[1] 4.992614e-16 1.061770e-22 9.962104e-36
[1] 4.552915e-16 1.044394e-22 3.833138e-62
[1] 4.428604e-16 1.039627e-22 2.467928e-30
[1] 4.448857e-16 1.040655e-22 2.466912e-30
[1] 4.662015e-16 1.049297e-22 2.490784e-30
[1] 4.928848e-16 1.060091e-22 2.477466e-30
[1] 5.006036e-16 1.063310e-22 1.174353e-28
[1] 4.733683e-16 1.052667e-22 2.497880e-30
[1] 4.493810e-16 1.043176e-22 8.278048e-36
[1] 4.987398e-16 1.062957e-22 2.483798e-30
Algorithm converged after  483  iterations.
[1] 1.362793e-16 1.388276e-24 1.416018e-24
Algorithm converged after  7  iterations.
[1] 1.362793e-16 1.388276e-24 8.741407e-23
Algorithm converged after  8  iterations.
[1] 1.362793e-16 1.416018e-24 8.741407e-23
Algorithm converged after  8  iterations.
[1] 1.362793e-16 1.388276e-24 1.403914e-31 1.416018e-24
Algorithm converged after  7  iterations.
[1] 1.362793e-16 1.388276e-24 1.403914e-31 8.741407e-23
Algorithm converged after  9  iterations.
[1] 1.362793e-16 1.388276e-24 1.416018e-24 5.259418e-35
[1] 2.530429e-16 1.487151e-24 1.542639e-24 5.242342e-35
Algorithm converged after  17  iterations.
[1] 1.362793e-16 1.388276e-24 8.741407e-23 1.971795e-30
[1] 6.053379e-16 1.702885e-24 1.091757e-22 6.933169e-32
Algorithm converged after  20  iterations.
[1] 1.362793e-16 1.416018e-24 5.259418e-35 8.741407e-23
[1] 5.110403e-16 1.754949e-24 1.423568e-62 1.056227e-22
[1] 5.355455e-16 1.772674e-24 7.745323e-34 1.065693e-22
Algorithm converged after  29  iterations.
[1] 1.362793e-16 1.416018e-24 8.741407e-23 1.971795e-30
[1] 5.429815e-16 1.777772e-24 1.068084e-22 2.370079e-30
[1] 5.708790e-16 1.797690e-24 1.078656e-22 1.252684e-29
[1] 5.431960e-16 1.778333e-24 1.068453e-22 2.409019e-30
[1] 5.474022e-16 1.781357e-24 1.070106e-22 9.932928e-36
[1] 5.642592e-16 1.792887e-24 1.076206e-22 8.051937e-36
[1] 5.475243e-16 1.781509e-24 1.070361e-22 9.936919e-36
[1] 5.946789e-16 1.814311e-24 1.087704e-22 9.888384e-36
[1] 5.934751e-16 1.813517e-24 1.087292e-22 1.263753e-29
[1] 5.531155e-16 1.785481e-24 1.072509e-22 2.418840e-30
[1] 5.946551e-16 1.814339e-24 1.087851e-22 1.929744e-43
[1] 5.727783e-16 1.799296e-24 1.079961e-22 8.157151e-36
[1] 5.395276e-16 1.775958e-24 1.067696e-22 8.049440e-36
[1] 5.977362e-16 1.816558e-24 1.089265e-22 2.452423e-30
[1] 5.401398e-16 1.776455e-24 1.068166e-22 2.404158e-30
[1] 5.981654e-16 1.816945e-24 1.089607e-22 2.459592e-30
[1] 5.401555e-16 1.776551e-24 1.068280e-22 1.018377e-40
[1] 5.659307e-16 1.794752e-24 1.077987e-22 1.252757e-29
[1] 5.919230e-16 1.812765e-24 1.087501e-22 2.457148e-30
[1] 5.661596e-16 1.794990e-24 1.078294e-22 9.912087e-36
[1] 5.953075e-16 1.815174e-24 1.089038e-22 1.893831e-39
[1] 5.753901e-16 1.801467e-24 1.081828e-22 9.920059e-36
[1] 5.985960e-16 1.817457e-24 1.090277e-22 2.461314e-30
[1] 5.771489e-16 1.802698e-24 1.082573e-22 9.888267e-36
[1] 5.920665e-16 1.813124e-24 1.088197e-22 2.457880e-30
[1] 5.922495e-16 1.813249e-24 1.088272e-22 1.263495e-29
[1] 5.991227e-16 1.817991e-24 1.090857e-22 2.463197e-30
[1] 5.984819e-16 1.817558e-24 1.090633e-22 1.227396e-28
[1] 5.392830e-16 1.776271e-24 1.068862e-22 9.879810e-36
[1] 5.422493e-16 1.778439e-24 1.070046e-22 2.410100e-30
[1] 5.887447e-16 1.810798e-24 1.087319e-22 1.201654e-48
[1] 5.963946e-16 1.816145e-24 1.090221e-22 2.433025e-30
[1] 5.611083e-16 1.791751e-24 1.077327e-22 1.204393e-28
[1] 5.950124e-16 1.815326e-24 1.089813e-22 2.453241e-30
[1] 5.695436e-16 1.797746e-24 1.080579e-22 1.212038e-28
[1] 5.437893e-16 1.779671e-24 1.071023e-22 2.411963e-30
[1] 5.770415e-16 1.803015e-24 1.083491e-22 9.898553e-36
[1] 5.000255e-16 1.747926e-24 1.054324e-22 1.169271e-28
[1] 5.404119e-16 1.777404e-24 1.070037e-22 8.119272e-36
[1] 5.930403e-16 1.814172e-24 1.089540e-22 9.891908e-36
[1] 5.985709e-16 1.817943e-24 1.091630e-22 2.455733e-30
[1] 5.923663e-16 1.813786e-24 1.089473e-22 9.888737e-36
[1] 5.420581e-16 1.778686e-24 1.070989e-22 2.411590e-30
[1] 5.993816e-16 1.818621e-24 1.092167e-22 2.464819e-30
Algorithm converged after  435  iterations.
[1] 1.362793e-16 1.388276e-24 1.416018e-24 8.741407e-23
Algorithm converged after  9  iterations.
[1] 1.362793e-16 8.490042e-20
Algorithm converged after  2  iterations.
[1] 1.362793e-16 8.490042e-20 2.637655e-31
Algorithm converged after  5  iterations.
[1] 1.362793e-16 8.490042e-20 2.997493e-31
Algorithm converged after  4  iterations.
[1] 1.362793e-16 8.490042e-20 5.179237e-30
Algorithm converged after  7  iterations.
[1] 1.362793e-16 8.490042e-20 2.637655e-31 3.134448e-34
Algorithm converged after  5  iterations.
[1] 1.362793e-16 8.490042e-20 2.997493e-31 4.600426e-35
[1] 1.294070e-16 8.300893e-20 3.005798e-31 7.663893e-34
[1] 1.270001e-16 8.152960e-20 3.004621e-31 4.352411e-35
Algorithm converged after  21  iterations.
[1] 1.362793e-16 8.490042e-20 5.179237e-30 1.174652e-31
Algorithm converged after  9  iterations.
[1] 1.362793e-16 8.490042e-20 2.637655e-31 2.997493e-31
Algorithm converged after  5  iterations.
[1] 1.362793e-16 8.490042e-20 2.637655e-31 5.179237e-30
Algorithm converged after  7  iterations.
[1] 1.362793e-16 8.490042e-20 2.997493e-31 5.179237e-30
Algorithm converged after  7  iterations.
numeric(0)
Algorithm converged after  1  iterations.
[1] 1.40052e-23
Algorithm converged after  2  iterations.
[1] 2.005703e-23
Algorithm converged after  2  iterations.
[1] 4.315015e-18
Algorithm converged after  2  iterations.
[1] 1.400520e-23 1.266158e-26
Algorithm converged after  2  iterations.
[1] 2.005703e-23 1.667247e-25
Algorithm converged after  2  iterations.
[1] 4.315015e-18 3.383045e-23
Algorithm converged after  2  iterations.
[1] 1.400520e-23 2.005703e-23
Algorithm converged after  2  iterations.
[1] 1.400520e-23 4.315015e-18
Algorithm converged after  2  iterations.
[1] 2.005703e-23 4.315015e-18
Algorithm converged after  2  iterations.
[1] 1.400520e-23 1.266158e-26 2.005703e-23
Algorithm converged after  2  iterations.
[1] 1.400520e-23 1.266158e-26 4.315015e-18
Algorithm converged after  2  iterations.
[1] 1.400520e-23 2.005703e-23 1.667247e-25
Algorithm converged after  2  iterations.
[1] 1.400520e-23 4.315015e-18 3.383045e-23
Algorithm converged after  2  iterations.
[1] 2.005703e-23 1.667247e-25 4.315015e-18
Algorithm converged after  2  iterations.
[1] 2.005703e-23 4.315015e-18 3.383045e-23
Algorithm converged after  2  iterations.
[1] 1.400520e-23 2.005703e-23 4.315015e-18
Algorithm converged after  2  iterations.
[1] 1.400520e-23 1.266158e-26 2.005703e-23 1.667247e-25
Algorithm converged after  2  iterations.
[1] 1.400520e-23 1.266158e-26 4.315015e-18 3.383045e-23
Algorithm converged after  2  iterations.
[1] 2.005703e-23 1.667247e-25 4.315015e-18 3.383045e-23
Algorithm converged after  2  iterations.
[1] 1.400520e-23 1.266158e-26 2.005703e-23 4.315015e-18
Algorithm converged after  2  iterations.
[1] 1.400520e-23 2.005703e-23 1.667247e-25 4.315015e-18
Algorithm converged after  2  iterations.
[1] 1.400520e-23 2.005703e-23 4.315015e-18 3.383045e-23
Algorithm converged after  2  iterations.
[1] 3.417725e-16
Algorithm converged after  2  iterations.
[1] 3.417725e-16 2.043072e-24
Algorithm converged after  6  iterations.
[1] 3.417725e-16 2.322506e-24
Algorithm converged after  6  iterations.
[1] 3.417725e-16 9.194165e-23
Algorithm converged after  7  iterations.
[1] 3.417725e-16 2.043072e-24 3.259689e-31
[1] 6.032609e-16 2.187826e-24 3.380166e-31
[1] 4.985083e-16 2.134383e-24 6.608732e-33
[1] 5.443205e-16 2.158430e-24 1.719797e-69
[1] 5.003739e-16 2.135529e-24 6.609546e-33
Algorithm converged after  48  iterations.
[1] 3.417725e-16 2.322506e-24 1.226721e-35
[1] 4.766763e-16 2.415149e-24 1.640695e-34
[1] 4.962768e-16 2.427614e-24 1.145391e-35
[1] 4.013599e-16 2.365449e-24 4.268278e-35
[1] 4.835107e-16 2.419647e-24 1.008986e-38
[1] 4.765863e-16 2.415278e-24 6.462922e-35
[1] 4.343661e-16 2.387843e-24 1.146166e-35
[1] 4.912355e-16 2.424597e-24 1.022946e-38
[1] 4.963564e-16 2.427913e-24 1.210814e-35
[1] 4.766486e-16 2.415504e-24 6.490469e-35
[1] 4.635091e-16 2.406896e-24 4.373088e-35
[1] 5.059166e-16 2.433866e-24 1.223879e-35
[1] 4.298775e-16 2.384935e-24 1.167551e-35
[1] 4.336501e-16 2.387822e-24 1.145850e-35
[1] 4.833688e-16 2.420088e-24 1.349807e-43
[1] 5.022556e-16 2.432046e-24 1.022223e-38
[1] 4.818248e-16 2.419215e-24 1.009223e-38
[1] 4.821637e-16 2.419445e-24 1.009145e-38
[1] 4.911816e-16 2.425156e-24 1.145331e-35
[1] 4.821565e-16 2.419485e-24 2.144421e-42
[1] 4.963348e-16 2.428493e-24 1.145045e-35
[1] 4.767079e-16 2.416109e-24 3.467003e-34
[1] 4.845998e-16 2.421175e-24 1.144968e-35
[1] 4.766159e-16 2.416107e-24 5.604855e-35
[1] 4.966654e-16 2.428794e-24 1.210943e-35
[1] 4.914353e-16 2.425556e-24 1.638719e-34
[1] 4.911983e-16 2.425501e-24 1.023162e-38
[1] 4.821447e-16 2.419848e-24 1.211156e-35
[1] 4.015965e-16 2.366713e-24 4.270748e-35
[1] 4.500062e-16 2.399207e-24 4.247348e-35
[1] 4.343083e-16 2.388905e-24 1.146109e-35
[1] 4.913493e-16 2.425802e-24 1.145582e-35
[1] 4.830519e-16 2.420610e-24 1.022744e-38
[1] 4.966665e-16 2.429243e-24 1.211862e-35
[1] 5.071831e-16 2.435642e-24 1.224426e-35
[1] 4.739217e-16 2.414942e-24 1.721741e-32
[1] 4.345825e-16 2.389385e-24 1.146205e-35
Algorithm converged after  370  iterations.
[1] 3.417725e-16 9.194165e-23 1.489200e-30
Algorithm converged after  7  iterations.
[1] 3.417725e-16 2.043072e-24 2.322506e-24
Algorithm converged after  7  iterations.
[1] 3.417725e-16 2.043072e-24 9.194165e-23
Algorithm converged after  8  iterations.
[1] 3.417725e-16 2.322506e-24 9.194165e-23
Algorithm converged after  8  iterations.
[1] 3.417725e-16 2.043072e-24 3.259689e-31 2.322506e-24
[1] 7.214863e-16 2.245008e-24 3.374984e-31 2.558003e-24
[1] 7.852586e-16 2.274010e-24 3.729530e-51 2.591801e-24
[1] 7.897489e-16 2.276041e-24 3.039555e-45 2.594138e-24
[1] 7.543513e-16 2.260175e-24 2.904256e-45 2.575619e-24
[1] 7.010081e-16 2.235728e-24 3.366018e-31 2.547070e-24
[1] 7.070853e-16 2.238590e-24 3.366323e-31 2.550408e-24
[1] 6.943538e-16 2.232688e-24 6.897705e-33 2.543503e-24
[1] 7.861607e-16 2.274794e-24 3.390317e-31 2.592492e-24
[1] 7.859901e-16 2.274773e-24 5.547350e-56 2.592431e-24
[1] 7.175033e-16 2.243719e-24 5.542304e-56 2.556185e-24
[1] 7.899604e-16 2.276591e-24 3.392585e-31 2.594509e-24
Algorithm converged after  113  iterations.
[1] 3.417725e-16 2.043072e-24 3.259689e-31 9.194165e-23
Algorithm converged after  8  iterations.
[1] 3.417725e-16 2.043072e-24 2.322506e-24 1.226721e-35
[1] 7.425976e-16 2.254713e-24 2.569501e-24 1.147166e-52
[1] 7.207366e-16 2.244679e-24 2.557574e-24 1.163917e-35
[1] 6.642771e-16 2.218528e-24 2.527068e-24 1.233471e-35
[1] 7.070084e-16 2.238607e-24 2.550540e-24 1.389339e-43
[1] 7.154601e-16 2.242599e-24 2.555104e-24 1.050655e-38
[1] 7.368572e-16 2.252431e-24 2.566562e-24 1.533778e-32
[1] 7.150515e-16 2.242504e-24 2.554932e-24 1.036729e-38
[1] 7.364562e-16 2.252348e-24 2.566410e-24 1.036807e-38
[1] 7.396258e-16 2.253869e-24 2.568150e-24 1.050409e-38
[1] 7.091147e-16 2.239947e-24 2.551830e-24 1.153471e-35
[1] 5.630871e-16 2.169033e-24 2.468383e-24 3.068853e-37
[1] 6.479263e-16 2.211384e-24 2.518135e-24 1.235118e-35
[1] 7.421333e-16 2.255511e-24 2.569655e-24 1.583803e-34
[1] 7.546679e-16 2.261177e-24 2.576023e-24 1.166038e-35
[1] 7.004411e-16 2.236579e-24 2.547395e-24 7.816096e-51
[1] 7.141423e-16 2.242841e-24 2.554489e-24 1.999101e-42
[1] 7.105833e-16 2.241272e-24 2.552591e-24 1.571733e-32
[1] 7.390860e-16 2.254589e-24 2.568239e-24 3.425168e-34
[1] 7.522151e-16 2.260480e-24 2.574926e-24 1.035877e-38
[1] 7.019236e-16 2.237683e-24 2.548390e-24 1.037313e-38
[1] 7.500336e-16 2.259772e-24 2.574174e-24 6.265533e-34
[1] 7.257579e-16 2.248756e-24 2.561275e-24 1.154132e-35
Algorithm converged after  223  iterations.
[1] 3.417725e-16 2.043072e-24 9.194165e-23 1.489200e-30
Algorithm converged after  10  iterations.
[1] 3.417725e-16 2.322506e-24 1.226721e-35 9.194165e-23
[1] 1.372433e-15 2.861882e-24 1.183781e-35 1.121669e-22
[1] 1.331438e-15 2.844852e-24 4.408348e-35 1.115343e-22
[1] 1.368132e-15 2.860130e-24 1.183555e-35 1.121038e-22
[1] 1.318601e-15 2.839195e-24 3.852888e-55 1.113336e-22
[1] 1.330458e-15 2.844445e-24 1.186194e-35 1.115284e-22
Algorithm converged after  51  iterations.
[1] 3.417725e-16 2.322506e-24 9.194165e-23 1.489200e-30
Algorithm converged after  10  iterations.
[1] 3.417725e-16 2.043072e-24 2.322506e-24 9.194165e-23
Algorithm converged after  9  iterations.
[1] 3.417725e-16 1.157879e-19
Algorithm converged after  2  iterations.
[1] 3.417725e-16 1.157879e-19 5.053606e-31
Algorithm converged after  5  iterations.
[1] 3.417725e-16 1.157879e-19 2.679959e-31
Algorithm converged after  4  iterations.
[1] 3.417725e-16 1.157879e-19 3.713182e-30
Algorithm converged after  6  iterations.
[1] 3.417725e-16 1.157879e-19 5.053606e-31 8.940288e-33
Algorithm converged after  6  iterations.
[1] 3.417725e-16 1.157879e-19 2.679959e-31 3.991282e-35
[1] 3.620502e-16 1.045575e-19 2.671916e-31 1.298159e-38
[1] 2.878314e-16 1.129327e-19 2.692135e-31 1.382729e-38
[1] 3.766442e-16 1.061632e-19 2.671607e-31 1.414738e-38
[1] 3.630542e-16 1.045968e-19 2.673091e-31 1.297469e-38
[1] 3.623611e-16 1.046701e-19 2.673534e-31 1.233483e-34
[1] 3.017635e-16 1.156569e-19 2.690238e-31 3.715781e-34
[1] 3.762438e-16 1.061740e-19 2.673369e-31 1.419808e-38
[1] 3.762449e-16 1.061729e-19 2.673368e-31 1.419812e-38
[1] 3.762439e-16 1.061740e-19 2.673369e-31 1.419808e-38
[1] 3.762447e-16 1.061731e-19 2.673368e-31 1.419812e-38
[1] 3.762439e-16 1.061740e-19 2.673369e-31 1.419808e-38
[1] 3.762443e-16 1.061735e-19 2.673368e-31 1.419810e-38
[1] 3.762438e-16 1.061741e-19 2.673369e-31 1.419808e-38
[1] 3.762447e-16 1.061731e-19 2.673368e-31 1.419812e-38
[1] 3.762439e-16 1.061740e-19 2.673369e-31 1.419808e-38
[1] 3.762447e-16 1.061731e-19 2.673368e-31 1.419812e-38
[1] 3.762413e-16 1.061767e-19 2.673371e-31 1.419799e-38
[1] 3.762432e-16 1.061746e-19 2.673369e-31 1.419806e-38
[1] 3.762443e-16 1.061735e-19 2.673368e-31 1.419810e-38
[1] 3.762442e-16 1.061736e-19 2.673368e-31 1.419810e-38
[1] 3.762386e-16 1.061794e-19 2.673373e-31 1.419789e-38
[1] 3.762413e-16 1.061766e-19 2.673371e-31 1.419799e-38
[1] 3.762405e-16 1.061775e-19 2.673372e-31 1.419796e-38
[1] 3.762431e-16 1.061748e-19 2.673369e-31 1.419806e-38
[1] 3.762447e-16 1.061731e-19 2.673368e-31 1.419812e-38
[1] 3.762419e-16 1.061760e-19 2.673370e-31 1.419801e-38
[1] 3.762451e-16 1.061727e-19 2.673368e-31 1.419813e-38
[1] 3.762437e-16 1.061741e-19 2.673369e-31 1.419808e-38
Algorithm converged after  283  iterations.
[1] 3.417725e-16 1.157879e-19 3.713182e-30 5.268766e-31
Algorithm converged after  8  iterations.
[1] 3.417725e-16 1.157879e-19 5.053606e-31 2.679959e-31
Algorithm converged after  5  iterations.
[1] 3.417725e-16 1.157879e-19 5.053606e-31 3.713182e-30
Algorithm converged after  6  iterations.
[1] 3.417725e-16 1.157879e-19 2.679959e-31 3.713182e-30
[1] 4.955633e-16 1.079818e-19 2.654583e-31 3.829950e-30
Algorithm converged after  11  iterations.
Warning messages:
1: In max(abs(CT), na.rm = T) :
  no non-missing arguments to max; returning -Inf
2: In max(abs(CT), na.rm = T) :
  no non-missing arguments to max; returning -Inf
3: In max(abs(CT), na.rm = T) :
  no non-missing arguments to max; returning -Inf
4: In max(abs(CT), na.rm = T) :
  no non-missing arguments to max; returning -Inf
5: In max(abs(CT), na.rm = T) :
  no non-missing arguments to max; returning -Inf
6: In max(abs(CT), na.rm = T) :
  no non-missing arguments to max; returning -Inf
7: In max(abs(CT), na.rm = T) :
  no non-missing arguments to max; returning -Inf
8: In max(abs(CT), na.rm = T) :
  no non-missing arguments to max; returning -Inf
9: In max(abs(CT), na.rm = T) :
  no non-missing arguments to max; returning -Inf
10: In max(abs(CT), na.rm = T) :
  no non-missing arguments to max; returning -Inf
[1] "Best iter parameter is:"
   gam  rankJ rankA1 rankA2 rankA3 
     9      0      0      2      2 
[1] 2.842003e-24 1.297586e-25 1.630223e-18 2.639401e-23
Algorithm converged after  2  iterations.
         [,1]     [,2]     [,3]
[1,] 7.997201 8.907552 49.83267
