myseed=3224 

Attaching package: ‘pls’

The following object is masked from ‘package:stats’:

    loadings

Loading required package: lattice
Loading required package: ggplot2
Registered S3 methods overwritten by 'ggplot2':
  method         from 
  [.quosures     rlang
  c.quosures     rlang
  print.quosures rlang

Attaching package: ‘caret’

The following object is masked from ‘package:pls’:

    R2

Loading required package: Matrix
Loading required package: foreach
Loaded glmnet 2.0-18

Parsed with column specification:
cols(
  .default = col_double()
)
See spec(...) for full column specifications.
Parsed with column specification:
cols(
  X1 = col_double()
)
Parsed with column specification:
cols(
  X1 = col_double()
)
numeric(0)
Algorithm converged after  1  iterations.
[1] 4.904498e-23
Algorithm converged after  2  iterations.
[1] 1.400008e-26
Algorithm converged after  2  iterations.
[1] 7.185033e-18
Algorithm converged after  2  iterations.
[1] 4.904498e-23 1.981301e-26
Algorithm converged after  2  iterations.
[1] 1.400008e-26 4.500110e-33
Algorithm converged after  2  iterations.
[1] 7.185033e-18 2.843095e-23
Algorithm converged after  2  iterations.
[1] 4.904498e-23 1.400008e-26
Algorithm converged after  2  iterations.
[1] 4.904498e-23 7.185033e-18
Algorithm converged after  2  iterations.
[1] 1.400008e-26 7.185033e-18
Algorithm converged after  2  iterations.
[1] 4.904498e-23 1.981301e-26 1.400008e-26
Algorithm converged after  2  iterations.
[1] 4.904498e-23 1.981301e-26 7.185033e-18
Algorithm converged after  2  iterations.
[1] 4.904498e-23 1.400008e-26 4.500110e-33
Algorithm converged after  2  iterations.
[1] 4.904498e-23 7.185033e-18 2.843095e-23
Algorithm converged after  2  iterations.
[1] 1.400008e-26 4.500110e-33 7.185033e-18
Algorithm converged after  2  iterations.
[1] 1.400008e-26 7.185033e-18 2.843095e-23
Algorithm converged after  2  iterations.
[1] 4.904498e-23 1.400008e-26 7.185033e-18
Algorithm converged after  2  iterations.
[1] 4.904498e-23 1.981301e-26 1.400008e-26 4.500110e-33
Algorithm converged after  2  iterations.
[1] 4.904498e-23 1.981301e-26 7.185033e-18 2.843095e-23
Algorithm converged after  2  iterations.
[1] 1.400008e-26 4.500110e-33 7.185033e-18 2.843095e-23
Algorithm converged after  2  iterations.
[1] 4.904498e-23 1.981301e-26 1.400008e-26 7.185033e-18
Algorithm converged after  2  iterations.
[1] 4.904498e-23 1.400008e-26 4.500110e-33 7.185033e-18
Algorithm converged after  2  iterations.
[1] 4.904498e-23 1.400008e-26 7.185033e-18 2.843095e-23
Algorithm converged after  2  iterations.
[1] 1.326067e-16
Algorithm converged after  2  iterations.
[1] 1.326067e-16 4.089721e-24
Algorithm converged after  6  iterations.
[1] 1.326067e-16 5.129168e-25
Algorithm converged after  6  iterations.
[1] 1.326067e-16 5.091027e-23
Algorithm converged after  7  iterations.
[1] 1.326067e-16 4.089721e-24 2.303514e-39
[1] 2.324293e-16 4.346469e-24 3.129554e-39
[1] 2.340105e-16 4.350420e-24 7.650068e-60
[1] 2.129539e-16 4.301649e-24 6.204638e-44
[1] 2.351933e-16 4.353275e-24 2.722543e-31
[1] 2.362503e-16 4.355886e-24 5.544212e-44
[1] 2.130142e-16 4.302296e-24 2.960656e-39
[1] 2.214468e-16 4.322135e-24 8.515623e-44
[1] 2.204016e-16 4.319576e-24 7.028225e-47
[1] 2.337705e-16 4.350865e-24 3.083806e-39
[1] 2.215659e-16 4.322725e-24 2.839047e-39
[1] 2.340107e-16 4.351603e-24 3.078890e-39
[1] 2.323171e-16 4.347287e-24 5.565837e-44
[1] 2.129581e-16 4.304091e-24 6.981958e-52
[1] 2.368580e-16 4.359499e-24 1.285508e-62
[1] 2.342566e-16 4.354007e-24 2.970415e-39
[1] 2.350723e-16 4.355657e-24 7.188919e-47
[1] 2.215424e-16 4.324702e-24 3.582485e-47
[1] 2.408018e-16 4.369905e-24 2.918498e-39
[1] 2.214346e-16 4.324858e-24 2.840654e-39
[1] 2.313823e-16 4.347939e-24 4.357545e-44
[1] 2.214640e-16 4.325356e-24 1.667975e-59
[1] 2.344494e-16 4.355592e-24 2.970739e-39
[1] 2.215606e-16 4.325869e-24 7.210633e-47
[1] 2.218950e-16 4.326837e-24 7.404627e-40
[1] 2.214219e-16 4.325802e-24 3.583078e-47
[1] 2.141239e-16 4.308812e-24 5.512669e-44
[1] 2.324016e-16 4.351389e-24 2.840713e-39
[1] 2.240722e-16 4.332554e-24 7.374854e-40
[1] 2.273837e-16 4.340217e-24 2.855627e-39
[1] 2.219872e-16 4.327750e-24 2.718598e-31
[1] 2.201727e-16 4.323650e-24 5.498840e-44
[1] 2.368742e-16 4.362224e-24 2.827153e-39
[1] 2.218193e-16 4.328018e-24 6.921566e-51
[1] 2.431244e-16 4.376730e-24 5.547353e-44
[1] 2.307638e-16 4.349001e-24 4.238783e-48
[1] 2.406918e-16 4.372518e-24 2.730243e-31
[1] 2.306793e-16 4.349049e-24 8.247564e-64
[1] 2.312655e-16 4.350420e-24 3.567811e-46
[1] 2.143471e-16 4.311209e-24 2.947779e-39
[1] 2.368695e-16 4.363252e-24 2.824336e-39
[1] 2.336433e-16 4.356375e-24 3.049111e-39
[1] 2.314716e-16 4.351330e-24 2.843896e-39
[1] 2.213673e-16 4.328038e-24 3.872215e-44
[1] 2.379993e-16 4.368330e-24 6.559558e-44
[1] 2.204204e-16 4.328155e-24 5.601690e-44
[1] 2.133395e-16 4.311803e-24 7.504004e-41
[1] 2.315764e-16 4.354324e-24 2.844004e-39
[1] 2.325265e-16 4.356500e-24 2.836871e-39
[1] 2.338233e-16 4.359755e-24 3.128877e-39
Algorithm did not converge after  500  iterations.
[1] 1.326067e-16 5.129168e-25 5.543320e-33
Algorithm converged after  8  iterations.
[1] 1.326067e-16 5.091027e-23 2.410517e-30
[1] 3.234036e-16 5.714906e-23 1.118900e-38
[1] 3.191537e-16 5.703346e-23 2.881170e-30
[1] 3.225965e-16 5.713291e-23 1.213837e-68
[1] 2.846835e-16 5.606252e-23 2.872962e-30
[1] 3.192967e-16 5.704971e-23 3.264916e-30
[1] 3.180695e-16 5.701799e-23 1.372412e-42
[1] 2.850779e-16 5.608352e-23 2.877456e-30
[1] 3.174275e-16 5.700809e-23 2.893165e-30
[1] 3.227897e-16 5.716340e-23 2.971986e-30
[1] 2.735975e-16 5.575164e-23 2.802238e-30
[1] 3.212281e-16 5.712072e-23 2.872049e-30
Algorithm converged after  111  iterations.
[1] 1.326067e-16 4.089721e-24 5.129168e-25
Algorithm converged after  7  iterations.
[1] 1.326067e-16 4.089721e-24 5.091027e-23
Algorithm converged after  7  iterations.
[1] 1.326067e-16 5.129168e-25 5.091027e-23
Algorithm converged after  7  iterations.
[1] 1.326067e-16 4.089721e-24 2.303514e-39 5.129168e-25
[1] 2.997150e-16 4.493137e-24 1.976542e-41 5.818773e-25
[1] 2.895535e-16 4.472005e-24 9.043894e-44 5.782359e-25
[1] 2.976948e-16 4.489049e-24 2.862493e-63 5.811633e-25
[1] 2.763362e-16 4.444856e-24 3.369185e-39 5.734928e-25
[1] 3.059326e-16 4.507131e-24 2.746505e-31 5.842108e-25
[1] 2.846254e-16 4.462487e-24 2.262735e-53 5.765209e-25
[1] 2.846285e-16 4.462634e-24 2.736737e-31 5.765349e-25
[1] 2.996603e-16 4.494247e-24 2.743416e-31 5.819638e-25
[1] 3.067882e-16 4.509766e-24 2.747341e-31 5.845842e-25
[1] 2.879262e-16 4.470745e-24 2.739757e-31 5.778296e-25
[1] 2.851347e-16 4.464933e-24 6.759142e-51 5.768189e-25
[1] 3.067609e-16 4.510470e-24 2.747573e-31 5.846382e-25
[1] 2.885493e-16 4.472416e-24 2.739852e-31 5.780869e-25
[1] 2.996354e-16 4.495492e-24 1.087471e-62 5.820656e-25
[1] 2.906279e-16 4.477077e-24 2.887812e-39 5.788656e-25
[1] 2.849191e-16 4.465055e-24 2.736619e-31 5.767964e-25
[1] 2.968934e-16 4.490126e-24 2.740479e-31 5.811185e-25
[1] 2.921819e-16 4.480586e-24 3.452497e-39 5.794485e-25
[1] 3.071680e-16 4.512203e-24 3.319024e-39 5.848653e-25
[1] 3.065330e-16 4.510946e-24 2.930402e-39 5.846475e-25
[1] 3.064099e-16 4.510851e-24 3.322835e-39 5.846192e-25
[1] 2.991297e-16 4.495407e-24 4.951855e-44 5.819727e-25
[1] 2.839820e-16 4.463898e-24 3.424412e-39 5.765354e-25
[1] 2.925847e-16 4.482040e-24 6.512926e-44 5.796572e-25
[1] 2.875959e-16 4.472049e-24 2.741098e-31 5.778976e-25
[1] 2.991631e-16 4.495946e-24 3.449692e-39 5.820307e-25
[1] 2.851444e-16 4.466871e-24 2.737086e-31 5.770033e-25
[1] 2.837999e-16 4.464138e-24 2.893381e-39 5.765307e-25
[1] 2.971752e-16 4.491697e-24 3.577762e-39 5.813093e-25
[1] 2.710124e-16 4.437330e-24 2.887063e-39 5.718775e-25
[1] 3.063863e-16 4.512131e-24 2.930967e-39 5.847381e-25
[1] 2.836307e-16 4.464441e-24 3.426011e-39 5.765289e-25
[1] 2.996180e-16 4.497947e-24 2.743809e-31 5.822954e-25
[1] 2.838392e-16 4.465083e-24 2.736415e-31 5.766231e-25
[1] 3.059144e-16 4.511609e-24 3.321583e-39 5.846169e-25
[1] 2.996169e-16 4.498279e-24 7.244082e-47 5.823285e-25
[1] 2.996189e-16 4.498383e-24 1.918309e-50 5.823373e-25
[1] 2.988782e-16 4.497215e-24 2.743449e-31 5.821042e-25
[1] 3.058948e-16 4.512368e-24 2.746450e-31 5.846820e-25
[1] 2.987173e-16 4.497179e-24 2.885010e-39 5.820770e-25
[1] 2.971419e-16 4.493900e-24 2.740510e-31 5.815136e-25
[1] 3.058974e-16 4.512940e-24 5.443699e-44 5.847329e-25
[1] 2.801782e-16 4.458929e-24 2.882286e-39 5.754354e-25
[1] 2.834130e-16 4.465914e-24 1.899145e-50 5.766285e-25
[1] 2.964610e-16 4.492784e-24 7.768867e-59 5.812912e-25
[1] 2.840534e-16 4.467025e-24 3.622572e-46 5.768335e-25
[1] 2.995808e-16 4.500023e-24 2.743720e-31 5.824787e-25
[1] 2.850478e-16 4.469863e-24 2.736885e-31 5.772610e-25
[1] 2.987404e-16 4.498553e-24 2.743334e-31 5.822022e-25
Algorithm did not converge after  500  iterations.
[1] 1.326067e-16 4.089721e-24 2.303514e-39 5.091027e-23
Algorithm converged after  9  iterations.
[1] 1.326067e-16 4.089721e-24 5.129168e-25 5.543320e-33
[1] 2.810366e-16 4.454481e-24 5.752434e-25 4.142800e-35
[1] 2.880042e-16 4.469179e-24 5.776960e-25 8.859741e-33
[1] 2.809913e-16 4.454856e-24 5.752605e-25 4.205775e-35
[1] 3.022947e-16 4.499451e-24 5.829642e-25 8.926876e-33
[1] 2.533765e-16 4.395897e-24 5.650463e-25 9.529668e-53
[1] 2.820808e-16 4.457856e-24 5.757128e-25 4.235612e-35
[1] 2.632851e-16 4.417871e-24 5.687797e-25 5.438935e-33
[1] 2.790225e-16 4.451763e-24 5.746049e-25 2.921093e-42
[1] 2.884637e-16 4.471857e-24 5.780144e-25 8.861173e-33
[1] 2.783195e-16 4.450680e-24 5.743716e-25 8.814349e-33
[1] 2.534355e-16 4.397337e-24 5.651868e-25 1.136633e-51
[1] 2.881275e-16 4.471918e-24 5.779782e-25 7.399663e-32
[1] 2.878105e-16 4.471393e-24 5.778720e-25 8.817362e-35
[1] 2.812754e-16 4.458102e-24 5.755640e-25 8.834844e-33
[1] 2.809923e-16 4.457761e-24 5.755090e-25 4.225799e-35
[1] 2.778791e-16 4.451323e-24 5.743622e-25 8.589355e-35
[1] 3.033926e-16 4.504588e-24 5.835678e-25 5.412571e-33
[1] 2.812762e-16 4.458817e-24 5.756212e-25 6.204033e-39
[1] 2.808957e-16 4.458161e-24 5.755120e-25 8.831846e-33
[1] 3.026056e-16 4.503411e-24 5.833352e-25 5.408612e-33
[1] 2.927248e-16 4.482707e-24 5.796684e-25 2.230851e-57
[1] 2.800379e-16 4.459340e-24 5.754068e-25 5.475302e-33
[1] 2.779676e-16 4.454953e-24 5.746548e-25 8.552836e-35
[1] 2.808386e-16 4.461194e-24 5.757232e-25 5.452497e-33
[1] 2.833065e-16 4.466188e-24 5.765396e-25 4.010551e-35
[1] 2.783347e-16 4.456095e-24 5.748137e-25 8.814425e-33
[1] 2.812805e-16 4.462538e-24 5.759111e-25 5.447362e-33
[1] 2.809316e-16 4.461889e-24 5.757971e-25 8.830639e-33
[1] 2.808945e-16 4.461911e-24 5.757874e-25 5.447919e-33
Algorithm converged after  292  iterations.
[1] 1.326067e-16 4.089721e-24 5.091027e-23 2.410517e-30
Algorithm converged after  8  iterations.
[1] 1.326067e-16 5.129168e-25 5.543320e-33 5.091027e-23
[1] 3.551088e-16 6.007721e-25 3.306915e-49 5.802627e-23
[1] 3.098065e-16 5.853613e-25 8.790443e-53 5.679786e-23
[1] 3.024120e-16 5.828721e-25 8.960620e-35 5.659517e-23
Algorithm converged after  38  iterations.
[1] 1.326067e-16 5.129168e-25 5.091027e-23 2.410517e-30
Algorithm converged after  6  iterations.
[1] 1.326067e-16 4.089721e-24 5.129168e-25 5.091027e-23
Algorithm converged after  8  iterations.
[1] 1.326067e-16 9.684576e-20
Algorithm converged after  2  iterations.
[1] 1.326067e-16 9.684576e-20 3.451646e-31
Algorithm converged after  5  iterations.
[1] 1.326067e-16 9.684576e-20 6.729781e-32
Algorithm converged after  5  iterations.
[1] 1.326067e-16 9.684576e-20 3.669350e-29
Algorithm converged after  6  iterations.
[1] 1.326067e-16 9.684576e-20 3.451646e-31 3.815463e-34
Algorithm converged after  5  iterations.
[1] 1.326067e-16 9.684576e-20 6.729781e-32 7.772980e-33
Algorithm converged after  6  iterations.
[1] 1.326067e-16 9.684576e-20 3.669350e-29 4.148337e-30
Algorithm converged after  7  iterations.
[1] 1.326067e-16 9.684576e-20 3.451646e-31 6.729781e-32
Algorithm converged after  5  iterations.
[1] 1.326067e-16 9.684576e-20 3.451646e-31 3.669350e-29
Algorithm converged after  6  iterations.
[1] 1.326067e-16 9.684576e-20 6.729781e-32 3.669350e-29
Algorithm converged after  5  iterations.
numeric(0)
Algorithm converged after  1  iterations.
[1] 3.499257e-23
Algorithm converged after  2  iterations.
[1] 7.421306e-24
Algorithm converged after  2  iterations.
[1] 1.847939e-18
Algorithm converged after  2  iterations.
[1] 3.499257e-23 3.503754e-26
Algorithm converged after  2  iterations.
[1] 7.421306e-24 5.978552e-26
Algorithm converged after  2  iterations.
[1] 1.847939e-18 1.831366e-23
Algorithm converged after  2  iterations.
[1] 3.499257e-23 7.421306e-24
Algorithm converged after  2  iterations.
[1] 3.499257e-23 1.847939e-18
Algorithm converged after  2  iterations.
[1] 7.421306e-24 1.847939e-18
Algorithm converged after  2  iterations.
[1] 3.499257e-23 3.503754e-26 7.421306e-24
Algorithm converged after  2  iterations.
[1] 3.499257e-23 3.503754e-26 1.847939e-18
Algorithm converged after  2  iterations.
[1] 3.499257e-23 7.421306e-24 5.978552e-26
Algorithm converged after  2  iterations.
[1] 3.499257e-23 1.847939e-18 1.831366e-23
Algorithm converged after  2  iterations.
[1] 7.421306e-24 5.978552e-26 1.847939e-18
Algorithm converged after  2  iterations.
[1] 7.421306e-24 1.847939e-18 1.831366e-23
Algorithm converged after  2  iterations.
[1] 3.499257e-23 7.421306e-24 1.847939e-18
Algorithm converged after  2  iterations.
[1] 3.499257e-23 3.503754e-26 7.421306e-24 5.978552e-26
Algorithm converged after  2  iterations.
[1] 3.499257e-23 3.503754e-26 1.847939e-18 1.831366e-23
Algorithm converged after  2  iterations.
[1] 7.421306e-24 5.978552e-26 1.847939e-18 1.831366e-23
Algorithm converged after  2  iterations.
[1] 3.499257e-23 3.503754e-26 7.421306e-24 1.847939e-18
Algorithm converged after  2  iterations.
[1] 3.499257e-23 7.421306e-24 5.978552e-26 1.847939e-18
Algorithm converged after  2  iterations.
[1] 3.499257e-23 7.421306e-24 1.847939e-18 1.831366e-23
Algorithm converged after  2  iterations.
[1] 9.610056e-17
Algorithm converged after  2  iterations.
[1] 9.610056e-17 2.297988e-24
Algorithm converged after  6  iterations.
[1] 9.610056e-17 5.621693e-25
Algorithm converged after  6  iterations.
[1] 9.610056e-17 3.942948e-23
Algorithm converged after  6  iterations.
[1] 9.610056e-17 2.297988e-24 8.171376e-31
Algorithm converged after  6  iterations.
[1] 9.610056e-17 5.621693e-25 3.795242e-33
Algorithm converged after  9  iterations.
[1] 9.610056e-17 3.942948e-23 1.000110e-29
Algorithm converged after  7  iterations.
[1] 9.610056e-17 2.297988e-24 5.621693e-25
Algorithm converged after  7  iterations.
[1] 9.610056e-17 2.297988e-24 3.942948e-23
Algorithm converged after  7  iterations.
[1] 9.610056e-17 5.621693e-25 3.942948e-23
Algorithm converged after  7  iterations.
[1] 9.610056e-17 2.297988e-24 8.171376e-31 5.621693e-25
Algorithm converged after  7  iterations.
[1] 9.610056e-17 2.297988e-24 8.171376e-31 3.942948e-23
Algorithm converged after  7  iterations.
[1] 9.610056e-17 2.297988e-24 5.621693e-25 3.795242e-33
[1] 2.015416e-16 2.510092e-24 6.255678e-25 2.717484e-56
[1] 1.986134e-16 2.505586e-24 6.242196e-25 4.805636e-67
[1] 1.935291e-16 2.496342e-24 6.213762e-25 3.753415e-33
[1] 1.993000e-16 2.507028e-24 6.245964e-25 3.702888e-33
[1] 1.646499e-16 2.443930e-24 6.055384e-25 1.739313e-31
[1] 1.904816e-16 2.491769e-24 6.199495e-25 8.608651e-38
Algorithm converged after  68  iterations.
[1] 9.610056e-17 2.297988e-24 3.942948e-23 1.000110e-29
Algorithm converged after  9  iterations.
[1] 9.610056e-17 5.621693e-25 3.795242e-33 3.942948e-23
[1] 2.668466e-16 6.576815e-25 1.909117e-31 4.501150e-23
[1] 2.817524e-16 6.644705e-25 8.008916e-60 4.540543e-23
[1] 2.757748e-16 6.619037e-25 3.694489e-33 4.525586e-23
[1] 2.841143e-16 6.655928e-25 2.243532e-43 4.547498e-23
[1] 2.676718e-16 6.582258e-25 3.696726e-33 4.506095e-23
[1] 2.677741e-16 6.582613e-25 8.014537e-39 4.507096e-23
[1] 2.792687e-16 6.636158e-25 3.579616e-66 4.538024e-23
[1] 2.785823e-16 6.633268e-25 2.395447e-40 4.536596e-23
[1] 2.673872e-16 6.581624e-25 3.715811e-33 4.506924e-23
[1] 2.818971e-16 6.647100e-25 1.927273e-31 4.545178e-23
[1] 2.683205e-16 6.586276e-25 3.254050e-32 4.509951e-23
[1] 2.818870e-16 6.647296e-25 1.927431e-31 4.545590e-23
[1] 2.759458e-16 6.620951e-25 3.207520e-32 4.530290e-23
[1] 2.658308e-16 6.574113e-25 3.840212e-33 4.503886e-23
Algorithm converged after  143  iterations.
[1] 9.610056e-17 5.621693e-25 3.942948e-23 1.000110e-29
Algorithm converged after  10  iterations.
[1] 9.610056e-17 2.297988e-24 5.621693e-25 3.942948e-23
Algorithm converged after  8  iterations.
[1] 9.610056e-17 6.995728e-20
Algorithm converged after  2  iterations.
[1] 9.610056e-17 6.995728e-20 1.017207e-30
Algorithm converged after  5  iterations.
[1] 9.610056e-17 6.995728e-20 1.693239e-31
Algorithm converged after  4  iterations.
[1] 9.610056e-17 6.995728e-20 1.763498e-29
Algorithm converged after  5  iterations.
[1] 9.610056e-17 6.995728e-20 1.017207e-30 2.184491e-43
[1] 1.390367e-16 6.725875e-20 1.039988e-30 5.297586e-33
[1] 1.300421e-16 6.771868e-20 1.035501e-30 5.271145e-33
[1] 1.386273e-16 6.724724e-20 1.039944e-30 5.295968e-33
[1] 1.331752e-16 6.480579e-20 1.037990e-30 5.274505e-33
[1] 1.390544e-16 6.726654e-20 1.040382e-30 5.297677e-33
Algorithm converged after  54  iterations.
[1] 9.610056e-17 6.995728e-20 1.693239e-31 4.940926e-43
Algorithm converged after  10  iterations.
[1] 9.610056e-17 6.995728e-20 1.763498e-29 2.601167e-29
Algorithm converged after  7  iterations.
[1] 9.610056e-17 6.995728e-20 1.017207e-30 1.693239e-31
Algorithm converged after  5  iterations.
[1] 9.610056e-17 6.995728e-20 1.017207e-30 1.763498e-29
Algorithm converged after  6  iterations.
[1] 9.610056e-17 6.995728e-20 1.693239e-31 1.763498e-29
Algorithm converged after  6  iterations.
numeric(0)
Algorithm converged after  1  iterations.
[1] 3.235874e-23
Algorithm converged after  2  iterations.
[1] 3.503508e-24
Algorithm converged after  2  iterations.
[1] 9.956615e-18
Algorithm converged after  2  iterations.
[1] 3.235874e-23 5.919098e-26
Algorithm converged after  2  iterations.
[1] 3.503508e-24 2.044929e-26
Algorithm converged after  2  iterations.
[1] 9.956615e-18 2.209997e-23
Algorithm converged after  2  iterations.
[1] 3.235874e-23 3.503508e-24
Algorithm converged after  2  iterations.
[1] 3.235874e-23 9.956615e-18
Algorithm converged after  2  iterations.
[1] 3.503508e-24 9.956615e-18
Algorithm converged after  2  iterations.
[1] 3.235874e-23 5.919098e-26 3.503508e-24
Algorithm converged after  2  iterations.
[1] 3.235874e-23 5.919098e-26 9.956615e-18
Algorithm converged after  2  iterations.
[1] 3.235874e-23 3.503508e-24 2.044929e-26
Algorithm converged after  2  iterations.
[1] 3.235874e-23 9.956615e-18 2.209997e-23
Algorithm converged after  2  iterations.
[1] 3.503508e-24 2.044929e-26 9.956615e-18
Algorithm converged after  2  iterations.
[1] 3.503508e-24 9.956615e-18 2.209997e-23
Algorithm converged after  2  iterations.
[1] 3.235874e-23 3.503508e-24 9.956615e-18
Algorithm converged after  2  iterations.
[1] 3.235874e-23 5.919098e-26 3.503508e-24 2.044929e-26
Algorithm converged after  2  iterations.
[1] 3.235874e-23 5.919098e-26 9.956615e-18 2.209997e-23
Algorithm converged after  2  iterations.
[1] 3.503508e-24 2.044929e-26 9.956615e-18 2.209997e-23
Algorithm converged after  2  iterations.
[1] 3.235874e-23 5.919098e-26 3.503508e-24 9.956615e-18
Algorithm converged after  2  iterations.
[1] 3.235874e-23 3.503508e-24 2.044929e-26 9.956615e-18
Algorithm converged after  2  iterations.
[1] 3.235874e-23 3.503508e-24 9.956615e-18 2.209997e-23
Algorithm converged after  2  iterations.
[1] 3.122479e-16
Algorithm converged after  2  iterations.
[1] 3.122479e-16 2.057110e-24
Algorithm converged after  6  iterations.
[1] 3.122479e-16 2.608672e-25
Algorithm converged after  5  iterations.
[1] 3.122479e-16 3.538778e-23
Algorithm converged after  6  iterations.
[1] 3.122479e-16 2.057110e-24 4.062212e-33
Algorithm converged after  6  iterations.
[1] 3.122479e-16 2.608672e-25 1.984069e-31
[1] 3.434954e-16 2.655044e-25 7.690314e-33
[1] 3.415910e-16 2.652307e-25 2.885920e-32
[1] 3.426753e-16 2.654131e-25 7.696852e-33
Algorithm converged after  34  iterations.
[1] 3.122479e-16 3.538778e-23 7.158919e-34
Algorithm converged after  8  iterations.
[1] 3.122479e-16 2.057110e-24 2.608672e-25
Algorithm converged after  7  iterations.
[1] 3.122479e-16 2.057110e-24 3.538778e-23
Algorithm converged after  7  iterations.
[1] 3.122479e-16 2.608672e-25 3.538778e-23
Algorithm converged after  6  iterations.
[1] 3.122479e-16 2.057110e-24 4.062212e-33 2.608672e-25
Algorithm converged after  7  iterations.
[1] 3.122479e-16 2.057110e-24 4.062212e-33 3.538778e-23
Algorithm converged after  7  iterations.
[1] 3.122479e-16 2.057110e-24 2.608672e-25 1.984069e-31
[1] 5.694886e-16 2.230313e-24 2.944164e-25 9.127033e-54
[1] 5.329215e-16 2.208719e-24 2.901998e-25 5.657478e-36
[1] 5.011243e-16 2.189015e-24 2.862855e-25 5.817580e-36
[1] 5.635093e-16 2.227145e-24 2.937133e-25 7.652714e-33
[1] 5.227379e-16 2.203050e-24 2.889901e-25 7.698845e-33
[1] 5.245203e-16 2.204310e-24 2.892359e-25 2.371026e-38
[1] 5.699566e-16 2.231836e-24 2.945947e-25 7.569782e-33
[1] 5.237885e-16 2.204316e-24 2.892188e-25 2.759077e-32
[1] 5.224471e-16 2.203669e-24 2.890447e-25 1.952039e-31
[1] 5.830734e-16 2.240093e-24 2.961088e-25 2.087466e-59
[1] 5.086070e-16 2.195231e-24 2.873152e-25 5.675579e-36
[1] 5.551893e-16 2.224373e-24 2.930266e-25 7.528195e-33
[1] 5.210215e-16 2.203558e-24 2.889451e-25 7.515919e-33
[1] 5.220526e-16 2.204467e-24 2.890726e-25 5.708971e-36
[1] 5.580928e-16 2.226608e-24 2.934195e-25 7.463225e-33
[1] 5.246609e-16 2.206374e-24 2.894256e-25 2.267438e-59
[1] 5.583996e-16 2.227090e-24 2.934871e-25 1.521596e-38
[1] 5.700912e-16 2.233974e-24 2.947758e-25 7.563261e-33
[1] 5.709035e-16 2.234612e-24 2.948806e-25 7.561757e-33
Algorithm converged after  198  iterations.
[1] 3.122479e-16 2.057110e-24 3.538778e-23 7.158919e-34
[1] 9.280463e-16 2.423663e-24 3.956071e-23 3.489026e-29
[1] 8.549337e-16 2.387346e-24 3.915247e-23 3.450034e-29
[1] 1.042276e-15 2.478611e-24 4.017593e-23 3.569191e-29
Algorithm converged after  35  iterations.
[1] 3.122479e-16 2.608672e-25 1.984069e-31 3.538778e-23
[1] 7.639625e-16 3.157637e-25 1.090725e-51 3.861770e-23
[1] 7.097828e-16 3.100956e-25 7.657200e-33 3.829603e-23
Algorithm converged after  25  iterations.
[1] 3.122479e-16 2.608672e-25 3.538778e-23 7.158919e-34
Algorithm converged after  10  iterations.
[1] 3.122479e-16 2.057110e-24 2.608672e-25 3.538778e-23
Algorithm converged after  7  iterations.
[1] 3.122479e-16 7.076896e-20
Algorithm converged after  2  iterations.
[1] 3.122479e-16 7.076896e-20 6.737193e-31
Algorithm converged after  5  iterations.
[1] 3.122479e-16 7.076896e-20 2.005338e-31
Algorithm converged after  4  iterations.
[1] 3.122479e-16 7.076896e-20 3.942389e-29
Algorithm converged after  6  iterations.
[1] 3.122479e-16 7.076896e-20 6.737193e-31 7.900683e-34
Algorithm converged after  5  iterations.
[1] 3.122479e-16 7.076896e-20 2.005338e-31 1.132119e-32
Algorithm converged after  5  iterations.
[1] 3.122479e-16 7.076896e-20 3.942389e-29 1.163979e-29
Algorithm converged after  7  iterations.
[1] 3.122479e-16 7.076896e-20 6.737193e-31 2.005338e-31
Algorithm converged after  5  iterations.
[1] 3.122479e-16 7.076896e-20 6.737193e-31 3.942389e-29
Algorithm converged after  6  iterations.
[1] 3.122479e-16 7.076896e-20 2.005338e-31 3.942389e-29
Algorithm converged after  6  iterations.
numeric(0)
Algorithm converged after  1  iterations.
[1] 5.868506e-23
Algorithm converged after  2  iterations.
[1] 1.00511e-23
Algorithm converged after  2  iterations.
[1] 2.018262e-18
Algorithm converged after  2  iterations.
[1] 5.868506e-23 7.679380e-26
Algorithm converged after  2  iterations.
[1] 1.005110e-23 5.833863e-26
Algorithm converged after  2  iterations.
[1] 2.018262e-18 2.506984e-23
Algorithm converged after  2  iterations.
[1] 5.868506e-23 1.005110e-23
Algorithm converged after  2  iterations.
[1] 5.868506e-23 2.018262e-18
Algorithm converged after  2  iterations.
[1] 1.005110e-23 2.018262e-18
Algorithm converged after  2  iterations.
[1] 5.868506e-23 7.679380e-26 1.005110e-23
Algorithm converged after  2  iterations.
[1] 5.868506e-23 7.679380e-26 2.018262e-18
Algorithm converged after  2  iterations.
[1] 5.868506e-23 1.005110e-23 5.833863e-26
Algorithm converged after  2  iterations.
[1] 5.868506e-23 2.018262e-18 2.506984e-23
Algorithm converged after  2  iterations.
[1] 1.005110e-23 5.833863e-26 2.018262e-18
Algorithm converged after  2  iterations.
[1] 1.005110e-23 2.018262e-18 2.506984e-23
Algorithm converged after  2  iterations.
[1] 5.868506e-23 1.005110e-23 2.018262e-18
Algorithm converged after  2  iterations.
[1] 5.868506e-23 7.679380e-26 1.005110e-23 5.833863e-26
Algorithm converged after  2  iterations.
[1] 5.868506e-23 7.679380e-26 2.018262e-18 2.506984e-23
Algorithm converged after  2  iterations.
[1] 1.005110e-23 5.833863e-26 2.018262e-18 2.506984e-23
Algorithm converged after  2  iterations.
[1] 5.868506e-23 7.679380e-26 1.005110e-23 2.018262e-18
Algorithm converged after  2  iterations.
[1] 5.868506e-23 1.005110e-23 5.833863e-26 2.018262e-18
Algorithm converged after  2  iterations.
[1] 5.868506e-23 1.005110e-23 2.018262e-18 2.506984e-23
Algorithm converged after  2  iterations.
[1] 1.243375e-16
Algorithm converged after  2  iterations.
[1] 1.243375e-16 2.242645e-24
Algorithm converged after  6  iterations.
[1] 1.243375e-16 4.115171e-25
Algorithm converged after  6  iterations.
[1] 1.243375e-16 4.311022e-23
Algorithm converged after  6  iterations.
[1] 1.243375e-16 2.242645e-24 1.623963e-33
Algorithm converged after  6  iterations.
[1] 1.243375e-16 4.115171e-25 9.334510e-35
Algorithm converged after  6  iterations.
[1] 1.243375e-16 4.311022e-23 2.187085e-30
Algorithm converged after  7  iterations.
[1] 1.243375e-16 2.242645e-24 4.115171e-25
Algorithm converged after  7  iterations.
[1] 1.243375e-16 2.242645e-24 4.311022e-23
Algorithm converged after  7  iterations.
[1] 1.243375e-16 4.115171e-25 4.311022e-23
Algorithm converged after  7  iterations.
[1] 1.243375e-16 2.242645e-24 1.623963e-33 4.115171e-25
Algorithm converged after  7  iterations.
[1] 1.243375e-16 2.242645e-24 1.623963e-33 4.311022e-23
Algorithm converged after  7  iterations.
[1] 1.243375e-16 2.242645e-24 4.115171e-25 9.334510e-35
Algorithm converged after  8  iterations.
[1] 1.243375e-16 2.242645e-24 4.311022e-23 2.187085e-30
Algorithm converged after  8  iterations.
[1] 1.243375e-16 4.115171e-25 9.334510e-35 4.311022e-23
[1] 2.681656e-16 4.735089e-25 1.977771e-56 4.707863e-23
[1] 2.825679e-16 4.788231e-25 6.146607e-33 4.741390e-23
[1] 2.697175e-16 4.741601e-25 3.201047e-31 4.712046e-23
[1] 2.694425e-16 4.741729e-25 9.144790e-35 4.715086e-23
[1] 2.618992e-16 4.712719e-25 1.278307e-47 4.697023e-23
Algorithm converged after  57  iterations.
[1] 1.243375e-16 4.115171e-25 4.311022e-23 2.187085e-30
Algorithm converged after  8  iterations.
[1] 1.243375e-16 2.242645e-24 4.115171e-25 4.311022e-23
Algorithm converged after  8  iterations.
[1] 1.243375e-16 8.414776e-20
Algorithm converged after  2  iterations.
[1] 1.243375e-16 8.414776e-20 5.512830e-31
Algorithm converged after  5  iterations.
[1] 1.243375e-16 8.414776e-20 3.165873e-31
Algorithm converged after  4  iterations.
[1] 1.243375e-16 8.414776e-20 7.804967e-30
Algorithm converged after  5  iterations.
[1] 1.243375e-16 8.414776e-20 5.512830e-31 2.390523e-34
Algorithm converged after  5  iterations.
[1] 1.243375e-16 8.414776e-20 3.165873e-31 8.124975e-33
Algorithm converged after  5  iterations.
[1] 1.243375e-16 8.414776e-20 7.804967e-30 6.563669e-30
Algorithm converged after  7  iterations.
[1] 1.243375e-16 8.414776e-20 5.512830e-31 3.165873e-31
Algorithm converged after  5  iterations.
[1] 1.243375e-16 8.414776e-20 5.512830e-31 7.804967e-30
Algorithm converged after  6  iterations.
[1] 1.243375e-16 8.414776e-20 3.165873e-31 7.804967e-30
Algorithm converged after  6  iterations.
numeric(0)
Algorithm converged after  1  iterations.
[1] 2.883577e-23
Algorithm converged after  2  iterations.
[1] 5.217801e-24
Algorithm converged after  2  iterations.
[1] 3.91641e-18
Algorithm converged after  2  iterations.
[1] 2.883577e-23 5.330334e-26
Algorithm converged after  2  iterations.
[1] 5.217801e-24 3.799154e-26
Algorithm converged after  2  iterations.
[1] 3.916410e-18 1.462659e-23
Algorithm converged after  2  iterations.
[1] 2.883577e-23 5.217801e-24
Algorithm converged after  2  iterations.
[1] 2.883577e-23 3.916410e-18
Algorithm converged after  2  iterations.
[1] 5.217801e-24 3.916410e-18
Algorithm converged after  2  iterations.
[1] 2.883577e-23 5.330334e-26 5.217801e-24
Algorithm converged after  2  iterations.
[1] 2.883577e-23 5.330334e-26 3.916410e-18
Algorithm converged after  2  iterations.
[1] 2.883577e-23 5.217801e-24 3.799154e-26
Algorithm converged after  2  iterations.
[1] 2.883577e-23 3.916410e-18 1.462659e-23
Algorithm converged after  2  iterations.
[1] 5.217801e-24 3.799154e-26 3.916410e-18
Algorithm converged after  2  iterations.
[1] 5.217801e-24 3.916410e-18 1.462659e-23
Algorithm converged after  2  iterations.
[1] 2.883577e-23 5.217801e-24 3.916410e-18
Algorithm converged after  2  iterations.
[1] 2.883577e-23 5.330334e-26 5.217801e-24 3.799154e-26
Algorithm converged after  2  iterations.
[1] 2.883577e-23 5.330334e-26 3.916410e-18 1.462659e-23
Algorithm converged after  2  iterations.
[1] 5.217801e-24 3.799154e-26 3.916410e-18 1.462659e-23
Algorithm converged after  2  iterations.
[1] 2.883577e-23 5.330334e-26 5.217801e-24 3.916410e-18
Algorithm converged after  2  iterations.
[1] 2.883577e-23 5.217801e-24 3.799154e-26 3.916410e-18
Algorithm converged after  2  iterations.
[1] 2.883577e-23 5.217801e-24 3.916410e-18 1.462659e-23
Algorithm converged after  2  iterations.
[1] 1.866356e-16
Algorithm converged after  2  iterations.
[1] 1.866356e-16 1.798121e-24
Algorithm converged after  6  iterations.
[1] 1.866356e-16 3.375388e-25
Algorithm converged after  6  iterations.
[1] 1.866356e-16 2.570105e-23
Algorithm converged after  6  iterations.
[1] 1.866356e-16 1.798121e-24 2.119940e-31
Algorithm converged after  6  iterations.
[1] 1.866356e-16 3.375388e-25 1.950027e-35
[1] 2.551351e-16 3.523204e-25 5.053814e-33
[1] 2.547397e-16 3.522691e-25 1.961557e-35
[1] 2.535617e-16 3.520480e-25 1.941648e-35
Algorithm converged after  31  iterations.
[1] 1.866356e-16 2.570105e-23 8.033724e-30
Algorithm converged after  8  iterations.
[1] 1.866356e-16 1.798121e-24 3.375388e-25
Algorithm converged after  7  iterations.
[1] 1.866356e-16 1.798121e-24 2.570105e-23
Algorithm converged after  7  iterations.
[1] 1.866356e-16 3.375388e-25 2.570105e-23
Algorithm converged after  7  iterations.
[1] 1.866356e-16 1.798121e-24 2.119940e-31 3.375388e-25
Algorithm converged after  7  iterations.
[1] 1.866356e-16 1.798121e-24 2.119940e-31 2.570105e-23
Algorithm converged after  7  iterations.
[1] 1.866356e-16 1.798121e-24 3.375388e-25 1.950027e-35
[1] 3.807976e-16 1.977797e-24 3.757886e-25 7.326189e-36
[1] 3.786837e-16 1.976103e-24 3.754258e-25 2.007551e-35
[1] 3.787221e-16 1.976140e-24 3.754337e-25 2.006640e-35
[1] 3.787496e-16 1.976166e-24 3.754393e-25 2.005987e-35
[1] 3.787691e-16 1.976185e-24 3.754434e-25 2.005517e-35
[1] 3.787832e-16 1.976199e-24 3.754464e-25 2.005181e-35
[1] 3.787933e-16 1.976209e-24 3.754485e-25 2.004940e-35
[1] 3.788006e-16 1.976217e-24 3.754501e-25 2.004767e-35
[1] 3.788059e-16 1.976222e-24 3.754512e-25 2.004643e-35
[1] 3.788097e-16 1.976226e-24 3.754521e-25 2.004555e-35
[1] 3.788124e-16 1.976229e-24 3.754527e-25 2.004491e-35
[1] 3.788143e-16 1.976231e-24 3.754532e-25 2.004446e-35
[1] 3.788157e-16 1.976233e-24 3.754535e-25 2.004413e-35
[1] 3.788167e-16 1.976235e-24 3.754538e-25 2.004390e-35
[1] 3.788174e-16 1.976236e-24 3.754540e-25 2.004374e-35
[1] 3.788179e-16 1.976237e-24 3.754542e-25 2.004362e-35
[1] 3.788183e-16 1.976238e-24 3.754543e-25 2.004353e-35
[1] 3.788185e-16 1.976238e-24 3.754544e-25 2.004347e-35
[1] 3.788187e-16 1.976239e-24 3.754545e-25 2.004343e-35
[1] 3.788188e-16 1.976240e-24 3.754546e-25 2.004340e-35
[1] 3.788189e-16 1.976240e-24 3.754547e-25 2.004337e-35
[1] 3.788189e-16 1.976241e-24 3.754548e-25 2.004336e-35
[1] 3.788190e-16 1.976241e-24 3.754549e-25 2.004335e-35
[1] 3.788190e-16 1.976242e-24 3.754549e-25 2.004334e-35
[1] 3.788190e-16 1.976242e-24 3.754550e-25 2.004333e-35
[1] 3.788190e-16 1.976243e-24 3.754551e-25 2.004333e-35
[1] 3.788190e-16 1.976243e-24 3.754551e-25 2.004333e-35
[1] 3.788190e-16 1.976244e-24 3.754552e-25 2.004332e-35
[1] 3.788190e-16 1.976244e-24 3.754553e-25 2.004332e-35
[1] 3.788190e-16 1.976245e-24 3.754553e-25 2.004332e-35
[1] 3.788190e-16 1.976245e-24 3.754554e-25 2.004332e-35
[1] 3.788189e-16 1.976246e-24 3.754555e-25 2.004332e-35
[1] 3.788189e-16 1.976246e-24 3.754555e-25 2.004332e-35
[1] 3.788189e-16 1.976247e-24 3.754556e-25 2.004332e-35
[1] 3.788189e-16 1.976247e-24 3.754557e-25 2.004332e-35
[1] 3.788189e-16 1.976248e-24 3.754557e-25 2.004332e-35
[1] 3.788189e-16 1.976248e-24 3.754558e-25 2.004332e-35
[1] 3.788189e-16 1.976248e-24 3.754559e-25 2.004332e-35
[1] 3.788188e-16 1.976249e-24 3.754559e-25 2.004332e-35
[1] 3.788188e-16 1.976249e-24 3.754560e-25 2.004332e-35
[1] 3.788188e-16 1.976250e-24 3.754561e-25 2.004332e-35
[1] 3.788188e-16 1.976250e-24 3.754561e-25 2.004332e-35
[1] 3.788188e-16 1.976251e-24 3.754562e-25 2.004332e-35
[1] 3.788188e-16 1.976251e-24 3.754562e-25 2.004332e-35
[1] 3.788187e-16 1.976252e-24 3.754563e-25 2.004332e-35
[1] 3.788187e-16 1.976252e-24 3.754564e-25 2.004332e-35
[1] 3.788187e-16 1.976253e-24 3.754564e-25 2.004332e-35
[1] 3.788187e-16 1.976253e-24 3.754565e-25 2.004332e-35
[1] 3.788187e-16 1.976254e-24 3.754566e-25 2.004332e-35
Algorithm did not converge after  500  iterations.
[1] 1.866356e-16 1.798121e-24 2.570105e-23 8.033724e-30
Algorithm converged after  7  iterations.
[1] 1.866356e-16 3.375388e-25 1.950027e-35 2.570105e-23
[1] 4.820404e-16 3.921919e-25 2.057732e-35 2.867607e-23
[1] 4.870646e-16 3.929743e-25 5.220079e-36 2.871799e-23
[1] 4.866841e-16 3.929163e-25 1.740718e-35 2.871554e-23
[1] 4.673805e-16 3.898975e-25 1.813428e-47 2.855404e-23
[1] 4.832826e-16 3.924233e-25 2.052856e-35 2.869024e-23
[1] 5.240394e-16 3.985507e-25 2.072575e-35 2.902094e-23
[1] 4.865377e-16 3.929271e-25 2.038303e-35 2.871829e-23
[1] 4.825386e-16 3.923055e-25 2.060839e-35 2.868521e-23
[1] 4.866824e-16 3.929628e-25 4.948369e-33 2.872097e-23
[1] 4.829388e-16 3.923230e-25 2.058888e-35 2.868786e-23
[1] 4.865552e-16 3.929559e-25 4.945951e-33 2.872152e-23
[1] 4.864732e-16 3.929489e-25 4.953175e-33 2.872177e-23
[1] 4.853343e-16 3.928015e-25 2.025641e-35 2.871376e-23
[1] 4.869904e-16 3.930532e-25 1.651501e-35 2.872736e-23
[1] 4.834124e-16 3.925047e-25 2.052868e-35 2.869828e-23
[1] 4.827474e-16 3.923524e-25 2.055476e-35 2.869104e-23
[1] 4.558361e-16 3.881672e-25 2.023373e-35 2.846585e-23
Algorithm converged after  179  iterations.
[1] 1.866356e-16 3.375388e-25 2.570105e-23 8.033724e-30
Algorithm converged after  8  iterations.
[1] 1.866356e-16 1.798121e-24 3.375388e-25 2.570105e-23
Algorithm converged after  8  iterations.
[1] 1.866356e-16 5.657109e-20
Algorithm converged after  2  iterations.
[1] 1.866356e-16 5.657109e-20 2.618010e-31
Algorithm converged after  5  iterations.
[1] 1.866356e-16 5.657109e-20 2.768223e-31
Algorithm converged after  4  iterations.
[1] 1.866356e-16 5.657109e-20 4.448430e-29
Algorithm converged after  6  iterations.
[1] 1.866356e-16 5.657109e-20 2.618010e-31 3.403927e-34
Algorithm converged after  5  iterations.
[1] 1.866356e-16 5.657109e-20 2.768223e-31 3.574990e-35
Algorithm converged after  5  iterations.
[1] 1.866356e-16 5.657109e-20 4.448430e-29 1.259525e-29
Algorithm converged after  7  iterations.
[1] 1.866356e-16 5.657109e-20 2.618010e-31 2.768223e-31
Algorithm converged after  5  iterations.
[1] 1.866356e-16 5.657109e-20 2.618010e-31 4.448430e-29
Algorithm converged after  6  iterations.
[1] 1.866356e-16 5.657109e-20 2.768223e-31 4.448430e-29
Algorithm converged after  6  iterations.
numeric(0)
Algorithm converged after  1  iterations.
[1] 4.516279e-23
Algorithm converged after  2  iterations.
[1] 6.623437e-24
Algorithm converged after  2  iterations.
[1] 8.722124e-18
Algorithm converged after  2  iterations.
[1] 4.516279e-23 6.754173e-26
Algorithm converged after  2  iterations.
[1] 6.623437e-24 3.663283e-26
Algorithm converged after  2  iterations.
[1] 8.722124e-18 3.161766e-23
Algorithm converged after  2  iterations.
[1] 4.516279e-23 6.623437e-24
Algorithm converged after  2  iterations.
[1] 4.516279e-23 8.722124e-18
Algorithm converged after  2  iterations.
[1] 6.623437e-24 8.722124e-18
Algorithm converged after  2  iterations.
[1] 4.516279e-23 6.754173e-26 6.623437e-24
Algorithm converged after  2  iterations.
[1] 4.516279e-23 6.754173e-26 8.722124e-18
Algorithm converged after  2  iterations.
[1] 4.516279e-23 6.623437e-24 3.663283e-26
Algorithm converged after  2  iterations.
[1] 4.516279e-23 8.722124e-18 3.161766e-23
Algorithm converged after  2  iterations.
[1] 6.623437e-24 3.663283e-26 8.722124e-18
Algorithm converged after  2  iterations.
[1] 6.623437e-24 8.722124e-18 3.161766e-23
Algorithm converged after  2  iterations.
[1] 4.516279e-23 6.623437e-24 8.722124e-18
Algorithm converged after  2  iterations.
[1] 4.516279e-23 6.754173e-26 6.623437e-24 3.663283e-26
Algorithm converged after  2  iterations.
[1] 4.516279e-23 6.754173e-26 8.722124e-18 3.161766e-23
Algorithm converged after  2  iterations.
[1] 6.623437e-24 3.663283e-26 8.722124e-18 3.161766e-23
Algorithm converged after  2  iterations.
[1] 4.516279e-23 6.754173e-26 6.623437e-24 8.722124e-18
Algorithm converged after  2  iterations.
[1] 4.516279e-23 6.623437e-24 3.663283e-26 8.722124e-18
Algorithm converged after  2  iterations.
[1] 4.516279e-23 6.623437e-24 8.722124e-18 3.161766e-23
Algorithm converged after  2  iterations.
[1] 3.386804e-16
Algorithm converged after  2  iterations.
[1] 3.386804e-16 2.566364e-24
Algorithm converged after  6  iterations.
[1] 3.386804e-16 4.776854e-25
Algorithm converged after  6  iterations.
[1] 3.386804e-16 5.383093e-23
Algorithm converged after  6  iterations.
[1] 3.386804e-16 2.566364e-24 3.513606e-33
Algorithm converged after  6  iterations.
[1] 3.386804e-16 4.776854e-25 1.117689e-49
[1] 4.214810e-16 4.946355e-25 4.630769e-48
[1] 4.367122e-16 4.975096e-25 1.304909e-44
[1] 3.973710e-16 4.899876e-25 1.008674e-32
Algorithm converged after  35  iterations.
[1] 3.386804e-16 5.383093e-23 5.150458e-29
[1] 8.161319e-16 5.899355e-23 5.599635e-29
Algorithm converged after  18  iterations.
[1] 3.386804e-16 2.566364e-24 4.776854e-25
Algorithm converged after  7  iterations.
[1] 3.386804e-16 2.566364e-24 5.383093e-23
Algorithm converged after  7  iterations.
[1] 3.386804e-16 4.776854e-25 5.383093e-23
Algorithm converged after  7  iterations.
[1] 3.386804e-16 2.566364e-24 3.513606e-33 4.776854e-25
Algorithm converged after  7  iterations.
[1] 3.386804e-16 2.566364e-24 3.513606e-33 5.383093e-23
[1] 1.100291e-15 3.069604e-24 9.916479e-34 6.141497e-23
[1] 1.097071e-15 3.068123e-24 1.216381e-33 6.139331e-23
[1] 1.030625e-15 3.031543e-24 8.093614e-31 6.085111e-23
[1] 1.100439e-15 3.069938e-24 1.120326e-34 6.142250e-23
[1] 1.102297e-15 3.070729e-24 1.222042e-45 6.143591e-23
[1] 9.749617e-16 3.000907e-24 8.080315e-31 6.039599e-23
[1] 1.046421e-15 3.040581e-24 8.112931e-31 6.098886e-23
[1] 1.099697e-15 3.069589e-24 8.116721e-31 6.142202e-23
[1] 1.019322e-15 3.025582e-24 8.084983e-31 6.076809e-23
[1] 1.048743e-15 3.041760e-24 8.096074e-31 6.101016e-23
[1] 1.105736e-15 3.073179e-24 9.919103e-34 6.147746e-23
[1] 1.055903e-15 3.045983e-24 8.109366e-31 6.107432e-23
[1] 1.028316e-15 3.030790e-24 8.079759e-31 6.084948e-23
[1] 1.002889e-15 3.016961e-24 8.089965e-31 6.064342e-23
[1] 1.100480e-15 3.070628e-24 8.124833e-31 6.144633e-23
[1] 1.025753e-15 3.029743e-24 8.090544e-31 6.083886e-23
[1] 1.022707e-15 3.027878e-24 8.074219e-31 6.081317e-23
[1] 1.020709e-15 3.027137e-24 8.091022e-31 6.080190e-23
[1] 9.942029e-16 3.012364e-24 8.072848e-31 6.058280e-23
[1] 1.056192e-15 3.046621e-24 8.101382e-31 6.109445e-23
[1] 1.097988e-15 3.069753e-24 8.135584e-31 6.143864e-23
[1] 1.026193e-15 3.030524e-24 8.098131e-31 6.085525e-23
[1] 1.100447e-15 3.071049e-24 3.913493e-33 6.146003e-23
[1] 1.099335e-15 3.070476e-24 1.219935e-45 6.145254e-23
[1] 9.747627e-16 3.002016e-24 8.078244e-31 6.043218e-23
[1] 1.099104e-15 3.070707e-24 1.119558e-34 6.145653e-23
[1] 1.030970e-15 3.033227e-24 8.092929e-31 6.089973e-23
[1] 1.023773e-15 3.029177e-24 8.083716e-31 6.084047e-23
[1] 1.002880e-15 3.017867e-24 8.084660e-31 6.067233e-23
[1] 1.102244e-15 3.072531e-24 1.211689e-33 6.148675e-23
[1] 1.101750e-15 3.072117e-24 8.118391e-31 6.148247e-23
[1] 1.102080e-15 3.072405e-24 1.892130e-39 6.148714e-23
[1] 1.105642e-15 3.074411e-24 2.229019e-44 6.151752e-23
[1] 1.085934e-15 3.063757e-24 1.014514e-33 6.135968e-23
[1] 1.003215e-15 3.018342e-24 8.087691e-31 6.068326e-23
[1] 1.102453e-15 3.072813e-24 2.632480e-36 6.149567e-23
[1] 1.099057e-15 3.071155e-24 5.711719e-36 6.147181e-23
[1] 1.072111e-15 3.055950e-24 8.092834e-31 6.124860e-23
[1] 1.019578e-15 3.027467e-24 8.083469e-31 6.082400e-23
[1] 1.102437e-15 3.073069e-24 2.160700e-46 6.150410e-23
[1] 1.099967e-15 3.071720e-24 1.121400e-34 6.148598e-23
[1] 1.099138e-15 3.071565e-24 2.651355e-36 6.148366e-23
[1] 1.047431e-15 3.043328e-24 8.108822e-31 6.106412e-23
[1] 1.003258e-15 3.018873e-24 8.085512e-31 6.069992e-23
[1] 1.019512e-15 3.027777e-24 8.082646e-31 6.083430e-23
[1] 1.106155e-15 3.075386e-24 1.119831e-34 6.154375e-23
[1] 1.099760e-15 3.071987e-24 6.903491e-64 6.149398e-23
[1] 1.071858e-15 3.056361e-24 8.092879e-31 6.126373e-23
[1] 1.099702e-15 3.072101e-24 1.040224e-46 6.149828e-23
Algorithm did not converge after  500  iterations.
[1] 3.386804e-16 2.566364e-24 4.776854e-25 1.117689e-49
[1] 6.123677e-16 2.777364e-24 5.291815e-25 1.001120e-32
[1] 6.611803e-16 2.810135e-24 5.372523e-25 9.774846e-33
[1] 6.288981e-16 2.788734e-24 5.318975e-25 1.805566e-34
[1] 6.121500e-16 2.778009e-24 5.292795e-25 9.803543e-33
Algorithm converged after  43  iterations.
[1] 3.386804e-16 2.566364e-24 5.383093e-23 5.150458e-29
[1] 9.878683e-16 3.007809e-24 6.051298e-23 5.806562e-29
[1] 1.135879e-15 3.088241e-24 6.171385e-23 5.853790e-29
[1] 1.140204e-15 3.090978e-24 6.175561e-23 5.906691e-29
[1] 1.084316e-15 3.060845e-24 6.130620e-23 5.852529e-29
[1] 1.061800e-15 3.048785e-24 6.112960e-23 7.992067e-44
[1] 1.145974e-15 3.095067e-24 6.182025e-23 5.249491e-41
[1] 1.134913e-15 3.088439e-24 6.172463e-23 5.845394e-29
[1] 1.033634e-15 3.034013e-24 6.091405e-23 5.351871e-41
[1] 1.135600e-15 3.089167e-24 6.173859e-23 5.853184e-29
[1] 1.126823e-15 3.084422e-24 6.166853e-23 5.852592e-29
[1] 1.149222e-15 3.096457e-24 6.185094e-23 5.851365e-29
[1] 1.142150e-15 3.093704e-24 6.181250e-23 5.933087e-29
Algorithm converged after  125  iterations.
[1] 3.386804e-16 4.776854e-25 1.117689e-49 5.383093e-23
[1] 8.185119e-16 5.615902e-25 3.945391e-31 5.901750e-23
[1] 8.993879e-16 5.733492e-25 5.896595e-32 5.972990e-23
[1] 8.183629e-16 5.616067e-25 9.969718e-33 5.902214e-23
[1] 8.203996e-16 5.618547e-25 1.018292e-32 5.904347e-23
Algorithm converged after  45  iterations.
[1] 3.386804e-16 4.776854e-25 5.383093e-23 5.150458e-29
[1] 9.855153e-16 5.855318e-25 6.047448e-23 5.737319e-29
Algorithm converged after  14  iterations.
[1] 3.386804e-16 2.566364e-24 4.776854e-25 5.383093e-23
Algorithm converged after  8  iterations.
[1] 3.386804e-16 9.500489e-20
Algorithm converged after  2  iterations.
[1] 3.386804e-16 9.500489e-20 1.011196e-30
Algorithm converged after  5  iterations.
[1] 3.386804e-16 9.500489e-20 3.994756e-31
Algorithm converged after  4  iterations.
[1] 3.386804e-16 9.500489e-20 6.487799e-29
Algorithm converged after  6  iterations.
[1] 3.386804e-16 9.500489e-20 1.011196e-30 7.168472e-33
Algorithm converged after  5  iterations.
[1] 3.386804e-16 9.500489e-20 3.994756e-31 1.463190e-34
Algorithm converged after  5  iterations.
[1] 3.386804e-16 9.500489e-20 6.487799e-29 7.376784e-30
Algorithm converged after  7  iterations.
[1] 3.386804e-16 9.500489e-20 1.011196e-30 3.994756e-31
Algorithm converged after  5  iterations.
[1] 3.386804e-16 9.500489e-20 1.011196e-30 6.487799e-29
Algorithm converged after  6  iterations.
[1] 3.386804e-16 9.500489e-20 3.994756e-31 6.487799e-29
Algorithm converged after  6  iterations.
numeric(0)
Algorithm converged after  1  iterations.
[1] 2.671871e-23
Algorithm converged after  2  iterations.
[1] 1.359499e-23
Algorithm converged after  2  iterations.
[1] 5.662737e-18
Algorithm converged after  2  iterations.
[1] 2.671871e-23 2.312960e-26
Algorithm converged after  2  iterations.
[1] 1.359499e-23 2.913204e-26
Algorithm converged after  2  iterations.
[1] 5.662737e-18 2.573994e-23
Algorithm converged after  2  iterations.
[1] 2.671871e-23 1.359499e-23
Algorithm converged after  2  iterations.
[1] 2.671871e-23 5.662737e-18
Algorithm converged after  2  iterations.
[1] 1.359499e-23 5.662737e-18
Algorithm converged after  2  iterations.
[1] 2.671871e-23 2.312960e-26 1.359499e-23
Algorithm converged after  2  iterations.
[1] 2.671871e-23 2.312960e-26 5.662737e-18
Algorithm converged after  2  iterations.
[1] 2.671871e-23 1.359499e-23 2.913204e-26
Algorithm converged after  2  iterations.
[1] 2.671871e-23 5.662737e-18 2.573994e-23
Algorithm converged after  2  iterations.
[1] 1.359499e-23 2.913204e-26 5.662737e-18
Algorithm converged after  2  iterations.
[1] 1.359499e-23 5.662737e-18 2.573994e-23
Algorithm converged after  2  iterations.
[1] 2.671871e-23 1.359499e-23 5.662737e-18
Algorithm converged after  2  iterations.
[1] 2.671871e-23 2.312960e-26 1.359499e-23 2.913204e-26
Algorithm converged after  2  iterations.
[1] 2.671871e-23 2.312960e-26 5.662737e-18 2.573994e-23
Algorithm converged after  2  iterations.
[1] 1.359499e-23 2.913204e-26 5.662737e-18 2.573994e-23
Algorithm converged after  2  iterations.
[1] 2.671871e-23 2.312960e-26 1.359499e-23 5.662737e-18
Algorithm converged after  2  iterations.
[1] 2.671871e-23 1.359499e-23 2.913204e-26 5.662737e-18
Algorithm converged after  2  iterations.
[1] 2.671871e-23 1.359499e-23 5.662737e-18 2.573994e-23
Algorithm converged after  2  iterations.
[1] 2.065905e-16
Algorithm converged after  2  iterations.
[1] 2.065905e-16 1.314442e-24
Algorithm converged after  6  iterations.
[1] 2.065905e-16 2.905748e-25
Algorithm converged after  6  iterations.
[1] 2.065905e-16 3.992047e-23
Algorithm converged after  6  iterations.
[1] 2.065905e-16 1.314442e-24 6.098646e-31
[1] 3.290109e-16 1.389769e-24 6.272870e-31
[1] 3.616613e-16 1.407869e-24 1.247522e-64
Algorithm converged after  30  iterations.
[1] 2.065905e-16 2.905748e-25 1.209929e-34
Algorithm converged after  7  iterations.
[1] 2.065905e-16 3.992047e-23 7.266544e-30
Algorithm converged after  9  iterations.
[1] 2.065905e-16 1.314442e-24 2.905748e-25
Algorithm converged after  7  iterations.
[1] 2.065905e-16 1.314442e-24 3.992047e-23
Algorithm converged after  7  iterations.
[1] 2.065905e-16 2.905748e-25 3.992047e-23
Algorithm converged after  7  iterations.
[1] 2.065905e-16 1.314442e-24 6.098646e-31 2.905748e-25
[1] 4.171034e-16 1.436536e-24 4.187572e-37 3.315593e-25
[1] 4.013695e-16 1.428544e-24 6.930450e-38 3.288411e-25
[1] 4.129386e-16 1.434429e-24 4.432122e-37 3.308416e-25
[1] 4.522023e-16 1.454329e-24 2.576209e-53 3.375805e-25
[1] 4.493142e-16 1.452997e-24 1.223025e-43 3.371127e-25
[1] 4.058855e-16 1.431095e-24 6.263907e-37 3.296560e-25
[1] 4.519870e-16 1.454424e-24 3.208460e-36 3.375785e-25
[1] 4.495086e-16 1.453352e-24 1.186605e-50 3.371935e-25
[1] 4.527535e-16 1.455014e-24 1.229543e-43 3.377436e-25
[1] 3.937794e-16 1.425151e-24 4.362221e-38 3.275943e-25
[1] 4.068976e-16 1.432032e-24 6.244431e-31 3.299141e-25
[1] 4.009221e-16 1.429064e-24 7.141549e-37 3.288943e-25
[1] 3.735059e-16 1.414875e-24 6.235984e-31 3.240641e-25
[1] 4.487665e-16 1.453491e-24 1.030099e-43 3.371614e-25
[1] 3.944752e-16 1.425881e-24 6.231026e-31 3.277861e-25
[1] 4.010594e-16 1.429420e-24 2.064989e-44 3.289680e-25
[1] 3.876908e-16 1.422511e-24 2.186400e-37 3.266184e-25
[1] 4.037603e-16 1.430790e-24 6.230707e-31 3.294265e-25
[1] 4.008969e-16 1.429499e-24 1.876225e-48 3.289684e-25
[1] 3.915819e-16 1.424483e-24 1.499197e-52 3.272821e-25
[1] 3.978699e-16 1.428185e-24 6.886270e-41 3.284920e-25
[1] 4.176754e-16 1.437942e-24 8.012790e-61 3.318369e-25
[1] 3.999800e-16 1.429218e-24 6.244098e-31 3.288385e-25
[1] 4.069690e-16 1.432726e-24 3.399109e-37 3.300318e-25
[1] 3.959675e-16 1.427194e-24 3.565415e-38 3.281365e-25
[1] 4.181616e-16 1.438624e-24 6.248895e-31 3.320077e-25
[1] 4.096004e-16 1.434228e-24 4.224284e-37 3.305149e-25
[1] 4.526125e-16 1.456049e-24 6.280404e-31 3.379159e-25
Algorithm converged after  283  iterations.
[1] 2.065905e-16 1.314442e-24 6.098646e-31 3.992047e-23
[1] 5.485117e-16 1.499627e-24 6.251723e-31 4.418543e-23
[1] 6.167902e-16 1.530113e-24 1.640995e-47 4.487934e-23
[1] 5.601248e-16 1.505148e-24 6.287036e-31 4.431187e-23
[1] 5.679797e-16 1.508572e-24 6.273007e-31 4.439132e-23
[1] 6.167320e-16 1.530131e-24 6.299737e-31 4.488229e-23
Algorithm converged after  54  iterations.
[1] 2.065905e-16 1.314442e-24 2.905748e-25 1.209929e-34
Algorithm converged after  7  iterations.
[1] 2.065905e-16 1.314442e-24 3.992047e-23 7.266544e-30
[1] 6.208963e-16 1.531709e-24 4.492100e-23 4.386064e-29
Algorithm converged after  13  iterations.
[1] 2.065905e-16 2.905748e-25 1.209929e-34 3.992047e-23
Algorithm converged after  8  iterations.
[1] 2.065905e-16 2.905748e-25 3.992047e-23 7.266544e-30
[1] 5.480033e-16 3.529526e-25 4.417524e-23 4.276606e-29
Algorithm converged after  15  iterations.
[1] 2.065905e-16 1.314442e-24 2.905748e-25 3.992047e-23
Algorithm converged after  7  iterations.
[1] 2.065905e-16 6.285947e-20
Algorithm converged after  2  iterations.
[1] 2.065905e-16 6.285947e-20 7.657402e-31
Algorithm converged after  5  iterations.
[1] 2.065905e-16 6.285947e-20 2.907896e-31
Algorithm converged after  4  iterations.
[1] 2.065905e-16 6.285947e-20 5.244680e-29
Algorithm converged after  6  iterations.
[1] 2.065905e-16 6.285947e-20 7.657402e-31 1.369734e-33
Algorithm converged after  5  iterations.
[1] 2.065905e-16 6.285947e-20 2.907896e-31 1.598453e-61
Algorithm converged after  7  iterations.
[1] 2.065905e-16 6.285947e-20 5.244680e-29 1.388876e-29
Algorithm converged after  7  iterations.
[1] 2.065905e-16 6.285947e-20 7.657402e-31 2.907896e-31
Algorithm converged after  5  iterations.
[1] 2.065905e-16 6.285947e-20 7.657402e-31 5.244680e-29
Algorithm converged after  6  iterations.
[1] 2.065905e-16 6.285947e-20 2.907896e-31 5.244680e-29
Algorithm converged after  6  iterations.
numeric(0)
Algorithm converged after  1  iterations.
[1] 6.046435e-23
Algorithm converged after  2  iterations.
[1] 1.075608e-23
Algorithm converged after  2  iterations.
[1] 1.4546e-19
Algorithm converged after  2  iterations.
[1] 6.046435e-23 7.479084e-26
Algorithm converged after  2  iterations.
[1] 1.075608e-23 5.169733e-26
Algorithm converged after  2  iterations.
[1] 1.45460e-19 1.85128e-23
Algorithm converged after  2  iterations.
[1] 6.046435e-23 1.075608e-23
Algorithm converged after  2  iterations.
[1] 6.046435e-23 1.454600e-19
Algorithm converged after  2  iterations.
[1] 1.075608e-23 1.454600e-19
Algorithm converged after  2  iterations.
[1] 6.046435e-23 7.479084e-26 1.075608e-23
Algorithm converged after  2  iterations.
[1] 6.046435e-23 7.479084e-26 1.454600e-19
Algorithm converged after  2  iterations.
[1] 6.046435e-23 1.075608e-23 5.169733e-26
Algorithm converged after  2  iterations.
[1] 6.046435e-23 1.454600e-19 1.851280e-23
Algorithm converged after  2  iterations.
[1] 1.075608e-23 5.169733e-26 1.454600e-19
Algorithm converged after  2  iterations.
[1] 1.075608e-23 1.454600e-19 1.851280e-23
Algorithm converged after  2  iterations.
[1] 6.046435e-23 1.075608e-23 1.454600e-19
Algorithm converged after  2  iterations.
[1] 6.046435e-23 7.479084e-26 1.075608e-23 5.169733e-26
Algorithm converged after  2  iterations.
[1] 6.046435e-23 7.479084e-26 1.454600e-19 1.851280e-23
Algorithm converged after  2  iterations.
[1] 1.075608e-23 5.169733e-26 1.454600e-19 1.851280e-23
Algorithm converged after  2  iterations.
[1] 6.046435e-23 7.479084e-26 1.075608e-23 1.454600e-19
Algorithm converged after  2  iterations.
[1] 6.046435e-23 1.075608e-23 5.169733e-26 1.454600e-19
Algorithm converged after  2  iterations.
[1] 6.046435e-23 1.075608e-23 1.454600e-19 1.851280e-23
Algorithm converged after  2  iterations.
[1] 4.725393e-20
Algorithm converged after  2  iterations.
[1] 4.725393e-20 1.096247e-24
Algorithm converged after  5  iterations.
[1] 4.725393e-20 2.090451e-23
Algorithm converged after  5  iterations.
[1] 4.725393e-20 1.609403e-18
Algorithm converged after  5  iterations.
[1] 4.725393e-20 1.096247e-24 6.081345e-33
[1] 4.806287e-20 1.118364e-24 5.987028e-33
[1] 4.807439e-20 1.117863e-24 6.028198e-33
[1] 4.827279e-20 1.106860e-24 6.002859e-33
[1] 4.827665e-20 1.106827e-24 5.954953e-33
[1] 4.820309e-20 1.111425e-24 6.291068e-33
[1] 4.818014e-20 1.112800e-24 5.885742e-33
[1] 4.828408e-20 1.107029e-24 6.003338e-33
[1] 4.812533e-20 1.116212e-24 5.879342e-33
[1] 4.812393e-20 1.116390e-24 6.020714e-33
[1] 4.812873e-20 1.116136e-24 6.012217e-33
[1] 4.812795e-20 1.116185e-24 6.012913e-33
[1] 4.812806e-20 1.116176e-24 5.912894e-33
[1] 4.812579e-20 1.116313e-24 6.019083e-33
[1] 4.812995e-20 1.116080e-24 6.019242e-33
[1] 4.813065e-20 1.116041e-24 6.013266e-33
[1] 4.812529e-20 1.116341e-24 6.021950e-33
[1] 4.812571e-20 1.116319e-24 6.020194e-33
[1] 4.812541e-20 1.116334e-24 6.016476e-33
[1] 4.812848e-20 1.116161e-24 6.013475e-33
[1] 4.812818e-20 1.116181e-24 6.019871e-33
[1] 4.813063e-20 1.116043e-24 6.014389e-33
[1] 4.813044e-20 1.116052e-24 6.019049e-33
[1] 4.813042e-20 1.116059e-24 6.022229e-33
[1] 4.813063e-20 1.116045e-24 6.020875e-33
[1] 4.812824e-20 1.116174e-24 6.019279e-33
[1] 4.812855e-20 1.116158e-24 6.016947e-33
[1] 4.813061e-20 1.116043e-24 6.015446e-33
[1] 4.812766e-20 1.116212e-24 6.015087e-33
[1] 4.812980e-20 1.116093e-24 6.018808e-33
[1] 4.812601e-20 1.116303e-24 6.017460e-33
[1] 4.813035e-20 1.116060e-24 6.019203e-33
[1] 4.812540e-20 1.116335e-24 6.012511e-33
[1] 4.813076e-20 1.116041e-24 6.019111e-33
[1] 4.812767e-20 1.116206e-24 6.017540e-33
[1] 4.812579e-20 1.116313e-24 6.012651e-33
[1] 4.812724e-20 1.116235e-24 6.016977e-33
[1] 4.813035e-20 1.116064e-24 6.021447e-33
[1] 4.812606e-20 1.116300e-24 6.014250e-33
[1] 4.813013e-20 1.116074e-24 6.012725e-33
[1] 4.813061e-20 1.116045e-24 6.012949e-33
[1] 4.812634e-20 1.116280e-24 6.016828e-33
[1] 4.812639e-20 1.116279e-24 6.019534e-33
[1] 4.812992e-20 1.116087e-24 6.022011e-33
[1] 4.812545e-20 1.116330e-24 6.021504e-33
[1] 4.812597e-20 1.116301e-24 6.016084e-33
[1] 4.813053e-20 1.116054e-24 6.019154e-33
[1] 4.812855e-20 1.116161e-24 6.016708e-33
[1] 4.812867e-20 1.116156e-24 6.019092e-33
[1] 4.813046e-20 1.116056e-24 6.015560e-33
Algorithm did not converge after  500  iterations.
[1] 4.725393e-20 2.090451e-23 5.336571e-35
[1] 4.966579e-20 2.122341e-23 4.016800e-33
[1] 4.966068e-20 2.122257e-23 4.900465e-35
[1] 4.963570e-20 2.121955e-23 4.899256e-35
[1] 5.126875e-20 2.142400e-23 2.897747e-35
[1] 5.122428e-20 2.141809e-23 2.902014e-35
[1] 5.555870e-20 2.195324e-23 4.155071e-33
[1] 4.966006e-20 2.122245e-23 4.900803e-35
[1] 5.556087e-20 2.195350e-23 1.536612e-39
[1] 5.111916e-20 2.140595e-23 2.887381e-35
[1] 4.966465e-20 2.122319e-23 5.100067e-35
[1] 4.966389e-20 2.122308e-23 5.100561e-35
[1] 4.966384e-20 2.122307e-23 5.100595e-35
[1] 4.966383e-20 2.122307e-23 5.100597e-35
[1] 4.966382e-20 2.122307e-23 5.100600e-35
[1] 4.966380e-20 2.122306e-23 5.100603e-35
[1] 4.966379e-20 2.122306e-23 5.100606e-35
[1] 4.966377e-20 2.122306e-23 5.100610e-35
[1] 4.966376e-20 2.122306e-23 5.100614e-35
[1] 4.966375e-20 2.122305e-23 5.100618e-35
[1] 4.966373e-20 2.122305e-23 5.100622e-35
[1] 4.966372e-20 2.122305e-23 5.100627e-35
[1] 4.966371e-20 2.122304e-23 5.100632e-35
[1] 4.966369e-20 2.122304e-23 5.100638e-35
[1] 4.966368e-20 2.122304e-23 5.100639e-35
[1] 4.966367e-20 2.122304e-23 5.100644e-35
[1] 4.966364e-20 2.122303e-23 5.100638e-35
[1] 4.966364e-20 2.122303e-23 5.100644e-35
[1] 4.966361e-20 2.122303e-23 5.100641e-35
[1] 4.966362e-20 2.122303e-23 5.100648e-35
[1] 4.966359e-20 2.122302e-23 5.100644e-35
[1] 4.966357e-20 2.122302e-23 5.100647e-35
[1] 4.966356e-20 2.122301e-23 5.100649e-35
[1] 4.966354e-20 2.122301e-23 5.100652e-35
[1] 4.966353e-20 2.122301e-23 5.100655e-35
[1] 4.966352e-20 2.122301e-23 5.100658e-35
[1] 4.96635e-20 2.12230e-23 5.10066e-35
[1] 4.966349e-20 2.122300e-23 5.100663e-35
[1] 4.966347e-20 2.122300e-23 5.100666e-35
[1] 4.966346e-20 2.122299e-23 5.100669e-35
[1] 4.966344e-20 2.122299e-23 5.100672e-35
[1] 4.966343e-20 2.122299e-23 5.100674e-35
[1] 4.966342e-20 2.122299e-23 5.100677e-35
[1] 4.966340e-20 2.122298e-23 5.100680e-35
[1] 4.966339e-20 2.122298e-23 5.100683e-35
[1] 4.966337e-20 2.122298e-23 5.100685e-35
[1] 4.966336e-20 2.122297e-23 5.100688e-35
[1] 4.966334e-20 2.122297e-23 5.100691e-35
[1] 4.966333e-20 2.122297e-23 5.100694e-35
[1] 4.966332e-20 2.122296e-23 5.100697e-35
Algorithm did not converge after  500  iterations.
[1] 4.725393e-20 1.609403e-18 8.981719e-49
[1] 4.983945e-20 1.667808e-18 2.824553e-30
[1] 4.986066e-20 1.668220e-18 2.824566e-30
[1] 4.993991e-20 1.672064e-18 2.814937e-30
[1] 4.989990e-20 1.667892e-18 3.588193e-39
[1] 5.074923e-20 1.684096e-18 2.823111e-30
[1] 4.972596e-20 1.662620e-18 2.837091e-30
[1] 4.985804e-20 1.667963e-18 2.892859e-49
[1] 5.080591e-20 1.685415e-18 2.823049e-30
[1] 4.984881e-20 1.668041e-18 2.267948e-42
[1] 5.041551e-20 1.670498e-18 2.839878e-30
[1] 5.005099e-20 1.670507e-18 2.820966e-30
[1] 4.991979e-20 1.671142e-18 3.581939e-39
[1] 4.829019e-20 1.633316e-18 8.429646e-45
[1] 5.433882e-20 1.756270e-18 9.234976e-45
[1] 5.053690e-20 1.679372e-18 2.823167e-30
[1] 4.984007e-20 1.666751e-18 2.827193e-30
[1] 4.981986e-20 1.667389e-18 2.822138e-30
[1] 5.053234e-20 1.679155e-18 5.483825e-39
[1] 5.091475e-20 1.686692e-18 2.305362e-42
[1] 5.055686e-20 1.679682e-18 2.823164e-30
[1] 4.980346e-20 1.665224e-18 1.483304e-62
[1] 5.000540e-20 1.668455e-18 2.822774e-30
[1] 4.985944e-20 1.667560e-18 2.824571e-30
[1] 5.097424e-20 1.687326e-18 8.736787e-45
[1] 5.078547e-20 1.682471e-18 2.230817e-51
[1] 5.004668e-20 1.670024e-18 2.820835e-30
[1] 4.984895e-20 1.666954e-18 2.825968e-30
[1] 4.985021e-20 1.666980e-18 9.413408e-55
[1] 5.091353e-20 1.686365e-18 2.304938e-42
[1] 4.981528e-20 1.665966e-18 3.276556e-49
[1] 4.677141e-20 1.601121e-18 1.142485e-41
[1] 5.071371e-20 1.682625e-18 1.128679e-41
[1] 4.999688e-20 1.667904e-18 5.473522e-39
[1] 5.091950e-20 1.686377e-18 5.091842e-50
[1] 5.072302e-20 1.682668e-18 2.823153e-30
[1] 4.982483e-20 1.666207e-18 2.268481e-42
[1] 5.170332e-20 1.701591e-18 2.825819e-30
[1] 5.091602e-20 1.686085e-18 3.593194e-39
[1] 4.984874e-20 1.666579e-18 8.611011e-45
[1] 5.000195e-20 1.667834e-18 2.822797e-30
[1] 5.009660e-20 1.673860e-18 2.815249e-30
[1] 4.983865e-20 1.666004e-18 3.586251e-39
[1] 4.820241e-20 1.630723e-18 2.822373e-30
[1] 5.080032e-20 1.684227e-18 2.823110e-30
[1] 5.096784e-20 1.686585e-18 7.411502e-59
[1] 4.983892e-20 1.666016e-18 2.827187e-30
[1] 5.042734e-20 1.680756e-18 5.441122e-39
[1] 4.978511e-20 1.665566e-18 1.142962e-41
[1] 4.982217e-20 1.665806e-18 2.826078e-30
Algorithm did not converge after  500  iterations.
[1] 4.725393e-20 1.096247e-24 2.090451e-23
Algorithm converged after  7  iterations.
[1] 4.725393e-20 1.096247e-24 1.609403e-18
Algorithm converged after  5  iterations.
[1] 4.725393e-20 2.090451e-23 1.609403e-18
Algorithm converged after  6  iterations.
[1] 4.725393e-20 1.096247e-24 6.081345e-33 2.090451e-23
[1] 5.638227e-20 3.680677e-24 6.207940e-33 2.205601e-23
[1] 5.647264e-20 3.688184e-24 6.152446e-33 2.206678e-23
[1] 5.638712e-20 3.681150e-24 6.502375e-33 2.205662e-23
[1] 5.659237e-20 3.698028e-24 6.399355e-33 2.208100e-23
[1] 5.638387e-20 3.680942e-24 6.176183e-33 2.205627e-23
[1] 5.650348e-20 3.690873e-24 6.643049e-33 2.207051e-23
[1] 5.639437e-20 3.681883e-24 6.628815e-33 2.205755e-23
[1] 5.637419e-20 3.680223e-24 6.544819e-33 2.205516e-23
[1] 5.638700e-20 3.681306e-24 6.662355e-33 2.205669e-23
[1] 5.637629e-20 3.680441e-24 6.505575e-33 2.205543e-23
[1] 5.642924e-20 3.684868e-24 6.165264e-33 2.206175e-23
[1] 5.663902e-20 3.702038e-24 6.205321e-33 2.208662e-23
[1] 5.655327e-20 3.695137e-24 6.357519e-33 2.207651e-23
[1] 5.665792e-20 3.703605e-24 6.233544e-33 2.208888e-23
[1] 5.638529e-20 3.681351e-24 6.411814e-33 2.205658e-23
[1] 5.668018e-20 3.705466e-24 6.203841e-33 2.209154e-23
[1] 5.638955e-20 3.681754e-24 6.492308e-33 2.205711e-23
[1] 5.656449e-20 3.696189e-24 6.556700e-33 2.207791e-23
[1] 5.668056e-20 3.705551e-24 6.150293e-33 2.209161e-23
[1] 5.649983e-20 3.690972e-24 6.767923e-33 2.207027e-23
[1] 5.635612e-20 3.679079e-24 6.141306e-33 2.205318e-23
[1] 5.648930e-20 3.690141e-24 6.412552e-33 2.206904e-23
[1] 5.639804e-20 3.682633e-24 6.143626e-33 2.205820e-23
[1] 5.656204e-20 3.696143e-24 6.232425e-33 2.207769e-23
[1] 5.667260e-20 3.705057e-24 6.216389e-33 2.209075e-23
[1] 5.649329e-20 3.690626e-24 6.274689e-33 2.206959e-23
[1] 5.638937e-20 3.682060e-24 6.763772e-33 2.205724e-23
[1] 5.655620e-20 3.695815e-24 6.233263e-33 2.207708e-23
[1] 5.660386e-20 3.699762e-24 6.240162e-33 2.208275e-23
[1] 5.655906e-20 3.696110e-24 6.165688e-33 2.207745e-23
[1] 5.655663e-20 3.695948e-24 6.674449e-33 2.207718e-23
[1] 5.666975e-20 3.705070e-24 6.562774e-33 2.209054e-23
[1] 5.667803e-20 3.705778e-24 6.485892e-33 2.209153e-23
[1] 5.664874e-20 3.703449e-24 6.679512e-33 2.208809e-23
[1] 5.655068e-20 3.695534e-24 6.567369e-33 2.207651e-23
[1] 5.636220e-20 3.679991e-24 6.365554e-33 2.205410e-23
[1] 5.650733e-20 3.692040e-24 6.567815e-33 2.207139e-23
[1] 5.666282e-20 3.704656e-24 6.567354e-33 2.208979e-23
[1] 5.648056e-20 3.689853e-24 6.142867e-33 2.206822e-23
[1] 5.658113e-20 3.698074e-24 6.143873e-33 2.208015e-23
[1] 5.637102e-20 3.680784e-24 6.453864e-33 2.205518e-23
[1] 5.636016e-20 3.679897e-24 6.188818e-33 2.205390e-23
[1] 5.661545e-20 3.700888e-24 6.194090e-33 2.208422e-23
[1] 5.639949e-20 3.683203e-24 6.165143e-33 2.205860e-23
[1] 5.667134e-20 3.705411e-24 6.153488e-33 2.209084e-23
[1] 5.636394e-20 3.680274e-24 6.408539e-33 2.205438e-23
[1] 5.653157e-20 3.694137e-24 6.236404e-33 2.207433e-23
[1] 5.647016e-20 3.689131e-24 6.768020e-33 2.206705e-23
[1] 5.636785e-20 3.680648e-24 6.501737e-33 2.205487e-23
Algorithm did not converge after  500  iterations.
[1] 4.725393e-20 1.096247e-24 6.081345e-33 1.609403e-18
[1] 5.327438e-20 3.409289e-24 6.098451e-33 1.737808e-18
[1] 5.337629e-20 3.417759e-24 6.078083e-33 1.739966e-18
[1] 5.344838e-20 3.423663e-24 6.476659e-33 1.741504e-18
[1] 5.317601e-20 3.401052e-24 6.562812e-33 1.735714e-18
[1] 5.341963e-20 3.421346e-24 6.114152e-33 1.740876e-18
[1] 5.343278e-20 3.422418e-24 6.078711e-33 1.741150e-18
[1] 5.327496e-20 3.409332e-24 6.359046e-33 1.737789e-18
[1] 5.319394e-20 3.402520e-24 6.560815e-33 1.736070e-18
[1] 5.326453e-20 3.408447e-24 6.290816e-33 1.737556e-18
[1] 5.328956e-20 3.410525e-24 6.339704e-33 1.738086e-18
[1] 5.328545e-20 3.410180e-24 6.348924e-33 1.737999e-18
[1] 5.328469e-20 3.410117e-24 6.358498e-33 1.737982e-18
[1] 5.328083e-20 3.409795e-24 6.360189e-33 1.737900e-18
[1] 5.331937e-20 3.413032e-24 6.066639e-33 1.738712e-18
[1] 5.316960e-20 3.400408e-24 6.061060e-33 1.735552e-18
[1] 5.316875e-20 3.400338e-24 6.067956e-33 1.735534e-18
[1] 5.316894e-20 3.400353e-24 6.070646e-33 1.735538e-18
[1] 5.316928e-20 3.400381e-24 6.062690e-33 1.735546e-18
[1] 5.317204e-20 3.400615e-24 6.071006e-33 1.735604e-18
[1] 5.317175e-20 3.400590e-24 6.061134e-33 1.735598e-18
[1] 5.316836e-20 3.400304e-24 6.066324e-33 1.735526e-18
[1] 5.316950e-20 3.400400e-24 6.061992e-33 1.735550e-18
[1] 5.317233e-20 3.400639e-24 6.061481e-33 1.735610e-18
[1] 5.317038e-20 3.400475e-24 6.065907e-33 1.735569e-18
[1] 5.316815e-20 3.400286e-24 6.062881e-33 1.735522e-18
[1] 5.317275e-20 3.400675e-24 6.064864e-33 1.735619e-18
[1] 5.317037e-20 3.400474e-24 6.068857e-33 1.735568e-18
[1] 5.317214e-20 3.400623e-24 6.068400e-33 1.735606e-18
[1] 5.316996e-20 3.400439e-24 6.066300e-33 1.735560e-18
[1] 5.317209e-20 3.400619e-24 6.066342e-33 1.735605e-18
[1] 5.316828e-20 3.400297e-24 6.060993e-33 1.735524e-18
[1] 5.316942e-20 3.400393e-24 6.061644e-33 1.735548e-18
[1] 5.316893e-20 3.400352e-24 6.067915e-33 1.735538e-18
[1] 5.317104e-20 3.400530e-24 6.061092e-33 1.735583e-18
[1] 5.316852e-20 3.400317e-24 6.070819e-33 1.735530e-18
[1] 5.317037e-20 3.400474e-24 6.067509e-33 1.735569e-18
[1] 5.316836e-20 3.400304e-24 6.066435e-33 1.735526e-18
[1] 5.317185e-20 3.400598e-24 6.061287e-33 1.735600e-18
[1] 5.317283e-20 3.400682e-24 6.069714e-33 1.735620e-18
[1] 5.316820e-20 3.400290e-24 6.066020e-33 1.735523e-18
[1] 5.316925e-20 3.400379e-24 6.070516e-33 1.735545e-18
[1] 5.317064e-20 3.400496e-24 6.061674e-33 1.735574e-18
[1] 5.317152e-20 3.400571e-24 6.063041e-33 1.735593e-18
[1] 5.316913e-20 3.400369e-24 6.061145e-33 1.735542e-18
[1] 5.316823e-20 3.400293e-24 6.062441e-33 1.735523e-18
[1] 5.316948e-20 3.400399e-24 6.061187e-33 1.735550e-18
[1] 5.317024e-20 3.400463e-24 6.061949e-33 1.735566e-18
[1] 5.316954e-20 3.400403e-24 6.063105e-33 1.735551e-18
[1] 5.317051e-20 3.400485e-24 6.070857e-33 1.735571e-18
Algorithm did not converge after  500  iterations.
[1] 4.725393e-20 1.096247e-24 2.090451e-23 5.336571e-35
Algorithm converged after  7  iterations.
[1] 4.725393e-20 1.096247e-24 1.609403e-18 8.981719e-49
[1] 4.883957e-20 1.040084e-24 1.646546e-18 5.414155e-39
[1] 5.112768e-20 3.211960e-24 1.693537e-18 5.472252e-39
[1] 5.209153e-20 3.301997e-24 1.711496e-18 5.526144e-39
[1] 5.114446e-20 3.215155e-24 1.694877e-18 3.619327e-39
Algorithm converged after  49  iterations.
[1] 4.725393e-20 2.090451e-23 5.336571e-35 1.609403e-18
[1] 5.442368e-20 2.181450e-23 3.551345e-50 1.759651e-18
[1] 5.894314e-20 2.236799e-23 4.373257e-35 1.851838e-18
[1] 5.714445e-20 2.214716e-23 4.502127e-35 1.815284e-18
[1] 5.282833e-20 2.161922e-23 4.079705e-33 1.726484e-18
[1] 5.707827e-20 2.214179e-23 2.787291e-35 1.813805e-18
[1] 5.295887e-20 2.163635e-23 3.132730e-54 1.729165e-18
[1] 5.878926e-20 2.235061e-23 4.389280e-35 1.848234e-18
[1] 5.286355e-20 2.162397e-23 2.881340e-35 1.727147e-18
[1] 5.295930e-20 2.163659e-23 4.714906e-35 1.729152e-18
[1] 5.685932e-20 2.211202e-23 2.945971e-35 1.809480e-18
[1] 5.897883e-20 2.237303e-23 3.731756e-59 1.852356e-18
[1] 5.270881e-20 2.160466e-23 4.877263e-35 1.723941e-18
[1] 5.996862e-20 2.248432e-23 4.373807e-35 1.872787e-18
[1] 5.418189e-20 2.178884e-23 2.834655e-35 1.754233e-18
Algorithm converged after  150  iterations.
[1] 4.725393e-20 2.090451e-23 1.609403e-18 8.981719e-49
[1] 5.679861e-20 2.210584e-23 1.807699e-18 2.821930e-30
[1] 5.723791e-20 2.215919e-23 1.816480e-18 2.373738e-42
[1] 5.682153e-20 2.210816e-23 1.807286e-18 5.030355e-49
[1] 5.610775e-20 2.202157e-23 1.794849e-18 2.349041e-42
[1] 5.636893e-20 2.205383e-23 1.799317e-18 2.363213e-42
[1] 5.725081e-20 2.216095e-23 1.816714e-18 3.658916e-39
[1] 5.300015e-20 2.163819e-23 1.729616e-18 2.824092e-30
[1] 5.694890e-20 2.212360e-23 1.807848e-18 3.624472e-39
[1] 5.698411e-20 2.212880e-23 1.811479e-18 9.628343e-45
[1] 5.381536e-20 2.173925e-23 1.745221e-18 3.598263e-39
[1] 5.366485e-20 2.172092e-23 1.743088e-18 2.905639e-49
[1] 5.641073e-20 2.206124e-23 1.802254e-18 3.674015e-39
[1] 5.606979e-20 2.201749e-23 1.794285e-18 3.666939e-39
[1] 5.722723e-20 2.215831e-23 1.816253e-18 1.383323e-49
[1] 5.611203e-20 2.202264e-23 1.795036e-18 2.348539e-42
[1] 5.733027e-20 2.217096e-23 1.818144e-18 2.822122e-30
[1] 5.641987e-20 2.206269e-23 1.802384e-18 2.817108e-30
[1] 5.613782e-20 2.202680e-23 1.796230e-18 2.818852e-30
[1] 5.721561e-20 2.215737e-23 1.815968e-18 2.821620e-30
[1] 5.607780e-20 2.201850e-23 1.793953e-18 2.824786e-30
[1] 5.722879e-20 2.215900e-23 1.816201e-18 3.656270e-39
[1] 5.721616e-20 2.215757e-23 1.815961e-18 2.821572e-30
[1] 5.624811e-20 2.203977e-23 1.796379e-18 3.191696e-49
[1] 5.730985e-20 2.216895e-23 1.817631e-18 1.024413e-29
[1] 5.609538e-20 2.202147e-23 1.794853e-18 5.539364e-39
[1] 5.670852e-20 2.209473e-23 1.807277e-18 5.552567e-39
[1] 5.666220e-20 2.209015e-23 1.803880e-18 2.823268e-30
[1] 5.613189e-20 2.202640e-23 1.795780e-18 3.667507e-39
[1] 5.700811e-20 2.213278e-23 1.811802e-18 2.267816e-51
[1] 5.299591e-20 2.163894e-23 1.729314e-18 8.988294e-45
[1] 5.606327e-20 2.201762e-23 1.793704e-18 3.212178e-49
[1] 5.710029e-20 2.214393e-23 1.812845e-18 3.646367e-39
[1] 5.700115e-20 2.213225e-23 1.811612e-18 3.186683e-49
[1] 5.642969e-20 2.206286e-23 1.800303e-18 2.022414e-51
[1] 5.609004e-20 2.202009e-23 1.792985e-18 5.536457e-39
[1] 5.722201e-20 2.215921e-23 1.815851e-18 3.653479e-39
[1] 5.611767e-20 2.202468e-23 1.794753e-18 2.327219e-51
[1] 5.608330e-20 2.202036e-23 1.793821e-18 3.660809e-39
[1] 5.608536e-20 2.202065e-23 1.793859e-18 2.344799e-42
[1] 5.700382e-20 2.213297e-23 1.811523e-18 2.820642e-30
[1] 5.604345e-20 2.201567e-23 1.792905e-18 2.824528e-30
[1] 5.731534e-20 2.217090e-23 1.817461e-18 2.821203e-30
[1] 5.687904e-20 2.211810e-23 1.808980e-18 2.820492e-30
[1] 5.625921e-20 2.204253e-23 1.797565e-18 9.573804e-45
[1] 5.622731e-20 2.203876e-23 1.795692e-18 2.820694e-30
[1] 5.670802e-20 2.209670e-23 1.807239e-18 9.347084e-60
[1] 5.358390e-20 2.171262e-23 1.739677e-18 5.984136e-38
[1] 5.721961e-20 2.215962e-23 1.815757e-18 2.820647e-30
[1] 5.653448e-20 2.207637e-23 1.801953e-18 2.820538e-30
Algorithm did not converge after  500  iterations.
[1] 4.725393e-20 1.096247e-24 2.090451e-23 1.609403e-18
Algorithm converged after  7  iterations.
[1] 4.725393e-20 3.085867e-26
Algorithm converged after  2  iterations.
[1] 4.725393e-20 3.085867e-26 2.959321e-24
[1] 4.543305e-20 2.252882e-22 5.325565e-24
Algorithm converged after  13  iterations.
[1] 4.725393e-20 3.085867e-26 2.008052e-23
Algorithm converged after  10  iterations.
[1] 4.725393e-20 3.085867e-26 1.661970e-18
[1] 5.113573e-20 9.293871e-28 3.096576e-18
Algorithm converged after  11  iterations.
[1] 4.725393e-20 3.085867e-26 2.959321e-24 6.901278e-34
[1] 4.685816e-20 1.685891e-22 5.703644e-24 5.943453e-48
[1] 4.664649e-20 1.692781e-22 5.752632e-24 5.921860e-48
[1] 4.323039e-20 1.507203e-22 5.689949e-24 5.950213e-33
[1] 4.663822e-20 1.692033e-22 5.762576e-24 7.548721e-40
[1] 4.499601e-20 1.490601e-22 5.489395e-24 1.190867e-37
[1] 4.661398e-20 1.702343e-22 5.771376e-24 6.095734e-33
[1] 4.661305e-20 1.695111e-22 5.778390e-24 2.543234e-37
[1] 4.438438e-20 1.525219e-22 5.618965e-24 2.592597e-37
[1] 4.661414e-20 1.695380e-22 5.776590e-24 2.517273e-37
[1] 4.439314e-20 1.522006e-22 5.627714e-24 2.017157e-50
[1] 4.503344e-20 1.572907e-22 5.651096e-24 2.699117e-37
[1] 4.623343e-20 1.540360e-22 5.456410e-24 6.034385e-33
[1] 4.570067e-20 1.554922e-22 5.549571e-24 5.333093e-53
[1] 4.618082e-20 1.533933e-22 5.460454e-24 6.209589e-50
[1] 4.332775e-20 1.427349e-22 5.457992e-24 1.765705e-53
[1] 4.661298e-20 1.701887e-22 5.770013e-24 2.066500e-38
[1] 4.437610e-20 1.522719e-22 5.611825e-24 1.174792e-37
[1] 4.438879e-20 1.508446e-22 5.596562e-24 5.546379e-38
[1] 4.661050e-20 1.696290e-22 5.776838e-24 2.039895e-50
[1] 4.663405e-20 1.693042e-22 5.763352e-24 2.159122e-38
[1] 4.532863e-20 1.532016e-22 5.525766e-24 6.017360e-33
[1] 4.669269e-20 1.675494e-22 5.743572e-24 2.055015e-67
[1] 4.501923e-20 1.491364e-22 5.490093e-24 4.760392e-59
[1] 4.506872e-20 1.488400e-22 5.491119e-24 5.785109e-48
[1] 4.504502e-20 1.483798e-22 5.477721e-24 1.687921e-53
[1] 4.478105e-20 1.541115e-22 5.608694e-24 1.091245e-48
[1] 4.437775e-20 1.527328e-22 5.623921e-24 5.988766e-50
[1] 4.531471e-20 1.519109e-22 5.516471e-24 5.976923e-33
[1] 4.537453e-20 1.551250e-22 5.576130e-24 1.069222e-48
[1] 4.661575e-20 1.694235e-22 5.777070e-24 2.556297e-37
[1] 4.506879e-20 1.549269e-22 5.635188e-24 2.634835e-37
[1] 4.664762e-20 1.688269e-22 5.761468e-24 2.056554e-38
[1] 4.509685e-20 1.491399e-22 5.488174e-24 5.951836e-33
[1] 4.451357e-20 1.527369e-22 5.643315e-24 1.266801e-67
[1] 4.442321e-20 1.540023e-22 5.653170e-24 2.029791e-50
[1] 4.479818e-20 1.570155e-22 5.669699e-24 1.033502e-37
[1] 4.541651e-20 1.544557e-22 5.550990e-24 2.499548e-37
[1] 4.499588e-20 1.490164e-22 5.488061e-24 2.627778e-37
[1] 4.661371e-20 1.696359e-22 5.775767e-24 2.537786e-39
[1] 4.504085e-20 1.494166e-22 5.492173e-24 4.725308e-65
[1] 4.447390e-20 1.536219e-22 5.655637e-24 1.476384e-54
[1] 4.437529e-20 1.517764e-22 5.607540e-24 1.703711e-53
[1] 4.436875e-20 1.518195e-22 5.606464e-24 1.120839e-37
[1] 4.437652e-20 1.518748e-22 5.606468e-24 1.095240e-48
[1] 4.324922e-20 1.501568e-22 5.685721e-24 1.140723e-48
[1] 4.668820e-20 1.675473e-22 5.749011e-24 1.283346e-67
[1] 4.560775e-20 1.521714e-22 5.480188e-24 2.305537e-54
[1] 4.664127e-20 1.690345e-22 5.766417e-24 2.413324e-64
[1] 4.436775e-20 1.520140e-22 5.608022e-24 1.134900e-37
Algorithm did not converge after  500  iterations.
[1] 4.725393e-20 3.085867e-26 2.008052e-23 3.799798e-59
[1] 5.133834e-20 5.916221e-27 2.329115e-23 4.936336e-34
[1] 5.123289e-20 8.102622e-27 2.362423e-23 1.506480e-33
[1] 5.121816e-20 8.069763e-27 2.358797e-23 9.159509e-35
[1] 5.521944e-20 3.786730e-26 2.278204e-23 1.352070e-41
[1] 5.388120e-20 3.802664e-26 2.262484e-23 3.410577e-59
[1] 5.103665e-20 8.360340e-27 2.344452e-23 6.431186e-35
[1] 5.106019e-20 8.437436e-27 2.351159e-23 8.954389e-35
[1] 5.487691e-20 1.372992e-27 2.358351e-23 5.294251e-38
[1] 5.321292e-20 3.827052e-26 2.260786e-23 5.651206e-33
[1] 4.980930e-20 6.853222e-27 2.202702e-23 6.759796e-35
[1] 5.226002e-20 3.637048e-26 2.245498e-23 2.637771e-60
[1] 5.291110e-20 7.859502e-27 2.281052e-23 6.645893e-35
[1] 5.132702e-20 8.283212e-27 2.368151e-23 2.763633e-38
[1] 5.307900e-20 3.721337e-26 2.247374e-23 5.645740e-33
[1] 5.604536e-20 1.457554e-27 2.401001e-23 4.872461e-33
[1] 5.128951e-20 8.157738e-27 2.366793e-23 6.763360e-35
[1] 5.308233e-20 3.725846e-26 2.247954e-23 2.560918e-50
[1] 5.144682e-20 6.447894e-27 2.308784e-23 3.621288e-50
[1] 5.128216e-20 7.994926e-27 2.359345e-23 9.153944e-35
[1] 5.128675e-20 8.246338e-27 2.371362e-23 1.416430e-32
[1] 5.487666e-20 1.390257e-27 2.360284e-23 6.508623e-39
[1] 5.382489e-20 1.261047e-38 2.175000e-23 2.706056e-35
[1] 5.488762e-20 1.390565e-27 2.361780e-23 5.321501e-38
[1] 5.361387e-20 3.771085e-26 2.256008e-23 3.374922e-51
[1] 5.590593e-20 1.456078e-27 2.400066e-23 5.688666e-38
[1] 5.377069e-20 7.903608e-27 2.293638e-23 6.582911e-35
[1] 5.231973e-20 3.874964e-26 2.250316e-23 5.654139e-33
[1] 5.326598e-20 2.145779e-28 2.239952e-23 8.330896e-34
[1] 5.133351e-20 8.125117e-27 2.375365e-23 6.904502e-35
[1] 5.377056e-20 8.233749e-27 2.377188e-23 1.169533e-49
[1] 5.201682e-20 7.510723e-27 2.343760e-23 6.190644e-35
[1] 5.343813e-20 3.812335e-26 2.259586e-23 5.657616e-33
[1] 5.360806e-20 2.299043e-44 2.197861e-23 4.263394e-35
[1] 5.170618e-20 3.305797e-28 2.219637e-23 9.609629e-34
[1] 5.572883e-20 3.646882e-26 2.285618e-23 4.655635e-39
[1] 5.221576e-20 3.972336e-26 2.247799e-23 3.611747e-46
[1] 5.350870e-20 7.832703e-27 2.300648e-23 6.870958e-35
[1] 5.593957e-20 1.447525e-27 2.393651e-23 1.153633e-49
[1] 5.302701e-20 3.753086e-26 2.249612e-23 4.517734e-58
[1] 5.104940e-20 8.427623e-27 2.345093e-23 6.403071e-35
[1] 5.513398e-20 3.816207e-26 2.280400e-23 4.870480e-38
[1] 5.381881e-20 1.047701e-48 2.216982e-23 2.508902e-35
[1] 5.102532e-20 8.496107e-27 2.346321e-23 5.879109e-50
[1] 5.506934e-20 1.527870e-27 2.367693e-23 7.268647e-56
[1] 5.383913e-20 8.002960e-27 2.310256e-23 6.783845e-35
[1] 5.336871e-20 3.762225e-26 2.249434e-23 1.321984e-55
[1] 5.606791e-20 1.442771e-27 2.401783e-23 4.854741e-33
[1] 5.018520e-20 3.140606e-26 2.164573e-23 2.782869e-35
[1] 5.354258e-20 8.146255e-27 2.298673e-23 6.697236e-35
Algorithm did not converge after  500  iterations.
[1] 4.725393e-20 3.085867e-26 1.661970e-18 3.530421e-30
[1] 5.001397e-20 9.235946e-28 2.846353e-18 4.173160e-34
[1] 5.025999e-20 7.883470e-28 3.242201e-18 3.490983e-31
Algorithm converged after  26  iterations.
[1] 4.725393e-20 3.085867e-26 2.959321e-24 2.008052e-23
[1] 5.590581e-20 1.436210e-26 1.952213e-23 2.353869e-23
Algorithm converged after  13  iterations.
[1] 4.725393e-20 3.085867e-26 2.959321e-24 1.661970e-18
Algorithm converged after  6  iterations.
[1] 4.725393e-20 3.085867e-26 2.008052e-23 1.661970e-18
[1] 5.637667e-20 1.788069e-30 2.211174e-23 2.097507e-18
Algorithm converged after  18  iterations.
numeric(0)
Algorithm converged after  1  iterations.
[1] 6.451166e-23
Algorithm converged after  2  iterations.
[1] 4.530855e-24
Algorithm converged after  2  iterations.
[1] 3.606879e-18
Algorithm converged after  2  iterations.
[1] 6.451166e-23 6.066082e-26
Algorithm converged after  2  iterations.
[1] 4.530855e-24 3.780266e-26
Algorithm converged after  2  iterations.
[1] 3.606879e-18 8.401036e-24
Algorithm converged after  2  iterations.
[1] 6.451166e-23 4.530855e-24
Algorithm converged after  2  iterations.
[1] 6.451166e-23 3.606879e-18
Algorithm converged after  2  iterations.
[1] 4.530855e-24 3.606879e-18
Algorithm converged after  2  iterations.
[1] 6.451166e-23 6.066082e-26 4.530855e-24
Algorithm converged after  2  iterations.
[1] 6.451166e-23 6.066082e-26 3.606879e-18
Algorithm converged after  2  iterations.
[1] 6.451166e-23 4.530855e-24 3.780266e-26
Algorithm converged after  2  iterations.
[1] 6.451166e-23 3.606879e-18 8.401036e-24
Algorithm converged after  2  iterations.
[1] 4.530855e-24 3.780266e-26 3.606879e-18
Algorithm converged after  2  iterations.
[1] 4.530855e-24 3.606879e-18 8.401036e-24
Algorithm converged after  2  iterations.
[1] 6.451166e-23 4.530855e-24 3.606879e-18
Algorithm converged after  2  iterations.
[1] 6.451166e-23 6.066082e-26 4.530855e-24 3.780266e-26
Algorithm converged after  2  iterations.
[1] 6.451166e-23 6.066082e-26 3.606879e-18 8.401036e-24
Algorithm converged after  2  iterations.
[1] 4.530855e-24 3.780266e-26 3.606879e-18 8.401036e-24
Algorithm converged after  2  iterations.
[1] 6.451166e-23 6.066082e-26 4.530855e-24 3.606879e-18
Algorithm converged after  2  iterations.
[1] 6.451166e-23 4.530855e-24 3.780266e-26 3.606879e-18
Algorithm converged after  2  iterations.
[1] 6.451166e-23 4.530855e-24 3.606879e-18 8.401036e-24
Algorithm converged after  2  iterations.
[1] 1.610904e-16
Algorithm converged after  2  iterations.
[1] 1.610904e-16 1.923718e-24
Algorithm converged after  6  iterations.
[1] 1.610904e-16 4.580009e-25
Algorithm converged after  6  iterations.
[1] 1.610904e-16 1.580214e-23
Algorithm converged after  6  iterations.
[1] 1.610904e-16 1.923718e-24 4.499847e-31
[1] 3.124781e-16 2.076962e-24 4.625299e-31
[1] 2.771594e-16 2.044890e-24 4.605756e-31
Algorithm converged after  26  iterations.
[1] 1.610904e-16 4.580009e-25 9.353148e-35
Algorithm converged after  6  iterations.
[1] 1.610904e-16 1.580214e-23 3.963311e-35
[1] 4.074306e-16 1.767325e-23 9.636934e-36
[1] 3.735125e-16 1.745208e-23 3.501060e-29
[1] 3.540650e-16 1.732617e-23 7.772702e-36
[1] 3.846901e-16 1.752774e-23 1.052767e-34
[1] 4.053629e-16 1.767081e-23 1.425062e-35
[1] 4.078920e-16 1.769170e-23 2.121465e-47
[1] 4.101329e-16 1.770743e-23 3.572230e-29
[1] 4.073195e-16 1.769151e-23 9.958855e-36
[1] 3.759681e-16 1.749132e-23 3.633027e-34
[1] 3.550586e-16 1.735305e-23 3.498154e-29
[1] 4.088535e-16 1.770691e-23 8.560370e-36
Algorithm converged after  120  iterations.
[1] 1.610904e-16 1.923718e-24 4.580009e-25
Algorithm converged after  7  iterations.
[1] 1.610904e-16 1.923718e-24 1.580214e-23
Algorithm converged after  7  iterations.
[1] 1.610904e-16 4.580009e-25 1.580214e-23
Algorithm converged after  7  iterations.
[1] 1.610904e-16 1.923718e-24 4.499847e-31 4.580009e-25
[1] 3.925058e-16 2.144361e-24 4.659869e-31 5.314162e-25
[1] 3.905937e-16 2.143160e-24 1.193980e-62 5.309758e-25
[1] 3.906299e-16 2.143067e-24 4.656913e-31 5.309400e-25
[1] 3.902305e-16 2.143085e-24 2.834194e-40 5.308786e-25
[1] 3.926917e-16 2.145174e-24 4.666991e-31 5.315666e-25
Algorithm converged after  52  iterations.
[1] 1.610904e-16 1.923718e-24 4.499847e-31 1.580214e-23
[1] 5.470908e-16 2.260116e-24 2.403995e-40 1.851206e-23
[1] 5.347467e-16 2.251539e-24 2.414057e-40 1.844333e-23
[1] 5.781827e-16 2.282156e-24 4.714060e-31 1.868895e-23
Algorithm converged after  34  iterations.
[1] 1.610904e-16 1.923718e-24 4.580009e-25 9.353148e-35
[1] 3.232338e-16 2.086171e-24 5.119101e-25 2.789383e-38
[1] 3.759415e-16 2.131039e-24 5.269355e-25 9.583230e-35
[1] 3.388806e-16 2.100264e-24 5.165499e-25 9.695252e-35
[1] 3.726005e-16 2.128637e-24 5.260685e-25 4.989385e-33
[1] 3.286624e-16 2.091993e-24 5.137150e-25 2.793292e-38
[1] 3.809037e-16 2.135815e-24 5.284197e-25 1.185561e-34
[1] 3.222728e-16 2.086514e-24 5.117283e-25 9.768207e-35
[1] 3.304262e-16 2.094470e-24 5.143351e-25 5.056437e-33
[1] 3.303182e-16 2.094527e-24 5.143289e-25 1.188484e-34
[1] 3.822628e-16 2.137960e-24 5.289241e-25 4.981461e-33
[1] 3.396596e-16 2.102830e-24 5.170717e-25 2.343466e-38
[1] 3.302748e-16 2.094830e-24 5.143653e-25 1.188354e-34
[1] 3.729588e-16 2.130816e-24 5.264467e-25 4.733419e-32
[1] 3.808873e-16 2.137545e-24 5.286542e-25 1.188165e-34
[1] 3.717806e-16 2.130263e-24 5.261802e-25 2.354445e-38
[1] 3.401962e-16 2.103984e-24 5.173183e-25 8.003229e-46
[1] 3.728308e-16 2.131343e-24 5.264872e-25 2.757441e-31
Algorithm converged after  176  iterations.
[1] 1.610904e-16 1.923718e-24 1.580214e-23 3.963311e-35
Algorithm converged after  10  iterations.
[1] 1.610904e-16 4.580009e-25 9.353148e-35 1.580214e-23
[1] 3.983484e-16 5.329289e-25 1.194316e-34 1.762013e-23
Algorithm converged after  16  iterations.
[1] 1.610904e-16 4.580009e-25 1.580214e-23 3.963311e-35
[1] 4.481131e-16 5.460895e-25 1.793103e-23 8.390202e-35
[1] 5.009660e-16 5.594489e-25 1.824851e-23 1.004417e-35
[1] 4.999953e-16 5.592519e-25 1.824707e-23 2.794604e-34
[1] 4.757146e-16 5.531272e-25 1.810206e-23 2.240676e-44
[1] 4.988550e-16 5.589835e-25 1.824278e-23 2.669713e-44
Algorithm converged after  58  iterations.
[1] 1.610904e-16 1.923718e-24 4.580009e-25 1.580214e-23
Algorithm converged after  8  iterations.
[1] 1.610904e-16 4.608128e-20
Algorithm converged after  2  iterations.
[1] 1.610904e-16 4.608128e-20 5.773828e-31
Algorithm converged after  5  iterations.
[1] 1.610904e-16 4.608128e-20 2.908832e-31
Algorithm converged after  4  iterations.
[1] 1.610904e-16 4.608128e-20 4.623639e-29
Algorithm converged after  6  iterations.
[1] 1.610904e-16 4.608128e-20 5.773828e-31 9.491282e-33
Algorithm converged after  7  iterations.
[1] 1.610904e-16 4.608128e-20 2.908832e-31 1.121951e-34
Algorithm converged after  5  iterations.
[1] 1.610904e-16 4.608128e-20 4.623639e-29 1.127623e-29
Algorithm converged after  7  iterations.
[1] 1.610904e-16 4.608128e-20 5.773828e-31 2.908832e-31
Algorithm converged after  5  iterations.
[1] 1.610904e-16 4.608128e-20 5.773828e-31 4.623639e-29
Algorithm converged after  6  iterations.
[1] 1.610904e-16 4.608128e-20 2.908832e-31 4.623639e-29
Algorithm converged after  6  iterations.
numeric(0)
Algorithm converged after  1  iterations.
[1] 3.943644e-23
Algorithm converged after  2  iterations.
[1] 2.889632e-24
Algorithm converged after  2  iterations.
[1] 4.568789e-18
Algorithm converged after  2  iterations.
[1] 3.943644e-23 3.740054e-26
Algorithm converged after  2  iterations.
[1] 2.889632e-24 6.072395e-26
Algorithm converged after  2  iterations.
[1] 4.568789e-18 3.031590e-23
Algorithm converged after  2  iterations.
[1] 3.943644e-23 2.889632e-24
Algorithm converged after  2  iterations.
[1] 3.943644e-23 4.568789e-18
Algorithm converged after  2  iterations.
[1] 2.889632e-24 4.568789e-18
Algorithm converged after  2  iterations.
[1] 3.943644e-23 3.740054e-26 2.889632e-24
Algorithm converged after  2  iterations.
[1] 3.943644e-23 3.740054e-26 4.568789e-18
Algorithm converged after  2  iterations.
[1] 3.943644e-23 2.889632e-24 6.072395e-26
Algorithm converged after  2  iterations.
[1] 3.943644e-23 4.568789e-18 3.031590e-23
Algorithm converged after  2  iterations.
[1] 2.889632e-24 6.072395e-26 4.568789e-18
Algorithm converged after  2  iterations.
[1] 2.889632e-24 4.568789e-18 3.031590e-23
Algorithm converged after  2  iterations.
[1] 3.943644e-23 2.889632e-24 4.568789e-18
Algorithm converged after  2  iterations.
[1] 3.943644e-23 3.740054e-26 2.889632e-24 6.072395e-26
Algorithm converged after  2  iterations.
[1] 3.943644e-23 3.740054e-26 4.568789e-18 3.031590e-23
Algorithm converged after  2  iterations.
[1] 2.889632e-24 6.072395e-26 4.568789e-18 3.031590e-23
Algorithm converged after  2  iterations.
[1] 3.943644e-23 3.740054e-26 2.889632e-24 4.568789e-18
Algorithm converged after  2  iterations.
[1] 3.943644e-23 2.889632e-24 6.072395e-26 4.568789e-18
Algorithm converged after  2  iterations.
[1] 3.943644e-23 2.889632e-24 4.568789e-18 3.031590e-23
Algorithm converged after  2  iterations.
[1] 1.878324e-16
Algorithm converged after  2  iterations.
[1] 1.878324e-16 1.221051e-24
Algorithm converged after  6  iterations.
[1] 1.878324e-16 2.700391e-25
Algorithm converged after  5  iterations.
[1] 1.878324e-16 3.663204e-23
Algorithm converged after  6  iterations.
[1] 1.878324e-16 1.221051e-24 4.425219e-31
[1] 2.757320e-16 1.300539e-24 4.550795e-31
[1] 3.118285e-16 1.330212e-24 2.271468e-50
[1] 2.639055e-16 1.290689e-24 2.679308e-52
Algorithm converged after  39  iterations.
[1] 1.878324e-16 2.700391e-25 5.793889e-35
[1] 2.250891e-16 2.775113e-25 5.639509e-35
Algorithm converged after  16  iterations.
[1] 1.878324e-16 3.663204e-23 2.039852e-32
Algorithm converged after  8  iterations.
[1] 1.878324e-16 1.221051e-24 2.700391e-25
Algorithm converged after  7  iterations.
[1] 1.878324e-16 1.221051e-24 3.663204e-23
Algorithm converged after  7  iterations.
[1] 1.878324e-16 2.700391e-25 3.663204e-23
Algorithm converged after  6  iterations.
[1] 1.878324e-16 1.221051e-24 4.425219e-31 2.700391e-25
[1] 3.554659e-16 1.364056e-24 4.587866e-31 3.005352e-25
Algorithm converged after  15  iterations.
[1] 1.878324e-16 1.221051e-24 4.425219e-31 3.663204e-23
[1] 4.158258e-16 1.408316e-24 4.445149e-46 3.899493e-23
[1] 3.832054e-16 1.384665e-24 1.977925e-34 3.870180e-23
[1] 3.809222e-16 1.383068e-24 4.592485e-31 3.868175e-23
[1] 4.174989e-16 1.409682e-24 4.615976e-31 3.901136e-23
Algorithm converged after  42  iterations.
[1] 1.878324e-16 1.221051e-24 2.700391e-25 5.793889e-35
Algorithm converged after  7  iterations.
[1] 1.878324e-16 1.221051e-24 3.663204e-23 2.039852e-32
Algorithm converged after  9  iterations.
[1] 1.878324e-16 2.700391e-25 5.793889e-35 3.663204e-23
[1] 2.680505e-16 2.856035e-25 5.667686e-35 3.756432e-23
[1] 2.678372e-16 2.855589e-25 5.711298e-35 3.756175e-23
[1] 2.677544e-16 2.855417e-25 5.729089e-35 3.756077e-23
[1] 2.677193e-16 2.855345e-25 5.736328e-35 3.756036e-23
[1] 2.677052e-16 2.855317e-25 5.739262e-35 3.756021e-23
[1] 2.676995e-16 2.855307e-25 5.740446e-35 3.756017e-23
[1] 2.676973e-16 2.855305e-25 5.740921e-35 3.756016e-23
[1] 2.676964e-16 2.855305e-25 5.741107e-35 3.756018e-23
[1] 2.676962e-16 2.855306e-25 5.741176e-35 3.756019e-23
[1] 2.676961e-16 2.855308e-25 5.741198e-35 3.756022e-23
[1] 2.676962e-16 2.855310e-25 5.741200e-35 3.756024e-23
[1] 2.676963e-16 2.855313e-25 5.741195e-35 3.756026e-23
[1] 2.676964e-16 2.855315e-25 5.741186e-35 3.756029e-23
[1] 2.676966e-16 2.855317e-25 5.741177e-35 3.756031e-23
[1] 2.676967e-16 2.855320e-25 5.741166e-35 3.756034e-23
[1] 2.676968e-16 2.855322e-25 5.741156e-35 3.756036e-23
[1] 2.676969e-16 2.855324e-25 5.741145e-35 3.756038e-23
[1] 2.676971e-16 2.855326e-25 5.741135e-35 3.756041e-23
[1] 2.676972e-16 2.855329e-25 5.741124e-35 3.756043e-23
[1] 2.676973e-16 2.855331e-25 5.741113e-35 3.756046e-23
[1] 2.676975e-16 2.855333e-25 5.741103e-35 3.756048e-23
[1] 2.676976e-16 2.855335e-25 5.741092e-35 3.756050e-23
[1] 2.676977e-16 2.855338e-25 5.741081e-35 3.756053e-23
[1] 2.676979e-16 2.855340e-25 5.741071e-35 3.756055e-23
[1] 2.676980e-16 2.855342e-25 5.741060e-35 3.756058e-23
[1] 2.676981e-16 2.855345e-25 5.741050e-35 3.756060e-23
[1] 2.676982e-16 2.855347e-25 5.741039e-35 3.756062e-23
[1] 2.676984e-16 2.855349e-25 5.741028e-35 3.756065e-23
[1] 2.676985e-16 2.855351e-25 5.741018e-35 3.756067e-23
[1] 2.676986e-16 2.855354e-25 5.741007e-35 3.756070e-23
[1] 2.676988e-16 2.855356e-25 5.740996e-35 3.756072e-23
[1] 2.676989e-16 2.855358e-25 5.740986e-35 3.756074e-23
[1] 2.676990e-16 2.855360e-25 5.740975e-35 3.756077e-23
[1] 2.676992e-16 2.855363e-25 5.740964e-35 3.756079e-23
[1] 2.676993e-16 2.855365e-25 5.740954e-35 3.756082e-23
[1] 2.676994e-16 2.855367e-25 5.740943e-35 3.756084e-23
[1] 2.676995e-16 2.855370e-25 5.740933e-35 3.756086e-23
[1] 2.676997e-16 2.855372e-25 5.740922e-35 3.756089e-23
[1] 2.676998e-16 2.855374e-25 5.740911e-35 3.756091e-23
[1] 2.676999e-16 2.855376e-25 5.740901e-35 3.756094e-23
[1] 2.677001e-16 2.855379e-25 5.740890e-35 3.756096e-23
[1] 2.677002e-16 2.855381e-25 5.740879e-35 3.756098e-23
[1] 2.677003e-16 2.855383e-25 5.740869e-35 3.756101e-23
[1] 2.677004e-16 2.855386e-25 5.740858e-35 3.756103e-23
[1] 2.677006e-16 2.855388e-25 5.740847e-35 3.756106e-23
[1] 2.677007e-16 2.855390e-25 5.740837e-35 3.756108e-23
[1] 2.677008e-16 2.855392e-25 5.740826e-35 3.756110e-23
[1] 2.677010e-16 2.855395e-25 5.740815e-35 3.756113e-23
[1] 2.677011e-16 2.855397e-25 5.740805e-35 3.756115e-23
Algorithm did not converge after  500  iterations.
[1] 1.878324e-16 2.700391e-25 3.663204e-23 2.039852e-32
Algorithm converged after  8  iterations.
[1] 1.878324e-16 1.221051e-24 2.700391e-25 3.663204e-23
Algorithm converged after  7  iterations.
[1] 1.878324e-16 7.983574e-20
Algorithm converged after  2  iterations.
[1] 1.878324e-16 7.983574e-20 5.537797e-31
Algorithm converged after  5  iterations.
[1] 1.878324e-16 7.983574e-20 2.842325e-31
Algorithm converged after  4  iterations.
[1] 1.878324e-16 7.983574e-20 1.777768e-30
Algorithm converged after  6  iterations.
[1] 1.878324e-16 7.983574e-20 5.537797e-31 4.229887e-34
[1] 2.178084e-16 7.715899e-20 5.605797e-31 3.009166e-34
[1] 2.185287e-16 7.717695e-20 5.607636e-31 5.257211e-57
[1] 2.153470e-16 7.547972e-20 5.609428e-31 1.702519e-50
[1] 2.395796e-16 7.776736e-20 5.642070e-31 4.146996e-34
[1] 2.209614e-16 7.584853e-20 5.617757e-31 3.010186e-34
[1] 2.154727e-16 7.546306e-20 5.611072e-31 5.174874e-57
[1] 2.277132e-16 7.636510e-20 5.628122e-31 3.003316e-34
Algorithm converged after  78  iterations.
[1] 1.878324e-16 7.983574e-20 2.842325e-31 4.639794e-35
Algorithm converged after  6  iterations.
[1] 1.878324e-16 7.983574e-20 1.777768e-30 3.529715e-32
Algorithm converged after  7  iterations.
[1] 1.878324e-16 7.983574e-20 5.537797e-31 2.842325e-31
Algorithm converged after  5  iterations.
[1] 1.878324e-16 7.983574e-20 5.537797e-31 1.777768e-30
Algorithm converged after  6  iterations.
[1] 1.878324e-16 7.983574e-20 2.842325e-31 1.777768e-30
Algorithm converged after  6  iterations.
Warning messages:
1: In max(abs(CT), na.rm = T) :
  no non-missing arguments to max; returning -Inf
2: In max(abs(CT), na.rm = T) :
  no non-missing arguments to max; returning -Inf
3: In max(abs(CT), na.rm = T) :
  no non-missing arguments to max; returning -Inf
4: In max(abs(CT), na.rm = T) :
  no non-missing arguments to max; returning -Inf
5: In max(abs(CT), na.rm = T) :
  no non-missing arguments to max; returning -Inf
6: In max(abs(CT), na.rm = T) :
  no non-missing arguments to max; returning -Inf
7: In max(abs(CT), na.rm = T) :
  no non-missing arguments to max; returning -Inf
8: In max(abs(CT), na.rm = T) :
  no non-missing arguments to max; returning -Inf
9: In max(abs(CT), na.rm = T) :
  no non-missing arguments to max; returning -Inf
10: In max(abs(CT), na.rm = T) :
  no non-missing arguments to max; returning -Inf
[1] "Best iter parameter is:"
   gam  rankJ rankA1 rankA2 rankA3 
     9      2      2      0      0 
[1] 1.601577e-16 7.104105e-20 5.647002e-31 3.677332e-34
[1] 1.989573e-16 6.737055e-20 5.731827e-31 5.934701e-33
[1] 1.868151e-16 6.860888e-20 5.707703e-31 4.082393e-48
[1] 2.096962e-16 7.006073e-20 5.737489e-31 4.513667e-36
[1] 2.012223e-16 6.781651e-20 5.733312e-31 5.695951e-36
[1] 1.910369e-16 6.634386e-20 5.724749e-31 4.285525e-36
[1] 2.012175e-16 6.784420e-20 5.733290e-31 5.926748e-33
[1] 1.989512e-16 6.738400e-20 5.732832e-31 5.934401e-33
[1] 2.097001e-16 7.006144e-20 5.737995e-31 5.832805e-36
[1] 1.910014e-16 6.634435e-20 5.725194e-31 4.279470e-36
[1] 2.095607e-16 7.006958e-20 5.739274e-31 1.406690e-46
[1] 1.905429e-16 6.632111e-20 5.726230e-31 2.463467e-48
[1] 1.989800e-16 6.736594e-20 5.735198e-31 5.933693e-33
[1] 1.910658e-16 6.634443e-20 5.727176e-31 4.287116e-36
[1] 1.905369e-16 6.632068e-20 5.726522e-31 4.140812e-36
[1] 1.993026e-16 6.740771e-20 5.736271e-31 5.934267e-33
[1] 1.946843e-16 6.871110e-20 5.721647e-31 4.148573e-36
[1] 1.906828e-16 6.632937e-20 5.727445e-31 5.716520e-36
[1] 1.947788e-16 6.828617e-20 5.724242e-31 4.184217e-36
[1] 1.989900e-16 6.738458e-20 5.736284e-31 4.261175e-36
[1] 2.097399e-16 7.006112e-20 5.741361e-31 5.831733e-36
[1] 1.907327e-16 6.632500e-20 5.728065e-31 4.296116e-36
[1] 1.905161e-16 6.630384e-20 5.727877e-31 5.786236e-36
[1] 2.098592e-16 7.007740e-20 5.742380e-31 5.975462e-33
[1] 2.092444e-16 7.004802e-20 5.741105e-31 2.654734e-63
[1] 1.993251e-16 6.740841e-20 5.738029e-31 5.933899e-33
[1] 2.099548e-16 7.010489e-20 5.742794e-31 4.207508e-36
[1] 2.098758e-16 7.007789e-20 5.743096e-31 5.127416e-36
[1] 1.990352e-16 6.737044e-20 5.738157e-31 5.664239e-36
[1] 2.094859e-16 7.006711e-20 5.742323e-31 5.810369e-36
[1] 1.868638e-16 6.861342e-20 5.713523e-31 5.581615e-36
[1] 1.907114e-16 6.633958e-20 5.729860e-31 5.909575e-33
[1] 2.098782e-16 7.007765e-20 5.743709e-31 3.259363e-47
[1] 2.097842e-16 7.006189e-20 5.743880e-31 5.127747e-36
[1] 2.013930e-16 6.782342e-20 5.739727e-31 4.186521e-36
[1] 2.098835e-16 7.007764e-20 5.744130e-31 5.832629e-36
[1] 2.097719e-16 7.006110e-20 5.744050e-31 5.128025e-36
[1] 2.098798e-16 7.007728e-20 5.744270e-31 5.127396e-36
Algorithm converged after  376  iterations.
         [,1]     [,2]     [,3]
[1,] 6.565097 11.27947 38.67048
