myseed=6648 

Attaching package: ‘pls’

The following object is masked from ‘package:stats’:

    loadings

Loading required package: lattice
Loading required package: ggplot2
Registered S3 methods overwritten by 'ggplot2':
  method         from 
  [.quosures     rlang
  c.quosures     rlang
  print.quosures rlang

Attaching package: ‘caret’

The following object is masked from ‘package:pls’:

    R2

Loading required package: Matrix
Loading required package: foreach
Loaded glmnet 2.0-18

Parsed with column specification:
cols(
  .default = col_double()
)
See spec(...) for full column specifications.
Parsed with column specification:
cols(
  X1 = col_double()
)
Parsed with column specification:
cols(
  X1 = col_double()
)
numeric(0)
Algorithm converged after  1  iterations.
[1] 9.609292e-24
Algorithm converged after  2  iterations.
[1] 2.239041e-24
Algorithm converged after  2  iterations.
[1] 6.370212e-19
Algorithm converged after  2  iterations.
[1] 9.609292e-24 4.999532e-26
Algorithm converged after  2  iterations.
[1] 2.239041e-24 6.406006e-26
Algorithm converged after  2  iterations.
[1] 6.370212e-19 3.313027e-24
Algorithm converged after  2  iterations.
[1] 9.609292e-24 2.239041e-24
Algorithm converged after  2  iterations.
[1] 9.609292e-24 6.370212e-19
Algorithm converged after  2  iterations.
[1] 2.239041e-24 6.370212e-19
Algorithm converged after  2  iterations.
[1] 9.609292e-24 4.999532e-26 2.239041e-24
Algorithm converged after  2  iterations.
[1] 9.609292e-24 4.999532e-26 6.370212e-19
Algorithm converged after  2  iterations.
[1] 9.609292e-24 2.239041e-24 6.406006e-26
Algorithm converged after  2  iterations.
[1] 9.609292e-24 6.370212e-19 3.313027e-24
Algorithm converged after  2  iterations.
[1] 2.239041e-24 6.406006e-26 6.370212e-19
Algorithm converged after  2  iterations.
[1] 2.239041e-24 6.370212e-19 3.313027e-24
Algorithm converged after  2  iterations.
[1] 9.609292e-24 2.239041e-24 6.370212e-19
Algorithm converged after  2  iterations.
[1] 9.609292e-24 4.999532e-26 2.239041e-24 6.406006e-26
Algorithm converged after  2  iterations.
[1] 9.609292e-24 4.999532e-26 6.370212e-19 3.313027e-24
Algorithm converged after  2  iterations.
[1] 2.239041e-24 6.406006e-26 6.370212e-19 3.313027e-24
Algorithm converged after  2  iterations.
[1] 9.609292e-24 4.999532e-26 2.239041e-24 6.370212e-19
Algorithm converged after  2  iterations.
[1] 9.609292e-24 2.239041e-24 6.406006e-26 6.370212e-19
Algorithm converged after  2  iterations.
[1] 9.609292e-24 2.239041e-24 6.370212e-19 3.313027e-24
Algorithm converged after  2  iterations.
[1] 4.935702e-17
Algorithm converged after  2  iterations.
[1] 4.935702e-17 5.304718e-26
Algorithm converged after  5  iterations.
[1] 4.935702e-17 3.593376e-26
Algorithm converged after  4  iterations.
[1] 4.935702e-17 6.373948e-22
[1] 2.572908e-16 1.106747e-21
Algorithm converged after  11  iterations.
[1] 4.935702e-17 5.304718e-26 1.239323e-64
[1] 6.270316e-17 5.336308e-26 2.197117e-31
[1] 4.322308e-17 5.292881e-26 2.280539e-31
Algorithm converged after  25  iterations.
[1] 4.935702e-17 3.593376e-26 3.729982e-34
Algorithm converged after  5  iterations.
[1] 4.935702e-17 6.373948e-22 5.065767e-30
[1] 2.663448e-16 1.124278e-21 5.195004e-30
Algorithm converged after  12  iterations.
[1] 4.935702e-17 5.304718e-26 3.593376e-26
Algorithm converged after  5  iterations.
[1] 4.935702e-17 5.304718e-26 6.373948e-22
[1] 2.936678e-16 5.651621e-26 1.179375e-21
Algorithm converged after  12  iterations.
[1] 4.935702e-17 3.593376e-26 6.373948e-22
[1] 2.665049e-16 3.621421e-26 1.128366e-21
Algorithm converged after  12  iterations.
[1] 4.935702e-17 5.304718e-26 1.239323e-64 3.593376e-26
Algorithm converged after  9  iterations.
[1] 4.935702e-17 5.304718e-26 1.239323e-64 6.373948e-22
[1] 2.439658e-16 5.599870e-26 1.997612e-31 1.089583e-21
Algorithm converged after  12  iterations.
[1] 4.935702e-17 5.304718e-26 3.593376e-26 3.729982e-34
Algorithm converged after  6  iterations.
[1] 4.935702e-17 5.304718e-26 6.373948e-22 5.065767e-30
[1] 3.044158e-16 5.667197e-26 1.199726e-21 5.211757e-30
Algorithm converged after  12  iterations.
[1] 4.935702e-17 3.593376e-26 3.729982e-34 6.373948e-22
[1] 2.488423e-16 3.619775e-26 3.462584e-34 1.096233e-21
Algorithm converged after  20  iterations.
[1] 4.935702e-17 3.593376e-26 6.373948e-22 5.065767e-30
[1] 2.753070e-16 3.622734e-26 1.144734e-21 5.196137e-30
Algorithm converged after  12  iterations.
[1] 4.935702e-17 5.304718e-26 3.593376e-26 6.373948e-22
[1] 3.033554e-16 5.663000e-26 3.624928e-26 1.198103e-21
Algorithm converged after  12  iterations.
[1] 4.935702e-17 2.213079e-20
Algorithm converged after  2  iterations.
[1] 4.935702e-17 2.213079e-20 2.058033e-31
[1] 1.924075e-20 2.457108e-24 6.770678e-24
[1] 1.922961e-20 2.459367e-24 6.673782e-24
[1] 1.922748e-20 2.457756e-24 6.653599e-24
[1] 1.922721e-20 2.457534e-24 6.651079e-24
[1] 1.922718e-20 2.457508e-24 6.650780e-24
Algorithm converged after  53  iterations.
[1] 4.935702e-17 2.213079e-20 3.734041e-31
Algorithm converged after  5  iterations.
[1] 4.935702e-17 2.213079e-20 9.450925e-29
Algorithm converged after  5  iterations.
[1] 4.935702e-17 2.213079e-20 2.058033e-31 2.819320e-33
[1] 1.837695e-20 9.030401e-26 6.799905e-24 1.704532e-31
Algorithm converged after  11  iterations.
[1] 4.935702e-17 2.213079e-20 3.734041e-31 5.682869e-34
Algorithm converged after  6  iterations.
[1] 4.935702e-17 2.213079e-20 9.450925e-29 6.367043e-30
Algorithm converged after  6  iterations.
[1] 4.935702e-17 2.213079e-20 2.058033e-31 3.734041e-31
[1] 2.074125e-20 7.726369e-27 2.679367e-24 1.228935e-23
[1] 2.073350e-20 7.726149e-27 2.715360e-24 1.230858e-23
Algorithm converged after  22  iterations.
[1] 4.935702e-17 2.213079e-20 2.058033e-31 9.450925e-29
Algorithm converged after  10  iterations.
[1] 4.935702e-17 2.213079e-20 3.734041e-31 9.450925e-29
Algorithm converged after  6  iterations.
numeric(0)
Algorithm converged after  1  iterations.
[1] 1.516975e-23
Algorithm converged after  2  iterations.
[1] 2.70545e-24
Algorithm converged after  2  iterations.
[1] 1.457152e-19
Algorithm converged after  2  iterations.
[1] 1.516975e-23 6.509052e-26
Algorithm converged after  2  iterations.
[1] 2.70545e-24 7.57525e-26
Algorithm converged after  2  iterations.
[1] 1.457152e-19 3.833262e-24
Algorithm converged after  2  iterations.
[1] 1.516975e-23 2.705450e-24
Algorithm converged after  2  iterations.
[1] 1.516975e-23 1.457152e-19
Algorithm converged after  2  iterations.
[1] 2.705450e-24 1.457152e-19
Algorithm converged after  2  iterations.
[1] 1.516975e-23 6.509052e-26 2.705450e-24
Algorithm converged after  2  iterations.
[1] 1.516975e-23 6.509052e-26 1.457152e-19
Algorithm converged after  2  iterations.
[1] 1.516975e-23 2.705450e-24 7.575250e-26
Algorithm converged after  2  iterations.
[1] 1.516975e-23 1.457152e-19 3.833262e-24
Algorithm converged after  2  iterations.
[1] 2.705450e-24 7.575250e-26 1.457152e-19
Algorithm converged after  2  iterations.
[1] 2.705450e-24 1.457152e-19 3.833262e-24
Algorithm converged after  2  iterations.
[1] 1.516975e-23 2.705450e-24 1.457152e-19
Algorithm converged after  2  iterations.
[1] 1.516975e-23 6.509052e-26 2.705450e-24 7.575250e-26
Algorithm converged after  2  iterations.
[1] 1.516975e-23 6.509052e-26 1.457152e-19 3.833262e-24
Algorithm converged after  2  iterations.
[1] 2.705450e-24 7.575250e-26 1.457152e-19 3.833262e-24
Algorithm converged after  2  iterations.
[1] 1.516975e-23 6.509052e-26 2.705450e-24 1.457152e-19
Algorithm converged after  2  iterations.
[1] 1.516975e-23 2.705450e-24 7.575250e-26 1.457152e-19
Algorithm converged after  2  iterations.
[1] 1.516975e-23 2.705450e-24 1.457152e-19 3.833262e-24
Algorithm converged after  2  iterations.
[1] 2.180819e-17
Algorithm converged after  2  iterations.
[1] 2.180819e-17 7.341800e-26
Algorithm converged after  5  iterations.
[1] 2.180819e-17 4.720217e-26
Algorithm converged after  5  iterations.
[1] 2.180819e-17 1.090832e-22
Algorithm converged after  9  iterations.
[1] 2.180819e-17 7.341800e-26 2.057954e-34
[1] 2.864917e-17 7.415967e-26 1.437219e-54
[1] 2.804724e-17 7.410186e-26 3.100688e-47
[1] 2.133239e-17 7.338111e-26 3.681501e-44
[1] 2.837815e-17 7.414550e-26 2.357599e-34
[1] 2.893565e-17 7.420122e-26 9.122861e-34
[1] 2.821218e-17 7.412852e-26 3.799372e-40
[1] 2.894563e-17 7.420992e-26 8.770772e-34
[1] 2.565998e-17 7.387453e-26 1.718400e-51
[1] 2.605531e-17 7.391315e-26 1.825084e-31
[1] 2.775019e-17 7.410020e-26 5.597982e-46
[1] 2.581179e-17 7.390186e-26 1.719940e-51
[1] 2.718425e-17 7.404959e-26 5.578827e-46
[1] 2.892150e-17 7.422947e-26 6.244311e-35
[1] 2.579384e-17 7.390800e-26 3.798447e-53
[1] 2.663369e-17 7.400111e-26 1.729466e-51
[1] 2.716704e-17 7.405761e-26 1.770510e-31
[1] 2.582144e-17 7.391944e-26 9.515582e-44
[1] 2.805060e-17 7.415232e-26 1.769886e-31
[1] 2.721463e-17 7.407139e-26 3.205452e-53
[1] 2.763070e-17 7.411731e-26 8.295018e-46
[1] 2.120950e-17 7.342045e-26 4.275612e-43
[1] 2.566820e-17 7.391600e-26 2.308483e-34
[1] 2.566781e-17 7.391919e-26 5.602262e-46
[1] 2.890101e-17 7.425983e-26 1.707326e-35
[1] 2.614482e-17 7.396923e-26 3.626816e-53
[1] 2.865815e-17 7.423671e-26 5.602531e-46
[1] 2.609423e-17 7.396813e-26 1.823826e-31
[1] 2.803271e-17 7.421659e-26 3.190826e-53
[1] 2.610075e-17 7.400869e-26 9.572901e-39
[1] 2.842779e-17 7.426318e-26 4.240704e-54
[1] 2.818024e-17 7.423712e-26 1.654032e-35
[1] 2.603858e-17 7.401263e-26 9.568704e-39
[1] 2.802370e-17 7.422981e-26 6.004262e-35
[1] 2.890661e-17 7.432559e-26 6.161714e-66
[1] 2.894849e-17 7.433195e-26 3.889152e-53
[1] 2.802930e-17 7.423839e-26 3.100565e-47
[1] 2.715084e-17 7.415049e-26 9.290510e-51
[1] 2.137855e-17 7.352412e-26 1.962027e-54
[1] 2.636558e-17 7.409142e-26 9.081362e-34
[1] 2.896204e-17 7.436423e-26 1.672644e-35
[1] 2.727187e-17 7.419327e-26 3.098285e-47
[1] 2.138212e-17 7.355419e-26 5.544319e-46
[1] 2.896030e-17 7.437679e-26 1.761793e-31
[1] 2.468775e-17 7.393237e-26 1.536682e-67
[1] 2.545950e-17 7.401353e-26 9.586566e-39
[1] 2.776564e-17 7.426271e-26 1.688394e-63
[1] 2.896504e-17 7.438824e-26 1.055297e-62
[1] 2.806543e-17 7.433757e-26 9.338132e-51
[1] 2.932175e-17 7.447016e-26 9.466898e-51
Algorithm did not converge after  500  iterations.
[1] 2.180819e-17 4.720217e-26 6.111672e-38
[1] 2.486702e-17 4.728093e-26 6.557442e-33
[1] 2.486501e-17 4.728113e-26 6.250646e-38
Algorithm converged after  21  iterations.
[1] 2.180819e-17 1.090832e-22 4.660902e-30
Algorithm converged after  9  iterations.
[1] 2.180819e-17 7.341800e-26 4.720217e-26
Algorithm converged after  5  iterations.
[1] 2.180819e-17 7.341800e-26 1.090832e-22
Algorithm converged after  9  iterations.
[1] 2.180819e-17 4.720217e-26 1.090832e-22
Algorithm converged after  9  iterations.
[1] 2.180819e-17 7.341800e-26 2.057954e-34 4.720217e-26
[1] 2.902568e-17 7.420069e-26 6.178577e-35 4.737627e-26
[1] 3.150678e-17 7.445919e-26 1.809451e-31 4.743165e-26
[1] 3.057784e-17 7.437296e-26 9.520179e-39 4.741184e-26
[1] 3.185470e-17 7.449708e-26 1.824791e-31 4.743934e-26
[1] 3.076439e-17 7.439458e-26 3.298349e-53 4.741616e-26
[1] 3.151049e-17 7.447191e-26 3.122911e-47 4.743292e-26
[1] 2.996776e-17 7.432267e-26 3.102652e-47 4.739953e-26
[1] 3.093599e-17 7.442900e-26 5.874316e-46 4.742221e-26
[1] 2.974617e-17 7.432895e-26 8.134318e-54 4.739891e-26
[1] 2.930788e-17 7.428467e-26 5.840847e-46 4.738897e-26
[1] 3.058255e-17 7.441731e-26 3.106555e-47 4.741748e-26
[1] 2.337176e-17 7.366889e-26 1.931235e-63 4.725090e-26
[1] 2.992835e-17 7.436098e-26 3.104356e-47 4.740439e-26
[1] 2.806830e-17 7.417342e-26 3.609937e-44 4.736238e-26
[1] 3.070811e-17 7.444365e-26 8.371541e-54 4.742145e-26
[1] 3.083191e-17 7.445250e-26 2.407936e-53 4.742393e-26
[1] 3.018018e-17 7.439080e-26 1.184183e-54 4.740995e-26
[1] 3.272880e-17 7.464466e-26 6.073404e-59 4.746544e-26
[1] 2.333871e-17 7.367892e-26 3.132212e-47 4.725158e-26
[1] 2.302255e-17 7.364131e-26 4.287862e-35 4.724385e-26
[1] 2.315572e-17 7.366041e-26 3.120363e-44 4.724763e-26
[1] 3.176117e-17 7.456319e-26 3.271526e-40 4.744656e-26
[1] 2.849901e-17 7.423104e-26 2.537604e-40 4.737412e-26
[1] 3.274275e-17 7.466122e-26 1.999585e-34 4.746778e-26
[1] 2.979471e-17 7.437511e-26 3.108585e-47 4.740412e-26
[1] 2.980715e-17 7.437739e-26 2.358757e-44 4.740457e-26
[1] 2.765833e-17 7.416200e-26 3.111255e-47 4.735650e-26
[1] 2.995106e-17 7.439534e-26 6.295840e-35 4.740822e-26
[1] 2.339086e-17 7.370717e-26 9.780850e-67 4.725549e-26
[1] 3.056067e-17 7.448996e-26 1.804931e-31 4.742594e-26
[1] 2.998573e-17 7.443895e-26 1.740693e-51 4.741397e-26
[1] 2.995455e-17 7.443937e-26 6.431354e-35 4.741439e-26
[1] 2.951680e-17 7.439956e-26 1.735338e-51 4.740426e-26
[1] 3.081662e-17 7.453037e-26 1.800604e-31 4.743306e-26
[1] 2.765416e-17 7.421357e-26 4.910769e-54 4.736253e-26
[1] 2.320078e-17 7.373362e-26 1.469010e-40 4.725643e-26
[1] 2.342277e-17 7.376805e-26 1.638038e-54 4.726260e-26
[1] 2.855003e-17 7.430932e-26 8.998989e-34 4.738333e-26
[1] 3.001467e-17 7.446878e-26 7.967022e-54 4.741702e-26
[1] 2.856094e-17 7.431905e-26 3.102913e-47 4.738431e-26
[1] 2.952407e-17 7.443131e-26 1.387839e-35 4.740705e-26
[1] 2.335558e-17 7.377895e-26 5.248122e-35 4.726254e-26
[1] 2.856802e-17 7.433165e-26 2.890108e-40 4.738550e-26
[1] 3.020605e-17 7.451520e-26 5.788715e-46 4.742396e-26
[1] 3.095158e-17 7.459327e-26 3.110558e-47 4.744078e-26
[1] 2.857130e-17 7.434762e-26 1.098218e-61 4.738743e-26
[1] 3.156743e-17 7.466111e-26 6.097490e-35 4.745489e-26
[1] 3.070291e-17 7.457356e-26 1.038352e-59 4.743589e-26
[1] 3.051807e-17 7.456339e-26 3.279355e-40 4.743248e-26
Algorithm did not converge after  500  iterations.
[1] 2.180819e-17 7.341800e-26 2.057954e-34 1.090832e-22
Algorithm converged after  9  iterations.
[1] 2.180819e-17 7.341800e-26 4.720217e-26 6.111672e-38
Algorithm converged after  5  iterations.
[1] 2.180819e-17 7.341800e-26 1.090832e-22 4.660902e-30
Algorithm converged after  9  iterations.
[1] 2.180819e-17 4.720217e-26 6.111672e-38 1.090832e-22
[1] 7.156154e-17 4.812547e-26 3.270038e-51 1.561590e-22
[1] 6.738866e-17 4.806349e-26 7.855243e-62 1.527971e-22
[1] 7.405093e-17 4.816151e-26 4.382458e-34 1.581695e-22
[1] 7.480809e-17 4.817182e-26 1.077991e-33 1.587793e-22
[1] 7.393430e-17 4.815999e-26 4.382639e-34 1.581059e-22
[1] 6.927713e-17 4.809228e-26 7.455275e-51 1.543959e-22
[1] 7.593508e-17 4.818903e-26 6.473969e-38 1.597213e-22
[1] 7.569885e-17 4.818536e-26 1.024221e-66 1.595317e-22
[1] 6.736490e-17 4.806212e-26 6.053392e-33 1.528493e-22
[1] 6.882639e-17 4.808576e-26 6.805623e-38 1.540874e-22
[1] 7.596673e-17 4.818934e-26 5.990883e-33 1.597742e-22
[1] 7.403278e-17 4.816175e-26 4.382349e-34 1.582667e-22
[1] 6.626344e-17 4.804754e-26 2.051713e-32 1.520193e-22
[1] 7.514660e-17 4.817803e-26 6.941214e-38 1.591675e-22
[1] 7.031609e-17 4.810791e-26 1.084703e-33 1.553181e-22
[1] 6.638706e-17 4.804772e-26 6.779526e-38 1.521191e-22
[1] 6.949697e-17 4.809602e-26 6.050840e-33 1.546828e-22
[1] 7.020438e-17 4.810640e-26 6.399162e-38 1.552596e-22
[1] 7.019173e-17 4.810347e-26 4.247803e-34 1.552293e-22
[1] 6.952687e-17 4.809662e-26 5.358789e-39 1.547411e-22
[1] 7.569213e-17 4.818583e-26 1.374961e-43 1.596652e-22
[1] 6.694933e-17 4.805650e-26 6.783891e-38 1.526595e-22
[1] 6.927433e-17 4.809307e-26 6.823747e-38 1.545970e-22
[1] 7.242697e-17 4.813912e-26 6.904639e-38 1.571334e-22
[1] 7.181228e-17 4.813036e-26 7.411561e-51 1.566525e-22
[1] 6.883251e-17 4.808660e-26 6.802796e-38 1.542868e-22
[1] 6.828955e-17 4.807698e-26 4.278335e-34 1.538308e-22
[1] 7.552637e-17 4.818394e-26 1.369677e-43 1.596550e-22
[1] 6.676745e-17 4.805576e-26 6.819187e-38 1.526394e-22
[1] 7.572281e-17 4.818686e-26 2.468497e-66 1.598523e-22
[1] 6.950859e-17 4.809702e-26 6.866056e-38 1.549019e-22
[1] 7.445311e-17 4.816837e-26 1.078951e-33 1.588591e-22
[1] 6.938682e-17 4.809529e-26 4.351411e-34 1.548157e-22
[1] 7.392467e-17 4.816127e-26 1.080468e-33 1.584578e-22
[1] 6.695140e-17 4.805674e-26 4.249427e-34 1.528193e-22
[1] 7.874097e-17 4.822178e-26 6.784066e-38 1.622000e-22
[1] 7.024456e-17 4.810877e-26 6.890697e-38 1.556642e-22
[1] 7.368326e-17 4.815880e-26 4.376528e-34 1.584245e-22
[1] 6.925291e-17 4.809428e-26 6.817218e-38 1.548803e-22
Algorithm converged after  391  iterations.
[1] 2.180819e-17 4.720217e-26 1.090832e-22 4.660902e-30
Algorithm converged after  9  iterations.
[1] 2.180819e-17 7.341800e-26 4.720217e-26 1.090832e-22
Algorithm converged after  9  iterations.
[1] 2.180819e-17 2.045201e-20
Algorithm converged after  2  iterations.
[1] 2.180819e-17 2.045201e-20 1.874410e-31
Algorithm converged after  5  iterations.
[1] 2.180819e-17 2.045201e-20 6.088389e-32
Algorithm converged after  5  iterations.
[1] 2.180819e-17 2.045201e-20 7.934852e-29
Algorithm converged after  5  iterations.
[1] 2.180819e-17 2.045201e-20 1.874410e-31 1.734799e-33
Algorithm converged after  6  iterations.
[1] 2.180819e-17 2.045201e-20 6.088389e-32 9.826825e-34
Algorithm converged after  6  iterations.
[1] 2.180819e-17 2.045201e-20 7.934852e-29 5.088455e-30
Algorithm converged after  5  iterations.
[1] 2.180819e-17 2.045201e-20 1.874410e-31 6.088389e-32
Algorithm converged after  6  iterations.
[1] 2.180819e-17 2.045201e-20 1.874410e-31 7.934852e-29
Algorithm converged after  6  iterations.
[1] 2.180819e-17 2.045201e-20 6.088389e-32 7.934852e-29
Algorithm converged after  6  iterations.
numeric(0)
Algorithm converged after  1  iterations.
[1] 2.797404e-24
Algorithm converged after  2  iterations.
[1] 5.482391e-26
Algorithm converged after  2  iterations.
[1] 3.396915e-24
Algorithm converged after  2  iterations.
[1] 2.797404e-24 8.462238e-26
Algorithm converged after  2  iterations.
[1] 5.482391e-26 1.867956e-37
Algorithm converged after  2  iterations.
[1] 3.396915e-24 1.306046e-29
Algorithm converged after  2  iterations.
[1] 2.797404e-24 5.482391e-26
Algorithm converged after  2  iterations.
[1] 2.797404e-24 3.396915e-24
Algorithm converged after  2  iterations.
[1] 5.482391e-26 3.396915e-24
Algorithm converged after  2  iterations.
[1] 2.797404e-24 8.462238e-26 5.482391e-26
Algorithm converged after  2  iterations.
[1] 2.797404e-24 8.462238e-26 3.396915e-24
Algorithm converged after  2  iterations.
[1] 2.797404e-24 5.482391e-26 1.867956e-37
Algorithm converged after  2  iterations.
[1] 2.797404e-24 3.396915e-24 1.306046e-29
Algorithm converged after  2  iterations.
[1] 5.482391e-26 1.867956e-37 3.396915e-24
Algorithm converged after  2  iterations.
[1] 5.482391e-26 3.396915e-24 1.306046e-29
Algorithm converged after  2  iterations.
[1] 2.797404e-24 5.482391e-26 3.396915e-24
Algorithm converged after  2  iterations.
[1] 2.797404e-24 8.462238e-26 5.482391e-26 1.867956e-37
Algorithm converged after  2  iterations.
[1] 2.797404e-24 8.462238e-26 3.396915e-24 1.306046e-29
Algorithm converged after  2  iterations.
[1] 5.482391e-26 1.867956e-37 3.396915e-24 1.306046e-29
Algorithm converged after  2  iterations.
[1] 2.797404e-24 8.462238e-26 5.482391e-26 3.396915e-24
Algorithm converged after  2  iterations.
[1] 2.797404e-24 5.482391e-26 1.867956e-37 3.396915e-24
Algorithm converged after  2  iterations.
[1] 2.797404e-24 5.482391e-26 3.396915e-24 1.306046e-29
Algorithm converged after  2  iterations.
[1] 2.190967e-20
Algorithm converged after  2  iterations.
[1] 2.190967e-20 5.370938e-24
Algorithm converged after  5  iterations.
[1] 2.190967e-20 1.579653e-23
Algorithm converged after  6  iterations.
[1] 2.190967e-20 9.823567e-19
Algorithm converged after  5  iterations.
[1] 2.190967e-20 5.370938e-24 1.368333e-47
[1] 2.326131e-20 5.561634e-24 1.208343e-31
Algorithm converged after  15  iterations.
[1] 2.190967e-20 1.579653e-23 1.979089e-37
Algorithm converged after  7  iterations.
[1] 2.190967e-20 9.823567e-19 2.155523e-30
Algorithm converged after  5  iterations.
[1] 2.190967e-20 5.370938e-24 1.579653e-23
Algorithm converged after  6  iterations.
[1] 2.190967e-20 5.370938e-24 9.823567e-19
Algorithm converged after  5  iterations.
[1] 2.190967e-20 1.579653e-23 9.823567e-19
Algorithm converged after  6  iterations.
[1] 2.190967e-20 5.370938e-24 1.368333e-47 1.579653e-23
[1] 2.446341e-20 5.722521e-24 3.248231e-37 1.678133e-23
[1] 2.427939e-20 5.704678e-24 1.206304e-31 1.671615e-23
[1] 2.448930e-20 5.729352e-24 1.006959e-37 1.679322e-23
[1] 2.401141e-20 5.634625e-24 1.213055e-31 1.659384e-23
[1] 2.481059e-20 5.774064e-24 3.804791e-43 1.691515e-23
[1] 2.486141e-20 5.773525e-24 1.206906e-31 1.692987e-23
[1] 2.452329e-20 5.745115e-24 3.237526e-37 1.681440e-23
[1] 2.452548e-20 5.744529e-24 1.085400e-37 1.681495e-23
[1] 2.428065e-20 5.704939e-24 1.206382e-31 1.671644e-23
[1] 2.453633e-20 5.746648e-24 8.072199e-51 1.681919e-23
[1] 2.563733e-20 5.874816e-24 1.314679e-42 1.721945e-23
[1] 2.456354e-20 5.741962e-24 1.048427e-37 1.682288e-23
[1] 2.427984e-20 5.704470e-24 1.413142e-42 1.671593e-23
[1] 2.455805e-20 5.741416e-24 3.211480e-37 1.682116e-23
[1] 2.453420e-20 5.740913e-24 1.030145e-37 1.681686e-23
[1] 2.562401e-20 5.872638e-24 1.205815e-31 1.721425e-23
[1] 2.453915e-20 5.743979e-24 3.217547e-37 1.681916e-23
[1] 2.428570e-20 5.704050e-24 3.286479e-37 1.671748e-23
[1] 2.455771e-20 5.740646e-24 3.212370e-37 1.682057e-23
[1] 2.452164e-20 5.743394e-24 3.238847e-37 1.681288e-23
[1] 2.453491e-20 5.745157e-24 1.378753e-42 1.681789e-23
[1] 2.452116e-20 5.741948e-24 3.227900e-37 1.681227e-23
[1] 2.455458e-20 5.745084e-24 3.213820e-37 1.682447e-23
[1] 2.427991e-20 5.703072e-24 3.286034e-37 1.671512e-23
[1] 2.442005e-20 5.711307e-24 1.220985e-31 1.677132e-23
[1] 2.428209e-20 5.702602e-24 3.288930e-37 1.671526e-23
[1] 2.443372e-20 5.719395e-24 1.206878e-31 1.677047e-23
[1] 2.432186e-20 5.696042e-24 1.372404e-47 1.672296e-23
[1] 2.484066e-20 5.771044e-24 1.334269e-42 1.692211e-23
[1] 2.453326e-20 5.743487e-24 1.125281e-67 1.681614e-23
[1] 2.478100e-20 5.763037e-24 3.214550e-37 1.689965e-23
[1] 2.516452e-20 5.801428e-24 1.208178e-31 1.703595e-23
[1] 2.566632e-20 5.875561e-24 3.769304e-43 1.722817e-23
[1] 2.453256e-20 5.742989e-24 1.097307e-37 1.681563e-23
[1] 2.451753e-20 5.739140e-24 1.207704e-31 1.680948e-23
[1] 2.455672e-20 5.738296e-24 9.921835e-38 1.681866e-23
[1] 2.537669e-20 5.837929e-24 3.781176e-43 1.712039e-23
[1] 2.449074e-20 5.725390e-24 1.206810e-31 1.679099e-23
[1] 2.483072e-20 5.768669e-24 1.206610e-31 1.691779e-23
[1] 2.455654e-20 5.737934e-24 1.206165e-31 1.681839e-23
[1] 2.563629e-20 5.873482e-24 1.017195e-49 1.721818e-23
[1] 2.478587e-20 5.766049e-24 3.227817e-37 1.690305e-23
[1] 2.442161e-20 5.716062e-24 3.825527e-43 1.676494e-23
[1] 2.487614e-20 5.774081e-24 1.206541e-31 1.693438e-23
[1] 2.491051e-20 5.780803e-24 2.227967e-51 1.694873e-23
[1] 2.565432e-20 5.837546e-24 1.211959e-31 1.720258e-23
[1] 2.456083e-20 5.737238e-24 7.571908e-68 1.681929e-23
[1] 2.499593e-20 5.791770e-24 1.205963e-31 1.698052e-23
[1] 2.451056e-20 5.726368e-24 1.206822e-31 1.679745e-23
Algorithm did not converge after  500  iterations.
[1] 2.190967e-20 5.370938e-24 1.368333e-47 9.823567e-19
[1] 2.299338e-20 5.532106e-24 1.043296e-50 1.017689e-18
[1] 2.299534e-20 5.532197e-24 3.766634e-43 1.017790e-18
[1] 2.298755e-20 5.530926e-24 8.204700e-55 1.017632e-18
[1] 2.326312e-20 5.574015e-24 3.379039e-37 1.026010e-18
[1] 2.324762e-20 5.562718e-24 3.275091e-49 1.025913e-18
[1] 2.317345e-20 5.547720e-24 1.014198e-37 1.023983e-18
[1] 2.324185e-20 5.565255e-24 1.096368e-37 1.025626e-18
[1] 2.326528e-20 5.573044e-24 3.373745e-37 1.026207e-18
[1] 2.320026e-20 5.557161e-24 1.092441e-37 1.024395e-18
[1] 2.329004e-20 5.572759e-24 1.206108e-31 1.027262e-18
[1] 2.324317e-20 5.566649e-24 1.100782e-37 1.025645e-18
[1] 2.325474e-20 5.564732e-24 3.355614e-37 1.026158e-18
[1] 2.326655e-20 5.565999e-24 5.959030e-58 1.026536e-18
[1] 2.341552e-20 5.588670e-24 1.038686e-37 1.031297e-18
[1] 2.458072e-20 5.736215e-24 1.208468e-31 1.068618e-18
[1] 2.323671e-20 5.563483e-24 1.209634e-31 1.025572e-18
[1] 2.337757e-20 5.583752e-24 1.028910e-37 1.030149e-18
[1] 2.431442e-20 5.700815e-24 1.208487e-31 1.060243e-18
[1] 2.323084e-20 5.563187e-24 1.209226e-31 1.025412e-18
[1] 2.328673e-20 5.571824e-24 1.361113e-47 1.027266e-18
[1] 2.327336e-20 5.568364e-24 1.199181e-42 1.026804e-18
[1] 2.323173e-20 5.560179e-24 1.468789e-42 1.025607e-18
[1] 2.327128e-20 5.564533e-24 1.211318e-31 1.026952e-18
[1] 2.375726e-20 5.616236e-24 3.718695e-43 1.043227e-18
[1] 2.327799e-20 5.570121e-24 1.206107e-31 1.027109e-18
[1] 2.433132e-20 5.702058e-24 1.208601e-31 1.060948e-18
[1] 2.339975e-20 5.585428e-24 1.206389e-31 1.031043e-18
[1] 2.275936e-20 5.467689e-24 8.797031e-38 1.012324e-18
[1] 2.323697e-20 5.555170e-24 5.270358e-70 1.026062e-18
[1] 2.328054e-20 5.570473e-24 1.206097e-31 1.027184e-18
[1] 2.299765e-20 5.530900e-24 1.103951e-37 1.018188e-18
Algorithm converged after  319  iterations.
[1] 2.190967e-20 5.370938e-24 1.579653e-23 1.979089e-37
[1] 2.461089e-20 5.750707e-24 1.684829e-23 8.901560e-33
Algorithm converged after  18  iterations.
[1] 2.190967e-20 5.370938e-24 9.823567e-19 2.155523e-30
Algorithm converged after  6  iterations.
[1] 2.190967e-20 1.579653e-23 1.979089e-37 9.823567e-19
Algorithm converged after  8  iterations.
[1] 2.190967e-20 1.579653e-23 9.823567e-19 2.155523e-30
Algorithm converged after  6  iterations.
[1] 2.190967e-20 5.370938e-24 1.579653e-23 9.823567e-19
Algorithm converged after  6  iterations.
[1] 2.190967e-20 9.891243e-45
Algorithm converged after  2  iterations.
[1] 2.190967e-20 9.891243e-45 5.934754e-24
Algorithm converged after  10  iterations.
[1] 2.190967e-20 9.891243e-45 1.481639e-23
Algorithm converged after  6  iterations.
[1] 2.190967e-20 9.891243e-45 9.762386e-19
[1] 2.366891e-20 9.875528e-28 3.158223e-18
Algorithm converged after  11  iterations.
[1] 2.190967e-20 9.891243e-45 5.934754e-24 1.290664e-31
[1] 2.277187e-20 2.373480e-27 1.398730e-23 2.693183e-34
Algorithm converged after  14  iterations.
[1] 2.190967e-20 9.891243e-45 1.481639e-23 1.944888e-37
[1] 2.437139e-20 4.162425e-62 1.682044e-23 2.039162e-37
[1] 2.473076e-20 1.194038e-27 1.819945e-23 2.157654e-37
[1] 2.399719e-20 6.845057e-29 1.672204e-23 3.481211e-35
[1] 2.431492e-20 1.030101e-47 1.689488e-23 2.177249e-37
[1] 2.423879e-20 9.909829e-29 1.740721e-23 3.185065e-34
[1] 2.433188e-20 4.171809e-26 1.803277e-23 2.211917e-37
[1] 2.434973e-20 5.946415e-27 1.663104e-23 1.095464e-49
[1] 2.393582e-20 1.342798e-27 1.794152e-23 2.502291e-32
[1] 2.432940e-20 6.701714e-29 1.682532e-23 1.007676e-33
[1] 2.421920e-20 1.854728e-27 1.903709e-23 3.175469e-35
[1] 2.445738e-20 1.137265e-44 1.699281e-23 1.896481e-37
[1] 2.436422e-20 7.828938e-33 1.739855e-23 2.187368e-37
[1] 2.427949e-20 8.416123e-44 1.916258e-23 2.243224e-37
[1] 2.409161e-20 1.478776e-27 1.831042e-23 5.705748e-35
[1] 2.432672e-20 7.279878e-29 1.685157e-23 1.000130e-33
[1] 2.440690e-20 1.212820e-27 1.807510e-23 3.088245e-35
[1] 2.436405e-20 9.399342e-29 1.763217e-23 4.379563e-51
[1] 2.464775e-20 1.400397e-27 1.836532e-23 3.172917e-35
[1] 2.435451e-20 5.956129e-43 1.833560e-23 1.813933e-37
[1] 2.424119e-20 1.607383e-46 1.657225e-23 1.994434e-37
[1] 2.482335e-20 1.059996e-27 1.802172e-23 3.116327e-35
[1] 2.455920e-20 4.214685e-28 1.861831e-23 6.311012e-59
[1] 2.429576e-20 8.944034e-29 1.719970e-23 1.131437e-55
[1] 2.428659e-20 2.986653e-26 1.765124e-23 3.019760e-35
[1] 2.423616e-20 4.218774e-26 1.794501e-23 2.209179e-37
[1] 2.437694e-20 1.410003e-27 1.832813e-23 3.254232e-35
[1] 2.431218e-20 1.516014e-27 1.839857e-23 3.210487e-35
[1] 2.363476e-20 1.128668e-26 1.671859e-23 4.124953e-55
[1] 2.436021e-20 5.815434e-27 1.673300e-23 1.862601e-33
[1] 2.432940e-20 1.560441e-27 1.850350e-23 1.674153e-34
[1] 2.435468e-20 3.301514e-43 1.787793e-23 1.822364e-37
[1] 2.484161e-20 1.151281e-27 1.840012e-23 1.476170e-34
[1] 2.499797e-20 1.420355e-41 1.719590e-23 3.559815e-61
[1] 2.467529e-20 1.444490e-27 1.846988e-23 3.181659e-35
[1] 2.477593e-20 1.039255e-27 1.799695e-23 3.100783e-35
[1] 2.434226e-20 1.038058e-28 1.762048e-23 3.485976e-37
[1] 2.434390e-20 6.212793e-29 1.683086e-23 8.925278e-35
[1] 2.433088e-20 1.433985e-27 1.825723e-23 3.229149e-35
Algorithm converged after  386  iterations.
[1] 2.190967e-20 9.891243e-45 9.762386e-19 2.123928e-30
Algorithm converged after  6  iterations.
[1] 2.190967e-20 9.891243e-45 5.934754e-24 1.481639e-23
Algorithm converged after  7  iterations.
[1] 2.190967e-20 9.891243e-45 5.934754e-24 9.762386e-19
[1] 2.366574e-20 1.366099e-30 5.495336e-24 1.114852e-18
Algorithm converged after  20  iterations.
[1] 2.190967e-20 9.891243e-45 1.481639e-23 9.762386e-19
[1] 2.545971e-20 4.170967e-27 1.773960e-23 1.421565e-18
Algorithm converged after  12  iterations.
numeric(0)
Algorithm converged after  1  iterations.
[1] 1.859451e-23
Algorithm converged after  2  iterations.
[1] 1.591192e-23
Algorithm converged after  2  iterations.
[1] 8.931436e-19
Algorithm converged after  2  iterations.
[1] 1.859451e-23 2.135364e-26
Algorithm converged after  2  iterations.
[1] 1.591192e-23 6.250104e-26
Algorithm converged after  2  iterations.
[1] 8.931436e-19 3.582090e-24
Algorithm converged after  2  iterations.
[1] 1.859451e-23 1.591192e-23
Algorithm converged after  2  iterations.
[1] 1.859451e-23 8.931436e-19
Algorithm converged after  2  iterations.
[1] 1.591192e-23 8.931436e-19
Algorithm converged after  2  iterations.
[1] 1.859451e-23 2.135364e-26 1.591192e-23
Algorithm converged after  2  iterations.
[1] 1.859451e-23 2.135364e-26 8.931436e-19
Algorithm converged after  2  iterations.
[1] 1.859451e-23 1.591192e-23 6.250104e-26
Algorithm converged after  2  iterations.
[1] 1.859451e-23 8.931436e-19 3.582090e-24
Algorithm converged after  2  iterations.
[1] 1.591192e-23 6.250104e-26 8.931436e-19
Algorithm converged after  2  iterations.
[1] 1.591192e-23 8.931436e-19 3.582090e-24
Algorithm converged after  2  iterations.
[1] 1.859451e-23 1.591192e-23 8.931436e-19
Algorithm converged after  2  iterations.
[1] 1.859451e-23 2.135364e-26 1.591192e-23 6.250104e-26
Algorithm converged after  2  iterations.
[1] 1.859451e-23 2.135364e-26 8.931436e-19 3.582090e-24
Algorithm converged after  2  iterations.
[1] 1.591192e-23 6.250104e-26 8.931436e-19 3.582090e-24
Algorithm converged after  2  iterations.
[1] 1.859451e-23 2.135364e-26 1.591192e-23 8.931436e-19
Algorithm converged after  2  iterations.
[1] 1.859451e-23 1.591192e-23 6.250104e-26 8.931436e-19
Algorithm converged after  2  iterations.
[1] 1.859451e-23 1.591192e-23 8.931436e-19 3.582090e-24
Algorithm converged after  2  iterations.
[1] 7.696499e-17
Algorithm converged after  2  iterations.
[1] 7.696499e-17 2.164937e-26
Algorithm converged after  4  iterations.
[1] 7.696499e-17 5.658627e-26
Algorithm converged after  4  iterations.
[1] 7.696499e-17 2.942629e-22
Algorithm converged after  10  iterations.
[1] 7.696499e-17 2.164937e-26 3.770088e-31
Algorithm converged after  5  iterations.
[1] 7.696499e-17 5.658627e-26 8.145182e-36
Algorithm converged after  8  iterations.
[1] 7.696499e-17 2.942629e-22 7.562515e-30
[1] 2.948826e-16 4.570424e-22 7.370286e-30
Algorithm converged after  11  iterations.
[1] 7.696499e-17 2.164937e-26 5.658627e-26
Algorithm converged after  4  iterations.
[1] 7.696499e-17 2.164937e-26 2.942629e-22
[1] 3.359451e-16 2.223967e-26 4.839934e-22
Algorithm converged after  11  iterations.
[1] 7.696499e-17 5.658627e-26 2.942629e-22
[1] 2.975904e-16 5.557685e-26 4.595449e-22
Algorithm converged after  11  iterations.
[1] 7.696499e-17 2.164937e-26 3.770088e-31 5.658627e-26
Algorithm converged after  6  iterations.
[1] 7.696499e-17 2.164937e-26 3.770088e-31 2.942629e-22
[1] 2.734280e-16 2.212804e-26 3.504798e-31 4.444272e-22
Algorithm converged after  11  iterations.
[1] 7.696499e-17 2.164937e-26 5.658627e-26 8.145182e-36
Algorithm converged after  7  iterations.
[1] 7.696499e-17 2.164937e-26 2.942629e-22 7.562515e-30
[1] 3.129224e-16 2.220145e-26 4.699027e-22 7.359650e-30
Algorithm converged after  11  iterations.
[1] 7.696499e-17 5.658627e-26 8.145182e-36 2.942629e-22
[1] 3.506035e-16 5.540616e-26 1.050485e-31 4.920262e-22
Algorithm converged after  19  iterations.
[1] 7.696499e-17 5.658627e-26 2.942629e-22 7.562515e-30
[1] 2.742309e-16 5.565568e-26 4.446288e-22 7.377297e-30
Algorithm converged after  11  iterations.
[1] 7.696499e-17 2.164937e-26 5.658627e-26 2.942629e-22
[1] 3.143582e-16 2.220160e-26 5.551770e-26 4.708921e-22
Algorithm converged after  11  iterations.
[1] 7.696499e-17 2.299483e-20
Algorithm converged after  2  iterations.
[1] 7.696499e-17 2.299483e-20 3.791301e-31
Algorithm converged after  5  iterations.
[1] 7.696499e-17 2.299483e-20 2.119193e-31
Algorithm converged after  5  iterations.
[1] 7.696499e-17 2.299483e-20 3.930005e-29
Algorithm converged after  6  iterations.
[1] 7.696499e-17 2.299483e-20 3.791301e-31 3.611006e-50
Algorithm converged after  10  iterations.
[1] 7.696499e-17 2.299483e-20 2.119193e-31 4.401464e-33
Algorithm converged after  6  iterations.
[1] 7.696499e-17 2.299483e-20 3.930005e-29 1.534581e-29
Algorithm converged after  5  iterations.
[1] 7.696499e-17 2.299483e-20 3.791301e-31 2.119193e-31
Algorithm converged after  5  iterations.
[1] 7.696499e-17 2.299483e-20 3.791301e-31 3.930005e-29
Algorithm converged after  6  iterations.
[1] 7.696499e-17 2.299483e-20 2.119193e-31 3.930005e-29
Algorithm converged after  8  iterations.
numeric(0)
Algorithm converged after  1  iterations.
[1] 2.914681e-24
Algorithm converged after  2  iterations.
[1] 7.495023e-24
Algorithm converged after  2  iterations.
[1] 1.113422e-18
Algorithm converged after  2  iterations.
[1] 2.914681e-24 5.313192e-27
Algorithm converged after  2  iterations.
[1] 7.495023e-24 2.772045e-26
Algorithm converged after  2  iterations.
[1] 1.113422e-18 3.411064e-24
Algorithm converged after  2  iterations.
[1] 2.914681e-24 7.495023e-24
Algorithm converged after  2  iterations.
[1] 2.914681e-24 1.113422e-18
Algorithm converged after  2  iterations.
[1] 7.495023e-24 1.113422e-18
Algorithm converged after  2  iterations.
[1] 2.914681e-24 5.313192e-27 7.495023e-24
Algorithm converged after  2  iterations.
[1] 2.914681e-24 5.313192e-27 1.113422e-18
Algorithm converged after  2  iterations.
[1] 2.914681e-24 7.495023e-24 2.772045e-26
Algorithm converged after  2  iterations.
[1] 2.914681e-24 1.113422e-18 3.411064e-24
Algorithm converged after  2  iterations.
[1] 7.495023e-24 2.772045e-26 1.113422e-18
Algorithm converged after  2  iterations.
[1] 7.495023e-24 1.113422e-18 3.411064e-24
Algorithm converged after  2  iterations.
[1] 2.914681e-24 7.495023e-24 1.113422e-18
Algorithm converged after  2  iterations.
[1] 2.914681e-24 5.313192e-27 7.495023e-24 2.772045e-26
Algorithm converged after  2  iterations.
[1] 2.914681e-24 5.313192e-27 1.113422e-18 3.411064e-24
Algorithm converged after  2  iterations.
[1] 7.495023e-24 2.772045e-26 1.113422e-18 3.411064e-24
Algorithm converged after  2  iterations.
[1] 2.914681e-24 5.313192e-27 7.495023e-24 1.113422e-18
Algorithm converged after  2  iterations.
[1] 2.914681e-24 7.495023e-24 2.772045e-26 1.113422e-18
Algorithm converged after  2  iterations.
[1] 2.914681e-24 7.495023e-24 1.113422e-18 3.411064e-24
Algorithm converged after  2  iterations.
[1] 5.019113e-17
Algorithm converged after  2  iterations.
[1] 5.019113e-17 6.201042e-27
Algorithm converged after  4  iterations.
[1] 5.019113e-17 2.663213e-26
Algorithm converged after  4  iterations.
[1] 5.019113e-17 1.745647e-22
Algorithm converged after  10  iterations.
[1] 5.019113e-17 6.201042e-27 2.411739e-31
Algorithm converged after  6  iterations.
[1] 5.019113e-17 2.663213e-26 9.511849e-34
[1] 5.232670e-17 2.661839e-26 3.429586e-40
[1] 5.241079e-17 2.661805e-26 5.264253e-33
[1] 4.383130e-17 2.668125e-26 9.838987e-34
[1] 4.523948e-17 2.667019e-26 1.574354e-41
[1] 5.229665e-17 2.661984e-26 3.099594e-33
[1] 4.546687e-17 2.666903e-26 6.702728e-35
[1] 5.342264e-17 2.661238e-26 9.861043e-34
[1] 5.225123e-17 2.662062e-26 9.836653e-34
[1] 4.791873e-17 2.665122e-26 3.031877e-33
[1] 5.232874e-17 2.662032e-26 1.009141e-33
Algorithm converged after  102  iterations.
[1] 5.019113e-17 1.745647e-22 3.710921e-30
[1] 1.757864e-16 2.715679e-22 3.687341e-30
Algorithm converged after  11  iterations.
[1] 5.019113e-17 6.201042e-27 2.663213e-26
Algorithm converged after  4  iterations.
[1] 5.019113e-17 6.201042e-27 1.745647e-22
[1] 1.663986e-16 6.048979e-27 2.661743e-22
Algorithm converged after  11  iterations.
[1] 5.019113e-17 2.663213e-26 1.745647e-22
[1] 1.682268e-16 2.604536e-26 2.672773e-22
Algorithm converged after  11  iterations.
[1] 5.019113e-17 6.201042e-27 2.411739e-31 2.663213e-26
Algorithm converged after  6  iterations.
[1] 5.019113e-17 6.201042e-27 2.411739e-31 1.745647e-22
[1] 1.281311e-16 6.089523e-27 2.252963e-31 2.392110e-22
Algorithm converged after  11  iterations.
[1] 5.019113e-17 6.201042e-27 2.663213e-26 9.511849e-34
Algorithm converged after  6  iterations.
[1] 5.019113e-17 6.201042e-27 1.745647e-22 3.710921e-30
[1] 1.622257e-16 6.051130e-27 2.634801e-22 3.688902e-30
Algorithm converged after  11  iterations.
[1] 5.019113e-17 2.663213e-26 9.511849e-34 1.745647e-22
[1] 1.839004e-16 2.598847e-26 1.143987e-33 2.779592e-22
Algorithm converged after  11  iterations.
[1] 5.019113e-17 2.663213e-26 1.745647e-22 3.710921e-30
[1] 1.636246e-16 2.606147e-26 2.642059e-22 3.687749e-30
Algorithm converged after  11  iterations.
[1] 5.019113e-17 6.201042e-27 2.663213e-26 1.745647e-22
[1] 1.545300e-16 6.059848e-27 2.609540e-26 2.582448e-22
Algorithm converged after  11  iterations.
[1] 5.019113e-17 1.381127e-20
Algorithm converged after  2  iterations.
[1] 5.019113e-17 1.381127e-20 2.186199e-31
Algorithm converged after  5  iterations.
[1] 5.019113e-17 1.381127e-20 2.553005e-31
Algorithm converged after  5  iterations.
[1] 5.019113e-17 1.381127e-20 3.751321e-29
[1] 4.175235e-17 1.380469e-20 3.832749e-30
[1] 4.804389e-17 1.435033e-20 7.823537e-29
[1] 6.099925e-17 1.410619e-20 3.579543e-29
[1] 4.175236e-17 1.380468e-20 3.832747e-30
[1] 4.804389e-17 1.435033e-20 7.823537e-29
[1] 6.099925e-17 1.410619e-20 3.579543e-29
[1] 4.175236e-17 1.380468e-20 3.832747e-30
[1] 4.804389e-17 1.435033e-20 7.823537e-29
[1] 6.099925e-17 1.410619e-20 3.579543e-29
[1] 4.175236e-17 1.380468e-20 3.832747e-30
[1] 4.804389e-17 1.435033e-20 7.823537e-29
[1] 6.099925e-17 1.410619e-20 3.579543e-29
[1] 4.175236e-17 1.380468e-20 3.832747e-30
[1] 4.804389e-17 1.435033e-20 7.823537e-29
[1] 6.099925e-17 1.410619e-20 3.579543e-29
[1] 4.175236e-17 1.380468e-20 3.832747e-30
[1] 4.804389e-17 1.435033e-20 7.823537e-29
[1] 6.099925e-17 1.410619e-20 3.579543e-29
[1] 4.175236e-17 1.380468e-20 3.832747e-30
[1] 4.804389e-17 1.435033e-20 7.823537e-29
[1] 6.099925e-17 1.410619e-20 3.579543e-29
[1] 4.175236e-17 1.380468e-20 3.832747e-30
[1] 4.804389e-17 1.435033e-20 7.823537e-29
[1] 6.099925e-17 1.410619e-20 3.579543e-29
[1] 4.175236e-17 1.380468e-20 3.832747e-30
[1] 4.804389e-17 1.435033e-20 7.823537e-29
[1] 6.099925e-17 1.410619e-20 3.579543e-29
[1] 4.175236e-17 1.380468e-20 3.832747e-30
[1] 4.804389e-17 1.435033e-20 7.823537e-29
[1] 6.099925e-17 1.410619e-20 3.579543e-29
[1] 4.175236e-17 1.380468e-20 3.832747e-30
[1] 4.804389e-17 1.435033e-20 7.823537e-29
[1] 6.099925e-17 1.410619e-20 3.579543e-29
[1] 4.175236e-17 1.380468e-20 3.832747e-30
[1] 4.804389e-17 1.435033e-20 7.823537e-29
[1] 6.099925e-17 1.410619e-20 3.579543e-29
[1] 4.175236e-17 1.380468e-20 3.832747e-30
[1] 4.804389e-17 1.435033e-20 7.823537e-29
[1] 6.099925e-17 1.410619e-20 3.579543e-29
[1] 4.175236e-17 1.380468e-20 3.832747e-30
[1] 4.804389e-17 1.435033e-20 7.823537e-29
[1] 6.099925e-17 1.410619e-20 3.579543e-29
[1] 4.175236e-17 1.380468e-20 3.832747e-30
[1] 4.804389e-17 1.435033e-20 7.823537e-29
[1] 6.099925e-17 1.410619e-20 3.579543e-29
[1] 4.175236e-17 1.380468e-20 3.832747e-30
[1] 4.804389e-17 1.435033e-20 7.823537e-29
[1] 6.099925e-17 1.410619e-20 3.579543e-29
[1] 4.175236e-17 1.380468e-20 3.832747e-30
Algorithm did not converge after  500  iterations.
[1] 5.019113e-17 1.381127e-20 2.186199e-31 1.564991e-33
Algorithm converged after  9  iterations.
[1] 5.019113e-17 1.381127e-20 2.553005e-31 1.172363e-33
Algorithm converged after  6  iterations.
[1] 5.019113e-17 1.381127e-20 3.751321e-29 6.793158e-30
[1] 4.832285e-17 1.358491e-20 3.925305e-30 3.281898e-32
[1] 4.832333e-17 1.358479e-20 3.925263e-30 3.281899e-32
[1] 4.832429e-17 1.358468e-20 3.925221e-30 3.281904e-32
[1] 4.832524e-17 1.358457e-20 3.925179e-30 3.281910e-32
[1] 4.832621e-17 1.358446e-20 3.925137e-30 3.281915e-32
[1] 4.832717e-17 1.358435e-20 3.925095e-30 3.281920e-32
[1] 4.832813e-17 1.358424e-20 3.925053e-30 3.281925e-32
[1] 4.832909e-17 1.358413e-20 3.925011e-30 3.281930e-32
[1] 4.833005e-17 1.358403e-20 3.924969e-30 3.281936e-32
[1] 4.833102e-17 1.358392e-20 3.924927e-30 3.281941e-32
[1] 4.833199e-17 1.358381e-20 3.924885e-30 3.281946e-32
[1] 4.833295e-17 1.358370e-20 3.924843e-30 3.281951e-32
[1] 4.833392e-17 1.358359e-20 3.924801e-30 3.281957e-32
[1] 4.833482e-17 1.358348e-20 3.924759e-30 3.281961e-32
[1] 4.833578e-17 1.358337e-20 3.924717e-30 3.281966e-32
[1] 4.833674e-17 1.358326e-20 3.924675e-30 3.281972e-32
[1] 4.833769e-17 1.358315e-20 3.924633e-30 3.281977e-32
[1] 4.833865e-17 1.358305e-20 3.924591e-30 3.281982e-32
[1] 4.833961e-17 1.358294e-20 3.924549e-30 3.281987e-32
[1] 4.834057e-17 1.358283e-20 3.924507e-30 3.281992e-32
[1] 4.834153e-17 1.358272e-20 3.924465e-30 3.281997e-32
[1] 4.834249e-17 1.358261e-20 3.924424e-30 3.282003e-32
[1] 4.834345e-17 1.358250e-20 3.924382e-30 3.282008e-32
[1] 4.834441e-17 1.358239e-20 3.924340e-30 3.282013e-32
[1] 4.834537e-17 1.358228e-20 3.924298e-30 3.282018e-32
[1] 4.834634e-17 1.358217e-20 3.924256e-30 3.282023e-32
[1] 4.834730e-17 1.358206e-20 3.924214e-30 3.282028e-32
[1] 4.834826e-17 1.358196e-20 3.924172e-30 3.282034e-32
[1] 4.834922e-17 1.358185e-20 3.924130e-30 3.282039e-32
[1] 4.835018e-17 1.358174e-20 3.924088e-30 3.282044e-32
[1] 4.835114e-17 1.358163e-20 3.924046e-30 3.282049e-32
[1] 4.835210e-17 1.358152e-20 3.924004e-30 3.282054e-32
[1] 4.835307e-17 1.358141e-20 3.923962e-30 3.282059e-32
[1] 4.835403e-17 1.358130e-20 3.923920e-30 3.282065e-32
[1] 4.835499e-17 1.358119e-20 3.923878e-30 3.282070e-32
[1] 4.835595e-17 1.358108e-20 3.923836e-30 3.282075e-32
[1] 4.835691e-17 1.358097e-20 3.923795e-30 3.282080e-32
[1] 4.835788e-17 1.358087e-20 3.923753e-30 3.282085e-32
[1] 4.835884e-17 1.358076e-20 3.923711e-30 3.282090e-32
[1] 4.835981e-17 1.358065e-20 3.923669e-30 3.282096e-32
[1] 4.836081e-17 1.358054e-20 3.923627e-30 3.282101e-32
[1] 4.836173e-17 1.358043e-20 3.923585e-30 3.282106e-32
[1] 4.836269e-17 1.358032e-20 3.923543e-30 3.282111e-32
[1] 4.836370e-17 1.358021e-20 3.923501e-30 3.282117e-32
[1] 4.826821e-17 1.356438e-20 3.923396e-30 3.092498e-34
[1] 4.836463e-17 1.358011e-20 3.923477e-30 3.282128e-32
[1] 4.836487e-17 1.358003e-20 3.923447e-30 2.500868e-35
[1] 4.837693e-17 1.358024e-20 3.923419e-30 3.282222e-32
[1] 4.510029e-17 1.471875e-20 3.942445e-30 2.993225e-34
Algorithm converged after  500  iterations.
[1] 5.019113e-17 1.381127e-20 2.186199e-31 2.553005e-31
Algorithm converged after  5  iterations.
[1] 5.019113e-17 1.381127e-20 2.186199e-31 3.751321e-29
[1] 1.479927e-20 4.899270e-32 2.202704e-25 3.881804e-18
[1] 1.479897e-20 1.331008e-32 2.127201e-25 3.908887e-18
Algorithm converged after  21  iterations.
[1] 5.019113e-17 1.381127e-20 2.553005e-31 3.751321e-29
[1] 7.534427e-17 1.390704e-20 2.711888e-31 3.486310e-29
[1] 7.535177e-17 1.390748e-20 2.715412e-31 3.482981e-29
[1] 7.535805e-17 1.390795e-20 2.718925e-31 3.479525e-29
[1] 7.536432e-17 1.390842e-20 2.722439e-31 3.476079e-29
[1] 7.537056e-17 1.390889e-20 2.725955e-31 3.472644e-29
[1] 7.537693e-17 1.390937e-20 2.729472e-31 3.469214e-29
[1] 7.538304e-17 1.390984e-20 2.732988e-31 3.465805e-29
[1] 7.538921e-17 1.391030e-20 2.736507e-31 3.462405e-29
[1] 7.539539e-17 1.391077e-20 2.740026e-31 3.459014e-29
[1] 7.540155e-17 1.391124e-20 2.743546e-31 3.455634e-29
[1] 7.540770e-17 1.391171e-20 2.747068e-31 3.452264e-29
[1] 7.541383e-17 1.391217e-20 2.750590e-31 3.448905e-29
[1] 7.541995e-17 1.391264e-20 2.754114e-31 3.445557e-29
[1] 7.542622e-17 1.391311e-20 2.757639e-31 3.442213e-29
[1] 7.543218e-17 1.391357e-20 2.761164e-31 3.438891e-29
[1] 7.543821e-17 1.391403e-20 2.764690e-31 3.435576e-29
[1] 7.544426e-17 1.391450e-20 2.768217e-31 3.432271e-29
[1] 7.545030e-17 1.391496e-20 2.771745e-31 3.428975e-29
[1] 7.545632e-17 1.391542e-20 2.775274e-31 3.425691e-29
[1] 7.546233e-17 1.391589e-20 2.778804e-31 3.422416e-29
[1] 7.546846e-17 1.391635e-20 2.782336e-31 3.419148e-29
[1] 7.547429e-17 1.391681e-20 2.785867e-31 3.415899e-29
[1] 7.548025e-17 1.391727e-20 2.789400e-31 3.412655e-29
[1] 7.548621e-17 1.391773e-20 2.792933e-31 3.409422e-29
[1] 7.549218e-17 1.391819e-20 2.796468e-31 3.406197e-29
[1] 7.549823e-17 1.391866e-20 2.800004e-31 3.402980e-29
[1] 7.550393e-17 1.391911e-20 2.803539e-31 3.399785e-29
[1] 7.550981e-17 1.391957e-20 2.807075e-31 3.396593e-29
[1] 7.551568e-17 1.392002e-20 2.810613e-31 3.393410e-29
[1] 7.552153e-17 1.392048e-20 2.814151e-31 3.390238e-29
[1] 7.552736e-17 1.392094e-20 2.817690e-31 3.387076e-29
[1] 7.553318e-17 1.392139e-20 2.821230e-31 3.383924e-29
[1] 7.553899e-17 1.392185e-20 2.824771e-31 3.380782e-29
[1] 7.554478e-17 1.392230e-20 2.828312e-31 3.377650e-29
[1] 7.555059e-17 1.392276e-20 2.831855e-31 3.374526e-29
[1] 7.555629e-17 1.392321e-20 2.835397e-31 3.371413e-29
[1] 7.556205e-17 1.392366e-20 2.838941e-31 3.368312e-29
[1] 7.556778e-17 1.392411e-20 2.842485e-31 3.365219e-29
[1] 7.557369e-17 1.392457e-20 2.846031e-31 3.362130e-29
[1] 7.557919e-17 1.392502e-20 2.849576e-31 3.359063e-29
[1] 5.409118e-17 1.348230e-20 2.715969e-31 3.549191e-29
Algorithm converged after  420  iterations.
numeric(0)
Algorithm converged after  1  iterations.
[1] 7.875692e-24
Algorithm converged after  2  iterations.
[1] 1.27586e-23
Algorithm converged after  2  iterations.
[1] 7.398554e-19
Algorithm converged after  2  iterations.
[1] 7.875692e-24 6.533006e-26
Algorithm converged after  2  iterations.
[1] 1.27586e-23 1.99957e-26
Algorithm converged after  2  iterations.
[1] 7.398554e-19 4.965219e-24
Algorithm converged after  2  iterations.
[1] 7.875692e-24 1.275860e-23
Algorithm converged after  2  iterations.
[1] 7.875692e-24 7.398554e-19
Algorithm converged after  2  iterations.
[1] 1.275860e-23 7.398554e-19
Algorithm converged after  2  iterations.
[1] 7.875692e-24 6.533006e-26 1.275860e-23
Algorithm converged after  2  iterations.
[1] 7.875692e-24 6.533006e-26 7.398554e-19
Algorithm converged after  2  iterations.
[1] 7.875692e-24 1.275860e-23 1.999570e-26
Algorithm converged after  2  iterations.
[1] 7.875692e-24 7.398554e-19 4.965219e-24
Algorithm converged after  2  iterations.
[1] 1.275860e-23 1.999570e-26 7.398554e-19
Algorithm converged after  2  iterations.
[1] 1.275860e-23 7.398554e-19 4.965219e-24
Algorithm converged after  2  iterations.
[1] 7.875692e-24 1.275860e-23 7.398554e-19
Algorithm converged after  2  iterations.
[1] 7.875692e-24 6.533006e-26 1.275860e-23 1.999570e-26
Algorithm converged after  2  iterations.
[1] 7.875692e-24 6.533006e-26 7.398554e-19 4.965219e-24
Algorithm converged after  2  iterations.
[1] 1.275860e-23 1.999570e-26 7.398554e-19 4.965219e-24
Algorithm converged after  2  iterations.
[1] 7.875692e-24 6.533006e-26 1.275860e-23 7.398554e-19
Algorithm converged after  2  iterations.
[1] 7.875692e-24 1.275860e-23 1.999570e-26 7.398554e-19
Algorithm converged after  2  iterations.
[1] 7.875692e-24 1.275860e-23 7.398554e-19 4.965219e-24
Algorithm converged after  2  iterations.
[1] 5.312219e-17
Algorithm converged after  2  iterations.
[1] 5.312219e-17 6.255946e-26
Algorithm converged after  4  iterations.
[1] 5.312219e-17 1.867888e-26
Algorithm converged after  4  iterations.
[1] 5.312219e-17 5.339462e-22
Algorithm converged after  10  iterations.
[1] 5.312219e-17 6.255946e-26 1.257203e-31
Algorithm converged after  5  iterations.
[1] 5.312219e-17 1.867888e-26 1.973916e-33
Algorithm converged after  7  iterations.
[1] 5.312219e-17 5.339462e-22 8.313269e-30
[1] 2.237348e-16 8.535779e-22 8.214748e-30
Algorithm converged after  11  iterations.
[1] 5.312219e-17 6.255946e-26 1.867888e-26
Algorithm converged after  5  iterations.
[1] 5.312219e-17 6.255946e-26 5.339462e-22
[1] 2.606623e-16 6.528699e-26 9.150107e-22
Algorithm converged after  11  iterations.
[1] 5.312219e-17 1.867888e-26 5.339462e-22
[1] 2.235357e-16 1.846603e-26 8.562796e-22
Algorithm converged after  11  iterations.
[1] 5.312219e-17 6.255946e-26 1.257203e-31 1.867888e-26
Algorithm converged after  5  iterations.
[1] 5.312219e-17 6.255946e-26 1.257203e-31 5.339462e-22
[1] 2.225974e-16 6.490757e-26 1.169571e-31 8.554735e-22
Algorithm converged after  11  iterations.
[1] 5.312219e-17 6.255946e-26 1.867888e-26 1.973916e-33
[1] 5.943711e-17 6.269551e-26 1.866724e-26 1.966965e-33
Algorithm converged after  12  iterations.
[1] 5.312219e-17 6.255946e-26 5.339462e-22 8.313269e-30
[1] 2.531224e-16 6.524744e-26 9.046252e-22 8.202921e-30
Algorithm converged after  11  iterations.
[1] 5.312219e-17 1.867888e-26 1.973916e-33 5.339462e-22
[1] 2.545473e-16 1.843982e-26 1.396169e-33 9.049311e-22
Algorithm converged after  13  iterations.
[1] 5.312219e-17 1.867888e-26 5.339462e-22 8.313269e-30
[1] 2.154007e-16 1.847330e-26 8.436684e-22 8.213927e-30
Algorithm converged after  11  iterations.
[1] 5.312219e-17 6.255946e-26 1.867888e-26 5.339462e-22
[1] 2.515009e-16 6.520349e-26 1.844057e-26 9.014597e-22
Algorithm converged after  11  iterations.
[1] 5.312219e-17 2.574233e-20
Algorithm converged after  2  iterations.
[1] 5.312219e-17 2.574233e-20 1.309020e-31
Algorithm converged after  6  iterations.
[1] 5.312219e-17 2.574233e-20 1.603823e-31
Algorithm converged after  5  iterations.
[1] 5.312219e-17 2.574233e-20 1.503197e-28
Algorithm converged after  5  iterations.
[1] 5.312219e-17 2.574233e-20 1.309020e-31 3.315122e-33
Algorithm converged after  6  iterations.
[1] 5.312219e-17 2.574233e-20 1.603823e-31 1.951412e-33
Algorithm converged after  7  iterations.
[1] 5.312219e-17 2.574233e-20 1.503197e-28 9.995218e-30
Algorithm converged after  6  iterations.
[1] 5.312219e-17 2.574233e-20 1.309020e-31 1.603823e-31
Algorithm converged after  6  iterations.
[1] 5.312219e-17 2.574233e-20 1.309020e-31 1.503197e-28
Algorithm converged after  5  iterations.
[1] 5.312219e-17 2.574233e-20 1.603823e-31 1.503197e-28
Algorithm converged after  6  iterations.
numeric(0)
Algorithm converged after  1  iterations.
[1] 1.643897e-23
Algorithm converged after  2  iterations.
[1] 7.136899e-24
Algorithm converged after  2  iterations.
[1] 5.119752e-19
Algorithm converged after  2  iterations.
[1] 1.643897e-23 7.014194e-26
Algorithm converged after  2  iterations.
[1] 7.136899e-24 6.806039e-26
Algorithm converged after  2  iterations.
[1] 5.119752e-19 4.722888e-24
Algorithm converged after  2  iterations.
[1] 1.643897e-23 7.136899e-24
Algorithm converged after  2  iterations.
[1] 1.643897e-23 5.119752e-19
Algorithm converged after  2  iterations.
[1] 7.136899e-24 5.119752e-19
Algorithm converged after  2  iterations.
[1] 1.643897e-23 7.014194e-26 7.136899e-24
Algorithm converged after  2  iterations.
[1] 1.643897e-23 7.014194e-26 5.119752e-19
Algorithm converged after  2  iterations.
[1] 1.643897e-23 7.136899e-24 6.806039e-26
Algorithm converged after  2  iterations.
[1] 1.643897e-23 5.119752e-19 4.722888e-24
Algorithm converged after  2  iterations.
[1] 7.136899e-24 6.806039e-26 5.119752e-19
Algorithm converged after  2  iterations.
[1] 7.136899e-24 5.119752e-19 4.722888e-24
Algorithm converged after  2  iterations.
[1] 1.643897e-23 7.136899e-24 5.119752e-19
Algorithm converged after  2  iterations.
[1] 1.643897e-23 7.014194e-26 7.136899e-24 6.806039e-26
Algorithm converged after  2  iterations.
[1] 1.643897e-23 7.014194e-26 5.119752e-19 4.722888e-24
Algorithm converged after  2  iterations.
[1] 7.136899e-24 6.806039e-26 5.119752e-19 4.722888e-24
Algorithm converged after  2  iterations.
[1] 1.643897e-23 7.014194e-26 7.136899e-24 5.119752e-19
Algorithm converged after  2  iterations.
[1] 1.643897e-23 7.136899e-24 6.806039e-26 5.119752e-19
Algorithm converged after  2  iterations.
[1] 1.643897e-23 7.136899e-24 5.119752e-19 4.722888e-24
Algorithm converged after  2  iterations.
[1] 2.352566e-20
Algorithm converged after  2  iterations.
[1] 2.352566e-20 5.708159e-24
Algorithm converged after  5  iterations.
[1] 2.352566e-20 2.264204e-23
Algorithm converged after  6  iterations.
[1] 2.352566e-20 2.100886e-18
Algorithm converged after  5  iterations.
[1] 2.352566e-20 5.708159e-24 1.777230e-31
Algorithm converged after  8  iterations.
[1] 2.352566e-20 2.264204e-23 1.170022e-31
[1] 2.557917e-20 2.353621e-23 1.442717e-33
[1] 2.732244e-20 2.425627e-23 1.360316e-33
[1] 2.639134e-20 2.387336e-23 5.930037e-38
[1] 2.639072e-20 2.387313e-23 2.727714e-69
[1] 2.577780e-20 2.361812e-23 1.447320e-33
[1] 2.634983e-20 2.385305e-23 5.941969e-38
[1] 2.732671e-20 2.425858e-23 3.904975e-33
[1] 2.639055e-20 2.387268e-23 1.348951e-33
[1] 2.826316e-20 2.462211e-23 5.949283e-38
[1] 2.639379e-20 2.387359e-23 5.939474e-38
[1] 2.729444e-20 2.424527e-23 1.360858e-33
[1] 2.552230e-20 2.348951e-23 1.331234e-33
[1] 2.555808e-20 2.350463e-23 5.934197e-38
[1] 2.625515e-20 2.381603e-23 1.138893e-31
[1] 2.724990e-20 2.422142e-23 2.139436e-35
[1] 2.560669e-20 2.354658e-23 1.443357e-33
[1] 2.628466e-20 2.382904e-23 3.936048e-33
[1] 2.639032e-20 2.387216e-23 1.348928e-33
[1] 2.727944e-20 2.423925e-23 5.944882e-38
[1] 2.635649e-20 2.385796e-23 1.348492e-33
[1] 2.639067e-20 2.387211e-23 1.461699e-33
[1] 2.557741e-20 2.353479e-23 1.338422e-33
[1] 2.634340e-20 2.385305e-23 5.938837e-38
[1] 2.732449e-20 2.425665e-23 6.472388e-33
[1] 2.722240e-20 2.421196e-23 5.944155e-38
[1] 2.635675e-20 2.385782e-23 1.455983e-64
[1] 2.732067e-20 2.425417e-23 5.690422e-51
[1] 2.727306e-20 2.423605e-23 1.360687e-33
[1] 2.732556e-20 2.425742e-23 1.361525e-33
[1] 2.635620e-20 2.385745e-23 1.460871e-33
[1] 2.638993e-20 2.387143e-23 5.947030e-38
[1] 2.727293e-20 2.423619e-23 1.361012e-33
[1] 2.617577e-20 2.376253e-23 2.117967e-48
[1] 2.628186e-20 2.382695e-23 5.938455e-38
[1] 2.729621e-20 2.424509e-23 3.905831e-33
[1] 2.556025e-20 2.352303e-23 1.336801e-33
[1] 2.727600e-20 2.423682e-23 3.906328e-33
[1] 2.729554e-20 2.424472e-23 5.944919e-38
[1] 2.618569e-20 2.376735e-23 6.436934e-33
[1] 2.631187e-20 2.383914e-23 1.459755e-33
[1] 2.572956e-20 2.359824e-23 4.324415e-52
[1] 2.631477e-20 2.384034e-23 3.935378e-33
[1] 2.583821e-20 2.362959e-23 6.430228e-33
[1] 2.638962e-20 2.387072e-23 6.448101e-33
[1] 2.732215e-20 2.425465e-23 5.945018e-38
[1] 2.582352e-20 2.361026e-23 6.426205e-33
[1] 2.635653e-20 2.385540e-23 1.348197e-33
[1] 2.729191e-20 2.424243e-23 5.512872e-59
[1] 2.726372e-20 2.422990e-23 2.536539e-53
Algorithm did not converge after  500  iterations.
[1] 2.352566e-20 2.100886e-18 4.571199e-30
Algorithm converged after  5  iterations.
[1] 2.352566e-20 5.708159e-24 2.264204e-23
Algorithm converged after  6  iterations.
[1] 2.352566e-20 5.708159e-24 2.100886e-18
Algorithm converged after  6  iterations.
[1] 2.352566e-20 2.264204e-23 2.100886e-18
Algorithm converged after  6  iterations.
[1] 2.352566e-20 5.708159e-24 1.777230e-31 2.264204e-23
[1] 2.617922e-20 6.166471e-24 5.043783e-35 2.378185e-23
[1] 2.612485e-20 6.158905e-24 5.118525e-35 2.376019e-23
[1] 2.616519e-20 6.164375e-24 5.117022e-35 2.377614e-23
[1] 2.620363e-20 6.169319e-24 5.095278e-35 2.379114e-23
[1] 2.616357e-20 6.163982e-24 5.107645e-35 2.377536e-23
[1] 2.610057e-20 6.154908e-24 5.062977e-35 2.375004e-23
[1] 2.614109e-20 6.160563e-24 5.098852e-35 2.376618e-23
[1] 2.615026e-20 6.161745e-24 5.021627e-35 2.376976e-23
[1] 2.613107e-20 6.159034e-24 5.070979e-35 2.376208e-23
[1] 2.613631e-20 6.159778e-24 5.036930e-35 2.376417e-23
[1] 2.615186e-20 6.161826e-24 5.027321e-35 2.377028e-23
[1] 2.617163e-20 6.164431e-24 5.066716e-35 2.377804e-23
[1] 2.619759e-20 6.167856e-24 5.116219e-35 2.378824e-23
[1] 2.619629e-20 6.167727e-24 5.110853e-35 2.378776e-23
[1] 2.618899e-20 6.166755e-24 5.123674e-35 2.378488e-23
[1] 2.619890e-20 6.168045e-24 5.105285e-35 2.378876e-23
[1] 2.620983e-20 6.169433e-24 5.106996e-35 2.379302e-23
[1] 2.621032e-20 6.169511e-24 5.124438e-35 2.379322e-23
[1] 2.620213e-20 6.168448e-24 5.109193e-35 2.379001e-23
[1] 2.620549e-20 6.168876e-24 5.122299e-35 2.379132e-23
[1] 2.621009e-20 6.169441e-24 5.107510e-35 2.379310e-23
[1] 2.619003e-20 6.166835e-24 5.119740e-35 2.378524e-23
[1] 2.619488e-20 6.167475e-24 5.117784e-35 2.378715e-23
[1] 2.620923e-20 6.169300e-24 5.126806e-35 2.379274e-23
[1] 2.621038e-20 6.169455e-24 5.127055e-35 2.379319e-23
[1] 2.619061e-20 6.166868e-24 5.110450e-35 2.378544e-23
[1] 2.619085e-20 6.166880e-24 5.106837e-35 2.378551e-23
[1] 2.620959e-20 6.169259e-24 5.121178e-35 2.379281e-23
Algorithm converged after  285  iterations.
[1] 2.352566e-20 5.708159e-24 1.777230e-31 2.100886e-18
[1] 2.490751e-20 5.948623e-24 1.756845e-31 2.175721e-18
[1] 2.552710e-20 6.058900e-24 5.171634e-35 2.207409e-18
[1] 2.580187e-20 6.113467e-24 7.022708e-34 2.220912e-18
[1] 2.365400e-20 5.744113e-24 4.037874e-52 2.108922e-18
[1] 2.533448e-20 6.017646e-24 5.185891e-35 2.198444e-18
[1] 2.371208e-20 5.763323e-24 8.944061e-37 2.111205e-18
Algorithm converged after  67  iterations.
[1] 2.352566e-20 5.708159e-24 2.264204e-23 1.170022e-31
[1] 2.649063e-20 6.221335e-24 2.392000e-23 5.945504e-38
[1] 2.706178e-20 6.313955e-24 2.415571e-23 1.479785e-33
[1] 2.709631e-20 6.319627e-24 2.417008e-23 5.949726e-38
[1] 2.803059e-20 6.471453e-24 2.455220e-23 5.955046e-38
[1] 2.693202e-20 6.285747e-24 2.409039e-23 5.949025e-38
[1] 2.709438e-20 6.318780e-24 2.416891e-23 1.143010e-31
[1] 2.701718e-20 6.306261e-24 2.413747e-23 5.942313e-38
[1] 2.806961e-20 6.477423e-24 2.456788e-23 1.370700e-33
[1] 2.798452e-20 6.462185e-24 2.453227e-23 7.282965e-59
[1] 2.803406e-20 6.471652e-24 2.455354e-23 1.503748e-33
[1] 2.803373e-20 6.471454e-24 2.455332e-23 3.887798e-33
[1] 2.708461e-20 6.316447e-24 2.416449e-23 1.143169e-31
[1] 2.629520e-20 6.187979e-24 2.383908e-23 1.461669e-33
[1] 2.648976e-20 6.219662e-24 2.391906e-23 5.938744e-38
[1] 2.706227e-20 6.312551e-24 2.415537e-23 1.357640e-33
[1] 2.627684e-20 6.174552e-24 2.381344e-23 5.945623e-38
[1] 2.808931e-20 6.475241e-24 2.457194e-23 3.891941e-33
[1] 2.802768e-20 6.468308e-24 2.454946e-23 1.369000e-33
[1] 2.704855e-20 6.310429e-24 2.415027e-23 4.652201e-65
[1] 2.803336e-20 6.470385e-24 2.455271e-23 5.948574e-38
[1] 2.699026e-20 6.296426e-24 2.411960e-23 1.476471e-33
[1] 2.643181e-20 6.209639e-24 2.389667e-23 5.938547e-38
[1] 2.801696e-20 6.463814e-24 2.454323e-23 1.498480e-33
[1] 2.643405e-20 6.209670e-24 2.389597e-23 5.938385e-38
[1] 2.803374e-20 6.469744e-24 2.455254e-23 1.370197e-33
[1] 2.654524e-20 6.216604e-24 2.392285e-23 1.150205e-31
[1] 2.706191e-20 6.311139e-24 2.415449e-23 1.479684e-33
[1] 2.687998e-20 6.270330e-24 2.405988e-23 1.350309e-33
[1] 2.707241e-20 6.311801e-24 2.415726e-23 3.916850e-33
[1] 2.645511e-20 6.212597e-24 2.390457e-23 6.419354e-33
[1] 2.705206e-20 6.309623e-24 2.415098e-23 5.734593e-51
[1] 2.802832e-20 6.467581e-24 2.454959e-23 5.954932e-38
[1] 2.711112e-20 6.317905e-24 2.417377e-23 5.943345e-38
[1] 2.709283e-20 6.315281e-24 2.416678e-23 8.199018e-50
[1] 2.707384e-20 6.310298e-24 2.415607e-23 1.143541e-31
[1] 2.667087e-20 6.237144e-24 2.397644e-23 1.149157e-31
[1] 2.904258e-20 6.622992e-24 2.494582e-23 7.216921e-38
[1] 2.644398e-20 6.209468e-24 2.389765e-23 5.938243e-38
[1] 2.704495e-20 6.306047e-24 2.414545e-23 9.877062e-59
[1] 2.705202e-20 6.308154e-24 2.415002e-23 6.438522e-33
[1] 2.711478e-20 6.317821e-24 2.417515e-23 5.943157e-38
[1] 2.711627e-20 6.318078e-24 2.417585e-23 5.949913e-38
[1] 2.802926e-20 6.466969e-24 2.454976e-23 1.978398e-53
[1] 2.798986e-20 6.460344e-24 2.453357e-23 5.954690e-38
[1] 2.638403e-20 6.187953e-24 2.385526e-23 5.946288e-38
[1] 2.706201e-20 6.308781e-24 2.415350e-23 3.917187e-33
[1] 2.635301e-20 6.190621e-24 2.385758e-23 1.347419e-33
[1] 2.645603e-20 6.210432e-24 2.390508e-23 1.349669e-33
[1] 2.673423e-20 6.247664e-24 2.400535e-23 1.350006e-33
Algorithm did not converge after  500  iterations.
[1] 2.352566e-20 5.708159e-24 2.100886e-18 4.571199e-30
Algorithm converged after  6  iterations.
[1] 2.352566e-20 2.264204e-23 1.170022e-31 2.100886e-18
[1] 2.886380e-20 2.489381e-23 5.960610e-38 2.379602e-18
[1] 2.791017e-20 2.450134e-23 1.366127e-33 2.331011e-18
[1] 2.792858e-20 2.451101e-23 6.487434e-33 2.332033e-18
[1] 2.886303e-20 2.489373e-23 1.518988e-33 2.379544e-18
[1] 2.763916e-20 2.438232e-23 1.122537e-37 2.317562e-18
[1] 2.883874e-20 2.488386e-23 1.378297e-33 2.378285e-18
[1] 2.715190e-20 2.419065e-23 5.950857e-38 2.292300e-18
[1] 2.776928e-20 2.443027e-23 1.137996e-31 2.324446e-18
[1] 2.710412e-20 2.417065e-23 2.172951e-35 2.289805e-18
[1] 2.883850e-20 2.488156e-23 5.953413e-38 2.378565e-18
[1] 2.886361e-20 2.489405e-23 1.378605e-33 2.379524e-18
[1] 2.782133e-20 2.446510e-23 1.493169e-33 2.326398e-18
[1] 2.891177e-20 2.491377e-23 5.954302e-38 2.381934e-18
[1] 2.761772e-20 2.437079e-23 1.138173e-31 2.316495e-18
[1] 2.792981e-20 2.451162e-23 1.366619e-33 2.332017e-18
[1] 2.886477e-20 2.489459e-23 8.143066e-50 2.379552e-18
[1] 2.883648e-20 2.488309e-23 1.378346e-33 2.378085e-18
[1] 2.728043e-20 2.424410e-23 1.358209e-33 2.298717e-18
[1] 2.708112e-20 2.416145e-23 5.943415e-38 2.288559e-18
[1] 2.886316e-20 2.489392e-23 5.954051e-38 2.379456e-18
[1] 2.772214e-20 2.441834e-23 1.360425e-33 2.321640e-18
[1] 2.771803e-20 2.441673e-23 2.010313e-57 2.321431e-18
[1] 2.884802e-20 2.488601e-23 4.162468e-45 2.378897e-18
[1] 2.732615e-20 2.425401e-23 1.354920e-33 2.301394e-18
[1] 2.744190e-20 2.429979e-23 1.478518e-33 2.307375e-18
[1] 2.882031e-20 2.487680e-23 8.658049e-64 2.377188e-18
[1] 2.708788e-20 2.415281e-23 1.469731e-33 2.289227e-18
[1] 2.787867e-20 2.448867e-23 1.493701e-33 2.329047e-18
[1] 2.706075e-20 2.415157e-23 5.943142e-38 2.287361e-18
[1] 2.788498e-20 2.449294e-23 5.948414e-38 2.329509e-18
[1] 2.882122e-20 2.487707e-23 2.510745e-52 2.377184e-18
[1] 2.784829e-20 2.447656e-23 5.949652e-38 2.327577e-18
[1] 2.891160e-20 2.491403e-23 5.961003e-38 2.381714e-18
[1] 2.788289e-20 2.449223e-23 1.365701e-33 2.329339e-18
[1] 2.776437e-20 2.442546e-23 7.088873e-58 2.324025e-18
[1] 2.784066e-20 2.447362e-23 5.957382e-38 2.327138e-18
[1] 2.728208e-20 2.424515e-23 3.905419e-33 2.298579e-18
[1] 2.724101e-20 2.422793e-23 1.479811e-33 2.296519e-18
[1] 2.886148e-20 2.489369e-23 5.960791e-38 2.379068e-18
[1] 2.792697e-20 2.451081e-23 5.956067e-38 2.331549e-18
[1] 2.757513e-20 2.434942e-23 1.354710e-33 2.314233e-18
[1] 2.728085e-20 2.424475e-23 2.128888e-48 2.298360e-18
[1] 2.783756e-20 2.447437e-23 5.955123e-38 2.326954e-18
[1] 2.790092e-20 2.450072e-23 5.955286e-38 2.330195e-18
[1] 2.789860e-20 2.449953e-23 5.948602e-38 2.330073e-18
[1] 2.724335e-20 2.422927e-23 1.357914e-33 2.296582e-18
[1] 2.788182e-20 2.449100e-23 1.366024e-33 2.329188e-18
[1] 2.745282e-20 2.430243e-23 1.477517e-33 2.307755e-18
[1] 2.792983e-20 2.451223e-23 5.955966e-38 2.331650e-18
Algorithm did not converge after  500  iterations.
[1] 2.352566e-20 2.264204e-23 2.100886e-18 4.571199e-30
Algorithm converged after  6  iterations.
[1] 2.352566e-20 5.708159e-24 2.264204e-23 2.100886e-18
Algorithm converged after  6  iterations.
[1] 2.352566e-20 3.659745e-28
Algorithm converged after  2  iterations.
[1] 2.352566e-20 3.659745e-28 3.267491e-24
[1] 2.456248e-20 3.350203e-27 1.748633e-23
Algorithm converged after  18  iterations.
[1] 2.352566e-20 3.659745e-28 8.348524e-24
Algorithm converged after  8  iterations.
[1] 2.352566e-20 3.659745e-28 7.806809e-19
[1] 2.566318e-20 2.782112e-26 3.147377e-18
[1] 2.498907e-20 5.555711e-45 2.496194e-18
[1] 2.569689e-20 1.605732e-41 2.475966e-18
[1] 2.560701e-20 1.201908e-27 4.940539e-18
Algorithm converged after  45  iterations.
[1] 2.352566e-20 3.659745e-28 3.267491e-24 1.824102e-31
[1] 2.193715e-20 6.548745e-26 1.554308e-23 1.043343e-31
Algorithm converged after  18  iterations.
[1] 2.352566e-20 3.659745e-28 8.348524e-24 5.585242e-35
[1] 2.604696e-20 1.437712e-27 2.309950e-23 3.354206e-35
[1] 2.682973e-20 2.626726e-27 2.623614e-23 1.192378e-34
Algorithm converged after  23  iterations.
[1] 2.352566e-20 3.659745e-28 7.806809e-19 5.692008e-49
[1] 2.746493e-20 4.216352e-29 2.339770e-18 2.059414e-35
[1] 2.427188e-20 1.459171e-27 5.228761e-18 4.293299e-41
[1] 2.433307e-20 2.327102e-27 6.238315e-18 3.937850e-42
[1] 2.656607e-20 9.561419e-28 4.560815e-18 5.165853e-29
[1] 2.534583e-20 1.340785e-27 5.191109e-18 4.958209e-44
[1] 2.620781e-20 1.290231e-27 5.182676e-18 4.439490e-41
[1] 2.471608e-20 1.024336e-29 2.366128e-18 4.637622e-30
[1] 2.485937e-20 1.062005e-29 2.329959e-18 5.555121e-36
[1] 2.481908e-20 9.168476e-30 2.441489e-18 4.694535e-30
Algorithm converged after  93  iterations.
[1] 2.352566e-20 3.659745e-28 3.267491e-24 8.348524e-24
Algorithm converged after  7  iterations.
[1] 2.352566e-20 3.659745e-28 3.267491e-24 7.806809e-19
Algorithm converged after  6  iterations.
[1] 2.352566e-20 3.659745e-28 8.348524e-24 7.806809e-19
[1] 2.783573e-20 3.094089e-29 2.479402e-23 2.662224e-18
Algorithm converged after  15  iterations.
numeric(0)
Algorithm converged after  1  iterations.
[1] 1.170956e-23
Algorithm converged after  2  iterations.
[1] 1.150948e-23
Algorithm converged after  2  iterations.
[1] 3.620749e-19
Algorithm converged after  2  iterations.
[1] 1.170956e-23 4.253713e-26
Algorithm converged after  2  iterations.
[1] 1.150948e-23 7.291882e-26
Algorithm converged after  2  iterations.
[1] 3.620749e-19 4.743992e-24
Algorithm converged after  2  iterations.
[1] 1.170956e-23 1.150948e-23
Algorithm converged after  2  iterations.
[1] 1.170956e-23 3.620749e-19
Algorithm converged after  2  iterations.
[1] 1.150948e-23 3.620749e-19
Algorithm converged after  2  iterations.
[1] 1.170956e-23 4.253713e-26 1.150948e-23
Algorithm converged after  2  iterations.
[1] 1.170956e-23 4.253713e-26 3.620749e-19
Algorithm converged after  2  iterations.
[1] 1.170956e-23 1.150948e-23 7.291882e-26
Algorithm converged after  2  iterations.
[1] 1.170956e-23 3.620749e-19 4.743992e-24
Algorithm converged after  2  iterations.
[1] 1.150948e-23 7.291882e-26 3.620749e-19
Algorithm converged after  2  iterations.
[1] 1.150948e-23 3.620749e-19 4.743992e-24
Algorithm converged after  2  iterations.
[1] 1.170956e-23 1.150948e-23 3.620749e-19
Algorithm converged after  2  iterations.
[1] 1.170956e-23 4.253713e-26 1.150948e-23 7.291882e-26
Algorithm converged after  2  iterations.
[1] 1.170956e-23 4.253713e-26 3.620749e-19 4.743992e-24
Algorithm converged after  2  iterations.
[1] 1.150948e-23 7.291882e-26 3.620749e-19 4.743992e-24
Algorithm converged after  2  iterations.
[1] 1.170956e-23 4.253713e-26 1.150948e-23 3.620749e-19
Algorithm converged after  2  iterations.
[1] 1.170956e-23 1.150948e-23 7.291882e-26 3.620749e-19
Algorithm converged after  2  iterations.
[1] 1.170956e-23 1.150948e-23 3.620749e-19 4.743992e-24
Algorithm converged after  2  iterations.
[1] 2.481284e-20
Algorithm converged after  2  iterations.
[1] 2.481284e-20 5.965654e-24
Algorithm converged after  5  iterations.
[1] 2.481284e-20 7.408685e-24
Algorithm converged after  6  iterations.
[1] 2.481284e-20 1.728296e-18
Algorithm converged after  5  iterations.
[1] 2.481284e-20 5.965654e-24 1.260920e-45
[1] 2.427853e-20 5.920145e-24 2.946022e-31
Algorithm converged after  12  iterations.
[1] 2.481284e-20 7.408685e-24 1.105769e-31
Algorithm converged after  8  iterations.
[1] 2.481284e-20 1.728296e-18 4.521786e-30
[1] 2.753466e-20 1.851282e-18 4.484889e-30
[1] 2.599582e-20 1.784086e-18 1.729036e-29
[1] 2.631711e-20 1.794594e-18 4.504734e-30
[1] 2.419218e-20 1.696301e-18 1.444928e-60
[1] 2.692364e-20 1.818721e-18 4.504568e-30
[1] 2.909962e-20 1.903966e-18 4.503561e-30
[1] 2.608016e-20 1.791419e-18 1.093444e-28
[1] 2.755896e-20 1.852418e-18 4.484352e-30
[1] 2.581851e-20 1.772257e-18 2.878201e-44
[1] 2.545065e-20 1.758476e-18 4.506864e-30
[1] 2.871527e-20 1.890667e-18 1.120030e-28
[1] 2.596451e-20 1.781457e-18 1.044764e-49
Algorithm converged after  126  iterations.
[1] 2.481284e-20 5.965654e-24 7.408685e-24
Algorithm converged after  6  iterations.
[1] 2.481284e-20 5.965654e-24 1.728296e-18
Algorithm converged after  6  iterations.
[1] 2.481284e-20 7.408685e-24 1.728296e-18
Algorithm converged after  6  iterations.
[1] 2.481284e-20 5.965654e-24 1.260920e-45 7.408685e-24
[1] 2.636670e-20 6.227669e-24 1.360872e-52 7.731512e-24
Algorithm converged after  18  iterations.
[1] 2.481284e-20 5.965654e-24 1.260920e-45 1.728296e-18
[1] 2.694139e-20 6.289032e-24 2.915112e-31 1.821114e-18
[1] 2.586863e-20 6.137157e-24 2.924908e-31 1.774722e-18
Algorithm converged after  21  iterations.
[1] 2.481284e-20 5.965654e-24 7.408685e-24 1.105769e-31
Algorithm converged after  7  iterations.
[1] 2.481284e-20 5.965654e-24 1.728296e-18 4.521786e-30
[1] 2.658589e-20 6.256110e-24 1.805909e-18 4.521091e-30
Algorithm converged after  13  iterations.
[1] 2.481284e-20 7.408685e-24 1.105769e-31 1.728296e-18
Algorithm converged after  7  iterations.
[1] 2.481284e-20 7.408685e-24 1.728296e-18 4.521786e-30
[1] 2.933580e-20 8.301176e-24 1.918759e-18 1.127885e-28
[1] 2.986689e-20 8.404598e-24 1.943674e-18 7.443066e-49
Algorithm converged after  26  iterations.
[1] 2.481284e-20 5.965654e-24 7.408685e-24 1.728296e-18
Algorithm converged after  7  iterations.
[1] 2.481284e-20 3.851738e-28
Algorithm converged after  2  iterations.
[1] 2.481284e-20 3.851738e-28 2.321415e-24
[1] 2.557626e-20 1.218548e-27 9.300100e-24
Algorithm converged after  16  iterations.
[1] 2.481284e-20 3.851738e-28 2.652154e-24
Algorithm converged after  6  iterations.
[1] 2.481284e-20 3.851738e-28 8.005183e-19
Algorithm converged after  10  iterations.
[1] 2.481284e-20 3.851738e-28 2.321415e-24 3.255540e-31
[1] 2.385878e-20 4.340940e-27 1.152282e-23 2.247393e-31
Algorithm converged after  13  iterations.
[1] 2.481284e-20 3.851738e-28 2.652154e-24 3.018084e-35
[1] 2.667878e-20 3.312247e-27 7.305936e-24 5.457391e-35
[1] 2.580581e-20 3.599269e-27 9.097667e-24 3.525503e-52
[1] 2.724930e-20 2.475971e-27 8.880310e-24 3.623681e-35
[1] 2.738966e-20 3.091962e-27 9.339126e-24 2.989940e-35
[1] 2.801148e-20 1.223614e-27 8.954964e-24 4.489196e-34
Algorithm converged after  52  iterations.
[1] 2.481284e-20 3.851738e-28 8.005183e-19 9.240564e-36
[1] 2.607735e-20 1.099047e-28 2.208068e-18 4.756241e-30
Algorithm converged after  11  iterations.
[1] 2.481284e-20 3.851738e-28 2.321415e-24 2.652154e-24
[1] 2.824345e-20 4.992092e-27 1.739172e-23 1.038497e-23
[1] 2.825713e-20 5.001182e-27 1.712190e-23 1.036617e-23
[1] 2.825735e-20 5.001252e-27 1.711769e-23 1.036587e-23
Algorithm converged after  37  iterations.
[1] 2.481284e-20 3.851738e-28 2.321415e-24 8.005183e-19
Algorithm converged after  6  iterations.
[1] 2.481284e-20 3.851738e-28 2.652154e-24 8.005183e-19
Algorithm converged after  7  iterations.
numeric(0)
Algorithm converged after  1  iterations.
[1] 1.557082e-23
Algorithm converged after  2  iterations.
[1] 5.461152e-24
Algorithm converged after  2  iterations.
[1] 4.819914e-24
Algorithm converged after  2  iterations.
[1] 1.557082e-23 6.684994e-26
Algorithm converged after  2  iterations.
[1] 5.461152e-24 1.965485e-26
Algorithm converged after  2  iterations.
[1] 4.819914e-24 3.288720e-30
Algorithm converged after  2  iterations.
[1] 1.557082e-23 5.461152e-24
Algorithm converged after  2  iterations.
[1] 1.557082e-23 4.819914e-24
Algorithm converged after  2  iterations.
[1] 5.461152e-24 4.819914e-24
Algorithm converged after  2  iterations.
[1] 1.557082e-23 6.684994e-26 5.461152e-24
Algorithm converged after  2  iterations.
[1] 1.557082e-23 6.684994e-26 4.819914e-24
Algorithm converged after  2  iterations.
[1] 1.557082e-23 5.461152e-24 1.965485e-26
Algorithm converged after  2  iterations.
[1] 1.557082e-23 4.819914e-24 3.288720e-30
Algorithm converged after  2  iterations.
[1] 5.461152e-24 1.965485e-26 4.819914e-24
Algorithm converged after  2  iterations.
[1] 5.461152e-24 4.819914e-24 3.288720e-30
Algorithm converged after  2  iterations.
[1] 1.557082e-23 5.461152e-24 4.819914e-24
Algorithm converged after  2  iterations.
[1] 1.557082e-23 6.684994e-26 5.461152e-24 1.965485e-26
Algorithm converged after  2  iterations.
[1] 1.557082e-23 6.684994e-26 4.819914e-24 3.288720e-30
Algorithm converged after  2  iterations.
[1] 5.461152e-24 1.965485e-26 4.819914e-24 3.288720e-30
Algorithm converged after  2  iterations.
[1] 1.557082e-23 6.684994e-26 5.461152e-24 4.819914e-24
Algorithm converged after  2  iterations.
[1] 1.557082e-23 5.461152e-24 1.965485e-26 4.819914e-24
Algorithm converged after  2  iterations.
[1] 1.557082e-23 5.461152e-24 4.819914e-24 3.288720e-30
Algorithm converged after  2  iterations.
[1] 2.88931e-17
Algorithm converged after  2  iterations.
[1] 2.889310e-17 6.942377e-26
Algorithm converged after  5  iterations.
[1] 2.889310e-17 2.239927e-26
Algorithm converged after  4  iterations.
[1] 2.889310e-17 6.836834e-22
[1] 1.368981e-16 1.099644e-21
Algorithm converged after  11  iterations.
[1] 2.889310e-17 6.942377e-26 3.705086e-45
[1] 4.112216e-17 6.997522e-26 3.031989e-31
[1] 2.524178e-17 6.925830e-26 1.836987e-34
[1] 2.519376e-17 6.925791e-26 2.858836e-45
[1] 3.419153e-17 6.968354e-26 9.142587e-35
[1] 2.565578e-17 6.928929e-26 3.109170e-31
[1] 4.461874e-17 7.013501e-26 1.083491e-34
[1] 3.435147e-17 6.969973e-26 1.530452e-34
[1] 2.497432e-17 6.925928e-26 3.306649e-31
[1] 4.262054e-17 7.005658e-26 3.067446e-31
[1] 4.243028e-17 7.004982e-26 1.185485e-47
[1] 4.443863e-17 7.013638e-26 1.714277e-34
[1] 2.566162e-17 6.930687e-26 9.799781e-35
[1] 2.525367e-17 6.928629e-26 1.835476e-34
[1] 4.408681e-17 7.012865e-26 3.042083e-31
[1] 3.415376e-17 6.970713e-26 1.429978e-46
[1] 4.304997e-17 7.009139e-26 1.567794e-34
[1] 3.411785e-17 6.971286e-26 9.107429e-35
[1] 2.560777e-17 6.931891e-26 1.826731e-34
[1] 3.447904e-17 6.973797e-26 9.930297e-35
[1] 2.545031e-17 6.931473e-26 7.043351e-49
[1] 4.465619e-17 7.017681e-26 1.082810e-34
[1] 4.431892e-17 7.015836e-26 3.037327e-31
[1] 2.499992e-17 6.929573e-26 3.209538e-45
[1] 3.446776e-17 6.974978e-26 3.120325e-31
[1] 3.474391e-17 6.976201e-26 1.411539e-46
[1] 3.064973e-17 6.957761e-26 9.737910e-35
[1] 2.503513e-17 6.930873e-26 6.695188e-63
[1] 3.572310e-17 6.980876e-26 1.416509e-34
[1] 2.565225e-17 6.934848e-26 3.125468e-31
[1] 2.515359e-17 6.932284e-26 1.828454e-34
[1] 2.47788e-17 6.93049e-26 5.36213e-49
[1] 3.525267e-17 6.980055e-26 3.259390e-31
[1] 3.444455e-17 6.977464e-26 3.155553e-31
[1] 3.414826e-17 6.977017e-26 1.620716e-34
[1] 3.391082e-17 6.976082e-26 3.162760e-31
[1] 2.523357e-17 6.935138e-26 1.832301e-34
[1] 2.546973e-17 6.936924e-26 1.820720e-34
[1] 3.422518e-17 6.978760e-26 9.739257e-35
[1] 2.501919e-17 6.934842e-26 2.868729e-45
[1] 2.531404e-17 6.936830e-26 2.856093e-45
[1] 2.561411e-17 6.938843e-26 3.129471e-31
[1] 3.455384e-17 6.981157e-26 6.512516e-48
[1] 3.524256e-17 6.983810e-26 2.843793e-45
[1] 3.535160e-17 6.984525e-26 3.246586e-31
[1] 3.419459e-17 6.979817e-26 3.245809e-31
[1] 2.566084e-17 6.940420e-26 7.060546e-53
[1] 3.434090e-17 6.981668e-26 9.580170e-35
[1] 2.571014e-17 6.941262e-26 3.109822e-31
[1] 3.487706e-17 6.984106e-26 3.266781e-31
Algorithm did not converge after  500  iterations.
[1] 2.889310e-17 2.239927e-26 1.499565e-61
Algorithm converged after  6  iterations.
[1] 2.889310e-17 6.836834e-22 4.368697e-30
[1] 1.236752e-16 1.057462e-21 4.099537e-30
Algorithm converged after  11  iterations.
[1] 2.889310e-17 6.942377e-26 2.239927e-26
Algorithm converged after  5  iterations.
[1] 2.889310e-17 6.942377e-26 6.836834e-22
[1] 1.525591e-16 7.311949e-26 1.153015e-21
Algorithm converged after  11  iterations.
[1] 2.889310e-17 2.239927e-26 6.836834e-22
[1] 1.281205e-16 2.160422e-26 1.073914e-21
Algorithm converged after  11  iterations.
[1] 2.889310e-17 6.942377e-26 3.705086e-45 2.239927e-26
[1] 3.925108e-17 6.989732e-26 1.711654e-34 2.227801e-26
[1] 3.107250e-17 6.953050e-26 6.566920e-48 2.237842e-26
[1] 3.071584e-17 6.952424e-26 2.904741e-45 2.238886e-26
[1] 3.064869e-17 6.952394e-26 4.310518e-53 2.239253e-26
[1] 3.080616e-17 6.953274e-26 1.618434e-34 2.239222e-26
[1] 3.056584e-17 6.952412e-26 1.016210e-34 2.239847e-26
[1] 3.773609e-17 6.985044e-26 1.038688e-54 2.231435e-26
[1] 3.043627e-17 6.951697e-26 1.720009e-45 2.240600e-26
[1] 3.979665e-17 6.993946e-26 1.733491e-34 2.229749e-26
[1] 3.096926e-17 6.955103e-26 9.778200e-35 2.240386e-26
[1] 3.972858e-17 6.994058e-26 1.707334e-34 2.230407e-26
[1] 3.863479e-17 6.989504e-26 3.125474e-31 2.231779e-26
[1] 3.065653e-17 6.954173e-26 3.152588e-31 2.241564e-26
Algorithm converged after  136  iterations.
[1] 2.889310e-17 6.942377e-26 3.705086e-45 6.836834e-22
[1] 1.483496e-16 7.302781e-26 2.866746e-31 1.140401e-21
[1] 1.514954e-16 7.309728e-26 2.506478e-45 1.150235e-21
[1] 1.280368e-16 7.256605e-26 4.611472e-43 1.076836e-21
[1] 1.476599e-16 7.301347e-26 2.868905e-31 1.139198e-21
[1] 1.290505e-16 7.259073e-26 2.920115e-31 1.080849e-21
[1] 1.522029e-16 7.311170e-26 2.867941e-31 1.153836e-21
[1] 1.481584e-16 7.302310e-26 2.880831e-31 1.141649e-21
[1] 1.283764e-16 7.257626e-26 2.916296e-31 1.079687e-21
[1] 1.281217e-16 7.257030e-26 2.918037e-31 1.078986e-21
Algorithm converged after  94  iterations.
[1] 2.889310e-17 6.942377e-26 2.239927e-26 1.499565e-61
Algorithm converged after  6  iterations.
[1] 2.889310e-17 6.942377e-26 6.836834e-22 4.368697e-30
[1] 1.387652e-16 7.282910e-26 1.109913e-21 4.061347e-30
Algorithm converged after  11  iterations.
[1] 2.889310e-17 2.239927e-26 1.499565e-61 6.836834e-22
[1] 1.315926e-16 2.158432e-26 1.958482e-33 1.085746e-21
[1] 1.400789e-16 2.153822e-26 1.408775e-31 1.113115e-21
[1] 1.294443e-16 2.159793e-26 1.375066e-31 1.079347e-21
[1] 1.400770e-16 2.153828e-26 5.271735e-33 1.113248e-21
[1] 1.416761e-16 2.152944e-26 5.268380e-33 1.118295e-21
[1] 1.291084e-16 2.159995e-26 1.376295e-31 1.078473e-21
[1] 1.290912e-16 2.160009e-26 1.376282e-31 1.078517e-21
[1] 1.400699e-16 2.153844e-26 5.271771e-33 1.113548e-21
[1] 1.400661e-16 2.153849e-26 5.271389e-33 1.113622e-21
[1] 1.290797e-16 2.160023e-26 1.377451e-31 1.078696e-21
[1] 1.400645e-16 2.153856e-26 5.271332e-33 1.113764e-21
[1] 1.400579e-16 2.153860e-26 5.271953e-33 1.113883e-21
[1] 1.290728e-16 2.160034e-26 1.376860e-31 1.078998e-21
[1] 1.290717e-16 2.160035e-26 1.376769e-31 1.079106e-21
[1] 1.290781e-16 2.160033e-26 1.376398e-31 1.079193e-21
[1] 1.401193e-16 2.153829e-26 5.272595e-33 1.114449e-21
[1] 1.400540e-16 2.153875e-26 5.271033e-33 1.114325e-21
[1] 1.400525e-16 2.153879e-26 5.271000e-33 1.114395e-21
[1] 1.400509e-16 2.153882e-26 5.271010e-33 1.114464e-21
[1] 1.400492e-16 2.153886e-26 5.271019e-33 1.114533e-21
[1] 1.400476e-16 2.153889e-26 5.271029e-33 1.114602e-21
[1] 1.400464e-16 2.153893e-26 5.271039e-33 1.114673e-21
[1] 1.400446e-16 2.153896e-26 5.271049e-33 1.114742e-21
[1] 1.400429e-16 2.153900e-26 5.271059e-33 1.114810e-21
[1] 1.400412e-16 2.153904e-26 5.271069e-33 1.114879e-21
[1] 1.400395e-16 2.153907e-26 5.271080e-33 1.114948e-21
[1] 1.400378e-16 2.153911e-26 5.271090e-33 1.115017e-21
[1] 1.400361e-16 2.153914e-26 5.271100e-33 1.115085e-21
[1] 1.400344e-16 2.153918e-26 5.271110e-33 1.115154e-21
[1] 1.400327e-16 2.153922e-26 5.271120e-33 1.115223e-21
[1] 1.400310e-16 2.153925e-26 5.271131e-33 1.115292e-21
[1] 1.400294e-16 2.153929e-26 5.271141e-33 1.115361e-21
[1] 1.400277e-16 2.153932e-26 5.271151e-33 1.115429e-21
[1] 1.400261e-16 2.153936e-26 5.271161e-33 1.115498e-21
[1] 1.400244e-16 2.153939e-26 5.271171e-33 1.115567e-21
[1] 1.400227e-16 2.153943e-26 5.271181e-33 1.115636e-21
[1] 1.400211e-16 2.153947e-26 5.271191e-33 1.115705e-21
[1] 1.400194e-16 2.153950e-26 5.271201e-33 1.115773e-21
[1] 1.400178e-16 2.153954e-26 5.271211e-33 1.115842e-21
[1] 1.400164e-16 2.153957e-26 5.271221e-33 1.115912e-21
[1] 1.400145e-16 2.153961e-26 5.271231e-33 1.115980e-21
[1] 1.400131e-16 2.153964e-26 5.271241e-33 1.116049e-21
[1] 1.400112e-16 2.153968e-26 5.271251e-33 1.116117e-21
[1] 1.400095e-16 2.153972e-26 5.271261e-33 1.116186e-21
[1] 1.400079e-16 2.153975e-26 5.271271e-33 1.116254e-21
[1] 1.400062e-16 2.153979e-26 5.271281e-33 1.116323e-21
[1] 1.400045e-16 2.153982e-26 5.271291e-33 1.116392e-21
[1] 1.400029e-16 2.153986e-26 5.271302e-33 1.116460e-21
[1] 1.400012e-16 2.153989e-26 5.271312e-33 1.116529e-21
Algorithm did not converge after  500  iterations.
[1] 2.889310e-17 2.239927e-26 6.836834e-22 4.368697e-30
[1] 1.151275e-16 2.167980e-26 1.031185e-21 4.109385e-30
Algorithm converged after  11  iterations.
[1] 2.889310e-17 6.942377e-26 2.239927e-26 6.836834e-22
[1] 1.431831e-16 7.291748e-26 2.151511e-26 1.124060e-21
Algorithm converged after  11  iterations.
[1] 2.889310e-17 3.275865e-20
Algorithm converged after  2  iterations.
[1] 2.889310e-17 3.275865e-20 2.976794e-31
[1] 2.642051e-20 1.711271e-32 2.312853e-31
[1] 2.645201e-20 1.714439e-32 2.293805e-31
[1] 2.847307e-20 3.530359e-24 4.222348e-24
[1] 2.846018e-20 3.558547e-24 4.214057e-24
[1] 2.845889e-20 3.557570e-24 4.210842e-24
[1] 2.845880e-20 3.557493e-24 4.210615e-24
Algorithm converged after  62  iterations.
[1] 2.889310e-17 3.275865e-20 1.904279e-31
Algorithm converged after  5  iterations.
[1] 2.889310e-17 3.275865e-20 4.147162e-30
Algorithm converged after  8  iterations.
[1] 2.889310e-17 3.275865e-20 2.976794e-31 2.088927e-33
[1] 4.649013e-26 3.143026e-28 1.567263e-23 6.695658e-26
[1] 4.675613e-26 3.349640e-28 1.534207e-23 6.673130e-26
Algorithm converged after  22  iterations.
[1] 2.889310e-17 3.275865e-20 1.904279e-31 1.156865e-56
[1] 3.448131e-17 3.232581e-20 1.951125e-31 2.661253e-33
[1] 3.440514e-17 3.236460e-20 1.951572e-31 1.421314e-35
[1] 4.481711e-17 3.323067e-20 2.025279e-31 1.493545e-35
[1] 3.401571e-17 3.231549e-20 1.949583e-31 1.421683e-35
[1] 3.450138e-17 3.234899e-20 1.954094e-31 1.511908e-35
[1] 3.400035e-17 3.232403e-20 1.950730e-31 1.421672e-35
[1] 3.385458e-17 3.238049e-20 1.950769e-31 1.421951e-35
[1] 4.482741e-17 3.323108e-20 2.028682e-31 1.493746e-35
[1] 3.404301e-17 3.231066e-20 1.953208e-31 1.421750e-35
[1] 3.400300e-17 3.232712e-20 1.953025e-31 1.421697e-35
[1] 3.402099e-17 3.231969e-20 1.953955e-31 1.421768e-35
[1] 3.451031e-17 3.233686e-20 1.958015e-31 2.661935e-33
[1] 3.629318e-17 3.341907e-20 1.971412e-31 1.507501e-35
[1] 4.483902e-17 3.323075e-20 2.032713e-31 1.494021e-35
[1] 3.386969e-17 3.238136e-20 1.955448e-31 1.422048e-35
[1] 3.398240e-17 3.230789e-20 1.956684e-31 1.422144e-35
[1] 3.452176e-17 3.232648e-20 1.962114e-31 1.515270e-35
[1] 4.417850e-17 3.322075e-20 2.030828e-31 1.487917e-35
[1] 3.453523e-17 3.234173e-20 1.964743e-31 1.560144e-48
[1] 3.454863e-17 3.232446e-20 1.965855e-31 2.662811e-33
[1] 4.486378e-17 3.323148e-20 2.041067e-31 1.494534e-35
[1] 3.390043e-17 3.238119e-20 1.964155e-31 1.422250e-35
[1] 3.456058e-17 3.232575e-20 1.969936e-31 1.515560e-35
[1] 3.456349e-17 3.232573e-20 1.970891e-31 2.663287e-33
[1] 3.456779e-17 3.232591e-20 1.972276e-31 2.010836e-56
Algorithm converged after  259  iterations.
[1] 2.889310e-17 3.275865e-20 4.147162e-30 2.565534e-29
[1] 5.396497e-26 5.036685e-28 7.457174e-19 5.335903e-24
Algorithm converged after  11  iterations.
[1] 2.889310e-17 3.275865e-20 2.976794e-31 1.904279e-31
Algorithm converged after  7  iterations.
[1] 2.889310e-17 3.275865e-20 2.976794e-31 4.147162e-30
[1] 2.875935e-20 1.045662e-27 3.333035e-24 1.866702e-18
Algorithm converged after  12  iterations.
[1] 2.889310e-17 3.275865e-20 1.904279e-31 4.147162e-30
Algorithm converged after  5  iterations.
numeric(0)
Algorithm converged after  1  iterations.
[1] 3.235058e-26
Algorithm converged after  2  iterations.
[1] 1.83864e-23
Algorithm converged after  2  iterations.
[1] 1.558603e-19
Algorithm converged after  2  iterations.
[1] 3.235058e-26 1.346746e-31
Algorithm converged after  2  iterations.
[1] 1.83864e-23 7.60982e-26
Algorithm converged after  2  iterations.
[1] 1.558603e-19 5.636825e-24
Algorithm converged after  2  iterations.
[1] 3.235058e-26 1.838640e-23
Algorithm converged after  2  iterations.
[1] 3.235058e-26 1.558603e-19
Algorithm converged after  2  iterations.
[1] 1.838640e-23 1.558603e-19
Algorithm converged after  2  iterations.
[1] 3.235058e-26 1.346746e-31 1.838640e-23
Algorithm converged after  2  iterations.
[1] 3.235058e-26 1.346746e-31 1.558603e-19
Algorithm converged after  2  iterations.
[1] 3.235058e-26 1.838640e-23 7.609820e-26
Algorithm converged after  2  iterations.
[1] 3.235058e-26 1.558603e-19 5.636825e-24
Algorithm converged after  2  iterations.
[1] 1.838640e-23 7.609820e-26 1.558603e-19
Algorithm converged after  2  iterations.
[1] 1.838640e-23 1.558603e-19 5.636825e-24
Algorithm converged after  2  iterations.
[1] 3.235058e-26 1.838640e-23 1.558603e-19
Algorithm converged after  2  iterations.
[1] 3.235058e-26 1.346746e-31 1.838640e-23 7.609820e-26
Algorithm converged after  2  iterations.
[1] 3.235058e-26 1.346746e-31 1.558603e-19 5.636825e-24
Algorithm converged after  2  iterations.
[1] 1.838640e-23 7.609820e-26 1.558603e-19 5.636825e-24
Algorithm converged after  2  iterations.
[1] 3.235058e-26 1.346746e-31 1.838640e-23 1.558603e-19
Algorithm converged after  2  iterations.
[1] 3.235058e-26 1.838640e-23 7.609820e-26 1.558603e-19
Algorithm converged after  2  iterations.
[1] 3.235058e-26 1.838640e-23 1.558603e-19 5.636825e-24
Algorithm converged after  2  iterations.
[1] 2.363658e-20
Algorithm converged after  2  iterations.
[1] 2.363658e-20 5.659613e-24
Algorithm converged after  4  iterations.
[1] 2.363658e-20 1.958595e-23
Algorithm converged after  6  iterations.
[1] 2.363658e-20 5.842700e-19
Algorithm converged after  5  iterations.
[1] 2.363658e-20 5.659613e-24 1.664373e-33
Algorithm converged after  5  iterations.
[1] 2.363658e-20 1.958595e-23 2.542836e-37
[1] 2.635794e-20 2.112228e-23 2.478726e-37
[1] 2.516781e-20 2.046983e-23 4.392184e-34
[1] 2.450267e-20 2.007955e-23 5.153596e-34
[1] 2.519832e-20 2.048506e-23 5.260298e-34
[1] 2.520793e-20 2.049181e-23 4.395080e-34
[1] 2.544513e-20 2.062170e-23 2.494054e-37
[1] 2.632060e-20 2.110178e-23 1.579999e-31
[1] 2.520527e-20 2.049010e-23 4.394890e-34
[1] 2.516685e-20 2.046878e-23 4.392068e-34
[1] 2.540762e-20 2.060138e-23 3.899522e-55
[1] 2.632014e-20 2.110107e-23 6.547953e-52
[1] 2.632896e-20 2.110607e-23 2.440561e-37
[1] 2.541575e-20 2.060629e-23 1.581766e-31
Algorithm converged after  133  iterations.
[1] 2.363658e-20 5.842700e-19 2.581345e-30
Algorithm converged after  5  iterations.
[1] 2.363658e-20 5.659613e-24 1.958595e-23
Algorithm converged after  6  iterations.
[1] 2.363658e-20 5.659613e-24 5.842700e-19
Algorithm converged after  6  iterations.
[1] 2.363658e-20 1.958595e-23 5.842700e-19
Algorithm converged after  6  iterations.
[1] 2.363658e-20 5.659613e-24 1.664373e-33 1.958595e-23
Algorithm converged after  6  iterations.
[1] 2.363658e-20 5.659613e-24 1.664373e-33 5.842700e-19
Algorithm converged after  6  iterations.
[1] 2.363658e-20 5.659613e-24 1.958595e-23 2.542836e-37
Algorithm converged after  7  iterations.
[1] 2.363658e-20 5.659613e-24 5.842700e-19 2.581345e-30
Algorithm converged after  6  iterations.
[1] 2.363658e-20 1.958595e-23 2.542836e-37 5.842700e-19
[1] 2.738050e-20 2.168058e-23 2.430265e-37 6.344003e-19
[1] 2.807782e-20 2.206113e-23 4.600890e-34 6.432443e-19
[1] 2.806748e-20 2.205823e-23 4.600567e-34 6.431523e-19
[1] 2.760936e-20 2.179603e-23 2.465703e-37 6.373322e-19
[1] 2.831400e-20 2.219203e-23 2.836164e-56 6.463205e-19
[1] 2.811062e-20 2.208114e-23 4.603611e-34 6.436926e-19
[1] 2.735945e-20 2.167059e-23 4.549074e-34 6.339736e-19
[1] 2.836280e-20 2.221873e-23 1.042194e-34 6.469417e-19
[1] 2.704742e-20 2.149747e-23 2.487677e-37 6.298943e-19
[1] 2.792587e-20 2.197451e-23 2.635689e-50 6.413124e-19
[1] 2.711578e-20 2.153736e-23 5.491718e-34 6.307877e-19
[1] 2.831534e-20 2.219284e-23 5.650709e-34 6.463162e-19
[1] 2.735794e-20 2.166980e-23 5.523546e-34 6.339362e-19
[1] 2.768947e-20 2.184339e-23 4.569701e-34 6.383349e-19
[1] 2.757757e-20 2.178610e-23 4.563241e-34 6.368468e-19
[1] 2.811052e-20 2.208123e-23 2.385556e-64 6.436625e-19
[1] 2.691033e-20 2.140400e-23 2.485435e-37 6.283276e-19
[1] 2.806520e-20 2.205672e-23 2.422874e-37 6.430761e-19
[1] 2.837971e-20 2.222863e-23 2.418971e-37 6.471187e-19
[1] 2.710827e-20 2.153327e-23 2.465542e-37 6.306681e-19
[1] 2.836123e-20 2.221671e-23 1.578341e-31 6.469021e-19
[1] 2.737448e-20 2.167932e-23 2.460925e-37 6.340885e-19
[1] 2.735793e-20 2.166980e-23 2.431142e-37 6.339119e-19
[1] 2.765733e-20 2.182246e-23 5.558999e-34 6.379006e-19
[1] 2.790894e-20 2.195806e-23 5.591284e-34 6.411773e-19
[1] 2.836342e-20 2.221943e-23 4.622129e-34 6.469005e-19
[1] 2.836325e-20 2.221931e-23 5.656162e-34 6.468979e-19
[1] 2.806562e-20 2.205737e-23 4.600639e-34 6.430688e-19
[1] 2.831328e-20 2.219180e-23 2.445392e-37 6.462538e-19
[1] 2.837568e-20 2.222575e-23 4.622945e-34 6.470602e-19
Algorithm converged after  304  iterations.
[1] 2.363658e-20 1.958595e-23 5.842700e-19 2.581345e-30
Algorithm converged after  6  iterations.
[1] 2.363658e-20 5.659613e-24 1.958595e-23 5.842700e-19
Algorithm converged after  7  iterations.
[1] 2.363658e-20 4.779567e-42
Algorithm converged after  2  iterations.
[1] 2.363658e-20 4.779567e-42 5.782997e-24
Algorithm converged after  9  iterations.
[1] 2.363658e-20 4.779567e-42 2.602188e-23
Algorithm converged after  8  iterations.
[1] 2.363658e-20 4.779567e-42 6.804587e-19
[1] 2.615144e-20 1.005076e-27 1.171677e-18
Algorithm converged after  11  iterations.
[1] 2.363658e-20 4.779567e-42 5.782997e-24 1.520835e-33
[1] 2.415561e-20 8.815000e-28 8.367274e-24 1.629239e-31
Algorithm converged after  19  iterations.
[1] 2.363658e-20 4.779567e-42 2.602188e-23 2.629376e-51
Algorithm converged after  8  iterations.
[1] 2.363658e-20 4.779567e-42 6.804587e-19 2.239231e-30
[1] 2.401478e-20 4.413134e-28 8.569310e-19 1.004453e-33
Algorithm converged after  20  iterations.
[1] 2.363658e-20 4.779567e-42 5.782997e-24 2.602188e-23
Algorithm converged after  9  iterations.
[1] 2.363658e-20 4.779567e-42 5.782997e-24 6.804587e-19
[1] 2.622547e-20 4.682195e-29 4.796161e-24 7.649372e-19
[1] 2.615966e-20 4.064645e-32 7.878181e-24 6.421181e-19
[1] 2.611526e-20 2.228952e-42 6.448232e-24 6.271367e-19
[1] 2.622039e-20 1.019454e-31 5.819284e-24 6.532291e-19
[1] 2.615349e-20 4.468858e-29 5.128315e-24 7.253197e-19
[1] 2.623391e-20 4.343021e-29 5.225015e-24 7.183966e-19
[1] 2.613908e-20 4.334051e-29 5.166987e-24 7.244039e-19
[1] 2.611297e-20 1.971592e-49 9.149278e-24 8.011413e-19
[1] 2.623795e-20 4.461473e-29 5.192070e-24 7.193802e-19
[1] 2.615432e-20 3.613176e-32 6.077081e-24 6.170680e-19
[1] 2.613942e-20 4.329052e-29 5.167385e-24 7.244299e-19
[1] 2.609807e-20 5.276953e-29 4.984139e-24 7.461195e-19
[1] 2.615553e-20 4.477072e-29 5.125030e-24 7.256841e-19
[1] 2.610808e-20 7.172455e-32 6.132084e-24 6.083289e-19
[1] 2.610148e-20 2.562178e-32 7.034107e-24 6.634632e-19
[1] 2.611670e-20 5.005048e-32 7.500829e-24 5.902684e-19
[1] 2.621935e-20 5.196733e-29 5.051747e-24 7.430225e-19
[1] 2.623889e-20 4.433430e-29 5.190599e-24 7.196033e-19
[1] 2.622748e-20 8.035275e-33 6.002757e-24 6.180937e-19
[1] 2.610996e-20 1.194035e-31 5.806335e-24 6.576197e-19
[1] 2.618851e-20 5.689519e-27 8.049145e-24 6.453173e-19
[1] 2.622812e-20 2.078547e-32 6.049011e-24 6.179506e-19
[1] 2.624697e-20 3.867217e-32 7.492801e-24 6.028143e-19
[1] 2.622842e-20 1.050116e-41 6.315316e-24 6.562400e-19
[1] 2.622342e-20 4.055958e-32 7.451198e-24 6.017394e-19
[1] 2.615428e-20 4.488748e-29 5.107611e-24 7.271080e-19
[1] 2.610705e-20 5.700129e-29 4.877805e-24 7.620241e-19
[1] 2.628190e-20 5.703512e-35 6.980754e-24 6.155981e-19
[1] 2.622897e-20 2.067579e-32 6.046498e-24 6.182309e-19
[1] 2.622334e-20 4.063961e-32 7.449355e-24 6.017689e-19
[1] 2.622343e-20 4.063833e-32 7.449221e-24 6.018058e-19
[1] 2.622475e-20 4.039139e-32 7.448867e-24 6.023189e-19
[1] 2.622941e-20 2.054866e-32 6.044968e-24 6.183678e-19
[1] 2.622943e-20 2.062913e-32 6.044958e-24 6.184086e-19
[1] 2.626767e-20 1.226205e-43 7.090258e-24 7.096513e-19
[1] 2.624472e-20 5.174440e-28 4.751440e-24 6.513959e-19
[1] 2.622969e-20 2.057163e-32 6.044046e-24 6.185066e-19
[1] 2.622979e-20 2.055298e-32 6.043720e-24 6.185415e-19
[1] 2.615963e-20 4.487172e-29 5.115186e-24 7.267531e-19
[1] 2.608759e-20 3.776872e-28 4.808990e-24 6.462959e-19
[1] 2.622469e-20 1.124524e-31 5.885166e-24 6.543001e-19
[1] 2.630041e-20 6.361444e-29 5.014713e-24 7.268408e-19
[1] 2.623084e-20 4.064167e-32 7.448645e-24 6.015337e-19
[1] 2.622462e-20 1.135634e-31 5.892239e-24 6.543882e-19
[1] 2.622516e-20 1.124096e-31 5.883990e-24 6.544267e-19
[1] 2.614208e-20 4.352426e-29 5.136682e-24 7.263166e-19
[1] 2.615747e-20 4.479242e-29 5.114445e-24 7.270869e-19
[1] 2.624125e-20 8.901505e-36 5.897209e-24 6.226314e-19
[1] 2.615009e-20 4.251183e-32 6.078110e-24 6.187971e-19
Algorithm did not converge after  500  iterations.
[1] 2.363658e-20 4.779567e-42 2.602188e-23 6.804587e-19
Algorithm converged after  8  iterations.
Warning messages:
1: In max(abs(CT), na.rm = T) :
  no non-missing arguments to max; returning -Inf
2: In max(abs(CT), na.rm = T) :
  no non-missing arguments to max; returning -Inf
3: In max(abs(CT), na.rm = T) :
  no non-missing arguments to max; returning -Inf
4: In max(abs(CT), na.rm = T) :
  no non-missing arguments to max; returning -Inf
5: In max(abs(CT), na.rm = T) :
  no non-missing arguments to max; returning -Inf
6: In max(abs(CT), na.rm = T) :
  no non-missing arguments to max; returning -Inf
7: In max(abs(CT), na.rm = T) :
  no non-missing arguments to max; returning -Inf
8: In max(abs(CT), na.rm = T) :
  no non-missing arguments to max; returning -Inf
9: In max(abs(CT), na.rm = T) :
  no non-missing arguments to max; returning -Inf
10: In max(abs(CT), na.rm = T) :
  no non-missing arguments to max; returning -Inf
[1] "Best iter parameter is:"
   gam  rankJ rankA1 rankA2 rankA3 
     9      1      0      1      2 
[1] 1.348267e-17 3.188295e-24 1.503336e-22 4.389758e-30
[1] 1.775165e-16 4.641672e-24 2.880156e-22 7.017607e-30
Algorithm converged after  12  iterations.
         [,1]     [,2]     [,3]
[1,] 5.256385 9.221047 57.97629
