myseed=983 

Attaching package: ‘pls’

The following object is masked from ‘package:stats’:

    loadings

Loading required package: lattice
Loading required package: ggplot2
Registered S3 methods overwritten by 'ggplot2':
  method         from 
  [.quosures     rlang
  c.quosures     rlang
  print.quosures rlang

Attaching package: ‘caret’

The following object is masked from ‘package:pls’:

    R2

Loading required package: Matrix
Loading required package: foreach
Loaded glmnet 2.0-18

Parsed with column specification:
cols(
  .default = col_double()
)
See spec(...) for full column specifications.
Parsed with column specification:
cols(
  X1 = col_double()
)
Parsed with column specification:
cols(
  X1 = col_double()
)
numeric(0)
Algorithm converged after  1  iterations.
[1] 3.245698e-24
Algorithm converged after  2  iterations.
[1] 1.609514e-23
Algorithm converged after  2  iterations.
[1] 1.117016e-18
Algorithm converged after  2  iterations.
[1] 3.245698e-24 7.237755e-26
Algorithm converged after  2  iterations.
[1] 1.609514e-23 1.987326e-25
Algorithm converged after  2  iterations.
[1] 1.117016e-18 1.318843e-23
Algorithm converged after  2  iterations.
[1] 3.245698e-24 1.609514e-23
Algorithm converged after  2  iterations.
[1] 3.245698e-24 1.117016e-18
Algorithm converged after  2  iterations.
[1] 1.609514e-23 1.117016e-18
Algorithm converged after  2  iterations.
[1] 3.245698e-24 7.237755e-26 1.609514e-23
Algorithm converged after  2  iterations.
[1] 3.245698e-24 7.237755e-26 1.117016e-18
Algorithm converged after  2  iterations.
[1] 3.245698e-24 1.609514e-23 1.987326e-25
Algorithm converged after  2  iterations.
[1] 3.245698e-24 1.117016e-18 1.318843e-23
Algorithm converged after  2  iterations.
[1] 1.609514e-23 1.987326e-25 1.117016e-18
Algorithm converged after  2  iterations.
[1] 1.609514e-23 1.117016e-18 1.318843e-23
Algorithm converged after  2  iterations.
[1] 3.245698e-24 1.609514e-23 1.117016e-18
Algorithm converged after  2  iterations.
[1] 3.245698e-24 7.237755e-26 1.609514e-23 1.987326e-25
Algorithm converged after  2  iterations.
[1] 3.245698e-24 7.237755e-26 1.117016e-18 1.318843e-23
Algorithm converged after  2  iterations.
[1] 1.609514e-23 1.987326e-25 1.117016e-18 1.318843e-23
Algorithm converged after  2  iterations.
[1] 3.245698e-24 7.237755e-26 1.609514e-23 1.117016e-18
Algorithm converged after  2  iterations.
[1] 3.245698e-24 1.609514e-23 1.987326e-25 1.117016e-18
Algorithm converged after  2  iterations.
[1] 3.245698e-24 1.609514e-23 1.117016e-18 1.318843e-23
Algorithm converged after  2  iterations.
[1] 1.93657e-16
Algorithm converged after  2  iterations.
[1] 1.936570e-16 4.507898e-25
Algorithm converged after  6  iterations.
[1] 1.936570e-16 9.812162e-25
Algorithm converged after  6  iterations.
[1] 1.936570e-16 3.151788e-23
Algorithm converged after  7  iterations.
[1] 1.936570e-16 4.507898e-25 1.847491e-31
[1] 2.994828e-16 4.842841e-25 1.911845e-31
Algorithm converged after  11  iterations.
[1] 1.936570e-16 9.812162e-25 4.685242e-33
Algorithm converged after  6  iterations.
[1] 1.936570e-16 3.151788e-23 1.106930e-30
[1] 4.972203e-16 3.549224e-23 4.758279e-29
[1] 5.608533e-16 3.617475e-23 1.416089e-40
[1] 6.222861e-16 3.680462e-23 4.944098e-29
Algorithm converged after  34  iterations.
[1] 1.936570e-16 4.507898e-25 9.812162e-25
Algorithm converged after  6  iterations.
[1] 1.936570e-16 4.507898e-25 3.151788e-23
Algorithm converged after  7  iterations.
[1] 1.936570e-16 9.812162e-25 3.151788e-23
Algorithm converged after  7  iterations.
[1] 1.936570e-16 4.507898e-25 1.847491e-31 9.812162e-25
[1] 3.564020e-16 5.003092e-25 1.969157e-34 1.043985e-24
[1] 3.441707e-16 4.970679e-25 2.126688e-34 1.039890e-24
[1] 3.535536e-16 4.996644e-25 2.036018e-34 1.043126e-24
[1] 3.424531e-16 4.966832e-25 2.245980e-34 1.039378e-24
[1] 3.527234e-16 4.995018e-25 2.133143e-34 1.042920e-24
[1] 3.530883e-16 4.996054e-25 2.113914e-34 1.043049e-24
[1] 3.994684e-16 5.118858e-25 2.049096e-34 1.058442e-24
[1] 3.501388e-16 4.986479e-25 1.909447e-31 1.041881e-24
[1] 3.411145e-16 4.964045e-25 2.249832e-34 1.039002e-24
[1] 3.526675e-16 4.995630e-25 2.189381e-34 1.042977e-24
[1] 3.525061e-16 4.995215e-25 1.909708e-34 1.042924e-24
[1] 3.528851e-16 4.996180e-25 1.790495e-34 1.043047e-24
[1] 3.524473e-16 4.995062e-25 2.169357e-34 1.042904e-24
[1] 3.550243e-16 5.001144e-25 1.914435e-34 1.043687e-24
[1] 3.447302e-16 4.973838e-25 2.169971e-34 1.040225e-24
[1] 3.523664e-16 4.994930e-25 1.801308e-34 1.042872e-24
[1] 3.531083e-16 4.996850e-25 2.198417e-34 1.043115e-24
[1] 3.525128e-16 4.995304e-25 1.674085e-34 1.042919e-24
[1] 3.523175e-16 4.994801e-25 2.122350e-34 1.042855e-24
[1] 3.524025e-16 4.995016e-25 2.257608e-34 1.042882e-24
[1] 3.526367e-16 4.995619e-25 2.164776e-34 1.042959e-24
[1] 3.524176e-16 4.995054e-25 2.209328e-34 1.042887e-24
[1] 3.522808e-16 4.994704e-25 1.661857e-34 1.042842e-24
[1] 3.527361e-16 4.995873e-25 2.257726e-34 1.042990e-24
[1] 3.523515e-16 4.994882e-25 1.868099e-34 1.042864e-24
[1] 3.522643e-16 4.994659e-25 2.161702e-34 1.042836e-24
[1] 3.524915e-16 4.995240e-25 1.891127e-34 1.042910e-24
[1] 3.523970e-16 4.994995e-25 2.114724e-34 1.042879e-24
[1] 3.522760e-16 4.994683e-25 2.233017e-34 1.042839e-24
[1] 3.530577e-16 4.996702e-25 2.249682e-34 1.043095e-24
[1] 3.531839e-16 4.997032e-25 2.185786e-34 1.043136e-24
[1] 3.522647e-16 4.994647e-25 2.034586e-34 1.042834e-24
[1] 3.526829e-16 4.995724e-25 1.576239e-34 1.042970e-24
[1] 3.529457e-16 4.996407e-25 2.274736e-34 1.043057e-24
[1] 3.523045e-16 4.994745e-25 1.575127e-34 1.042846e-24
[1] 3.523106e-16 4.994760e-25 1.973919e-34 1.042848e-24
[1] 3.523139e-16 4.994767e-25 1.954542e-34 1.042848e-24
[1] 3.532703e-16 4.997248e-25 2.278270e-34 1.043163e-24
[1] 3.526587e-16 4.995656e-25 1.914185e-34 1.042961e-24
[1] 3.533423e-16 4.997436e-25 2.277868e-34 1.043186e-24
[1] 3.522408e-16 4.994575e-25 2.162314e-34 1.042823e-24
[1] 3.528801e-16 4.996227e-25 2.270612e-34 1.043033e-24
[1] 3.523106e-16 4.994752e-25 1.880864e-34 1.042846e-24
[1] 3.522214e-16 4.994523e-25 1.682024e-34 1.042816e-24
[1] 3.533546e-16 4.997464e-25 1.736420e-34 1.043189e-24
[1] 3.522738e-16 4.994655e-25 2.140467e-34 1.042833e-24
[1] 3.525388e-16 4.995338e-25 1.666108e-34 1.042920e-24
[1] 3.526420e-16 4.995606e-25 1.643861e-34 1.042954e-24
[1] 3.526804e-16 4.995702e-25 2.235504e-34 1.042966e-24
Algorithm did not converge after  500  iterations.
[1] 1.936570e-16 4.507898e-25 1.847491e-31 3.151788e-23
[1] 6.753230e-16 5.772190e-25 2.042844e-31 3.733148e-23
Algorithm converged after  11  iterations.
[1] 1.936570e-16 4.507898e-25 9.812162e-25 4.685242e-33
[1] 3.204436e-16 4.905032e-25 1.031672e-24 3.258780e-33
Algorithm converged after  12  iterations.
[1] 1.936570e-16 4.507898e-25 3.151788e-23 1.106930e-30
[1] 7.647661e-16 5.959128e-25 3.816978e-23 5.052280e-29
Algorithm converged after  11  iterations.
[1] 1.936570e-16 9.812162e-25 4.685242e-33 3.151788e-23
Algorithm converged after  7  iterations.
[1] 1.936570e-16 9.812162e-25 3.151788e-23 1.106930e-30
[1] 7.720186e-16 1.163697e-24 3.823725e-23 5.050525e-29
Algorithm converged after  11  iterations.
[1] 1.936570e-16 4.507898e-25 9.812162e-25 3.151788e-23
Algorithm converged after  7  iterations.
[1] 1.936570e-16 5.102081e-20
Algorithm converged after  2  iterations.
[1] 1.936570e-16 5.102081e-20 2.269607e-31
Algorithm converged after  5  iterations.
[1] 1.936570e-16 5.102081e-20 2.742675e-29
Algorithm converged after  4  iterations.
[1] 1.936570e-16 5.102081e-20 6.943090e-29
Algorithm converged after  7  iterations.
[1] 1.936570e-16 5.102081e-20 2.269607e-31 5.978818e-34
Algorithm converged after  5  iterations.
[1] 1.936570e-16 5.102081e-20 2.742675e-29 3.242860e-33
Algorithm converged after  6  iterations.
[1] 1.936570e-16 5.102081e-20 6.943090e-29 3.388875e-30
Algorithm converged after  8  iterations.
[1] 1.936570e-16 5.102081e-20 2.269607e-31 2.742675e-29
Algorithm converged after  5  iterations.
[1] 1.936570e-16 5.102081e-20 2.269607e-31 6.943090e-29
Algorithm converged after  7  iterations.
[1] 1.936570e-16 5.102081e-20 2.742675e-29 6.943090e-29
Algorithm converged after  7  iterations.
numeric(0)
Algorithm converged after  1  iterations.
[1] 2.572061e-23
Algorithm converged after  2  iterations.
[1] 1.287864e-23
Algorithm converged after  2  iterations.
[1] 7.606668e-18
Algorithm converged after  2  iterations.
[1] 2.572061e-23 3.343572e-26
Algorithm converged after  2  iterations.
[1] 1.287864e-23 2.587939e-25
Algorithm converged after  2  iterations.
[1] 7.606668e-18 3.425247e-23
Algorithm converged after  2  iterations.
[1] 2.572061e-23 1.287864e-23
Algorithm converged after  2  iterations.
[1] 2.572061e-23 7.606668e-18
Algorithm converged after  2  iterations.
[1] 1.287864e-23 7.606668e-18
Algorithm converged after  2  iterations.
[1] 2.572061e-23 3.343572e-26 1.287864e-23
Algorithm converged after  2  iterations.
[1] 2.572061e-23 3.343572e-26 7.606668e-18
Algorithm converged after  2  iterations.
[1] 2.572061e-23 1.287864e-23 2.587939e-25
Algorithm converged after  2  iterations.
[1] 2.572061e-23 7.606668e-18 3.425247e-23
Algorithm converged after  2  iterations.
[1] 1.287864e-23 2.587939e-25 7.606668e-18
Algorithm converged after  2  iterations.
[1] 1.287864e-23 7.606668e-18 3.425247e-23
Algorithm converged after  2  iterations.
[1] 2.572061e-23 1.287864e-23 7.606668e-18
Algorithm converged after  2  iterations.
[1] 2.572061e-23 3.343572e-26 1.287864e-23 2.587939e-25
Algorithm converged after  2  iterations.
[1] 2.572061e-23 3.343572e-26 7.606668e-18 3.425247e-23
Algorithm converged after  2  iterations.
[1] 1.287864e-23 2.587939e-25 7.606668e-18 3.425247e-23
Algorithm converged after  2  iterations.
[1] 2.572061e-23 3.343572e-26 1.287864e-23 7.606668e-18
Algorithm converged after  2  iterations.
[1] 2.572061e-23 1.287864e-23 2.587939e-25 7.606668e-18
Algorithm converged after  2  iterations.
[1] 2.572061e-23 1.287864e-23 7.606668e-18 3.425247e-23
Algorithm converged after  2  iterations.
[1] 5.785382e-16
Algorithm converged after  2  iterations.
[1] 5.785382e-16 3.493557e-25
Algorithm converged after  6  iterations.
[1] 5.785382e-16 1.227134e-24
Algorithm converged after  5  iterations.
[1] 5.785382e-16 4.809298e-23
Algorithm converged after  6  iterations.
[1] 5.785382e-16 3.493557e-25 1.122741e-38
[1] 7.821128e-16 3.751902e-25 1.666213e-34
[1] 7.802296e-16 3.749516e-25 1.697477e-51
[1] 6.710143e-16 3.614788e-25 8.352237e-37
[1] 7.306629e-16 3.689247e-25 1.699935e-45
[1] 7.818239e-16 3.752162e-25 1.698671e-34
[1] 7.814241e-16 3.752298e-25 2.067994e-37
[1] 7.261068e-16 3.684416e-25 8.334976e-37
[1] 7.296326e-16 3.688710e-25 1.726572e-34
[1] 7.307233e-16 3.690203e-25 8.340732e-37
[1] 7.104962e-16 3.665444e-25 1.981421e-37
[1] 7.307972e-16 3.690785e-25 3.014202e-31
[1] 7.264091e-16 3.685366e-25 1.175891e-40
[1] 7.811144e-16 3.752664e-25 3.680654e-47
[1] 7.302608e-16 3.690594e-25 3.013820e-31
[1] 6.693904e-16 3.614653e-25 3.494263e-45
[1] 6.911049e-16 3.641271e-25 3.615958e-47
[1] 7.125719e-16 3.669123e-25 2.396289e-34
[1] 7.800703e-16 3.752201e-25 1.212521e-50
[1] 7.277806e-16 3.688216e-25 3.011310e-31
[1] 7.293383e-16 3.690262e-25 1.998203e-37
[1] 7.279832e-16 3.692073e-25 2.400313e-34
[1] 7.255492e-16 3.689295e-25 8.358740e-37
[1] 7.218306e-16 3.684458e-25 8.350308e-37
[1] 7.256895e-16 3.689932e-25 3.327380e-45
[1] 7.277413e-16 3.692614e-25 3.011099e-31
[1] 7.317926e-16 3.697862e-25 1.207243e-50
[1] 6.849808e-16 3.640279e-25 9.624745e-40
[1] 7.817493e-16 3.759402e-25 1.022533e-38
[1] 7.820841e-16 3.759910e-25 3.289366e-52
[1] 7.323918e-16 3.702135e-25 3.269162e-47
[1] 7.817159e-16 3.762674e-25 3.029215e-31
[1] 7.265962e-16 3.695057e-25 3.011336e-31
[1] 7.812757e-16 3.762689e-25 3.037914e-31
[1] 7.317204e-16 3.701777e-25 5.367072e-51
[1] 7.809548e-16 3.761947e-25 1.027145e-38
[1] 7.817654e-16 3.763293e-25 1.698907e-34
[1] 6.915554e-16 3.651252e-25 3.298605e-47
[1] 7.820118e-16 3.764005e-25 2.418474e-34
[1] 6.708316e-16 3.626207e-25 2.995227e-31
[1] 7.217863e-16 3.689768e-25 3.003991e-31
[1] 7.100848e-16 3.675885e-25 3.006376e-31
[1] 7.812672e-16 3.763951e-25 3.812005e-51
[1] 7.816829e-16 3.764133e-25 1.068063e-51
[1] 7.341342e-16 3.705799e-25 3.012345e-31
[1] 7.331180e-16 3.704912e-25 1.028052e-40
[1] 6.941999e-16 3.655513e-25 8.369495e-37
[1] 7.306290e-16 3.701794e-25 1.998318e-37
[1] 7.833943e-16 3.766819e-25 2.418877e-34
[1] 6.997361e-16 3.663605e-25 1.191443e-40
Algorithm did not converge after  500  iterations.
[1] 5.785382e-16 1.227134e-24 7.170856e-32
Algorithm converged after  5  iterations.
[1] 5.785382e-16 4.809298e-23 1.607235e-30
Algorithm converged after  7  iterations.
[1] 5.785382e-16 3.493557e-25 1.227134e-24
Algorithm converged after  6  iterations.
[1] 5.785382e-16 3.493557e-25 4.809298e-23
Algorithm converged after  7  iterations.
[1] 5.785382e-16 1.227134e-24 4.809298e-23
Algorithm converged after  6  iterations.
[1] 5.785382e-16 3.493557e-25 1.122741e-38 1.227134e-24
[1] 9.421135e-16 3.937223e-25 1.143945e-41 1.294735e-24
[1] 8.916590e-16 3.880546e-25 3.065052e-31 1.286209e-24
[1] 8.673895e-16 3.852109e-25 1.038068e-38 1.281947e-24
[1] 8.989934e-16 3.887878e-25 1.028096e-38 1.287358e-24
[1] 9.348270e-16 3.929096e-25 1.741902e-51 1.293520e-24
[1] 9.353619e-16 3.929955e-25 2.263620e-52 1.293642e-24
[1] 9.591190e-16 3.955814e-25 3.066346e-31 1.297544e-24
[1] 8.869588e-16 3.875667e-25 2.316988e-57 1.285466e-24
[1] 9.937428e-16 3.995788e-25 3.079786e-31 1.303465e-24
[1] 8.881701e-16 3.878989e-25 1.191943e-43 1.285971e-24
[1] 1.000051e-15 4.004874e-25 2.422947e-34 1.304811e-24
[1] 9.960975e-16 4.000383e-25 3.080977e-31 1.304153e-24
[1] 9.422636e-16 3.940402e-25 2.866126e-47 1.295195e-24
[1] 9.965127e-16 4.001399e-25 1.613380e-34 1.304286e-24
[1] 1.000567e-15 4.006157e-25 2.237317e-37 1.304982e-24
[1] 9.341789e-16 3.931375e-25 2.169852e-37 1.293845e-24
[1] 9.957242e-16 4.000561e-25 3.081583e-31 1.304168e-24
[1] 9.381859e-16 3.936000e-25 1.645781e-34 1.294540e-24
[1] 8.913694e-16 3.883717e-25 1.744189e-51 1.286663e-24
[1] 9.339762e-16 3.931721e-25 1.646785e-34 1.293887e-24
[1] 9.060990e-16 3.900608e-25 5.949328e-70 1.289202e-24
[1] 9.954718e-16 4.001267e-25 1.606752e-34 1.304260e-24
[1] 8.843083e-16 3.876445e-25 1.698486e-34 1.285555e-24
[1] 1.000545e-15 4.007573e-25 4.235280e-45 1.305171e-24
[1] 9.291932e-16 3.929186e-25 3.066075e-31 1.293483e-24
[1] 8.913668e-16 3.886967e-25 8.352906e-37 1.287116e-24
[1] 9.314277e-16 3.932061e-25 1.647475e-34 1.293903e-24
[1] 9.986583e-16 4.007211e-25 1.602309e-34 1.305128e-24
[1] 9.020472e-16 3.898677e-25 3.383812e-58 1.288903e-24
[1] 8.915490e-16 3.887617e-25 1.148377e-51 1.287202e-24
[1] 9.394471e-16 3.941810e-25 1.644933e-34 1.295340e-24
[1] 8.879610e-16 3.883738e-25 3.064472e-31 1.286613e-24
[1] 9.394507e-16 3.942014e-25 1.645080e-34 1.295367e-24
[1] 9.322867e-16 3.933897e-25 3.068828e-31 1.294154e-24
[1] 9.327282e-16 3.934626e-25 3.542788e-47 1.294258e-24
[1] 9.391456e-16 3.941999e-25 8.337792e-37 1.295356e-24
[1] 9.421761e-16 3.945600e-25 3.073003e-31 1.295889e-24
[1] 9.328296e-16 3.935177e-25 3.068405e-31 1.294329e-24
[1] 9.393813e-16 3.944259e-25 3.072441e-31 1.295685e-24
[1] 9.395515e-16 3.944545e-25 3.072442e-31 1.295728e-24
[1] 9.372657e-16 3.941454e-25 3.066391e-31 1.295286e-24
[1] 9.322593e-16 3.936373e-25 1.195243e-43 1.294506e-24
[1] 9.327614e-16 3.936750e-25 5.088832e-41 1.294573e-24
[1] 8.700951e-16 3.865464e-25 3.546437e-45 1.283857e-24
[1] 9.368285e-16 3.942022e-25 1.644829e-34 1.295337e-24
[1] 9.181184e-16 3.920747e-25 3.064940e-31 1.292156e-24
[1] 9.326751e-16 3.939387e-25 1.024368e-38 1.294932e-24
[1] 9.940288e-16 4.008750e-25 2.418638e-34 1.305259e-24
[1] 9.937499e-16 4.008495e-25 3.088146e-31 1.305221e-24
Algorithm did not converge after  500  iterations.
[1] 5.785382e-16 3.493557e-25 1.122741e-38 4.809298e-23
[1] 1.258127e-15 4.276000e-25 3.111711e-31 5.155383e-23
[1] 1.153712e-15 4.167156e-25 3.084744e-31 5.108845e-23
[1] 1.258431e-15 4.278020e-25 1.051113e-51 5.158098e-23
[1] 1.235409e-15 4.251451e-25 3.048386e-31 5.148468e-23
Algorithm converged after  50  iterations.
[1] 5.785382e-16 3.493557e-25 1.227134e-24 7.170856e-32
Algorithm converged after  6  iterations.
[1] 5.785382e-16 3.493557e-25 4.809298e-23 1.607235e-30
Algorithm converged after  8  iterations.
[1] 5.785382e-16 1.227134e-24 7.170856e-32 4.809298e-23
Algorithm converged after  6  iterations.
[1] 5.785382e-16 1.227134e-24 4.809298e-23 1.607235e-30
Algorithm converged after  8  iterations.
[1] 5.785382e-16 3.493557e-25 1.227134e-24 4.809298e-23
Algorithm converged after  7  iterations.
[1] 5.785382e-16 9.218065e-20
Algorithm converged after  2  iterations.
[1] 5.785382e-16 9.218065e-20 3.311696e-31
Algorithm converged after  5  iterations.
[1] 5.785382e-16 9.218065e-20 4.554532e-29
Algorithm converged after  4  iterations.
[1] 5.785382e-16 9.218065e-20 6.325933e-29
Algorithm converged after  6  iterations.
[1] 5.785382e-16 9.218065e-20 3.311696e-31 4.209254e-33
[1] 6.438434e-16 8.864520e-20 3.344420e-31 3.376704e-52
[1] 6.437529e-16 8.864321e-20 3.344369e-31 1.621881e-33
[1] 6.447453e-16 8.867679e-20 3.345291e-31 1.608856e-33
[1] 6.443995e-16 8.865895e-20 3.345083e-31 1.681588e-33
[1] 6.371247e-16 8.867149e-20 3.341674e-31 1.695498e-33
[1] 6.372565e-16 8.869617e-20 3.341944e-31 3.917426e-47
[1] 6.379242e-16 8.870441e-20 3.342504e-31 1.607390e-33
[1] 6.628429e-16 9.055359e-20 3.350402e-31 4.215211e-33
[1] 6.369781e-16 8.870474e-20 3.342146e-31 1.620051e-33
[1] 6.451662e-16 8.864613e-20 3.346150e-31 4.189075e-33
[1] 6.634588e-16 9.056406e-20 3.350850e-31 2.639787e-51
[1] 6.438042e-16 8.863544e-20 3.345332e-31 4.829410e-46
[1] 6.442172e-16 8.863533e-20 3.345596e-31 2.845139e-49
[1] 6.449818e-16 8.866530e-20 3.346448e-31 4.186394e-33
[1] 6.363845e-16 8.869275e-20 3.342086e-31 2.631010e-51
[1] 6.441566e-16 8.863687e-20 3.345582e-31 1.619127e-33
[1] 6.445494e-16 8.866643e-20 3.346175e-31 1.610441e-33
Algorithm converged after  177  iterations.
[1] 5.785382e-16 9.218065e-20 4.554532e-29 9.016395e-38
[1] 5.952085e-16 9.257541e-20 4.551198e-29 1.702543e-33
[1] 5.273347e-16 9.295675e-20 4.575538e-29 2.375400e-33
[1] 5.954423e-16 9.256115e-20 4.552036e-29 2.151698e-48
[1] 5.952092e-16 9.257570e-20 4.552389e-29 9.059913e-38
[1] 5.270193e-16 9.298370e-20 4.576091e-29 2.033626e-64
[1] 5.261445e-16 9.293959e-20 4.575791e-29 8.895922e-38
[1] 5.470416e-16 9.221265e-20 4.570041e-29 8.937988e-38
[1] 5.257496e-16 9.296400e-20 4.575740e-29 1.953881e-48
[1] 5.262444e-16 9.296634e-20 4.576792e-29 8.330929e-38
[1] 5.952022e-16 9.257547e-20 4.554032e-29 1.121430e-49
[1] 5.425385e-16 8.956508e-20 4.590495e-29 1.747781e-33
[1] 5.270465e-16 9.298143e-20 4.577933e-29 8.904143e-38
[1] 5.945003e-16 9.273467e-20 4.553993e-29 1.308171e-51
[1] 5.272465e-16 9.295622e-20 4.578847e-29 8.903990e-38
[1] 5.270254e-16 9.298171e-20 4.579043e-29 8.904199e-38
[1] 5.884681e-16 9.261970e-20 4.557737e-29 1.704017e-33
[1] 5.272477e-16 9.295460e-20 4.579391e-29 1.721452e-33
Algorithm converged after  175  iterations.
[1] 5.785382e-16 9.218065e-20 6.325933e-29 3.130286e-30
Algorithm converged after  7  iterations.
[1] 5.785382e-16 9.218065e-20 3.311696e-31 4.554532e-29
Algorithm converged after  5  iterations.
[1] 5.785382e-16 9.218065e-20 3.311696e-31 6.325933e-29
Algorithm converged after  6  iterations.
[1] 5.785382e-16 9.218065e-20 4.554532e-29 6.325933e-29
Algorithm converged after  6  iterations.
numeric(0)
Algorithm converged after  1  iterations.
[1] 1.184546e-23
Algorithm converged after  2  iterations.
[1] 4.502026e-24
Algorithm converged after  2  iterations.
[1] 3.480491e-18
Algorithm converged after  2  iterations.
[1] 1.184546e-23 5.809680e-26
Algorithm converged after  2  iterations.
[1] 4.502026e-24 3.213198e-25
Algorithm converged after  2  iterations.
[1] 3.480491e-18 2.536331e-23
Algorithm converged after  2  iterations.
[1] 1.184546e-23 4.502026e-24
Algorithm converged after  2  iterations.
[1] 1.184546e-23 3.480491e-18
Algorithm converged after  2  iterations.
[1] 4.502026e-24 3.480491e-18
Algorithm converged after  2  iterations.
[1] 1.184546e-23 5.809680e-26 4.502026e-24
Algorithm converged after  2  iterations.
[1] 1.184546e-23 5.809680e-26 3.480491e-18
Algorithm converged after  2  iterations.
[1] 1.184546e-23 4.502026e-24 3.213198e-25
Algorithm converged after  2  iterations.
[1] 1.184546e-23 3.480491e-18 2.536331e-23
Algorithm converged after  2  iterations.
[1] 4.502026e-24 3.213198e-25 3.480491e-18
Algorithm converged after  2  iterations.
[1] 4.502026e-24 3.480491e-18 2.536331e-23
Algorithm converged after  2  iterations.
[1] 1.184546e-23 4.502026e-24 3.480491e-18
Algorithm converged after  2  iterations.
[1] 1.184546e-23 5.809680e-26 4.502026e-24 3.213198e-25
Algorithm converged after  2  iterations.
[1] 1.184546e-23 5.809680e-26 3.480491e-18 2.536331e-23
Algorithm converged after  2  iterations.
[1] 4.502026e-24 3.213198e-25 3.480491e-18 2.536331e-23
Algorithm converged after  2  iterations.
[1] 1.184546e-23 5.809680e-26 4.502026e-24 3.480491e-18
Algorithm converged after  2  iterations.
[1] 1.184546e-23 4.502026e-24 3.213198e-25 3.480491e-18
Algorithm converged after  2  iterations.
[1] 1.184546e-23 4.502026e-24 3.480491e-18 2.536331e-23
Algorithm converged after  2  iterations.
[1] 3.130406e-16
Algorithm converged after  2  iterations.
[1] 3.130406e-16 4.798071e-25
Algorithm converged after  6  iterations.
[1] 3.130406e-16 8.180144e-25
Algorithm converged after  5  iterations.
[1] 3.130406e-16 4.751685e-23
Algorithm converged after  6  iterations.
[1] 3.130406e-16 4.798071e-25 2.229670e-34
[1] 3.786158e-16 4.969238e-25 3.945568e-34
[1] 3.786215e-16 4.969627e-25 3.945410e-34
[1] 3.757750e-16 4.962566e-25 3.973321e-34
[1] 4.017412e-16 5.025806e-25 1.992948e-31
[1] 3.764907e-16 4.964519e-25 2.498733e-34
[1] 3.779990e-16 4.968717e-25 2.498919e-34
Algorithm converged after  62  iterations.
[1] 3.130406e-16 8.180144e-25 1.933750e-33
Algorithm converged after  6  iterations.
[1] 3.130406e-16 4.751685e-23 2.978151e-30
[1] 6.897905e-16 5.264765e-23 3.743086e-30
[1] 6.887894e-16 5.263617e-23 4.152722e-30
[1] 6.911173e-16 5.266326e-23 3.746265e-30
[1] 6.914480e-16 5.266712e-23 4.121046e-30
[1] 6.919265e-16 5.267278e-23 3.724761e-30
[1] 6.921067e-16 5.267496e-23 3.751818e-30
[1] 6.920750e-16 5.267471e-23 3.698195e-30
[1] 6.895480e-16 5.264553e-23 3.906014e-30
[1] 6.918526e-16 5.267227e-23 3.757014e-30
[1] 6.923060e-16 5.267767e-23 3.906791e-30
[1] 6.978914e-16 5.274187e-23 3.724793e-30
[1] 6.929533e-16 5.268540e-23 3.667381e-30
[1] 6.898917e-16 5.265008e-23 3.650394e-30
[1] 6.939727e-16 5.269730e-23 3.800950e-30
[1] 6.900409e-16 5.265200e-23 3.649849e-30
[1] 6.966669e-16 5.272844e-23 3.687109e-30
[1] 6.989410e-16 5.275451e-23 3.746519e-30
[1] 6.981816e-16 5.274613e-23 3.747362e-30
[1] 6.990895e-16 5.275649e-23 4.203368e-30
[1] 6.981084e-16 5.274556e-23 3.641332e-30
[1] 6.922054e-16 5.267791e-23 3.642258e-30
[1] 6.971267e-16 5.273460e-23 3.979835e-30
[1] 6.990379e-16 5.275646e-23 3.646159e-30
[1] 6.918966e-16 5.267453e-23 3.651490e-30
[1] 6.951807e-16 5.271253e-23 3.814847e-30
[1] 6.905550e-16 5.265910e-23 3.767556e-30
[1] 6.933121e-16 5.269115e-23 3.775157e-30
[1] 6.921962e-16 5.267829e-23 4.189719e-30
[1] 6.945027e-16 5.270511e-23 4.164545e-30
[1] 6.920750e-16 5.267726e-23 4.165613e-30
[1] 6.971084e-16 5.273549e-23 3.790079e-30
[1] 6.998337e-16 5.276667e-23 3.708633e-30
[1] 6.940896e-16 5.270092e-23 3.772441e-30
[1] 6.925057e-16 5.268269e-23 3.770354e-30
[1] 6.938853e-16 5.269871e-23 3.726477e-30
[1] 6.998271e-16 5.276702e-23 4.117680e-30
[1] 6.978987e-16 5.274515e-23 3.756700e-30
[1] 6.983108e-16 5.274989e-23 3.667849e-30
[1] 7.004934e-16 5.277482e-23 3.670474e-30
[1] 6.914566e-16 5.267101e-23 3.714459e-30
[1] 6.993485e-16 5.276201e-23 3.675180e-30
[1] 7.002817e-16 5.277266e-23 3.676359e-30
[1] 6.917039e-16 5.267415e-23 3.693722e-30
[1] 6.939100e-16 5.269969e-23 3.797808e-30
[1] 6.956323e-16 5.271956e-23 4.167397e-30
[1] 6.948433e-16 5.271052e-23 3.741092e-30
[1] 6.932144e-16 5.269171e-23 3.866532e-30
[1] 6.937726e-16 5.269818e-23 3.700393e-30
[1] 6.951731e-16 5.271435e-23 4.082138e-30
Algorithm did not converge after  500  iterations.
[1] 3.130406e-16 4.798071e-25 8.180144e-25
Algorithm converged after  6  iterations.
[1] 3.130406e-16 4.798071e-25 4.751685e-23
Algorithm converged after  7  iterations.
[1] 3.130406e-16 8.180144e-25 4.751685e-23
Algorithm converged after  7  iterations.
[1] 3.130406e-16 4.798071e-25 2.229670e-34 8.180144e-25
Algorithm converged after  6  iterations.
[1] 3.130406e-16 4.798071e-25 2.229670e-34 4.751685e-23
Algorithm converged after  7  iterations.
[1] 3.130406e-16 4.798071e-25 8.180144e-25 1.933750e-33
[1] 4.175095e-16 5.064496e-25 8.344825e-25 7.022800e-55
Algorithm converged after  18  iterations.
[1] 3.130406e-16 4.798071e-25 4.751685e-23 2.978151e-30
[1] 8.398603e-16 5.946969e-25 5.435943e-23 3.876170e-30
[1] 8.393265e-16 5.945962e-25 5.435359e-23 4.068894e-30
[1] 8.450646e-16 5.956519e-25 5.441522e-23 3.894542e-30
[1] 8.368958e-16 5.941206e-25 5.432639e-23 4.007575e-30
[1] 8.383301e-16 5.943823e-25 5.434178e-23 4.036390e-30
[1] 8.449901e-16 5.956130e-25 5.441338e-23 4.129002e-30
[1] 8.425266e-16 5.951553e-25 5.438685e-23 3.840558e-30
[1] 8.454258e-16 5.956829e-25 5.441754e-23 3.676496e-30
[1] 8.387560e-16 5.944449e-25 5.434574e-23 3.710845e-30
[1] 8.387321e-16 5.944352e-25 5.434525e-23 3.666480e-30
[1] 8.438231e-16 5.953723e-25 5.439978e-23 3.729632e-30
[1] 8.413863e-16 5.949201e-25 5.437359e-23 4.267551e-30
[1] 8.341736e-16 5.935754e-25 5.429545e-23 4.165828e-30
[1] 8.349587e-16 5.937168e-25 5.430378e-23 3.754245e-30
[1] 8.320333e-16 5.931700e-25 5.427200e-23 3.659572e-30
[1] 8.325708e-16 5.932649e-25 5.427762e-23 3.655522e-30
[1] 8.317678e-16 5.931122e-25 5.426881e-23 3.843085e-30
[1] 8.319642e-16 5.931454e-25 5.427080e-23 3.627635e-30
[1] 8.329687e-16 5.933324e-25 5.428170e-23 3.618019e-30
[1] 8.335517e-16 5.934363e-25 5.428785e-23 3.640617e-30
[1] 8.359121e-16 5.938694e-25 5.431312e-23 4.191121e-30
[1] 8.405164e-16 5.947112e-25 5.436216e-23 4.031403e-30
[1] 8.373887e-16 5.941360e-25 5.432878e-23 4.160254e-30
[1] 8.378584e-16 5.942188e-25 5.433368e-23 3.724851e-30
[1] 8.308449e-16 5.929184e-25 5.425801e-23 4.109945e-30
[1] 8.327540e-16 5.932716e-25 5.427862e-23 3.776169e-30
[1] 8.337259e-16 5.934499e-25 5.428904e-23 4.143588e-30
[1] 8.355645e-16 5.937850e-25 5.430866e-23 3.766546e-30
[1] 8.335326e-16 5.934073e-25 5.428673e-23 3.691285e-30
[1] 8.341684e-16 5.935222e-25 5.429345e-23 3.617805e-30
[1] 8.306626e-16 5.928692e-25 5.425550e-23 3.803192e-30
[1] 8.300493e-16 5.927566e-25 5.424897e-23 3.578698e-30
[1] 8.390758e-16 5.944142e-25 5.434544e-23 3.565717e-30
[1] 8.289770e-16 5.925543e-25 5.423725e-23 3.576160e-30
[1] 8.380959e-16 5.942291e-25 5.433482e-23 3.746685e-30
[1] 8.324550e-16 5.931959e-25 5.427474e-23 3.655825e-30
[1] 8.303999e-16 5.928147e-25 5.425255e-23 3.705267e-30
[1] 8.277974e-16 5.923282e-25 5.422428e-23 3.646081e-30
[1] 8.327540e-16 5.932466e-25 5.427783e-23 3.690091e-30
[1] 8.273916e-16 5.922526e-25 5.421994e-23 3.731747e-30
[1] 8.276969e-16 5.923088e-25 5.422325e-23 3.565890e-30
[1] 8.309974e-16 5.929186e-25 5.425884e-23 3.552122e-30
[1] 8.285177e-16 5.924581e-25 5.423208e-23 3.667258e-30
[1] 8.369252e-16 5.940006e-25 5.432197e-23 3.743061e-30
[1] 8.368462e-16 5.939846e-25 5.432113e-23 4.121206e-30
[1] 8.271875e-16 5.922081e-25 5.421769e-23 3.794437e-30
[1] 8.366060e-16 5.939380e-25 5.431851e-23 3.655978e-30
[1] 8.267665e-16 5.921284e-25 5.421315e-23 3.666374e-30
[1] 8.362002e-16 5.938611e-25 5.431413e-23 4.066928e-30
Algorithm did not converge after  500  iterations.
[1] 3.130406e-16 8.180144e-25 1.933750e-33 4.751685e-23
[1] 6.792647e-16 8.689578e-25 7.452554e-33 5.254361e-23
[1] 6.191130e-16 8.616811e-25 1.907376e-33 5.182363e-23
[1] 6.116598e-16 8.607481e-25 3.380402e-33 5.173648e-23
Algorithm converged after  39  iterations.
[1] 3.130406e-16 8.180144e-25 4.751685e-23 2.978151e-30
[1] 8.326954e-16 8.864703e-25 5.428640e-23 3.758828e-30
[1] 8.283976e-16 8.860024e-25 5.423968e-23 3.714792e-30
[1] 8.265144e-16 8.857961e-25 5.421910e-23 4.133433e-30
[1] 8.304462e-16 8.862196e-25 5.426162e-23 3.846396e-30
[1] 8.265910e-16 8.857994e-25 5.421969e-23 3.698841e-30
[1] 8.276607e-16 8.859123e-25 5.423115e-23 3.889754e-30
[1] 8.273726e-16 8.858796e-25 5.422795e-23 4.128418e-30
[1] 8.336809e-16 8.865589e-25 5.429604e-23 4.250965e-30
[1] 8.280999e-16 8.859528e-25 5.423554e-23 4.254104e-30
[1] 8.305021e-16 8.862094e-25 5.426138e-23 3.909848e-30
[1] 8.250259e-16 8.856113e-25 5.420175e-23 3.668583e-30
[1] 8.342169e-16 8.866048e-25 5.430107e-23 3.830425e-30
[1] 8.237361e-16 8.854657e-25 5.418746e-23 3.681536e-30
[1] 8.306075e-16 8.862097e-25 5.426191e-23 3.892889e-30
[1] 8.256762e-16 8.856738e-25 5.420841e-23 3.662617e-30
[1] 8.259382e-16 8.856994e-25 5.421108e-23 3.925417e-30
[1] 8.227544e-16 8.853523e-25 5.417644e-23 3.670068e-30
[1] 8.225517e-16 8.853290e-25 5.417417e-23 3.792500e-30
[1] 8.286450e-16 8.859891e-25 5.424020e-23 3.796243e-30
[1] 8.287407e-16 8.859962e-25 5.424110e-23 3.640531e-30
[1] 8.254173e-16 8.856322e-25 5.420491e-23 4.214609e-30
[1] 8.281508e-16 8.859263e-25 5.423440e-23 3.679874e-30
[1] 8.256057e-16 8.856500e-25 5.420681e-23 3.794373e-30
[1] 8.256162e-16 8.856511e-25 5.420693e-23 3.794961e-30
[1] 8.255909e-16 8.856484e-25 5.420665e-23 3.795213e-30
[1] 8.256122e-16 8.856507e-25 5.420688e-23 3.794321e-30
[1] 8.256428e-16 8.856540e-25 5.420721e-23 3.795434e-30
[1] 8.255656e-16 8.856456e-25 5.420638e-23 3.795883e-30
[1] 8.256428e-16 8.856540e-25 5.420721e-23 3.795521e-30
[1] 8.255612e-16 8.856451e-25 5.420633e-23 3.794052e-30
[1] 8.255580e-16 8.856448e-25 5.420629e-23 3.794098e-30
[1] 8.255580e-16 8.856448e-25 5.420629e-23 3.794101e-30
[1] 8.255580e-16 8.856448e-25 5.420629e-23 3.794098e-30
[1] 8.255580e-16 8.856448e-25 5.420629e-23 3.794100e-30
[1] 8.255580e-16 8.856448e-25 5.420629e-23 3.794097e-30
[1] 8.255580e-16 8.856448e-25 5.420629e-23 3.794099e-30
[1] 8.255580e-16 8.856448e-25 5.420629e-23 3.794105e-30
[1] 8.255580e-16 8.856448e-25 5.420629e-23 3.794100e-30
[1] 8.255580e-16 8.856448e-25 5.420629e-23 3.794101e-30
[1] 8.255580e-16 8.856448e-25 5.420629e-23 3.794098e-30
[1] 8.255580e-16 8.856448e-25 5.420629e-23 3.794107e-30
[1] 8.255580e-16 8.856448e-25 5.420629e-23 3.794099e-30
[1] 8.255580e-16 8.856448e-25 5.420629e-23 3.794106e-30
[1] 8.255580e-16 8.856448e-25 5.420629e-23 3.794104e-30
[1] 8.255580e-16 8.856448e-25 5.420629e-23 3.794103e-30
[1] 8.255580e-16 8.856448e-25 5.420629e-23 3.794108e-30
[1] 8.255580e-16 8.856448e-25 5.420629e-23 3.794106e-30
[1] 8.255580e-16 8.856448e-25 5.420629e-23 3.794101e-30
[1] 8.255580e-16 8.856448e-25 5.420629e-23 3.794106e-30
Algorithm did not converge after  500  iterations.
[1] 3.130406e-16 4.798071e-25 8.180144e-25 4.751685e-23
Algorithm converged after  7  iterations.
[1] 3.130406e-16 7.675794e-20
Algorithm converged after  2  iterations.
[1] 3.130406e-16 7.675794e-20 2.306945e-31
Algorithm converged after  5  iterations.
[1] 3.130406e-16 7.675794e-20 1.404447e-29
Algorithm converged after  4  iterations.
[1] 3.130406e-16 7.675794e-20 5.515012e-29
Algorithm converged after  6  iterations.
[1] 3.130406e-16 7.675794e-20 2.306945e-31 2.512133e-34
Algorithm converged after  5  iterations.
[1] 3.130406e-16 7.675794e-20 1.404447e-29 1.938122e-33
Algorithm converged after  6  iterations.
[1] 3.130406e-16 7.675794e-20 5.515012e-29 6.588445e-30
Algorithm converged after  8  iterations.
[1] 3.130406e-16 7.675794e-20 2.306945e-31 1.404447e-29
Algorithm converged after  5  iterations.
[1] 3.130406e-16 7.675794e-20 2.306945e-31 5.515012e-29
Algorithm converged after  6  iterations.
[1] 3.130406e-16 7.675794e-20 1.404447e-29 5.515012e-29
Algorithm converged after  6  iterations.
numeric(0)
Algorithm converged after  1  iterations.
[1] 2.671009e-31
Algorithm converged after  2  iterations.
[1] 1.015017e-23
Algorithm converged after  2  iterations.
[1] 2.085252e-18
Algorithm converged after  2  iterations.
[1] 2.671009e-31 1.009200e-28
Algorithm converged after  2  iterations.
[1] 1.015017e-23 5.013734e-25
Algorithm converged after  2  iterations.
[1] 2.085252e-18 3.758187e-23
Algorithm converged after  2  iterations.
[1] 2.671009e-31 1.015017e-23
Algorithm converged after  2  iterations.
[1] 2.671009e-31 2.085252e-18
Algorithm converged after  2  iterations.
[1] 1.015017e-23 2.085252e-18
Algorithm converged after  2  iterations.
[1] 2.671009e-31 1.009200e-28 1.015017e-23
Algorithm converged after  2  iterations.
[1] 2.671009e-31 1.009200e-28 2.085252e-18
Algorithm converged after  2  iterations.
[1] 2.671009e-31 1.015017e-23 5.013734e-25
Algorithm converged after  2  iterations.
[1] 2.671009e-31 2.085252e-18 3.758187e-23
Algorithm converged after  2  iterations.
[1] 1.015017e-23 5.013734e-25 2.085252e-18
Algorithm converged after  2  iterations.
[1] 1.015017e-23 2.085252e-18 3.758187e-23
Algorithm converged after  2  iterations.
[1] 2.671009e-31 1.015017e-23 2.085252e-18
Algorithm converged after  2  iterations.
[1] 2.671009e-31 1.009200e-28 1.015017e-23 5.013734e-25
Algorithm converged after  2  iterations.
[1] 2.671009e-31 1.009200e-28 2.085252e-18 3.758187e-23
Algorithm converged after  2  iterations.
[1] 1.015017e-23 5.013734e-25 2.085252e-18 3.758187e-23
Algorithm converged after  2  iterations.
[1] 2.671009e-31 1.009200e-28 1.015017e-23 2.085252e-18
Algorithm converged after  2  iterations.
[1] 2.671009e-31 1.015017e-23 5.013734e-25 2.085252e-18
Algorithm converged after  2  iterations.
[1] 2.671009e-31 1.015017e-23 2.085252e-18 3.758187e-23
Algorithm converged after  2  iterations.
[1] 2.152021e-16
Algorithm converged after  2  iterations.
[1] 2.152021e-16 4.759308e-25
Algorithm converged after  6  iterations.
[1] 2.152021e-16 1.571992e-24
Algorithm converged after  5  iterations.
[1] 2.152021e-16 6.130111e-23
Algorithm converged after  6  iterations.
[1] 2.152021e-16 4.759308e-25 2.644182e-31
[1] 2.570957e-16 4.943404e-25 2.581677e-34
[1] 2.540750e-16 4.930785e-25 2.590328e-34
[1] 2.540745e-16 4.931203e-25 2.690742e-34
[1] 3.003899e-16 5.120959e-25 2.538082e-34
[1] 2.661206e-16 4.981319e-25 2.640725e-34
[1] 2.524616e-16 4.925486e-25 2.688026e-34
[1] 2.540705e-16 4.932607e-25 2.690698e-34
[1] 2.540699e-16 4.933024e-25 6.338930e-49
[1] 2.566630e-16 4.944923e-25 2.620043e-34
[1] 2.570904e-16 4.947587e-25 2.581681e-34
[1] 2.540699e-16 4.934954e-25 2.590377e-34
[1] 2.581997e-16 4.953746e-25 2.663511e-34
[1] 2.540680e-16 4.936450e-25 2.590392e-34
[1] 2.570433e-16 4.949319e-25 2.581737e-34
[1] 2.540753e-16 4.937017e-25 2.589741e-34
[1] 2.517051e-16 4.927088e-25 2.702778e-31
[1] 2.526439e-16 4.932053e-25 2.683600e-34
[1] 2.540655e-16 4.938318e-25 5.652474e-57
[1] 2.573458e-16 4.952784e-25 2.707421e-31
[1] 2.540622e-16 4.939281e-25 2.690821e-34
[1] 2.570907e-16 4.952441e-25 2.707570e-31
[1] 2.741273e-16 5.021316e-25 4.401270e-45
[1] 2.526277e-16 4.934855e-25 2.585059e-34
Algorithm converged after  234  iterations.
[1] 2.152021e-16 1.571992e-24 1.790182e-66
[1] 2.841364e-16 1.607549e-24 1.104609e-45
[1] 2.777575e-16 1.604555e-24 9.153237e-33
[1] 2.794861e-16 1.605446e-24 1.677134e-62
[1] 2.777572e-16 1.604578e-24 6.776011e-52
[1] 2.819949e-16 1.606537e-24 6.051222e-58
[1] 2.794281e-16 1.605498e-24 2.248944e-62
[1] 2.848554e-16 1.608068e-24 9.237321e-33
Algorithm converged after  78  iterations.
[1] 2.152021e-16 6.130111e-23 9.079966e-29
Algorithm converged after  9  iterations.
[1] 2.152021e-16 4.759308e-25 1.571992e-24
Algorithm converged after  6  iterations.
[1] 2.152021e-16 4.759308e-25 6.130111e-23
Algorithm converged after  7  iterations.
[1] 2.152021e-16 1.571992e-24 6.130111e-23
Algorithm converged after  6  iterations.
[1] 2.152021e-16 4.759308e-25 2.644182e-31 1.571992e-24
Algorithm converged after  8  iterations.
[1] 2.152021e-16 4.759308e-25 2.644182e-31 6.130111e-23
[1] 4.469414e-16 5.660435e-25 2.790759e-31 6.642737e-23
[1] 5.076390e-16 5.865387e-25 2.394130e-34 6.755738e-23
[1] 5.040015e-16 5.853621e-25 2.397289e-34 6.749317e-23
[1] 4.776250e-16 5.762898e-25 2.428002e-34 6.699705e-23
[1] 5.035980e-16 5.851205e-25 2.395799e-34 6.748226e-23
[1] 4.439404e-16 5.651281e-25 2.789272e-31 6.637909e-23
[1] 4.760923e-16 5.758318e-25 2.441412e-34 6.697469e-23
[1] 4.474568e-16 5.665788e-25 2.789741e-31 6.647778e-23
[1] 4.711422e-16 5.744930e-25 2.446023e-34 6.692004e-23
[1] 4.740405e-16 5.755778e-25 2.436873e-34 6.698107e-23
[1] 4.470240e-16 5.665939e-25 2.791022e-31 6.648233e-23
[1] 4.496361e-16 5.675077e-25 1.014347e-47 6.653318e-23
[1] 4.742784e-16 5.754748e-25 2.470314e-34 6.698238e-23
[1] 4.438104e-16 5.655919e-25 2.789400e-31 6.643178e-23
[1] 5.041603e-16 5.860518e-25 2.397014e-34 6.756102e-23
[1] 5.041633e-16 5.860731e-25 2.397102e-34 6.756193e-23
[1] 5.041656e-16 5.860943e-25 2.397197e-34 6.756282e-23
[1] 4.462532e-16 5.664897e-25 2.487801e-34 6.648349e-23
[1] 5.040153e-16 5.861331e-25 2.399175e-34 6.756912e-23
[1] 4.463103e-16 5.665922e-25 2.474217e-34 6.649230e-23
Algorithm converged after  206  iterations.
[1] 2.152021e-16 4.759308e-25 1.571992e-24 1.790182e-66
[1] 3.536776e-16 5.324181e-25 1.640067e-24 9.141307e-33
Algorithm converged after  18  iterations.
[1] 2.152021e-16 4.759308e-25 6.130111e-23 9.079966e-29
[1] 4.759047e-16 5.756951e-25 6.696911e-23 9.881362e-29
[1] 4.786738e-16 5.766693e-25 6.702390e-23 2.509136e-36
[1] 5.328858e-16 5.946800e-25 6.801307e-23 1.008073e-46
[1] 5.311570e-16 5.942103e-25 6.798918e-23 1.016049e-28
[1] 5.065739e-16 5.860024e-25 6.754084e-23 9.955235e-29
[1] 5.370079e-16 5.961006e-25 6.809438e-23 1.012129e-28
Algorithm converged after  65  iterations.
[1] 2.152021e-16 1.571992e-24 1.790182e-66 6.130111e-23
[1] 4.820192e-16 1.692908e-24 1.234458e-45 6.707281e-23
[1] 4.818805e-16 1.692874e-24 1.283500e-45 6.707317e-23
[1] 4.766009e-16 1.690747e-24 3.516292e-50 6.697435e-23
[1] 4.760413e-16 1.690803e-24 1.676830e-50 6.697520e-23
[1] 4.774516e-16 1.691416e-24 2.479608e-43 6.700732e-23
[1] 4.652685e-16 1.686465e-24 7.545458e-47 6.677507e-23
[1] 4.765839e-16 1.690976e-24 1.309375e-45 6.703095e-23
[1] 4.826776e-16 1.693422e-24 9.280353e-33 6.714761e-23
[1] 4.777576e-16 1.691470e-24 2.279708e-51 6.705707e-23
[1] 4.751575e-16 1.690662e-24 1.294534e-45 6.702084e-23
[1] 4.760067e-16 1.691063e-24 9.277094e-33 6.704040e-23
[1] 4.690969e-16 1.688211e-24 6.871176e-47 6.690667e-23
[1] 4.596562e-16 1.684534e-24 8.459176e-52 6.673161e-23
[1] 4.830276e-16 1.693488e-24 8.814116e-52 6.716410e-23
[1] 4.760569e-16 1.691134e-24 1.451117e-50 6.704928e-23
[1] 4.786599e-16 1.691959e-24 1.037708e-50 6.709300e-23
[1] 4.762284e-16 1.691245e-24 9.265969e-33 6.705804e-23
[1] 4.679134e-16 1.687820e-24 9.294564e-33 6.689780e-23
[1] 4.768183e-16 1.691238e-24 1.309740e-45 6.706445e-23
[1] 4.768201e-16 1.691249e-24 1.085418e-69 6.706605e-23
[1] 4.762931e-16 1.691317e-24 4.240185e-42 6.706736e-23
[1] 4.756279e-16 1.691040e-24 1.762795e-49 6.705866e-23
[1] 4.820205e-16 1.693439e-24 1.286691e-50 6.717573e-23
[1] 4.757065e-16 1.690855e-24 3.509435e-50 6.705536e-23
[1] 4.777818e-16 1.691995e-24 5.200921e-37 6.711079e-23
[1] 4.769047e-16 1.691378e-24 3.849184e-29 6.708711e-23
[1] 4.765622e-16 1.691254e-24 1.745208e-49 6.708364e-23
[1] 4.757391e-16 1.691196e-24 9.316662e-33 6.708485e-23
[1] 4.838655e-16 1.694056e-24 7.571983e-47 6.722646e-23
[1] 4.833688e-16 1.693954e-24 6.586904e-52 6.722241e-23
[1] 4.798570e-16 1.692692e-24 7.593805e-47 6.716170e-23
[1] 4.531327e-16 1.682196e-24 8.547412e-31 6.666027e-23
[1] 4.757974e-16 1.691293e-24 9.315265e-33 6.709963e-23
[1] 4.824023e-16 1.693761e-24 6.046732e-47 6.721984e-23
[1] 4.758175e-16 1.691326e-24 9.316015e-33 6.710568e-23
[1] 4.796576e-16 1.692681e-24 9.826780e-50 6.717205e-23
[1] 4.798045e-16 1.692776e-24 9.271587e-33 6.717908e-23
[1] 4.823157e-16 1.693799e-24 1.414474e-51 6.722951e-23
[1] 4.530321e-16 1.682263e-24 1.643471e-39 6.667967e-23
[1] 4.728213e-16 1.690151e-24 3.653687e-50 6.705664e-23
[1] 4.731661e-16 1.690299e-24 2.168635e-48 6.706775e-23
[1] 4.768746e-16 1.691923e-24 5.236537e-47 6.714601e-23
[1] 4.565432e-16 1.683650e-24 7.148690e-47 6.675687e-23
[1] 4.825222e-16 1.693968e-24 5.254828e-47 6.725085e-23
[1] 4.802744e-16 1.693063e-24 9.287704e-33 6.721305e-23
[1] 4.638624e-16 1.686712e-24 3.834425e-29 6.691034e-23
[1] 4.758974e-16 1.691568e-24 6.998113e-47 6.714430e-23
[1] 4.640551e-16 1.686813e-24 5.517973e-35 6.691986e-23
[1] 4.777623e-16 1.692113e-24 3.848972e-29 6.717666e-23
Algorithm did not converge after  500  iterations.
[1] 2.152021e-16 1.571992e-24 6.130111e-23 9.079966e-29
[1] 5.019325e-16 1.700427e-24 6.744422e-23 9.820033e-29
[1] 5.405993e-16 1.715192e-24 6.815742e-23 6.775910e-35
[1] 5.357716e-16 1.713277e-24 6.806689e-23 2.682537e-35
[1] 5.389135e-16 1.714467e-24 6.812459e-23 1.001064e-28
[1] 5.270191e-16 1.710155e-24 6.792317e-23 1.010454e-28
[1] 5.397755e-16 1.714871e-24 6.814928e-23 2.696789e-35
[1] 5.509412e-16 1.718995e-24 6.834744e-23 6.766652e-35
[1] 5.302470e-16 1.711428e-24 6.798758e-23 2.562779e-33
[1] 5.410545e-16 1.715495e-24 6.818381e-23 1.015626e-28
[1] 5.304432e-16 1.711560e-24 6.799818e-23 1.011390e-28
Algorithm converged after  106  iterations.
[1] 2.152021e-16 4.759308e-25 1.571992e-24 6.130111e-23
Algorithm converged after  7  iterations.
[1] 2.152021e-16 1.050852e-19
Algorithm converged after  2  iterations.
[1] 2.152021e-16 1.050852e-19 3.050406e-31
Algorithm converged after  5  iterations.
[1] 2.152021e-16 1.050852e-19 4.141942e-29
Algorithm converged after  4  iterations.
[1] 2.152021e-16 1.050852e-19 1.115414e-28
Algorithm converged after  6  iterations.
[1] 2.152021e-16 1.050852e-19 3.050406e-31 3.194036e-34
Algorithm converged after  5  iterations.
[1] 2.152021e-16 1.050852e-19 4.141942e-29 7.082151e-34
[1] 1.775373e-16 9.728064e-20 4.208602e-29 7.027479e-34
Algorithm converged after  11  iterations.
[1] 2.152021e-16 1.050852e-19 1.115414e-28 3.565658e-30
Algorithm converged after  8  iterations.
[1] 2.152021e-16 1.050852e-19 3.050406e-31 4.141942e-29
Algorithm converged after  5  iterations.
[1] 2.152021e-16 1.050852e-19 3.050406e-31 1.115414e-28
Algorithm converged after  6  iterations.
[1] 2.152021e-16 1.050852e-19 4.141942e-29 1.115414e-28
Algorithm converged after  6  iterations.
numeric(0)
Algorithm converged after  1  iterations.
[1] 1.837432e-26
Algorithm converged after  2  iterations.
[1] 2.980871e-23
Algorithm converged after  2  iterations.
[1] 4.067385e-18
Algorithm converged after  2  iterations.
[1] 1.837432e-26 2.430989e-56
Algorithm converged after  2  iterations.
[1] 2.980871e-23 2.135229e-25
Algorithm converged after  2  iterations.
[1] 4.067385e-18 2.825467e-23
Algorithm converged after  2  iterations.
[1] 1.837432e-26 2.980871e-23
Algorithm converged after  2  iterations.
[1] 1.837432e-26 4.067385e-18
Algorithm converged after  2  iterations.
[1] 2.980871e-23 4.067385e-18
Algorithm converged after  2  iterations.
[1] 1.837432e-26 2.430989e-56 2.980871e-23
Algorithm converged after  2  iterations.
[1] 1.837432e-26 2.430989e-56 4.067385e-18
Algorithm converged after  2  iterations.
[1] 1.837432e-26 2.980871e-23 2.135229e-25
Algorithm converged after  2  iterations.
[1] 1.837432e-26 4.067385e-18 2.825467e-23
Algorithm converged after  2  iterations.
[1] 2.980871e-23 2.135229e-25 4.067385e-18
Algorithm converged after  2  iterations.
[1] 2.980871e-23 4.067385e-18 2.825467e-23
Algorithm converged after  2  iterations.
[1] 1.837432e-26 2.980871e-23 4.067385e-18
Algorithm converged after  2  iterations.
[1] 1.837432e-26 2.430989e-56 2.980871e-23 2.135229e-25
Algorithm converged after  2  iterations.
[1] 1.837432e-26 2.430989e-56 4.067385e-18 2.825467e-23
Algorithm converged after  2  iterations.
[1] 2.980871e-23 2.135229e-25 4.067385e-18 2.825467e-23
Algorithm converged after  2  iterations.
[1] 1.837432e-26 2.430989e-56 2.980871e-23 4.067385e-18
Algorithm converged after  2  iterations.
[1] 1.837432e-26 2.980871e-23 2.135229e-25 4.067385e-18
Algorithm converged after  2  iterations.
[1] 1.837432e-26 2.980871e-23 4.067385e-18 2.825467e-23
Algorithm converged after  2  iterations.
[1] 4.005544e-16
Algorithm converged after  2  iterations.
[1] 4.005544e-16 2.533151e-25
Algorithm converged after  6  iterations.
[1] 4.005544e-16 1.432385e-24
Algorithm converged after  6  iterations.
[1] 4.005544e-16 4.745050e-23
Algorithm converged after  6  iterations.
[1] 4.005544e-16 2.533151e-25 8.708558e-35
Algorithm converged after  6  iterations.
[1] 4.005544e-16 1.432385e-24 1.052799e-33
Algorithm converged after  5  iterations.
[1] 4.005544e-16 4.745050e-23 7.618168e-29
[1] 8.824711e-16 5.170820e-23 4.681732e-32
[1] 9.679749e-16 5.233112e-23 8.104628e-29
[1] 8.814314e-16 5.170703e-23 8.124958e-29
Algorithm converged after  34  iterations.
[1] 4.005544e-16 2.533151e-25 1.432385e-24
Algorithm converged after  7  iterations.
[1] 4.005544e-16 2.533151e-25 4.745050e-23
Algorithm converged after  7  iterations.
[1] 4.005544e-16 1.432385e-24 4.745050e-23
Algorithm converged after  7  iterations.
[1] 4.005544e-16 2.533151e-25 8.708558e-35 1.432385e-24
[1] 7.539467e-16 2.854165e-25 4.590410e-49 1.542965e-24
[1] 7.659202e-16 2.864041e-25 1.254942e-37 1.546322e-24
[1] 7.744552e-16 2.870329e-25 1.563173e-37 1.548514e-24
[1] 7.358735e-16 2.839470e-25 6.097626e-32 1.537964e-24
[1] 7.628426e-16 2.861811e-25 6.106183e-32 1.545557e-24
[1] 7.644136e-16 2.863203e-25 9.951514e-54 1.546014e-24
[1] 7.646690e-16 2.863802e-25 9.100045e-38 1.546145e-24
[1] 6.996554e-16 2.810513e-25 6.095481e-32 1.527969e-24
[1] 7.187822e-16 2.825625e-25 6.087038e-32 1.533244e-24
[1] 7.628633e-16 2.862315e-25 7.568907e-35 1.545705e-24
[1] 7.116213e-16 2.820842e-25 6.100443e-32 1.531459e-24
[1] 6.995874e-16 2.810962e-25 6.095542e-32 1.528081e-24
[1] 7.070620e-16 2.816224e-25 6.080525e-32 1.530023e-24
[1] 7.645780e-16 2.864790e-25 4.566264e-49 1.546395e-24
[1] 7.743648e-16 2.871766e-25 7.771496e-54 1.548885e-24
[1] 7.106768e-16 2.820883e-25 6.099932e-32 1.531407e-24
[1] 7.624771e-16 2.863119e-25 9.512003e-38 1.545876e-24
[1] 7.642671e-16 2.864728e-25 7.853749e-54 1.546394e-24
[1] 7.540322e-16 2.856392e-25 2.074598e-67 1.543550e-24
[1] 7.741639e-16 2.872476e-25 1.608258e-66 1.549044e-24
[1] 7.649744e-16 2.865584e-25 1.678419e-46 1.546659e-24
[1] 7.107939e-16 2.821570e-25 6.099955e-32 1.531596e-24
[1] 7.234255e-16 2.831602e-25 6.094507e-32 1.535090e-24
[1] 7.040919e-16 2.815376e-25 6.084268e-32 1.529585e-24
[1] 7.003453e-16 2.813115e-25 6.096138e-32 1.528685e-24
[1] 7.520784e-16 2.855507e-25 8.186626e-35 1.543193e-24
[1] 7.387822e-16 2.844659e-25 6.099139e-32 1.539509e-24
[1] 7.003635e-16 2.813555e-25 6.096203e-32 1.528810e-24
[1] 7.640496e-16 2.866146e-25 3.748114e-49 1.546714e-24
[1] 7.316086e-16 2.839129e-25 6.096084e-32 1.537596e-24
[1] 7.647332e-16 2.866542e-25 1.364750e-48 1.546899e-24
[1] 7.003491e-16 2.814008e-25 6.096263e-32 1.528928e-24
[1] 7.759859e-16 2.875559e-25 1.357323e-37 1.549963e-24
[1] 7.437295e-16 2.849501e-25 8.210535e-35 1.541092e-24
[1] 7.728338e-16 2.873192e-25 1.374402e-48 1.549149e-24
[1] 7.646113e-16 2.867264e-25 8.173055e-35 1.547046e-24
[1] 6.996156e-16 2.813852e-25 6.095884e-32 1.528843e-24
[1] 7.515397e-16 2.856428e-25 8.193538e-35 1.543404e-24
[1] 7.671352e-16 2.869545e-25 7.620942e-35 1.547803e-24
[1] 7.726533e-16 2.873480e-25 1.014931e-37 1.549221e-24
[1] 7.103408e-16 2.823145e-25 6.100303e-32 1.531988e-24
[1] 7.682891e-16 2.869936e-25 1.559597e-37 1.548023e-24
[1] 7.639499e-16 2.867385e-25 9.543305e-38 1.547050e-24
[1] 7.437740e-16 2.850493e-25 6.101995e-32 1.541368e-24
[1] 7.639899e-16 2.867588e-25 6.119524e-32 1.547105e-24
[1] 7.004056e-16 2.815335e-25 6.096438e-32 1.529296e-24
[1] 7.642992e-16 2.867961e-25 1.058426e-44 1.547233e-24
[1] 7.437805e-16 2.850848e-25 6.102407e-32 1.541464e-24
[1] 7.725779e-16 2.874268e-25 6.113189e-32 1.549422e-24
Algorithm did not converge after  500  iterations.
[1] 4.005544e-16 2.533151e-25 8.708558e-35 4.745050e-23
Algorithm converged after  7  iterations.
[1] 4.005544e-16 2.533151e-25 1.432385e-24 1.052799e-33
Algorithm converged after  7  iterations.
[1] 4.005544e-16 2.533151e-25 4.745050e-23 7.618168e-29
[1] 1.105004e-15 3.121578e-25 5.326070e-23 8.397435e-29
[1] 1.140550e-15 3.146366e-25 5.350076e-23 3.788909e-30
[1] 1.191032e-15 3.180799e-25 5.383246e-23 3.834401e-30
[1] 1.105522e-15 3.122441e-25 5.327214e-23 8.407326e-29
Algorithm converged after  41  iterations.
[1] 4.005544e-16 1.432385e-24 1.052799e-33 4.745050e-23
[1] 9.899637e-16 1.605362e-24 1.096652e-37 5.245712e-23
[1] 9.899775e-16 1.605389e-24 6.004955e-56 5.245916e-23
[1] 8.545509e-16 1.570864e-24 8.094766e-33 5.146677e-23
[1] 8.522834e-16 1.570276e-24 1.049931e-33 5.145059e-23
[1] 9.938479e-16 1.606430e-24 2.198382e-34 5.249186e-23
[1] 8.526063e-16 1.570452e-24 8.090817e-33 5.145719e-23
Algorithm converged after  67  iterations.
[1] 4.005544e-16 1.432385e-24 4.745050e-23 7.618168e-29
[1] 1.202579e-15 1.656067e-24 5.391114e-23 4.008284e-30
Algorithm converged after  13  iterations.
[1] 4.005544e-16 2.533151e-25 1.432385e-24 4.745050e-23
Algorithm converged after  8  iterations.
[1] 4.005544e-16 6.968746e-20
Algorithm converged after  2  iterations.
[1] 4.005544e-16 6.968746e-20 6.988841e-32
Algorithm converged after  5  iterations.
[1] 4.005544e-16 6.968746e-20 5.968031e-31
Algorithm converged after  4  iterations.
[1] 4.005544e-16 6.968746e-20 8.875925e-29
Algorithm converged after  6  iterations.
[1] 4.005544e-16 6.968746e-20 6.988841e-32 8.913082e-35
Algorithm converged after  5  iterations.
[1] 4.005544e-16 6.968746e-20 5.968031e-31 1.810533e-34
Algorithm converged after  6  iterations.
[1] 4.005544e-16 6.968746e-20 8.875925e-29 7.177480e-30
Algorithm converged after  8  iterations.
[1] 4.005544e-16 6.968746e-20 6.988841e-32 5.968031e-31
Algorithm converged after  5  iterations.
[1] 4.005544e-16 6.968746e-20 6.988841e-32 8.875925e-29
Algorithm converged after  6  iterations.
[1] 4.005544e-16 6.968746e-20 5.968031e-31 8.875925e-29
Algorithm converged after  6  iterations.
numeric(0)
Algorithm converged after  1  iterations.
[1] 3.617539e-64
Algorithm converged after  2  iterations.
[1] 1.519036e-23
Algorithm converged after  2  iterations.
[1] 4.331455e-18
Algorithm converged after  2  iterations.
[1] 3.617539e-64 1.292710e-65
Algorithm converged after  2  iterations.
[1] 1.519036e-23 2.880832e-25
Algorithm converged after  2  iterations.
[1] 4.331455e-18 1.848875e-23
Algorithm converged after  2  iterations.
[1] 3.617539e-64 1.519036e-23
Algorithm converged after  2  iterations.
[1] 3.617539e-64 4.331455e-18
Algorithm converged after  2  iterations.
[1] 1.519036e-23 4.331455e-18
Algorithm converged after  2  iterations.
[1] 3.617539e-64 1.292710e-65 1.519036e-23
Algorithm converged after  2  iterations.
[1] 3.617539e-64 1.292710e-65 4.331455e-18
Algorithm converged after  2  iterations.
[1] 3.617539e-64 1.519036e-23 2.880832e-25
Algorithm converged after  2  iterations.
[1] 3.617539e-64 4.331455e-18 1.848875e-23
Algorithm converged after  2  iterations.
[1] 1.519036e-23 2.880832e-25 4.331455e-18
Algorithm converged after  2  iterations.
[1] 1.519036e-23 4.331455e-18 1.848875e-23
Algorithm converged after  2  iterations.
[1] 3.617539e-64 1.519036e-23 4.331455e-18
Algorithm converged after  2  iterations.
[1] 3.617539e-64 1.292710e-65 1.519036e-23 2.880832e-25
Algorithm converged after  2  iterations.
[1] 3.617539e-64 1.292710e-65 4.331455e-18 1.848875e-23
Algorithm converged after  2  iterations.
[1] 1.519036e-23 2.880832e-25 4.331455e-18 1.848875e-23
Algorithm converged after  2  iterations.
[1] 3.617539e-64 1.292710e-65 1.519036e-23 4.331455e-18
Algorithm converged after  2  iterations.
[1] 3.617539e-64 1.519036e-23 2.880832e-25 4.331455e-18
Algorithm converged after  2  iterations.
[1] 3.617539e-64 1.519036e-23 4.331455e-18 1.848875e-23
Algorithm converged after  2  iterations.
[1] 3.592083e-16
Algorithm converged after  2  iterations.
[1] 3.592083e-16 5.461732e-25
Algorithm converged after  6  iterations.
[1] 3.592083e-16 1.984836e-24
Algorithm converged after  6  iterations.
[1] 3.592083e-16 3.104718e-23
Algorithm converged after  6  iterations.
[1] 3.592083e-16 5.461732e-25 3.002877e-31
[1] 4.321956e-16 5.626964e-25 1.892989e-34
[1] 4.124516e-16 5.584230e-25 2.582352e-34
[1] 4.320425e-16 5.627962e-25 2.541228e-34
Algorithm converged after  33  iterations.
[1] 3.592083e-16 1.984836e-24 1.783778e-47
[1] 4.983115e-16 2.052361e-24 8.489427e-34
[1] 3.957938e-16 2.004141e-24 5.683740e-52
[1] 4.947507e-16 2.051135e-24 8.482520e-34
[1] 5.031153e-16 2.056247e-24 2.318799e-29
[1] 3.943999e-16 2.005323e-24 8.891341e-34
[1] 4.543564e-16 2.034318e-24 9.124425e-34
[1] 4.939440e-16 2.053388e-24 4.104600e-31
[1] 4.946641e-16 2.053857e-24 8.485055e-34
[1] 4.939836e-16 2.053883e-24 1.006059e-47
[1] 4.860614e-16 2.050813e-24 9.213611e-61
[1] 3.958136e-16 2.007932e-24 8.902075e-34
[1] 4.401319e-16 2.029847e-24 3.756248e-62
[1] 4.937438e-16 2.054913e-24 1.195780e-33
[1] 3.957169e-16 2.008671e-24 5.551478e-66
[1] 4.803947e-16 2.049119e-24 8.789809e-34
[1] 3.952798e-16 2.008891e-24 4.902333e-69
[1] 4.496510e-16 2.035519e-24 8.557814e-34
[1] 4.972098e-16 2.057876e-24 8.574909e-34
[1] 4.489174e-16 2.035706e-24 1.824152e-47
[1] 4.917796e-16 2.056008e-24 1.797374e-47
[1] 3.961547e-16 2.010695e-24 5.958494e-50
[1] 3.957115e-16 2.010766e-24 1.076301e-49
[1] 4.803586e-16 2.051470e-24 8.781436e-34
[1] 4.654978e-16 2.045111e-24 1.058335e-60
[1] 5.001622e-16 2.061560e-24 8.195795e-34
Algorithm converged after  260  iterations.
[1] 3.592083e-16 3.104718e-23 4.243272e-29
[1] 8.124928e-16 3.412055e-23 4.597534e-29
Algorithm converged after  11  iterations.
[1] 3.592083e-16 5.461732e-25 1.984836e-24
Algorithm converged after  6  iterations.
[1] 3.592083e-16 5.461732e-25 3.104718e-23
Algorithm converged after  7  iterations.
[1] 3.592083e-16 1.984836e-24 3.104718e-23
Algorithm converged after  7  iterations.
[1] 3.592083e-16 5.461732e-25 3.002877e-31 1.984836e-24
Algorithm converged after  8  iterations.
[1] 3.592083e-16 5.461732e-25 3.002877e-31 3.104718e-23
Algorithm converged after  7  iterations.
[1] 3.592083e-16 5.461732e-25 1.984836e-24 1.783778e-47
[1] 5.961009e-16 5.956337e-25 2.094959e-24 8.575776e-34
[1] 5.165311e-16 5.803370e-25 2.061078e-24 1.931903e-62
[1] 5.160372e-16 5.803740e-25 2.061134e-24 8.888859e-34
[1] 5.170579e-16 5.806596e-25 2.061763e-24 8.795481e-34
[1] 6.278534e-16 6.020067e-25 2.108964e-24 4.675206e-58
[1] 5.144383e-16 5.803469e-25 2.061036e-24 6.381813e-52
[1] 5.160514e-16 5.808203e-25 2.062060e-24 4.092118e-50
[1] 5.170464e-16 5.811441e-25 2.062771e-24 1.289822e-33
[1] 5.984913e-16 5.970301e-25 2.097896e-24 2.278635e-29
[1] 6.294029e-16 6.029512e-25 2.110951e-24 8.514801e-34
[1] 6.345790e-16 6.039935e-25 2.113213e-24 8.599587e-34
[1] 6.277927e-16 6.028489e-25 2.110679e-24 8.531384e-34
[1] 5.044632e-16 5.791090e-25 2.058030e-24 7.430458e-57
[1] 6.469401e-16 6.066335e-25 2.118895e-24 7.112736e-66
[1] 6.142423e-16 6.006799e-25 2.105780e-24 9.655418e-48
[1] 6.312717e-16 6.040093e-25 2.113095e-24 8.470049e-34
[1] 5.123424e-16 5.811930e-25 2.062651e-24 8.797875e-34
[1] 6.462930e-16 6.069375e-25 2.119503e-24 2.206152e-61
[1] 5.115988e-16 5.812472e-25 2.062701e-24 2.249605e-29
[1] 6.137747e-16 6.011702e-25 2.106723e-24 1.227118e-69
[1] 6.360422e-16 6.053927e-25 2.115978e-24 8.564601e-34
[1] 6.238051e-16 6.032869e-25 2.111327e-24 2.962061e-62
[1] 5.050885e-16 5.804498e-25 2.060605e-24 9.896661e-48
[1] 5.170547e-16 5.830269e-25 2.066366e-24 4.525842e-62
[1] 6.083390e-16 6.007808e-25 2.105517e-24 8.785662e-34
[1] 5.114097e-16 5.820878e-25 2.064217e-24 1.832579e-47
[1] 5.118561e-16 5.823015e-25 2.064678e-24 4.285414e-58
[1] 6.127588e-16 6.019104e-25 2.107934e-24 9.751356e-48
[1] 6.114766e-16 6.018055e-25 2.107673e-24 2.307125e-29
[1] 6.342933e-16 6.062176e-25 2.117413e-24 1.959976e-49
[1] 6.182773e-16 6.033431e-25 2.111162e-24 2.280475e-29
[1] 5.164036e-16 5.836502e-25 2.067607e-24 1.986697e-48
[1] 5.159908e-16 5.836721e-25 2.067630e-24 8.919096e-34
[1] 5.161308e-16 5.837729e-25 2.067820e-24 2.048645e-50
[1] 6.345033e-16 6.068275e-25 2.118700e-24 8.319149e-34
[1] 5.170418e-16 5.842003e-25 2.068732e-24 8.820172e-34
[1] 6.343166e-16 6.069122e-25 2.118798e-24 8.627921e-34
[1] 6.259633e-16 6.055212e-25 2.115694e-24 1.873738e-47
[1] 5.249757e-16 5.860377e-25 2.072671e-24 1.850275e-47
[1] 6.341626e-16 6.072066e-25 2.119385e-24 8.637358e-34
[1] 6.290138e-16 6.063533e-25 2.117510e-24 8.561604e-34
[1] 5.159729e-16 5.845493e-25 2.069405e-24 2.254775e-29
[1] 5.135694e-16 5.842011e-25 2.068630e-24 4.233093e-31
[1] 6.315805e-16 6.070670e-25 2.118966e-24 8.622567e-34
[1] 6.296145e-16 6.069260e-25 2.118651e-24 9.561396e-48
[1] 6.398101e-16 6.087747e-25 2.122663e-24 8.580596e-34
[1] 4.968062e-16 5.808222e-25 2.060830e-24 9.427327e-34
[1] 6.364421e-16 6.083970e-25 2.121767e-24 6.294542e-63
[1] 4.929919e-16 5.804856e-25 2.059842e-24 4.675786e-31
Algorithm did not converge after  500  iterations.
[1] 3.592083e-16 5.461732e-25 3.104718e-23 4.243272e-29
Algorithm converged after  10  iterations.
[1] 3.592083e-16 1.984836e-24 1.783778e-47 3.104718e-23
[1] 8.416671e-16 2.191259e-24 7.878888e-65 3.430079e-23
[1] 7.224997e-16 2.146668e-24 9.817853e-48 3.360438e-23
[1] 7.681752e-16 2.163662e-24 8.870684e-34 3.387520e-23
[1] 7.293096e-16 2.149587e-24 4.238974e-50 3.365501e-23
[1] 7.290434e-16 2.149724e-24 8.663844e-34 3.366040e-23
[1] 8.612362e-16 2.198715e-24 2.359487e-29 3.443385e-23
Algorithm converged after  70  iterations.
[1] 3.592083e-16 1.984836e-24 3.104718e-23 4.243272e-29
Algorithm converged after  9  iterations.
[1] 3.592083e-16 5.461732e-25 1.984836e-24 3.104718e-23
Algorithm converged after  7  iterations.
[1] 3.592083e-16 8.328848e-20
Algorithm converged after  2  iterations.
[1] 3.592083e-16 8.328848e-20 3.550566e-31
Algorithm converged after  5  iterations.
[1] 3.592083e-16 8.328848e-20 2.975609e-29
Algorithm converged after  4  iterations.
[1] 3.592083e-16 8.328848e-20 5.671410e-29
Algorithm converged after  6  iterations.
[1] 3.592083e-16 8.328848e-20 3.550566e-31 5.905300e-34
Algorithm converged after  5  iterations.
[1] 3.592083e-16 8.328848e-20 2.975609e-29 1.613059e-57
[1] 2.749902e-16 7.988621e-20 3.061239e-29 4.580806e-64
[1] 2.749627e-16 7.988569e-20 3.062440e-29 1.129108e-63
[1] 2.745829e-16 7.986345e-20 3.064217e-29 7.448915e-34
[1] 3.531815e-16 8.037773e-20 3.011111e-29 1.956452e-47
Algorithm converged after  48  iterations.
[1] 3.592083e-16 8.328848e-20 5.671410e-29 6.626313e-30
Algorithm converged after  8  iterations.
[1] 3.592083e-16 8.328848e-20 3.550566e-31 2.975609e-29
Algorithm converged after  5  iterations.
[1] 3.592083e-16 8.328848e-20 3.550566e-31 5.671410e-29
Algorithm converged after  7  iterations.
[1] 3.592083e-16 8.328848e-20 2.975609e-29 5.671410e-29
Algorithm converged after  6  iterations.
numeric(0)
Algorithm converged after  1  iterations.
[1] 1.482569e-23
Algorithm converged after  2  iterations.
[1] 1.833448e-23
Algorithm converged after  2  iterations.
[1] 9.4148e-19
Algorithm converged after  2  iterations.
[1] 1.482569e-23 4.727094e-26
Algorithm converged after  2  iterations.
[1] 1.833448e-23 4.832730e-25
Algorithm converged after  2  iterations.
[1] 9.414800e-19 3.357025e-23
Algorithm converged after  2  iterations.
[1] 1.482569e-23 1.833448e-23
Algorithm converged after  2  iterations.
[1] 1.482569e-23 9.414800e-19
Algorithm converged after  2  iterations.
[1] 1.833448e-23 9.414800e-19
Algorithm converged after  2  iterations.
[1] 1.482569e-23 4.727094e-26 1.833448e-23
Algorithm converged after  2  iterations.
[1] 1.482569e-23 4.727094e-26 9.414800e-19
Algorithm converged after  2  iterations.
[1] 1.482569e-23 1.833448e-23 4.832730e-25
Algorithm converged after  2  iterations.
[1] 1.482569e-23 9.414800e-19 3.357025e-23
Algorithm converged after  2  iterations.
[1] 1.833448e-23 4.832730e-25 9.414800e-19
Algorithm converged after  2  iterations.
[1] 1.833448e-23 9.414800e-19 3.357025e-23
Algorithm converged after  2  iterations.
[1] 1.482569e-23 1.833448e-23 9.414800e-19
Algorithm converged after  2  iterations.
[1] 1.482569e-23 4.727094e-26 1.833448e-23 4.832730e-25
Algorithm converged after  2  iterations.
[1] 1.482569e-23 4.727094e-26 9.414800e-19 3.357025e-23
Algorithm converged after  2  iterations.
[1] 1.833448e-23 4.832730e-25 9.414800e-19 3.357025e-23
Algorithm converged after  2  iterations.
[1] 1.482569e-23 4.727094e-26 1.833448e-23 9.414800e-19
Algorithm converged after  2  iterations.
[1] 1.482569e-23 1.833448e-23 4.832730e-25 9.414800e-19
Algorithm converged after  2  iterations.
[1] 1.482569e-23 1.833448e-23 9.414800e-19 3.357025e-23
Algorithm converged after  2  iterations.
[1] 1.551299e-16
Algorithm converged after  2  iterations.
[1] 1.551299e-16 3.823574e-25
Algorithm converged after  6  iterations.
[1] 1.551299e-16 2.652308e-24
Algorithm converged after  6  iterations.
[1] 1.551299e-16 4.878340e-23
Algorithm converged after  6  iterations.
[1] 1.551299e-16 3.823574e-25 1.994673e-31
Algorithm converged after  6  iterations.
[1] 1.551299e-16 2.652308e-24 1.539100e-38
Algorithm converged after  6  iterations.
[1] 1.551299e-16 4.878340e-23 4.512599e-52
Algorithm converged after  9  iterations.
[1] 1.551299e-16 3.823574e-25 2.652308e-24
Algorithm converged after  7  iterations.
[1] 1.551299e-16 3.823574e-25 4.878340e-23
Algorithm converged after  7  iterations.
[1] 1.551299e-16 2.652308e-24 4.878340e-23
Algorithm converged after  6  iterations.
[1] 1.551299e-16 3.823574e-25 1.994673e-31 2.652308e-24
Algorithm converged after  7  iterations.
[1] 1.551299e-16 3.823574e-25 1.994673e-31 4.878340e-23
[1] 3.419336e-16 4.581721e-25 1.846132e-39 5.268535e-23
Algorithm converged after  17  iterations.
[1] 1.551299e-16 3.823574e-25 2.652308e-24 1.539100e-38
Algorithm converged after  7  iterations.
[1] 1.551299e-16 3.823574e-25 4.878340e-23 4.512599e-52
[1] 3.440409e-16 4.587702e-25 5.271390e-23 1.295118e-28
[1] 3.570346e-16 4.634027e-25 5.294675e-23 1.299654e-28
[1] 3.150599e-16 4.488116e-25 5.223161e-23 1.246070e-48
[1] 3.562668e-16 4.652677e-25 5.311528e-23 1.742872e-42
[1] 3.580491e-16 4.658410e-25 5.314486e-23 3.577251e-61
[1] 3.572846e-16 4.655271e-25 5.312971e-23 1.304564e-28
Algorithm converged after  69  iterations.
[1] 1.551299e-16 2.652308e-24 1.539100e-38 4.878340e-23
Algorithm converged after  7  iterations.
[1] 1.551299e-16 2.652308e-24 4.878340e-23 4.512599e-52
[1] 3.790246e-16 2.954930e-24 5.333167e-23 1.325012e-28
[1] 3.364898e-16 2.904890e-24 5.258247e-23 4.918458e-36
[1] 3.633374e-16 2.936392e-24 5.305344e-23 1.449804e-53
[1] 3.802241e-16 2.956103e-24 5.335042e-23 1.304771e-48
[1] 3.785376e-16 2.954427e-24 5.332688e-23 1.318615e-28
Algorithm converged after  52  iterations.
[1] 1.551299e-16 3.823574e-25 2.652308e-24 4.878340e-23
Algorithm converged after  7  iterations.
[1] 1.551299e-16 1.062246e-19
Algorithm converged after  2  iterations.
[1] 1.551299e-16 1.062246e-19 2.340526e-31
Algorithm converged after  5  iterations.
[1] 1.551299e-16 1.062246e-19 2.201760e-29
Algorithm converged after  4  iterations.
[1] 1.551299e-16 1.062246e-19 1.383044e-28
Algorithm converged after  6  iterations.
[1] 1.551299e-16 1.062246e-19 2.340526e-31 4.266632e-47
[1] 1.782878e-16 1.075989e-19 2.372775e-31 1.173241e-34
[1] 1.687134e-16 1.073287e-19 2.359410e-31 2.780549e-34
[1] 1.691911e-16 1.072655e-19 2.360252e-31 2.026881e-48
[1] 1.784611e-16 1.075862e-19 2.373581e-31 2.013192e-48
[1] 1.785052e-16 1.076095e-19 2.373945e-31 7.857061e-34
[1] 1.763819e-16 1.051377e-19 2.372162e-31 3.206057e-42
[1] 1.681771e-16 1.055438e-19 2.361500e-31 1.305165e-34
[1] 1.786040e-16 1.041818e-19 2.376075e-31 2.094762e-67
[1] 1.846078e-16 1.078935e-19 2.381482e-31 1.189431e-34
[1] 1.747677e-16 1.042274e-19 2.370563e-31 9.507672e-71
[1] 1.682331e-16 1.055373e-19 2.362397e-31 1.182894e-34
[1] 1.781055e-16 1.036753e-19 2.377303e-31 2.045307e-48
[1] 1.835029e-16 1.020401e-19 2.384776e-31 1.185229e-34
[1] 1.746116e-16 1.067808e-19 2.369836e-31 1.185821e-34
[1] 1.765040e-16 1.051288e-19 2.373928e-31 7.871938e-34
[1] 1.791154e-16 1.037973e-19 2.378421e-31 5.744990e-69
[1] 1.688998e-16 1.073109e-19 2.361875e-31 2.628460e-51
[1] 1.760213e-16 1.052024e-19 2.373545e-31 3.115851e-42
[1] 1.743345e-16 1.069269e-19 2.369933e-31 9.870390e-33
[1] 1.789005e-16 1.053930e-19 2.377129e-31 2.787297e-34
[1] 1.747758e-16 1.067421e-19 2.371186e-31 1.185894e-34
[1] 1.784894e-16 1.075956e-19 2.376424e-31 3.091602e-42
[1] 1.789574e-16 1.051567e-19 2.378776e-31 7.889065e-34
[1] 1.788914e-16 1.053273e-19 2.377422e-31 6.682875e-43
[1] 1.796323e-16 1.044797e-19 2.379830e-31 6.526901e-66
[1] 1.627062e-16 1.063659e-19 2.355854e-31 4.552468e-67
[1] 1.795149e-16 1.037747e-19 2.380546e-31 1.072377e-50
[1] 1.628726e-16 1.063666e-19 2.356361e-31 2.615165e-51
[1] 1.812038e-16 1.043854e-19 2.382442e-31 2.782359e-34
[1] 1.796661e-16 1.039084e-19 2.380942e-31 1.084919e-50
[1] 1.794755e-16 1.037829e-19 2.380864e-31 1.019892e-44
[1] 1.789370e-16 1.033965e-19 2.380540e-31 1.292791e-34
[1] 1.786222e-16 1.051427e-19 2.379245e-31 2.601976e-51
[1] 1.733149e-16 1.040839e-19 2.371682e-31 3.881673e-42
[1] 1.692481e-16 1.072962e-19 2.364695e-31 1.869850e-54
[1] 1.792671e-16 1.043426e-19 2.380882e-31 7.882372e-34
[1] 1.785174e-16 1.075674e-19 2.378310e-31 3.716965e-67
[1] 1.784260e-16 1.075810e-19 2.378319e-31 1.174124e-34
[1] 1.800176e-16 1.043847e-19 2.382508e-31 2.120640e-48
[1] 1.836545e-16 1.020380e-19 2.388921e-31 9.144709e-49
[1] 1.728596e-16 1.055911e-19 2.372378e-31 1.060382e-50
[1] 1.771248e-16 1.078406e-19 2.375842e-31 1.197675e-34
[1] 1.736112e-16 1.050835e-19 2.374167e-31 2.764234e-54
[1] 1.785226e-16 1.076072e-19 2.379876e-31 7.760548e-34
[1] 1.787779e-16 1.051353e-19 2.381839e-31 4.071146e-62
[1] 1.627186e-16 1.063622e-19 2.358898e-31 2.992083e-46
[1] 1.748982e-16 1.066218e-19 2.375511e-31 2.087807e-48
[1] 1.798662e-16 1.044977e-19 2.383815e-31 1.281554e-56
[1] 1.800775e-16 1.045118e-19 2.384268e-31 9.825069e-33
Algorithm did not converge after  500  iterations.
[1] 1.551299e-16 1.062246e-19 2.201760e-29 3.275268e-33
[1] 1.401204e-16 1.007503e-19 2.238885e-29 1.634734e-33
[1] 1.329142e-16 1.003208e-19 2.242338e-29 1.647344e-33
[1] 1.329142e-16 1.003208e-19 2.242338e-29 1.647344e-33
[1] 1.329142e-16 1.003208e-19 2.242338e-29 1.647344e-33
[1] 1.329142e-16 1.003208e-19 2.242338e-29 1.647344e-33
[1] 1.329142e-16 1.003208e-19 2.242338e-29 1.647344e-33
[1] 1.329142e-16 1.003208e-19 2.242338e-29 1.647344e-33
[1] 1.329142e-16 1.003208e-19 2.242338e-29 1.647344e-33
[1] 1.329142e-16 1.003208e-19 2.242338e-29 1.647344e-33
[1] 1.329142e-16 1.003208e-19 2.242338e-29 1.647344e-33
[1] 1.329142e-16 1.003208e-19 2.242338e-29 1.647344e-33
[1] 1.329142e-16 1.003208e-19 2.242338e-29 1.647344e-33
[1] 1.329142e-16 1.003208e-19 2.242338e-29 1.647344e-33
[1] 1.329142e-16 1.003208e-19 2.242338e-29 1.647344e-33
[1] 1.329142e-16 1.003208e-19 2.242338e-29 1.647344e-33
[1] 1.329142e-16 1.003208e-19 2.242338e-29 1.647344e-33
[1] 1.329142e-16 1.003208e-19 2.242338e-29 1.647344e-33
[1] 1.329142e-16 1.003208e-19 2.242338e-29 1.647344e-33
[1] 1.329142e-16 1.003208e-19 2.242338e-29 1.647344e-33
[1] 1.329142e-16 1.003208e-19 2.242338e-29 1.647344e-33
[1] 1.329142e-16 1.003208e-19 2.242338e-29 1.647344e-33
[1] 1.329142e-16 1.003208e-19 2.242338e-29 1.647344e-33
[1] 1.329142e-16 1.003208e-19 2.242338e-29 1.647344e-33
[1] 1.329142e-16 1.003208e-19 2.242338e-29 1.647344e-33
[1] 1.329142e-16 1.003208e-19 2.242338e-29 1.647344e-33
[1] 1.329142e-16 1.003208e-19 2.242338e-29 1.647344e-33
[1] 1.329142e-16 1.003208e-19 2.242338e-29 1.647344e-33
[1] 1.329142e-16 1.003208e-19 2.242338e-29 1.647344e-33
[1] 1.329142e-16 1.003208e-19 2.242338e-29 1.647344e-33
[1] 1.329142e-16 1.003208e-19 2.242338e-29 1.647344e-33
[1] 1.329142e-16 1.003208e-19 2.242338e-29 1.647344e-33
[1] 1.329142e-16 1.003208e-19 2.242338e-29 1.647344e-33
[1] 1.329142e-16 1.003208e-19 2.242338e-29 1.647344e-33
[1] 1.329142e-16 1.003208e-19 2.242338e-29 1.647344e-33
[1] 1.329142e-16 1.003208e-19 2.242338e-29 1.647344e-33
[1] 1.329142e-16 1.003208e-19 2.242338e-29 1.647344e-33
[1] 1.329142e-16 1.003208e-19 2.242338e-29 1.647344e-33
[1] 1.329142e-16 1.003208e-19 2.242338e-29 1.647344e-33
[1] 1.329142e-16 1.003208e-19 2.242338e-29 1.647344e-33
[1] 1.329142e-16 1.003208e-19 2.242338e-29 1.647344e-33
[1] 1.329142e-16 1.003208e-19 2.242338e-29 1.647344e-33
[1] 1.329142e-16 1.003208e-19 2.242338e-29 1.647344e-33
[1] 1.329142e-16 1.003208e-19 2.242338e-29 1.647344e-33
[1] 1.329142e-16 1.003208e-19 2.242338e-29 1.647344e-33
[1] 1.329142e-16 1.003208e-19 2.242338e-29 1.647344e-33
[1] 1.329142e-16 1.003208e-19 2.242338e-29 1.647344e-33
[1] 1.329142e-16 1.003208e-19 2.242338e-29 1.647344e-33
[1] 1.329142e-16 1.003208e-19 2.242338e-29 1.647344e-33
[1] 1.329142e-16 1.003208e-19 2.242338e-29 1.647344e-33
Algorithm did not converge after  500  iterations.
[1] 1.551299e-16 1.062246e-19 1.383044e-28 6.089863e-30
Algorithm converged after  7  iterations.
[1] 1.551299e-16 1.062246e-19 2.340526e-31 2.201760e-29
Algorithm converged after  5  iterations.
[1] 1.551299e-16 1.062246e-19 2.340526e-31 1.383044e-28
Algorithm converged after  6  iterations.
[1] 1.551299e-16 1.062246e-19 2.201760e-29 1.383044e-28
Algorithm converged after  6  iterations.
numeric(0)
Algorithm converged after  1  iterations.
[1] 4.837049e-27
Algorithm converged after  2  iterations.
[1] 1.403767e-24
Algorithm converged after  2  iterations.
[1] 2.866466e-18
Algorithm converged after  2  iterations.
[1] 4.837049e-27 7.271537e-46
Algorithm converged after  2  iterations.
[1] 1.403767e-24 1.036619e-25
Algorithm converged after  2  iterations.
[1] 2.866466e-18 2.199777e-23
Algorithm converged after  2  iterations.
[1] 4.837049e-27 1.403767e-24
Algorithm converged after  2  iterations.
[1] 4.837049e-27 2.866466e-18
Algorithm converged after  2  iterations.
[1] 1.403767e-24 2.866466e-18
Algorithm converged after  2  iterations.
[1] 4.837049e-27 7.271537e-46 1.403767e-24
Algorithm converged after  2  iterations.
[1] 4.837049e-27 7.271537e-46 2.866466e-18
Algorithm converged after  2  iterations.
[1] 4.837049e-27 1.403767e-24 1.036619e-25
Algorithm converged after  2  iterations.
[1] 4.837049e-27 2.866466e-18 2.199777e-23
Algorithm converged after  2  iterations.
[1] 1.403767e-24 1.036619e-25 2.866466e-18
Algorithm converged after  2  iterations.
[1] 1.403767e-24 2.866466e-18 2.199777e-23
Algorithm converged after  2  iterations.
[1] 4.837049e-27 1.403767e-24 2.866466e-18
Algorithm converged after  2  iterations.
[1] 4.837049e-27 7.271537e-46 1.403767e-24 1.036619e-25
Algorithm converged after  2  iterations.
[1] 4.837049e-27 7.271537e-46 2.866466e-18 2.199777e-23
Algorithm converged after  2  iterations.
[1] 1.403767e-24 1.036619e-25 2.866466e-18 2.199777e-23
Algorithm converged after  2  iterations.
[1] 4.837049e-27 7.271537e-46 1.403767e-24 2.866466e-18
Algorithm converged after  2  iterations.
[1] 4.837049e-27 1.403767e-24 1.036619e-25 2.866466e-18
Algorithm converged after  2  iterations.
[1] 4.837049e-27 1.403767e-24 2.866466e-18 2.199777e-23
Algorithm converged after  2  iterations.
[1] 1.380136e-16
Algorithm converged after  2  iterations.
[1] 1.380136e-16 9.297721e-26
Algorithm converged after  6  iterations.
[1] 1.380136e-16 1.243320e-24
Algorithm converged after  6  iterations.
[1] 1.380136e-16 5.850726e-23
Algorithm converged after  7  iterations.
[1] 1.380136e-16 9.297721e-26 9.058803e-35
Algorithm converged after  7  iterations.
[1] 1.380136e-16 1.243320e-24 2.921650e-33
[1] 1.965630e-16 1.279853e-24 3.997719e-41
[1] 2.049805e-16 1.284548e-24 2.729043e-52
[1] 1.934906e-16 1.278065e-24 2.223993e-33
[1] 2.092518e-16 1.287285e-24 4.330690e-41
[1] 2.087750e-16 1.286949e-24 2.212271e-33
[1] 1.909643e-16 1.276981e-24 2.234228e-33
[1] 1.918028e-16 1.277632e-24 2.173945e-33
[1] 2.092297e-16 1.287502e-24 2.195490e-33
[1] 1.912783e-16 1.277315e-24 2.224613e-33
[1] 2.036067e-16 1.284269e-24 1.271751e-43
[1] 1.919638e-16 1.277950e-24 2.151542e-33
Algorithm converged after  112  iterations.
[1] 1.380136e-16 5.850726e-23 1.760484e-29
Algorithm converged after  9  iterations.
[1] 1.380136e-16 9.297721e-26 1.243320e-24
Algorithm converged after  6  iterations.
[1] 1.380136e-16 9.297721e-26 5.850726e-23
Algorithm converged after  7  iterations.
[1] 1.380136e-16 1.243320e-24 5.850726e-23
Algorithm converged after  7  iterations.
[1] 1.380136e-16 9.297721e-26 9.058803e-35 1.243320e-24
Algorithm converged after  8  iterations.
[1] 1.380136e-16 9.297721e-26 9.058803e-35 5.850726e-23
Algorithm converged after  8  iterations.
[1] 1.380136e-16 9.297721e-26 1.243320e-24 2.921650e-33
[1] 2.626637e-16 1.043747e-25 1.315517e-24 2.175186e-33
[1] 2.548594e-16 1.037517e-25 1.311626e-24 2.980458e-33
[1] 2.462939e-16 1.030759e-25 1.307399e-24 2.194711e-33
[1] 2.456786e-16 1.030338e-25 1.307127e-24 2.200414e-33
Algorithm converged after  44  iterations.
[1] 1.380136e-16 9.297721e-26 5.850726e-23 1.760484e-29
[1] 5.715164e-16 1.259156e-25 7.276780e-23 1.921961e-30
[1] 5.178212e-16 1.225476e-25 7.135035e-23 2.174985e-30
[1] 5.622832e-16 1.253268e-25 7.252464e-23 1.865329e-30
[1] 5.178030e-16 1.225529e-25 7.135779e-23 1.851196e-30
[1] 5.689254e-16 1.257599e-25 7.271214e-23 1.328278e-41
[1] 5.684303e-16 1.257321e-25 7.270841e-23 1.894377e-30
[1] 5.787848e-16 1.263695e-25 7.297689e-23 1.916163e-30
Algorithm converged after  71  iterations.
[1] 1.380136e-16 1.243320e-24 2.921650e-33 5.850726e-23
[1] 5.095221e-16 1.423035e-24 2.246156e-33 7.111587e-23
[1] 4.487679e-16 1.399519e-24 2.220708e-33 6.945303e-23
[1] 4.757099e-16 1.410205e-24 2.243689e-33 7.021106e-23
Algorithm converged after  31  iterations.
[1] 1.380136e-16 1.243320e-24 5.850726e-23 1.760484e-29
[1] 5.369725e-16 1.433414e-24 7.184425e-23 1.415697e-60
[1] 5.278190e-16 1.430074e-24 7.161290e-23 2.076195e-41
[1] 5.285182e-16 1.430393e-24 7.163920e-23 2.198078e-30
[1] 5.537844e-16 1.440023e-24 7.232615e-23 2.244375e-30
[1] 5.257295e-16 1.429395e-24 7.157452e-23 1.622248e-47
[1] 6.035830e-16 1.457984e-24 7.360790e-23 1.354233e-41
[1] 5.325803e-16 1.432032e-24 7.176867e-23 6.522721e-48
[1] 5.532579e-16 1.439921e-24 7.233210e-23 3.766907e-42
[1] 5.062950e-16 1.422179e-24 7.108139e-23 1.829328e-30
[1] 5.089683e-16 1.423269e-24 7.116103e-23 1.840756e-30
[1] 5.325587e-16 1.432157e-24 7.179321e-23 2.101036e-41
[1] 5.473094e-16 1.437892e-24 7.220336e-23 1.896130e-30
[1] 5.985989e-16 1.456568e-24 7.353216e-23 1.940124e-30
[1] 6.110951e-16 1.461009e-24 7.385474e-23 3.161328e-50
[1] 5.535570e-16 1.440279e-24 7.238872e-23 1.885745e-30
[1] 6.088293e-16 1.460202e-24 7.380505e-23 6.494310e-48
[1] 5.801903e-16 1.449903e-24 7.309848e-23 3.186971e-52
[1] 5.333734e-16 1.432806e-24 7.189415e-23 2.203759e-30
[1] 5.473063e-16 1.438345e-24 7.229697e-23 1.898073e-30
[1] 6.056594e-16 1.459414e-24 7.380008e-23 1.911002e-30
[1] 5.824946e-16 1.450937e-24 7.320156e-23 2.019608e-29
[1] 5.065478e-16 1.422920e-24 7.121817e-23 2.175247e-30
[1] 5.042726e-16 1.422102e-24 7.116444e-23 2.174224e-30
[1] 5.505579e-16 1.439737e-24 7.242380e-23 1.891176e-30
[1] 5.574582e-16 1.442327e-24 7.260932e-23 1.347367e-41
[1] 6.130086e-16 1.462371e-24 7.403867e-23 1.590573e-47
[1] 4.528605e-16 1.402015e-24 6.976234e-23 1.783228e-30
[1] 5.538592e-16 1.441080e-24 7.254004e-23 2.164119e-41
[1] 5.431334e-16 1.437041e-24 7.225627e-23 6.349807e-43
[1] 6.121246e-16 1.462220e-24 7.405736e-23 1.777588e-41
[1] 5.564185e-16 1.442181e-24 7.264306e-23 2.057417e-29
[1] 6.036430e-16 1.459397e-24 7.389216e-23 1.482188e-48
[1] 6.069208e-16 1.460514e-24 7.397508e-23 7.622554e-47
[1] 5.301549e-16 1.432402e-24 7.197670e-23 3.717824e-42
[1] 5.329425e-16 1.433445e-24 7.205504e-23 1.839701e-30
[1] 4.974955e-16 1.420070e-24 7.110985e-23 2.166488e-30
[1] 5.055558e-16 1.423191e-24 7.133365e-23 2.176981e-30
[1] 5.482131e-16 1.439517e-24 7.250062e-23 2.263104e-30
[1] 5.711194e-16 1.447578e-24 7.307850e-23 2.145252e-41
[1] 4.576400e-16 1.404558e-24 7.002554e-23 2.109124e-30
[1] 4.656460e-16 1.407786e-24 7.025646e-23 1.982092e-29
[1] 5.531363e-16 1.441461e-24 7.265529e-23 2.260696e-30
[1] 6.192436e-16 1.465280e-24 7.436049e-23 2.311411e-41
[1] 6.128753e-16 1.463085e-24 7.420947e-23 1.832996e-48
[1] 5.307953e-16 1.433080e-24 7.209411e-23 2.206942e-30
[1] 4.568990e-16 1.404597e-24 7.007549e-23 1.975700e-29
[1] 5.644860e-16 1.445945e-24 7.302459e-23 1.913619e-30
[1] 6.141062e-16 1.463849e-24 7.430707e-23 5.959732e-43
[1] 6.057974e-16 1.460883e-24 7.409794e-23 1.349057e-41
Algorithm did not converge after  500  iterations.
[1] 1.380136e-16 9.297721e-26 1.243320e-24 5.850726e-23
Algorithm converged after  8  iterations.
[1] 1.380136e-16 4.273886e-20
Algorithm converged after  2  iterations.
[1] 1.380136e-16 4.273886e-20 2.517342e-31
Algorithm converged after  5  iterations.
[1] 1.380136e-16 4.273886e-20 4.859675e-30
Algorithm converged after  4  iterations.
[1] 1.380136e-16 4.273886e-20 2.330587e-29
Algorithm converged after  6  iterations.
[1] 1.380136e-16 4.273886e-20 2.517342e-31 4.523927e-36
Algorithm converged after  5  iterations.
[1] 1.380136e-16 4.273886e-20 4.859675e-30 4.480276e-50
Algorithm converged after  8  iterations.
[1] 1.380136e-16 4.273886e-20 2.330587e-29 3.737316e-30
Algorithm converged after  8  iterations.
[1] 1.380136e-16 4.273886e-20 2.517342e-31 4.859675e-30
Algorithm converged after  5  iterations.
[1] 1.380136e-16 4.273886e-20 2.517342e-31 2.330587e-29
Algorithm converged after  6  iterations.
[1] 1.380136e-16 4.273886e-20 4.859675e-30 2.330587e-29
Algorithm converged after  6  iterations.
numeric(0)
Algorithm converged after  1  iterations.
[1] 6.2599e-26
Algorithm converged after  2  iterations.
[1] 2.804143e-23
Algorithm converged after  2  iterations.
[1] 2.85532e-18
Algorithm converged after  2  iterations.
[1] 6.259900e-26 2.533445e-31
Algorithm converged after  2  iterations.
[1] 2.804143e-23 2.860088e-25
Algorithm converged after  2  iterations.
[1] 2.855320e-18 3.748284e-23
Algorithm converged after  2  iterations.
[1] 6.259900e-26 2.804143e-23
Algorithm converged after  2  iterations.
[1] 6.25990e-26 2.85532e-18
Algorithm converged after  2  iterations.
[1] 2.804143e-23 2.855320e-18
Algorithm converged after  2  iterations.
[1] 6.259900e-26 2.533445e-31 2.804143e-23
Algorithm converged after  2  iterations.
[1] 6.259900e-26 2.533445e-31 2.855320e-18
Algorithm converged after  2  iterations.
[1] 6.259900e-26 2.804143e-23 2.860088e-25
Algorithm converged after  2  iterations.
[1] 6.259900e-26 2.855320e-18 3.748284e-23
Algorithm converged after  2  iterations.
[1] 2.804143e-23 2.860088e-25 2.855320e-18
Algorithm converged after  2  iterations.
[1] 2.804143e-23 2.855320e-18 3.748284e-23
Algorithm converged after  2  iterations.
[1] 6.259900e-26 2.804143e-23 2.855320e-18
Algorithm converged after  2  iterations.
[1] 6.259900e-26 2.533445e-31 2.804143e-23 2.860088e-25
Algorithm converged after  2  iterations.
[1] 6.259900e-26 2.533445e-31 2.855320e-18 3.748284e-23
Algorithm converged after  2  iterations.
[1] 2.804143e-23 2.860088e-25 2.855320e-18 3.748284e-23
Algorithm converged after  2  iterations.
[1] 6.259900e-26 2.533445e-31 2.804143e-23 2.855320e-18
Algorithm converged after  2  iterations.
[1] 6.259900e-26 2.804143e-23 2.860088e-25 2.855320e-18
Algorithm converged after  2  iterations.
[1] 6.259900e-26 2.804143e-23 2.855320e-18 3.748284e-23
Algorithm converged after  2  iterations.
[1] 3.256251e-16
Algorithm converged after  2  iterations.
[1] 3.256251e-16 6.610409e-25
Algorithm converged after  6  iterations.
[1] 3.256251e-16 1.428258e-24
Algorithm converged after  6  iterations.
[1] 3.256251e-16 4.817756e-23
Algorithm converged after  6  iterations.
[1] 3.256251e-16 6.610409e-25 1.910742e-34
[1] 4.100101e-16 6.880287e-25 1.885674e-34
[1] 4.100508e-16 6.880442e-25 1.884159e-34
[1] 4.100832e-16 6.880568e-25 1.882874e-34
[1] 4.137982e-16 6.891887e-25 1.863974e-34
[1] 4.142867e-16 6.893433e-25 1.861898e-34
[1] 4.143130e-16 6.893545e-25 1.860357e-34
[1] 4.143364e-16 6.893643e-25 1.859050e-34
[1] 4.143570e-16 6.893730e-25 1.857939e-34
[1] 4.139814e-16 6.892529e-25 1.897366e-34
Algorithm converged after  95  iterations.
[1] 3.256251e-16 1.428258e-24 2.951287e-31
Algorithm converged after  6  iterations.
[1] 3.256251e-16 4.817756e-23 3.430809e-34
[1] 5.595200e-16 5.038136e-23 7.599995e-29
[1] 5.711103e-16 5.049258e-23 7.928687e-29
Algorithm converged after  23  iterations.
[1] 3.256251e-16 6.610409e-25 1.428258e-24
Algorithm converged after  7  iterations.
[1] 3.256251e-16 6.610409e-25 4.817756e-23
Algorithm converged after  6  iterations.
[1] 3.256251e-16 1.428258e-24 4.817756e-23
Algorithm converged after  6  iterations.
[1] 3.256251e-16 6.610409e-25 1.910742e-34 1.428258e-24
Algorithm converged after  7  iterations.
[1] 3.256251e-16 6.610409e-25 1.910742e-34 4.817756e-23
[1] 6.383395e-16 7.514375e-25 1.746306e-34 5.103049e-23
[1] 6.405795e-16 7.526307e-25 2.656538e-31 5.107393e-23
[1] 6.413448e-16 7.529446e-25 3.471953e-53 5.108374e-23
[1] 5.743823e-16 7.352390e-25 2.628428e-31 5.053397e-23
[1] 6.390145e-16 7.524262e-25 2.669899e-31 5.106793e-23
[1] 6.388115e-16 7.521957e-25 2.653275e-31 5.106139e-23
[1] 5.828828e-16 7.375571e-25 2.632767e-31 5.060671e-23
[1] 6.405034e-16 7.526435e-25 2.653853e-31 5.107559e-23
Algorithm converged after  84  iterations.
[1] 3.256251e-16 6.610409e-25 1.428258e-24 2.951287e-31
Algorithm converged after  7  iterations.
[1] 3.256251e-16 6.610409e-25 4.817756e-23 3.430809e-34
Algorithm converged after  10  iterations.
[1] 3.256251e-16 1.428258e-24 2.951287e-31 4.817756e-23
Algorithm converged after  6  iterations.
[1] 3.256251e-16 1.428258e-24 4.817756e-23 3.430809e-34
[1] 6.318775e-16 1.565104e-24 5.097344e-23 7.704149e-29
[1] 6.993238e-16 1.591436e-24 5.150611e-23 7.870613e-29
[1] 6.736277e-16 1.581933e-24 5.131593e-23 8.000305e-29
[1] 6.280897e-16 1.564269e-24 5.095921e-23 7.908960e-29
[1] 5.714521e-16 1.541057e-24 5.048624e-23 7.580226e-29
[1] 6.288500e-16 1.564528e-24 5.096527e-23 7.811803e-29
[1] 5.968341e-16 1.551748e-24 5.070515e-23 4.023989e-42
[1] 6.308237e-16 1.565168e-24 5.097649e-23 7.700039e-29
[1] 7.025263e-16 1.593189e-24 5.154599e-23 2.229244e-32
[1] 6.244816e-16 1.563018e-24 5.093557e-23 1.925456e-32
[1] 6.989962e-16 1.591816e-24 5.151880e-23 7.857294e-29
[1] 6.251084e-16 1.563345e-24 5.094418e-23 7.810517e-29
Algorithm converged after  129  iterations.
[1] 3.256251e-16 6.610409e-25 1.428258e-24 4.817756e-23
Algorithm converged after  7  iterations.
[1] 3.256251e-16 1.145197e-19
Algorithm converged after  2  iterations.
[1] 3.256251e-16 1.145197e-19 2.899119e-31
Algorithm converged after  5  iterations.
[1] 3.256251e-16 1.145197e-19 6.407943e-29
Algorithm converged after  4  iterations.
[1] 3.256251e-16 1.145197e-19 8.793130e-29
Algorithm converged after  6  iterations.
[1] 3.256251e-16 1.145197e-19 2.899119e-31 3.303479e-34
[1] 3.504173e-16 1.182627e-19 2.921024e-31 7.307299e-33
[1] 3.573093e-16 1.151831e-19 2.922655e-31 7.282660e-33
Algorithm converged after  28  iterations.
[1] 3.256251e-16 1.145197e-19 6.407943e-29 3.380689e-33
[1] 2.807298e-16 1.168076e-19 6.443009e-29 3.382140e-33
[1] 2.988573e-16 1.140656e-19 6.434084e-29 3.387664e-33
Algorithm converged after  30  iterations.
[1] 3.256251e-16 1.145197e-19 8.793130e-29 6.156769e-30
Algorithm converged after  8  iterations.
[1] 3.256251e-16 1.145197e-19 2.899119e-31 6.407943e-29
Algorithm converged after  5  iterations.
[1] 3.256251e-16 1.145197e-19 2.899119e-31 8.793130e-29
Algorithm converged after  6  iterations.
[1] 3.256251e-16 1.145197e-19 6.407943e-29 8.793130e-29
Algorithm converged after  6  iterations.
numeric(0)
Algorithm converged after  1  iterations.
[1] 4.546059e-24
Algorithm converged after  2  iterations.
[1] 1.46547e-23
Algorithm converged after  2  iterations.
[1] 3.884145e-18
Algorithm converged after  2  iterations.
[1] 4.546059e-24 2.990230e-26
Algorithm converged after  2  iterations.
[1] 1.465470e-23 3.174012e-25
Algorithm converged after  2  iterations.
[1] 3.884145e-18 1.522158e-23
Algorithm converged after  2  iterations.
[1] 4.546059e-24 1.465470e-23
Algorithm converged after  2  iterations.
[1] 4.546059e-24 3.884145e-18
Algorithm converged after  2  iterations.
[1] 1.465470e-23 3.884145e-18
Algorithm converged after  2  iterations.
[1] 4.546059e-24 2.990230e-26 1.465470e-23
Algorithm converged after  2  iterations.
[1] 4.546059e-24 2.990230e-26 3.884145e-18
Algorithm converged after  2  iterations.
[1] 4.546059e-24 1.465470e-23 3.174012e-25
Algorithm converged after  2  iterations.
[1] 4.546059e-24 3.884145e-18 1.522158e-23
Algorithm converged after  2  iterations.
[1] 1.465470e-23 3.174012e-25 3.884145e-18
Algorithm converged after  2  iterations.
[1] 1.465470e-23 3.884145e-18 1.522158e-23
Algorithm converged after  2  iterations.
[1] 4.546059e-24 1.465470e-23 3.884145e-18
Algorithm converged after  2  iterations.
[1] 4.546059e-24 2.990230e-26 1.465470e-23 3.174012e-25
Algorithm converged after  2  iterations.
[1] 4.546059e-24 2.990230e-26 3.884145e-18 1.522158e-23
Algorithm converged after  2  iterations.
[1] 1.465470e-23 3.174012e-25 3.884145e-18 1.522158e-23
Algorithm converged after  2  iterations.
[1] 4.546059e-24 2.990230e-26 1.465470e-23 3.884145e-18
Algorithm converged after  2  iterations.
[1] 4.546059e-24 1.465470e-23 3.174012e-25 3.884145e-18
Algorithm converged after  2  iterations.
[1] 4.546059e-24 1.465470e-23 3.884145e-18 1.522158e-23
Algorithm converged after  2  iterations.
[1] 2.644602e-16
Algorithm converged after  2  iterations.
[1] 2.644602e-16 7.132496e-25
Algorithm converged after  6  iterations.
[1] 2.644602e-16 1.167928e-24
Algorithm converged after  6  iterations.
[1] 2.644602e-16 2.440456e-23
Algorithm converged after  6  iterations.
[1] 2.644602e-16 7.132496e-25 3.393922e-36
[1] 3.363217e-16 7.428252e-25 1.669859e-34
Algorithm converged after  11  iterations.
[1] 2.644602e-16 1.167928e-24 2.922627e-31
Algorithm converged after  5  iterations.
[1] 2.644602e-16 2.440456e-23 1.379210e-28
[1] 5.480513e-16 2.660089e-23 1.472017e-28
Algorithm converged after  16  iterations.
[1] 2.644602e-16 7.132496e-25 1.167928e-24
Algorithm converged after  7  iterations.
[1] 2.644602e-16 7.132496e-25 2.440456e-23
Algorithm converged after  7  iterations.
[1] 2.644602e-16 1.167928e-24 2.440456e-23
Algorithm converged after  6  iterations.
[1] 2.644602e-16 7.132496e-25 3.393922e-36 1.167928e-24
Algorithm converged after  10  iterations.
[1] 2.644602e-16 7.132496e-25 3.393922e-36 2.440456e-23
[1] 6.143606e-16 8.387518e-25 1.176385e-34 2.704092e-23
[1] 6.143666e-16 8.388033e-25 1.176391e-34 2.704170e-23
[1] 6.143727e-16 8.388548e-25 1.176396e-34 2.704247e-23
[1] 6.143787e-16 8.389063e-25 1.176402e-34 2.704325e-23
[1] 6.143848e-16 8.389578e-25 1.176407e-34 2.704402e-23
[1] 6.143908e-16 8.390093e-25 1.176413e-34 2.704480e-23
[1] 6.143969e-16 8.390609e-25 1.176419e-34 2.704557e-23
[1] 6.144029e-16 8.391124e-25 1.176424e-34 2.704635e-23
[1] 6.144090e-16 8.391639e-25 1.176430e-34 2.704712e-23
[1] 6.144150e-16 8.392154e-25 1.176435e-34 2.704790e-23
[1] 6.144210e-16 8.392670e-25 1.176441e-34 2.704867e-23
[1] 6.144271e-16 8.393185e-25 1.176447e-34 2.704945e-23
[1] 6.144331e-16 8.393700e-25 1.176452e-34 2.705022e-23
[1] 6.144391e-16 8.394216e-25 1.176458e-34 2.705100e-23
[1] 6.144451e-16 8.394731e-25 1.176463e-34 2.705178e-23
[1] 6.144512e-16 8.395246e-25 1.176469e-34 2.705255e-23
[1] 6.144572e-16 8.395761e-25 1.176475e-34 2.705333e-23
[1] 6.144632e-16 8.396277e-25 1.176480e-34 2.705410e-23
[1] 6.144692e-16 8.396792e-25 1.176486e-34 2.705488e-23
[1] 6.144752e-16 8.397307e-25 1.176492e-34 2.705565e-23
[1] 6.144812e-16 8.397823e-25 1.176497e-34 2.705643e-23
[1] 6.144872e-16 8.398338e-25 1.176503e-34 2.705720e-23
[1] 6.144932e-16 8.398853e-25 1.176509e-34 2.705798e-23
[1] 6.144992e-16 8.399369e-25 1.176514e-34 2.705876e-23
[1] 6.145052e-16 8.399884e-25 1.176520e-34 2.705953e-23
[1] 6.145112e-16 8.400399e-25 1.176525e-34 2.706031e-23
[1] 6.145172e-16 8.400915e-25 1.176531e-34 2.706108e-23
[1] 5.593128e-16 8.226712e-25 1.508251e-34 2.670009e-23
[1] 5.840543e-16 8.303616e-25 8.526537e-46 2.686087e-23
[1] 5.567496e-16 8.217187e-25 1.911057e-31 2.668174e-23
[1] 5.562334e-16 8.217908e-25 1.191983e-34 2.668257e-23
[1] 6.145127e-16 8.402704e-25 1.176472e-34 2.706526e-23
[1] 6.120257e-16 8.391613e-25 1.110475e-65 2.704383e-23
[1] 5.381256e-16 8.160556e-25 1.911753e-31 2.656389e-23
[1] 5.841014e-16 8.306264e-25 1.180789e-51 2.686748e-23
[1] 5.381431e-16 8.161581e-25 1.911732e-31 2.656729e-23
[1] 5.593880e-16 8.230792e-25 1.446135e-47 2.671124e-23
[1] 5.381622e-16 8.162653e-25 1.911782e-31 2.656990e-23
[1] 6.146169e-16 8.406508e-25 1.935277e-31 2.707584e-23
[1] 5.778693e-16 8.287979e-25 8.457795e-46 2.683155e-23
[1] 6.193570e-16 8.421820e-25 1.175691e-34 2.710808e-23
[1] 6.193625e-16 8.422194e-25 1.175690e-34 2.710930e-23
[1] 5.771498e-16 8.288160e-25 7.300942e-52 2.683249e-23
[1] 5.685935e-16 8.260300e-25 1.198190e-34 2.677544e-23
[1] 6.146357e-16 8.408977e-25 1.176493e-34 2.708343e-23
[1] 5.379000e-16 8.165207e-25 1.910851e-31 2.657923e-23
[1] 6.146485e-16 8.410391e-25 1.176494e-34 2.708836e-23
[1] 5.352426e-16 8.157115e-25 1.910109e-31 2.656444e-23
[1] 6.194497e-16 8.426374e-25 1.175694e-34 2.712255e-23
Algorithm did not converge after  500  iterations.
[1] 2.644602e-16 7.132496e-25 1.167928e-24 2.922627e-31
Algorithm converged after  6  iterations.
[1] 2.644602e-16 7.132496e-25 2.440456e-23 1.379210e-28
[1] 6.913625e-16 8.616443e-25 2.752099e-23 1.510441e-28
[1] 6.870359e-16 8.605282e-25 2.749823e-23 1.527478e-28
Algorithm converged after  26  iterations.
[1] 2.644602e-16 1.167928e-24 2.922627e-31 2.440456e-23
Algorithm converged after  6  iterations.
[1] 2.644602e-16 1.167928e-24 2.440456e-23 1.379210e-28
[1] 7.095586e-16 1.289276e-24 2.763164e-23 1.522216e-28
Algorithm converged after  13  iterations.
[1] 2.644602e-16 7.132496e-25 1.167928e-24 2.440456e-23
Algorithm converged after  7  iterations.
[1] 2.644602e-16 6.975992e-20
Algorithm converged after  2  iterations.
[1] 2.644602e-16 6.975992e-20 2.157607e-31
Algorithm converged after  5  iterations.
[1] 2.644602e-16 6.975992e-20 5.216763e-29
Algorithm converged after  4  iterations.
[1] 2.644602e-16 6.975992e-20 1.798630e-28
Algorithm converged after  6  iterations.
[1] 2.644602e-16 6.975992e-20 2.157607e-31 8.437630e-36
[1] 2.916740e-16 6.960024e-20 2.177081e-31 7.869727e-33
Algorithm converged after  13  iterations.
[1] 2.644602e-16 6.975992e-20 5.216763e-29 2.139031e-39
[1] 2.267673e-16 6.593792e-20 5.269653e-29 2.297794e-33
[1] 2.267543e-16 6.591817e-20 5.269837e-29 2.316910e-33
[1] 2.260180e-16 6.590689e-20 5.270120e-29 3.989243e-52
[1] 2.189565e-16 6.893657e-20 5.242846e-29 1.786334e-41
[1] 2.264047e-16 6.587786e-20 5.269810e-29 2.381630e-33
[1] 2.264047e-16 6.587786e-20 5.269810e-29 2.381630e-33
[1] 2.264047e-16 6.587786e-20 5.269810e-29 2.381630e-33
[1] 2.264047e-16 6.587786e-20 5.269810e-29 2.381630e-33
[1] 2.264047e-16 6.587786e-20 5.269810e-29 2.381630e-33
[1] 2.264047e-16 6.587786e-20 5.269810e-29 2.381630e-33
[1] 2.264047e-16 6.587786e-20 5.269810e-29 2.381630e-33
[1] 2.264047e-16 6.587786e-20 5.269810e-29 2.381630e-33
[1] 2.264047e-16 6.587786e-20 5.269810e-29 2.381630e-33
[1] 2.264047e-16 6.587786e-20 5.269810e-29 2.381630e-33
[1] 2.264047e-16 6.587786e-20 5.269810e-29 2.381630e-33
[1] 2.264047e-16 6.587786e-20 5.269810e-29 2.381630e-33
[1] 2.264047e-16 6.587786e-20 5.269810e-29 2.381630e-33
[1] 2.264047e-16 6.587786e-20 5.269810e-29 2.381630e-33
[1] 2.264047e-16 6.587786e-20 5.269810e-29 2.381630e-33
[1] 2.264047e-16 6.587786e-20 5.269810e-29 2.381630e-33
[1] 2.264047e-16 6.587786e-20 5.269810e-29 2.381630e-33
[1] 2.264047e-16 6.587786e-20 5.269810e-29 2.381630e-33
[1] 2.264047e-16 6.587786e-20 5.269810e-29 2.381630e-33
[1] 2.264047e-16 6.587786e-20 5.269810e-29 2.381630e-33
[1] 2.264047e-16 6.587786e-20 5.269810e-29 2.381630e-33
[1] 2.264047e-16 6.587786e-20 5.269810e-29 2.381630e-33
[1] 2.264047e-16 6.587786e-20 5.269810e-29 2.381630e-33
[1] 2.264047e-16 6.587786e-20 5.269810e-29 2.381630e-33
[1] 2.264047e-16 6.587786e-20 5.269810e-29 2.381630e-33
[1] 2.264047e-16 6.587786e-20 5.269810e-29 2.381630e-33
[1] 2.264047e-16 6.587786e-20 5.269810e-29 2.381630e-33
[1] 2.264047e-16 6.587786e-20 5.269810e-29 2.381630e-33
[1] 2.264047e-16 6.587786e-20 5.269810e-29 2.381630e-33
[1] 2.264047e-16 6.587786e-20 5.269810e-29 2.381630e-33
[1] 2.264047e-16 6.587786e-20 5.269810e-29 2.381630e-33
[1] 2.264047e-16 6.587786e-20 5.269810e-29 2.381630e-33
[1] 2.264047e-16 6.587786e-20 5.269810e-29 2.381630e-33
[1] 2.264047e-16 6.587786e-20 5.269810e-29 2.381630e-33
[1] 2.264047e-16 6.587786e-20 5.269810e-29 2.381630e-33
[1] 2.264047e-16 6.587786e-20 5.269810e-29 2.381630e-33
[1] 2.264047e-16 6.587786e-20 5.269810e-29 2.381630e-33
[1] 2.264047e-16 6.587786e-20 5.269810e-29 2.381630e-33
[1] 2.264047e-16 6.587786e-20 5.269810e-29 2.381630e-33
[1] 2.264047e-16 6.587786e-20 5.269810e-29 2.381630e-33
[1] 2.264047e-16 6.587786e-20 5.269810e-29 2.381630e-33
[1] 2.264047e-16 6.587786e-20 5.269810e-29 2.381630e-33
[1] 2.264047e-16 6.587786e-20 5.269810e-29 2.381630e-33
[1] 2.264047e-16 6.587786e-20 5.269810e-29 2.381630e-33
[1] 2.264047e-16 6.587786e-20 5.269810e-29 2.381630e-33
Algorithm did not converge after  500  iterations.
[1] 2.644602e-16 6.975992e-20 1.798630e-28 6.733321e-30
Algorithm converged after  8  iterations.
[1] 2.644602e-16 6.975992e-20 2.157607e-31 5.216763e-29
Algorithm converged after  5  iterations.
[1] 2.644602e-16 6.975992e-20 2.157607e-31 1.798630e-28
Algorithm converged after  6  iterations.
[1] 2.644602e-16 6.975992e-20 5.216763e-29 1.798630e-28
Algorithm converged after  6  iterations.
Warning messages:
1: In max(abs(CT), na.rm = T) :
  no non-missing arguments to max; returning -Inf
2: In max(abs(CT), na.rm = T) :
  no non-missing arguments to max; returning -Inf
3: In max(abs(CT), na.rm = T) :
  no non-missing arguments to max; returning -Inf
4: In max(abs(CT), na.rm = T) :
  no non-missing arguments to max; returning -Inf
5: In max(abs(CT), na.rm = T) :
  no non-missing arguments to max; returning -Inf
6: In max(abs(CT), na.rm = T) :
  no non-missing arguments to max; returning -Inf
7: In max(abs(CT), na.rm = T) :
  no non-missing arguments to max; returning -Inf
8: In max(abs(CT), na.rm = T) :
  no non-missing arguments to max; returning -Inf
9: In max(abs(CT), na.rm = T) :
  no non-missing arguments to max; returning -Inf
10: In max(abs(CT), na.rm = T) :
  no non-missing arguments to max; returning -Inf
[1] "Best iter parameter is:"
   gam  rankJ rankA1 rankA2 rankA3 
     9      2      0      0      2 
[1] 2.760401e-16 7.813237e-20 7.146333e-29 4.794076e-30
Algorithm converged after  8  iterations.
         [,1]     [,2]     [,3]
[1,] 8.409877 11.19391 57.17443
