myseed=3731 

Attaching package: ‘pls’

The following object is masked from ‘package:stats’:

    loadings

Loading required package: lattice
Loading required package: ggplot2
Registered S3 methods overwritten by 'ggplot2':
  method         from 
  [.quosures     rlang
  c.quosures     rlang
  print.quosures rlang

Attaching package: ‘caret’

The following object is masked from ‘package:pls’:

    R2

Loading required package: Matrix
Loading required package: foreach
Loaded glmnet 2.0-18

Parsed with column specification:
cols(
  .default = col_double()
)
See spec(...) for full column specifications.
Parsed with column specification:
cols(
  X1 = col_double()
)
Parsed with column specification:
cols(
  X1 = col_double()
)
numeric(0)
Algorithm converged after  1  iterations.
[1] 6.212725e-24
Algorithm converged after  2  iterations.
[1] 2.350511e-23
Algorithm converged after  2  iterations.
[1] 1.511373e-17
Algorithm converged after  2  iterations.
[1] 6.212725e-24 4.066381e-26
Algorithm converged after  2  iterations.
[1] 2.350511e-23 1.038088e-25
Algorithm converged after  2  iterations.
[1] 1.511373e-17 2.188891e-23
Algorithm converged after  2  iterations.
[1] 6.212725e-24 2.350511e-23
Algorithm converged after  2  iterations.
[1] 6.212725e-24 1.511373e-17
Algorithm converged after  2  iterations.
[1] 2.350511e-23 1.511373e-17
Algorithm converged after  2  iterations.
[1] 6.212725e-24 4.066381e-26 2.350511e-23
Algorithm converged after  2  iterations.
[1] 6.212725e-24 4.066381e-26 1.511373e-17
Algorithm converged after  2  iterations.
[1] 6.212725e-24 2.350511e-23 1.038088e-25
Algorithm converged after  2  iterations.
[1] 6.212725e-24 1.511373e-17 2.188891e-23
Algorithm converged after  2  iterations.
[1] 2.350511e-23 1.038088e-25 1.511373e-17
Algorithm converged after  2  iterations.
[1] 2.350511e-23 1.511373e-17 2.188891e-23
Algorithm converged after  2  iterations.
[1] 6.212725e-24 2.350511e-23 1.511373e-17
Algorithm converged after  2  iterations.
[1] 6.212725e-24 4.066381e-26 2.350511e-23 1.038088e-25
Algorithm converged after  2  iterations.
[1] 6.212725e-24 4.066381e-26 1.511373e-17 2.188891e-23
Algorithm converged after  2  iterations.
[1] 2.350511e-23 1.038088e-25 1.511373e-17 2.188891e-23
Algorithm converged after  2  iterations.
[1] 6.212725e-24 4.066381e-26 2.350511e-23 1.511373e-17
Algorithm converged after  2  iterations.
[1] 6.212725e-24 2.350511e-23 1.038088e-25 1.511373e-17
Algorithm converged after  2  iterations.
[1] 6.212725e-24 2.350511e-23 1.511373e-17 2.188891e-23
Algorithm converged after  2  iterations.
[1] 3.840887e-16
Algorithm converged after  2  iterations.
[1] 3.840887e-16 1.107468e-24
Algorithm converged after  6  iterations.
[1] 3.840887e-16 5.237665e-24
Algorithm converged after  6  iterations.
[1] 3.840887e-16 8.525754e-23
Algorithm converged after  8  iterations.
[1] 3.840887e-16 1.107468e-24 2.418741e-34
Algorithm converged after  6  iterations.
[1] 3.840887e-16 5.237665e-24 5.251561e-33
[1] 6.170980e-16 5.448873e-24 6.466180e-34
[1] 6.695283e-16 5.492691e-24 6.192038e-34
[1] 6.362261e-16 5.466227e-24 5.431129e-33
[1] 5.383628e-16 5.385650e-24 1.469517e-36
[1] 6.703867e-16 5.494980e-24 1.404281e-36
[1] 6.724674e-16 5.497987e-24 6.194836e-34
[1] 5.570710e-16 5.404226e-24 8.181521e-48
[1] 6.339879e-16 5.467577e-24 5.433723e-33
[1] 5.595748e-16 5.407975e-24 6.371009e-34
[1] 6.229720e-16 5.460245e-24 1.279578e-36
[1] 5.394649e-16 5.391691e-24 1.473900e-36
[1] 6.687305e-16 5.499069e-24 1.924585e-47
[1] 6.701716e-16 5.500245e-24 1.769552e-49
[1] 6.702550e-16 5.500579e-24 5.452824e-33
[1] 6.030006e-16 5.446328e-24 6.200378e-35
[1] 6.276202e-16 5.467673e-24 2.693016e-60
[1] 6.256971e-16 5.467246e-24 3.662186e-64
[1] 6.260795e-16 5.468091e-24 1.389954e-36
Algorithm converged after  185  iterations.
[1] 3.840887e-16 8.525754e-23 1.964822e-40
[1] 1.576770e-15 1.104654e-22 1.453685e-29
Algorithm converged after  12  iterations.
[1] 3.840887e-16 1.107468e-24 5.237665e-24
Algorithm converged after  6  iterations.
[1] 3.840887e-16 1.107468e-24 8.525754e-23
Algorithm converged after  8  iterations.
[1] 3.840887e-16 5.237665e-24 8.525754e-23
Algorithm converged after  8  iterations.
[1] 3.840887e-16 1.107468e-24 2.418741e-34 5.237665e-24
[1] 7.396560e-16 1.195378e-24 2.301768e-31 5.548378e-24
[1] 7.422250e-16 1.196152e-24 2.420450e-34 5.551361e-24
Algorithm converged after  28  iterations.
[1] 3.840887e-16 1.107468e-24 2.418741e-34 8.525754e-23
[1] 1.748286e-15 1.376921e-24 1.399732e-48 1.133424e-22
[1] 1.483443e-15 1.334909e-24 2.361165e-31 1.089466e-22
[1] 1.753856e-15 1.377830e-24 2.411318e-31 1.134538e-22
Algorithm converged after  31  iterations.
[1] 3.840887e-16 1.107468e-24 5.237665e-24 5.251561e-33
[1] 7.252636e-16 1.192223e-24 5.537591e-24 5.168828e-57
[1] 6.068658e-16 1.165104e-24 5.441569e-24 5.453114e-33
[1] 8.289982e-16 1.214284e-24 5.615217e-24 6.457828e-34
[1] 7.498882e-16 1.197788e-24 5.557380e-24 6.471241e-34
[1] 8.287125e-16 1.214416e-24 5.615839e-24 5.905225e-35
[1] 8.180509e-16 1.212303e-24 5.608495e-24 7.049448e-34
[1] 8.328707e-16 1.215468e-24 5.619697e-24 5.985070e-35
[1] 8.012902e-16 1.208980e-24 5.596947e-24 2.690565e-49
[1] 8.156071e-16 1.212039e-24 5.607744e-24 8.081546e-48
[1] 8.238699e-16 1.213884e-24 5.614323e-24 5.912877e-35
[1] 8.755273e-16 1.224741e-24 5.652655e-24 1.669898e-36
[1] 7.506765e-16 1.198684e-24 5.561147e-24 6.032125e-35
[1] 7.260264e-16 1.193632e-24 5.543438e-24 6.620389e-34
[1] 8.821935e-16 1.226265e-24 5.658142e-24 6.765710e-34
[1] 7.267764e-16 1.193959e-24 5.544690e-24 1.950791e-47
[1] 8.020422e-16 1.209881e-24 5.600627e-24 2.615075e-50
[1] 7.571469e-16 1.200525e-24 5.567802e-24 1.904466e-73
[1] 8.286257e-16 1.215630e-24 5.620984e-24 1.295024e-50
[1] 8.257537e-16 1.215302e-24 5.619898e-24 1.582132e-36
[1] 7.522934e-16 1.199849e-24 5.565717e-24 6.461793e-34
[1] 7.300214e-16 1.195222e-24 5.549567e-24 6.453574e-34
[1] 8.023095e-16 1.210475e-24 5.603103e-24 5.523654e-33
[1] 8.783339e-16 1.226437e-24 5.659083e-24 9.097460e-50
[1] 8.817807e-16 1.227217e-24 5.662163e-24 1.623521e-36
[1] 8.306489e-16 1.216770e-24 5.625523e-24 5.973632e-35
[1] 7.486227e-16 1.199706e-24 5.565639e-24 1.603713e-36
[1] 7.525456e-16 1.200517e-24 5.568570e-24 5.487044e-33
[1] 8.287836e-16 1.216786e-24 5.625691e-24 6.983730e-34
[1] 7.497321e-16 1.200243e-24 5.567784e-24 2.628147e-70
[1] 8.284107e-16 1.216869e-24 5.626207e-24 8.094671e-48
[1] 7.504534e-16 1.200493e-24 5.568733e-24 6.577871e-50
[1] 8.764203e-16 1.226886e-24 5.661530e-24 8.124903e-48
[1] 7.125985e-16 1.192156e-24 5.539223e-24 6.902718e-34
[1] 7.484057e-16 1.200414e-24 5.568598e-24 1.618604e-36
[1] 7.481983e-16 1.200452e-24 5.568781e-24 6.932628e-34
[1] 8.158222e-16 1.214706e-24 5.618888e-24 6.507528e-34
[1] 7.872067e-16 1.208817e-24 5.598304e-24 6.161025e-71
[1] 7.265722e-16 1.196027e-24 5.553470e-24 6.550290e-50
[1] 7.499508e-16 1.201032e-24 5.571143e-24 1.952188e-47
[1] 8.763285e-16 1.227562e-24 5.664401e-24 8.125677e-48
[1] 7.982740e-16 1.211356e-24 5.607381e-24 6.609929e-50
[1] 7.502853e-16 1.201253e-24 5.572072e-24 6.505519e-34
[1] 8.280620e-16 1.217812e-24 5.630240e-24 5.142207e-74
[1] 7.464219e-16 1.200750e-24 5.570463e-24 7.102037e-34
[1] 8.255096e-16 1.217520e-24 5.629279e-24 6.527320e-34
[1] 7.960419e-16 1.211236e-24 5.607228e-24 6.011407e-35
[1] 7.259719e-16 1.196589e-24 5.555976e-24 2.307253e-52
[1] 7.463975e-16 1.201119e-24 5.572035e-24 8.138578e-48
[1] 8.255010e-16 1.217829e-24 5.630690e-24 6.953009e-34
Algorithm did not converge after  500  iterations.
[1] 3.840887e-16 1.107468e-24 8.525754e-23 1.964822e-40
[1] 1.897560e-15 1.399471e-24 1.157121e-22 3.091252e-32
[1] 1.948396e-15 1.406763e-24 1.164863e-22 2.911690e-34
[1] 1.646332e-15 1.360960e-24 1.116698e-22 3.159673e-32
[1] 1.869274e-15 1.396089e-24 1.155346e-22 2.471386e-34
[1] 1.648101e-15 1.362113e-24 1.119619e-22 1.475867e-29
[1] 1.623234e-15 1.358243e-24 1.115651e-22 1.382052e-29
[1] 1.790468e-15 1.384389e-24 1.143270e-22 4.701799e-58
[1] 1.576023e-15 1.350781e-24 1.107958e-22 1.132674e-38
[1] 1.941752e-15 1.406971e-24 1.167333e-22 1.779528e-39
[1] 1.597616e-15 1.354460e-24 1.111968e-22 2.971759e-32
[1] 1.658738e-15 1.363851e-24 1.121967e-22 1.363982e-31
[1] 1.694663e-15 1.369765e-24 1.128241e-22 3.905631e-29
[1] 1.743695e-15 1.377664e-24 1.136637e-22 1.404481e-29
[1] 1.781290e-15 1.383142e-24 1.142570e-22 3.931826e-29
[1] 1.783561e-15 1.383842e-24 1.143322e-22 3.082314e-32
[1] 1.620166e-15 1.358302e-24 1.116457e-22 2.317012e-40
[1] 1.844843e-15 1.393161e-24 1.153348e-22 1.424544e-31
[1] 1.607726e-15 1.356434e-24 1.114698e-22 1.380669e-29
[1] 1.697577e-15 1.370507e-24 1.129637e-22 4.474763e-39
[1] 1.904194e-15 1.402093e-24 1.163067e-22 1.514850e-29
[1] 1.715748e-15 1.373363e-24 1.132795e-22 1.387997e-31
[1] 1.660969e-15 1.365046e-24 1.124149e-22 1.388694e-29
[1] 1.803418e-15 1.386896e-24 1.147355e-22 1.401934e-29
[1] 1.857421e-15 1.395101e-24 1.156165e-22 1.507754e-29
[1] 1.825236e-15 1.390239e-24 1.151195e-22 1.949287e-52
[1] 1.610704e-15 1.357313e-24 1.116426e-22 2.953978e-32
[1] 1.636280e-15 1.361165e-24 1.120568e-22 4.953259e-39
[1] 1.909497e-15 1.403276e-24 1.165214e-22 1.417256e-29
[1] 1.642058e-15 1.362209e-24 1.121915e-22 1.311683e-39
[1] 1.859129e-15 1.395577e-24 1.157278e-22 2.446998e-37
[1] 1.897047e-15 1.401587e-24 1.163705e-22 6.874146e-41
[1] 1.629409e-15 1.360485e-24 1.120295e-22 1.359768e-31
[1] 1.904009e-15 1.402735e-24 1.165100e-22 3.181346e-53
[1] 1.885228e-15 1.400612e-24 1.164001e-22 1.886231e-52
[1] 1.579280e-15 1.353149e-24 1.113831e-22 2.954171e-32
[1] 1.751811e-15 1.380483e-24 1.142794e-22 1.410541e-29
[1] 1.861233e-15 1.397085e-24 1.160438e-22 2.338124e-37
[1] 1.911597e-15 1.404556e-24 1.168462e-22 1.420957e-29
[1] 1.685631e-15 1.370155e-24 1.132070e-22 1.396367e-29
[1] 1.617521e-15 1.359486e-24 1.120847e-22 1.385821e-29
[1] 1.603688e-15 1.357357e-24 1.118634e-22 9.547798e-51
[1] 1.651598e-15 1.364958e-24 1.126793e-22 1.391670e-29
[1] 1.774709e-15 1.383944e-24 1.146971e-22 2.716916e-34
[1] 1.774453e-15 1.383956e-24 1.147059e-22 1.403467e-29
[1] 1.783602e-15 1.385766e-24 1.148981e-22 1.505102e-29
[1] 1.901682e-15 1.403494e-24 1.167847e-22 1.447218e-31
[1] 1.602351e-15 1.357314e-24 1.118929e-22 1.348612e-31
[1] 1.439807e-15 1.331021e-24 1.091191e-22 1.361730e-29
[1] 1.900195e-15 1.403433e-24 1.168088e-22 3.138106e-32
Algorithm did not converge after  500  iterations.
[1] 3.840887e-16 5.237665e-24 5.251561e-33 8.525754e-23
[1] 1.620849e-15 6.113574e-24 6.487464e-34 1.112392e-22
[1] 1.621367e-15 6.113926e-24 6.447223e-34 1.112499e-22
[1] 1.602053e-15 6.103393e-24 6.449833e-34 1.109317e-22
Algorithm converged after  34  iterations.
[1] 3.840887e-16 5.237665e-24 8.525754e-23 1.964822e-40
[1] 2.093649e-15 6.358726e-24 1.187240e-22 1.820546e-57
[1] 2.093732e-15 6.360047e-24 1.188199e-22 3.996848e-39
[1] 1.976999e-15 6.302572e-24 1.170681e-22 2.225061e-40
[1] 1.729382e-15 6.173987e-24 1.131466e-22 5.751253e-50
[1] 2.114893e-15 6.371255e-24 1.191847e-22 1.476967e-29
[1] 1.791738e-15 6.207410e-24 1.141739e-22 1.445566e-31
[1] 2.177937e-15 6.401875e-24 1.201306e-22 1.488057e-29
[1] 2.168705e-15 6.397585e-24 1.200058e-22 2.365922e-37
[1] 2.127887e-15 6.378388e-24 1.194206e-22 1.493534e-29
Algorithm converged after  92  iterations.
[1] 3.840887e-16 1.107468e-24 5.237665e-24 8.525754e-23
Algorithm converged after  9  iterations.
[1] 3.840887e-16 1.123055e-19
Algorithm converged after  2  iterations.
[1] 3.840887e-16 1.123055e-19 2.621648e-31
Algorithm converged after  5  iterations.
[1] 3.840887e-16 1.123055e-19 2.364844e-30
Algorithm converged after  4  iterations.
[1] 3.840887e-16 1.123055e-19 6.245624e-29
Algorithm converged after  6  iterations.
[1] 3.840887e-16 1.123055e-19 2.621648e-31 3.311196e-34
Algorithm converged after  5  iterations.
[1] 3.840887e-16 1.123055e-19 2.364844e-30 1.782810e-49
[1] 3.778168e-16 1.136461e-19 2.349855e-30 6.552553e-34
[1] 3.339458e-16 1.158811e-19 2.366935e-30 2.044636e-51
[1] 3.407660e-16 1.084237e-19 2.265767e-30 2.464004e-36
[1] 4.108754e-16 1.163835e-19 5.144862e-30 4.050921e-35
[1] 3.244945e-16 1.138711e-19 2.317401e-30 2.939001e-51
[1] 3.245978e-16 1.138373e-19 2.324234e-30 6.630468e-34
[1] 3.831484e-16 1.138532e-19 2.360866e-30 2.732569e-51
[1] 3.797331e-16 1.098211e-19 2.317020e-30 6.654152e-34
[1] 4.031738e-16 1.048409e-19 2.269452e-30 3.991336e-35
[1] 3.244741e-16 1.138835e-19 2.312968e-30 3.041530e-48
[1] 3.869356e-16 1.135093e-19 2.332735e-30 2.984459e-48
[1] 3.360307e-16 1.157322e-19 2.329934e-30 3.912772e-35
[1] 3.739130e-16 1.091147e-19 2.273055e-30 2.066416e-36
[1] 3.401234e-16 1.084305e-19 2.259204e-30 1.485360e-50
[1] 3.907471e-16 1.143386e-19 2.345208e-30 6.456576e-34
[1] 3.966605e-16 1.043640e-19 2.235243e-30 2.423902e-51
[1] 3.902567e-16 1.149985e-19 2.351463e-30 2.177367e-53
[1] 3.819534e-16 1.143977e-19 2.358362e-30 7.308470e-52
[1] 3.403696e-16 1.086185e-19 2.277388e-30 2.263637e-36
[1] 3.402008e-16 1.085636e-19 2.268579e-30 1.203388e-58
[1] 3.868220e-16 1.135492e-19 2.345797e-30 7.140367e-33
[1] 3.869389e-16 1.135064e-19 2.353489e-30 2.248075e-51
[1] 4.096871e-16 1.164427e-19 5.210596e-30 4.020094e-35
[1] 2.877697e-16 1.101348e-19 2.259078e-30 6.946849e-34
[1] 3.960277e-16 1.042805e-19 2.247664e-30 6.813040e-34
[1] 3.869577e-16 1.135043e-19 2.365806e-30 7.131889e-33
[1] 3.733334e-16 1.143328e-19 2.349410e-30 2.343249e-51
[1] 3.777717e-16 1.135769e-19 2.341039e-30 6.590034e-34
[1] 3.869184e-16 1.134692e-19 2.351592e-30 2.103944e-51
[1] 3.891971e-16 1.154606e-19 2.368438e-30 6.540374e-34
[1] 3.918004e-16 1.113496e-19 2.336444e-30 2.223913e-49
[1] 3.836277e-16 1.138245e-19 2.369571e-30 2.265760e-51
[1] 3.448415e-16 1.089909e-19 2.286191e-30 6.618305e-34
[1] 3.965637e-16 1.042009e-19 2.255488e-30 1.757446e-36
[1] 3.346132e-16 1.158396e-19 2.355630e-30 6.473902e-34
[1] 3.620629e-16 1.203924e-19 2.398943e-30 2.301827e-36
[1] 3.881473e-16 1.132770e-19 2.353484e-30 6.458398e-34
[1] 3.877507e-16 1.127863e-19 2.343853e-30 7.124830e-33
[1] 3.409104e-16 1.085633e-19 2.270383e-30 3.794601e-35
[1] 4.103372e-16 1.164335e-19 5.190638e-30 4.039220e-35
[1] 3.410286e-16 1.085647e-19 2.275526e-30 6.103290e-63
[1] 3.244189e-16 1.139098e-19 2.333876e-30 6.606173e-34
[1] 3.960295e-16 1.042873e-19 2.267076e-30 6.826339e-34
[1] 3.244407e-16 1.139023e-19 2.344503e-30 6.523654e-34
[1] 3.836618e-16 1.130376e-19 2.360291e-30 4.064601e-35
[1] 3.345554e-16 1.158668e-19 2.348689e-30 7.693198e-52
[1] 3.853347e-16 1.112924e-19 2.313487e-30 7.110705e-33
[1] 4.029291e-16 1.048445e-19 2.237596e-30 6.716593e-34
[1] 3.970212e-16 1.043128e-19 2.231189e-30 1.206786e-58
Algorithm did not converge after  500  iterations.
[1] 3.840887e-16 1.123055e-19 6.245624e-29 2.659064e-29
Algorithm converged after  8  iterations.
[1] 3.840887e-16 1.123055e-19 2.621648e-31 2.364844e-30
Algorithm converged after  6  iterations.
[1] 3.840887e-16 1.123055e-19 2.621648e-31 6.245624e-29
Algorithm converged after  6  iterations.
[1] 3.840887e-16 1.123055e-19 2.364844e-30 6.245624e-29
Algorithm converged after  6  iterations.
numeric(0)
Algorithm converged after  1  iterations.
[1] 5.553278e-24
Algorithm converged after  2  iterations.
[1] 1.85186e-23
Algorithm converged after  2  iterations.
[1] 2.498955e-18
Algorithm converged after  2  iterations.
[1] 5.553278e-24 3.936035e-26
Algorithm converged after  2  iterations.
[1] 1.851860e-23 9.757099e-26
Algorithm converged after  2  iterations.
[1] 2.498955e-18 5.302385e-23
Algorithm converged after  2  iterations.
[1] 5.553278e-24 1.851860e-23
Algorithm converged after  2  iterations.
[1] 5.553278e-24 2.498955e-18
Algorithm converged after  2  iterations.
[1] 1.851860e-23 2.498955e-18
Algorithm converged after  2  iterations.
[1] 5.553278e-24 3.936035e-26 1.851860e-23
Algorithm converged after  2  iterations.
[1] 5.553278e-24 3.936035e-26 2.498955e-18
Algorithm converged after  2  iterations.
[1] 5.553278e-24 1.851860e-23 9.757099e-26
Algorithm converged after  2  iterations.
[1] 5.553278e-24 2.498955e-18 5.302385e-23
Algorithm converged after  2  iterations.
[1] 1.851860e-23 9.757099e-26 2.498955e-18
Algorithm converged after  2  iterations.
[1] 1.851860e-23 2.498955e-18 5.302385e-23
Algorithm converged after  2  iterations.
[1] 5.553278e-24 1.851860e-23 2.498955e-18
Algorithm converged after  2  iterations.
[1] 5.553278e-24 3.936035e-26 1.851860e-23 9.757099e-26
Algorithm converged after  2  iterations.
[1] 5.553278e-24 3.936035e-26 2.498955e-18 5.302385e-23
Algorithm converged after  2  iterations.
[1] 1.851860e-23 9.757099e-26 2.498955e-18 5.302385e-23
Algorithm converged after  2  iterations.
[1] 5.553278e-24 3.936035e-26 1.851860e-23 2.498955e-18
Algorithm converged after  2  iterations.
[1] 5.553278e-24 1.851860e-23 9.757099e-26 2.498955e-18
Algorithm converged after  2  iterations.
[1] 5.553278e-24 1.851860e-23 2.498955e-18 5.302385e-23
Algorithm converged after  2  iterations.
[1] 9.280114e-17
Algorithm converged after  2  iterations.
[1] 9.280114e-17 7.868664e-25
Algorithm converged after  6  iterations.
[1] 9.280114e-17 4.846313e-24
Algorithm converged after  6  iterations.
[1] 9.280114e-17 1.540452e-22
Algorithm converged after  7  iterations.
[1] 9.280114e-17 7.868664e-25 2.069319e-31
[1] 9.894553e-17 7.928171e-25 2.186717e-34
Algorithm converged after  14  iterations.
[1] 9.280114e-17 4.846313e-24 4.169792e-33
Algorithm converged after  6  iterations.
[1] 9.280114e-17 1.540452e-22 1.125934e-29
Algorithm converged after  8  iterations.
[1] 9.280114e-17 7.868664e-25 4.846313e-24
Algorithm converged after  7  iterations.
[1] 9.280114e-17 7.868664e-25 1.540452e-22
Algorithm converged after  7  iterations.
[1] 9.280114e-17 4.846313e-24 1.540452e-22
Algorithm converged after  8  iterations.
[1] 9.280114e-17 7.868664e-25 2.069319e-31 4.846313e-24
[1] 1.757422e-16 8.500375e-25 2.619723e-34 5.194376e-24
Algorithm converged after  14  iterations.
[1] 9.280114e-17 7.868664e-25 2.069319e-31 1.540452e-22
[1] 2.981024e-16 9.226198e-25 2.373669e-34 1.837158e-22
Algorithm converged after  11  iterations.
[1] 9.280114e-17 7.868664e-25 4.846313e-24 4.169792e-33
[1] 1.887703e-16 8.583279e-25 5.240337e-24 4.876612e-34
[1] 2.105079e-16 8.721197e-25 5.316262e-24 5.084078e-34
[1] 1.877609e-16 8.577839e-25 5.237422e-24 4.860491e-34
[1] 1.836830e-16 8.551601e-25 5.222966e-24 1.477594e-44
[1] 1.835725e-16 8.551132e-25 5.222698e-24 4.901082e-34
[1] 1.835112e-16 8.550982e-25 5.222623e-24 4.467257e-33
[1] 1.835191e-16 8.551403e-25 5.222853e-24 9.968039e-42
[1] 1.828782e-16 8.546733e-25 5.220169e-24 2.316143e-40
[1] 1.846124e-16 8.558986e-25 5.226974e-24 1.209501e-29
[1] 1.977288e-16 8.643136e-25 5.273229e-24 4.872507e-34
[1] 1.981265e-16 8.645945e-25 5.274695e-24 4.506746e-33
Algorithm converged after  120  iterations.
[1] 9.280114e-17 7.868664e-25 1.540452e-22 1.125934e-29
Algorithm converged after  8  iterations.
[1] 9.280114e-17 4.846313e-24 4.169792e-33 1.540452e-22
Algorithm converged after  8  iterations.
[1] 9.280114e-17 4.846313e-24 1.540452e-22 1.125934e-29
Algorithm converged after  8  iterations.
[1] 9.280114e-17 7.868664e-25 4.846313e-24 1.540452e-22
Algorithm converged after  8  iterations.
[1] 9.280114e-17 1.371579e-19
Algorithm converged after  2  iterations.
[1] 9.280114e-17 1.371579e-19 2.610482e-31
Algorithm converged after  5  iterations.
[1] 9.280114e-17 1.371579e-19 1.689583e-29
Algorithm converged after  4  iterations.
[1] 9.280114e-17 1.371579e-19 3.494562e-28
Algorithm converged after  6  iterations.
[1] 9.280114e-17 1.371579e-19 2.610482e-31 2.004952e-34
Algorithm converged after  6  iterations.
[1] 9.280114e-17 1.371579e-19 1.689583e-29 7.200118e-35
[1] 8.314627e-17 1.339768e-19 1.719757e-29 5.278034e-34
[1] 1.008222e-16 1.364544e-19 1.689391e-29 1.157089e-54
[1] 8.202737e-17 1.318327e-19 1.732310e-29 5.319031e-34
[1] 1.008203e-16 1.364553e-19 1.689892e-29 5.422543e-34
[1] 9.581163e-17 1.331797e-19 1.706797e-29 6.869567e-35
[1] 8.432239e-17 1.287580e-19 1.742894e-29 6.089245e-55
[1] 9.267813e-17 1.341364e-19 1.707595e-29 5.084266e-33
[1] 8.314270e-17 1.339797e-19 1.722106e-29 5.036444e-33
[1] 8.435574e-17 1.288440e-19 1.743530e-29 1.236895e-44
[1] 8.315441e-17 1.340452e-19 1.722379e-29 5.036909e-33
[1] 8.195423e-17 1.318418e-19 1.734879e-29 5.780809e-34
[1] 8.313875e-17 1.339810e-19 1.723733e-29 5.687571e-34
[1] 9.351230e-17 1.386624e-19 1.688748e-29 6.870160e-35
[1] 1.008019e-16 1.364895e-19 1.693428e-29 1.227826e-44
[1] 8.202841e-17 1.317523e-19 1.736581e-29 5.023948e-33
[1] 9.532050e-17 1.325037e-19 1.714145e-29 5.659742e-34
[1] 8.450318e-17 1.287965e-19 1.747111e-29 5.350433e-34
[1] 8.402008e-17 1.286917e-19 1.747289e-29 5.012468e-33
[1] 8.231151e-17 1.317195e-19 1.738302e-29 5.340050e-34
[1] 8.326365e-17 1.338412e-19 1.727515e-29 5.659136e-34
[1] 8.209298e-17 1.334723e-19 1.729680e-29 6.893470e-35
[1] 8.718263e-17 1.381270e-19 1.703500e-29 4.456574e-68
[1] 8.455163e-17 1.288087e-19 1.749578e-29 5.337061e-34
[1] 8.449375e-17 1.287812e-19 1.749781e-29 5.722521e-34
[1] 9.324388e-17 1.388150e-19 1.692478e-29 6.869757e-35
[1] 8.195912e-17 1.318718e-19 1.740242e-29 5.024757e-33
[1] 8.449016e-17 1.287980e-19 1.750952e-29 5.353889e-34
[1] 8.317446e-17 1.339383e-19 1.729718e-29 5.279061e-34
Algorithm converged after  285  iterations.
[1] 9.280114e-17 1.371579e-19 3.494562e-28 1.869560e-29
Algorithm converged after  7  iterations.
[1] 9.280114e-17 1.371579e-19 2.610482e-31 1.689583e-29
Algorithm converged after  5  iterations.
[1] 9.280114e-17 1.371579e-19 2.610482e-31 3.494562e-28
Algorithm converged after  7  iterations.
[1] 9.280114e-17 1.371579e-19 1.689583e-29 3.494562e-28
Algorithm converged after  6  iterations.
numeric(0)
Algorithm converged after  1  iterations.
[1] 3.431479e-24
Algorithm converged after  2  iterations.
[1] 1.635796e-23
Algorithm converged after  2  iterations.
[1] 1.172489e-17
Algorithm converged after  2  iterations.
[1] 3.431479e-24 2.897440e-26
Algorithm converged after  2  iterations.
[1] 1.635796e-23 1.237368e-25
Algorithm converged after  2  iterations.
[1] 1.172489e-17 6.127046e-23
Algorithm converged after  2  iterations.
[1] 3.431479e-24 1.635796e-23
Algorithm converged after  2  iterations.
[1] 3.431479e-24 1.172489e-17
Algorithm converged after  2  iterations.
[1] 1.635796e-23 1.172489e-17
Algorithm converged after  2  iterations.
[1] 3.431479e-24 2.897440e-26 1.635796e-23
Algorithm converged after  2  iterations.
[1] 3.431479e-24 2.897440e-26 1.172489e-17
Algorithm converged after  2  iterations.
[1] 3.431479e-24 1.635796e-23 1.237368e-25
Algorithm converged after  2  iterations.
[1] 3.431479e-24 1.172489e-17 6.127046e-23
Algorithm converged after  2  iterations.
[1] 1.635796e-23 1.237368e-25 1.172489e-17
Algorithm converged after  2  iterations.
[1] 1.635796e-23 1.172489e-17 6.127046e-23
Algorithm converged after  2  iterations.
[1] 3.431479e-24 1.635796e-23 1.172489e-17
Algorithm converged after  2  iterations.
[1] 3.431479e-24 2.897440e-26 1.635796e-23 1.237368e-25
Algorithm converged after  2  iterations.
[1] 3.431479e-24 2.897440e-26 1.172489e-17 6.127046e-23
Algorithm converged after  2  iterations.
[1] 1.635796e-23 1.237368e-25 1.172489e-17 6.127046e-23
Algorithm converged after  2  iterations.
[1] 3.431479e-24 2.897440e-26 1.635796e-23 1.172489e-17
Algorithm converged after  2  iterations.
[1] 3.431479e-24 1.635796e-23 1.237368e-25 1.172489e-17
Algorithm converged after  2  iterations.
[1] 3.431479e-24 1.635796e-23 1.172489e-17 6.127046e-23
Algorithm converged after  2  iterations.
[1] 3.287143e-16
Algorithm converged after  2  iterations.
[1] 3.287143e-16 1.050698e-24
Algorithm converged after  5  iterations.
[1] 3.287143e-16 4.912479e-24
Algorithm converged after  6  iterations.
[1] 3.287143e-16 1.996421e-22
Algorithm converged after  8  iterations.
[1] 3.287143e-16 1.050698e-24 3.365247e-34
Algorithm converged after  6  iterations.
[1] 3.287143e-16 4.912479e-24 1.224399e-33
[1] 5.108089e-16 5.138424e-24 2.424864e-40
[1] 5.385169e-16 5.169570e-24 1.038606e-33
[1] 5.076372e-16 5.135411e-24 6.989652e-33
[1] 4.319661e-16 5.048303e-24 1.058023e-33
[1] 4.321240e-16 5.049106e-24 1.051085e-33
[1] 4.899944e-16 5.117871e-24 1.039521e-33
[1] 4.304992e-16 5.048045e-24 1.096505e-33
Algorithm converged after  73  iterations.
[1] 3.287143e-16 1.996421e-22 8.334366e-30
Algorithm converged after  8  iterations.
[1] 3.287143e-16 1.050698e-24 4.912479e-24
Algorithm converged after  6  iterations.
[1] 3.287143e-16 1.050698e-24 1.996421e-22
Algorithm converged after  7  iterations.
[1] 3.287143e-16 4.912479e-24 1.996421e-22
Algorithm converged after  8  iterations.
[1] 3.287143e-16 1.050698e-24 3.365247e-34 4.912479e-24
Algorithm converged after  6  iterations.
[1] 3.287143e-16 1.050698e-24 3.365247e-34 1.996421e-22
Algorithm converged after  8  iterations.
[1] 3.287143e-16 1.050698e-24 4.912479e-24 1.224399e-33
Algorithm converged after  7  iterations.
[1] 3.287143e-16 1.050698e-24 1.996421e-22 8.334366e-30
Algorithm converged after  9  iterations.
[1] 3.287143e-16 4.912479e-24 1.224399e-33 1.996421e-22
[1] 1.487028e-15 6.000303e-24 7.804842e-33 2.564815e-22
Algorithm converged after  12  iterations.
[1] 3.287143e-16 4.912479e-24 1.996421e-22 8.334366e-30
Algorithm converged after  9  iterations.
[1] 3.287143e-16 1.050698e-24 4.912479e-24 1.996421e-22
Algorithm converged after  8  iterations.
[1] 3.287143e-16 1.712775e-19
Algorithm converged after  2  iterations.
[1] 3.287143e-16 1.712775e-19 1.550238e-31
Algorithm converged after  5  iterations.
[1] 3.287143e-16 1.712775e-19 2.373613e-29
Algorithm converged after  4  iterations.
[1] 3.287143e-16 1.712775e-19 2.649752e-28
Algorithm converged after  6  iterations.
[1] 3.287143e-16 1.712775e-19 1.550238e-31 2.388239e-34
Algorithm converged after  5  iterations.
[1] 3.287143e-16 1.712775e-19 2.373613e-29 1.690522e-33
[1] 3.049846e-16 1.638390e-19 2.434228e-29 1.634794e-33
[1] 2.798734e-16 1.659276e-19 2.441090e-29 3.559358e-38
[1] 2.791585e-16 1.660535e-19 2.442175e-29 5.592970e-38
[1] 2.881225e-16 1.590126e-19 2.465556e-29 7.869501e-33
[1] 3.224542e-16 1.655842e-19 2.415369e-29 9.010968e-34
[1] 2.795688e-16 1.661387e-19 2.444707e-29 5.594232e-38
[1] 2.937705e-16 1.626841e-19 2.452386e-29 8.782844e-34
[1] 3.228001e-16 1.675068e-19 2.407254e-29 3.509187e-38
[1] 3.049563e-16 1.637005e-19 2.442750e-29 3.589599e-38
[1] 2.795104e-16 1.659170e-19 2.449093e-29 3.562743e-38
[1] 2.798282e-16 1.659303e-19 2.449019e-29 3.435126e-38
[1] 3.052854e-16 1.637854e-19 2.443477e-29 3.550918e-38
[1] 3.431699e-16 1.719546e-19 2.378195e-29 8.078276e-33
[1] 3.433695e-16 1.719271e-19 2.379455e-29 5.000324e-63
[1] 2.785510e-16 1.660900e-19 2.450955e-29 9.028887e-34
[1] 3.425069e-16 1.720754e-19 2.379370e-29 3.447056e-38
[1] 2.793915e-16 1.659134e-19 2.453634e-29 3.439930e-38
[1] 2.938596e-16 1.628722e-19 2.460215e-29 3.435174e-38
[1] 2.723516e-16 1.666798e-19 2.456596e-29 3.437265e-38
[1] 3.049063e-16 1.636998e-19 2.450276e-29 1.639312e-33
[1] 2.724558e-16 1.666662e-19 2.457508e-29 2.103917e-52
[1] 3.234669e-16 1.648394e-19 2.430541e-29 9.009089e-34
[1] 3.218783e-16 1.660516e-19 2.425570e-29 5.430753e-38
[1] 3.331193e-16 1.617160e-19 2.442896e-29 8.970147e-34
[1] 3.334340e-16 1.615179e-19 2.444781e-29 6.161270e-38
[1] 2.725467e-16 1.666506e-19 2.461401e-29 1.081634e-33
[1] 2.703811e-16 1.667716e-19 2.460984e-29 1.874681e-35
[1] 3.064314e-16 1.800933e-19 2.367260e-29 3.614943e-38
[1] 3.127143e-16 1.708291e-19 2.410089e-29 9.113586e-34
[1] 2.704074e-16 1.667663e-19 2.464201e-29 1.864526e-35
[1] 2.712594e-16 1.666508e-19 2.465974e-29 3.562689e-38
[1] 2.935358e-16 1.629089e-19 2.470450e-29 8.799207e-34
[1] 2.794815e-16 1.659075e-19 2.465393e-29 5.967428e-50
[1] 1.642617e-19 6.330327e-28 2.258010e-23 2.233730e-34
[1] 1.754970e-19 1.223528e-26 2.435851e-23 8.018831e-38
[1] 1.705928e-19 1.266132e-26 2.293150e-23 6.680702e-31
[1] 1.707307e-19 1.952285e-27 2.569914e-23 7.173000e-34
[1] 1.730647e-19 1.783164e-25 2.389558e-23 7.935888e-38
[1] 1.648301e-19 8.966341e-27 2.304666e-23 8.885127e-33
[1] 1.738107e-19 1.043754e-26 2.281842e-23 8.379199e-38
[1] 1.763327e-19 7.240175e-26 2.627522e-23 1.051051e-32
[1] 1.817146e-19 7.620747e-27 2.423136e-23 2.291916e-32
[1] 1.630883e-19 1.214091e-27 2.244280e-23 7.514783e-66
[1] 1.707799e-19 3.986053e-25 2.395226e-23 8.599281e-32
[1] 1.759706e-19 3.321160e-41 2.361122e-23 3.930746e-37
[1] 1.642781e-19 6.440461e-28 2.260869e-23 2.243752e-34
[1] 1.687252e-19 7.978673e-31 2.220480e-23 1.300842e-35
[1] 1.753101e-19 7.086842e-27 2.376130e-23 1.860927e-32
[1] 1.814487e-19 1.320450e-28 2.287919e-23 9.907670e-33
Algorithm did not converge after  500  iterations.
[1] 3.287143e-16 1.712775e-19 2.649752e-28 1.636403e-29
Algorithm converged after  8  iterations.
[1] 3.287143e-16 1.712775e-19 1.550238e-31 2.373613e-29
Algorithm converged after  5  iterations.
[1] 3.287143e-16 1.712775e-19 1.550238e-31 2.649752e-28
Algorithm converged after  6  iterations.
[1] 3.287143e-16 1.712775e-19 2.373613e-29 2.649752e-28
Algorithm converged after  6  iterations.
numeric(0)
Algorithm converged after  1  iterations.
[1] 8.737169e-24
Algorithm converged after  2  iterations.
[1] 1.948743e-23
Algorithm converged after  2  iterations.
[1] 1.191098e-17
Algorithm converged after  2  iterations.
[1] 8.737169e-24 2.871367e-26
Algorithm converged after  2  iterations.
[1] 1.948743e-23 7.133341e-26
Algorithm converged after  2  iterations.
[1] 1.191098e-17 4.612213e-23
Algorithm converged after  2  iterations.
[1] 8.737169e-24 1.948743e-23
Algorithm converged after  2  iterations.
[1] 8.737169e-24 1.191098e-17
Algorithm converged after  2  iterations.
[1] 1.948743e-23 1.191098e-17
Algorithm converged after  2  iterations.
[1] 8.737169e-24 2.871367e-26 1.948743e-23
Algorithm converged after  2  iterations.
[1] 8.737169e-24 2.871367e-26 1.191098e-17
Algorithm converged after  2  iterations.
[1] 8.737169e-24 1.948743e-23 7.133341e-26
Algorithm converged after  2  iterations.
[1] 8.737169e-24 1.191098e-17 4.612213e-23
Algorithm converged after  2  iterations.
[1] 1.948743e-23 7.133341e-26 1.191098e-17
Algorithm converged after  2  iterations.
[1] 1.948743e-23 1.191098e-17 4.612213e-23
Algorithm converged after  2  iterations.
[1] 8.737169e-24 1.948743e-23 1.191098e-17
Algorithm converged after  2  iterations.
[1] 8.737169e-24 2.871367e-26 1.948743e-23 7.133341e-26
Algorithm converged after  2  iterations.
[1] 8.737169e-24 2.871367e-26 1.191098e-17 4.612213e-23
Algorithm converged after  2  iterations.
[1] 1.948743e-23 7.133341e-26 1.191098e-17 4.612213e-23
Algorithm converged after  2  iterations.
[1] 8.737169e-24 2.871367e-26 1.948743e-23 1.191098e-17
Algorithm converged after  2  iterations.
[1] 8.737169e-24 1.948743e-23 7.133341e-26 1.191098e-17
Algorithm converged after  2  iterations.
[1] 8.737169e-24 1.948743e-23 1.191098e-17 4.612213e-23
Algorithm converged after  2  iterations.
[1] 2.613504e-16
Algorithm converged after  2  iterations.
[1] 2.613504e-16 1.112041e-24
Algorithm converged after  6  iterations.
[1] 2.613504e-16 4.819663e-24
Algorithm converged after  6  iterations.
[1] 2.613504e-16 1.515385e-22
Algorithm converged after  7  iterations.
[1] 2.613504e-16 1.112041e-24 3.211398e-31
Algorithm converged after  6  iterations.
[1] 2.613504e-16 4.819663e-24 1.339824e-34
Algorithm converged after  6  iterations.
[1] 2.613504e-16 1.515385e-22 1.364402e-29
Algorithm converged after  9  iterations.
[1] 2.613504e-16 1.112041e-24 4.819663e-24
Algorithm converged after  7  iterations.
[1] 2.613504e-16 1.112041e-24 1.515385e-22
Algorithm converged after  7  iterations.
[1] 2.613504e-16 4.819663e-24 1.515385e-22
Algorithm converged after  8  iterations.
[1] 2.613504e-16 1.112041e-24 3.211398e-31 4.819663e-24
[1] 5.637957e-16 1.208385e-24 3.376330e-31 5.246699e-24
[1] 6.285962e-16 1.225780e-24 3.397950e-31 5.323821e-24
[1] 6.315442e-16 1.226572e-24 2.485767e-45 5.327439e-24
[1] 6.286592e-16 1.225853e-24 3.389715e-31 5.324268e-24
[1] 6.315313e-16 1.226643e-24 3.390618e-31 5.327792e-24
[1] 5.629915e-16 1.208354e-24 3.367190e-31 5.246744e-24
[1] 6.304881e-16 1.226492e-24 9.879690e-52 5.327339e-24
[1] 5.482058e-16 1.204326e-24 3.343091e-31 5.229172e-24
[1] 6.248542e-16 1.224930e-24 1.354633e-50 5.320592e-24
[1] 6.311812e-16 1.226877e-24 5.566413e-45 5.328913e-24
[1] 5.140768e-16 1.194712e-24 3.179069e-31 5.188861e-24
[1] 6.285296e-16 1.227120e-24 2.474145e-45 5.329782e-24
[1] 6.282513e-16 1.227078e-24 3.388795e-31 5.329722e-24
[1] 6.324300e-16 1.228220e-24 3.419305e-31 5.334502e-24
Algorithm converged after  143  iterations.
[1] 2.613504e-16 1.112041e-24 3.211398e-31 1.515385e-22
[1] 1.121649e-15 1.340146e-24 4.953416e-51 1.944010e-22
[1] 1.067701e-15 1.328764e-24 3.423422e-31 1.922632e-22
[1] 1.127812e-15 1.341375e-24 7.867273e-52 1.946550e-22
[1] 1.122998e-15 1.340337e-24 2.426724e-45 1.944745e-22
[1] 1.128520e-15 1.341534e-24 1.519799e-50 1.947078e-22
[1] 1.127110e-15 1.341263e-24 4.933745e-51 1.946631e-22
[1] 1.127750e-15 1.341443e-24 6.638677e-71 1.947091e-22
[1] 1.067478e-15 1.328799e-24 3.419118e-31 1.923335e-22
[1] 9.926560e-16 1.312882e-24 3.400431e-31 1.893310e-22
[1] 1.075332e-15 1.330423e-24 3.410187e-31 1.926830e-22
[1] 1.030959e-15 1.321093e-24 3.399297e-31 1.909321e-22
[1] 1.127696e-15 1.341607e-24 5.823942e-51 1.948189e-22
[1] 1.119806e-15 1.340015e-24 3.434568e-31 1.945290e-22
[1] 9.933463e-16 1.313190e-24 3.398493e-31 1.894616e-22
[1] 1.134748e-15 1.343118e-24 3.435599e-31 1.951394e-22
[1] 1.048528e-15 1.325053e-24 3.412344e-31 1.917327e-22
[1] 1.056932e-15 1.326774e-24 3.406900e-31 1.920735e-22
[1] 1.030866e-15 1.321233e-24 3.397083e-31 1.910367e-22
[1] 1.127842e-15 1.341812e-24 4.986147e-45 1.949799e-22
[1] 9.934668e-16 1.313436e-24 3.397797e-31 1.896042e-22
[1] 1.029790e-15 1.321173e-24 3.398702e-31 1.910849e-22
[1] 9.935878e-16 1.313506e-24 3.398596e-31 1.896347e-22
[1] 1.049813e-15 1.325616e-24 3.417658e-31 1.919342e-22
[1] 1.075329e-15 1.330845e-24 3.406140e-31 1.929516e-22
[1] 9.934639e-16 1.313547e-24 3.397433e-31 1.896730e-22
[1] 1.126753e-15 1.341856e-24 1.114148e-52 1.950481e-22
[1] 1.125262e-15 1.341569e-24 5.262678e-52 1.950016e-22
[1] 1.128017e-15 1.342123e-24 4.223561e-62 1.951220e-22
[1] 1.124957e-15 1.341527e-24 5.956120e-49 1.950163e-22
[1] 1.124411e-15 1.341435e-24 6.629188e-55 1.950194e-22
[1] 1.128083e-15 1.342180e-24 2.414576e-45 1.951807e-22
[1] 1.048539e-15 1.325563e-24 3.413354e-31 1.920316e-22
[1] 1.121754e-15 1.341087e-24 3.447486e-31 1.949778e-22
[1] 1.127888e-15 1.342299e-24 9.470858e-51 1.952335e-22
[1] 1.065194e-15 1.329171e-24 3.417058e-31 1.927488e-22
[1] 9.935684e-16 1.313883e-24 3.395467e-31 1.898655e-22
[1] 1.061224e-15 1.328345e-24 3.410197e-31 1.926218e-22
[1] 1.119734e-15 1.340803e-24 1.830202e-69 1.949905e-22
[1] 1.128250e-15 1.342479e-24 2.405377e-45 1.953235e-22
[1] 1.128089e-15 1.342492e-24 1.324045e-48 1.953301e-22
[1] 1.058131e-15 1.327886e-24 3.400323e-31 1.926429e-22
[1] 9.939762e-16 1.314305e-24 3.394612e-31 1.900640e-22
[1] 1.050417e-15 1.326467e-24 3.410270e-31 1.923881e-22
[1] 1.134060e-15 1.343981e-24 1.534150e-61 1.957335e-22
[1] 9.940163e-16 1.314380e-24 3.394171e-31 1.901085e-22
[1] 1.064074e-15 1.329406e-24 3.414516e-31 1.929714e-22
[1] 1.129042e-15 1.343027e-24 3.427054e-31 1.955721e-22
[1] 1.037037e-15 1.323735e-24 3.398627e-31 1.919475e-22
[1] 1.124538e-15 1.342242e-24 1.125875e-62 1.954788e-22
Algorithm did not converge after  500  iterations.
[1] 2.613504e-16 1.112041e-24 4.819663e-24 1.339824e-34
Algorithm converged after  10  iterations.
[1] 2.613504e-16 1.112041e-24 1.515385e-22 1.364402e-29
Algorithm converged after  9  iterations.
[1] 2.613504e-16 4.819663e-24 1.339824e-34 1.515385e-22
[1] 9.663612e-16 5.684962e-24 1.442845e-34 1.881845e-22
Algorithm converged after  11  iterations.
[1] 2.613504e-16 4.819663e-24 1.515385e-22 1.364402e-29
Algorithm converged after  9  iterations.
[1] 2.613504e-16 1.112041e-24 4.819663e-24 1.515385e-22
Algorithm converged after  8  iterations.
[1] 2.613504e-16 1.403497e-19
Algorithm converged after  2  iterations.
[1] 2.613504e-16 1.403497e-19 3.890019e-31
Algorithm converged after  5  iterations.
[1] 2.613504e-16 1.403497e-19 7.015219e-31
Algorithm converged after  4  iterations.
[1] 2.613504e-16 1.403497e-19 3.778513e-28
Algorithm converged after  6  iterations.
[1] 2.613504e-16 1.403497e-19 3.890019e-31 1.509032e-35
[1] 3.647951e-16 1.403993e-19 3.960143e-31 2.152109e-34
[1] 3.713175e-16 1.406955e-19 3.963961e-31 1.820935e-35
[1] 3.248383e-16 1.399425e-19 3.934728e-31 1.534437e-35
[1] 2.802077e-16 1.322198e-19 3.910028e-31 1.539167e-35
[1] 3.080123e-16 1.367981e-19 3.927453e-31 1.793793e-35
[1] 3.648178e-16 1.403815e-19 3.961986e-31 1.577648e-35
[1] 3.651206e-16 1.404514e-19 3.962114e-31 2.773902e-48
[1] 2.887236e-16 1.347264e-19 3.916100e-31 2.570799e-45
[1] 3.649110e-16 1.405092e-19 3.962453e-31 1.550019e-35
[1] 3.646171e-16 1.404449e-19 3.962665e-31 1.710856e-35
[1] 2.923064e-16 1.342196e-19 3.918750e-31 1.529491e-35
[1] 3.646359e-16 1.404569e-19 3.963183e-31 1.827660e-35
[1] 3.646541e-16 1.404742e-19 3.963259e-31 1.553743e-35
[1] 3.646339e-16 1.404256e-19 3.963585e-31 7.278261e-35
[1] 3.247114e-16 1.354824e-19 3.939969e-31 1.527255e-35
[1] 3.087542e-16 1.399159e-19 3.927947e-31 1.529054e-35
[1] 3.186966e-16 1.369031e-19 3.937344e-31 2.126007e-45
[1] 3.015261e-16 1.371967e-19 3.924134e-31 1.502132e-35
[1] 3.080899e-16 1.373915e-19 3.929806e-31 1.521551e-35
[1] 3.295595e-16 1.363222e-19 3.944899e-31 9.779886e-35
[1] 3.653362e-16 1.403251e-19 3.967510e-31 1.640929e-45
[1] 3.647987e-16 1.405965e-19 3.966743e-31 1.614214e-67
[1] 3.303960e-16 1.304751e-19 3.949337e-31 1.524782e-35
[1] 2.886017e-16 1.347097e-19 3.921751e-31 1.544081e-35
[1] 3.081078e-16 1.373696e-19 3.932589e-31 1.521129e-35
[1] 3.653961e-16 1.403214e-19 3.969979e-31 1.583644e-35
[1] 3.653565e-16 1.403693e-19 3.970401e-31 1.635842e-35
[1] 3.726028e-16 1.406004e-19 3.975034e-31 2.932720e-45
[1] 3.716705e-16 1.406591e-19 3.974556e-31 7.270722e-35
[1] 3.378753e-16 1.375156e-19 3.953934e-31 1.525059e-35
[1] 3.648767e-16 1.404731e-19 3.971196e-31 1.551596e-35
[1] 2.784316e-16 1.320318e-19 3.919183e-31 1.534599e-35
[1] 3.198497e-16 1.369560e-19 3.945530e-31 7.847535e-61
[1] 3.649848e-16 1.405119e-19 3.972343e-31 3.189266e-33
[1] 2.792670e-16 1.320213e-19 3.921346e-31 1.674282e-35
[1] 2.805406e-16 1.322086e-19 3.922933e-31 1.539722e-35
[1] 3.113445e-16 1.369048e-19 3.942514e-31 1.788473e-35
[1] 3.249639e-16 1.354523e-19 3.950780e-31 9.873470e-35
[1] 3.223016e-16 1.361328e-19 3.949484e-31 1.529558e-35
[1] 2.878606e-16 1.355939e-19 3.927394e-31 1.732007e-35
[1] 3.200344e-16 1.369529e-19 3.950283e-31 1.556933e-35
[1] 3.086020e-16 1.372673e-19 3.941157e-31 1.591858e-35
[1] 3.104927e-16 1.368311e-19 3.944767e-31 1.547823e-35
[1] 3.655941e-16 1.403124e-19 3.978744e-31 1.638181e-35
[1] 3.652322e-16 1.403856e-19 3.978739e-31 7.206902e-35
[1] 2.889826e-16 1.347132e-19 3.932351e-31 9.782141e-35
[1] 3.655084e-16 1.403207e-19 3.980127e-31 3.214906e-50
[1] 3.726056e-16 1.406781e-19 3.984037e-31 7.205350e-35
[1] 3.653085e-16 1.403629e-19 3.980786e-31 1.632503e-53
Algorithm did not converge after  500  iterations.
[1] 2.613504e-16 1.403497e-19 7.015219e-31 6.571779e-49
Algorithm converged after  9  iterations.
[1] 2.613504e-16 1.403497e-19 3.778513e-28 2.790218e-29
Algorithm converged after  8  iterations.
[1] 2.613504e-16 1.403497e-19 3.890019e-31 7.015219e-31
Algorithm converged after  5  iterations.
[1] 2.613504e-16 1.403497e-19 3.890019e-31 3.778513e-28
Algorithm converged after  6  iterations.
[1] 2.613504e-16 1.403497e-19 7.015219e-31 3.778513e-28
Algorithm converged after  6  iterations.
numeric(0)
Algorithm converged after  1  iterations.
[1] 4.316188e-24
Algorithm converged after  2  iterations.
[1] 1.558866e-23
Algorithm converged after  2  iterations.
[1] 6.970181e-18
Algorithm converged after  2  iterations.
[1] 4.316188e-24 5.269748e-26
Algorithm converged after  2  iterations.
[1] 1.558866e-23 1.050228e-25
Algorithm converged after  2  iterations.
[1] 6.970181e-18 2.822073e-23
Algorithm converged after  2  iterations.
[1] 4.316188e-24 1.558866e-23
Algorithm converged after  2  iterations.
[1] 4.316188e-24 6.970181e-18
Algorithm converged after  2  iterations.
[1] 1.558866e-23 6.970181e-18
Algorithm converged after  2  iterations.
[1] 4.316188e-24 5.269748e-26 1.558866e-23
Algorithm converged after  2  iterations.
[1] 4.316188e-24 5.269748e-26 6.970181e-18
Algorithm converged after  2  iterations.
[1] 4.316188e-24 1.558866e-23 1.050228e-25
Algorithm converged after  2  iterations.
[1] 4.316188e-24 6.970181e-18 2.822073e-23
Algorithm converged after  2  iterations.
[1] 1.558866e-23 1.050228e-25 6.970181e-18
Algorithm converged after  2  iterations.
[1] 1.558866e-23 6.970181e-18 2.822073e-23
Algorithm converged after  2  iterations.
[1] 4.316188e-24 1.558866e-23 6.970181e-18
Algorithm converged after  2  iterations.
[1] 4.316188e-24 5.269748e-26 1.558866e-23 1.050228e-25
Algorithm converged after  2  iterations.
[1] 4.316188e-24 5.269748e-26 6.970181e-18 2.822073e-23
Algorithm converged after  2  iterations.
[1] 1.558866e-23 1.050228e-25 6.970181e-18 2.822073e-23
Algorithm converged after  2  iterations.
[1] 4.316188e-24 5.269748e-26 1.558866e-23 6.970181e-18
Algorithm converged after  2  iterations.
[1] 4.316188e-24 1.558866e-23 1.050228e-25 6.970181e-18
Algorithm converged after  2  iterations.
[1] 4.316188e-24 1.558866e-23 6.970181e-18 2.822073e-23
Algorithm converged after  2  iterations.
[1] 2.171113e-16
Algorithm converged after  2  iterations.
[1] 2.171113e-16 9.460960e-25
Algorithm converged after  6  iterations.
[1] 2.171113e-16 4.466180e-24
Algorithm converged after  6  iterations.
[1] 2.171113e-16 6.856336e-23
Algorithm converged after  6  iterations.
[1] 2.171113e-16 9.460960e-25 2.122041e-33
Algorithm converged after  5  iterations.
[1] 2.171113e-16 4.466180e-24 1.518606e-33
Algorithm converged after  5  iterations.
[1] 2.171113e-16 6.856336e-23 1.064853e-29
Algorithm converged after  8  iterations.
[1] 2.171113e-16 9.460960e-25 4.466180e-24
Algorithm converged after  7  iterations.
[1] 2.171113e-16 9.460960e-25 6.856336e-23
Algorithm converged after  7  iterations.
[1] 2.171113e-16 4.466180e-24 6.856336e-23
Algorithm converged after  7  iterations.
[1] 2.171113e-16 9.460960e-25 2.122041e-33 4.466180e-24
Algorithm converged after  8  iterations.
[1] 2.171113e-16 9.460960e-25 2.122041e-33 6.856336e-23
[1] 5.778245e-16 1.058957e-24 1.946604e-34 7.919138e-23
[1] 6.233231e-16 1.070612e-24 2.880553e-34 8.029581e-23
[1] 7.338528e-16 1.097520e-24 3.488739e-31 8.284664e-23
[1] 7.426597e-16 1.099426e-24 3.452827e-31 8.303966e-23
[1] 6.365797e-16 1.074042e-24 3.432124e-31 8.063776e-23
[1] 7.384060e-16 1.098715e-24 2.759531e-34 8.298217e-23
[1] 6.284383e-16 1.072083e-24 2.862929e-34 8.046066e-23
[1] 6.501429e-16 1.077250e-24 3.409308e-31 8.096178e-23
[1] 6.370033e-16 1.074267e-24 2.864349e-34 8.067481e-23
[1] 6.280129e-16 1.072049e-24 2.892171e-34 8.047031e-23
[1] 7.347211e-16 1.098034e-24 3.487877e-31 8.293852e-23
[1] 5.788579e-16 1.059593e-24 3.404285e-31 7.930148e-23
[1] 6.289605e-16 1.072411e-24 3.427406e-31 8.051758e-23
[1] 6.376465e-16 1.074639e-24 2.866198e-34 8.073608e-23
[1] 6.235389e-16 1.071163e-24 2.775970e-60 8.040992e-23
[1] 5.740054e-16 1.058536e-24 3.402020e-31 7.921752e-23
Algorithm converged after  167  iterations.
[1] 2.171113e-16 9.460960e-25 4.466180e-24 1.518606e-33
Algorithm converged after  7  iterations.
[1] 2.171113e-16 9.460960e-25 6.856336e-23 1.064853e-29
Algorithm converged after  8  iterations.
[1] 2.171113e-16 4.466180e-24 1.518606e-33 6.856336e-23
[1] 7.579101e-16 5.277462e-24 8.826665e-33 8.330924e-23
[1] 6.779033e-16 5.178265e-24 8.739966e-33 8.151236e-23
[1] 7.582152e-16 5.277958e-24 8.825554e-33 8.332194e-23
Algorithm converged after  33  iterations.
[1] 2.171113e-16 4.466180e-24 6.856336e-23 1.064853e-29
Algorithm converged after  8  iterations.
[1] 2.171113e-16 9.460960e-25 4.466180e-24 6.856336e-23
Algorithm converged after  8  iterations.
[1] 2.171113e-16 1.228789e-19
Algorithm converged after  2  iterations.
[1] 2.171113e-16 1.228789e-19 3.815732e-31
Algorithm converged after  5  iterations.
[1] 2.171113e-16 1.228789e-19 1.647424e-29
Algorithm converged after  4  iterations.
[1] 2.171113e-16 1.228789e-19 6.764118e-28
Algorithm converged after  6  iterations.
[1] 2.171113e-16 1.228789e-19 3.815732e-31 1.781547e-34
Algorithm converged after  6  iterations.
[1] 2.171113e-16 1.228789e-19 1.647424e-29 9.122805e-33
[1] 2.229646e-16 1.244205e-19 1.642123e-29 9.375913e-33
Algorithm converged after  11  iterations.
[1] 2.171113e-16 1.228789e-19 6.764118e-28 1.550463e-29
Algorithm converged after  8  iterations.
[1] 2.171113e-16 1.228789e-19 3.815732e-31 1.647424e-29
Algorithm converged after  5  iterations.
[1] 2.171113e-16 1.228789e-19 3.815732e-31 6.764118e-28
Algorithm converged after  6  iterations.
[1] 2.171113e-16 1.228789e-19 1.647424e-29 6.764118e-28
Algorithm converged after  6  iterations.
numeric(0)
Algorithm converged after  1  iterations.
[1] 6.192033e-24
Algorithm converged after  2  iterations.
[1] 1.588811e-23
Algorithm converged after  2  iterations.
[1] 4.942958e-23
Algorithm converged after  2  iterations.
[1] 6.192033e-24 3.025308e-26
Algorithm converged after  2  iterations.
[1] 1.588811e-23 8.275094e-26
Algorithm converged after  2  iterations.
[1] 4.942958e-23 3.085049e-28
Algorithm converged after  2  iterations.
[1] 6.192033e-24 1.588811e-23
Algorithm converged after  2  iterations.
[1] 6.192033e-24 4.942958e-23
Algorithm converged after  2  iterations.
[1] 1.588811e-23 4.942958e-23
Algorithm converged after  2  iterations.
[1] 6.192033e-24 3.025308e-26 1.588811e-23
Algorithm converged after  2  iterations.
[1] 6.192033e-24 3.025308e-26 4.942958e-23
Algorithm converged after  2  iterations.
[1] 6.192033e-24 1.588811e-23 8.275094e-26
Algorithm converged after  2  iterations.
[1] 6.192033e-24 4.942958e-23 3.085049e-28
Algorithm converged after  2  iterations.
[1] 1.588811e-23 8.275094e-26 4.942958e-23
Algorithm converged after  2  iterations.
[1] 1.588811e-23 4.942958e-23 3.085049e-28
Algorithm converged after  2  iterations.
[1] 6.192033e-24 1.588811e-23 4.942958e-23
Algorithm converged after  2  iterations.
[1] 6.192033e-24 3.025308e-26 1.588811e-23 8.275094e-26
Algorithm converged after  2  iterations.
[1] 6.192033e-24 3.025308e-26 4.942958e-23 3.085049e-28
Algorithm converged after  2  iterations.
[1] 1.588811e-23 8.275094e-26 4.942958e-23 3.085049e-28
Algorithm converged after  2  iterations.
[1] 6.192033e-24 3.025308e-26 1.588811e-23 4.942958e-23
Algorithm converged after  2  iterations.
[1] 6.192033e-24 1.588811e-23 8.275094e-26 4.942958e-23
Algorithm converged after  2  iterations.
[1] 6.192033e-24 1.588811e-23 4.942958e-23 3.085049e-28
Algorithm converged after  2  iterations.
[1] 1.017099e-19
Algorithm converged after  2  iterations.
[1] 1.017099e-19 5.519312e-24
Algorithm converged after  5  iterations.
[1] 1.017099e-19 1.179121e-23
Algorithm converged after  6  iterations.
[1] 1.017099e-19 4.214295e-18
Algorithm converged after  5  iterations.
[1] 1.017099e-19 5.519312e-24 1.285917e-34
[1] 1.063413e-19 5.732161e-24 1.261767e-34
[1] 1.068456e-19 5.747838e-24 3.402760e-41
Algorithm converged after  28  iterations.
[1] 1.017099e-19 1.179121e-23 3.822083e-32
Algorithm converged after  6  iterations.
[1] 1.017099e-19 4.214295e-18 6.311358e-30
Algorithm converged after  5  iterations.
[1] 1.017099e-19 5.519312e-24 1.179121e-23
Algorithm converged after  6  iterations.
[1] 1.017099e-19 5.519312e-24 4.214295e-18
Algorithm converged after  6  iterations.
[1] 1.017099e-19 1.179121e-23 4.214295e-18
Algorithm converged after  6  iterations.
[1] 1.017099e-19 5.519312e-24 1.285917e-34 1.179121e-23
[1] 1.168450e-19 6.169165e-24 1.028890e-34 1.288506e-23
[1] 1.165426e-19 6.159277e-24 1.271131e-34 1.286560e-23
[1] 1.168360e-19 6.168651e-24 1.304575e-34 1.288433e-23
[1] 1.167150e-19 6.164407e-24 1.284960e-34 1.287635e-23
[1] 1.170626e-19 6.176640e-24 1.007462e-34 1.289931e-23
[1] 1.165032e-19 6.157980e-24 1.300718e-34 1.286304e-23
[1] 1.167533e-19 6.165589e-24 1.307044e-34 1.287876e-23
[1] 1.165308e-19 6.158580e-24 1.166889e-34 1.286460e-23
[1] 1.171029e-19 6.177949e-24 1.292159e-34 1.290189e-23
[1] 1.168787e-19 6.169778e-24 1.280690e-34 1.288689e-23
[1] 1.171516e-19 6.179587e-24 1.209800e-34 1.290507e-23
[1] 1.169269e-19 6.171323e-24 1.308333e-34 1.288998e-23
[1] 1.165183e-19 6.158271e-24 9.994689e-35 1.286384e-23
[1] 1.165652e-19 6.159335e-24 9.988710e-35 1.286654e-23
[1] 1.166382e-19 6.161426e-24 1.142718e-34 1.287104e-23
[1] 1.170096e-19 6.174108e-24 1.295955e-34 1.289534e-23
[1] 1.167082e-19 6.163478e-24 1.302991e-34 1.287539e-23
[1] 1.165173e-19 6.157845e-24 1.302544e-34 1.286348e-23
[1] 1.169252e-19 6.171152e-24 1.268734e-34 1.288976e-23
[1] 1.165526e-19 6.158848e-24 1.050961e-34 1.286565e-23
[1] 1.164887e-19 6.156805e-24 9.970770e-35 1.286156e-23
[1] 1.167736e-19 6.165642e-24 1.306760e-34 1.287961e-23
[1] 1.170184e-19 6.174357e-24 1.169565e-34 1.289586e-23
[1] 1.166875e-19 6.162735e-24 1.307663e-34 1.287398e-23
[1] 1.171709e-19 6.180055e-24 1.254569e-34 1.290615e-23
[1] 1.170516e-19 6.175628e-24 1.162932e-34 1.289811e-23
[1] 1.171034e-19 6.177466e-24 1.209690e-34 1.290154e-23
[1] 1.165007e-19 6.157031e-24 1.307854e-34 1.286220e-23
[1] 1.171362e-19 6.178667e-24 1.123873e-34 1.290374e-23
[1] 1.169317e-19 6.171235e-24 1.205001e-34 1.289005e-23
[1] 1.170246e-19 6.174536e-24 1.293878e-34 1.289622e-23
[1] 1.169149e-19 6.170676e-24 1.308217e-34 1.288896e-23
[1] 1.171780e-19 6.180257e-24 1.265810e-34 1.290656e-23
[1] 1.166765e-19 6.162465e-24 1.094109e-34 1.287330e-23
[1] 1.168373e-19 6.167926e-24 1.302910e-34 1.288380e-23
[1] 1.171233e-19 6.178158e-24 1.308836e-34 1.290283e-23
[1] 1.168231e-19 6.167313e-24 1.304312e-34 1.288278e-23
[1] 1.166301e-19 6.160898e-24 1.307058e-34 1.287026e-23
[1] 1.165375e-19 6.158330e-24 1.297386e-34 1.286459e-23
[1] 1.171712e-19 6.179929e-24 1.145205e-34 1.290603e-23
[1] 1.165109e-19 6.157298e-24 1.309545e-34 1.286276e-23
[1] 1.165977e-19 6.159725e-24 1.013363e-34 1.286808e-23
[1] 1.171596e-19 6.179477e-24 1.160305e-34 1.290521e-23
[1] 1.169002e-19 6.169949e-24 1.302474e-34 1.288780e-23
[1] 1.171636e-19 6.179571e-24 1.200128e-34 1.290544e-23
[1] 1.165591e-19 6.158707e-24 1.310222e-34 1.286574e-23
[1] 1.170317e-19 6.174658e-24 1.293187e-34 1.289653e-23
[1] 1.171449e-19 6.178902e-24 1.301136e-34 1.290419e-23
[1] 1.165796e-19 6.159060e-24 1.305988e-34 1.286684e-23
Algorithm did not converge after  500  iterations.
[1] 1.017099e-19 5.519312e-24 1.285917e-34 4.214295e-18
[1] 1.134300e-19 6.025007e-24 1.213550e-34 4.607167e-18
[1] 1.150927e-19 6.102631e-24 1.307289e-34 4.661787e-18
[1] 1.164742e-19 6.152760e-24 1.241124e-34 4.706005e-18
[1] 1.150733e-19 6.098929e-24 1.295760e-34 4.660221e-18
[1] 1.134289e-19 6.025057e-24 1.184344e-34 4.606958e-18
[1] 1.130294e-19 6.010237e-24 1.189686e-34 4.594225e-18
[1] 1.150884e-19 6.102104e-24 1.297684e-34 4.661380e-18
[1] 1.126449e-19 5.997871e-24 2.039119e-31 4.582258e-18
[1] 1.150936e-19 6.102820e-24 1.302242e-34 4.661636e-18
[1] 1.150947e-19 6.102973e-24 1.305568e-34 4.661659e-18
[1] 1.150885e-19 6.102630e-24 1.189370e-34 4.661400e-18
[1] 1.128577e-19 6.003488e-24 7.377802e-35 4.588530e-18
[1] 1.150973e-19 6.101063e-24 1.306211e-34 4.661064e-18
[1] 1.127306e-19 5.999295e-24 1.193596e-49 4.584503e-18
[1] 1.133478e-19 6.025100e-24 1.151094e-34 4.604585e-18
[1] 1.131327e-19 6.017889e-24 1.170948e-34 4.597849e-18
[1] 1.150985e-19 6.104005e-24 1.310501e-34 4.661834e-18
[1] 1.129489e-19 6.007501e-24 4.691833e-35 4.591342e-18
[1] 1.151022e-19 6.103933e-24 1.290848e-34 4.661795e-18
[1] 1.130909e-19 6.012568e-24 1.248404e-34 4.595732e-18
[1] 1.134035e-19 6.024248e-24 1.092996e-34 4.605637e-18
[1] 1.127382e-19 6.001876e-24 2.039156e-31 4.584782e-18
[1] 1.132313e-19 6.017214e-24 4.733059e-48 4.599966e-18
[1] 1.133646e-19 6.025844e-24 1.052082e-34 4.604758e-18
[1] 1.127937e-19 6.002504e-24 7.717867e-35 4.586241e-18
[1] 1.131853e-19 6.019790e-24 9.065207e-67 4.599087e-18
[1] 1.136359e-19 6.033175e-24 1.312560e-34 4.612947e-18
[1] 1.150936e-19 6.103066e-24 1.032204e-34 4.661021e-18
[1] 1.150822e-19 6.102110e-24 1.310639e-34 4.660605e-18
[1] 1.150931e-19 6.103038e-24 1.301055e-34 4.661034e-18
[1] 1.150801e-19 6.101098e-24 1.278596e-34 4.660151e-18
[1] 1.127435e-19 6.001361e-24 2.038843e-31 4.584673e-18
[1] 1.130490e-19 6.010452e-24 1.313898e-34 4.594038e-18
[1] 1.130821e-19 6.012379e-24 1.064384e-34 4.595090e-18
[1] 1.127300e-19 5.987854e-24 1.233069e-34 4.582241e-18
[1] 1.127513e-19 6.001533e-24 2.038765e-31 4.584718e-18
[1] 1.150854e-19 6.102512e-24 1.245481e-34 4.660416e-18
[1] 1.134403e-19 6.025829e-24 1.218870e-34 4.606305e-18
[1] 1.126473e-19 5.997549e-24 2.038843e-31 4.581197e-18
[1] 1.127432e-19 6.001429e-24 2.038818e-31 4.584236e-18
[1] 1.126295e-19 5.996548e-24 2.038705e-31 4.580475e-18
[1] 1.126495e-19 5.996898e-24 2.038606e-31 4.581113e-18
[1] 1.136232e-19 6.031732e-24 1.297262e-34 4.611772e-18
[1] 1.127342e-19 6.001500e-24 2.038983e-31 4.583886e-18
[1] 1.127461e-19 6.000845e-24 2.038609e-31 4.584117e-18
[1] 1.150673e-19 6.098927e-24 1.124292e-34 4.658554e-18
[1] 1.151033e-19 6.104428e-24 1.307674e-34 4.660852e-18
[1] 1.126020e-19 5.995838e-24 2.038955e-31 4.579439e-18
[1] 1.150670e-19 6.099057e-24 1.144241e-34 4.658445e-18
Algorithm did not converge after  500  iterations.
[1] 1.017099e-19 5.519312e-24 1.179121e-23 3.822083e-32
Algorithm converged after  6  iterations.
[1] 1.017099e-19 5.519312e-24 4.214295e-18 6.311358e-30
Algorithm converged after  6  iterations.
[1] 1.017099e-19 1.179121e-23 3.822083e-32 4.214295e-18
Algorithm converged after  7  iterations.
[1] 1.017099e-19 1.179121e-23 4.214295e-18 6.311358e-30
Algorithm converged after  7  iterations.
[1] 1.017099e-19 5.519312e-24 1.179121e-23 4.214295e-18
Algorithm converged after  7  iterations.
[1] 1.017099e-19 7.504404e-28
Algorithm converged after  2  iterations.
[1] 1.017099e-19 7.504404e-28 3.285859e-24
Algorithm converged after  6  iterations.
[1] 1.017099e-19 7.504404e-28 8.905040e-24
[1] 1.125406e-19 1.090360e-24 1.586657e-23
Algorithm converged after  11  iterations.
[1] 1.017099e-19 7.504404e-28 2.479843e-18
[1] 1.119556e-19 2.718275e-27 1.355929e-17
Algorithm converged after  11  iterations.
[1] 1.017099e-19 7.504404e-28 3.285859e-24 2.225135e-31
[1] 1.093830e-19 3.071644e-25 8.394758e-24 2.523966e-34
Algorithm converged after  17  iterations.
[1] 1.017099e-19 7.504404e-28 8.905040e-24 7.575301e-29
[1] 1.061382e-19 2.004645e-26 1.437198e-23 2.167501e-29
Algorithm converged after  13  iterations.
[1] 1.017099e-19 7.504404e-28 2.479843e-18 2.583219e-31
[1] 1.015022e-19 1.149589e-25 1.064734e-17 8.622944e-30
[1] 1.036675e-19 1.269155e-25 1.079135e-17 1.914568e-33
[1] 1.015504e-19 1.157010e-25 1.057832e-17 8.568647e-30
[1] 1.125496e-19 2.380224e-27 1.291718e-17 5.227249e-36
Algorithm converged after  45  iterations.
[1] 1.017099e-19 7.504404e-28 3.285859e-24 8.905040e-24
Algorithm converged after  7  iterations.
[1] 1.017099e-19 7.504404e-28 3.285859e-24 2.479843e-18
Algorithm converged after  10  iterations.
[1] 1.017099e-19 7.504404e-28 8.905040e-24 2.479843e-18
Algorithm converged after  7  iterations.
numeric(0)
Algorithm converged after  1  iterations.
[1] 3.51527e-24
Algorithm converged after  2  iterations.
[1] 3.273317e-23
Algorithm converged after  2  iterations.
[1] 8.188743e-18
Algorithm converged after  2  iterations.
[1] 3.515270e-24 7.194489e-27
Algorithm converged after  2  iterations.
[1] 3.273317e-23 1.743208e-25
Algorithm converged after  2  iterations.
[1] 8.188743e-18 4.524486e-23
Algorithm converged after  2  iterations.
[1] 3.515270e-24 3.273317e-23
Algorithm converged after  2  iterations.
[1] 3.515270e-24 8.188743e-18
Algorithm converged after  2  iterations.
[1] 3.273317e-23 8.188743e-18
Algorithm converged after  2  iterations.
[1] 3.515270e-24 7.194489e-27 3.273317e-23
Algorithm converged after  2  iterations.
[1] 3.515270e-24 7.194489e-27 8.188743e-18
Algorithm converged after  2  iterations.
[1] 3.515270e-24 3.273317e-23 1.743208e-25
Algorithm converged after  2  iterations.
[1] 3.515270e-24 8.188743e-18 4.524486e-23
Algorithm converged after  2  iterations.
[1] 3.273317e-23 1.743208e-25 8.188743e-18
Algorithm converged after  2  iterations.
[1] 3.273317e-23 8.188743e-18 4.524486e-23
Algorithm converged after  2  iterations.
[1] 3.515270e-24 3.273317e-23 8.188743e-18
Algorithm converged after  2  iterations.
[1] 3.515270e-24 7.194489e-27 3.273317e-23 1.743208e-25
Algorithm converged after  2  iterations.
[1] 3.515270e-24 7.194489e-27 8.188743e-18 4.524486e-23
Algorithm converged after  2  iterations.
[1] 3.273317e-23 1.743208e-25 8.188743e-18 4.524486e-23
Algorithm converged after  2  iterations.
[1] 3.515270e-24 7.194489e-27 3.273317e-23 8.188743e-18
Algorithm converged after  2  iterations.
[1] 3.515270e-24 3.273317e-23 1.743208e-25 8.188743e-18
Algorithm converged after  2  iterations.
[1] 3.515270e-24 3.273317e-23 8.188743e-18 4.524486e-23
Algorithm converged after  2  iterations.
[1] 1.878249e-16
Algorithm converged after  2  iterations.
[1] 1.878249e-16 1.576542e-24
Algorithm converged after  6  iterations.
[1] 1.878249e-16 9.910097e-24
Algorithm converged after  6  iterations.
[1] 1.878249e-16 1.596534e-22
Algorithm converged after  8  iterations.
[1] 1.878249e-16 1.576542e-24 2.971030e-34
Algorithm converged after  6  iterations.
[1] 1.878249e-16 9.910097e-24 1.727026e-33
Algorithm converged after  7  iterations.
[1] 1.878249e-16 1.596534e-22 8.475845e-30
Algorithm converged after  8  iterations.
[1] 1.878249e-16 1.576542e-24 9.910097e-24
Algorithm converged after  6  iterations.
[1] 1.878249e-16 1.576542e-24 1.596534e-22
Algorithm converged after  7  iterations.
[1] 1.878249e-16 9.910097e-24 1.596534e-22
Algorithm converged after  7  iterations.
[1] 1.878249e-16 1.576542e-24 2.971030e-34 9.910097e-24
[1] 3.445798e-16 1.699115e-24 3.001574e-34 1.045462e-23
Algorithm converged after  13  iterations.
[1] 1.878249e-16 1.576542e-24 2.971030e-34 1.596534e-22
[1] 7.199004e-16 1.919287e-24 4.667296e-34 2.008230e-22
[1] 7.232427e-16 1.920957e-24 3.944164e-34 2.010255e-22
[1] 7.229063e-16 1.920787e-24 4.014312e-34 2.010051e-22
[1] 7.206381e-16 1.919643e-24 4.227352e-34 2.008672e-22
[1] 7.232314e-16 1.920945e-24 4.237045e-34 2.010250e-22
[1] 7.239989e-16 1.921326e-24 3.979286e-34 2.010713e-22
[1] 7.231426e-16 1.920899e-24 3.647561e-34 2.010197e-22
[1] 7.226871e-16 1.920664e-24 4.600095e-34 2.009918e-22
[1] 7.202579e-16 1.919445e-24 4.632990e-34 2.008444e-22
[1] 7.196307e-16 1.919128e-24 2.967724e-34 2.008065e-22
[1] 7.258405e-16 1.922233e-24 4.310418e-34 2.011831e-22
[1] 7.264524e-16 1.922533e-24 4.041988e-34 2.012198e-22
[1] 7.269183e-16 1.922763e-24 4.249749e-34 2.012480e-22
[1] 7.217089e-16 1.920159e-24 4.031279e-34 2.009329e-22
[1] 7.224621e-16 1.920534e-24 4.365854e-34 2.009785e-22
[1] 7.200847e-16 1.919335e-24 4.366705e-34 2.008340e-22
[1] 7.259497e-16 1.922274e-24 4.731240e-34 2.011900e-22
[1] 7.244476e-16 1.921518e-24 3.984556e-34 2.010987e-22
[1] 7.238587e-16 1.921222e-24 4.599513e-34 2.010631e-22
[1] 7.199984e-16 1.919286e-24 3.429803e-34 2.008291e-22
[1] 7.250100e-16 1.921792e-24 4.069093e-34 2.011328e-22
[1] 7.203947e-16 1.919478e-24 3.884954e-34 2.008530e-22
[1] 7.211535e-16 1.919854e-24 4.669065e-34 2.008990e-22
[1] 7.208009e-16 1.919677e-24 3.904885e-34 2.008781e-22
[1] 7.198910e-16 1.919214e-24 4.661963e-34 2.008225e-22
[1] 7.234152e-16 1.920981e-24 4.695422e-34 2.010364e-22
[1] 7.192332e-16 1.918880e-24 4.869388e-34 2.007828e-22
[1] 7.191669e-16 1.918848e-24 4.476266e-34 2.007788e-22
[1] 7.194374e-16 1.918983e-24 4.632709e-34 2.007955e-22
[1] 7.218104e-16 1.920174e-24 4.045873e-34 2.009398e-22
[1] 7.215994e-16 1.920068e-24 4.719905e-34 2.009271e-22
[1] 7.189745e-16 1.918745e-24 3.248039e-34 2.007674e-22
[1] 7.198660e-16 1.919191e-24 4.115003e-34 2.008217e-22
[1] 7.262312e-16 1.922379e-24 4.365409e-34 2.012078e-22
[1] 7.205832e-16 1.919548e-24 4.933427e-34 2.008657e-22
[1] 7.218286e-16 1.920173e-24 4.611035e-34 2.009416e-22
[1] 7.230638e-16 1.920788e-24 4.546759e-34 2.010164e-22
[1] 7.201192e-16 1.919310e-24 4.780474e-34 2.008378e-22
[1] 7.219580e-16 1.920234e-24 4.253709e-34 2.009498e-22
[1] 7.189844e-16 1.918736e-24 4.453005e-34 2.007690e-22
[1] 7.210687e-16 1.919782e-24 4.632230e-34 2.008956e-22
[1] 7.239594e-16 1.921234e-24 4.470878e-34 2.010713e-22
[1] 7.200840e-16 1.919284e-24 4.759370e-34 2.008361e-22
[1] 7.243265e-16 1.921416e-24 4.966197e-34 2.010941e-22
[1] 7.185370e-16 1.918502e-24 4.959072e-34 2.007422e-22
[1] 7.214668e-16 1.919976e-24 4.161289e-34 2.009204e-22
[1] 7.207278e-16 1.919604e-24 4.286952e-34 2.008757e-22
[1] 7.190865e-16 1.918774e-24 3.833379e-34 2.007757e-22
[1] 7.182311e-16 1.918346e-24 3.811263e-34 2.007240e-22
Algorithm did not converge after  500  iterations.
[1] 1.878249e-16 1.576542e-24 9.910097e-24 1.727026e-33
Algorithm converged after  7  iterations.
[1] 1.878249e-16 1.576542e-24 1.596534e-22 8.475845e-30
Algorithm converged after  9  iterations.
[1] 1.878249e-16 9.910097e-24 1.727026e-33 1.596534e-22
Algorithm converged after  9  iterations.
[1] 1.878249e-16 9.910097e-24 1.596534e-22 8.475845e-30
Algorithm converged after  8  iterations.
[1] 1.878249e-16 1.576542e-24 9.910097e-24 1.596534e-22
Algorithm converged after  8  iterations.
[1] 1.878249e-16 2.030089e-19
Algorithm converged after  2  iterations.
[1] 1.878249e-16 2.030089e-19 1.755982e-31
Algorithm converged after  5  iterations.
[1] 1.878249e-16 2.030089e-19 3.325714e-29
Algorithm converged after  4  iterations.
[1] 1.878249e-16 2.030089e-19 6.868696e-28
Algorithm converged after  7  iterations.
[1] 1.878249e-16 2.030089e-19 1.755982e-31 1.028504e-33
Algorithm converged after  9  iterations.
[1] 1.878249e-16 2.030089e-19 3.325714e-29 1.042496e-32
[1] 1.933590e-16 2.052368e-19 3.313097e-29 1.151362e-64
[1] 1.933641e-16 2.052334e-19 3.313355e-29 3.486320e-49
[1] 1.834310e-16 1.948933e-19 3.376000e-29 8.880110e-53
[1] 1.840833e-16 2.000850e-19 3.349426e-29 1.036574e-32
[1] 1.930821e-16 2.052298e-19 3.313574e-29 1.439669e-53
[1] 1.932177e-16 2.052162e-19 3.314525e-29 1.047416e-32
[1] 1.791357e-16 2.031761e-19 3.339233e-29 6.090991e-56
[1] 1.784512e-16 1.821079e-19 3.450438e-29 6.515523e-47
[1] 1.933433e-16 2.053338e-19 3.314638e-29 2.084808e-47
[1] 1.959875e-16 1.936768e-19 3.369661e-29 1.033035e-32
[1] 1.933722e-16 2.053318e-19 3.314985e-29 2.082431e-47
[1] 1.722735e-16 2.008843e-19 3.361698e-29 1.033344e-32
[1] 1.762814e-16 2.072664e-19 3.324777e-29 1.042795e-32
[1] 1.926874e-16 2.092683e-19 3.295502e-29 1.191622e-53
[1] 1.825865e-16 1.996518e-19 3.357044e-29 1.035419e-32
[1] 1.934281e-16 2.053276e-19 3.316882e-29 4.472650e-48
[1] 1.669881e-16 1.869990e-19 3.442234e-29 1.113647e-39
[1] 1.930988e-16 2.052207e-19 3.317436e-29 6.461458e-49
[1] 1.934516e-16 2.053193e-19 3.317660e-29 6.594157e-53
[1] 1.788930e-16 1.828765e-19 3.449342e-29 8.630882e-57
[1] 1.926853e-16 2.092689e-19 3.297061e-29 1.051348e-32
Algorithm converged after  218  iterations.
[1] 1.878249e-16 2.030089e-19 6.868696e-28 1.462019e-29
Algorithm converged after  8  iterations.
[1] 1.878249e-16 2.030089e-19 1.755982e-31 3.325714e-29
Algorithm converged after  5  iterations.
[1] 1.878249e-16 2.030089e-19 1.755982e-31 6.868696e-28
Algorithm converged after  7  iterations.
[1] 1.878249e-16 2.030089e-19 3.325714e-29 6.868696e-28
Algorithm converged after  7  iterations.
numeric(0)
Algorithm converged after  1  iterations.
[1] 9.19407e-27
Algorithm converged after  2  iterations.
[1] 1.907834e-23
Algorithm converged after  2  iterations.
[1] 6.355179e-18
Algorithm converged after  2  iterations.
[1] 9.194070e-27 4.206176e-37
Algorithm converged after  2  iterations.
[1] 1.907834e-23 1.169351e-26
Algorithm converged after  2  iterations.
[1] 6.355179e-18 3.465306e-23
Algorithm converged after  2  iterations.
[1] 9.194070e-27 1.907834e-23
Algorithm converged after  2  iterations.
[1] 9.194070e-27 6.355179e-18
Algorithm converged after  2  iterations.
[1] 1.907834e-23 6.355179e-18
Algorithm converged after  2  iterations.
[1] 9.194070e-27 4.206176e-37 1.907834e-23
Algorithm converged after  2  iterations.
[1] 9.194070e-27 4.206176e-37 6.355179e-18
Algorithm converged after  2  iterations.
[1] 9.194070e-27 1.907834e-23 1.169351e-26
Algorithm converged after  2  iterations.
[1] 9.194070e-27 6.355179e-18 3.465306e-23
Algorithm converged after  2  iterations.
[1] 1.907834e-23 1.169351e-26 6.355179e-18
Algorithm converged after  2  iterations.
[1] 1.907834e-23 6.355179e-18 3.465306e-23
Algorithm converged after  2  iterations.
[1] 9.194070e-27 1.907834e-23 6.355179e-18
Algorithm converged after  2  iterations.
[1] 9.194070e-27 4.206176e-37 1.907834e-23 1.169351e-26
Algorithm converged after  2  iterations.
[1] 9.194070e-27 4.206176e-37 6.355179e-18 3.465306e-23
Algorithm converged after  2  iterations.
[1] 1.907834e-23 1.169351e-26 6.355179e-18 3.465306e-23
Algorithm converged after  2  iterations.
[1] 9.194070e-27 4.206176e-37 1.907834e-23 6.355179e-18
Algorithm converged after  2  iterations.
[1] 9.194070e-27 1.907834e-23 1.169351e-26 6.355179e-18
Algorithm converged after  2  iterations.
[1] 9.194070e-27 1.907834e-23 6.355179e-18 3.465306e-23
Algorithm converged after  2  iterations.
[1] 8.33883e-39
Algorithm converged after  2  iterations.
[1] 8.338830e-39 8.014191e-25
Algorithm converged after  7  iterations.
[1] 8.338830e-39 1.796192e-23
Algorithm converged after  5  iterations.
[1] 8.338830e-39 6.759827e-18
Algorithm converged after  8  iterations.
[1] 8.338830e-39 8.014191e-25 1.087840e-26
Algorithm converged after  10  iterations.
[1] 8.338830e-39 1.796192e-23 1.064120e-26
Algorithm converged after  8  iterations.
[1] 8.338830e-39 6.759827e-18 3.176310e-23
Algorithm converged after  5  iterations.
[1] 8.338830e-39 8.014191e-25 1.796192e-23
[1] 7.851078e-18 4.168460e-24 2.124811e-23
Algorithm converged after  11  iterations.
[1] 8.338830e-39 8.014191e-25 6.759827e-18
[1] 1.363175e-20 1.169421e-23 6.941246e-17
[1] 1.362381e-20 1.167310e-23 6.933217e-17
Algorithm converged after  24  iterations.
[1] 8.338830e-39 1.796192e-23 6.759827e-18
[1] 4.585356e-28 2.084837e-23 1.942433e-17
Algorithm converged after  16  iterations.
[1] 8.338830e-39 8.014191e-25 1.087840e-26 1.796192e-23
Algorithm converged after  8  iterations.
[1] 8.338830e-39 8.014191e-25 1.087840e-26 6.759827e-18
Algorithm converged after  7  iterations.
[1] 8.338830e-39 8.014191e-25 1.796192e-23 1.064120e-26
[1] 2.889350e-26 7.188922e-25 1.931057e-23 1.178802e-26
Algorithm converged after  17  iterations.
[1] 8.338830e-39 8.014191e-25 6.759827e-18 3.176310e-23
Algorithm converged after  8  iterations.
[1] 8.338830e-39 1.796192e-23 1.064120e-26 6.759827e-18
[1] 5.882836e-28 1.987961e-23 1.203004e-26 1.377935e-17
[1] 6.098477e-28 1.996234e-23 1.205592e-26 1.505602e-17
[1] 5.762068e-28 1.993818e-23 1.205379e-26 1.400122e-17
[1] 5.872429e-28 1.981724e-23 1.200167e-26 1.435771e-17
[1] 5.760586e-28 1.993900e-23 1.204731e-26 1.446119e-17
[1] 5.125828e-32 1.911408e-23 1.170861e-26 7.070383e-18
[1] 1.402275e-41 1.940650e-23 1.182675e-26 7.459979e-18
[1] 5.845443e-28 1.982215e-23 1.200019e-26 1.364279e-17
[1] 6.047329e-28 1.990464e-23 1.204011e-26 1.437926e-17
[1] 5.753228e-26 1.898399e-23 1.165844e-26 9.478940e-18
[1] 4.835458e-26 1.904482e-23 1.168631e-26 9.421778e-18
[1] 3.563665e-45 2.116316e-23 1.255428e-26 1.284957e-17
[1] 4.409384e-29 1.953940e-23 1.189059e-26 2.480829e-17
[1] 3.944068e-31 1.885522e-23 1.161020e-26 1.136717e-17
[1] 1.414972e-41 1.940464e-23 1.182574e-26 7.399638e-18
[1] 5.829979e-28 1.989794e-23 1.203048e-26 1.461210e-17
[1] 2.015484e-48 1.914772e-23 1.172237e-26 6.467074e-18
[1] 1.414439e-41 1.940063e-23 1.182379e-26 7.395292e-18
[1] 5.706624e-28 1.990839e-23 1.203102e-26 1.306001e-17
[1] 1.427096e-62 1.912589e-23 1.171796e-26 7.665581e-18
[1] 5.185084e-32 1.911364e-23 1.170843e-26 7.082537e-18
[1] 5.984699e-28 1.974313e-23 1.197316e-26 1.492224e-17
[1] 5.759824e-28 1.993900e-23 1.204749e-26 1.445626e-17
[1] 5.603580e-28 2.006553e-23 1.210128e-26 1.324189e-17
[1] 5.778248e-28 1.998357e-23 1.208007e-26 1.257168e-17
[1] 3.862678e-31 1.885867e-23 1.161195e-26 1.130106e-17
Algorithm converged after  267  iterations.
[1] 8.338830e-39 1.796192e-23 6.759827e-18 3.176310e-23
Algorithm converged after  6  iterations.
[1] 8.338830e-39 8.014191e-25 1.796192e-23 6.759827e-18
[1] 7.087428e-26 9.954455e-27 1.958506e-23 5.898371e-18
Algorithm converged after  11  iterations.
[1] 8.338830e-39 2.942545e-38
Algorithm converged after  2  iterations.
[1] 8.338830e-39 2.942545e-38 9.156080e-27
[1] 5.477642e-17 5.071659e-29 9.401960e-27
[1] 5.482538e-17 4.572683e-29 9.368255e-27
[1] 5.488095e-17 4.573084e-29 9.369142e-27
[1] 5.493638e-17 4.572833e-29 9.370157e-27
[1] 5.499164e-17 4.572584e-29 9.371173e-27
[1] 5.504672e-17 4.572332e-29 9.372191e-27
[1] 5.510164e-17 4.572096e-29 9.373235e-27
[1] 5.515639e-17 4.571843e-29 9.374269e-27
[1] 5.521096e-17 4.571590e-29 9.375306e-27
[1] 5.526537e-17 4.571335e-29 9.376346e-27
[1] 5.531960e-17 4.571078e-29 9.377391e-27
[1] 5.537367e-17 4.570819e-29 9.378438e-27
[1] 5.542757e-17 4.570565e-29 9.379487e-27
[1] 5.548130e-17 4.570294e-29 9.380536e-27
[1] 5.553487e-17 4.570036e-29 9.381608e-27
[1] 5.558827e-17 4.569766e-29 9.382672e-27
[1] 5.564150e-17 4.569497e-29 9.383739e-27
[1] 5.569457e-17 4.569225e-29 9.384806e-27
[1] 5.574747e-17 4.568942e-29 9.385860e-27
[1] 5.580022e-17 4.568682e-29 9.386963e-27
[1] 5.585081e-17 4.121238e-28 9.180327e-27
[1] 5.588984e-17 4.304672e-29 9.559985e-27
[1] 5.591315e-17 4.111182e-28 9.182669e-27
[1] 5.583855e-17 5.181302e-29 9.399849e-27
[1] 5.610570e-17 3.800537e-28 9.236698e-27
[1] 5.605960e-17 4.426928e-29 9.436538e-27
[1] 5.611389e-17 4.273780e-29 9.573356e-27
[1] 5.615373e-17 1.634587e-27 9.025007e-27
[1] 5.619604e-17 1.598695e-27 9.029664e-27
[1] 5.622733e-17 4.476587e-28 9.126417e-27
[1] 5.625655e-17 1.634319e-27 9.026122e-27
[1] 5.630679e-17 5.285439e-29 9.359366e-27
[1] 5.643044e-17 4.738219e-29 9.375020e-27
[1] 5.629304e-17 1.608762e-27 9.029997e-27
Algorithm converged after  341  iterations.
[1] 8.338830e-39 2.942545e-38 1.386263e-23
[1] 3.269808e-17 4.506479e-28 2.263307e-23
[1] 3.271427e-17 4.471857e-28 2.265269e-23
[1] 3.280682e-17 4.431169e-28 2.276194e-23
[1] 3.280511e-17 4.263093e-28 2.298083e-23
[1] 3.277127e-17 4.444647e-28 2.271384e-23
[1] 3.291809e-17 4.427381e-28 2.276965e-23
[1] 3.303455e-17 4.686769e-28 2.240994e-23
[1] 3.294421e-17 4.689746e-28 2.236607e-23
Algorithm converged after  81  iterations.
[1] 8.338830e-39 2.942545e-38 5.022991e-18
[1] 8.901000e-19 1.096661e-28 4.752406e-17
[1] 9.013258e-19 6.032588e-28 5.306786e-17
[1] 9.100852e-19 6.123025e-28 5.246318e-17
[1] 9.030649e-19 1.224158e-25 4.638261e-17
[1] 8.851909e-19 1.162511e-28 4.766796e-17
[1] 9.031999e-19 6.032310e-28 5.305566e-17
[1] 9.023942e-19 2.641961e-28 5.472365e-17
[1] 9.036538e-19 6.081220e-28 5.236250e-17
Algorithm converged after  90  iterations.
[1] 8.338830e-39 2.942545e-38 9.156080e-27 8.548753e-47
[1] 5.417862e-17 5.562051e-29 9.386350e-27 2.747436e-31
[1] 6.675086e-17 5.105232e-29 9.364030e-27 2.538678e-31
[1] 5.172286e-17 3.841992e-28 9.189250e-27 2.165479e-31
[1] 5.816213e-17 5.668963e-29 9.302096e-27 4.344237e-63
[1] 4.969545e-17 5.342503e-29 9.312689e-27 2.594218e-31
[1] 5.750474e-17 5.007406e-49 9.661498e-27 2.835043e-31
[1] 5.563997e-17 5.519181e-29 9.387643e-27 2.756194e-31
[1] 9.024482e-17 4.955796e-29 9.375003e-27 2.679383e-31
[1] 6.000962e-17 8.058252e-28 9.481412e-27 2.797721e-31
[1] 9.166309e-17 5.361333e-29 9.353599e-27 4.190530e-68
[1] 5.670675e-17 4.897849e-29 9.573735e-27 7.221735e-49
[1] 5.515288e-17 4.012458e-28 9.204420e-27 2.186602e-31
[1] 6.879280e-17 5.340178e-28 8.971007e-27 2.794019e-50
[1] 5.698247e-17 7.832299e-28 9.508055e-27 2.773128e-31
[1] 5.650049e-17 8.009911e-28 9.503459e-27 2.767485e-31
[1] 4.934000e-17 5.624623e-29 9.301174e-27 2.629232e-31
[1] 5.934893e-17 3.099542e-45 9.942906e-27 2.938443e-31
[1] 5.680141e-17 5.527383e-29 9.395939e-27 2.762885e-31
[1] 5.785674e-17 2.695595e-59 9.983196e-27 2.881229e-31
[1] 5.367984e-17 5.798057e-29 9.278003e-27 6.601543e-46
[1] 5.692693e-17 8.004384e-28 9.505337e-27 1.143330e-35
[1] 5.806040e-17 5.608940e-34 9.214553e-27 2.395732e-31
[1] 5.920315e-17 9.688765e-47 9.256811e-27 2.711789e-31
[1] 6.157364e-17 4.017759e-46 9.613310e-27 2.459047e-31
[1] 5.940356e-17 5.858280e-29 9.287164e-27 2.556311e-31
[1] 5.467572e-17 4.005655e-28 9.190963e-27 2.195163e-31
[1] 5.844618e-17 5.158579e-29 9.357840e-27 2.549521e-31
[1] 5.550518e-17 1.637239e-27 9.016437e-27 1.255802e-32
[1] 8.562841e-17 6.351646e-31 9.259868e-27 2.700670e-31
[1] 5.748880e-17 5.833352e-29 9.256983e-27 5.361729e-46
[1] 5.776178e-17 5.582027e-29 9.353799e-27 2.678810e-31
[1] 5.783585e-17 6.698767e-29 9.277641e-27 1.421765e-36
[1] 5.665713e-17 5.180425e-29 9.352883e-27 2.550326e-31
[1] 5.110434e-17 5.567013e-29 9.319630e-27 1.614600e-33
[1] 5.680766e-17 7.199307e-28 9.509379e-27 2.778780e-31
[1] 5.783970e-17 7.889404e-28 9.508306e-27 2.774152e-31
[1] 6.771988e-17 4.696624e-28 8.992589e-27 1.955435e-31
[1] 6.049860e-17 2.206073e-44 1.061701e-26 3.139793e-31
[1] 5.720262e-17 9.848199e-60 9.490789e-27 2.760737e-31
[1] 5.374818e-17 5.480403e-29 9.392114e-27 2.743516e-31
[1] 5.907565e-17 2.206603e-44 1.062992e-26 3.129412e-31
[1] 1.344416e-16 4.792086e-28 9.236431e-27 2.229486e-31
[1] 5.772876e-17 7.269254e-28 9.501746e-27 2.783785e-31
[1] 5.677960e-17 5.193042e-29 9.501151e-27 2.761925e-31
[1] 5.702468e-17 7.899922e-28 9.334551e-27 2.783013e-31
[1] 6.159226e-17 1.832339e-27 9.011789e-27 9.577231e-33
[1] 5.439984e-17 5.475651e-29 9.384526e-27 1.624817e-52
[1] 6.031258e-17 1.764546e-27 9.006919e-27 1.967914e-52
[1] 5.885807e-17 7.909690e-28 9.515689e-27 2.774542e-31
Algorithm did not converge after  500  iterations.
[1] 8.338830e-39 2.942545e-38 1.386263e-23 8.452721e-27
[1] 3.658386e-26 2.000354e-26 1.946249e-23 1.184830e-26
Algorithm converged after  16  iterations.
[1] 8.338830e-39 2.942545e-38 5.022991e-18 2.851473e-23
Algorithm converged after  10  iterations.
[1] 8.338830e-39 2.942545e-38 9.156080e-27 1.386263e-23
[1] 2.594289e-18 6.329276e-28 6.259395e-24 2.238377e-23
[1] 2.767773e-18 3.151966e-28 6.873413e-24 2.257245e-23
[1] 2.869823e-18 6.068604e-28 6.519530e-24 2.303101e-23
[1] 2.942751e-18 6.320701e-28 6.297636e-24 2.245884e-23
Algorithm converged after  44  iterations.
[1] 8.338830e-39 2.942545e-38 9.156080e-27 5.022991e-18
[1] 3.014349e-22 2.675440e-25 1.612429e-23 5.001080e-17
Algorithm converged after  20  iterations.
[1] 8.338830e-39 2.942545e-38 1.386263e-23 5.022991e-18
[1] 4.564483e-28 2.723996e-28 2.269455e-23 2.629618e-17
Algorithm converged after  15  iterations.
numeric(0)
Algorithm converged after  1  iterations.
[1] 7.879803e-24
Algorithm converged after  2  iterations.
[1] 9.540425e-24
Algorithm converged after  2  iterations.
[1] 1.621826e-17
Algorithm converged after  2  iterations.
[1] 7.879803e-24 1.404842e-26
Algorithm converged after  2  iterations.
[1] 9.540425e-24 9.466739e-26
Algorithm converged after  2  iterations.
[1] 1.621826e-17 3.902293e-23
Algorithm converged after  2  iterations.
[1] 7.879803e-24 9.540425e-24
Algorithm converged after  2  iterations.
[1] 7.879803e-24 1.621826e-17
Algorithm converged after  2  iterations.
[1] 9.540425e-24 1.621826e-17
Algorithm converged after  2  iterations.
[1] 7.879803e-24 1.404842e-26 9.540425e-24
Algorithm converged after  2  iterations.
[1] 7.879803e-24 1.404842e-26 1.621826e-17
Algorithm converged after  2  iterations.
[1] 7.879803e-24 9.540425e-24 9.466739e-26
Algorithm converged after  2  iterations.
[1] 7.879803e-24 1.621826e-17 3.902293e-23
Algorithm converged after  2  iterations.
[1] 9.540425e-24 9.466739e-26 1.621826e-17
Algorithm converged after  2  iterations.
[1] 9.540425e-24 1.621826e-17 3.902293e-23
Algorithm converged after  2  iterations.
[1] 7.879803e-24 9.540425e-24 1.621826e-17
Algorithm converged after  2  iterations.
[1] 7.879803e-24 1.404842e-26 9.540425e-24 9.466739e-26
Algorithm converged after  2  iterations.
[1] 7.879803e-24 1.404842e-26 1.621826e-17 3.902293e-23
Algorithm converged after  2  iterations.
[1] 9.540425e-24 9.466739e-26 1.621826e-17 3.902293e-23
Algorithm converged after  2  iterations.
[1] 7.879803e-24 1.404842e-26 9.540425e-24 1.621826e-17
Algorithm converged after  2  iterations.
[1] 7.879803e-24 9.540425e-24 9.466739e-26 1.621826e-17
Algorithm converged after  2  iterations.
[1] 7.879803e-24 9.540425e-24 1.621826e-17 3.902293e-23
Algorithm converged after  2  iterations.
[1] 2.727985e-16
Algorithm converged after  2  iterations.
[1] 2.727985e-16 1.661637e-24
Algorithm converged after  6  iterations.
[1] 2.727985e-16 3.420868e-24
Algorithm converged after  6  iterations.
[1] 2.727985e-16 1.120937e-22
Algorithm converged after  8  iterations.
[1] 2.727985e-16 1.661637e-24 4.052023e-31
[1] 3.676234e-16 1.715643e-24 5.853786e-51
[1] 4.329494e-16 1.750224e-24 4.194231e-31
[1] 3.624772e-16 1.713438e-24 4.126171e-31
[1] 4.329558e-16 1.750497e-24 7.166221e-52
[1] 3.881672e-16 1.727262e-24 4.134126e-31
[1] 4.324506e-16 1.750402e-24 3.811379e-51
[1] 4.343380e-16 1.751551e-24 6.655312e-49
[1] 3.644716e-16 1.715198e-24 4.135283e-31
[1] 3.862153e-16 1.726809e-24 4.147334e-31
[1] 4.329361e-16 1.751236e-24 4.963702e-53
[1] 3.697040e-16 1.718510e-24 2.256388e-47
[1] 4.329650e-16 1.751406e-24 4.179645e-31
[1] 3.373938e-16 1.700859e-24 4.100378e-31
[1] 4.338809e-16 1.752185e-24 9.823756e-52
[1] 3.639707e-16 1.715984e-24 4.159033e-31
[1] 3.822100e-16 1.725627e-24 4.142279e-31
[1] 3.644243e-16 1.716327e-24 9.311230e-51
[1] 4.344078e-16 1.752970e-24 1.011181e-46
[1] 3.691674e-16 1.721196e-24 2.257700e-47
[1] 4.330456e-16 1.754422e-24 5.430223e-54
[1] 3.681459e-16 1.720938e-24 4.162174e-31
[1] 3.686214e-16 1.721229e-24 7.019803e-52
[1] 4.317936e-16 1.754269e-24 4.160932e-31
[1] 3.653917e-16 1.719667e-24 4.142437e-31
[1] 3.459978e-16 1.708953e-24 4.096040e-31
[1] 3.631198e-16 1.718707e-24 4.150677e-31
[1] 3.640402e-16 1.719228e-24 4.142252e-31
[1] 3.643136e-16 1.719436e-24 3.440836e-45
[1] 3.592058e-16 1.716711e-24 4.115851e-31
[1] 3.642731e-16 1.719677e-24 4.133922e-31
[1] 4.324929e-16 1.755751e-24 4.227783e-31
[1] 4.340824e-16 1.756490e-24 1.859448e-49
[1] 4.327992e-16 1.755965e-24 7.932739e-45
[1] 3.837675e-16 1.730331e-24 7.102565e-51
[1] 4.326065e-16 1.755905e-24 4.671019e-54
[1] 4.324091e-16 1.756068e-24 4.194920e-31
[1] 3.468201e-16 1.710938e-24 4.133268e-31
[1] 4.323618e-16 1.756285e-24 1.187422e-48
[1] 4.337387e-16 1.756947e-24 4.169117e-31
Algorithm converged after  391  iterations.
[1] 2.727985e-16 3.420868e-24 1.771774e-31
Algorithm converged after  6  iterations.
[1] 2.727985e-16 1.120937e-22 3.110248e-30
[1] 8.118687e-16 1.326845e-22 2.769771e-28
Algorithm converged after  18  iterations.
[1] 2.727985e-16 1.661637e-24 3.420868e-24
Algorithm converged after  6  iterations.
[1] 2.727985e-16 1.661637e-24 1.120937e-22
Algorithm converged after  7  iterations.
[1] 2.727985e-16 3.420868e-24 1.120937e-22
Algorithm converged after  7  iterations.
[1] 2.727985e-16 1.661637e-24 4.052023e-31 3.420868e-24
[1] 6.042102e-16 1.829527e-24 4.271974e-31 3.696612e-24
[1] 6.063256e-16 1.830360e-24 4.247283e-31 3.698035e-24
Algorithm converged after  21  iterations.
[1] 2.727985e-16 1.661637e-24 4.052023e-31 1.120937e-22
[1] 1.097663e-15 2.016681e-24 2.292888e-65 1.413979e-22
[1] 1.089723e-15 2.013984e-24 3.837719e-39 1.411831e-22
[1] 1.098196e-15 2.017175e-24 4.322041e-31 1.414881e-22
Algorithm converged after  33  iterations.
[1] 2.727985e-16 1.661637e-24 3.420868e-24 1.771774e-31
Algorithm converged after  6  iterations.
[1] 2.727985e-16 1.661637e-24 1.120937e-22 3.110248e-30
[1] 9.901906e-16 1.979168e-24 1.382486e-22 1.148433e-49
[1] 1.118172e-15 2.023372e-24 1.419077e-22 3.124291e-28
[1] 1.186852e-15 2.046309e-24 1.438080e-22 1.240965e-32
[1] 1.169587e-15 2.040994e-24 1.433724e-22 8.238503e-34
[1] 1.011233e-15 1.986707e-24 1.388882e-22 3.056449e-28
[1] 1.080362e-15 2.010633e-24 1.408674e-22 1.314058e-33
[1] 1.178853e-15 2.043814e-24 1.436145e-22 3.170929e-28
[1] 9.907278e-16 1.979457e-24 1.382956e-22 3.035410e-28
[1] 1.196285e-15 2.049895e-24 1.441246e-22 3.230741e-28
Algorithm converged after  92  iterations.
[1] 2.727985e-16 3.420868e-24 1.771774e-31 1.120937e-22
Algorithm converged after  8  iterations.
[1] 2.727985e-16 3.420868e-24 1.120937e-22 3.110248e-30
[1] 1.239651e-15 4.075342e-24 1.451016e-22 6.489886e-39
[1] 1.253821e-15 4.082181e-24 1.454621e-22 3.143544e-28
Algorithm converged after  25  iterations.
[1] 2.727985e-16 1.661637e-24 3.420868e-24 1.120937e-22
Algorithm converged after  8  iterations.
[1] 2.727985e-16 1.438428e-19
Algorithm converged after  2  iterations.
[1] 2.727985e-16 1.438428e-19 5.114457e-31
Algorithm converged after  5  iterations.
[1] 2.727985e-16 1.438428e-19 4.610660e-29
Algorithm converged after  5  iterations.
[1] 2.727985e-16 1.438428e-19 3.490090e-28
Algorithm converged after  6  iterations.
[1] 2.727985e-16 1.438428e-19 5.114457e-31 1.644625e-34
Algorithm converged after  5  iterations.
[1] 2.727985e-16 1.438428e-19 4.610660e-29 9.469369e-33
Algorithm converged after  9  iterations.
[1] 2.727985e-16 1.438428e-19 3.490090e-28 6.555680e-30
Algorithm converged after  8  iterations.
[1] 2.727985e-16 1.438428e-19 5.114457e-31 4.610660e-29
Algorithm converged after  5  iterations.
[1] 2.727985e-16 1.438428e-19 5.114457e-31 3.490090e-28
Algorithm converged after  7  iterations.
[1] 2.727985e-16 1.438428e-19 4.610660e-29 3.490090e-28
Algorithm converged after  7  iterations.
numeric(0)
Algorithm converged after  1  iterations.
[1] 3.374388e-26
Algorithm converged after  2  iterations.
[1] 2.801326e-23
Algorithm converged after  2  iterations.
[1] 1.627166e-18
Algorithm converged after  2  iterations.
[1] 3.374388e-26 1.297170e-34
Algorithm converged after  2  iterations.
[1] 2.801326e-23 1.668277e-25
Algorithm converged after  2  iterations.
[1] 1.627166e-18 1.654008e-23
Algorithm converged after  2  iterations.
[1] 3.374388e-26 2.801326e-23
Algorithm converged after  2  iterations.
[1] 3.374388e-26 1.627166e-18
Algorithm converged after  2  iterations.
[1] 2.801326e-23 1.627166e-18
Algorithm converged after  2  iterations.
[1] 3.374388e-26 1.297170e-34 2.801326e-23
Algorithm converged after  2  iterations.
[1] 3.374388e-26 1.297170e-34 1.627166e-18
Algorithm converged after  2  iterations.
[1] 3.374388e-26 2.801326e-23 1.668277e-25
Algorithm converged after  2  iterations.
[1] 3.374388e-26 1.627166e-18 1.654008e-23
Algorithm converged after  2  iterations.
[1] 2.801326e-23 1.668277e-25 1.627166e-18
Algorithm converged after  2  iterations.
[1] 2.801326e-23 1.627166e-18 1.654008e-23
Algorithm converged after  2  iterations.
[1] 3.374388e-26 2.801326e-23 1.627166e-18
Algorithm converged after  2  iterations.
[1] 3.374388e-26 1.297170e-34 2.801326e-23 1.668277e-25
Algorithm converged after  2  iterations.
[1] 3.374388e-26 1.297170e-34 1.627166e-18 1.654008e-23
Algorithm converged after  2  iterations.
[1] 2.801326e-23 1.668277e-25 1.627166e-18 1.654008e-23
Algorithm converged after  2  iterations.
[1] 3.374388e-26 1.297170e-34 2.801326e-23 1.627166e-18
Algorithm converged after  2  iterations.
[1] 3.374388e-26 2.801326e-23 1.668277e-25 1.627166e-18
Algorithm converged after  2  iterations.
[1] 3.374388e-26 2.801326e-23 1.627166e-18 1.654008e-23
Algorithm converged after  2  iterations.
[1] 1.017302e-16
Algorithm converged after  2  iterations.
[1] 1.017302e-16 4.661337e-25
Algorithm converged after  6  iterations.
[1] 1.017302e-16 6.861946e-24
Algorithm converged after  6  iterations.
[1] 1.017302e-16 5.117559e-23
Algorithm converged after  8  iterations.
[1] 1.017302e-16 4.661337e-25 4.715572e-34
Algorithm converged after  5  iterations.
[1] 1.017302e-16 6.861946e-24 1.524713e-31
Algorithm converged after  6  iterations.
[1] 1.017302e-16 5.117559e-23 1.078291e-29
Algorithm converged after  7  iterations.
[1] 1.017302e-16 4.661337e-25 6.861946e-24
Algorithm converged after  7  iterations.
[1] 1.017302e-16 4.661337e-25 5.117559e-23
Algorithm converged after  8  iterations.
[1] 1.017302e-16 6.861946e-24 5.117559e-23
Algorithm converged after  8  iterations.
[1] 1.017302e-16 4.661337e-25 4.715572e-34 6.861946e-24
Algorithm converged after  6  iterations.
[1] 1.017302e-16 4.661337e-25 4.715572e-34 5.117559e-23
Algorithm converged after  8  iterations.
[1] 1.017302e-16 4.661337e-25 6.861946e-24 1.524713e-31
Algorithm converged after  7  iterations.
[1] 1.017302e-16 4.661337e-25 5.117559e-23 1.078291e-29
Algorithm converged after  8  iterations.
[1] 1.017302e-16 6.861946e-24 1.524713e-31 5.117559e-23
Algorithm converged after  8  iterations.
[1] 1.017302e-16 6.861946e-24 5.117559e-23 1.078291e-29
Algorithm converged after  8  iterations.
[1] 1.017302e-16 4.661337e-25 6.861946e-24 5.117559e-23
Algorithm converged after  8  iterations.
[1] 1.017302e-16 9.025799e-20
Algorithm converged after  2  iterations.
[1] 1.017302e-16 9.025799e-20 2.405131e-31
Algorithm converged after  5  iterations.
[1] 1.017302e-16 9.025799e-20 4.068903e-29
Algorithm converged after  4  iterations.
[1] 1.017302e-16 9.025799e-20 8.823176e-28
Algorithm converged after  6  iterations.
[1] 1.017302e-16 9.025799e-20 2.405131e-31 1.094479e-48
[1] 1.141527e-16 8.977916e-20 2.430201e-31 1.752922e-34
[1] 1.164947e-16 9.070406e-20 2.433374e-31 1.806727e-34
Algorithm converged after  25  iterations.
[1] 1.017302e-16 9.025799e-20 4.068903e-29 2.366204e-35
Algorithm converged after  7  iterations.
[1] 1.017302e-16 9.025799e-20 8.823176e-28 1.818531e-29
Algorithm converged after  8  iterations.
[1] 1.017302e-16 9.025799e-20 2.405131e-31 4.068903e-29
Algorithm converged after  5  iterations.
[1] 1.017302e-16 9.025799e-20 2.405131e-31 8.823176e-28
Algorithm converged after  7  iterations.
[1] 1.017302e-16 9.025799e-20 4.068903e-29 8.823176e-28
Algorithm converged after  6  iterations.
Warning messages:
1: In max(abs(CT), na.rm = T) :
  no non-missing arguments to max; returning -Inf
2: In max(abs(CT), na.rm = T) :
  no non-missing arguments to max; returning -Inf
3: In max(abs(CT), na.rm = T) :
  no non-missing arguments to max; returning -Inf
4: In max(abs(CT), na.rm = T) :
  no non-missing arguments to max; returning -Inf
5: In max(abs(CT), na.rm = T) :
  no non-missing arguments to max; returning -Inf
6: In max(abs(CT), na.rm = T) :
  no non-missing arguments to max; returning -Inf
7: In max(abs(CT), na.rm = T) :
  no non-missing arguments to max; returning -Inf
8: In max(abs(CT), na.rm = T) :
  no non-missing arguments to max; returning -Inf
9: In max(abs(CT), na.rm = T) :
  no non-missing arguments to max; returning -Inf
10: In max(abs(CT), na.rm = T) :
  no non-missing arguments to max; returning -Inf
[1] "Best iter parameter is:"
   gam  rankJ rankA1 rankA2 rankA3 
     9      2      0      0      2 
[1] 1.839499e-16 1.324993e-19 3.587443e-28 1.445601e-29
Algorithm converged after  8  iterations.
         [,1]     [,2]     [,3]
[1,] 3.626881 9.994424 51.27615
