myseed=8227 

Attaching package: ‘pls’

The following object is masked from ‘package:stats’:

    loadings

Loading required package: lattice
Loading required package: ggplot2
Registered S3 methods overwritten by 'ggplot2':
  method         from 
  [.quosures     rlang
  c.quosures     rlang
  print.quosures rlang

Attaching package: ‘caret’

The following object is masked from ‘package:pls’:

    R2

Loading required package: Matrix
Loading required package: foreach
Loaded glmnet 2.0-18

Parsed with column specification:
cols(
  .default = col_double()
)
See spec(...) for full column specifications.
Parsed with column specification:
cols(
  X1 = col_double()
)
Parsed with column specification:
cols(
  X1 = col_double()
)
numeric(0)
Algorithm converged after  1  iterations.
[1] 1.075748e-23
Algorithm converged after  2  iterations.
[1] 9.398366e-24
Algorithm converged after  2  iterations.
[1] 9.832446e-18
Algorithm converged after  2  iterations.
[1] 1.075748e-23 7.144555e-27
Algorithm converged after  2  iterations.
[1] 9.398366e-24 3.438968e-26
Algorithm converged after  2  iterations.
[1] 9.832446e-18 2.791557e-23
Algorithm converged after  2  iterations.
[1] 1.075748e-23 9.398366e-24
Algorithm converged after  2  iterations.
[1] 1.075748e-23 9.832446e-18
Algorithm converged after  2  iterations.
[1] 9.398366e-24 9.832446e-18
Algorithm converged after  2  iterations.
[1] 1.075748e-23 7.144555e-27 9.398366e-24
Algorithm converged after  2  iterations.
[1] 1.075748e-23 7.144555e-27 9.832446e-18
Algorithm converged after  2  iterations.
[1] 1.075748e-23 9.398366e-24 3.438968e-26
Algorithm converged after  2  iterations.
[1] 1.075748e-23 9.832446e-18 2.791557e-23
Algorithm converged after  2  iterations.
[1] 9.398366e-24 3.438968e-26 9.832446e-18
Algorithm converged after  2  iterations.
[1] 9.398366e-24 9.832446e-18 2.791557e-23
Algorithm converged after  2  iterations.
[1] 1.075748e-23 9.398366e-24 9.832446e-18
Algorithm converged after  2  iterations.
[1] 1.075748e-23 7.144555e-27 9.398366e-24 3.438968e-26
Algorithm converged after  2  iterations.
[1] 1.075748e-23 7.144555e-27 9.832446e-18 2.791557e-23
Algorithm converged after  2  iterations.
[1] 9.398366e-24 3.438968e-26 9.832446e-18 2.791557e-23
Algorithm converged after  2  iterations.
[1] 1.075748e-23 7.144555e-27 9.398366e-24 9.832446e-18
Algorithm converged after  2  iterations.
[1] 1.075748e-23 9.398366e-24 3.438968e-26 9.832446e-18
Algorithm converged after  2  iterations.
[1] 1.075748e-23 9.398366e-24 9.832446e-18 2.791557e-23
Algorithm converged after  2  iterations.
[1] 1.804511e-16
Algorithm converged after  2  iterations.
[1] 1.804511e-16 1.935471e-24
Algorithm converged after  6  iterations.
[1] 1.804511e-16 3.658866e-24
Algorithm converged after  6  iterations.
[1] 1.804511e-16 6.918751e-23
Algorithm converged after  7  iterations.
[1] 1.804511e-16 1.935471e-24 1.091635e-31
Algorithm converged after  6  iterations.
[1] 1.804511e-16 3.658866e-24 1.952470e-33
[1] 2.637939e-16 3.783436e-24 3.582364e-43
[1] 2.660101e-16 3.786750e-24 4.889517e-43
[1] 2.853825e-16 3.813523e-24 6.728129e-40
[1] 2.591622e-16 3.777682e-24 4.055491e-39
[1] 2.256877e-16 3.730710e-24 1.861321e-33
[1] 2.618111e-16 3.782083e-24 1.860555e-33
[1] 2.269471e-16 3.733573e-24 4.570376e-43
[1] 2.417127e-16 3.754932e-24 3.104123e-55
[1] 2.255126e-16 3.731727e-24 7.351894e-50
[1] 2.251450e-16 3.731316e-24 4.023180e-39
[1] 2.712756e-16 3.796867e-24 1.191707e-49
[1] 2.259615e-16 3.733471e-24 7.410463e-55
[1] 2.844592e-16 3.815429e-24 2.080719e-42
[1] 2.528089e-16 3.772116e-24 2.003247e-49
[1] 2.613732e-16 3.784578e-24 2.836851e-45
[1] 2.729783e-16 3.800999e-24 4.076435e-39
[1] 2.797907e-16 3.810652e-24 8.456182e-33
Algorithm converged after  174  iterations.
[1] 1.804511e-16 6.918751e-23 1.234717e-33
[1] 5.426134e-16 8.218003e-23 3.246009e-30
[1] 5.416568e-16 8.214748e-23 3.131519e-30
[1] 5.302207e-16 8.181970e-23 1.040005e-32
[1] 5.405730e-16 8.212492e-23 1.014233e-32
[1] 5.373755e-16 8.203817e-23 9.559560e-33
[1] 5.418882e-16 8.217215e-23 1.065017e-32
[1] 5.407694e-16 8.213882e-23 1.050364e-32
[1] 5.410291e-16 8.214641e-23 1.066008e-32
[1] 5.411434e-16 8.215026e-23 1.065748e-32
[1] 5.433064e-16 8.221926e-23 3.129748e-30
[1] 5.326932e-16 8.191629e-23 1.045849e-32
[1] 5.403116e-16 8.216809e-23 1.059001e-32
[1] 5.406688e-16 8.217864e-23 1.061110e-32
[1] 5.420221e-16 8.221884e-23 9.703480e-33
[1] 5.392115e-16 8.213557e-23 1.047706e-32
[1] 5.421440e-16 8.222272e-23 1.068219e-32
[1] 5.385342e-16 8.211561e-23 9.532300e-33
[1] 5.394443e-16 8.214250e-23 1.001690e-32
[1] 5.422344e-16 8.222519e-23 9.711555e-33
[1] 5.411393e-16 8.219257e-23 1.007046e-32
[1] 5.404612e-16 8.217270e-23 9.443033e-33
[1] 5.398502e-16 8.215442e-23 1.027620e-32
[1] 5.422304e-16 8.222554e-23 1.054928e-32
[1] 5.376876e-16 8.209055e-23 1.062342e-32
[1] 5.392000e-16 8.213532e-23 1.049865e-32
[1] 5.409161e-16 8.218739e-23 1.032201e-32
[1] 5.369664e-16 8.206949e-23 1.038344e-32
[1] 5.360639e-16 8.204277e-23 1.027048e-32
[1] 4.683218e-16 7.999436e-23 3.012481e-30
[1] 5.476741e-16 8.240799e-23 8.360097e-43
[1] 4.808934e-16 8.041621e-23 3.018709e-30
[1] 4.854156e-16 8.059535e-23 3.046685e-30
[1] 5.359736e-16 8.211856e-23 1.048863e-32
[1] 5.499404e-16 8.253128e-23 1.671619e-45
[1] 5.407107e-16 8.227571e-23 9.887479e-33
[1] 5.411068e-16 8.228659e-23 1.065432e-32
[1] 5.408323e-16 8.227821e-23 1.051768e-32
[1] 5.412874e-16 8.229267e-23 1.057321e-32
[1] 5.415383e-16 8.230009e-23 1.056495e-32
[1] 5.474013e-16 8.247200e-23 3.127068e-30
[1] 4.986189e-16 8.102584e-23 3.004155e-30
[1] 5.398503e-16 8.228141e-23 9.346442e-33
[1] 5.383488e-16 8.223691e-23 9.795015e-33
[1] 5.363441e-16 8.217777e-23 4.304015e-40
[1] 5.422157e-16 8.236343e-23 1.033957e-32
[1] 5.407138e-16 8.231858e-23 1.031435e-32
[1] 5.411938e-16 8.233284e-23 1.068494e-32
[1] 5.386614e-16 8.225783e-23 1.031463e-32
[1] 5.381982e-16 8.224430e-23 1.057416e-32
Algorithm did not converge after  500  iterations.
[1] 1.804511e-16 1.935471e-24 3.658866e-24
Algorithm converged after  7  iterations.
[1] 1.804511e-16 1.935471e-24 6.918751e-23
Algorithm converged after  8  iterations.
[1] 1.804511e-16 3.658866e-24 6.918751e-23
Algorithm converged after  8  iterations.
[1] 1.804511e-16 1.935471e-24 1.091635e-31 3.658866e-24
[1] 4.135103e-16 2.151736e-24 8.087686e-34 3.970433e-24
[1] 3.753113e-16 2.120932e-24 8.697440e-34 3.926252e-24
[1] 3.757801e-16 2.121312e-24 9.135720e-34 3.926800e-24
[1] 3.749679e-16 2.120651e-24 9.054075e-34 3.925847e-24
[1] 3.766361e-16 2.122007e-24 8.338690e-34 3.927802e-24
[1] 3.745534e-16 2.120315e-24 8.752120e-34 3.925361e-24
[1] 3.745851e-16 2.120341e-24 8.044825e-34 3.925398e-24
[1] 3.752851e-16 2.120910e-24 9.091867e-34 3.926219e-24
[1] 3.764064e-16 2.121821e-24 8.118227e-34 3.927532e-24
[1] 3.756559e-16 2.121211e-24 8.078253e-34 3.926653e-24
[1] 3.760010e-16 2.121492e-24 9.073838e-34 3.927057e-24
[1] 3.768551e-16 2.122184e-24 9.070892e-34 3.928055e-24
[1] 3.760935e-16 2.121565e-24 9.132691e-34 3.927163e-24
[1] 3.757570e-16 2.121292e-24 8.735881e-34 3.926769e-24
[1] 3.744604e-16 2.120238e-24 9.170482e-34 3.925249e-24
[1] 3.745610e-16 2.120318e-24 8.834956e-34 3.925364e-24
[1] 3.750391e-16 2.120708e-24 8.645106e-34 3.925926e-24
[1] 3.762894e-16 2.121724e-24 9.132800e-34 3.927390e-24
[1] 3.748626e-16 2.120564e-24 8.940771e-34 3.925718e-24
[1] 3.745278e-16 2.120292e-24 9.099253e-34 3.925326e-24
[1] 3.754275e-16 2.121024e-24 8.394641e-34 3.926380e-24
[1] 3.747684e-16 2.120487e-24 8.198878e-34 3.925606e-24
[1] 3.743830e-16 2.120174e-24 8.859273e-34 3.925155e-24
[1] 3.746786e-16 2.120415e-24 7.982890e-34 3.925502e-24
[1] 3.759406e-16 2.121441e-24 9.141261e-34 3.926981e-24
[1] 3.750633e-16 2.120727e-24 8.988017e-34 3.925951e-24
[1] 3.758399e-16 2.121359e-24 8.317584e-34 3.926862e-24
[1] 3.756976e-16 2.121243e-24 8.576860e-34 3.926695e-24
[1] 3.746000e-16 2.120350e-24 9.117090e-34 3.925408e-24
[1] 3.745116e-16 2.120276e-24 8.879114e-34 3.925301e-24
[1] 3.767512e-16 2.122098e-24 9.165390e-34 3.927927e-24
[1] 3.743914e-16 2.120179e-24 9.185300e-34 3.925160e-24
[1] 3.764819e-16 2.121879e-24 8.288760e-34 3.927610e-24
[1] 3.756635e-16 2.121214e-24 9.165088e-34 3.926652e-24
[1] 3.744068e-16 2.120191e-24 8.961414e-34 3.925177e-24
[1] 3.744720e-16 2.120243e-24 8.570763e-34 3.925252e-24
[1] 3.765002e-16 2.121893e-24 9.115836e-34 3.927630e-24
[1] 3.761381e-16 2.121598e-24 8.229309e-34 3.927205e-24
[1] 3.744287e-16 2.120208e-24 9.198289e-34 3.925201e-24
[1] 3.748063e-16 2.120516e-24 8.758710e-34 3.925644e-24
[1] 3.743243e-16 2.120124e-24 8.930320e-34 3.925078e-24
[1] 3.757496e-16 2.121284e-24 9.018845e-34 3.926750e-24
[1] 3.764934e-16 2.121887e-24 9.053116e-34 3.927621e-24
[1] 3.750463e-16 2.120711e-24 9.147035e-34 3.925925e-24
[1] 3.758794e-16 2.121432e-24 8.359158e-34 3.926946e-24
[1] 4.137804e-16 2.152064e-24 8.559537e-34 3.970858e-24
[1] 3.762019e-16 2.121788e-24 8.563027e-34 3.927432e-24
[1] 3.766693e-16 2.122167e-24 9.073464e-34 3.927977e-24
[1] 3.766290e-16 2.122135e-24 9.046925e-34 3.927931e-24
Algorithm did not converge after  500  iterations.
[1] 1.804511e-16 1.935471e-24 1.091635e-31 6.918751e-23
[1] 6.572950e-16 2.325890e-24 5.670776e-35 8.556519e-23
[1] 6.414944e-16 2.315356e-24 1.124334e-31 8.512521e-23
[1] 6.501321e-16 2.321138e-24 1.124820e-31 8.537096e-23
[1] 6.496235e-16 2.320492e-24 1.124660e-31 8.534965e-23
[1] 6.572531e-16 2.326227e-24 5.674443e-35 8.561188e-23
[1] 6.598011e-16 2.328030e-24 5.717230e-35 8.568867e-23
[1] 6.431867e-16 2.316764e-24 5.657120e-35 8.522065e-23
[1] 6.595354e-16 2.327869e-24 1.125396e-31 8.568644e-23
[1] 6.304539e-16 2.308216e-24 1.123623e-31 8.486852e-23
[1] 6.450118e-16 2.318135e-24 2.226686e-48 8.528618e-23
[1] 6.593791e-16 2.327869e-24 9.141092e-37 8.569442e-23
[1] 6.39973e-16 2.31485e-24 1.12421e-31 8.51511e-23
[1] 6.413967e-16 2.315865e-24 5.903709e-37 8.520453e-23
[1] 6.596744e-16 2.328281e-24 2.452512e-35 8.572677e-23
[1] 6.586396e-16 2.327673e-24 5.718023e-35 8.570336e-23
[1] 6.569039e-16 2.326428e-24 1.987642e-35 8.565497e-23
[1] 6.412697e-16 2.316019e-24 7.327191e-34 8.522005e-23
[1] 6.574713e-16 2.326941e-24 2.253484e-48 8.567965e-23
[1] 6.597542e-16 2.328524e-24 1.125407e-31 8.574941e-23
[1] 6.490232e-16 2.321037e-24 1.124625e-31 8.544279e-23
[1] 6.594532e-16 2.328360e-24 1.125380e-31 8.574940e-23
[1] 6.585967e-16 2.327861e-24 5.466067e-35 8.572906e-23
[1] 6.512487e-16 2.322756e-24 1.124816e-31 8.551814e-23
[1] 6.180618e-16 2.300610e-24 1.122997e-31 8.459077e-23
[1] 6.495178e-16 2.321788e-24 1.124758e-31 8.548230e-23
[1] 6.593057e-16 2.328394e-24 2.032224e-36 8.576118e-23
[1] 6.594949e-16 2.328540e-24 5.768159e-48 8.576928e-23
[1] 6.456106e-16 2.319275e-24 1.124539e-31 8.538382e-23
[1] 6.597874e-16 2.328813e-24 3.006558e-35 8.578475e-23
[1] 6.586520e-16 2.328113e-24 1.125339e-31 8.575812e-23
[1] 5.955161e-16 2.285520e-24 2.875485e-36 8.397075e-23
[1] 6.487884e-16 2.321211e-24 5.420153e-35 8.547558e-23
[1] 6.502681e-16 2.322577e-24 1.124826e-31 8.553431e-23
[1] 6.599386e-16 2.328840e-24 1.944768e-47 8.580010e-23
[1] 6.599108e-16 2.329087e-24 2.573593e-35 8.581175e-23
[1] 6.153440e-16 2.299031e-24 1.122827e-31 8.455322e-23
[1] 6.584617e-16 2.328202e-24 5.248057e-35 8.578069e-23
[1] 6.469046e-16 2.320208e-24 1.124534e-31 8.545072e-23
[1] 6.345311e-16 2.312120e-24 1.196824e-35 8.511193e-23
[1] 6.577228e-16 2.327790e-24 5.716008e-35 8.577074e-23
[1] 6.413869e-16 2.316894e-24 1.124326e-31 8.531434e-23
[1] 6.505028e-16 2.322990e-24 5.695192e-35 8.557244e-23
[1] 6.401209e-16 2.315989e-24 5.499885e-35 8.528121e-23
[1] 6.446107e-16 2.318929e-24 1.124423e-31 8.541054e-23
[1] 6.415659e-16 2.317137e-24 1.124337e-31 8.533466e-23
[1] 6.417266e-16 2.317227e-24 1.124326e-31 8.534064e-23
[1] 6.584434e-16 2.328520e-24 1.125328e-31 8.581777e-23
[1] 6.577290e-16 2.328033e-24 3.828366e-37 8.579963e-23
[1] 6.598150e-16 2.329466e-24 3.465783e-62 8.586401e-23
Algorithm did not converge after  500  iterations.
[1] 1.804511e-16 1.935471e-24 3.658866e-24 1.952470e-33
[1] 3.651963e-16 2.112146e-24 3.913791e-24 4.158261e-39
Algorithm converged after  15  iterations.
[1] 1.804511e-16 1.935471e-24 6.918751e-23 1.234717e-33
[1] 7.219917e-16 2.366954e-24 8.730700e-23 2.516834e-29
[1] 6.465050e-16 2.318323e-24 8.526209e-23 2.390949e-29
[1] 7.277906e-16 2.370652e-24 8.746851e-23 3.067193e-30
Algorithm converged after  33  iterations.
[1] 1.804511e-16 3.658866e-24 1.952470e-33 6.918751e-23
[1] 6.251655e-16 4.187533e-24 9.830729e-38 8.465282e-23
[1] 6.293449e-16 4.191511e-24 1.275297e-30 8.477128e-23
[1] 6.293381e-16 4.191532e-24 8.956508e-33 8.477387e-23
[1] 6.293438e-16 4.191546e-24 1.275180e-30 8.477525e-23
[1] 6.010900e-16 4.164294e-24 9.769467e-38 8.397278e-23
Algorithm converged after  57  iterations.
[1] 1.804511e-16 3.658866e-24 6.918751e-23 1.234717e-33
[1] 7.078627e-16 4.263682e-24 8.690569e-23 3.262778e-30
Algorithm converged after  16  iterations.
[1] 1.804511e-16 1.935471e-24 3.658866e-24 6.918751e-23
Algorithm converged after  8  iterations.
[1] 1.804511e-16 1.204571e-19
Algorithm converged after  2  iterations.
[1] 1.804511e-16 1.204571e-19 1.631394e-31
Algorithm converged after  5  iterations.
[1] 1.804511e-16 1.204571e-19 5.291023e-30
Algorithm converged after  4  iterations.
[1] 1.804511e-16 1.204571e-19 1.065418e-28
Algorithm converged after  5  iterations.
[1] 1.804511e-16 1.204571e-19 1.631394e-31 1.887054e-34
Algorithm converged after  6  iterations.
[1] 1.804511e-16 1.204571e-19 5.291023e-30 4.717702e-61
Algorithm converged after  9  iterations.
[1] 1.804511e-16 1.204571e-19 1.065418e-28 5.032115e-30
Algorithm converged after  7  iterations.
[1] 1.804511e-16 1.204571e-19 1.631394e-31 5.291023e-30
Algorithm converged after  5  iterations.
[1] 1.804511e-16 1.204571e-19 1.631394e-31 1.065418e-28
Algorithm converged after  6  iterations.
[1] 1.804511e-16 1.204571e-19 5.291023e-30 1.065418e-28
Algorithm converged after  5  iterations.
numeric(0)
Algorithm converged after  1  iterations.
[1] 2.639778e-23
Algorithm converged after  2  iterations.
[1] 1.575813e-25
Algorithm converged after  2  iterations.
[1] 2.000408e-18
Algorithm converged after  2  iterations.
[1] 2.639778e-23 8.480487e-26
Algorithm converged after  2  iterations.
[1] 1.575813e-25 1.459834e-32
Algorithm converged after  2  iterations.
[1] 2.000408e-18 4.478264e-23
Algorithm converged after  2  iterations.
[1] 2.639778e-23 1.575813e-25
Algorithm converged after  2  iterations.
[1] 2.639778e-23 2.000408e-18
Algorithm converged after  2  iterations.
[1] 1.575813e-25 2.000408e-18
Algorithm converged after  2  iterations.
[1] 2.639778e-23 8.480487e-26 1.575813e-25
Algorithm converged after  2  iterations.
[1] 2.639778e-23 8.480487e-26 2.000408e-18
Algorithm converged after  2  iterations.
[1] 2.639778e-23 1.575813e-25 1.459834e-32
Algorithm converged after  2  iterations.
[1] 2.639778e-23 2.000408e-18 4.478264e-23
Algorithm converged after  2  iterations.
[1] 1.575813e-25 1.459834e-32 2.000408e-18
Algorithm converged after  2  iterations.
[1] 1.575813e-25 2.000408e-18 4.478264e-23
Algorithm converged after  2  iterations.
[1] 2.639778e-23 1.575813e-25 2.000408e-18
Algorithm converged after  2  iterations.
[1] 2.639778e-23 8.480487e-26 1.575813e-25 1.459834e-32
Algorithm converged after  2  iterations.
[1] 2.639778e-23 8.480487e-26 2.000408e-18 4.478264e-23
Algorithm converged after  2  iterations.
[1] 1.575813e-25 1.459834e-32 2.000408e-18 4.478264e-23
Algorithm converged after  2  iterations.
[1] 2.639778e-23 8.480487e-26 1.575813e-25 2.000408e-18
Algorithm converged after  2  iterations.
[1] 2.639778e-23 1.575813e-25 1.459834e-32 2.000408e-18
Algorithm converged after  2  iterations.
[1] 2.639778e-23 1.575813e-25 2.000408e-18 4.478264e-23
Algorithm converged after  2  iterations.
[1] 1.395333e-16
Algorithm converged after  2  iterations.
[1] 1.395333e-16 4.613991e-24
Algorithm converged after  6  iterations.
[1] 1.395333e-16 1.785193e-24
Algorithm converged after  6  iterations.
[1] 1.395333e-16 1.113316e-22
Algorithm converged after  7  iterations.
[1] 1.395333e-16 4.613991e-24 9.347920e-35
Algorithm converged after  6  iterations.
[1] 1.395333e-16 1.785193e-24 1.942962e-43
[1] 1.792899e-16 1.828777e-24 1.277244e-33
[1] 1.788591e-16 1.828585e-24 1.210254e-39
Algorithm converged after  26  iterations.
[1] 1.395333e-16 1.113316e-22 1.634725e-29
Algorithm converged after  9  iterations.
[1] 1.395333e-16 4.613991e-24 1.785193e-24
Algorithm converged after  7  iterations.
[1] 1.395333e-16 4.613991e-24 1.113316e-22
Algorithm converged after  7  iterations.
[1] 1.395333e-16 1.785193e-24 1.113316e-22
Algorithm converged after  7  iterations.
[1] 1.395333e-16 4.613991e-24 9.347920e-35 1.785193e-24
Algorithm converged after  7  iterations.
[1] 1.395333e-16 4.613991e-24 9.347920e-35 1.113316e-22
Algorithm converged after  8  iterations.
[1] 1.395333e-16 4.613991e-24 1.785193e-24 1.942962e-43
[1] 2.678064e-16 4.967970e-24 1.912842e-24 1.777305e-33
[1] 2.973046e-16 5.037457e-24 1.937879e-24 1.225103e-45
[1] 2.677980e-16 4.968495e-24 1.913062e-24 1.776018e-33
Algorithm converged after  32  iterations.
[1] 1.395333e-16 4.613991e-24 1.113316e-22 1.634725e-29
Algorithm converged after  9  iterations.
[1] 1.395333e-16 1.785193e-24 1.942962e-43 1.113316e-22
Algorithm converged after  7  iterations.
[1] 1.395333e-16 1.785193e-24 1.113316e-22 1.634725e-29
Algorithm converged after  9  iterations.
[1] 1.395333e-16 4.613991e-24 1.785193e-24 1.113316e-22
Algorithm converged after  8  iterations.
[1] 1.395333e-16 1.675682e-19
Algorithm converged after  2  iterations.
[1] 1.395333e-16 1.675682e-19 2.648530e-31
Algorithm converged after  5  iterations.
[1] 1.395333e-16 1.675682e-19 1.975741e-29
Algorithm converged after  4  iterations.
[1] 1.395333e-16 1.675682e-19 1.165921e-28
[1] 1.722154e-16 1.725907e-19 1.175946e-28
[1] 1.722143e-16 1.725907e-19 1.175947e-28
[1] 1.722143e-16 1.725907e-19 1.175947e-28
[1] 1.722143e-16 1.725907e-19 1.175947e-28
[1] 1.722143e-16 1.725907e-19 1.175947e-28
[1] 1.722143e-16 1.725907e-19 1.175947e-28
[1] 1.722143e-16 1.725907e-19 1.175947e-28
[1] 1.722143e-16 1.725907e-19 1.175947e-28
[1] 1.722143e-16 1.725907e-19 1.175947e-28
[1] 1.722143e-16 1.725907e-19 1.175947e-28
[1] 1.722143e-16 1.725907e-19 1.175947e-28
[1] 1.722143e-16 1.725907e-19 1.175947e-28
[1] 1.722143e-16 1.725907e-19 1.175947e-28
[1] 1.722143e-16 1.725907e-19 1.175947e-28
[1] 1.722143e-16 1.725907e-19 1.175947e-28
[1] 1.722143e-16 1.725907e-19 1.175947e-28
[1] 1.722143e-16 1.725907e-19 1.175947e-28
[1] 1.722143e-16 1.725907e-19 1.175947e-28
[1] 1.722143e-16 1.725907e-19 1.175947e-28
[1] 1.722143e-16 1.725907e-19 1.175947e-28
[1] 1.722143e-16 1.725907e-19 1.175947e-28
[1] 1.722143e-16 1.725907e-19 1.175947e-28
[1] 1.722143e-16 1.725907e-19 1.175947e-28
[1] 1.722143e-16 1.725907e-19 1.175947e-28
[1] 1.722143e-16 1.725907e-19 1.175947e-28
[1] 1.722143e-16 1.725907e-19 1.175947e-28
[1] 1.722143e-16 1.725907e-19 1.175947e-28
[1] 1.722143e-16 1.725907e-19 1.175947e-28
[1] 1.722143e-16 1.725907e-19 1.175947e-28
[1] 1.722143e-16 1.725907e-19 1.175947e-28
[1] 1.722143e-16 1.725907e-19 1.175947e-28
[1] 1.722143e-16 1.725907e-19 1.175947e-28
[1] 1.722143e-16 1.725907e-19 1.175947e-28
[1] 1.722143e-16 1.725907e-19 1.175947e-28
[1] 1.722143e-16 1.725907e-19 1.175947e-28
[1] 1.722143e-16 1.725907e-19 1.175947e-28
[1] 1.722143e-16 1.725907e-19 1.175947e-28
[1] 1.722143e-16 1.725907e-19 1.175947e-28
[1] 1.722143e-16 1.725907e-19 1.175947e-28
[1] 1.722143e-16 1.725907e-19 1.175947e-28
[1] 1.722143e-16 1.725907e-19 1.175947e-28
[1] 1.722143e-16 1.725907e-19 1.175947e-28
[1] 1.722143e-16 1.725907e-19 1.175947e-28
[1] 1.722143e-16 1.725907e-19 1.175947e-28
[1] 1.722143e-16 1.725907e-19 1.175947e-28
[1] 1.722143e-16 1.725907e-19 1.175947e-28
[1] 1.722143e-16 1.725907e-19 1.175947e-28
[1] 1.722143e-16 1.725907e-19 1.175947e-28
[1] 1.722143e-16 1.725907e-19 1.175947e-28
Algorithm did not converge after  500  iterations.
[1] 1.395333e-16 1.675682e-19 2.648530e-31 5.785783e-34
Algorithm converged after  6  iterations.
[1] 1.395333e-16 1.675682e-19 1.975741e-29 1.091065e-33
[1] 1.226913e-16 1.652609e-19 2.002962e-29 1.082234e-32
[1] 1.179870e-16 1.705234e-19 1.994644e-29 1.354439e-33
[1] 1.387402e-16 1.664756e-19 1.985741e-29 1.300463e-33
[1] 1.149964e-16 1.562453e-19 2.030646e-29 4.403677e-34
Algorithm converged after  44  iterations.
[1] 1.395333e-16 1.675682e-19 1.165921e-28 4.931672e-29
Algorithm converged after  7  iterations.
[1] 1.395333e-16 1.675682e-19 2.648530e-31 1.975741e-29
Algorithm converged after  5  iterations.
[1] 1.395333e-16 1.675682e-19 2.648530e-31 1.165921e-28
[1] 2.781160e-16 1.495992e-19 2.826654e-31 2.689987e-28
Algorithm converged after  16  iterations.
[1] 1.395333e-16 1.675682e-19 1.975741e-29 1.165921e-28
[1] 1.712797e-16 1.715298e-19 1.954006e-29 1.181648e-28
[1] 1.712776e-16 1.715299e-19 1.954125e-29 1.181685e-28
[1] 1.712756e-16 1.715300e-19 1.954243e-29 1.181723e-28
[1] 1.712735e-16 1.715300e-19 1.954362e-29 1.181760e-28
[1] 1.712715e-16 1.715301e-19 1.954480e-29 1.181797e-28
[1] 1.712695e-16 1.715302e-19 1.954599e-29 1.181835e-28
[1] 1.712674e-16 1.715303e-19 1.954717e-29 1.181872e-28
[1] 1.712654e-16 1.715304e-19 1.954836e-29 1.181910e-28
[1] 1.712634e-16 1.715305e-19 1.954954e-29 1.181947e-28
[1] 1.712613e-16 1.715306e-19 1.955072e-29 1.181984e-28
[1] 1.712593e-16 1.715307e-19 1.955191e-29 1.182021e-28
[1] 1.712573e-16 1.715308e-19 1.955309e-29 1.182059e-28
[1] 1.712552e-16 1.715309e-19 1.955427e-29 1.182096e-28
[1] 1.712532e-16 1.715310e-19 1.955546e-29 1.182133e-28
[1] 1.712512e-16 1.715311e-19 1.955664e-29 1.182171e-28
[1] 1.712492e-16 1.715312e-19 1.955782e-29 1.182208e-28
[1] 1.712471e-16 1.715313e-19 1.955900e-29 1.182245e-28
[1] 1.712451e-16 1.715314e-19 1.956018e-29 1.182282e-28
[1] 1.712431e-16 1.715314e-19 1.956136e-29 1.182320e-28
[1] 1.712411e-16 1.715315e-19 1.956255e-29 1.182357e-28
[1] 1.712391e-16 1.715316e-19 1.956373e-29 1.182394e-28
[1] 1.712371e-16 1.715317e-19 1.956491e-29 1.182431e-28
[1] 1.712351e-16 1.715318e-19 1.956609e-29 1.182468e-28
[1] 1.712331e-16 1.715319e-19 1.956726e-29 1.182506e-28
[1] 1.712311e-16 1.715320e-19 1.956844e-29 1.182543e-28
[1] 1.712292e-16 1.715321e-19 1.956962e-29 1.182580e-28
[1] 1.712273e-16 1.715322e-19 1.957080e-29 1.182617e-28
[1] 1.712255e-16 1.715323e-19 1.957198e-29 1.182654e-28
[1] 1.712238e-16 1.715324e-19 1.957315e-29 1.182692e-28
[1] 1.712208e-16 1.715325e-19 1.957434e-29 1.182728e-28
[1] 1.712188e-16 1.715325e-19 1.957552e-29 1.182765e-28
[1] 1.712167e-16 1.715326e-19 1.957669e-29 1.182802e-28
[1] 1.712147e-16 1.715327e-19 1.957787e-29 1.182839e-28
[1] 1.712127e-16 1.715328e-19 1.957905e-29 1.182876e-28
[1] 1.712107e-16 1.715329e-19 1.958022e-29 1.182914e-28
[1] 1.712087e-16 1.715330e-19 1.958140e-29 1.182951e-28
[1] 1.712067e-16 1.715331e-19 1.958258e-29 1.182988e-28
[1] 1.712046e-16 1.715332e-19 1.958375e-29 1.183025e-28
[1] 1.712026e-16 1.715333e-19 1.958493e-29 1.183062e-28
[1] 1.712006e-16 1.715334e-19 1.958610e-29 1.183099e-28
[1] 1.711986e-16 1.715335e-19 1.958728e-29 1.183136e-28
[1] 1.711966e-16 1.715336e-19 1.958845e-29 1.183173e-28
[1] 1.711947e-16 1.715337e-19 1.958962e-29 1.183210e-28
[1] 1.711929e-16 1.715338e-19 1.959080e-29 1.183247e-28
[1] 1.711913e-16 1.715339e-19 1.959197e-29 1.183284e-28
[1] 1.711885e-16 1.715339e-19 1.959315e-29 1.183320e-28
[1] 1.711865e-16 1.715340e-19 1.959432e-29 1.183357e-28
[1] 1.711850e-16 1.715341e-19 1.959549e-29 1.183395e-28
[1] 1.711825e-16 1.715342e-19 1.959666e-29 1.183431e-28
Algorithm converged after  498  iterations.
numeric(0)
Algorithm converged after  1  iterations.
[1] 8.192945e-24
Algorithm converged after  2  iterations.
[1] 4.214983e-24
Algorithm converged after  2  iterations.
[1] 6.888355e-18
Algorithm converged after  2  iterations.
[1] 8.192945e-24 6.126485e-26
Algorithm converged after  2  iterations.
[1] 4.214983e-24 2.540425e-25
Algorithm converged after  2  iterations.
[1] 6.888355e-18 9.333890e-24
Algorithm converged after  2  iterations.
[1] 8.192945e-24 4.214983e-24
Algorithm converged after  2  iterations.
[1] 8.192945e-24 6.888355e-18
Algorithm converged after  2  iterations.
[1] 4.214983e-24 6.888355e-18
Algorithm converged after  2  iterations.
[1] 8.192945e-24 6.126485e-26 4.214983e-24
Algorithm converged after  2  iterations.
[1] 8.192945e-24 6.126485e-26 6.888355e-18
Algorithm converged after  2  iterations.
[1] 8.192945e-24 4.214983e-24 2.540425e-25
Algorithm converged after  2  iterations.
[1] 8.192945e-24 6.888355e-18 9.333890e-24
Algorithm converged after  2  iterations.
[1] 4.214983e-24 2.540425e-25 6.888355e-18
Algorithm converged after  2  iterations.
[1] 4.214983e-24 6.888355e-18 9.333890e-24
Algorithm converged after  2  iterations.
[1] 8.192945e-24 4.214983e-24 6.888355e-18
Algorithm converged after  2  iterations.
[1] 8.192945e-24 6.126485e-26 4.214983e-24 2.540425e-25
Algorithm converged after  2  iterations.
[1] 8.192945e-24 6.126485e-26 6.888355e-18 9.333890e-24
Algorithm converged after  2  iterations.
[1] 4.214983e-24 2.540425e-25 6.888355e-18 9.333890e-24
Algorithm converged after  2  iterations.
[1] 8.192945e-24 6.126485e-26 4.214983e-24 6.888355e-18
Algorithm converged after  2  iterations.
[1] 8.192945e-24 4.214983e-24 2.540425e-25 6.888355e-18
Algorithm converged after  2  iterations.
[1] 8.192945e-24 4.214983e-24 6.888355e-18 9.333890e-24
Algorithm converged after  2  iterations.
[1] 4.182082e-16
Algorithm converged after  2  iterations.
[1] 4.182082e-16 1.354301e-24
Algorithm converged after  6  iterations.
[1] 4.182082e-16 1.920543e-24
Algorithm converged after  6  iterations.
[1] 4.182082e-16 1.890318e-23
Algorithm converged after  6  iterations.
[1] 4.182082e-16 1.354301e-24 1.909784e-34
[1] 5.211171e-16 1.383938e-24 1.957280e-52
[1] 5.213862e-16 1.384248e-24 2.042514e-31
[1] 5.649763e-16 1.396032e-24 2.784928e-34
[1] 5.649726e-16 1.396162e-24 2.784819e-34
[1] 6.183416e-16 1.409438e-24 2.788255e-34
Algorithm converged after  56  iterations.
[1] 4.182082e-16 1.920543e-24 1.038878e-33
Algorithm converged after  5  iterations.
[1] 4.182082e-16 1.890318e-23 8.170446e-30
Algorithm converged after  8  iterations.
[1] 4.182082e-16 1.354301e-24 1.920543e-24
Algorithm converged after  7  iterations.
[1] 4.182082e-16 1.354301e-24 1.890318e-23
Algorithm converged after  7  iterations.
[1] 4.182082e-16 1.920543e-24 1.890318e-23
Algorithm converged after  7  iterations.
[1] 4.182082e-16 1.354301e-24 1.909784e-34 1.920543e-24
[1] 9.239988e-16 1.479248e-24 2.112834e-31 2.104517e-24
Algorithm converged after  18  iterations.
[1] 4.182082e-16 1.354301e-24 1.909784e-34 1.890318e-23
[1] 1.059188e-15 1.506607e-24 1.410543e-34 2.168049e-23
[1] 1.005354e-15 1.495834e-24 2.580412e-34 2.148359e-23
[1] 1.074201e-15 1.509645e-24 1.747940e-57 2.173722e-23
[1] 1.058610e-15 1.506619e-24 1.976177e-34 2.168350e-23
[1] 1.149002e-15 1.524088e-24 2.085303e-31 2.200528e-23
[1] 1.005267e-15 1.496046e-24 2.584377e-34 2.149119e-23
[1] 1.004922e-15 1.495964e-24 2.615105e-34 2.149066e-23
[1] 1.074344e-15 1.509966e-24 7.445345e-52 2.174802e-23
[1] 1.124589e-15 1.519663e-24 2.537049e-34 2.192776e-23
[1] 1.150269e-15 1.524592e-24 2.084201e-31 2.201942e-23
[1] 1.059744e-15 1.507278e-24 1.950157e-34 2.170125e-23
[1] 1.241654e-15 1.542073e-24 2.462312e-34 2.234124e-23
[1] 1.240420e-15 1.541968e-24 2.471597e-34 2.233971e-23
[1] 1.004730e-15 1.496385e-24 2.599667e-34 2.150458e-23
[1] 1.004454e-15 1.496357e-24 2.605803e-34 2.150509e-23
[1] 1.239905e-15 1.542002e-24 2.467279e-34 2.234357e-23
[1] 1.123062e-15 1.519678e-24 1.189505e-58 2.193530e-23
[1] 1.135294e-15 1.522091e-24 1.330324e-66 2.198020e-23
[1] 1.149281e-15 1.524182e-24 2.687315e-34 2.202734e-23
[1] 1.156718e-15 1.526444e-24 3.374462e-45 2.207256e-23
[1] 1.074924e-15 1.511158e-24 1.956182e-34 2.179028e-23
[1] 1.136056e-15 1.522949e-24 2.546910e-34 2.200842e-23
[1] 1.062662e-15 1.508836e-24 2.634159e-34 2.175122e-23
Algorithm converged after  234  iterations.
[1] 4.182082e-16 1.354301e-24 1.920543e-24 1.038878e-33
Algorithm converged after  6  iterations.
[1] 4.182082e-16 1.354301e-24 1.890318e-23 8.170446e-30
Algorithm converged after  9  iterations.
[1] 4.182082e-16 1.920543e-24 1.038878e-33 1.890318e-23
[1] 1.001858e-15 2.128160e-24 1.024577e-33 2.146786e-23
Algorithm converged after  20  iterations.
[1] 4.182082e-16 1.920543e-24 1.890318e-23 8.170446e-30
Algorithm converged after  8  iterations.
[1] 4.182082e-16 1.354301e-24 1.920543e-24 1.890318e-23
Algorithm converged after  8  iterations.
[1] 4.182082e-16 7.036302e-20
Algorithm converged after  2  iterations.
[1] 4.182082e-16 7.036302e-20 2.376201e-31
Algorithm converged after  5  iterations.
[1] 4.182082e-16 7.036302e-20 2.810906e-29
Algorithm converged after  4  iterations.
[1] 4.182082e-16 7.036302e-20 1.791142e-28
[1] 5.166748e-16 7.338079e-20 8.516364e-29
[1] 4.442848e-16 6.779546e-20 8.655918e-29
[1] 4.423610e-16 6.779149e-20 1.873426e-28
[1] 5.167183e-16 7.338092e-20 8.515353e-29
[1] 4.442836e-16 6.779545e-20 8.655885e-29
[1] 4.423609e-16 6.779149e-20 1.873427e-28
[1] 5.167183e-16 7.338092e-20 8.515353e-29
[1] 4.442836e-16 6.779545e-20 8.655885e-29
[1] 4.423609e-16 6.779149e-20 1.873427e-28
[1] 5.167183e-16 7.338092e-20 8.515353e-29
[1] 4.442836e-16 6.779545e-20 8.655885e-29
[1] 4.423609e-16 6.779149e-20 1.873427e-28
[1] 5.167183e-16 7.338092e-20 8.515353e-29
[1] 4.442836e-16 6.779545e-20 8.655885e-29
[1] 4.423609e-16 6.779149e-20 1.873427e-28
[1] 5.167183e-16 7.338092e-20 8.515353e-29
[1] 4.442836e-16 6.779545e-20 8.655885e-29
[1] 4.423609e-16 6.779149e-20 1.873427e-28
[1] 5.167183e-16 7.338092e-20 8.515353e-29
[1] 4.442836e-16 6.779545e-20 8.655885e-29
[1] 4.423609e-16 6.779149e-20 1.873427e-28
[1] 5.167183e-16 7.338092e-20 8.515353e-29
[1] 4.442836e-16 6.779545e-20 8.655885e-29
[1] 4.423609e-16 6.779149e-20 1.873427e-28
[1] 5.167183e-16 7.338092e-20 8.515353e-29
[1] 4.442836e-16 6.779545e-20 8.655885e-29
[1] 4.423609e-16 6.779149e-20 1.873427e-28
[1] 5.167183e-16 7.338092e-20 8.515353e-29
[1] 4.442836e-16 6.779545e-20 8.655885e-29
[1] 4.423609e-16 6.779149e-20 1.873427e-28
[1] 5.167183e-16 7.338092e-20 8.515353e-29
[1] 4.442836e-16 6.779545e-20 8.655885e-29
[1] 4.423609e-16 6.779149e-20 1.873427e-28
[1] 5.167183e-16 7.338092e-20 8.515353e-29
[1] 4.442836e-16 6.779545e-20 8.655885e-29
[1] 4.423609e-16 6.779149e-20 1.873427e-28
[1] 5.167183e-16 7.338092e-20 8.515353e-29
[1] 4.442836e-16 6.779545e-20 8.655885e-29
[1] 4.423609e-16 6.779149e-20 1.873427e-28
[1] 5.167183e-16 7.338092e-20 8.515353e-29
[1] 4.442836e-16 6.779545e-20 8.655885e-29
[1] 4.423609e-16 6.779149e-20 1.873427e-28
[1] 5.167183e-16 7.338092e-20 8.515353e-29
[1] 4.442836e-16 6.779545e-20 8.655885e-29
[1] 4.423609e-16 6.779149e-20 1.873427e-28
[1] 5.167183e-16 7.338092e-20 8.515353e-29
[1] 4.442836e-16 6.779545e-20 8.655885e-29
[1] 4.423609e-16 6.779149e-20 1.873427e-28
[1] 5.167183e-16 7.338092e-20 8.515353e-29
Algorithm did not converge after  500  iterations.
[1] 4.182082e-16 7.036302e-20 2.376201e-31 5.030022e-37
[1] 4.302046e-16 6.585676e-20 2.385615e-31 1.951874e-34
Algorithm converged after  13  iterations.
[1] 4.182082e-16 7.036302e-20 2.810906e-29 5.126266e-34
[1] 4.714581e-16 6.173546e-20 2.955507e-29 1.186383e-38
Algorithm converged after  18  iterations.
[1] 4.182082e-16 7.036302e-20 1.791142e-28 1.652913e-29
Algorithm converged after  8  iterations.
[1] 4.182082e-16 7.036302e-20 2.376201e-31 2.810906e-29
Algorithm converged after  5  iterations.
[1] 4.182082e-16 7.036302e-20 2.376201e-31 1.791142e-28
[1] 5.256914e-16 6.646189e-20 2.410759e-31 8.632658e-29
Algorithm converged after  11  iterations.
[1] 4.182082e-16 7.036302e-20 2.810906e-29 1.791142e-28
[1] 4.407780e-16 6.655504e-20 2.870326e-29 1.859242e-28
[1] 4.407908e-16 6.655502e-20 2.870709e-29 1.859050e-28
[1] 4.408037e-16 6.655499e-20 2.871092e-29 1.858859e-28
[1] 4.408165e-16 6.655497e-20 2.871475e-29 1.858668e-28
[1] 4.408293e-16 6.655495e-20 2.871857e-29 1.858476e-28
[1] 4.408421e-16 6.655493e-20 2.872239e-29 1.858285e-28
[1] 4.408550e-16 6.655491e-20 2.872622e-29 1.858094e-28
[1] 4.408678e-16 6.655489e-20 2.873004e-29 1.857903e-28
[1] 4.408806e-16 6.655487e-20 2.873386e-29 1.857713e-28
[1] 4.408934e-16 6.655484e-20 2.873768e-29 1.857522e-28
[1] 4.409062e-16 6.655482e-20 2.874149e-29 1.857332e-28
[1] 4.409190e-16 6.655480e-20 2.874531e-29 1.857142e-28
[1] 4.409318e-16 6.655478e-20 2.874912e-29 1.856951e-28
[1] 4.409445e-16 6.655476e-20 2.875294e-29 1.856761e-28
[1] 4.409573e-16 6.655474e-20 2.875675e-29 1.856572e-28
[1] 4.409701e-16 6.655472e-20 2.876056e-29 1.856382e-28
[1] 4.409828e-16 6.655469e-20 2.876437e-29 1.856192e-28
[1] 4.409956e-16 6.655467e-20 2.876818e-29 1.856003e-28
[1] 4.410084e-16 6.655465e-20 2.877198e-29 1.855813e-28
[1] 4.410211e-16 6.655463e-20 2.877579e-29 1.855624e-28
[1] 4.410338e-16 6.655461e-20 2.877959e-29 1.855435e-28
[1] 4.410466e-16 6.655459e-20 2.878339e-29 1.855246e-28
[1] 4.410593e-16 6.655457e-20 2.878720e-29 1.855057e-28
[1] 4.410720e-16 6.655454e-20 2.879100e-29 1.854868e-28
[1] 4.410847e-16 6.655452e-20 2.879480e-29 1.854680e-28
[1] 4.410974e-16 6.655450e-20 2.879859e-29 1.854491e-28
[1] 4.411101e-16 6.655448e-20 2.880239e-29 1.854303e-28
[1] 4.411228e-16 6.655446e-20 2.880618e-29 1.854115e-28
[1] 4.411356e-16 6.655444e-20 2.880998e-29 1.853927e-28
[1] 4.411482e-16 6.655442e-20 2.881377e-29 1.853739e-28
[1] 4.411609e-16 6.655440e-20 2.881756e-29 1.853551e-28
[1] 4.411736e-16 6.655438e-20 2.882135e-29 1.853364e-28
[1] 4.411864e-16 6.655435e-20 2.882514e-29 1.853176e-28
[1] 4.411989e-16 6.655433e-20 2.882893e-29 1.852989e-28
[1] 4.412115e-16 6.655431e-20 2.883271e-29 1.852801e-28
[1] 4.412242e-16 6.655429e-20 2.883650e-29 1.852614e-28
[1] 4.412368e-16 6.655427e-20 2.884028e-29 1.852427e-28
[1] 4.412495e-16 6.655425e-20 2.884407e-29 1.852240e-28
[1] 4.412621e-16 6.655423e-20 2.884785e-29 1.852054e-28
[1] 4.412747e-16 6.655421e-20 2.885163e-29 1.851867e-28
[1] 4.412873e-16 6.655419e-20 2.885540e-29 1.851681e-28
[1] 4.412999e-16 6.655416e-20 2.885918e-29 1.851494e-28
[1] 4.413126e-16 6.655414e-20 2.886296e-29 1.851308e-28
[1] 4.413252e-16 6.655412e-20 2.886673e-29 1.851122e-28
[1] 4.413377e-16 6.655410e-20 2.887051e-29 1.850936e-28
[1] 4.413503e-16 6.655408e-20 2.887428e-29 1.850750e-28
[1] 4.413629e-16 6.655406e-20 2.887805e-29 1.850564e-28
[1] 4.413755e-16 6.655404e-20 2.888182e-29 1.850379e-28
[1] 4.413881e-16 6.655402e-20 2.888559e-29 1.850193e-28
Algorithm did not converge after  500  iterations.
numeric(0)
Algorithm converged after  1  iterations.
[1] 3.187459e-24
Algorithm converged after  2  iterations.
[1] 1.056993e-23
Algorithm converged after  2  iterations.
[1] 1.436759e-18
Algorithm converged after  2  iterations.
[1] 3.187459e-24 1.427733e-25
Algorithm converged after  2  iterations.
[1] 1.056993e-23 1.714420e-25
Algorithm converged after  2  iterations.
[1] 1.436759e-18 2.756718e-23
Algorithm converged after  2  iterations.
[1] 3.187459e-24 1.056993e-23
Algorithm converged after  2  iterations.
[1] 3.187459e-24 1.436759e-18
Algorithm converged after  2  iterations.
[1] 1.056993e-23 1.436759e-18
Algorithm converged after  2  iterations.
[1] 3.187459e-24 1.427733e-25 1.056993e-23
Algorithm converged after  2  iterations.
[1] 3.187459e-24 1.427733e-25 1.436759e-18
Algorithm converged after  2  iterations.
[1] 3.187459e-24 1.056993e-23 1.714420e-25
Algorithm converged after  2  iterations.
[1] 3.187459e-24 1.436759e-18 2.756718e-23
Algorithm converged after  2  iterations.
[1] 1.056993e-23 1.714420e-25 1.436759e-18
Algorithm converged after  2  iterations.
[1] 1.056993e-23 1.436759e-18 2.756718e-23
Algorithm converged after  2  iterations.
[1] 3.187459e-24 1.056993e-23 1.436759e-18
Algorithm converged after  2  iterations.
[1] 3.187459e-24 1.427733e-25 1.056993e-23 1.714420e-25
Algorithm converged after  2  iterations.
[1] 3.187459e-24 1.427733e-25 1.436759e-18 2.756718e-23
Algorithm converged after  2  iterations.
[1] 1.056993e-23 1.714420e-25 1.436759e-18 2.756718e-23
Algorithm converged after  2  iterations.
[1] 3.187459e-24 1.427733e-25 1.056993e-23 1.436759e-18
Algorithm converged after  2  iterations.
[1] 3.187459e-24 1.056993e-23 1.714420e-25 1.436759e-18
Algorithm converged after  2  iterations.
[1] 3.187459e-24 1.056993e-23 1.436759e-18 2.756718e-23
Algorithm converged after  2  iterations.
[1] 1.963607e-16
Algorithm converged after  2  iterations.
[1] 1.963607e-16 2.641889e-24
Algorithm converged after  6  iterations.
[1] 1.963607e-16 8.461931e-25
Algorithm converged after  5  iterations.
[1] 1.963607e-16 5.422511e-23
Algorithm converged after  6  iterations.
[1] 1.963607e-16 2.641889e-24 1.329799e-31
Algorithm converged after  8  iterations.
[1] 1.963607e-16 8.461931e-25 2.085673e-39
Algorithm converged after  10  iterations.
[1] 1.963607e-16 5.422511e-23 7.299007e-30
Algorithm converged after  8  iterations.
[1] 1.963607e-16 2.641889e-24 8.461931e-25
Algorithm converged after  6  iterations.
[1] 1.963607e-16 2.641889e-24 5.422511e-23
Algorithm converged after  7  iterations.
[1] 1.963607e-16 8.461931e-25 5.422511e-23
Algorithm converged after  7  iterations.
[1] 1.963607e-16 2.641889e-24 1.329799e-31 8.461931e-25
[1] 3.111892e-16 2.805192e-24 8.925860e-35 8.869549e-25
Algorithm converged after  18  iterations.
[1] 1.963607e-16 2.641889e-24 1.329799e-31 5.422511e-23
[1] 5.392266e-16 3.064826e-24 4.155409e-35 6.208133e-23
Algorithm converged after  16  iterations.
[1] 1.963607e-16 2.641889e-24 8.461931e-25 2.085673e-39
[1] 3.225375e-16 2.819595e-24 8.905901e-25 2.153188e-39
[1] 3.523600e-16 2.856858e-24 8.998659e-25 3.670020e-33
[1] 3.729373e-16 2.882083e-24 9.060865e-25 3.655395e-33
Algorithm converged after  38  iterations.
[1] 1.963607e-16 2.641889e-24 5.422511e-23 7.299007e-30
Algorithm converged after  9  iterations.
[1] 1.963607e-16 8.461931e-25 2.085673e-39 5.422511e-23
[1] 5.493583e-16 9.539469e-25 2.276793e-39 6.227650e-23
[1] 4.969031e-16 9.403727e-25 3.692141e-33 6.126643e-23
[1] 4.619538e-16 9.311955e-25 1.943727e-42 6.058218e-23
[1] 4.943425e-16 9.397506e-25 1.225061e-49 6.122489e-23
[1] 5.441072e-16 9.526900e-25 2.274190e-39 6.219316e-23
[1] 5.443677e-16 9.527861e-25 2.084090e-39 6.220333e-23
[1] 5.292997e-16 9.489681e-25 1.295185e-49 6.191964e-23
[1] 5.264566e-16 9.482516e-25 2.264540e-39 6.187280e-23
[1] 5.484299e-16 9.538332e-25 3.572905e-33 6.228959e-23
[1] 5.474840e-16 9.536104e-25 2.276004e-39 6.227556e-23
[1] 5.418659e-16 9.522232e-25 3.649288e-31 6.217685e-23
[1] 5.495966e-16 9.541708e-25 2.277041e-39 6.232307e-23
[1] 5.497550e-16 9.542180e-25 2.277325e-39 6.232743e-23
Algorithm converged after  133  iterations.
[1] 1.963607e-16 8.461931e-25 5.422511e-23 7.299007e-30
Algorithm converged after  8  iterations.
[1] 1.963607e-16 2.641889e-24 8.461931e-25 5.422511e-23
Algorithm converged after  7  iterations.
[1] 1.963607e-16 1.090837e-19
Algorithm converged after  2  iterations.
[1] 1.963607e-16 1.090837e-19 1.975125e-31
Algorithm converged after  5  iterations.
[1] 1.963607e-16 1.090837e-19 3.700522e-31
Algorithm converged after  4  iterations.
[1] 1.963607e-16 1.090837e-19 5.659915e-32
Algorithm converged after  7  iterations.
[1] 1.963607e-16 1.090837e-19 1.975125e-31 8.565769e-35
Algorithm converged after  6  iterations.
[1] 1.963607e-16 1.090837e-19 3.700522e-31 3.428207e-39
Algorithm converged after  9  iterations.
[1] 1.963607e-16 1.090837e-19 5.659915e-32 1.231353e-37
Algorithm converged after  8  iterations.
[1] 1.963607e-16 1.090837e-19 1.975125e-31 3.700522e-31
Algorithm converged after  5  iterations.
[1] 1.963607e-16 1.090837e-19 1.975125e-31 5.659915e-32
[1] 2.584325e-16 9.541728e-20 2.058265e-31 5.094029e-29
Algorithm converged after  12  iterations.
[1] 1.963607e-16 1.090837e-19 3.700522e-31 5.659915e-32
[1] 3.721596e-16 1.084387e-19 3.477058e-31 1.370431e-29
Algorithm converged after  14  iterations.
numeric(0)
Algorithm converged after  1  iterations.
[1] 7.468656e-24
Algorithm converged after  2  iterations.
[1] 3.455556e-24
Algorithm converged after  2  iterations.
[1] 3.674489e-19
Algorithm converged after  2  iterations.
[1] 7.468656e-24 1.392960e-26
Algorithm converged after  2  iterations.
[1] 3.455556e-24 3.377033e-25
Algorithm converged after  2  iterations.
[1] 3.674489e-19 3.057971e-23
Algorithm converged after  2  iterations.
[1] 7.468656e-24 3.455556e-24
Algorithm converged after  2  iterations.
[1] 7.468656e-24 3.674489e-19
Algorithm converged after  2  iterations.
[1] 3.455556e-24 3.674489e-19
Algorithm converged after  2  iterations.
[1] 7.468656e-24 1.392960e-26 3.455556e-24
Algorithm converged after  2  iterations.
[1] 7.468656e-24 1.392960e-26 3.674489e-19
Algorithm converged after  2  iterations.
[1] 7.468656e-24 3.455556e-24 3.377033e-25
Algorithm converged after  2  iterations.
[1] 7.468656e-24 3.674489e-19 3.057971e-23
Algorithm converged after  2  iterations.
[1] 3.455556e-24 3.377033e-25 3.674489e-19
Algorithm converged after  2  iterations.
[1] 3.455556e-24 3.674489e-19 3.057971e-23
Algorithm converged after  2  iterations.
[1] 7.468656e-24 3.455556e-24 3.674489e-19
Algorithm converged after  2  iterations.
[1] 7.468656e-24 1.392960e-26 3.455556e-24 3.377033e-25
Algorithm converged after  2  iterations.
[1] 7.468656e-24 1.392960e-26 3.674489e-19 3.057971e-23
Algorithm converged after  2  iterations.
[1] 3.455556e-24 3.377033e-25 3.674489e-19 3.057971e-23
Algorithm converged after  2  iterations.
[1] 7.468656e-24 1.392960e-26 3.455556e-24 3.674489e-19
Algorithm converged after  2  iterations.
[1] 7.468656e-24 3.455556e-24 3.377033e-25 3.674489e-19
Algorithm converged after  2  iterations.
[1] 7.468656e-24 3.455556e-24 3.674489e-19 3.057971e-23
Algorithm converged after  2  iterations.
[1] 4.650029e-17
Algorithm converged after  2  iterations.
[1] 4.650029e-17 1.005030e-24
Algorithm converged after  6  iterations.
[1] 4.650029e-17 2.411996e-24
Algorithm converged after  6  iterations.
[1] 4.650029e-17 6.737594e-23
Algorithm converged after  7  iterations.
[1] 4.650029e-17 1.005030e-24 2.140783e-31
[1] 6.668272e-17 1.054454e-24 2.215762e-31
[1] 7.977294e-17 1.083208e-24 7.793994e-36
[1] 7.932060e-17 1.082245e-24 2.231333e-31
[1] 7.895873e-17 1.081600e-24 7.784886e-36
[1] 7.193374e-17 1.066985e-24 7.777667e-36
[1] 7.978973e-17 1.083839e-24 7.836813e-36
[1] 7.168641e-17 1.066613e-24 7.809523e-36
[1] 8.002635e-17 1.084482e-24 7.794409e-36
[1] 7.194043e-17 1.067283e-24 7.783199e-36
[1] 7.213125e-17 1.067828e-24 7.810824e-36
[1] 7.157396e-17 1.066673e-24 7.808774e-36
Algorithm converged after  117  iterations.
[1] 4.650029e-17 2.411996e-24 3.786818e-33
[1] 6.624621e-17 2.496106e-24 3.771684e-33
[1] 5.695360e-17 2.459219e-24 6.499307e-50
[1] 6.589294e-17 2.495015e-24 5.188789e-33
[1] 5.892706e-17 2.467706e-24 5.065663e-33
[1] 6.819783e-17 2.504423e-24 3.794050e-33
Algorithm converged after  60  iterations.
[1] 4.650029e-17 6.737594e-23 9.183238e-30
Algorithm converged after  9  iterations.
[1] 4.650029e-17 1.005030e-24 2.411996e-24
Algorithm converged after  7  iterations.
[1] 4.650029e-17 1.005030e-24 6.737594e-23
Algorithm converged after  7  iterations.
[1] 4.650029e-17 2.411996e-24 6.737594e-23
Algorithm converged after  7  iterations.
[1] 4.650029e-17 1.005030e-24 2.140783e-31 2.411996e-24
[1] 9.949095e-17 1.122888e-24 7.830519e-36 2.616662e-24
[1] 9.921795e-17 1.122393e-24 2.297298e-31 2.615803e-24
[1] 9.550554e-17 1.115066e-24 2.266644e-31 2.603210e-24
[1] 9.982487e-17 1.123740e-24 1.737584e-47 2.617985e-24
[1] 9.111676e-17 1.106534e-24 6.486199e-51 2.588356e-24
[1] 9.938032e-17 1.123143e-24 4.224956e-57 2.616769e-24
[1] 1.081464e-16 1.139576e-24 2.253924e-31 2.645390e-24
Algorithm converged after  74  iterations.
[1] 4.650029e-17 1.005030e-24 2.140783e-31 6.737594e-23
[1] 1.591520e-16 1.226489e-24 8.023912e-36 7.999028e-23
[1] 1.473929e-16 1.207525e-24 7.888158e-36 7.892107e-23
[1] 1.496297e-16 1.211176e-24 2.280118e-31 7.912722e-23
[1] 1.464096e-16 1.206217e-24 7.917745e-36 7.890347e-23
[1] 1.592704e-16 1.227476e-24 2.871571e-46 8.009973e-23
[1] 1.593385e-16 1.227600e-24 8.024278e-36 8.010748e-23
[1] 1.497297e-16 1.212150e-24 2.277421e-31 7.923706e-23
[1] 1.593402e-16 1.227672e-24 2.291131e-31 8.011410e-23
[1] 1.497267e-16 1.212193e-24 2.278790e-31 7.924046e-23
[1] 1.485238e-16 1.210261e-24 7.998289e-36 7.913227e-23
[1] 1.592782e-16 1.227650e-24 8.024053e-36 8.011405e-23
[1] 1.488211e-16 1.210811e-24 7.889541e-36 7.916356e-23
[1] 1.486702e-16 1.210564e-24 2.278285e-31 7.915168e-23
[1] 1.432450e-16 1.201328e-24 2.261412e-31 7.863511e-23
[1] 1.488919e-16 1.211037e-24 8.000562e-36 7.918108e-23
Algorithm converged after  152  iterations.
[1] 4.650029e-17 1.005030e-24 2.411996e-24 3.786818e-33
Algorithm converged after  8  iterations.
[1] 4.650029e-17 1.005030e-24 6.737594e-23 9.183238e-30
Algorithm converged after  10  iterations.
[1] 4.650029e-17 2.411996e-24 3.786818e-33 6.737594e-23
[1] 1.423362e-16 2.747008e-24 4.636507e-35 7.842245e-23
Algorithm converged after  16  iterations.
[1] 4.650029e-17 2.411996e-24 6.737594e-23 9.183238e-30
Algorithm converged after  8  iterations.
[1] 4.650029e-17 1.005030e-24 2.411996e-24 6.737594e-23
Algorithm converged after  7  iterations.
[1] 4.650029e-17 9.560065e-20
Algorithm converged after  2  iterations.
[1] 4.650029e-17 9.560065e-20 2.828843e-31
Algorithm converged after  5  iterations.
[1] 4.650029e-17 9.560065e-20 2.026733e-29
Algorithm converged after  4  iterations.
[1] 4.650029e-17 9.560065e-20 2.095044e-28
Algorithm converged after  6  iterations.
[1] 4.650029e-17 9.560065e-20 2.828843e-31 1.245511e-35
Algorithm converged after  6  iterations.
[1] 4.650029e-17 9.560065e-20 2.026733e-29 2.222818e-55
[1] 3.888080e-17 9.547999e-20 2.051626e-29 3.701513e-33
[1] 3.893397e-17 9.554233e-20 2.052062e-29 3.866275e-33
[1] 3.893170e-17 9.554350e-20 2.052792e-29 3.867065e-33
[1] 4.243241e-17 9.473264e-20 2.046194e-29 8.562097e-51
[1] 4.490959e-17 9.023078e-20 2.076690e-29 3.834186e-33
[1] 3.908885e-17 9.566231e-20 2.055366e-29 3.639248e-33
[1] 3.913057e-17 9.562683e-20 2.055777e-29 7.151351e-50
[1] 4.450697e-17 1.007179e-19 2.010260e-29 1.026782e-43
[1] 3.933588e-17 9.138268e-20 2.089686e-29 5.945925e-33
[1] 4.595626e-17 9.086598e-20 2.076754e-29 8.770149e-59
[1] 4.491736e-17 9.484252e-20 2.051427e-29 3.617477e-33
[1] 4.529392e-17 9.238035e-20 2.069948e-29 1.468261e-54
[1] 3.924424e-17 9.133307e-20 2.095565e-29 1.044995e-43
[1] 3.923361e-17 9.137423e-20 2.099601e-29 3.617975e-33
[1] 9.436073e-20 8.909314e-27 1.960702e-23 1.923569e-32
Algorithm converged after  160  iterations.
[1] 4.650029e-17 9.560065e-20 2.095044e-28 1.946362e-29
Algorithm converged after  8  iterations.
[1] 4.650029e-17 9.560065e-20 2.828843e-31 2.026733e-29
Algorithm converged after  5  iterations.
[1] 4.650029e-17 9.560065e-20 2.828843e-31 2.095044e-28
Algorithm converged after  6  iterations.
[1] 4.650029e-17 9.560065e-20 2.026733e-29 2.095044e-28
Algorithm converged after  6  iterations.
numeric(0)
Algorithm converged after  1  iterations.
[1] 2.511433e-23
Algorithm converged after  2  iterations.
[1] 6.486448e-24
Algorithm converged after  2  iterations.
[1] 6.096394e-18
Algorithm converged after  2  iterations.
[1] 2.511433e-23 6.480359e-26
Algorithm converged after  2  iterations.
[1] 6.486448e-24 1.064275e-25
Algorithm converged after  2  iterations.
[1] 6.096394e-18 4.697354e-23
Algorithm converged after  2  iterations.
[1] 2.511433e-23 6.486448e-24
Algorithm converged after  2  iterations.
[1] 2.511433e-23 6.096394e-18
Algorithm converged after  2  iterations.
[1] 6.486448e-24 6.096394e-18
Algorithm converged after  2  iterations.
[1] 2.511433e-23 6.480359e-26 6.486448e-24
Algorithm converged after  2  iterations.
[1] 2.511433e-23 6.480359e-26 6.096394e-18
Algorithm converged after  2  iterations.
[1] 2.511433e-23 6.486448e-24 1.064275e-25
Algorithm converged after  2  iterations.
[1] 2.511433e-23 6.096394e-18 4.697354e-23
Algorithm converged after  2  iterations.
[1] 6.486448e-24 1.064275e-25 6.096394e-18
Algorithm converged after  2  iterations.
[1] 6.486448e-24 6.096394e-18 4.697354e-23
Algorithm converged after  2  iterations.
[1] 2.511433e-23 6.486448e-24 6.096394e-18
Algorithm converged after  2  iterations.
[1] 2.511433e-23 6.480359e-26 6.486448e-24 1.064275e-25
Algorithm converged after  2  iterations.
[1] 2.511433e-23 6.480359e-26 6.096394e-18 4.697354e-23
Algorithm converged after  2  iterations.
[1] 6.486448e-24 1.064275e-25 6.096394e-18 4.697354e-23
Algorithm converged after  2  iterations.
[1] 2.511433e-23 6.480359e-26 6.486448e-24 6.096394e-18
Algorithm converged after  2  iterations.
[1] 2.511433e-23 6.486448e-24 1.064275e-25 6.096394e-18
Algorithm converged after  2  iterations.
[1] 2.511433e-23 6.486448e-24 6.096394e-18 4.697354e-23
Algorithm converged after  2  iterations.
[1] 2.383792e-16
Algorithm converged after  2  iterations.
[1] 2.383792e-16 6.225780e-24
Algorithm converged after  6  iterations.
[1] 2.383792e-16 2.337120e-24
Algorithm converged after  6  iterations.
[1] 2.383792e-16 1.387390e-22
Algorithm converged after  6  iterations.
[1] 2.383792e-16 6.225780e-24 8.164104e-35
Algorithm converged after  6  iterations.
[1] 2.383792e-16 2.337120e-24 3.516273e-33
[1] 3.062206e-16 2.388116e-24 3.473041e-33
[1] 3.248084e-16 2.400916e-24 1.531902e-34
[1] 3.468250e-16 2.415717e-24 3.489876e-33
[1] 3.433226e-16 2.413617e-24 3.525609e-33
[1] 3.125792e-16 2.393342e-24 3.586126e-33
[1] 3.064155e-16 2.391159e-24 3.451961e-33
[1] 3.512498e-16 2.421424e-24 5.440685e-37
[1] 3.066118e-16 2.391596e-24 3.501305e-33
Algorithm converged after  81  iterations.
[1] 2.383792e-16 1.387390e-22 2.212645e-67
Algorithm converged after  9  iterations.
[1] 2.383792e-16 6.225780e-24 2.337120e-24
Algorithm converged after  7  iterations.
[1] 2.383792e-16 6.225780e-24 1.387390e-22
Algorithm converged after  8  iterations.
[1] 2.383792e-16 2.337120e-24 1.387390e-22
Algorithm converged after  7  iterations.
[1] 2.383792e-16 6.225780e-24 8.164104e-35 2.337120e-24
Algorithm converged after  6  iterations.
[1] 2.383792e-16 6.225780e-24 8.164104e-35 1.387390e-22
Algorithm converged after  8  iterations.
[1] 2.383792e-16 6.225780e-24 2.337120e-24 3.516273e-33
Algorithm converged after  7  iterations.
[1] 2.383792e-16 6.225780e-24 1.387390e-22 2.212645e-67
Algorithm converged after  9  iterations.
[1] 2.383792e-16 2.337120e-24 3.516273e-33 1.387390e-22
[1] 8.748714e-16 2.698185e-24 3.786014e-54 1.719496e-22
[1] 8.932414e-16 2.706709e-24 3.603834e-49 1.727439e-22
[1] 8.376592e-16 2.681960e-24 1.341111e-32 1.706549e-22
[1] 9.185650e-16 2.718687e-24 1.352441e-32 1.740655e-22
[1] 9.128240e-16 2.716169e-24 3.250557e-50 1.738368e-22
[1] 8.394028e-16 2.683011e-24 7.598989e-44 1.707672e-22
[1] 9.185276e-16 2.718752e-24 1.048082e-42 1.740943e-22
[1] 9.183476e-16 2.718748e-24 1.352429e-32 1.741014e-22
[1] 9.183723e-16 2.718812e-24 1.604585e-33 1.741190e-22
[1] 8.414335e-16 2.683931e-24 1.341666e-32 1.709003e-22
[1] 9.138506e-16 2.716796e-24 1.440286e-39 1.739594e-22
[1] 9.188263e-16 2.719074e-24 4.469479e-30 1.741722e-22
[1] 9.189402e-16 2.719156e-24 1.352510e-32 1.741823e-22
[1] 9.190747e-16 2.719248e-24 1.057177e-48 1.741924e-22
[1] 9.140748e-16 2.717059e-24 1.351846e-32 1.739990e-22
[1] 9.191518e-16 2.719404e-24 1.352555e-32 1.742447e-22
Algorithm converged after  161  iterations.
[1] 2.383792e-16 2.337120e-24 1.387390e-22 2.212645e-67
Algorithm converged after  9  iterations.
[1] 2.383792e-16 6.225780e-24 2.337120e-24 1.387390e-22
Algorithm converged after  8  iterations.
[1] 2.383792e-16 1.838106e-19
Algorithm converged after  2  iterations.
[1] 2.383792e-16 1.838106e-19 5.017163e-32
Algorithm converged after  5  iterations.
[1] 2.383792e-16 1.838106e-19 1.247807e-29
Algorithm converged after  4  iterations.
[1] 2.383792e-16 1.838106e-19 2.169220e-28
Algorithm converged after  6  iterations.
[1] 2.383792e-16 1.838106e-19 5.017163e-32 2.623032e-34
Algorithm converged after  5  iterations.
[1] 2.383792e-16 1.838106e-19 1.247807e-29 1.591134e-32
[1] 2.192961e-16 1.894331e-19 1.248188e-29 1.594486e-32
[1] 2.473687e-16 1.907315e-19 1.227829e-29 1.591371e-48
[1] 2.280664e-16 1.810649e-19 1.266097e-29 2.060437e-45
Algorithm converged after  36  iterations.
[1] 2.383792e-16 1.838106e-19 2.169220e-28 1.841060e-29
Algorithm converged after  8  iterations.
[1] 2.383792e-16 1.838106e-19 5.017163e-32 1.247807e-29
Algorithm converged after  5  iterations.
[1] 2.383792e-16 1.838106e-19 5.017163e-32 2.169220e-28
Algorithm converged after  6  iterations.
[1] 2.383792e-16 1.838106e-19 1.247807e-29 2.169220e-28
Algorithm converged after  6  iterations.
numeric(0)
Algorithm converged after  1  iterations.
[1] 1.005587e-23
Algorithm converged after  2  iterations.
[1] 3.868738e-24
Algorithm converged after  2  iterations.
[1] 5.347652e-18
Algorithm converged after  2  iterations.
[1] 1.005587e-23 8.280711e-26
Algorithm converged after  2  iterations.
[1] 3.868738e-24 2.422792e-25
Algorithm converged after  2  iterations.
[1] 5.347652e-18 2.371651e-23
Algorithm converged after  2  iterations.
[1] 1.005587e-23 3.868738e-24
Algorithm converged after  2  iterations.
[1] 1.005587e-23 5.347652e-18
Algorithm converged after  2  iterations.
[1] 3.868738e-24 5.347652e-18
Algorithm converged after  2  iterations.
[1] 1.005587e-23 8.280711e-26 3.868738e-24
Algorithm converged after  2  iterations.
[1] 1.005587e-23 8.280711e-26 5.347652e-18
Algorithm converged after  2  iterations.
[1] 1.005587e-23 3.868738e-24 2.422792e-25
Algorithm converged after  2  iterations.
[1] 1.005587e-23 5.347652e-18 2.371651e-23
Algorithm converged after  2  iterations.
[1] 3.868738e-24 2.422792e-25 5.347652e-18
Algorithm converged after  2  iterations.
[1] 3.868738e-24 5.347652e-18 2.371651e-23
Algorithm converged after  2  iterations.
[1] 1.005587e-23 3.868738e-24 5.347652e-18
Algorithm converged after  2  iterations.
[1] 1.005587e-23 8.280711e-26 3.868738e-24 2.422792e-25
Algorithm converged after  2  iterations.
[1] 1.005587e-23 8.280711e-26 5.347652e-18 2.371651e-23
Algorithm converged after  2  iterations.
[1] 3.868738e-24 2.422792e-25 5.347652e-18 2.371651e-23
Algorithm converged after  2  iterations.
[1] 1.005587e-23 8.280711e-26 3.868738e-24 5.347652e-18
Algorithm converged after  2  iterations.
[1] 1.005587e-23 3.868738e-24 2.422792e-25 5.347652e-18
Algorithm converged after  2  iterations.
[1] 1.005587e-23 3.868738e-24 5.347652e-18 2.371651e-23
Algorithm converged after  2  iterations.
[1] 3.805906e-16
Algorithm converged after  2  iterations.
[1] 3.805906e-16 2.241389e-24
Algorithm converged after  6  iterations.
[1] 3.805906e-16 2.025967e-24
Algorithm converged after  6  iterations.
[1] 3.805906e-16 4.370015e-23
Algorithm converged after  6  iterations.
[1] 3.805906e-16 2.241389e-24 2.181416e-31
Algorithm converged after  10  iterations.
[1] 3.805906e-16 2.025967e-24 7.173458e-36
Algorithm converged after  7  iterations.
[1] 3.805906e-16 4.370015e-23 7.276812e-30
Algorithm converged after  9  iterations.
[1] 3.805906e-16 2.241389e-24 2.025967e-24
Algorithm converged after  7  iterations.
[1] 3.805906e-16 2.241389e-24 4.370015e-23
Algorithm converged after  7  iterations.
[1] 3.805906e-16 2.025967e-24 4.370015e-23
Algorithm converged after  7  iterations.
[1] 3.805906e-16 2.241389e-24 2.181416e-31 2.025967e-24
[1] 6.920561e-16 2.422211e-24 2.281124e-31 2.166298e-24
[1] 8.125815e-16 2.482101e-24 2.303992e-31 2.212698e-24
[1] 6.920062e-16 2.422540e-24 2.281084e-31 2.166503e-24
[1] 6.766942e-16 2.414827e-24 2.277711e-31 2.160495e-24
[1] 6.919946e-16 2.422949e-24 2.281082e-31 2.166762e-24
[1] 6.766808e-16 2.415233e-24 2.277712e-31 2.160752e-24
[1] 6.766666e-16 2.415455e-24 2.277691e-31 2.160892e-24
[1] 6.766560e-16 2.415678e-24 2.277689e-31 2.161033e-24
[1] 6.766425e-16 2.415899e-24 2.277686e-31 2.161173e-24
[1] 6.766352e-16 2.416123e-24 2.277687e-31 2.161316e-24
[1] 6.766154e-16 2.416341e-24 2.277679e-31 2.161453e-24
[1] 6.766148e-16 2.416569e-24 2.277684e-31 2.161599e-24
[1] 6.765958e-16 2.416787e-24 2.277676e-31 2.161736e-24
[1] 6.765947e-16 2.417015e-24 2.277681e-31 2.161881e-24
[1] 7.325006e-16 2.445282e-24 2.272177e-31 2.183938e-24
[1] 6.765662e-16 2.417383e-24 2.277681e-31 2.162117e-24
[1] 6.765708e-16 2.417604e-24 2.277696e-31 2.162258e-24
[1] 6.765531e-16 2.417803e-24 2.277677e-31 2.162389e-24
[1] 6.765503e-16 2.418020e-24 2.277690e-31 2.162531e-24
[1] 8.062937e-16 2.483132e-24 9.177762e-35 2.212960e-24
[1] 8.062782e-16 2.483361e-24 9.309126e-35 2.213105e-24
[1] 6.765162e-16 2.418641e-24 2.277667e-31 2.162924e-24
[1] 8.062526e-16 2.483763e-24 9.177620e-35 2.213359e-24
[1] 8.062360e-16 2.483991e-24 9.177424e-35 2.213504e-24
[1] 8.062206e-16 2.484220e-24 9.177336e-35 2.213649e-24
[1] 8.062043e-16 2.484449e-24 9.177238e-35 2.213793e-24
[1] 8.061895e-16 2.484678e-24 9.177156e-35 2.213939e-24
[1] 6.764541e-16 2.419975e-24 2.277625e-31 2.163783e-24
[1] 6.764418e-16 2.420196e-24 2.277651e-31 2.163923e-24
[1] 6.764258e-16 2.420397e-24 2.277663e-31 2.164050e-24
[1] 7.298410e-16 2.447214e-24 9.447416e-35 2.185053e-24
[1] 8.061340e-16 2.485669e-24 2.302547e-31 2.214586e-24
[1] 8.060657e-16 2.485787e-24 9.174071e-35 2.214667e-24
[1] 6.725088e-16 2.418929e-24 2.276540e-31 2.162856e-24
[1] 8.123067e-16 2.489079e-24 9.183408e-35 2.217171e-24
[1] 8.068291e-16 2.486728e-24 9.309385e-35 2.215320e-24
[1] 8.068235e-16 2.486944e-24 1.654453e-47 2.215457e-24
[1] 8.060414e-16 2.486817e-24 2.302461e-31 2.215338e-24
[1] 8.054961e-16 2.486510e-24 9.895350e-46 2.215222e-24
[1] 6.763381e-16 2.422136e-24 2.277619e-31 2.165202e-24
[1] 6.763359e-16 2.422344e-24 2.277640e-31 2.165334e-24
[1] 8.067510e-16 2.487965e-24 9.177682e-35 2.216140e-24
[1] 8.067425e-16 2.488161e-24 9.177864e-35 2.216268e-24
[1] 8.059586e-16 2.488000e-24 9.308833e-35 2.216120e-24
[1] 6.762483e-16 2.423126e-24 2.277626e-31 2.165844e-24
[1] 6.915975e-16 2.431269e-24 2.281036e-31 2.172129e-24
[1] 8.059179e-16 2.488595e-24 9.176866e-35 2.216506e-24
[1] 6.718660e-16 2.421384e-24 2.276390e-31 2.164450e-24
[1] 8.058867e-16 2.489027e-24 9.177009e-35 2.216804e-24
Algorithm did not converge after  500  iterations.
[1] 3.805906e-16 2.241389e-24 2.181416e-31 4.370015e-23
[1] 9.359247e-16 2.539395e-24 9.144718e-35 4.905610e-23
[1] 9.360145e-16 2.539442e-24 9.137632e-35 4.905695e-23
[1] 1.075996e-15 2.601092e-24 1.105280e-47 5.015909e-23
Algorithm converged after  38  iterations.
[1] 3.805906e-16 2.241389e-24 2.025967e-24 7.173458e-36
Algorithm converged after  6  iterations.
[1] 3.805906e-16 2.241389e-24 4.370015e-23 7.276812e-30
[1] 1.128421e-15 2.623349e-24 5.057289e-23 6.578385e-29
Algorithm converged after  11  iterations.
[1] 3.805906e-16 2.025967e-24 7.173458e-36 4.370015e-23
Algorithm converged after  7  iterations.
[1] 3.805906e-16 2.025967e-24 4.370015e-23 7.276812e-30
Algorithm converged after  10  iterations.
[1] 3.805906e-16 2.241389e-24 2.025967e-24 4.370015e-23
Algorithm converged after  8  iterations.
[1] 3.805906e-16 1.211799e-19
Algorithm converged after  2  iterations.
[1] 3.805906e-16 1.211799e-19 2.724965e-31
Algorithm converged after  5  iterations.
[1] 3.805906e-16 1.211799e-19 3.522089e-29
Algorithm converged after  4  iterations.
[1] 3.805906e-16 1.211799e-19 1.054158e-29
Algorithm converged after  7  iterations.
[1] 3.805906e-16 1.211799e-19 2.724965e-31 1.836178e-34
Algorithm converged after  5  iterations.
[1] 3.805906e-16 1.211799e-19 3.522089e-29 1.457836e-36
Algorithm converged after  7  iterations.
[1] 3.805906e-16 1.211799e-19 1.054158e-29 9.580658e-32
Algorithm converged after  8  iterations.
[1] 3.805906e-16 1.211799e-19 2.724965e-31 3.522089e-29
Algorithm converged after  5  iterations.
[1] 3.805906e-16 1.211799e-19 2.724965e-31 1.054158e-29
Algorithm converged after  7  iterations.
[1] 3.805906e-16 1.211799e-19 3.522089e-29 1.054158e-29
Algorithm converged after  7  iterations.
numeric(0)
Algorithm converged after  1  iterations.
[1] 2.911523e-23
Algorithm converged after  2  iterations.
[1] 2.565936e-25
Algorithm converged after  2  iterations.
[1] 3.265482e-18
Algorithm converged after  2  iterations.
[1] 2.911523e-23 5.722335e-26
Algorithm converged after  2  iterations.
[1] 2.565936e-25 1.099138e-39
Algorithm converged after  2  iterations.
[1] 3.265482e-18 1.836873e-23
Algorithm converged after  2  iterations.
[1] 2.911523e-23 2.565936e-25
Algorithm converged after  2  iterations.
[1] 2.911523e-23 3.265482e-18
Algorithm converged after  2  iterations.
[1] 2.565936e-25 3.265482e-18
Algorithm converged after  2  iterations.
[1] 2.911523e-23 5.722335e-26 2.565936e-25
Algorithm converged after  2  iterations.
[1] 2.911523e-23 5.722335e-26 3.265482e-18
Algorithm converged after  2  iterations.
[1] 2.911523e-23 2.565936e-25 1.099138e-39
Algorithm converged after  2  iterations.
[1] 2.911523e-23 3.265482e-18 1.836873e-23
Algorithm converged after  2  iterations.
[1] 2.565936e-25 1.099138e-39 3.265482e-18
Algorithm converged after  2  iterations.
[1] 2.565936e-25 3.265482e-18 1.836873e-23
Algorithm converged after  2  iterations.
[1] 2.911523e-23 2.565936e-25 3.265482e-18
Algorithm converged after  2  iterations.
[1] 2.911523e-23 5.722335e-26 2.565936e-25 1.099138e-39
Algorithm converged after  2  iterations.
[1] 2.911523e-23 5.722335e-26 3.265482e-18 1.836873e-23
Algorithm converged after  2  iterations.
[1] 2.565936e-25 1.099138e-39 3.265482e-18 1.836873e-23
Algorithm converged after  2  iterations.
[1] 2.911523e-23 5.722335e-26 2.565936e-25 3.265482e-18
Algorithm converged after  2  iterations.
[1] 2.911523e-23 2.565936e-25 1.099138e-39 3.265482e-18
Algorithm converged after  2  iterations.
[1] 2.911523e-23 2.565936e-25 3.265482e-18 1.836873e-23
Algorithm converged after  2  iterations.
[1] 2.090662e-16
Algorithm converged after  2  iterations.
[1] 2.090662e-16 5.106481e-24
Algorithm converged after  6  iterations.
[1] 2.090662e-16 3.536927e-24
Algorithm converged after  6  iterations.
[1] 2.090662e-16 5.446481e-23
Algorithm converged after  8  iterations.
[1] 2.090662e-16 5.106481e-24 3.665323e-36
Algorithm converged after  6  iterations.
[1] 2.090662e-16 3.536927e-24 2.306669e-33
Algorithm converged after  5  iterations.
[1] 2.090662e-16 5.446481e-23 4.703477e-30
Algorithm converged after  7  iterations.
[1] 2.090662e-16 5.106481e-24 3.536927e-24
Algorithm converged after  7  iterations.
[1] 2.090662e-16 5.106481e-24 5.446481e-23
Algorithm converged after  7  iterations.
[1] 2.090662e-16 3.536927e-24 5.446481e-23
Algorithm converged after  7  iterations.
[1] 2.090662e-16 5.106481e-24 3.665323e-36 3.536927e-24
Algorithm converged after  7  iterations.
[1] 2.090662e-16 5.106481e-24 3.665323e-36 5.446481e-23
[1] 7.644131e-16 6.084021e-24 1.264031e-34 6.769632e-23
Algorithm converged after  16  iterations.
[1] 2.090662e-16 5.106481e-24 3.536927e-24 2.306669e-33
Algorithm converged after  6  iterations.
[1] 2.090662e-16 5.106481e-24 5.446481e-23 4.703477e-30
Algorithm converged after  8  iterations.
[1] 2.090662e-16 3.536927e-24 2.306669e-33 5.446481e-23
Algorithm converged after  7  iterations.
[1] 2.090662e-16 3.536927e-24 5.446481e-23 4.703477e-30
Algorithm converged after  8  iterations.
[1] 2.090662e-16 5.106481e-24 3.536927e-24 5.446481e-23
Algorithm converged after  8  iterations.
[1] 2.090662e-16 1.398731e-19
Algorithm converged after  2  iterations.
[1] 2.090662e-16 1.398731e-19 4.132808e-31
Algorithm converged after  5  iterations.
[1] 2.090662e-16 1.398731e-19 3.594014e-29
Algorithm converged after  4  iterations.
[1] 2.090662e-16 1.398731e-19 2.507464e-28
Algorithm converged after  7  iterations.
[1] 2.090662e-16 1.398731e-19 4.132808e-31 2.577582e-34
Algorithm converged after  5  iterations.
[1] 2.090662e-16 1.398731e-19 3.594014e-29 2.174891e-33
[1] 1.729313e-16 1.430131e-19 3.611531e-29 2.166896e-33
Algorithm converged after  12  iterations.
[1] 2.090662e-16 1.398731e-19 2.507464e-28 1.041847e-29
Algorithm converged after  8  iterations.
[1] 2.090662e-16 1.398731e-19 4.132808e-31 3.594014e-29
Algorithm converged after  6  iterations.
[1] 2.090662e-16 1.398731e-19 4.132808e-31 2.507464e-28
Algorithm converged after  7  iterations.
[1] 2.090662e-16 1.398731e-19 3.594014e-29 2.507464e-28
Algorithm converged after  7  iterations.
numeric(0)
Algorithm converged after  1  iterations.
[1] 1.290754e-23
Algorithm converged after  2  iterations.
[1] 2.372024e-24
Algorithm converged after  2  iterations.
[1] 3.912748e-18
Algorithm converged after  2  iterations.
[1] 1.290754e-23 6.109161e-26
Algorithm converged after  2  iterations.
[1] 2.372024e-24 1.579206e-25
Algorithm converged after  2  iterations.
[1] 3.912748e-18 2.499787e-23
Algorithm converged after  2  iterations.
[1] 1.290754e-23 2.372024e-24
Algorithm converged after  2  iterations.
[1] 1.290754e-23 3.912748e-18
Algorithm converged after  2  iterations.
[1] 2.372024e-24 3.912748e-18
Algorithm converged after  2  iterations.
[1] 1.290754e-23 6.109161e-26 2.372024e-24
Algorithm converged after  2  iterations.
[1] 1.290754e-23 6.109161e-26 3.912748e-18
Algorithm converged after  2  iterations.
[1] 1.290754e-23 2.372024e-24 1.579206e-25
Algorithm converged after  2  iterations.
[1] 1.290754e-23 3.912748e-18 2.499787e-23
Algorithm converged after  2  iterations.
[1] 2.372024e-24 1.579206e-25 3.912748e-18
Algorithm converged after  2  iterations.
[1] 2.372024e-24 3.912748e-18 2.499787e-23
Algorithm converged after  2  iterations.
[1] 1.290754e-23 2.372024e-24 3.912748e-18
Algorithm converged after  2  iterations.
[1] 1.290754e-23 6.109161e-26 2.372024e-24 1.579206e-25
Algorithm converged after  2  iterations.
[1] 1.290754e-23 6.109161e-26 3.912748e-18 2.499787e-23
Algorithm converged after  2  iterations.
[1] 2.372024e-24 1.579206e-25 3.912748e-18 2.499787e-23
Algorithm converged after  2  iterations.
[1] 1.290754e-23 6.109161e-26 2.372024e-24 3.912748e-18
Algorithm converged after  2  iterations.
[1] 1.290754e-23 2.372024e-24 1.579206e-25 3.912748e-18
Algorithm converged after  2  iterations.
[1] 1.290754e-23 2.372024e-24 3.912748e-18 2.499787e-23
Algorithm converged after  2  iterations.
[1] 1.831172e-16
Algorithm converged after  2  iterations.
[1] 1.831172e-16 3.563744e-24
Algorithm converged after  6  iterations.
[1] 1.831172e-16 2.699303e-24
Algorithm converged after  6  iterations.
[1] 1.831172e-16 7.974626e-23
Algorithm converged after  7  iterations.
[1] 1.831172e-16 3.563744e-24 2.691032e-50
Algorithm converged after  10  iterations.
[1] 1.831172e-16 2.699303e-24 1.007068e-32
Algorithm converged after  6  iterations.
[1] 1.831172e-16 7.974626e-23 1.017909e-49
[1] 5.624760e-16 9.615273e-23 8.370605e-30
[1] 6.828154e-16 1.003074e-22 7.177554e-44
[1] 5.367588e-16 9.532579e-23 1.691319e-51
[1] 5.648983e-16 9.636486e-23 1.731956e-51
[1] 6.658742e-16 9.985198e-23 1.495071e-58
[1] 6.853688e-16 1.005179e-22 8.960280e-30
[1] 5.810896e-16 9.701831e-23 6.739010e-44
[1] 5.107112e-16 9.449607e-23 2.689603e-49
[1] 5.389196e-16 9.554612e-23 3.979160e-47
[1] 5.158720e-16 9.471073e-23 6.852223e-44
[1] 5.287671e-16 9.523073e-23 4.023449e-47
[1] 6.614945e-16 9.988421e-23 8.693599e-30
Algorithm converged after  128  iterations.
[1] 1.831172e-16 3.563744e-24 2.699303e-24
Algorithm converged after  6  iterations.
[1] 1.831172e-16 3.563744e-24 7.974626e-23
Algorithm converged after  7  iterations.
[1] 1.831172e-16 2.699303e-24 7.974626e-23
Algorithm converged after  7  iterations.
[1] 1.831172e-16 3.563744e-24 2.691032e-50 2.699303e-24
[1] 4.308560e-16 3.903870e-24 5.340758e-53 2.951721e-24
[1] 4.072806e-16 3.876911e-24 1.510934e-31 2.931716e-24
[1] 3.877836e-16 3.854086e-24 1.512882e-31 2.914694e-24
[1] 4.316098e-16 3.906756e-24 1.520854e-31 2.953725e-24
Algorithm converged after  50  iterations.
[1] 1.831172e-16 3.563744e-24 2.691032e-50 7.974626e-23
[1] 5.852261e-16 4.072217e-24 1.516811e-31 9.711664e-23
Algorithm converged after  17  iterations.
[1] 1.831172e-16 3.563744e-24 2.699303e-24 1.007068e-32
Algorithm converged after  7  iterations.
[1] 1.831172e-16 3.563744e-24 7.974626e-23 1.017909e-49
[1] 8.241853e-16 4.297372e-24 1.049190e-22 7.665017e-44
[1] 8.446369e-16 4.316165e-24 1.055736e-22 8.244305e-30
Algorithm converged after  26  iterations.
[1] 1.831172e-16 2.699303e-24 1.007068e-32 7.974626e-23
Algorithm converged after  8  iterations.
[1] 1.831172e-16 2.699303e-24 7.974626e-23 1.017909e-49
[1] 8.526528e-16 3.261452e-24 1.057290e-22 3.166041e-48
[1] 8.255303e-16 3.243590e-24 1.048989e-22 1.224235e-29
[1] 7.072355e-16 3.163729e-24 1.011760e-22 1.934449e-29
[1] 7.500889e-16 3.193200e-24 1.025625e-22 1.200469e-29
[1] 8.567140e-16 3.264704e-24 1.059216e-22 7.733732e-44
[1] 8.284129e-16 3.246486e-24 1.050706e-22 8.439269e-47
[1] 6.769752e-16 3.143111e-24 1.002496e-22 2.823056e-43
[1] 8.462719e-16 3.258148e-24 1.056330e-22 8.628028e-30
Algorithm converged after  86  iterations.
[1] 1.831172e-16 3.563744e-24 2.699303e-24 7.974626e-23
Algorithm converged after  8  iterations.
[1] 1.831172e-16 1.428327e-19
Algorithm converged after  2  iterations.
[1] 1.831172e-16 1.428327e-19 1.717265e-31
Algorithm converged after  5  iterations.
[1] 1.831172e-16 1.428327e-19 2.935862e-29
Algorithm converged after  4  iterations.
[1] 1.831172e-16 1.428327e-19 2.883527e-29
[1] 2.409880e-16 1.381629e-19 3.011213e-29
[1] 2.409886e-16 1.381629e-19 3.011211e-29
[1] 2.409880e-16 1.381629e-19 3.011213e-29
[1] 2.409886e-16 1.381629e-19 3.011211e-29
[1] 2.409880e-16 1.381629e-19 3.011213e-29
[1] 2.409886e-16 1.381629e-19 3.011211e-29
[1] 2.409880e-16 1.381629e-19 3.011213e-29
[1] 2.409886e-16 1.381629e-19 3.011211e-29
[1] 2.409880e-16 1.381629e-19 3.011213e-29
[1] 2.409886e-16 1.381629e-19 3.011211e-29
[1] 2.409880e-16 1.381629e-19 3.011213e-29
[1] 2.409886e-16 1.381629e-19 3.011211e-29
[1] 2.409880e-16 1.381629e-19 3.011213e-29
[1] 2.409886e-16 1.381629e-19 3.011211e-29
[1] 2.409880e-16 1.381629e-19 3.011213e-29
[1] 2.409886e-16 1.381629e-19 3.011211e-29
[1] 2.409880e-16 1.381629e-19 3.011213e-29
[1] 2.409886e-16 1.381629e-19 3.011211e-29
[1] 2.409880e-16 1.381629e-19 3.011213e-29
[1] 2.409886e-16 1.381629e-19 3.011211e-29
[1] 2.409880e-16 1.381629e-19 3.011213e-29
[1] 2.409886e-16 1.381629e-19 3.011211e-29
[1] 2.409880e-16 1.381629e-19 3.011213e-29
[1] 2.409886e-16 1.381629e-19 3.011211e-29
[1] 2.409880e-16 1.381629e-19 3.011213e-29
[1] 2.409886e-16 1.381629e-19 3.011211e-29
[1] 2.409880e-16 1.381629e-19 3.011213e-29
[1] 2.409886e-16 1.381629e-19 3.011211e-29
[1] 2.409880e-16 1.381629e-19 3.011213e-29
[1] 2.409886e-16 1.381629e-19 3.011211e-29
[1] 2.409880e-16 1.381629e-19 3.011213e-29
[1] 2.409886e-16 1.381629e-19 3.011211e-29
[1] 2.409880e-16 1.381629e-19 3.011213e-29
[1] 2.409886e-16 1.381629e-19 3.011211e-29
[1] 2.409880e-16 1.381629e-19 3.011213e-29
[1] 2.409886e-16 1.381629e-19 3.011211e-29
[1] 2.409880e-16 1.381629e-19 3.011213e-29
[1] 2.409886e-16 1.381629e-19 3.011211e-29
[1] 2.409880e-16 1.381629e-19 3.011213e-29
[1] 2.409886e-16 1.381629e-19 3.011211e-29
[1] 2.409880e-16 1.381629e-19 3.011213e-29
[1] 2.409886e-16 1.381629e-19 3.011211e-29
[1] 2.409880e-16 1.381629e-19 3.011213e-29
[1] 2.409886e-16 1.381629e-19 3.011211e-29
[1] 2.409880e-16 1.381629e-19 3.011213e-29
[1] 2.409886e-16 1.381629e-19 3.011211e-29
[1] 2.409880e-16 1.381629e-19 3.011213e-29
[1] 2.409886e-16 1.381629e-19 3.011211e-29
[1] 2.409880e-16 1.381629e-19 3.011213e-29
Algorithm did not converge after  500  iterations.
[1] 1.831172e-16 1.428327e-19 1.717265e-31 1.774929e-34
Algorithm converged after  5  iterations.
[1] 1.831172e-16 1.428327e-19 2.935862e-29 2.820582e-35
[1] 1.807864e-16 1.346621e-19 2.969945e-29 4.186108e-50
[1] 1.802983e-16 1.391174e-19 2.955620e-29 1.727597e-37
[1] 1.771944e-16 1.407285e-19 2.954003e-29 1.728664e-37
[1] 2.060689e-16 1.405081e-19 2.934529e-29 2.787549e-35
[1] 1.779892e-16 1.408004e-19 2.953347e-29 7.144697e-52
[1] 1.839127e-16 1.443274e-19 2.934870e-29 1.109129e-32
[1] 1.644705e-16 1.389693e-19 2.973646e-29 2.289268e-69
[1] 1.793998e-16 1.415852e-19 2.950434e-29 1.102782e-32
[1] 1.779859e-16 1.408012e-19 2.955097e-29 1.853797e-38
[1] 1.644680e-16 1.389690e-19 2.974731e-29 2.035988e-37
[1] 1.810796e-16 1.366587e-19 2.963760e-29 2.054893e-37
[1] 1.782822e-16 1.410629e-19 2.954977e-29 1.101689e-32
[1] 2.061458e-16 1.404129e-19 2.937873e-29 2.789800e-35
[1] 1.754567e-16 1.412993e-19 2.956757e-29 2.806799e-35
[1] 2.060981e-16 1.404141e-19 2.955145e-29 2.791088e-35
[1] 1.779503e-16 1.408099e-19 2.974156e-29 2.811115e-35
[1] 1.865774e-16 1.455962e-19 2.955410e-29 7.799408e-36
[1] 1.865741e-16 1.455965e-19 2.955586e-29 7.796039e-36
[1] 1.838245e-16 1.430369e-19 2.962165e-29 2.791642e-35
[1] 1.779487e-16 1.408109e-19 2.975676e-29 1.854999e-38
[1] 1.779454e-16 1.408101e-19 2.976022e-29 1.729309e-37
[1] 1.779460e-16 1.408109e-19 2.976197e-29 1.729311e-37
[1] 1.779455e-16 1.408111e-19 2.976374e-29 1.729314e-37
[1] 1.779451e-16 1.408112e-19 2.976552e-29 2.058858e-37
[1] 1.793370e-16 1.415959e-19 2.972687e-29 1.731370e-37
[1] 1.641144e-16 1.390762e-19 2.996148e-29 5.808019e-58
[1] 1.779425e-16 1.408119e-19 2.977737e-29 1.729332e-37
[1] 1.701915e-16 1.489662e-19 2.957728e-29 1.109028e-32
[1] 1.779407e-16 1.408116e-19 2.978198e-29 1.729338e-37
[1] 1.901215e-16 1.456170e-19 2.955951e-29 1.105138e-32
[1] 1.711412e-16 1.484524e-19 2.959093e-29 1.738197e-37
[1] 1.901210e-16 1.456171e-19 2.956326e-29 1.105138e-32
[1] 1.793055e-16 1.415997e-19 2.986890e-29 6.944799e-49
[1] 1.794644e-16 1.415483e-19 2.989220e-29 3.942425e-38
Algorithm converged after  344  iterations.
[1] 1.831172e-16 1.428327e-19 2.883527e-29 1.525512e-29
Algorithm converged after  8  iterations.
[1] 1.831172e-16 1.428327e-19 1.717265e-31 2.935862e-29
Algorithm converged after  5  iterations.
[1] 1.831172e-16 1.428327e-19 1.717265e-31 2.883527e-29
Algorithm converged after  8  iterations.
[1] 1.831172e-16 1.428327e-19 2.935862e-29 2.883527e-29
Algorithm converged after  7  iterations.
numeric(0)
Algorithm converged after  1  iterations.
[1] 3.176454e-23
Algorithm converged after  2  iterations.
[1] 1.731158e-25
Algorithm converged after  2  iterations.
[1] 1.960046e-18
Algorithm converged after  2  iterations.
[1] 3.176454e-23 9.093759e-26
Algorithm converged after  2  iterations.
[1] 1.731158e-25 1.247472e-37
Algorithm converged after  2  iterations.
[1] 1.960046e-18 3.896860e-23
Algorithm converged after  2  iterations.
[1] 3.176454e-23 1.731158e-25
Algorithm converged after  2  iterations.
[1] 3.176454e-23 1.960046e-18
Algorithm converged after  2  iterations.
[1] 1.731158e-25 1.960046e-18
Algorithm converged after  2  iterations.
[1] 3.176454e-23 9.093759e-26 1.731158e-25
Algorithm converged after  2  iterations.
[1] 3.176454e-23 9.093759e-26 1.960046e-18
Algorithm converged after  2  iterations.
[1] 3.176454e-23 1.731158e-25 1.247472e-37
Algorithm converged after  2  iterations.
[1] 3.176454e-23 1.960046e-18 3.896860e-23
Algorithm converged after  2  iterations.
[1] 1.731158e-25 1.247472e-37 1.960046e-18
Algorithm converged after  2  iterations.
[1] 1.731158e-25 1.960046e-18 3.896860e-23
Algorithm converged after  2  iterations.
[1] 3.176454e-23 1.731158e-25 1.960046e-18
Algorithm converged after  2  iterations.
[1] 3.176454e-23 9.093759e-26 1.731158e-25 1.247472e-37
Algorithm converged after  2  iterations.
[1] 3.176454e-23 9.093759e-26 1.960046e-18 3.896860e-23
Algorithm converged after  2  iterations.
[1] 1.731158e-25 1.247472e-37 1.960046e-18 3.896860e-23
Algorithm converged after  2  iterations.
[1] 3.176454e-23 9.093759e-26 1.731158e-25 1.960046e-18
Algorithm converged after  2  iterations.
[1] 3.176454e-23 1.731158e-25 1.247472e-37 1.960046e-18
Algorithm converged after  2  iterations.
[1] 3.176454e-23 1.731158e-25 1.960046e-18 3.896860e-23
Algorithm converged after  2  iterations.
[1] 1.441217e-16
Algorithm converged after  2  iterations.
[1] 1.441217e-16 4.534011e-24
Algorithm converged after  6  iterations.
[1] 1.441217e-16 2.570012e-24
Algorithm converged after  6  iterations.
[1] 1.441217e-16 9.421695e-23
Algorithm converged after  7  iterations.
[1] 1.441217e-16 4.534011e-24 7.661460e-35
[1] 2.342162e-16 4.794565e-24 1.681428e-31
[1] 2.256920e-16 4.773395e-24 1.688302e-31
Algorithm converged after  27  iterations.
[1] 1.441217e-16 2.570012e-24 3.586699e-48
[1] 1.655221e-16 2.605749e-24 6.683662e-33
[1] 1.655187e-16 2.606016e-24 6.683658e-33
[1] 1.655153e-16 2.606282e-24 6.683654e-33
[1] 1.655119e-16 2.606549e-24 6.683649e-33
[1] 1.655084e-16 2.606815e-24 6.683645e-33
[1] 1.655050e-16 2.607082e-24 6.683640e-33
[1] 1.655016e-16 2.607348e-24 6.683636e-33
[1] 1.654982e-16 2.607615e-24 6.683631e-33
[1] 1.654948e-16 2.607881e-24 6.683626e-33
[1] 1.654913e-16 2.608148e-24 6.683621e-33
[1] 1.654881e-16 2.608414e-24 6.683617e-33
[1] 1.654846e-16 2.608681e-24 6.683612e-33
[1] 1.654812e-16 2.608947e-24 6.683607e-33
[1] 1.654777e-16 2.609214e-24 6.683601e-33
[1] 1.654743e-16 2.609480e-24 6.683596e-33
[1] 1.654708e-16 2.609747e-24 6.683590e-33
[1] 1.654674e-16 2.610013e-24 6.683584e-33
[1] 1.654639e-16 2.610280e-24 6.683579e-33
[1] 1.654605e-16 2.610546e-24 6.683573e-33
[1] 1.654570e-16 2.610812e-24 6.683567e-33
[1] 1.654536e-16 2.611079e-24 6.683561e-33
[1] 1.654501e-16 2.611345e-24 6.683556e-33
[1] 1.654467e-16 2.611612e-24 6.683550e-33
[1] 1.654434e-16 2.611879e-24 6.683545e-33
[1] 1.654399e-16 2.612145e-24 6.683540e-33
[1] 1.654365e-16 2.612412e-24 6.683535e-33
[1] 1.654331e-16 2.612678e-24 6.683530e-33
[1] 1.654296e-16 2.612945e-24 6.683524e-33
[1] 1.654262e-16 2.613211e-24 6.683519e-33
[1] 1.654227e-16 2.613478e-24 6.683514e-33
[1] 1.654191e-16 2.613744e-24 6.683526e-33
[1] 1.654158e-16 2.614010e-24 6.683509e-33
[1] 1.654124e-16 2.614277e-24 6.683499e-33
[1] 1.654089e-16 2.614543e-24 6.683497e-33
[1] 1.654053e-16 2.614810e-24 6.683502e-33
[1] 1.654020e-16 2.615076e-24 6.683484e-33
[1] 1.653986e-16 2.615343e-24 6.683479e-33
[1] 1.653951e-16 2.615609e-24 6.683475e-33
[1] 1.653917e-16 2.615876e-24 6.683471e-33
[1] 1.653882e-16 2.616142e-24 6.683468e-33
[1] 1.653846e-16 2.616408e-24 6.683468e-33
[1] 1.653811e-16 2.616675e-24 6.683472e-33
[1] 1.653778e-16 2.616941e-24 6.683449e-33
[1] 1.653744e-16 2.617208e-24 6.683444e-33
[1] 1.653709e-16 2.617474e-24 6.683439e-33
[1] 1.653674e-16 2.617741e-24 6.683436e-33
[1] 1.653639e-16 2.618007e-24 6.683435e-33
[1] 1.653603e-16 2.618273e-24 6.683441e-33
[1] 1.653571e-16 2.618540e-24 6.683419e-33
Algorithm did not converge after  500  iterations.
[1] 1.441217e-16 9.421695e-23 1.792434e-29
Algorithm converged after  8  iterations.
[1] 1.441217e-16 4.534011e-24 2.570012e-24
Algorithm converged after  7  iterations.
[1] 1.441217e-16 4.534011e-24 9.421695e-23
Algorithm converged after  7  iterations.
[1] 1.441217e-16 2.570012e-24 9.421695e-23
Algorithm converged after  7  iterations.
[1] 1.441217e-16 4.534011e-24 7.661460e-35 2.570012e-24
[1] 2.863348e-16 4.926823e-24 6.951070e-44 2.774077e-24
[1] 3.264264e-16 5.021014e-24 7.509032e-35 2.822904e-24
[1] 3.264232e-16 5.021333e-24 7.509183e-35 2.822998e-24
[1] 3.264192e-16 5.021651e-24 7.509210e-35 2.823091e-24
[1] 3.264152e-16 5.021968e-24 7.509236e-35 2.823184e-24
[1] 3.264112e-16 5.022285e-24 7.509263e-35 2.823277e-24
[1] 3.264072e-16 5.022603e-24 7.509290e-35 2.823370e-24
[1] 3.264032e-16 5.022920e-24 7.509316e-35 2.823463e-24
[1] 3.263992e-16 5.023237e-24 7.509343e-35 2.823556e-24
[1] 3.263952e-16 5.023555e-24 7.509370e-35 2.823649e-24
[1] 3.263912e-16 5.023872e-24 7.509397e-35 2.823742e-24
[1] 3.263872e-16 5.024190e-24 7.509423e-35 2.823835e-24
[1] 3.263832e-16 5.024507e-24 7.509450e-35 2.823928e-24
[1] 3.263792e-16 5.024825e-24 7.509477e-35 2.824021e-24
[1] 3.263752e-16 5.025142e-24 7.509503e-35 2.824114e-24
[1] 3.263712e-16 5.025459e-24 7.509530e-35 2.824207e-24
[1] 3.263672e-16 5.025777e-24 7.509557e-35 2.824300e-24
[1] 3.263632e-16 5.026094e-24 7.509584e-35 2.824393e-24
[1] 3.263592e-16 5.026412e-24 7.509611e-35 2.824486e-24
[1] 3.263552e-16 5.026729e-24 7.509637e-35 2.824579e-24
[1] 3.263512e-16 5.027047e-24 7.509664e-35 2.824672e-24
[1] 3.263472e-16 5.027364e-24 7.509691e-35 2.824765e-24
[1] 3.263431e-16 5.027682e-24 7.509718e-35 2.824858e-24
[1] 3.263391e-16 5.027999e-24 7.509744e-35 2.824951e-24
[1] 3.263351e-16 5.028317e-24 7.509771e-35 2.825044e-24
[1] 3.263311e-16 5.028634e-24 7.509798e-35 2.825137e-24
[1] 3.263271e-16 5.028952e-24 7.509825e-35 2.825230e-24
[1] 3.263231e-16 5.029269e-24 7.509852e-35 2.825323e-24
[1] 3.263191e-16 5.029587e-24 7.509878e-35 2.825416e-24
[1] 3.263151e-16 5.029904e-24 7.509905e-35 2.825509e-24
[1] 3.263110e-16 5.030222e-24 7.509932e-35 2.825602e-24
[1] 3.263070e-16 5.030539e-24 7.509959e-35 2.825695e-24
[1] 3.263030e-16 5.030857e-24 7.509986e-35 2.825788e-24
[1] 3.262990e-16 5.031174e-24 7.510012e-35 2.825881e-24
[1] 3.262950e-16 5.031492e-24 7.510039e-35 2.825974e-24
[1] 3.262910e-16 5.031809e-24 7.510066e-35 2.826067e-24
[1] 3.262870e-16 5.032127e-24 7.510093e-35 2.826160e-24
[1] 3.262829e-16 5.032444e-24 7.510120e-35 2.826253e-24
[1] 3.262789e-16 5.032762e-24 7.510147e-35 2.826346e-24
[1] 3.262749e-16 5.033080e-24 7.510174e-35 2.826439e-24
[1] 3.262709e-16 5.033397e-24 7.510200e-35 2.826532e-24
[1] 3.262669e-16 5.033715e-24 7.510227e-35 2.826625e-24
[1] 3.262628e-16 5.034032e-24 7.510254e-35 2.826718e-24
[1] 3.262588e-16 5.034350e-24 7.510281e-35 2.826811e-24
[1] 3.262548e-16 5.034668e-24 7.510308e-35 2.826904e-24
[1] 3.262508e-16 5.034985e-24 7.510335e-35 2.826997e-24
[1] 3.262468e-16 5.035303e-24 7.510362e-35 2.827090e-24
[1] 3.262427e-16 5.035621e-24 7.510388e-35 2.827183e-24
[1] 3.262387e-16 5.035938e-24 7.510415e-35 2.827276e-24
Algorithm did not converge after  500  iterations.
[1] 1.441217e-16 4.534011e-24 7.661460e-35 9.421695e-23
[1] 4.874992e-16 5.357084e-24 7.363663e-34 1.127577e-22
Algorithm converged after  12  iterations.
[1] 1.441217e-16 4.534011e-24 2.570012e-24 3.586699e-48
Algorithm converged after  9  iterations.
[1] 1.441217e-16 4.534011e-24 9.421695e-23 1.792434e-29
Algorithm converged after  9  iterations.
[1] 1.441217e-16 2.570012e-24 3.586699e-48 9.421695e-23
[1] 4.534368e-16 2.963196e-24 7.104576e-33 1.112487e-22
[1] 4.523306e-16 2.962055e-24 5.205843e-40 1.112011e-22
[1] 4.421547e-16 2.951541e-24 3.499105e-48 1.107463e-22
[1] 4.531129e-16 2.962931e-24 2.037622e-30 1.112436e-22
[1] 4.423970e-16 2.951836e-24 7.093151e-33 1.107639e-22
[1] 4.188853e-16 2.926525e-24 7.153400e-33 1.096755e-22
[1] 4.423306e-16 2.951770e-24 7.099180e-33 1.107662e-22
Algorithm converged after  75  iterations.
[1] 1.441217e-16 2.570012e-24 9.421695e-23 1.792434e-29
Algorithm converged after  9  iterations.
[1] 1.441217e-16 4.534011e-24 2.570012e-24 9.421695e-23
Algorithm converged after  8  iterations.
[1] 1.441217e-16 1.698133e-19
Algorithm converged after  2  iterations.
[1] 1.441217e-16 1.698133e-19 2.418329e-31
Algorithm converged after  5  iterations.
[1] 1.441217e-16 1.698133e-19 2.490303e-29
Algorithm converged after  4  iterations.
[1] 1.441217e-16 1.698133e-19 3.083155e-29
Algorithm converged after  7  iterations.
[1] 1.441217e-16 1.698133e-19 2.418329e-31 4.673335e-35
[1] 1.757994e-16 1.581719e-19 2.471349e-31 4.721298e-35
[1] 1.787993e-16 1.484798e-19 2.496132e-31 4.243562e-38
[1] 1.662848e-16 1.545784e-19 2.471864e-31 4.202089e-38
[1] 1.723073e-16 1.484902e-19 2.490743e-31 4.732779e-35
[1] 1.721176e-16 1.484977e-19 2.490606e-31 1.629974e-34
[1] 1.737005e-16 1.582456e-19 2.469126e-31 1.238229e-43
[1] 1.715514e-16 1.484101e-19 2.490695e-31 1.683304e-33
[1] 1.797148e-16 1.568114e-19 2.477430e-31 3.769929e-35
[1] 1.741908e-16 1.570930e-19 2.472417e-31 3.771476e-35
[1] 1.739394e-16 1.487217e-19 2.492462e-31 3.753023e-35
[1] 1.725710e-16 1.572320e-19 2.470683e-31 1.683824e-33
[1] 1.739604e-16 1.487254e-19 2.492591e-31 8.375013e-35
[1] 1.514169e-16 1.467396e-19 2.473902e-31 4.124887e-35
[1] 1.780390e-16 1.451644e-19 2.504160e-31 4.396704e-38
Algorithm converged after  148  iterations.
[1] 1.441217e-16 1.698133e-19 2.490303e-29 1.902997e-34
[1] 1.314056e-16 1.682578e-19 2.522923e-29 1.890634e-34
[1] 1.406911e-16 1.742941e-19 2.489812e-29 1.787667e-34
[1] 1.406983e-16 1.642093e-19 2.535812e-29 1.875602e-34
[1] 1.313969e-16 1.682591e-19 2.530275e-29 1.891801e-34
[1] 1.313944e-16 1.682572e-19 2.532487e-29 1.891741e-34
[1] 1.221530e-16 1.574237e-19 2.606663e-29 1.048265e-63
[1] 1.222502e-16 1.574453e-19 2.610438e-29 5.663048e-59
[1] 1.219973e-16 1.574475e-19 2.614356e-29 1.933701e-48
[1] 1.222280e-16 1.574447e-19 2.618388e-29 3.037137e-48
[1] 1.192498e-16 1.575068e-19 2.631033e-29 2.183207e-59
[1] 1.405532e-16 1.742681e-19 2.525889e-29 1.790750e-34
[1] 1.295029e-16 1.577586e-19 2.623733e-29 9.231477e-50
[1] 1.273750e-16 1.663765e-19 2.584071e-29 1.912077e-34
[1] 1.221595e-16 1.574413e-19 2.644428e-29 2.355427e-48
[1] 1.298167e-16 1.578443e-19 2.633656e-29 2.348288e-48
[1] 1.223506e-16 1.574913e-19 2.650851e-29 9.046573e-50
[1] 1.279655e-16 1.610589e-19 2.620664e-29 2.177077e-34
[1] 1.221402e-16 1.574514e-19 2.658394e-29 2.353603e-48
[1] 1.290546e-16 1.575265e-19 2.650699e-29 7.467721e-33
[1] 1.229813e-16 1.577035e-19 2.661052e-29 7.489765e-33
[1] 1.404699e-16 1.742922e-19 2.555324e-29 1.794125e-34
[1] 1.398772e-16 1.745204e-19 2.554873e-29 1.909561e-34
[1] 1.229699e-16 1.576996e-19 2.665017e-29 1.919211e-34
[1] 1.313002e-16 1.682732e-19 2.598437e-29 1.899292e-34
[1] 1.312957e-16 1.682736e-19 2.602507e-29 1.899632e-34
[1] 1.220781e-16 1.574490e-19 2.678640e-29 2.352572e-48
[1] 1.293878e-16 1.577593e-19 2.668503e-29 1.948516e-34
[1] 1.312782e-16 1.682734e-19 2.612401e-29 1.900911e-34
[1] 1.312820e-16 1.682769e-19 2.614836e-29 1.901545e-34
[1] 1.229086e-16 1.576973e-19 2.687455e-29 1.921683e-34
[1] 1.430780e-16 1.663728e-19 2.608231e-29 1.902660e-34
[1] 1.422416e-16 1.661953e-19 2.613448e-29 1.892340e-34
[1] 1.278911e-16 1.609876e-19 2.662404e-29 2.180996e-34
[1] 1.219270e-16 1.574243e-19 2.698818e-29 2.249691e-34
[1] 1.430949e-16 1.663912e-19 2.617653e-29 1.905040e-34
[1] 1.219942e-16 1.574361e-19 2.704085e-29 3.060216e-48
[1] 1.228622e-16 1.576995e-19 2.704306e-29 2.168449e-34
[1] 1.312451e-16 1.682798e-19 2.635785e-29 1.903451e-34
[1] 1.299364e-16 1.579217e-19 2.698159e-29 2.179035e-34
[1] 1.299344e-16 1.579227e-19 2.698158e-29 2.179031e-34
[1] 1.299346e-16 1.579228e-19 2.698157e-29 2.179029e-34
[1] 1.299382e-16 1.579244e-19 2.698142e-29 1.927322e-34
[1] 1.312334e-16 1.682791e-19 2.642150e-29 1.904215e-34
[1] 1.435956e-16 1.650970e-19 2.640362e-29 1.903514e-34
[1] 1.430221e-16 1.663701e-19 2.639146e-29 1.906184e-34
[1] 1.430461e-16 1.657635e-19 2.646884e-29 1.888116e-34
[1] 1.434460e-16 1.650675e-19 2.652463e-29 1.906333e-34
[1] 1.381755e-16 1.648465e-19 2.666993e-29 1.894175e-34
[1] 1.301095e-16 1.579384e-19 2.721388e-29 7.515589e-33
Algorithm did not converge after  500  iterations.
[1] 1.441217e-16 1.698133e-19 3.083155e-29 3.599306e-35
[1] 3.753691e-16 1.722517e-19 3.595051e-29 8.123919e-32
Algorithm converged after  16  iterations.
[1] 1.441217e-16 1.698133e-19 2.418329e-31 2.490303e-29
Algorithm converged after  5  iterations.
[1] 1.441217e-16 1.698133e-19 2.418329e-31 3.083155e-29
Algorithm converged after  7  iterations.
[1] 1.441217e-16 1.698133e-19 2.490303e-29 3.083155e-29
Algorithm converged after  7  iterations.
Warning messages:
1: In max(abs(CT), na.rm = T) :
  no non-missing arguments to max; returning -Inf
2: In max(abs(CT), na.rm = T) :
  no non-missing arguments to max; returning -Inf
3: In max(abs(CT), na.rm = T) :
  no non-missing arguments to max; returning -Inf
4: In max(abs(CT), na.rm = T) :
  no non-missing arguments to max; returning -Inf
5: In max(abs(CT), na.rm = T) :
  no non-missing arguments to max; returning -Inf
6: In max(abs(CT), na.rm = T) :
  no non-missing arguments to max; returning -Inf
7: In max(abs(CT), na.rm = T) :
  no non-missing arguments to max; returning -Inf
8: In max(abs(CT), na.rm = T) :
  no non-missing arguments to max; returning -Inf
9: In max(abs(CT), na.rm = T) :
  no non-missing arguments to max; returning -Inf
10: In max(abs(CT), na.rm = T) :
  no non-missing arguments to max; returning -Inf
[1] "Best iter parameter is:"
   gam  rankJ rankA1 rankA2 rankA3 
     9      1      1      0      2 
[1] 1.905382e-16 2.876018e-24 6.417776e-23 7.370915e-30
Algorithm converged after  9  iterations.
         [,1]     [,2]     [,3]
[1,] 5.763155 9.198278 28.19545
