myseed=6320 

Attaching package: ‘pls’

The following object is masked from ‘package:stats’:

    loadings

Loading required package: lattice
Loading required package: ggplot2
Registered S3 methods overwritten by 'ggplot2':
  method         from 
  [.quosures     rlang
  c.quosures     rlang
  print.quosures rlang

Attaching package: ‘caret’

The following object is masked from ‘package:pls’:

    R2

Loading required package: Matrix
Loading required package: foreach
Loaded glmnet 2.0-18

Parsed with column specification:
cols(
  .default = col_double()
)
See spec(...) for full column specifications.
Parsed with column specification:
cols(
  X1 = col_double()
)
Parsed with column specification:
cols(
  X1 = col_double()
)
numeric(0)
Algorithm converged after  1  iterations.
[1] 0.03111607
Algorithm converged after  2  iterations.
[1] 0.0304729
Algorithm converged after  2  iterations.
[1] 0.02613919
Algorithm converged after  2  iterations.
[1] 0.03111607 0.03047290
Algorithm converged after  2  iterations.
[1] 0.03111607 0.02613919
Algorithm converged after  2  iterations.
[1] 0.03047290 0.02613919
Algorithm converged after  2  iterations.
[1] 0.03111607 0.03047290 0.02613919
Algorithm converged after  2  iterations.
[1] 0.05473974
Algorithm converged after  2  iterations.
[1] 0.05473974 0.01716253
[1] 0.07158944 0.02883510
[1] 0.07160644 0.02883620
Algorithm converged after  21  iterations.
[1] 0.05473974 0.01500666
[1] 0.06187715 0.03067457
[1] 0.06211062 0.03113501
[1] 0.06215281 0.03120644
[1] 0.06216041 0.03121838
[1] 0.06216173 0.03122040
Algorithm converged after  57  iterations.
[1] 0.05473974 0.01035458
[1] 0.09174585 0.03303250
[1] 0.09689084 0.03737974
[1] 0.09697441 0.03740462
Algorithm converged after  32  iterations.
[1] 0.05473974 0.01716253 0.01500666
[1] 0.08835350 0.03009747 0.02798584
[1] 0.08750010 0.02976746 0.02749044
[1] 0.08680699 0.02964679 0.02738961
[1] 0.08664111 0.02962234 0.02737376
[1] 0.08660939 0.02961807 0.02737146
[1] 0.08660403 0.02961739 0.02737117
Algorithm converged after  66  iterations.
[1] 0.05473974 0.01716253 0.01035458
[1] 0.16907119 0.03118464 0.06311880
[1] 0.16794133 0.03240801 0.08124907
[1] 0.16405264 0.03220802 0.07968262
[1] 0.16363924 0.03216786 0.07942670
[1] 0.16360860 0.03216425 0.07940473
Algorithm converged after  58  iterations.
[1] 0.05473974 0.01500666 0.01035458
[1] 0.11515975 0.03255760 0.03624064
[1] 0.12546164 0.02486853 0.05549739
[1] 0.09767637 0.02142197 0.04327541
[1] 0.09663699 0.02133182 0.04232791
[1] 0.09664933 0.02132738 0.04230219
Algorithm converged after  58  iterations.
[1] 0.05473974 0.01716253 0.01500666 0.01035458
[1] 0.29602904 0.04874482 0.03400426 0.06946827
[1] 0.53524258 0.06188477 0.03859472 0.22544634
[1] 0.73820911 0.11869586 0.09727791 0.38602599
[1] 0.9775102 0.1591376 0.1321709 0.5068979
[1] 1.1793017 0.1879587 0.1562505 0.6100456
[1] 1.3506717 0.2122481 0.1765960 0.6978585
[1] 1.4978957 0.2331400 0.1941483 0.7733852
[1] 1.6252673 0.2512349 0.2093839 0.8387817
[1] 1.7359430 0.2669699 0.2226538 0.8956430
[1] 1.8323827 0.2806881 0.2342371 0.9452162
[1] 1.9165789 0.2926692 0.2443633 0.9885146
[1] 1.9901861 0.3031462 0.2532251 1.0263811
[1] 2.0545999 0.3123164 0.2609863 1.0595280
[1] 2.1110103 0.3203484 0.2677878 1.0885638
[1] 2.1604402 0.3273873 0.2737508 1.1140121
[1] 2.2037725 0.3335584 0.2789805 1.1363252
[1] 2.2417731 0.3389706 0.2835685 1.1558959
[1] 2.2751074 0.3437184 0.2875944 1.1730658
[1] 2.3043554 0.3478844 0.2911276 1.1881327
[1] 2.3300228 0.3515406 0.2942291 1.2013564
[1] 2.3525516 0.3547497 0.2969518 1.2129641
[1] 2.3723283 0.3575669 0.2993423 1.2231546
[1] 2.3896910 0.3600403 0.3014413 1.2321018
[1] 2.4049357 0.3622120 0.3032845 1.2399580
[1] 2.4183220 0.3641189 0.3049031 1.2468569
[1] 2.4300772 0.3657936 0.3063247 1.2529154
[1] 2.4404007 0.3672642 0.3075732 1.2582362
[1] 2.4494673 0.3685559 0.3086698 1.2629094
[1] 2.4574303 0.3696903 0.3096330 1.2670139
[1] 2.4644244 0.3706867 0.3104790 1.2706190
[1] 2.4705677 0.3715619 0.3112221 1.2737857
[1] 2.4759637 0.3723307 0.3118749 1.2765672
[1] 2.4807036 0.3730060 0.3124483 1.2790106
[1] 2.4848672 0.3735991 0.3129520 1.2811569
[1] 2.4885246 0.3741202 0.3133945 1.2830423
[1] 2.4917375 0.3745779 0.3137832 1.2846985
[1] 2.4945598 0.3749800 0.3141247 1.2861535
[1] 2.4970392 0.3753332 0.3144247 1.2874316
[1] 2.4992172 0.3756435 0.3146882 1.2885544
[1] 2.5011306 0.3759161 0.3149197 1.2895408
[1] 2.5028115 0.3761556 0.3151231 1.2904074
[1] 2.5042882 0.3763660 0.3153018 1.2911686
[1] 2.5055854 0.3765508 0.3154587 1.2918374
[1] 2.5067251 0.3767132 0.3155966 1.2924249
[1] 2.5077263 0.3768558 0.3157178 1.2929411
[1] 2.5086058 0.3769811 0.3158242 1.2933945
[1] 2.5093786 0.3770912 0.3159177 1.2937929
[1] 2.5100574 0.3771879 0.3159999 1.2941429
[1] 2.5106538 0.3772729 0.3160720 1.2944503
Algorithm did not converge after  500  iterations.
numeric(0)
Algorithm converged after  1  iterations.
[1] 0.03218161
Algorithm converged after  2  iterations.
[1] 0.03011962
Algorithm converged after  2  iterations.
[1] 0.02343153
Algorithm converged after  2  iterations.
[1] 0.03218161 0.03011962
Algorithm converged after  2  iterations.
[1] 0.03218161 0.02343153
Algorithm converged after  2  iterations.
[1] 0.03011962 0.02343153
Algorithm converged after  2  iterations.
[1] 0.03218161 0.03011962 0.02343153
Algorithm converged after  2  iterations.
[1] 0.0494275
Algorithm converged after  2  iterations.
[1] 0.04942750 0.01728727
[1] 0.06314029 0.03272899
[1] 0.06314343 0.03275329
[1] 0.06313958 0.03275406
Algorithm converged after  32  iterations.
[1] 0.04942750 0.01687388
[1] 0.06537108 0.03760429
[1] 0.06588940 0.03804241
[1] 0.06593052 0.03808769
[1] 0.06593486 0.03809288
Algorithm converged after  48  iterations.
[1] 0.04942750 0.01015475
[1] 0.09495586 0.03796900
[1] 0.08496328 0.03063711
[1] 0.08474603 0.03049189
[1] 0.08474200 0.03048921
Algorithm converged after  41  iterations.
[1] 0.04942750 0.01728727 0.01687388
[1] 0.08149095 0.02842633 0.02931421
[1] 0.08025602 0.02801183 0.02842427
[1] 0.07953822 0.02790658 0.02825793
[1] 0.07939228 0.02788846 0.02822877
[1] 0.07936662 0.02788552 0.02822349
[1] 0.07936216 0.02788502 0.02822249
Algorithm converged after  66  iterations.
[1] 0.04942750 0.01728727 0.01015475
[1] 0.16515498 0.03210972 0.07219610
[1] 0.17669266 0.03420770 0.08906265
[1] 0.17932572 0.03447976 0.09094670
[1] 0.17990335 0.03453327 0.09132824
[1] 0.18002981 0.03454489 0.09141129
[1] 0.18005749 0.03454743 0.09142946
[1] 0.18006355 0.03454799 0.09143344
Algorithm converged after  76  iterations.
[1] 0.04942750 0.01687388 0.01015475
[1] 0.14241190 0.03536469 0.05131392
[1] 0.10544172 0.02280428 0.04483072
[1] 0.09437556 0.02251255 0.03771853
[1] 0.09379318 0.02250370 0.03715883
[1] 0.09375981 0.02250312 0.03711660
[1] 0.09375752 0.02250306 0.03711336
Algorithm converged after  64  iterations.
[1] 0.04942750 0.01728727 0.01687388 0.01015475
[1] 0.29695410 0.04817695 0.03700625 0.06779146
[1] 0.52016845 0.06047849 0.03631987 0.22293830
[1] 0.72855210 0.12035709 0.09044257 0.37918666
[1] 1.0124987 0.1646738 0.1267267 0.5221688
[1] 1.2545124 0.1978753 0.1527208 0.6458092
[1] 1.4617308 0.2261384 0.1748862 0.7520114
[1] 1.6407662 0.2505722 0.1941186 0.8439104
[1] 1.7962606 0.2718030 0.2108763 0.9238129
[1] 1.9317554 0.2903077 0.2255125 0.9934969
[1] 2.050092 0.306471 0.238317 1.054397
[1] 2.1536130 0.3206115 0.2495330 1.1077016
[1] 2.2442871 0.3329973 0.2593668 1.1544120
[1] 2.3237847 0.3438565 0.2679953 1.1953800
[1] 2.3935363 0.3533842 0.2755708 1.2313369
[1] 2.4547740 0.3617487 0.2822250 1.2629132
[1] 2.5085636 0.3690958 0.2880725 1.2906553
[1] 2.5558304 0.3755518 0.2932126 1.3150380
[1] 2.5973796 0.3812267 0.2977323 1.3364748
[1] 2.6339133 0.3862165 0.3017074 1.3553266
[1] 2.6660448 0.3906049 0.3052043 1.3719089
[1] 2.6943104 0.3944653 0.3082810 1.3864977
[1] 2.7191797 0.3978618 0.3109884 1.3993347
[1] 2.7410640 0.4008505 0.3133712 1.4106318
[1] 2.7603243 0.4034809 0.3154686 1.4205751
[1] 2.7772770 0.4057961 0.3173148 1.4293276
[1] 2.7922002 0.4078341 0.3189401 1.4370327
[1] 2.8053379 0.4096283 0.3203711 1.4438162
[1] 2.8169047 0.4112079 0.3216311 1.4497889
[1] 2.8270890 0.4125987 0.3227405 1.4550479
[1] 2.8360566 0.4138233 0.3237174 1.4596787
[1] 2.8439533 0.4149017 0.3245777 1.4637567
[1] 2.8509073 0.4158514 0.3253354 1.4673478
[1] 2.8570312 0.4166877 0.3260026 1.4705105
[1] 2.8624245 0.4174242 0.3265902 1.4732958
[1] 2.8671744 0.4180728 0.3271078 1.4757489
[1] 2.8713578 0.4186441 0.3275636 1.4779094
[1] 2.8750423 0.4191472 0.3279651 1.4798124
[1] 2.8782874 0.4195904 0.3283187 1.4814884
[1] 2.8811457 0.4199807 0.3286301 1.4829647
[1] 2.8836633 0.4203245 0.3289045 1.4842649
[1] 2.8858808 0.4206273 0.3291461 1.4854103
[1] 2.8878340 0.4208941 0.3293590 1.4864191
[1] 2.8895545 0.4211290 0.3295464 1.4873077
[1] 2.8910699 0.4213360 0.3297116 1.4880904
[1] 2.8924048 0.4215182 0.3298571 1.4887799
[1] 2.8935806 0.4216788 0.3299852 1.4893872
[1] 2.8946164 0.4218202 0.3300981 1.4899221
[1] 2.8955287 0.4219448 0.3301975 1.4903933
[1] 2.8963323 0.4220546 0.3302851 1.4908084
Algorithm did not converge after  500  iterations.
numeric(0)
Algorithm converged after  1  iterations.
[1] 0.03428516
Algorithm converged after  2  iterations.
[1] 0.02849674
Algorithm converged after  2  iterations.
[1] 0.0228248
Algorithm converged after  2  iterations.
[1] 0.03428516 0.02849674
Algorithm converged after  2  iterations.
[1] 0.03428516 0.02282480
Algorithm converged after  2  iterations.
[1] 0.02849674 0.02282480
Algorithm converged after  2  iterations.
[1] 0.03428516 0.02849674 0.02282480
Algorithm converged after  2  iterations.
[1] 0.04962334
Algorithm converged after  2  iterations.
[1] 0.04962334 0.01730406
[1] 0.05776071 0.03297882
[1] 0.05781709 0.03301635
Algorithm converged after  27  iterations.
[1] 0.04962334 0.01542891
[1] 0.06499661 0.03775728
[1] 0.06579390 0.03837144
[1] 0.06588285 0.03845054
[1] 0.06589382 0.03846097
[1] 0.06589521 0.03846233
Algorithm converged after  52  iterations.
[1] 0.04962334 0.01086431
[1] 0.10414238 0.06176195
[1] 0.10407863 0.06118926
[1] 0.10404103 0.06115642
Algorithm converged after  40  iterations.
[1] 0.04962334 0.01730406 0.01542891
[1] 0.08054367 0.03240021 0.02956279
[1] 0.08108936 0.03226958 0.02934372
[1] 0.08074546 0.03218570 0.02922853
[1] 0.08063328 0.03216450 0.02919333
[1] 0.08060448 0.03215966 0.02918333
[1] 0.08059742 0.03215856 0.02918052
[1] 0.08059565 0.03215830 0.02917972
Algorithm converged after  75  iterations.
[1] 0.04962334 0.01730406 0.01086431
[1] 0.13995525 0.03161012 0.06587858
[1] 0.14798071 0.03216409 0.08853210
[1] 0.15068865 0.03238906 0.09100478
[1] 0.15123627 0.03242798 0.09143357
[1] 0.15134248 0.03243540 0.09151551
[1] 0.15136301 0.03243684 0.09153133
[1] 0.15136698 0.03243712 0.09153438
Algorithm converged after  74  iterations.
[1] 0.04962334 0.01542891 0.01086431
[1] 0.13235312 0.02593612 0.07303955
[1] 0.13063220 0.02536280 0.07670509
[1] 0.13122475 0.02541909 0.07726574
[1] 0.13134046 0.02542709 0.07736357
[1] 0.13136053 0.02542844 0.07738029
[1] 0.13136397 0.02542868 0.07738314
Algorithm converged after  64  iterations.
[1] 0.04962334 0.01730406 0.01542891 0.01086431
[1] 0.29965418 0.05448140 0.04624886 0.06828372
[1] 0.64512132 0.09839771 0.08920166 0.18207744
[1] 0.90436140 0.10662857 0.09325469 0.36036407
[1] 1.0143976 0.1176059 0.0965315 0.6135408
[1] 1.2583037 0.1858715 0.1660913 0.7368528
[1] 1.4904799 0.2201504 0.1978909 0.8669835
[1] 1.6973197 0.2484776 0.2235781 0.9844897
[1] 1.8823325 0.2736810 0.2463636 1.0896488
[1] 2.0485757 0.2963249 0.2668263 1.1841090
[1] 2.1983212 0.3167274 0.2852653 1.2691697
[1] 2.3334068 0.3351374 0.3019074 1.3458850
[1] 2.4553895 0.3517651 0.3169421 1.4151464
[1] 2.5656192 0.3667931 0.3305336 1.4777252
[1] 2.6652808 0.3803820 0.3428261 1.5342979
[1] 2.7554237 0.3926741 0.3539474 1.5854624
[1] 2.8369822 0.4037965 0.3640120 1.6317508
[1] 2.9107916 0.4138626 0.3731219 1.6736386
[1] 2.9776011 0.4229744 0.3813692 1.7115518
[1] 3.0380839 0.4312236 0.3888364 1.7458732
[1] 3.0928461 0.4386928 0.3955981 1.7769471
[1] 3.1424339 0.4454563 0.4017215 1.8050840
[1] 3.1873401 0.4515814 0.4072672 1.8305638
[1] 3.2280097 0.4571287 0.4122901 1.8536391
[1] 3.2648447 0.4621529 0.4168396 1.8745383
[1] 3.2982083 0.4667038 0.4209607 1.8934676
[1] 3.3284291 0.4708259 0.4246936 1.9106135
[1] 3.3558042 0.4745600 0.4280752 1.9261446
[1] 3.3806024 0.4779425 0.4311386 1.9402136
[1] 3.4030668 0.4810067 0.4339138 1.9529584
[1] 3.4234178 0.4837826 0.4364280 1.9645040
[1] 3.4418544 0.4862974 0.4387057 1.9749636
[1] 3.4585572 0.4885758 0.4407693 1.9844393
[1] 3.4736894 0.4906398 0.4426388 1.9930240
[1] 3.4873989 0.4925099 0.4443327 2.0008016
[1] 3.4998196 0.4942041 0.4458673 2.0078479
[1] 3.5110730 0.4957391 0.4472577 2.0142320
[1] 3.5212686 0.4971298 0.4485174 2.0200160
[1] 3.5305062 0.4983898 0.4496588 2.0252565
[1] 3.5388757 0.4995315 0.4506929 2.0300045
[1] 3.5464588 0.5005658 0.4516299 2.0343063
[1] 3.5533295 0.5015030 0.4524788 2.0382040
[1] 3.5595546 0.5023522 0.4532480 2.0417355
[1] 3.5651950 0.5031215 0.4539449 2.0449352
[1] 3.5703055 0.5038186 0.4545764 2.0478343
[1] 3.5749359 0.5044502 0.4551485 2.0504611
[1] 3.5791314 0.5050225 0.4556670 2.0528412
[1] 3.5829329 0.5055410 0.4561367 2.0549977
[1] 3.5863773 0.5060108 0.4565623 2.0569516
[1] 3.5894981 0.5064365 0.4569479 2.0587221
Algorithm did not converge after  500  iterations.
numeric(0)
Algorithm converged after  1  iterations.
[1] 0.03376748
Algorithm converged after  2  iterations.
[1] 0.03336421
Algorithm converged after  2  iterations.
[1] 0.02510265
Algorithm converged after  2  iterations.
[1] 0.03376748 0.03336421
Algorithm converged after  2  iterations.
[1] 0.03376748 0.02510265
Algorithm converged after  2  iterations.
[1] 0.03336421 0.02510265
Algorithm converged after  2  iterations.
[1] 0.03376748 0.03336421 0.02510265
Algorithm converged after  2  iterations.
[1] 0.05331237
Algorithm converged after  2  iterations.
[1] 0.05331237 0.02091285
[1] 0.06524249 0.03465920
[1] 0.06528223 0.03468900
Algorithm converged after  26  iterations.
[1] 0.05331237 0.01762277
[1] 0.06516562 0.03422617
[1] 0.06530288 0.03442825
[1] 0.06530853 0.03444098
Algorithm converged after  39  iterations.
[1] 0.053312371 0.009677615
[1] 0.10437410 0.04103683
[1] 0.09331341 0.03255347
[1] 0.09312057 0.03243549
Algorithm converged after  39  iterations.
[1] 0.05331237 0.02091285 0.01762277
[1] 0.08546665 0.03205061 0.03272469
[1] 0.08669019 0.03200577 0.03277764
[1] 0.08658411 0.03197070 0.03272690
[1] 0.08655119 0.03196349 0.03271477
[1] 0.08654476 0.03196216 0.03271241
Algorithm converged after  58  iterations.
[1] 0.053312371 0.020912851 0.009677615
[1] 0.16148244 0.03594992 0.06890386
[1] 0.18755954 0.03879502 0.08938892
[1] 0.19502185 0.03947598 0.09426418
[1] 0.19696034 0.03965169 0.09552521
[1] 0.19746231 0.03969718 0.09585178
[1] 0.19759226 0.03970896 0.09593633
[1] 0.19762590 0.03971201 0.09595822
[1] 0.19763461 0.03971280 0.09596388
Algorithm converged after  90  iterations.
[1] 0.053312371 0.017622766 0.009677615
[1] 0.14428548 0.03390995 0.04576728
[1] 0.10379073 0.02550361 0.03839582
[1] 0.09991172 0.02547533 0.03597857
[1] 0.09990329 0.02547784 0.03589642
[1] 0.09990850 0.02547796 0.03589518
Algorithm converged after  52  iterations.
[1] 0.053312371 0.020912851 0.017622766 0.009677615
[1] 0.28521366 0.04540918 0.03777090 0.06896227
[1] 0.43941593 0.06417144 0.04221616 0.22015809
[1] 0.75280213 0.12442626 0.09086605 0.39101004
[1] 1.0598571 0.1675423 0.1230852 0.5510492
[1] 1.3130074 0.2020375 0.1487113 0.6841025
[1] 1.5236156 0.2307863 0.1702165 0.7951823
[1] 1.7002189 0.2549422 0.1883771 0.8885271
[1] 1.8490279 0.2753230 0.2037520 0.9673005
[1] 1.9748195 0.2925665 0.2167915 1.0339649
[1] 2.0813910 0.3071844 0.2278651 1.0904927
[1] 2.1718253 0.3195945 0.2372787 1.1384938
[1] 2.2486590 0.3301420 0.2452877 1.1792983
[1] 2.3139969 0.3391140 0.2521059 1.2140130
[1] 2.3695989 0.3467506 0.2579130 1.2435656
[1] 2.4169440 0.3532543 0.2628612 1.2687373
[1] 2.4572768 0.3587955 0.2670788 1.2901860
[1] 2.4916485 0.3635183 0.2706748 1.3084685
[1] 2.5209489 0.3675447 0.2737413 1.3240562
[1] 2.5459326 0.3709781 0.2763569 1.3373493
[1] 2.5672396 0.3739065 0.2785882 1.3486876
[1] 2.5854143 0.3764045 0.2804919 1.3583600
[1] 2.6009192 0.3785356 0.2821162 1.3666124
[1] 2.6141480 0.3803540 0.2835023 1.3736538
[1] 2.6254361 0.3819057 0.2846852 1.3796625
[1] 2.6350688 0.3832298 0.2856947 1.3847904
[1] 2.6432896 0.3843599 0.2865563 1.3891669
[1] 2.6503058 0.3853244 0.2872918 1.3929022
[1] 2.6562942 0.3861477 0.2879195 1.3960904
[1] 2.6614056 0.3868503 0.2884554 1.3988118
[1] 2.6657686 0.3874502 0.2889128 1.4011348
[1] 2.6694928 0.3879621 0.2893033 1.4031177
[1] 2.6726720 0.3883992 0.2896366 1.4048104
[1] 2.6753858 0.3887723 0.2899211 1.4062554
[1] 2.6777025 0.3890908 0.2901640 1.4074890
[1] 2.6796802 0.3893627 0.2903714 1.4085420
[1] 2.6813685 0.3895948 0.2905484 1.4094410
[1] 2.6828098 0.3897930 0.2906996 1.4102085
[1] 2.6840403 0.3899621 0.2908286 1.4108637
[1] 2.6850907 0.3901066 0.2909387 1.4114230
[1] 2.6859875 0.3902298 0.2910328 1.4119005
[1] 2.6867531 0.3903351 0.2911131 1.4123082
[1] 2.6874068 0.3904250 0.2911816 1.4126563
[1] 2.6879648 0.3905017 0.2912401 1.4129534
[1] 2.6884412 0.3905672 0.2912901 1.4132071
[1] 2.6888479 0.3906231 0.2913327 1.4134237
[1] 2.6891951 0.3906708 0.2913691 1.4136086
[1] 2.6894916 0.3907116 0.2914002 1.4137664
[1] 2.6897446 0.3907464 0.2914268 1.4139012
[1] 2.6899607 0.3907761 0.2914494 1.4140162
Algorithm did not converge after  500  iterations.
numeric(0)
Algorithm converged after  1  iterations.
[1] 0.03290552
Algorithm converged after  2  iterations.
[1] 0.02871679
Algorithm converged after  2  iterations.
[1] 0.02333385
Algorithm converged after  2  iterations.
[1] 0.03290552 0.02871679
Algorithm converged after  2  iterations.
[1] 0.03290552 0.02333385
Algorithm converged after  2  iterations.
[1] 0.02871679 0.02333385
Algorithm converged after  2  iterations.
[1] 0.03290552 0.02871679 0.02333385
Algorithm converged after  2  iterations.
[1] 0.04834564
Algorithm converged after  2  iterations.
[1] 0.04834564 0.01851594
[1] 0.05948830 0.03398976
[1] 0.05962497 0.03401793
[1] 0.05962805 0.03401777
Algorithm converged after  31  iterations.
[1] 0.04834564 0.01515751
[1] 0.05920234 0.03312915
[1] 0.05927648 0.03324312
[1] 0.05927340 0.03325488
[1] 0.05927248 0.03325678
Algorithm converged after  46  iterations.
[1] 0.04834564 0.01114407
[1] 0.07655601 0.02802617
[1] 0.09465660 0.04118295
[1] 0.09315232 0.04008297
[1] 0.09310377 0.04004864
Algorithm converged after  49  iterations.
[1] 0.04834564 0.01851594 0.01515751
[1] 0.07607543 0.03088210 0.03029002
[1] 0.07251046 0.03020377 0.02961954
[1] 0.07148774 0.03006134 0.02950761
[1] 0.07131023 0.03003783 0.02948568
[1] 0.07127574 0.03003307 0.02947993
[1] 0.07126789 0.03003191 0.02947830
[1] 0.07126588 0.03003159 0.02947783
Algorithm converged after  75  iterations.
[1] 0.04834564 0.01851594 0.01114407
[1] 0.17169090 0.03393370 0.08106447
[1] 0.19850185 0.03682107 0.10644994
[1] 0.20502924 0.03738881 0.11080118
[1] 0.20665187 0.03752599 0.11186109
[1] 0.20705632 0.03756015 0.11212504
[1] 0.20715715 0.03756867 0.11219084
[1] 0.20718228 0.03757079 0.11220724
[1] 0.20718855 0.03757132 0.11221133
Algorithm converged after  86  iterations.
[1] 0.04834564 0.01515751 0.01114407
[1] 0.15225750 0.03893307 0.05925294
[1] 0.10984178 0.02206302 0.05278030
[1] 0.10227868 0.02189606 0.04759707
[1] 0.10176868 0.02188763 0.04717590
[1] 0.10173108 0.02188691 0.04714216
[1] 0.10172810 0.02188685 0.04713942
Algorithm converged after  63  iterations.
[1] 0.04834564 0.01851594 0.01515751 0.01114407
[1] 0.27430301 0.04686686 0.03465345 0.07678736
[1] 0.49263520 0.06001504 0.03340966 0.25443389
[1] 0.77775566 0.12134055 0.09103588 0.42573836
[1] 1.0751122 0.1656511 0.1272963 0.5874417
[1] 1.3307802 0.2015715 0.1557280 0.7281386
[1] 1.5555671 0.2332283 0.1808751 0.8521018
[1] 1.7560110 0.2615556 0.2034691 0.9627595
[1] 1.9361592 0.2870766 0.2238852 1.0622930
[1] 2.0988409 0.3101630 0.2423942 1.1522348
[1] 2.2462096 0.3311032 0.2592104 1.2337549
[1] 2.3799970 0.3501323 0.2745119 1.3077966
[1] 2.5016461 0.3674483 0.2884504 1.3751475
[1] 2.6123889 0.3832217 0.3011580 1.4364813
[1] 2.7132951 0.3976015 0.3127509 1.4923842
[1] 2.8053043 0.4107189 0.3233324 1.5433717
[1] 2.8892496 0.4226909 0.3329948 1.5899015
[1] 2.9658737 0.4336222 0.3418210 1.6323822
[1] 3.0358426 0.4436065 0.3498857 1.6711803
[1] 3.0997553 0.4527288 0.3572563 1.7066262
[1] 3.1581521 0.4610653 0.3639941 1.7390177
[1] 3.2115218 0.4686855 0.3701544 1.7686248
[1] 3.2603071 0.4756522 0.3757877 1.7956919
[1] 3.3049097 0.4820224 0.3809396 1.8204409
[1] 3.3456944 0.4878480 0.3856519 1.8430738
[1] 3.3829933 0.4931763 0.3899626 1.8637740
[1] 3.4171082 0.4980502 0.3939062 1.8827087
[1] 3.4483142 0.5025088 0.3975143 1.9000301
[1] 3.4768621 0.5065880 0.4008156 1.9158771
[1] 3.5029805 0.5103203 0.4038365 1.9303762
[1] 3.5268778 0.5137353 0.4066009 1.9436432
[1] 3.5487444 0.5168604 0.4091308 1.9557833
[1] 3.5687541 0.5197202 0.4114461 1.9668930
[1] 3.5870655 0.5223374 0.4135651 1.9770602
[1] 3.6038235 0.5247327 0.4155046 1.9863652
[1] 3.6191607 0.5269250 0.4172798 1.9948816
[1] 3.6331980 0.5289315 0.4189047 2.0026764
[1] 3.6460461 0.5307681 0.4203920 2.0098111
[1] 3.6578060 0.5324492 0.4217535 2.0163416
[1] 3.6685703 0.5339880 0.4229997 2.0223194
[1] 3.6784235 0.5353966 0.4241406 2.0277913
[1] 3.6874429 0.5366860 0.4251849 2.0328003
[1] 3.6956993 0.5378664 0.4261410 2.0373857
[1] 3.7032574 0.5389469 0.4270162 2.0415832
[1] 3.7101763 0.5399361 0.4278174 2.0454259
[1] 3.7165102 0.5408416 0.4285510 2.0489437
[1] 3.7223087 0.5416707 0.4292225 2.0521641
[1] 3.7276171 0.5424296 0.4298373 2.0551124
[1] 3.7324768 0.5431244 0.4304001 2.0578116
[1] 3.7369259 0.5437605 0.4309154 2.0602826
Algorithm did not converge after  500  iterations.
numeric(0)
Algorithm converged after  1  iterations.
[1] 0.0303061
Algorithm converged after  2  iterations.
[1] 0.03117039
Algorithm converged after  2  iterations.
[1] 0.02727316
Algorithm converged after  2  iterations.
[1] 0.03030610 0.03117039
Algorithm converged after  2  iterations.
[1] 0.03030610 0.02727316
Algorithm converged after  2  iterations.
[1] 0.03117039 0.02727316
Algorithm converged after  2  iterations.
[1] 0.03030610 0.03117039 0.02727316
Algorithm converged after  2  iterations.
[1] 0.05192759
Algorithm converged after  2  iterations.
[1] 0.05192759 0.01854281
[1] 0.06853113 0.03278364
[1] 0.06853449 0.03286082
[1] 0.06853237 0.03286373
Algorithm converged after  33  iterations.
[1] 0.05192759 0.01554536
[1] 0.06167753 0.03212414
[1] 0.06205883 0.03260793
[1] 0.06208885 0.03266463
[1] 0.06209197 0.03267119
Algorithm converged after  50  iterations.
[1] 0.05192759 0.01128034
[1] 0.10516223 0.05483169
[1] 0.09183322 0.04218769
[1] 0.09162601 0.04205383
Algorithm converged after  37  iterations.
[1] 0.05192759 0.01854281 0.01554536
[1] 0.08633806 0.03084704 0.03124515
[1] 0.08633666 0.03060254 0.03164888
[1] 0.08636705 0.03059001 0.03184675
[1] 0.08643432 0.03059772 0.03192516
[1] 0.08646747 0.03060206 0.03195467
[1] 0.08648088 0.03060386 0.03196569
[1] 0.08648602 0.03060455 0.03196979
[1] 0.08648794 0.03060481 0.03197131
[1] 0.08648866 0.03060491 0.03197187
Algorithm converged after  92  iterations.
[1] 0.05192759 0.01854281 0.01128034
[1] 0.17883323 0.03444106 0.07829665
[1] 0.19713872 0.03644078 0.10553496
[1] 0.20000583 0.03676374 0.10778180
[1] 0.20052302 0.03681445 0.10813304
[1] 0.20061841 0.03682366 0.10819689
[1] 0.20063603 0.03682537 0.10820868
Algorithm converged after  70  iterations.
[1] 0.05192759 0.01554536 0.01128034
[1] 0.13901682 0.03347912 0.06676029
[1] 0.10606531 0.02384907 0.05546269
[1] 0.09602601 0.02345378 0.04859390
[1] 0.09567987 0.02343695 0.04826501
[1] 0.09567428 0.02343602 0.04825195
Algorithm converged after  57  iterations.
[1] 0.05192759 0.01854281 0.01554536 0.01128034
[1] 0.32051876 0.05376746 0.04164731 0.08188207
[1] 0.64407679 0.07876010 0.04972759 0.27317975
[1] 0.87360788 0.13265549 0.09590314 0.49281965
[1] 1.1410923 0.1847545 0.1420271 0.6366548
[1] 1.3736478 0.2208476 0.1694223 0.7644272
[1] 1.5765549 0.2519979 0.1927856 0.8761460
[1] 1.7556385 0.2795458 0.2134615 0.9747598
[1] 1.9148825 0.3040923 0.2319081 1.0624484
[1] 2.0572135 0.3260686 0.2484408 1.1408225
[1] 2.1849141 0.3458130 0.2633071 1.2111393
[1] 2.2998294 0.3636010 0.2767091 1.2744150
[1] 2.4034868 0.3796617 0.2888162 1.3314909
[1] 2.4971719 0.3941893 0.2997720 1.3830755
[1] 2.5819816 0.4073499 0.3097001 1.4297728
[1] 2.6588610 0.4192870 0.3187077 1.4721035
[1] 2.7286318 0.4301261 0.3268885 1.5105201
[1] 2.7920131 0.4399771 0.3343247 1.5454187
[1] 2.8496383 0.4489370 0.3410892 1.5771480
[1] 2.9020678 0.4570919 0.3472467 1.6060166
[1] 2.9497999 0.4645184 0.3528548 1.6322989
[1] 2.9932790 0.4712850 0.3579649 1.6562396
[1] 3.0329026 0.4774531 0.3626234 1.6780576
[1] 3.0690277 0.4830778 0.3668717 1.6979492
[1] 3.1019752 0.4882086 0.3707473 1.7160913
[1] 3.1320341 0.4928904 0.3742838 1.7326430
[1] 3.1594654 0.4971636 0.3775118 1.7477479
[1] 3.1845053 0.5010648 0.3804588 1.7615361
[1] 3.207367 0.504627 0.383150 1.774125
[1] 3.2282449 0.5078805 0.3856079 1.7856215
[1] 3.2473138 0.5108523 0.3878531 1.7961219
[1] 3.2647335 0.5135674 0.3899044 1.8057143
[1] 3.2806489 0.5160482 0.3917787 1.8144783
[1] 3.2951917 0.5183152 0.3934915 1.8224866
[1] 3.3084819 0.5203870 0.3950569 1.8298051
[1] 3.3206286 0.5222807 0.3964877 1.8364939
[1] 3.3317312 0.5240117 0.3977957 1.8426079
[1] 3.3418804 0.5255942 0.3989913 1.8481968
[1] 3.3511587 0.5270409 0.4000845 1.8533061
[1] 3.3596414 0.5283636 0.4010839 1.8579774
[1] 3.3673973 0.5295730 0.4019978 1.8622484
[1] 3.3744890 0.5306789 0.4028334 1.8661536
[1] 3.3809737 0.5316902 0.4035975 1.8697247
[1] 3.3869036 0.5326149 0.4042963 1.8729902
[1] 3.3923266 0.5334606 0.4049354 1.8759765
[1] 3.3972860 0.5342341 0.4055198 1.8787076
[1] 3.4018216 0.5349415 0.4060543 1.8812054
[1] 3.4059699 0.5355885 0.4065432 1.8834898
[1] 3.4097640 0.5361802 0.4069904 1.8855791
[1] 3.4132342 0.5367214 0.4073994 1.8874901
Algorithm did not converge after  500  iterations.
numeric(0)
Algorithm converged after  1  iterations.
[1] 0.0289949
Algorithm converged after  2  iterations.
[1] 0.03071162
Algorithm converged after  2  iterations.
[1] 0.02455232
Algorithm converged after  2  iterations.
[1] 0.02899490 0.03071162
Algorithm converged after  2  iterations.
[1] 0.02899490 0.02455232
Algorithm converged after  2  iterations.
[1] 0.03071162 0.02455232
Algorithm converged after  2  iterations.
[1] 0.02899490 0.03071162 0.02455232
Algorithm converged after  2  iterations.
[1] 0.05348296
Algorithm converged after  2  iterations.
[1] 0.05348296 0.01717039
[1] 0.07061073 0.02920976
Algorithm converged after  20  iterations.
[1] 0.05348296 0.01488621
[1] 0.05834678 0.02999792
[1] 0.05865691 0.03037680
[1] 0.05868215 0.03040224
[1] 0.05868449 0.03040443
Algorithm converged after  44  iterations.
[1] 0.05348296 0.01052178
[1] 0.09546534 0.04373960
[1] 0.09986660 0.04646555
[1] 0.09993708 0.04651274
Algorithm converged after  37  iterations.
[1] 0.05348296 0.01717039 0.01488621
[1] 0.07331911 0.02778954 0.02479714
[1] 0.07241561 0.02776015 0.02485547
[1] 0.07233300 0.02775386 0.02484120
[1] 0.07232425 0.02775263 0.02483586
[1] 0.07232274 0.02775236 0.02483456
Algorithm converged after  57  iterations.
[1] 0.05348296 0.01717039 0.01052178
[1] 0.17131649 0.02878928 0.08193782
[1] 0.18843992 0.03020887 0.10142423
[1] 0.19167698 0.03045368 0.10370662
[1] 0.19223108 0.03049449 0.10408090
[1] 0.19232528 0.03050141 0.10414433
[1] 0.19234129 0.03050259 0.10415511
Algorithm converged after  69  iterations.
[1] 0.05348296 0.01488621 0.01052178
[1] 0.11289911 0.02292841 0.06001838
[1] 0.09682959 0.02110182 0.05537457
[1] 0.09540956 0.02106374 0.05445492
[1] 0.09530255 0.02106029 0.05438400
[1] 0.09529441 0.02106003 0.05437859
Algorithm converged after  55  iterations.
[1] 0.05348296 0.01717039 0.01488621 0.01052178
[1] 0.26196613 0.04367124 0.02697003 0.06277839
[1] 0.38010918 0.04417526 0.02747068 0.19039428
[1] 0.56781673 0.08455130 0.07626469 0.31675550
[1] 0.7881427 0.1115687 0.1011291 0.4324163
[1] 0.9721137 0.1329455 0.1201397 0.5291393
[1] 1.1262558 0.1509736 0.1362290 0.6102373
[1] 1.2565812 0.1663023 0.1499567 0.6788276
[1] 1.3674312 0.1793885 0.1617045 0.7371818
[1] 1.4620930 0.1905921 0.1717798 0.7870233
[1] 1.5431553 0.2002038 0.1804350 0.8297108
[1] 1.6127132 0.2084629 0.1878795 0.8663446
[1] 1.6724902 0.2155681 0.1942892 0.8978306
[1] 1.7239208 0.2216865 0.1998121 0.9249227
[1] 1.7682102 0.2269589 0.2045739 0.9482547
[1] 1.8063770 0.2315049 0.2086814 0.9683627
[1] 1.8392865 0.2354265 0.2122260 0.9857017
[1] 1.8676760 0.2388108 0.2152858 1.0006601
[1] 1.8921757 0.2417322 0.2179278 1.0135694
[1] 1.9133252 0.2442549 0.2202096 1.0247137
[1] 1.9315873 0.2464336 0.2221807 1.0343370
[1] 1.9473598 0.2483156 0.2238836 1.0426485
[1] 1.9609845 0.2499416 0.2253551 1.0498284
[1] 1.9727557 0.2513466 0.2266267 1.0560316
[1] 1.9829270 0.2525608 0.2277257 1.0613918
[1] 1.9917167 0.2536102 0.2286756 1.0660240
[1] 1.9993132 0.2545171 0.2294967 1.0700274
[1] 2.0058791 0.2553011 0.2302064 1.0734877
[1] 2.0115545 0.2559788 0.2308200 1.0764787
[1] 2.0164606 0.2565647 0.2313504 1.0790643
[1] 2.0207018 0.2570712 0.2318090 1.0812995
[1] 2.0243684 0.2575091 0.2322055 1.0832319
[1] 2.0275383 0.2578877 0.2325483 1.0849026
[1] 2.0302790 0.2582150 0.2328447 1.0863470
[1] 2.032649 0.258498 0.233101 1.087596
[1] 2.0346973 0.2587427 0.2333226 1.0886756
[1] 2.0364688 0.2589543 0.2335142 1.0896092
[1] 2.0380005 0.2591373 0.2336799 1.0904165
[1] 2.0393249 0.2592955 0.2338232 1.0911145
[1] 2.0404701 0.2594323 0.2339470 1.0917181
[1] 2.0414604 0.2595505 0.2340542 1.0922400
[1] 2.0423166 0.2596528 0.2341468 1.0926912
[1] 2.0430570 0.2597413 0.2342269 1.0930815
[1] 2.0436973 0.2598177 0.2342961 1.0934189
[1] 2.0442509 0.2598839 0.2343560 1.0937107
[1] 2.0447296 0.2599411 0.2344078 1.0939630
[1] 2.0451436 0.2599905 0.2344526 1.0941812
[1] 2.0455016 0.2600333 0.2344913 1.0943698
[1] 2.0458111 0.2600702 0.2345248 1.0945330
[1] 2.0460788 0.2601022 0.2345538 1.0946741
Algorithm did not converge after  500  iterations.
numeric(0)
Algorithm converged after  1  iterations.
[1] 0.0311577
Algorithm converged after  2  iterations.
[1] 0.02917038
Algorithm converged after  2  iterations.
[1] 0.0257507
Algorithm converged after  2  iterations.
[1] 0.03115770 0.02917038
Algorithm converged after  2  iterations.
[1] 0.0311577 0.0257507
Algorithm converged after  2  iterations.
[1] 0.02917038 0.02575070
Algorithm converged after  2  iterations.
[1] 0.03115770 0.02917038 0.02575070
Algorithm converged after  2  iterations.
[1] 0.05010436
Algorithm converged after  2  iterations.
[1] 0.05010436 0.01860224
[1] 0.06054014 0.03003059
[1] 0.06060778 0.03007741
Algorithm converged after  28  iterations.
[1] 0.05010436 0.01654260
[1] 0.06150282 0.03352220
[1] 0.06162571 0.03362025
[1] 0.06163584 0.03362807
Algorithm converged after  39  iterations.
[1] 0.05010436 0.01106574
[1] 0.09734649 0.04504243
[1] 0.09996808 0.04659527
Algorithm converged after  30  iterations.
[1] 0.05010436 0.01860224 0.01654260
[1] 0.08468295 0.02882068 0.03060012
[1] 0.08426790 0.02851285 0.03023477
[1] 0.08403265 0.02847789 0.03024638
[1] 0.08402110 0.02847560 0.03025172
[1] 0.08402135 0.02847540 0.03025268
Algorithm converged after  53  iterations.
[1] 0.05010436 0.01860224 0.01106574
[1] 0.15141476 0.03161433 0.07168270
[1] 0.16072236 0.03376358 0.08637555
[1] 0.16041315 0.03378927 0.08637404
[1] 0.16035914 0.03378581 0.08634422
[1] 0.16035340 0.03378536 0.08634075
Algorithm converged after  52  iterations.
[1] 0.05010436 0.01654260 0.01106574
[1] 0.07274361 0.03390150 0.01727069
[1] 0.11575988 0.02559652 0.04687398
[1] 0.10997961 0.02236559 0.05542096
[1] 0.10955618 0.02239860 0.05558686
[1] 0.10954485 0.02240003 0.05559456
Algorithm converged after  55  iterations.
[1] 0.05010436 0.01860224 0.01654260 0.01106574
[1] 0.25313104 0.04193212 0.03462403 0.06174473
[1] 0.41927121 0.04675368 0.03129960 0.18590683
[1] 0.59167595 0.08897066 0.07741428 0.31515403
[1] 0.8353411 0.1230696 0.1127306 0.4364821
[1] 1.0353658 0.1456567 0.1358308 0.5386408
[1] 1.2001390 0.1639063 0.1546534 0.6232061
[1] 1.3369834 0.1790596 0.1703972 0.6935423
[1] 1.4512344 0.1917160 0.1836145 0.7523211
[1] 1.5469337 0.2023184 0.1947274 0.8015910
[1] 1.6272649 0.2112174 0.2040809 0.8429722
[1] 1.6947957 0.2186973 0.2119594 0.8777755
[1] 1.7516247 0.2249908 0.2185994 0.9070741
[1] 1.7994869 0.2302904 0.2241981 0.9317574
[1] 1.8398224 0.2347559 0.2289207 0.9525643
[1] 1.8738309 0.2385204 0.2329055 0.9701109
[1] 1.9025155 0.2416952 0.2362684 0.9849132
[1] 1.9267148 0.2443734 0.2391071 0.9974025
[1] 1.9471358 0.2466332 0.2415033 1.0079432
[1] 1.9643726 0.2485404 0.2435266 1.0168411
[1] 1.9789240 0.2501504 0.2452351 1.0243534
[1] 1.9912099 0.2515096 0.2466779 1.0306966
[1] 2.0015841 0.2526573 0.2478965 1.0360531
[1] 2.0103448 0.2536264 0.2489257 1.0405767
[1] 2.0177436 0.2544449 0.2497950 1.0443973
[1] 2.0239925 0.2551361 0.2505293 1.0476241
[1] 2.0292705 0.2557200 0.2511496 1.0503497
[1] 2.0337286 0.2562131 0.2516735 1.0526520
[1] 2.0374944 0.2566296 0.2521162 1.0545967
[1] 2.0406754 0.2569814 0.2524901 1.0562395
[1] 2.0433624 0.2572786 0.2528059 1.0576272
[1] 2.0456324 0.2575297 0.2530727 1.0587995
[1] 2.0475499 0.2577418 0.2532982 1.0597898
[1] 2.0491698 0.2579210 0.2534886 1.0606265
[1] 2.0505383 0.2580723 0.2536495 1.0613332
[1] 2.0516944 0.2582002 0.2537854 1.0619303
[1] 2.0526711 0.2583082 0.2539002 1.0624347
[1] 2.0534962 0.2583995 0.2539972 1.0628609
[1] 2.0541932 0.2584766 0.2540792 1.0632209
[1] 2.0547821 0.2585417 0.2541484 1.0635250
[1] 2.0552796 0.2585967 0.2542069 1.0637820
[1] 2.0556999 0.2586432 0.2542563 1.0639991
[1] 2.0560550 0.2586825 0.2542981 1.0641825
[1] 2.0563550 0.2587157 0.2543334 1.0643374
[1] 2.0566085 0.2587437 0.2543632 1.0644683
[1] 2.0568226 0.2587674 0.2543883 1.0645789
[1] 2.0570035 0.2587874 0.2544096 1.0646723
[1] 2.0571563 0.2588043 0.2544276 1.0647512
[1] 2.0572854 0.2588185 0.2544427 1.0648179
[1] 2.0573945 0.2588306 0.2544556 1.0648743
Algorithm did not converge after  500  iterations.
numeric(0)
Algorithm converged after  1  iterations.
[1] 0.03376245
Algorithm converged after  2  iterations.
[1] 0.03209815
Algorithm converged after  2  iterations.
[1] 0.0265575
Algorithm converged after  2  iterations.
[1] 0.03376245 0.03209815
Algorithm converged after  2  iterations.
[1] 0.03376245 0.02655750
Algorithm converged after  2  iterations.
[1] 0.03209815 0.02655750
Algorithm converged after  2  iterations.
[1] 0.03376245 0.03209815 0.02655750
Algorithm converged after  2  iterations.
[1] 0.05875005
Algorithm converged after  2  iterations.
[1] 0.05875005 0.01682466
[1] 0.07021186 0.03417453
[1] 0.07021655 0.03419472
[1] 0.07020811 0.03419191
Algorithm converged after  36  iterations.
[1] 0.05875005 0.01599940
[1] 0.07730510 0.03716368
[1] 0.07743939 0.03723560
Algorithm converged after  24  iterations.
[1] 0.058750054 0.008919387
[1] 0.10835479 0.01735401
[1] 0.1033047 0.0430585
[1] 0.10322992 0.04299966
Algorithm converged after  37  iterations.
[1] 0.05875005 0.01682466 0.01599940
[1] 0.09198476 0.03014407 0.03071262
[1] 0.09228522 0.02954880 0.03005544
[1] 0.09095125 0.02928177 0.02985799
[1] 0.09044746 0.02921654 0.02981570
[1] 0.09028910 0.02919961 0.02980477
[1] 0.09023961 0.02919470 0.02980144
[1] 0.09022388 0.02919319 0.02980035
[1] 0.09021882 0.02919271 0.02980000
[1] 0.09021719 0.02919256 0.02979988
Algorithm converged after  92  iterations.
[1] 0.058750054 0.016824656 0.008919387
[1] 0.17458233 0.03392428 0.08096682
[1] 0.20240809 0.03746113 0.10730765
[1] 0.20857894 0.03805484 0.11157238
[1] 0.20983928 0.03817217 0.11242763
[1] 0.21009563 0.03819597 0.11260139
[1] 0.21014571 0.03820057 0.11263537
[1] 0.21015580 0.03820151 0.11264220
Algorithm converged after  78  iterations.
[1] 0.058750054 0.015999398 0.008919387
[1] 0.17355035 0.03482478 0.05488743
[1] 0.13021047 0.02263285 0.05466875
[1] 0.12351489 0.02254353 0.05138683
[1] 0.12327080 0.02255633 0.05111629
[1] 0.12327184 0.02255784 0.05110081
Algorithm converged after  56  iterations.
[1] 0.058750054 0.016824656 0.015999398 0.008919387
[1] 0.34058830 0.04889588 0.04372594 0.09073262
[1] 0.62748894 0.06923616 0.04269756 0.31776888
[1] 0.9153861 0.1470455 0.1004942 0.5201562
[1] 1.1985093 0.1952540 0.1384986 0.6784215
[1] 1.4315894 0.2304658 0.1656898 0.8103795
[1] 1.6270423 0.2597937 0.1884872 0.9212456
[1] 1.7932202 0.2847474 0.2080017 1.0155744
[1] 1.9357973 0.3061789 0.2248351 1.0965461
[1] 2.0588896 0.3246968 0.2394267 1.1664786
[1] 2.1656345 0.3407653 0.2521193 1.2271423
[1] 2.2585083 0.3547524 0.2631889 1.2799364
[1] 2.3395157 0.3669569 0.2728624 1.3259949
[1] 2.4103096 0.3776255 0.2813290 1.3662537
[1] 2.4722723 0.3869653 0.2887486 1.4014958
[1] 2.5265717 0.3951514 0.2952572 1.4323835
[1] 2.5742029 0.4023332 0.3009714 1.4594811
[1] 2.6160186 0.4086389 0.3059916 1.4832726
[1] 2.6527538 0.4141789 0.3104044 1.5041753
[1] 2.6850437 0.4190489 0.3142853 1.5225500
[1] 2.7134399 0.4233319 0.3176998 1.5387100
[1] 2.7384219 0.4271001 0.3207048 1.5529277
[1] 2.7604076 0.4304165 0.3233503 1.5654409
[1] 2.7797620 0.4333361 0.3256798 1.5764570
[1] 2.7968044 0.4359071 0.3277316 1.5861574
[1] 2.8118142 0.4381714 0.3295390 1.5947012
[1] 2.8250362 0.4401661 0.3311315 1.6022276
[1] 2.8366853 0.4419235 0.3325347 1.6088588
[1] 2.8469500 0.4434721 0.3337714 1.6147021
[1] 2.8559960 0.4448369 0.3348613 1.6198517
[1] 2.8639687 0.4460397 0.3358221 1.6243904
[1] 2.870996 0.447100 0.336669 1.628391
[1] 2.8771911 0.4480346 0.3374157 1.6319178
[1] 2.8826523 0.4488586 0.3380739 1.6350268
[1] 2.8874671 0.4495850 0.3386543 1.6377679
[1] 2.8917121 0.4502255 0.3391661 1.6401847
[1] 2.8954551 0.4507902 0.3396173 1.6423157
[1] 2.8987555 0.4512882 0.3400152 1.6441946
[1] 2.9016657 0.4517273 0.3403661 1.6458515
[1] 2.9042320 0.4521145 0.3406755 1.6473126
[1] 2.9064951 0.4524559 0.3409484 1.6486010
[1] 2.908491 0.452757 0.341189 1.649737
[1] 2.9102508 0.4530226 0.3414012 1.6507392
[1] 2.9118029 0.4532567 0.3415884 1.6516229
[1] 2.9131717 0.4534633 0.3417534 1.6524023
[1] 2.9143789 0.4536454 0.3418990 1.6530896
[1] 2.9154436 0.4538061 0.3420274 1.6536958
[1] 2.9163826 0.4539477 0.3421406 1.6542304
[1] 2.9172108 0.4540727 0.3422405 1.6547019
[1] 2.9179412 0.4541829 0.3423286 1.6551177
Algorithm did not converge after  500  iterations.
numeric(0)
Algorithm converged after  1  iterations.
[1] 0.03729741
Algorithm converged after  2  iterations.
[1] 0.03378284
Algorithm converged after  2  iterations.
[1] 0.0265638
Algorithm converged after  2  iterations.
[1] 0.03729741 0.03378284
Algorithm converged after  2  iterations.
[1] 0.03729741 0.02656380
Algorithm converged after  2  iterations.
[1] 0.03378284 0.02656380
Algorithm converged after  2  iterations.
[1] 0.03729741 0.03378284 0.02656380
Algorithm converged after  2  iterations.
[1] 0.05835257
Algorithm converged after  2  iterations.
[1] 0.05835257 0.01993457
[1] 0.06856058 0.03499959
[1] 0.06861867 0.03501119
Algorithm converged after  28  iterations.
[1] 0.05835257 0.01746628
[1] 0.06777448 0.03709343
[1] 0.06815139 0.03749875
[1] 0.06820751 0.03755390
[1] 0.06821513 0.03756130
[1] 0.06821615 0.03756228
Algorithm converged after  51  iterations.
[1] 0.05835257 0.01045645
[1] 0.10923336 0.03974529
[1] 0.10056940 0.03492625
Algorithm converged after  28  iterations.
[1] 0.05835257 0.01993457 0.01746628
[1] 0.07951222 0.03338049 0.03117328
[1] 0.07978876 0.03352890 0.03125826
[1] 0.07962901 0.03351692 0.03127273
[1] 0.07959851 0.03351455 0.03127826
[1] 0.07959518 0.03351455 0.03128043
[1] 0.07959539 0.03351472 0.03128128
Algorithm converged after  67  iterations.
[1] 0.05835257 0.01993457 0.01045645
[1] 0.19281740 0.03922177 0.07158129
[1] 0.19276423 0.03997799 0.08325676
[1] 0.19010376 0.03981166 0.08221457
[1] 0.18968653 0.03977357 0.08197543
[1] 0.18963764 0.03976868 0.08194474
[1] 0.18963249 0.03976814 0.08194138
Algorithm converged after  62  iterations.
[1] 0.05835257 0.01746628 0.01045645
[1] 0.16046599 0.03777182 0.06126100
[1] 0.11933570 0.02566882 0.04817125
[1] 0.11235008 0.02545632 0.04391636
[1] 0.11248856 0.02546351 0.04388634
[1] 0.11250366 0.02546306 0.04388896
Algorithm converged after  52  iterations.
[1] 0.05835257 0.01993457 0.01746628 0.01045645
[1] 0.32135558 0.05428244 0.03741821 0.08322846
[1] 0.58531351 0.07752852 0.04701455 0.26066316
[1] 0.8921958 0.1574230 0.1214778 0.4317725
[1] 1.2043799 0.2145351 0.1704374 0.5791573
[1] 1.4790126 0.2589614 0.2068150 0.7110080
[1] 1.7210469 0.2977207 0.2385153 0.8277357
[1] 1.9358006 0.3321271 0.2667351 0.9315151
[1] 2.1272018 0.3628173 0.2919675 1.0241390
[1] 2.2982687 0.3902629 0.3145740 1.1070133
[1] 2.4514486 0.4148484 0.3348542 1.1812879
[1] 2.5887941 0.4368988 0.3530642 1.2479334
[1] 2.7120632 0.4566932 0.3694267 1.3077851
[1] 2.8227819 0.4744751 0.3841372 1.3615709
[1] 2.9222869 0.4904579 0.3973680 1.4099305
[1] 3.0117564 0.5048301 0.4092722 1.4534294
[1] 3.0922339 0.5177588 0.4199859 1.4925693
[1] 3.1646465 0.5293925 0.4296305 1.5277969
[1] 3.2298199 0.5398637 0.4383144 1.5595106
[1] 3.2884913 0.5492907 0.4461347 1.5880666
[1] 3.3413197 0.5577791 0.4531783 1.6137837
[1] 3.3888949 0.5654237 0.4595233 1.6369475
[1] 3.4317457 0.5723092 0.4652394 1.6578141
[1] 3.4703459 0.5785119 0.4703897 1.6766133
[1] 3.5051212 0.5841001 0.4750304 1.6935516
[1] 3.5364534 0.5891351 0.4792123 1.7088146
[1] 3.564686 0.593672 0.482981 1.722569
[1] 3.5901274 0.5977604 0.4863776 1.7349644
[1] 3.6130552 0.6014449 0.4894389 1.7461360
[1] 3.6337188 0.6047656 0.4921983 1.7562051
[1] 3.6523429 0.6077586 0.4946854 1.7652808
[1] 3.6691295 0.6104563 0.4969274 1.7734616
[1] 3.6842605 0.6128879 0.4989484 1.7808359
[1] 3.6978998 0.6150799 0.5007702 1.7874835
[1] 3.7101947 0.6170558 0.5024126 1.7934761
[1] 3.7212782 0.6188370 0.5038933 1.7988783
[1] 3.7312698 0.6204427 0.5052281 1.8037486
[1] 3.7402773 0.6218903 0.5064315 1.8081393
[1] 3.7483979 0.6231953 0.5075165 1.8120977
[1] 3.7557189 0.6243719 0.5084946 1.8156665
[1] 3.7623192 0.6254327 0.5093765 1.8188840
[1] 3.7682700 0.6263890 0.5101716 1.8217849
[1] 3.7736350 0.6272512 0.5108885 1.8244004
[1] 3.7784722 0.6280286 0.5115349 1.8267585
[1] 3.7828334 0.6287295 0.5121177 1.8288846
[1] 3.7867655 0.6293614 0.5126431 1.8308016
[1] 3.7903108 0.6299312 0.5131169 1.8325300
[1] 3.7935073 0.6304449 0.5135440 1.8340884
[1] 3.7963895 0.6309081 0.5139292 1.8354935
[1] 3.7989881 0.6313258 0.5142765 1.8367605
Algorithm did not converge after  500  iterations.
Warning messages:
1: In max(abs(CT), na.rm = T) :
  no non-missing arguments to max; returning -Inf
2: In max(abs(CT), na.rm = T) :
  no non-missing arguments to max; returning -Inf
3: In max(abs(CT), na.rm = T) :
  no non-missing arguments to max; returning -Inf
4: In max(abs(CT), na.rm = T) :
  no non-missing arguments to max; returning -Inf
5: In max(abs(CT), na.rm = T) :
  no non-missing arguments to max; returning -Inf
6: In max(abs(CT), na.rm = T) :
  no non-missing arguments to max; returning -Inf
7: In max(abs(CT), na.rm = T) :
  no non-missing arguments to max; returning -Inf
8: In max(abs(CT), na.rm = T) :
  no non-missing arguments to max; returning -Inf
9: In max(abs(CT), na.rm = T) :
  no non-missing arguments to max; returning -Inf
10: In max(abs(CT), na.rm = T) :
  no non-missing arguments to max; returning -Inf
[1] "Best iter parameter is:"
      gam     rankJ    rankA1    rankA2    rankA3 
0.1111111 1.0000000 0.0000000 0.0000000 1.0000000 
[1] 0.049812548 0.009405378
[1] 0.09168101 0.03798893
[1] 0.08903861 0.03564484
[1] 0.08900257 0.03562061
Algorithm converged after  35  iterations.
         [,1]     [,2]     [,3]
[1,] 6.713988 9.736277 46.13482
