myseed=9448 

Attaching package: ‘pls’

The following object is masked from ‘package:stats’:

    loadings

Loading required package: lattice
Loading required package: ggplot2
Registered S3 methods overwritten by 'ggplot2':
  method         from 
  [.quosures     rlang
  c.quosures     rlang
  print.quosures rlang

Attaching package: ‘caret’

The following object is masked from ‘package:pls’:

    R2

Loading required package: Matrix
Loading required package: foreach
Loaded glmnet 2.0-18

Parsed with column specification:
cols(
  .default = col_double()
)
See spec(...) for full column specifications.
Parsed with column specification:
cols(
  X1 = col_double()
)
Parsed with column specification:
cols(
  X1 = col_double()
)
numeric(0)
Algorithm converged after  1  iterations.
[1] 0.03062926
Algorithm converged after  2  iterations.
[1] 0.03426805
Algorithm converged after  2  iterations.
[1] 0.02699049
Algorithm converged after  2  iterations.
[1] 0.03062926 0.03426805
Algorithm converged after  2  iterations.
[1] 0.03062926 0.02699049
Algorithm converged after  2  iterations.
[1] 0.03426805 0.02699049
Algorithm converged after  2  iterations.
[1] 0.03062926 0.03426805 0.02699049
Algorithm converged after  2  iterations.
[1] 0.05360648
Algorithm converged after  2  iterations.
[1] 0.05360648 0.01678172
[1] 0.06579451 0.02941241
[1] 0.06593962 0.02952110
[1] 0.06592793 0.02952358
[1] 0.06592553 0.02952329
Algorithm converged after  43  iterations.
[1] 0.05360648 0.01750179
[1] 0.06168575 0.03560134
[1] 0.06243292 0.03631750
[1] 0.06253051 0.03638154
[1] 0.06254089 0.03638703
Algorithm converged after  48  iterations.
[1] 0.053606481 0.007016683
[1] 0.10066648 0.05027877
[1] 0.09654918 0.04719424
[1] 0.09650475 0.04716219
Algorithm converged after  34  iterations.
[1] 0.05360648 0.01678172 0.01750179
[1] 0.08428786 0.02758822 0.03738371
[1] 0.08461770 0.02722570 0.03666776
[1] 0.08398673 0.02709665 0.03633903
[1] 0.08367086 0.02716264 0.03629892
[1] 0.08304728 0.02734035 0.03629151
[1] 0.08244879 0.02742434 0.03624512
[1] 0.08223830 0.02743973 0.03622339
[1] 0.08219434 0.02744285 0.03621914
[1] 0.08218687 0.02744370 0.03621855
[1] 0.08218572 0.02744396 0.03621848
[1] 0.08218556 0.02744405 0.03621847
[1] 0.08218555 0.02744408 0.03621847
Algorithm converged after  127  iterations.
[1] 0.053606481 0.016781722 0.007016683
[1] 0.14107667 0.02794209 0.07783715
[1] 0.15142557 0.03012414 0.09146887
[1] 0.15490567 0.03041685 0.09413361
[1] 0.15568015 0.03048014 0.09471779
[1] 0.15585066 0.03049406 0.09484635
[1] 0.15588818 0.03049713 0.09487464
[1] 0.15589644 0.03049780 0.09488086
Algorithm converged after  79  iterations.
[1] 0.053606481 0.017501792 0.007016683
[1] 0.15819518 0.02720192 0.05989345
[1] 0.12850729 0.02368951 0.06164824
[1] 0.12433386 0.02358798 0.05894701
[1] 0.12422871 0.02359122 0.05876591
[1] 0.12423888 0.02359194 0.05876340
Algorithm converged after  56  iterations.
[1] 0.053606481 0.016781722 0.017501792 0.007016683
[1] 0.33639372 0.04514056 0.05819342 0.06680331
[1] 0.71893581 0.08656332 0.10979852 0.17110281
[1] 0.7814166 0.1021235 0.1293373 0.1685064
[1] 1.0946292 0.1564874 0.1932662 0.2274037
[1] 1.3399797 0.2304892 0.2613411 0.2945041
[1] 1.3821001 0.1942534 0.2220050 0.6866682
[1] 1.5891137 0.2144673 0.2459163 0.8324380
[1] 1.8095228 0.2414466 0.2729294 0.9457178
[1] 2.0145233 0.2668397 0.2979798 1.0493460
[1] 2.2040285 0.2903706 0.3210432 1.1450670
[1] 2.3791991 0.3121543 0.3422892 1.2335543
[1] 2.541163 0.332320 0.361878 1.315378
[1] 2.6909571 0.3509893 0.3799520 1.3910589
[1] 2.8295317 0.3682751 0.3966388 1.4610749
[1] 2.9577568 0.3842817 0.4120528 1.5258639
[1] 3.0764297 0.3991054 0.4262975 1.5858280
[1] 3.1862819 0.4128350 0.4394663 1.6413360
[1] 3.2879850 0.4255525 0.4516445 1.6927268
[1] 3.3821563 0.4373333 0.4629096 1.7403121
[1] 3.4693639 0.4482473 0.4733325 1.7843789
[1] 3.5501311 0.4583589 0.4829780 1.8251913
[1] 3.6249402 0.4677275 0.4919058 1.8629930
[1] 3.6942361 0.4764081 0.5001704 1.8980089
[1] 3.7584296 0.4844516 0.5078221 1.9304464
[1] 3.8179000 0.4919051 0.5149072 1.9604972
[1] 3.8729975 0.4988119 0.5214683 1.9883384
[1] 3.9240462 0.5052125 0.5275448 2.0141336
[1] 3.9713455 0.5111439 0.5331728 2.0380341
[1] 4.0151725 0.5166409 0.5383858 2.0601799
[1] 4.0557833 0.5217351 0.5432148 2.0807006
[1] 4.0934150 0.5264563 0.5476883 2.0997159
[1] 4.1282871 0.5308319 0.5518326 2.1173367
[1] 4.1606027 0.5348871 0.5556722 2.1336657
[1] 4.1905499 0.5386455 0.5592296 2.1487979
[1] 4.2183028 0.5421288 0.5625256 2.1628213
[1] 4.2440225 0.5453572 0.5655797 2.1758173
[1] 4.2678585 0.5483494 0.5684096 2.1878614
[1] 4.2899489 0.5511227 0.5710318 2.1990235
[1] 4.3104219 0.5536931 0.5734617 2.2093683
[1] 4.3293962 0.5560755 0.5757134 2.2189558
[1] 4.3469815 0.5582836 0.5778000 2.2278415
[1] 4.3632798 0.5603302 0.5797337 2.2360768
[1] 4.3783853 0.5622271 0.5815257 2.2437095
[1] 4.3923855 0.5639853 0.5831865 2.2507836
[1] 4.4053614 0.5656149 0.5847255 2.2573401
[1] 4.4173879 0.5671254 0.5861519 2.2634169
[1] 4.4285346 0.5685254 0.5874738 2.2690492
[1] 4.4388660 0.5698230 0.5886989 2.2742695
[1] 4.4484416 0.5710258 0.5898344 2.2791079
Algorithm did not converge after  500  iterations.
numeric(0)
Algorithm converged after  1  iterations.
[1] 0.02946054
Algorithm converged after  2  iterations.
[1] 0.03052005
Algorithm converged after  2  iterations.
[1] 0.02848985
Algorithm converged after  2  iterations.
[1] 0.02946054 0.03052005
Algorithm converged after  2  iterations.
[1] 0.02946054 0.02848985
Algorithm converged after  2  iterations.
[1] 0.03052005 0.02848985
Algorithm converged after  2  iterations.
[1] 0.02946054 0.03052005 0.02848985
Algorithm converged after  2  iterations.
[1] 0.04770139
Algorithm converged after  2  iterations.
[1] 0.04770139 0.01937289
[1] 0.05802392 0.03155404
[1] 0.05825347 0.03173158
[1] 0.05826326 0.03173981
Algorithm converged after  36  iterations.
[1] 0.04770139 0.01958316
[1] 0.06283244 0.03213993
[1] 0.06282248 0.03212157
Algorithm converged after  26  iterations.
[1] 0.04770139 0.01114585
[1] 0.08953771 0.04607880
[1] 0.07818651 0.03831948
[1] 0.07808028 0.03824255
Algorithm converged after  37  iterations.
[1] 0.04770139 0.01937289 0.01958316
[1] 0.09913025 0.03032690 0.03541254
[1] 0.10302610 0.03081960 0.03619689
[1] 0.10321398 0.03084157 0.03623009
[1] 0.10322266 0.03084256 0.03623157
Algorithm converged after  43  iterations.
[1] 0.04770139 0.01937289 0.01114585
[1] 0.12603537 0.03104854 0.07374912
[1] 0.12733200 0.03135784 0.07538170
[1] 0.12766814 0.03138886 0.07566588
[1] 0.12774035 0.03139507 0.07572266
[1] 0.12775494 0.03139632 0.07573411
[1] 0.12775789 0.03139658 0.07573641
Algorithm converged after  63  iterations.
[1] 0.04770139 0.01958316 0.01114585
[1] 0.15909189 0.03470244 0.05455332
[1] 0.11599497 0.02602378 0.05364591
[1] 0.11126567 0.02591524 0.05042932
[1] 0.11100593 0.02592014 0.05014756
[1] 0.11099222 0.02592087 0.05012708
Algorithm converged after  60  iterations.
[1] 0.04770139 0.01937289 0.01958316 0.01114585
[1] 0.24690757 0.04429347 0.05131917 0.03958942
[1] 0.49786110 0.08380400 0.09617723 0.07305799
[1] 0.59169290 0.09713213 0.10588898 0.21382670
[1] 0.7335010 0.1056219 0.1170743 0.3649210
[1] 0.9367740 0.1292516 0.1398054 0.4609256
[1] 1.1166416 0.1507522 0.1599608 0.5421375
[1] 1.2714055 0.1694014 0.1772871 0.6118410
[1] 1.4040002 0.1854515 0.1921140 0.6715675
[1] 1.5174217 0.1992240 0.2047843 0.7226645
[1] 1.6143612 0.2110225 0.2156046 0.7663398
[1] 1.6971710 0.2211192 0.2248418 0.8036505
[1] 1.7678857 0.2297533 0.2327255 0.8355120
[1] 1.8282582 0.2371327 0.2394533 0.8627141
[1] 1.8797944 0.2434377 0.2451942 0.8859349
[1] 1.9237831 0.2488232 0.2500929 0.9057550
[1] 1.9613269 0.2534224 0.2542728 0.9226711
[1] 1.9933682 0.2573495 0.2578393 0.9371080
[1] 2.0207124 0.2607022 0.2608825 0.9494285
[1] 2.0440475 0.2635644 0.2634791 0.9599426
[1] 2.0639608 0.2660075 0.2656946 0.9689148
[1] 2.0809538 0.2680928 0.2675850 0.9765713
[1] 2.0954546 0.2698727 0.2691981 0.9831049
[1] 2.1078285 0.2713918 0.2705744 0.9886801
[1] 2.1183874 0.2726882 0.2717488 0.9934376
[1] 2.1273976 0.2737946 0.2727509 0.9974973
[1] 2.1350861 0.2747388 0.2736059 1.0009614
[1] 2.1416467 0.2755446 0.2743355 1.0039174
[1] 2.1472450 0.2762322 0.2749580 1.0064398
[1] 2.1520220 0.2768190 0.2754892 1.0085921
[1] 2.1560982 0.2773197 0.2759425 1.0104287
[1] 2.1595765 0.2777470 0.2763292 1.0119959
[1] 2.1625445 0.2781117 0.2766593 1.0133332
[1] 2.1650771 0.2784228 0.2769409 1.0144742
[1] 2.1672382 0.2786883 0.2771811 1.0154479
[1] 2.1690822 0.2789149 0.2773862 1.0162788
[1] 2.1706557 0.2791082 0.2775611 1.0169878
[1] 2.1719984 0.2792732 0.2777104 1.0175927
[1] 2.1731441 0.2794140 0.2778378 1.0181089
[1] 2.1741217 0.2795341 0.2779465 1.0185494
[1] 2.1749559 0.2796366 0.2780392 1.0189252
[1] 2.1756677 0.2797240 0.2781184 1.0192460
[1] 2.1762751 0.2797987 0.2781859 1.0195196
[1] 2.1767934 0.2798624 0.2782435 1.0197531
[1] 2.1772357 0.2799167 0.2782927 1.0199524
[1] 2.1776130 0.2799631 0.2783347 1.0201224
[1] 2.1779350 0.2800026 0.2783705 1.0202675
[1] 2.1782098 0.2800364 0.2784010 1.0203913
[1] 2.1784443 0.2800652 0.2784271 1.0204970
[1] 2.1786443 0.2800898 0.2784493 1.0205871
Algorithm did not converge after  500  iterations.
numeric(0)
Algorithm converged after  1  iterations.
[1] 0.02651482
Algorithm converged after  2  iterations.
[1] 0.03308262
Algorithm converged after  2  iterations.
[1] 0.02538354
Algorithm converged after  2  iterations.
[1] 0.02651482 0.03308262
Algorithm converged after  2  iterations.
[1] 0.02651482 0.02538354
Algorithm converged after  2  iterations.
[1] 0.03308262 0.02538354
Algorithm converged after  2  iterations.
[1] 0.02651482 0.03308262 0.02538354
Algorithm converged after  2  iterations.
[1] 0.04586647
Algorithm converged after  2  iterations.
[1] 0.04586647 0.01907374
[1] 0.06999686 0.03782571
[1] 0.07058465 0.03824573
[1] 0.07059782 0.03825527
Algorithm converged after  32  iterations.
[1] 0.04586647 0.01868951
[1] 0.05755806 0.03865784
[1] 0.05836418 0.03941471
[1] 0.05848616 0.03948935
[1] 0.05850477 0.03949758
[1] 0.05850757 0.03949856
Algorithm converged after  54  iterations.
[1] 0.04586647 0.01010704
[1] 0.08195344 0.04400336
[1] 0.07514566 0.03926640
[1] 0.07505614 0.03921018
Algorithm converged after  33  iterations.
[1] 0.04586647 0.01907374 0.01868951
[1] 0.09103620 0.03063598 0.03655480
[1] 0.09397159 0.03090651 0.03686180
[1] 0.09401371 0.03090054 0.03685452
Algorithm converged after  40  iterations.
[1] 0.04586647 0.01907374 0.01010704
[1] 0.13344718 0.03154572 0.07804267
[1] 0.13478189 0.03196052 0.08081692
[1] 0.13554134 0.03204186 0.08147616
[1] 0.13574162 0.03206284 0.08164501
[1] 0.13579288 0.03206821 0.08168820
[1] 0.13580598 0.03206958 0.08169924
[1] 0.13580934 0.03206993 0.08170207
Algorithm converged after  76  iterations.
[1] 0.04586647 0.01868951 0.01010704
[1] 0.13645400 0.03770304 0.05428895
[1] 0.10445518 0.02614058 0.05697977
[1] 0.09041301 0.02567007 0.04856126
[1] 0.08980790 0.02567490 0.04801945
[1] 0.08980385 0.02567627 0.04800330
Algorithm converged after  57  iterations.
[1] 0.04586647 0.01907374 0.01868951 0.01010704
[1] 0.26683500 0.04513841 0.05318588 0.04807438
[1] 0.40329330 0.07671268 0.08805439 0.05844610
[1] 0.6220228 0.1048430 0.1117460 0.2665778
[1] 0.7425619 0.1105783 0.1238260 0.4004403
[1] 0.8766939 0.1278078 0.1405105 0.4711803
[1] 0.9817230 0.1417256 0.1535464 0.5244810
[1] 1.0627016 0.1525248 0.1635945 0.5654183
[1] 1.1251022 0.1608701 0.1713350 0.5969393
[1] 1.1732164 0.1673160 0.1773012 0.6212366
[1] 1.2103384 0.1722951 0.1819030 0.6399798
[1] 1.2389946 0.1761419 0.1854544 0.6544471
[1] 1.2611249 0.1791145 0.1881965 0.6656189
[1] 1.2782209 0.1814119 0.1903144 0.6742488
[1] 1.2914311 0.1831877 0.1919507 0.6809170
[1] 1.3016403 0.1845606 0.1932152 0.6860699
[1] 1.3095312 0.1856218 0.1941924 0.6900528
[1] 1.3156314 0.1864423 0.1949478 0.6931318
[1] 1.3203477 0.1870768 0.1955318 0.6955122
[1] 1.3239943 0.1875674 0.1959834 0.6973527
[1] 1.3268139 0.1879468 0.1963325 0.6987759
[1] 1.3289943 0.1882401 0.1966025 0.6998763
[1] 1.3306803 0.1884670 0.1968112 0.7007273
[1] 1.3319841 0.1886424 0.1969727 0.7013854
[1] 1.3329924 0.1887781 0.1970975 0.7018943
[1] 1.3337722 0.1888830 0.1971941 0.7022878
[1] 1.3343752 0.1889642 0.1972687 0.7025922
[1] 1.3348415 0.1890269 0.1973265 0.7028275
[1] 1.3352022 0.1890755 0.1973711 0.7030095
[1] 1.3354811 0.1891130 0.1974056 0.7031503
[1] 1.3356968 0.1891420 0.1974323 0.7032592
[1] 1.3358636 0.1891645 0.1974530 0.7033434
[1] 1.3359926 0.1891818 0.1974690 0.7034085
[1] 1.3360923 0.1891953 0.1974813 0.7034588
[1] 1.3361695 0.1892057 0.1974909 0.7034978
[1] 1.3362292 0.1892137 0.1974983 0.7035279
[1] 1.3362753 0.1892199 0.1975040 0.7035512
[1] 1.3363110 0.1892247 0.1975084 0.7035692
[1] 1.3363386 0.1892284 0.1975118 0.7035831
[1] 1.3363600 0.1892313 0.1975144 0.7035939
[1] 1.3363765 0.1892335 0.1975165 0.7036022
Algorithm converged after  405  iterations.
numeric(0)
Algorithm converged after  1  iterations.
[1] 0.03044237
Algorithm converged after  2  iterations.
[1] 0.03130279
Algorithm converged after  2  iterations.
[1] 0.02807741
Algorithm converged after  2  iterations.
[1] 0.03044237 0.03130279
Algorithm converged after  2  iterations.
[1] 0.03044237 0.02807741
Algorithm converged after  2  iterations.
[1] 0.03130279 0.02807741
Algorithm converged after  2  iterations.
[1] 0.03044237 0.03130279 0.02807741
Algorithm converged after  2  iterations.
[1] 0.04985703
Algorithm converged after  2  iterations.
[1] 0.04985703 0.01943177
[1] 0.06329115 0.03145644
[1] 0.06326835 0.03146504
[1] 0.06326177 0.03146300
Algorithm converged after  34  iterations.
[1] 0.04985703 0.01943967
[1] 0.06745263 0.04530273
[1] 0.06869875 0.04687465
[1] 0.06885311 0.04703913
[1] 0.06887074 0.04705676
[1] 0.06887273 0.04705870
Algorithm converged after  53  iterations.
[1] 0.04985703 0.01031043
[1] 0.10151671 0.04238524
[1] 0.09489206 0.03520926
[1] 0.08930895 0.03214038
[1] 0.08878274 0.03191450
[1] 0.0887421 0.0318980
[1] 0.08873909 0.03189680
Algorithm converged after  61  iterations.
[1] 0.04985703 0.01943177 0.01943967
[1] 0.07457072 0.02841977 0.03202004
[1] 0.07573283 0.02858420 0.03232618
[1] 0.07586299 0.02859306 0.03233728
[1] 0.07587530 0.02859369 0.03233770
Algorithm converged after  48  iterations.
[1] 0.04985703 0.01943177 0.01031043
[1] 0.11824591 0.03517315 0.01111988
[1] 0.12762726 0.03510671 0.05623286
[1] 0.1179998 0.0353092 0.0553028
[1] 0.11663522 0.03521066 0.05480888
[1] 0.11657611 0.03520201 0.05477598
[1] 0.11657784 0.03520181 0.05477576
Algorithm converged after  61  iterations.
[1] 0.04985703 0.01943967 0.01031043
[1] 0.15826772 0.03587187 0.05072681
[1] 0.13489657 0.02764622 0.04820730
[1] 0.12080537 0.02674518 0.03991910
[1] 0.12069321 0.02678248 0.03947535
[1] 0.12077869 0.02678826 0.03949708
Algorithm converged after  57  iterations.
[1] 0.04985703 0.01943177 0.01943967 0.01031043
[1] 0.32275878 0.05041320 0.04812525 0.06995549
[1] 0.68049330 0.09027185 0.08382266 0.19345251
[1] 0.96286953 0.10699185 0.09343812 0.37033136
[1] 1.1525557 0.1918406 0.1415310 0.5256311
[1] 1.3318354 0.2787126 0.2107457 0.5781240
[1] 1.5063506 0.3183756 0.2430887 0.6467588
[1] 1.6586255 0.3478582 0.2670200 0.7093668
[1] 1.7892492 0.3725432 0.2871171 0.7634190
[1] 1.9013387 0.3936347 0.3043461 0.8098504
[1] 1.9976205 0.4117270 0.3191654 0.8497438
[1] 2.0803697 0.4272638 0.3319194 0.8840341
[1] 2.1515089 0.4406127 0.3428962 0.9135156
[1] 2.2126768 0.4520847 0.3523432 0.9388666
[1] 2.2652761 0.4619456 0.3604728 0.9606676
[1] 2.3105099 0.4704228 0.3674682 0.9794166
[1] 2.3494111 0.4777109 0.3734874 0.9955415
[1] 2.3828670 0.4839774 0.3786661 1.0094098
[1] 2.4116404 0.4893656 0.3831216 1.0213375
[1] 2.4363869 0.4939989 0.3869546 1.0315961
[1] 2.4576703 0.4979832 0.3902520 1.0404193
[1] 2.4759752 0.5014095 0.3930886 1.0480078
[1] 2.4917185 0.5043559 0.3955286 1.0545346
[1] 2.5052587 0.5068898 0.3976275 1.0601481
[1] 2.5169042 0.5090690 0.3994329 1.0649761
[1] 2.5269200 0.5109430 0.4009858 1.0691286
[1] 2.5355343 0.5125548 0.4023216 1.0727000
[1] 2.5429431 0.5139409 0.4034705 1.0757716
[1] 2.5493151 0.5151329 0.4044587 1.0784134
[1] 2.5547955 0.5161582 0.4053086 1.0806856
[1] 2.5595089 0.5170399 0.4060397 1.0826398
[1] 2.5635627 0.5177982 0.4066685 1.0843205
[1] 2.5670493 0.5184504 0.4072093 1.0857661
[1] 2.5700480 0.5190113 0.4076744 1.0870094
[1] 2.5726270 0.5194937 0.4080745 1.0880786
[1] 2.5748451 0.5199086 0.4084186 1.0889983
[1] 2.5767528 0.5202655 0.4087145 1.0897892
[1] 2.5783936 0.5205723 0.4089690 1.0904695
[1] 2.5798047 0.5208363 0.4091880 1.0910546
[1] 2.5810184 0.5210633 0.4093762 1.0915578
[1] 2.5820622 0.5212585 0.4095382 1.0919906
[1] 2.5829600 0.5214264 0.4096775 1.0923628
[1] 2.5837321 0.5215709 0.4097972 1.0926829
[1] 2.5843961 0.5216951 0.4099003 1.0929583
[1] 2.5849673 0.5218019 0.4099889 1.0931951
[1] 2.5854585 0.5218938 0.4100651 1.0933987
[1] 2.5858810 0.5219728 0.4101306 1.0935739
[1] 2.5862443 0.5220407 0.4101870 1.0937245
[1] 2.5865568 0.5220992 0.4102355 1.0938541
[1] 2.5868256 0.5221495 0.4102772 1.0939656
Algorithm did not converge after  500  iterations.
numeric(0)
Algorithm converged after  1  iterations.
[1] 0.02778573
Algorithm converged after  2  iterations.
[1] 0.03177466
Algorithm converged after  2  iterations.
[1] 0.02686905
Algorithm converged after  2  iterations.
[1] 0.02778573 0.03177466
Algorithm converged after  2  iterations.
[1] 0.02778573 0.02686905
Algorithm converged after  2  iterations.
[1] 0.03177466 0.02686905
Algorithm converged after  2  iterations.
[1] 0.02778573 0.03177466 0.02686905
Algorithm converged after  2  iterations.
[1] 0.05219313
Algorithm converged after  2  iterations.
[1] 0.05219313 0.01676500
[1] 0.06159613 0.02517227
[1] 0.06160392 0.02518565
[1] 0.06159889 0.02518522
Algorithm converged after  34  iterations.
[1] 0.05219313 0.01757500
[1] 0.06592159 0.03475306
[1] 0.06610641 0.03502427
[1] 0.06613112 0.03505407
[1] 0.06613379 0.03505718
Algorithm converged after  46  iterations.
[1] 0.05219313 0.01102201
[1] 0.10232208 0.04894983
[1] 0.10186293 0.04854189
[1] 0.10184830 0.04853091
Algorithm converged after  34  iterations.
[1] 0.05219313 0.01676500 0.01757500
[1] 0.08770588 0.02462047 0.03327755
[1] 0.08866444 0.02474570 0.03283306
[1] 0.08847566 0.02471255 0.03273074
[1] 0.08843993 0.02470714 0.03271791
[1] 0.08843557 0.02470653 0.03271660
Algorithm converged after  53  iterations.
[1] 0.05219313 0.01676500 0.01102201
[1] 0.06235182 0.02449484 0.01494607
[1] 0.12491465 0.02516942 0.07053051
[1] 0.12212735 0.02636611 0.07508662
[1] 0.12193317 0.02637358 0.07503429
[1] 0.12191582 0.02637256 0.07502325
Algorithm converged after  58  iterations.
[1] 0.05219313 0.01757500 0.01102201
[1] 0.16382144 0.02603593 0.07610137
[1] 0.15679049 0.02499093 0.08256851
[1] 0.15625693 0.02497131 0.08239110
[1] 0.15618378 0.02496819 0.08233996
[1] 0.15617188 0.02496766 0.08233094
Algorithm converged after  60  iterations.
[1] 0.05219313 0.01676500 0.01757500 0.01102201
[1] 0.32710082 0.04068420 0.04931992 0.07235711
[1] 0.62812650 0.05885363 0.07059911 0.20390412
[1] 0.74680873 0.07128557 0.06657699 0.41841633
[1] 0.9759282 0.1464323 0.1274480 0.5376695
[1] 1.1849035 0.1775884 0.1562941 0.6447628
[1] 1.3591061 0.2002522 0.1777185 0.7354561
[1] 1.5049548 0.2190015 0.1955884 0.8114602
[1] 1.6279700 0.2347965 0.2107233 0.8755457
[1] 1.7322264 0.2481794 0.2235974 0.9298410
[1] 1.8208701 0.2595563 0.2345747 0.9759937
[1] 1.8964113 0.2692502 0.2439501 1.0153166
[1] 1.9608994 0.2775243 0.2519675 1.0488807
[1] 2.0160240 0.2845962 0.2588302 1.0775680
[1] 2.0631932 0.2906468 0.2647091 1.1021127
[1] 2.1035883 0.2958279 0.2697484 1.1231308
[1] 2.1382048 0.3002674 0.2740700 1.1411411
[1] 2.1678854 0.3040736 0.2777777 1.1565825
[1] 2.1933451 0.3073383 0.2809598 1.1698273
[1] 2.2151920 0.3101395 0.2836916 1.1811923
[1] 2.2339445 0.3125439 0.2860373 1.1909472
[1] 2.2500451 0.3146082 0.2880519 1.1993224
[1] 2.2638716 0.3163808 0.2897824 1.2065145
[1] 2.2757473 0.3179033 0.2912691 1.2126918
[1] 2.2859491 0.3192111 0.2925464 1.2179982
[1] 2.2947140 0.3203347 0.2936441 1.2225572
[1] 2.3022453 0.3213002 0.2945873 1.2264745
[1] 2.3087171 0.3221298 0.2953980 1.2298407
[1] 2.3142789 0.3228427 0.2960948 1.2327335
[1] 2.3190590 0.3234555 0.2966937 1.2352198
[1] 2.3231675 0.3239821 0.2972084 1.2373567
[1] 2.3266989 0.3244348 0.2976509 1.2391934
[1] 2.3297345 0.3248239 0.2980313 1.2407723
[1] 2.3323439 0.3251584 0.2983583 1.2421295
[1] 2.3345870 0.3254459 0.2986394 1.2432961
[1] 2.3365153 0.3256931 0.2988811 1.2442991
[1] 2.3381731 0.3259056 0.2990889 1.2451613
[1] 2.3395982 0.3260882 0.2992675 1.2459025
[1] 2.3408234 0.3262453 0.2994210 1.2465397
[1] 2.3418768 0.3263803 0.2995531 1.2470876
[1] 2.3427824 0.3264964 0.2996666 1.2475586
[1] 2.3435609 0.3265962 0.2997642 1.2479635
[1] 2.3442303 0.3266820 0.2998481 1.2483117
[1] 2.3448058 0.3267557 0.2999202 1.2486110
[1] 2.3453006 0.3268192 0.2999822 1.2488684
[1] 2.3457260 0.3268737 0.3000355 1.2490896
[1] 2.3460918 0.3269206 0.3000814 1.2492798
[1] 2.3464062 0.3269609 0.3001208 1.2494434
[1] 2.3466766 0.3269955 0.3001547 1.2495840
[1] 2.3469091 0.3270253 0.3001838 1.2497049
Algorithm did not converge after  500  iterations.
numeric(0)
Algorithm converged after  1  iterations.
[1] 0.03049833
Algorithm converged after  2  iterations.
[1] 0.03100258
Algorithm converged after  2  iterations.
[1] 0.0248005
Algorithm converged after  2  iterations.
[1] 0.03049833 0.03100258
Algorithm converged after  2  iterations.
[1] 0.03049833 0.02480050
Algorithm converged after  2  iterations.
[1] 0.03100258 0.02480050
Algorithm converged after  2  iterations.
[1] 0.03049833 0.03100258 0.02480050
Algorithm converged after  2  iterations.
[1] 0.04673731
Algorithm converged after  2  iterations.
[1] 0.04673731 0.02109843
[1] 0.05675735 0.03421768
[1] 0.05690441 0.03431669
[1] 0.05689868 0.03431462
Algorithm converged after  38  iterations.
[1] 0.04673731 0.01848992
[1] 0.05237425 0.02920665
[1] 0.05567563 0.03089942
[1] 0.05699542 0.03143693
[1] 0.05531913 0.01913320
[1] 0.05716250 0.03145854
[1] 0.05619791 0.03126121
[1] 0.05575292 0.03112692
[1] 0.05574684 0.03111949
Algorithm converged after  89  iterations.
[1] 0.04673731 0.01098914
[1] 0.09253284 0.02014589
[1] 0.07530169 0.02768330
[1] 0.06292373 0.02391065
[1] 0.07614071 0.02911050
[1] 0.07548601 0.02895295
Algorithm converged after  59  iterations.
[1] 0.04673731 0.02109843 0.01848992
[1] 0.06261269 0.02841305 0.02554976
[1] 0.06639153 0.02905482 0.03136281
[1] 0.06562924 0.02898273 0.03124063
[1] 0.0670873534 0.0288900398 0.0008886858
[1] 0.06414314 0.02886162 0.03063501
[1] 0.06668998 0.02895985 0.03092227
[1] 0.06424321 0.02891358 0.03069811
[1] 0.06559126 0.02906873 0.03127512
[1] 0.06558922 0.02907232 0.03128018
[1] 0.06767814 0.02918258 0.03139121
[1] 0.06543660 0.02904377 0.03123602
[1] 0.06576813 0.02908686 0.02457945
[1] 0.06542382 0.02904966 0.03124305
[1] 0.06054262 0.02831082 0.01144606
[1] 0.06217128 0.02859225 0.02455604
[1] 0.06452663 0.02879872 0.03050697
[1] 0.06679854 0.02914621 0.03137398
[1] 0.06282209 0.02855365 0.01397115
[1] 0.06441147 0.02884670 0.03087684
[1] 0.06673500 0.02914285 0.03136965
[1] 0.06439993 0.02893440 0.03088188
[1] 0.06520753 0.02905232 0.03123846
[1] 0.06523429 0.02905497 0.03124259
Algorithm converged after  237  iterations.
[1] 0.04673731 0.02109843 0.01098914
[1] 0.13037798 0.03319250 0.05419447
[1] 0.10757916 0.03236145 0.05026766
[1] 0.10577063 0.03222320 0.04929583
[1] 0.10557093 0.03220452 0.04917337
[1] 0.10554742 0.03220227 0.04915872
[1] 0.10554462 0.03220200 0.04915698
Algorithm converged after  62  iterations.
[1] 0.04673731 0.01848992 0.01098914
[1] 0.16001847 0.03746089 0.04092719
[1] 0.11743372 0.02577631 0.03991161
[1] 0.10741192 0.02540590 0.03500158
[1] 0.10814502 0.02547664 0.03512402
[1] 0.10815444 0.02547419 0.03513582
Algorithm converged after  60  iterations.
[1] 0.04673731 0.02109843 0.01848992 0.01098914
[1] 0.28052582 0.04489334 0.05014618 0.04876493
[1] 0.48990806 0.07424913 0.08449413 0.08234198
[1] 0.7427938 0.1279394 0.1413131 0.1183152
[1] 0.6443471 0.1233251 0.1283530 0.2396449
[1] 0.8092897 0.1410533 0.1519581 0.3967615
[1] 1.0094880 0.1711596 0.1808945 0.4921786
[1] 1.1899194 0.1990289 0.2067262 0.5731359
[1] 1.3495400 0.2238422 0.2294925 0.6443288
[1] 1.4908224 0.2458752 0.2495871 0.7072713
[1] 1.6160726 0.2654515 0.2673624 0.7630349
[1] 1.7272534 0.2828582 0.2831136 0.8125081
[1] 1.8260425 0.2983456 0.2970895 0.8564473
[1] 1.9138884 0.3121322 0.3095029 0.8955040
[1] 1.9920510 0.3244100 0.3205373 0.9302440
[1] 2.0616318 0.3353478 0.3303523 0.9611609
[1] 2.1235978 0.3450946 0.3390871 0.9886877
[1] 2.1788008 0.3537822 0.3468641 1.0132049
[1] 2.2279927 0.3615272 0.3537908 1.0350484
[1] 2.2718383 0.3684331 0.3599620 1.0545149
[1] 2.3109264 0.3745917 0.3654616 1.0718667
[1] 2.3457793 0.3800846 0.3703636 1.0873365
[1] 2.3768605 0.3849843 0.3747340 1.1011308
[1] 2.4045815 0.3893552 0.3786309 1.1134326
[1] 2.4293085 0.3932548 0.3821061 1.1244049
[1] 2.4513669 0.3967341 0.3852057 1.1341922
[1] 2.4710464 0.3998387 0.3879706 1.1429235
[1] 2.4886048 0.4026089 0.3904371 1.1507133
[1] 2.5042717 0.4050811 0.3926376 1.1576636
[1] 2.5182518 0.4072873 0.3946009 1.1638653
[1] 2.5307271 0.4092562 0.3963528 1.1693992
[1] 2.5418603 0.4110134 0.3979160 1.1743376
[1] 2.5517961 0.4125817 0.3993110 1.1787448
[1] 2.5606635 0.4139815 0.4005559 1.1826779
[1] 2.5685777 0.4152308 0.4016669 1.1861881
[1] 2.5756413 0.4163460 0.4026585 1.1893211
[1] 2.5819460 0.4173414 0.4035435 1.1921173
[1] 2.5875733 0.4182298 0.4043333 1.1946131
[1] 2.5925962 0.4190229 0.4050383 1.1968408
[1] 2.5970796 0.4197308 0.4056676 1.1988292
[1] 2.6010816 0.4203627 0.4062292 1.2006040
[1] 2.6046538 0.4209268 0.4067305 1.2021883
[1] 2.6078426 0.4214303 0.4071780 1.2036025
[1] 2.6106889 0.4218798 0.4075775 1.2048648
[1] 2.6132298 0.4222810 0.4079341 1.2059916
[1] 2.6154979 0.4226392 0.4082523 1.2069974
[1] 2.6175226 0.4229589 0.4085365 1.2078953
[1] 2.6193299 0.4232443 0.4087901 1.2086968
[1] 2.6209433 0.4234991 0.4090165 1.2094123
[1] 2.6223836 0.4237266 0.4092186 1.2100510
Algorithm did not converge after  500  iterations.
numeric(0)
Algorithm converged after  1  iterations.
[1] 0.02885429
Algorithm converged after  2  iterations.
[1] 0.0331435
Algorithm converged after  2  iterations.
[1] 0.02804174
Algorithm converged after  2  iterations.
[1] 0.02885429 0.03314350
Algorithm converged after  2  iterations.
[1] 0.02885429 0.02804174
Algorithm converged after  2  iterations.
[1] 0.03314350 0.02804174
Algorithm converged after  2  iterations.
[1] 0.02885429 0.03314350 0.02804174
Algorithm converged after  2  iterations.
[1] 0.04933695
Algorithm converged after  2  iterations.
[1] 0.04933695 0.02010806
[1] 0.06721627 0.03669003
[1] 0.06736806 0.03682689
[1] 0.06737025 0.03683013
Algorithm converged after  32  iterations.
[1] 0.04933695 0.01902861
[1] 0.06289656 0.04007063
[1] 0.06344607 0.04060785
[1] 0.06349276 0.04062911
[1] 0.06349631 0.04062890
Algorithm converged after  43  iterations.
[1] 0.04933695 0.01035387
[1] 0.09046052 0.04536346
[1] 0.08623004 0.04201876
[1] 0.08617957 0.04198565
Algorithm converged after  35  iterations.
[1] 0.04933695 0.02010806 0.01902861
[1] 0.09331363 0.03020079 0.03624044
[1] 0.09810194 0.03060998 0.03689217
[1] 0.09847069 0.03063902 0.03693292
[1] 0.09849855 0.03064118 0.03693588
Algorithm converged after  49  iterations.
[1] 0.04933695 0.02010806 0.01035387
[1] 0.13570739 0.03159054 0.07429038
[1] 0.15183731 0.03325800 0.08913834
[1] 0.15515490 0.03353073 0.09151829
[1] 0.15572742 0.03357725 0.09192554
[1] 0.15582557 0.03358522 0.09199533
[1] 0.15584240 0.03358659 0.09200729
[1] 0.15584528 0.03358682 0.09200934
Algorithm converged after  71  iterations.
[1] 0.04933695 0.01902861 0.01035387
[1] 0.15015777 0.03228275 0.05600877
[1] 0.11822669 0.02445815 0.05705720
[1] 0.11201802 0.02436684 0.05283536
[1] 0.11161066 0.02437428 0.05245131
[1] 0.11158877 0.02437523 0.05242546
Algorithm converged after  60  iterations.
[1] 0.04933695 0.02010806 0.01902861 0.01035387
[1] 0.30743439 0.04685844 0.05286616 0.06061075
[1] 0.60613070 0.07362699 0.08212133 0.16433161
[1] 0.73537415 0.06831112 0.05755818 0.35634216
[1] 0.8784760 0.1437096 0.1050120 0.4788134
[1] 1.0643008 0.1830673 0.1380339 0.5665147
[1] 1.2122720 0.2059606 0.1567697 0.6400448
[1] 1.3298162 0.2234825 0.1711553 0.6987539
[1] 1.4238786 0.2374474 0.1826914 0.7457276
[1] 1.4995037 0.2486678 0.1920048 0.7834751
[1] 1.5604846 0.2577135 0.1995398 0.8139007
[1] 1.6097565 0.2650213 0.2056433 0.8384767
[1] 1.6496261 0.2709339 0.2105916 0.8583583
[1] 1.6819228 0.2757229 0.2146059 0.8744607
[1] 1.7081071 0.2796053 0.2178641 0.8875136
[1] 1.7293490 0.2827547 0.2205098 0.8981016
[1] 1.7465892 0.2853106 0.2226585 0.9066942
[1] 1.7605883 0.2873859 0.2244043 0.9136710
[1] 1.7719591 0.2890714 0.2258229 0.9193376
[1] 1.7811976 0.2904409 0.2269759 0.9239414
[1] 1.7887050 0.2915537 0.2279131 0.9276823
[1] 1.7948067 0.2924581 0.2286750 0.9307228
[1] 1.7997666 0.2931933 0.2292944 0.9331942
[1] 1.8037987 0.2937909 0.2297981 0.9352033
[1] 1.8070769 0.2942768 0.2302076 0.9368367
[1] 1.8097424 0.2946718 0.2305407 0.9381648
[1] 1.8119097 0.2949931 0.2308115 0.9392447
[1] 1.8136721 0.2952543 0.2310317 0.9401228
[1] 1.8151052 0.2954667 0.2312108 0.9408368
[1] 1.8162706 0.2956394 0.2313564 0.9414175
[1] 1.8172184 0.2957799 0.2314749 0.9418897
[1] 1.8179892 0.2958941 0.2315712 0.9422738
[1] 1.8186160 0.2959870 0.2316495 0.9425861
[1] 1.8191258 0.2960626 0.2317132 0.9428401
[1] 1.8195404 0.2961240 0.2317651 0.9430466
[1] 1.8198776 0.2961740 0.2318072 0.9432146
[1] 1.8201518 0.2962147 0.2318415 0.9433513
[1] 1.8203749 0.2962477 0.2318694 0.9434624
[1] 1.8205563 0.2962746 0.2318920 0.9435528
[1] 1.8207038 0.2962965 0.2319105 0.9436263
[1] 1.8208238 0.2963142 0.2319255 0.9436861
[1] 1.8209213 0.2963287 0.2319377 0.9437347
[1] 1.8210007 0.2963405 0.2319476 0.9437742
[1] 1.8210653 0.2963500 0.2319556 0.9438064
[1] 1.8211178 0.2963578 0.2319622 0.9438325
[1] 1.8211605 0.2963641 0.2319675 0.9438538
[1] 1.8211952 0.2963693 0.2319719 0.9438711
[1] 1.8212234 0.2963735 0.2319754 0.9438852
[1] 1.8212464 0.2963769 0.2319783 0.9438966
Algorithm converged after  488  iterations.
numeric(0)
Algorithm converged after  1  iterations.
[1] 0.0298809
Algorithm converged after  2  iterations.
[1] 0.03293474
Algorithm converged after  2  iterations.
[1] 0.02712289
Algorithm converged after  2  iterations.
[1] 0.02988090 0.03293474
Algorithm converged after  2  iterations.
[1] 0.02988090 0.02712289
Algorithm converged after  2  iterations.
[1] 0.03293474 0.02712289
Algorithm converged after  2  iterations.
[1] 0.02988090 0.03293474 0.02712289
Algorithm converged after  2  iterations.
[1] 0.04524533
Algorithm converged after  2  iterations.
[1] 0.04524533 0.01826941
[1] 0.05667687 0.03446856
[1] 0.05700771 0.03477997
[1] 0.05701631 0.03479085
Algorithm converged after  36  iterations.
[1] 0.04524533 0.02072929
[1] 0.06213858 0.04138246
[1] 0.06273670 0.04194383
[1] 0.06280677 0.04199607
[1] 0.06281346 0.04200073
Algorithm converged after  46  iterations.
[1] 0.04524533 0.01184752
[1] 0.10048671 0.05550909
[1] 0.06960140 0.03758998
[1] 0.06930833 0.03734357
Algorithm converged after  35  iterations.
[1] 0.04524533 0.01826941 0.02072929
[1] 0.08597645 0.02853664 0.03776395
[1] 0.08649470 0.02846748 0.03742595
[1] 0.08623499 0.02841924 0.03734276
[1] 0.08619796 0.02841327 0.03733312
[1] 0.08619416 0.02841269 0.03733221
Algorithm converged after  52  iterations.
[1] 0.04524533 0.01826941 0.01184752
[1] 0.13321076 0.03565162 0.08601713
[1] 0.12081412 0.03420514 0.07990254
[1] 0.11924715 0.03402787 0.07865248
[1] 0.11898931 0.03399734 0.07843898
[1] 0.11894549 0.03399214 0.07840262
[1] 0.11893803 0.03399126 0.07839643
Algorithm converged after  68  iterations.
[1] 0.04524533 0.02072929 0.01184752
[1] 0.18142684 0.04864595 0.05870117
[1] 0.14543127 0.03155120 0.07091839
[1] 0.10367319 0.02790382 0.05146208
[1] 0.10208170 0.02804018 0.04921288
[1] 0.10226128 0.02806987 0.04916714
[1] 0.10228100 0.02807077 0.04917530
Algorithm converged after  66  iterations.
[1] 0.04524533 0.01826941 0.02072929 0.01184752
[1] 0.32058992 0.05425511 0.06621497 0.05819272
[1] 0.7395224 0.1316606 0.1532681 0.1339840
[1] 1.0701635 0.1826896 0.2107273 0.3554981
[1] 1.2704439 0.1844156 0.2286483 0.6009297
[1] 1.5329951 0.2190079 0.2674510 0.7336794
[1] 1.7817020 0.2530651 0.3042132 0.8528517
[1] 2.0129694 0.2849179 0.3382872 0.9634895
[1] 2.2279351 0.3146114 0.3698689 1.0664424
[1] 2.4278615 0.3422870 0.3991726 1.1622918
[1] 2.6138946 0.3680835 0.4263874 1.2515565
[1] 2.7870697 0.3921309 0.4516805 1.3347103
[1] 2.9483275 0.4145497 0.4752009 1.4121878
[1] 3.0985279 0.4354522 0.4970830 1.4843893
[1] 3.2384599 0.4549423 0.5174485 1.5516841
[1] 3.3688498 0.4731168 0.5364086 1.6144138
[1] 3.4903678 0.4900657 0.5540649 1.6728947
[1] 3.6036330 0.5058725 0.5705108 1.7274200
[1] 3.7092187 0.5206150 0.5858323 1.7782616
[1] 3.8076559 0.5343656 0.6001087 1.8256721
[1] 3.8994373 0.5471916 0.6134134 1.8698861
[1] 3.9850201 0.5591557 0.6258141 1.9111217
[1] 4.0648287 0.5703162 0.6373735 1.9495818
[1] 4.1392579 0.5807274 0.6481499 1.9854549
[1] 4.2086743 0.5904401 0.6581972 2.0189166
[1] 4.2734191 0.5995013 0.6675656 2.0501303
[1] 4.3338097 0.6079550 0.6763016 2.0792482
[1] 4.3901414 0.6158421 0.6844484 2.1064120
[1] 4.4426892 0.6232007 0.6920463 2.1317535
[1] 4.4917091 0.6300665 0.6991326 2.1553958
[1] 4.5374395 0.6364725 0.7057421 2.1774533
[1] 4.5801025 0.6424496 0.7119072 2.1980328
[1] 4.6199050 0.6480267 0.7176580 2.2172338
[1] 4.6570397 0.6532307 0.7230226 2.2351490
[1] 4.6916863 0.6580865 0.7280270 2.2518648
[1] 4.7240123 0.6626175 0.7326957 2.2674617
[1] 4.7541736 0.6668455 0.7370512 2.2820150
[1] 4.7823158 0.6707908 0.7411147 2.2955947
[1] 4.8085745 0.6744723 0.7449058 2.3082660
[1] 4.8330761 0.6779077 0.7484430 2.3200899
[1] 4.8559387 0.6811136 0.7517432 2.3311232
[1] 4.8772720 0.6841052 0.7548225 2.3414189
[1] 4.8971786 0.6868969 0.7576956 2.3510263
[1] 4.9157543 0.6895021 0.7603765 2.3599917
[1] 4.9330881 0.6919332 0.7628779 2.3683579
[1] 4.949263 0.694202 0.765212 2.376165
[1] 4.9643574 0.6963192 0.7673900 2.3834506
[1] 4.9784428 0.6982950 0.7694224 2.3902494
[1] 4.9915871 0.7001388 0.7713188 2.3965941
[1] 5.0038531 0.7018595 0.7730885 2.4025150
Algorithm did not converge after  500  iterations.
numeric(0)
Algorithm converged after  1  iterations.
[1] 0.03027736
Algorithm converged after  2  iterations.
[1] 0.03202855
Algorithm converged after  2  iterations.
[1] 0.0276311
Algorithm converged after  2  iterations.
[1] 0.03027736 0.03202855
Algorithm converged after  2  iterations.
[1] 0.03027736 0.02763110
Algorithm converged after  2  iterations.
[1] 0.03202855 0.02763110
Algorithm converged after  2  iterations.
[1] 0.03027736 0.03202855 0.02763110
Algorithm converged after  2  iterations.
[1] 0.04741908
Algorithm converged after  2  iterations.
[1] 0.04741908 0.02092985
[1] 0.05997563 0.03751073
[1] 0.06027668 0.03783270
[1] 0.06028013 0.03784369
[1] 0.06027864 0.03784371
Algorithm converged after  43  iterations.
[1] 0.04741908 0.01830113
[1] 0.06132987 0.03569659
[1] 0.06194175 0.03604518
[1] 0.06198930 0.03606851
[1] 0.06199263 0.03607004
Algorithm converged after  42  iterations.
[1] 0.04741908 0.01143921
[1] 0.09890046 0.05761474
[1] 0.08047363 0.04632268
[1] 0.08030747 0.04618270
Algorithm converged after  36  iterations.
[1] 0.04741908 0.02092985 0.01830113
[1] 0.09713770 0.03241812 0.04091439
[1] 0.09947027 0.03215227 0.03950259
[1] 0.09835034 0.03193278 0.03901686
[1] 0.09817445 0.03190494 0.03896242
[1] 0.09815729 0.03190253 0.03895800
Algorithm converged after  57  iterations.
[1] 0.04741908 0.02092985 0.01143921
[1] 0.15481159 0.03607471 0.09528683
[1] 0.14235835 0.03614151 0.09649324
[1] 0.14151118 0.03607154 0.09592360
[1] 0.14136558 0.03605583 0.09581077
[1] 0.14133752 0.03605277 0.09578890
[1] 0.14133208 0.03605218 0.09578466
Algorithm converged after  65  iterations.
[1] 0.04741908 0.01830113 0.01143921
[1] 0.14899449 0.03717168 0.05401151
[1] 0.12039017 0.02688462 0.06131387
[1] 0.10501270 0.02605356 0.05350094
[1] 0.10486465 0.02609792 0.05302891
[1] 0.10493033 0.02610326 0.05303622
Algorithm converged after  59  iterations.
[1] 0.04741908 0.02092985 0.01830113 0.01143921
[1] 0.32057194 0.05175049 0.06726485 0.06144303
[1] 0.7040459 0.1191236 0.1532008 0.1333643
[1] 0.9826823 0.1803217 0.1830765 0.3530030
[1] 1.1425550 0.1926345 0.1867329 0.5476003
[1] 1.3322733 0.2222422 0.2119667 0.6439637
[1] 1.5019418 0.2494644 0.2350247 0.7253869
[1] 1.6514643 0.2735727 0.2553536 0.7968911
[1] 1.7832325 0.2948688 0.2732522 0.8599207
[1] 1.8994587 0.3136841 0.2890251 0.9155459
[1] 2.0020575 0.3303141 0.3029373 0.9646737
[1] 2.0926840 0.3450180 0.3152174 1.0080878
[1] 2.1727751 0.3580229 0.3260634 1.0464694
[1] 2.2435840 0.3695281 0.3356472 1.0804138
[1] 2.3062068 0.3797086 0.3441192 1.1104422
[1] 2.3616047 0.3887186 0.3516108 1.1370127
[1] 2.4106221 0.3966939 0.3582373 1.1605278
[1] 2.4540020 0.4037543 0.3640998 1.1813422
[1] 2.4923990 0.4100053 0.3692876 1.1997686
[1] 2.5263899 0.4155403 0.3738790 1.2160829
[1] 2.5564838 0.4204417 0.3779432 1.2305285
[1] 2.5831302 0.4247824 0.3815411 1.2433206
[1] 2.6067260 0.4286268 0.3847267 1.2546492
[1] 2.6276221 0.4320317 0.3875474 1.2646825
[1] 2.6461285 0.4350476 0.3900452 1.2735690
[1] 2.6625194 0.4377190 0.3922572 1.2814402
[1] 2.6770374 0.4400853 0.3942163 1.2884124
[1] 2.6898971 0.4421816 0.3959515 1.2945885
[1] 2.7012882 0.4440385 0.3974884 1.3000595
[1] 2.7113789 0.4456836 0.3988498 1.3049061
[1] 2.7203178 0.4471410 0.4000557 1.3091997
[1] 2.7282367 0.4484321 0.4011239 1.3130034
[1] 2.7352520 0.4495760 0.4020703 1.3163732
[1] 2.7414670 0.4505894 0.4029086 1.3193587
[1] 2.7469732 0.4514872 0.4036513 1.3220036
[1] 2.7518513 0.4522827 0.4043092 1.3243470
[1] 2.7561732 0.4529874 0.4048921 1.3264232
[1] 2.7600022 0.4536118 0.4054086 1.3282626
[1] 2.7633947 0.4541651 0.4058661 1.3298923
[1] 2.7664004 0.4546552 0.4062715 1.3313363
[1] 2.7690634 0.4550895 0.4066306 1.3326156
[1] 2.7714229 0.4554743 0.4069488 1.3337492
[1] 2.7735134 0.4558153 0.4072308 1.3347535
[1] 2.7753656 0.4561173 0.4074805 1.3356433
[1] 2.7770067 0.4563850 0.4077019 1.3364318
[1] 2.7784608 0.4566221 0.4078980 1.3371303
[1] 2.7797491 0.4568322 0.4080717 1.3377493
[1] 2.7808906 0.4570184 0.4082256 1.3382977
[1] 2.7819020 0.4571834 0.4083620 1.3387836
[1] 2.7827982 0.4573295 0.4084829 1.3392141
Algorithm did not converge after  500  iterations.
numeric(0)
Algorithm converged after  1  iterations.
[1] 0.02805629
Algorithm converged after  2  iterations.
[1] 0.03181026
Algorithm converged after  2  iterations.
[1] 0.02695622
Algorithm converged after  2  iterations.
[1] 0.02805629 0.03181026
Algorithm converged after  2  iterations.
[1] 0.02805629 0.02695622
Algorithm converged after  2  iterations.
[1] 0.03181026 0.02695622
Algorithm converged after  2  iterations.
[1] 0.02805629 0.03181026 0.02695622
Algorithm converged after  2  iterations.
[1] 0.05233316
Algorithm converged after  2  iterations.
[1] 0.05233316 0.01846968
[1] 0.06705300 0.02819616
[1] 0.06711260 0.02822258
Algorithm converged after  29  iterations.
[1] 0.05233316 0.01663791
[1] 0.06076806 0.03252919
[1] 0.06130510 0.03303156
[1] 0.06135883 0.03307452
[1] 0.06136345 0.03307814
Algorithm converged after  46  iterations.
[1] 0.052333160 0.009904295
[1] 0.08965122 0.03911576
[1] 0.08542567 0.03694698
[1] 0.08538359 0.03691460
Algorithm converged after  36  iterations.
[1] 0.05233316 0.01846968 0.01663791
[1] 0.08903656 0.02603948 0.03045989
[1] 0.09025901 0.02613282 0.03056446
[1] 0.09031104 0.02613282 0.03055315
[1] 0.09031604 0.02613278 0.03055186
Algorithm converged after  43  iterations.
[1] 0.052333160 0.018469679 0.009904295
[1] 0.13429246 0.02828587 0.06235131
[1] 0.15557175 0.03118203 0.09041230
[1] 0.16112916 0.03168835 0.09468945
[1] 0.16208150 0.03177137 0.09539706
[1] 0.16224079 0.03178522 0.09551510
[1] 0.16226738 0.03178753 0.09553480
[1] 0.16227182 0.03178791 0.09553808
Algorithm converged after  73  iterations.
[1] 0.052333160 0.016637908 0.009904295
[1] 0.13828438 0.02853221 0.04675305
[1] 0.10923570 0.02121829 0.05136203
[1] 0.10376727 0.02111186 0.04770151
[1] 0.10349027 0.02111558 0.04731631
[1] 0.10347963 0.02111637 0.04728403
[1] 0.10347939 0.02111644 0.04728154
Algorithm converged after  62  iterations.
[1] 0.052333160 0.018469679 0.016637908 0.009904295
[1] 0.33474211 0.04902155 0.05303048 0.06412478
[1] 0.6806966 0.1009282 0.1113253 0.1375508
[1] 0.9513795 0.1647900 0.1829287 0.1734236
[1] 1.0902401 0.1675004 0.1949716 0.4593528
[1] 1.1892960 0.1667454 0.2034277 0.6084622
[1] 1.3264758 0.1849265 0.2225488 0.6811537
[1] 1.4494770 0.2018159 0.2396961 0.7425899
[1] 1.5576287 0.2167506 0.2547428 0.7964006
[1] 1.6526961 0.2299169 0.2679470 0.8436912
[1] 1.7363466 0.2415271 0.2795497 0.8853066
[1] 1.8100217 0.2517705 0.2897573 0.9219638
[1] 1.8749622 0.2608121 0.2987463 0.9542786
[1] 1.9322404 0.2687961 0.3066685 0.9827832
[1] 1.9827869 0.2758486 0.3136550 1.0079396
[1] 2.0274121 0.2820801 0.3198196 1.0301506
[1] 2.0668240 0.2875873 0.3252613 1.0497678
[1] 2.1016422 0.2924555 0.3300668 1.0670994
[1] 2.1324099 0.2967596 0.3343117 1.0824154
[1] 2.1596043 0.3005655 0.3380625 1.0959531
[1] 2.1836450 0.3039313 0.3413774 1.1079212
[1] 2.2049010 0.3069081 0.3443076 1.1185033
[1] 2.2236975 0.3095413 0.3468982 1.1278612
[1] 2.2403211 0.3118707 0.3491890 1.1361374
[1] 2.2550245 0.3139314 0.3512148 1.1434578
[1] 2.2680307 0.3157547 0.3530065 1.1499334
[1] 2.2795365 0.3173678 0.3545914 1.1556619
[1] 2.2897157 0.3187952 0.3559933 1.1607301
[1] 2.2987218 0.3200582 0.3572336 1.1652142
[1] 2.3066903 0.3211759 0.3583309 1.1691817
[1] 2.3137412 0.3221649 0.3593018 1.1726924
[1] 2.3199804 0.3230402 0.3601608 1.1757990
[1] 2.3255016 0.3238148 0.3609210 1.1785480
[1] 2.3303874 0.3245003 0.3615936 1.1809808
[1] 2.3347112 0.3251069 0.3621888 1.1831336
[1] 2.3385376 0.3256439 0.3627156 1.1850389
[1] 2.3419241 0.3261191 0.3631817 1.1867251
[1] 2.3449211 0.3265397 0.3635943 1.1882174
[1] 2.3475736 0.3269119 0.3639594 1.1895381
[1] 2.3499212 0.3272414 0.3642825 1.1907071
[1] 2.3519989 0.3275330 0.3645685 1.1917416
[1] 2.3538378 0.3277911 0.3648216 1.1926573
[1] 2.3554654 0.3280195 0.3650456 1.1934677
[1] 2.3569060 0.3282217 0.3652439 1.1941850
[1] 2.3581810 0.3284006 0.3654194 1.1948199
[1] 2.3593095 0.3285590 0.3655747 1.1953818
[1] 2.3603084 0.3286992 0.3657122 1.1958792
[1] 2.3611925 0.3288233 0.3658338 1.1963194
[1] 2.3619750 0.3289332 0.3659415 1.1967090
[1] 2.3626677 0.3290304 0.3660369 1.1970539
Algorithm did not converge after  500  iterations.
Warning messages:
1: In max(abs(CT), na.rm = T) :
  no non-missing arguments to max; returning -Inf
2: In max(abs(CT), na.rm = T) :
  no non-missing arguments to max; returning -Inf
3: In max(abs(CT), na.rm = T) :
  no non-missing arguments to max; returning -Inf
4: In max(abs(CT), na.rm = T) :
  no non-missing arguments to max; returning -Inf
5: In max(abs(CT), na.rm = T) :
  no non-missing arguments to max; returning -Inf
6: In max(abs(CT), na.rm = T) :
  no non-missing arguments to max; returning -Inf
7: In max(abs(CT), na.rm = T) :
  no non-missing arguments to max; returning -Inf
8: In max(abs(CT), na.rm = T) :
  no non-missing arguments to max; returning -Inf
9: In max(abs(CT), na.rm = T) :
  no non-missing arguments to max; returning -Inf
10: In max(abs(CT), na.rm = T) :
  no non-missing arguments to max; returning -Inf
[1] "Best iter parameter is:"
      gam     rankJ    rankA1    rankA2    rankA3 
0.1111111 1.0000000 0.0000000 0.0000000 1.0000000 
[1] 0.046272952 0.009778108
[1] 0.08184108 0.03777080
[1] 0.07590973 0.03308801
[1] 0.07585397 0.03305112
Algorithm converged after  35  iterations.
         [,1]     [,2]     [,3]
[1,] 6.275758 9.273344 54.77317
