myseed=9312 

Attaching package: ‘pls’

The following object is masked from ‘package:stats’:

    loadings

Loading required package: lattice
Loading required package: ggplot2
Registered S3 methods overwritten by 'ggplot2':
  method         from 
  [.quosures     rlang
  c.quosures     rlang
  print.quosures rlang

Attaching package: ‘caret’

The following object is masked from ‘package:pls’:

    R2

Loading required package: Matrix
Loading required package: foreach
Loaded glmnet 2.0-18

Parsed with column specification:
cols(
  .default = col_double()
)
See spec(...) for full column specifications.
Parsed with column specification:
cols(
  X1 = col_double()
)
Parsed with column specification:
cols(
  X1 = col_double()
)
numeric(0)
Algorithm converged after  1  iterations.
[1] 0.03417892
Algorithm converged after  2  iterations.
[1] 0.03148073
Algorithm converged after  2  iterations.
[1] 0.02487403
Algorithm converged after  2  iterations.
[1] 0.03417892 0.03148073
Algorithm converged after  2  iterations.
[1] 0.03417892 0.02487403
Algorithm converged after  2  iterations.
[1] 0.03148073 0.02487403
Algorithm converged after  2  iterations.
[1] 0.03417892 0.03148073 0.02487403
Algorithm converged after  2  iterations.
[1] 0.0559452
Algorithm converged after  2  iterations.
[1] 0.05594520 0.01581948
[1] 0.06175540 0.03654185
[1] 0.06193769 0.03708749
[1] 0.06193290 0.03711653
[1] 0.06193238 0.03711841
Algorithm converged after  42  iterations.
[1] 0.0559452 0.0164871
[1] 0.07496417 0.04024428
[1] 0.07513255 0.04056419
[1] 0.07515845 0.04060794
[1] 0.07516343 0.04061603
[1] 0.07516439 0.04061758
Algorithm converged after  54  iterations.
[1] 0.05594520 0.01144429
[1] 0.10919520 0.03910396
[1] 0.09473033 0.03721809
[1] 0.09372045 0.03630256
Algorithm converged after  38  iterations.
[1] 0.05594520 0.01581948 0.01648710
[1] 0.08813763 0.03381406 0.03718498
[1] 0.09226249 0.03574481 0.03795794
[1] 0.09243485 0.03608775 0.03829434
[1] 0.09273033 0.03630132 0.03856525
[1] 0.09300362 0.03642990 0.03873528
[1] 0.09320212 0.03650196 0.03883284
[1] 0.09333682 0.03654045 0.03888615
[1] 0.09342521 0.03655986 0.03891383
[1] 0.09348173 0.03656880 0.03892720
[1] 0.09351698 0.03657226 0.03893292
[1] 0.09353845 0.03657304 0.03893477
[1] 0.09355118 0.03657267 0.03893483
[1] 0.09355853 0.03657190 0.03893419
[1] 0.09356264 0.03657110 0.03893339
[1] 0.09356485 0.03657041 0.03893264
[1] 0.09356597 0.03656988 0.03893204
[1] 0.09356650 0.03656949 0.03893159
Algorithm converged after  172  iterations.
[1] 0.05594520 0.01581948 0.01144429
[1] 0.14568545 0.03615109 0.07009400
[1] 0.16875113 0.04227926 0.09576870
[1] 0.17292991 0.04287873 0.09871724
[1] 0.17355415 0.04296414 0.09914815
[1] 0.17364674 0.04297678 0.09921199
[1] 0.17366046 0.04297865 0.09922146
Algorithm converged after  68  iterations.
[1] 0.05594520 0.01648710 0.01144429
[1] 0.18614210 0.04000734 0.04919886
[1] 0.16531894 0.03078601 0.05043728
[1] 0.14399193 0.02538014 0.05055899
[1] 0.13548407 0.02447511 0.04853601
[1] 0.13474392 0.02447008 0.04811850
[1] 0.13486863 0.02449084 0.04811467
[1] 0.13490241 0.02449384 0.04812275
Algorithm converged after  78  iterations.
[1] 0.05594520 0.01581948 0.01648710 0.01144429
[1] 0.33544423 0.05013279 0.04842633 0.08402893
[1] 0.72599144 0.09509988 0.07337817 0.27222896
[1] 0.96915248 0.17153214 0.09257948 0.56517093
[1] 1.1748224 0.2287675 0.1367474 0.6781679
[1] 1.3546710 0.2605881 0.1599312 0.7800455
[1] 1.5077005 0.2869367 0.1792945 0.8668539
[1] 1.6391233 0.3094615 0.1960132 0.9413780
[1] 1.7527446 0.3288996 0.2105528 1.0057791
[1] 1.8514172 0.3457616 0.2232417 1.0616860
[1] 1.9373851 0.3604406 0.2343412 1.1103796
[1] 2.0124673 0.3732526 0.2440667 1.1528967
[1] 2.0781674 0.3844578 0.2525998 1.1900932
[1] 2.1357453 0.3942733 0.2600945 1.2226857
[1] 2.1862677 0.4028828 0.2666832 1.2512803
[1] 2.2306443 0.4104426 0.2724794 1.2763935
[1] 2.2696561 0.4170865 0.2775817 1.2984684
[1] 2.3039759 0.4229300 0.2820754 1.3178867
[1] 2.3341863 0.4280727 0.2860350 1.3349786
[1] 2.3607931 0.4326012 0.2895251 1.3500308
[1] 2.3842363 0.4365906 0.2926025 1.3632925
[1] 2.4049000 0.4401065 0.2953167 1.3749813
[1] 2.4231195 0.4432061 0.2977112 1.3852871
[1] 2.4391885 0.4459396 0.2998241 1.3943761
[1] 2.4533644 0.4483508 0.3016888 1.4023941
[1] 2.4658727 0.4504783 0.3033347 1.4094687
[1] 2.4769117 0.4523556 0.3047878 1.4157121
[1] 2.4866555 0.4540126 0.3060707 1.4212229
[1] 2.4952574 0.4554754 0.3072036 1.4260877
[1] 2.5028520 0.4567667 0.3082040 1.4303828
[1] 2.5095581 0.4579070 0.3090875 1.4341754
[1] 2.5154801 0.4589139 0.3098679 1.4375245
[1] 2.5207102 0.4598031 0.3105572 1.4404822
[1] 2.5253295 0.4605885 0.3111661 1.4430946
[1] 2.5294097 0.4612821 0.3117039 1.4454020
[1] 2.5330138 0.4618949 0.3121791 1.4474402
[1] 2.5361976 0.4624361 0.3125988 1.4492406
[1] 2.5390102 0.4629143 0.3129697 1.4508312
[1] 2.5414950 0.4633367 0.3132974 1.4522363
[1] 2.5436902 0.4637098 0.3135869 1.4534777
[1] 2.5456297 0.4640395 0.3138427 1.4545745
[1] 2.5473433 0.4643308 0.3140687 1.4555435
[1] 2.5488574 0.4645882 0.3142683 1.4563997
[1] 2.5501951 0.4648156 0.3144448 1.4571562
[1] 2.5513771 0.4650165 0.3146007 1.4578246
[1] 2.5524216 0.4651941 0.3147385 1.4584152
[1] 2.5533444 0.4653510 0.3148602 1.4589371
[1] 2.5541599 0.4654896 0.3149678 1.4593982
[1] 2.5548804 0.4656120 0.3150628 1.4598057
[1] 2.5555171 0.4657203 0.3151468 1.4601658
Algorithm did not converge after  500  iterations.
numeric(0)
Algorithm converged after  1  iterations.
[1] 0.03319499
Algorithm converged after  2  iterations.
[1] 0.03405453
Algorithm converged after  2  iterations.
[1] 0.02519718
Algorithm converged after  2  iterations.
[1] 0.03319499 0.03405453
Algorithm converged after  2  iterations.
[1] 0.03319499 0.02519718
Algorithm converged after  2  iterations.
[1] 0.03405453 0.02519718
Algorithm converged after  2  iterations.
[1] 0.03319499 0.03405453 0.02519718
Algorithm converged after  2  iterations.
[1] 0.05711749
Algorithm converged after  2  iterations.
[1] 0.05711749 0.01417955
[1] 0.06541277 0.03119963
[1] 0.06541434 0.03121084
[1] 0.06539837 0.03120881
Algorithm converged after  40  iterations.
[1] 0.05711749 0.01818234
[1] 0.08442914 0.04230050
[1] 0.08441021 0.04241362
[1] 0.08438008 0.04243590
[1] 0.08437264 0.04244116
[1] 0.08437087 0.04244242
Algorithm converged after  54  iterations.
[1] 0.05711749 0.01120240
[1] 0.09455696 0.03876879
[1] 0.09496682 0.04831325
[1] 0.09487675 0.04823040
Algorithm converged after  36  iterations.
[1] 0.05711749 0.01417955 0.01818234
[1] 0.09169841 0.02972774 0.03926416
[1] 0.10068977 0.02999755 0.04064239
[1] 0.09619908 0.02893808 0.03968504
[1] 0.09444243 0.02881694 0.03962225
[1] 0.09422807 0.02884867 0.03967167
[1] 0.09421020 0.02885920 0.03968149
[1] 0.09419488 0.02886060 0.03968033
[1] 0.09418607 0.02886112 0.03967946
[1] 0.09418273 0.02886147 0.03967918
Algorithm converged after  99  iterations.
[1] 0.05711749 0.01417955 0.01120240
[1] 0.14686125 0.03127056 0.07658101
[1] 0.18826240 0.03912637 0.12120990
[1] 0.19570409 0.03996786 0.12647234
[1] 0.19683782 0.04009136 0.12726321
[1] 0.19700991 0.04011008 0.12738319
[1] 0.19703602 0.04011292 0.12740139
Algorithm converged after  70  iterations.
[1] 0.05711749 0.01818234 0.01120240
[1] 0.18689942 0.04468921 0.04221216
[1] 0.14111423 0.02619500 0.05832388
[1] 0.12284069 0.02410472 0.05589883
[1] 0.12167095 0.02409610 0.05521281
[1] 0.12166700 0.02410661 0.05514533
[1] 0.12167467 0.02410802 0.05514089
Algorithm converged after  65  iterations.
[1] 0.05711749 0.01417955 0.01818234 0.01120240
[1] 0.33766443 0.04967355 0.05327381 0.08462963
[1] 0.73023959 0.09058564 0.07873228 0.27847984
[1] 0.96245175 0.14638006 0.08601439 0.60028091
[1] 1.1302609 0.1984566 0.1294915 0.6903375
[1] 1.2616012 0.2203431 0.1467316 0.7676361
[1] 1.3681206 0.2372997 0.1601415 0.8305426
[1] 1.4554256 0.2510975 0.1711325 0.8820748
[1] 1.5275314 0.2624697 0.1802448 0.9246064
[1] 1.5873758 0.2718999 0.1878359 0.9598858
[1] 1.6372109 0.2797491 0.1941772 0.9892513
[1] 1.6788114 0.2862991 0.1994842 1.0137558
[1] 1.7136014 0.2917754 0.2039315 1.0342430
[1] 1.7427370 0.2963607 0.2076621 1.0513963
[1] 1.7671640 0.3002043 0.2107941 1.0657750
[1] 1.7876615 0.3034291 0.2134252 1.0778387
[1] 1.8048739 0.3061367 0.2156365 1.0879677
[1] 1.8193360 0.3084115 0.2174960 1.0964774
[1] 1.8314929 0.3103235 0.2190600 1.1036301
[1] 1.8417161 0.3119313 0.2203759 1.1096446
[1] 1.8503159 0.3132837 0.2214833 1.1147038
[1] 1.8575520 0.3144215 0.2224155 1.1189604
[1] 1.8636419 0.3153791 0.2232002 1.1225427
[1] 1.8687682 0.3161852 0.2238609 1.1255581
[1] 1.8730840 0.3168638 0.2244173 1.1280966
[1] 1.8767179 0.3174351 0.2248858 1.1302340
[1] 1.8797779 0.3179162 0.2252805 1.1320339
[1] 1.8823550 0.3183214 0.2256128 1.1335496
[1] 1.8845254 0.3186626 0.2258928 1.1348262
[1] 1.8863536 0.3189501 0.2261286 1.1359014
[1] 1.8878935 0.3191922 0.2263273 1.1368070
[1] 1.8891906 0.3193961 0.2264947 1.1375699
[1] 1.8902833 0.3195679 0.2266356 1.1382126
[1] 1.8912038 0.3197126 0.2267544 1.1387540
[1] 1.8919793 0.3198345 0.2268545 1.1392100
[1] 1.8926326 0.3199372 0.2269388 1.1395943
[1] 1.8931830 0.3200237 0.2270098 1.1399180
[1] 1.8936467 0.3200966 0.2270696 1.1401907
[1] 1.894037 0.320158 0.227120 1.140420
[1] 1.8943665 0.3202098 0.2271625 1.1406140
[1] 1.8946439 0.3202534 0.2271983 1.1407771
[1] 1.8948775 0.3202901 0.2272285 1.1409145
[1] 1.8950743 0.3203211 0.2272539 1.1410303
[1] 1.8952402 0.3203471 0.2272753 1.1411278
[1] 1.8953799 0.3203691 0.2272933 1.1412100
[1] 1.8954977 0.3203876 0.2273085 1.1412792
[1] 1.8955969 0.3204032 0.2273213 1.1413376
[1] 1.8956804 0.3204163 0.2273321 1.1413867
[1] 1.8957508 0.3204274 0.2273412 1.1414281
[1] 1.8958102 0.3204367 0.2273488 1.1414630
Algorithm did not converge after  500  iterations.
numeric(0)
Algorithm converged after  1  iterations.
[1] 0.03060387
Algorithm converged after  2  iterations.
[1] 0.03148243
Algorithm converged after  2  iterations.
[1] 0.02562861
Algorithm converged after  2  iterations.
[1] 0.03060387 0.03148243
Algorithm converged after  2  iterations.
[1] 0.03060387 0.02562861
Algorithm converged after  2  iterations.
[1] 0.03148243 0.02562861
Algorithm converged after  2  iterations.
[1] 0.03060387 0.03148243 0.02562861
Algorithm converged after  2  iterations.
[1] 0.05206612
Algorithm converged after  2  iterations.
[1] 0.05206612 0.01720042
[1] 0.06518448 0.03399225
[1] 0.06526162 0.03406554
[1] 0.06524833 0.03406469
Algorithm converged after  40  iterations.
[1] 0.05206612 0.01778843
[1] 0.07036735 0.03959373
[1] 0.07021996 0.03963688
Algorithm converged after  30  iterations.
[1] 0.052066121 0.008356703
[1] 0.08800558 0.03377117
[1] 0.08266200 0.04229587
[1] 0.08212135 0.04183024
[1] 0.08211175 0.04182074
Algorithm converged after  44  iterations.
[1] 0.05206612 0.01720042 0.01778843
[1] 0.09067353 0.02932276 0.03781339
[1] 0.08235464 0.02799940 0.03718079
[1] 0.07743298 0.02739413 0.03768014
[1] 0.07718757 0.02745694 0.03786007
[1] 0.07471993 0.02714876 0.03728635
[1] 0.07429539 0.02710076 0.03733555
[1] 0.07426904 0.02710490 0.03735011
[1] 0.07426996 0.02710590 0.03735269
Algorithm converged after  89  iterations.
[1] 0.052066121 0.017200421 0.008356703
[1] 0.12812675 0.03477240 0.07341629
[1] 0.16259553 0.03994913 0.10825046
[1] 0.17046926 0.04092451 0.11497619
[1] 0.17205742 0.04111985 0.11633066
[1] 0.17237670 0.04115912 0.11660307
[1] 0.17244088 0.04116701 0.11665784
[1] 0.17245378 0.04116859 0.11666885
Algorithm converged after  80  iterations.
[1] 0.052066121 0.017788434 0.008356703
[1] 0.17474995 0.04592675 0.05221495
[1] 0.16615929 0.03454671 0.06222614
[1] 0.11987864 0.02450365 0.05572530
[1] 0.11447721 0.02448647 0.05258157
[1] 0.11476499 0.02455813 0.05249905
[1] 0.11481656 0.02456255 0.05250812
Algorithm converged after  67  iterations.
[1] 0.052066121 0.017200421 0.017788434 0.008356703
[1] 0.32982828 0.05048863 0.05990451 0.08291558
[1] 0.67265665 0.09294581 0.08876418 0.26566467
[1] 0.89570301 0.13660290 0.07443261 0.59727248
[1] 1.0567303 0.1866508 0.1122156 0.7073465
[1] 1.1820280 0.2093964 0.1301563 0.7895724
[1] 1.2849857 0.2270872 0.1443430 0.8570466
[1] 1.3701106 0.2416085 0.1561177 0.9127524
[1] 1.4409059 0.2536696 0.1659746 0.9590297
[1] 1.5000376 0.2637418 0.1742547 0.9976500
[1] 1.5495827 0.2721817 0.1812247 1.0299876
[1] 1.5911924 0.2792705 0.1871000 1.0571317
[1] 1.6262001 0.2852351 0.1920580 1.0799594
[1] 1.6556942 0.2902607 0.1962453 1.0991852
[1] 1.6805705 0.2944997 0.1997839 1.1153964
[1] 1.7015704 0.2980784 0.2027760 1.1290783
[1] 1.7193106 0.3011016 0.2053071 1.1406343
[1] 1.7343057 0.3036572 0.2074488 1.1504006
[1] 1.7469866 0.3058184 0.2092618 1.1586586
[1] 1.7577147 0.3076468 0.2107967 1.1656442
[1] 1.7667937 0.3091942 0.2120965 1.1715554
[1] 1.7744791 0.3105041 0.2131974 1.1765588
[1] 1.7809864 0.3116132 0.2141299 1.1807950
[1] 1.7864971 0.3125524 0.2149200 1.1843823
[1] 1.7911647 0.3133480 0.2155894 1.1874205
[1] 1.7951186 0.3140219 0.2161566 1.1899942
[1] 1.7984684 0.3145929 0.2166372 1.1921745
[1] 1.8013066 0.3150766 0.2170445 1.1940218
[1] 1.8037116 0.3154865 0.2173897 1.1955871
[1] 1.8057496 0.3158339 0.2176823 1.1969135
[1] 1.8074768 0.3161283 0.2179302 1.1980376
[1] 1.8089405 0.3163778 0.2181404 1.1989902
[1] 1.8101811 0.3165892 0.2183185 1.1997976
[1] 1.8112325 0.3167685 0.2184695 1.2004819
[1] 1.8121237 0.3169204 0.2185975 1.2010619
[1] 1.8128791 0.3170491 0.2187060 1.2015535
[1] 1.8135194 0.3171583 0.2187980 1.2019701
[1] 1.8140621 0.3172508 0.2188759 1.2023233
[1] 1.8145222 0.3173292 0.2189420 1.2026227
[1] 1.8149121 0.3173956 0.2189980 1.2028765
[1] 1.8152427 0.3174520 0.2190455 1.2030916
[1] 1.8155229 0.3174997 0.2190858 1.2032740
[1] 1.8157604 0.3175402 0.2191199 1.2034286
[1] 1.8159618 0.3175746 0.2191488 1.2035596
[1] 1.8161325 0.3176037 0.2191733 1.2036707
[1] 1.8162772 0.3176283 0.2191941 1.2037649
[1] 1.8163998 0.3176492 0.2192117 1.2038447
[1] 1.8165038 0.3176669 0.2192267 1.2039123
[1] 1.8165919 0.3176820 0.2192393 1.2039697
[1] 1.8166667 0.3176947 0.2192501 1.2040183
Algorithm did not converge after  500  iterations.
numeric(0)
Algorithm converged after  1  iterations.
[1] 0.03076087
Algorithm converged after  2  iterations.
[1] 0.02999014
Algorithm converged after  2  iterations.
[1] 0.02540619
Algorithm converged after  2  iterations.
[1] 0.03076087 0.02999014
Algorithm converged after  2  iterations.
[1] 0.03076087 0.02540619
Algorithm converged after  2  iterations.
[1] 0.02999014 0.02540619
Algorithm converged after  2  iterations.
[1] 0.03076087 0.02999014 0.02540619
Algorithm converged after  2  iterations.
[1] 0.04839477
Algorithm converged after  2  iterations.
[1] 0.04839477 0.01644839
[1] 0.06106575 0.03827903
[1] 0.06103850 0.03912802
[1] 0.06098393 0.03921420
[1] 0.06097393 0.03922481
[1] 0.06097225 0.03922619
Algorithm converged after  52  iterations.
[1] 0.04839477 0.01767282
[1] 0.05958766 0.03477224
[1] 0.07271709 0.04364618
[1] 0.07481022 0.04463344
[1] 0.07465308 0.04424765
[1] 0.07253723 0.04356772
[1] 0.07152636 0.04340192
[1] 0.07149119 0.04340984
[1] 0.07148916 0.04341160
[1] 0.07126344 0.04330114
[1] 0.07098737 0.04309602
[1] 0.07127645 0.04330398
[1] 0.0712985 0.0433230
Algorithm converged after  123  iterations.
[1] 0.048394772 0.009625648
[1] 0.08110793 0.03942697
[1] 0.07704187 0.04092932
[1] 0.07601568 0.03996471
Algorithm converged after  35  iterations.
[1] 0.04839477 0.01644839 0.01767282
[1] 0.10946913 0.03150305 0.04490687
[1] 0.10366568 0.02877225 0.04127395
[1] 0.09794873 0.02849022 0.04041179
[1] 0.09900147 0.02886011 0.04107117
[1] 0.09910438 0.02889224 0.04115512
[1] 0.09905499 0.02890444 0.04117469
[1] 0.09906308 0.02891563 0.04119371
[1] 0.09906636 0.02891979 0.04120106
[1] 0.09906662 0.02892149 0.04120394
[1] 0.09906691 0.02892228 0.04120529
[1] 0.09906707 0.02892263 0.04120588
Algorithm converged after  111  iterations.
[1] 0.048394772 0.016448394 0.009625648
[1] 0.14339495 0.03698103 0.08681185
[1] 0.16143761 0.03978062 0.10762228
[1] 0.16584258 0.04036602 0.11115443
[1] 0.16674336 0.04048502 0.11187488
[1] 0.16692700 0.04050928 0.11202179
[1] 0.16696443 0.04051423 0.11205173
[1] 0.16697205 0.04051523 0.11205783
Algorithm converged after  77  iterations.
[1] 0.048394772 0.017672818 0.009625648
[1] 0.17100677 0.04970895 0.03820094
[1] 0.16331350 0.03941932 0.04225531
[1] 0.14911266 0.03142244 0.04834773
[1] 0.13779540 0.02789477 0.05035269
[1] 0.13311974 0.02693633 0.05015614
[1] 0.13215054 0.02678396 0.05000239
[1] 0.13203775 0.02676959 0.04997775
[1] 0.13203025 0.02676873 0.04997637
Algorithm converged after  82  iterations.
[1] 0.048394772 0.016448394 0.017672818 0.009625648
[1] 0.31752296 0.04485634 0.06329062 0.07574409
[1] 0.67304166 0.08933731 0.11719638 0.21463429
[1] 0.91400873 0.11316646 0.07523473 0.52001973
[1] 1.0653707 0.1948992 0.1115364 0.6969005
[1] 1.2025364 0.2234809 0.1332155 0.7826304
[1] 1.3177031 0.2440128 0.1485928 0.8555247
[1] 1.4143154 0.2609876 0.1614155 0.9166245
[1] 1.4958516 0.2752733 0.1722917 0.9681205
[1] 1.5649843 0.2873759 0.1815651 1.0117349
[1] 1.6238043 0.2976697 0.1894931 1.0488117
[1] 1.6739828 0.3064496 0.1962833 1.0804199
[1] 1.7168771 0.3139540 0.2021066 1.1074250
[1] 1.7536041 0.3203787 0.2071059 1.1305371
[1] 1.7850913 0.3258864 0.2114014 1.1503446
[1] 1.8121145 0.3306128 0.2150947 1.1673390
[1] 1.8353267 0.3346724 0.2182719 1.1819329
[1] 1.8552794 0.3381617 0.2210065 1.1944748
[1] 1.8724404 0.3411627 0.2233611 1.2052601
[1] 1.8872076 0.3437449 0.2253890 1.2145395
[1] 1.8999201 0.3459678 0.2271362 1.2225269
[1] 1.9108678 0.3478820 0.2286418 1.2294045
[1] 1.9202983 0.3495309 0.2299394 1.2353286
[1] 1.9284240 0.3509516 0.2310581 1.2404325
[1] 1.9354269 0.3521759 0.2320225 1.2448309
[1] 1.9414632 0.3532312 0.2328542 1.2486220
[1] 1.9466672 0.3541410 0.2335714 1.2518902
[1] 1.9511542 0.3549255 0.2341899 1.2547080
[1] 1.9550235 0.3556019 0.2347234 1.2571378
[1] 1.9583603 0.3561853 0.2351835 1.2592332
[1] 1.9612383 0.3566884 0.2355805 1.2610403
[1] 1.9637206 0.3571224 0.2359229 1.2625990
[1] 1.9658617 0.3574967 0.2362183 1.2639434
[1] 1.9677086 0.3578195 0.2364732 1.2651031
[1] 1.9693020 0.3580981 0.2366930 1.2661035
[1] 1.9706766 0.3583384 0.2368827 1.2669666
[1] 1.9718625 0.3585457 0.2370464 1.2677112
[1] 1.9728857 0.3587246 0.2371876 1.2683536
[1] 1.9737685 0.3588789 0.2373095 1.2689079
[1] 1.9745301 0.3590120 0.2374146 1.2693861
[1] 1.9751873 0.3591269 0.2375053 1.2697987
[1] 1.9757544 0.3592260 0.2375836 1.2701547
[1] 1.9762436 0.3593116 0.2376512 1.2704619
[1] 1.9766658 0.3593854 0.2377094 1.2707270
[1] 1.9770301 0.3594491 0.2377597 1.2709557
[1] 1.9773444 0.3595040 0.2378031 1.2711531
[1] 1.9776157 0.3595514 0.2378406 1.2713233
[1] 1.9778497 0.3595923 0.2378729 1.2714703
[1] 1.9780517 0.3596276 0.2379008 1.2715971
[1] 1.9782259 0.3596581 0.2379248 1.2717065
Algorithm did not converge after  500  iterations.
numeric(0)
Algorithm converged after  1  iterations.
[1] 0.033047
Algorithm converged after  2  iterations.
[1] 0.03082073
Algorithm converged after  2  iterations.
[1] 0.02572379
Algorithm converged after  2  iterations.
[1] 0.03304700 0.03082073
Algorithm converged after  2  iterations.
[1] 0.03304700 0.02572379
Algorithm converged after  2  iterations.
[1] 0.03082073 0.02572379
Algorithm converged after  2  iterations.
[1] 0.03304700 0.03082073 0.02572379
Algorithm converged after  2  iterations.
[1] 0.05304491
Algorithm converged after  2  iterations.
[1] 0.05304491 0.01754110
[1] 0.06628515 0.04007713
[1] 0.06593259 0.04046249
[1] 0.06589113 0.04049181
[1] 0.0658880 0.0404953
Algorithm converged after  46  iterations.
[1] 0.05304491 0.01609275
[1] 0.07330799 0.03761232
[1] 0.07318016 0.03793524
[1] 0.07316706 0.03799199
[1] 0.07316516 0.03800208
[1] 0.07316484 0.03800387
Algorithm converged after  55  iterations.
[1] 0.05304491 0.01116929
[1] 0.08676713 0.03118535
[1] 0.08269817 0.03762169
[1] 0.07947829 0.03594464
Algorithm converged after  35  iterations.
[1] 0.05304491 0.01754110 0.01609275
[1] 0.09999260 0.03183494 0.03530028
[1] 0.08719845 0.02833531 0.03180963
[1] 0.08286991 0.02818495 0.03189932
[1] 0.08311567 0.02839610 0.03227851
[1] 0.08327724 0.02845174 0.03241125
[1] 0.08329533 0.02846865 0.03246260
[1] 0.08330156 0.02847767 0.03248808
[1] 0.08330609 0.02848224 0.03250054
[1] 0.08330833 0.02848438 0.03250645
[1] 0.08330936 0.02848540 0.03250925
[1] 0.08330984 0.02848588 0.03251058
[1] 0.08331007 0.02848611 0.03251122
Algorithm converged after  126  iterations.
[1] 0.05304491 0.01754110 0.01116929
[1] 0.13816574 0.03586565 0.06278915
[1] 0.15363451 0.04092936 0.09574575
[1] 0.15758841 0.04151714 0.09868564
[1] 0.15816768 0.04159602 0.09909705
[1] 0.15825123 0.04160736 0.09915629
[1] 0.15826327 0.04160900 0.09916482
Algorithm converged after  67  iterations.
[1] 0.05304491 0.01609275 0.01116929
[1] 0.19729749 0.04959843 0.04394899
[1] 0.17542789 0.03826984 0.04537628
[1] 0.14902316 0.02754889 0.05057744
[1] 0.13048061 0.02460287 0.04758728
[1] 0.12886995 0.02458580 0.04676977
[1] 0.12924140 0.02463954 0.04683358
[1] 0.12926729 0.02463890 0.04684884
[1] 0.12925923 0.02463782 0.04684725
Algorithm converged after  85  iterations.
[1] 0.05304491 0.01754110 0.01609275 0.01116929
[1] 0.34900123 0.05259147 0.06063523 0.07556927
[1] 0.7376378 0.1148397 0.1328130 0.1783990
[1] 1.0593964 0.1820010 0.2255384 0.2447894
[1] 1.2517895 0.1845143 0.2372986 0.6333076
[1] 1.4812499 0.2156803 0.2669082 0.8136783
[1] 1.7235503 0.2517002 0.3043538 0.9477430
[1] 1.9522816 0.2858942 0.3395877 1.0736459
[1] 2.1686342 0.3183684 0.3727747 1.1927751
[1] 2.3736052 0.3492323 0.4041030 1.3056956
[1] 2.5679841 0.3785761 0.4337216 1.4128327
[1] 2.7524425 0.4064806 0.4617549 1.5145465
[1] 2.9275731 0.4330205 0.4883102 1.6111544
[1] 3.0939098 0.4582650 0.5134819 1.7029432
[1] 3.2519403 0.4822794 0.5373548 1.7901757
[1] 3.4021145 0.5051252 0.5600057 1.8730948
[1] 3.5448497 0.5268603 0.5815047 1.9519265
[1] 3.6805357 0.5475397 0.6019164 2.0268821
[1] 3.8095370 0.5672152 0.6213007 2.0981599
[1] 3.9321966 0.5859361 0.6397132 2.1659466
[1] 4.0488371 0.6037493 0.6572060 2.2304182
[1] 4.1597628 0.6206991 0.6738276 2.2917409
[1] 4.2652611 0.6368276 0.6896237 2.3500717
[1] 4.3656036 0.6521749 0.7046371 2.4055594
[1] 4.4610473 0.6667791 0.7189083 2.4583449
[1] 4.5518358 0.6806763 0.7324751 2.5085615
[1] 4.6381998 0.6939008 0.7453735 2.5563361
[1] 4.7203580 0.7064854 0.7576374 2.6017886
[1] 4.7985178 0.7184612 0.7692989 2.6450332
[1] 4.8728763 0.7298577 0.7803883 2.6861781
[1] 4.9436202 0.7407029 0.7909342 2.7253261
[1] 5.0109269 0.7510237 0.8009638 2.7625749
[1] 5.0749649 0.7608455 0.8105029 2.7980173
[1] 5.1358944 0.7701924 0.8195759 2.8317414
[1] 5.1938672 0.7790875 0.8282059 2.8638310
[1] 5.2490279 0.7875527 0.8364148 2.8943658
[1] 5.3015138 0.7956087 0.8442235 2.9234215
[1] 5.3514554 0.8032754 0.8516517 2.9510701
[1] 5.3989766 0.8105716 0.8587182 2.9773800
[1] 5.4441953 0.8175153 0.8654407 3.0024164
[1] 5.4872238 0.8241235 0.8718363 3.0262410
[1] 5.5281684 0.8304125 0.8779208 3.0489127
[1] 5.5671306 0.8363976 0.8837097 3.0704875
[1] 5.6042067 0.8420937 0.8892173 3.0910187
[1] 5.6394884 0.8475146 0.8944575 3.1105569
[1] 5.6730628 0.8526737 0.8994433 3.1291501
[1] 5.7050128 0.8575836 0.9041872 3.1468443
[1] 5.7354171 0.8622564 0.9087009 3.1636831
[1] 5.7643509 0.8667036 0.9129958 3.1797078
[1] 5.7918854 0.8709359 0.9170824 3.1949579
Algorithm did not converge after  500  iterations.
numeric(0)
Algorithm converged after  1  iterations.
[1] 0.03266376
Algorithm converged after  2  iterations.
[1] 0.03229297
Algorithm converged after  2  iterations.
[1] 0.02749169
Algorithm converged after  2  iterations.
[1] 0.03266376 0.03229297
Algorithm converged after  2  iterations.
[1] 0.03266376 0.02749169
Algorithm converged after  2  iterations.
[1] 0.03229297 0.02749169
Algorithm converged after  2  iterations.
[1] 0.03266376 0.03229297 0.02749169
Algorithm converged after  2  iterations.
[1] 0.05572375
Algorithm converged after  2  iterations.
[1] 0.05572375 0.01813784
[1] 0.07312464 0.04253330
[1] 0.07395263 0.04301529
[1] 0.07395353 0.04301415
Algorithm converged after  35  iterations.
[1] 0.05572375 0.01729518
[1] 0.07689304 0.03937240
[1] 0.07682892 0.03950100
[1] 0.07680904 0.03952277
[1] 0.07680436 0.03952787
Algorithm converged after  50  iterations.
[1] 0.055723755 0.008533979
[1] 0.08062625 0.02876904
[1] 0.08625855 0.03206193
[1] 0.08837442 0.03712053
[1] 0.08478480 0.03819944
[1] 0.08474759 0.03815934
Algorithm converged after  52  iterations.
[1] 0.05572375 0.01813784 0.01729518
[1] 0.11171168 0.04013162 0.03873405
[1] 0.11788356 0.04075867 0.03864786
[1] 0.11468281 0.03963229 0.03821507
[1] 0.11269449 0.03910138 0.03812981
[1] 0.11176835 0.03889560 0.03814625
[1] 0.11134822 0.03881797 0.03817576
[1] 0.11115420 0.03878849 0.03819842
[1] 0.11106221 0.03877709 0.03821283
[1] 0.11101741 0.03877256 0.03822130
[1] 0.11099508 0.03877069 0.03822609
[1] 0.11098374 0.03876988 0.03822873
[1] 0.11097788 0.03876952 0.03823017
[1] 0.11097483 0.03876934 0.03823095
[1] 0.11097323 0.03876926 0.03823136
Algorithm converged after  142  iterations.
[1] 0.055723755 0.018137839 0.008533979
[1] 0.12453811 0.04804749 0.04203774
[1] 0.17788102 0.04404788 0.11204397
[1] 0.18569482 0.04521191 0.11795965
[1] 0.18667799 0.04534477 0.11866263
[1] 0.18680026 0.04536121 0.11874984
[1] 0.18681545 0.04536326 0.11876067
Algorithm converged after  67  iterations.
[1] 0.055723755 0.017295179 0.008533979
[1] 0.16022614 0.05019147 0.04196261
[1] 0.16226881 0.05577069 0.04554198
[1] 0.15650352 0.05594133 0.05130187
[1] 0.12716824 0.04681251 0.06464594
[1] 0.11732112 0.04533100 0.06134669
[1] 0.11689457 0.04525200 0.06101085
[1] 0.11686859 0.04524673 0.06098564
Algorithm converged after  80  iterations.
[1] 0.055723755 0.018137839 0.017295179 0.008533979
[1] 0.34894320 0.05918148 0.06050638 0.07820597
[1] 0.7299119 0.1287089 0.1338061 0.1808550
[1] 0.9905448 0.1867398 0.2121357 0.2322972
[1] 1.1466928 0.1678981 0.2391785 0.5602386
[1] 1.2800997 0.1726227 0.2487119 0.7585755
[1] 1.4407145 0.1959627 0.2767033 0.8559737
[1] 1.5819902 0.2168539 0.3012581 0.9397641
[1] 1.7059711 0.2353547 0.3227784 1.0130659
[1] 1.8151652 0.2517561 0.3417143 1.0775512
[1] 1.9116200 0.2663162 0.3584261 1.1344823
[1] 1.9970127 0.2792564 0.3732086 1.1848698
[1] 2.0727412 0.2907673 0.3863075 1.2295482
[1] 2.1399883 0.3010145 0.3979305 1.2692200
[1] 2.1997668 0.3101419 0.4082556 1.3044848
[1] 2.2529507 0.3182761 0.4174358 1.3358595
[1] 2.3002999 0.3255280 0.4256042 1.3637927
[1] 2.3424784 0.3319956 0.4328769 1.3886762
[1] 2.3800685 0.3377653 0.4393554 1.4108535
[1] 2.4135824 0.3429138 0.4451291 1.4306267
[1] 2.4434722 0.3475088 0.4502765 1.4482623
[1] 2.4701374 0.3516108 0.4548671 1.4639960
[1] 2.4939316 0.3552730 0.4589622 1.4780361
[1] 2.5151683 0.3585432 0.4626162 1.4905676
[1] 2.5341260 0.3614637 0.4658773 1.5017545
[1] 2.5510518 0.3640720 0.4687883 1.5117428
[1] 2.5661656 0.3664019 0.4713872 1.5206620
[1] 2.5796629 0.3684832 0.4737077 1.5286275
[1] 2.5917181 0.3703425 0.4757800 1.5357420
[1] 2.6024860 0.3720037 0.4776308 1.5420970
[1] 2.6121050 0.3734879 0.4792839 1.5477740
[1] 2.6206983 0.3748140 0.4807605 1.5528457
[1] 2.6283757 0.3759990 0.4820797 1.5573770
[1] 2.6352353 0.3770579 0.4832582 1.5614255
[1] 2.6413644 0.3780041 0.4843112 1.5650431
[1] 2.6468410 0.3788497 0.4852520 1.5682755
[1] 2.6517349 0.3796054 0.4860926 1.5711641
[1] 2.6561082 0.3802808 0.4868438 1.5737453
[1] 2.6600163 0.3808844 0.4875150 1.5760521
[1] 2.6635090 0.3814238 0.4881149 1.5781136
[1] 2.6666303 0.3819059 0.4886509 1.5799559
[1] 2.6694198 0.3823368 0.4891300 1.5816025
[1] 2.6719129 0.3827219 0.4895582 1.5830741
[1] 2.6741411 0.3830661 0.4899408 1.5843893
[1] 2.6761326 0.3833738 0.4902828 1.5855648
[1] 2.6779125 0.3836488 0.4905884 1.5866154
[1] 2.6795033 0.3838946 0.4908616 1.5875544
[1] 2.6809252 0.3841142 0.4911058 1.5883937
[1] 2.6821961 0.3843106 0.4913240 1.5891439
[1] 2.6833320 0.3844861 0.4915190 1.5898144
Algorithm did not converge after  500  iterations.
numeric(0)
Algorithm converged after  1  iterations.
[1] 0.03063512
Algorithm converged after  2  iterations.
[1] 0.02865949
Algorithm converged after  2  iterations.
[1] 0.02483679
Algorithm converged after  2  iterations.
[1] 0.03063512 0.02865949
Algorithm converged after  2  iterations.
[1] 0.03063512 0.02483679
Algorithm converged after  2  iterations.
[1] 0.02865949 0.02483679
Algorithm converged after  2  iterations.
[1] 0.03063512 0.02865949 0.02483679
Algorithm converged after  2  iterations.
[1] 0.0514302
Algorithm converged after  2  iterations.
[1] 0.05143020 0.01474227
[1] 0.06205322 0.03162778
[1] 0.06192597 0.03156464
[1] 0.0619180 0.0315635
Algorithm converged after  32  iterations.
[1] 0.05143020 0.01601986
[1] 0.08095691 0.04112665
[1] 0.08109250 0.04149617
[1] 0.08109508 0.04154585
[1] 0.08109578 0.04155472
[1] 0.08109599 0.04155642
Algorithm converged after  55  iterations.
[1] 0.051430197 0.009921428
[1] 0.09048889 0.04277599
[1] 0.09820603 0.05535184
[1] 0.09848326 0.05559076
[1] 0.09849158 0.05559791
Algorithm converged after  43  iterations.
[1] 0.05143020 0.01474227 0.01601986
[1] 0.09653373 0.02909207 0.03584688
[1] 0.09208354 0.02820557 0.03617230
[1] 0.08998052 0.02809449 0.03698137
[1] 0.08991379 0.02816737 0.03765079
[1] 0.08998886 0.02821246 0.03799778
[1] 0.09003163 0.02823484 0.03816642
[1] 0.09005248 0.02824573 0.03824785
[1] 0.09006252 0.02825101 0.03828711
[1] 0.09006735 0.02825357 0.03830602
[1] 0.09006968 0.02825480 0.03831513
[1] 0.09007080 0.02825539 0.03831952
[1] 0.09007134 0.02825568 0.03832163
[1] 0.09007160 0.02825581 0.03832265
Algorithm converged after  140  iterations.
[1] 0.051430197 0.014742266 0.009921428
[1] 0.12890306 0.02842130 0.06195816
[1] 0.14195363 0.03148374 0.09554808
[1] 0.14402451 0.03168375 0.09721360
[1] 0.14425838 0.03170145 0.09738835
[1] 0.14428453 0.03170341 0.09740783
Algorithm converged after  60  iterations.
[1] 0.051430197 0.016019858 0.009921428
[1] 0.17923840 0.03960959 0.06033142
[1] 0.18015552 0.02289141 0.11371353
[1] 0.1758627 0.0227085 0.1129075
[1] 0.17500768 0.02266732 0.11220825
[1] 0.17476834 0.02265569 0.11199956
[1] 0.17469932 0.02265234 0.11193914
[1] 0.17467938 0.02265137 0.11192168
[1] 0.17467362 0.02265109 0.11191663
Algorithm converged after  89  iterations.
[1] 0.051430197 0.014742266 0.016019858 0.009921428
[1] 0.32563044 0.04890134 0.05021845 0.08330188
[1] 0.66926069 0.08159688 0.08161774 0.24887460
[1] 0.85280027 0.07730568 0.06950144 0.57582963
[1] 1.0607811 0.1392518 0.1279230 0.7079129
[1] 1.2377510 0.1622066 0.1536051 0.8222976
[1] 1.3862929 0.1795886 0.1740031 0.9190573
[1] 1.5113773 0.1940465 0.1912162 1.0005204
[1] 1.6172430 0.2062522 0.2058614 1.0694191
[1] 1.7071621 0.2166123 0.2183584 1.1279026
[1] 1.7837302 0.2254319 0.2290399 1.1776768
[1] 1.8490513 0.2329550 0.2381798 1.2201219
[1] 1.9048566 0.2393814 0.2460074 1.2563713
[1] 1.9525847 0.2448772 0.2527152 1.2873654
[1] 1.9934403 0.2495813 0.2584665 1.3138905
[1] 2.0284374 0.2536105 0.2633997 1.3366078
[1] 2.0584332 0.2570637 0.2676327 1.3560755
[1] 2.0841542 0.2600246 0.2712658 1.3727667
[1] 2.1062182 0.2625644 0.2743848 1.3870831
[1] 2.1251511 0.2647436 0.2770629 1.3993667
[1] 2.1414016 0.2666140 0.2793629 1.4099091
[1] 2.1553527 0.2682197 0.2813383 1.4189593
[1] 2.1673322 0.2695985 0.2830353 1.4267300
[1] 2.1776202 0.2707825 0.2844932 1.4334032
[1] 2.1864569 0.2717995 0.2857457 1.4391347
[1] 2.194048 0.272673 0.286822 1.444058
[1] 2.2005690 0.2734235 0.2877468 1.4482875
[1] 2.2061719 0.2740683 0.2885415 1.4519212
[1] 2.2109861 0.2746223 0.2892244 1.4550434
[1] 2.2151229 0.2750983 0.2898113 1.4577262
[1] 2.2186777 0.2755074 0.2903157 1.4600316
[1] 2.2217326 0.2758589 0.2907492 1.4620127
[1] 2.2243580 0.2761611 0.2911218 1.4637152
[1] 2.2266143 0.2764207 0.2914421 1.4651784
[1] 2.2285535 0.2766438 0.2917173 1.4664360
[1] 2.2302202 0.2768356 0.2919539 1.4675168
[1] 2.2316527 0.2770005 0.2921572 1.4684457
[1] 2.2328839 0.2771421 0.2923320 1.4692441
[1] 2.2339422 0.2772639 0.2924823 1.4699304
[1] 2.2348518 0.2773686 0.2926114 1.4705202
[1] 2.2356336 0.2774585 0.2927224 1.4710272
[1] 2.2363056 0.2775359 0.2928178 1.4714630
[1] 2.2368832 0.2776023 0.2928998 1.4718375
[1] 2.2373797 0.2776595 0.2929703 1.4721595
[1] 2.2378065 0.2777086 0.2930309 1.4724362
[1] 2.2381734 0.2777508 0.2930830 1.4726741
[1] 2.2384887 0.2777871 0.2931277 1.4728786
[1] 2.2387597 0.2778183 0.2931662 1.4730544
[1] 2.2389927 0.2778451 0.2931993 1.4732054
[1] 2.2391930 0.2778681 0.2932277 1.4733353
Algorithm did not converge after  500  iterations.
numeric(0)
Algorithm converged after  1  iterations.
[1] 0.03301682
Algorithm converged after  2  iterations.
[1] 0.03300168
Algorithm converged after  2  iterations.
[1] 0.02616922
Algorithm converged after  2  iterations.
[1] 0.03301682 0.03300168
Algorithm converged after  2  iterations.
[1] 0.03301682 0.02616922
Algorithm converged after  2  iterations.
[1] 0.03300168 0.02616922
Algorithm converged after  2  iterations.
[1] 0.03301682 0.03300168 0.02616922
Algorithm converged after  2  iterations.
[1] 0.05375721
Algorithm converged after  2  iterations.
[1] 0.05375721 0.01769522
[1] 0.06766958 0.03768956
[1] 0.06778960 0.03782071
Algorithm converged after  26  iterations.
[1] 0.05375721 0.01889523
[1] 0.0751974 0.0445110
[1] 0.07533005 0.04512703
[1] 0.07534702 0.04519602
[1] 0.07534974 0.04520441
Algorithm converged after  50  iterations.
[1] 0.05375721 0.01031227
[1] 0.09437963 0.03706879
[1] 0.08532261 0.04133483
[1] 0.08422462 0.04034455
Algorithm converged after  37  iterations.
[1] 0.05375721 0.01769522 0.01889523
[1] 0.09355024 0.03196553 0.03648188
[1] 0.08980635 0.03039948 0.03583337
[1] 0.08525510 0.02977344 0.03589783
[1] 0.08445486 0.02976454 0.03620200
[1] 0.08429485 0.02977920 0.03634297
[1] 0.08421647 0.02978120 0.03640096
[1] 0.08417461 0.02978095 0.03642711
[1] 0.08415428 0.02978074 0.03643948
[1] 0.08414469 0.02978065 0.03644536
[1] 0.08414017 0.02978060 0.03644814
[1] 0.08413802 0.02978058 0.03644947
[1] 0.08413700 0.02978057 0.03645009
Algorithm converged after  124  iterations.
[1] 0.05375721 0.01769522 0.01031227
[1] 0.14135858 0.03669620 0.06945844
[1] 0.18209362 0.04448188 0.11777953
[1] 0.19380715 0.04616612 0.12697295
[1] 0.19628498 0.04651607 0.12889472
[1] 0.19680242 0.04658908 0.12929581
[1] 0.1969103 0.0466043 0.1293794
[1] 0.19693278 0.04660747 0.12939685
[1] 0.19693746 0.04660813 0.12940048
Algorithm converged after  83  iterations.
[1] 0.05375721 0.01889523 0.01031227
[1] 0.17654905 0.04388766 0.05662101
[1] 0.17305784 0.03571084 0.07434561
[1] 0.11814305 0.02438969 0.06017392
[1] 0.11079841 0.02470695 0.05257406
[1] 0.11260729 0.02486334 0.05293197
[1] 0.11265881 0.02485384 0.05297438
[1] 0.11263950 0.02485328 0.05296188
[1] 0.11264202 0.02485361 0.05296189
Algorithm converged after  82  iterations.
[1] 0.05375721 0.01769522 0.01889523 0.01031227
[1] 0.35710128 0.05906845 0.05992866 0.07765764
[1] 0.7711478 0.1342059 0.1393237 0.1800988
[1] 1.1031571 0.2036952 0.2243500 0.3086947
[1] 1.2870723 0.1938846 0.2094842 0.7243133
[1] 1.5326823 0.2308586 0.2425736 0.8746044
[1] 1.7625775 0.2663658 0.2734521 1.0063440
[1] 1.9747326 0.2993705 0.3018295 1.1276026
[1] 2.1710495 0.3300559 0.3280016 1.2397805
[1] 2.3530166 0.3585980 0.3521925 1.3437684
[1] 2.5218677 0.3851553 0.3745858 1.4402785
[1] 2.6786684 0.4098715 0.3953376 1.5299188
[1] 2.8243597 0.4328781 0.4145843 1.6132245
[1] 2.9597850 0.4542958 0.4324465 1.6906747
[1] 3.0857075 0.4742361 0.4490321 1.7627028
[1] 3.2028228 0.4928020 0.4644386 1.8297041
[1] 3.3117681 0.5100891 0.4787545 1.8920407
[1] 3.4131290 0.5261859 0.4920607 1.9500457
[1] 3.5074454 0.5411748 0.5044311 2.0040263
[1] 3.5952160 0.5551323 0.5159338 2.0542665
[1] 3.6769021 0.5681296 0.5266313 2.1010289
[1] 3.7529310 0.5802328 0.5365815 2.1445572
[1] 3.8236987 0.5915034 0.5458376 2.1850770
[1] 3.8895725 0.6019989 0.5544490 2.2227979
[1] 3.9508937 0.6117726 0.5624613 2.2579147
[1] 4.0079793 0.6208742 0.5699168 2.2906082
[1] 4.0611234 0.6293498 0.5768547 2.3210465
[1] 4.1105998 0.6372426 0.5833114 2.3493858
[1] 4.1566627 0.6445926 0.5893205 2.3757714
[1] 4.1995486 0.6514372 0.5949134 2.4003384
[1] 4.2394773 0.6578112 0.6001191 2.4232126
[1] 4.2766535 0.6637468 0.6049646 2.4445109
[1] 4.3112674 0.6692743 0.6094751 2.4643422
[1] 4.3434962 0.6744217 0.6136738 2.4828075
[1] 4.3735044 0.6792151 0.6175824 2.5000013
[1] 4.4014455 0.6836789 0.6212210 2.5160112
[1] 4.4274621 0.6878358 0.6246084 2.5309189
[1] 4.4516869 0.6917068 0.6277620 2.5448003
[1] 4.4742437 0.6953116 0.6306980 2.5577261
[1] 4.4952473 0.6986685 0.6334315 2.5697622
[1] 4.5148048 0.7017946 0.6359764 2.5809700
[1] 4.5330160 0.7047057 0.6383458 2.5914064
[1] 4.5499736 0.7074167 0.6405519 2.6011246
[1] 4.5657641 0.7099412 0.6426060 2.6101741
[1] 4.5804677 0.7122920 0.6445184 2.6186008
[1] 4.5941593 0.7144813 0.6462991 2.6264477
[1] 4.6069087 0.7165200 0.6479571 2.6337548
[1] 4.6187808 0.7184184 0.6495009 2.6405590
[1] 4.6298359 0.7201864 0.6509384 2.6468952
[1] 4.6401303 0.7218327 0.6522768 2.6527954
Algorithm did not converge after  500  iterations.
numeric(0)
Algorithm converged after  1  iterations.
[1] 0.03264082
Algorithm converged after  2  iterations.
[1] 0.0314886
Algorithm converged after  2  iterations.
[1] 0.02437435
Algorithm converged after  2  iterations.
[1] 0.03264082 0.03148860
Algorithm converged after  2  iterations.
[1] 0.03264082 0.02437435
Algorithm converged after  2  iterations.
[1] 0.03148860 0.02437435
Algorithm converged after  2  iterations.
[1] 0.03264082 0.03148860 0.02437435
Algorithm converged after  2  iterations.
[1] 0.05317978
Algorithm converged after  2  iterations.
[1] 0.05317978 0.01463853
[1] 0.06000119 0.03168596
[1] 0.05988577 0.03208478
[1] 0.05984493 0.03211023
[1] 0.05983970 0.03211318
Algorithm converged after  48  iterations.
[1] 0.05317978 0.01755358
[1] 0.07788509 0.04460492
[1] 0.07792581 0.04481489
[1] 0.07791861 0.04484810
[1] 0.07791714 0.04485444
[1] 0.07791687 0.04485561
Algorithm converged after  52  iterations.
[1] 0.05317978 0.01039851
[1] 0.10331848 0.05118609
[1] 0.09094498 0.05120650
[1] 0.09064407 0.05090758
[1] 0.09063553 0.05089913
Algorithm converged after  44  iterations.
[1] 0.05317978 0.01463853 0.01755358
[1] 0.09769255 0.02740004 0.04062101
[1] 0.08500375 0.02574142 0.03684412
[1] 0.08293913 0.02583279 0.03743955
[1] 0.08318312 0.02589758 0.03771621
[1] 0.08319217 0.02590994 0.03778101
[1] 0.08319518 0.02591464 0.03780359
[1] 0.08319713 0.02591628 0.03781118
[1] 0.08319774 0.02591682 0.03781367
[1] 0.08319795 0.02591700 0.03781449
Algorithm converged after  94  iterations.
[1] 0.05317978 0.01463853 0.01039851
[1] 0.13607807 0.03472984 0.08347963
[1] 0.15716298 0.03897396 0.10568329
[1] 0.16265263 0.03964894 0.11049313
[1] 0.16396415 0.03980847 0.11163804
[1] 0.16427627 0.03984642 0.11191060
[1] 0.16435054 0.03985545 0.11197545
[1] 0.1643682 0.0398576 0.1119909
[1] 0.16437241 0.03985811 0.11199456
Algorithm converged after  85  iterations.
[1] 0.05317978 0.01755358 0.01039851
[1] 0.19949263 0.04894436 0.06356323
[1] 0.16579307 0.02864921 0.08051445
[1] 0.12845704 0.02529941 0.06441056
[1] 0.12644663 0.02555414 0.06143986
[1] 0.12676169 0.02562940 0.06129746
[1] 0.12682299 0.02563520 0.06131451
[1] 0.12682593 0.02563501 0.06131762
Algorithm converged after  72  iterations.
[1] 0.05317978 0.01463853 0.01755358 0.01039851
[1] 0.34326340 0.05181301 0.06498760 0.08022506
[1] 0.7293390 0.1092699 0.1189924 0.2316492
[1] 0.98174590 0.11720869 0.07976932 0.56038386
[1] 1.1737447 0.2044167 0.1262508 0.7775316
[1] 1.3612662 0.2419890 0.1564544 0.8961192
[1] 1.5265899 0.2701265 0.1790974 1.0026177
[1] 1.6717513 0.2943901 0.1988625 1.0961488
[1] 1.7998613 0.3157004 0.2163855 1.1786342
[1] 1.9134106 0.3345507 0.2320005 1.2516905
[1] 2.0143816 0.3512937 0.2459525 1.3166121
[1] 2.1043887 0.3662067 0.2584403 1.3744525
[1] 2.1847757 0.3795174 0.2696319 1.4260871
[1] 2.2566794 0.3914172 0.2796715 1.4722548
[1] 2.3210740 0.4020695 0.2886849 1.5135875
[1] 2.3788019 0.4116153 0.2967823 1.5506305
[1] 2.4305966 0.4201771 0.3040606 1.5838583
[1] 2.4771010 0.4278622 0.3106059 1.6136860
[1] 2.5188806 0.4347646 0.3164942 1.6404783
[1] 2.5564348 0.4409674 0.3217934 1.6645571
[1] 2.5902060 0.4465443 0.3265638 1.6862074
[1] 2.6205870 0.4515604 0.3308592 1.7056818
[1] 2.6479274 0.4560738 0.3347279 1.7232053
[1] 2.672539 0.460136 0.338213 1.738978
[1] 2.6946990 0.4637932 0.3413529 1.7531789
[1] 2.7146570 0.4670866 0.3441825 1.7659675
[1] 2.7326352 0.4700529 0.3467326 1.7774868
[1] 2.7488329 0.4727253 0.3490312 1.7878645
[1] 2.7634286 0.4751331 0.3511034 1.7972154
[1] 2.7765828 0.4773029 0.3529715 1.8056424
[1] 2.7884391 0.4792586 0.3546558 1.8132376
[1] 2.7991270 0.4810214 0.3561746 1.8200840
[1] 2.8087624 0.4826105 0.3575442 1.8262560
[1] 2.8174498 0.4840432 0.3587793 1.8318206
[1] 2.8252832 0.4853350 0.3598933 1.8368380
[1] 2.8323468 0.4864998 0.3608979 1.8413623
[1] 2.8387169 0.4875502 0.3618041 1.8454423
[1] 2.8444617 0.4884975 0.3626214 1.8491217
[1] 2.8496431 0.4893518 0.3633587 1.8524402
[1] 2.8543163 0.4901223 0.3640237 1.8554332
[1] 2.8585315 0.4908173 0.3646237 1.8581328
[1] 2.8623337 0.4914442 0.3651649 1.8605679
[1] 2.8657634 0.4920097 0.3656531 1.8627644
[1] 2.8688573 0.4925198 0.3660936 1.8647458
[1] 2.8716482 0.4929799 0.3664909 1.8665331
[1] 2.8741660 0.4933950 0.3668494 1.8681456
[1] 2.8764374 0.4937695 0.3671728 1.8696002
[1] 2.8784865 0.4941073 0.3674646 1.8709124
[1] 2.8803352 0.4944121 0.3677279 1.8720963
[1] 2.8820030 0.4946870 0.3679654 1.8731644
Algorithm did not converge after  500  iterations.
numeric(0)
Algorithm converged after  1  iterations.
[1] 0.03042828
Algorithm converged after  2  iterations.
[1] 0.03164901
Algorithm converged after  2  iterations.
[1] 0.02599534
Algorithm converged after  2  iterations.
[1] 0.03042828 0.03164901
Algorithm converged after  2  iterations.
[1] 0.03042828 0.02599534
Algorithm converged after  2  iterations.
[1] 0.03164901 0.02599534
Algorithm converged after  2  iterations.
[1] 0.03042828 0.03164901 0.02599534
Algorithm converged after  2  iterations.
[1] 0.04975818
Algorithm converged after  2  iterations.
[1] 0.04975818 0.01595169
[1] 0.06353110 0.03318529
[1] 0.06352527 0.03332170
[1] 0.06351445 0.03333011
Algorithm converged after  39  iterations.
[1] 0.04975818 0.01896649
[1] 0.06961322 0.04068767
[1] 0.06971436 0.04073722
[1] 0.06971519 0.04074223
[1] 0.06971492 0.04074332
Algorithm converged after  42  iterations.
[1] 0.04975818 0.01065280
[1] 0.09294374 0.05015644
[1] 0.08374230 0.04519736
[1] 0.08366280 0.04511329
Algorithm converged after  37  iterations.
[1] 0.04975818 0.01595169 0.01896649
[1] 0.11018602 0.03245693 0.04468820
[1] 0.10587867 0.03018724 0.04148319
[1] 0.09904693 0.02923747 0.04046051
[1] 0.09922760 0.02933384 0.04067759
[1] 0.09938867 0.02935206 0.04071293
[1] 0.09937328 0.02934836 0.04070958
[1] 0.09937011 0.02934818 0.04070997
Algorithm converged after  76  iterations.
[1] 0.04975818 0.01595169 0.01065280
[1] 0.14473835 0.03484753 0.08822638
[1] 0.17282432 0.03943668 0.11722169
[1] 0.17969829 0.04036402 0.12298922
[1] 0.18118614 0.04056244 0.12422572
[1] 0.1815062 0.0406051 0.1244916
[1] 0.18157505 0.04061427 0.12454876
[1] 0.18158984 0.04061624 0.12456105
[1] 0.18159302 0.04061666 0.12456370
Algorithm converged after  81  iterations.
[1] 0.04975818 0.01896649 0.01065280
[1] 0.15690438 0.04375858 0.04616690
[1] 0.14953263 0.03592524 0.05236492
[1] 0.11753100 0.02626033 0.05068893
[1] 0.10627524 0.02530260 0.04673955
[1] 0.10587644 0.02535217 0.04620265
[1] 0.10599518 0.02537427 0.04616053
[1] 0.10602287 0.02537813 0.04615659
[1] 0.10602717 0.02537873 0.04615587
Algorithm converged after  84  iterations.
[1] 0.04975818 0.01595169 0.01896649 0.01065280
[1] 0.32416696 0.05218029 0.06135639 0.07131562
[1] 0.6897110 0.1200450 0.1521610 0.1533821
[1] 0.8967657 0.1392100 0.1921218 0.4206279
[1] 1.0699290 0.1625581 0.2147355 0.5729715
[1] 1.2402581 0.1893984 0.2444422 0.6687878
[1] 1.3904109 0.2132722 0.2707335 0.7520982
[1] 1.5229288 0.2344557 0.2939219 0.8255786
[1] 1.6402099 0.2532797 0.3144300 0.8906204
[1] 1.7442161 0.2700258 0.3326060 0.9483132
[1] 1.8365830 0.2849350 0.3487396 0.9995607
[1] 1.9186995 0.2982164 0.3630765 1.0451301
[1] 1.9917608 0.3100529 0.3758275 1.0856814
[1] 2.0568050 0.3206051 0.3871754 1.1217886
[1] 2.1147392 0.3300146 0.3972799 1.1539532
[1] 2.1663602 0.3384070 0.4062809 1.1826163
[1] 2.2123701 0.3458933 0.4143016 1.2081666
[1] 2.2533891 0.3525722 0.4214509 1.2309474
[1] 2.2899661 0.3585316 0.4278248 1.2512631
[1] 2.3225880 0.3638493 0.4335085 1.2693833
[1] 2.3516865 0.3685949 0.4385776 1.2855476
[1] 2.3776456 0.3728302 0.4430993 1.2999688
[1] 2.4008063 0.3766102 0.4471330 1.3128360
[1] 2.4214720 0.3799841 0.4507319 1.3243177
[1] 2.4399130 0.3829955 0.4539430 1.3345637
[1] 2.4563700 0.3856836 0.4568085 1.3437078
[1] 2.4710573 0.3880832 0.4593656 1.3518689
[1] 2.4841659 0.3902252 0.4616477 1.3591529
[1] 2.4958660 0.3921373 0.4636845 1.3656545
[1] 2.5063093 0.3938443 0.4655024 1.3714579
[1] 2.5156313 0.3953682 0.4671251 1.3766382
[1] 2.5239525 0.3967287 0.4685734 1.3812625
[1] 2.5313805 0.3979432 0.4698663 1.3853905
[1] 2.5380115 0.3990276 0.4710204 1.3890756
[1] 2.5439310 0.3999956 0.4720507 1.3923653
[1] 2.5492155 0.4008599 0.4729704 1.3953022
[1] 2.5539331 0.4016315 0.4737914 1.3979241
[1] 2.5581448 0.4023204 0.4745244 1.4002648
[1] 2.5619049 0.4029354 0.4751787 1.4023545
[1] 2.5652618 0.4034846 0.4757629 1.4042202
[1] 2.5682588 0.4039748 0.4762845 1.4058859
[1] 2.5709344 0.4044126 0.4767501 1.4073729
[1] 2.5733232 0.4048034 0.4771658 1.4087006
[1] 2.5754560 0.4051523 0.4775369 1.4098860
[1] 2.5773601 0.4054638 0.4778683 1.4109443
[1] 2.5790602 0.4057420 0.4781641 1.4118892
[1] 2.5805780 0.4059903 0.4784282 1.4127328
[1] 2.5819332 0.4062121 0.4786640 1.4134860
[1] 2.5831431 0.4064100 0.4788746 1.4141584
[1] 2.5842234 0.4065868 0.4790626 1.4147588
Algorithm did not converge after  500  iterations.
Warning messages:
1: In max(abs(CT), na.rm = T) :
  no non-missing arguments to max; returning -Inf
2: In max(abs(CT), na.rm = T) :
  no non-missing arguments to max; returning -Inf
3: In max(abs(CT), na.rm = T) :
  no non-missing arguments to max; returning -Inf
4: In max(abs(CT), na.rm = T) :
  no non-missing arguments to max; returning -Inf
5: In max(abs(CT), na.rm = T) :
  no non-missing arguments to max; returning -Inf
6: In max(abs(CT), na.rm = T) :
  no non-missing arguments to max; returning -Inf
7: In max(abs(CT), na.rm = T) :
  no non-missing arguments to max; returning -Inf
8: In max(abs(CT), na.rm = T) :
  no non-missing arguments to max; returning -Inf
9: In max(abs(CT), na.rm = T) :
  no non-missing arguments to max; returning -Inf
10: In max(abs(CT), na.rm = T) :
  no non-missing arguments to max; returning -Inf
[1] "Best iter parameter is:"
      gam     rankJ    rankA1    rankA2    rankA3 
0.1111111 1.0000000 0.0000000 0.0000000 1.0000000 
[1] 0.05014991 0.00913969
[1] 0.08447425 0.03274240
[1] 0.07961351 0.03687598
[1] 0.07948397 0.03674393
Algorithm converged after  38  iterations.
        [,1]     [,2]     [,3]
[1,] 6.94229 11.26214 46.65001
