myseed=3731 

Attaching package: ‘pls’

The following object is masked from ‘package:stats’:

    loadings

Loading required package: lattice
Loading required package: ggplot2
Registered S3 methods overwritten by 'ggplot2':
  method         from 
  [.quosures     rlang
  c.quosures     rlang
  print.quosures rlang

Attaching package: ‘caret’

The following object is masked from ‘package:pls’:

    R2

Loading required package: Matrix
Loading required package: foreach
Loaded glmnet 2.0-18

Parsed with column specification:
cols(
  .default = col_double()
)
See spec(...) for full column specifications.
Parsed with column specification:
cols(
  X1 = col_double()
)
Parsed with column specification:
cols(
  X1 = col_double()
)
numeric(0)
Algorithm converged after  1  iterations.
[1] 0.03419365
Algorithm converged after  2  iterations.
[1] 0.03451221
Algorithm converged after  2  iterations.
[1] 0.03117669
Algorithm converged after  2  iterations.
[1] 0.03419365 0.03451221
Algorithm converged after  2  iterations.
[1] 0.03419365 0.03117669
Algorithm converged after  2  iterations.
[1] 0.03451221 0.03117669
Algorithm converged after  2  iterations.
[1] 0.03419365 0.03451221 0.03117669
Algorithm converged after  2  iterations.
[1] 0.06505509
Algorithm converged after  2  iterations.
[1] 0.06505509 0.01868211
[1] 0.07429599 0.03227828
Algorithm converged after  20  iterations.
[1] 0.06505509 0.01815926
[1] 0.07186614 0.02997983
[1] 0.07186041 0.03004814
[1] 0.07185421 0.03005011
Algorithm converged after  38  iterations.
[1] 0.06505509 0.01124562
[1] 0.13297638 0.04730037
[1] 0.11734376 0.05195454
[1] 0.11705953 0.05171809
Algorithm converged after  40  iterations.
[1] 0.06505509 0.01868211 0.01815926
[1] 0.08655780 0.03403616 0.02710921
[1] 0.08855878 0.03489587 0.02814226
[1] 0.08866948 0.03501375 0.02832189
[1] 0.08868318 0.03503744 0.02836131
[1] 0.08868684 0.03504309 0.02837086
[1] 0.08868784 0.03504449 0.02837322
[1] 0.08868810 0.03504484 0.02837381
Algorithm converged after  72  iterations.
[1] 0.06505509 0.01868211 0.01124562
[1] 0.17798865 0.03368996 0.08171310
[1] 0.20066098 0.03544714 0.11431322
[1] 0.20554909 0.03579407 0.11796864
[1] 0.20632833 0.03584845 0.11853848
[1] 0.20645168 0.03585705 0.11862858
[1] 0.20647120 0.03585841 0.11864284
Algorithm converged after  70  iterations.
[1] 0.06505509 0.01815926 0.01124562
[1] 0.20336950 0.03947371 0.07089759
[1] 0.16720397 0.02678196 0.09759764
[1] 0.1581520 0.0264016 0.0916335
[1] 0.15725095 0.02634593 0.09096815
[1] 0.15715738 0.02633999 0.09089836
[1] 0.15714763 0.02633936 0.09089108
Algorithm converged after  65  iterations.
[1] 0.06505509 0.01868211 0.01815926 0.01124562
[1] 0.34195069 0.05611902 0.03972859 0.08134328
[1] 0.57031979 0.05708280 0.03741875 0.31337172
[1] 0.81574225 0.10168009 0.09507374 0.52610651
[1] 1.0681084 0.1299883 0.1245531 0.6903411
[1] 1.2766346 0.1525499 0.1473062 0.8262126
[1] 1.4525690 0.1716741 0.1665593 0.9409389
[1] 1.6031413 0.1881054 0.1831095 1.0391745
[1] 1.733185 0.202336 0.197454 1.124044
[1] 1.8461996 0.2147285 0.2099552 1.1978159
[1] 1.9448593 0.2255639 0.2208927 1.2622274
[1] 2.0312791 0.2350667 0.2304904 1.3186545
[1] 2.1071760 0.2434206 0.2389319 1.3682151
[1] 2.1739694 0.2507784 0.2463699 1.4118341
[1] 2.2328493 0.2572688 0.2529333 1.4502875
[1] 2.2848240 0.2630012 0.2587318 1.4842327
[1] 2.3307547 0.2680693 0.2638598 1.5142317
[1] 2.3713824 0.2725541 0.2683985 1.5407679
[1] 2.4073478 0.2765256 0.2724184 1.5642596
[1] 2.4392071 0.2800446 0.2759811 1.5850697
[1] 2.4674452 0.2831645 0.2791400 1.6035149
[1] 2.4924860 0.2859317 0.2819421 1.6198719
[1] 2.5147008 0.2883871 0.2844288 1.6343831
[1] 2.5344157 0.2905665 0.2866362 1.6472615
[1] 2.5519176 0.2925016 0.2885963 1.6586944
[1] 2.5674591 0.2942201 0.2903371 1.6688468
[1] 2.5812631 0.2957467 0.2918836 1.6778643
[1] 2.5935265 0.2971030 0.2932577 1.6858754
[1] 2.6044231 0.2983083 0.2944789 1.6929938
[1] 2.6141069 0.2993795 0.2955642 1.6993199
[1] 2.6227141 0.3003316 0.2965290 1.7049427
[1] 2.6303653 0.3011781 0.2973866 1.7099410
[1] 2.6371674 0.3019307 0.2981492 1.7143846
[1] 2.6432153 0.3025998 0.2988273 1.7183356
[1] 2.6485931 0.3031948 0.2994303 1.7218488
[1] 2.6533753 0.3037240 0.2999665 1.7249729
[1] 2.6576282 0.3041946 0.3004434 1.7277512
[1] 2.6614107 0.3046131 0.3008676 1.7302222
[1] 2.6647748 0.3049854 0.3012448 1.7324200
[1] 2.6677671 0.3053165 0.3015804 1.7343748
[1] 2.6704288 0.3056111 0.3018789 1.7361136
[1] 2.6727964 0.3058731 0.3021445 1.7376604
[1] 2.6749025 0.3061062 0.3023807 1.7390363
[1] 2.6767760 0.3063135 0.3025908 1.7402602
[1] 2.6784428 0.3064980 0.3027778 1.7413491
[1] 2.6799256 0.3066621 0.3029441 1.7423178
[1] 2.6812447 0.3068081 0.3030920 1.7431796
[1] 2.6824183 0.3069380 0.3032237 1.7439463
[1] 2.6834624 0.3070535 0.3033408 1.7446284
[1] 2.6843914 0.3071563 0.3034450 1.7452353
Algorithm did not converge after  500  iterations.
numeric(0)
Algorithm converged after  1  iterations.
[1] 0.03274381
Algorithm converged after  2  iterations.
[1] 0.03132995
Algorithm converged after  2  iterations.
[1] 0.03203015
Algorithm converged after  2  iterations.
[1] 0.03274381 0.03132995
Algorithm converged after  2  iterations.
[1] 0.03274381 0.03203015
Algorithm converged after  2  iterations.
[1] 0.03132995 0.03203015
Algorithm converged after  2  iterations.
[1] 0.03274381 0.03132995 0.03203015
Algorithm converged after  2  iterations.
[1] 0.05904166
Algorithm converged after  2  iterations.
[1] 0.05904166 0.01846032
[1] 0.06920929 0.03173191
Algorithm converged after  20  iterations.
[1] 0.05904166 0.01890922
[1] 0.07417966 0.03433160
[1] 0.07456987 0.03491498
[1] 0.07462569 0.03499192
[1] 0.0746342 0.0350033
[1] 0.07463549 0.03500502
Algorithm converged after  55  iterations.
[1] 0.05904166 0.01146273
[1] 0.10832852 0.04276847
[1] 0.10646444 0.04430445
[1] 0.10549595 0.04371259
Algorithm converged after  38  iterations.
[1] 0.05904166 0.01846032 0.01890922
[1] 0.09484189 0.03313137 0.02932814
[1] 0.09553624 0.03345975 0.02991883
[1] 0.09549258 0.03348609 0.02997438
[1] 0.09549024 0.03348995 0.02998256
[1] 0.09549076 0.03349059 0.02998392
Algorithm converged after  55  iterations.
[1] 0.05904166 0.01846032 0.01146273
[1] 0.15256830 0.03352403 0.06654617
[1] 0.15453511 0.03484711 0.08040974
[1] 0.15436423 0.03485919 0.08047483
[1] 0.15435137 0.03485823 0.08046741
Algorithm converged after  45  iterations.
[1] 0.05904166 0.01890922 0.01146273
[1] 0.18243621 0.03895842 0.06352773
[1] 0.16278571 0.02616308 0.08576713
[1] 0.12938252 0.02477998 0.06758043
[1] 0.12225672 0.02688623 0.06349465
[1] 0.12205894 0.02696506 0.06374183
[1] 0.12203824 0.02696657 0.06373914
Algorithm converged after  64  iterations.
[1] 0.05904166 0.01846032 0.01890922 0.01146273
[1] 0.32286118 0.05036088 0.04061170 0.07081861
[1] 0.48571569 0.07601254 0.06633566 0.10100653
[1] 0.7979170 0.1202197 0.1123081 0.1783348
[1] 1.0576586 0.1673543 0.1680564 0.2301102
[1] 1.2386517 0.1943224 0.2143473 0.4277510
[1] 1.2783657 0.1684208 0.1806881 0.7782816
[1] 1.4424882 0.1871952 0.2006481 0.8801025
[1] 1.5900759 0.2043620 0.2188982 0.9655806
[1] 1.7182540 0.2193274 0.2347831 1.0393827
[1] 1.8290487 0.2322861 0.2485292 1.1030553
[1] 1.9246876 0.2434850 0.2604033 1.1579628
[1] 2.0072153 0.2531566 0.2706542 1.2053117
[1] 2.0784285 0.2615075 0.2795025 1.2461493
[1] 2.1398847 0.2687177 0.2871401 1.2813785
[1] 2.1929273 0.2749433 0.2937331 1.3117755
[1] 2.238714 0.280319 0.299425 1.338008
[1] 2.2782422 0.2849611 0.3043393 1.3606503
[1] 2.3123709 0.2889699 0.3085827 1.3801963
[1] 2.3418403 0.2924321 0.3122470 1.3970715
[1] 2.3672885 0.2954222 0.3154115 1.4116423
[1] 2.3892659 0.2980049 0.3181444 1.4242245
[1] 2.4082468 0.3002357 0.3205049 1.4350904
[1] 2.4246408 0.3021625 0.3225437 1.4444746
[1] 2.4388010 0.3038270 0.3243047 1.4525796
[1] 2.4510323 0.3052648 0.3258259 1.4595802
[1] 2.4615977 0.3065069 0.3271399 1.4656271
[1] 2.4707245 0.3075798 0.3282750 1.4708503
[1] 2.4786087 0.3085068 0.3292556 1.4753623
[1] 2.4854196 0.3093076 0.3301027 1.4792600
[1] 2.4913035 0.3099994 0.3308345 1.4826270
[1] 2.4963865 0.3105970 0.3314667 1.4855358
[1] 2.5007779 0.3111133 0.3320129 1.4880486
[1] 2.5045717 0.3115594 0.3324847 1.4902195
[1] 2.5078492 0.3119448 0.3328924 1.4920950
[1] 2.5106808 0.3122778 0.3332446 1.4937153
[1] 2.5131272 0.3125654 0.3335489 1.4951151
[1] 2.5152408 0.3128140 0.3338118 1.4963244
[1] 2.5170668 0.3130287 0.3340389 1.4973693
[1] 2.5186444 0.3132142 0.3342351 1.4982719
[1] 2.5200074 0.3133745 0.3344046 1.4990518
[1] 2.5211849 0.3135130 0.3345511 1.4997256
[1] 2.5222023 0.3136326 0.3346776 1.5003077
[1] 2.523081 0.313736 0.334787 1.500811
[1] 2.5238408 0.3138253 0.3348814 1.5012452
[1] 2.5244969 0.3139024 0.3349631 1.5016207
[1] 2.5250638 0.3139691 0.3350336 1.5019450
[1] 2.5255536 0.3140267 0.3350945 1.5022252
[1] 2.5259768 0.3140764 0.3351471 1.5024674
[1] 2.5263424 0.3141194 0.3351926 1.5026766
Algorithm did not converge after  500  iterations.
numeric(0)
Algorithm converged after  1  iterations.
[1] 0.03457415
Algorithm converged after  2  iterations.
[1] 0.0310173
Algorithm converged after  2  iterations.
[1] 0.02987043
Algorithm converged after  2  iterations.
[1] 0.03457415 0.03101730
Algorithm converged after  2  iterations.
[1] 0.03457415 0.02987043
Algorithm converged after  2  iterations.
[1] 0.03101730 0.02987043
Algorithm converged after  2  iterations.
[1] 0.03457415 0.03101730 0.02987043
Algorithm converged after  2  iterations.
[1] 0.05808328
Algorithm converged after  2  iterations.
[1] 0.05808328 0.01902297
[1] 0.06647783 0.03437759
[1] 0.06649994 0.03437347
Algorithm converged after  26  iterations.
[1] 0.05808328 0.01723023
[1] 0.06750422 0.03152562
[1] 0.06796114 0.03242052
[1] 0.06804180 0.03252957
[1] 0.06805387 0.03254236
[1] 0.06805560 0.03254388
Algorithm converged after  53  iterations.
[1] 0.05808328 0.01208629
[1] 0.11077634 0.04486467
[1] 0.10646351 0.05146075
[1] 0.10424949 0.04979521
[1] 0.10420044 0.04975806
Algorithm converged after  47  iterations.
[1] 0.05808328 0.01902297 0.01723023
[1] 0.08710679 0.03569611 0.02879953
[1] 0.08895553 0.03610659 0.02919006
[1] 0.08889082 0.03608549 0.02914038
[1] 0.08887053 0.03607945 0.02912944
[1] 0.08886747 0.03607849 0.02912773
Algorithm converged after  56  iterations.
[1] 0.05808328 0.01902297 0.01208629
[1] 0.15011443 0.03249602 0.07064692
[1] 0.17045603 0.03364574 0.09757329
[1] 0.17534951 0.03393552 0.10134919
[1] 0.1762018 0.0339858 0.1019977
[1] 0.17634943 0.03399451 0.10210998
[1] 0.17637500 0.03399602 0.10212943
[1] 0.17637943 0.03399628 0.10213279
Algorithm converged after  73  iterations.
[1] 0.05808328 0.01723023 0.01208629
[1] 0.18355488 0.03716939 0.07180833
[1] 0.16475719 0.02488025 0.10156198
[1] 0.15012699 0.02416615 0.09138668
[1] 0.14780994 0.02403067 0.08969609
[1] 0.13902867 0.02551117 0.08361356
[1] 0.14094283 0.02581777 0.08573773
[1] 0.14139107 0.02584296 0.08606672
[1] 0.14146486 0.02584698 0.08612038
[1] 0.14147694 0.02584764 0.08612917
Algorithm converged after  99  iterations.
[1] 0.05808328 0.01902297 0.01723023 0.01208629
[1] 0.32361382 0.05501617 0.03975466 0.07515224
[1] 0.51462648 0.05073352 0.03387553 0.27482055
[1] 0.74409926 0.08548201 0.08616419 0.48325501
[1] 1.0644820 0.1155971 0.1225661 0.6875408
[1] 1.3325119 0.1399509 0.1515395 0.8588583
[1] 1.5596157 0.1607975 0.1763462 1.0040345
[1] 1.7541117 0.1787766 0.1977650 1.1283524
[1] 1.9218381 0.1943522 0.2163403 1.2355480
[1] 2.0671542 0.2078897 0.2324992 1.3284130
[1] 2.1934695 0.2196843 0.2465879 1.4091303
[1] 2.3035358 0.2299797 0.2588928 1.4794610
[1] 2.3996209 0.2389797 0.2696543 1.5408559
[1] 2.4836217 0.2468563 0.2790760 1.5945280
[1] 2.5571425 0.2537563 0.2873320 1.6415031
[1] 2.6215507 0.2598055 0.2945716 1.6826554
[1] 2.6780188 0.2651121 0.3009239 1.7187341
[1] 2.7275571 0.2697699 0.3065003 1.7503850
[1] 2.7710389 0.2738599 0.3113977 1.7781661
[1] 2.8092217 0.2774529 0.3157003 1.8025616
[1] 2.8427640 0.2806101 0.3194815 1.8239921
[1] 2.8722393 0.2833852 0.3228053 1.8428241
[1] 2.8981477 0.2858251 0.3257279 1.8593773
[1] 2.9209264 0.2879707 0.3282980 1.8739308
[1] 2.9409575 0.2898577 0.3305586 1.8867288
[1] 2.9585755 0.2915177 0.3325472 1.8979850
[1] 2.9740734 0.2929781 0.3342968 1.9078868
[1] 2.9877083 0.2942631 0.3358364 1.9165982
[1] 2.9997054 0.2953939 0.3371911 1.9242632
[1] 3.0102626 0.2963890 0.3383834 1.9310083
[1] 3.0195534 0.2972649 0.3394328 1.9369442
[1] 3.0277304 0.2980358 0.3403564 1.9421686
[1] 3.0349276 0.2987143 0.3411695 1.9467669
[1] 3.0412628 0.2993116 0.3418852 1.9508145
[1] 3.0468395 0.2998374 0.3425152 1.9543775
[1] 3.0517488 0.3003003 0.3430699 1.9575141
[1] 3.0560706 0.3007079 0.3435582 1.9602754
[1] 3.0598755 0.3010667 0.3439881 1.9627063
[1] 3.0632253 0.3013825 0.3443666 1.9648465
[1] 3.0661746 0.3016607 0.3446999 1.9667308
[1] 3.0687712 0.3019055 0.3449933 1.9683899
[1] 3.0710575 0.3021212 0.3452517 1.9698506
[1] 3.0730706 0.3023110 0.3454792 1.9711367
[1] 3.0748430 0.3024782 0.3456795 1.9722692
[1] 3.0764037 0.3026253 0.3458558 1.9732663
[1] 3.0777779 0.3027549 0.3460111 1.9741443
[1] 3.0789879 0.3028691 0.3461479 1.9749174
[1] 3.0800534 0.3029696 0.3462683 1.9755981
[1] 3.0809916 0.3030580 0.3463743 1.9761976
[1] 3.0818177 0.3031360 0.3464677 1.9767254
Algorithm did not converge after  500  iterations.
numeric(0)
Algorithm converged after  1  iterations.
[1] 0.0322854
Algorithm converged after  2  iterations.
[1] 0.02975263
Algorithm converged after  2  iterations.
[1] 0.03166016
Algorithm converged after  2  iterations.
[1] 0.03228540 0.02975263
Algorithm converged after  2  iterations.
[1] 0.03228540 0.03166016
Algorithm converged after  2  iterations.
[1] 0.02975263 0.03166016
Algorithm converged after  2  iterations.
[1] 0.03228540 0.02975263 0.03166016
Algorithm converged after  2  iterations.
[1] 0.05428958
Algorithm converged after  2  iterations.
[1] 0.05428958 0.01933213
[1] 0.06793809 0.03408443
[1] 0.06804183 0.03411689
Algorithm converged after  23  iterations.
[1] 0.05428958 0.01762630
[1] 0.06751291 0.03765895
[1] 0.06779268 0.03814918
[1] 0.06780316 0.03817367
[1] 0.06780362 0.03817518
Algorithm converged after  41  iterations.
[1] 0.05428958 0.01225177
[1] 0.11462607 0.04749028
[1] 0.10189117 0.04597269
[1] 0.10131000 0.04542397
Algorithm converged after  34  iterations.
[1] 0.05428958 0.01933213 0.01762630
[1] 0.09044493 0.03471315 0.02858072
[1] 0.09213630 0.03448650 0.02842866
[1] 0.09148548 0.03430247 0.02830088
[1] 0.09134003 0.03428047 0.02828722
[1] 0.09132460 0.03428025 0.02828766
Algorithm converged after  59  iterations.
[1] 0.05428958 0.01933213 0.01225177
[1] 0.13890246 0.03209740 0.05428003
[1] 0.17127172 0.03442696 0.09917931
[1] 0.17465693 0.03474692 0.10176293
[1] 0.17502785 0.03477719 0.10201953
[1] 0.17506804 0.03478044 0.10204719
[1] 0.17507240 0.03478079 0.10205019
Algorithm converged after  61  iterations.
[1] 0.05428958 0.01762630 0.01225177
[1] 0.16860874 0.03759956 0.06574995
[1] 0.15088091 0.02450307 0.08718403
[1] 0.13270090 0.02394588 0.07604272
[1] 0.13152651 0.02387194 0.07511131
[1] 0.13145665 0.02386664 0.07505099
[1] 0.13145252 0.02386630 0.07504734
Algorithm converged after  62  iterations.
[1] 0.05428958 0.01933213 0.01762630 0.01225177
[1] 0.32369441 0.05008094 0.04141089 0.03034062
[1] 0.50537722 0.06017042 0.04500871 0.15922293
[1] 0.58973547 0.07855283 0.07014351 0.34379135
[1] 0.9106386 0.1153684 0.1091269 0.5224512
[1] 1.1982581 0.1429553 0.1369209 0.6837979
[1] 1.4530128 0.1673291 0.1616578 0.8270512
[1] 1.6805562 0.1891029 0.1838781 0.9551797
[1] 1.8848980 0.2086530 0.2039054 1.0703560
[1] 2.0690595 0.2262671 0.2220005 1.1742345
[1] 2.2354536 0.2421766 0.2383802 1.2681458
[1] 2.3860763 0.2565734 0.2532284 1.3531961
[1] 2.5226181 0.2696204 0.2667036 1.4303259
[1] 2.6465356 0.2814579 0.2789439 1.5003477
[1] 2.7590984 0.2922080 0.2900709 1.5639713
[1] 2.8614229 0.3019781 0.3001920 1.6218220
[1] 2.9544976 0.3108632 0.3094030 1.6744544
[1] 3.0392022 0.3189478 0.3177893 1.7223624
[1] 3.1163227 0.3263073 0.3254277 1.7659881
[1] 3.1865643 0.3330094 0.3323870 1.8057282
[1] 3.2505606 0.3391147 0.3387293 1.8419396
[1] 3.3088830 0.3446781 0.3445108 1.8749441
[1] 3.3620469 0.3497489 0.3497820 1.9050326
[1] 3.4105187 0.3543717 0.3545889 1.9324680
[1] 3.4547205 0.3585868 0.3589731 1.9574886
[1] 3.4950347 0.3624310 0.3629724 1.9803102
[1] 3.5318085 0.3659372 0.3666209 2.0011290
[1] 3.5653568 0.3691358 0.3699498 2.0201229
[1] 3.5959661 0.3720539 0.3729873 2.0374537
[1] 3.6238965 0.3747165 0.3757593 2.0532685
[1] 3.6493846 0.3771462 0.3782891 2.0677011
[1] 3.6726459 0.3793634 0.3805981 2.0808732
[1] 3.6938763 0.3813871 0.3827057 2.0928958
[1] 3.7132544 0.3832341 0.3846294 2.1038697
[1] 3.7309429 0.3849199 0.3863856 2.1138871
[1] 3.7470897 0.3864589 0.3879887 2.1230317
[1] 3.7618301 0.3878637 0.3894523 2.1313799
[1] 3.7752869 0.3891461 0.3907885 2.1390014
[1] 3.7875726 0.3903170 0.3920085 2.1459597
[1] 3.7987893 0.3913859 0.3931223 2.1523127
[1] 3.8090304 0.3923618 0.3941393 2.1581132
[1] 3.8183809 0.3932529 0.3950679 2.1634094
[1] 3.8269187 0.3940665 0.3959158 2.1682452
[1] 3.8347144 0.3948093 0.3966900 2.1726609
[1] 3.8418327 0.3954876 0.3973970 2.1766929
[1] 3.8483326 0.3961070 0.3980425 2.1803746
[1] 3.8542680 0.3966726 0.3986320 2.1837366
[1] 3.8596879 0.3971890 0.3991703 2.1868067
[1] 3.8646371 0.3976606 0.3996619 2.1896102
[1] 3.8691567 0.3980913 0.4001108 2.1921703
Algorithm did not converge after  500  iterations.
numeric(0)
Algorithm converged after  1  iterations.
[1] 0.03475601
Algorithm converged after  2  iterations.
[1] 0.02785825
Algorithm converged after  2  iterations.
[1] 0.02855973
Algorithm converged after  2  iterations.
[1] 0.03475601 0.02785825
Algorithm converged after  2  iterations.
[1] 0.03475601 0.02855973
Algorithm converged after  2  iterations.
[1] 0.02785825 0.02855973
Algorithm converged after  2  iterations.
[1] 0.03475601 0.02785825 0.02855973
Algorithm converged after  2  iterations.
[1] 0.05574437
Algorithm converged after  2  iterations.
[1] 0.05574437 0.02070826
[1] 0.06625965 0.03496280
[1] 0.06628853 0.03498327
Algorithm converged after  22  iterations.
[1] 0.05574437 0.01651628
[1] 0.0677603 0.0314825
[1] 0.06815387 0.03212535
[1] 0.06821072 0.03220431
[1] 0.06821797 0.03221390
[1] 0.06821887 0.03221506
Algorithm converged after  52  iterations.
[1] 0.055744367 0.008784271
[1] 0.09623619 0.03957983
[1] 0.10474062 0.04903647
[1] 0.10477474 0.04906428
Algorithm converged after  34  iterations.
[1] 0.05574437 0.02070826 0.01651628
[1] 0.08684311 0.03450143 0.02880171
[1] 0.08779364 0.03497046 0.02958973
[1] 0.08770359 0.03500037 0.02964726
[1] 0.08769632 0.03500435 0.02965721
[1] 0.08769802 0.03500521 0.02965945
Algorithm converged after  59  iterations.
[1] 0.055744367 0.020708260 0.008784271
[1] 0.13465306 0.03296266 0.06696976
[1] 0.15225127 0.03500808 0.08883550
[1] 0.15357664 0.03511115 0.08980122
[1] 0.15369785 0.03511928 0.08988278
[1] 0.15370901 0.03512002 0.08989026
Algorithm converged after  55  iterations.
[1] 0.055744367 0.016516282 0.008784271
[1] 0.16718467 0.03395784 0.06475950
[1] 0.15677606 0.02403078 0.08867041
[1] 0.14778545 0.02364422 0.08286357
[1] 0.14686522 0.02358693 0.08218174
[1] 0.14676729 0.02358058 0.08210787
[1] 0.14675679 0.02357990 0.08209993
Algorithm converged after  66  iterations.
[1] 0.055744367 0.020708260 0.016516282 0.008784271
[1] 0.27738905 0.04579976 0.03486909 0.07179146
[1] 0.46524326 0.05025119 0.03441361 0.25988136
[1] 0.71528109 0.09083671 0.08562889 0.44072569
[1] 0.9633118 0.1177210 0.1155626 0.5925481
[1] 1.1619100 0.1386629 0.1383637 0.7143160
[1] 1.3235130 0.1558591 0.1570681 0.8134089
[1] 1.4567972 0.1701371 0.1726070 0.8951358
[1] 1.5677248 0.1820731 0.1856065 0.9631539
[1] 1.6606213 0.1920996 0.1965336 1.0201166
[1] 1.7387610 0.2005520 0.2057503 1.0680317
[1] 1.8047005 0.2076961 0.2135443 1.1084667
[1] 1.8604793 0.2137468 0.2201479 1.1426721
[1] 1.9077500 0.2188795 0.2257514 1.1716609
[1] 1.9478676 0.2232386 0.2305118 1.1962637
[1] 1.9819530 0.2269445 0.2345597 1.2171676
[1] 2.0109392 0.2300975 0.2380044 1.2349447
[1] 2.0356070 0.2327818 0.2409374 1.2500736
[1] 2.0566120 0.2350683 0.2434361 1.2629564
[1] 2.0745069 0.2370167 0.2455656 1.2739318
[1] 2.0897581 0.2386776 0.2473810 1.2832859
[1] 2.1027606 0.2400939 0.2489292 1.2912608
[1] 2.1138489 0.2413019 0.2502498 1.2980618
[1] 2.1233070 0.2423324 0.2513764 1.3038630
[1] 2.1313761 0.2432116 0.2523377 1.3088123
[1] 2.1382614 0.2439620 0.2531581 1.3130354
[1] 2.1441373 0.2446023 0.2538583 1.3166395
[1] 2.1491524 0.2451489 0.2544559 1.3197156
[1] 2.1534332 0.2456155 0.2549661 1.3223413
[1] 2.1570875 0.2460138 0.2554017 1.3245827
[1] 2.1602072 0.2463539 0.2557736 1.3264963
[1] 2.1628707 0.2466443 0.2560911 1.3281300
[1] 2.1651448 0.2468922 0.2563622 1.3295249
[1] 2.1670865 0.2471038 0.2565937 1.3307159
[1] 2.1687445 0.2472846 0.2567913 1.3317329
[1] 2.1701603 0.2474389 0.2569601 1.3326013
[1] 2.1713692 0.2475707 0.2571042 1.3333428
[1] 2.1724016 0.2476833 0.2572273 1.3339761
[1] 2.1732832 0.2477794 0.2573324 1.3345168
[1] 2.1740361 0.2478615 0.2574222 1.3349786
[1] 2.1746790 0.2479316 0.2574989 1.3353730
[1] 2.1752281 0.2479914 0.2575643 1.3357098
[1] 2.1756970 0.2480426 0.2576202 1.3359974
[1] 2.1760975 0.2480862 0.2576680 1.3362430
[1] 2.1764395 0.2481235 0.2577088 1.3364528
[1] 2.1767315 0.2481554 0.2577436 1.3366319
[1] 2.1769810 0.2481826 0.2577733 1.3367849
[1] 2.1771940 0.2482058 0.2577987 1.3369156
[1] 2.1773759 0.2482256 0.2578204 1.3370272
[1] 2.1775313 0.2482426 0.2578390 1.3371225
Algorithm did not converge after  500  iterations.
numeric(0)
Algorithm converged after  1  iterations.
[1] 0.03075614
Algorithm converged after  2  iterations.
[1] 0.03125896
Algorithm converged after  2  iterations.
[1] 0.03147994
Algorithm converged after  2  iterations.
[1] 0.03075614 0.03125896
Algorithm converged after  2  iterations.
[1] 0.03075614 0.03147994
Algorithm converged after  2  iterations.
[1] 0.03125896 0.03147994
Algorithm converged after  2  iterations.
[1] 0.03075614 0.03125896 0.03147994
Algorithm converged after  2  iterations.
[1] 0.06223834
Algorithm converged after  2  iterations.
[1] 0.06223834 0.01988325
[1] 0.07806206 0.03179333
Algorithm converged after  19  iterations.
[1] 0.06223834 0.01500888
[1] 0.06187284 0.02531173
[1] 0.06179117 0.02558056
[1] 0.06177378 0.02561447
[1] 0.06177086 0.02561985
[1] 0.06177037 0.02562073
Algorithm converged after  53  iterations.
[1] 0.06223834 0.01119283
[1] 0.11115827 0.04701962
[1] 0.10472884 0.05128295
[1] 0.10469267 0.05125165
Algorithm converged after  35  iterations.
[1] 0.06223834 0.01988325 0.01500888
[1] 0.08285196 0.03288105 0.02405456
[1] 0.08287617 0.03316217 0.02460572
[1] 0.08283837 0.03319525 0.02468110
[1] 0.08283371 0.03320204 0.02469642
[1] 0.08283292 0.03320353 0.02469976
[1] 0.08283276 0.03320385 0.02470049
Algorithm converged after  64  iterations.
[1] 0.06223834 0.01988325 0.01119283
[1] 0.16468492 0.03214236 0.07692573
[1] 0.18017682 0.03304026 0.10789540
[1] 0.18324095 0.03327499 0.11058075
[1] 0.18366190 0.03330566 0.11091683
[1] 0.18371792 0.03330973 0.11096125
[1] 0.18372536 0.03331027 0.11096714
Algorithm converged after  64  iterations.
[1] 0.06223834 0.01500888 0.01119283
[1] 0.14878293 0.02901682 0.06577782
[1] 0.13203305 0.00862316 0.08782428
[1] 0.11629868 0.02333580 0.07617426
[1] 0.11390158 0.02359242 0.07553793
[1] 0.11382419 0.02359022 0.07548624
[1] 0.11381868 0.02358993 0.07548211
[1] 0.11381825 0.02358992 0.07548179
Algorithm converged after  76  iterations.
[1] 0.06223834 0.01988325 0.01500888 0.01119283
[1] 0.29638108 0.05249811 0.03261252 0.06593579
[1] 0.44692962 0.06645763 0.03963244 0.11990562
[1] 0.46733411 0.05436305 0.04060926 0.28429142
[1] 0.68351000 0.09541277 0.09385203 0.42562790
[1] 0.9045760 0.1195615 0.1180156 0.5539948
[1] 1.0967967 0.1404043 0.1385688 0.6654657
[1] 1.2659253 0.1588574 0.1567315 0.7634425
[1] 1.4163507 0.1753388 0.1729401 0.8505143
[1] 1.5511764 0.1901536 0.1875029 0.9285076
[1] 1.6726990 0.2035344 0.2006523 0.9987707
[1] 1.7826915 0.2156646 0.2125705 1.0623416
[1] 1.8825692 0.2266928 0.2234045 1.1200476
[1] 1.9734920 0.2367420 0.2332758 1.1725654
[1] 2.0564307 0.2459160 0.2422867 1.2204604
[1] 2.1322114 0.2543037 0.2505249 1.2642132
[1] 2.2015463 0.2619822 0.2580662 1.3042377
[1] 2.2650562 0.2690188 0.2649769 1.3408942
[1] 2.3232865 0.2754731 0.2713155 1.3744992
[1] 2.3767201 0.2813977 0.2771338 1.4053325
[1] 2.4257868 0.2868397 0.2824781 1.4336432
[1] 2.4708711 0.2918414 0.2873898 1.4596538
[1] 2.5123186 0.2964406 0.2919063 1.4835644
[1] 2.5504405 0.3006717 0.2960613 1.5055549
[1] 2.5855181 0.3045655 0.2998850 1.5257881
[1] 2.6178063 0.3081503 0.3034053 1.5444113
[1] 2.6475367 0.3114516 0.3066471 1.5615584
[1] 2.6749198 0.3144927 0.3096334 1.5773509
[1] 2.7001475 0.3172947 0.3123849 1.5918998
[1] 2.7233950 0.3198770 0.3149206 1.6053062
[1] 2.7448220 0.3222573 0.3172581 1.6176624
[1] 2.7645750 0.3244519 0.3194130 1.6290528
[1] 2.7827878 0.3264754 0.3214001 1.6395548
[1] 2.7995831 0.3283416 0.3232327 1.6492392
[1] 2.815073 0.330063 0.324923 1.658171
[1] 2.8293619 0.3316508 0.3264822 1.6664095
[1] 2.8425434 0.3331158 0.3279207 1.6740097
[1] 2.8547049 0.3344674 0.3292480 1.6810217
[1] 2.8659264 0.3357146 0.3304727 1.6874916
[1] 2.8762816 0.3368656 0.3316029 1.6934618
[1] 2.8858380 0.3379278 0.3326460 1.6989715
[1] 2.8946579 0.3389082 0.3336087 1.7040565
[1] 2.9027987 0.3398131 0.3344973 1.7087499
[1] 2.9103130 0.3406484 0.3353175 1.7130821
[1] 2.9172495 0.3414195 0.3360747 1.7170811
[1] 2.9236529 0.3421314 0.3367737 1.7207727
[1] 2.9295645 0.3427886 0.3374191 1.7241808
[1] 2.9350223 0.3433954 0.3380149 1.7273273
[1] 2.9400613 0.3439556 0.3385650 1.7302322
[1] 2.9447138 0.3444728 0.3390729 1.7329144
Algorithm did not converge after  500  iterations.
numeric(0)
Algorithm converged after  1  iterations.
[1] 0.03470634
Algorithm converged after  2  iterations.
[1] 0.03123953
Algorithm converged after  2  iterations.
[1] 0.03166762
Algorithm converged after  2  iterations.
[1] 0.03470634 0.03123953
Algorithm converged after  2  iterations.
[1] 0.03470634 0.03166762
Algorithm converged after  2  iterations.
[1] 0.03123953 0.03166762
Algorithm converged after  2  iterations.
[1] 0.03470634 0.03123953 0.03166762
Algorithm converged after  2  iterations.
[1] 0.05917902
Algorithm converged after  2  iterations.
[1] 0.05917902 0.02130654
[1] 0.07646670 0.03557083
[1] 0.07649979 0.03557947
Algorithm converged after  21  iterations.
[1] 0.05917902 0.01882047
[1] 0.07200013 0.03415167
[1] 0.07246928 0.03503600
[1] 0.07256524 0.03518157
[1] 0.07258187 0.03520536
[1] 0.07258463 0.03520925
Algorithm converged after  60  iterations.
[1] 0.05917902 0.01088997
[1] 0.11205270 0.05457768
[1] 0.12087900 0.06250817
[1] 0.12112764 0.06269826
[1] 0.12113404 0.06270316
Algorithm converged after  41  iterations.
[1] 0.05917902 0.02130654 0.01882047
[1] 0.09529763 0.03635505 0.02749228
[1] 0.09638143 0.03668160 0.02792940
[1] 0.09634280 0.03668275 0.02793326
[1] 0.09633760 0.03668211 0.02793247
Algorithm converged after  42  iterations.
[1] 0.05917902 0.02130654 0.01088997
[1] 0.13364402 0.03100757 0.06092701
[1] 0.14832204 0.03119449 0.08935628
[1] 0.15019365 0.03129076 0.09099619
[1] 0.15035631 0.03129818 0.09112458
[1] 0.15036972 0.03129878 0.09113509
Algorithm converged after  56  iterations.
[1] 0.05917902 0.01882047 0.01088997
[1] 0.18377627 0.02750885 0.10149050
[1] 0.19752348 0.02895369 0.12686175
[1] 0.20222749 0.02926428 0.13038120
[1] 0.20337225 0.02933566 0.13122608
[1] 0.20364927 0.02935292 0.13143050
[1] 0.2037163 0.0293571 0.1314800
[1] 0.20373257 0.02935811 0.13149197
[1] 0.20373650 0.02935836 0.13149487
Algorithm converged after  82  iterations.
[1] 0.05917902 0.02130654 0.01882047 0.01088997
[1] 0.25797277 0.04885718 0.03495955 0.02189404
[1] 0.41606951 0.06865710 0.05115960 0.08036769
[1] 0.57730850 0.07276634 0.05547537 0.15150667
[1] 0.47345668 0.05074798 0.05363413 0.29075225
[1] 0.73247754 0.08267136 0.09847686 0.44030507
[1] 0.9860167 0.1018775 0.1242437 0.5854880
[1] 1.2044328 0.1182658 0.1460940 0.7109364
[1] 1.3916172 0.1324164 0.1649134 0.8185434
[1] 1.5520135 0.1445996 0.1810960 0.9108020
[1] 1.6895262 0.1550753 0.1950013 0.9899308
[1] 1.8074905 0.1640794 0.2069483 1.0578327
[1] 1.9087400 0.1718179 0.2172137 1.1161286
[1] 1.9956834 0.1784695 0.2260358 1.1661981
[1] 2.0703688 0.1841874 0.2336187 1.2092158
[1] 2.1345465 0.1891035 0.2401377 1.2461867
[1] 2.1897102 0.1933308 0.2457431 1.2779688
[1] 2.2371364 0.1969665 0.2505637 1.3052959
[1] 2.2779181 0.2000936 0.2547099 1.3287964
[1] 2.3129916 0.2027836 0.2582764 1.3490090
[1] 2.3431597 0.2050977 0.2613445 1.3663957
[1] 2.3691114 0.2070887 0.2639842 1.3813532
[1] 2.3914380 0.2088018 0.2662554 1.3942219
[1] 2.4106473 0.2102759 0.2682097 1.4052943
[1] 2.4271758 0.2115444 0.2698914 1.4148217
[1] 2.4413982 0.2126359 0.2713385 1.4230201
[1] 2.4536356 0.2135753 0.2725839 1.4300743
[1] 2.4641655 0.2143836 0.2736554 1.4361444
[1] 2.4732274 0.2150792 0.2745776 1.4413684
[1] 2.4810262 0.2156778 0.2753712 1.4458643
[1] 2.4877382 0.2161931 0.2760543 1.4497337
[1] 2.4935149 0.2166365 0.2766422 1.4530640
[1] 2.4984868 0.2170182 0.2771482 1.4559303
[1] 2.5027660 0.2173467 0.2775838 1.4583973
[1] 2.5064491 0.2176295 0.2779586 1.4605207
[1] 2.5096192 0.2178729 0.2782813 1.4623483
[1] 2.5123477 0.2180823 0.2785590 1.4639214
[1] 2.5146962 0.2182626 0.2787980 1.4652753
[1] 2.5167176 0.2184178 0.2790037 1.4664408
[1] 2.5184576 0.2185514 0.2791808 1.4674439
[1] 2.5199552 0.2186664 0.2793333 1.4683073
[1] 2.5212442 0.2187654 0.2794645 1.4690505
[1] 2.5223538 0.2188506 0.2795774 1.4696902
[1] 2.5233088 0.2189239 0.2796746 1.4702408
[1] 2.5241309 0.2189870 0.2797583 1.4707147
[1] 2.5248385 0.2190413 0.2798303 1.4711227
[1] 2.5254476 0.2190881 0.2798923 1.4714738
[1] 2.5259718 0.2191283 0.2799457 1.4717761
[1] 2.5264231 0.2191630 0.2799916 1.4720362
[1] 2.5268115 0.2191928 0.2800311 1.4722602
Algorithm did not converge after  500  iterations.
numeric(0)
Algorithm converged after  1  iterations.
[1] 0.03106223
Algorithm converged after  2  iterations.
[1] 0.03114583
Algorithm converged after  2  iterations.
[1] 0.02852912
Algorithm converged after  2  iterations.
[1] 0.03106223 0.03114583
Algorithm converged after  2  iterations.
[1] 0.03106223 0.02852912
Algorithm converged after  2  iterations.
[1] 0.03114583 0.02852912
Algorithm converged after  2  iterations.
[1] 0.03106223 0.03114583 0.02852912
Algorithm converged after  2  iterations.
[1] 0.05218918
Algorithm converged after  2  iterations.
[1] 0.05218918 0.01878264
[1] 0.06528542 0.03484931
[1] 0.06527469 0.03476846
[1] 0.06526867 0.03476349
Algorithm converged after  33  iterations.
[1] 0.05218918 0.01856841
[1] 0.06314203 0.03138640
[1] 0.06306728 0.03156083
[1] 0.06305553 0.03158727
[1] 0.06305366 0.03159186
[1] 0.06305335 0.03159266
Algorithm converged after  52  iterations.
[1] 0.05218918 0.01084689
[1] 0.10405812 0.04774467
[1] 0.09585292 0.05114778
[1] 0.09456449 0.05007115
[1] 0.09454036 0.05005068
Algorithm converged after  45  iterations.
[1] 0.05218918 0.01878264 0.01856841
[1] 0.08618075 0.03266776 0.02769117
[1] 0.08858345 0.03331105 0.02859040
[1] 0.08874896 0.03335616 0.02865187
[1] 0.08876035 0.03335911 0.02865575
Algorithm converged after  45  iterations.
[1] 0.05218918 0.01878264 0.01084689
[1] 0.14444344 0.03176678 0.05646818
[1] 0.17030213 0.03211619 0.10626054
[1] 0.18430021 0.03306058 0.11728003
[1] 0.18823230 0.03332649 0.12032563
[1] 0.18932641 0.03340062 0.12117176
[1] 0.18963065 0.03342125 0.12140695
[1] 0.18971524 0.03342698 0.12147233
[1] 0.18973875 0.03342857 0.12149051
[1] 0.18974529 0.03342902 0.12149556
Algorithm converged after  98  iterations.
[1] 0.05218918 0.01856841 0.01084689
[1] 0.16038833 0.03474291 0.06698501
[1] 0.13565186 0.02562057 0.09119622
[1] 0.11443876 0.02664885 0.07524452
[1] 0.10571369 0.02736573 0.06954897
[1] 0.10460717 0.01750417 0.06921667
[1] 0.10362356 0.01634382 0.06556049
[1] 0.10383130 0.02743045 0.06851172
[1] 0.10484370 0.02632134 0.06678587
[1] 0.10594860 0.02653633 0.06769640
[1] 0.10509496 0.02713698 0.06830763
[1] 0.10242702 0.02031691 0.06130627
[1] 0.10461814 0.02731184 0.06829323
[1] 0.10502090 0.02748174 0.06917424
[1] 0.10509481 0.02748619 0.06923550
[1] 0.10510124 0.02748650 0.06924052
Algorithm converged after  154  iterations.
[1] 0.05218918 0.01878264 0.01856841 0.01084689
[1] 0.28853733 0.05117976 0.04225944 0.05820812
[1] 0.50003545 0.07163077 0.06137947 0.11502283
[1] 0.40914350 0.05031261 0.03618590 0.15806890
[1] 0.50012349 0.06615128 0.05979348 0.33687834
[1] 0.80227954 0.09926173 0.08853695 0.53237485
[1] 1.0479949 0.1250120 0.1090593 0.6915940
[1] 1.2490521 0.1463384 0.1259978 0.8217444
[1] 1.4170876 0.1643056 0.1402423 0.9304364
[1] 1.5591366 0.1795715 0.1523244 1.0222722
[1] 1.6800793 0.1926142 0.1626320 1.1004335
[1] 1.7835593 0.2038018 0.1714630 1.1672903
[1] 1.8724170 0.2134268 0.1790531 1.2246873
[1] 1.9489277 0.2217266 0.1855928 1.2741001
[1] 2.0149486 0.2288969 0.1912385 1.3167324
[1] 2.0720154 0.2351006 0.1961203 1.3535784
[1] 2.1214103 0.2404744 0.2003470 1.3854679
[1] 2.1642149 0.2451342 0.2040104 1.4131005
[1] 2.2013437 0.2491783 0.2071886 1.4370675
[1] 2.2335748 0.2526905 0.2099478 1.4578719
[1] 2.2615731 0.2557426 0.2123450 1.4759433
[1] 2.2859082 0.2583962 0.2144286 1.4916497
[1] 2.3070695 0.2607044 0.2162407 1.5053072
[1] 2.3254785 0.2627128 0.2178171 1.5171880
[1] 2.341499 0.264461 0.219189 1.527527
[1] 2.3554446 0.2659830 0.2203833 1.5365269
[1] 2.3675875 0.2673085 0.2214232 1.5443632
[1] 2.3781631 0.2684631 0.2223290 1.5511879
[1] 2.3873753 0.2694689 0.2231179 1.5571328
[1] 2.3954013 0.2703453 0.2238053 1.5623121
[1] 2.4023948 0.2711090 0.2244043 1.5668251
[1] 2.4084895 0.2717746 0.2249263 1.5707580
[1] 2.4138013 0.2723547 0.2253812 1.5741857
[1] 2.4184313 0.2728604 0.2257778 1.5771734
[1] 2.4224674 0.2733013 0.2261235 1.5797779
[1] 2.4259859 0.2736856 0.2264248 1.5820483
[1] 2.4290534 0.2740207 0.2266876 1.5840277
[1] 2.4317279 0.2743129 0.2269167 1.5857536
[1] 2.4340598 0.2745676 0.2271164 1.5872583
[1] 2.4360931 0.2747898 0.2272905 1.5885704
[1] 2.4378661 0.2749835 0.2274424 1.5897144
[1] 2.4394122 0.2751524 0.2275748 1.5907121
[1] 2.4407604 0.2752997 0.2276903 1.5915821
[1] 2.4419361 0.2754281 0.2277910 1.5923407
[1] 2.4429614 0.2755401 0.2278788 1.5930023
[1] 2.4438556 0.2756378 0.2279554 1.5935793
[1] 2.4446353 0.2757230 0.2280222 1.5940824
[1] 2.4453154 0.2757973 0.2280804 1.5945213
[1] 2.4459085 0.2758621 0.2281312 1.5949040
[1] 2.4464257 0.2759186 0.2281755 1.5952377
Algorithm did not converge after  500  iterations.
numeric(0)
Algorithm converged after  1  iterations.
[1] 0.03150751
Algorithm converged after  2  iterations.
[1] 0.03047148
Algorithm converged after  2  iterations.
[1] 0.02821437
Algorithm converged after  2  iterations.
[1] 0.03150751 0.03047148
Algorithm converged after  2  iterations.
[1] 0.03150751 0.02821437
Algorithm converged after  2  iterations.
[1] 0.03047148 0.02821437
Algorithm converged after  2  iterations.
[1] 0.03150751 0.03047148 0.02821437
Algorithm converged after  2  iterations.
[1] 0.05425515
Algorithm converged after  2  iterations.
[1] 0.05425515 0.01750707
[1] 0.07141859 0.03360709
[1] 0.07145231 0.03361610
Algorithm converged after  25  iterations.
[1] 0.05425515 0.01656325
[1] 0.06508701 0.03480143
[1] 0.06526600 0.03523196
[1] 0.06525134 0.03525912
[1] 0.06524582 0.03526195
[1] 0.06524445 0.03526239
Algorithm converged after  51  iterations.
[1] 0.05425515 0.01087543
[1] 0.09693983 0.03541003
[1] 0.09892043 0.04723402
[1] 0.09891921 0.04722170
Algorithm converged after  33  iterations.
[1] 0.05425515 0.01750707 0.01656325
[1] 0.08764799 0.03392948 0.02850657
[1] 0.08810208 0.03445958 0.02980874
[1] 0.08787653 0.03461980 0.03014378
[1] 0.08786347 0.03468118 0.03025645
[1] 0.08786446 0.03470115 0.03029258
[1] 0.08786501 0.03470745 0.03030398
[1] 0.08786519 0.03470943 0.03030757
[1] 0.08786525 0.03471005 0.03030870
Algorithm converged after  88  iterations.
[1] 0.05425515 0.01750707 0.01087543
[1] 0.15650446 0.03108338 0.07374648
[1] 0.18347740 0.03299545 0.10783146
[1] 0.18956812 0.03342818 0.11234244
[1] 0.19065401 0.03350417 0.11313010
[1] 0.19084624 0.03351762 0.11326939
[1] 0.1908803 0.0335200 0.1132940
[1] 0.19088629 0.03352042 0.11329840
Algorithm converged after  74  iterations.
[1] 0.05425515 0.01656325 0.01087543
[1] 0.14933537 0.03676455 0.05476576
[1] 0.15205549 0.02387627 0.09225369
[1] 0.14151678 0.02342954 0.08512626
[1] 0.13797540 0.02590978 0.08256552
[1] 0.13122460 0.02579413 0.07839038
[1] 0.13038040 0.02575661 0.07778931
[1] 0.13026713 0.02575152 0.07770836
[1] 0.13025204 0.02575074 0.07769727
[1] 0.12489194 0.02622413 0.07415506
[1] 0.12284671 0.02611719 0.07252290
[1] 0.12230931 0.02583495 0.07174651
[1] 0.12239199 0.02619670 0.07244166
[1] 0.12251884 0.02620260 0.07253478
[1] 0.12253600 0.02620330 0.07254699
[1] 0.12253845 0.02620342 0.07254881
[1] 0.12253919 0.02620358 0.07254968
Algorithm converged after  166  iterations.
[1] 0.05425515 0.01750707 0.01656325 0.01087543
[1] 0.31126365 0.05478442 0.03913155 0.07332630
[1] 0.51507667 0.05356548 0.03446344 0.27786519
[1] 0.73704020 0.08977055 0.07779187 0.47572913
[1] 0.9933878 0.1173780 0.1052195 0.6402827
[1] 1.1937124 0.1375279 0.1249290 0.7696590
[1] 1.3574112 0.1539896 0.1411129 0.8755075
[1] 1.4937618 0.1677333 0.1546831 0.9637175
[1] 1.6085372 0.1793230 0.1661634 1.0379932
[1] 1.7057882 0.1891558 0.1759270 1.1009422
[1] 1.7885564 0.1975319 0.1842600 1.1545260
[1] 1.8592206 0.2046879 0.1913899 1.2002797
[1] 1.9196905 0.2108147 0.1975017 1.2394371
[1] 1.9715293 0.2160691 0.2027483 1.2730084
[1] 2.0160299 0.2205810 0.2072571 1.3018295
[1] 2.0542726 0.2244594 0.2111355 1.3265992
[1] 2.0871661 0.2277960 0.2144738 1.3479054
[1] 2.1154787 0.2306683 0.2173490 1.3662451
[1] 2.1398625 0.2331424 0.2198266 1.3820406
[1] 2.1608728 0.2352745 0.2219623 1.3956512
[1] 2.1789835 0.2371124 0.2238039 1.4073837
[1] 2.1946001 0.2386974 0.2253924 1.4175007
[1] 2.2080697 0.2400645 0.2267629 1.4262270
[1] 2.2196904 0.2412441 0.2279456 1.4337556
[1] 2.2297178 0.2422620 0.2289663 1.4402520
[1] 2.2383720 0.2431405 0.2298473 1.4458589
[1] 2.2458420 0.2438988 0.2306079 1.4506986
[1] 2.2522908 0.2445535 0.2312646 1.4548767
[1] 2.2578584 0.2451187 0.2318316 1.4584840
[1] 2.2626658 0.2456068 0.2323213 1.4615987
[1] 2.2668171 0.2460282 0.2327441 1.4642883
[1] 2.2704020 0.2463922 0.2331093 1.4666110
[1] 2.2734980 0.2467065 0.2334247 1.4686170
[1] 2.2761719 0.2469780 0.2336971 1.4703495
[1] 2.2784814 0.2472125 0.2339324 1.4718458
[1] 2.2804762 0.2474150 0.2341357 1.4731382
[1] 2.2821992 0.2475899 0.2343112 1.4742546
[1] 2.2836874 0.2477410 0.2344629 1.4752189
[1] 2.2849730 0.2478716 0.2345939 1.4760519
[1] 2.2860835 0.2479843 0.2347070 1.4767714
[1] 2.2870429 0.2480817 0.2348048 1.4773929
[1] 2.2878715 0.2481659 0.2348892 1.4779299
[1] 2.2885874 0.2482386 0.2349622 1.4783937
[1] 2.2892058 0.2483013 0.2350252 1.4787944
[1] 2.2897401 0.2483556 0.2350796 1.4791405
[1] 2.2902016 0.2484024 0.2351266 1.4794396
[1] 2.2906003 0.2484429 0.2351673 1.4796979
[1] 2.2909447 0.2484779 0.2352024 1.4799211
[1] 2.2912423 0.2485081 0.2352327 1.4801139
[1] 2.2914994 0.2485342 0.2352589 1.4802804
Algorithm did not converge after  500  iterations.
numeric(0)
Algorithm converged after  1  iterations.
[1] 0.03248331
Algorithm converged after  2  iterations.
[1] 0.03306778
Algorithm converged after  2  iterations.
[1] 0.03046614
Algorithm converged after  2  iterations.
[1] 0.03248331 0.03306778
Algorithm converged after  2  iterations.
[1] 0.03248331 0.03046614
Algorithm converged after  2  iterations.
[1] 0.03306778 0.03046614
Algorithm converged after  2  iterations.
[1] 0.03248331 0.03306778 0.03046614
Algorithm converged after  2  iterations.
[1] 0.06471047
Algorithm converged after  2  iterations.
[1] 0.06471047 0.01837665
[1] 0.07673815 0.03106063
[1] 0.07674389 0.03106078
Algorithm converged after  22  iterations.
[1] 0.06471047 0.01598107
[1] 0.06999557 0.03328562
[1] 0.06989713 0.03382179
[1] 0.06989150 0.03386549
[1] 0.06989193 0.03387150
[1] 0.06989215 0.03387262
Algorithm converged after  54  iterations.
[1] 0.06471047 0.01054146
[1] 0.10850580 0.03539543
[1] 0.10978434 0.04632932
[1] 0.10976282 0.04632073
Algorithm converged after  31  iterations.
[1] 0.06471047 0.01837665 0.01598107
[1] 0.09282105 0.03221483 0.02792503
[1] 0.09596600 0.03296725 0.02942046
[1] 0.09616983 0.03302795 0.02954135
[1] 0.09618514 0.03303293 0.02955193
[1] 0.09618680 0.03303346 0.02955312
Algorithm converged after  53  iterations.
[1] 0.06471047 0.01837665 0.01054146
[1] 0.15989450 0.03042431 0.06872126
[1] 0.1772368 0.0315456 0.0938701
[1] 0.17909954 0.03168218 0.09542173
[1] 0.17928162 0.03169478 0.09555897
[1] 0.17929899 0.03169597 0.09557196
Algorithm converged after  57  iterations.
[1] 0.06471047 0.01598107 0.01054146
[1] 0.17233036 0.03275385 0.06086034
[1] 0.14938182 0.02594923 0.08457167
[1] 0.13867392 0.02552406 0.07817246
[1] 0.13786491 0.02545833 0.07760626
[1] 0.13780165 0.02545272 0.07756079
[1] 0.13779664 0.02545227 0.07755718
Algorithm converged after  62  iterations.
[1] 0.06471047 0.01837665 0.01598107 0.01054146
[1] 0.32631129 0.05062394 0.03685166 0.07651693
[1] 0.55766710 0.05591404 0.03813367 0.26651562
[1] 0.74320565 0.09312786 0.10290715 0.44946870
[1] 0.9775216 0.1219045 0.1381551 0.5874095
[1] 1.1772385 0.1443778 0.1641998 0.7054177
[1] 1.3472399 0.1635662 0.1863281 0.8059243
[1] 1.4933262 0.1801341 0.2054072 0.8923046
[1] 1.6196717 0.1945138 0.2219531 0.9670176
[1] 1.7294212 0.2070372 0.2363552 1.0319199
[1] 1.8250506 0.2179708 0.2489241 1.0884740
[1] 1.9085682 0.2275343 0.2599146 1.1378666
[1] 1.9816362 0.2359114 0.2695392 1.1810805
[1] 2.0456501 0.2432578 0.2779778 1.2189403
[1] 2.1017935 0.2497062 0.2853836 1.2521458
[1] 2.1510779 0.2553706 0.2918880 1.2812951
[1] 2.1943730 0.2603494 0.2976046 1.3069023
[1] 2.2324298 0.2647280 0.3026313 1.3294116
[1] 2.2658990 0.2685803 0.3070534 1.3492077
[1] 2.2953462 0.2719708 0.3109452 1.3666251
[1] 2.3212642 0.2749559 0.3143714 1.3819551
[1] 2.3440831 0.2775847 0.3173884 1.3954522
[1] 2.3641788 0.2799003 0.3200459 1.4073386
[1] 2.3818802 0.2819404 0.3223870 1.4178089
[1] 2.3974758 0.2837381 0.3244499 1.4270336
[1] 2.4112183 0.2853225 0.3262679 1.4351623
[1] 2.4233298 0.2867189 0.3278703 1.4423263
[1] 2.4340052 0.2879500 0.3292828 1.4486408
[1] 2.4434158 0.2890352 0.3305280 1.4542073
[1] 2.4517124 0.2899921 0.3316259 1.4591147
[1] 2.4590273 0.2908359 0.3325940 1.4634416
[1] 2.4654773 0.2915799 0.3334476 1.4672568
[1] 2.4711649 0.2922360 0.3342004 1.4706211
[1] 2.4761807 0.2928146 0.3348642 1.4735880
[1] 2.4806040 0.2933249 0.3354497 1.4762045
[1] 2.4845052 0.2937750 0.3359661 1.4785121
[1] 2.4879460 0.2941720 0.3364215 1.4805473
[1] 2.4909807 0.2945221 0.3368232 1.4823424
[1] 2.4936575 0.2948310 0.3371776 1.4839258
[1] 2.4960186 0.2951034 0.3374901 1.4853224
[1] 2.4981012 0.2953437 0.3377658 1.4865543
[1] 2.4999383 0.2955557 0.3380090 1.4876410
[1] 2.5015588 0.2957427 0.3382235 1.4885995
[1] 2.5029883 0.2959077 0.3384127 1.4894451
[1] 2.5042493 0.2960532 0.3385797 1.4901910
[1] 2.5053617 0.2961815 0.3387269 1.4908490
[1] 2.5063430 0.2962948 0.3388569 1.4914295
[1] 2.5072087 0.2963947 0.3389715 1.4919415
[1] 2.5079724 0.2964828 0.3390726 1.4923933
[1] 2.5086461 0.2965606 0.3391617 1.4927918
Algorithm did not converge after  500  iterations.
Warning messages:
1: In max(abs(CT), na.rm = T) :
  no non-missing arguments to max; returning -Inf
2: In max(abs(CT), na.rm = T) :
  no non-missing arguments to max; returning -Inf
3: In max(abs(CT), na.rm = T) :
  no non-missing arguments to max; returning -Inf
4: In max(abs(CT), na.rm = T) :
  no non-missing arguments to max; returning -Inf
5: In max(abs(CT), na.rm = T) :
  no non-missing arguments to max; returning -Inf
6: In max(abs(CT), na.rm = T) :
  no non-missing arguments to max; returning -Inf
7: In max(abs(CT), na.rm = T) :
  no non-missing arguments to max; returning -Inf
8: In max(abs(CT), na.rm = T) :
  no non-missing arguments to max; returning -Inf
9: In max(abs(CT), na.rm = T) :
  no non-missing arguments to max; returning -Inf
10: In max(abs(CT), na.rm = T) :
  no non-missing arguments to max; returning -Inf
[1] "Best iter parameter is:"
      gam     rankJ    rankA1    rankA2    rankA3 
0.1111111 1.0000000 0.0000000 0.0000000 1.0000000 
[1] 0.05600870 0.01010786
[1] 0.10063282 0.03884905
[1] 0.10144053 0.04696697
[1] 0.10141853 0.04694886
Algorithm converged after  33  iterations.
         [,1]     [,2]     [,3]
[1,] 4.238527 9.316721 50.53751
