myseed=8770 

Attaching package: ‘pls’

The following object is masked from ‘package:stats’:

    loadings

Loading required package: lattice
Loading required package: ggplot2
Registered S3 methods overwritten by 'ggplot2':
  method         from 
  [.quosures     rlang
  c.quosures     rlang
  print.quosures rlang

Attaching package: ‘caret’

The following object is masked from ‘package:pls’:

    R2

Loading required package: Matrix
Loading required package: foreach
Loaded glmnet 2.0-18

Parsed with column specification:
cols(
  .default = col_double()
)
See spec(...) for full column specifications.
Parsed with column specification:
cols(
  X1 = col_double()
)
Parsed with column specification:
cols(
  X1 = col_double()
)
numeric(0)
Algorithm converged after  1  iterations.
[1] 0.03789494
Algorithm converged after  2  iterations.
[1] 0.02846793
Algorithm converged after  2  iterations.
[1] 0.02832997
Algorithm converged after  2  iterations.
[1] 0.03789494 0.02846793
Algorithm converged after  2  iterations.
[1] 0.03789494 0.02832997
Algorithm converged after  2  iterations.
[1] 0.02846793 0.02832997
Algorithm converged after  2  iterations.
[1] 0.03789494 0.02846793 0.02832997
Algorithm converged after  2  iterations.
[1] 0.05633151
Algorithm converged after  2  iterations.
[1] 0.05633151 0.01945090
[1] 0.06882557 0.04416710
[1] 0.06907816 0.04434685
[1] 0.06908617 0.04434711
Algorithm converged after  35  iterations.
[1] 0.05633151 0.01695624
[1] 0.07793069 0.04352602
[1] 0.07847739 0.04519680
[1] 0.07855288 0.04545227
[1] 0.07856332 0.04549252
[1] 0.07856453 0.04549876
Algorithm converged after  60  iterations.
[1] 0.056331510 0.009475123
[1] 0.10408013 0.05290843
[1] 0.10732218 0.06114413
[1] 0.1068756 0.0607689
[1] 0.10686250 0.06075798
Algorithm converged after  44  iterations.
[1] 0.05633151 0.01945090 0.01695624
[1] 0.11032523 0.04212518 0.03516599
[1] 0.12093508 0.04345451 0.04148237
[1] 0.11949479 0.04346262 0.04306360
[1] 0.11811342 0.04343001 0.04341253
[1] 0.11763131 0.04343422 0.04354358
[1] 0.11748373 0.04344180 0.04359855
[1] 0.11743809 0.04344621 0.04362079
[1] 0.11742370 0.04344835 0.04362964
[1] 0.11741920 0.04344934 0.04363319
[1] 0.11741784 0.04344980 0.04363464
[1] 0.11741746 0.04345002 0.04363525
Algorithm converged after  111  iterations.
[1] 0.056331510 0.019450905 0.009475123
[1] 0.14957076 0.03906382 0.08793647
[1] 0.23753792 0.04736574 0.16219199
[1] 0.2764615 0.0511728 0.1923612
[1] 0.29201464 0.05271298 0.20445489
[1] 0.29812100 0.05332075 0.20920993
[1] 0.30050245 0.05355824 0.21106544
[1] 0.30142879 0.05365069 0.21178737
[1] 0.30178876 0.05368663 0.21206792
[1] 0.30192859 0.05370059 0.21217691
[1] 0.30198289 0.05370601 0.21221923
[1] 0.30200398 0.05370812 0.21223567
[1] 0.30201217 0.05370894 0.21224206
Algorithm converged after  128  iterations.
[1] 0.056331510 0.016956236 0.009475123
[1] 0.17577251 0.04150611 0.06779555
[1] 0.17230944 0.02227138 0.09715403
[1] 0.13397729 0.02060888 0.07404371
[1] 0.13172834 0.02064078 0.07163014
[1] 0.13164971 0.02064769 0.07146381
[1] 0.13164800 0.02064830 0.07145308
Algorithm converged after  66  iterations.
[1] 0.056331510 0.019450905 0.016956236 0.009475123
[1] 0.34640674 0.05468110 0.05310835 0.10012278
[1] 0.69776672 0.08181015 0.04971009 0.39371424
[1] 0.98871549 0.15667008 0.07620996 0.69386440
[1] 1.2818602 0.2076418 0.1071913 0.9020117
[1] 1.5238581 0.2463813 0.1296350 1.0733529
[1] 1.7285327 0.2791466 0.1488818 1.2178805
[1] 1.9037127 0.3072743 0.1655898 1.3414030
[1] 2.0547748 0.3315891 0.1801464 1.4478239
[1] 2.1857078 0.3527038 0.1928601 1.5400066
[1] 2.2996167 0.3711002 0.2039857 1.6201663
[1] 2.3989945 0.3871687 0.2137368 1.6900753
[1] 2.4858861 0.4012315 0.2222943 1.7511834
[1] 2.5619943 0.4135587 0.2298125 1.8046957
[1] 2.6287530 0.4243785 0.2364235 1.8516255
[1] 2.6873801 0.4338855 0.2422414 1.8928326
[1] 2.7389168 0.4422466 0.2473645 1.9290515
[1] 2.7842584 0.4496054 0.2518785 1.9609130
[1] 2.8241776 0.4560864 0.2558577 1.9889617
[1] 2.8593440 0.4617974 0.2593668 2.0136690
[1] 2.8903394 0.4668322 0.2624626 2.0354443
[1] 2.9176705 0.4712727 0.2651947 2.0546442
[1] 2.9417799 0.4751906 0.2676063 2.0715800
[1] 2.9630542 0.4786482 0.2697356 2.0865237
[1] 2.9818324 0.4817006 0.2716161 2.0997135
[1] 2.9984113 0.4843959 0.2732770 2.1113582
[1] 3.0130518 0.4867762 0.2747444 2.1216411
[1] 3.0259829 0.4888789 0.2760409 2.1307232
[1] 3.0374062 0.4907365 0.2771865 2.1387461
[1] 3.0474989 0.4923779 0.2781990 2.1458343
[1] 3.0564172 0.4938283 0.2790939 2.1520977
[1] 3.0642987 0.4951102 0.2798849 2.1576327
[1] 3.0712644 0.4962432 0.2805841 2.1625246
[1] 3.0774215 0.4972447 0.2812022 2.1668486
[1] 3.0828641 0.4981301 0.2817487 2.1706707
[1] 3.0876755 0.4989128 0.2822319 2.1740496
[1] 3.0919291 0.4996047 0.2826591 2.1770368
[1] 3.0956899 0.5002166 0.2830368 2.1796778
[1] 3.0990151 0.5007575 0.2833709 2.1820128
[1] 3.1019551 0.5012358 0.2836662 2.1840775
[1] 3.1045549 0.5016588 0.2839274 2.1859031
[1] 3.1068537 0.5020328 0.2841584 2.1875175
[1] 3.1088865 0.5023635 0.2843626 2.1889450
[1] 3.1106842 0.5026560 0.2845432 2.1902074
[1] 3.1122739 0.5029147 0.2847030 2.1913237
[1] 3.1136798 0.5031434 0.2848442 2.1923109
[1] 3.1149230 0.5033457 0.2849692 2.1931840
[1] 3.1160225 0.5035246 0.2850797 2.1939561
[1] 3.1169949 0.5036828 0.2851774 2.1946390
[1] 3.1178549 0.5038227 0.2852638 2.1952429
Algorithm did not converge after  500  iterations.
numeric(0)
Algorithm converged after  1  iterations.
[1] 0.03548501
Algorithm converged after  2  iterations.
[1] 0.02800308
Algorithm converged after  2  iterations.
[1] 0.03025234
Algorithm converged after  2  iterations.
[1] 0.03548501 0.02800308
Algorithm converged after  2  iterations.
[1] 0.03548501 0.03025234
Algorithm converged after  2  iterations.
[1] 0.02800308 0.03025234
Algorithm converged after  2  iterations.
[1] 0.03548501 0.02800308 0.03025234
Algorithm converged after  2  iterations.
[1] 0.05489987
Algorithm converged after  2  iterations.
[1] 0.05489987 0.02018174
[1] 0.06902515 0.04162346
[1] 0.06904679 0.04171703
Algorithm converged after  28  iterations.
[1] 0.05489987 0.01842697
[1] 0.05505790 0.02072417
[1] 0.05862171 0.02358294
[1] 0.06886673 0.02759082
[1] 0.05679868 0.02370634
[1] 0.06787134 0.02900142
[1] 0.07306157 0.03469532
[1] 0.07209536 0.03524236
[1] 0.07275820 0.03602103
[1] 0.06756125 0.02749827
[1] 0.07186881 0.03562684
[1] 0.07026513 0.03367153
[1] 0.0728866 0.0356147
[1] 0.07155517 0.02164345
[1] 0.07227189 0.02237022
[1] 0.07115321 0.01562739
[1] 0.07238250 0.03186236
[1] 0.05861157 0.02602689
[1] 0.07442924 0.03554491
[1] 0.07252674 0.03316672
[1] 0.07278370 0.03539949
[1] 0.07154374 0.03495092
[1] 0.07288178 0.03589885
[1] 0.07141077 0.02204312
[1] 0.07037897 0.02151875
[1] 0.07243173 0.03161738
[1] 0.07444795 0.03597976
[1] 0.07103340 0.03454369
[1] 0.07389387 0.02229336
[1] 0.07562514 0.03367874
[1] 0.05703181 0.02410296
[1] 0.07265820 0.03328494
[1] 0.07285264 0.03563155
[1] 0.07137159 0.02819812
[1] 0.07275885 0.03576422
[1] 0.07302306 0.03446055
[1] 0.07091338 0.03401030
[1] 0.07504201 0.02060939
[1] 0.06885630 0.01677811
[1] 0.06809959 0.03279467
[1] 0.07154944 0.03472819
[1] 0.07275443 0.03490072
[1] 0.07430644 0.01621633
[1] 0.07405049 0.03542952
[1] 0.07273173 0.03547621
[1] 0.07158937 0.02745860
[1] 0.07210093 0.02113265
[1] 0.07158495 0.03455478
[1] 0.07084420 0.03411161
[1] 0.07268956 0.03593045
Algorithm did not converge after  500  iterations.
[1] 0.054899871 0.009393867
[1] 0.09107867 0.04536826
[1] 0.09479804 0.04847260
[1] 0.09440466 0.04817439
Algorithm converged after  39  iterations.
[1] 0.05489987 0.02018174 0.01842697
[1] 0.08570151 0.03452746 0.02683302
[1] 0.09318698 0.03330926 0.02936360
[1] 0.09192907 0.03285129 0.02959460
[1] 0.09119818 0.03276780 0.02960366
[1] 0.09102337 0.03275489 0.02960139
[1] 0.09099102 0.03275298 0.02960065
[1] 0.09098564 0.03275270 0.02960049
Algorithm converged after  76  iterations.
[1] 0.054899871 0.020181741 0.009393867
[1] 0.12332174 0.03681872 0.05962741
[1] 0.19546822 0.04123239 0.12198410
[1] 0.2160264 0.0431479 0.1365498
[1] 0.22124179 0.04363405 0.14023832
[1] 0.22255757 0.04375687 0.14116909
[1] 0.22288916 0.04378783 0.14140367
[1] 0.22297270 0.04379563 0.14146277
[1] 0.22299375 0.04379759 0.14147766
[1] 0.22299905 0.04379809 0.14148141
Algorithm converged after  94  iterations.
[1] 0.054899871 0.018426971 0.009393867
[1] 0.14303727 0.03591269 0.05549318
[1] 0.13304241 0.02392752 0.07003747
[1] 0.11079132 0.02354093 0.05972662
[1] 0.11037817 0.02355743 0.05922840
[1] 0.11039202 0.02355807 0.05921700
Algorithm converged after  56  iterations.
[1] 0.054899871 0.020181741 0.018426971 0.009393867
[1] 0.31110850 0.04789077 0.04443337 0.08478679
[1] 0.57821354 0.06643095 0.03565473 0.32385577
[1] 0.86431623 0.13625123 0.07962633 0.53975522
[1] 1.1262695 0.1758953 0.1066852 0.6990791
[1] 1.3258434 0.2047596 0.1260584 0.8207440
[1] 1.4836657 0.2276002 0.1415233 0.9169002
[1] 1.6106085 0.2460024 0.1540651 0.9942100
[1] 1.7137349 0.2609705 0.1643143 1.0569968
[1] 1.7980565 0.2732201 0.1727309 1.1083235
[1] 1.8673113 0.2832874 0.1796662 1.1504720
[1] 1.9243755 0.2915866 0.1853951 1.1851968
[1] 1.9715078 0.2984439 0.1901361 1.2138748
[1] 2.0105095 0.3041199 0.1940653 1.2376037
[1] 2.0428291 0.3088245 0.1973255 1.2572660
[1] 2.0696418 0.3127281 0.2000328 1.2735770
[1] 2.0919057 0.3159700 0.2022826 1.2871204
[1] 2.1104059 0.3186642 0.2041534 1.2983738
[1] 2.1257875 0.3209044 0.2057096 1.3077300
[1] 2.1385824 0.3227680 0.2070047 1.3155125
[1] 2.1492296 0.3243190 0.2080828 1.3219886
[1] 2.1580925 0.3256100 0.2089805 1.3273792
[1] 2.1654720 0.3266850 0.2097281 1.3318676
[1] 2.1716176 0.3275803 0.2103509 1.3356055
[1] 2.1767366 0.3283261 0.2108697 1.3387189
[1] 2.1810012 0.3289474 0.2113020 1.3413126
[1] 2.1845543 0.3294651 0.2116622 1.3434736
[1] 2.1875149 0.3298964 0.2119624 1.3452743
[1] 2.1899822 0.3302559 0.2122125 1.3467748
[1] 2.1920383 0.3305555 0.2124210 1.3480253
[1] 2.1937519 0.3308051 0.2125948 1.3490676
[1] 2.1951802 0.3310132 0.2127396 1.3499362
[1] 2.1963707 0.3311867 0.2128604 1.3506603
[1] 2.1973630 0.3313313 0.2129610 1.3512638
[1] 2.1981901 0.3314518 0.2130449 1.3517668
[1] 2.1988796 0.3315523 0.2131148 1.3521862
[1] 2.1994544 0.3316360 0.2131731 1.3525357
[1] 2.1999335 0.3317058 0.2132217 1.3528271
[1] 2.2003329 0.3317640 0.2132622 1.3530700
[1] 2.2006659 0.3318125 0.2132960 1.3532725
[1] 2.2009434 0.3318530 0.2133242 1.3534413
[1] 2.2011748 0.3318867 0.2133476 1.3535821
[1] 2.2013677 0.3319148 0.2133672 1.3536994
[1] 2.2015285 0.3319382 0.2133835 1.3537972
[1] 2.2016626 0.3319577 0.2133971 1.3538787
[1] 2.2017743 0.3319740 0.2134084 1.3539467
[1] 2.2018675 0.3319876 0.2134179 1.3540033
[1] 2.2019451 0.3319989 0.2134258 1.3540506
[1] 2.2020099 0.3320084 0.2134323 1.3540900
[1] 2.2020639 0.3320162 0.2134378 1.3541228
Algorithm did not converge after  500  iterations.
numeric(0)
Algorithm converged after  1  iterations.
[1] 0.0364461
Algorithm converged after  2  iterations.
[1] 0.02888535
Algorithm converged after  2  iterations.
[1] 0.02962177
Algorithm converged after  2  iterations.
[1] 0.03644610 0.02888535
Algorithm converged after  2  iterations.
[1] 0.03644610 0.02962177
Algorithm converged after  2  iterations.
[1] 0.02888535 0.02962177
Algorithm converged after  2  iterations.
[1] 0.03644610 0.02888535 0.02962177
Algorithm converged after  2  iterations.
[1] 0.05652665
Algorithm converged after  2  iterations.
[1] 0.05652665 0.01936611
[1] 0.06898117 0.04156168
[1] 0.06897838 0.04160671
Algorithm converged after  29  iterations.
[1] 0.05652665 0.01800171
[1] 0.08023034 0.03740403
[1] 0.07916992 0.03875352
[1] 0.07613730 0.03836389
[1] 0.07600597 0.03831131
[1] 0.07599698 0.03830943
Algorithm converged after  56  iterations.
[1] 0.05652665 0.01003852
[1] 0.09962165 0.04371453
[1] 0.09998530 0.04285756
[1] 0.09995393 0.04280713
Algorithm converged after  31  iterations.
[1] 0.05652665 0.01936611 0.01800171
[1] 0.09318121 0.03251199 0.03165700
[1] 0.09378915 0.03284032 0.03256135
[1] 0.09300024 0.03299403 0.03309372
[1] 0.09264664 0.03310179 0.03338080
[1] 0.09250942 0.03316590 0.03352110
[1] 0.09245985 0.03320221 0.03358833
[1] 0.09244390 0.03322229 0.03362069
[1] 0.09243984 0.03323321 0.03363642
[1] 0.09243950 0.03323907 0.03364415
[1] 0.09244004 0.03324217 0.03364797
[1] 0.09244061 0.03324381 0.03364988
[1] 0.09244102 0.03324466 0.03365083
[1] 0.09244128 0.03324511 0.03365131
Algorithm converged after  132  iterations.
[1] 0.05652665 0.01936611 0.01003852
[1] 0.15432851 0.03835572 0.07733571
[1] 0.17923364 0.04276793 0.09817924
[1] 0.18411258 0.04333795 0.10131940
[1] 0.18502991 0.04344241 0.10190286
[1] 0.1852021 0.0434620 0.1020123
[1] 0.18523439 0.04346567 0.10203285
[1] 0.18524045 0.04346636 0.10203670
Algorithm converged after  74  iterations.
[1] 0.05652665 0.01800171 0.01003852
[1] 0.16336043 0.04061683 0.05149220
[1] 0.17216525 0.03023105 0.06605440
[1] 0.14489593 0.02306585 0.05987861
[1] 0.14084482 0.02307591 0.05709733
[1] 0.14145716 0.02313567 0.05718822
[1] 0.14148998 0.02313571 0.05719516
Algorithm converged after  70  iterations.
[1] 0.05652665 0.01936611 0.01800171 0.01003852
[1] 0.30632065 0.04479688 0.03974612 0.08627993
[1] 0.56565268 0.08249982 0.04232183 0.29415123
[1] 0.86472162 0.16317753 0.09919189 0.46710454
[1] 1.1294332 0.2066695 0.1304956 0.6057301
[1] 1.3461592 0.2408491 0.1550715 0.7194863
[1] 1.5260664 0.2691941 0.1756784 0.8139188
[1] 1.6770117 0.2929829 0.1931094 0.8931445
[1] 1.8045350 0.3130839 0.2079216 0.9600740
[1] 1.9127815 0.3301478 0.2205490 1.0168846
[1] 2.0049783 0.3446821 0.2313394 1.0652711
[1] 2.0837051 0.3570930 0.2405771 1.1065877
[1] 2.1510615 0.3677112 0.2484967 1.1419368
[1] 2.2087787 0.3768098 0.2552943 1.1722270
[1] 2.2582968 0.3846157 0.2611340 1.1982143
[1] 2.3008231 0.3913192 0.2661548 1.2205323
[1] 2.3373745 0.3970808 0.2704741 1.2397146
[1] 2.3688116 0.4020362 0.2741920 1.2562129
[1] 2.3958651 0.4063005 0.2773935 1.2704107
[1] 2.4191571 0.4099718 0.2801513 1.2826344
[1] 2.4392184 0.4131338 0.2825278 1.2931627
[1] 2.4565029 0.4158582 0.2845761 1.3022337
[1] 2.4713991 0.4182061 0.2863419 1.3100514
[1] 2.4842400 0.4202300 0.2878646 1.3167904
[1] 2.4953114 0.4219750 0.2891777 1.3226008
[1] 2.5048589 0.4234797 0.2903103 1.3276113
[1] 2.5130933 0.4247776 0.2912874 1.3319328
[1] 2.5201961 0.4258970 0.2921303 1.3356605
[1] 2.5263235 0.4268628 0.2928575 1.3388762
[1] 2.531610 0.427696 0.293485 1.341651
[1] 2.5361713 0.4284149 0.2940265 1.3440444
[1] 2.5401071 0.4290352 0.2944937 1.3461100
[1] 2.5435035 0.4295705 0.2948970 1.3478924
[1] 2.5464345 0.4300324 0.2952450 1.3494306
[1] 2.5489639 0.4304310 0.2955453 1.3507581
[1] 2.5511469 0.4307751 0.2958045 1.3519038
[1] 2.5530310 0.4310720 0.2960283 1.3528926
[1] 2.5546572 0.4313283 0.2962214 1.3537460
[1] 2.5560607 0.4315495 0.2963881 1.3544826
[1] 2.5572722 0.4317405 0.2965320 1.3551184
[1] 2.5583179 0.4319053 0.2966562 1.3556672
[1] 2.5592204 0.4320475 0.2967634 1.3561409
[1] 2.5599995 0.4321703 0.2968559 1.3565498
[1] 2.5606720 0.4322763 0.2969358 1.3569027
[1] 2.5612525 0.4323678 0.2970047 1.3572073
[1] 2.5617535 0.4324468 0.2970642 1.3574703
[1] 2.5621861 0.4325149 0.2971156 1.3576973
[1] 2.5625594 0.4325738 0.2971599 1.3578932
[1] 2.5628817 0.4326246 0.2971982 1.3580624
[1] 2.5631599 0.4326684 0.2972313 1.3582084
Algorithm did not converge after  500  iterations.
numeric(0)
Algorithm converged after  1  iterations.
[1] 0.03853753
Algorithm converged after  2  iterations.
[1] 0.02973159
Algorithm converged after  2  iterations.
[1] 0.03045475
Algorithm converged after  2  iterations.
[1] 0.03853753 0.02973159
Algorithm converged after  2  iterations.
[1] 0.03853753 0.03045475
Algorithm converged after  2  iterations.
[1] 0.02973159 0.03045475
Algorithm converged after  2  iterations.
[1] 0.03853753 0.02973159 0.03045475
Algorithm converged after  2  iterations.
[1] 0.05865856
Algorithm converged after  2  iterations.
[1] 0.05865856 0.02023913
[1] 0.07224391 0.04386307
[1] 0.07240213 0.04415363
[1] 0.07239934 0.04415819
Algorithm converged after  31  iterations.
[1] 0.05865856 0.01865915
[1] 0.07966478 0.03811331
[1] 0.07968705 0.03822301
[1] 0.07693365 0.04090780
[1] 0.07695027 0.04107693
[1] 0.07695786 0.04109127
[1] 0.07695864 0.04109251
Algorithm converged after  61  iterations.
[1] 0.058658557 0.009714364
[1] 0.1101426 0.0611099
[1] 0.10954077 0.06337873
[1] 0.10931644 0.06319634
[1] 0.10931132 0.06319219
Algorithm converged after  41  iterations.
[1] 0.05865856 0.02023913 0.01865915
[1] 0.10238178 0.03657502 0.03468186
[1] 0.10537399 0.03623231 0.03759232
[1] 0.10438174 0.03614214 0.03795913
[1] 0.10423408 0.03613476 0.03800328
[1] 0.10421565 0.03613040 0.03800648
[1] 0.10421102 0.03612872 0.03800578
Algorithm converged after  68  iterations.
[1] 0.058658557 0.020239134 0.009714364
[1] 0.15681443 0.03880294 0.09623572
[1] 0.2124862 0.0439934 0.1443848
[1] 0.23114790 0.04568402 0.15935870
[1] 0.2369727 0.0462136 0.1640425
[1] 0.23877715 0.04637788 0.16549494
[1] 0.23933500 0.04642869 0.16594409
[1] 0.23950735 0.04644439 0.16608286
[1] 0.23956059 0.04644924 0.16612573
[1] 0.23957703 0.04645074 0.16613897
[1] 0.2395821 0.0464512 0.1661431
Algorithm converged after  104  iterations.
[1] 0.058658557 0.018659152 0.009714364
[1] 0.18052483 0.04306794 0.06787885
[1] 0.15889056 0.02570742 0.08918588
[1] 0.13418633 0.02518239 0.07495076
[1] 0.13304721 0.02522298 0.07366788
[1] 0.13303303 0.02522803 0.07360224
Algorithm converged after  59  iterations.
[1] 0.058658557 0.020239134 0.018659152 0.009714364
[1] 0.33744745 0.05106239 0.05180242 0.09248096
[1] 0.67212199 0.07301310 0.05034837 0.34710332
[1] 0.93596212 0.13918017 0.08095844 0.61927115
[1] 1.2074912 0.1856553 0.1189456 0.7900078
[1] 1.4120590 0.2150993 0.1419109 0.9199591
[1] 1.5729617 0.2379938 0.1598526 1.0220512
[1] 1.7010859 0.2562242 0.1742540 1.1032301
[1] 1.8038789 0.2708619 0.1858885 1.1682913
[1] 1.8867590 0.2826723 0.1953183 1.2207090
[1] 1.9538154 0.2922332 0.2029778 1.2630948
[1] 2.0082055 0.2999913 0.2092093 1.2974595
[1] 2.0524047 0.3062980 0.2142849 1.3253759
[1] 2.0883739 0.3114316 0.2184230 1.3480882
[1] 2.1176779 0.3156148 0.2217990 1.3665880
[1] 2.1415726 0.3190263 0.2245551 1.3816704
[1] 2.1610698 0.3218104 0.2268059 1.3939754
[1] 2.1769876 0.3240835 0.2286449 1.4040204
[1] 2.1899888 0.3259404 0.2301478 1.4122241
[1] 2.2006115 0.3274576 0.2313763 1.4189265
[1] 2.2092932 0.3286976 0.2323808 1.4244040
[1] 2.2163904 0.3297114 0.2332021 1.4288815
[1] 2.2221932 0.3305403 0.2338739 1.4325423
[1] 2.2269385 0.3312182 0.2344233 1.4355358
[1] 2.2308195 0.3317726 0.2348727 1.4379840
[1] 2.2339938 0.3322261 0.2352404 1.4399865
[1] 2.2365904 0.3325970 0.2355412 1.4416244
[1] 2.2387146 0.3329005 0.2357872 1.4429644
[1] 2.2404524 0.3331488 0.2359886 1.4440606
[1] 2.2418741 0.3333519 0.2361533 1.4449574
[1] 2.2430374 0.3335181 0.2362881 1.4456911
[1] 2.2439891 0.3336540 0.2363983 1.4462914
[1] 2.2447678 0.3337653 0.2364886 1.4467826
[1] 2.2454050 0.3338563 0.2365624 1.4471845
[1] 2.2459263 0.3339308 0.2366228 1.4475134
[1] 2.2463529 0.3339918 0.2366723 1.4477825
[1] 2.2467020 0.3340416 0.2367127 1.4480027
[1] 2.2469876 0.3340824 0.2367458 1.4481828
[1] 2.2472213 0.3341158 0.2367729 1.4483303
[1] 2.2474126 0.3341431 0.2367951 1.4484509
[1] 2.2475691 0.3341655 0.2368132 1.4485496
[1] 2.2476971 0.3341838 0.2368280 1.4486304
[1] 2.2478019 0.3341988 0.2368402 1.4486965
[1] 2.2478877 0.3342110 0.2368501 1.4487506
[1] 2.2479578 0.3342210 0.2368583 1.4487948
[1] 2.2480153 0.3342292 0.2368649 1.4488310
[1] 2.2480622 0.3342360 0.2368704 1.4488607
[1] 2.2481007 0.3342415 0.2368748 1.4488849
[1] 2.2481322 0.3342459 0.2368785 1.4489048
[1] 2.2481579 0.3342496 0.2368814 1.4489210
Algorithm converged after  498  iterations.
numeric(0)
Algorithm converged after  1  iterations.
[1] 0.03396318
Algorithm converged after  2  iterations.
[1] 0.02877761
Algorithm converged after  2  iterations.
[1] 0.02727339
Algorithm converged after  2  iterations.
[1] 0.03396318 0.02877761
Algorithm converged after  2  iterations.
[1] 0.03396318 0.02727339
Algorithm converged after  2  iterations.
[1] 0.02877761 0.02727339
Algorithm converged after  2  iterations.
[1] 0.03396318 0.02877761 0.02727339
Algorithm converged after  2  iterations.
[1] 0.04931971
Algorithm converged after  2  iterations.
[1] 0.04931971 0.01788465
[1] 0.06295905 0.04349093
[1] 0.06305126 0.04372222
[1] 0.06304987 0.04372611
Algorithm converged after  32  iterations.
[1] 0.04931971 0.01319011
[1] 0.06150750 0.03729243
[1] 0.06921807 0.04379991
[1] 0.06890332 0.02060764
[1] 0.06906630 0.04312728
[1] 0.06096199 0.03722237
[1] 0.05756364 0.03414542
[1] 0.06144077 0.03756529
[1] 0.06098815 0.01836284
[1] 0.06793641 0.04287714
[1] 0.06914561 0.04361971
[1] 0.06855085 0.02065110
[1] 0.06628558 0.02117062
[1] 0.06914919 0.04354984
[1] 0.06841380 0.04268918
[1] 0.06609267 0.04060059
[1] 0.06914757 0.04366116
[1] 0.06912197 0.04340132
[1] 0.06936616 0.02057307
[1] 0.06633982 0.04089561
[1] 0.06629718 0.04100082
[1] 0.06100423 0.03737606
[1] 0.05737763 0.03376321
[1] 0.06959394 0.02049777
[1] 0.06560438 0.04006172
[1] 0.06931716 0.04379983
[1] 0.06874702 0.02119589
[1] 0.06897568 0.02067350
[1] 0.06635495 0.04098542
[1] 0.05663489 0.03282175
[1] 0.07023474 0.04417688
[1] 0.06617768 0.04037323
[1] 0.06548041 0.03986712
[1] 0.06233385 0.03747297
[1] 0.06795158 0.04232836
[1] 0.06790032 0.04228042
[1] 0.06722666 0.02161626
[1] 0.06905430 0.04338129
[1] 0.06937490 0.04358688
[1] 0.06906047 0.04358807
[1] 0.06907179 0.04370427
[1] 0.06913443 0.04353342
[1] 0.06906253 0.04364970
[1] 0.06907220 0.04373836
[1] 0.06946613 0.04375600
[1] 0.06895218 0.04273388
[1] 0.06934592 0.02211887
[1] 0.06116153 0.02911589
[1] 0.06895975 0.04278463
[1] 0.06913219 0.04361019
Algorithm did not converge after  500  iterations.
[1] 0.049319714 0.008807037
[1] 0.09130197 0.04699714
[1] 0.09159514 0.04581418
[1] 0.09118866 0.04551112
[1] 0.09118194 0.04550613
Algorithm converged after  41  iterations.
[1] 0.04931971 0.01788465 0.01319011
[1] 0.09659520 0.03359098 0.03737063
[1] 0.09475387 0.03256379 0.03749607
[1] 0.09210078 0.03235214 0.03731425
[1] 0.09158658 0.03237220 0.03734295
[1] 0.09154721 0.03239549 0.03737598
[1] 0.09155685 0.03240555 0.03739063
[1] 0.09156326 0.03240920 0.03739600
[1] 0.09156583 0.03241046 0.03739785
[1] 0.09156675 0.03241089 0.03739848
Algorithm converged after  91  iterations.
[1] 0.049319714 0.017884650 0.008807037
[1] 0.15100772 0.03806167 0.09165243
[1] 0.20324293 0.04324975 0.13131028
[1] 0.21930473 0.04487767 0.14353311
[1] 0.22411476 0.04536592 0.14720579
[1] 0.2255462 0.0455113 0.1482999
[1] 0.22597147 0.04555449 0.14862501
[1] 0.22609773 0.04556732 0.14872155
[1] 0.22613521 0.04557112 0.14875021
[1] 0.22614634 0.04557225 0.14875872
[1] 0.22614964 0.04557259 0.14876124
Algorithm converged after  101  iterations.
[1] 0.049319714 0.013190107 0.008807037
[1] 0.15117155 0.04225653 0.04897833
[1] 0.15955377 0.02754647 0.06840462
[1] 0.11965145 0.02305190 0.05681217
[1] 0.11764459 0.02321415 0.05473210
[1] 0.11792560 0.02323278 0.05478265
[1] 0.11793728 0.02323225 0.05479081
Algorithm converged after  66  iterations.
[1] 0.049319714 0.017884650 0.013190107 0.008807037
[1] 0.29732895 0.04332658 0.04526169 0.08487339
[1] 0.55640761 0.06586587 0.03429350 0.32764388
[1] 0.84961203 0.13656141 0.07300964 0.54370043
[1] 1.1314976 0.1782579 0.1007071 0.7221181
[1] 1.3400513 0.2078190 0.1209544 0.8542811
[1] 1.5030083 0.2309519 0.1371871 0.9573176
[1] 1.6340285 0.2495865 0.1504638 1.0400394
[1] 1.7409798 0.2648164 0.1614271 1.1075008
[1] 1.8290999 0.2773748 0.1705345 1.1630480
[1] 1.9021578 0.2877921 0.1781310 1.2090791
[1] 1.9629953 0.2964701 0.1844861 1.2473974
[1] 2.0138207 0.3037219 0.1898144 1.2794012
[1] 2.0563855 0.3097962 0.1942893 1.3061980
[1] 2.0920998 0.3148935 0.1980526 1.3286785
[1] 2.1221106 0.3191773 0.2012206 1.3475664
[1] 2.1473579 0.3227815 0.2038899 1.3634547
[1] 2.1686180 0.3258166 0.2061403 1.3768327
[1] 2.1865349 0.3283746 0.2080387 1.3881062
[1] 2.2016438 0.3305317 0.2096409 1.3976124
[1] 2.2143915 0.3323518 0.2109937 1.4056326
[1] 2.2251514 0.3338881 0.2121362 1.4124019
[1] 2.2342368 0.3351854 0.2131013 1.4181176
[1] 2.2419105 0.3362811 0.2139168 1.4229450
[1] 2.2483935 0.3372068 0.2146060 1.4270233
[1] 2.2538717 0.3379890 0.2151886 1.4304694
[1] 2.2585015 0.3386501 0.2156810 1.4333818
[1] 2.2624150 0.3392089 0.2160974 1.4358435
[1] 2.2657233 0.3396813 0.2164494 1.4379246
[1] 2.2685204 0.3400807 0.2167470 1.4396840
[1] 2.2708853 0.3404184 0.2169988 1.4411717
[1] 2.2728852 0.3407040 0.2172116 1.4424296
[1] 2.2745763 0.3409455 0.2173916 1.4434933
[1] 2.2760065 0.3411497 0.2175439 1.4443929
[1] 2.2772160 0.3413224 0.2176727 1.4451538
[1] 2.2782389 0.3414685 0.2177816 1.4457972
[1] 2.2791041 0.3415920 0.2178737 1.4463414
[1] 2.2798359 0.3416965 0.2179516 1.4468017
[1] 2.2804549 0.3417849 0.2180175 1.4471910
[1] 2.2809784 0.3418597 0.2180733 1.4475204
[1] 2.2814213 0.3419229 0.2181204 1.4477989
[1] 2.2817958 0.3419764 0.2181603 1.4480345
[1] 2.2821127 0.3420216 0.2181941 1.4482338
[1] 2.2823807 0.3420599 0.2182226 1.4484024
[1] 2.2826074 0.3420923 0.2182468 1.4485450
[1] 2.2827991 0.3421197 0.2182672 1.4486656
[1] 2.2829614 0.3421428 0.2182845 1.4487676
[1] 2.2830986 0.3421624 0.2182991 1.4488539
[1] 2.2832147 0.3421790 0.2183114 1.4489270
[1] 2.2833128 0.3421930 0.2183219 1.4489887
Algorithm did not converge after  500  iterations.
numeric(0)
Algorithm converged after  1  iterations.
[1] 0.03476155
Algorithm converged after  2  iterations.
[1] 0.03115494
Algorithm converged after  2  iterations.
[1] 0.02746627
Algorithm converged after  2  iterations.
[1] 0.03476155 0.03115494
Algorithm converged after  2  iterations.
[1] 0.03476155 0.02746627
Algorithm converged after  2  iterations.
[1] 0.03115494 0.02746627
Algorithm converged after  2  iterations.
[1] 0.03476155 0.03115494 0.02746627
Algorithm converged after  2  iterations.
[1] 0.05690055
Algorithm converged after  2  iterations.
[1] 0.05690055 0.01888697
[1] 0.06812971 0.04106664
[1] 0.06839752 0.04124070
Algorithm converged after  28  iterations.
[1] 0.05690055 0.01661440
[1] 0.07219405 0.03649723
[1] 0.07212932 0.03662597
[1] 0.07211560 0.03662782
[1] 0.07211327 0.03662749
Algorithm converged after  43  iterations.
[1] 0.05690055 0.00938011
[1] 0.11668351 0.05350906
[1] 0.11157092 0.05292689
[1] 0.11123079 0.05265202
[1] 0.11121922 0.05264267
Algorithm converged after  44  iterations.
[1] 0.05690055 0.01888697 0.01661440
[1] 0.08922003 0.03454917 0.03119975
[1] 0.09187462 0.03427791 0.03225798
[1] 0.08989154 0.03413081 0.03236452
[1] 0.08920897 0.03423488 0.03253012
[1] 0.08910473 0.03432192 0.03265339
[1] 0.08910943 0.03436522 0.03271710
[1] 0.08912017 0.03438407 0.03274576
[1] 0.08912603 0.03439203 0.03275805
[1] 0.08912876 0.03439538 0.03276325
[1] 0.08912998 0.03439679 0.03276545
[1] 0.08913053 0.03439739 0.03276637
Algorithm converged after  119  iterations.
[1] 0.05690055 0.01888697 0.00938011
[1] 0.11756199 0.03141608 0.05231236
[1] 0.17511879 0.03725066 0.10836046
[1] 0.1908082 0.0384879 0.1193511
[1] 0.19454990 0.03877632 0.12195226
[1] 0.19543573 0.03884453 0.12256782
[1] 0.19564521 0.03886066 0.12271337
[1] 0.19569473 0.03886447 0.12274778
[1] 0.19570643 0.03886537 0.12275591
Algorithm converged after  90  iterations.
[1] 0.05690055 0.01661440 0.00938011
[1] 0.17175498 0.03322956 0.05595260
[1] 0.15476844 0.02144663 0.07871527
[1] 0.14339503 0.02123582 0.07236205
[1] 0.14237078 0.02121208 0.07140536
[1] 0.14226702 0.02120972 0.07129339
[1] 0.14225598 0.02120947 0.07128095
Algorithm converged after  69  iterations.
[1] 0.05690055 0.01888697 0.01661440 0.00938011
[1] 0.33442982 0.04648315 0.04657544 0.08411267
[1] 0.66286774 0.06261195 0.05169117 0.30595702
[1] 0.86853417 0.12571302 0.08363985 0.55678325
[1] 1.1436174 0.1707628 0.1194490 0.7284300
[1] 1.3675316 0.2006192 0.1425127 0.8699970
[1] 1.5533194 0.2251905 0.1616707 0.9874168
[1] 1.7096244 0.2458724 0.1779236 1.0861495
[1] 1.8422500 0.2634331 0.1918048 1.1698932
[1] 1.9554251 0.2784252 0.2037090 1.2413363
[1] 2.0523944 0.2912742 0.2139476 1.3025373
[1] 2.1357304 0.3023187 0.2227731 1.3551261
[1] 2.2075171 0.3118336 0.2303937 1.4004216
[1] 2.2694691 0.3200455 0.2369832 1.4395083
[1] 2.3230129 0.3271431 0.2426874 1.4732878
[1] 2.3693454 0.3332849 0.2476298 1.5025163
[1] 2.4094776 0.3386048 0.2519155 1.5278322
[1] 2.4442678 0.3432166 0.2556342 1.5497775
[1] 2.4744478 0.3472172 0.2588627 1.5688143
[1] 2.5006437 0.3506897 0.2616667 1.5853375
[1] 2.5233925 0.3537052 0.2641032 1.5996862
[1] 2.5431561 0.3563249 0.2662209 1.6121518
[1] 2.5603321 0.3586017 0.2680622 1.6229852
[1] 2.5752640 0.3605810 0.2696634 1.6324030
[1] 2.5882483 0.3623020 0.2710562 1.6405923
[1] 2.5995415 0.3637990 0.2722679 1.6477150
[1] 2.6093657 0.3651012 0.2733222 1.6539111
[1] 2.6179135 0.3662342 0.2742397 1.6593022
[1] 2.6253516 0.3672201 0.2750382 1.6639934
[1] 2.6318250 0.3680781 0.2757333 1.6680761
[1] 2.6374595 0.3688249 0.2763384 1.6716297
[1] 2.6423640 0.3694750 0.2768651 1.6747229
[1] 2.6466337 0.3700409 0.2773237 1.6774157
[1] 2.6503508 0.3705336 0.2777230 1.6797601
[1] 2.6535871 0.3709626 0.2780707 1.6818012
[1] 2.6564050 0.3713361 0.2783734 1.6835783
[1] 2.6588586 0.3716613 0.2786370 1.6851258
[1] 2.6609951 0.3719445 0.2788665 1.6864733
[1] 2.6628556 0.3721911 0.2790665 1.6876466
[1] 2.6644758 0.3724058 0.2792405 1.6886684
[1] 2.6658867 0.3725928 0.2793921 1.6895583
[1] 2.6671154 0.3727557 0.2795242 1.6903332
[1] 2.6681855 0.3728975 0.2796392 1.6910080
[1] 2.6691174 0.3730210 0.2797393 1.6915958
[1] 2.6699290 0.3731286 0.2798265 1.6921077
[1] 2.6706359 0.3732223 0.2799025 1.6925535
[1] 2.6712515 0.3733039 0.2799687 1.6929417
[1] 2.6717877 0.3733750 0.2800263 1.6932799
[1] 2.6722547 0.3734369 0.2800765 1.6935744
[1] 2.6726614 0.3734908 0.2801202 1.6938309
Algorithm did not converge after  500  iterations.
numeric(0)
Algorithm converged after  1  iterations.
[1] 0.03741422
Algorithm converged after  2  iterations.
[1] 0.02837911
Algorithm converged after  2  iterations.
[1] 0.02605539
Algorithm converged after  2  iterations.
[1] 0.03741422 0.02837911
Algorithm converged after  2  iterations.
[1] 0.03741422 0.02605539
Algorithm converged after  2  iterations.
[1] 0.02837911 0.02605539
Algorithm converged after  2  iterations.
[1] 0.03741422 0.02837911 0.02605539
Algorithm converged after  2  iterations.
[1] 0.05731846
Algorithm converged after  2  iterations.
[1] 0.05731846 0.01669535
[1] 0.06740372 0.04123540
[1] 0.06742114 0.04130573
Algorithm converged after  29  iterations.
[1] 0.05731846 0.01725046
[1] 0.07614661 0.03621218
[1] 0.07625437 0.03658841
[1] 0.07626860 0.03661816
[1] 0.07627190 0.03662112
Algorithm converged after  46  iterations.
[1] 0.057318455 0.009739136
[1] 0.1114988 0.0447841
[1] 0.10167289 0.05076022
[1] 0.10061097 0.04997049
[1] 0.10059326 0.04995708
Algorithm converged after  44  iterations.
[1] 0.05731846 0.01669535 0.01725046
[1] 0.08154092 0.03601900 0.02942831
[1] 0.08095004 0.03571193 0.03238408
[1] 0.07899424 0.03617694 0.03374231
[1] 0.07908302 0.03655518 0.03446440
[1] 0.07933926 0.03673532 0.03478660
[1] 0.07948095 0.03681425 0.03492242
[1] 0.07954840 0.03684874 0.03497998
[1] 0.07957953 0.03686390 0.03500471
[1] 0.07959371 0.03687058 0.03501545
[1] 0.07960010 0.03687353 0.03502015
[1] 0.07960297 0.03687484 0.03502221
[1] 0.07960426 0.03687542 0.03502312
Algorithm converged after  128  iterations.
[1] 0.057318455 0.016695348 0.009739136
[1] 0.15111284 0.03891861 0.08288263
[1] 0.19968809 0.04445295 0.12356280
[1] 0.21719206 0.04629714 0.13735653
[1] 0.22308123 0.04691962 0.14201585
[1] 0.22504767 0.04712775 0.14357390
[1] 0.22570279 0.04719712 0.14409322
[1] 0.22592087 0.04722022 0.14426611
[1] 0.22599344 0.04722791 0.14432366
[1] 0.22601759 0.04723046 0.14434281
[1] 0.22602563 0.04723131 0.14434918
Algorithm converged after  110  iterations.
[1] 0.057318455 0.017250464 0.009739136
[1] 0.18446205 0.04442820 0.05235995
[1] 0.17658554 0.02550097 0.06990453
[1] 0.12968611 0.01947045 0.06199883
[1] 0.12563148 0.01952281 0.05905637
[1] 0.12572202 0.01954521 0.05894899
[1] 0.12574358 0.01954617 0.05895437
Algorithm converged after  66  iterations.
[1] 0.057318455 0.016695348 0.017250464 0.009739136
[1] 0.32028132 0.04760389 0.04254499 0.08975006
[1] 0.57661567 0.07091737 0.03253943 0.33809749
[1] 0.8897125 0.1435237 0.0746406 0.5650544
[1] 1.1784099 0.1856565 0.1026183 0.7468610
[1] 1.4122762 0.2186565 0.1247560 0.8941706
[1] 1.6073835 0.2461744 0.1435196 1.0169944
[1] 1.7721036 0.2694255 0.1595565 1.1206460
[1] 1.9121274 0.2892038 0.1733123 1.2087314
[1] 2.0317019 0.3061015 0.1851388 1.2839369
[1] 2.1341470 0.3205831 0.1953241 1.3483589
[1] 2.2221305 0.3330230 0.2041075 1.4036804
[1] 2.2978356 0.3437285 0.2116898 1.4512774
[1] 2.3630719 0.3529545 0.2182410 1.4922897
[1] 2.4193533 0.3609146 0.2239052 1.5276705
[1] 2.4679555 0.3677889 0.2288053 1.5582225
[1] 2.5099590 0.3737301 0.2330465 1.5846256
[1] 2.5462831 0.3788680 0.2367187 1.6074582
[1] 2.5777128 0.3833138 0.2398995 1.6272138
[1] 2.6049196 0.3871622 0.2426554 1.6443148
[1] 2.6284800 0.3904949 0.2450437 1.6591235
[1] 2.6488891 0.3933818 0.2471139 1.6719514
[1] 2.6665733 0.3958833 0.2489087 1.6830665
[1] 2.6818999 0.3980513 0.2504649 1.6926997
[1] 2.6951858 0.3999306 0.2518145 1.7010502
[1] 2.706705 0.401560 0.252985 1.708290
[1] 2.7166931 0.4029729 0.2540002 1.7145679
[1] 2.7253553 0.4041982 0.2548809 1.7200122
[1] 2.7328683 0.4052610 0.2556449 1.7247342
[1] 2.7393851 0.4061828 0.2563078 1.7288301
[1] 2.7450383 0.4069824 0.2568829 1.7323832
[1] 2.7499426 0.4076762 0.2573819 1.7354656
[1] 2.7541975 0.4082780 0.2578148 1.7381398
[1] 2.7578892 0.4088002 0.2581905 1.7404601
[1] 2.7610924 0.4092533 0.2585165 1.7424733
[1] 2.7638717 0.4096465 0.2587994 1.7442201
[1] 2.7662835 0.4099876 0.2590449 1.7457359
[1] 2.7683763 0.4102837 0.2592579 1.7470512
[1] 2.7701924 0.4105406 0.2594428 1.7481927
[1] 2.7717684 0.4107635 0.2596033 1.7491832
[1] 2.7731360 0.4109569 0.2597425 1.7500427
[1] 2.7743229 0.4111248 0.2598633 1.7507887
[1] 2.7753529 0.4112705 0.2599682 1.7514361
[1] 2.7762468 0.4113970 0.2600592 1.7519979
[1] 2.7770226 0.4115067 0.2601382 1.7524855
[1] 2.7776959 0.4116019 0.2602068 1.7529086
[1] 2.7782802 0.4116846 0.2602663 1.7532758
[1] 2.7787873 0.4117563 0.2603179 1.7535946
[1] 2.7792274 0.4118186 0.2603627 1.7538712
[1] 2.7796094 0.4118726 0.2604016 1.7541112
Algorithm did not converge after  500  iterations.
numeric(0)
Algorithm converged after  1  iterations.
[1] 0.03903116
Algorithm converged after  2  iterations.
[1] 0.03154982
Algorithm converged after  2  iterations.
[1] 0.0280673
Algorithm converged after  2  iterations.
[1] 0.03903116 0.03154982
Algorithm converged after  2  iterations.
[1] 0.03903116 0.02806730
Algorithm converged after  2  iterations.
[1] 0.03154982 0.02806730
Algorithm converged after  2  iterations.
[1] 0.03903116 0.03154982 0.02806730
Algorithm converged after  2  iterations.
[1] 0.06152848
Algorithm converged after  2  iterations.
[1] 0.06152848 0.01927746
[1] 0.07396667 0.04263723
[1] 0.07395111 0.04275531
Algorithm converged after  29  iterations.
[1] 0.06152848 0.01624967
[1] 0.07692527 0.03985277
[1] 0.07756906 0.04093350
[1] 0.07773007 0.04108297
[1] 0.07776747 0.04110769
[1] 0.07777581 0.04111222
[1] 0.07777763 0.04111311
Algorithm converged after  62  iterations.
[1] 0.06152848 0.01086620
[1] 0.12630396 0.05603781
[1] 0.11298836 0.04686257
[1] 0.11164421 0.04563201
Algorithm converged after  36  iterations.
[1] 0.06152848 0.01927746 0.01624967
[1] 0.10406791 0.04315752 0.03196161
[1] 0.11220924 0.04434312 0.03337807
[1] 0.11163566 0.04416790 0.03412616
[1] 0.11046792 0.04412143 0.03472038
[1] 0.10972262 0.04415480 0.03515987
[1] 0.10927767 0.04420435 0.03546291
[1] 0.10900711 0.04424949 0.03566576
[1] 0.10883962 0.04428550 0.03580014
[1] 0.10873465 0.04431260 0.03588891
[1] 0.10866826 0.04433231 0.03594757
[1] 0.10862592 0.04434635 0.03598638
[1] 0.1085987 0.0443562 0.0360121
[1] 0.10858112 0.04436303 0.03602918
[1] 0.10856968 0.04436774 0.03604054
[1] 0.10856220 0.04437096 0.03604811
[1] 0.10855728 0.04437316 0.03605315
[1] 0.10855404 0.04437465 0.03605652
[1] 0.10855189 0.04437566 0.03605876
[1] 0.10855047 0.04437634 0.03606027
[1] 0.10854953 0.04437680 0.03606127
[1] 0.10854890 0.04437711 0.03606195
[1] 0.10854848 0.04437731 0.03606240
Algorithm converged after  222  iterations.
[1] 0.06152848 0.01927746 0.01086620
[1] 0.19028571 0.04509484 0.09457382
[1] 0.23968412 0.05294855 0.13311040
[1] 0.2515595 0.0544995 0.1411259
[1] 0.25429061 0.05485109 0.14295570
[1] 0.25491508 0.05493143 0.14337392
[1] 0.25505769 0.05494977 0.14346942
[1] 0.25509024 0.05495396 0.14349122
[1] 0.25509768 0.05495491 0.14349620
Algorithm converged after  85  iterations.
[1] 0.06152848 0.01624967 0.01086620
[1] 0.17854962 0.04589203 0.06519796
[1] 0.20582275 0.05213181 0.08267810
[1] 0.20815361 0.04389972 0.08929346
[1] 0.18236715 0.02485258 0.08392287
[1] 0.13447234 0.01959045 0.05641839
[1] 0.13640773 0.02004862 0.05511863
[1] 0.13749246 0.02007154 0.05552192
[1] 0.13739937 0.02006357 0.05546992
[1] 0.13740465 0.02006481 0.05546692
Algorithm converged after  98  iterations.
[1] 0.06152848 0.01927746 0.01624967 0.01086620
[1] 0.37046401 0.05950519 0.04169761 0.10644030
[1] 0.76788388 0.10248272 0.04763633 0.38462131
[1] 1.0643161 0.2022747 0.1059968 0.6323567
[1] 1.3248311 0.2548443 0.1415980 0.7869588
[1] 1.5503420 0.2953921 0.1675631 0.9215956
[1] 1.7445775 0.3301278 0.1899919 1.0375740
[1] 1.9128205 0.3602106 0.2095830 1.1380144
[1] 2.0592256 0.3863942 0.2267505 1.2254051
[1] 2.1870981 0.4092676 0.2418286 1.3017256
[1] 2.2991204 0.4293085 0.2550970 1.3685810
[1] 2.3975020 0.4469108 0.2667923 1.4272923
[1] 2.484085 0.462403 0.277116 1.478960
[1] 2.5604186 0.4760619 0.2862405 1.5245111
[1] 2.6278173 0.4881223 0.2943139 1.5647292
[1] 2.6874034 0.4987850 0.3014641 1.6002848
[1] 2.7401404 0.5082221 0.3078021 1.6317532
[1] 2.7868598 0.5165824 0.3134241 1.6596306
[1] 2.8282822 0.5239949 0.3184143 1.6843473
[1] 2.8650343 0.5305716 0.3228460 1.7062771
[1] 2.8976627 0.5364104 0.3267838 1.7257463
[1] 2.9266459 0.5415969 0.3302842 1.7430404
[1] 2.9524030 0.5462061 0.3333970 1.7584095
[1] 2.9753028 0.5503039 0.3361659 1.7720737
[1] 2.9956694 0.5539484 0.3386297 1.7842264
[1] 3.0137889 0.5571908 0.3408227 1.7950382
[1] 3.0299138 0.5600763 0.3427749 1.8046599
[1] 3.0442670 0.5626447 0.3445132 1.8132244
[1] 3.0570462 0.5649315 0.3460614 1.8208497
[1] 3.0684260 0.5669678 0.3474403 1.8276400
[1] 3.0785614 0.5687815 0.3486688 1.8336878
[1] 3.0875899 0.5703970 0.3497633 1.8390751
[1] 3.0956334 0.5718364 0.3507386 1.8438747
[1] 3.1028003 0.5731188 0.3516077 1.8481512
[1] 3.1091867 0.5742616 0.3523823 1.8519620
[1] 3.1148781 0.5752800 0.3530726 1.8553581
[1] 3.1199507 0.5761877 0.3536880 1.8583849
[1] 3.1244720 0.5769968 0.3542366 1.8610828
[1] 3.1285022 0.5777179 0.3547256 1.8634876
[1] 3.1320949 0.5783608 0.3551615 1.8656314
[1] 3.1352977 0.5789339 0.3555502 1.8675425
[1] 3.1381530 0.5794448 0.3558967 1.8692463
[1] 3.1406988 0.5799004 0.3562057 1.8707653
[1] 3.1429685 0.5803065 0.3564812 1.8721197
[1] 3.1449922 0.5806686 0.3567268 1.8733273
[1] 3.1467967 0.5809915 0.3569459 1.8744040
[1] 3.1484057 0.5812794 0.3571412 1.8753641
[1] 3.1498404 0.5815362 0.3573153 1.8762202
[1] 3.1511197 0.5817651 0.3574706 1.8769836
[1] 3.1522605 0.5819692 0.3576091 1.8776643
Algorithm did not converge after  500  iterations.
numeric(0)
Algorithm converged after  1  iterations.
[1] 0.04052215
Algorithm converged after  2  iterations.
[1] 0.02682819
Algorithm converged after  2  iterations.
[1] 0.02863243
Algorithm converged after  2  iterations.
[1] 0.04052215 0.02682819
Algorithm converged after  2  iterations.
[1] 0.04052215 0.02863243
Algorithm converged after  2  iterations.
[1] 0.02682819 0.02863243
Algorithm converged after  2  iterations.
[1] 0.04052215 0.02682819 0.02863243
Algorithm converged after  2  iterations.
[1] 0.05758756
Algorithm converged after  2  iterations.
[1] 0.05758756 0.01977638
[1] 0.06415376 0.04271795
[1] 0.06414647 0.04290912
Algorithm converged after  29  iterations.
[1] 0.05758756 0.01636078
[1] 0.07792326 0.03349212
[1] 0.07795722 0.03361416
[1] 0.07795981 0.03362464
[1] 0.07796017 0.03362572
Algorithm converged after  41  iterations.
[1] 0.057587562 0.009898143
[1] 0.10555244 0.05746577
[1] 0.10741941 0.06200153
[1] 0.10412280 0.05917224
[1] 0.1040178 0.0590899
Algorithm converged after  50  iterations.
[1] 0.05758756 0.01977638 0.01636078
[1] 0.09359787 0.03756301 0.02950932
[1] 0.09508236 0.03726931 0.03051561
[1] 0.09539259 0.03727496 0.03060919
[1] 0.09544639 0.03727428 0.03061747
[1] 0.09545352 0.03727406 0.03061831
Algorithm converged after  56  iterations.
[1] 0.057587562 0.019776377 0.009898143
[1] 0.14472554 0.03846481 0.08717679
[1] 0.19770840 0.04282157 0.13272285
[1] 0.21706327 0.04435625 0.14842395
[1] 0.22373895 0.04488776 0.15385945
[1] 0.22603276 0.04507067 0.15572968
[1] 0.22682004 0.04513347 0.15637187
[1] 0.22709015 0.04515503 0.15659224
[1] 0.22718281 0.04516242 0.15666784
[1] 0.22721459 0.04516496 0.15669377
[1] 0.22722549 0.04516583 0.15670267
[1] 0.22722923 0.04516613 0.15670572
Algorithm converged after  113  iterations.
[1] 0.057587562 0.016360783 0.009898143
[1] 0.18322948 0.04190619 0.07205275
[1] 0.20390938 0.03366168 0.10304996
[1] 0.14584750 0.01903925 0.08494146
[1] 0.13561891 0.01892438 0.07567583
[1] 0.13434458 0.01892180 0.07442927
[1] 0.13417609 0.01892181 0.07426131
[1] 0.13415341 0.01892182 0.07423862
[1] 0.13415035 0.01892182 0.07423555
Algorithm converged after  83  iterations.
[1] 0.057587562 0.019776377 0.016360783 0.009898143
[1] 0.35083329 0.06073034 0.05636330 0.08040779
[1] 0.69459130 0.08647652 0.06588874 0.30373671
[1] 0.89741986 0.11792792 0.06734325 0.61887468
[1] 1.1979251 0.1725794 0.1154614 0.8201837
[1] 1.4395748 0.2065750 0.1430524 0.9832212
[1] 1.6421518 0.2345525 0.1657604 1.1197000
[1] 1.8139830 0.2583081 0.1851855 1.2352630
[1] 1.9609141 0.2786633 0.2019299 1.3339589
[1] 2.0872699 0.2961980 0.2164213 1.4187590
[1] 2.1963853 0.3113603 0.2289979 1.4919398
[1] 2.2909100 0.3245083 0.2399360 1.5553022
[1] 2.3729953 0.3359350 0.2494649 1.6103036
[1] 2.4444161 0.3458832 0.2577772 1.6581435
[1] 2.5066546 0.3545567 0.2650362 1.6998216
[1] 2.5609603 0.3621276 0.2713812 1.7361794
[1] 2.6083937 0.3687426 0.2769315 1.7679304
[1] 2.6498606 0.3745271 0.2817897 1.7956833
[1] 2.6861380 0.3795887 0.2860443 1.8199597
[1] 2.7178947 0.3840204 0.2897721 1.8412087
[1] 2.7457088 0.3879026 0.2930396 1.8598177
[1] 2.7700804 0.3913047 0.2959046 1.8761223
[1] 2.7914439 0.3942872 0.2984174 1.8904135
[1] 2.8101765 0.3969027 0.3006218 1.9029440
[1] 2.8266069 0.3991969 0.3025561 1.9139340
[1] 2.8410216 0.4012098 0.3042537 1.9235752
[1] 2.8536705 0.4029763 0.3057439 1.9320351
[1] 2.8647719 0.4045267 0.3070521 1.9394598
[1] 2.8745167 0.4058877 0.3082007 1.9459769
[1] 2.8830719 0.4070826 0.3092093 1.9516983
[1] 2.8905835 0.4081318 0.3100950 1.9567217
[1] 2.8971796 0.4090532 0.3108729 1.9611328
[1] 2.9029723 0.4098623 0.3115562 1.9650065
[1] 2.9080599 0.4105730 0.3121563 1.9684087
[1] 2.9125284 0.4111972 0.3126835 1.9713968
[1] 2.9164534 0.4117455 0.3131466 1.9740215
[1] 2.9199013 0.4122272 0.3135535 1.9763271
[1] 2.9229302 0.4126503 0.3139109 1.9783524
[1] 2.9255911 0.4130220 0.3142249 1.9801317
[1] 2.9279288 0.4133486 0.3145008 1.9816949
[1] 2.9299826 0.4136355 0.3147432 1.9830682
[1] 2.9317871 0.4138876 0.3149562 1.9842748
[1] 2.9333725 0.4141091 0.3151434 1.9853349
[1] 2.9347655 0.4143037 0.3153078 1.9862664
[1] 2.9359894 0.4144747 0.3154523 1.9870848
[1] 2.9370648 0.4146249 0.3155792 1.9878039
[1] 2.9380098 0.4147569 0.3156908 1.9884357
[1] 2.9388401 0.4148729 0.3157888 1.9889909
[1] 2.9395697 0.4149749 0.3158749 1.9894788
[1] 2.9402108 0.4150644 0.3159506 1.9899075
Algorithm did not converge after  500  iterations.
numeric(0)
Algorithm converged after  1  iterations.
[1] 0.03573947
Algorithm converged after  2  iterations.
[1] 0.02845777
Algorithm converged after  2  iterations.
[1] 0.0292208
Algorithm converged after  2  iterations.
[1] 0.03573947 0.02845777
Algorithm converged after  2  iterations.
[1] 0.03573947 0.02922080
Algorithm converged after  2  iterations.
[1] 0.02845777 0.02922080
Algorithm converged after  2  iterations.
[1] 0.03573947 0.02845777 0.02922080
Algorithm converged after  2  iterations.
[1] 0.0551186
Algorithm converged after  2  iterations.
[1] 0.0551186 0.0179845
[1] 0.06395414 0.04173708
[1] 0.06390961 0.04205259
[1] 0.06390413 0.04206205
Algorithm converged after  35  iterations.
[1] 0.05511860 0.01731912
[1] 0.08249377 0.04064813
[1] 0.08271184 0.04073958
[1] 0.08272367 0.04073308
[1] 0.08093660 0.04355089
[1] 0.08056423 0.02541696
[1] 0.07890399 0.04363638
[1] 0.07891961 0.04369582
[1] 0.07892784 0.04369977
Algorithm converged after  90  iterations.
[1] 0.05511860 0.01027777
[1] 0.08805497 0.04821441
[1] 0.10020504 0.06592356
[1] 0.09895838 0.06471947
[1] 0.09893704 0.06469957
Algorithm converged after  44  iterations.
[1] 0.05511860 0.01798450 0.01731912
[1] 0.10975855 0.03792524 0.03916296
[1] 0.11897703 0.03873076 0.04301453
[1] 0.11801645 0.03833806 0.04399603
[1] 0.11671328 0.03819534 0.04431210
[1] 0.11614220 0.03818238 0.04446922
[1] 0.11593869 0.03819820 0.04455468
[1] 0.11587185 0.03821368 0.04460051
[1] 0.11585114 0.03822398 0.04462463
[1] 0.11584517 0.03823000 0.04463718
[1] 0.11584366 0.03823332 0.04464366
[1] 0.11584339 0.03823509 0.04464699
[1] 0.11584342 0.03823602 0.04464870
[1] 0.11584349 0.03823651 0.04464958
Algorithm converged after  137  iterations.
[1] 0.05511860 0.01798450 0.01027777
[1] 0.14108228 0.03862641 0.09873800
[1] 0.20833535 0.04573975 0.15910643
[1] 0.22798000 0.04783558 0.17490824
[1] 0.23321224 0.04839354 0.17911181
[1] 0.23458758 0.04854032 0.18021675
[1] 0.23494790 0.04857879 0.18050623
[1] 0.23504222 0.04858886 0.18058200
[1] 0.23506690 0.04859149 0.18060183
[1] 0.23507336 0.04859218 0.18060702
Algorithm converged after  94  iterations.
[1] 0.05511860 0.01731912 0.01027777
[1] 0.17128171 0.04945124 0.05457997
[1] 0.18545965 0.05099449 0.06500575
[1] 0.18868508 0.03852481 0.08182808
[1] 0.15105952 0.02041807 0.09188584
[1] 0.13234509 0.01976513 0.08038376
[1] 0.13233635 0.01986805 0.07965672
[1] 0.13245767 0.01987681 0.07968374
Algorithm converged after  80  iterations.
[1] 0.05511860 0.01798450 0.01731912 0.01027777
[1] 0.32703404 0.05097553 0.05994240 0.08401106
[1] 0.7022980 0.1042650 0.1245004 0.2028103
[1] 0.9700933 0.1398326 0.1640642 0.3081713
[1] 1.1525629 0.1379195 0.1319639 0.5133161
[1] 1.2507747 0.1851490 0.1028177 0.8427959
[1] 1.4273124 0.2335522 0.1441778 0.9438882
[1] 1.5861508 0.2581793 0.1627138 1.0441922
[1] 1.7182587 0.2778949 0.1774711 1.1277509
[1] 1.8274872 0.2941069 0.1896606 1.1967669
[1] 1.9181285 0.3075451 0.1998120 1.2539832
[1] 1.9936671 0.3187413 0.2083041 1.3016288
[1] 2.0568480 0.3281052 0.2154302 1.3414547
[1] 2.1098469 0.3359598 0.2214239 1.3748456
[1] 2.1544081 0.3425638 0.2264744 1.4029090
[1] 2.1919447 0.3481266 0.2307365 1.4265408
[1] 2.2236116 0.3528194 0.2343373 1.4464718
[1] 2.2503594 0.3567831 0.2373825 1.4633029
[1] 2.2729748 0.3601344 0.2399597 1.4775311
[1] 2.2921120 0.3629701 0.2421424 1.4895692
[1] 2.3083170 0.3653714 0.2439920 1.4997616
[1] 2.3220469 0.3674058 0.2455599 1.5083962
[1] 2.3336851 0.3691303 0.2468897 1.5157148
[1] 2.3435543 0.3705926 0.2480177 1.5219204
[1] 2.351926 0.371833 0.248975 1.527184
[1] 2.3590297 0.3728855 0.2497874 1.5316503
[1] 2.3650586 0.3737788 0.2504771 1.5354406
[1] 2.3701764 0.3745371 0.2510627 1.5386580
[1] 2.3745215 0.3751809 0.2515600 1.5413895
[1] 2.3782110 0.3757275 0.2519823 1.5437089
[1] 2.3813444 0.3761918 0.2523410 1.5456785
[1] 2.3840056 0.3765860 0.2526457 1.5473514
[1] 2.3862660 0.3769210 0.2529045 1.5487723
[1] 2.3881862 0.3772054 0.2531244 1.5499792
[1] 2.3898174 0.3774471 0.2533112 1.5510045
[1] 2.3912032 0.3776524 0.2534698 1.5518756
[1] 2.3923805 0.3778269 0.2536047 1.5526156
[1] 2.3933808 0.3779751 0.2537192 1.5532444
[1] 2.3942307 0.3781010 0.2538166 1.5537786
[1] 2.3949529 0.3782080 0.2538993 1.5542325
[1] 2.3955665 0.3782989 0.2539696 1.5546182
[1] 2.3960878 0.3783761 0.2540293 1.5549459
[1] 2.3965309 0.3784418 0.2540800 1.5552243
[1] 2.3969073 0.3784975 0.2541232 1.5554610
[1] 2.3972272 0.3785449 0.2541598 1.5556620
[1] 2.3974991 0.3785852 0.2541910 1.5558329
[1] 2.3977300 0.3786194 0.2542174 1.5559781
[1] 2.3979263 0.3786485 0.2542399 1.5561014
[1] 2.3980931 0.3786732 0.2542590 1.5562063
[1] 2.3982349 0.3786942 0.2542752 1.5562954
Algorithm did not converge after  500  iterations.
Warning messages:
1: In max(abs(CT), na.rm = T) :
  no non-missing arguments to max; returning -Inf
2: In max(abs(CT), na.rm = T) :
  no non-missing arguments to max; returning -Inf
3: In max(abs(CT), na.rm = T) :
  no non-missing arguments to max; returning -Inf
4: In max(abs(CT), na.rm = T) :
  no non-missing arguments to max; returning -Inf
5: In max(abs(CT), na.rm = T) :
  no non-missing arguments to max; returning -Inf
6: In max(abs(CT), na.rm = T) :
  no non-missing arguments to max; returning -Inf
7: In max(abs(CT), na.rm = T) :
  no non-missing arguments to max; returning -Inf
8: In max(abs(CT), na.rm = T) :
  no non-missing arguments to max; returning -Inf
9: In max(abs(CT), na.rm = T) :
  no non-missing arguments to max; returning -Inf
10: In max(abs(CT), na.rm = T) :
  no non-missing arguments to max; returning -Inf
[1] "Best iter parameter is:"
      gam     rankJ    rankA1    rankA2    rankA3 
0.1111111 1.0000000 0.0000000 0.0000000 1.0000000 
[1] 0.053615181 0.008854789
[1] 0.09784882 0.04587837
[1] 0.09642665 0.04764488
[1] 0.09600633 0.04731513
[1] 0.09599970 0.04730996
Algorithm converged after  41  iterations.
         [,1]     [,2]     [,3]
[1,] 5.029694 15.60571 34.79018
