myseed=7583 

Attaching package: ‘pls’

The following object is masked from ‘package:stats’:

    loadings

Loading required package: lattice
Loading required package: ggplot2
Registered S3 methods overwritten by 'ggplot2':
  method         from 
  [.quosures     rlang
  c.quosures     rlang
  print.quosures rlang

Attaching package: ‘caret’

The following object is masked from ‘package:pls’:

    R2

Loading required package: Matrix
Loading required package: foreach
Loaded glmnet 2.0-18

Parsed with column specification:
cols(
  .default = col_double()
)
See spec(...) for full column specifications.
Parsed with column specification:
cols(
  X1 = col_double()
)
Parsed with column specification:
cols(
  X1 = col_double()
)
numeric(0)
Algorithm converged after  1  iterations.
[1] 0.03483279
Algorithm converged after  2  iterations.
[1] 0.03046588
Algorithm converged after  2  iterations.
[1] 0.02311845
Algorithm converged after  2  iterations.
[1] 0.03483279 0.03046588
Algorithm converged after  2  iterations.
[1] 0.03483279 0.02311845
Algorithm converged after  2  iterations.
[1] 0.03046588 0.02311845
Algorithm converged after  2  iterations.
[1] 0.03483279 0.03046588 0.02311845
Algorithm converged after  2  iterations.
[1] 0.05272456
Algorithm converged after  2  iterations.
[1] 0.05272456 0.01754187
[1] 0.05192395 0.02949291
[1] 0.05187465 0.02950332
Algorithm converged after  26  iterations.
[1] 0.05272456 0.01876592
[1] 0.06680395 0.03175765
[1] 0.06684332 0.03188752
[1] 0.06683972 0.03191180
[1] 0.06683868 0.03191621
[1] 0.06683849 0.03191699
Algorithm converged after  51  iterations.
[1] 0.05272456 0.01182852
[1] 0.10283330 0.03823803
[1] 0.09564077 0.04086433
[1] 0.09563952 0.04082999
Algorithm converged after  32  iterations.
[1] 0.05272456 0.01754187 0.01876592
[1] 0.07133893 0.03081802 0.03281534
[1] 0.07272024 0.03253011 0.03704193
[1] 0.07377953 0.03346485 0.03949850
[1] 0.07436447 0.03397199 0.04085233
[1] 0.07465852 0.03424729 0.04158678
[1] 0.07481039 0.03439719 0.04198564
[1] 0.07489070 0.03447885 0.04220253
[1] 0.07493373 0.03452334 0.04232055
[1] 0.07495697 0.03454757 0.04238479
[1] 0.07496956 0.03456077 0.04241977
[1] 0.07497639 0.03456796 0.04243881
[1] 0.07498011 0.03457187 0.04244918
[1] 0.07498214 0.03457400 0.04245483
[1] 0.07498324 0.03457517 0.04245791
[1] 0.07498384 0.03457580 0.04245958
[1] 0.07498416 0.03457614 0.04246049
Algorithm converged after  169  iterations.
[1] 0.05272456 0.01754187 0.01182852
[1] 0.12596881 0.03384203 0.06668660
[1] 0.15585136 0.03838917 0.09097057
[1] 0.16311928 0.03901653 0.09554833
[1] 0.16467057 0.03914890 0.09652245
[1] 0.16500186 0.03917714 0.09673042
[1] 0.16507262 0.03918317 0.09677484
[1] 0.16508774 0.03918446 0.09678433
[1] 0.16509097 0.03918473 0.09678636
Algorithm converged after  81  iterations.
[1] 0.05272456 0.01876592 0.01182852
[1] 0.14254059 0.02952342 0.03762725
[1] 0.12563458 0.02072425 0.05769124
[1] 0.10818425 0.02039929 0.04999940
[1] 0.10818536 0.02039363 0.04965768
[1] 0.10822200 0.02039420 0.04966982
[1] 0.10822205 0.02039422 0.04967040
[1] 0.10822198 0.02039423 0.04967037
[1] 0.10822194 0.02039427 0.04967035
[1] 0.10822184 0.02039434 0.04967029
[1] 0.10822156 0.02039451 0.04967015
[1] 0.10822085 0.02039493 0.04966981
[1] 0.10821902 0.02039596 0.04966897
[1] 0.10821435 0.02039849 0.04966687
[1] 0.10820266 0.02040470 0.04966168
[1] 0.10817450 0.02041924 0.04964926
[1] 0.10811288 0.02044956 0.04962185
[1] 0.10800228 0.02049955 0.04957145
[1] 0.10785987 0.02055648 0.04950365
[1] 0.10773855 0.02059916 0.04944252
[1] 0.10766703 0.02062214 0.04940452
[1] 0.10763375 0.02063234 0.04938619
[1] 0.10761994 0.02063649 0.04937846
[1] 0.10761444 0.02063811 0.04937539
[1] 0.10761228 0.02063874 0.04937419
[1] 0.10761143 0.02063898 0.04937373
[1] 0.10761109 0.02063907 0.04937355
Algorithm converged after  264  iterations.
[1] 0.05272456 0.01754187 0.01876592 0.01182852
[1] 0.18873043 0.03440309 0.02765407 0.05226960
[1] 0.26562948 0.06168559 0.04027938 0.15234305
[1] 0.53568531 0.09668082 0.06120580 0.29416572
[1] 0.80352505 0.12664601 0.07935667 0.43553112
[1] 1.03815206 0.15285070 0.09601413 0.55988458
[1] 1.2337322 0.1746770 0.1103045 0.6637679
[1] 1.3930030 0.1924292 0.1221424 0.7484774
[1] 1.5214116 0.2067250 0.1317902 0.8168323
[1] 1.6244903 0.2181898 0.1395908 0.8717372
[1] 1.7070721 0.2273677 0.1458718 0.9157441
[1] 1.7731691 0.2347090 0.1509171 0.9509782
[1] 1.8260458 0.2405790 0.1549639 0.9791721
[1] 1.8683349 0.2452718 0.1582070 1.0017252
[1] 1.9021513 0.2490233 0.1608042 1.0197624
[1] 1.9291894 0.2520221 0.1628832 1.0341858
[1] 1.9508052 0.2544191 0.1645469 1.0457178
[1] 1.9680872 0.2563352 0.1658779 1.0549385
[1] 1.9819041 0.2578668 0.1669426 1.0623108
[1] 1.9929504 0.2590913 0.1677941 1.0682050
[1] 2.0017816 0.2600701 0.1684752 1.0729175
[1] 2.0088419 0.2608526 0.1690198 1.0766851
[1] 2.0144863 0.2614781 0.1694553 1.0796972
[1] 2.0189989 0.2619782 0.1698036 1.0821053
[1] 2.022606 0.262378 0.170082 1.084031
[1] 2.0254906 0.2626976 0.1703046 1.0855697
[1] 2.0277963 0.2629531 0.1704826 1.0868002
[1] 2.0296396 0.2631573 0.1706249 1.0877839
[1] 2.0311133 0.2633206 0.1707387 1.0885704
[1] 2.0322914 0.2634512 0.1708296 1.0891991
[1] 2.0332333 0.2635555 0.1709024 1.0897018
[1] 2.0339863 0.2636390 0.1709605 1.0901036
[1] 2.0345883 0.2637057 0.1710070 1.0904249
[1] 2.0350695 0.2637590 0.1710441 1.0906817
[1] 2.0354542 0.2638016 0.1710739 1.0908871
[1] 2.0357618 0.2638357 0.1710976 1.0910512
[1] 2.0360077 0.2638629 0.1711166 1.0911825
[1] 2.0362043 0.2638847 0.1711318 1.0912874
[1] 2.0363615 0.2639021 0.1711439 1.0913712
[1] 2.0364871 0.2639161 0.1711536 1.0914383
[1] 2.0365876 0.2639272 0.1711614 1.0914919
[1] 2.0366679 0.2639361 0.1711676 1.0915348
[1] 2.0367321 0.2639432 0.1711725 1.0915690
[1] 2.0367834 0.2639489 0.1711765 1.0915964
[1] 2.0368244 0.2639534 0.1711797 1.0916183
[1] 2.0368572 0.2639571 0.1711822 1.0916358
[1] 2.0368834 0.2639600 0.1711842 1.0916498
Algorithm converged after  468  iterations.
numeric(0)
Algorithm converged after  1  iterations.
[1] 0.03737396
Algorithm converged after  2  iterations.
[1] 0.02730095
Algorithm converged after  2  iterations.
[1] 0.02563484
Algorithm converged after  2  iterations.
[1] 0.03737396 0.02730095
Algorithm converged after  2  iterations.
[1] 0.03737396 0.02563484
Algorithm converged after  2  iterations.
[1] 0.02730095 0.02563484
Algorithm converged after  2  iterations.
[1] 0.03737396 0.02730095 0.02563484
Algorithm converged after  2  iterations.
[1] 0.05637818
Algorithm converged after  2  iterations.
[1] 0.05637818 0.01911020
[1] 0.05651615 0.03224435
[1] 0.05648111 0.03226954
Algorithm converged after  27  iterations.
[1] 0.05637818 0.01671209
[1] 0.07355148 0.03324912
[1] 0.07346552 0.03365372
[1] 0.07345042 0.03370995
[1] 0.07344800 0.03371908
[1] 0.07344760 0.03372062
Algorithm converged after  55  iterations.
[1] 0.05637818 0.01069224
[1] 0.08811122 0.03235318
[1] 0.10547363 0.04725372
[1] 0.10515193 0.04712386
Algorithm converged after  35  iterations.
[1] 0.05637818 0.01911020 0.01671209
[1] 0.07939192 0.03381831 0.02767700
[1] 0.07879341 0.03492977 0.02928113
[1] 0.07816492 0.03537979 0.03048355
[1] 0.07817474 0.03565015 0.03122940
[1] 0.07820692 0.03579332 0.03163729
[1] 0.07822133 0.03586890 0.03185706
[1] 0.07822788 0.03590932 0.03197576
[1] 0.07823112 0.03593109 0.03204000
[1] 0.07823278 0.03594285 0.03207478
[1] 0.07823365 0.03594921 0.03209363
[1] 0.07823412 0.03595265 0.03210384
[1] 0.07823437 0.03595452 0.03210937
[1] 0.07823450 0.03595553 0.03211237
[1] 0.07823458 0.03595608 0.03211400
[1] 0.07823462 0.03595637 0.03211488
[1] 0.07823464 0.03595653 0.03211535
Algorithm converged after  163  iterations.
[1] 0.05637818 0.01911020 0.01069224
[1] 0.14435241 0.03650530 0.07185162
[1] 0.16940368 0.04181456 0.09662123
[1] 0.17261986 0.04214561 0.09862757
[1] 0.17310912 0.04219128 0.09892376
[1] 0.17318397 0.04219824 0.09896903
[1] 0.17319543 0.04219931 0.09897596
Algorithm converged after  67  iterations.
[1] 0.05637818 0.01671209 0.01069224
[1] 0.15678241 0.03254518 0.04526115
[1] 0.15551931 0.02045923 0.07274427
[1] 0.12695153 0.01945919 0.06096100
[1] 0.12597673 0.01942208 0.05989498
[1] 0.12604044 0.01942279 0.05989928
Algorithm converged after  60  iterations.
[1] 0.05637818 0.01911020 0.01671209 0.01069224
[1] 0.17414742 0.03978003 0.02909665 0.01261931
[1] 0.19609220 0.04164573 0.02925509 0.04145748
[1] 0.24107446 0.04275251 0.02869365 0.06227817
[1] 0.29818115 0.04653157 0.02468133 0.14797754
[1] 0.54720109 0.09974359 0.06184074 0.30216947
[1] 0.83982174 0.13724723 0.08672721 0.45705635
[1] 1.0754856 0.1663563 0.1065549 0.5824789
[1] 1.2636932 0.1896714 0.1227608 0.6827724
[1] 1.4157408 0.2085429 0.1360390 0.7638500
[1] 1.5398389 0.2239597 0.1469739 0.8300537
[1] 1.6418942 0.2366440 0.1560216 0.8845168
[1] 1.7262811 0.2471348 0.1635358 0.9295631
[1] 1.7963359 0.2558449 0.1697941 0.9669669
[1] 1.8546632 0.2630972 0.1750176 0.9981147
[1] 1.9033330 0.2691488 0.1793846 1.0241090
[1] 1.9440126 0.2742068 0.1830402 1.0458384
[1] 1.9780577 0.2784398 0.1861033 1.0640257
[1] 2.0065792 0.2819859 0.1886720 1.0792636
[1] 2.0304926 0.2849591 0.1908273 1.0920403
[1] 2.0505553 0.2874534 0.1926368 1.1027603
[1] 2.0673959 0.2895471 0.1941564 1.1117591
[1] 2.0815380 0.2913052 0.1954332 1.1193162
[1] 2.0934179 0.2927821 0.1965060 1.1256647
[1] 2.1034003 0.2940231 0.1974078 1.1309994
[1] 2.1117903 0.2950661 0.1981659 1.1354831
[1] 2.1188432 0.2959429 0.1988034 1.1392524
[1] 2.1247731 0.2966801 0.1993394 1.1424215
[1] 2.1297594 0.2972999 0.1997902 1.1450864
[1] 2.1339527 0.2978212 0.2001693 1.1473275
[1] 2.1374794 0.2982596 0.2004883 1.1492124
[1] 2.1404458 0.2986283 0.2007565 1.1507978
[1] 2.1429410 0.2989385 0.2009822 1.1521314
[1] 2.1450400 0.2991994 0.2011720 1.1532532
[1] 2.1468057 0.2994189 0.2013318 1.1541970
[1] 2.1482912 0.2996036 0.2014661 1.1549909
[1] 2.1495410 0.2997589 0.2015792 1.1556589
[1] 2.1505924 0.2998896 0.2016743 1.1562209
[1] 2.1514770 0.2999996 0.2017543 1.1566937
[1] 2.1522213 0.3000921 0.2018217 1.1570915
[1] 2.1528475 0.3001700 0.2018783 1.1574262
[1] 2.1533744 0.3002355 0.2019260 1.1577078
[1] 2.1538178 0.3002906 0.2019661 1.1579447
[1] 2.1541908 0.3003369 0.2019998 1.1581441
[1] 2.1545046 0.3003760 0.2020282 1.1583118
[1] 2.1547687 0.3004088 0.2020521 1.1584530
[1] 2.1549909 0.3004364 0.2020722 1.1585717
[1] 2.1551779 0.3004596 0.2020891 1.1586717
[1] 2.1553352 0.3004792 0.2021034 1.1587558
[1] 2.1554676 0.3004957 0.2021153 1.1588265
Algorithm did not converge after  500  iterations.
numeric(0)
Algorithm converged after  1  iterations.
[1] 0.03365999
Algorithm converged after  2  iterations.
[1] 0.005138009
Algorithm converged after  2  iterations.
[1] 0.02384562
Algorithm converged after  2  iterations.
[1] 0.033659990 0.005138009
Algorithm converged after  2  iterations.
[1] 0.03365999 0.02384562
Algorithm converged after  2  iterations.
[1] 0.005138009 0.023845623
Algorithm converged after  2  iterations.
[1] 0.033659990 0.005138009 0.023845623
Algorithm converged after  2  iterations.
[1] 0.05491494
Algorithm converged after  2  iterations.
[1] 0.05491494 0.01814818
[1] 0.06764075 0.03375682
[1] 0.06785062 0.03384205
Algorithm converged after  27  iterations.
[1] 0.05491494 0.01850537
[1] 0.07235030 0.03541177
[1] 0.07262833 0.03574598
[1] 0.07263026 0.03577167
[1] 0.07262862 0.03577451
Algorithm converged after  46  iterations.
[1] 0.05491494 0.01066503
[1] 0.09930484 0.03889655
[1] 0.10424164 0.04799759
[1] 0.10417216 0.04793799
Algorithm converged after  33  iterations.
[1] 0.05491494 0.01814818 0.01850537
[1] 0.08584825 0.03231830 0.03331400
[1] 0.08981831 0.03435855 0.03806657
[1] 0.09023737 0.03520254 0.04019952
[1] 0.09060286 0.03558608 0.04119085
[1] 0.09078950 0.03574470 0.04161241
[1] 0.09086876 0.03580864 0.04178476
[1] 0.09090102 0.03583432 0.04185439
[1] 0.09091404 0.03584462 0.04188242
[1] 0.09091927 0.03584876 0.04189369
[1] 0.09092138 0.03585042 0.04189822
[1] 0.09092222 0.03585109 0.04190004
[1] 0.09092256 0.03585136 0.04190077
Algorithm converged after  123  iterations.
[1] 0.05491494 0.01814818 0.01066503
[1] 0.14581838 0.03253671 0.07461890
[1] 0.16096369 0.03705376 0.09752796
[1] 0.16416474 0.03734935 0.09972442
[1] 0.16469121 0.03739482 0.10007795
[1] 0.16477744 0.03740225 0.10013581
[1] 0.16479156 0.03740347 0.10014529
Algorithm converged after  69  iterations.
[1] 0.05491494 0.01850537 0.01066503
[1] 0.15384162 0.03402462 0.04593163
[1] 0.14833390 0.02129011 0.07648707
[1] 0.11311366 0.02307535 0.05840705
[1] 0.10795280 0.02312379 0.05427727
[1] 0.10610860 0.02310535 0.05301496
[1] 0.10579100 0.02309569 0.05271477
[1] 0.10580035 0.02309503 0.05270882
Algorithm converged after  76  iterations.
[1] 0.05491494 0.01814818 0.01850537 0.01066503
[1] 0.26794687 0.04184015 0.03540270 0.06359878
[1] 0.34295653 0.05135403 0.04665760 0.06746066
[1] 0.37090020 0.05596419 0.05223063 0.07725961
[1] 0.62508189 0.08349795 0.08091110 0.13915569
[1] 0.56354865 0.07746146 0.07406461 0.12463533
[1] 0.67371497 0.09186952 0.08889042 0.14871042
[1] 0.815132995 0.103859416 0.099704647 0.002965948
[1] 0.6781984 0.1145059 0.1174922 0.1487800
[1] 0.8146104 0.1052202 0.1233259 0.5017949
[1] 1.0147773 0.1261628 0.1484438 0.6467687
[1] 1.2064408 0.1475606 0.1710036 0.7642597
[1] 1.3742689 0.1665234 0.1906300 0.8664102
[1] 1.5204818 0.1831580 0.2076801 0.9552350
[1] 1.6477521 0.1977059 0.2224906 1.0324695
[1] 1.7585211 0.2104113 0.2353593 1.0996407
[1] 1.8549393 0.2214998 0.2465455 1.1580776
[1] 1.9388818 0.2311735 0.2562733 1.2089319
[1] 2.0119784 0.2396111 0.2647361 1.2532007
[1] 2.0756433 0.2469699 0.2721010 1.2917470
[1] 2.1311041 0.2533873 0.2785125 1.3253188
[1] 2.1794263 0.2589839 0.2840955 1.3545641
[1] 2.2215353 0.2638645 0.2889583 1.3800452
[1] 2.2582347 0.2681208 0.2931946 1.4022501
[1] 2.2902234 0.2718328 0.2968858 1.4216027
[1] 2.3181089 0.2750701 0.3001025 1.4384714
[1] 2.3424197 0.2778935 0.3029062 1.4531765
[1] 2.3636157 0.2803559 0.3053500 1.4659967
[1] 2.3820972 0.2825037 0.3074805 1.4771746
[1] 2.3982130 0.2843769 0.3093379 1.4869210
[1] 2.4122664 0.2860108 0.3109574 1.4954199
[1] 2.4245221 0.2874360 0.3123696 1.5028313
[1] 2.435210 0.288679 0.313601 1.509295
[1] 2.4445319 0.2897633 0.3146748 1.5149314
[1] 2.4526619 0.2907090 0.3156113 1.5198474
[1] 2.459753 0.291534 0.316428 1.524135
[1] 2.4659374 0.2922536 0.3171403 1.5278747
[1] 2.4713318 0.2928813 0.3177616 1.5311365
[1] 2.4760371 0.2934289 0.3183035 1.5339815
[1] 2.4801412 0.2939065 0.3187761 1.5364630
[1] 2.4837211 0.2943231 0.3191883 1.5386275
[1] 2.4868437 0.2946866 0.3195479 1.5405155
[1] 2.4895676 0.2950036 0.3198615 1.5421624
[1] 2.4919435 0.2952801 0.3201351 1.5435990
[1] 2.4940161 0.2955214 0.3203737 1.5448521
[1] 2.4958239 0.2957318 0.3205819 1.5459451
[1] 2.4974010 0.2959154 0.3207635 1.5468986
[1] 2.4987766 0.2960755 0.3209218 1.5477303
[1] 2.4999766 0.2962152 0.3210600 1.5484559
[1] 2.5010234 0.2963371 0.3211805 1.5490888
Algorithm did not converge after  500  iterations.
numeric(0)
Algorithm converged after  1  iterations.
[1] 0.03269889
Algorithm converged after  2  iterations.
[1] 0.02877897
Algorithm converged after  2  iterations.
[1] 0.02305199
Algorithm converged after  2  iterations.
[1] 0.03269889 0.02877897
Algorithm converged after  2  iterations.
[1] 0.03269889 0.02305199
Algorithm converged after  2  iterations.
[1] 0.02877897 0.02305199
Algorithm converged after  2  iterations.
[1] 0.03269889 0.02877897 0.02305199
Algorithm converged after  2  iterations.
[1] 0.05248839
Algorithm converged after  2  iterations.
[1] 0.05248839 0.01638512
[1] 0.05427842 0.03013411
[1] 0.05429933 0.03017871
Algorithm converged after  28  iterations.
[1] 0.05248839 0.01845270
[1] 0.07610557 0.03606969
[1] 0.07620962 0.03614326
[1] 0.07620998 0.03614570
Algorithm converged after  33  iterations.
[1] 0.052488388 0.009468917
[1] 0.07462020 0.02494978
[1] 0.09060806 0.04291260
[1] 0.09120395 0.04336919
[1] 0.09121825 0.04338010
Algorithm converged after  44  iterations.
[1] 0.05248839 0.01638512 0.01845270
[1] 0.06447380 0.02664882 0.02549524
[1] 0.05919781 0.02671539 0.02517762
[1] 0.05846246 0.02671633 0.02517489
Algorithm converged after  40  iterations.
[1] 0.052488388 0.016385123 0.009468917
[1] 0.11446235 0.03055870 0.06261832
[1] 0.17044820 0.03590853 0.10656444
[1] 0.18820555 0.03730287 0.11896848
[1] 0.1933819 0.0377112 0.1225852
[1] 0.19489090 0.03783046 0.12363979
[1] 0.19533080 0.03786525 0.12394726
[1] 0.1954590 0.0378754 0.1240369
[1] 0.19549643 0.03787835 0.12406304
[1] 0.19550733 0.03787921 0.12407065
[1] 0.19551051 0.03787947 0.12407288
Algorithm converged after  101  iterations.
[1] 0.052488388 0.018452699 0.009468917
[1] 0.14105578 0.03154549 0.03709227
[1] 0.11970183 0.02110047 0.05787415
[1] 0.11688510 0.02104999 0.05642059
[1] 0.11664749 0.02104608 0.05622155
[1] 0.11661964 0.02104561 0.05619684
[1] 0.11661623 0.02104555 0.05619380
Algorithm converged after  64  iterations.
[1] 0.052488388 0.016385123 0.018452699 0.009468917
[1] 0.21735216 0.03647817 0.03213092 0.04688774
[1] 0.20998770 0.04116754 0.01243289 0.13037329
[1] 0.43522862 0.07596820 0.04462186 0.27324794
[1] 0.73262793 0.11310546 0.06303846 0.45239572
[1] 0.99907526 0.14654534 0.08109528 0.61307460
[1] 1.19963207 0.17181055 0.09557136 0.73411341
[1] 1.3412972 0.1896886 0.1061183 0.8196332
[1] 1.4429882 0.2025329 0.1138058 0.8810263
[1] 1.5172693 0.2119183 0.1194693 0.9258740
[1] 1.5721216 0.2188498 0.1236736 0.9589931
[1] 1.6128990 0.2240031 0.1268100 0.9836149
[1] 1.6433520 0.2278516 0.1291579 1.0020034
[1] 1.6661631 0.2307344 0.1309196 1.0157778
[1] 1.6832857 0.2328983 0.1322436 1.0261176
[1] 1.6961577 0.2345250 0.1332398 1.0338906
[1] 1.7058448 0.2357492 0.1339900 1.0397404
[1] 1.7131407 0.2366713 0.1345553 1.0441463
[1] 1.7186389 0.2373661 0.1349815 1.0474665
[1] 1.7227841 0.2378900 0.1353029 1.0499698
[1] 1.7259103 0.2382850 0.1355453 1.0518577
[1] 1.7282686 0.2385831 0.1357282 1.0532819
[1] 1.7300478 0.2388079 0.1358662 1.0543563
[1] 1.7313905 0.2389776 0.1359704 1.0551672
[1] 1.7324037 0.2391056 0.1360490 1.0557790
[1] 1.7331684 0.2392023 0.1361083 1.0562408
[1] 1.7337456 0.2392752 0.1361531 1.0565894
[1] 1.7341812 0.2393303 0.1361869 1.0568525
[1] 1.7345101 0.2393718 0.1362124 1.0570511
[1] 1.7347583 0.2394032 0.1362317 1.0572010
[1] 1.7349457 0.2394269 0.1362462 1.0573141
[1] 1.7350871 0.2394448 0.1362572 1.0573996
[1] 1.7351939 0.2394582 0.1362655 1.0574640
[1] 1.7352745 0.2394684 0.1362717 1.0575127
[1] 1.7353353 0.2394761 0.1362764 1.0575495
[1] 1.7353813 0.2394819 0.1362800 1.0575772
[1] 1.7354159 0.2394863 0.1362827 1.0575981
[1] 1.7354421 0.2394896 0.1362847 1.0576139
[1] 1.7354619 0.2394921 0.1362862 1.0576259
Algorithm converged after  381  iterations.
numeric(0)
Algorithm converged after  1  iterations.
[1] 0.03390099
Algorithm converged after  2  iterations.
[1] 0.03132433
Algorithm converged after  2  iterations.
[1] 0.0227104
Algorithm converged after  2  iterations.
[1] 0.03390099 0.03132433
Algorithm converged after  2  iterations.
[1] 0.03390099 0.02271040
Algorithm converged after  2  iterations.
[1] 0.03132433 0.02271040
Algorithm converged after  2  iterations.
[1] 0.03390099 0.03132433 0.02271040
Algorithm converged after  2  iterations.
[1] 0.05644843
Algorithm converged after  2  iterations.
[1] 0.05644843 0.01693176
[1] 0.05716374 0.02767255
[1] 0.05715424 0.02768356
Algorithm converged after  22  iterations.
[1] 0.05644843 0.01751256
[1] 0.06919603 0.03303260
[1] 0.06926699 0.03321188
[1] 0.06927858 0.03322862
[1] 0.06928051 0.03323058
Algorithm converged after  45  iterations.
[1] 0.05644843 0.01061702
[1] 0.12816021 0.05552391
[1] 0.12532189 0.05608486
[1] 0.12527974 0.05604577
Algorithm converged after  33  iterations.
[1] 0.05644843 0.01693176 0.01751256
[1] 0.08043648 0.03024205 0.03071830
[1] 0.08035830 0.03093748 0.03146790
[1] 0.08003454 0.03107769 0.03171172
[1] 0.08003870 0.03111328 0.03178910
[1] 0.08004795 0.03112063 0.03180686
[1] 0.08005031 0.03112209 0.03181066
[1] 0.08005083 0.03112239 0.03181149
Algorithm converged after  73  iterations.
[1] 0.05644843 0.01693176 0.01061702
[1] 0.14821713 0.03023142 0.07258123
[1] 0.15707783 0.03356894 0.08682154
[1] 0.15923060 0.03374204 0.08825539
[1] 0.15960907 0.03376997 0.08850172
[1] 0.15967522 0.03377484 0.08854474
[1] 0.15968678 0.03377569 0.08855226
Algorithm converged after  69  iterations.
[1] 0.05644843 0.01751256 0.01061702
[1] 0.14494167 0.02162078 0.05419963
[1] 0.14982718 0.02123782 0.07681067
[1] 0.14743250 0.02122347 0.07565546
[1] 0.14715948 0.02120953 0.07544520
[1] 0.14102285 0.02362536 0.07172739
[1] 0.13597309 0.02353762 0.06772754
[1] 0.13823524 0.02303161 0.06926826
[1] 0.13248526 0.02357074 0.06578804
[1] 0.13203916 0.02355630 0.06547885
[1] 0.13198724 0.02355374 0.06543676
[1] 0.13198092 0.02355342 0.06543155
Algorithm converged after  116  iterations.
[1] 0.05644843 0.01693176 0.01751256 0.01061702
[1] 0.18078918 0.03053459 0.02283558 0.05660020
[1] 0.31934089 0.06171744 0.04664150 0.18226397
[1] 0.60863372 0.10044507 0.07656595 0.34082052
[1] 0.85516834 0.12758912 0.09764537 0.47763884
[1] 1.0487719 0.1488854 0.1145761 0.5855747
[1] 1.2022466 0.1658104 0.1282151 0.6713132
[1] 1.3255444 0.1794183 0.1392734 0.7402825
[1] 1.4255933 0.1904615 0.1482981 0.7962985
[1] 1.5073539 0.1994846 0.1557013 0.8421067
[1] 1.5745064 0.2068937 0.1617982 0.8797505
[1] 1.6298621 0.2129996 0.1668339 0.9107944
[1] 1.6756168 0.2180452 0.1710022 0.9364625
[1] 1.7135128 0.2222233 0.1744585 0.9577278
[1] 1.7449490 0.2256885 0.1773282 0.9753720
[1] 1.7710584 0.2285660 0.1797132 0.9900290
[1] 1.7927644 0.2309579 0.1816971 1.0022159
[1] 1.8108236 0.2329477 0.1833484 1.0123565
[1] 1.8258578 0.2346040 0.1847236 1.0207994
[1] 1.8383801 0.2359835 0.1858694 1.0278322
[1] 1.8488143 0.2371329 0.1868243 1.0336927
[1] 1.8575115 0.2380908 0.1876204 1.0385778
[1] 1.8647629 0.2388895 0.1882843 1.0426510
[1] 1.8708100 0.2395555 0.1888380 1.0460480
[1] 1.8758540 0.2401110 0.1892999 1.0488814
[1] 1.8800617 0.2405744 0.1896853 1.0512452
[1] 1.8835723 0.2409610 0.1900068 1.0532174
[1] 1.8865016 0.2412836 0.1902751 1.0548631
[1] 1.8889461 0.2415528 0.1904991 1.0562364
[1] 1.8909861 0.2417775 0.1906859 1.0573825
[1] 1.8926887 0.2419649 0.1908419 1.0583390
[1] 1.8941097 0.2421214 0.1909721 1.0591374
[1] 1.8952958 0.2422520 0.1910808 1.0598038
[1] 1.8962859 0.2423611 0.1911715 1.0603600
[1] 1.8971123 0.2424521 0.1912472 1.0608243
[1] 1.8978021 0.2425280 0.1913104 1.0612119
[1] 1.8983780 0.2425914 0.1913631 1.0615354
[1] 1.8988587 0.2426444 0.1914072 1.0618055
[1] 1.8992599 0.2426885 0.1914439 1.0620310
[1] 1.8995949 0.2427254 0.1914746 1.0622192
[1] 1.8998746 0.2427562 0.1915003 1.0623763
[1] 1.9001080 0.2427819 0.1915216 1.0625075
[1] 1.9003029 0.2428034 0.1915395 1.0626170
[1] 1.9004656 0.2428213 0.1915544 1.0627084
[1] 1.9006015 0.2428363 0.1915668 1.0627847
[1] 1.9007148 0.2428488 0.1915772 1.0628484
[1] 1.9008095 0.2428592 0.1915859 1.0629016
[1] 1.9008885 0.2428679 0.1915932 1.0629460
[1] 1.9009545 0.2428751 0.1915992 1.0629831
[1] 1.9010096 0.2428812 0.1916042 1.0630140
Algorithm did not converge after  500  iterations.
numeric(0)
Algorithm converged after  1  iterations.
[1] 0.03225015
Algorithm converged after  2  iterations.
[1] 0.03046308
Algorithm converged after  2  iterations.
[1] 0.0235696
Algorithm converged after  2  iterations.
[1] 0.03225015 0.03046308
Algorithm converged after  2  iterations.
[1] 0.03225015 0.02356960
Algorithm converged after  2  iterations.
[1] 0.03046308 0.02356960
Algorithm converged after  2  iterations.
[1] 0.03225015 0.03046308 0.02356960
Algorithm converged after  2  iterations.
[1] 0.05251101
Algorithm converged after  2  iterations.
[1] 0.05251101 0.01656626
[1] 0.05629809 0.03010120
[1] 0.05629216 0.03010577
Algorithm converged after  23  iterations.
[1] 0.05251101 0.01969122
[1] 0.07533259 0.03692925
[1] 0.07549051 0.03705613
[1] 0.07548701 0.03706820
[1] 0.07548588 0.03707013
Algorithm converged after  45  iterations.
[1] 0.05251101 0.01143016
[1] 0.08142625 0.03106061
[1] 0.10267110 0.04732084
[1] 0.10251865 0.04726673
Algorithm converged after  32  iterations.
[1] 0.05251101 0.01656626 0.01969122
[1] 0.07140466 0.02828509 0.02975689
[1] 0.07077522 0.02935032 0.03152222
[1] 0.07087924 0.02980976 0.03261556
[1] 0.07112486 0.03003203 0.03318974
[1] 0.07125276 0.03013633 0.03346642
[1] 0.07131226 0.03018556 0.03359816
[1] 0.07134020 0.03020896 0.03366098
[1] 0.07135347 0.03022012 0.03369099
[1] 0.07135979 0.03022545 0.03370532
[1] 0.07136280 0.03022800 0.03371218
[1] 0.07136424 0.03022922 0.03371545
[1] 0.07136493 0.03022980 0.03371702
[1] 0.07136526 0.03023008 0.03371777
Algorithm converged after  137  iterations.
[1] 0.05251101 0.01656626 0.01143016
[1] 0.13108859 0.03071319 0.06586752
[1] 0.14409267 0.03394911 0.08158686
[1] 0.14586159 0.03411035 0.08272252
[1] 0.14608902 0.03412906 0.08286378
[1] 0.14611818 0.03413145 0.08288188
[1] 0.14612192 0.03413175 0.08288420
Algorithm converged after  61  iterations.
[1] 0.05251101 0.01969122 0.01143016
[1] 0.13959389 0.03321600 0.04165902
[1] 0.13554832 0.02300961 0.06823253
[1] 0.11257808 0.02413338 0.05623824
[1] 0.11099901 0.02407494 0.05499186
[1] 0.11098122 0.02407184 0.05495066
Algorithm converged after  60  iterations.
[1] 0.05251101 0.01656626 0.01969122 0.01143016
[1] 0.15996830 0.03096567 0.02568839 0.04867273
[1] 0.23878843 0.05318999 0.04027311 0.13122338
[1] 0.45243525 0.08115213 0.06072238 0.23413715
[1] 0.66261081 0.10226008 0.07590746 0.33579037
[1] 0.84452902 0.12044515 0.08946678 0.42419141
[1] 0.9953478 0.1355501 0.1009794 0.4976418
[1] 1.1174951 0.1477894 0.1104341 0.5572107
[1] 1.2151022 0.1575697 0.1180557 0.6048561
[1] 1.2924640 0.1653202 0.1241317 0.6426437
[1] 1.3534566 0.1714297 0.1289414 0.6724499
[1] 1.4013721 0.1762284 0.1327308 0.6958737
[1] 1.4389201 0.1799882 0.1357065 0.7142342
[1] 1.4682909 0.1829289 0.1380378 0.7285989
[1] 1.4912349 0.1852258 0.1398611 0.7398221
[1] 1.5091409 0.1870183 0.1412853 0.7485820
[1] 1.5231048 0.1884160 0.1423966 0.7554139
[1] 1.5339883 0.1895054 0.1432633 0.7607391
[1] 1.5424669 0.1903541 0.1439388 0.7648878
[1] 1.5490664 0.1910147 0.1444648 0.7681171
[1] 1.5542052 0.1915290 0.1448743 0.7706317
[1] 1.5582056 0.1919294 0.1451932 0.7725894
[1] 1.5613194 0.1922410 0.1454415 0.7741132
[1] 1.5637427 0.1924835 0.1456347 0.7752991
[1] 1.5656286 0.1926722 0.1457851 0.7762221
[1] 1.5670961 0.1928191 0.1459021 0.7769402
[1] 1.5682380 0.1929334 0.1459932 0.7774991
[1] 1.5691264 0.1930223 0.1460641 0.7779339
[1] 1.5698177 0.1930915 0.1461192 0.7782722
[1] 1.5703555 0.1931453 0.1461621 0.7785354
[1] 1.5707740 0.1931872 0.1461955 0.7787402
[1] 1.5710995 0.1932197 0.1462214 0.7788995
[1] 1.5713528 0.1932451 0.1462417 0.7790234
[1] 1.5715498 0.1932648 0.1462574 0.7791199
[1] 1.5717031 0.1932801 0.1462696 0.7791949
[1] 1.5718224 0.1932921 0.1462791 0.7792533
[1] 1.5719152 0.1933014 0.1462865 0.7792987
[1] 1.5719874 0.1933086 0.1462923 0.7793340
[1] 1.5720435 0.1933142 0.1462967 0.7793615
[1] 1.5720872 0.1933186 0.1463002 0.7793829
[1] 1.5721212 0.1933220 0.1463029 0.7793995
[1] 1.5721476 0.1933246 0.1463051 0.7794124
[1] 1.5721682 0.1933267 0.1463067 0.7794225
Algorithm converged after  428  iterations.
numeric(0)
Algorithm converged after  1  iterations.
[1] 0.03258752
Algorithm converged after  2  iterations.
[1] 0.02967828
Algorithm converged after  2  iterations.
[1] 0.02438973
Algorithm converged after  2  iterations.
[1] 0.03258752 0.02967828
Algorithm converged after  2  iterations.
[1] 0.03258752 0.02438973
Algorithm converged after  2  iterations.
[1] 0.02967828 0.02438973
Algorithm converged after  2  iterations.
[1] 0.03258752 0.02967828 0.02438973
Algorithm converged after  2  iterations.
[1] 0.05763057
Algorithm converged after  2  iterations.
[1] 0.05763057 0.01673899
[1] 0.06459129 0.02904221
[1] 0.06460739 0.02906211
Algorithm converged after  27  iterations.
[1] 0.05763057 0.01499232
[1] 0.07130219 0.02962119
[1] 0.07123614 0.02985758
[1] 0.07121893 0.02988534
[1] 0.07121640 0.02988921
Algorithm converged after  49  iterations.
[1] 0.05763057 0.01063295
[1] 0.08800897 0.01888362
[1] 0.09814047 0.04324080
[1] 0.09792790 0.04305284
Algorithm converged after  36  iterations.
[1] 0.05763057 0.01673899 0.01499232
[1] 0.07729786 0.02850903 0.02815538
[1] 0.08111027 0.03084636 0.03379379
[1] 0.08415402 0.03219476 0.03750033
[1] 0.08569226 0.03289610 0.03953897
[1] 0.08640421 0.03324420 0.04057966
[1] 0.08673964 0.03341592 0.04109964
[1] 0.08690106 0.03350062 0.04135764
[1] 0.08697971 0.03354240 0.04148528
[1] 0.08701827 0.03356302 0.04154835
[1] 0.08703724 0.03357319 0.04157949
[1] 0.08704658 0.03357821 0.04159486
[1] 0.08705119 0.03358069 0.04160244
[1] 0.08705347 0.03358191 0.04160619
[1] 0.08705459 0.03358252 0.04160804
[1] 0.08705514 0.03358281 0.04160895
Algorithm converged after  158  iterations.
[1] 0.05763057 0.01673899 0.01063295
[1] 0.13668901 0.03076278 0.06806211
[1] 0.15011989 0.03430701 0.08647397
[1] 0.15383172 0.03461223 0.08886079
[1] 0.15449268 0.03466537 0.08928232
[1] 0.15461006 0.03467480 0.08935715
[1] 0.15463091 0.03467648 0.08937044
[1] 0.15463461 0.03467677 0.08937280
Algorithm converged after  72  iterations.
[1] 0.05763057 0.01499232 0.01063295
[1] 0.13677868 0.02754620 0.03303118
[1] 0.12843760 0.01818778 0.05883887
[1] 0.11816128 0.01794694 0.05495183
[1] 0.11776868 0.01794641 0.05455714
[1] 0.11653844 0.01911314 0.05409636
[1] 0.11343821 0.01960150 0.05243027
[1] 0.11321546 0.01959546 0.05220586
[1] 0.11320934 0.01959505 0.05219310
Algorithm converged after  86  iterations.
[1] 0.05763057 0.01673899 0.01499232 0.01063295
[1] 0.30305277 0.04268733 0.03857306 0.06838844
[1] 0.28732052 0.04259423 0.03968732 0.05780277
[1] 0.40525916 0.04629545 0.03847782 0.12011796
[1] 0.51374401 0.08639896 0.05690369 0.29023364
[1] 0.8138507 0.1293267 0.0869011 0.4518763
[1] 1.0734331 0.1613705 0.1091972 0.5921043
[1] 1.2936281 0.1885070 0.1284216 0.7112360
[1] 1.4824646 0.2117835 0.1450991 0.8134887
[1] 1.6458802 0.2319236 0.1596399 0.9020297
[1] 1.7882295 0.2494628 0.1723727 0.9791925
[1] 1.9128224 0.2648100 0.1835603 1.0467552
[1] 2.0222606 0.2782869 0.1934163 1.1061179
[1] 2.1186481 0.2901537 0.2021172 1.1584148
[1] 2.2037205 0.3006252 0.2098110 1.2045824
[1] 2.2789317 0.3098810 0.2166235 1.2454057
[1] 2.3455143 0.3180737 0.2226620 1.2815513
[1] 2.4045235 0.3253333 0.2280194 1.3135897
[1] 2.4568686 0.3317723 0.2327761 1.3420132
[1] 2.5033377 0.3374878 0.2370020 1.3672486
[1] 2.5446172 0.3425645 0.2407585 1.3896677
[1] 2.5813067 0.3470763 0.2440991 1.4095954
[1] 2.6139320 0.3510880 0.2470712 1.4273169
[1] 2.6429550 0.3546565 0.2497162 1.4430827
[1] 2.6687825 0.3578319 0.2520709 1.4571133
[1] 2.6917733 0.3606584 0.2541676 1.4696034
[1] 2.7122442 0.3631749 0.2560351 1.4807251
[1] 2.7304758 0.3654161 0.2576987 1.4906304
[1] 2.7467162 0.3674125 0.2591809 1.4994543
[1] 2.7611854 0.3691910 0.2605017 1.5073160
[1] 2.7740786 0.3707758 0.2616789 1.5143216
[1] 2.7855690 0.3721881 0.2627281 1.5205651
[1] 2.7958105 0.3734469 0.2636634 1.5261301
[1] 2.8049398 0.3745690 0.2644973 1.5310908
[1] 2.8130785 0.3755693 0.2652407 1.5355133
[1] 2.8203345 0.3764610 0.2659036 1.5394563
[1] 2.8268042 0.3772562 0.2664947 1.5429719
[1] 2.8325731 0.3779652 0.2670218 1.5461069
[1] 2.8377175 0.3785974 0.2674919 1.5489024
[1] 2.8423051 0.3791612 0.2679111 1.5513954
[1] 2.846396 0.379664 0.268285 1.553619
[1] 2.8500453 0.3801125 0.2686184 1.5556017
[1] 2.8532996 0.3805124 0.2689159 1.5573702
[1] 2.8562023 0.3808691 0.2691812 1.5589476
[1] 2.8587913 0.3811873 0.2694178 1.5603546
[1] 2.8611005 0.3814711 0.2696289 1.5616095
[1] 2.8631604 0.3817242 0.2698172 1.5627289
[1] 2.8649977 0.3819500 0.2699851 1.5637274
[1] 2.8666367 0.3821514 0.2701349 1.5646181
[1] 2.8680987 0.3823311 0.2702686 1.5654127
Algorithm did not converge after  500  iterations.
numeric(0)
Algorithm converged after  1  iterations.
[1] 0.03311196
Algorithm converged after  2  iterations.
[1] 0.0327304
Algorithm converged after  2  iterations.
[1] 0.02416448
Algorithm converged after  2  iterations.
[1] 0.03311196 0.03273040
Algorithm converged after  2  iterations.
[1] 0.03311196 0.02416448
Algorithm converged after  2  iterations.
[1] 0.03273040 0.02416448
Algorithm converged after  2  iterations.
[1] 0.03311196 0.03273040 0.02416448
Algorithm converged after  2  iterations.
[1] 0.05029747
Algorithm converged after  2  iterations.
[1] 0.05029747 0.01899591
[1] 0.05625972 0.03494540
[1] 0.05636746 0.03517370
[1] 0.05636158 0.03517735
Algorithm converged after  37  iterations.
[1] 0.05029747 0.02103808
[1] 0.07341497 0.04191039
[1] 0.07407867 0.04282515
[1] 0.07415697 0.04296323
[1] 0.07416860 0.04298484
[1] 0.07417039 0.04298821
Algorithm converged after  57  iterations.
[1] 0.05029747 0.01102656
[1] 0.08792971 0.03514826
[1] 0.10194548 0.04217829
[1] 0.10174637 0.04207995
Algorithm converged after  35  iterations.
[1] 0.05029747 0.01899591 0.02103808
[1] 0.06542435 0.02771134 0.03485950
[1] 0.06095853 0.02824101 0.03556674
[1] 0.06120917 0.02842480 0.03611941
[1] 0.06135859 0.02847607 0.03627768
[1] 0.06139396 0.02848906 0.03631783
[1] 0.06140289 0.02849243 0.03632824
[1] 0.06140522 0.02849330 0.03633096
[1] 0.06140583 0.02849353 0.03633167
Algorithm converged after  81  iterations.
[1] 0.05029747 0.01899591 0.01102656
[1] 0.13990247 0.03392017 0.06996944
[1] 0.15777443 0.03699500 0.08461259
[1] 0.16212156 0.03734782 0.08733499
[1] 0.16306340 0.03742341 0.08792378
[1] 0.16326731 0.03743977 0.08805126
[1] 0.16331146 0.03744331 0.08807886
[1] 0.16332102 0.03744407 0.08808484
Algorithm converged after  79  iterations.
[1] 0.05029747 0.02103808 0.01102656
[1] 0.14731969 0.03416822 0.03867285
[1] 0.14157366 0.02496372 0.05823447
[1] 0.12412928 0.02434921 0.05155259
[1] 0.12414454 0.02437459 0.05119058
[1] 0.12423667 0.02437716 0.05123245
[1] 0.12423411 0.02437696 0.05123310
Algorithm converged after  63  iterations.
[1] 0.05029747 0.01899591 0.02103808 0.01102656
[1] 0.23760947 0.03418370 0.01331536 0.07042538
[1] 0.31206527 0.06395508 0.04254884 0.15337520
[1] 0.58501798 0.10222474 0.06532884 0.27763195
[1] 0.85109456 0.13158738 0.08330511 0.40070228
[1] 1.08676756 0.15740418 0.09988937 0.51044020
[1] 1.2883916 0.1794401 0.1144621 0.6046692
[1] 1.4577495 0.1979104 0.1269026 0.6840112
[1] 1.5986634 0.2132524 0.1373638 0.7501402
[1] 1.7153321 0.2259375 0.1460880 0.8049594
[1] 1.8116600 0.2364000 0.1533287 0.8502633
[1] 1.8910645 0.2450173 0.1593203 0.8876346
[1] 1.9564536 0.2521088 0.1642687 0.9184267
[1] 2.0102665 0.2579418 0.1683501 0.9437786
[1] 2.0545336 0.2627381 0.1717133 0.9646405
[1] 2.0909374 0.2666811 0.1744830 0.9818014
[1] 2.1208684 0.2699221 0.1767626 0.9959141
[1] 2.1454737 0.2725858 0.1786382 1.0075178
[1] 2.165699 0.274775 0.180181 1.017057
[1] 2.1823217 0.2765740 0.1814498 1.0248984
[1] 2.1959834 0.2780523 0.1824930 1.0313435
[1] 2.2072106 0.2792671 0.1833506 1.0366405
[1] 2.2164370 0.2802653 0.1840556 1.0409937
[1] 2.2240187 0.2810855 0.1846351 1.0445712
[1] 2.2302489 0.2817595 0.1851114 1.0475110
[1] 2.2353683 0.2823133 0.1855028 1.0499268
[1] 2.2395749 0.2827683 0.1858244 1.0519119
[1] 2.2430315 0.2831422 0.1860888 1.0535431
[1] 2.2458717 0.2834494 0.1863060 1.0548834
[1] 2.2482054 0.2837018 0.1864845 1.0559848
[1] 2.2501229 0.2839092 0.1866312 1.0568897
[1] 2.2516985 0.2840796 0.1867517 1.0576333
[1] 2.2529931 0.2842196 0.1868508 1.0582443
[1] 2.2540568 0.2843347 0.1869321 1.0587463
[1] 2.2549308 0.2844292 0.1869990 1.0591588
[1] 2.2556489 0.2845069 0.1870539 1.0594977
[1] 2.2562390 0.2845707 0.1870991 1.0597762
[1] 2.2567238 0.2846231 0.1871362 1.0600050
[1] 2.2571222 0.2846662 0.1871667 1.0601930
[1] 2.2574495 0.2847016 0.1871917 1.0603475
[1] 2.2577184 0.2847307 0.1872123 1.0604744
[1] 2.2579394 0.2847546 0.1872292 1.0605787
[1] 2.2581209 0.2847742 0.1872431 1.0606644
[1] 2.2582701 0.2847904 0.1872545 1.0607348
[1] 2.2583927 0.2848036 0.1872639 1.0607926
[1] 2.2584934 0.2848145 0.1872716 1.0608402
[1] 2.2585761 0.2848234 0.1872779 1.0608792
[1] 2.2586441 0.2848308 0.1872831 1.0609113
[1] 2.2587000 0.2848368 0.1872874 1.0609377
[1] 2.2587459 0.2848418 0.1872909 1.0609593
Algorithm did not converge after  500  iterations.
numeric(0)
Algorithm converged after  1  iterations.
[1] 0.03257011
Algorithm converged after  2  iterations.
[1] 0.03088845
Algorithm converged after  2  iterations.
[1] 0.02455667
Algorithm converged after  2  iterations.
[1] 0.03257011 0.03088845
Algorithm converged after  2  iterations.
[1] 0.03257011 0.02455667
Algorithm converged after  2  iterations.
[1] 0.03088845 0.02455667
Algorithm converged after  2  iterations.
[1] 0.03257011 0.03088845 0.02455667
Algorithm converged after  2  iterations.
[1] 0.050516
Algorithm converged after  2  iterations.
[1] 0.05051600 0.01842503
[1] 0.06139635 0.03190687
[1] 0.06141694 0.03194376
Algorithm converged after  29  iterations.
[1] 0.05051600 0.02060703
[1] 0.06993051 0.03626241
[1] 0.06993699 0.03652911
[1] 0.06993108 0.03656492
[1] 0.06993009 0.03657051
[1] 0.06992993 0.03657141
Algorithm converged after  51  iterations.
[1] 0.05051600 0.00995115
[1] 0.08158567 0.03084012
[1] 0.09181560 0.03956008
[1] 0.09169527 0.03946360
Algorithm converged after  35  iterations.
[1] 0.05051600 0.01842503 0.02060703
[1] 0.09101033 0.02910353 0.03151110
[1] 0.08822265 0.02905169 0.03141873
[1] 0.08807802 0.02909606 0.03155638
[1] 0.08816600 0.02911651 0.03160154
[1] 0.08818402 0.02912054 0.03161014
[1] 0.08818706 0.02912128 0.03161174
Algorithm converged after  66  iterations.
[1] 0.05051600 0.01842503 0.00995115
[1] 0.13206400 0.03121247 0.06899140
[1] 0.15322668 0.03341561 0.08708743
[1] 0.15788312 0.03371095 0.09017300
[1] 0.15879073 0.03376811 0.09077304
[1] 0.15896781 0.03377926 0.09089010
[1] 0.15900238 0.03378143 0.09091295
[1] 0.15900912 0.03378186 0.09091741
Algorithm converged after  76  iterations.
[1] 0.05051600 0.02060703 0.00995115
[1] 0.13451813 0.03507424 0.03446684
[1] 0.13527957 0.02338024 0.06419230
[1] 0.11937795 0.02296772 0.05731889
[1] 0.11813959 0.02291987 0.05633314
[1] 0.11801892 0.02291483 0.05622866
[1] 0.11800658 0.02291430 0.05621784
Algorithm converged after  69  iterations.
[1] 0.05051600 0.01842503 0.02060703 0.00995115
[1] 0.23644769 0.03781489 0.03487791 0.01793719
[1] 0.22265100 0.04090955 0.03270128 0.12966125
[1] 0.48748470 0.07853692 0.05792578 0.28184155
[1] 0.7820719 0.1108314 0.0796011 0.4478970
[1] 1.03109147 0.13788003 0.09925241 0.58898713
[1] 1.2138324 0.1577494 0.1143745 0.6927242
[1] 1.3439029 0.1719041 0.1254008 0.7666187
[1] 1.4374649 0.1820878 0.1334337 0.8197959
[1] 1.5054956 0.1894919 0.1393180 0.8584739
[1] 1.5553228 0.1949137 0.1436476 0.8868090
[1] 1.5919947 0.1989034 0.1468438 0.9076666
[1] 1.6190705 0.2018486 0.1492087 0.9230681
[1] 1.6391048 0.2040277 0.1509611 0.9344652
[1] 1.6539515 0.2056423 0.1522611 0.9429118
[1] 1.6649660 0.2068401 0.1532262 0.9491784
[1] 1.6731437 0.2077294 0.1539432 0.9538313
[1] 1.6792187 0.2083900 0.1544761 0.9572879
[1] 1.6837335 0.2088809 0.1548722 0.9598568
[1] 1.6870899 0.2092459 0.1551668 0.9617666
[1] 1.6895856 0.2095172 0.1553858 0.9631867
[1] 1.6914417 0.2097191 0.1555487 0.9642428
[1] 1.6928223 0.2098692 0.1556699 0.9650283
[1] 1.6938492 0.2099808 0.1557601 0.9656127
[1] 1.6946131 0.2100639 0.1558272 0.9660474
[1] 1.6951815 0.2101257 0.1558771 0.9663708
[1] 1.6956043 0.2101716 0.1559142 0.9666114
[1] 1.6959189 0.2102059 0.1559418 0.9667904
[1] 1.6961529 0.2102313 0.1559624 0.9669235
[1] 1.6963270 0.2102502 0.1559777 0.9670226
[1] 1.6964566 0.2102643 0.1559890 0.9670964
[1] 1.6965530 0.2102748 0.1559975 0.9671512
[1] 1.6966247 0.2102826 0.1560038 0.9671920
[1] 1.6966781 0.2102884 0.1560085 0.9672224
[1] 1.6967178 0.2102927 0.1560120 0.9672450
[1] 1.6967474 0.2102959 0.1560146 0.9672618
[1] 1.6967693 0.2102983 0.1560165 0.9672743
Algorithm converged after  366  iterations.
numeric(0)
Algorithm converged after  1  iterations.
[1] 0.03086491
Algorithm converged after  2  iterations.
[1] 0.02983534
Algorithm converged after  2  iterations.
[1] 0.02108333
Algorithm converged after  2  iterations.
[1] 0.03086491 0.02983534
Algorithm converged after  2  iterations.
[1] 0.03086491 0.02108333
Algorithm converged after  2  iterations.
[1] 0.02983534 0.02108333
Algorithm converged after  2  iterations.
[1] 0.03086491 0.02983534 0.02108333
Algorithm converged after  2  iterations.
[1] 0.04503893
Algorithm converged after  2  iterations.
[1] 0.04503893 0.01643615
[1] 0.05438356 0.03256315
[1] 0.05452763 0.03268320
[1] 0.05452581 0.03268353
Algorithm converged after  31  iterations.
[1] 0.04503893 0.02033215
[1] 0.06639660 0.03423458
[1] 0.06688036 0.03429490
[1] 0.06695211 0.03430309
[1] 0.06696651 0.03430512
[1] 0.06696955 0.03430558
Algorithm converged after  56  iterations.
[1] 0.045038935 0.009357349
[1] 0.06999896 0.03150160
[1] 0.08277572 0.04641185
[1] 0.08242782 0.04611762
Algorithm converged after  36  iterations.
[1] 0.04503893 0.01643615 0.02033215
[1] 0.07518766 0.03037165 0.03372333
[1] 0.07581326 0.03183011 0.03700741
[1] 0.07528201 0.03309661 0.04067115
[1] 0.07631414 0.03426721 0.04401673
[1] 0.07723039 0.03505185 0.04632466
[1] 0.07779099 0.03552167 0.04772464
[1] 0.07810578 0.03578861 0.04852500
[1] 0.07827781 0.03593629 0.04896957
[1] 0.07837097 0.03601695 0.04921303
[1] 0.07842127 0.03606072 0.04934541
[1] 0.07844842 0.03608441 0.04941714
[1] 0.07846306 0.03609722 0.04945593
[1] 0.07847096 0.03610413 0.04947689
[1] 0.07847523 0.03610787 0.04948821
[1] 0.07847753 0.03610988 0.04949432
[1] 0.07847877 0.03611097 0.04949762
[1] 0.07847944 0.03611156 0.04949940
[1] 0.07847980 0.03611187 0.04950036
Algorithm converged after  188  iterations.
[1] 0.045038935 0.016436149 0.009357349
[1] 0.12798321 0.02918552 0.07104558
[1] 0.12928722 0.03128281 0.08727732
[1] 0.13083792 0.03140419 0.08847096
[1] 0.13113298 0.03142511 0.08868991
[1] 0.13118851 0.03142904 0.08873108
[1] 0.13119895 0.03142978 0.08873883
Algorithm converged after  69  iterations.
[1] 0.045038935 0.020332154 0.009357349
[1] 0.13795738 0.03670839 0.04476457
[1] 0.13372393 0.02405458 0.08173116
[1] 0.11851420 0.02342868 0.07299188
[1] 0.11711243 0.02334957 0.07177135
[1] 0.11698505 0.02334153 0.07164872
[1] 0.11697338 0.02334078 0.07163717
Algorithm converged after  66  iterations.
[1] 0.045038935 0.016436149 0.020332154 0.009357349
[1] 0.27937217 0.04629393 0.04670501 0.06677617
[1] 0.63209680 0.08428998 0.08600084 0.19975773
[1] 0.81001997 0.08163375 0.06106820 0.50698341
[1] 1.0494946 0.1458530 0.1140316 0.6588090
[1] 1.2518230 0.1725589 0.1367372 0.7811121
[1] 1.4163277 0.1930639 0.1542200 0.8809239
[1] 1.5519465 0.2099085 0.1686614 0.9631299
[1] 1.6648643 0.2239343 0.1807364 1.0315147
[1] 1.7594989 0.2356936 0.1908920 1.0887890
[1] 1.8391727 0.2455971 0.1994655 1.1369851
[1] 1.9064730 0.2539647 0.2067231 1.1776808
[1] 1.9634619 0.2610517 0.2128791 1.2121313
[1] 2.0118125 0.2670652 0.2181089 1.2413531
[1] 2.0528955 0.2721754 0.2225575 1.2661779
[1] 2.0878449 0.2765231 0.2263453 1.2872933
[1] 2.1176051 0.2802254 0.2295730 1.3052713
[1] 2.1429663 0.2833806 0.2323253 1.3205904
[1] 2.1645928 0.2860712 0.2346734 1.3336525
[1] 2.1830442 0.2883669 0.2366776 1.3447961
[1] 2.1987937 0.2903265 0.2383889 1.3543073
[1] 2.2122419 0.2919998 0.2398506 1.3624283
[1] 2.2237285 0.2934290 0.2410994 1.3693646
[1] 2.2335423 0.2946502 0.2421666 1.3752904
[1] 2.2419287 0.2956937 0.2430787 1.3803543
[1] 2.2490966 0.2965856 0.2438584 1.3846822
[1] 2.255224 0.297348 0.244525 1.388382
[1] 2.2604628 0.2979999 0.2450950 1.3915449
[1] 2.2649422 0.2985573 0.2455824 1.3942494
[1] 2.2687726 0.2990339 0.2459993 1.3965621
[1] 2.2720485 0.2994415 0.2463558 1.3985399
[1] 2.2748502 0.2997901 0.2466607 1.4002314
[1] 2.2772465 0.3000883 0.2469215 1.4016782
[1] 2.2792962 0.3003434 0.2471446 1.4029156
[1] 2.2810495 0.3005616 0.2473354 1.4039742
[1] 2.2825494 0.3007482 0.2474987 1.4048797
[1] 2.2838324 0.3009078 0.2476384 1.4056543
[1] 2.2849300 0.3010444 0.2477579 1.4063169
[1] 2.2858690 0.3011613 0.2478601 1.4068838
[1] 2.2866723 0.3012612 0.2479475 1.4073688
[1] 2.2873596 0.3013468 0.2480223 1.4077837
[1] 2.2879476 0.3014199 0.2480863 1.4081387
[1] 2.2884506 0.3014825 0.2481411 1.4084424
[1] 2.2888810 0.3015361 0.2481880 1.4087022
[1] 2.2892492 0.3015819 0.2482280 1.4089245
[1] 2.2895642 0.3016211 0.2482623 1.4091147
[1] 2.2898338 0.3016546 0.2482917 1.4092774
[1] 2.2900644 0.3016833 0.2483168 1.4094167
[1] 2.2902617 0.3017079 0.2483383 1.4095358
[1] 2.2904305 0.3017289 0.2483567 1.4096377
Algorithm did not converge after  500  iterations.
Warning messages:
1: In max(abs(CT), na.rm = T) :
  no non-missing arguments to max; returning -Inf
2: In max(abs(CT), na.rm = T) :
  no non-missing arguments to max; returning -Inf
3: In max(abs(CT), na.rm = T) :
  no non-missing arguments to max; returning -Inf
4: In max(abs(CT), na.rm = T) :
  no non-missing arguments to max; returning -Inf
5: In max(abs(CT), na.rm = T) :
  no non-missing arguments to max; returning -Inf
6: In max(abs(CT), na.rm = T) :
  no non-missing arguments to max; returning -Inf
7: In max(abs(CT), na.rm = T) :
  no non-missing arguments to max; returning -Inf
8: In max(abs(CT), na.rm = T) :
  no non-missing arguments to max; returning -Inf
9: In max(abs(CT), na.rm = T) :
  no non-missing arguments to max; returning -Inf
10: In max(abs(CT), na.rm = T) :
  no non-missing arguments to max; returning -Inf
[1] "Best iter parameter is:"
      gam     rankJ    rankA1    rankA2    rankA3 
0.1111111 1.0000000 0.0000000 0.0000000 1.0000000 
[1] 0.05020225 0.00951294
[1] 0.0844901 0.0323954
[1] 0.09437071 0.04237663
[1] 0.09432186 0.04233338
Algorithm converged after  33  iterations.
         [,1]     [,2]     [,3]
[1,] 5.014559 9.105519 40.14181
