myseed=3224 

Attaching package: ‘pls’

The following object is masked from ‘package:stats’:

    loadings

Loading required package: lattice
Loading required package: ggplot2
Registered S3 methods overwritten by 'ggplot2':
  method         from 
  [.quosures     rlang
  c.quosures     rlang
  print.quosures rlang

Attaching package: ‘caret’

The following object is masked from ‘package:pls’:

    R2

Loading required package: Matrix
Loading required package: foreach
Loaded glmnet 2.0-18

Parsed with column specification:
cols(
  .default = col_double()
)
See spec(...) for full column specifications.
Parsed with column specification:
cols(
  X1 = col_double()
)
Parsed with column specification:
cols(
  X1 = col_double()
)
numeric(0)
Algorithm converged after  1  iterations.
[1] 0.03146315
Algorithm converged after  2  iterations.
[1] 0.02610199
Algorithm converged after  2  iterations.
[1] 0.02439292
Algorithm converged after  2  iterations.
[1] 0.03146315 0.02610199
Algorithm converged after  2  iterations.
[1] 0.03146315 0.02439292
Algorithm converged after  2  iterations.
[1] 0.02610199 0.02439292
Algorithm converged after  2  iterations.
[1] 0.03146315 0.02610199 0.02439292
Algorithm converged after  2  iterations.
[1] 0.05378657
Algorithm converged after  2  iterations.
[1] 0.05378657 0.01437709
[1] 0.05531075 0.02835764
[1] 0.05540966 0.02854430
[1] 0.05541248 0.02855232
Algorithm converged after  37  iterations.
[1] 0.05378657 0.01413812
[1] 0.06536211 0.02793274
[1] 0.06540596 0.02795662
Algorithm converged after  24  iterations.
[1] 0.05378657 0.01077982
[1] 0.11818687 0.05238575
[1] 0.10845967 0.04780735
[1] 0.10821730 0.04762742
[1] 0.10821032 0.04762222
Algorithm converged after  42  iterations.
[1] 0.05378657 0.01437709 0.01413812
[1] 0.07651384 0.02676450 0.02852246
[1] 0.07951756 0.02669424 0.02877716
[1] 0.07882555 0.02655856 0.02847927
[1] 0.07859531 0.02653468 0.02840538
[1] 0.07855646 0.02653194 0.02839393
[1] 0.07855176 0.02653174 0.02839258
Algorithm converged after  64  iterations.
[1] 0.05378657 0.01437709 0.01077982
[1] 0.15679297 0.02878583 0.07216224
[1] 0.16001594 0.03258226 0.08918556
[1] 0.16175171 0.03276524 0.09046671
[1] 0.16211992 0.03279452 0.09071657
[1] 0.16219665 0.03280056 0.09076850
[1] 0.16221263 0.03280181 0.09077931
[1] 0.16221596 0.03280208 0.09078156
Algorithm converged after  72  iterations.
[1] 0.05378657 0.01413812 0.01077982
[1] 0.17124967 0.02614734 0.06291220
[1] 0.14849648 0.01989737 0.07270806
[1] 0.14388733 0.01978054 0.07002533
[1] 0.14341096 0.01977063 0.06963046
[1] 0.14336270 0.01976971 0.06958637
[1] 0.14335785 0.01976961 0.06958178
Algorithm converged after  64  iterations.
[1] 0.05378657 0.01437709 0.01413812 0.01077982
[1] 0.30736701 0.04165867 0.03857922 0.08348170
[1] 0.51886935 0.05132447 0.03434159 0.27951894
[1] 0.77307888 0.12253628 0.07807639 0.45508946
[1] 1.0666307 0.1633821 0.1072545 0.6287304
[1] 1.3279879 0.1973365 0.1319332 0.7847666
[1] 1.5643398 0.2279276 0.1544225 0.9262648
[1] 1.7803858 0.2558493 0.1751151 1.0558332
[1] 1.9790448 0.2814905 0.1942335 1.1751298
[1] 2.1623668 0.3051242 0.2119401 1.2853300
[1] 2.3319268 0.3269605 0.2283642 1.3873433
[1] 2.4890079 0.3471707 0.2436146 1.4819155
[1] 2.6346964 0.3658993 0.2577857 1.5696812
[1] 2.7699353 0.3832716 0.2709614 1.6511937
[1] 2.8955579 0.3993978 0.2832167 1.7269441
[1] 3.0123096 0.4143764 0.2946199 1.7973730
[1] 3.1208629 0.4282956 0.3052330 1.8628790
[1] 3.2218287 0.4412357 0.3151131 1.9238250
[1] 3.3157646 0.4532695 0.3243123 1.9805431
[1] 3.4031811 0.4644638 0.3328790 2.0333378
[1] 3.4845476 0.4748796 0.3408576 2.0824895
[1] 3.5602962 0.4845731 0.3482895 2.1282566
[1] 3.6308256 0.4935960 0.3552127 2.1708780
[1] 3.6965041 0.5019960 0.3616625 2.2105744
[1] 3.7576724 0.5098173 0.3676719 2.2475503
[1] 3.8146461 0.5171006 0.3732712 2.2819953
[1] 3.8677176 0.5238837 0.3784887 2.3140851
[1] 3.9171582 0.5302014 0.3833507 2.3439828
[1] 3.9632196 0.5360864 0.3878817 2.3718400
[1] 4.0061354 0.5415686 0.3921042 2.3977972
[1] 4.0461228 0.5466759 0.3960396 2.4219853
[1] 4.0833836 0.5514343 0.3997073 2.4445259
[1] 4.1181053 0.5558679 0.4031258 2.4655321
[1] 4.1504623 0.5599991 0.4063121 2.4851089
[1] 4.1806167 0.5638487 0.4092819 2.5033543
[1] 4.2087196 0.5674360 0.4120501 2.5203594
[1] 4.2349113 0.5707790 0.4146304 2.5362088
[1] 4.2593224 0.5738945 0.4170356 2.5509815
[1] 4.2820747 0.5767981 0.4192776 2.5647510
[1] 4.3032814 0.5795042 0.4213675 2.5775856
[1] 4.3230479 0.5820264 0.4233157 2.5895491
[1] 4.3414724 0.5843772 0.4251318 2.6007007
[1] 4.3586464 0.5865683 0.4268247 2.6110958
[1] 4.3746549 0.5886106 0.4284030 2.6207858
[1] 4.3895773 0.5905143 0.4298742 2.6298186
[1] 4.4034875 0.5922887 0.4312457 2.6382389
[1] 4.4164544 0.5939427 0.4325244 2.6460884
[1] 4.4285420 0.5954845 0.4337163 2.6534058
[1] 4.4398101 0.5969218 0.4348276 2.6602273
[1] 4.4503144 0.5982615 0.4358635 2.6665864
Algorithm did not converge after  500  iterations.
numeric(0)
Algorithm converged after  1  iterations.
[1] 0.02562342
Algorithm converged after  2  iterations.
[1] 0.02739482
Algorithm converged after  2  iterations.
[1] 0.02620162
Algorithm converged after  2  iterations.
[1] 0.02562342 0.02739482
Algorithm converged after  2  iterations.
[1] 0.02562342 0.02620162
Algorithm converged after  2  iterations.
[1] 0.02739482 0.02620162
Algorithm converged after  2  iterations.
[1] 0.02562342 0.02739482 0.02620162
Algorithm converged after  2  iterations.
[1] 0.04879796
Algorithm converged after  2  iterations.
[1] 0.04879796 0.01153541
[1] 0.05483551 0.02490699
[1] 0.05490658 0.02507417
[1] 0.05490720 0.02507984
Algorithm converged after  36  iterations.
[1] 0.04879796 0.01716435
[1] 0.06671061 0.02988267
[1] 0.06684606 0.02989458
Algorithm converged after  26  iterations.
[1] 0.04879796 0.01262433
[1] 0.08245182 0.03609917
[1] 0.09072206 0.04119559
[1] 0.09006730 0.04093446
Algorithm converged after  38  iterations.
[1] 0.04879796 0.01153541 0.01716435
[1] 0.07665116 0.02406169 0.03010528
[1] 0.07648643 0.02417283 0.02974900
[1] 0.07603641 0.02414007 0.02964575
[1] 0.07599183 0.02413945 0.02963942
Algorithm converged after  49  iterations.
[1] 0.04879796 0.01153541 0.01262433
[1] 0.13460030 0.02580986 0.05676723
[1] 0.13579165 0.02995252 0.07565159
[1] 0.13559925 0.03000117 0.07569192
[1] 0.13557946 0.02999931 0.07568053
Algorithm converged after  48  iterations.
[1] 0.04879796 0.01716435 0.01262433
[1] 0.15339937 0.03230209 0.05311933
[1] 0.13135252 0.02194627 0.06575354
[1] 0.11929722 0.02158802 0.05938755
[1] 0.11944864 0.02159749 0.05931849
[1] 0.11946615 0.02159773 0.05932713
Algorithm converged after  52  iterations.
[1] 0.04879796 0.01153541 0.01716435 0.01262433
[1] 0.27896384 0.04148249 0.03932319 0.02499920
[1] 0.32024326 0.04960717 0.04602608 0.07072996
[1] 0.44208600 0.07595561 0.07126171 0.09192080
[1] 0.7278959 0.1366986 0.1310931 0.1519829
[1] 0.8554219 0.1256216 0.1365293 0.4725312
[1] 1.0262765 0.1420610 0.1543775 0.6212134
[1] 1.2141772 0.1655789 0.1779600 0.7292316
[1] 1.3859325 0.1872442 0.1994756 0.8269138
[1] 1.5422403 0.2070199 0.2190057 0.9156196
[1] 1.6844674 0.2250502 0.2367386 0.9962281
[1] 1.8138828 0.2414809 0.2528452 1.0695031
[1] 1.9316351 0.2564482 0.2674781 1.1361223
[1] 2.0387658 0.2700783 0.2807739 1.1966934
[1] 2.1362218 0.2824869 0.2928558 1.2517650
[1] 2.2248655 0.2937807 0.3038347 1.3018344
[1] 2.3054836 0.3040575 0.3138115 1.3473530
[1] 2.3787936 0.3134070 0.3228774 1.3887317
[1] 2.4454502 0.3219112 0.3311154 1.4263442
[1] 2.5060508 0.3296454 0.3386009 1.4605310
[1] 2.5611400 0.3366783 0.3454024 1.4916018
[1] 2.6112146 0.3430726 0.3515821 1.5198389
[1] 2.6567273 0.3488857 0.3571968 1.5454993
[1] 2.6980906 0.3541699 0.3622978 1.5688166
[1] 2.7356802 0.3589728 0.3669322 1.5900039
[1] 2.7698384 0.3633379 0.3711423 1.6092547
[1] 2.8008766 0.3673049 0.3749670 1.6267454
[1] 2.8290783 0.3709098 0.3784415 1.6426362
[1] 2.8547018 0.3741855 0.3815977 1.6570730
[1] 2.8779817 0.3771618 0.3844648 1.6701883
[1] 2.8991315 0.3798661 0.3870691 1.6821029
[1] 2.9183456 0.3823231 0.3894347 1.6929263
[1] 2.9358005 0.3845552 0.3915836 1.7027582
[1] 2.9516570 0.3865831 0.3935354 1.7116893
[1] 2.9660610 0.3884253 0.3953082 1.7198020
[1] 2.9791453 0.3900988 0.3969185 1.7271710
[1] 2.9910305 0.3916191 0.3983811 1.7338646
[1] 3.0018264 0.3930000 0.3997095 1.7399444
[1] 3.0116326 0.3942544 0.4009161 1.7454667
[1] 3.0205397 0.3953938 0.4020119 1.7504825
[1] 3.0286301 0.3964288 0.4030073 1.7550384
[1] 3.0359785 0.3973689 0.4039113 1.7591763
[1] 3.0426529 0.3982228 0.4047324 1.7629346
[1] 3.0487151 0.3989984 0.4054781 1.7663481
[1] 3.0542212 0.3997028 0.4061554 1.7694484
[1] 3.0592221 0.4003426 0.4067705 1.7722643
[1] 3.0637642 0.4009238 0.4073292 1.7748217
[1] 3.0678895 0.4014516 0.4078366 1.7771445
[1] 3.0716363 0.4019310 0.4082974 1.7792541
[1] 3.0750392 0.4023664 0.4087159 1.7811701
Algorithm did not converge after  500  iterations.
numeric(0)
Algorithm converged after  1  iterations.
[1] 0.03217674
Algorithm converged after  2  iterations.
[1] 0.02734028
Algorithm converged after  2  iterations.
[1] 0.02714244
Algorithm converged after  2  iterations.
[1] 0.03217674 0.02734028
Algorithm converged after  2  iterations.
[1] 0.03217674 0.02714244
Algorithm converged after  2  iterations.
[1] 0.02734028 0.02714244
Algorithm converged after  2  iterations.
[1] 0.03217674 0.02734028 0.02714244
Algorithm converged after  2  iterations.
[1] 0.04870793
Algorithm converged after  2  iterations.
[1] 0.04870793 0.01480272
[1] 0.05318941 0.02960965
[1] 0.05324196 0.02963295
Algorithm converged after  23  iterations.
[1] 0.04870793 0.02051496
[1] 0.07087660 0.03462932
[1] 0.07092200 0.03462778
Algorithm converged after  25  iterations.
[1] 0.04870793 0.01117347
[1] 0.09144054 0.03527871
[1] 0.08074303 0.03572420
[1] 0.07983649 0.03514758
[1] 0.07982783 0.03514221
Algorithm converged after  41  iterations.
[1] 0.04870793 0.01480272 0.02051496
[1] 0.08475001 0.02961038 0.03385017
[1] 0.08632583 0.02983546 0.03373264
[1] 0.08619575 0.02981590 0.03369047
[1] 0.08618471 0.02981439 0.03368828
Algorithm converged after  44  iterations.
[1] 0.04870793 0.01480272 0.01117347
[1] 0.12028035 0.03253911 0.04211986
[1] 0.12629249 0.03085422 0.06763072
[1] 0.12986168 0.03117224 0.07010449
[1] 0.13052973 0.03122931 0.07055749
[1] 0.13065326 0.03123987 0.07064125
[1] 0.13067611 0.03124182 0.07065675
[1] 0.13068034 0.03124218 0.07065961
Algorithm converged after  75  iterations.
[1] 0.04870793 0.02051496 0.01117347
[1] 0.17764767 0.03346085 0.06705488
[1] 0.13351490 0.02595505 0.06405010
[1] 0.13060204 0.02585570 0.06206769
[1] 0.13031087 0.02584646 0.06185626
[1] 0.13027989 0.02584548 0.06183366
[1] 0.13027658 0.02584538 0.06183124
Algorithm converged after  62  iterations.
[1] 0.04870793 0.01480272 0.02051496 0.01117347
[1] 0.27937219 0.04494059 0.04389493 0.07040028
[1] 0.42458988 0.06115514 0.03969448 0.24440411
[1] 0.77391676 0.11975658 0.07362896 0.45306498
[1] 1.1309597 0.1681512 0.1053149 0.6620551
[1] 1.4308814 0.2085195 0.1329491 0.8384549
[1] 1.6871944 0.2430884 0.1570594 0.9894596
[1] 1.9101112 0.2732004 0.1782821 1.1209146
[1] 2.1058776 0.2996733 0.1970691 1.2364361
[1] 2.2788098 0.3230763 0.2137596 1.3385354
[1] 2.4321557 0.3438402 0.2286234 1.4291077
[1] 2.5684924 0.3623088 0.2418829 1.5096606
[1] 2.6899402 0.3787658 0.2537259 1.5814365
[1] 2.7982800 0.3934503 0.2643138 1.6454806
[1] 2.8950331 0.4065669 0.2737865 1.7026869
[1] 2.9815135 0.4182929 0.2822662 1.7538281
[1] 3.0588655 0.4287825 0.2898606 1.7995780
[1] 3.1280915 0.4381712 0.2966645 1.8405271
[1] 3.1900739 0.4465783 0.3027623 1.8771955
[1] 3.2455920 0.4541091 0.3082285 1.9100430
[1] 3.2953361 0.4608572 0.3131297 1.9394769
[1] 3.3399188 0.4669054 0.3175251 1.9658588
[1] 3.3798850 0.4723276 0.3214674 1.9895105
[1] 3.4157198 0.4771895 0.3250038 2.0107185
[1] 3.4478559 0.4815497 0.3281766 2.0297386
[1] 3.4766793 0.4854605 0.3310233 2.0467988
[1] 3.5025349 0.4889688 0.3335778 2.0621030
[1] 3.5257307 0.4921163 0.3358701 2.0758334
[1] 3.5465425 0.4949403 0.3379274 2.0881531
[1] 3.5652170 0.4974743 0.3397737 2.0992078
[1] 3.5819748 0.4997483 0.3414310 2.1091283
[1] 3.5970138 0.5017891 0.3429185 2.1180314
[1] 3.6105109 0.5036207 0.3442537 2.1260219
[1] 3.6226250 0.5052646 0.3454522 2.1331938
[1] 3.6334983 0.5067401 0.3465282 2.1396311
[1] 3.6432581 0.5080646 0.3474940 2.1454094
[1] 3.6520190 0.5092535 0.3483611 2.1505963
[1] 3.6598833 0.5103208 0.3491395 2.1552525
[1] 3.6669431 0.5112788 0.3498384 2.1594323
[1] 3.6732808 0.5121389 0.3504658 2.1631847
[1] 3.6789704 0.5129110 0.3510291 2.1665534
[1] 3.6840783 0.5136042 0.3515348 2.1695776
[1] 3.6886640 0.5142265 0.3519889 2.1722928
[1] 3.6927810 0.5147853 0.3523965 2.1747304
[1] 3.6964772 0.5152869 0.3527625 2.1769189
[1] 3.6997957 0.5157372 0.3530912 2.1788838
[1] 3.7027752 0.5161416 0.3533862 2.1806480
[1] 3.7054502 0.5165046 0.3536511 2.1822319
[1] 3.7078520 0.5168306 0.3538890 2.1836540
[1] 3.7100084 0.5171232 0.3541026 2.1849308
Algorithm did not converge after  500  iterations.
numeric(0)
Algorithm converged after  1  iterations.
[1] 0.02878577
Algorithm converged after  2  iterations.
[1] 0.02538693
Algorithm converged after  2  iterations.
[1] 0.02718299
Algorithm converged after  2  iterations.
[1] 0.02878577 0.02538693
Algorithm converged after  2  iterations.
[1] 0.02878577 0.02718299
Algorithm converged after  2  iterations.
[1] 0.02538693 0.02718299
Algorithm converged after  2  iterations.
[1] 0.02878577 0.02538693 0.02718299
Algorithm converged after  2  iterations.
[1] 0.054505
Algorithm converged after  2  iterations.
[1] 0.05450500 0.01300414
[1] 0.05270998 0.02272386
[1] 0.05271899 0.02278195
Algorithm converged after  30  iterations.
[1] 0.05450500 0.01585535
[1] 0.07500274 0.02716952
[1] 0.07507316 0.02717833
Algorithm converged after  24  iterations.
[1] 0.05450500 0.01086906
[1] 0.06054178 0.01686582
[1] 0.08490355 0.03308660
[1] 0.10062655 0.04363078
[1] 0.10058122 0.04362658
Algorithm converged after  41  iterations.
[1] 0.05450500 0.01300414 0.01585535
[1] 0.08421071 0.02343745 0.03012312
[1] 0.08670203 0.02375398 0.03080697
[1] 0.08644903 0.02375314 0.03075566
[1] 0.08636393 0.02375245 0.03074087
[1] 0.08635277 0.02375291 0.03073985
Algorithm converged after  55  iterations.
[1] 0.05450500 0.01300414 0.01086906
[1] 0.14446708 0.03306555 0.07521389
[1] 0.17030003 0.03825576 0.09380446
[1] 0.17354900 0.03865504 0.09568824
[1] 0.17396983 0.03870479 0.09592944
[1] 0.17402442 0.03871124 0.09596071
[1] 0.17403151 0.03871207 0.09596477
Algorithm converged after  63  iterations.
[1] 0.05450500 0.01585535 0.01086906
[1] 0.13675695 0.02608840 0.03910212
[1] 0.14335750 0.01986288 0.05527577
[1] 0.13518150 0.01875651 0.05589263
[1] 0.13401086 0.01869704 0.05559186
[1] 0.13399864 0.01869878 0.05557871
Algorithm converged after  60  iterations.
[1] 0.05450500 0.01300414 0.01585535 0.01086906
[1] 0.28383414 0.03745307 0.03675585 0.07672844
[1] 0.47889968 0.06534537 0.03303665 0.24951405
[1] 0.72675921 0.13145680 0.06932846 0.39734317
[1] 0.96147104 0.16816099 0.09222669 0.52392181
[1] 1.1577611 0.1976905 0.1111690 0.6301293
[1] 1.3257840 0.2229047 0.1276644 0.7211805
[1] 1.4719047 0.2448079 0.1421854 0.8004412
[1] 1.6002058 0.2640225 0.1550474 0.8700863
[1] 1.7135698 0.2809867 0.1664868 0.9316578
[1] 1.8141743 0.2960315 0.1766910 0.9863239
[1] 1.9037395 0.3094177 0.1858129 1.0350096
[1] 1.9836678 0.3213577 0.1939806 1.0784705
[1] 2.0551286 0.3320281 0.2013035 1.1173374
[1] 2.1191131 0.3415787 0.2078756 1.1521460
[1] 2.1764715 0.3501373 0.2137788 1.1833559
[1] 2.2279399 0.3578149 0.2190849 1.2113658
[1] 2.2741605 0.3647079 0.2238569 1.2365234
[1] 2.3156963 0.3709009 0.2281507 1.2591341
[1] 2.3530436 0.3764683 0.2320158 1.2794670
[1] 2.3866409 0.3814757 0.2354961 1.2977603
[1] 2.4168776 0.3859816 0.2386310 1.3142251
[1] 2.4440995 0.3900376 0.2414554 1.3290495
[1] 2.4686149 0.3936900 0.2440007 1.3424009
[1] 2.4906989 0.3969797 0.2462949 1.3544290
[1] 2.5105974 0.3999435 0.2483631 1.3652672
[1] 2.5285304 0.4026144 0.2502279 1.3750354
[1] 2.5446950 0.4050217 0.2519095 1.3838408
[1] 2.5592679 0.4071918 0.2534261 1.3917794
[1] 2.5724078 0.4091484 0.2547940 1.3989377
[1] 2.5842571 0.4109127 0.2560279 1.4053931
[1] 2.5949438 0.4125038 0.2571410 1.4112152
[1] 2.6045829 0.4139389 0.2581452 1.4164668
[1] 2.6132778 0.4152334 0.2590512 1.4212041
[1] 2.6211217 0.4164011 0.2598688 1.4254778
[1] 2.6281984 0.4174545 0.2606065 1.4293335
[1] 2.6345834 0.4184050 0.2612722 1.4328125
[1] 2.6403445 0.4192626 0.2618729 1.4359515
[1] 2.6455430 0.4200364 0.2624150 1.4387841
[1] 2.6502340 0.4207346 0.2629043 1.4413401
[1] 2.6544673 0.4213647 0.2633458 1.4436468
[1] 2.6582877 0.4219334 0.2637443 1.4457285
[1] 2.6617355 0.4224465 0.2641040 1.4476073
[1] 2.6648472 0.4229097 0.2644287 1.4493029
[1] 2.6676556 0.4233277 0.2647217 1.4508332
[1] 2.6701904 0.4237049 0.2649862 1.4522144
[1] 2.6724782 0.4240454 0.2652249 1.4534611
[1] 2.6745432 0.4243528 0.2654404 1.4545864
[1] 2.6764071 0.4246302 0.2656350 1.4556020
[1] 2.6780895 0.4248806 0.2658105 1.4565188
Algorithm did not converge after  500  iterations.
numeric(0)
Algorithm converged after  1  iterations.
[1] 0.03100554
Algorithm converged after  2  iterations.
[1] 0.02890829
Algorithm converged after  2  iterations.
[1] 0.02667879
Algorithm converged after  2  iterations.
[1] 0.03100554 0.02890829
Algorithm converged after  2  iterations.
[1] 0.03100554 0.02667879
Algorithm converged after  2  iterations.
[1] 0.02890829 0.02667879
Algorithm converged after  2  iterations.
[1] 0.03100554 0.02890829 0.02667879
Algorithm converged after  2  iterations.
[1] 0.05545744
Algorithm converged after  2  iterations.
[1] 0.05545744 0.01458943
[1] 0.06331377 0.02868434
[1] 0.06342072 0.02882363
[1] 0.06342300 0.02882767
Algorithm converged after  34  iterations.
[1] 0.05545744 0.01725219
[1] 0.07298496 0.03206969
[1] 0.07305784 0.03210879
Algorithm converged after  26  iterations.
[1] 0.055457440 0.009951817
[1] 0.08255563 0.03430228
[1] 0.09684402 0.04277214
[1] 0.09385505 0.04122484
[1] 0.09382364 0.04120968
Algorithm converged after  43  iterations.
[1] 0.05545744 0.01458943 0.01725219
[1] 0.09173648 0.02951255 0.03157683
[1] 0.09162420 0.02990211 0.03143378
[1] 0.09091567 0.02986282 0.03133122
[1] 0.09082608 0.02985732 0.03132118
[1] 0.09081948 0.02985708 0.03132075
Algorithm converged after  53  iterations.
[1] 0.055457440 0.014589429 0.009951817
[1] 0.13953617 0.02893849 0.05536846
[1] 0.14134163 0.03200055 0.07643279
[1] 0.14184414 0.03209799 0.07690440
[1] 0.14191059 0.03210442 0.07694737
[1] 0.14191891 0.03210519 0.07695265
Algorithm converged after  55  iterations.
[1] 0.055457440 0.017252188 0.009951817
[1] 0.14838280 0.03258856 0.05071081
[1] 0.14072386 0.02421043 0.06770997
[1] 0.13284400 0.02384656 0.06305730
[1] 0.13234953 0.02382161 0.06267652
[1] 0.13231541 0.02381980 0.06264851
Algorithm converged after  60  iterations.
[1] 0.055457440 0.014589429 0.017252188 0.009951817
[1] 0.32132123 0.04900549 0.04352120 0.08610795
[1] 0.57916568 0.06710787 0.04896921 0.32083235
[1] 0.91549962 0.14011100 0.09999853 0.53354484
[1] 1.2052544 0.1834538 0.1333248 0.7026550
[1] 1.4404555 0.2175943 0.1600521 0.8403542
[1] 1.6373065 0.2461898 0.1826253 0.9557129
[1] 1.8047249 0.2705458 0.2019521 1.0538870
[1] 1.9485074 0.2914868 0.2186309 1.1382425
[1] 2.0727976 0.3096041 0.2331010 1.2111903
[1] 2.1807348 0.3253476 0.2457026 1.2745602
[1] 2.2747908 0.3390731 0.2567082 1.3297946
[1] 2.3569642 0.3510693 0.2663406 1.3780613
[1] 2.4289021 0.3615745 0.2747857 1.4203234
[1] 2.4919814 0.3707885 0.2821999 1.4573870
[1] 2.5473654 0.3788801 0.2887162 1.4899332
[1] 2.5960451 0.3859934 0.2944487 1.5185429
[1] 2.6388700 0.3922522 0.2994954 1.5437140
[1] 2.6765724 0.3977629 0.3039412 1.5658761
[1] 2.7097856 0.4026181 0.3078598 1.5854008
[1] 2.7390597 0.4068978 0.3113152 1.6026109
[1] 2.7648736 0.4106720 0.3143634 1.6177876
[1] 2.7876450 0.4140015 0.3170533 1.6311762
[1] 2.8077393 0.4169398 0.3194277 1.6429912
[1] 2.8254761 0.4195335 0.3215240 1.6534205
[1] 2.8411361 0.4218235 0.3233753 1.6626288
[1] 2.8549653 0.4238460 0.3250105 1.6707609
[1] 2.8671801 0.4256324 0.3264550 1.6779438
[1] 2.8779707 0.4272105 0.3277314 1.6842894
[1] 2.8875045 0.4286049 0.3288592 1.6898960
[1] 2.8959290 0.4298371 0.3298559 1.6948502
[1] 2.9033740 0.4309260 0.3307368 1.6992286
[1] 2.9099540 0.4318884 0.3315154 1.7030983
[1] 2.9157701 0.4327391 0.3322037 1.7065188
[1] 2.9209112 0.4334911 0.3328122 1.7095423
[1] 2.9254561 0.4341559 0.3333501 1.7122153
[1] 2.9294741 0.4347436 0.3338257 1.7145783
[1] 2.9330264 0.4352632 0.3342462 1.7166676
[1] 2.9361672 0.4357226 0.3346180 1.7185148
[1] 2.9389443 0.4361289 0.3349467 1.7201480
[1] 2.9413998 0.4364880 0.3352374 1.7215922
[1] 2.9435711 0.4368056 0.3354945 1.7228692
[1] 2.9454910 0.4370865 0.3357218 1.7239984
[1] 2.9471889 0.4373349 0.3359228 1.7249970
[1] 2.9486902 0.4375545 0.3361006 1.7258800
[1] 2.9500179 0.4377487 0.3362578 1.7266609
[1] 2.9511921 0.4379204 0.3363968 1.7273515
[1] 2.9522304 0.4380723 0.3365197 1.7279622
[1] 2.9531487 0.4382067 0.3366284 1.7285022
[1] 2.9539608 0.4383255 0.3367246 1.7289799
Algorithm did not converge after  500  iterations.
numeric(0)
Algorithm converged after  1  iterations.
[1] 0.02721704
Algorithm converged after  2  iterations.
[1] 0.02530135
Algorithm converged after  2  iterations.
[1] 0.03052611
Algorithm converged after  2  iterations.
[1] 0.02721704 0.02530135
Algorithm converged after  2  iterations.
[1] 0.02721704 0.03052611
Algorithm converged after  2  iterations.
[1] 0.02530135 0.03052611
Algorithm converged after  2  iterations.
[1] 0.02721704 0.02530135 0.03052611
Algorithm converged after  2  iterations.
[1] 0.05335104
Algorithm converged after  2  iterations.
[1] 0.05335104 0.01392876
[1] 0.05949611 0.02443276
[1] 0.05950653 0.02444920
Algorithm converged after  24  iterations.
[1] 0.05335104 0.01657234
[1] 0.07274044 0.02861780
[1] 0.07282068 0.02862085
Algorithm converged after  25  iterations.
[1] 0.053351037 0.009814672
[1] 0.09076507 0.03865938
[1] 0.09696345 0.04377882
[1] 0.09689041 0.04371689
Algorithm converged after  32  iterations.
[1] 0.05335104 0.01392876 0.01657234
[1] 0.09674952 0.02750770 0.03123593
[1] 0.09712698 0.02751480 0.03102067
[1] 0.09691492 0.02747844 0.03095891
[1] 0.09690415 0.02747703 0.03095686
Algorithm converged after  41  iterations.
[1] 0.053351037 0.013928759 0.009814672
[1] 0.13186299 0.02578895 0.06413285
[1] 0.15461100 0.03081998 0.08893712
[1] 0.15854737 0.03118897 0.09141796
[1] 0.15910506 0.03123899 0.09176378
[1] 0.15918383 0.03124605 0.09181260
[1] 0.15919496 0.03124705 0.09181949
Algorithm converged after  67  iterations.
[1] 0.053351037 0.016572337 0.009814672
[1] 0.15500862 0.02558198 0.06123061
[1] 0.13873733 0.02088533 0.06759186
[1] 0.13624388 0.02080012 0.06592630
[1] 0.13606468 0.02079422 0.06578619
[1] 0.13605048 0.02079376 0.06577482
Algorithm converged after  57  iterations.
[1] 0.053351037 0.013928759 0.016572337 0.009814672
[1] 0.31588699 0.04306925 0.04162750 0.08411345
[1] 0.51161493 0.05941961 0.03910804 0.29489908
[1] 0.79908499 0.11986193 0.07675493 0.48508614
[1] 1.0492555 0.1567140 0.1026090 0.6374401
[1] 1.2474572 0.1853764 0.1231497 0.7582404
[1] 1.4094602 0.2088969 0.1401872 0.8569988
[1] 1.5443508 0.2285489 0.1545198 0.9392341
[1] 1.6579887 0.2451468 0.1666836 1.0085133
[1] 1.7544856 0.2592678 0.1770699 1.0673420
[1] 1.8368902 0.2713438 0.1859773 1.1175788
[1] 1.9075531 0.2817108 0.1936411 1.1606569
[1] 1.9683379 0.2906364 0.2002515 1.1977127
[1] 2.0207527 0.2983384 0.2059641 1.2296658
[1] 2.0660368 0.3049964 0.2109085 1.2572717
[1] 2.1052204 0.3107602 0.2151932 1.2811586
[1] 2.1391677 0.3157557 0.2189100 1.3018532
[1] 2.1686083 0.3200894 0.2221367 1.3198006
[1] 2.194162 0.323852 0.224940 1.335379
[1] 2.2163581 0.3271209 0.2273767 1.3489095
[1] 2.2356487 0.3299625 0.2294959 1.3606693
[1] 2.2524225 0.3324338 0.2313395 1.3708948
[1] 2.2670141 0.3345838 0.2329441 1.3797900
[1] 2.2797119 0.3364551 0.2343410 1.3875308
[1] 2.2907651 0.3380841 0.2355574 1.3942690
[1] 2.3003893 0.3395027 0.2366168 1.4001360
[1] 2.3087709 0.3407382 0.2375397 1.4052456
[1] 2.3160720 0.3418145 0.2383439 1.4096965
[1] 2.3224328 0.3427522 0.2390445 1.4135741
[1] 2.3279752 0.3435694 0.2396552 1.4169529
[1] 2.3328052 0.3442815 0.2401874 1.4198973
[1] 2.3370147 0.3449021 0.2406513 1.4224635
[1] 2.3406838 0.3454431 0.2410557 1.4247002
[1] 2.3438821 0.3459148 0.2414083 1.4266500
[1] 2.3466703 0.3463259 0.2417156 1.4283497
[1] 2.3491011 0.3466843 0.2419836 1.4298315
[1] 2.3512203 0.3469968 0.2422173 1.4311235
[1] 2.3530681 0.3472693 0.2424210 1.4322499
[1] 2.3546792 0.3475069 0.2425986 1.4332321
[1] 2.3560841 0.3477141 0.2427536 1.4340885
[1] 2.3573091 0.3478947 0.2428886 1.4348353
[1] 2.3583773 0.3480522 0.2430064 1.4354865
[1] 2.3593088 0.3481896 0.2431092 1.4360544
[1] 2.3601211 0.3483094 0.2431987 1.4365496
[1] 2.3608295 0.3484139 0.2432769 1.4369814
[1] 2.361447 0.348505 0.243345 1.437358
[1] 2.3619860 0.3485844 0.2434044 1.4376864
[1] 2.3624558 0.3486537 0.2434562 1.4379729
[1] 2.3628656 0.3487142 0.2435014 1.4382226
[1] 2.3632229 0.3487669 0.2435408 1.4384405
Algorithm did not converge after  500  iterations.
numeric(0)
Algorithm converged after  1  iterations.
[1] 0.02644321
Algorithm converged after  2  iterations.
[1] 0.02460457
Algorithm converged after  2  iterations.
[1] 0.025682
Algorithm converged after  2  iterations.
[1] 0.02644321 0.02460457
Algorithm converged after  2  iterations.
[1] 0.02644321 0.02568200
Algorithm converged after  2  iterations.
[1] 0.02460457 0.02568200
Algorithm converged after  2  iterations.
[1] 0.02644321 0.02460457 0.02568200
Algorithm converged after  2  iterations.
[1] 0.04748929
Algorithm converged after  2  iterations.
[1] 0.04748929 0.01306865
[1] 0.05107737 0.02638857
[1] 0.05114808 0.02647601
[1] 0.05114667 0.02647655
Algorithm converged after  33  iterations.
[1] 0.04748929 0.01538199
[1] 0.05872648 0.02539840
[1] 0.05872369 0.02541388
Algorithm converged after  25  iterations.
[1] 0.04748929 0.01204378
[1] 0.07569907 0.02913615
[1] 0.08605187 0.03904418
[1] 0.08608572 0.04122319
Algorithm converged after  40  iterations.
[1] 0.04748929 0.01306865 0.01538199
[1] 0.05926579 0.02521559 0.02445293
[1] 0.06060145 0.02571602 0.02581915
[1] 0.05533102 0.02510111 0.02394012
[1] 0.05405896 0.02520895 0.02333695
[1] 0.05656917 0.02569398 0.01309336
[1] 0.05387547 0.02550805 0.02337941
[1] 0.05943489 0.02617586 0.01245195
[1] 0.05604099 0.02594899 0.01484472
[1] 0.05755503 0.02603328 0.01256109
[1] 0.05647538 0.02601005 0.02514595
[1] 0.0567734 0.0259259 0.0125781
[1] 0.05529007 0.02598030 0.02489305
[1] 0.05027034 0.02522025 0.02249728
[1] 0.05378527 0.02569843 0.02393207
[1] 0.05093517 0.02551808 0.02288861
[1] 0.05350118 0.02571481 0.02432422
[1] 0.05688442 0.02619506 0.01217884
[1] 0.05674571 0.02633106 0.02519216
[1] 0.05405788 0.02642803 0.01324606
[1] 0.05118078 0.02544311 0.02308437
[1] 0.05645372 0.02616140 0.02524373
[1] 0.05263635 0.02569053 0.02369335
[1] 0.05335597 0.02589923 0.02447593
[1] 0.05451036 0.02595554 0.02481273
[1] 0.05313125 0.02573743 0.02445975
[1] 0.05269015 0.02574498 0.02445979
[1] 0.05244627 0.02556082 0.02468089
[1] 0.05225996 0.02552634 0.02468297
[1] 0.05225284 0.02552533 0.02468270
Algorithm converged after  292  iterations.
[1] 0.04748929 0.01306865 0.01204378
[1] 0.12735819 0.02826140 0.06110009
[1] 0.14021444 0.03102109 0.07795828
[1] 0.14247365 0.03123610 0.07947424
[1] 0.14278524 0.03126392 0.07967814
[1] 0.14282798 0.03126772 0.07970608
[1] 0.14283383 0.03126825 0.07970991
Algorithm converged after  64  iterations.
[1] 0.04748929 0.01538199 0.01204378
[1] 0.1386782 0.0308002 0.0432252
[1] 0.12366361 0.01936434 0.06249910
[1] 0.11436747 0.01917790 0.05797421
[1] 0.11403857 0.01917342 0.05768493
[1] 0.11403396 0.01917331 0.05767521
Algorithm converged after  53  iterations.
[1] 0.04748929 0.01306865 0.01538199 0.01204378
[1] 0.25107541 0.03776793 0.03325247 0.07181366
[1] 0.40935424 0.05566057 0.03469281 0.23007299
[1] 0.68841196 0.10605491 0.07030224 0.39135092
[1] 0.94748899 0.13894878 0.09604501 0.53812137
[1] 1.1697207 0.1667126 0.1184918 0.6646112
[1] 1.3678941 0.1914611 0.1388482 0.7776258
[1] 1.5478070 0.2139208 0.1575327 0.8803552
[1] 1.7126666 0.2344919 0.1747883 0.9745757
[1] 1.8645609 0.2534368 0.1907815 1.0614483
[1] 2.0050016 0.2709457 0.2056383 1.1418170
[1] 2.1351645 0.2871671 0.2194605 1.2163403
[1] 2.2560092 0.3022218 0.2323338 1.2855571
[1] 2.3683460 0.3162122 0.2443328 1.3499237
[1] 2.4728757 0.3292265 0.2555233 1.4098357
[1] 2.5702149 0.3413422 0.2659646 1.4656416
[1] 2.6609131 0.3526286 0.2757103 1.5176529
[1] 2.7454650 0.3631478 0.2848092 1.5661501
[1] 2.8243189 0.3729561 0.2933062 1.6113879
[1] 2.8978834 0.3821048 0.3012427 1.6535986
[1] 2.9665327 0.3906407 0.3086567 1.6929953
[1] 3.0306105 0.3986069 0.3155835 1.7297737
[1] 3.0904334 0.4060431 0.3220559 1.7641145
[1] 3.1462939 0.4129857 0.3281043 1.7961846
[1] 3.1984623 0.4194688 0.3337568 1.8261382
[1] 3.2471892 0.4255234 0.3390398 1.8541187
[1] 3.2927069 0.4311787 0.3439778 1.8802587
[1] 3.3352312 0.4364615 0.3485934 1.9046818
[1] 3.3749626 0.4413970 0.3529079 1.9275025
[1] 3.4120875 0.4460082 0.3569412 1.9488277
[1] 3.4467795 0.4503170 0.3607116 1.9687567
[1] 3.4792001 0.4543433 0.3642366 1.9873819
[1] 3.509500 0.458106 0.367532 2.004790
[1] 3.5378186 0.4616225 0.3706130 2.0210604
[1] 3.5642876 0.4649091 0.3734936 2.0362690
[1] 3.5890286 0.4679810 0.3761868 2.0504853
[1] 3.6121553 0.4708523 0.3787050 2.0637745
[1] 3.6337737 0.4735362 0.3810594 2.0761976
[1] 3.6539830 0.4760451 0.3832608 2.0878113
[1] 3.6728755 0.4783904 0.3853193 2.0986686
[1] 3.6905374 0.4805829 0.3872439 2.1088191
[1] 3.7070495 0.4826325 0.3890436 2.1183089
[1] 3.7224868 0.4845487 0.3907264 2.1271814
[1] 3.7369196 0.4863401 0.3923000 2.1354767
[1] 3.7504136 0.4880150 0.3937713 2.1432326
[1] 3.7630300 0.4895809 0.3951472 2.1504843
[1] 3.7748261 0.4910449 0.3964338 2.1572646
[1] 3.7858555 0.4924138 0.3976368 2.1636042
[1] 3.7961680 0.4936936 0.3987618 2.1695320
[1] 3.8058104 0.4948903 0.3998138 2.1750747
Algorithm did not converge after  500  iterations.
numeric(0)
Algorithm converged after  1  iterations.
[1] 0.02882399
Algorithm converged after  2  iterations.
[1] 0.02693106
Algorithm converged after  2  iterations.
[1] 0.02614486
Algorithm converged after  2  iterations.
[1] 0.02882399 0.02693106
Algorithm converged after  2  iterations.
[1] 0.02882399 0.02614486
Algorithm converged after  2  iterations.
[1] 0.02693106 0.02614486
Algorithm converged after  2  iterations.
[1] 0.02882399 0.02693106 0.02614486
Algorithm converged after  2  iterations.
[1] 0.05013144
Algorithm converged after  2  iterations.
[1] 0.05013144 0.01449565
[1] 0.05618243 0.02938606
[1] 0.05638591 0.02957093
[1] 0.05638803 0.02957499
Algorithm converged after  32  iterations.
[1] 0.05013144 0.01680400
[1] 0.06804987 0.03005946
[1] 0.06811860 0.03008781
Algorithm converged after  24  iterations.
[1] 0.05013144 0.01079849
[1] 0.07720737 0.03540025
[1] 0.08298058 0.04503471
[1] 0.08011657 0.04348191
Algorithm converged after  40  iterations.
[1] 0.05013144 0.01449565 0.01680400
[1] 0.08247357 0.02729812 0.03021510
[1] 0.08164678 0.02732226 0.02989163
[1] 0.08100099 0.02727518 0.02976913
[1] 0.08095951 0.02727425 0.02976327
Algorithm converged after  46  iterations.
[1] 0.05013144 0.01449565 0.01079849
[1] 0.11823879 0.03214403 0.05270974
[1] 0.14109644 0.03569571 0.09388656
[1] 0.14500887 0.03625653 0.09669134
[1] 0.14551606 0.03631938 0.09703195
[1] 0.14558092 0.03632737 0.09707539
[1] 0.14558921 0.03632839 0.09708094
Algorithm converged after  65  iterations.
[1] 0.05013144 0.01680400 0.01079849
[1] 0.14373031 0.03752754 0.04553070
[1] 0.14250579 0.02411187 0.06805008
[1] 0.11155437 0.02062080 0.06185613
[1] 0.11068958 0.02070563 0.06106836
[1] 0.11083331 0.02071006 0.06112536
[1] 0.11082811 0.02070954 0.06112433
Algorithm converged after  62  iterations.
[1] 0.05013144 0.01449565 0.01680400 0.01079849
[1] 0.29715120 0.05022570 0.04949276 0.06735103
[1] 0.60865051 0.09878658 0.09077288 0.16373025
[1] 0.84008213 0.11408907 0.09147579 0.32374027
[1] 0.94757489 0.15404695 0.08716674 0.57978392
[1] 1.1603675 0.2028091 0.1219602 0.7019740
[1] 1.3491343 0.2330919 0.1429947 0.8119671
[1] 1.5140016 0.2592256 0.1612984 0.9079907
[1] 1.6602536 0.2823951 0.1776422 0.9930756
[1] 1.7912736 0.3031532 0.1923679 1.0692244
[1] 1.9094111 0.3218726 0.2057083 1.1378297
[1] 2.0164236 0.3388309 0.2178392 1.1999320
[1] 2.1136909 0.3542459 0.2289010 1.2563463
[1] 2.2023331 0.3682946 0.2390092 1.3077331
[1] 2.2832827 0.3811244 0.2482615 1.3546408
[1] 2.3573306 0.3928604 0.2567418 1.3975337
[1] 2.4251578 0.4036105 0.2645229 1.4368108
[1] 2.4873571 0.4134685 0.2716691 1.4728191
[1] 2.5444498 0.4225171 0.2782373 1.5058630
[1] 2.5968974 0.4308293 0.2842781 1.5362120
[1] 2.6451111 0.4384703 0.2898369 1.5641058
[1] 2.6894591 0.4454985 0.2949548 1.5897587
[1] 2.7302723 0.4519664 0.2996686 1.6133633
[1] 2.7678496 0.4579214 0.3040118 1.6350935
[1] 2.8024611 0.4634063 0.3080149 1.6551062
[1] 2.8343521 0.4684599 0.3117056 1.6735438
[1] 2.8637455 0.4731177 0.3151090 1.6905358
[1] 2.8908445 0.4774118 0.3182484 1.7062000
[1] 2.9158343 0.4813716 0.3211446 1.7206438
[1] 2.9388840 0.4850240 0.3238171 1.7339653
[1] 2.9601486 0.4883934 0.3262835 1.7462542
[1] 2.9797698 0.4915024 0.3285601 1.7575927
[1] 2.9978775 0.4943715 0.3306617 1.7680560
[1] 3.0145908 0.4970196 0.3326020 1.7777131
[1] 3.0300192 0.4994642 0.3343936 1.7866273
[1] 3.044263 0.501721 0.336048 1.794857
[1] 3.0574149 0.5038048 0.3375759 1.8024551
[1] 3.0695596 0.5057290 0.3389871 1.8094712
[1] 3.0807752 0.5075059 0.3402906 1.8159504
[1] 3.0911337 0.5091471 0.3414946 1.8219343
[1] 3.1007013 0.5106629 0.3426069 1.8274611
[1] 3.1095388 0.5120631 0.3436345 1.8325661
[1] 3.1177025 0.5133565 0.3445838 1.8372817
[1] 3.1252443 0.5145513 0.3454609 1.8416379
[1] 3.1322118 0.5156552 0.3462713 1.8456625
[1] 3.1386493 0.5166751 0.3470201 1.8493807
[1] 3.1445972 0.5176174 0.3477121 1.8528161
[1] 3.1500930 0.5184881 0.3483515 1.8559904
[1] 3.1551713 0.5192926 0.3489424 1.8589235
[1] 3.1598639 0.5200361 0.3494884 1.8616337
Algorithm did not converge after  500  iterations.
numeric(0)
Algorithm converged after  1  iterations.
[1] 0.02628828
Algorithm converged after  2  iterations.
[1] 0.02834679
Algorithm converged after  2  iterations.
[1] 0.02545501
Algorithm converged after  2  iterations.
[1] 0.02628828 0.02834679
Algorithm converged after  2  iterations.
[1] 0.02628828 0.02545501
Algorithm converged after  2  iterations.
[1] 0.02834679 0.02545501
Algorithm converged after  2  iterations.
[1] 0.02628828 0.02834679 0.02545501
Algorithm converged after  2  iterations.
[1] 0.04806294
Algorithm converged after  2  iterations.
[1] 0.04806294 0.01329200
[1] 0.0509766 0.0252416
[1] 0.05113796 0.02543746
[1] 0.05114087 0.02544320
Algorithm converged after  35  iterations.
[1] 0.04806294 0.01963176
[1] 0.06826167 0.03221154
[1] 0.06832264 0.03221340
Algorithm converged after  25  iterations.
[1] 0.04806294 0.01021647
[1] 0.06935611 0.01497159
[1] 0.07888343 0.02925381
[1] 0.08032039 0.03395961
[1] 0.07955420 0.03415425
[1] 0.07953728 0.03414589
Algorithm converged after  55  iterations.
[1] 0.04806294 0.01329200 0.01963176
[1] 0.08149150 0.02341396 0.03316041
[1] 0.08216579 0.02361144 0.03298558
[1] 0.08170859 0.02357919 0.03289724
[1] 0.08166579 0.02357692 0.03289273
Algorithm converged after  49  iterations.
[1] 0.04806294 0.01329200 0.01021647
[1] 0.12736596 0.02825681 0.04913080
[1] 0.12171941 0.03094319 0.06554824
[1] 0.12035966 0.03085697 0.06487385
[1] 0.12024073 0.03084372 0.06480555
[1] 0.12023049 0.03084256 0.06479962
Algorithm converged after  55  iterations.
[1] 0.04806294 0.01963176 0.01021647
[1] 0.13863539 0.03205032 0.03996297
[1] 0.13099109 0.02467234 0.05652432
[1] 0.12264883 0.02421210 0.05395824
[1] 0.12265164 0.02422163 0.05387607
[1] 0.12266595 0.02422227 0.05388075
Algorithm converged after  52  iterations.
[1] 0.04806294 0.01329200 0.01963176 0.01021647
[1] 0.25827976 0.03636244 0.04191033 0.06472117
[1] 0.41581326 0.05743663 0.04060242 0.21733276
[1] 0.66894056 0.11754943 0.07611045 0.36072919
[1] 0.9414668 0.1585829 0.1032306 0.5062649
[1] 1.1693298 0.1923727 0.1264648 0.6285228
[1] 1.3588133 0.2204655 0.1461711 0.7303707
[1] 1.5188117 0.2441829 0.1629995 0.8164621
[1] 1.6554122 0.2644275 0.1774704 0.8900195
[1] 1.7728756 0.2818318 0.1899760 0.9533088
[1] 1.8743697 0.2968668 0.2008207 1.0080190
[1] 1.9623609 0.3098990 0.2102486 1.0554683
[1] 2.038832 0.321223 0.218460 1.096718
[1] 2.1054134 0.3310809 0.2256218 1.1326426
[1] 2.1634649 0.3396748 0.2318749 1.1639716
[1] 2.2141352 0.3471750 0.2373392 1.1913220
[1] 2.2584014 0.3537266 0.2421175 1.2152195
[1] 2.2971004 0.3594537 0.2462983 1.2361143
[1] 2.3309518 0.3644630 0.2499578 1.2543938
[1] 2.3605763 0.3688465 0.2531623 1.2703924
[1] 2.3865117 0.3726839 0.2559691 1.2843999
[1] 2.4092260 0.3760444 0.2584283 1.2966686
[1] 2.4291247 0.3789883 0.2605835 1.3074173
[1] 2.4465611 0.3815678 0.2624725 1.3168364
[1] 2.4618430 0.3838285 0.2641286 1.3250920
[1] 2.4752389 0.3858101 0.2655807 1.3323291
[1] 2.4869832 0.3875473 0.2668540 1.3386742
[1] 2.4972811 0.3890706 0.2679706 1.3442380
[1] 2.5063115 0.3904063 0.2689500 1.3491171
[1] 2.5142313 0.3915777 0.2698090 1.3533963
[1] 2.5211776 0.3926052 0.2705626 1.3571496
[1] 2.5272706 0.3935064 0.2712236 1.3604418
[1] 2.5326153 0.3942969 0.2718035 1.3633298
[1] 2.5373040 0.3949904 0.2723123 1.3658633
[1] 2.5414173 0.3955987 0.2727586 1.3680860
[1] 2.5450261 0.3961325 0.2731503 1.3700360
[1] 2.5481922 0.3966007 0.2734939 1.3717469
[1] 2.5509702 0.3970116 0.2737954 1.3732480
[1] 2.5534075 0.3973721 0.2740599 1.3745651
[1] 2.5555462 0.3976884 0.2742921 1.3757208
[1] 2.5574227 0.3979659 0.2744958 1.3767349
[1] 2.5590694 0.3982095 0.2746745 1.3776247
[1] 2.5605142 0.3984231 0.2748313 1.3784055
[1] 2.5617821 0.3986107 0.2749690 1.3790906
[1] 2.5628947 0.3987752 0.2750897 1.3796918
[1] 2.5638709 0.3989196 0.2751957 1.3802194
[1] 2.5647276 0.3990463 0.2752887 1.3806824
[1] 2.5654794 0.3991575 0.2753703 1.3810886
[1] 2.566139 0.399255 0.275442 1.381445
[1] 2.5667181 0.3993407 0.2755048 1.3817580
Algorithm did not converge after  500  iterations.
numeric(0)
Algorithm converged after  1  iterations.
[1] 0.02681222
Algorithm converged after  2  iterations.
[1] 0.02636361
Algorithm converged after  2  iterations.
[1] 0.02372374
Algorithm converged after  2  iterations.
[1] 0.02681222 0.02636361
Algorithm converged after  2  iterations.
[1] 0.02681222 0.02372374
Algorithm converged after  2  iterations.
[1] 0.02636361 0.02372374
Algorithm converged after  2  iterations.
[1] 0.02681222 0.02636361 0.02372374
Algorithm converged after  2  iterations.
[1] 0.04407058
Algorithm converged after  2  iterations.
[1] 0.04407058 0.01459555
[1] 0.05082765 0.02904197
[1] 0.0508726 0.0292030
[1] 0.05087097 0.02920799
Algorithm converged after  35  iterations.
[1] 0.04407058 0.01656981
[1] 0.06326662 0.03186552
[1] 0.06333153 0.03186616
Algorithm converged after  29  iterations.
[1] 0.04407058 0.01015332
[1] 0.08354966 0.03500214
[1] 0.07681531 0.02696144
[1] 0.07681240 0.02693889
Algorithm converged after  40  iterations.
[1] 0.04407058 0.01459555 0.01656981
[1] 0.07084665 0.02573215 0.02696124
[1] 0.06969793 0.02567311 0.02669749
[1] 0.06949562 0.02566013 0.02666824
[1] 0.06948702 0.02566000 0.02666769
Algorithm converged after  47  iterations.
[1] 0.04407058 0.01459555 0.01015332
[1] 0.13366790 0.03003241 0.05513384
[1] 0.12731937 0.03105206 0.05705169
[1] 0.12699559 0.03102564 0.05687304
[1] 0.12693011 0.03101927 0.05683398
[1] 0.12691637 0.03101793 0.05682577
[1] 0.12691348 0.03101765 0.05682405
Algorithm converged after  63  iterations.
[1] 0.04407058 0.01656981 0.01015332
[1] 0.15360542 0.03032014 0.05344809
[1] 0.11921073 0.02222203 0.04475068
[1] 0.11581665 0.02233215 0.04253133
[1] 0.11610915 0.02234356 0.04263675
[1] 0.11610265 0.02234272 0.04263517
Algorithm converged after  53  iterations.
[1] 0.04407058 0.01459555 0.01656981 0.01015332
[1] 0.27066385 0.03733201 0.03467136 0.07346818
[1] 0.45200614 0.07387466 0.04050827 0.22605130
[1] 0.75298807 0.13036221 0.06976471 0.38444458
[1] 1.05063193 0.17548817 0.09521932 0.53956388
[1] 1.3075461 0.2140578 0.1178716 0.6743483
[1] 1.5311920 0.2476636 0.1380112 0.7920861
[1] 1.7282454 0.2772942 0.1559853 0.8960644
[1] 1.9031522 0.3036054 0.1720782 0.9885147
[1] 2.0591270 0.3270747 0.1865197 1.0710676
[1] 2.1986579 0.3480736 0.1995006 1.1449957
[1] 2.3237591 0.3669031 0.2111830 1.2113362
[1] 2.4361091 0.3838151 0.2217065 1.2709582
[1] 2.5371372 0.3990236 0.2311931 1.3246048
[1] 2.628076 0.412714 0.239750 1.372919
[1] 2.7099999 0.4250476 0.2474720 1.4164639
[1] 2.7838502 0.4361660 0.2544434 1.4557325
[1] 2.8504589 0.4461943 0.2607392 1.4911627
[1] 2.9105633 0.4552435 0.2664264 1.5231427
[1] 2.9648194 0.4634122 0.2715652 1.5520185
[1] 3.0138122 0.4707885 0.2762093 1.5780991
[1] 3.0580646 0.4774512 0.2804071 1.6016611
[1] 3.0980449 0.4834706 0.2842020 1.6229523
[1] 3.1341730 0.4889100 0.2876333 1.6421952
[1] 3.1668261 0.4938263 0.2907361 1.6595897
[1] 3.1963431 0.4982703 0.2935421 1.6753155
[1] 3.2230289 0.5022881 0.2960799 1.6895347
[1] 3.2471581 0.5059210 0.2983754 1.7023928
[1] 3.2689779 0.5092062 0.3004519 1.7140215
[1] 3.2887113 0.5121772 0.3023304 1.7245390
[1] 3.3065593 0.5148643 0.3040297 1.7340524
[1] 3.3227033 0.5172949 0.3055672 1.7426580
[1] 3.3373069 0.5194936 0.3069583 1.7504431
[1] 3.3505179 0.5214826 0.3082169 1.7574861
[1] 3.3624698 0.5232820 0.3093558 1.7638581
[1] 3.3732830 0.5249101 0.3103863 1.7696234
[1] 3.3830665 0.5263830 0.3113188 1.7748399
[1] 3.3919187 0.5277158 0.3121627 1.7795599
[1] 3.3999286 0.5289217 0.3129263 1.7838309
[1] 3.4071764 0.5300129 0.3136173 1.7876958
[1] 3.4137348 0.5310003 0.3142427 1.7911931
[1] 3.4196697 0.5318938 0.3148086 1.7943579
[1] 3.4250404 0.5327024 0.3153208 1.7972220
[1] 3.4299006 0.5334341 0.3157843 1.7998139
[1] 3.4342989 0.5340963 0.3162038 1.8021595
[1] 3.4382794 0.5346956 0.3165835 1.8042823
[1] 3.4418817 0.5352379 0.3169271 1.8062034
[1] 3.4451418 0.5357288 0.3172381 1.8079421
[1] 3.4480922 0.5361730 0.3175196 1.8095157
[1] 3.4507625 0.5365750 0.3177743 1.8109398
Algorithm did not converge after  500  iterations.
Warning messages:
1: In max(abs(CT), na.rm = T) :
  no non-missing arguments to max; returning -Inf
2: In max(abs(CT), na.rm = T) :
  no non-missing arguments to max; returning -Inf
3: In max(abs(CT), na.rm = T) :
  no non-missing arguments to max; returning -Inf
4: In max(abs(CT), na.rm = T) :
  no non-missing arguments to max; returning -Inf
5: In max(abs(CT), na.rm = T) :
  no non-missing arguments to max; returning -Inf
6: In max(abs(CT), na.rm = T) :
  no non-missing arguments to max; returning -Inf
7: In max(abs(CT), na.rm = T) :
  no non-missing arguments to max; returning -Inf
8: In max(abs(CT), na.rm = T) :
  no non-missing arguments to max; returning -Inf
9: In max(abs(CT), na.rm = T) :
  no non-missing arguments to max; returning -Inf
10: In max(abs(CT), na.rm = T) :
  no non-missing arguments to max; returning -Inf
[1] "Best iter parameter is:"
      gam     rankJ    rankA1    rankA2    rankA3 
0.1111111 1.0000000 0.0000000 0.0000000 1.0000000 
[1] 0.047935828 0.009725232
[1] 0.08074247 0.03140949
[1] 0.08434541 0.03620613
[1] 0.08444044 0.03623398
Algorithm converged after  34  iterations.
         [,1]     [,2]     [,3]
[1,] 6.379756 11.45573 38.34205
