myseed=983 

Attaching package: ‘pls’

The following object is masked from ‘package:stats’:

    loadings

Loading required package: lattice
Loading required package: ggplot2
Registered S3 methods overwritten by 'ggplot2':
  method         from 
  [.quosures     rlang
  c.quosures     rlang
  print.quosures rlang

Attaching package: ‘caret’

The following object is masked from ‘package:pls’:

    R2

Loading required package: Matrix
Loading required package: foreach
Loaded glmnet 2.0-18

Parsed with column specification:
cols(
  .default = col_double()
)
See spec(...) for full column specifications.
Parsed with column specification:
cols(
  X1 = col_double()
)
Parsed with column specification:
cols(
  X1 = col_double()
)
numeric(0)
Algorithm converged after  1  iterations.
[1] 0.02363135
Algorithm converged after  2  iterations.
[1] 0.02804576
Algorithm converged after  2  iterations.
[1] 0.02865135
Algorithm converged after  2  iterations.
[1] 0.02363135 0.02804576
Algorithm converged after  2  iterations.
[1] 0.02363135 0.02865135
Algorithm converged after  2  iterations.
[1] 0.02804576 0.02865135
Algorithm converged after  2  iterations.
[1] 0.02363135 0.02804576 0.02865135
Algorithm converged after  2  iterations.
[1] 0.05036041
Algorithm converged after  2  iterations.
[1] 0.05036041 0.01378071
[1] 0.06430587 0.02298780
[1] 0.06445418 0.02309709
[1] 0.06445746 0.02310011
Algorithm converged after  33  iterations.
[1] 0.05036041 0.01524327
[1] 0.05930842 0.02663639
[1] 0.05925783 0.02687833
[1] 0.05925881 0.02691437
[1] 0.05925943 0.02692065
[1] 0.05925957 0.02692179
Algorithm converged after  55  iterations.
[1] 0.05036041 0.01060239
[1] 0.08164088 0.03353103
[1] 0.06986978 0.03210916
[1] 0.08241318 0.04533514
Algorithm converged after  39  iterations.
[1] 0.05036041 0.01378071 0.01524327
[1] 0.08054427 0.02220328 0.02580149
[1] 0.07961278 0.02261405 0.02611599
[1] 0.07894762 0.02275926 0.02629758
[1] 0.07879280 0.02279908 0.02635607
[1] 0.07876254 0.02280885 0.02637063
[1] 0.07875635 0.02281111 0.02637394
[1] 0.07875499 0.02281162 0.02637468
Algorithm converged after  73  iterations.
[1] 0.05036041 0.01378071 0.01060239
[1] 0.09553027 0.02442875 0.03384438
[1] 0.1555684 0.0265007 0.0919295
[1] 0.16333156 0.02718128 0.09716149
[1] 0.16430402 0.02726110 0.09777789
[1] 0.16442355 0.02727089 0.09785349
[1] 0.16443824 0.02727209 0.09786278
Algorithm converged after  67  iterations.
[1] 0.05036041 0.01524327 0.01060239
[1] 0.09606219 0.02376002 0.01647373
[1] 0.09313509 0.01981565 0.05518192
[1] 0.09004271 0.02007980 0.05522264
[1] 0.08994729 0.02008035 0.05517572
Algorithm converged after  49  iterations.
[1] 0.05036041 0.01378071 0.01524327 0.01060239
[1] 0.29166814 0.04206502 0.03580958 0.07631242
[1] 0.49757777 0.05530351 0.03799667 0.28000790
[1] 0.73551393 0.10425565 0.07842848 0.42992078
[1] 0.92827641 0.13165017 0.09875793 0.53855709
[1] 1.0785730 0.1527376 0.1145326 0.6231609
[1] 1.1985767 0.1696526 0.1273062 0.6906647
[1] 1.2957749 0.1834025 0.1377515 0.7453102
[1] 1.3752052 0.1946683 0.1463441 0.7899480
[1] 1.4405028 0.2039478 0.1534419 0.8266319
[1] 1.4944071 0.2116195 0.1593223 0.8569077
[1] 1.5390434 0.2179794 0.1642052 0.8819732
[1] 1.5760903 0.2232628 0.1682667 0.9027738
[1] 1.6068925 0.2276588 0.1716493 0.9200661
[1] 1.6325379 0.2313209 0.1744695 0.9344620
[1] 1.6539131 0.2343747 0.1768227 0.9464599
[1] 1.6717445 0.2369232 0.1787875 0.9564681
[1] 1.6866302 0.2390514 0.1804289 0.9648224
[1] 1.6990638 0.2408294 0.1818008 0.9718003
[1] 1.7094539 0.2423155 0.1829478 0.9776311
[1] 1.7181398 0.2435581 0.1839070 0.9825054
[1] 1.7254033 0.2445973 0.1847094 0.9865814
[1] 1.7314788 0.2454667 0.1853808 0.9899907
[1] 1.7365616 0.2461941 0.1859426 0.9928429
[1] 1.7408149 0.2468029 0.1864128 0.9952295
[1] 1.7443744 0.2473123 0.1868064 0.9972268
[1] 1.7473536 0.2477388 0.1871359 0.9988986
[1] 1.7498475 0.2480958 0.1874117 1.0002979
[1] 1.7519353 0.2483946 0.1876426 1.0014694
[1] 1.7536832 0.2486449 0.1878359 1.0024502
[1] 1.7551466 0.2488544 0.1879978 1.0032713
[1] 1.7563719 0.2490298 0.1881334 1.0039588
[1] 1.7573979 0.2491767 0.1882469 1.0045345
[1] 1.7582571 0.2492997 0.1883420 1.0050166
[1] 1.7589765 0.2494027 0.1884215 1.0054203
[1] 1.7595790 0.2494889 0.1884882 1.0057583
[1] 1.7600835 0.2495612 0.1885440 1.0060414
[1] 1.7605060 0.2496217 0.1885908 1.0062784
[1] 1.7608598 0.2496723 0.1886299 1.0064770
[1] 1.7611561 0.2497148 0.1886627 1.0066432
[1] 1.7614042 0.2497503 0.1886902 1.0067825
[1] 1.7616120 0.2497800 0.1887132 1.0068991
[1] 1.7617861 0.2498050 0.1887324 1.0069967
[1] 1.7619318 0.2498258 0.1887486 1.0070785
[1] 1.7620539 0.2498433 0.1887621 1.0071470
[1] 1.7621561 0.2498579 0.1887734 1.0072044
[1] 1.7622418 0.2498702 0.1887829 1.0072524
[1] 1.7623135 0.2498805 0.1887908 1.0072926
[1] 1.7623735 0.2498891 0.1887974 1.0073263
[1] 1.7624238 0.2498963 0.1888030 1.0073545
Algorithm did not converge after  500  iterations.
numeric(0)
Algorithm converged after  1  iterations.
[1] 0.02395602
Algorithm converged after  2  iterations.
[1] 0.02870077
Algorithm converged after  2  iterations.
[1] 0.02874819
Algorithm converged after  2  iterations.
[1] 0.02395602 0.02870077
Algorithm converged after  2  iterations.
[1] 0.02395602 0.02874819
Algorithm converged after  2  iterations.
[1] 0.02870077 0.02874819
Algorithm converged after  2  iterations.
[1] 0.02395602 0.02870077 0.02874819
Algorithm converged after  2  iterations.
[1] 0.05207755
Algorithm converged after  2  iterations.
[1] 0.05207755 0.01506234
[1] 0.06004423 0.02328125
[1] 0.05982252 0.02326500
[1] 0.05981736 0.02326506
Algorithm converged after  31  iterations.
[1] 0.05207755 0.01474804
[1] 0.06879512 0.02833868
[1] 0.06897019 0.02850028
[1] 0.06896996 0.02851691
[1] 0.06896924 0.02851892
Algorithm converged after  45  iterations.
[1] 0.052077548 0.008661555
[1] 0.09498179 0.04236191
[1] 0.09254368 0.04079705
[1] 0.09252657 0.04078647
Algorithm converged after  32  iterations.
[1] 0.05207755 0.01506234 0.01474804
[1] 0.08222253 0.02577962 0.02674749
[1] 0.08144940 0.02673551 0.02791253
[1] 0.08127928 0.02687717 0.02822408
[1] 0.08128690 0.02691237 0.02831796
[1] 0.08129632 0.02692234 0.02834562
[1] 0.08129976 0.02692520 0.02835360
[1] 0.08130082 0.02692601 0.02835588
[1] 0.08130113 0.02692624 0.02835653
Algorithm converged after  83  iterations.
[1] 0.052077548 0.015062338 0.008661555
[1] 0.14004299 0.02445353 0.06730685
[1] 0.16558165 0.02633556 0.08655751
[1] 0.17025945 0.02666180 0.08960636
[1] 0.17104415 0.02671664 0.09011610
[1] 0.17117562 0.02672583 0.09020148
[1] 0.17119764 0.02672737 0.09021578
[1] 0.17120133 0.02672763 0.09021818
Algorithm converged after  72  iterations.
[1] 0.052077548 0.014748036 0.008661555
[1] 0.14462048 0.02232005 0.05442447
[1] 0.10854848 0.02154337 0.05191823
[1] 0.10346993 0.02141779 0.04899724
[1] 0.10317761 0.02140833 0.04881339
[1] 0.10118467 0.02162151 0.04769170
[1] 0.10104646 0.02162383 0.04764708
[1] 0.10104050 0.02162368 0.04764359
Algorithm converged after  76  iterations.
[1] 0.052077548 0.015062338 0.014748036 0.008661555
[1] 0.28329577 0.03753219 0.02982805 0.08580296
[1] 0.48937436 0.05834200 0.04253732 0.28226985
[1] 0.79275965 0.10596405 0.07643448 0.46349858
[1] 1.01660207 0.13729649 0.09890254 0.59532099
[1] 1.1857849 0.1611107 0.1162775 0.6948832
[1] 1.3202339 0.1801991 0.1303279 0.7739882
[1] 1.4294349 0.1957957 0.1418669 0.8382371
[1] 1.5192063 0.2086715 0.1514250 0.8910563
[1] 1.5935687 0.2193705 0.1593859 0.9348115
[1] 1.6554872 0.2283002 0.1660419 0.9712466
[1] 1.7072362 0.2357769 0.1716222 1.0016990
[1] 1.7506044 0.2420519 0.1763104 1.0272208
[1] 1.7870269 0.2473280 0.1802555 1.0486560
[1] 1.8176663 0.2517705 0.1835794 1.0666882
[1] 1.8434741 0.2555153 0.1863827 1.0818775
[1] 1.8652348 0.2586748 0.1887489 1.0946851
[1] 1.8835985 0.2613425 0.1907475 1.1054936
[1] 1.8991060 0.2635962 0.1924364 1.1146212
[1] 1.9122089 0.2655012 0.1938643 1.1223335
[1] 1.9232852 0.2671119 0.1950719 1.1288532
[1] 1.9326519 0.2684744 0.1960936 1.1343665
[1] 1.9405755 0.2696273 0.1969581 1.1390305
[1] 1.9472799 0.2706029 0.1976898 1.1429769
[1] 1.9529542 0.2714287 0.1983093 1.1463169
[1] 1.9577573 0.2721278 0.1988338 1.1491443
[1] 1.9618238 0.2727198 0.1992779 1.1515379
[1] 1.965267 0.273221 0.199654 1.153565
[1] 1.9681829 0.2736456 0.1999725 1.1552811
[1] 1.9706523 0.2740051 0.2002423 1.1567347
[1] 1.9727438 0.2743097 0.2004708 1.1579659
[1] 1.9745154 0.2745677 0.2006644 1.1590088
[1] 1.9760161 0.2747862 0.2008283 1.1598921
[1] 1.9772873 0.2749713 0.2009673 1.1606404
[1] 1.9783643 0.2751281 0.2010850 1.1612744
[1] 1.9792766 0.2752610 0.2011847 1.1618114
[1] 1.9800496 0.2753736 0.2012692 1.1622664
[1] 1.9807044 0.2754690 0.2013407 1.1626519
[1] 1.9812592 0.2755498 0.2014014 1.1629785
[1] 1.9817293 0.2756182 0.2014527 1.1632552
[1] 1.9821276 0.2756762 0.2014963 1.1634896
[1] 1.9824650 0.2757254 0.2015332 1.1636883
[1] 1.9827509 0.2757670 0.2015644 1.1638566
[1] 1.9829932 0.2758023 0.2015909 1.1639992
[1] 1.9831985 0.2758322 0.2016133 1.1641200
[1] 1.9833724 0.2758575 0.2016323 1.1642224
[1] 1.9835198 0.2758790 0.2016485 1.1643092
[1] 1.9836446 0.2758972 0.2016621 1.1643827
[1] 1.9837504 0.2759126 0.2016737 1.1644449
[1] 1.9838401 0.2759257 0.2016835 1.1644977
Algorithm did not converge after  500  iterations.
numeric(0)
Algorithm converged after  1  iterations.
[1] 0.02397213
Algorithm converged after  2  iterations.
[1] 0.03232084
Algorithm converged after  2  iterations.
[1] 0.02770934
Algorithm converged after  2  iterations.
[1] 0.02397213 0.03232084
Algorithm converged after  2  iterations.
[1] 0.02397213 0.02770934
Algorithm converged after  2  iterations.
[1] 0.03232084 0.02770934
Algorithm converged after  2  iterations.
[1] 0.02397213 0.03232084 0.02770934
Algorithm converged after  2  iterations.
[1] 0.05528613
Algorithm converged after  2  iterations.
[1] 0.05528613 0.01428548
[1] 0.06678612 0.02240292
[1] 0.06679319 0.02241329
Algorithm converged after  23  iterations.
[1] 0.05528613 0.01612599
[1] 0.06340740 0.02847165
[1] 0.06349220 0.02848521
[1] 0.06349806 0.02848543
Algorithm converged after  37  iterations.
[1] 0.055286129 0.009888615
[1] 0.10624694 0.04569727
[1] 0.10436144 0.05008625
Algorithm converged after  30  iterations.
[1] 0.05528613 0.01428548 0.01612599
[1] 0.07418613 0.02116857 0.02468211
[1] 0.07277862 0.02148560 0.02521076
[1] 0.07241497 0.02158116 0.02543919
[1] 0.07240934 0.02162426 0.02554487
[1] 0.07243821 0.02164382 0.02559244
[1] 0.07245642 0.02165244 0.02561339
[1] 0.07246533 0.02165620 0.02562251
[1] 0.07246937 0.02165782 0.02562646
[1] 0.07247115 0.02165852 0.02562816
[1] 0.07247192 0.02165882 0.02562889
Algorithm converged after  109  iterations.
[1] 0.055286129 0.014285481 0.009888615
[1] 0.18191508 0.02533483 0.09110000
[1] 0.21068938 0.02809554 0.11800277
[1] 0.21739834 0.02862447 0.12238343
[1] 0.2187486 0.0287302 0.1232568
[1] 0.21902001 0.02875146 0.12343225
[1] 0.21907455 0.02875573 0.12346751
[1] 0.21908552 0.02875659 0.12347459
Algorithm converged after  77  iterations.
[1] 0.055286129 0.016125986 0.009888615
[1] 0.13366059 0.02246237 0.05465451
[1] 0.11166784 0.02094431 0.05473291
[1] 0.11050707 0.02092363 0.05404693
[1] 0.11043566 0.02092167 0.05399812
[1] 0.11043107 0.02092153 0.05399493
Algorithm converged after  52  iterations.
[1] 0.055286129 0.014285481 0.016125986 0.009888615
[1] 0.27269123 0.03546581 0.02741542 0.08165352
[1] 0.44740698 0.05382708 0.04068517 0.26006233
[1] 0.70609970 0.09411920 0.06766634 0.41307532
[1] 0.92584730 0.12256620 0.08504879 0.53995483
[1] 1.10539848 0.14587917 0.09963217 0.64375083
[1] 1.2538281 0.1653061 0.1119749 0.7296137
[1] 1.3779359 0.1816403 0.1224509 0.8014344
[1] 1.4825431 0.1954619 0.1313715 0.8619855
[1] 1.5712144 0.2072118 0.1389889 0.9133220
[1] 1.6466880 0.2172346 0.1455084 0.9570242
[1] 1.7111268 0.2258065 0.1510986 0.9943413
[1] 1.7662745 0.2331524 0.1558988 1.0262811
[1] 1.8135582 0.2394576 0.1600256 1.0536687
[1] 1.8541589 0.2448764 0.1635769 1.0771871
[1] 1.8890626 0.2495382 0.1666354 1.0974066
[1] 1.9190971 0.2535521 0.1692712 1.1148065
[1] 1.9449617 0.2570104 0.1715439 1.1297912
[1] 1.9672508 0.2599919 0.1735043 1.1427049
[1] 1.9864690 0.2625635 0.1751962 1.1538398
[1] 2.0030470 0.2647825 0.1766567 1.1634453
[1] 2.0173531 0.2666979 0.1779179 1.1717346
[1] 2.0297025 0.2683517 0.1790071 1.1788903
[1] 2.0403659 0.2697799 0.1799481 1.1850692
[1] 2.0495756 0.2710136 0.1807611 1.1904058
[1] 2.0575313 0.2720795 0.1814636 1.1950159
[1] 2.0644050 0.2730006 0.1820708 1.1989990
[1] 2.0703447 0.2737965 0.1825955 1.2024409
[1] 2.0754778 0.2744845 0.1830492 1.2054155
[1] 2.0799145 0.2750791 0.1834413 1.2079865
[1] 2.0837496 0.2755931 0.1837803 1.2102089
[1] 2.0870649 0.2760375 0.1840734 1.2121301
[1] 2.0899310 0.2764217 0.1843269 1.2137910
[1] 2.0924090 0.2767539 0.1845460 1.2152270
[1] 2.0945515 0.2770411 0.1847355 1.2164686
[1] 2.0964040 0.2772895 0.1848993 1.2175421
[1] 2.0980058 0.2775043 0.1850410 1.2184704
[1] 2.0993910 0.2776900 0.1851635 1.2192731
[1] 2.1005888 0.2778506 0.1852695 1.2199672
[1] 2.1016246 0.2779894 0.1853611 1.2205675
[1] 2.1025203 0.2781095 0.1854404 1.2210866
[1] 2.1032949 0.2782134 0.1855089 1.2215355
[1] 2.1039648 0.2783032 0.1855682 1.2219237
[1] 2.1045442 0.2783809 0.1856194 1.2222594
[1] 2.1050452 0.2784481 0.1856638 1.2225498
[1] 2.1054785 0.2785062 0.1857021 1.2228009
[1] 2.1058532 0.2785564 0.1857352 1.2230180
[1] 2.1061773 0.2785999 0.1857639 1.2232059
[1] 2.1064576 0.2786374 0.1857887 1.2233683
[1] 2.1067000 0.2786700 0.1858102 1.2235088
Algorithm did not converge after  500  iterations.
numeric(0)
Algorithm converged after  1  iterations.
[1] 0.0250229
Algorithm converged after  2  iterations.
[1] 0.03095341
Algorithm converged after  2  iterations.
[1] 0.02822946
Algorithm converged after  2  iterations.
[1] 0.02502290 0.03095341
Algorithm converged after  2  iterations.
[1] 0.02502290 0.02822946
Algorithm converged after  2  iterations.
[1] 0.03095341 0.02822946
Algorithm converged after  2  iterations.
[1] 0.02502290 0.03095341 0.02822946
Algorithm converged after  2  iterations.
[1] 0.05508256
Algorithm converged after  2  iterations.
[1] 0.05508256 0.01432982
[1] 0.06358528 0.02245621
[1] 0.06360864 0.02249563
Algorithm converged after  27  iterations.
[1] 0.05508256 0.01643455
[1] 0.06634571 0.02858320
[1] 0.06631693 0.02865001
[1] 0.06631143 0.02865750
[1] 0.06631067 0.02865869
Algorithm converged after  44  iterations.
[1] 0.055082561 0.009881422
[1] 0.10230380 0.04216774
[1] 0.09523170 0.03894249
[1] 0.09519509 0.03891724
Algorithm converged after  34  iterations.
[1] 0.05508256 0.01432982 0.01643455
[1] 0.07675692 0.02207482 0.02611275
[1] 0.07406792 0.02280302 0.02619141
[1] 0.07235106 0.02290816 0.02613433
[1] 0.07201484 0.02292559 0.02616358
[1] 0.07198858 0.02293235 0.02618532
[1] 0.07199339 0.02293497 0.02619344
[1] 0.07199609 0.02293583 0.02619589
[1] 0.07199692 0.02293608 0.02619658
Algorithm converged after  84  iterations.
[1] 0.055082561 0.014329825 0.009881422
[1] 0.15404344 0.02607217 0.07102250
[1] 0.16046503 0.02771903 0.08630641
[1] 0.16173166 0.02783210 0.08712022
[1] 0.16187814 0.02784378 0.08720690
[1] 0.16189467 0.02784509 0.08721664
Algorithm converged after  57  iterations.
[1] 0.055082561 0.016434550 0.009881422
[1] 0.13439470 0.02378857 0.04385813
[1] 0.10945059 0.02090599 0.05337220
[1] 0.10700120 0.02087989 0.05212073
[1] 0.10683553 0.02087510 0.05201799
[1] 0.10682378 0.02087471 0.05201046
Algorithm converged after  56  iterations.
[1] 0.055082561 0.014329825 0.016434550 0.009881422
[1] 0.172872345 0.033794974 0.001264858 0.032194815
[1] 0.33639160 0.03916163 0.02766177 0.11815759
[1] 0.47984838 0.06734093 0.05521718 0.25655422
[1] 0.71870569 0.09817206 0.07884583 0.37567442
[1] 0.9203766 0.1215112 0.0957660 0.4761000
[1] 1.0874192 0.1409537 0.1100664 0.5594676
[1] 1.2266543 0.1572556 0.1221795 0.6290435
[1] 1.3433437 0.1709694 0.1324375 0.6874027
[1] 1.4415163 0.1825365 0.1411298 0.7365319
[1] 1.5243397 0.1923129 0.1485013 0.7779999
[1] 1.5943542 0.2005885 0.1547573 0.8130682
[1] 1.6536299 0.2076021 0.1600697 0.8427668
[1] 1.7038715 0.2135515 0.1645832 0.8679454
[1] 1.7464938 0.2186019 0.1684195 0.8893100
[1] 1.7826761 0.2228915 0.1716812 0.9074495
[1] 1.8134101 0.2265367 0.1744552 0.9228598
[1] 1.8395283 0.2296355 0.1768149 0.9359572
[1] 1.8617321 0.2322705 0.1788228 0.9470928
[1] 1.8806139 0.2345119 0.1805314 0.9565631
[1] 1.8966747 0.2364188 0.1819856 0.9646191
[1] 1.9103388 0.2380414 0.1832234 0.9714733
[1] 1.9219659 0.2394223 0.1842771 0.9773060
[1] 1.9318611 0.2405976 0.1851742 0.9822701
[1] 1.9402833 0.2415981 0.1859380 0.9864954
[1] 1.9474526 0.2424498 0.1865883 0.9900922
[1] 1.9535558 0.2431749 0.1871420 0.9931542
[1] 1.9587519 0.2437922 0.1876135 0.9957612
[1] 1.9631759 0.2443179 0.1880150 0.9979809
[1] 1.9669428 0.2447655 0.1883569 0.9998709
[1] 1.9701503 0.2451466 0.1886481 1.0014803
[1] 1.9728816 0.2454712 0.1888960 1.0028507
[1] 1.9752074 0.2457476 0.1891072 1.0040177
[1] 1.977188 0.245983 0.189287 1.005011
[1] 1.9788747 0.2461834 0.1894402 1.0058578
[1] 1.9803112 0.2463541 0.1895706 1.0065786
[1] 1.9815345 0.2464995 0.1896817 1.0071924
[1] 1.9825763 0.2466233 0.1897763 1.0077151
[1] 1.9834635 0.2467288 0.1898569 1.0081603
[1] 1.9842191 0.2468186 0.1899255 1.0085395
[1] 1.9848627 0.2468951 0.1899840 1.0088624
[1] 1.9854108 0.2469602 0.1900338 1.0091374
[1] 1.9858776 0.2470157 0.1900762 1.0093717
[1] 1.9862752 0.2470629 0.1901123 1.0095711
[1] 1.9866138 0.2471032 0.1901430 1.0097410
[1] 1.9869021 0.2471375 0.1901692 1.0098858
[1] 1.9871477 0.2471666 0.1901915 1.0100090
[1] 1.9873569 0.2471915 0.1902105 1.0101140
[1] 1.9875351 0.2472127 0.1902267 1.0102034
[1] 1.9876868 0.2472307 0.1902405 1.0102795
Algorithm did not converge after  500  iterations.
numeric(0)
Algorithm converged after  1  iterations.
[1] 0.02515922
Algorithm converged after  2  iterations.
[1] 0.02409683
Algorithm converged after  2  iterations.
[1] 0.03023922
Algorithm converged after  2  iterations.
[1] 0.02515922 0.02409683
Algorithm converged after  2  iterations.
[1] 0.02515922 0.03023922
Algorithm converged after  2  iterations.
[1] 0.02409683 0.03023922
Algorithm converged after  2  iterations.
[1] 0.02515922 0.02409683 0.03023922
Algorithm converged after  2  iterations.
[1] 0.05513392
Algorithm converged after  2  iterations.
[1] 0.05513392 0.01471680
[1] 0.06944442 0.02705720
[1] 0.06965548 0.02714566
Algorithm converged after  30  iterations.
[1] 0.05513392 0.01702304
[1] 0.06909228 0.02987328
[1] 0.06929002 0.02987931
[1] 0.06930069 0.02987843
Algorithm converged after  36  iterations.
[1] 0.05513392 0.01042235
[1] 0.09588697 0.03987880
[1] 0.10091650 0.05105697
[1] 0.1005396 0.0508868
Algorithm converged after  33  iterations.
[1] 0.05513392 0.01471680 0.01702304
[1] 0.09601224 0.02607768 0.03054802
[1] 0.09923457 0.02654581 0.03164462
[1] 0.09805617 0.02648702 0.03153269
[1] 0.09735523 0.02643323 0.03142665
[1] 0.09709961 0.02641114 0.03138399
[1] 0.09701773 0.02640345 0.03136940
[1] 0.09699270 0.02640094 0.03136468
[1] 0.09698518 0.02640013 0.03136319
[1] 0.09698294 0.02639988 0.03136273
Algorithm converged after  93  iterations.
[1] 0.05513392 0.01471680 0.01042235
[1] 0.17883044 0.02835941 0.09477480
[1] 0.20826455 0.03129415 0.11869112
[1] 0.2132209 0.0317044 0.1219286
[1] 0.21401499 0.03176976 0.12244429
[1] 0.21414207 0.03178022 0.12252679
[1] 0.21416241 0.03178189 0.12253999
Algorithm converged after  69  iterations.
[1] 0.05513392 0.01702304 0.01042235
[1] 0.14376035 0.03229146 0.04331922
[1] 0.11730913 0.02032818 0.05869152
[1] 0.10751727 0.02036600 0.05412204
[1] 0.10703179 0.02035808 0.05378610
[1] 0.10700532 0.02035724 0.05376503
Algorithm converged after  59  iterations.
[1] 0.05513392 0.01471680 0.01702304 0.01042235
[1] 0.31306465 0.04107733 0.03373439 0.09579509
[1] 0.55798060 0.06603881 0.04507361 0.32498682
[1] 0.85693199 0.11881570 0.08859364 0.50215931
[1] 1.0642131 0.1472937 0.1110557 0.6222902
[1] 1.2217941 0.1688114 0.1282603 0.7135535
[1] 1.3449604 0.1856955 0.1418957 0.7848707
[1] 1.4426037 0.1991195 0.1528063 0.8414041
[1] 1.5206808 0.2098752 0.1615868 0.8866068
[1] 1.5834689 0.2185375 0.1686807 0.9229571
[1] 1.6341628 0.2255388 0.1744279 0.9523050
[1] 1.6752097 0.2312125 0.1790937 0.9760679
[1] 1.7085166 0.2358193 0.1828874 0.9953498
[1] 1.7355869 0.2395654 0.1859756 1.0110211
[1] 1.7576158 0.2426150 0.1884917 1.0237739
[1] 1.7755597 0.2450998 0.1905434 1.0341619
[1] 1.7901873 0.2471260 0.1922171 1.0426300
[1] 1.8021188 0.2487790 0.1935833 1.0495372
[1] 1.8118557 0.2501282 0.1946987 1.0551741
[1] 1.8198049 0.2512298 0.1956097 1.0597759
[1] 1.8262966 0.2521295 0.1963539 1.0635340
[1] 1.8315993 0.2528645 0.1969620 1.0666038
[1] 1.8359317 0.2534650 0.1974589 1.0691119
[1] 1.8394720 0.2539558 0.1978650 1.0711614
[1] 1.8423653 0.2543569 0.1981970 1.0728364
[1] 1.8447302 0.2546848 0.1984684 1.0742054
[1] 1.8466633 0.2549528 0.1986902 1.0753245
[1] 1.8482435 0.2551719 0.1988716 1.0762393
[1] 1.8495354 0.2553510 0.1990199 1.0769873
[1] 1.8505917 0.2554974 0.1991411 1.0775987
[1] 1.8514552 0.2556172 0.1992402 1.0780987
[1] 1.8521613 0.2557151 0.1993213 1.0785074
[1] 1.8527387 0.2557951 0.1993876 1.0788416
[1] 1.8532107 0.2558606 0.1994417 1.0791149
[1] 1.8535967 0.2559141 0.1994861 1.0793384
[1] 1.8539123 0.2559579 0.1995223 1.0795211
[1] 1.8541704 0.2559937 0.1995519 1.0796705
[1] 1.8543815 0.2560229 0.1995761 1.0797927
[1] 1.8545540 0.2560468 0.1995960 1.0798926
[1] 1.8546952 0.2560664 0.1996122 1.0799743
[1] 1.8548106 0.2560824 0.1996254 1.0800411
[1] 1.8549049 0.2560955 0.1996362 1.0800957
[1] 1.8549821 0.2561062 0.1996451 1.0801404
[1] 1.8550452 0.2561149 0.1996523 1.0801769
[1] 1.8550968 0.2561221 0.1996583 1.0802068
[1] 1.8551390 0.2561279 0.1996631 1.0802312
[1] 1.8551735 0.2561327 0.1996671 1.0802512
[1] 1.8552017 0.2561366 0.1996703 1.0802675
[1] 1.8552248 0.2561398 0.1996730 1.0802809
[1] 1.8552436 0.2561425 0.1996751 1.0802918
Algorithm converged after  491  iterations.
numeric(0)
Algorithm converged after  1  iterations.
[1] 0.02548704
Algorithm converged after  2  iterations.
[1] 0.03050957
Algorithm converged after  2  iterations.
[1] 0.02690894
Algorithm converged after  2  iterations.
[1] 0.02548704 0.03050957
Algorithm converged after  2  iterations.
[1] 0.02548704 0.02690894
Algorithm converged after  2  iterations.
[1] 0.03050957 0.02690894
Algorithm converged after  2  iterations.
[1] 0.02548704 0.03050957 0.02690894
Algorithm converged after  2  iterations.
[1] 0.05636858
Algorithm converged after  2  iterations.
[1] 0.05636858 0.01353510
[1] 0.06582882 0.02245725
[1] 0.06582760 0.02246585
Algorithm converged after  22  iterations.
[1] 0.05636858 0.01643454
[1] 0.06522516 0.02844517
[1] 0.06515718 0.02856664
[1] 0.06514693 0.02857997
[1] 0.06514561 0.02858172
Algorithm converged after  45  iterations.
[1] 0.056368582 0.009124426
[1] 0.09768313 0.03805041
[1] 0.09590604 0.03742298
[1] 0.09589114 0.03741308
Algorithm converged after  33  iterations.
[1] 0.05636858 0.01353510 0.01643454
[1] 0.07444185 0.02145351 0.02368865
[1] 0.07377267 0.02202290 0.02441913
[1] 0.07354622 0.02210522 0.02456119
[1] 0.07351870 0.02211695 0.02458333
[1] 0.07351501 0.02211881 0.02458707
[1] 0.07351439 0.02211912 0.02458775
Algorithm converged after  63  iterations.
[1] 0.056368582 0.013535099 0.009124426
[1] 0.12785654 0.02434387 0.04850376
[1] 0.17361761 0.02769004 0.09357993
[1] 0.18223248 0.02833511 0.09896357
[1] 0.18352917 0.02843085 0.09976099
[1] 0.18372345 0.02844520 0.09988037
[1] 0.18375256 0.02844734 0.09989825
[1] 0.18375692 0.02844767 0.09990093
Algorithm converged after  71  iterations.
[1] 0.056368582 0.016434538 0.009124426
[1] 0.15164719 0.02610902 0.03904049
[1] 0.10899825 0.01951996 0.05120125
[1] 0.10554847 0.01951449 0.04949460
[1] 0.10535458 0.01950929 0.04936136
[1] 0.10534107 0.01950887 0.04935163
Algorithm converged after  57  iterations.
[1] 0.056368582 0.013535099 0.016434538 0.009124426
[1] 0.29781979 0.03929011 0.02932959 0.08516925
[1] 0.47085890 0.05670515 0.03978629 0.27199506
[1] 0.74783475 0.10250379 0.07758627 0.43640799
[1] 0.95294112 0.12987399 0.09904438 0.55592595
[1] 1.1143982 0.1513463 0.1160532 0.6500927
[1] 1.2458512 0.1689223 0.1301285 0.7268041
[1] 1.3547340 0.1835349 0.1419151 0.7903693
[1] 1.4458753 0.1957988 0.1518570 0.8435926
[1] 1.5227094 0.2061577 0.1602854 0.8884710
[1] 1.5878108 0.2149479 0.1674574 0.9265030
[1] 1.6431790 0.2224327 0.1735775 0.9588535
[1] 1.6904048 0.2288226 0.1788114 0.9864498
[1] 1.7307761 0.2342893 0.1832952 1.0100429
[1] 1.7653494 0.2389737 0.1871418 1.0302492
[1] 1.7950001 0.2429932 0.1904455 1.0475797
[1] 1.8204587 0.2464459 0.1932855 1.0624608
[1] 1.8423391 0.2494144 0.1957287 1.0752509
[1] 1.8611591 0.2519684 0.1978320 1.0862526
[1] 1.8773576 0.2541672 0.1996436 1.0957221
[1] 1.8913074 0.2560612 0.2012047 1.1038773
[1] 1.9033264 0.2576933 0.2025503 1.1109038
[1] 1.9136858 0.2591003 0.2037107 1.1169603
[1] 1.9226179 0.2603136 0.2047115 1.1221825
[1] 1.9303215 0.2613601 0.2055750 1.1266864
[1] 1.9369671 0.2622630 0.2063201 1.1305719
[1] 1.9427013 0.2630421 0.2069631 1.1339245
[1] 1.9476499 0.2637145 0.2075182 1.1368178
[1] 1.9519212 0.2642950 0.2079973 1.1393151
[1] 1.9556084 0.2647961 0.2084110 1.1414710
[1] 1.9587917 0.2652287 0.2087683 1.1433322
[1] 1.9615402 0.2656022 0.2090767 1.1449393
[1] 1.9639135 0.2659248 0.2093431 1.1463269
[1] 1.9659631 0.2662034 0.2095731 1.1475253
[1] 1.9677330 0.2664440 0.2097718 1.1485602
[1] 1.9692617 0.2666517 0.2099434 1.1494540
[1] 1.9705819 0.2668312 0.2100917 1.1502260
[1] 1.9717223 0.2669862 0.2102197 1.1508927
[1] 1.9727073 0.2671201 0.2103303 1.1514687
[1] 1.9735581 0.2672358 0.2104258 1.1519661
[1] 1.9742930 0.2673357 0.2105083 1.1523958
[1] 1.9749279 0.2674220 0.2105796 1.1527671
[1] 1.9754763 0.2674965 0.2106412 1.1530877
[1] 1.9759500 0.2675609 0.2106944 1.1533647
[1] 1.9763593 0.2676165 0.2107403 1.1536040
[1] 1.9767128 0.2676646 0.2107800 1.1538107
[1] 1.9770182 0.2677061 0.2108143 1.1539893
[1] 1.977282 0.267742 0.210844 1.154144
[1] 1.9775100 0.2677730 0.2108696 1.1542768
[1] 1.9777069 0.2677997 0.2108917 1.1543920
Algorithm did not converge after  500  iterations.
numeric(0)
Algorithm converged after  1  iterations.
[1] 0.02719982
Algorithm converged after  2  iterations.
[1] 0.03071591
Algorithm converged after  2  iterations.
[1] 0.02966105
Algorithm converged after  2  iterations.
[1] 0.02719982 0.03071591
Algorithm converged after  2  iterations.
[1] 0.02719982 0.02966105
Algorithm converged after  2  iterations.
[1] 0.03071591 0.02966105
Algorithm converged after  2  iterations.
[1] 0.02719982 0.03071591 0.02966105
Algorithm converged after  2  iterations.
[1] 0.05537694
Algorithm converged after  2  iterations.
[1] 0.05537694 0.01459123
[1] 0.06801885 0.02584332
[1] 0.06817869 0.02597037
[1] 0.06818268 0.02597372
Algorithm converged after  33  iterations.
[1] 0.05537694 0.01625836
[1] 0.06945196 0.03149428
[1] 0.06958513 0.03167012
[1] 0.06958598 0.03169923
[1] 0.06958535 0.03170509
[1] 0.06958519 0.03170624
Algorithm converged after  54  iterations.
[1] 0.05537694 0.01143351
[1] 0.10255496 0.03890768
[1] 0.09493570 0.03710435
Algorithm converged after  26  iterations.
[1] 0.05537694 0.01459123 0.01625836
[1] 0.08755273 0.02588801 0.02832288
[1] 0.08644392 0.02579099 0.02840292
[1] 0.08441177 0.02576827 0.02855183
[1] 0.08375279 0.02584082 0.02876796
[1] 0.08360552 0.02589574 0.02891732
[1] 0.08358589 0.02592685 0.02900538
[1] 0.08359445 0.02594386 0.02905600
[1] 0.08360666 0.02595324 0.02908509
[1] 0.08361659 0.02595848 0.02910184
[1] 0.08362349 0.02596143 0.02911148
[1] 0.08362795 0.02596310 0.02911703
[1] 0.08363071 0.02596405 0.02912023
[1] 0.08363239 0.02596459 0.02912207
[1] 0.08363338 0.02596490 0.02912313
[1] 0.08363397 0.02596508 0.02912375
Algorithm converged after  160  iterations.
[1] 0.05537694 0.01459123 0.01143351
[1] 0.13671808 0.02847172 0.04469089
[1] 0.17425111 0.03045102 0.08428916
[1] 0.17317430 0.03045714 0.08438739
[1] 0.17303347 0.03044528 0.08431079
[1] 0.17302178 0.03044419 0.08430367
Algorithm converged after  54  iterations.
[1] 0.05537694 0.01625836 0.01143351
[1] 0.15220087 0.02923060 0.04596946
[1] 0.10922011 0.02085193 0.04987791
[1] 0.10152054 0.02077856 0.04631591
[1] 0.10140715 0.02077616 0.04621969
[1] 0.10141125 0.02077603 0.04622010
Algorithm converged after  51  iterations.
[1] 0.05537694 0.01459123 0.01625836 0.01143351
[1] 0.31581021 0.04405710 0.03194414 0.08775059
[1] 0.56110447 0.07186938 0.05108360 0.28232706
[1] 0.8308052 0.1259288 0.1032195 0.4224324
[1] 1.0517064 0.1578744 0.1291699 0.5313099
[1] 1.2318066 0.1835367 0.1498435 0.6201922
[1] 1.3802004 0.2047747 0.1670513 0.6934655
[1] 1.5034841 0.2224806 0.1814580 0.7543586
[1] 1.6064639 0.2373072 0.1935580 0.8052343
[1] 1.6928072 0.2497611 0.2037440 0.8478982
[1] 1.7653954 0.2602454 0.2123332 0.8837706
[1] 1.8265406 0.2690863 0.2195854 0.9139914
[1] 1.8781240 0.2765509 0.2257148 0.9394888
[1] 1.9216914 0.2828597 0.2308993 0.9610257
[1] 1.9585219 0.2881958 0.2352873 0.9792336
[1] 1.9896798 0.2927120 0.2390031 0.9946380
[1] 2.0160542 0.2965362 0.2421509 1.0076781
[1] 2.0383900 0.2997759 0.2448184 1.0187219
[1] 2.0573130 0.3025211 0.2470796 1.0280785
[1] 2.0733497 0.3048481 0.2489967 1.0360082
[1] 2.0869438 0.3068211 0.2506225 1.0427304
[1] 2.0984700 0.3084941 0.2520014 1.0484300
[1] 2.108245 0.309913 0.253171 1.053264
[1] 2.1165350 0.3111167 0.2541632 1.0573633
[1] 2.1235675 0.3121377 0.2550051 1.0608410
[1] 2.1295335 0.3130040 0.2557194 1.0637914
[1] 2.1345953 0.3137391 0.2563255 1.0662946
[1] 2.1388902 0.3143628 0.2568399 1.0684186
[1] 2.1425346 0.3148921 0.2572764 1.0702209
[1] 2.1456273 0.3153412 0.2576468 1.0717503
[1] 2.1482518 0.3157224 0.2579612 1.0730483
[1] 2.1504792 0.3160459 0.2582280 1.0741498
[1] 2.1523695 0.3163205 0.2584545 1.0750846
[1] 2.1539739 0.3165535 0.2586467 1.0758781
[1] 2.1553356 0.3167513 0.2588098 1.0765515
[1] 2.1564913 0.3169191 0.2589483 1.0771231
[1] 2.1574723 0.3170616 0.2590658 1.0776082
[1] 2.1583049 0.3171826 0.2591656 1.0780200
[1] 2.1590116 0.3172852 0.2592503 1.0783695
[1] 2.1596114 0.3173724 0.2593221 1.0786661
[1] 2.1601206 0.3174463 0.2593831 1.0789179
[1] 2.1605528 0.3175091 0.2594349 1.0791317
[1] 2.1609196 0.3175624 0.2594789 1.0793131
[1] 2.1612310 0.3176076 0.2595162 1.0794671
[1] 2.1614953 0.3176460 0.2595479 1.0795978
[1] 2.1617197 0.3176786 0.2595748 1.0797088
[1] 2.1619101 0.3177062 0.2595976 1.0798029
[1] 2.1620717 0.3177297 0.2596169 1.0798829
[1] 2.1622090 0.3177497 0.2596334 1.0799507
[1] 2.1623254 0.3177666 0.2596473 1.0800083
Algorithm did not converge after  500  iterations.
numeric(0)
Algorithm converged after  1  iterations.
[1] 0.02459452
Algorithm converged after  2  iterations.
[1] 0.02868894
Algorithm converged after  2  iterations.
[1] 0.0251793
Algorithm converged after  2  iterations.
[1] 0.02459452 0.02868894
Algorithm converged after  2  iterations.
[1] 0.02459452 0.02517930
Algorithm converged after  2  iterations.
[1] 0.02868894 0.02517930
Algorithm converged after  2  iterations.
[1] 0.02459452 0.02868894 0.02517930
Algorithm converged after  2  iterations.
[1] 0.04691115
Algorithm converged after  2  iterations.
[1] 0.04691115 0.01455152
[1] 0.05713127 0.02619829
[1] 0.05742696 0.02644465
[1] 0.05743773 0.02645415
Algorithm converged after  37  iterations.
[1] 0.04691115 0.01519995
[1] 0.05858834 0.03046903
[1] 0.05874575 0.03059344
[1] 0.05875274 0.03060532
[1] 0.05875331 0.03060673
Algorithm converged after  43  iterations.
[1] 0.04691115 0.01007292
[1] 0.09976647 0.04995031
[1] 0.08784536 0.04443417
[1] 0.08767740 0.04430715
Algorithm converged after  39  iterations.
[1] 0.04691115 0.01455152 0.01519995
[1] 0.07312388 0.02496938 0.02952661
[1] 0.07585385 0.02599792 0.03117712
[1] 0.07632552 0.02635550 0.03199108
[1] 0.07643462 0.02651018 0.03241413
[1] 0.07647007 0.02658223 0.03262682
[1] 0.07648398 0.02661657 0.03273164
[1] 0.07648997 0.02663309 0.03278287
[1] 0.07649270 0.02664108 0.03280784
[1] 0.07649401 0.02664496 0.03282002
[1] 0.07649465 0.02664685 0.03282597
[1] 0.07649498 0.02664777 0.03282887
[1] 0.07649514 0.02664822 0.03283029
[1] 0.07649523 0.02664844 0.03283099
Algorithm converged after  137  iterations.
[1] 0.04691115 0.01455152 0.01007292
[1] 0.13180434 0.02502195 0.05663750
[1] 0.16392950 0.02611809 0.10008853
[1] 0.17154031 0.02663875 0.10547664
[1] 0.17303027 0.02673917 0.10651146
[1] 0.17332028 0.02675873 0.10671272
[1] 0.17337673 0.02676253 0.10675188
[1] 0.17338772 0.02676327 0.10675951
Algorithm converged after  78  iterations.
[1] 0.04691115 0.01519995 0.01007292
[1] 0.12199398 0.02553688 0.04299350
[1] 0.10253257 0.02150835 0.05924737
[1] 0.09736826 0.02288770 0.05822838
[1] 0.09708679 0.02288161 0.05805138
[1] 0.09705818 0.02288037 0.05803093
[1] 0.09705499 0.02288022 0.05802862
Algorithm converged after  62  iterations.
[1] 0.04691115 0.01455152 0.01519995 0.01007292
[1] 0.27650032 0.04093419 0.03556090 0.07689483
[1] 0.49455083 0.04673758 0.03449918 0.29238947
[1] 0.75659155 0.09101966 0.07945328 0.48711992
[1] 1.0064144 0.1209901 0.1046650 0.6464120
[1] 1.2142436 0.1455052 0.1251797 0.7789922
[1] 1.3909488 0.1664911 0.1428584 0.8916606
[1] 1.5431204 0.1846578 0.1582287 0.9886433
[1] 1.6751589 0.2004813 0.1716557 1.0727648
[1] 1.7902847 0.2143177 0.1834212 1.1460905
[1] 1.8909952 0.2264487 0.1937526 1.2102205
[1] 1.9793020 0.2371043 0.2028385 1.2664422
[1] 2.056867 0.246477 0.210838 1.315818
[1] 2.1250849 0.2547299 0.2178871 1.3592388
[1] 2.1851439 0.2620026 0.2241029 1.3974628
[1] 2.2380617 0.2684156 0.2295868 1.4311393
[1] 2.2847174 0.2740735 0.2344271 1.4608288
[1] 2.3258733 0.2790673 0.2387007 1.4870170
[1] 2.3621932 0.2834764 0.2424751 1.5101271
[1] 2.3942567 0.2873704 0.2458095 1.5305280
[1] 2.4225709 0.2908103 0.2487556 1.5485428
[1] 2.4475804 0.2938496 0.2513592 1.5644546
[1] 2.4696756 0.2965354 0.2536604 1.5785119
[1] 2.4891995 0.2989092 0.2556945 1.5909331
[1] 2.5064540 0.3010076 0.2574928 1.6019102
[1] 2.5217049 0.3028625 0.2590826 1.6116126
[1] 2.5351864 0.3045025 0.2604884 1.6201892
[1] 2.5471048 0.3059526 0.2617315 1.6277713
[1] 2.5576424 0.3072348 0.2628307 1.6344749
[1] 2.5669598 0.3083686 0.2638029 1.6404022
[1] 2.5751988 0.3093713 0.2646626 1.6456434
[1] 2.5824846 0.3102581 0.2654229 1.6502783
[1] 2.5889278 0.3110424 0.2660954 1.6543771
[1] 2.5946261 0.3117360 0.2666903 1.6580020
[1] 2.5996658 0.3123495 0.2672164 1.6612079
[1] 2.6041232 0.3128921 0.2676817 1.6640434
[1] 2.6080656 0.3133721 0.2680933 1.6665513
[1] 2.6115527 0.3137966 0.2684574 1.6687696
[1] 2.6146371 0.3141722 0.2687795 1.6707317
[1] 2.6173653 0.3145044 0.2690644 1.6724672
[1] 2.6197786 0.3147982 0.2693164 1.6740023
[1] 2.6219133 0.3150581 0.2695394 1.6753603
[1] 2.6238016 0.3152880 0.2697366 1.6765615
[1] 2.6254720 0.3154914 0.2699110 1.6776240
[1] 2.6269496 0.3156714 0.2700653 1.6785640
[1] 2.6282567 0.3158305 0.2702019 1.6793954
[1] 2.6294129 0.3159713 0.2703226 1.6801310
[1] 2.6304358 0.3160959 0.2704295 1.6807816
[1] 2.6313406 0.3162061 0.2705240 1.6813572
[1] 2.6321411 0.3163035 0.2706076 1.6818664
Algorithm did not converge after  500  iterations.
numeric(0)
Algorithm converged after  1  iterations.
[1] 0.02416245
Algorithm converged after  2  iterations.
[1] 0.02854647
Algorithm converged after  2  iterations.
[1] 0.02971395
Algorithm converged after  2  iterations.
[1] 0.02416245 0.02854647
Algorithm converged after  2  iterations.
[1] 0.02416245 0.02971395
Algorithm converged after  2  iterations.
[1] 0.02854647 0.02971395
Algorithm converged after  2  iterations.
[1] 0.02416245 0.02854647 0.02971395
Algorithm converged after  2  iterations.
[1] 0.05928201
Algorithm converged after  2  iterations.
[1] 0.05928201 0.01362060
[1] 0.07179439 0.02241883
[1] 0.07190383 0.02252407
[1] 0.07190505 0.02252605
Algorithm converged after  31  iterations.
[1] 0.05928201 0.01330976
[1] 0.06786891 0.02296829
[1] 0.06793308 0.02315947
[1] 0.06793471 0.02318212
[1] 0.06793475 0.02318490
Algorithm converged after  48  iterations.
[1] 0.059282006 0.005446899
[1] 0.10183950 0.04125364
[1] 0.10703301 0.04551862
Algorithm converged after  29  iterations.
[1] 0.05928201 0.01362060 0.01330976
[1] 0.08070091 0.02082171 0.02274498
[1] 0.07980795 0.02136783 0.02532709
[1] 0.07917149 0.02185045 0.02736269
[1] 0.07920798 0.02220220 0.02871726
[1] 0.07935963 0.02241687 0.02952671
[1] 0.07947274 0.02253876 0.02998405
[1] 0.07954065 0.02260582 0.03023534
[1] 0.07957882 0.02264217 0.03037150
[1] 0.07959972 0.02266173 0.03044475
[1] 0.07961103 0.02267222 0.03048402
[1] 0.07961711 0.02267783 0.03050503
[1] 0.07962038 0.02268083 0.03051626
[1] 0.07962212 0.02268243 0.03052226
[1] 0.07962306 0.02268328 0.03052546
[1] 0.07962355 0.02268374 0.03052717
[1] 0.07962382 0.02268398 0.03052809
[1] 0.07962396 0.02268411 0.03052857
Algorithm converged after  174  iterations.
[1] 0.059282006 0.013620604 0.005446899
[1] 0.16592700 0.02557334 0.07818980
[1] 0.18659087 0.02841071 0.09441215
[1] 0.18856284 0.02859400 0.09555904
[1] 0.18876757 0.02861201 0.09567493
[1] 0.18878897 0.02861389 0.09568703
Algorithm converged after  57  iterations.
[1] 0.059282006 0.013309758 0.005446899
[1] 0.13209419 0.01956944 0.04126545
[1] 0.11972639 0.01673658 0.05368421
[1] 0.11549725 0.01674158 0.05224090
[1] 0.11540248 0.01673712 0.05216598
[1] 0.11540723 0.01673694 0.05216617
Algorithm converged after  52  iterations.
[1] 0.059282006 0.013620604 0.013309758 0.005446899
[1] 0.28733354 0.03289545 0.02698106 0.08749130
[1] 0.49625352 0.06560304 0.04374760 0.25774557
[1] 0.72236119 0.10851073 0.07772556 0.37470741
[1] 0.90165808 0.13354896 0.09595747 0.46615553
[1] 1.0449076 0.1534094 0.1105681 0.5394243
[1] 1.1613725 0.1696324 0.1226185 0.5990783
[1] 1.2571671 0.1830226 0.1326273 0.6481906
[1] 1.3365600 0.1941477 0.1409792 0.6889214
[1] 1.4027041 0.2034332 0.1479722 0.7228724
[1] 1.4580181 0.2112092 0.1538425 0.7512756
[1] 1.5044041 0.2177371 0.1587797 0.7751019
[1] 1.5433856 0.2232277 0.1629383 0.7951298
[1] 1.5761981 0.2278526 0.1664454 0.8119917
[1] 1.6038537 0.2317528 0.1694057 0.8262059
[1] 1.6271869 0.2350449 0.1719063 0.8382001
[1] 1.6468894 0.2378257 0.1740200 0.8483292
[1] 1.6635375 0.2401762 0.1758074 0.8568889
[1] 1.6776125 0.2421639 0.1773196 0.8641261
[1] 1.6895173 0.2438454 0.1785994 0.8702479
[1] 1.6995905 0.2452685 0.1796828 0.8754281
[1] 1.7081164 0.2464732 0.1806002 0.8798129
[1] 1.7153347 0.2474933 0.1813771 0.8835252
[1] 1.7214471 0.2483571 0.1820352 0.8866689
[1] 1.7266241 0.2490889 0.1825927 0.8893316
[1] 1.7310094 0.2497087 0.1830650 0.8915872
[1] 1.7347247 0.2502339 0.1834652 0.8934982
[1] 1.7378725 0.2506789 0.1838044 0.8951173
[1] 1.7405399 0.2510560 0.1840918 0.8964893
[1] 1.7428003 0.2513756 0.1843354 0.8976521
[1] 1.7447160 0.2516465 0.1845418 0.8986374
[1] 1.7463396 0.2518760 0.1847168 0.8994726
[1] 1.7477157 0.2520706 0.1848652 0.9001804
[1] 1.7488820 0.2522355 0.1849909 0.9007804
[1] 1.7498707 0.2523753 0.1850975 0.9012890
[1] 1.7507087 0.2524938 0.1851878 0.9017200
[1] 1.7514191 0.2525942 0.1852644 0.9020855
[1] 1.7520212 0.2526794 0.1853293 0.9023952
[1] 1.7525317 0.2527515 0.1853843 0.9026578
[1] 1.7529644 0.2528127 0.1854310 0.9028804
[1] 1.7533313 0.2528646 0.1854705 0.9030691
[1] 1.7536422 0.2529086 0.1855041 0.9032291
[1] 1.7539059 0.2529459 0.1855325 0.9033647
[1] 1.7541293 0.2529775 0.1855566 0.9034796
[1] 1.7543188 0.2530043 0.1855770 0.9035771
[1] 1.7544794 0.2530270 0.1855943 0.9036597
[1] 1.7546156 0.2530462 0.1856090 0.9037298
[1] 1.7547310 0.2530625 0.1856215 0.9037892
[1] 1.7548289 0.2530764 0.1856320 0.9038395
[1] 1.7549119 0.2530881 0.1856409 0.9038822
Algorithm did not converge after  500  iterations.
numeric(0)
Algorithm converged after  1  iterations.
[1] 0.02866982
Algorithm converged after  2  iterations.
[1] 0.03196911
Algorithm converged after  2  iterations.
[1] 0.02747377
Algorithm converged after  2  iterations.
[1] 0.02866982 0.03196911
Algorithm converged after  2  iterations.
[1] 0.02866982 0.02747377
Algorithm converged after  2  iterations.
[1] 0.03196911 0.02747377
Algorithm converged after  2  iterations.
[1] 0.02866982 0.03196911 0.02747377
Algorithm converged after  2  iterations.
[1] 0.05841702
Algorithm converged after  2  iterations.
[1] 0.05841702 0.01718459
[1] 0.06489414 0.02601868
[1] 0.06493042 0.02605065
Algorithm converged after  26  iterations.
[1] 0.05841702 0.01533463
[1] 0.07110119 0.02720163
[1] 0.0712398 0.0272342
Algorithm converged after  30  iterations.
[1] 0.058417020 0.009320926
[1] 0.11099970 0.03749232
[1] 0.10334038 0.03886037
[1] 0.10331045 0.03883786
Algorithm converged after  33  iterations.
[1] 0.05841702 0.01718459 0.01533463
[1] 0.07289328 0.02441217 0.02336442
[1] 0.07075850 0.02477380 0.02394941
[1] 0.06956093 0.02497342 0.02453526
[1] 0.06915586 0.02511229 0.02498193
[1] 0.06902027 0.02520716 0.02528997
[1] 0.06896602 0.02527140 0.02549797
[1] 0.06893884 0.02531497 0.02563855
[1] 0.06892273 0.02534465 0.02573406
[1] 0.06891227 0.02536496 0.02579929
[1] 0.06890519 0.02537892 0.02584403
[1] 0.06890031 0.02538852 0.02587481
[1] 0.06889693 0.02539515 0.02589603
[1] 0.06889458 0.02539974 0.02591069
[1] 0.06889295 0.02540291 0.02592083
[1] 0.06889182 0.02540510 0.02592784
[1] 0.06889103 0.02540662 0.02593270
[1] 0.06889049 0.02540767 0.02593606
[1] 0.06889011 0.02540840 0.02593840
[1] 0.06888985 0.02540891 0.02594001
[1] 0.06888967 0.02540926 0.02594113
[1] 0.06888954 0.02540950 0.02594191
[1] 0.06888945 0.02540967 0.02594245
[1] 0.06888939 0.02540979 0.02594282
Algorithm converged after  237  iterations.
[1] 0.058417020 0.017184592 0.009320926
[1] 0.15041113 0.02700941 0.06332958
[1] 0.15393788 0.02862934 0.07989144
[1] 0.15372678 0.02865226 0.07992934
[1] 0.15371333 0.02865141 0.07992195
Algorithm converged after  45  iterations.
[1] 0.058417020 0.015334625 0.009320926
[1] 0.17344472 0.02759613 0.05265143
[1] 0.12216041 0.02159252 0.05312433
[1] 0.12122621 0.02229439 0.05374167
[1] 0.11761262 0.02111672 0.05025234
[1] 0.12358584 0.02260464 0.05568825
[1] 0.12538469 0.02272077 0.05696467
[1] 0.12557585 0.02273126 0.05709174
[1] 0.12559564 0.02273234 0.05710483
Algorithm converged after  90  iterations.
[1] 0.058417020 0.017184592 0.015334625 0.009320926
[1] 0.29891510 0.04002681 0.02945460 0.08969448
[1] 0.53214468 0.06100957 0.05192319 0.30023093
[1] 0.82290184 0.11067281 0.09750676 0.46970509
[1] 1.0437073 0.1392049 0.1232645 0.5968780
[1] 1.2235978 0.1622954 0.1442766 0.7006889
[1] 1.3732699 0.1816239 0.1619589 0.7871533
[1] 1.4992819 0.1979696 0.1769653 0.8600023
[1] 1.6061627 0.2118783 0.1897667 0.9218242
[1] 1.6972740 0.2237634 0.2007262 0.9745466
[1] 1.7752232 0.2339503 0.2101334 1.0196673
[1] 1.8420907 0.2427016 0.2182242 1.0583837
[1] 1.8995694 0.2502327 0.2251934 1.0916712
[1] 1.9490564 0.2567228 0.2312037 1.1203356
[1] 1.9917167 0.2623219 0.2363920 1.1450496
[1] 2.0285294 0.2671565 0.2408742 1.1663787
[1] 2.0603223 0.2713341 0.2447490 1.1848013
[1] 2.0877985 0.2749460 0.2481003 1.2007241
[1] 2.1115574 0.2780704 0.2510001 1.2144937
[1] 2.1321115 0.2807742 0.2535103 1.2264068
[1] 2.1499001 0.2831148 0.2556837 1.2367175
[1] 2.1653003 0.2851416 0.2575661 1.2456444
[1] 2.1786365 0.2868971 0.2591968 1.2533751
[1] 2.1901881 0.2884180 0.2606096 1.2600716
[1] 2.2001958 0.2897357 0.2618340 1.2658733
[1] 2.2088675 0.2908777 0.2628952 1.2709006
[1] 2.2163827 0.2918675 0.2638150 1.2752575
[1] 2.2228964 0.2927255 0.2646123 1.2790339
[1] 2.2285427 0.2934692 0.2653036 1.2823075
[1] 2.2334375 0.2941141 0.2659029 1.2851454
[1] 2.2376812 0.2946731 0.2664226 1.2876059
[1] 2.2413607 0.2951579 0.2668732 1.2897392
[1] 2.2445511 0.2955782 0.2672640 1.2915890
[1] 2.2473176 0.2959428 0.2676029 1.2931931
[1] 2.2497167 0.2962589 0.2678967 1.2945841
[1] 2.2517972 0.2965330 0.2681516 1.2957904
[1] 2.2536015 0.2967708 0.2683726 1.2968365
[1] 2.2551663 0.2969770 0.2685643 1.2977438
[1] 2.2565234 0.2971558 0.2687306 1.2985307
[1] 2.2577004 0.2973109 0.2688748 1.2992132
[1] 2.2587212 0.2974454 0.2689999 1.2998051
[1] 2.2596066 0.2975621 0.2691083 1.3003185
[1] 2.2603746 0.2976633 0.2692024 1.3007638
[1] 2.2610406 0.2977511 0.2692841 1.3011500
[1] 2.2616184 0.2978272 0.2693548 1.3014850
[1] 2.2621195 0.2978933 0.2694162 1.3017755
[1] 2.2625541 0.2979505 0.2694695 1.3020275
[1] 2.2629311 0.2980002 0.2695157 1.3022461
[1] 2.2632582 0.2980433 0.2695558 1.3024358
[1] 2.2635418 0.2980807 0.2695905 1.3026002
Algorithm did not converge after  500  iterations.
Warning messages:
1: In max(abs(CT), na.rm = T) :
  no non-missing arguments to max; returning -Inf
2: In max(abs(CT), na.rm = T) :
  no non-missing arguments to max; returning -Inf
3: In max(abs(CT), na.rm = T) :
  no non-missing arguments to max; returning -Inf
4: In max(abs(CT), na.rm = T) :
  no non-missing arguments to max; returning -Inf
5: In max(abs(CT), na.rm = T) :
  no non-missing arguments to max; returning -Inf
6: In max(abs(CT), na.rm = T) :
  no non-missing arguments to max; returning -Inf
7: In max(abs(CT), na.rm = T) :
  no non-missing arguments to max; returning -Inf
8: In max(abs(CT), na.rm = T) :
  no non-missing arguments to max; returning -Inf
9: In max(abs(CT), na.rm = T) :
  no non-missing arguments to max; returning -Inf
10: In max(abs(CT), na.rm = T) :
  no non-missing arguments to max; returning -Inf
[1] "Best iter parameter is:"
      gam     rankJ    rankA1    rankA2    rankA3 
0.1111111 1.0000000 0.0000000 0.0000000 1.0000000 
[1] 0.052271793 0.008911643
[1] 0.09191334 0.03733888
[1] 0.09104366 0.03717857
Algorithm converged after  29  iterations.
         [,1]     [,2]     [,3]
[1,] 8.295465 11.84788 50.74911
