myseed=2234 

Attaching package: ‘pls’

The following object is masked from ‘package:stats’:

    loadings

Loading required package: lattice
Loading required package: ggplot2
Registered S3 methods overwritten by 'ggplot2':
  method         from 
  [.quosures     rlang
  c.quosures     rlang
  print.quosures rlang

Attaching package: ‘caret’

The following object is masked from ‘package:pls’:

    R2

Loading required package: Matrix
Loading required package: foreach
Loaded glmnet 2.0-18

Parsed with column specification:
cols(
  .default = col_double()
)
See spec(...) for full column specifications.
Parsed with column specification:
cols(
  X1 = col_double()
)
Parsed with column specification:
cols(
  X1 = col_double()
)
numeric(0)
Algorithm converged after  1  iterations.
[1] 0.03475067
Algorithm converged after  2  iterations.
[1] 0.0310751
Algorithm converged after  2  iterations.
[1] 0.0255436
Algorithm converged after  2  iterations.
[1] 0.03475067 0.03107510
Algorithm converged after  2  iterations.
[1] 0.03475067 0.02554360
Algorithm converged after  2  iterations.
[1] 0.0310751 0.0255436
Algorithm converged after  2  iterations.
[1] 0.03475067 0.03107510 0.02554360
Algorithm converged after  2  iterations.
[1] 0.05302899
Algorithm converged after  2  iterations.
[1] 0.05302899 0.01883145
[1] 0.07496128 0.04487563
[1] 0.07548605 0.04543476
[1] 0.07551350 0.04546544
[1] 0.07551511 0.04546731
Algorithm converged after  41  iterations.
[1] 0.05302899 0.01791958
[1] 0.0672250 0.0386168
[1] 0.06786311 0.03973298
[1] 0.06799247 0.03993120
[1] 0.06801454 0.03996422
[1] 0.06801819 0.03996965
[1] 0.06801879 0.03997055
Algorithm converged after  61  iterations.
[1] 0.053028987 0.009419992
[1] 0.11767563 0.05829161
[1] 0.10287791 0.04919515
[1] 0.10255094 0.04891657
Algorithm converged after  39  iterations.
[1] 0.05302899 0.01883145 0.01791958
[1] 0.09067536 0.03353119 0.03755063
[1] 0.09778585 0.03420535 0.04280009
[1] 0.09845488 0.03438747 0.04431044
[1] 0.09869616 0.03453197 0.04490052
[1] 0.09888605 0.03461928 0.04517445
[1] 0.09899491 0.03466254 0.04529985
[1] 0.09904721 0.03468211 0.04535528
[1] 0.09907056 0.03469065 0.04537931
[1] 0.09908071 0.03469434 0.04538966
[1] 0.09908509 0.03469594 0.04539412
[1] 0.09908699 0.03469662 0.04539605
[1] 0.09908781 0.03469692 0.04539688
Algorithm converged after  124  iterations.
[1] 0.053028987 0.018831446 0.009419992
[1] 0.16136414 0.03410549 0.09076756
[1] 0.20076959 0.03976345 0.12789003
[1] 0.21783780 0.04154882 0.14140244
[1] 0.22414056 0.04220809 0.14639348
[1] 0.22643599 0.04244856 0.14821259
[1] 0.22726822 0.04253579 0.14887232
[1] 0.22756946 0.04256737 0.14911115
[1] 0.22767844 0.04257879 0.14919755
[1] 0.22771786 0.04258293 0.14922881
[1] 0.22773212 0.04258442 0.14924011
[1] 0.22773727 0.04258496 0.14924420
Algorithm converged after  116  iterations.
[1] 0.053028987 0.017919583 0.009419992
[1] 0.16525812 0.03435827 0.05991698
[1] 0.13171632 0.02687737 0.06274311
[1] 0.11426746 0.02653057 0.05292091
[1] 0.11536267 0.02657165 0.05305583
[1] 0.11544009 0.02657216 0.05312091
[1] 0.11542551 0.02657177 0.05311508
Algorithm converged after  64  iterations.
[1] 0.053028987 0.018831446 0.017919583 0.009419992
[1] 0.34956873 0.04791981 0.05640066 0.08618006
[1] 0.74473116 0.07877036 0.07308916 0.30256152
[1] 0.96012207 0.14964541 0.08793816 0.58410158
[1] 1.2738270 0.2077768 0.1289174 0.7667253
[1] 1.5434843 0.2474609 0.1546825 0.9281525
[1] 1.7773111 0.2815750 0.1769269 1.0682855
[1] 1.9825937 0.3115074 0.1965446 1.1913338
[1] 2.1642406 0.3379930 0.2139675 1.3002274
[1] 2.3258461 0.3615572 0.2295114 1.3971165
[1] 2.4701947 0.3826058 0.2434255 1.4836673
[1] 2.5995239 0.4014647 0.2559129 1.5612188
[1] 2.7156764 0.4184022 0.2671433 1.6308740
[1] 2.8201978 0.4336437 0.2772604 1.6935585
[1] 2.9144027 0.4473807 0.2863872 1.7500593
[1] 2.9994217 0.4597781 0.2946304 1.8010535
[1] 3.0762354 0.4709789 0.3020828 1.8471285
[1] 3.145701 0.481108 0.308826 1.888798
[1] 3.2085708 0.4902753 0.3149319 1.9265121
[1] 3.2655108 0.4985778 0.3204641 1.9606704
[1] 3.3171103 0.5061015 0.3254792 1.9916261
[1] 3.3638944 0.5129229 0.3300276 2.0196938
[1] 3.4063313 0.5191104 0.3341546 2.0451541
[1] 3.4448401 0.5247251 0.3379004 2.0682582
[1] 3.4797963 0.5298218 0.3413013 2.0892314
[1] 3.5115373 0.5344496 0.3443900 2.1082760
[1] 3.5403666 0.5386529 0.3471959 2.1255738
[1] 3.5665575 0.5424715 0.3497453 2.1412889
[1] 3.5903565 0.5459412 0.3520622 2.1555689
[1] 3.6119861 0.5490947 0.3541682 2.1685475
[1] 3.6316474 0.5519612 0.3560827 2.1803451
[1] 3.6495221 0.5545672 0.3578234 2.1910708
[1] 3.6657748 0.5569367 0.3594063 2.2008234
[1] 3.6805545 0.5590914 0.3608458 2.2096921
[1] 3.6939961 0.5610510 0.3621551 2.2177580
[1] 3.7062220 0.5628334 0.3633460 2.2250945
[1] 3.7173431 0.5644548 0.3644294 2.2317680
[1] 3.7274601 0.5659297 0.3654150 2.2378390
[1] 3.7366642 0.5672715 0.3663117 2.2433623
[1] 3.7450384 0.5684924 0.3671276 2.2483875
[1] 3.7526580 0.5696032 0.3678700 2.2529600
[1] 3.7595913 0.5706140 0.3685456 2.2571206
[1] 3.7659004 0.5715337 0.3691604 2.2609067
[1] 3.7716418 0.5723707 0.3697198 2.2643521
[1] 3.7768668 0.5731325 0.3702290 2.2674876
[1] 3.7816219 0.5738257 0.3706923 2.2703412
[1] 3.7859497 0.5744566 0.3711141 2.2729382
[1] 3.7898885 0.5750308 0.3714979 2.2753020
[1] 3.7934735 0.5755534 0.3718473 2.2774533
[1] 3.7967365 0.5760291 0.3721653 2.2794115
Algorithm did not converge after  500  iterations.
numeric(0)
Algorithm converged after  1  iterations.
[1] 0.03293283
Algorithm converged after  2  iterations.
[1] 0.02920712
Algorithm converged after  2  iterations.
[1] 0.02613619
Algorithm converged after  2  iterations.
[1] 0.03293283 0.02920712
Algorithm converged after  2  iterations.
[1] 0.03293283 0.02613619
Algorithm converged after  2  iterations.
[1] 0.02920712 0.02613619
Algorithm converged after  2  iterations.
[1] 0.03293283 0.02920712 0.02613619
Algorithm converged after  2  iterations.
[1] 0.04926907
Algorithm converged after  2  iterations.
[1] 0.04926907 0.01934380
[1] 0.07302575 0.04483502
[1] 0.07331533 0.04508817
[1] 0.07332770 0.04510046
Algorithm converged after  39  iterations.
[1] 0.04926907 0.01513448
[1] 0.05957214 0.03351400
[1] 0.05988463 0.03416204
[1] 0.05995993 0.03430615
[1] 0.05997818 0.03433884
[1] 0.05998239 0.03434623
[1] 0.05998336 0.03434791
Algorithm converged after  67  iterations.
[1] 0.04926907 0.01037290
[1] 0.10484320 0.05572347
[1] 0.09372377 0.04829948
[1] 0.09310669 0.04772828
Algorithm converged after  37  iterations.
[1] 0.04926907 0.01934380 0.01513448
[1] 0.09150239 0.03800356 0.03454717
[1] 0.09674576 0.03757624 0.03726128
[1] 0.09690206 0.03756280 0.03828773
[1] 0.09724436 0.03772630 0.03898794
[1] 0.09755381 0.03785006 0.03943874
[1] 0.09775072 0.03792612 0.03971337
[1] 0.09786809 0.03797178 0.03987882
[1] 0.09793782 0.03799923 0.03997858
[1] 0.09797955 0.03801581 0.04003886
[1] 0.09800466 0.03802583 0.04007536
[1] 0.09801982 0.03803191 0.04009748
[1] 0.09802899 0.03803559 0.04011089
[1] 0.09803455 0.03803783 0.04011903
[1] 0.09803792 0.03803918 0.04012396
[1] 0.09803997 0.03804000 0.04012696
[1] 0.09804121 0.03804050 0.04012878
[1] 0.09804196 0.03804081 0.04012988
[1] 0.09804242 0.03804099 0.04013055
Algorithm converged after  187  iterations.
[1] 0.04926907 0.01934380 0.01037290
[1] 0.15637796 0.03742197 0.08551917
[1] 0.19797776 0.04388499 0.12766670
[1] 0.21280765 0.04564027 0.13952185
[1] 0.21728579 0.04616467 0.14308415
[1] 0.21862299 0.04632115 0.14414791
[1] 0.21902125 0.04636774 0.14446474
[1] 0.21913976 0.04638161 0.14455904
[1] 0.21917503 0.04638573 0.14458709
[1] 0.21918552 0.04638696 0.14459544
[1] 0.21918864 0.04638733 0.14459792
Algorithm converged after  101  iterations.
[1] 0.04926907 0.01513448 0.01037290
[1] 0.15558515 0.03954136 0.06170213
[1] 0.16510039 0.03283454 0.07046411
[1] 0.12458053 0.02282320 0.06341479
[1] 0.10996179 0.02261172 0.05395161
[1] 0.11171974 0.02269576 0.05456230
[1] 0.11167172 0.02268875 0.05457180
[1] 0.11165993 0.02268884 0.05456339
Algorithm converged after  79  iterations.
[1] 0.04926907 0.01934380 0.01513448 0.01037290
[1] 0.29864901 0.05133479 0.04431122 0.07693625
[1] 0.64944043 0.08054221 0.04956553 0.31328609
[1] 0.88351645 0.15395108 0.09194219 0.54716500
[1] 1.1593951 0.2032715 0.1275869 0.7097682
[1] 1.3941631 0.2388480 0.1523597 0.8516771
[1] 1.5979523 0.2694420 0.1738540 0.9749163
[1] 1.7767402 0.2962176 0.1928071 1.0830046
[1] 1.9345700 0.3198176 0.2096059 1.1783997
[1] 2.0744641 0.3407105 0.2245413 1.2629392
[1] 2.1988130 0.3592636 0.2378485 1.3380747
[1] 2.3095740 0.3757756 0.2497239 1.4049934
[1] 2.4083873 0.3904963 0.2603342 1.4646891
[1] 2.4966494 0.4036371 0.2698232 1.5180074
[1] 2.5755634 0.4153801 0.2783158 1.5656764
[1] 2.6461744 0.4258828 0.2859212 1.6083284
[1] 2.7093963 0.4352828 0.2927357 1.6465159
[1] 2.7660323 0.4437006 0.2988440 1.6807246
[1] 2.8167907 0.4512426 0.3043212 1.7113826
[1] 2.8622986 0.4580026 0.3092341 1.7388688
[1] 2.9031117 0.4640639 0.3136418 1.7635192
[1] 2.9397245 0.4695002 0.3175972 1.7856323
[1] 2.9725767 0.4743772 0.3211474 1.8054740
[1] 3.0020607 0.4787534 0.3243344 1.8232813
[1] 3.0285262 0.4826811 0.3271958 1.8392654
[1] 3.0522859 0.4862068 0.3297652 1.8536152
[1] 3.0736194 0.4893721 0.3320726 1.8664997
[1] 3.0927765 0.4922141 0.3341449 1.8780697
[1] 3.1099812 0.4947663 0.3360063 1.8884604
[1] 3.1254336 0.4970584 0.3376783 1.8977929
[1] 3.1393135 0.4991170 0.3391803 1.9061756
[1] 3.1517818 0.5009662 0.3405297 1.9137057
[1] 3.1629826 0.5026273 0.3417420 1.9204704
[1] 3.1730455 0.5041195 0.3428312 1.9265477
[1] 3.1820864 0.5054602 0.3438099 1.9320079
[1] 3.1902095 0.5066647 0.3446893 1.9369138
[1] 3.1975083 0.5077469 0.3454795 1.9413218
[1] 3.2040666 0.5087193 0.3461895 1.9452826
[1] 3.2099597 0.5095930 0.3468276 1.9488417
[1] 3.2152553 0.5103782 0.3474010 1.9520400
[1] 3.2200141 0.5110837 0.3479163 1.9549140
[1] 3.2242906 0.5117177 0.3483793 1.9574967
[1] 3.2281337 0.5122874 0.3487955 1.9598177
[1] 3.2315874 0.5127994 0.3491695 1.9619035
[1] 3.2346912 0.5132596 0.3495056 1.9637780
[1] 3.2374806 0.5136731 0.3498077 1.9654626
[1] 3.2399876 0.5140447 0.3500792 1.9669767
[1] 3.2422406 0.5143787 0.3503232 1.9683373
[1] 3.2442655 0.5146789 0.3505425 1.9695602
[1] 3.2460853 0.5149487 0.3507396 1.9706593
Algorithm did not converge after  500  iterations.
numeric(0)
Algorithm converged after  1  iterations.
[1] 0.03247138
Algorithm converged after  2  iterations.
[1] 0.0266882
Algorithm converged after  2  iterations.
[1] 0.02780987
Algorithm converged after  2  iterations.
[1] 0.03247138 0.02668820
Algorithm converged after  2  iterations.
[1] 0.03247138 0.02780987
Algorithm converged after  2  iterations.
[1] 0.02668820 0.02780987
Algorithm converged after  2  iterations.
[1] 0.03247138 0.02668820 0.02780987
Algorithm converged after  2  iterations.
[1] 0.04852875
Algorithm converged after  2  iterations.
[1] 0.04852875 0.01928598
[1] 0.06648075 0.04386215
[1] 0.06659738 0.04405677
[1] 0.06660197 0.04406155
Algorithm converged after  32  iterations.
[1] 0.04852875 0.01681949
[1] 0.06376247 0.03598004
[1] 0.06379301 0.03615897
[1] 0.06379394 0.03617167
Algorithm converged after  40  iterations.
[1] 0.04852875 0.00895010
[1] 0.11120435 0.06073555
[1] 0.09599628 0.04944810
[1] 0.09561445 0.04917448
Algorithm converged after  39  iterations.
[1] 0.04852875 0.01928598 0.01681949
[1] 0.08189714 0.03584833 0.03041062
[1] 0.08393484 0.03550060 0.03034770
[1] 0.07702343 0.03381118 0.02999221
[1] 0.07529745 0.03361172 0.02987776
[1] 0.07506062 0.03363332 0.02989916
[1] 0.07504609 0.03365167 0.02991534
[1] 0.07505598 0.03365961 0.02992207
[1] 0.07506221 0.03366267 0.02992407
[1] 0.07506562 0.03366339 0.02992491
Algorithm converged after  99  iterations.
[1] 0.04852875 0.01928598 0.00895010
[1] 0.14559823 0.03423064 0.07259380
[1] 0.18239070 0.03877528 0.10940356
[1] 0.18973507 0.03941695 0.11433680
[1] 0.19127264 0.03954455 0.11535337
[1] 0.19159570 0.03957131 0.11556684
[1] 0.19166358 0.03957693 0.11561170
[1] 0.19167785 0.03957811 0.11562112
Algorithm converged after  80  iterations.
[1] 0.04852875 0.01681949 0.00895010
[1] 0.14797450 0.03303535 0.06380580
[1] 0.13997080 0.02150304 0.07541173
[1] 0.12547549 0.02113059 0.06649051
[1] 0.12470809 0.02113495 0.06576073
[1] 0.12467826 0.02113597 0.06572004
Algorithm converged after  59  iterations.
[1] 0.04852875 0.01928598 0.01681949 0.00895010
[1] 0.30854225 0.05098507 0.04355451 0.08972704
[1] 0.64069565 0.06977212 0.04228128 0.35761139
[1] 0.95912433 0.14272192 0.09352269 0.59186951
[1] 1.2543116 0.1869834 0.1278381 0.7715636
[1] 1.5000958 0.2207429 0.1538393 0.9228436
[1] 1.7097286 0.2494839 0.1761690 1.0519467
[1] 1.8908209 0.2743465 0.1956169 1.1634823
[1] 2.0485887 0.2960318 0.2126667 1.2606582
[1] 2.1868927 0.3150581 0.2276855 1.3458508
[1] 2.3087146 0.3318280 0.2409649 1.4208954
[1] 2.4164239 0.3466626 0.2527418 1.4872502
[1] 2.5119448 0.3598239 0.2632119 1.5460996
[1] 2.5968662 0.3715285 0.2725392 1.5984215
[1] 2.6725185 0.3819583 0.2808626 1.6450347
[1] 2.7400279 0.3912676 0.2883007 1.6866326
[1] 2.8003573 0.3995883 0.2949557 1.7238078
[1] 2.8543356 0.4070342 0.3009164 1.7570707
[1] 2.9026812 0.4137040 0.3062597 1.7868637
[1] 2.9460204 0.4196838 0.3110535 1.8135722
[1] 2.9849013 0.4250490 0.3153569 1.8375340
[1] 3.0198057 0.4298659 0.3192225 1.8590456
[1] 3.0511582 0.4341929 0.3226965 1.8783686
[1] 3.0793346 0.4380818 0.3258200 1.8957345
[1] 3.1046677 0.4415785 0.3286294 1.9113484
[1] 3.1274534 0.4447237 0.3311571 1.9253923
[1] 3.1479547 0.4475538 0.3334321 1.9380285
[1] 3.1664063 0.4501009 0.3354803 1.9494015
[1] 3.1830175 0.4523941 0.3373246 1.9596403
[1] 3.1979754 0.4544591 0.3389857 1.9688601
[1] 3.2114474 0.4563191 0.3404821 1.9771642
[1] 3.2235835 0.4579946 0.3418303 1.9846448
[1] 3.2345178 0.4595042 0.3430452 1.9913847
[1] 3.2443709 0.4608646 0.3441401 1.9974582
[1] 3.2532509 0.4620907 0.3451270 2.0029319
[1] 3.2612547 0.4631958 0.3460167 2.0078656
[1] 3.2684698 0.4641920 0.3468187 2.0123131
[1] 3.2749742 0.4650901 0.3475418 2.0163226
[1] 3.2808387 0.4658998 0.3481938 2.0199375
[1] 3.2861265 0.4666300 0.3487818 2.0231971
[1] 3.2908947 0.4672884 0.3493120 2.0261363
[1] 3.2951946 0.4678821 0.3497901 2.0287869
[1] 3.2990724 0.4684175 0.3502214 2.0311773
[1] 3.3025697 0.4689005 0.3506103 2.0333332
[1] 3.3057240 0.4693360 0.3509611 2.0352776
[1] 3.3085691 0.4697289 0.3512776 2.0370314
[1] 3.3111353 0.4700832 0.3515630 2.0386133
[1] 3.3134501 0.4704029 0.3518205 2.0400402
[1] 3.3155381 0.4706912 0.3520527 2.0413274
[1] 3.3174217 0.4709513 0.3522622 2.0424885
Algorithm did not converge after  500  iterations.
numeric(0)
Algorithm converged after  1  iterations.
[1] 0.02952493
Algorithm converged after  2  iterations.
[1] 0.02856748
Algorithm converged after  2  iterations.
[1] 0.02712021
Algorithm converged after  2  iterations.
[1] 0.02952493 0.02856748
Algorithm converged after  2  iterations.
[1] 0.02952493 0.02712021
Algorithm converged after  2  iterations.
[1] 0.02856748 0.02712021
Algorithm converged after  2  iterations.
[1] 0.02952493 0.02856748 0.02712021
Algorithm converged after  2  iterations.
[1] 0.04726919
Algorithm converged after  2  iterations.
[1] 0.04726919 0.01691628
[1] 0.06698628 0.04047149
[1] 0.06716981 0.04068991
[1] 0.06718130 0.04070163
Algorithm converged after  38  iterations.
[1] 0.04726919 0.01760381
[1] 0.06525083 0.03814365
[1] 0.06521591 0.03845516
[1] 0.06518904 0.03852696
[1] 0.06518262 0.03854695
[1] 0.06518089 0.03855259
[1] 0.06518039 0.03855419
Algorithm converged after  68  iterations.
[1] 0.047269189 0.009721756
[1] 0.09888907 0.05543722
[1] 0.08474476 0.04645426
[1] 0.08453402 0.04629025
Algorithm converged after  36  iterations.
[1] 0.04726919 0.01691628 0.01760381
[1] 0.09433337 0.03168067 0.03380253
[1] 0.08992072 0.03028098 0.03210412
[1] 0.08792259 0.02998431 0.03166803
[1] 0.08780144 0.02997408 0.03165626
[1] 0.08781025 0.02997622 0.03165986
Algorithm converged after  59  iterations.
[1] 0.047269189 0.016916277 0.009721756
[1] 0.14415174 0.03312055 0.08454522
[1] 0.19493151 0.03907502 0.12814006
[1] 0.21377325 0.04108549 0.14261988
[1] 0.21999696 0.04175314 0.14740366
[1] 0.22202984 0.04197167 0.14896679
[1] 0.22269159 0.04204285 0.14947569
[1] 0.22290677 0.04206601 0.14964118
[1] 0.22297672 0.04207353 0.14969497
[1] 0.22299945 0.04207598 0.14971246
[1] 0.22300684 0.04207677 0.14971814
Algorithm converged after  108  iterations.
[1] 0.047269189 0.017603807 0.009721756
[1] 0.14661032 0.03409186 0.06085488
[1] 0.14004306 0.02452741 0.07012609
[1] 0.09194384 0.02156102 0.04900029
[1] 0.09030563 0.02161085 0.04713380
[1] 0.09040629 0.02161341 0.04714218
Algorithm converged after  57  iterations.
[1] 0.047269189 0.016916277 0.017603807 0.009721756
[1] 0.27638037 0.04718993 0.03928672 0.07265550
[1] 0.47650808 0.06500097 0.03230322 0.28512954
[1] 0.7882868 0.1314681 0.0745997 0.4920780
[1] 1.0888838 0.1768707 0.1023704 0.6725057
[1] 1.3287289 0.2123309 0.1242688 0.8163428
[1] 1.5268171 0.2416605 0.1426351 0.9349314
[1] 1.6928187 0.2662695 0.1581791 1.0342029
[1] 1.8330355 0.2870717 0.1713953 1.1179938
[1] 1.9520561 0.3047379 0.1826662 1.1890813
[1] 2.0534188 0.3197883 0.1922984 1.2495987
[1] 2.1399476 0.3326391 0.2005429 1.3012443
[1] 2.2139423 0.3436303 0.2076078 1.3453984
[1] 2.2773024 0.3530432 0.2136675 1.3831995
[1] 2.3316122 0.3611123 0.2188687 1.4155962
[1] 2.3782025 0.3680351 0.2233354 1.4433846
[1] 2.4181967 0.3739782 0.2271733 1.4672364
[1] 2.4525469 0.3790829 0.2304721 1.4877205
[1] 2.4820625 0.3834693 0.2333084 1.5053203
[1] 2.5074331 0.3872398 0.2357476 1.5204476
[1] 2.5292473 0.3904819 0.2378459 1.5334536
[1] 2.5480083 0.3932703 0.2396511 1.5446389
[1] 2.5641469 0.3956690 0.2412046 1.5542603
[1] 2.5780320 0.3977328 0.2425414 1.5625380
[1] 2.5899802 0.3995087 0.2436921 1.5696608
[1] 2.6002628 0.4010371 0.2446825 1.5757906
[1] 2.6091132 0.4023526 0.2455352 1.5810664
[1] 2.6167313 0.4034849 0.2462692 1.5856077
[1] 2.6232894 0.4044597 0.2469012 1.5895169
[1] 2.6289353 0.4052989 0.2474453 1.5928824
[1] 2.6337962 0.4060215 0.2479138 1.5957799
[1] 2.6379814 0.4066436 0.2483172 1.5982746
[1] 2.6415849 0.4071792 0.2486646 1.6004226
[1] 2.6446879 0.4076404 0.2489637 1.6022722
[1] 2.6473597 0.4080376 0.2492213 1.6038648
[1] 2.6496605 0.4083796 0.2494431 1.6052362
[1] 2.6516418 0.4086741 0.2496341 1.6064172
[1] 2.6533480 0.4089277 0.2497987 1.6074342
[1] 2.6548173 0.4091461 0.2499403 1.6083099
[1] 2.6560826 0.4093342 0.2500623 1.6090642
[1] 2.6571723 0.4094962 0.2501674 1.6097137
[1] 2.6581107 0.4096357 0.2502579 1.6102730
[1] 2.6589189 0.4097558 0.2503358 1.6107547
[1] 2.6596149 0.4098593 0.2504029 1.6111696
[1] 2.6602143 0.4099484 0.2504607 1.6115269
[1] 2.6607306 0.4100251 0.2505105 1.6118346
[1] 2.6611751 0.4100912 0.2505534 1.6120996
[1] 2.6615580 0.4101481 0.2505903 1.6123278
[1] 2.6618878 0.4101972 0.2506221 1.6125244
[1] 2.6621718 0.4102394 0.2506495 1.6126936
Algorithm did not converge after  500  iterations.
numeric(0)
Algorithm converged after  1  iterations.
[1] 0.03475074
Algorithm converged after  2  iterations.
[1] 0.03081901
Algorithm converged after  2  iterations.
[1] 0.02651283
Algorithm converged after  2  iterations.
[1] 0.03475074 0.03081901
Algorithm converged after  2  iterations.
[1] 0.03475074 0.02651283
Algorithm converged after  2  iterations.
[1] 0.03081901 0.02651283
Algorithm converged after  2  iterations.
[1] 0.03475074 0.03081901 0.02651283
Algorithm converged after  2  iterations.
[1] 0.04917867
Algorithm converged after  2  iterations.
[1] 0.04917867 0.02013549
[1] 0.07047266 0.04722056
[1] 0.07049346 0.04725918
Algorithm converged after  28  iterations.
[1] 0.04917867 0.01852423
[1] 0.06656689 0.04000831
[1] 0.06707446 0.04103862
[1] 0.06719306 0.04128147
[1] 0.06722242 0.04133886
[1] 0.06722948 0.04135239
[1] 0.06723116 0.04135559
[1] 0.06723155 0.04135635
Algorithm converged after  71  iterations.
[1] 0.04917867 0.01053542
[1] 0.10437533 0.05547623
[1] 0.08577217 0.04213697
[1] 0.08486434 0.04141109
[1] 0.08485681 0.04140523
Algorithm converged after  41  iterations.
[1] 0.04917867 0.02013549 0.01852423
[1] 0.07870366 0.03520521 0.03193830
[1] 0.07870310 0.03424794 0.03184242
[1] 0.07704026 0.03384108 0.03099856
[1] 0.07632091 0.03365467 0.03054964
[1] 0.07601928 0.03356881 0.03034217
[1] 0.07588700 0.03352977 0.03024871
[1] 0.07582828 0.03351224 0.03020703
[1] 0.07580224 0.03350444 0.03018853
[1] 0.07579070 0.03350098 0.03018035
[1] 0.07578560 0.03349945 0.03017673
[1] 0.07578335 0.03349878 0.03017513
[1] 0.07578236 0.03349848 0.03017442
Algorithm converged after  127  iterations.
[1] 0.04917867 0.02013549 0.01053542
[1] 0.16884830 0.04069669 0.09304021
[1] 0.2059097 0.0454094 0.1320080
[1] 0.22233050 0.04718772 0.14505770
[1] 0.22820239 0.04782358 0.14970797
[1] 0.23027331 0.04804816 0.15134815
[1] 0.23100069 0.04812709 0.15192427
[1] 0.23125581 0.04815477 0.15212633
[1] 0.23134524 0.04816448 0.15219717
[1] 0.23137659 0.04816788 0.15222200
[1] 0.23138757 0.04816907 0.15223070
[1] 0.23139142 0.04816949 0.15223375
Algorithm converged after  113  iterations.
[1] 0.04917867 0.01852423 0.01053542
[1] 0.16826641 0.04745535 0.06512549
[1] 0.18191060 0.03997079 0.08056109
[1] 0.11304021 0.02392075 0.06133522
[1] 0.10006049 0.02394880 0.05029088
[1] 0.10071054 0.02399442 0.05036419
[1] 0.10072562 0.02399268 0.05037943
Algorithm converged after  68  iterations.
[1] 0.04917867 0.02013549 0.01852423 0.01053542
[1] 0.33733060 0.06184645 0.05544854 0.06854116
[1] 0.54514129 0.10813448 0.10627294 0.09855065
[1] 0.71938638 0.11162878 0.09767312 0.40801347
[1] 1.0403098 0.1495200 0.1251910 0.6287697
[1] 1.3693674 0.1914988 0.1566466 0.8195971
[1] 1.6777518 0.2313334 0.1861484 0.9974824
[1] 1.9659197 0.2687938 0.2136790 1.1635289
[1] 2.2351479 0.3039380 0.2393687 1.3185584
[1] 2.4867109 0.3368738 0.2633479 1.4633453
[1] 2.7218051 0.3677222 0.2857374 1.5986033
[1] 2.9415392 0.3966051 0.3066484 1.7249874
[1] 3.1469392 0.4236413 0.3261826 1.8430994
[1] 3.3389560 0.4489446 0.3444339 1.9534944
[1] 3.5184724 0.4726228 0.3614887 2.0566863
[1] 3.6863098 0.4947782 0.3774271 2.1531518
[1] 3.8432331 0.5155068 0.3923235 2.2433339
[1] 3.9899553 0.5348991 0.4062470 2.3276453
[1] 4.1271420 0.5530404 0.4192617 2.4064705
[1] 4.2554144 0.5700103 0.4314275 2.4801681
[1] 4.3753528 0.5858838 0.4428002 2.5490729
[1] 4.4874993 0.6007312 0.4534318 2.6134976
[1] 4.5923606 0.6146184 0.4633709 2.6737339
[1] 4.6904103 0.6276071 0.4726627 2.7300547
[1] 4.7820909 0.6397550 0.4813496 2.7827148
[1] 4.8678162 0.6511164 0.4894711 2.8319525
[1] 4.9479733 0.6617419 0.4970641 2.8779903
[1] 5.022924 0.671679 0.504163 2.921036
[1] 5.0930055 0.6809722 0.5108001 2.9612851
[1] 5.1585351 0.6896630 0.5170054 2.9989185
[1] 5.2198082 0.6977905 0.5228072 3.0341066
[1] 5.2771012 0.7053909 0.5282316 3.0670082
[1] 5.3306725 0.7124985 0.5333033 3.0977720
[1] 5.3807640 0.7191451 0.5380453 3.1265369
[1] 5.4276015 0.7253605 0.5424789 3.1534329
[1] 5.4713966 0.7311726 0.5466242 3.1785813
[1] 5.5123467 0.7366077 0.5505001 3.2020958
[1] 5.5506367 0.7416901 0.5541240 3.2240824
[1] 5.5864394 0.7464427 0.5575123 3.2446406
[1] 5.6199163 0.7508868 0.5606804 3.2638630
[1] 5.6512185 0.7550425 0.5636426 3.2818366
[1] 5.6804872 0.7589284 0.5664122 3.2986424
[1] 5.7078546 0.7625621 0.5690018 3.3143563
[1] 5.7334441 0.7659598 0.5714231 3.3290492
[1] 5.7573712 0.7691370 0.5736871 3.3427876
[1] 5.7797440 0.7721079 0.5758039 3.3556334
[1] 5.8006633 0.7748860 0.5777831 3.3676446
[1] 5.8202236 0.7774836 0.5796338 3.3788754
[1] 5.8385133 0.7799125 0.5813641 3.3893766
[1] 5.8556147 0.7821838 0.5829820 3.3991955
Algorithm did not converge after  500  iterations.
numeric(0)
Algorithm converged after  1  iterations.
[1] 0.03539125
Algorithm converged after  2  iterations.
[1] 0.03063561
Algorithm converged after  2  iterations.
[1] 0.02380514
Algorithm converged after  2  iterations.
[1] 0.03539125 0.03063561
Algorithm converged after  2  iterations.
[1] 0.03539125 0.02380514
Algorithm converged after  2  iterations.
[1] 0.03063561 0.02380514
Algorithm converged after  2  iterations.
[1] 0.03539125 0.03063561 0.02380514
Algorithm converged after  2  iterations.
[1] 0.04992423
Algorithm converged after  2  iterations.
[1] 0.04992423 0.01776649
[1] 0.06649606 0.04110895
[1] 0.06684331 0.04155759
[1] 0.06686789 0.04158240
Algorithm converged after  40  iterations.
[1] 0.04992423 0.01755359
[1] 0.06704109 0.03803170
[1] 0.06726766 0.03873192
[1] 0.06732345 0.03890833
[1] 0.06733711 0.03894825
[1] 0.06734017 0.03895702
[1] 0.06734084 0.03895893
Algorithm converged after  67  iterations.
[1] 0.04992423 0.01091011
[1] 0.09496353 0.05364448
[1] 0.08501515 0.04581877
[1] 0.08476457 0.04555152
Algorithm converged after  35  iterations.
[1] 0.04992423 0.01776649 0.01755359
[1] 0.08819805 0.03231285 0.03865733
[1] 0.09160446 0.03291935 0.04121889
[1] 0.09039892 0.03303175 0.04163137
[1] 0.09047526 0.03314337 0.04203896
[1] 0.09066662 0.03320763 0.04226290
[1] 0.09076350 0.03323582 0.04235967
[1] 0.09080333 0.03324721 0.04239865
[1] 0.09081910 0.03325175 0.04241416
[1] 0.09082535 0.03325355 0.04242034
[1] 0.09082784 0.03325428 0.04242281
[1] 0.09082884 0.03325456 0.04242380
Algorithm converged after  116  iterations.
[1] 0.04992423 0.01776649 0.01091011
[1] 0.14824156 0.03514763 0.08469914
[1] 0.1674009 0.0399697 0.1111865
[1] 0.17548119 0.04103062 0.11774894
[1] 0.17791288 0.04133991 0.11968477
[1] 0.17863454 0.04143161 0.12025867
[1] 0.17884833 0.04145877 0.12042866
[1] 0.17891163 0.04146682 0.12047899
[1] 0.1789304 0.0414692 0.1204939
[1] 0.17893592 0.04146991 0.12049830
Algorithm converged after  97  iterations.
[1] 0.04992423 0.01755359 0.01091011
[1] 0.16166590 0.04015549 0.06137976
[1] 0.15984766 0.03392492 0.06691656
[1] 0.12384755 0.02459803 0.06215820
[1] 0.10411674 0.02386454 0.05316009
[1] 0.10439638 0.02389554 0.05288704
[1] 0.10452317 0.02389950 0.05293972
[1] 0.10451923 0.02389927 0.05293956
Algorithm converged after  74  iterations.
[1] 0.04992423 0.01776649 0.01755359 0.01091011
[1] 0.31469481 0.05588144 0.05422373 0.06874012
[1] 0.7283098 0.1306397 0.1237123 0.1609095
[1] 1.0747953 0.2137502 0.2050520 0.2506718
[1] 1.2787414 0.2108297 0.1692014 0.6692495
[1] 1.5439472 0.2493469 0.1960564 0.8313144
[1] 1.8012756 0.2884394 0.2247649 0.9688143
[1] 2.0382351 0.3246566 0.2512688 1.0946803
[1] 2.2559581 0.3580315 0.2756200 1.2102642
[1] 2.4560141 0.3887586 0.2979896 1.3164662
[1] 2.6398663 0.4170380 0.3185411 1.4140737
[1] 2.8088498 0.4430597 0.3374245 1.5037972
[1] 2.9641833 0.4670008 0.3547772 1.5862827
[1] 3.1069807 0.4890256 0.3707247 1.6621200
[1] 3.2382620 0.5092862 0.3853820 1.7318490
[1] 3.3589617 0.5279230 0.3988544 1.7959646
[1] 3.4699373 0.5450654 0.4112384 1.8549205
[1] 3.5719756 0.5608327 0.4226227 1.9091335
[1] 3.6657991 0.5753350 0.4330884 1.9589862
[1] 3.7520712 0.5886735 0.4427101 2.0048301
[1] 3.8314013 0.6009415 0.4515561 2.0469882
[1] 3.9043495 0.6122247 0.4596892 2.0857574
[1] 3.9714304 0.6226022 0.4671672 2.1214105
[1] 4.0331167 0.6321465 0.4740429 2.1541982
[1] 4.0898430 0.6409246 0.4803651 2.1843511
[1] 4.1420089 0.6489979 0.4861785 2.2120813
[1] 4.189981 0.656423 0.491524 2.237583
[1] 4.2340982 0.6632520 0.4964395 2.2610368
[1] 4.2746695 0.6695327 0.5009596 2.2826061
[1] 4.3119805 0.6753090 0.5051162 2.3024428
[1] 4.3462935 0.6806217 0.5089385 2.3206861
[1] 4.3778497 0.6855077 0.5124536 2.3374641
[1] 4.4068707 0.6900015 0.5156861 2.3528947
[1] 4.4335603 0.6941344 0.5186587 2.3670859
[1] 4.4581060 0.6979356 0.5213925 2.3801375
[1] 4.4806801 0.7014315 0.5239065 2.3921410
[1] 4.5014411 0.7046468 0.5262186 2.4031805
[1] 4.5205347 0.7076040 0.5283448 2.4133336
[1] 4.5380948 0.7103237 0.5303003 2.4226714
[1] 4.5542447 0.7128251 0.5320986 2.4312595
[1] 4.5690976 0.7151257 0.5337525 2.4391579
[1] 4.5827579 0.7172416 0.5352736 2.4464222
[1] 4.5953212 0.7191876 0.5366725 2.4531033
[1] 4.6068757 0.7209774 0.5379590 2.4592479
[1] 4.6175024 0.7226235 0.5391422 2.4648992
[1] 4.6272759 0.7241374 0.5402304 2.4700968
[1] 4.6362646 0.7255298 0.5412312 2.4748770
[1] 4.6445317 0.7268105 0.5421516 2.4792735
[1] 4.6521349 0.7279883 0.5429981 2.4833171
[1] 4.6591278 0.7290716 0.5437766 2.4870360
Algorithm did not converge after  500  iterations.
numeric(0)
Algorithm converged after  1  iterations.
[1] 0.03264908
Algorithm converged after  2  iterations.
[1] 0.02987892
Algorithm converged after  2  iterations.
[1] 0.02797692
Algorithm converged after  2  iterations.
[1] 0.03264908 0.02987892
Algorithm converged after  2  iterations.
[1] 0.03264908 0.02797692
Algorithm converged after  2  iterations.
[1] 0.02987892 0.02797692
Algorithm converged after  2  iterations.
[1] 0.03264908 0.02987892 0.02797692
Algorithm converged after  2  iterations.
[1] 0.05314431
Algorithm converged after  2  iterations.
[1] 0.05314431 0.01777754
[1] 0.07280418 0.04059900
[1] 0.07295858 0.04078290
[1] 0.07296607 0.04079042
Algorithm converged after  36  iterations.
[1] 0.05314431 0.01585245
[1] 0.06599916 0.03643911
[1] 0.06666315 0.03779129
[1] 0.06681039 0.03810703
[1] 0.06684593 0.03818239
[1] 0.06685451 0.03820055
[1] 0.06685659 0.03820497
[1] 0.06685710 0.03820605
Algorithm converged after  74  iterations.
[1] 0.05314431 0.01094472
[1] 0.11101795 0.04821129
[1] 0.09313437 0.04208159
[1] 0.09296570 0.04192136
Algorithm converged after  31  iterations.
[1] 0.05314431 0.01777754 0.01585245
[1] 0.09016487 0.03425100 0.03274832
[1] 0.08562064 0.03249259 0.03254714
[1] 0.08474755 0.03265344 0.03311837
[1] 0.08519352 0.03281072 0.03351624
[1] 0.08539234 0.03286826 0.03368156
[1] 0.08546934 0.03289129 0.03374959
[1] 0.08550156 0.03290101 0.03377819
[1] 0.08551518 0.03290511 0.03379024
[1] 0.08552092 0.03290684 0.03379531
[1] 0.08552333 0.03290756 0.03379744
[1] 0.08552434 0.03290787 0.03379834
Algorithm converged after  118  iterations.
[1] 0.05314431 0.01777754 0.01094472
[1] 0.17278712 0.03643353 0.09169962
[1] 0.2084450 0.0416622 0.1234674
[1] 0.21778014 0.04267223 0.12982445
[1] 0.2200874 0.0429193 0.1313847
[1] 0.22065574 0.04298017 0.13176891
[1] 0.22079563 0.04299515 0.13186348
[1] 0.22083005 0.04299884 0.13188675
[1] 0.22083852 0.04299975 0.13189248
Algorithm converged after  87  iterations.
[1] 0.05314431 0.01585245 0.01094472
[1] 0.15165080 0.03558274 0.04780684
[1] 0.15468907 0.02875716 0.05557511
[1] 0.10988424 0.02125333 0.04872623
[1] 0.10184743 0.02121549 0.04454718
[1] 0.10246752 0.02123526 0.04469847
[1] 0.10247748 0.02123460 0.04470744
Algorithm converged after  69  iterations.
[1] 0.05314431 0.01777754 0.01585245 0.01094472
[1] 0.34821915 0.05693331 0.04944086 0.08653952
[1] 0.73619043 0.09704944 0.06358491 0.29094838
[1] 0.95419856 0.15555088 0.09281235 0.55368710
[1] 1.2191879 0.2108232 0.1383595 0.6959910
[1] 1.4566833 0.2488968 0.1653045 0.8285428
[1] 1.6654529 0.2820274 0.1887301 0.9451972
[1] 1.8501879 0.3113397 0.2095587 1.0483790
[1] 2.0145130 0.3374219 0.2281684 1.1401269
[1] 2.1612305 0.3607153 0.2448424 1.2220207
[1] 2.2925903 0.3815745 0.2598124 1.2953268
[1] 2.4104502 0.4002923 0.2732737 1.3610884
[1] 2.5163739 0.4171161 0.2853936 1.4201827
[1] 2.6116977 0.4322573 0.2963169 1.4733580
[1] 2.6975758 0.4458987 0.3061700 1.5212604
[1] 2.7750137 0.4581998 0.3150640 1.5644522
[1] 2.8448934 0.4693005 0.3230971 1.6034262
[1] 2.9079922 0.4793242 0.3303563 1.6386168
[1] 2.9649989 0.4883802 0.3369189 1.6704087
[1] 3.0165252 0.4965657 0.3428540 1.6991434
[1] 3.0631163 0.5039672 0.3482234 1.7251253
[1] 3.1052595 0.5106621 0.3530823 1.7486262
[1] 3.1433906 0.5167196 0.3574803 1.7698894
[1] 3.1779005 0.5222019 0.3614620 1.7891331
[1] 3.2091404 0.5271647 0.3650675 1.8065530
[1] 3.2374256 0.5316581 0.3683328 1.8223252
[1] 3.2630403 0.5357273 0.3712906 1.8366082
[1] 3.2862401 0.5394128 0.3739701 1.8495444
[1] 3.3072556 0.5427513 0.3763977 1.8612626
[1] 3.3262949 0.5457759 0.3785975 1.8718789
[1] 3.3435457 0.5485163 0.3805909 1.8814977
[1] 3.3591775 0.5509996 0.3823975 1.8902139
[1] 3.3733435 0.5532500 0.3840348 1.8981126
[1] 3.3861822 0.5552895 0.3855189 1.9052713
[1] 3.3978188 0.5571381 0.3868642 1.9117596
[1] 3.4083664 0.5588137 0.3880837 1.9176407
[1] 3.4179276 0.5603325 0.3891892 1.9229718
[1] 3.4265949 0.5617094 0.3901915 1.9278046
[1] 3.4344524 0.5629576 0.3911002 1.9321857
[1] 3.4415761 0.5640893 0.3919240 1.9361577
[1] 3.4480346 0.5651152 0.3926710 1.9397588
[1] 3.4538903 0.5660455 0.3933483 1.9430237
[1] 3.4591996 0.5668889 0.3939624 1.9459841
[1] 3.4640136 0.5676536 0.3945192 1.9486682
[1] 3.4683787 0.5683470 0.3950241 1.9511021
[1] 3.4723367 0.5689758 0.3954820 1.9533089
[1] 3.4759258 0.5695459 0.3958972 1.9553101
[1] 3.4791803 0.5700629 0.3962737 1.9571247
[1] 3.4821316 0.5705318 0.3966151 1.9587703
[1] 3.4848079 0.5709569 0.3969247 1.9602625
Algorithm did not converge after  500  iterations.
numeric(0)
Algorithm converged after  1  iterations.
[1] 0.03146279
Algorithm converged after  2  iterations.
[1] 0.02814884
Algorithm converged after  2  iterations.
[1] 0.02639731
Algorithm converged after  2  iterations.
[1] 0.03146279 0.02814884
Algorithm converged after  2  iterations.
[1] 0.03146279 0.02639731
Algorithm converged after  2  iterations.
[1] 0.02814884 0.02639731
Algorithm converged after  2  iterations.
[1] 0.03146279 0.02814884 0.02639731
Algorithm converged after  2  iterations.
[1] 0.05124476
Algorithm converged after  2  iterations.
[1] 0.05124476 0.01755650
[1] 0.06792106 0.04070351
[1] 0.06835699 0.04122851
[1] 0.06839826 0.04127827
[1] 0.06840334 0.04128423
Algorithm converged after  49  iterations.
[1] 0.05124476 0.01549806
[1] 0.06506212 0.03246966
[1] 0.06538124 0.03303576
[1] 0.06542855 0.03312207
[1] 0.06543541 0.03313449
[1] 0.06543638 0.03313625
Algorithm converged after  55  iterations.
[1] 0.051244762 0.008783106
[1] 0.10333892 0.05508523
[1] 0.09455987 0.05329880
[1] 0.09423672 0.05301016
[1] 0.09422764 0.05300204
Algorithm converged after  43  iterations.
[1] 0.05124476 0.01755650 0.01549806
[1] 0.08769801 0.02965898 0.03396572
[1] 0.09013793 0.02959242 0.03533856
[1] 0.08979009 0.02962584 0.03549125
[1] 0.08988898 0.02966196 0.03558382
[1] 0.08994337 0.02967323 0.03561366
[1] 0.08995776 0.02967587 0.03562089
[1] 0.08996094 0.02967644 0.03562248
Algorithm converged after  76  iterations.
[1] 0.051244762 0.017556497 0.008783106
[1] 0.12382153 0.03320388 0.05170645
[1] 0.16417423 0.03339915 0.11612813
[1] 0.18408526 0.03523967 0.13165090
[1] 0.19060892 0.03581021 0.13664225
[1] 0.19271272 0.03599423 0.13825097
[1] 0.19338990 0.03605349 0.13876874
[1] 0.19360775 0.03607255 0.13893530
[1] 0.19367782 0.03607868 0.13898887
[1] 0.19370036 0.03608066 0.13900610
[1] 0.19370760 0.03608129 0.13901165
Algorithm converged after  109  iterations.
[1] 0.051244762 0.015498062 0.008783106
[1] 0.16058768 0.03585877 0.05687444
[1] 0.14218055 0.02423055 0.08135248
[1] 0.12616052 0.02369409 0.07264057
[1] 0.12506967 0.02366649 0.07155356
[1] 0.12500467 0.02366535 0.07147038
[1] 0.12500106 0.02366531 0.07146503
Algorithm converged after  63  iterations.
[1] 0.051244762 0.017556497 0.015498062 0.008783106
[1] 0.32341625 0.05101675 0.05632710 0.07207808
[1] 0.7157385 0.1116170 0.1190374 0.1844828
[1] 1.0105612 0.1508578 0.1600453 0.2966731
[1] 1.2034233 0.1246296 0.1208912 0.5577625
[1] 1.2602402 0.1736267 0.1026528 0.8468846
[1] 1.4712889 0.2223237 0.1344499 0.9734711
[1] 1.6606442 0.2501896 0.1519850 1.0956504
[1] 1.8251478 0.2735456 0.1666990 1.2021229
[1] 1.9683584 0.2937664 0.1794757 1.2947986
[1] 2.0934779 0.3114096 0.1906526 1.3757363
[1] 2.2031004 0.3268613 0.2004629 1.4466244
[1] 2.2993482 0.3404255 0.2090907 1.5088454
[1] 2.3839895 0.3523528 0.2166890 1.5635501
[1] 2.4585181 0.3628544 0.2233875 1.6117092
[1] 2.5242086 0.3721100 0.2292977 1.6541502
[1] 2.5821567 0.3802742 0.2345158 1.6915838
[1] 2.6333096 0.3874808 0.2391252 1.7246240
[1] 2.6784895 0.3938455 0.2431989 1.7538033
[1] 2.7184129 0.3994695 0.2468004 1.7795855
[1] 2.7537055 0.4044409 0.2499856 1.8023755
[1] 2.7849151 0.4088370 0.2528034 1.8225278
[1] 2.8125223 0.4127256 0.2552967 1.8403529
[1] 2.8369489 0.4161661 0.2575034 1.8561237
[1] 2.8585661 0.4192108 0.2594568 1.8700802
[1] 2.8777007 0.4219058 0.2611862 1.8824333
[1] 2.8946405 0.4242916 0.2627176 1.8933692
[1] 2.9096395 0.4264040 0.2640736 1.9030518
[1] 2.9229215 0.4282746 0.2652747 1.9116260
[1] 2.9346846 0.4299312 0.2663385 1.9192193
[1] 2.9451033 0.4313985 0.2672808 1.9259448
[1] 2.9543321 0.4326982 0.2681156 1.9319020
[1] 2.9625075 0.4338495 0.2688552 1.9371792
[1] 2.9697501 0.4348695 0.2695104 1.9418542
[1] 2.9761669 0.4357731 0.2700910 1.9459961
[1] 2.9818521 0.4365737 0.2706054 1.9496658
[1] 2.9868895 0.4372831 0.2710612 1.9529173
[1] 2.9913531 0.4379117 0.2714651 1.9557984
[1] 2.9953083 0.4384687 0.2718230 1.9583514
[1] 2.9988132 0.4389622 0.2721401 1.9606136
[1] 3.0019190 0.4393996 0.2724212 1.9626183
[1] 3.0046714 0.4397872 0.2726703 1.9643948
[1] 3.0071105 0.4401307 0.2728911 1.9659692
[1] 3.0092722 0.4404350 0.2730867 1.9673644
[1] 3.0111879 0.4407048 0.2732601 1.9686008
[1] 3.0128856 0.4409439 0.2734137 1.9696967
[1] 3.0143903 0.4411558 0.2735499 1.9706678
[1] 3.0157238 0.4413436 0.2736706 1.9715285
[1] 3.0169057 0.4415100 0.2737776 1.9722914
[1] 3.0179532 0.4416575 0.2738724 1.9729674
Algorithm did not converge after  500  iterations.
numeric(0)
Algorithm converged after  1  iterations.
[1] 0.03533485
Algorithm converged after  2  iterations.
[1] 0.02971174
Algorithm converged after  2  iterations.
[1] 0.02537643
Algorithm converged after  2  iterations.
[1] 0.03533485 0.02971174
Algorithm converged after  2  iterations.
[1] 0.03533485 0.02537643
Algorithm converged after  2  iterations.
[1] 0.02971174 0.02537643
Algorithm converged after  2  iterations.
[1] 0.03533485 0.02971174 0.02537643
Algorithm converged after  2  iterations.
[1] 0.0525147
Algorithm converged after  2  iterations.
[1] 0.05251470 0.01809642
[1] 0.06901144 0.04160935
[1] 0.06959635 0.04240094
[1] 0.06967110 0.04250777
[1] 0.06968319 0.04252480
[1] 0.06968516 0.04252755
Algorithm converged after  57  iterations.
[1] 0.05251470 0.01784921
[1] 0.07224030 0.04007627
[1] 0.07365323 0.04187287
[1] 0.07399690 0.04228265
[1] 0.07407145 0.04236888
[1] 0.07408705 0.04238672
[1] 0.07409029 0.04239041
Algorithm converged after  70  iterations.
[1] 0.052514704 0.009281851
[1] 0.11513291 0.05740145
[1] 0.09598322 0.04287436
[1] 0.09567398 0.04261554
Algorithm converged after  32  iterations.
[1] 0.05251470 0.01809642 0.01784921
[1] 0.09791137 0.03333350 0.03833418
[1] 0.10028523 0.03300695 0.03995759
[1] 0.09985084 0.03305270 0.04072174
[1] 0.10041009 0.03320724 0.04134622
[1] 0.10081057 0.03329492 0.04167753
[1] 0.10100147 0.03333533 0.04183178
[1] 0.10108731 0.03335357 0.04190213
[1] 0.10112620 0.03336188 0.04193432
[1] 0.10114397 0.03336569 0.04194908
[1] 0.10115212 0.03336744 0.04195585
[1] 0.10115586 0.03336824 0.04195896
[1] 0.10115758 0.03336861 0.04196039
[1] 0.10115837 0.03336878 0.04196104
Algorithm converged after  132  iterations.
[1] 0.052514704 0.018096423 0.009281851
[1] 0.15732703 0.03512289 0.08316977
[1] 0.18664821 0.03953887 0.11103474
[1] 0.19796321 0.04076302 0.11965845
[1] 0.20170941 0.04116568 0.12250393
[1] 0.20293833 0.04129788 0.12343763
[1] 0.20334056 0.04134116 0.12374327
[1] 0.20347212 0.04135532 0.12384324
[1] 0.20351514 0.04135995 0.12387593
[1] 0.20352920 0.04136146 0.12388662
[1] 0.20353380 0.04136196 0.12389011
Algorithm converged after  106  iterations.
[1] 0.052514704 0.017849209 0.009281851
[1] 0.16749559 0.03472225 0.06036834
[1] 0.13437597 0.02447581 0.05903467
[1] 0.10997324 0.02401490 0.04508468
[1] 0.10980534 0.02404830 0.04423223
[1] 0.10990940 0.02405309 0.04424233
[1] 0.10991366 0.02405319 0.04424475
Algorithm converged after  61  iterations.
[1] 0.052514704 0.018096423 0.017849209 0.009281851
[1] 0.34571694 0.05390588 0.04951045 0.08200842
[1] 0.73902167 0.09029918 0.06603482 0.29341110
[1] 0.95016895 0.15194045 0.08646893 0.57562482
[1] 1.2231291 0.2118098 0.1269972 0.7325141
[1] 1.4538045 0.2489104 0.1508912 0.8696565
[1] 1.6495851 0.2798360 0.1710153 0.9862081
[1] 1.8175669 0.3063090 0.1883774 1.0862042
[1] 1.9627004 0.3291636 0.2034492 1.1725913
[1] 2.0886582 0.3489894 0.2165780 1.2475598
[1] 2.1983181 0.3662437 0.2280408 1.3128255
[1] 2.2940106 0.3812957 0.2380664 1.3697769
[1] 2.3776636 0.3944504 0.2468466 1.4195625
[1] 2.4508944 0.4059634 0.2545445 1.4631451
[1] 2.5150738 0.4160514 0.2612991 1.5013408
[1] 2.5713722 0.4248990 0.2672304 1.5348463
[1] 2.6207948 0.4326647 0.2724418 1.5642598
[1] 2.6642088 0.4394854 0.2770229 1.5900974
[1] 2.7023649 0.4454794 0.2810516 1.6128059
[1] 2.7359150 0.4507491 0.2845960 1.6327732
[1] 2.7654263 0.4553841 0.2877150 1.6503370
[1] 2.7913935 0.4594621 0.2904606 1.6657916
[1] 2.8142487 0.4630512 0.2928779 1.6793940
[1] 2.8343696 0.4662106 0.2950066 1.6913692
[1] 2.8520871 0.4689925 0.2968816 1.7019140
[1] 2.8676910 0.4714424 0.2985332 1.7112009
[1] 2.8814357 0.4736004 0.2999883 1.7193813
[1] 2.8935443 0.4755013 0.3012705 1.7265880
[1] 2.9042128 0.4771762 0.3024003 1.7329376
[1] 2.9136135 0.4786519 0.3033959 1.7385326
[1] 2.9218978 0.4799524 0.3042735 1.7434632
[1] 2.9291989 0.4810985 0.3050469 1.7478086
[1] 2.9356338 0.4821086 0.3057287 1.7516385
[1] 2.9413057 0.4829989 0.3063296 1.7550143
[1] 2.9463054 0.4837837 0.3068594 1.7579900
[1] 2.9507127 0.4844755 0.3073264 1.7606131
[1] 2.9545979 0.4850854 0.3077382 1.7629255
[1] 2.9580230 0.4856230 0.3081011 1.7649640
[1] 2.9610427 0.4860970 0.3084212 1.7667613
[1] 2.9637049 0.4865148 0.3087033 1.7683458
[1] 2.9660521 0.4868832 0.3089521 1.7697427
[1] 2.9681215 0.4872080 0.3091714 1.7709744
[1] 2.9699461 0.4874944 0.3093648 1.7720604
[1] 2.9715549 0.4877469 0.3095354 1.7730179
[1] 2.9729734 0.4879696 0.3096857 1.7738622
[1] 2.9742241 0.4881659 0.3098183 1.7746066
[1] 2.9753269 0.4883390 0.3099352 1.7752629
[1] 2.9762993 0.4884916 0.3100383 1.7758417
[1] 2.9771567 0.4886262 0.3101292 1.7763520
[1] 2.9779128 0.4887448 0.3102093 1.7768020
Algorithm did not converge after  500  iterations.
numeric(0)
Algorithm converged after  1  iterations.
[1] 0.03579594
Algorithm converged after  2  iterations.
[1] 0.02760866
Algorithm converged after  2  iterations.
[1] 0.02822671
Algorithm converged after  2  iterations.
[1] 0.03579594 0.02760866
Algorithm converged after  2  iterations.
[1] 0.03579594 0.02822671
Algorithm converged after  2  iterations.
[1] 0.02760866 0.02822671
Algorithm converged after  2  iterations.
[1] 0.03579594 0.02760866 0.02822671
Algorithm converged after  2  iterations.
[1] 0.05240467
Algorithm converged after  2  iterations.
[1] 0.05240467 0.01865433
[1] 0.06940721 0.04462335
[1] 0.06957227 0.04479994
[1] 0.06957448 0.04480304
Algorithm converged after  31  iterations.
[1] 0.05240467 0.01491815
[1] 0.07134655 0.03512749
[1] 0.07186202 0.03584477
[1] 0.07196942 0.03599223
[1] 0.07199051 0.03602079
[1] 0.07199453 0.03602623
[1] 0.07199529 0.03602726
Algorithm converged after  63  iterations.
[1] 0.05240467 0.01203367
[1] 0.10459904 0.05261701
[1] 0.10937117 0.05054098
[1] 0.09792085 0.04302538
[1] 0.09823563 0.04320317
Algorithm converged after  50  iterations.
[1] 0.05240467 0.01865433 0.01491815
[1] 0.09019625 0.03793259 0.03287014
[1] 0.09271560 0.03775728 0.03669797
[1] 0.09284587 0.03807409 0.03890019
[1] 0.09319534 0.03847297 0.04018934
[1] 0.09350942 0.03873419 0.04092150
[1] 0.09370464 0.03888240 0.04132179
[1] 0.09381347 0.03896321 0.04153671
[1] 0.09387233 0.03900677 0.04165149
[1] 0.09390393 0.03903016 0.04171277
[1] 0.09392088 0.03904272 0.04174551
[1] 0.09392997 0.03904945 0.04176302
[1] 0.09393484 0.03905306 0.04177240
[1] 0.09393746 0.03905500 0.04177742
[1] 0.09393886 0.03905604 0.04178012
[1] 0.09393962 0.03905659 0.04178156
[1] 0.09394002 0.03905689 0.04178233
Algorithm converged after  167  iterations.
[1] 0.05240467 0.01865433 0.01203367
[1] 0.16042591 0.03647493 0.06685992
[1] 0.19128116 0.04417169 0.11122695
[1] 0.19876868 0.04521035 0.11652329
[1] 0.20061417 0.04543729 0.11775768
[1] 0.20106887 0.04549294 0.11806115
[1] 0.20118085 0.04550664 0.11813587
[1] 0.20120842 0.04551001 0.11815426
[1] 0.20121521 0.04551084 0.11815879
Algorithm converged after  86  iterations.
[1] 0.05240467 0.01491815 0.01203367
[1] 0.17344847 0.03969359 0.06390745
[1] 0.19046358 0.04334023 0.06753916
[1] 0.18533394 0.03841973 0.06559117
[1] 0.17281252 0.02932412 0.06371827
[1] 0.14014592 0.02156473 0.05593292
[1] 0.12373009 0.02076599 0.04856511
[1] 0.1253456 0.0208994 0.0488617
[1] 0.12551106 0.02090164 0.04894669
[1] 0.12547234 0.02089965 0.04893165
[1] 0.12547491 0.02089991 0.04893198
Algorithm converged after  104  iterations.
[1] 0.05240467 0.01865433 0.01491815 0.01203367
[1] 0.36370734 0.05899790 0.05460236 0.08460661
[1] 0.7939544 0.1183414 0.1089422 0.2340247
[1] 1.10408184 0.13588171 0.08662697 0.51283356
[1] 1.2971367 0.2318440 0.1364912 0.7577725
[1] 1.5840701 0.2924470 0.1817663 0.9145105
[1] 1.8506052 0.3376078 0.2115028 1.0664517
[1] 2.0927249 0.3782376 0.2382162 1.2046719
[1] 2.3136510 0.4152635 0.2626382 1.3307825
[1] 2.5159946 0.4491549 0.2850545 1.4462708
[1] 2.7018347 0.4802683 0.3056793 1.5523292
[1] 2.8728814 0.5088942 0.3246896 1.6499380
[1] 3.0305767 0.5352770 0.3422363 1.7399234
[1] 3.1761593 0.5596261 0.3584506 1.8229942
[1] 3.3107086 0.5821241 0.3734477 1.8997676
[1] 3.4351757 0.6029313 0.3873301 1.9707872
[1] 3.5504055 0.6221902 0.4001893 2.0365356
[1] 3.6571540 0.6400281 0.4121076 2.0974445
[1] 3.7561017 0.6565597 0.4231595 2.1539023
[1] 3.8478634 0.6718883 0.4334123 2.2062600
[1] 3.9329976 0.6861077 0.4429275 2.2548363
[1] 4.0120124 0.6993033 0.4517612 2.2999212
[1] 4.0853718 0.7115530 0.4599645 2.3417793
[1] 4.1535004 0.7229280 0.4675845 2.3806530
[1] 4.2167876 0.7334937 0.4746643 2.4167645
[1] 4.2755910 0.7433099 0.4812437 2.4503177
[1] 4.3302396 0.7524317 0.4873591 2.4815003
[1] 4.3810363 0.7609100 0.4930442 2.5104851
[1] 4.4282605 0.7687914 0.4983301 2.5374317
[1] 4.4721701 0.7761192 0.5032456 2.5624870
[1] 4.5130033 0.7829331 0.5078171 2.5857869
[1] 4.5509804 0.7892701 0.5120693 2.6074572
[1] 4.5863050 0.7951643 0.5160248 2.6276141
[1] 4.6191658 0.8006470 0.5197047 2.6463652
[1] 4.6497375 0.8057476 0.5231285 2.6638101
[1] 4.6781820 0.8104931 0.5263143 2.6800412
[1] 4.7046493 0.8149086 0.5292788 2.6951442
[1] 4.7292786 0.8190173 0.5320375 2.7091984
[1] 4.7521992 0.8228409 0.5346050 2.7222776
[1] 4.7735307 0.8263992 0.5369947 2.7344500
[1] 4.7933845 0.8297110 0.5392188 2.7457793
[1] 4.8118638 0.8327934 0.5412891 2.7563242
[1] 4.8290647 0.8356625 0.5432162 2.7661397
[1] 4.8450763 0.8383332 0.5450101 2.7752765
[1] 4.8599813 0.8408192 0.5466801 2.7837819
[1] 4.8738568 0.8431335 0.5482348 2.7916998
[1] 4.8867744 0.8452880 0.5496822 2.7990711
[1] 4.8988004 0.8472937 0.5510297 2.8059336
[1] 4.9099969 0.8491611 0.5522843 2.8123228
[1] 4.9204212 0.8508997 0.5534524 2.8182714
Algorithm did not converge after  500  iterations.
Warning messages:
1: In max(abs(CT), na.rm = T) :
  no non-missing arguments to max; returning -Inf
2: In max(abs(CT), na.rm = T) :
  no non-missing arguments to max; returning -Inf
3: In max(abs(CT), na.rm = T) :
  no non-missing arguments to max; returning -Inf
4: In max(abs(CT), na.rm = T) :
  no non-missing arguments to max; returning -Inf
5: In max(abs(CT), na.rm = T) :
  no non-missing arguments to max; returning -Inf
6: In max(abs(CT), na.rm = T) :
  no non-missing arguments to max; returning -Inf
7: In max(abs(CT), na.rm = T) :
  no non-missing arguments to max; returning -Inf
8: In max(abs(CT), na.rm = T) :
  no non-missing arguments to max; returning -Inf
9: In max(abs(CT), na.rm = T) :
  no non-missing arguments to max; returning -Inf
10: In max(abs(CT), na.rm = T) :
  no non-missing arguments to max; returning -Inf
[1] "Best iter parameter is:"
      gam     rankJ    rankA1    rankA2    rankA3 
0.1111111 1.0000000 0.0000000 0.0000000 1.0000000 
[1] 0.047925096 0.009422793
[1] 0.09941339 0.04932352
[1] 0.08660977 0.04138645
[1] 0.08637819 0.04118660
Algorithm converged after  32  iterations.
         [,1]     [,2]     [,3]
[1,] 6.117699 9.830099 39.37345
