myseed=2125 

Attaching package: ‘pls’

The following object is masked from ‘package:stats’:

    loadings

Loading required package: lattice
Loading required package: ggplot2
Registered S3 methods overwritten by 'ggplot2':
  method         from 
  [.quosures     rlang
  c.quosures     rlang
  print.quosures rlang

Attaching package: ‘caret’

The following object is masked from ‘package:pls’:

    R2

Loading required package: Matrix
Loading required package: foreach
Loaded glmnet 2.0-18

Parsed with column specification:
cols(
  .default = col_double()
)
See spec(...) for full column specifications.
Parsed with column specification:
cols(
  X1 = col_double()
)
Parsed with column specification:
cols(
  X1 = col_double()
)
numeric(0)
Algorithm converged after  1  iterations.
[1] 0.02961302
Algorithm converged after  2  iterations.
[1] 0.02958504
Algorithm converged after  2  iterations.
[1] 0.02593641
Algorithm converged after  2  iterations.
[1] 0.02961302 0.02958504
Algorithm converged after  2  iterations.
[1] 0.02961302 0.02593641
Algorithm converged after  2  iterations.
[1] 0.02958504 0.02593641
Algorithm converged after  2  iterations.
[1] 0.02961302 0.02958504 0.02593641
Algorithm converged after  2  iterations.
[1] 0.04886862
Algorithm converged after  2  iterations.
[1] 0.04886862 0.01679359
[1] 0.05158534 0.02691736
[1] 0.05157204 0.02691839
Algorithm converged after  22  iterations.
[1] 0.04886862 0.01842093
[1] 0.06461117 0.03321450
[1] 0.06534564 0.03430204
[1] 0.06547041 0.03447194
[1] 0.06548976 0.03449772
[1] 0.06549270 0.03450161
Algorithm converged after  59  iterations.
[1] 0.04886862 0.01082198
[1] 0.08348463 0.03756338
[1] 0.08763987 0.04118853
[1] 0.08759152 0.04110221
Algorithm converged after  35  iterations.
[1] 0.04886862 0.01679359 0.01842093
[1] 0.07035151 0.02946312 0.03099355
[1] 0.07263443 0.03043629 0.03376987
[1] 0.07340387 0.03071549 0.03498102
[1] 0.07380197 0.03084059 0.03558000
[1] 0.07400263 0.03090165 0.03587791
[1] 0.07410124 0.03093166 0.03602528
[1] 0.07414954 0.03094642 0.03609806
[1] 0.07417327 0.03095370 0.03613399
[1] 0.07418495 0.03095729 0.03615174
[1] 0.07419072 0.03095906 0.03616050
[1] 0.07419356 0.03095994 0.03616483
[1] 0.07419496 0.03096037 0.03616697
[1] 0.07419566 0.03096059 0.03616803
[1] 0.07419600 0.03096069 0.03616855
Algorithm converged after  142  iterations.
[1] 0.04886862 0.01679359 0.01082198
[1] 0.12457201 0.03198044 0.06171099
[1] 0.13997389 0.03593242 0.08209991
[1] 0.14139663 0.03615003 0.08308178
[1] 0.14152657 0.03616654 0.08316148
[1] 0.14153815 0.03616798 0.08316851
Algorithm converged after  55  iterations.
[1] 0.04886862 0.01842093 0.01082198
[1] 0.14088497 0.03573730 0.04785884
[1] 0.15974588 0.02961370 0.07526955
[1] 0.09491189 0.02270961 0.05101149
[1] 0.08872086 0.02244790 0.04620099
[1] 0.090801086 0.008181163 0.046807481
[1] 0.09110758 0.01954950 0.04454491
[1] 0.08716697 0.01854038 0.04134084
[1] 0.09478576 0.01633386 0.04661198
[1] 0.08883785 0.01929529 0.04313668
[1] 0.08925669 0.02234058 0.04526682
[1] 0.08625025 0.02034037 0.04151086
[1] 0.09353001 0.02105255 0.04472402
[1] 0.09126858 0.02247891 0.04594984
[1] 0.08926943 0.02135046 0.04486619
[1] 0.091896262 0.006499667 0.044445422
[1] 0.09260372 0.02246192 0.04582087
[1] 0.08924369 0.02209382 0.04431031
[1] 0.08653034 0.02211964 0.04308327
[1] 0.08651975 0.02212233 0.04306990
[1] 0.08652463 0.02212265 0.04307433
[1] 0.08652393 0.02212267 0.04307418
Algorithm converged after  212  iterations.
[1] 0.04886862 0.01679359 0.01842093 0.01082198
[1] 0.27631236 0.05093104 0.03706611 0.06745728
[1] 0.56739761 0.07361889 0.04802193 0.24163670
[1] 0.78793131 0.12960701 0.08078596 0.46106187
[1] 1.0465922 0.1750317 0.1129141 0.6072947
[1] 1.2631664 0.2077226 0.1353384 0.7303967
[1] 1.4481342 0.2355133 0.1545556 0.8354967
[1] 1.6082608 0.2595838 0.1713197 0.9264418
[1] 1.7480288 0.2806043 0.1860373 1.0058002
[1] 1.8706860 0.2990578 0.1990092 1.0754285
[1] 1.9787322 0.3153173 0.2104743 1.1367530
[1] 2.0741700 0.3296819 0.2206283 1.1909148
[1] 2.1586467 0.3423986 0.2296353 1.2388518
[1] 2.2335428 0.3536742 0.2376348 1.2813491
[1] 2.3000304 0.3636847 0.2447465 1.3190731
[1] 2.3591151 0.3725812 0.2510741 1.3525954
[1] 2.4116661 0.3804943 0.2567078 1.3824094
[1] 2.4584388 0.3875376 0.2617264 1.4089445
[1] 2.5000933 0.3938104 0.2661993 1.4325752
[1] 2.5372080 0.3993997 0.2701872 1.4536301
[1] 2.5702919 0.4043821 0.2737441 1.4723979
[1] 2.5997933 0.4088250 0.2769173 1.4891332
[1] 2.6261083 0.4127881 0.2797490 1.5040608
[1] 2.6495873 0.4163242 0.2822765 1.5173794
[1] 2.6705410 0.4194800 0.2845329 1.5292654
[1] 2.6892445 0.4222969 0.2865475 1.5398749
[1] 2.7059426 0.4248118 0.2883466 1.5493468
[1] 2.7208526 0.4270574 0.2899534 1.5578043
[1] 2.7341676 0.4290628 0.2913886 1.5653570
[1] 2.7460598 0.4308539 0.2926707 1.5721027
[1] 2.7566823 0.4324538 0.2938160 1.5781281
[1] 2.7661716 0.4338830 0.2948393 1.5835106
[1] 2.7746491 0.4351599 0.2957536 1.5883193
[1] 2.7822234 0.4363007 0.2965706 1.5926156
[1] 2.7889911 0.4373200 0.2973007 1.5964544
[1] 2.7950384 0.4382308 0.2979531 1.5998845
[1] 2.8004423 0.4390447 0.2985361 1.6029497
[1] 2.8052714 0.4397721 0.2990572 1.6056889
[1] 2.8095871 0.4404221 0.2995229 1.6081368
[1] 2.8134441 0.4410030 0.2999391 1.6103246
[1] 2.8168912 0.4415222 0.3003111 1.6122798
[1] 2.8199722 0.4419863 0.3006436 1.6140274
[1] 2.8227258 0.4424010 0.3009408 1.6155893
[1] 2.8251871 0.4427717 0.3012064 1.6169853
[1] 2.8273870 0.4431030 0.3014438 1.6182331
[1] 2.8293533 0.4433992 0.3016561 1.6193485
[1] 2.8311109 0.4436639 0.3018458 1.6203454
[1] 2.8326820 0.4439006 0.3020154 1.6212366
[1] 2.8340864 0.4441121 0.3021670 1.6220331
[1] 2.8353417 0.4443012 0.3023025 1.6227452
Algorithm did not converge after  500  iterations.
numeric(0)
Algorithm converged after  1  iterations.
[1] 0.02863645
Algorithm converged after  2  iterations.
[1] 0.0156878
Algorithm converged after  2  iterations.
[1] 0.02724049
Algorithm converged after  2  iterations.
[1] 0.02863645 0.01568780
Algorithm converged after  2  iterations.
[1] 0.02863645 0.02724049
Algorithm converged after  2  iterations.
[1] 0.01568780 0.02724049
Algorithm converged after  2  iterations.
[1] 0.02863645 0.01568780 0.02724049
Algorithm converged after  2  iterations.
[1] 0.05336707
Algorithm converged after  2  iterations.
[1] 0.05336707 0.01558191
[1] 0.05641730 0.02640454
[1] 0.05642813 0.02641618
Algorithm converged after  23  iterations.
[1] 0.05336707 0.01582071
[1] 0.0658898 0.0289615
[1] 0.06591193 0.02939964
[1] 0.06592058 0.02945555
[1] 0.06592183 0.02946270
[1] 0.06592199 0.02946362
Algorithm converged after  52  iterations.
[1] 0.05336707 0.01130261
[1] 0.08939124 0.03367487
[1] 0.09246573 0.03886082
Algorithm converged after  30  iterations.
[1] 0.05336707 0.01558191 0.01582071
[1] 0.07170059 0.02751713 0.02753574
[1] 0.07170800 0.02806570 0.02809509
[1] 0.07158123 0.02811837 0.02822720
[1] 0.07158113 0.02813173 0.02828789
[1] 0.07158963 0.02813697 0.02831276
[1] 0.07159383 0.02813902 0.02832232
[1] 0.07159550 0.02813980 0.02832593
[1] 0.07159613 0.02814009 0.02832728
[1] 0.07159637 0.02814020 0.02832779
Algorithm converged after  93  iterations.
[1] 0.05336707 0.01558191 0.01130261
[1] 0.12098265 0.02938580 0.05400902
[1] 0.12758033 0.03161885 0.06826675
[1] 0.12730422 0.03162734 0.06825783
[1] 0.12728818 0.03162576 0.06824910
Algorithm converged after  45  iterations.
[1] 0.05336707 0.01582071 0.01130261
[1] 0.15621363 0.03208542 0.05297566
[1] 0.12971381 0.02009086 0.06478666
[1] 0.11004211 0.01934601 0.05488538
[1] 0.10988126 0.01933528 0.05463072
[1] 0.10990819 0.01933575 0.05464104
Algorithm converged after  54  iterations.
[1] 0.05336707 0.01558191 0.01582071 0.01130261
[1] 0.28251713 0.04566097 0.03273902 0.07283269
[1] 0.47069688 0.06498509 0.04219774 0.24402909
[1] 0.75065150 0.12318661 0.09160977 0.39752124
[1] 0.9934214 0.1587356 0.1194873 0.5219308
[1] 1.1976261 0.1882502 0.1427833 0.6267457
[1] 1.3726580 0.2136313 0.1629911 0.7166314
[1] 1.5244165 0.2356901 0.1806576 0.7945898
[1] 1.6569284 0.2549833 0.1961748 0.8626769
[1] 1.7731753 0.2719291 0.2098475 0.9224178
[1] 1.8754868 0.2868574 0.2219225 0.9750048
[1] 1.9657476 0.3000371 0.2326042 1.0214037
[1] 2.0455196 0.3116920 0.2420655 1.0624151
[1] 2.1161190 0.3220118 0.2504541 1.0987140
[1] 2.1786683 0.3311585 0.2578975 1.1308764
[1] 2.2341336 0.3392720 0.2645062 1.1593982
[1] 2.2833520 0.3464737 0.2703770 1.1847090
[1] 2.3270522 0.3528695 0.2755943 1.2071832
[1] 2.3658716 0.3585522 0.2802326 1.2271482
[1] 2.4003692 0.3636030 0.2843574 1.2448911
[1] 2.4310365 0.3680938 0.2880263 1.2606646
[1] 2.4583067 0.3720876 0.2912905 1.2746912
[1] 2.4825620 0.3756403 0.2941951 1.2871674
[1] 2.5041404 0.3788012 0.2967802 1.2982669
[1] 2.5233407 0.3816140 0.2990811 1.3081434
[1] 2.5404276 0.3841174 0.3011295 1.3169330
[1] 2.5556360 0.3863457 0.3029531 1.3247563
[1] 2.5691739 0.3883293 0.3045768 1.3317204
[1] 2.5812260 0.3900954 0.3060225 1.3379203
[1] 2.5919564 0.3916679 0.3073100 1.3434403
[1] 2.6015109 0.3930680 0.3084566 1.3483554
[1] 2.6100188 0.3943149 0.3094777 1.3527322
[1] 2.6175952 0.3954253 0.3103871 1.3566299
[1] 2.6243426 0.3964142 0.3111971 1.3601010
[1] 2.6303519 0.3972949 0.3119186 1.3631925
[1] 2.6357040 0.3980794 0.3125612 1.3659459
[1] 2.6404711 0.3987781 0.3131336 1.3683984
[1] 2.6447172 0.3994005 0.3136435 1.3705828
[1] 2.6484994 0.3999548 0.3140978 1.3725286
[1] 2.6518684 0.4004487 0.3145024 1.3742618
[1] 2.6548694 0.4008886 0.3148628 1.3758057
[1] 2.6575427 0.4012804 0.3151839 1.3771810
[1] 2.6599242 0.4016295 0.3154700 1.3784062
[1] 2.6620456 0.4019405 0.3157248 1.3794976
[1] 2.6639355 0.4022175 0.3159518 1.3804699
[1] 2.6656191 0.4024643 0.3161541 1.3813360
[1] 2.6671190 0.4026841 0.3163343 1.3821077
[1] 2.6684552 0.4028800 0.3164948 1.3827951
[1] 2.6696455 0.4030545 0.3166378 1.3834075
[1] 2.6707060 0.4032100 0.3167652 1.3839531
Algorithm did not converge after  500  iterations.
numeric(0)
Algorithm converged after  1  iterations.
[1] 0.02874292
Algorithm converged after  2  iterations.
[1] 0.03053859
Algorithm converged after  2  iterations.
[1] 0.02829166
Algorithm converged after  2  iterations.
[1] 0.02874292 0.03053859
Algorithm converged after  2  iterations.
[1] 0.02874292 0.02829166
Algorithm converged after  2  iterations.
[1] 0.03053859 0.02829166
Algorithm converged after  2  iterations.
[1] 0.02874292 0.03053859 0.02829166
Algorithm converged after  2  iterations.
[1] 0.05537014
Algorithm converged after  2  iterations.
[1] 0.05537014 0.01418811
[1] 0.06123762 0.02630035
[1] 0.06126423 0.02631517
Algorithm converged after  23  iterations.
[1] 0.05537014 0.01851209
[1] 0.06714765 0.03046390
[1] 0.06722966 0.03088631
[1] 0.06724696 0.03093130
[1] 0.06724919 0.03093628
Algorithm converged after  49  iterations.
[1] 0.05537014 0.01103422
[1] 0.10755828 0.04923711
[1] 0.10769367 0.05019065
Algorithm converged after  26  iterations.
[1] 0.05537014 0.01418811 0.01851209
[1] 0.07583135 0.02900329 0.02967141
[1] 0.07761307 0.02999332 0.03129137
[1] 0.07785057 0.03017605 0.03172915
[1] 0.07791792 0.03022904 0.03187250
[1] 0.07794289 0.03024690 0.03192156
[1] 0.07795184 0.03025301 0.03193830
[1] 0.07795493 0.03025508 0.03194398
[1] 0.07795598 0.03025579 0.03194591
[1] 0.07795633 0.03025603 0.03194656
Algorithm converged after  93  iterations.
[1] 0.05537014 0.01418811 0.01103422
[1] 0.14555915 0.02838178 0.07441356
[1] 0.15996072 0.03109594 0.09103339
[1] 0.16100227 0.03124219 0.09187412
[1] 0.16108281 0.03125165 0.09193225
[1] 0.16108909 0.03125236 0.09193669
Algorithm converged after  52  iterations.
[1] 0.05537014 0.01851209 0.01103422
[1] 0.16256141 0.02779566 0.06022501
[1] 0.14012429 0.02162148 0.07543050
[1] 0.13311732 0.02142151 0.07148020
[1] 0.13284923 0.02140355 0.07123470
[1] 0.13284529 0.02140275 0.07122666
Algorithm converged after  51  iterations.
[1] 0.05537014 0.01418811 0.01851209 0.01103422
[1] 0.27566816 0.04284094 0.03387097 0.07079225
[1] 0.48876832 0.05228646 0.03681871 0.22570110
[1] 0.67748635 0.11083686 0.08039347 0.38962903
[1] 0.8825902 0.1439050 0.1071579 0.5020954
[1] 1.0524220 0.1678617 0.1265522 0.5956058
[1] 1.1959216 0.1880407 0.1430925 0.6745935
[1] 1.3190184 0.2053613 0.1574125 0.7423305
[1] 1.4255728 0.2203608 0.1698909 0.8009536
[1] 1.5183558 0.2334249 0.1808109 0.8519938
[1] 1.5994825 0.2448492 0.1903958 0.8966182
[1] 1.6706333 0.2548695 0.1988278 0.9357529
[1] 1.7331790 0.2636782 0.2062584 0.9701531
[1] 1.7882593 0.2714355 0.2128153 1.0004464
[1] 1.8368344 0.2782767 0.2186075 1.0271614
[1] 1.8797221 0.2843168 0.2237288 1.0507480
[1] 1.9176240 0.2896546 0.2282602 1.0715924
[1] 1.9511459 0.2943756 0.2322719 1.0900278
[1] 1.9808132 0.2985536 0.2358255 1.1063432
[1] 2.0070837 0.3022531 0.2389745 1.1207905
[1] 2.0303570 0.3055305 0.2417661 1.1335894
[1] 2.0509833 0.3084351 0.2442416 1.1449326
[1] 2.0692698 0.3110102 0.2464373 1.1549891
[1] 2.0854868 0.3132938 0.2483854 1.1639073
[1] 2.0998720 0.3153195 0.2501141 1.1718183
[1] 2.1126351 0.3171167 0.2516483 1.1788372
[1] 2.1239613 0.3187116 0.2530102 1.1850658
[1] 2.1340139 0.3201271 0.2542193 1.1905941
[1] 2.1429375 0.3213836 0.2552928 1.1955015
[1] 2.1508599 0.3224991 0.2562461 1.1998582
[1] 2.1578942 0.3234896 0.2570926 1.2037266
[1] 2.1641405 0.3243691 0.2578445 1.2071617
[1] 2.1696876 0.3251502 0.2585122 1.2102122
[1] 2.1746142 0.3258439 0.2591054 1.2129215
[1] 2.1789899 0.3264600 0.2596322 1.2153278
[1] 2.1828766 0.3270072 0.2601003 1.2174652
[1] 2.1863291 0.3274934 0.2605160 1.2193638
[1] 2.1893960 0.3279252 0.2608854 1.2210505
[1] 2.1921206 0.3283088 0.2612136 1.2225488
[1] 2.1945411 0.3286496 0.2615051 1.2238799
[1] 2.1966915 0.3289524 0.2617642 1.2250625
[1] 2.1986020 0.3292214 0.2619943 1.2261131
[1] 2.2002995 0.3294604 0.2621988 1.2270466
[1] 2.2018076 0.3296728 0.2623805 1.2278760
[1] 2.2031477 0.3298614 0.2625419 1.2286129
[1] 2.2043383 0.3300291 0.2626854 1.2292677
[1] 2.2053962 0.3301780 0.2628128 1.2298495
[1] 2.2063363 0.3303104 0.2629261 1.2303664
[1] 2.2071715 0.3304280 0.2630267 1.2308258
[1] 2.2079137 0.3305325 0.2631162 1.2312339
Algorithm did not converge after  500  iterations.
numeric(0)
Algorithm converged after  1  iterations.
[1] 0.02756752
Algorithm converged after  2  iterations.
[1] 0.02706463
Algorithm converged after  2  iterations.
[1] 0.0267005
Algorithm converged after  2  iterations.
[1] 0.02756752 0.02706463
Algorithm converged after  2  iterations.
[1] 0.02756752 0.02670050
Algorithm converged after  2  iterations.
[1] 0.02706463 0.02670050
Algorithm converged after  2  iterations.
[1] 0.02756752 0.02706463 0.02670050
Algorithm converged after  2  iterations.
[1] 0.0490463
Algorithm converged after  2  iterations.
[1] 0.0490463 0.0146815
[1] 0.05626004 0.02781010
[1] 0.05628682 0.02785784
[1] 0.05628317 0.02785894
Algorithm converged after  34  iterations.
[1] 0.0490463 0.0162692
[1] 0.06179728 0.02918533
[1] 0.06168420 0.02948267
[1] 0.06166531 0.02953135
[1] 0.06166216 0.02953998
[1] 0.06166161 0.02954151
Algorithm converged after  56  iterations.
[1] 0.04904630 0.01011282
[1] 0.10141519 0.04549058
[1] 0.08799953 0.04163258
Algorithm converged after  30  iterations.
[1] 0.0490463 0.0146815 0.0162692
[1] 0.07987653 0.02928358 0.02986495
[1] 0.07944714 0.02992299 0.03027618
[1] 0.07924432 0.03001432 0.03046644
[1] 0.07932016 0.03005533 0.03056390
[1] 0.07936198 0.03006965 0.03059861
[1] 0.07937633 0.03007407 0.03060980
[1] 0.07938090 0.03007541 0.03061337
[1] 0.07938235 0.03007583 0.03061451
Algorithm converged after  88  iterations.
[1] 0.04904630 0.01468150 0.01011282
[1] 0.07390242 0.03119513 0.02087410
[1] 0.14271740 0.02961550 0.07761711
[1] 0.14139215 0.03008770 0.08109115
[1] 0.14116885 0.03007417 0.08098403
[1] 0.14114603 0.03007222 0.08096983
Algorithm converged after  59  iterations.
[1] 0.04904630 0.01626920 0.01011282
[1] 0.14827913 0.02866755 0.06508081
[1] 0.12000774 0.02194874 0.06868798
[1] 0.10345399 0.02256243 0.05763172
[1] 0.10297440 0.02263473 0.05776552
[1] 0.10297502 0.02263598 0.05777221
Algorithm converged after  55  iterations.
[1] 0.04904630 0.01468150 0.01626920 0.01011282
[1] 0.29156040 0.04887694 0.03602163 0.08377422
[1] 0.54651880 0.06379684 0.04336849 0.30674092
[1] 0.82919376 0.12024464 0.09206299 0.50247597
[1] 1.0714229 0.1561142 0.1210092 0.6487300
[1] 1.2751962 0.1853473 0.1445835 0.7718049
[1] 1.4500478 0.2105161 0.1649958 0.8773867
[1] 1.6017527 0.2324310 0.1828397 0.9689734
[1] 1.7342755 0.2516273 0.1985149 1.0489678
[1] 1.8505769 0.2685095 0.2123305 1.1191625
[1] 1.9529816 0.2833993 0.2245362 1.1809644
[1] 2.0433748 0.2965603 0.2353395 1.2355132
[1] 2.1233189 0.3082128 0.2449151 1.2837537
[1] 2.1941296 0.3185434 0.2534123 1.3264808
[1] 2.2569273 0.3277120 0.2609595 1.3643714
[1] 2.3126749 0.3358566 0.2676681 1.3980070
[1] 2.3622050 0.3430968 0.2736350 1.4278904
[1] 2.4062418 0.3495371 0.2789453 1.4544588
[1] 2.4454175 0.3552687 0.2836731 1.4780940
[1] 2.4802862 0.3603721 0.2878842 1.4991303
[1] 2.5113346 0.3649177 0.2916362 1.5178616
[1] 2.5389916 0.3689678 0.2949802 1.5345466
[1] 2.5636353 0.3725775 0.2979612 1.5494137
[1] 2.5856001 0.3757955 0.3006193 1.5626644
[1] 2.6051820 0.3786649 0.3029898 1.5744775
[1] 2.6226430 0.3812239 0.3051043 1.5850111
[1] 2.6382159 0.3835066 0.3069907 1.5944056
[1] 2.6521068 0.3855429 0.3086737 1.6027854
[1] 2.6644994 0.3873598 0.3101755 1.6102612
[1] 2.6755566 0.3889810 0.3115158 1.6169314
[1] 2.6854233 0.3904279 0.3127119 1.6228835
[1] 2.6942285 0.3917191 0.3137796 1.6281952
[1] 2.7020873 0.3928717 0.3147326 1.6329360
[1] 2.7091017 0.3939005 0.3155833 1.6371674
[1] 2.7153630 0.3948188 0.3163427 1.6409445
[1] 2.7209524 0.3956387 0.3170208 1.6443162
[1] 2.7259422 0.3963706 0.3176261 1.6473262
[1] 2.7303969 0.3970241 0.3181666 1.6500134
[1] 2.7343741 0.3976076 0.3186491 1.6524126
[1] 2.7379251 0.3981285 0.3190800 1.6545547
[1] 2.7410957 0.3985937 0.3194647 1.6564674
[1] 2.7439268 0.3990090 0.3198083 1.6581751
[1] 2.7464546 0.3993799 0.3201151 1.6597000
[1] 2.748712 0.399711 0.320389 1.661062
[1] 2.7507275 0.4000068 0.3206336 1.6622776
[1] 2.7525274 0.4002709 0.3208521 1.6633633
[1] 2.7541347 0.4005067 0.3210472 1.6643329
[1] 2.7555701 0.4007173 0.3212214 1.6651988
[1] 2.7568518 0.4009054 0.3213770 1.6659720
[1] 2.7579965 0.4010733 0.3215159 1.6666625
Algorithm did not converge after  500  iterations.
numeric(0)
Algorithm converged after  1  iterations.
[1] 0.02636066
Algorithm converged after  2  iterations.
[1] 0.03080175
Algorithm converged after  2  iterations.
[1] 0.02921185
Algorithm converged after  2  iterations.
[1] 0.02636066 0.03080175
Algorithm converged after  2  iterations.
[1] 0.02636066 0.02921185
Algorithm converged after  2  iterations.
[1] 0.03080175 0.02921185
Algorithm converged after  2  iterations.
[1] 0.02636066 0.03080175 0.02921185
Algorithm converged after  2  iterations.
[1] 0.05291127
Algorithm converged after  2  iterations.
[1] 0.05291127 0.01477478
[1] 0.06344609 0.02602209
[1] 0.06340049 0.02601122
Algorithm converged after  28  iterations.
[1] 0.05291127 0.01868785
[1] 0.07019075 0.03481761
[1] 0.07091662 0.03573137
[1] 0.07102224 0.03585159
[1] 0.07103604 0.03586699
[1] 0.07103780 0.03586895
Algorithm converged after  54  iterations.
[1] 0.05291127 0.01204038
[1] 8.650261e-02 5.318042e-05
[1] 0.08075431 0.03111514
[1] 0.09328809 0.03989334
[1] 0.09369804 0.04068872
[1] 0.09371072 0.04070010
Algorithm converged after  54  iterations.
[1] 0.05291127 0.01477478 0.01868785
[1] 0.07830699 0.02454792 0.03114853
[1] 0.07556831 0.02454567 0.03060729
[1] 0.07457825 0.02452782 0.03063176
[1] 0.07452926 0.02453306 0.03073985
[1] 0.07456850 0.02453769 0.03078872
[1] 0.07458698 0.02453957 0.03080541
[1] 0.07459308 0.02454020 0.03081079
[1] 0.07459498 0.02454040 0.03081254
[1] 0.07459560 0.02454047 0.03081313
Algorithm converged after  93  iterations.
[1] 0.05291127 0.01477478 0.01204038
[1] 0.11643457 0.02655702 0.04464905
[1] 0.14371249 0.03101932 0.07432819
[1] 0.14103139 0.03087472 0.07326075
[1] 0.14090723 0.03085924 0.07318631
Algorithm converged after  49  iterations.
[1] 0.05291127 0.01868785 0.01204038
[1] 0.15423212 0.03074602 0.04583590
[1] 0.12313644 0.02234532 0.05742186
[1] 0.10721420 0.02190043 0.04943434
[1] 0.10713786 0.02187935 0.04921616
[1] 0.10715894 0.02187913 0.04922171
Algorithm converged after  54  iterations.
[1] 0.05291127 0.01477478 0.01868785 0.01204038
[1] 0.29698165 0.04315478 0.03554832 0.07783715
[1] 0.49914665 0.06869717 0.04749846 0.25888400
[1] 0.80068335 0.12771877 0.09615536 0.41793421
[1] 1.0685614 0.1652268 0.1248491 0.5546223
[1] 1.2957838 0.1968167 0.1493066 0.6708626
[1] 1.4921730 0.2241951 0.1707191 0.7714414
[1] 1.6639555 0.2481874 0.1896089 0.8594844
[1] 1.8153378 0.2693567 0.2063555 0.9371152
[1] 1.9493990 0.2881204 0.2212523 1.0058938
[1] 2.0685223 0.3048043 0.2345350 1.0670303
[1] 2.1746288 0.3196726 0.2463988 1.1215024
[1] 2.2693104 0.3329452 0.2570088 1.1701212
[1] 2.3539125 0.3448085 0.2665068 1.2135734
[1] 2.4295884 0.3554229 0.2750158 1.2524479
[1] 2.4973365 0.3649274 0.2826433 1.2872553
[1] 2.5580282 0.3734434 0.2894839 1.3184415
[1] 2.6124285 0.3810777 0.2956212 1.3463982
[1] 2.6612116 0.3879246 0.3011294 1.3714706
[1] 2.7049740 0.3940675 0.3060742 1.3939647
[1] 2.7442448 0.3995804 0.3105142 1.4141517
[1] 2.7794946 0.4045292 0.3145018 1.4322730
[1] 2.8111422 0.4089726 0.3180836 1.4485434
[1] 2.8395612 0.4129630 0.3213013 1.4631549
[1] 2.8650855 0.4165471 0.3241924 1.4762786
[1] 2.8880131 0.4197667 0.3267902 1.4880677
[1] 2.9086108 0.4226593 0.3291247 1.4986593
[1] 2.9271175 0.4252583 0.3312227 1.5081759
[1] 2.9437470 0.4275937 0.3331084 1.5167275
[1] 2.9586911 0.4296925 0.3348033 1.5244125
[1] 2.9721214 0.4315788 0.3363268 1.5313193
[1] 2.9841922 0.4332741 0.3376962 1.5375271
[1] 2.9950417 0.4347980 0.3389273 1.5431069
[1] 3.0047939 0.4361677 0.3400341 1.5481225
[1] 3.0135603 0.4373990 0.3410291 1.5526311
[1] 3.0214408 0.4385059 0.3419236 1.5566841
[1] 3.0285252 0.4395010 0.3427278 1.5603278
[1] 3.0348941 0.4403956 0.3434509 1.5636035
[1] 3.0406200 0.4411999 0.3441010 1.5665485
[1] 3.0457678 0.4419230 0.3446855 1.5691962
[1] 3.0503961 0.4425731 0.3452111 1.5715768
[1] 3.0545574 0.4431577 0.3456836 1.5737171
[1] 3.0582989 0.4436832 0.3461085 1.5756415
[1] 3.0616629 0.4441558 0.3464906 1.5773718
[1] 3.0646876 0.4445806 0.3468341 1.5789276
[1] 3.0674073 0.4449627 0.3471430 1.5803264
[1] 3.0698527 0.4453062 0.3474207 1.5815843
[1] 3.0720516 0.4456151 0.3476705 1.5827153
[1] 3.0740287 0.4458928 0.3478951 1.5837322
[1] 3.0758065 0.4461425 0.3480970 1.5846467
Algorithm did not converge after  500  iterations.
numeric(0)
Algorithm converged after  1  iterations.
[1] 0.02753074
Algorithm converged after  2  iterations.
[1] 0.03072761
Algorithm converged after  2  iterations.
[1] 0.02782329
Algorithm converged after  2  iterations.
[1] 0.02753074 0.03072761
Algorithm converged after  2  iterations.
[1] 0.02753074 0.02782329
Algorithm converged after  2  iterations.
[1] 0.03072761 0.02782329
Algorithm converged after  2  iterations.
[1] 0.02753074 0.03072761 0.02782329
Algorithm converged after  2  iterations.
[1] 0.05307926
Algorithm converged after  2  iterations.
[1] 0.05307926 0.01682259
[1] 0.05915454 0.02659707
[1] 0.05910942 0.02660107
Algorithm converged after  29  iterations.
[1] 0.05307926 0.01699972
[1] 0.06103758 0.03014478
[1] 0.06113838 0.03050332
[1] 0.06115583 0.03054265
[1] 0.06115811 0.03054739
Algorithm converged after  49  iterations.
[1] 0.05307926 0.01120395
[1] 0.09395394 0.03323349
[1] 0.10150094 0.03935064
[1] 0.10151743 0.03939388
Algorithm converged after  33  iterations.
[1] 0.05307926 0.01682259 0.01699972
[1] 0.06352742 0.02626779 0.02865643
[1] 0.06377470 0.02710127 0.03134738
[1] 0.06451518 0.02755157 0.03316381
[1] 0.06510182 0.02784008 0.03435584
[1] 0.06549400 0.02802674 0.03512136
[1] 0.06574501 0.02814590 0.03560585
[1] 0.06590302 0.02822105 0.03590959
[1] 0.06600165 0.02826807 0.03609884
[1] 0.06606293 0.02829732 0.03621630
[1] 0.06610089 0.02831546 0.03628904
[1] 0.06612437 0.02832669 0.03633401
[1] 0.06613887 0.02833363 0.03636178
[1] 0.06614783 0.02833791 0.03637893
[1] 0.06615335 0.02834055 0.03638951
[1] 0.06615676 0.02834219 0.03639604
[1] 0.06615887 0.02834319 0.03640007
[1] 0.06616017 0.02834381 0.03640255
[1] 0.06616097 0.02834420 0.03640408
[1] 0.06616146 0.02834443 0.03640503
[1] 0.06616176 0.02834458 0.03640561
Algorithm converged after  207  iterations.
[1] 0.05307926 0.01682259 0.01120395
[1] 0.15218313 0.03099079 0.06690657
[1] 0.16246852 0.03354089 0.08006447
[1] 0.16280503 0.03359792 0.08034363
[1] 0.16282898 0.03360067 0.08035868
Algorithm converged after  47  iterations.
[1] 0.05307926 0.01699972 0.01120395
[1] 0.13395205 0.02786536 0.04450732
[1] 0.12080239 0.02157929 0.05608237
[1] 0.09538410 0.02276569 0.04411425
[1] 0.09334094 0.02268474 0.04282693
[1] 0.09350379 0.02268629 0.04290690
Algorithm converged after  60  iterations.
[1] 0.05307926 0.01682259 0.01699972 0.01120395
[1] 0.23192867 0.03776245 0.02745951 0.06707977
[1] 0.40017444 0.06657265 0.04729466 0.20588469
[1] 0.68155047 0.11313038 0.08180087 0.34803681
[1] 0.9088411 0.1445744 0.1040085 0.4618543
[1] 1.0836020 0.1687371 0.1214847 0.5496719
[1] 1.2222675 0.1879704 0.1355891 0.6194779
[1] 1.3342967 0.2035365 0.1470976 0.6759431
[1] 1.4257673 0.2162594 0.1565551 0.7220865
[1] 1.5009566 0.2267250 0.1643643 0.7600414
[1] 1.5630456 0.2353714 0.1708343 0.7913991
[1] 1.6144833 0.2425371 0.1762078 0.8173878
[1] 1.6571984 0.2484893 0.1806788 0.8389761
[1] 1.6927337 0.2534420 0.1844039 0.8569403
[1] 1.7223367 0.2575685 0.1875109 0.8719086
[1] 1.7470242 0.2610103 0.1901045 0.8843936
[1] 1.7676299 0.2638833 0.1922711 0.8948157
[1] 1.7848404 0.2662831 0.1940818 0.9035215
[1] 1.7992228 0.2682887 0.1955957 0.9107975
[1] 1.8112473 0.2699656 0.1968621 0.9168810
[1] 1.8213040 0.2713681 0.1979215 0.9219693
[1] 1.8297175 0.2725415 0.1988081 0.9262265
[1] 1.8367579 0.2735235 0.1995502 0.9297890
[1] 1.8426505 0.2743453 0.2001715 0.9327708
[1] 1.8475832 0.2750333 0.2006916 0.9352670
[1] 1.8517130 0.2756094 0.2011271 0.9373569
[1] 1.8551710 0.2760917 0.2014918 0.9391069
[1] 1.8580666 0.2764956 0.2017973 0.9405723
[1] 1.8604917 0.2768338 0.2020531 0.9417996
[1] 1.8625227 0.2771171 0.2022674 0.9428274
[1] 1.8642237 0.2773544 0.2024468 0.9436884
[1] 1.8656486 0.2775532 0.2025972 0.9444095
[1] 1.8668421 0.2777196 0.2027231 0.9450135
[1] 1.8678418 0.2778591 0.2028286 0.9455195
[1] 1.8686793 0.2779759 0.2029170 0.9459433
[1] 1.8693808 0.2780738 0.2029910 0.9462984
[1] 1.8699685 0.2781557 0.2030530 0.9465958
[1] 1.8704609 0.2782244 0.2031050 0.9468450
[1] 1.8708733 0.2782819 0.2031485 0.9470538
[1] 1.8712188 0.2783301 0.2031849 0.9472286
[1] 1.8715083 0.2783705 0.2032155 0.9473751
[1] 1.8717508 0.2784043 0.2032411 0.9474979
[1] 1.8719540 0.2784327 0.2032625 0.9476007
[1] 1.8721242 0.2784564 0.2032805 0.9476868
[1] 1.8722668 0.2784763 0.2032955 0.9477590
[1] 1.8723862 0.2784930 0.2033081 0.9478195
[1] 1.8724863 0.2785069 0.2033187 0.9478701
[1] 1.8725702 0.2785186 0.2033276 0.9479126
[1] 1.8726404 0.2785284 0.2033350 0.9479481
[1] 1.8726993 0.2785366 0.2033412 0.9479779
Algorithm did not converge after  500  iterations.
numeric(0)
Algorithm converged after  1  iterations.
[1] 0.0262112
Algorithm converged after  2  iterations.
[1] 0.03092351
Algorithm converged after  2  iterations.
[1] 0.02807147
Algorithm converged after  2  iterations.
[1] 0.02621120 0.03092351
Algorithm converged after  2  iterations.
[1] 0.02621120 0.02807147
Algorithm converged after  2  iterations.
[1] 0.03092351 0.02807147
Algorithm converged after  2  iterations.
[1] 0.02621120 0.03092351 0.02807147
Algorithm converged after  2  iterations.
[1] 0.05568222
Algorithm converged after  2  iterations.
[1] 0.05568222 0.01342562
[1] 0.06377897 0.02204047
[1] 0.06375536 0.02204894
Algorithm converged after  28  iterations.
[1] 0.05568222 0.01644146
[1] 0.06702342 0.02747377
[1] 0.06698660 0.02753228
[1] 0.06698470 0.02753387
Algorithm converged after  31  iterations.
[1] 0.055682221 0.009329482
[1] 0.08737369 0.02930687
[1] 0.09334787 0.03398172
[1] 0.09365299 0.03441437
[1] 0.09366036 0.03442433
Algorithm converged after  44  iterations.
[1] 0.05568222 0.01342562 0.01644146
[1] 0.08565950 0.02361213 0.02569644
[1] 0.08508797 0.02371345 0.02516914
[1] 0.08423635 0.02363427 0.02505669
[1] 0.08411965 0.02362314 0.02505182
[1] 0.08411726 0.02362301 0.02505310
Algorithm converged after  60  iterations.
[1] 0.055682221 0.013425616 0.009329482
[1] 0.16222768 0.03182255 0.06153297
[1] 0.17581189 0.03555399 0.08494138
[1] 0.17362268 0.03543675 0.08424139
[1] 0.17345561 0.03541475 0.08414462
[1] 0.17344780 0.03541349 0.08413930
Algorithm converged after  52  iterations.
[1] 0.055682221 0.016441456 0.009329482
[1] 0.14768833 0.03614812 0.04694614
[1] 0.16341760 0.03057642 0.05920273
[1] 0.13058516 0.02193147 0.05381267
[1] 0.12154972 0.02185515 0.04971572
[1] 0.12304898 0.02195832 0.05028692
[1] 0.12287779 0.02193653 0.05023355
[1] 0.12288504 0.02193916 0.05023376
[1] 0.12288682 0.02193902 0.05023475
Algorithm converged after  83  iterations.
[1] 0.055682221 0.013425616 0.016441456 0.009329482
[1] 0.31407465 0.04801222 0.03427556 0.08075019
[1] 0.56687104 0.07762129 0.04327428 0.27232409
[1] 0.79266273 0.14548751 0.09353333 0.41569624
[1] 0.9939619 0.1808005 0.1187361 0.5201883
[1] 1.1641894 0.2092728 0.1390475 0.6085184
[1] 1.3095730 0.2335705 0.1565506 0.6839954
[1] 1.4348510 0.2545206 0.1717479 0.7490601
[1] 1.5434041 0.2726825 0.1849898 0.8054557
[1] 1.6378149 0.2884837 0.1965553 0.8545158
[1] 1.7201437 0.3022664 0.2066739 0.8973059
[1] 1.7920787 0.3143113 0.2155384 0.9346997
[1] 1.8550277 0.3248532 0.2233121 0.9674268
[1] 1.9101795 0.3340905 0.2301348 0.9961032
[1] 1.9585465 0.3421921 0.2361270 1.0212543
[1] 2.0009969 0.3493032 0.2413926 1.0433305
[1] 2.0382785 0.3555489 0.2460218 1.0627200
[1] 2.0710385 0.3610374 0.2500932 1.0797590
[1] 2.0998384 0.3658626 0.2536751 1.0947390
[1] 2.1251666 0.3701063 0.2568273 1.1079138
[1] 2.1474490 0.3738398 0.2596020 1.1195048
[1] 2.1670573 0.3771254 0.2620448 1.1297051
[1] 2.1843165 0.3800174 0.2641959 1.1386837
[1] 2.1995113 0.3825635 0.2660903 1.1465885
[1] 2.2128909 0.3848055 0.2677590 1.1535491
[1] 2.224674 0.386780 0.269229 1.159679
[1] 2.2350525 0.3885192 0.2705240 1.1650789
[1] 2.2441950 0.3900512 0.2716651 1.1698354
[1] 2.2522493 0.3914009 0.2726705 1.1740260
[1] 2.2593458 0.3925901 0.2735565 1.1777181
[1] 2.2655987 0.3936380 0.2743373 1.1809715
[1] 2.2711087 0.3945614 0.2750254 1.1838383
[1] 2.2759644 0.3953751 0.2756319 1.1863647
[1] 2.2802437 0.3960922 0.2761664 1.1885913
[1] 2.2840152 0.3967242 0.2766375 1.1905536
[1] 2.2873393 0.3972813 0.2770528 1.1922831
[1] 2.2902691 0.3977723 0.2774188 1.1938076
[1] 2.2928516 0.3982051 0.2777415 1.1951512
[1] 2.2951278 0.3985865 0.2780259 1.1963356
[1] 2.2971343 0.3989228 0.2782766 1.1973796
[1] 2.2989030 0.3992192 0.2784977 1.1982999
[1] 2.3004621 0.3994805 0.2786925 1.1991112
[1] 2.3018365 0.3997108 0.2788642 1.1998263
[1] 2.3030481 0.3999139 0.2790157 1.2004567
[1] 2.3041161 0.4000928 0.2791491 1.2010124
[1] 2.3050577 0.4002506 0.2792668 1.2015023
[1] 2.3058877 0.4003897 0.2793705 1.2019342
[1] 2.3066195 0.4005124 0.2794620 1.2023150
[1] 2.3072645 0.4006205 0.2795426 1.2026506
[1] 2.3078332 0.4007158 0.2796137 1.2029465
Algorithm did not converge after  500  iterations.
numeric(0)
Algorithm converged after  1  iterations.
[1] 0.02721869
Algorithm converged after  2  iterations.
[1] 0.03221488
Algorithm converged after  2  iterations.
[1] 0.02824574
Algorithm converged after  2  iterations.
[1] 0.02721869 0.03221488
Algorithm converged after  2  iterations.
[1] 0.02721869 0.02824574
Algorithm converged after  2  iterations.
[1] 0.03221488 0.02824574
Algorithm converged after  2  iterations.
[1] 0.02721869 0.03221488 0.02824574
Algorithm converged after  2  iterations.
[1] 0.05639728
Algorithm converged after  2  iterations.
[1] 0.05639728 0.01305661
[1] 0.06288802 0.02367553
[1] 0.06277100 0.02367587
[1] 0.06276305 0.02367468
Algorithm converged after  35  iterations.
[1] 0.05639728 0.01876506
[1] 0.07065552 0.03535469
[1] 0.07062554 0.03580830
[1] 0.07062054 0.03588768
[1] 0.07061985 0.03590551
[1] 0.07061971 0.03590967
[1] 0.07061968 0.03591065
Algorithm converged after  63  iterations.
[1] 0.05639728 0.01045905
[1] 0.10413312 0.03492815
[1] 0.10621059 0.04332621
[1] 0.10615127 0.04331424
Algorithm converged after  32  iterations.
[1] 0.05639728 0.01305661 0.01876506
[1] 0.08552273 0.02447875 0.03427294
[1] 0.08880045 0.02579644 0.03577849
[1] 0.08763620 0.02614855 0.03631180
[1] 0.08662068 0.02640354 0.03691040
[1] 0.08625440 0.02660490 0.03750139
[1] 0.08623443 0.02675313 0.03799332
[1] 0.08632319 0.02685809 0.03836814
[1] 0.08642294 0.02693130 0.03864267
[1] 0.08650615 0.02698232 0.03884080
[1] 0.08656966 0.02701808 0.03898323
[1] 0.08661660 0.02704334 0.03908558
[1] 0.08665087 0.02706129 0.03915920
[1] 0.08667573 0.02707410 0.03921218
[1] 0.08669372 0.02708327 0.03925034
[1] 0.08670671 0.02708986 0.03927782
[1] 0.08671609 0.02709459 0.03929763
[1] 0.08672285 0.02709800 0.03931190
[1] 0.08672773 0.02710045 0.03932218
[1] 0.08673125 0.02710221 0.03932959
[1] 0.08673378 0.02710349 0.03933493
[1] 0.08673561 0.02710440 0.03933878
[1] 0.08673692 0.02710506 0.03934155
[1] 0.08673787 0.02710554 0.03934355
[1] 0.08673856 0.02710588 0.03934499
[1] 0.08673905 0.02710613 0.03934603
[1] 0.08673940 0.02710630 0.03934678
[1] 0.08673966 0.02710643 0.03934732
Algorithm converged after  276  iterations.
[1] 0.05639728 0.01305661 0.01045905
[1] 0.17136182 0.03035984 0.07701521
[1] 0.18566912 0.03310997 0.09247004
[1] 0.18717521 0.03327927 0.09341160
[1] 0.18734062 0.03329673 0.09351109
[1] 0.18735880 0.03329864 0.09352201
Algorithm converged after  57  iterations.
[1] 0.05639728 0.01876506 0.01045905
[1] 0.16708277 0.03424473 0.04423695
[1] 0.13742201 0.02221615 0.05941281
[1] 0.10623373 0.02453270 0.04501636
[1] 0.10545823 0.02428581 0.04316239
[1] 0.10694276 0.02452454 0.04476231
[1] 0.10501931 0.02444665 0.04344904
[1] 0.10605533 0.02397990 0.04377062
[1] 0.10438945 0.02444712 0.04301745
[1] 0.10565504 0.02451172 0.04414470
[1] 0.10269793 0.02432521 0.04267487
[1] 0.10253075 0.02433379 0.04261570
[1] 0.10253345 0.02433387 0.04261624
Algorithm converged after  121  iterations.
[1] 0.05639728 0.01305661 0.01876506 0.01045905
[1] 0.32233778 0.04476378 0.03573377 0.09439715
[1] 0.59001870 0.08654434 0.05545398 0.31786156
[1] 0.8943689 0.1489645 0.1027245 0.4822180
[1] 1.1271815 0.1855791 0.1291661 0.6090081
[1] 1.3180020 0.2153991 0.1509387 0.7132534
[1] 1.4778041 0.2404133 0.1693721 0.8006716
[1] 1.6130382 0.2616061 0.1850879 0.8747205
[1] 1.7281873 0.2796655 0.1985410 0.9378165
[1] 1.8266297 0.2951134 0.2100882 0.9917879
[1] 1.9110275 0.3083629 0.2200185 1.0380794
[1] 1.9835350 0.3197495 0.2285706 1.0778633
[1] 2.0459258 0.3295498 0.2359439 1.1121060
[1] 2.0996777 0.3379949 0.2423065 1.1416143
[1] 2.1460319 0.3452790 0.2478007 1.1670665
[1] 2.1860382 0.3515664 0.2525476 1.1890368
[1] 2.2205879 0.3569969 0.2566509 1.2080131
[1] 2.2504410 0.3616896 0.2601992 1.2244118
[1] 2.2762473 0.3657465 0.2632685 1.2385889
[1] 2.2985635 0.3692550 0.2659241 1.2508497
[1] 2.3178676 0.3722901 0.2682224 1.2614563
[1] 2.3345704 0.3749164 0.2702118 1.2706343
[1] 2.3490257 0.3771893 0.2719340 1.2785776
[1] 2.3615381 0.3791569 0.2734253 1.2854537
[1] 2.3723706 0.3808603 0.2747166 1.2914068
[1] 2.3817500 0.3823352 0.2758350 1.2965615
[1] 2.3898721 0.3836125 0.2768036 1.3010254
[1] 2.3969062 0.3847187 0.2776426 1.3048914
[1] 2.4029985 0.3856768 0.2783694 1.3082398
[1] 2.4082755 0.3865067 0.2789990 1.3111402
[1] 2.4128466 0.3872256 0.2795444 1.3136527
[1] 2.4168065 0.3878484 0.2800170 1.3158293
[1] 2.4202370 0.3883879 0.2804264 1.3177149
[1] 2.4232091 0.3888553 0.2807811 1.3193485
[1] 2.4257840 0.3892603 0.2810884 1.3207638
[1] 2.4280150 0.3896112 0.2813547 1.3219901
[1] 2.4299480 0.3899152 0.2815855 1.3230526
[1] 2.4316229 0.3901786 0.2817854 1.3239733
[1] 2.4330741 0.3904068 0.2819586 1.3247709
[1] 2.4343315 0.3906046 0.2821087 1.3254621
[1] 2.4354211 0.3907760 0.2822388 1.3260611
[1] 2.4363652 0.3909245 0.2823515 1.3265800
[1] 2.4371833 0.3910531 0.2824492 1.3270297
[1] 2.4378922 0.3911646 0.2825338 1.3274194
[1] 2.4385065 0.3912613 0.2826072 1.3277571
[1] 2.4390388 0.3913450 0.2826707 1.3280497
[1] 2.4395001 0.3914175 0.2827258 1.3283033
[1] 2.4398998 0.3914804 0.2827735 1.3285230
[1] 2.4402462 0.3915349 0.2828149 1.3287134
[1] 2.4405464 0.3915821 0.2828507 1.3288784
Algorithm did not converge after  500  iterations.
numeric(0)
Algorithm converged after  1  iterations.
[1] 0.0298591
Algorithm converged after  2  iterations.
[1] 0.0295024
Algorithm converged after  2  iterations.
[1] 0.02767697
Algorithm converged after  2  iterations.
[1] 0.0298591 0.0295024
Algorithm converged after  2  iterations.
[1] 0.02985910 0.02767697
Algorithm converged after  2  iterations.
[1] 0.02950240 0.02767697
Algorithm converged after  2  iterations.
[1] 0.02985910 0.02950240 0.02767697
Algorithm converged after  2  iterations.
[1] 0.05408409
Algorithm converged after  2  iterations.
[1] 0.05408409 0.01655560
[1] 0.06154971 0.02948698
[1] 0.06153645 0.02949234
Algorithm converged after  22  iterations.
[1] 0.05408409 0.01808204
[1] 0.06710748 0.03129345
[1] 0.06706494 0.03135128
[1] 0.06706101 0.03135420
Algorithm converged after  37  iterations.
[1] 0.05408409 0.01041794
[1] 0.09307230 0.03173644
[1] 0.09723432 0.03380131
[1] 0.09734592 0.03385062
Algorithm converged after  38  iterations.
[1] 0.05408409 0.01655560 0.01808204
[1] 0.06617082 0.02782776 0.02584213
[1] 0.06464153 0.02817212 0.02575313
[1] 0.06440801 0.02817225 0.02573010
[1] 0.06439602 0.02817112 0.02573028
Algorithm converged after  45  iterations.
[1] 0.05408409 0.01655560 0.01041794
[1] 0.14003069 0.03396228 0.05126855
[1] 0.14565561 0.03555927 0.05866116
[1] 0.14431968 0.03548030 0.05831983
[1] 0.14425886 0.03547326 0.05829236
Algorithm converged after  44  iterations.
[1] 0.05408409 0.01808204 0.01041794
[1] 0.15775862 0.03116527 0.05218265
[1] 0.13367819 0.02196307 0.05283125
[1] 0.12299079 0.02153497 0.04787187
[1] 0.12351619 0.02159440 0.04802939
[1] 0.12353628 0.02159279 0.04804285
Algorithm converged after  60  iterations.
[1] 0.05408409 0.01655560 0.01808204 0.01041794
[1] 0.26872908 0.04271196 0.02497758 0.08200062
[1] 0.49522870 0.08225871 0.05258448 0.22044225
[1] 0.74679402 0.13454893 0.09749967 0.33245751
[1] 0.9426018 0.1664556 0.1233094 0.4183087
[1] 1.1001134 0.1914415 0.1435669 0.4877515
[1] 1.2288092 0.2118977 0.1603218 0.5446229
[1] 1.3351668 0.2288476 0.1743090 0.5916905
[1] 1.4237081 0.2429843 0.1860374 0.6309143
[1] 1.4977759 0.2548254 0.1959006 0.6637524
[1] 1.5599468 0.2647740 0.2042129 0.6913333
[1] 1.6122591 0.2731510 0.2112289 0.7145521
[1] 1.6563558 0.2802162 0.2171576 0.7341323
[1] 1.6935781 0.2861826 0.2221720 0.7506655
[1] 1.725031 0.291226 0.226416 0.764640
[1] 1.7516314 0.2954925 0.2300099 0.7764610
[1] 1.7741425 0.2991039 0.2330545 0.7864666
[1] 1.7932031 0.3021623 0.2356348 0.7949399
[1] 1.8093492 0.3047534 0.2378221 0.8021186
[1] 1.8230313 0.3069494 0.2396768 0.8082023
[1] 1.8346288 0.3088110 0.2412497 0.8133596
[1] 1.8444615 0.3103895 0.2425838 0.8177325
[1] 1.8527998 0.3117281 0.2437156 0.8214409
[1] 1.8598719 0.3128636 0.2446758 0.8245865
[1] 1.8658709 0.3138268 0.2454905 0.8272548
[1] 1.8709603 0.3146440 0.2461818 0.8295187
[1] 1.8752783 0.3153373 0.2467685 0.8314395
[1] 1.8789423 0.3159257 0.2472664 0.8330693
[1] 1.8820514 0.3164249 0.2476889 0.8344525
[1] 1.8846899 0.3168486 0.2480475 0.8356262
[1] 1.8869291 0.3172082 0.2483519 0.8366224
[1] 1.8888295 0.3175134 0.2486102 0.8374678
[1] 1.8904424 0.3177724 0.2488295 0.8381854
[1] 1.8918114 0.3179923 0.2490156 0.8387944
[1] 1.8929733 0.3181789 0.2491736 0.8393113
[1] 1.8939596 0.3183373 0.2493077 0.8397501
[1] 1.8947967 0.3184717 0.2494215 0.8401226
[1] 1.8955073 0.3185859 0.2495181 0.8404387
[1] 1.8961105 0.3186827 0.2496002 0.8407071
[1] 1.8966225 0.3187650 0.2496698 0.8409348
[1] 1.8970571 0.3188348 0.2497289 0.8411282
[1] 1.8974260 0.3188940 0.2497790 0.8412923
[1] 1.8977392 0.3189443 0.2498216 0.8414317
[1] 1.8980050 0.3189870 0.2498578 0.8415499
[1] 1.8982307 0.3190232 0.2498885 0.8416503
[1] 1.8984222 0.3190540 0.2499145 0.8417356
[1] 1.8985848 0.3190801 0.2499366 0.8418079
[1] 1.8987229 0.3191023 0.2499554 0.8418693
[1] 1.8988400 0.3191211 0.2499713 0.8419214
[1] 1.8989395 0.3191371 0.2499849 0.8419657
Algorithm did not converge after  500  iterations.
numeric(0)
Algorithm converged after  1  iterations.
[1] 0.02766023
Algorithm converged after  2  iterations.
[1] 0.02727594
Algorithm converged after  2  iterations.
[1] 0.02587852
Algorithm converged after  2  iterations.
[1] 0.02766023 0.02727594
Algorithm converged after  2  iterations.
[1] 0.02766023 0.02587852
Algorithm converged after  2  iterations.
[1] 0.02727594 0.02587852
Algorithm converged after  2  iterations.
[1] 0.02766023 0.02727594 0.02587852
Algorithm converged after  2  iterations.
[1] 0.05001724
Algorithm converged after  2  iterations.
[1] 0.05001724 0.01513933
[1] 0.05847329 0.02735375
[1] 0.05846073 0.02735988
Algorithm converged after  23  iterations.
[1] 0.05001724 0.01551970
[1] 0.06211841 0.02721521
[1] 0.06196555 0.02739810
[1] 0.06194501 0.02742376
[1] 0.06194162 0.02742820
[1] 0.06194102 0.02742899
Algorithm converged after  53  iterations.
[1] 0.05001724 0.01050778
[1] 0.09421732 0.03834092
[1] 0.08965980 0.03810905
Algorithm converged after  28  iterations.
[1] 0.05001724 0.01513933 0.01551970
[1] 0.07253592 0.02855741 0.02450985
[1] 0.07250837 0.02945042 0.02501615
[1] 0.07244087 0.02957229 0.02520375
[1] 0.07245371 0.02960429 0.02526632
[1] 0.07246136 0.02961407 0.02528565
[1] 0.07246396 0.02961705 0.02529150
[1] 0.07246476 0.02961795 0.02529326
[1] 0.07246500 0.02961822 0.02529379
Algorithm converged after  83  iterations.
[1] 0.05001724 0.01513933 0.01050778
[1] 0.13920595 0.02929911 0.06689815
[1] 0.15506454 0.03110427 0.08076615
[1] 0.15707570 0.03128566 0.08203813
[1] 0.15731889 0.03130712 0.08218869
[1] 0.15734822 0.03130971 0.08220683
[1] 0.15735176 0.03131002 0.08220901
Algorithm converged after  61  iterations.
[1] 0.05001724 0.01551970 0.01050778
[1] 0.15625696 0.02741844 0.05681938
[1] 0.11735977 0.01837990 0.05974243
[1] 0.09323338 0.01562207 0.04123656
[1] 0.102374954 0.008429404 0.050524595
[1] 0.10062932 0.02021692 0.04989182
[1] 0.10404282 0.01911629 0.05041557
[1] 0.10581503 0.01928152 0.05236246
[1] 0.10584896 0.01928646 0.05241351
Algorithm converged after  85  iterations.
[1] 0.05001724 0.01513933 0.01551970 0.01050778
[1] 0.29193990 0.04555162 0.02976155 0.08462532
[1] 0.50555909 0.06824360 0.04416588 0.28205214
[1] 0.79642005 0.11937939 0.08847607 0.44995016
[1] 1.0307405 0.1524830 0.1153155 0.5822003
[1] 1.2292497 0.1804661 0.1381584 0.6944056
[1] 1.4011450 0.2048229 0.1581911 0.7916352
[1] 1.5520033 0.2262782 0.1759324 0.8770062
[1] 1.6855702 0.2453257 0.1917458 0.9526187
[1] 1.8045643 0.2623304 0.2059069 1.0200004
[1] 1.9110650 0.2775747 0.2186332 1.0803213
[1] 2.0067214 0.2912851 0.2301018 1.1345105
[1] 2.0928775 0.3036474 0.2404599 1.1833256
[1] 2.1706509 0.3148172 0.2498318 1.2273975
[1] 2.2409864 0.3249266 0.2583240 1.2672594
[1] 2.3046923 0.3340894 0.2660287 1.3033680
[1] 2.3624674 0.3424039 0.2730262 1.3361181
[1] 2.4149208 0.3499564 0.2793871 1.3658540
[1] 2.4625867 0.3568226 0.2851738 1.3928780
[1] 2.5059370 0.3630695 0.2904416 1.4174569
[1] 2.5453895 0.3687567 0.2952399 1.4398272
[1] 2.5813166 0.3739372 0.2996127 1.4601996
[1] 2.6140504 0.3786586 0.3035996 1.4787622
[1] 2.6438889 0.3829634 0.3072359 1.4956836
[1] 2.6710992 0.3868898 0.3105537 1.5111152
[1] 2.6959219 0.3904724 0.3135818 1.5251933
[1] 2.7185738 0.3937423 0.3163463 1.5380406
[1] 2.7392507 0.3967275 0.3188708 1.5497682
[1] 2.7581298 0.3994536 0.3211765 1.5604763
[1] 2.7753712 0.4019435 0.3232829 1.5702558
[1] 2.7911204 0.4042181 0.3252076 1.5791891
[1] 2.8055092 0.4062965 0.3269664 1.5873509
[1] 2.8186572 0.4081958 0.3285739 1.5948090
[1] 2.8306733 0.4099318 0.3300434 1.6016252
[1] 2.8416565 0.4115186 0.3313868 1.6078555
[1] 2.8516967 0.4129693 0.3326150 1.6135511
[1] 2.8608760 0.4142957 0.3337382 1.6187583
[1] 2.8692690 0.4155086 0.3347652 1.6235195
[1] 2.8769438 0.4166177 0.3357045 1.6278733
[1] 2.8839624 0.4176321 0.3365636 1.6318549
[1] 2.8903815 0.4185598 0.3373494 1.6354965
[1] 2.8962525 0.4194084 0.3380682 1.6388271
[1] 2.9016228 0.4201846 0.3387257 1.6418737
[1] 2.9065351 0.4208946 0.3393272 1.6446606
[1] 2.9110289 0.4215442 0.3398775 1.6472100
[1] 2.9151400 0.4221385 0.3403809 1.6495423
[1] 2.9189011 0.4226822 0.3408416 1.6516760
[1] 2.9223422 0.4231796 0.3412630 1.6536283
[1] 2.9254906 0.4236347 0.3416487 1.6554144
[1] 2.9283713 0.4240512 0.3420015 1.6570487
Algorithm did not converge after  500  iterations.
Warning messages:
1: In max(abs(CT), na.rm = T) :
  no non-missing arguments to max; returning -Inf
2: In max(abs(CT), na.rm = T) :
  no non-missing arguments to max; returning -Inf
3: In max(abs(CT), na.rm = T) :
  no non-missing arguments to max; returning -Inf
4: In max(abs(CT), na.rm = T) :
  no non-missing arguments to max; returning -Inf
5: In max(abs(CT), na.rm = T) :
  no non-missing arguments to max; returning -Inf
6: In max(abs(CT), na.rm = T) :
  no non-missing arguments to max; returning -Inf
7: In max(abs(CT), na.rm = T) :
  no non-missing arguments to max; returning -Inf
8: In max(abs(CT), na.rm = T) :
  no non-missing arguments to max; returning -Inf
9: In max(abs(CT), na.rm = T) :
  no non-missing arguments to max; returning -Inf
10: In max(abs(CT), na.rm = T) :
  no non-missing arguments to max; returning -Inf
[1] "Best iter parameter is:"
      gam     rankJ    rankA1    rankA2    rankA3 
0.1111111 1.0000000 0.0000000 0.0000000 1.0000000 
[1] 0.050555386 0.009946006
[1] 0.08895612 0.03291470
[1] 0.09239160 0.03738618
Algorithm converged after  30  iterations.
         [,1]    [,2]     [,3]
[1,] 7.687875 16.2619 43.35371
