myseed=9414 

Attaching package: ‘pls’

The following object is masked from ‘package:stats’:

    loadings

Loading required package: lattice
Loading required package: ggplot2
Registered S3 methods overwritten by 'ggplot2':
  method         from 
  [.quosures     rlang
  c.quosures     rlang
  print.quosures rlang

Attaching package: ‘caret’

The following object is masked from ‘package:pls’:

    R2

Loading required package: Matrix
Loading required package: foreach
Loaded glmnet 2.0-18

Parsed with column specification:
cols(
  .default = col_double()
)
See spec(...) for full column specifications.
Parsed with column specification:
cols(
  X1 = col_double()
)
Parsed with column specification:
cols(
  X1 = col_double()
)
numeric(0)
Algorithm converged after  1  iterations.
[1] 0.03059102
Algorithm converged after  2  iterations.
[1] 0.03102639
Algorithm converged after  2  iterations.
[1] 0.02583221
Algorithm converged after  2  iterations.
[1] 0.03059102 0.03102639
Algorithm converged after  2  iterations.
[1] 0.03059102 0.02583221
Algorithm converged after  2  iterations.
[1] 0.03102639 0.02583221
Algorithm converged after  2  iterations.
[1] 0.03059102 0.03102639 0.02583221
Algorithm converged after  2  iterations.
[1] 0.04801807
Algorithm converged after  2  iterations.
[1] 0.04801807 0.01753507
[1] 0.05592895 0.03183611
[1] 0.05596270 0.03199887
[1] 0.05596125 0.03200515
Algorithm converged after  36  iterations.
[1] 0.04801807 0.02028410
[1] 0.06900051 0.03837502
[1] 0.06925840 0.03855296
[1] 0.06927250 0.03856723
Algorithm converged after  40  iterations.
[1] 0.04801807 0.01058696
[1] 0.08629091 0.04482106
[1] 0.09095093 0.04741114
Algorithm converged after  29  iterations.
[1] 0.04801807 0.01753507 0.02028410
[1] 0.08280072 0.02814975 0.03579366
[1] 0.08246738 0.02823050 0.03568534
[1] 0.08236023 0.02822717 0.03566687
[1] 0.08235458 0.02822695 0.03566603
Algorithm converged after  42  iterations.
[1] 0.04801807 0.01753507 0.01058696
[1] 0.12552454 0.02846001 0.06838852
[1] 0.12764554 0.03000384 0.08026573
[1] 0.12779927 0.03003588 0.08043662
[1] 0.12781713 0.03003730 0.08044901
Algorithm converged after  48  iterations.
[1] 0.04801807 0.02028410 0.01058696
[1] 0.15456811 0.03147070 0.06710875
[1] 0.13899017 0.02725984 0.07559978
[1] 0.13698854 0.02717222 0.07443920
[1] 0.13681536 0.02716393 0.07430097
[1] 0.13679888 0.02716312 0.07428696
Algorithm converged after  59  iterations.
[1] 0.04801807 0.01753507 0.02028410 0.01058696
[1] 0.25772331 0.03775525 0.04444157 0.06088972
[1] 0.45411990 0.04304439 0.04545705 0.18865965
[1] 0.60040835 0.08871496 0.07456139 0.35213306
[1] 0.8996824 0.1333310 0.1124107 0.5148026
[1] 1.1490460 0.1654232 0.1407156 0.6512204
[1] 1.3530106 0.1915950 0.1642110 0.7626893
[1] 1.5222169 0.2133714 0.1839381 0.8550604
[1] 1.6639634 0.2316513 0.2005898 0.9323856
[1] 1.783463 0.247083 0.214700 0.997544
[1] 1.8846458 0.2601612 0.2266909 1.0526967
[1] 1.9705829 0.2712759 0.2369026 1.0995285
[1] 2.0437372 0.2807418 0.2456133 1.1393873
[1] 2.1061165 0.2888163 0.2530531 1.1733707
[1] 2.1593765 0.2957122 0.2594135 1.2023831
[1] 2.2048989 0.3016076 0.2648554 1.2271785
[1] 2.2438398 0.3066514 0.2695145 1.2483878
[1] 2.2771729 0.3109695 0.2735055 1.2665418
[1] 2.3057212 0.3146681 0.2769256 1.2820892
[1] 2.3301824 0.3178375 0.2798574 1.2954103
[1] 2.3511493 0.3205543 0.2823714 1.3068281
[1] 2.3691265 0.3228839 0.2845277 1.3166176
[1] 2.3845442 0.3248820 0.2863776 1.3250131
[1] 2.3977697 0.3265960 0.2879647 1.3322148
[1] 2.4091168 0.3280666 0.2893268 1.3383935
[1] 2.4188536 0.3293285 0.2904957 1.3436954
[1] 2.4272098 0.3304116 0.2914991 1.3482454
[1] 2.4343819 0.3313412 0.2923604 1.3521507
[1] 2.4405383 0.3321391 0.2930998 1.3555028
[1] 2.4458233 0.3328242 0.2937346 1.3583805
[1] 2.4503604 0.3334123 0.2942796 1.3608509
[1] 2.4542558 0.3339172 0.2947475 1.3629719
[1] 2.4576003 0.3343507 0.2951493 1.3647930
[1] 2.4604721 0.3347230 0.2954943 1.3663566
[1] 2.4629379 0.3350426 0.2957906 1.3676993
[1] 2.4650553 0.3353171 0.2960450 1.3688522
[1] 2.4668736 0.3355527 0.2962635 1.3698421
[1] 2.4684349 0.3357551 0.2964511 1.3706923
[1] 2.4697758 0.3359289 0.2966122 1.3714223
[1] 2.4709272 0.3360782 0.2967506 1.3720493
[1] 2.4719160 0.3362064 0.2968694 1.3725877
[1] 2.4727652 0.3363165 0.2969715 1.3730500
[1] 2.4734945 0.3364110 0.2970591 1.3734471
[1] 2.4741208 0.3364922 0.2971344 1.3737881
[1] 2.4746587 0.3365619 0.2971990 1.3740810
[1] 2.4751206 0.3366218 0.2972545 1.3743325
[1] 2.4755173 0.3366732 0.2973022 1.3745485
[1] 2.4758580 0.3367174 0.2973431 1.3747340
[1] 2.4761506 0.3367553 0.2973783 1.3748933
[1] 2.4764019 0.3367879 0.2974085 1.3750302
Algorithm did not converge after  500  iterations.
numeric(0)
Algorithm converged after  1  iterations.
[1] 0.03107252
Algorithm converged after  2  iterations.
[1] 0.03109204
Algorithm converged after  2  iterations.
[1] 0.02383238
Algorithm converged after  2  iterations.
[1] 0.03107252 0.03109204
Algorithm converged after  2  iterations.
[1] 0.03107252 0.02383238
Algorithm converged after  2  iterations.
[1] 0.03109204 0.02383238
Algorithm converged after  2  iterations.
[1] 0.03107252 0.03109204 0.02383238
Algorithm converged after  2  iterations.
[1] 0.05337017
Algorithm converged after  2  iterations.
[1] 0.05337017 0.01713900
[1] 0.06050492 0.03061700
[1] 0.06020755 0.03058030
[1] 0.06019477 0.03057883
Algorithm converged after  33  iterations.
[1] 0.05337017 0.01769094
[1] 0.06708292 0.03316473
[1] 0.06717951 0.03341385
[1] 0.06718614 0.03343607
[1] 0.06718667 0.03343822
Algorithm converged after  44  iterations.
[1] 0.053370172 0.009800531
[1] 0.09094630 0.03053802
[1] 0.09905312 0.03278593
[1] 0.09965646 0.03313572
[1] 0.09966643 0.03314153
Algorithm converged after  42  iterations.
[1] 0.05337017 0.01713900 0.01769094
[1] 0.07376173 0.02630392 0.02943014
[1] 0.07397825 0.02646672 0.02980404
[1] 0.07400496 0.02648473 0.02985241
[1] 0.07400981 0.02648723 0.02985930
[1] 0.07401057 0.02648759 0.02986029
Algorithm converged after  52  iterations.
[1] 0.053370172 0.017138999 0.009800531
[1] 0.10929252 0.02724295 0.03814553
[1] 0.11519114 0.03105354 0.05259434
[1] 0.11193166 0.03093437 0.05135083
[1] 0.11183303 0.03091417 0.05127753
[1] 0.11183558 0.03091384 0.05127758
Algorithm converged after  51  iterations.
[1] 0.053370172 0.017690940 0.009800531
[1] 0.17332131 0.03220093 0.04932053
[1] 0.15115662 0.02526301 0.05621917
[1] 0.13799443 0.02468603 0.05023159
[1] 0.13857904 0.02472147 0.05022227
[1] 0.13865652 0.02472380 0.05026178
[1] 0.13864983 0.02472345 0.05026018
Algorithm converged after  64  iterations.
[1] 0.053370172 0.017138999 0.017690940 0.009800531
[1] 0.27264484 0.03599031 0.03827155 0.05839652
[1] 0.44364324 0.04650953 0.03909523 0.17076048
[1] 0.58855241 0.11662263 0.08798983 0.28330616
[1] 0.8351454 0.1616168 0.1240662 0.3957990
[1] 1.0469068 0.1945902 0.1501827 0.4940882
[1] 1.2264840 0.2223302 0.1723537 0.5777450
[1] 1.3798418 0.2460109 0.1914030 0.6493124
[1] 1.5114192 0.2663208 0.2078122 0.7107925
[1] 1.6246393 0.2837893 0.2219698 0.7637462
[1] 1.7222539 0.2988433 0.2341992 0.8094359
[1] 1.8065306 0.3118351 0.2447726 0.8489069
[1] 1.8793636 0.3230587 0.2539202 0.8830352
[1] 1.9423578 0.3327631 0.2618387 0.9125656
[1] 1.9968749 0.3411592 0.2686962 0.9381308
[1] 2.0440778 0.3484271 0.2746369 0.9602725
[1] 2.0849634 0.3547211 0.2797849 0.9794555
[1] 2.1203881 0.3601735 0.2842469 0.9960797
[1] 2.1510889 0.3648981 0.2881151 1.0104896
[1] 2.1777013 0.3689929 0.2914691 1.0229824
[1] 2.2007739 0.3725428 0.2943775 1.0338148
[1] 2.2207803 0.3756205 0.2968999 1.0432087
[1] 2.2381302 0.3782894 0.2990877 1.0513560
[1] 2.2531778 0.3806040 0.3009855 1.0584227
[1] 2.2662299 0.3826114 0.3026318 1.0645527
[1] 2.2775519 0.3843527 0.3040600 1.0698705
[1] 2.2873737 0.3858632 0.3052990 1.0744839
[1] 2.2958946 0.3871736 0.3063741 1.0784864
[1] 2.3032873 0.3883105 0.3073068 1.0819591
[1] 2.3097014 0.3892968 0.3081161 1.0849722
[1] 2.3152666 0.3901526 0.3088184 1.0875866
[1] 2.3200954 0.3908951 0.3094277 1.0898551
[1] 2.3242854 0.3915393 0.3099564 1.0918236
[1] 2.3279212 0.3920984 0.3104153 1.0935317
[1] 2.3310761 0.3925835 0.3108134 1.0950139
[1] 2.3338137 0.3930044 0.3111589 1.0963001
[1] 2.3361894 0.3933697 0.3114587 1.0974162
[1] 2.3382509 0.3936866 0.3117189 1.0983848
[1] 2.3400399 0.3939617 0.3119447 1.0992253
[1] 2.3415924 0.3942004 0.3121406 1.0999547
[1] 2.3429396 0.3944075 0.3123107 1.1005877
[1] 2.3441087 0.3945873 0.3124582 1.1011370
[1] 2.3451233 0.3947433 0.3125863 1.1016137
[1] 2.3460038 0.3948786 0.3126974 1.1020274
[1] 2.3467679 0.3949961 0.3127938 1.1023864
[1] 2.3474310 0.3950981 0.3128775 1.1026980
[1] 2.3480064 0.3951866 0.3129502 1.1029683
[1] 2.3485058 0.3952633 0.3130132 1.1032030
[1] 2.3489392 0.3953300 0.3130679 1.1034066
[1] 2.3493154 0.3953878 0.3131154 1.1035833
Algorithm did not converge after  500  iterations.
numeric(0)
Algorithm converged after  1  iterations.
[1] 0.03557452
Algorithm converged after  2  iterations.
[1] 0.03114623
Algorithm converged after  2  iterations.
[1] 0.02438998
Algorithm converged after  2  iterations.
[1] 0.03557452 0.03114623
Algorithm converged after  2  iterations.
[1] 0.03557452 0.02438998
Algorithm converged after  2  iterations.
[1] 0.03114623 0.02438998
Algorithm converged after  2  iterations.
[1] 0.03557452 0.03114623 0.02438998
Algorithm converged after  2  iterations.
[1] 0.05592705
Algorithm converged after  2  iterations.
[1] 0.05592705 0.01858235
[1] 0.06225753 0.03179436
[1] 0.06226885 0.03192651
[1] 0.06225816 0.03193026
Algorithm converged after  35  iterations.
[1] 0.05592705 0.01783129
[1] 0.07701008 0.03612969
[1] 0.07725348 0.03652696
[1] 0.07727790 0.03658926
[1] 0.07728197 0.03660022
[1] 0.07728267 0.03660213
Algorithm converged after  56  iterations.
[1] 0.05592705 0.01075037
[1] 0.08261349 0.01938212
[1] 0.07620240 0.02718585
[1] 0.09748257 0.04890636
[1] 0.09666681 0.05126710
Algorithm converged after  50  iterations.
[1] 0.05592705 0.01858235 0.01783129
[1] 0.09504909 0.03257354 0.03608450
[1] 0.09527332 0.03341206 0.03860661
[1] 0.09511406 0.03385048 0.04017945
[1] 0.09527024 0.03410398 0.04113587
[1] 0.09539546 0.03424571 0.04168725
[1] 0.09546990 0.03432535 0.04200067
[1] 0.09551189 0.03437022 0.04217796
[1] 0.09553536 0.03439552 0.04227804
[1] 0.09554848 0.03440978 0.04233447
[1] 0.09555584 0.03441782 0.04236627
[1] 0.09555997 0.03442234 0.04238419
[1] 0.09556229 0.03442489 0.04239428
[1] 0.09556360 0.03442633 0.04239997
[1] 0.09556433 0.03442714 0.04240317
[1] 0.09556475 0.03442760 0.04240497
[1] 0.09556498 0.03442785 0.04240599
[1] 0.09556511 0.03442800 0.04240656
Algorithm converged after  172  iterations.
[1] 0.05592705 0.01858235 0.01075037
[1] 0.11349851 0.03119217 0.04919241
[1] 0.13437190 0.03346236 0.08840941
[1] 0.13856221 0.03398553 0.09186865
[1] 0.13915127 0.03404104 0.09230539
[1] 0.13922962 0.03404831 0.09236317
[1] 0.13924001 0.03404927 0.09237083
Algorithm converged after  67  iterations.
[1] 0.05592705 0.01783129 0.01075037
[1] 0.18953761 0.03807297 0.06982092
[1] 0.15668113 0.02573902 0.08907721
[1] 0.15062348 0.02541372 0.08498069
[1] 0.15008215 0.02538271 0.08450652
[1] 0.15002929 0.02537964 0.08445814
[1] 0.15002403 0.02537933 0.08445329
Algorithm converged after  64  iterations.
[1] 0.05592705 0.01858235 0.01783129 0.01075037
[1] 0.31546421 0.05122425 0.04963940 0.07167805
[1] 0.63812666 0.08912471 0.08820697 0.17829915
[1] 0.82576446 0.07548815 0.06920842 0.41438977
[1] 0.9757656 0.1580895 0.1131715 0.5929106
[1] 1.1988829 0.1976477 0.1427123 0.7201846
[1] 1.3868223 0.2263197 0.1649018 0.8286539
[1] 1.5437373 0.2500194 0.1834739 0.9190948
[1] 1.6756670 0.2699350 0.1991779 0.9950306
[1] 1.7872492 0.2867905 0.2125213 1.0591878
[1] 1.8820284 0.3011181 0.2238952 1.1136405
[1] 1.9627835 0.3133331 0.2336124 1.1600078
[1] 2.0317459 0.3237691 0.2419283 1.1995851
[1] 2.0907383 0.3326997 0.2490539 1.2334276
[1] 2.1412683 0.3403514 0.2551656 1.2624065
[1] 2.1845947 0.3469138 0.2604118 1.2872479
[1] 2.2217749 0.3525463 0.2649179 1.3085609
[1] 2.2537020 0.3573837 0.2687902 1.3268595
[1] 2.2811330 0.3615404 0.2721193 1.3425789
[1] 2.3047116 0.3651137 0.2749824 1.3560891
[1] 2.3249862 0.3681865 0.2774454 1.3677049
[1] 2.3424252 0.3708298 0.2795647 1.3776953
[1] 2.3574291 0.3731041 0.2813886 1.3862901
[1] 2.3703406 0.3750613 0.2829586 1.3936858
[1] 2.3814536 0.3767460 0.2843102 1.4000510
[1] 2.3910201 0.3781962 0.2854739 1.4055301
[1] 2.3992564 0.3794449 0.2864760 1.4102472
[1] 2.4063482 0.3805201 0.2873390 1.4143087
[1] 2.4124551 0.3814459 0.2880822 1.4178061
[1] 2.4177144 0.3822433 0.2887223 1.4208180
[1] 2.4222440 0.3829301 0.2892737 1.4234119
[1] 2.4261454 0.3835216 0.2897486 1.4256460
[1] 2.4295059 0.3840311 0.2901577 1.4275704
[1] 2.4324005 0.3844700 0.2905101 1.4292279
[1] 2.4348941 0.3848481 0.2908137 1.4306558
[1] 2.4370421 0.3851738 0.2910752 1.4318858
[1] 2.4388926 0.3854543 0.2913006 1.4329454
[1] 2.4404868 0.3856961 0.2914947 1.4338583
[1] 2.4418602 0.3859043 0.2916619 1.4346447
[1] 2.4430434 0.3860837 0.2918060 1.4353222
[1] 2.4440628 0.3862383 0.2919301 1.4359059
[1] 2.4449410 0.3863714 0.2920371 1.4364088
[1] 2.4456977 0.3864862 0.2921292 1.4368421
[1] 2.4463496 0.3865850 0.2922086 1.4372154
[1] 2.4469113 0.3866702 0.2922770 1.4375370
[1] 2.4473952 0.3867436 0.2923360 1.4378141
[1] 2.4478122 0.3868068 0.2923867 1.4380529
[1] 2.4481714 0.3868613 0.2924305 1.4382585
[1] 2.4484809 0.3869082 0.2924682 1.4384358
[1] 2.4487476 0.3869486 0.2925007 1.4385885
Algorithm did not converge after  500  iterations.
numeric(0)
Algorithm converged after  1  iterations.
[1] 0.03321254
Algorithm converged after  2  iterations.
[1] 0.0314752
Algorithm converged after  2  iterations.
[1] 0.02608186
Algorithm converged after  2  iterations.
[1] 0.03321254 0.03147520
Algorithm converged after  2  iterations.
[1] 0.03321254 0.02608186
Algorithm converged after  2  iterations.
[1] 0.03147520 0.02608186
Algorithm converged after  2  iterations.
[1] 0.03321254 0.03147520 0.02608186
Algorithm converged after  2  iterations.
[1] 0.05467062
Algorithm converged after  2  iterations.
[1] 0.05467062 0.01693057
[1] 0.05970280 0.02968223
[1] 0.05971959 0.02969218
Algorithm converged after  21  iterations.
[1] 0.05467062 0.01955983
[1] 0.07415691 0.03446826
[1] 0.07414527 0.03447040
[1] 0.07413742 0.03447229
Algorithm converged after  38  iterations.
[1] 0.05467062 0.01082165
[1] 0.10610910 0.04968094
[1] 0.10509081 0.05127675
Algorithm converged after  27  iterations.
[1] 0.05467062 0.01693057 0.01955983
[1] 0.07731532 0.02816007 0.03197436
[1] 0.07684369 0.02833229 0.03214775
[1] 0.07676725 0.02834560 0.03218618
[1] 0.07676297 0.02834795 0.03219478
[1] 0.07676280 0.02834838 0.03219636
Algorithm converged after  55  iterations.
[1] 0.05467062 0.01693057 0.01082165
[1] 0.14213039 0.02876344 0.06690893
[1] 0.14054705 0.03072404 0.08637381
[1] 0.13972885 0.03073661 0.08607668
[1] 0.13964617 0.03072996 0.08601830
[1] 0.13963725 0.03072916 0.08601173
Algorithm converged after  55  iterations.
[1] 0.05467062 0.01955983 0.01082165
[1] 0.17287167 0.02937419 0.06501074
[1] 0.14079697 0.02381067 0.07626333
[1] 0.13683889 0.02364502 0.07384077
[1] 0.13660458 0.02363063 0.07362447
[1] 0.13659088 0.02362964 0.07360968
Algorithm converged after  57  iterations.
[1] 0.05467062 0.01693057 0.01955983 0.01082165
[1] 0.29203509 0.04412740 0.04477953 0.06142859
[1] 0.46015531 0.07499722 0.07623836 0.08296394
[1] 0.5407885 0.1041825 0.1040205 0.1127281
[1] 0.6885041 0.1150257 0.1148305 0.3886204
[1] 0.9301152 0.1461242 0.1447543 0.5310161
[1] 1.1606917 0.1760955 0.1730074 0.6580902
[1] 1.3748571 0.2039549 0.1991932 0.7760170
[1] 1.5745373 0.2299312 0.2235650 0.8860240
[1] 1.7614474 0.2542447 0.2463443 0.9890373
[1] 1.9369833 0.2770766 0.2677104 1.0858123
[1] 2.1022878 0.2985757 0.2878093 1.1769696
[1] 2.2583076 0.3188655 0.3067613 1.2630249
[1] 2.4058372 0.3380496 0.3246670 1.3444118
[1] 2.5455523 0.3562162 0.3416117 1.4214995
[1] 2.6780348 0.3734411 0.3576687 1.4946062
[1] 2.8037918 0.3897906 0.3729014 1.5640097
[1] 2.9232704 0.4053230 0.3873658 1.6299549
[1] 3.0368683 0.4200900 0.4011115 1.6926598
[1] 3.1449428 0.4341385 0.4141831 1.7523207
[1] 3.2478172 0.4475104 0.4266207 1.8091150
[1] 3.3457865 0.4602442 0.4384607 1.8632047
[1] 3.4391208 0.4723751 0.4497368 1.9147385
[1] 3.5280695 0.4839357 0.4604796 1.9638533
[1] 3.6128634 0.4949559 0.4707175 2.0106762
[1] 3.6937171 0.5054638 0.4804771 2.0553253
[1] 3.7708309 0.5154854 0.4897829 2.0979107
[1] 3.8443921 0.5250451 0.4986579 2.1385358
[1] 3.9145765 0.5341657 0.5071236 2.1772973
[1] 3.9815492 0.5428688 0.5152003 2.2142862
[1] 4.0454659 0.5511747 0.5229069 2.2495883
[1] 4.1064735 0.5591023 0.5302615 2.2832844
[1] 4.1647105 0.5666699 0.5372809 2.3154511
[1] 4.2203082 0.5738944 0.5439811 2.3461608
[1] 4.2733908 0.5807919 0.5503773 2.3754818
[1] 4.3240761 0.5873779 0.5564838 2.4034791
[1] 4.3724757 0.5936669 0.5623141 2.4302144
[1] 4.4186957 0.5996725 0.5678812 2.4557462
[1] 4.4628369 0.6054080 0.5731973 2.4801300
[1] 4.5049949 0.6108857 0.5782740 2.5034186
[1] 4.5452609 0.6161176 0.5831224 2.5256624
[1] 4.5837213 0.6211148 0.5877529 2.5469090
[1] 4.6204588 0.6258882 0.5921755 2.5672041
[1] 4.6555517 0.6304478 0.5963998 2.5865909
[1] 4.6890749 0.6348034 0.6004348 2.6051107
[1] 4.7210995 0.6389643 0.6042892 2.6228028
[1] 4.7516934 0.6429393 0.6079711 2.6397047
[1] 4.7809214 0.6467368 0.6114883 2.6558521
[1] 4.8088451 0.6503649 0.6148484 2.6712791
[1] 4.8355234 0.6538310 0.6180584 2.6860181
Algorithm did not converge after  500  iterations.
numeric(0)
Algorithm converged after  1  iterations.
[1] 0.03104595
Algorithm converged after  2  iterations.
[1] 0.03184668
Algorithm converged after  2  iterations.
[1] 0.02391028
Algorithm converged after  2  iterations.
[1] 0.03104595 0.03184668
Algorithm converged after  2  iterations.
[1] 0.03104595 0.02391028
Algorithm converged after  2  iterations.
[1] 0.03184668 0.02391028
Algorithm converged after  2  iterations.
[1] 0.03104595 0.03184668 0.02391028
Algorithm converged after  2  iterations.
[1] 0.05321833
Algorithm converged after  2  iterations.
[1] 0.05321833 0.01766970
[1] 0.05823365 0.02937515
[1] 0.05828624 0.02950205
[1] 0.05828675 0.02950699
Algorithm converged after  35  iterations.
[1] 0.05321833 0.01658579
[1] 0.06698240 0.03576125
[1] 0.06723745 0.03615935
[1] 0.06725707 0.03619752
[1] 0.06725887 0.03620117
Algorithm converged after  46  iterations.
[1] 0.05321833 0.01037191
[1] 0.09779169 0.04436305
[1] 0.10285872 0.04968205
[1] 0.10293260 0.04973642
Algorithm converged after  36  iterations.
[1] 0.05321833 0.01766970 0.01658579
[1] 0.08256268 0.02706674 0.03653182
[1] 0.08335214 0.02716542 0.03649906
[1] 0.08330940 0.02715894 0.03644275
[1] 0.08330589 0.02715768 0.03643498
[1] 0.08330572 0.02715750 0.03643395
Algorithm converged after  51  iterations.
[1] 0.05321833 0.01766970 0.01037191
[1] 0.09669146 0.02658388 0.04619462
[1] 0.11362923 0.02928907 0.06953937
[1] 0.11427942 0.02944122 0.07021868
[1] 0.11432897 0.02944640 0.07025467
[1] 0.11433273 0.02944673 0.07025724
Algorithm converged after  51  iterations.
[1] 0.05321833 0.01658579 0.01037191
[1] 0.17138752 0.02929160 0.07344115
[1] 0.16954733 0.02730016 0.08965091
[1] 0.16944414 0.02729626 0.09004201
[1] 0.16945014 0.02729661 0.09005782
Algorithm converged after  48  iterations.
[1] 0.05321833 0.01766970 0.01658579 0.01037191
[1] 0.27015908 0.03738208 0.04731999 0.06368764
[1] 0.50423087 0.04686458 0.05976078 0.18802946
[1] 0.61791824 0.07553019 0.06920522 0.36572515
[1] 0.8799449 0.1379998 0.1221793 0.5029877
[1] 1.1106546 0.1715906 0.1541084 0.6286202
[1] 1.3061581 0.1981513 0.1801703 0.7360068
[1] 1.4734842 0.2207224 0.2025984 0.8279598
[1] 1.6178882 0.2401779 0.2220747 0.9072997
[1] 1.7431491 0.2570458 0.2390476 0.9761083
[1] 1.8521623 0.2717203 0.2538700 1.0359832
[1] 1.9472491 0.2845159 0.2668330 1.0882040
[1] 2.0303233 0.2956918 0.2781818 1.1338242
[1] 2.1029906 0.3054651 0.2881253 1.1737275
[1] 2.1666140 0.3140201 0.2968431 1.2086632
[1] 2.2223600 0.3215144 0.3044899 1.2392726
[1] 2.2712327 0.3280835 0.3112001 1.2661073
[1] 2.3140999 0.3338445 0.3170902 1.2896443
[1] 2.3517145 0.3388988 0.3222620 1.3102969
[1] 2.3847307 0.3433348 0.3268041 1.3284245
[1] 2.4137187 0.3472291 0.3307939 1.3443404
[1] 2.4391757 0.3506487 0.3342991 1.3583174
[1] 2.4615363 0.3536521 0.3373790 1.3705943
[1] 2.4811803 0.3562905 0.3400856 1.3813797
[1] 2.4984402 0.3586085 0.3424643 1.3908560
[1] 2.5136072 0.3606453 0.3445550 1.3991832
[1] 2.5269364 0.3624353 0.3463928 1.4065015
[1] 2.5386517 0.3640084 0.3480083 1.4129336
[1] 2.5489493 0.3653911 0.3494285 1.4185873
[1] 2.5580012 0.3666066 0.3506771 1.4235571
[1] 2.5659588 0.3676750 0.3517749 1.4279261
[1] 2.5729546 0.3686143 0.3527400 1.4317670
[1] 2.5791052 0.3694401 0.3535887 1.4351438
[1] 2.5845128 0.3701661 0.3543349 1.4381128
[1] 2.5892675 0.3708044 0.3549910 1.4407232
[1] 2.5934481 0.3713657 0.3555679 1.4430185
[1] 2.5971241 0.3718592 0.3560753 1.4450368
[1] 2.6003565 0.3722932 0.3565214 1.4468114
[1] 2.6031988 0.3726747 0.3569137 1.4483719
[1] 2.6056982 0.3730103 0.3572587 1.4497442
[1] 2.6078960 0.3733053 0.3575621 1.4509508
[1] 2.6098288 0.3735648 0.3578289 1.4520120
[1] 2.6115284 0.3737930 0.3580635 1.4529451
[1] 2.6130230 0.3739936 0.3582698 1.4537657
[1] 2.6143373 0.3741701 0.3584512 1.4544873
[1] 2.6154932 0.3743252 0.3586108 1.4551219
[1] 2.6165097 0.3744617 0.3587511 1.4556800
[1] 2.6174036 0.3745817 0.3588745 1.4561708
[1] 2.6181897 0.3746872 0.3589830 1.4566024
[1] 2.6188811 0.3747800 0.3590785 1.4569819
Algorithm did not converge after  500  iterations.
numeric(0)
Algorithm converged after  1  iterations.
[1] 0.0344554
Algorithm converged after  2  iterations.
[1] 0.02796027
Algorithm converged after  2  iterations.
[1] 0.02568983
Algorithm converged after  2  iterations.
[1] 0.03445540 0.02796027
Algorithm converged after  2  iterations.
[1] 0.03445540 0.02568983
Algorithm converged after  2  iterations.
[1] 0.02796027 0.02568983
Algorithm converged after  2  iterations.
[1] 0.03445540 0.02796027 0.02568983
Algorithm converged after  2  iterations.
[1] 0.0564117
Algorithm converged after  2  iterations.
[1] 0.05641170 0.01655284
[1] 0.05552947 0.02772064
[1] 0.05547962 0.02778231
Algorithm converged after  30  iterations.
[1] 0.05641170 0.01612797
[1] 0.07717014 0.03273613
[1] 0.07744816 0.03289237
[1] 0.07746218 0.03291031
[1] 0.07746325 0.03291290
Algorithm converged after  46  iterations.
[1] 0.056411695 0.009863965
[1] 0.09459019 0.04257967
[1] 0.09659841 0.04562776
Algorithm converged after  29  iterations.
[1] 0.05641170 0.01655284 0.01612797
[1] 0.09420393 0.02926185 0.03522469
[1] 0.09550242 0.02958794 0.03535329
[1] 0.09537579 0.02957896 0.03529221
[1] 0.09535897 0.02957595 0.03528341
[1] 0.09535721 0.02957544 0.03528208
Algorithm converged after  54  iterations.
[1] 0.056411695 0.016552844 0.009863965
[1] 0.10554270 0.02816154 0.04911008
[1] 0.12250800 0.03319281 0.07894861
[1] 0.12369295 0.03348012 0.08015930
[1] 0.12380535 0.03349424 0.08024186
[1] 0.12381563 0.03349539 0.08024909
Algorithm converged after  55  iterations.
[1] 0.056411695 0.016127969 0.009863965
[1] 0.16592229 0.02953008 0.05722682
[1] 0.15332228 0.02331531 0.06834147
[1] 0.14934812 0.02301511 0.06669848
[1] 0.14915065 0.02301027 0.06650153
[1] 0.14914771 0.02301110 0.06648766
Algorithm converged after  56  iterations.
[1] 0.056411695 0.016552844 0.016127969 0.009863965
[1] 0.30490314 0.04316681 0.05316735 0.05986228
[1] 0.61887221 0.08700049 0.11188025 0.12493153
[1] 0.8705968 0.1495909 0.1832280 0.1619430
[1] 0.9917750 0.1698282 0.1816492 0.4610559
[1] 1.1653571 0.1945432 0.2066604 0.5849077
[1] 1.3439269 0.2214974 0.2336664 0.6742685
[1] 1.5056303 0.2460206 0.2580609 0.7542269
[1] 1.6518023 0.2682306 0.2800657 0.8265064
[1] 1.7841339 0.2883643 0.2999522 0.8919772
[1] 1.9040807 0.3066323 0.3179517 0.9513500
[1] 2.0129047 0.3232196 0.3342625 1.0052400
[1] 2.1117127 0.3382901 0.3490573 1.0541876
[1] 2.2014827 0.3519895 0.3624874 1.0986717
[1] 2.2830846 0.3644480 0.3746867 1.1391189
[1] 2.3572946 0.3757823 0.3857740 1.1759106
[1] 2.4248083 0.3860972 0.3958553 1.2093891
[1] 2.4862502 0.3954870 0.4050258 1.2398621
[1] 2.5421827 0.4040369 0.4133704 1.2676068
[1] 2.5931124 0.4118238 0.4209660 1.2928734
[1] 2.6394974 0.4189170 0.4278815 1.3158881
[1] 2.6817513 0.4253796 0.4341794 1.3368554
[1] 2.7202489 0.4312685 0.4399159 1.3559605
[1] 2.7553294 0.4366354 0.4451421 1.3733713
[1] 2.7873007 0.4415272 0.4499041 1.3892402
[1] 2.8164419 0.4459864 0.4542438 1.4037054
[1] 2.8430065 0.4500517 0.4581991 1.4168924
[1] 2.8672247 0.4537582 0.4618046 1.4289153
[1] 2.8893058 0.4571379 0.4650915 1.4398777
[1] 2.9094399 0.4602197 0.4680882 1.4498741
[1] 2.9278001 0.4630302 0.4708205 1.4589900
[1] 2.9445437 0.4655934 0.4733121 1.4673037
[1] 2.9598140 0.4679312 0.4755842 1.4748860
[1] 2.9737414 0.4700634 0.4776564 1.4818018
[1] 2.9864446 0.4720084 0.4795463 1.4881098
[1] 2.9980317 0.4737824 0.4812700 1.4938638
[1] 3.0086012 0.4754008 0.4828422 1.4991125
[1] 3.0182428 0.4768771 0.4842764 1.5039006
[1] 3.0270382 0.4782239 0.4855846 1.5082686
[1] 3.0350620 0.4794525 0.4867780 1.5122534
[1] 3.0423821 0.4805735 0.4878667 1.5158887
[1] 3.0490603 0.4815961 0.4888599 1.5192054
[1] 3.0551531 0.4825291 0.4897660 1.5222313
[1] 3.0607118 0.4833804 0.4905926 1.5249921
[1] 3.0657835 0.4841571 0.4913468 1.5275109
[1] 3.0704108 0.4848657 0.4920349 1.5298091
[1] 3.0746327 0.4855123 0.4926627 1.5319060
[1] 3.0784849 0.4861022 0.4932355 1.5338193
[1] 3.0819997 0.4866405 0.4937582 1.5355650
[1] 3.0852068 0.4871316 0.4942350 1.5371578
Algorithm did not converge after  500  iterations.
numeric(0)
Algorithm converged after  1  iterations.
[1] 0.03456029
Algorithm converged after  2  iterations.
[1] 0.03192276
Algorithm converged after  2  iterations.
[1] 0.02666025
Algorithm converged after  2  iterations.
[1] 0.03456029 0.03192276
Algorithm converged after  2  iterations.
[1] 0.03456029 0.02666025
Algorithm converged after  2  iterations.
[1] 0.03192276 0.02666025
Algorithm converged after  2  iterations.
[1] 0.03456029 0.03192276 0.02666025
Algorithm converged after  2  iterations.
[1] 0.05776422
Algorithm converged after  2  iterations.
[1] 0.05776422 0.01458038
[1] 0.06044900 0.02906171
[1] 0.06049716 0.02924589
[1] 0.06049415 0.02925190
Algorithm converged after  35  iterations.
[1] 0.05776422 0.01886642
[1] 0.08465944 0.03727150
[1] 0.08495686 0.03751587
[1] 0.08497140 0.03753507
[1] 0.08497255 0.03753662
Algorithm converged after  42  iterations.
[1] 0.05776422 0.01093075
[1] 0.08481583 0.03878505
[1] 0.1049140 0.0514612
[1] 0.10429912 0.05106671
Algorithm converged after  34  iterations.
[1] 0.05776422 0.01458038 0.01886642
[1] 0.08662992 0.02602093 0.03872657
[1] 0.08677193 0.02668013 0.04037040
[1] 0.08695596 0.02687636 0.04099417
[1] 0.08712405 0.02695402 0.04126264
[1] 0.08720700 0.02698602 0.04137570
[1] 0.08724290 0.02699929 0.04142284
[1] 0.08725795 0.02700480 0.04144245
[1] 0.08726422 0.02700710 0.04145060
[1] 0.08726682 0.02700805 0.04145399
[1] 0.08726790 0.02700845 0.04145540
[1] 0.08726835 0.02700861 0.04145599
Algorithm converged after  111  iterations.
[1] 0.05776422 0.01458038 0.01093075
[1] 0.11533840 0.02848125 0.05234176
[1] 0.13750363 0.03436189 0.08709276
[1] 0.13798765 0.03460053 0.08775949
[1] 0.13804635 0.03460797 0.08780026
[1] 0.13805281 0.03460869 0.08780456
Algorithm converged after  53  iterations.
[1] 0.05776422 0.01886642 0.01093075
[1] 0.19446151 0.03823181 0.05964293
[1] 0.17355338 0.02740747 0.08145430
[1] 0.16285755 0.02668383 0.07670630
[1] 0.16237638 0.02668021 0.07616397
[1] 0.16240314 0.02668413 0.07615034
[1] 0.16240791 0.02668445 0.07615241
Algorithm converged after  62  iterations.
[1] 0.05776422 0.01458038 0.01886642 0.01093075
[1] 0.32373569 0.04111531 0.05691496 0.07194079
[1] 0.64098229 0.06602522 0.09034482 0.19463041
[1] 0.78174698 0.08482169 0.06644392 0.44532220
[1] 1.0486671 0.1783751 0.1267134 0.6132704
[1] 1.3376767 0.2236331 0.1618286 0.7753959
[1] 1.5872438 0.2605268 0.1910332 0.9157592
[1] 1.8037935 0.2924061 0.2165530 1.0374639
[1] 1.9932586 0.3202666 0.2390190 1.1438786
[1] 2.1599756 0.3447644 0.2588778 1.2374718
[1] 2.3072485 0.3663926 0.2764808 1.3201189
[1] 2.4377028 0.3855418 0.2921154 1.3933064
[1] 2.5534912 0.4025313 0.3060220 1.4582511
[1] 2.6564181 0.4176284 0.3184054 1.5159710
[1] 2.7480190 0.4310603 0.3294420 1.5673313
[1] 2.8296153 0.4430220 0.3392849 1.6130762
[1] 2.9023537 0.4536828 0.3480682 1.6538506
[1] 2.9672347 0.4631901 0.3559095 1.6902171
[1] 3.0251359 0.4716732 0.3629123 1.7226687
[1] 3.0768297 0.4792457 0.3691683 1.7516393
[1] 3.1229976 0.4860078 0.3747587 1.7775115
[1] 3.1642424 0.4920482 0.3797553 1.8006236
[1] 3.2010984 0.4974452 0.3842221 1.8212755
[1] 3.2340397 0.5022686 0.3882159 1.8397331
[1] 3.2634876 0.5065800 0.3917873 1.8562327
[1] 3.2898169 0.5104346 0.3949814 1.8709845
[1] 3.3133609 0.5138813 0.3978383 1.8841754
[1] 3.3344171 0.5169635 0.4003939 1.8959722
[1] 3.3532502 0.5197202 0.4026801 1.9065233
[1] 3.3700965 0.5221860 0.4047254 1.9159611
[1] 3.3851669 0.5243918 0.4065555 1.9244039
[1] 3.3986496 0.5263651 0.4081929 1.9319571
[1] 3.4107125 0.5281305 0.4096581 1.9387149
[1] 3.4215059 0.5297101 0.4109693 1.9447613
[1] 3.4311637 0.5311235 0.4121426 1.9501716
[1] 3.4398060 0.5323882 0.4131926 1.9550129
[1] 3.4475396 0.5335200 0.4141323 1.9593452
[1] 3.4544605 0.5345327 0.4149732 1.9632221
[1] 3.4606542 0.5354391 0.4157259 1.9666917
[1] 3.4661973 0.5362502 0.4163996 1.9697968
[1] 3.4711582 0.5369762 0.4170025 1.9725757
[1] 3.4755982 0.5376259 0.4175421 1.9750629
[1] 3.4795720 0.5382073 0.4180251 1.9772889
[1] 3.4831288 0.5387278 0.4184574 1.9792813
[1] 3.4863122 0.5391936 0.4188444 1.9810645
[1] 3.4891615 0.5396105 0.4191907 1.9826606
[1] 3.4917118 0.5399837 0.4195007 1.9840892
[1] 3.4939946 0.5403177 0.4197782 1.9853679
[1] 3.4960378 0.5406167 0.4200266 1.9865124
[1] 3.4978667 0.5408843 0.4202489 1.9875369
Algorithm did not converge after  500  iterations.
numeric(0)
Algorithm converged after  1  iterations.
[1] 0.03206393
Algorithm converged after  2  iterations.
[1] 0.03111427
Algorithm converged after  2  iterations.
[1] 0.02580484
Algorithm converged after  2  iterations.
[1] 0.03206393 0.03111427
Algorithm converged after  2  iterations.
[1] 0.03206393 0.02580484
Algorithm converged after  2  iterations.
[1] 0.03111427 0.02580484
Algorithm converged after  2  iterations.
[1] 0.03206393 0.03111427 0.02580484
Algorithm converged after  2  iterations.
[1] 0.05479247
Algorithm converged after  2  iterations.
[1] 0.05479247 0.01754475
[1] 0.06571274 0.02806079
[1] 0.06565976 0.02806565
Algorithm converged after  24  iterations.
[1] 0.05479247 0.01655897
[1] 0.07116535 0.03314798
[1] 0.07116354 0.03337625
[1] 0.07115841 0.03340631
[1] 0.07115762 0.03341112
[1] 0.07115749 0.03341190
Algorithm converged after  51  iterations.
[1] 0.05479247 0.01003160
[1] 0.07362741 0.02481373
[1] 0.1026876 0.0497048
[1] 0.10288916 0.04998522
Algorithm converged after  36  iterations.
[1] 0.05479247 0.01754475 0.01655897
[1] 0.09027697 0.02860292 0.03147283
[1] 0.09128147 0.02895160 0.03145615
[1] 0.09122401 0.02894551 0.03139406
[1] 0.09121499 0.02894103 0.03137960
[1] 0.09121400 0.02893982 0.03137612
[1] 0.09121384 0.02893951 0.03137529
Algorithm converged after  63  iterations.
[1] 0.05479247 0.01754475 0.01003160
[1] 0.14208232 0.02739290 0.06347704
[1] 0.14296481 0.02942536 0.08708934
[1] 0.14191886 0.02943286 0.08669280
[1] 0.14180785 0.02942388 0.08661504
[1] 0.14179558 0.02942280 0.08660613
Algorithm converged after  57  iterations.
[1] 0.05479247 0.01655897 0.01003160
[1] 0.15946450 0.02603097 0.07043731
[1] 0.15358720 0.02340137 0.08321720
[1] 0.15403352 0.02343550 0.08385192
[1] 0.15411383 0.02344033 0.08392474
[1] 0.15412444 0.02344095 0.08393397
Algorithm converged after  58  iterations.
[1] 0.05479247 0.01754475 0.01655897 0.01003160
[1] 0.31781311 0.04665403 0.04543092 0.06531498
[1] 0.50237393 0.07156638 0.07049458 0.09431358
[1] 0.64284252 0.08851386 0.08817413 0.12776036
[1] 0.57023248 0.08157010 0.08283146 0.10482357
[1] 0.6508321 0.1037186 0.1038724 0.1073476
[1] 0.7356592 0.1357141 0.1297233 0.1883056
[1] 0.7979173 0.1251106 0.1199197 0.4491367
[1] 1.0228581 0.1530510 0.1455348 0.5722741
[1] 1.2312697 0.1790903 0.1690948 0.6833234
[1] 1.4220699 0.2029354 0.1905905 0.7849801
[1] 1.5970696 0.2248033 0.2102545 0.8782423
[1] 1.7578889 0.2448956 0.2282878 0.9639649
[1] 1.9059276 0.2633876 0.2448603 1.0428878
[1] 2.0423986 0.2804316 0.2601168 1.1156533
[1] 2.1683598 0.2961605 0.2741822 1.1828223
[1] 2.2847411 0.3106912 0.2871652 1.2448886
[1] 2.3923660 0.3241270 0.2991614 1.3022895
[1] 2.4919680 0.3365600 0.3102553 1.3554149
[1] 2.5842046 0.3480725 0.3205224 1.4046145
[1] 2.6696679 0.3587388 0.3300304 1.4502033
[1] 2.7488934 0.3686260 0.3388401 1.4924665
[1] 2.8223671 0.3777948 0.3470067 1.5316626
[1] 2.8905314 0.3863006 0.3545802 1.5680275
[1] 2.9537903 0.3941940 0.3616063 1.6017763
[1] 3.0125133 0.4015211 0.3681267 1.6331059
[1] 3.0670392 0.4083243 0.3741793 1.6621969
[1] 3.1176794 0.4146425 0.3797992 1.6892152
[1] 3.1647198 0.4205114 0.3850184 1.7143133
[1] 3.2084242 0.4259640 0.3898665 1.7376319
[1] 3.2490354 0.4310306 0.3943707 1.7593003
[1] 3.2867777 0.4357392 0.3985559 1.7794383
[1] 3.3218583 0.4401156 0.4024454 1.7981562
[1] 3.3544685 0.4441838 0.4060605 1.8155562
[1] 3.3847856 0.4479659 0.4094209 1.8317327
[1] 3.4129734 0.4514823 0.4125450 1.8467732
[1] 3.4391836 0.4547520 0.4154495 1.8607586
[1] 3.4635569 0.4577925 0.4181503 1.8737639
[1] 3.4862237 0.4606200 0.4206617 1.8858587
[1] 3.5073047 0.4632498 0.4229972 1.8971075
[1] 3.5269121 0.4656957 0.4251692 1.9075699
[1] 3.5451499 0.4679707 0.4271895 1.9173015
[1] 3.5621145 0.4700869 0.4290685 1.9263539
[1] 3.5778955 0.4720555 0.4308164 1.9347747
[1] 3.5925762 0.4738868 0.4324423 1.9426084
[1] 3.6062337 0.4755904 0.4339548 1.9498961
[1] 3.6189399 0.4771754 0.4353618 1.9566762
[1] 3.6307613 0.4786500 0.4366709 1.9629842
[1] 3.6417599 0.4800220 0.4378887 1.9688532
[1] 3.6519933 0.4812985 0.4390218 1.9743138
Algorithm did not converge after  500  iterations.
numeric(0)
Algorithm converged after  1  iterations.
[1] 0.03139971
Algorithm converged after  2  iterations.
[1] 0.03143215
Algorithm converged after  2  iterations.
[1] 0.02363923
Algorithm converged after  2  iterations.
[1] 0.03139971 0.03143215
Algorithm converged after  2  iterations.
[1] 0.03139971 0.02363923
Algorithm converged after  2  iterations.
[1] 0.03143215 0.02363923
Algorithm converged after  2  iterations.
[1] 0.03139971 0.03143215 0.02363923
Algorithm converged after  2  iterations.
[1] 0.05196815
Algorithm converged after  2  iterations.
[1] 0.05196815 0.01574652
[1] 0.05285740 0.02708885
[1] 0.05280022 0.02710664
[1] 0.05279366 0.02710699
Algorithm converged after  35  iterations.
[1] 0.05196815 0.01783702
[1] 0.07188650 0.03344997
[1] 0.07203060 0.03343463
Algorithm converged after  27  iterations.
[1] 0.05196815 0.01015369
[1] 0.08882188 0.03443348
[1] 0.08810330 0.04174634
[1] 0.08780729 0.04149624
[1] 0.08779762 0.04148808
Algorithm converged after  44  iterations.
[1] 0.05196815 0.01574652 0.01783702
[1] 0.08293970 0.02521735 0.03283714
[1] 0.08597343 0.02546083 0.03320580
[1] 0.08622559 0.02547997 0.03323328
[1] 0.08624540 0.02548141 0.03323535
Algorithm converged after  48  iterations.
[1] 0.05196815 0.01574652 0.01015369
[1] 0.11279228 0.02707528 0.06009490
[1] 0.11325906 0.02888738 0.07167084
[1] 0.11485391 0.02902727 0.07298096
[1] 0.11512650 0.02904923 0.07319698
[1] 0.11517205 0.02905289 0.07323304
[1] 0.11517966 0.02905350 0.07323907
Algorithm converged after  68  iterations.
[1] 0.05196815 0.01783702 0.01015369
[1] 0.16765412 0.03238551 0.05748675
[1] 0.14164183 0.02617519 0.06783902
[1] 0.14037688 0.02606254 0.06786294
[1] 0.14029429 0.02605793 0.06782184
[1] 0.14028390 0.02605758 0.06781268
[1] 0.14028212 0.02605753 0.06781093
Algorithm converged after  62  iterations.
[1] 0.05196815 0.01574652 0.01783702 0.01015369
[1] 0.30769261 0.04273773 0.05823629 0.05345281
[1] 0.62760009 0.08821771 0.12083969 0.11071017
[1] 0.8754372 0.1404432 0.1758947 0.2339086
[1] 0.9480397 0.1272571 0.1598413 0.5071750
[1] 1.1368056 0.1488683 0.1856067 0.6120190
[1] 1.3091255 0.1690753 0.2091234 0.7030768
[1] 1.4644841 0.1873857 0.2302858 0.7850949
[1] 1.6053964 0.2040464 0.2494519 0.8595249
[1] 1.7337962 0.2192647 0.2668949 0.9273794
[1] 1.8511941 0.2332060 0.2828274 0.9894454
[1] 1.9588133 0.2460066 0.2974204 1.0463610
[1] 2.0576702 0.2577807 0.3108156 1.0986574
[1] 2.1486263 0.2686261 0.3231327 1.1467856
[1] 2.2324233 0.2786276 0.3344741 1.1911349
[1] 2.3097079 0.2878596 0.3449293 1.2320447
[1] 2.3810497 0.2963880 0.3545765 1.2698145
[1] 2.4469544 0.3042715 0.3634852 1.3047106
[1] 2.5078744 0.3115629 0.3717173 1.3369712
[1] 2.5642165 0.3183099 0.3793286 1.3668106
[1] 2.6163482 0.3245554 0.3863693 1.3944228
[1] 2.6646027 0.3303388 0.3928848 1.4199836
[1] 2.7092835 0.3356959 0.3989164 1.4436531
[1] 2.7506671 0.3406592 0.4045018 1.4655775
[1] 2.7890066 0.3452588 0.4096755 1.4858904
[1] 2.8245338 0.3495222 0.4144689 1.5047143
[1] 2.8574615 0.3534746 0.4189109 1.5221618
[1] 2.8879851 0.3571392 0.4230280 1.5383362
[1] 2.9162846 0.3605375 0.4268447 1.5533327
[1] 2.9425255 0.3636892 0.4303833 1.5672388
[1] 2.9668606 0.3666124 0.4336646 1.5801354
[1] 2.9894308 0.3693241 0.4367076 1.5920971
[1] 3.0103661 0.3718397 0.4395299 1.6031927
[1] 3.0297867 0.3741736 0.4421479 1.6134858
[1] 3.0478036 0.3763391 0.4445764 1.6230351
[1] 3.0645195 0.3783484 0.4468294 1.6318951
[1] 3.0800294 0.3802129 0.4489197 1.6401160
[1] 3.0944211 0.3819432 0.4508593 1.6477444
[1] 3.1077759 0.3835489 0.4526590 1.6548233
[1] 3.1201692 0.3850392 0.4543290 1.6613927
[1] 3.1316708 0.3864223 0.4558788 1.6674894
[1] 3.142345 0.387706 0.457317 1.673148
[1] 3.1522522 0.3888975 0.4586519 1.6783995
[1] 3.1614474 0.3900035 0.4598908 1.6832739
[1] 3.1699821 0.3910301 0.4610406 1.6877982
[1] 3.1779041 0.3919830 0.4621079 1.6919978
[1] 3.1852576 0.3928676 0.4630985 1.6958960
[1] 3.1920834 0.3936887 0.4640181 1.6995145
[1] 3.1984197 0.3944510 0.4648716 1.7028735
[1] 3.2043015 0.3951587 0.4656640 1.7059917
Algorithm did not converge after  500  iterations.
numeric(0)
Algorithm converged after  1  iterations.
[1] 0.03080444
Algorithm converged after  2  iterations.
[1] 0.02917386
Algorithm converged after  2  iterations.
[1] 0.02642937
Algorithm converged after  2  iterations.
[1] 0.03080444 0.02917386
Algorithm converged after  2  iterations.
[1] 0.03080444 0.02642937
Algorithm converged after  2  iterations.
[1] 0.02917386 0.02642937
Algorithm converged after  2  iterations.
[1] 0.03080444 0.02917386 0.02642937
Algorithm converged after  2  iterations.
[1] 0.05112426
Algorithm converged after  2  iterations.
[1] 0.05112426 0.01608719
[1] 0.05998602 0.03102054
[1] 0.06006137 0.03114658
[1] 0.06005034 0.03115243
Algorithm converged after  39  iterations.
[1] 0.05112426 0.01816496
[1] 0.07687391 0.04367309
[1] 0.07755372 0.04400492
[1] 0.07760613 0.04402939
[1] 0.07761102 0.04403202
Algorithm converged after  44  iterations.
[1] 0.051124259 0.009501201
[1] 0.08297481 0.04007458
[1] 0.09058917 0.04859105
[1] 0.09002992 0.04799057
Algorithm converged after  35  iterations.
[1] 0.05112426 0.01608719 0.01816496
[1] 0.09457961 0.02694187 0.03985703
[1] 0.09719240 0.02692695 0.03957470
[1] 0.09648090 0.02683111 0.03898968
[1] 0.09623752 0.02679994 0.03877998
[1] 0.09617377 0.02678824 0.03870385
[1] 0.09615450 0.02678337 0.03867370
[1] 0.09614752 0.02678128 0.03866114
[1] 0.09614472 0.02678038 0.03865579
[1] 0.09614354 0.02677999 0.03865349
[1] 0.09614304 0.02677982 0.03865250
Algorithm converged after  108  iterations.
[1] 0.051124259 0.016087193 0.009501201
[1] 0.09760068 0.03238330 0.04231355
[1] 0.13288340 0.03143166 0.08852270
[1] 0.1296919 0.0319847 0.0883491
[1] 0.12928167 0.03194568 0.08808536
[1] 0.12924724 0.03194139 0.08806115
Algorithm converged after  59  iterations.
[1] 0.051124259 0.018164965 0.009501201
[1] 0.15850231 0.04246573 0.04896844
[1] 0.16531924 0.02973899 0.08123031
[1] 0.13646137 0.02661988 0.07446423
[1] 0.13428760 0.02651810 0.07273653
[1] 0.13420424 0.02651718 0.07258808
[1] 0.13420473 0.02651753 0.07257910
Algorithm converged after  64  iterations.
[1] 0.051124259 0.016087193 0.018164965 0.009501201
[1] 0.32978639 0.05188920 0.06137869 0.06501222
[1] 0.6814754 0.1222333 0.1370527 0.1342741
[1] 0.8803114 0.1400644 0.1249392 0.4537623
[1] 1.0846286 0.1658020 0.1429131 0.6159978
[1] 1.2833556 0.1940970 0.1660229 0.7288077
[1] 1.4508556 0.2181722 0.1857385 0.8223710
[1] 1.5918512 0.2385182 0.2024111 0.9009989
[1] 1.7111319 0.2557744 0.2165584 0.9674919
[1] 1.8124978 0.2704654 0.2286070 1.0239907
[1] 1.8989550 0.2830128 0.2389004 1.0721773
[1] 1.9729131 0.2937574 0.2477168 1.1133971
[1] 2.036329 0.302978 0.255284 1.148741
[1] 2.0908094 0.3109047 0.2617902 1.1791062
[1] 2.1376869 0.3177288 0.2673921 1.2052339
[1] 2.1780743 0.3236106 0.2722209 1.2277447
[1] 2.2129070 0.3286854 0.2763875 1.2471599
[1] 2.2429757 0.3330674 0.2799855 1.2639200
[1] 2.2689510 0.3368538 0.2830946 1.2783987
[1] 2.2914042 0.3401275 0.2857829 1.2909144
[1] 2.3108230 0.3429593 0.2881083 1.3017388
[1] 2.3276249 0.3454098 0.2901208 1.3111047
[1] 2.3421681 0.3475312 0.2918630 1.3192116
[1] 2.3547603 0.3493682 0.2933716 1.3262310
[1] 2.3656661 0.3509593 0.2946784 1.3323104
[1] 2.3751137 0.3523378 0.2958105 1.3375769
[1] 2.3832996 0.3535322 0.2967916 1.3421402
[1] 2.3903936 0.3545675 0.2976418 1.3460948
[1] 2.3965423 0.3554648 0.2983788 1.3495224
[1] 2.4018722 0.3562426 0.2990177 1.3524936
[1] 2.4064929 0.3569170 0.2995716 1.3550696
[1] 2.4104992 0.3575017 0.3000519 1.3573029
[1] 2.4139731 0.3580088 0.3004683 1.3592395
[1] 2.4169855 0.3584484 0.3008295 1.3609188
[1] 2.4195979 0.3588298 0.3011427 1.3623751
[1] 2.4218635 0.3591605 0.3014143 1.3636381
[1] 2.4238284 0.3594473 0.3016499 1.3647335
[1] 2.4255327 0.3596960 0.3018542 1.3656836
[1] 2.4270109 0.3599118 0.3020314 1.3665077
[1] 2.4282930 0.3600990 0.3021852 1.3672225
[1] 2.4294052 0.3602613 0.3023185 1.3678425
[1] 2.4303699 0.3604022 0.3024342 1.3683803
[1] 2.4312068 0.3605243 0.3025345 1.3688468
[1] 2.4319327 0.3606303 0.3026216 1.3692515
[1] 2.4325624 0.3607222 0.3026971 1.3696026
[1] 2.4331087 0.3608020 0.3027626 1.3699071
[1] 2.4335826 0.3608711 0.3028194 1.3701713
[1] 2.4339937 0.3609311 0.3028687 1.3704005
[1] 2.4343503 0.3609832 0.3029115 1.3705993
[1] 2.4346597 0.3610284 0.3029486 1.3707718
Algorithm did not converge after  500  iterations.
Warning messages:
1: In max(abs(CT), na.rm = T) :
  no non-missing arguments to max; returning -Inf
2: In max(abs(CT), na.rm = T) :
  no non-missing arguments to max; returning -Inf
3: In max(abs(CT), na.rm = T) :
  no non-missing arguments to max; returning -Inf
4: In max(abs(CT), na.rm = T) :
  no non-missing arguments to max; returning -Inf
5: In max(abs(CT), na.rm = T) :
  no non-missing arguments to max; returning -Inf
6: In max(abs(CT), na.rm = T) :
  no non-missing arguments to max; returning -Inf
7: In max(abs(CT), na.rm = T) :
  no non-missing arguments to max; returning -Inf
8: In max(abs(CT), na.rm = T) :
  no non-missing arguments to max; returning -Inf
9: In max(abs(CT), na.rm = T) :
  no non-missing arguments to max; returning -Inf
10: In max(abs(CT), na.rm = T) :
  no non-missing arguments to max; returning -Inf
[1] "Best iter parameter is:"
      gam     rankJ    rankA1    rankA2    rankA3 
0.1111111 1.0000000 0.0000000 0.0000000 1.0000000 
[1] 0.05085345 0.00915205
[1] 0.05951182 0.01699977
[1] 0.09233579 0.04227919
[1] 0.09175507 0.04256738
Algorithm converged after  37  iterations.
         [,1]     [,2]     [,3]
[1,] 7.143329 8.270192 50.88729
