myseed=1 
myseed=9190 
myseed=6571 
Loading required package: Matrix
myseed=3731 
myseed=8227myseed=8423  

myseed=2797 
myseed=707 
myseed=7583 
myseed=6317 
myseed=4535 
myseed=5545 
myseed=4608 
myseed=5482 
myseed=8770 
myseed=2125 
myseed=6648 
myseed=1748myseed=7447  
myseed=4271
myseed=1847myseed=5676Loading required package: Matrix
 Loading required package: Matrix
  myseed=2247
 Loading required package: Matrix

Loading required package: Matrix


myseed=1749 
myseed=4171myseed=9414myseed=7005myseed=7640Loading required package: Matrix
 myseed=8542  

  
myseed=1700myseed=3811myseed=6320Loading required package: Matrix


  

 
Loading required package: Matrix
Loading required package: Matrix
myseed=7863myseed=8542myseed=9958myseed=1602  myseed=9448 

 myseed=1050
 
myseed=6270 Loading required package: Matrix

 

myseed=9287 
Loading required package: Matrix
Loading required package: Matrix
myseed=5865myseed=3224myseed=2391myseed=983    myseed=3441

Loading required package: Matrix
 


Loading required package: Matrix
Loading required package: Matrix
Loading required package: Matrix
Loading required package: Matrix
Loading required package: Matrix
Loading required package: Matrix
Loading required package: Matrix
Loading required package: Matrix
Loading required package: Matrix
Loading required package: Matrix
myseed=2234 
Loading required package: Matrix
myseed=9312Loading required package: Matrix
 Loading required package: Matrix
Loading required package: Matrix

Loading required package: Matrix
Loading required package: Matrix
Loading required package: Matrix
Loading required package: Matrix
Loading required package: Matrix
Loading required package: Matrix
Loading required package: Matrix
Loading required package: Matrix
Loading required package: Matrix
Loading required package: Matrix
Loading required package: Matrix
Loading required package: Matrix
myseed=4953 
Loading required package: Matrix
Loading required package: Matrix
Loading required package: Matrix
Loading required package: Matrix
Loading required package: Matrix
Loading required package: Matrix
Loading required package: Matrix
Loading required package: Matrix
Loading required package: Matrix
Loading required package: foreach
Loading required package: Matrix
Loading required package: Matrix
Loaded glmnet 2.0-18


Attaching package: ‘pls’

The following object is masked from ‘package:stats’:

    loadings

Loading required package: foreach
Loading required package: foreach
Loaded glmnet 2.0-18

Loaded glmnet 2.0-18


Attaching package: ‘pls’


Attaching package: ‘pls’

The following object is masked from ‘package:stats’:

    loadings

The following object is masked from ‘package:stats’:

    loadings

[1] 0.002578755
[1] 0.002706279
[1][1] 0.003342614
 0.002944898
[1][1] 0.001995456
 0.003000021
Loading required package: foreach
Loading required package: foreach
Loading required package: foreach
Loading required package: foreach
Loading required package: foreach
Loading required package: foreach
Loading required package: foreach
Loading required package: foreach
Loading required package: foreach
Loading required package: foreach
Loaded glmnet 2.0-18

Loaded glmnet 2.0-18

Loaded glmnet 2.0-18


Attaching package: ‘pls’

The following object is masked from ‘package:stats’:

    loadings


Attaching package: ‘pls’

Loaded glmnet 2.0-18

The following object is masked from ‘package:stats’:

    loadings


Attaching package: ‘pls’

The following object is masked from ‘package:stats’:

    loadings

Loading required package: foreach
Loaded glmnet 2.0-18


Attaching package: ‘pls’

The following object is masked from ‘package:stats’:

    loadings

Loading required package: foreach

Attaching package: ‘pls’

Loading required package: foreach
The following object is masked from ‘package:stats’:

    loadings

Loading required package: foreach
Loaded glmnet 2.0-18

Loading required package: foreach
Loaded glmnet 2.0-18

Loaded glmnet 2.0-18

Loaded glmnet 2.0-18

Loaded glmnet 2.0-18


Attaching package: ‘pls’

Loading required package: foreach
Loading required package: foreach
The following object is masked from ‘package:stats’:

    loadings

Loading required package: foreach

Attaching package: ‘pls’


Attaching package: ‘pls’

Loading required package: foreach
The following object is masked from ‘package:stats’:

    loadings


Attaching package: ‘pls’


Attaching package: ‘pls’

The following object is masked from ‘package:stats’:

    loadings

The following object is masked from ‘package:stats’:

    loadings

Loaded glmnet 2.0-18

The following object is masked from ‘package:stats’:

    loadings


Attaching package: ‘pls’

Loading required package: foreach
Loading required package: foreach
The following object is masked from ‘package:stats’:

    loadings

Loaded glmnet 2.0-18

Loading required package: foreach
Loaded glmnet 2.0-18

Loading required package: foreach
Loaded glmnet 2.0-18


Attaching package: ‘pls’

Loading required package: foreach
Loaded glmnet 2.0-18

Loading required package: foreach
Loading required package: foreach

Attaching package: ‘pls’

The following object is masked from ‘package:stats’:

    loadings

Loading required package: foreach
Loaded glmnet 2.0-18

Loaded glmnet 2.0-18

The following object is masked from ‘package:stats’:

    loadings

Loaded glmnet 2.0-18


Attaching package: ‘pls’

Loading required package: foreach
Loaded glmnet 2.0-18

Loading required package: foreach
The following object is masked from ‘package:stats’:

    loadings

Loading required package: foreach

Attaching package: ‘pls’


Attaching package: ‘pls’

Loading required package: foreach
Loading required package: foreach
Loading required package: foreach
The following object is masked from ‘package:stats’:

    loadings


Attaching package: ‘pls’

Loading required package: foreach

Attaching package: ‘pls’

Loading required package: foreach

Attaching package: ‘pls’

The following object is masked from ‘package:stats’:

    loadings

Loaded glmnet 2.0-18

The following object is masked from ‘package:stats’:

    loadings

Loaded glmnet 2.0-18

The following object is masked from ‘package:stats’:

    loadings

The following object is masked from ‘package:stats’:

    loadings

Loaded glmnet 2.0-18

Loaded glmnet 2.0-18

Loading required package: foreach
Loaded glmnet 2.0-18


Attaching package: ‘pls’

The following object is masked from ‘package:stats’:

    loadings


Attaching package: ‘pls’

The following object is masked from ‘package:stats’:

    loadings


Attaching package: ‘pls’

Loaded glmnet 2.0-18

Loaded glmnet 2.0-18

Loading required package: foreach
The following object is masked from ‘package:stats’:

    loadings

Loaded glmnet 2.0-18

Loaded glmnet 2.0-18


Attaching package: ‘pls’


Attaching package: ‘pls’

Loading required package: foreach
The following object is masked from ‘package:stats’:

    loadings

Loaded glmnet 2.0-18


Attaching package: ‘pls’

The following object is masked from ‘package:stats’:

    loadings

Loaded glmnet 2.0-18

Loading required package: foreach
Loading required package: foreach
Loaded glmnet 2.0-18


Attaching package: ‘pls’


Attaching package: ‘pls’


Attaching package: ‘pls’

Loaded glmnet 2.0-18

Loading required package: foreach

Attaching package: ‘pls’

The following object is masked from ‘package:stats’:

    loadings

Loaded glmnet 2.0-18

Loaded glmnet 2.0-18

The following object is masked from ‘package:stats’:

    loadings

The following object is masked from ‘package:stats’:

    loadings

The following object is masked from ‘package:stats’:

    loadings

Loading required package: foreach

Attaching package: ‘pls’

The following object is masked from ‘package:stats’:

    loadings


Attaching package: ‘pls’


Attaching package: ‘pls’

Loaded glmnet 2.0-18

The following object is masked from ‘package:stats’:

    loadings

The following object is masked from ‘package:stats’:

    loadings

Loaded glmnet 2.0-18

The following object is masked from ‘package:stats’:

    loadings


Attaching package: ‘pls’


Attaching package: ‘pls’

The following object is masked from ‘package:stats’:

    loadings

The following object is masked from ‘package:stats’:

    loadings

Loaded glmnet 2.0-18


Attaching package: ‘pls’


Attaching package: ‘pls’

The following object is masked from ‘package:stats’:

    loadings

Loading required package: foreach
The following object is masked from ‘package:stats’:

    loadings

Loaded glmnet 2.0-18


Attaching package: ‘pls’

The following object is masked from ‘package:stats’:

    loadings


Attaching package: ‘pls’

The following object is masked from ‘package:stats’:

    loadings

Loaded glmnet 2.0-18

Loaded glmnet 2.0-18

Loaded glmnet 2.0-18

Loaded glmnet 2.0-18


Attaching package: ‘pls’

The following object is masked from ‘package:stats’:

    loadings


Attaching package: ‘pls’

The following object is masked from ‘package:stats’:

    loadings


Attaching package: ‘pls’

The following object is masked from ‘package:stats’:

    loadings


Attaching package: ‘pls’

The following object is masked from ‘package:stats’:

    loadings

Loaded glmnet 2.0-18


Attaching package: ‘pls’

The following object is masked from ‘package:stats’:

    loadings

[1] 0.002956353
[1] 0.00308628
[1][1][1] 0.005077388
 0.002946165 0.002923955
[1]
[1] 0.002681448[1] 0.002304661

 0.002416793[1]
 0.002437156[1]
 0.002919521
[1] 0.002474511
[1] 0.003417282
[1] 0.001888942
[1] 0.003404113
[1] 0.002162644
[1] 0.002596409
[1] 0.002749327
[1] 0.001380301
[1][1] 0.003570447 0.003226056

[1][1] 0.002343995
 0.002215282
[1] 0.002312538
[1] 0.002865203
[1] 0.00265999
[1] 0.002386439
[1] 0.002647124
[1] 0.00322016
[1][1] 0.002656454 0.002719832

[1][1] 0.002497794 0.003183162

Loading required package: foreach
[1][1] 0.0033802
 0.002292299[1] 0.003271806

[1] 0.003387008
[1] 0.002040466
[1] 0.001480441
[1][1] 0.003958826
 0.002655155
[1][1] 0.002640885 0.002373712

[1] 0.002433553
[1] 0.002716121
[1] 0.00277478
[1] 0.003582632
[1] 0.002782413
[1] 0.003223267
[1][1] 0.002763339
 0.003210729
[1] 0.001359753[1]
 0.003005799
[1] 0.002094071
[1] 0.00307942
[1][1] 0.003210729
 0.002232648
[1][1] 0.003005799 0.002765942

[1][1][1] 0.002945104 0.002095666[1] 0.002518739
Loaded glmnet 2.0-18


 0.002297378
[1][1]
[1][1] 0.002539692 0.004941992[1] 0.001733716 0.00356102

[1]
 0.002931101 0.003174384

Attaching package: ‘pls’


[1][1][1]The following object is masked from ‘package:stats’:

    loadings

[1] 0.002765065 0.003713191 0.002110266 0.00305946

[1] 0.00284773
[1] 0.002608633


[1][1]
 0.002501125 0.002600411[1][1]

 0.004105821 0.003150196

[1][1] 0.002365103 0.003491693

[1] 0.003218598
[1] 0.002582174
[1] 0.00227567
[1] 0.004115896
[1] 0.00205893
[1] 0.003204587
Loading required package: foreach
Loading required package: foreach
[1] 0.002744585
[1] 0.002466136
Loaded glmnet 2.0-18


Attaching package: ‘pls’

Loaded glmnet 2.0-18

The following object is masked from ‘package:stats’:

    loadings


Attaching package: ‘pls’

The following object is masked from ‘package:stats’:

    loadings

Loading required package: foreach
[1] 0.002314378
[1] 0.00273382
[1] 0.00282076
[1] 0.001828363
Loaded glmnet 2.0-18


Attaching package: ‘pls’

The following object is masked from ‘package:stats’:

    loadings

[1] 0.003207329
[1] 0.003278372
