myseed=5545 

Attaching package: ‘pls’

The following object is masked from ‘package:stats’:

    loadings

Loading required package: lattice
Loading required package: ggplot2
Registered S3 methods overwritten by 'ggplot2':
  method         from 
  [.quosures     rlang
  c.quosures     rlang
  print.quosures rlang

Attaching package: ‘caret’

The following object is masked from ‘package:pls’:

    R2

Loading required package: Matrix
Loading required package: foreach
Loaded glmnet 2.0-18

Parsed with column specification:
cols(
  .default = col_double()
)
See spec(...) for full column specifications.
Parsed with column specification:
cols(
  X1 = col_double()
)
Parsed with column specification:
cols(
  X1 = col_double()
)
numeric(0)
Algorithm converged after  1  iterations.
[1] 0.1339142
Algorithm converged after  2  iterations.
[1] 0.1237025
Algorithm converged after  2  iterations.
[1] 0.1034915
Algorithm converged after  2  iterations.
[1] 0.1339142 0.1237025
Algorithm converged after  2  iterations.
[1] 0.1339142 0.1034915
Algorithm converged after  2  iterations.
[1] 0.1237025 0.1034915
Algorithm converged after  2  iterations.
[1] 0.1339142 0.1237025 0.1034915
Algorithm converged after  2  iterations.
[1] 0.1812723
Algorithm converged after  2  iterations.
[1] 0.1812723
Algorithm converged after  2  iterations.
[1] 0.1812723
Algorithm converged after  2  iterations.
[1] 0.1812723
Algorithm converged after  2  iterations.
[1] 0.1812723
Algorithm converged after  2  iterations.
[1] 0.1812723
Algorithm converged after  2  iterations.
[1] 0.1812723
Algorithm converged after  2  iterations.
[1] 0.1812723
Algorithm converged after  2  iterations.
numeric(0)
Algorithm converged after  1  iterations.
[1] 0.1416438
Algorithm converged after  2  iterations.
[1] 0.1284329
Algorithm converged after  2  iterations.
[1] 0.09666472
Algorithm converged after  2  iterations.
[1] 0.1416438 0.1284329
Algorithm converged after  2  iterations.
[1] 0.14164383 0.09666472
Algorithm converged after  2  iterations.
[1] 0.12843286 0.09666472
Algorithm converged after  2  iterations.
[1] 0.14164383 0.12843286 0.09666472
Algorithm converged after  2  iterations.
[1] 0.1724148
Algorithm converged after  2  iterations.
[1] 0.1724148
Algorithm converged after  2  iterations.
[1] 0.1724148
Algorithm converged after  2  iterations.
[1] 0.1724148
Algorithm converged after  2  iterations.
[1] 0.1724148
Algorithm converged after  2  iterations.
[1] 0.1724148
Algorithm converged after  2  iterations.
[1] 0.1724148
Algorithm converged after  2  iterations.
[1] 0.1724148
Algorithm converged after  2  iterations.
numeric(0)
Algorithm converged after  1  iterations.
[1] 0.1307675
Algorithm converged after  2  iterations.
[1] 0.1226982
Algorithm converged after  2  iterations.
[1] 0.1021055
Algorithm converged after  2  iterations.
[1] 0.1307675 0.1226982
Algorithm converged after  2  iterations.
[1] 0.1307675 0.1021055
Algorithm converged after  2  iterations.
[1] 0.1226982 0.1021055
Algorithm converged after  2  iterations.
[1] 0.1307675 0.1226982 0.1021055
Algorithm converged after  2  iterations.
[1] 0.1701328
Algorithm converged after  2  iterations.
[1] 0.1701328
Algorithm converged after  2  iterations.
[1] 0.1701328
Algorithm converged after  2  iterations.
[1] 0.1701328
Algorithm converged after  2  iterations.
[1] 0.1701328
Algorithm converged after  2  iterations.
[1] 0.1701328
Algorithm converged after  2  iterations.
[1] 0.1701328
Algorithm converged after  2  iterations.
[1] 0.1701328
Algorithm converged after  2  iterations.
numeric(0)
Algorithm converged after  1  iterations.
[1] 0.1380555
Algorithm converged after  2  iterations.
[1] 0.130178
Algorithm converged after  2  iterations.
[1] 0.09985485
Algorithm converged after  2  iterations.
[1] 0.1380555 0.1301780
Algorithm converged after  2  iterations.
[1] 0.13805554 0.09985485
Algorithm converged after  2  iterations.
[1] 0.13017799 0.09985485
Algorithm converged after  2  iterations.
[1] 0.13805554 0.13017799 0.09985485
Algorithm converged after  2  iterations.
[1] 0.1669405
Algorithm converged after  2  iterations.
[1] 0.1669405
Algorithm converged after  2  iterations.
[1] 0.1669405
Algorithm converged after  2  iterations.
[1] 0.1669405
Algorithm converged after  2  iterations.
[1] 0.1669405
Algorithm converged after  2  iterations.
[1] 0.1669405
Algorithm converged after  2  iterations.
[1] 0.1669405
Algorithm converged after  2  iterations.
[1] 0.1669405
Algorithm converged after  2  iterations.
numeric(0)
Algorithm converged after  1  iterations.
[1] 0.1436603
Algorithm converged after  2  iterations.
[1] 0.1267394
Algorithm converged after  2  iterations.
[1] 0.09679621
Algorithm converged after  2  iterations.
[1] 0.1436603 0.1267394
Algorithm converged after  2  iterations.
[1] 0.14366033 0.09679621
Algorithm converged after  2  iterations.
[1] 0.12673935 0.09679621
Algorithm converged after  2  iterations.
[1] 0.14366033 0.12673935 0.09679621
Algorithm converged after  2  iterations.
[1] 0.175026
Algorithm converged after  2  iterations.
[1] 0.175026
Algorithm converged after  2  iterations.
[1] 0.175026
Algorithm converged after  2  iterations.
[1] 0.175026
Algorithm converged after  2  iterations.
[1] 0.175026
Algorithm converged after  2  iterations.
[1] 0.175026
Algorithm converged after  2  iterations.
[1] 0.175026
Algorithm converged after  2  iterations.
[1] 0.175026
Algorithm converged after  2  iterations.
numeric(0)
Algorithm converged after  1  iterations.
[1] 0.1508511
Algorithm converged after  2  iterations.
[1] 0.1288065
Algorithm converged after  2  iterations.
[1] 0.1046308
Algorithm converged after  2  iterations.
[1] 0.1508511 0.1288065
Algorithm converged after  2  iterations.
[1] 0.1508511 0.1046308
Algorithm converged after  2  iterations.
[1] 0.1288065 0.1046308
Algorithm converged after  2  iterations.
[1] 0.1508511 0.1288065 0.1046308
Algorithm converged after  2  iterations.
[1] 0.1843874
Algorithm converged after  2  iterations.
[1] 0.1843874
Algorithm converged after  2  iterations.
[1] 0.1843874
Algorithm converged after  2  iterations.
[1] 0.1843874
Algorithm converged after  2  iterations.
[1] 0.1843874
Algorithm converged after  2  iterations.
[1] 0.1843874
Algorithm converged after  2  iterations.
[1] 0.1843874
Algorithm converged after  2  iterations.
[1] 0.1843874
Algorithm converged after  2  iterations.
numeric(0)
Algorithm converged after  1  iterations.
[1] 0.1403914
Algorithm converged after  2  iterations.
[1] 0.1219247
Algorithm converged after  2  iterations.
[1] 0.09114289
Algorithm converged after  2  iterations.
[1] 0.1403914 0.1219247
Algorithm converged after  2  iterations.
[1] 0.14039137 0.09114289
Algorithm converged after  2  iterations.
[1] 0.12192472 0.09114289
Algorithm converged after  2  iterations.
[1] 0.14039137 0.12192472 0.09114289
Algorithm converged after  2  iterations.
[1] 0.1930389
Algorithm converged after  2  iterations.
[1] 0.1930389
Algorithm converged after  2  iterations.
[1] 0.1930389
Algorithm converged after  2  iterations.
[1] 0.1930389
Algorithm converged after  2  iterations.
[1] 0.1930389
Algorithm converged after  2  iterations.
[1] 0.1930389
Algorithm converged after  2  iterations.
[1] 0.1930389
Algorithm converged after  2  iterations.
[1] 0.1930389
Algorithm converged after  2  iterations.
numeric(0)
Algorithm converged after  1  iterations.
[1] 0.1403406
Algorithm converged after  2  iterations.
[1] 0.1238364
Algorithm converged after  2  iterations.
[1] 0.1053633
Algorithm converged after  2  iterations.
[1] 0.1403406 0.1238364
Algorithm converged after  2  iterations.
[1] 0.1403406 0.1053633
Algorithm converged after  2  iterations.
[1] 0.1238364 0.1053633
Algorithm converged after  2  iterations.
[1] 0.1403406 0.1238364 0.1053633
Algorithm converged after  2  iterations.
[1] 0.1823261
Algorithm converged after  2  iterations.
[1] 0.1823261
Algorithm converged after  2  iterations.
[1] 0.1823261
Algorithm converged after  2  iterations.
[1] 0.1823261
Algorithm converged after  2  iterations.
[1] 0.1823261
Algorithm converged after  2  iterations.
[1] 0.1823261
Algorithm converged after  2  iterations.
[1] 0.1823261
Algorithm converged after  2  iterations.
[1] 0.1823261
Algorithm converged after  2  iterations.
numeric(0)
Algorithm converged after  1  iterations.
[1] 0.1380171
Algorithm converged after  2  iterations.
[1] 0.1287003
Algorithm converged after  2  iterations.
[1] 0.09919559
Algorithm converged after  2  iterations.
[1] 0.1380171 0.1287003
Algorithm converged after  2  iterations.
[1] 0.13801713 0.09919559
Algorithm converged after  2  iterations.
[1] 0.12870031 0.09919559
Algorithm converged after  2  iterations.
[1] 0.13801713 0.12870031 0.09919559
Algorithm converged after  2  iterations.
[1] 0.1778879
Algorithm converged after  2  iterations.
[1] 0.1778879
Algorithm converged after  2  iterations.
[1] 0.1778879
Algorithm converged after  2  iterations.
[1] 0.1778879
Algorithm converged after  2  iterations.
[1] 0.1778879
Algorithm converged after  2  iterations.
[1] 0.1778879
Algorithm converged after  2  iterations.
[1] 0.1778879
Algorithm converged after  2  iterations.
[1] 0.1778879
Algorithm converged after  2  iterations.
numeric(0)
Algorithm converged after  1  iterations.
[1] 0.1345707
Algorithm converged after  2  iterations.
[1] 0.1280295
Algorithm converged after  2  iterations.
[1] 0.1061889
Algorithm converged after  2  iterations.
[1] 0.1345707 0.1280295
Algorithm converged after  2  iterations.
[1] 0.1345707 0.1061889
Algorithm converged after  2  iterations.
[1] 0.1280295 0.1061889
Algorithm converged after  2  iterations.
[1] 0.1345707 0.1280295 0.1061889
Algorithm converged after  2  iterations.
[1] 0.1734186
Algorithm converged after  2  iterations.
[1] 0.1734186
Algorithm converged after  2  iterations.
[1] 0.1734186
Algorithm converged after  2  iterations.
[1] 0.1734186
Algorithm converged after  2  iterations.
[1] 0.1734186
Algorithm converged after  2  iterations.
[1] 0.1734186
Algorithm converged after  2  iterations.
[1] 0.1734186
Algorithm converged after  2  iterations.
[1] 0.1734186
Algorithm converged after  2  iterations.
Warning messages:
1: In max(abs(CT), na.rm = T) :
  no non-missing arguments to max; returning -Inf
2: In max(abs(CT), na.rm = T) :
  no non-missing arguments to max; returning -Inf
3: In max(abs(CT), na.rm = T) :
  no non-missing arguments to max; returning -Inf
4: In max(abs(CT), na.rm = T) :
  no non-missing arguments to max; returning -Inf
5: In max(abs(CT), na.rm = T) :
  no non-missing arguments to max; returning -Inf
6: In max(abs(CT), na.rm = T) :
  no non-missing arguments to max; returning -Inf
7: In max(abs(CT), na.rm = T) :
  no non-missing arguments to max; returning -Inf
8: In max(abs(CT), na.rm = T) :
  no non-missing arguments to max; returning -Inf
9: In max(abs(CT), na.rm = T) :
  no non-missing arguments to max; returning -Inf
10: In max(abs(CT), na.rm = T) :
  no non-missing arguments to max; returning -Inf
[1] "Best iter parameter is:"
   gam  rankJ rankA1 rankA2 rankA3 
     0      0      0      0      0 
numeric(0)
Algorithm converged after  1  iterations.
Warning message:
In max(abs(CT), na.rm = T) :
  no non-missing arguments to max; returning -Inf
        [,1]     [,2]     [,3]
[1,] 4.70595 11.21722 51.06064
