myseed=2797 

Attaching package: ‘pls’

The following object is masked from ‘package:stats’:

    loadings

Loading required package: lattice
Loading required package: ggplot2
Registered S3 methods overwritten by 'ggplot2':
  method         from 
  [.quosures     rlang
  c.quosures     rlang
  print.quosures rlang

Attaching package: ‘caret’

The following object is masked from ‘package:pls’:

    R2

Loading required package: Matrix
Loading required package: foreach
Loaded glmnet 2.0-18

Parsed with column specification:
cols(
  .default = col_double()
)
See spec(...) for full column specifications.
Parsed with column specification:
cols(
  X1 = col_double()
)
Parsed with column specification:
cols(
  X1 = col_double()
)
numeric(0)
Algorithm converged after  1  iterations.
[1] 0.1201021
Algorithm converged after  2  iterations.
[1] 0.124495
Algorithm converged after  2  iterations.
[1] 0.09812721
Algorithm converged after  2  iterations.
[1] 0.1201021 0.1244950
Algorithm converged after  2  iterations.
[1] 0.12010215 0.09812721
Algorithm converged after  2  iterations.
[1] 0.12449501 0.09812721
Algorithm converged after  2  iterations.
[1] 0.12010215 0.12449501 0.09812721
Algorithm converged after  2  iterations.
[1] 0.1538936
Algorithm converged after  2  iterations.
[1] 0.1538936
Algorithm converged after  2  iterations.
[1] 0.1538936
Algorithm converged after  2  iterations.
[1] 0.1538936
Algorithm converged after  2  iterations.
[1] 0.1538936
Algorithm converged after  2  iterations.
[1] 0.1538936
Algorithm converged after  2  iterations.
[1] 0.1538936
Algorithm converged after  2  iterations.
[1] 0.1538936
Algorithm converged after  2  iterations.
numeric(0)
Algorithm converged after  1  iterations.
[1] 0.100304
Algorithm converged after  2  iterations.
[1] 0.1208448
Algorithm converged after  2  iterations.
[1] 0.09319559
Algorithm converged after  2  iterations.
[1] 0.1003040 0.1208448
Algorithm converged after  2  iterations.
[1] 0.10030405 0.09319559
Algorithm converged after  2  iterations.
[1] 0.12084478 0.09319559
Algorithm converged after  2  iterations.
[1] 0.10030405 0.12084478 0.09319559
Algorithm converged after  2  iterations.
[1] 0.1391139
Algorithm converged after  2  iterations.
[1] 0.1391139
Algorithm converged after  2  iterations.
[1] 0.1391139
Algorithm converged after  2  iterations.
[1] 0.1391139
Algorithm converged after  2  iterations.
[1] 0.1391139
Algorithm converged after  2  iterations.
[1] 0.1391139
Algorithm converged after  2  iterations.
[1] 0.1391139
Algorithm converged after  2  iterations.
[1] 0.1391139
Algorithm converged after  2  iterations.
numeric(0)
Algorithm converged after  1  iterations.
[1] 0.1109449
Algorithm converged after  2  iterations.
[1] 0.1188956
Algorithm converged after  2  iterations.
[1] 0.09613588
Algorithm converged after  2  iterations.
[1] 0.1109449 0.1188956
Algorithm converged after  2  iterations.
[1] 0.11094495 0.09613588
Algorithm converged after  2  iterations.
[1] 0.11889559 0.09613588
Algorithm converged after  2  iterations.
[1] 0.11094495 0.11889559 0.09613588
Algorithm converged after  2  iterations.
[1] 0.1681112
Algorithm converged after  2  iterations.
[1] 0.1681112
Algorithm converged after  2  iterations.
[1] 0.1681112
Algorithm converged after  2  iterations.
[1] 0.1681112
Algorithm converged after  2  iterations.
[1] 0.1681112
Algorithm converged after  2  iterations.
[1] 0.1681112
Algorithm converged after  2  iterations.
[1] 0.1681112
Algorithm converged after  2  iterations.
[1] 0.1681112
Algorithm converged after  2  iterations.
numeric(0)
Algorithm converged after  1  iterations.
[1] 0.108904
Algorithm converged after  2  iterations.
[1] 0.117438
Algorithm converged after  2  iterations.
[1] 0.1043831
Algorithm converged after  2  iterations.
[1] 0.108904 0.117438
Algorithm converged after  2  iterations.
[1] 0.1089040 0.1043831
Algorithm converged after  2  iterations.
[1] 0.1174380 0.1043831
Algorithm converged after  2  iterations.
[1] 0.1089040 0.1174380 0.1043831
Algorithm converged after  2  iterations.
[1] 0.1416352
Algorithm converged after  2  iterations.
[1] 0.1416352
Algorithm converged after  2  iterations.
[1] 0.1416352
Algorithm converged after  2  iterations.
[1] 0.1416352
Algorithm converged after  2  iterations.
[1] 0.1416352
Algorithm converged after  2  iterations.
[1] 0.1416352
Algorithm converged after  2  iterations.
[1] 0.1416352
Algorithm converged after  2  iterations.
[1] 0.1416352
Algorithm converged after  2  iterations.
numeric(0)
Algorithm converged after  1  iterations.
[1] 0.1103493
Algorithm converged after  2  iterations.
[1] 0.1134699
Algorithm converged after  2  iterations.
[1] 0.09988526
Algorithm converged after  2  iterations.
[1] 0.1103493 0.1134699
Algorithm converged after  2  iterations.
[1] 0.11034929 0.09988526
Algorithm converged after  2  iterations.
[1] 0.11346988 0.09988526
Algorithm converged after  2  iterations.
[1] 0.11034929 0.11346988 0.09988526
Algorithm converged after  2  iterations.
[1] 0.1418473
Algorithm converged after  2  iterations.
[1] 0.1418473
Algorithm converged after  2  iterations.
[1] 0.1418473
Algorithm converged after  2  iterations.
[1] 0.1418473
Algorithm converged after  2  iterations.
[1] 0.1418473
Algorithm converged after  2  iterations.
[1] 0.1418473
Algorithm converged after  2  iterations.
[1] 0.1418473
Algorithm converged after  2  iterations.
[1] 0.1418473
Algorithm converged after  2  iterations.
numeric(0)
Algorithm converged after  1  iterations.
[1] 0.1215931
Algorithm converged after  2  iterations.
[1] 0.1214546
Algorithm converged after  2  iterations.
[1] 0.09503914
Algorithm converged after  2  iterations.
[1] 0.1215931 0.1214546
Algorithm converged after  2  iterations.
[1] 0.12159310 0.09503914
Algorithm converged after  2  iterations.
[1] 0.12145459 0.09503914
Algorithm converged after  2  iterations.
[1] 0.12159310 0.12145459 0.09503914
Algorithm converged after  2  iterations.
[1] 0.1532985
Algorithm converged after  2  iterations.
[1] 0.1532985
Algorithm converged after  2  iterations.
[1] 0.1532985
Algorithm converged after  2  iterations.
[1] 0.1532985
Algorithm converged after  2  iterations.
[1] 0.1532985
Algorithm converged after  2  iterations.
[1] 0.1532985
Algorithm converged after  2  iterations.
[1] 0.1532985
Algorithm converged after  2  iterations.
[1] 0.1532985
Algorithm converged after  2  iterations.
numeric(0)
Algorithm converged after  1  iterations.
[1] 0.09643877
Algorithm converged after  2  iterations.
[1] 0.1220588
Algorithm converged after  2  iterations.
[1] 0.09760118
Algorithm converged after  2  iterations.
[1] 0.09643877 0.12205875
Algorithm converged after  2  iterations.
[1] 0.09643877 0.09760118
Algorithm converged after  2  iterations.
[1] 0.12205875 0.09760118
Algorithm converged after  2  iterations.
[1] 0.09643877 0.12205875 0.09760118
Algorithm converged after  2  iterations.
[1] 0.1453358
Algorithm converged after  2  iterations.
[1] 0.1453358
Algorithm converged after  2  iterations.
[1] 0.1453358
Algorithm converged after  2  iterations.
[1] 0.1453358
Algorithm converged after  2  iterations.
[1] 0.1453358
Algorithm converged after  2  iterations.
[1] 0.1453358
Algorithm converged after  2  iterations.
[1] 0.1453358
Algorithm converged after  2  iterations.
[1] 0.1453358
Algorithm converged after  2  iterations.
numeric(0)
Algorithm converged after  1  iterations.
[1] 0.09297317
Algorithm converged after  2  iterations.
[1] 0.120159
Algorithm converged after  2  iterations.
[1] 0.1012676
Algorithm converged after  2  iterations.
[1] 0.09297317 0.12015903
Algorithm converged after  2  iterations.
[1] 0.09297317 0.10126756
Algorithm converged after  2  iterations.
[1] 0.1201590 0.1012676
Algorithm converged after  2  iterations.
[1] 0.09297317 0.12015903 0.10126756
Algorithm converged after  2  iterations.
[1] 0.147562
Algorithm converged after  2  iterations.
[1] 0.147562
Algorithm converged after  2  iterations.
[1] 0.147562
Algorithm converged after  2  iterations.
[1] 0.147562
Algorithm converged after  2  iterations.
[1] 0.147562
Algorithm converged after  2  iterations.
[1] 0.147562
Algorithm converged after  2  iterations.
[1] 0.147562
Algorithm converged after  2  iterations.
[1] 0.147562
Algorithm converged after  2  iterations.
numeric(0)
Algorithm converged after  1  iterations.
[1] 0.1060713
Algorithm converged after  2  iterations.
[1] 0.1240446
Algorithm converged after  2  iterations.
[1] 0.09895636
Algorithm converged after  2  iterations.
[1] 0.1060713 0.1240446
Algorithm converged after  2  iterations.
[1] 0.10607130 0.09895636
Algorithm converged after  2  iterations.
[1] 0.12404459 0.09895636
Algorithm converged after  2  iterations.
[1] 0.10607130 0.12404459 0.09895636
Algorithm converged after  2  iterations.
[1] 0.13758
Algorithm converged after  2  iterations.
[1] 0.13758
Algorithm converged after  2  iterations.
[1] 0.13758
Algorithm converged after  2  iterations.
[1] 0.13758
Algorithm converged after  2  iterations.
[1] 0.13758
Algorithm converged after  2  iterations.
[1] 0.13758
Algorithm converged after  2  iterations.
[1] 0.13758
Algorithm converged after  2  iterations.
[1] 0.13758
Algorithm converged after  2  iterations.
numeric(0)
Algorithm converged after  1  iterations.
[1] 0.104026
Algorithm converged after  2  iterations.
[1] 0.1192317
Algorithm converged after  2  iterations.
[1] 0.09852906
Algorithm converged after  2  iterations.
[1] 0.1040260 0.1192317
Algorithm converged after  2  iterations.
[1] 0.10402598 0.09852906
Algorithm converged after  2  iterations.
[1] 0.11923166 0.09852906
Algorithm converged after  2  iterations.
[1] 0.10402598 0.11923166 0.09852906
Algorithm converged after  2  iterations.
[1] 0.1480274
Algorithm converged after  2  iterations.
[1] 0.1480274
Algorithm converged after  2  iterations.
[1] 0.1480274
Algorithm converged after  2  iterations.
[1] 0.1480274
Algorithm converged after  2  iterations.
[1] 0.1480274
Algorithm converged after  2  iterations.
[1] 0.1480274
Algorithm converged after  2  iterations.
[1] 0.1480274
Algorithm converged after  2  iterations.
[1] 0.1480274
Algorithm converged after  2  iterations.
Warning messages:
1: In max(abs(CT), na.rm = T) :
  no non-missing arguments to max; returning -Inf
2: In max(abs(CT), na.rm = T) :
  no non-missing arguments to max; returning -Inf
3: In max(abs(CT), na.rm = T) :
  no non-missing arguments to max; returning -Inf
4: In max(abs(CT), na.rm = T) :
  no non-missing arguments to max; returning -Inf
5: In max(abs(CT), na.rm = T) :
  no non-missing arguments to max; returning -Inf
6: In max(abs(CT), na.rm = T) :
  no non-missing arguments to max; returning -Inf
7: In max(abs(CT), na.rm = T) :
  no non-missing arguments to max; returning -Inf
8: In max(abs(CT), na.rm = T) :
  no non-missing arguments to max; returning -Inf
9: In max(abs(CT), na.rm = T) :
  no non-missing arguments to max; returning -Inf
10: In max(abs(CT), na.rm = T) :
  no non-missing arguments to max; returning -Inf
[1] "Best iter parameter is:"
   gam  rankJ rankA1 rankA2 rankA3 
     0      0      0      0      0 
numeric(0)
Algorithm converged after  1  iterations.
Warning message:
In max(abs(CT), na.rm = T) :
  no non-missing arguments to max; returning -Inf
         [,1]     [,2]     [,3]
[1,] 7.900099 11.87611 57.23254
