myseed=5865 

Attaching package: ‘pls’

The following object is masked from ‘package:stats’:

    loadings

Loading required package: lattice
Loading required package: ggplot2
Registered S3 methods overwritten by 'ggplot2':
  method         from 
  [.quosures     rlang
  c.quosures     rlang
  print.quosures rlang

Attaching package: ‘caret’

The following object is masked from ‘package:pls’:

    R2

Loading required package: Matrix
Loading required package: foreach
Loaded glmnet 2.0-18

Parsed with column specification:
cols(
  .default = col_double()
)
See spec(...) for full column specifications.
Parsed with column specification:
cols(
  X1 = col_double()
)
Parsed with column specification:
cols(
  X1 = col_double()
)
numeric(0)
Algorithm converged after  1  iterations.
[1] 0.1164636
Algorithm converged after  2  iterations.
[1] 0.1174155
Algorithm converged after  2  iterations.
[1] 0.1033456
Algorithm converged after  2  iterations.
[1] 0.1164636 0.1174155
Algorithm converged after  2  iterations.
[1] 0.1164636 0.1033456
Algorithm converged after  2  iterations.
[1] 0.1174155 0.1033456
Algorithm converged after  2  iterations.
[1] 0.1164636 0.1174155 0.1033456
Algorithm converged after  2  iterations.
[1] 0.1535656
Algorithm converged after  2  iterations.
[1] 0.1535656
Algorithm converged after  2  iterations.
[1] 0.1535656
Algorithm converged after  2  iterations.
[1] 0.1535656
Algorithm converged after  2  iterations.
[1] 0.1535656
Algorithm converged after  2  iterations.
[1] 0.1535656
Algorithm converged after  2  iterations.
[1] 0.1535656
Algorithm converged after  2  iterations.
[1] 0.1535656
Algorithm converged after  2  iterations.
numeric(0)
Algorithm converged after  1  iterations.
[1] 0.1234991
Algorithm converged after  2  iterations.
[1] 0.1208744
Algorithm converged after  2  iterations.
[1] 0.1065537
Algorithm converged after  2  iterations.
[1] 0.1234991 0.1208744
Algorithm converged after  2  iterations.
[1] 0.1234991 0.1065537
Algorithm converged after  2  iterations.
[1] 0.1208744 0.1065537
Algorithm converged after  2  iterations.
[1] 0.1234991 0.1208744 0.1065537
Algorithm converged after  2  iterations.
[1] 0.1561228
Algorithm converged after  2  iterations.
[1] 0.1561228
Algorithm converged after  2  iterations.
[1] 0.1561228
Algorithm converged after  2  iterations.
[1] 0.1561228
Algorithm converged after  2  iterations.
[1] 0.1561228
Algorithm converged after  2  iterations.
[1] 0.1561228
Algorithm converged after  2  iterations.
[1] 0.1561228
Algorithm converged after  2  iterations.
[1] 0.1561228
Algorithm converged after  2  iterations.
numeric(0)
Algorithm converged after  1  iterations.
[1] 0.1325538
Algorithm converged after  2  iterations.
[1] 0.1225095
Algorithm converged after  2  iterations.
[1] 0.1001949
Algorithm converged after  2  iterations.
[1] 0.1325538 0.1225095
Algorithm converged after  2  iterations.
[1] 0.1325538 0.1001949
Algorithm converged after  2  iterations.
[1] 0.1225095 0.1001949
Algorithm converged after  2  iterations.
[1] 0.1325538 0.1225095 0.1001949
Algorithm converged after  2  iterations.
[1] 0.1580001
Algorithm converged after  2  iterations.
[1] 0.1580001
Algorithm converged after  2  iterations.
[1] 0.1580001
Algorithm converged after  2  iterations.
[1] 0.1580001
Algorithm converged after  2  iterations.
[1] 0.1580001
Algorithm converged after  2  iterations.
[1] 0.1580001
Algorithm converged after  2  iterations.
[1] 0.1580001
Algorithm converged after  2  iterations.
[1] 0.1580001
Algorithm converged after  2  iterations.
numeric(0)
Algorithm converged after  1  iterations.
[1] 0.1223712
Algorithm converged after  2  iterations.
[1] 0.1175816
Algorithm converged after  2  iterations.
[1] 0.1018691
Algorithm converged after  2  iterations.
[1] 0.1223712 0.1175816
Algorithm converged after  2  iterations.
[1] 0.1223712 0.1018691
Algorithm converged after  2  iterations.
[1] 0.1175816 0.1018691
Algorithm converged after  2  iterations.
[1] 0.1223712 0.1175816 0.1018691
Algorithm converged after  2  iterations.
[1] 0.1655918
Algorithm converged after  2  iterations.
[1] 0.1655918
Algorithm converged after  2  iterations.
[1] 0.1655918
Algorithm converged after  2  iterations.
[1] 0.1655918
Algorithm converged after  2  iterations.
[1] 0.1655918
Algorithm converged after  2  iterations.
[1] 0.1655918
Algorithm converged after  2  iterations.
[1] 0.1655918
Algorithm converged after  2  iterations.
[1] 0.1655918
Algorithm converged after  2  iterations.
numeric(0)
Algorithm converged after  1  iterations.
[1] 0.1242408
Algorithm converged after  2  iterations.
[1] 0.1306145
Algorithm converged after  2  iterations.
[1] 0.1031449
Algorithm converged after  2  iterations.
[1] 0.1242408 0.1306145
Algorithm converged after  2  iterations.
[1] 0.1242408 0.1031449
Algorithm converged after  2  iterations.
[1] 0.1306145 0.1031449
Algorithm converged after  2  iterations.
[1] 0.1242408 0.1306145 0.1031449
Algorithm converged after  2  iterations.
[1] 0.1689783
Algorithm converged after  2  iterations.
[1] 0.1689783
Algorithm converged after  2  iterations.
[1] 0.1689783
Algorithm converged after  2  iterations.
[1] 0.1689783
Algorithm converged after  2  iterations.
[1] 0.1689783
Algorithm converged after  2  iterations.
[1] 0.1689783
Algorithm converged after  2  iterations.
[1] 0.1689783
Algorithm converged after  2  iterations.
[1] 0.1689783
Algorithm converged after  2  iterations.
numeric(0)
Algorithm converged after  1  iterations.
[1] 0.1251712
Algorithm converged after  2  iterations.
[1] 0.1200044
Algorithm converged after  2  iterations.
[1] 0.10494
Algorithm converged after  2  iterations.
[1] 0.1251712 0.1200044
Algorithm converged after  2  iterations.
[1] 0.1251712 0.1049400
Algorithm converged after  2  iterations.
[1] 0.1200044 0.1049400
Algorithm converged after  2  iterations.
[1] 0.1251712 0.1200044 0.1049400
Algorithm converged after  2  iterations.
[1] 0.1571572
Algorithm converged after  2  iterations.
[1] 0.1571572
Algorithm converged after  2  iterations.
[1] 0.1571572
Algorithm converged after  2  iterations.
[1] 0.1571572
Algorithm converged after  2  iterations.
[1] 0.1571572
Algorithm converged after  2  iterations.
[1] 0.1571572
Algorithm converged after  2  iterations.
[1] 0.1571572
Algorithm converged after  2  iterations.
[1] 0.1571572
Algorithm converged after  2  iterations.
numeric(0)
Algorithm converged after  1  iterations.
[1] 0.1287024
Algorithm converged after  2  iterations.
[1] 0.1219515
Algorithm converged after  2  iterations.
[1] 0.1053632
Algorithm converged after  2  iterations.
[1] 0.1287024 0.1219515
Algorithm converged after  2  iterations.
[1] 0.1287024 0.1053632
Algorithm converged after  2  iterations.
[1] 0.1219515 0.1053632
Algorithm converged after  2  iterations.
[1] 0.1287024 0.1219515 0.1053632
Algorithm converged after  2  iterations.
[1] 0.1660166
Algorithm converged after  2  iterations.
[1] 0.1660166
Algorithm converged after  2  iterations.
[1] 0.1660166
Algorithm converged after  2  iterations.
[1] 0.1660166
Algorithm converged after  2  iterations.
[1] 0.1660166
Algorithm converged after  2  iterations.
[1] 0.1660166
Algorithm converged after  2  iterations.
[1] 0.1660166
Algorithm converged after  2  iterations.
[1] 0.1660166
Algorithm converged after  2  iterations.
numeric(0)
Algorithm converged after  1  iterations.
[1] 0.1288175
Algorithm converged after  2  iterations.
[1] 0.1273253
Algorithm converged after  2  iterations.
[1] 0.1073721
Algorithm converged after  2  iterations.
[1] 0.1288175 0.1273253
Algorithm converged after  2  iterations.
[1] 0.1288175 0.1073721
Algorithm converged after  2  iterations.
[1] 0.1273253 0.1073721
Algorithm converged after  2  iterations.
[1] 0.1288175 0.1273253 0.1073721
Algorithm converged after  2  iterations.
[1] 0.1611417
Algorithm converged after  2  iterations.
[1] 0.1611417
Algorithm converged after  2  iterations.
[1] 0.1611417
Algorithm converged after  2  iterations.
[1] 0.1611417
Algorithm converged after  2  iterations.
[1] 0.1611417
Algorithm converged after  2  iterations.
[1] 0.1611417
Algorithm converged after  2  iterations.
[1] 0.1611417
Algorithm converged after  2  iterations.
[1] 0.1611417
Algorithm converged after  2  iterations.
numeric(0)
Algorithm converged after  1  iterations.
[1] 0.1363217
Algorithm converged after  2  iterations.
[1] 0.119613
Algorithm converged after  2  iterations.
[1] 0.1059487
Algorithm converged after  2  iterations.
[1] 0.1363217 0.1196130
Algorithm converged after  2  iterations.
[1] 0.1363217 0.1059487
Algorithm converged after  2  iterations.
[1] 0.1196130 0.1059487
Algorithm converged after  2  iterations.
[1] 0.1363217 0.1196130 0.1059487
Algorithm converged after  2  iterations.
[1] 0.163359
Algorithm converged after  2  iterations.
[1] 0.163359
Algorithm converged after  2  iterations.
[1] 0.163359
Algorithm converged after  2  iterations.
[1] 0.163359
Algorithm converged after  2  iterations.
[1] 0.163359
Algorithm converged after  2  iterations.
[1] 0.163359
Algorithm converged after  2  iterations.
[1] 0.163359
Algorithm converged after  2  iterations.
[1] 0.163359
Algorithm converged after  2  iterations.
numeric(0)
Algorithm converged after  1  iterations.
[1] 0.1270255
Algorithm converged after  2  iterations.
[1] 0.1203732
Algorithm converged after  2  iterations.
[1] 0.1002429
Algorithm converged after  2  iterations.
[1] 0.1270255 0.1203732
Algorithm converged after  2  iterations.
[1] 0.1270255 0.1002429
Algorithm converged after  2  iterations.
[1] 0.1203732 0.1002429
Algorithm converged after  2  iterations.
[1] 0.1270255 0.1203732 0.1002429
Algorithm converged after  2  iterations.
[1] 0.1642801
Algorithm converged after  2  iterations.
[1] 0.1642801
Algorithm converged after  2  iterations.
[1] 0.1642801
Algorithm converged after  2  iterations.
[1] 0.1642801
Algorithm converged after  2  iterations.
[1] 0.1642801
Algorithm converged after  2  iterations.
[1] 0.1642801
Algorithm converged after  2  iterations.
[1] 0.1642801
Algorithm converged after  2  iterations.
[1] 0.1642801
Algorithm converged after  2  iterations.
Warning messages:
1: In max(abs(CT), na.rm = T) :
  no non-missing arguments to max; returning -Inf
2: In max(abs(CT), na.rm = T) :
  no non-missing arguments to max; returning -Inf
3: In max(abs(CT), na.rm = T) :
  no non-missing arguments to max; returning -Inf
4: In max(abs(CT), na.rm = T) :
  no non-missing arguments to max; returning -Inf
5: In max(abs(CT), na.rm = T) :
  no non-missing arguments to max; returning -Inf
6: In max(abs(CT), na.rm = T) :
  no non-missing arguments to max; returning -Inf
7: In max(abs(CT), na.rm = T) :
  no non-missing arguments to max; returning -Inf
8: In max(abs(CT), na.rm = T) :
  no non-missing arguments to max; returning -Inf
9: In max(abs(CT), na.rm = T) :
  no non-missing arguments to max; returning -Inf
10: In max(abs(CT), na.rm = T) :
  no non-missing arguments to max; returning -Inf
[1] "Best iter parameter is:"
   gam  rankJ rankA1 rankA2 rankA3 
     0      0      0      0      0 
numeric(0)
Algorithm converged after  1  iterations.
Warning message:
In max(abs(CT), na.rm = T) :
  no non-missing arguments to max; returning -Inf
         [,1]     [,2]     [,3]
[1,] 8.192391 12.87785 38.65346
