myseed=1394 

Attaching package: ‘pls’

The following object is masked from ‘package:stats’:

    loadings

Loading required package: lattice
Loading required package: ggplot2
Registered S3 methods overwritten by 'ggplot2':
  method         from 
  [.quosures     rlang
  c.quosures     rlang
  print.quosures rlang

Attaching package: ‘caret’

The following object is masked from ‘package:pls’:

    R2

Loading required package: Matrix
Loading required package: foreach
Loaded glmnet 2.0-18

Parsed with column specification:
cols(
  .default = col_double()
)
See spec(...) for full column specifications.
Parsed with column specification:
cols(
  X1 = col_double()
)
Parsed with column specification:
cols(
  X1 = col_double()
)
numeric(0)
Algorithm converged after  1  iterations.
[1] 1.252748e-06
Algorithm converged after  2  iterations.
[1] 2.196494e-06
Algorithm converged after  2  iterations.
[1] 8.893568e-06
Algorithm converged after  2  iterations.
[1] 1.252748e-06 7.817823e-07
Algorithm converged after  2  iterations.
[1] 2.196494e-06 2.780039e-07
Algorithm converged after  2  iterations.
[1] 8.893568e-06 4.722287e-06
Algorithm converged after  2  iterations.
[1] 1.252748e-06 2.196494e-06
Algorithm converged after  2  iterations.
[1] 1.252748e-06 8.893568e-06
Algorithm converged after  2  iterations.
[1] 2.196494e-06 8.893568e-06
Algorithm converged after  2  iterations.
[1] 1.252748e-06 7.817823e-07 2.196494e-06
Algorithm converged after  2  iterations.
[1] 1.252748e-06 7.817823e-07 8.893568e-06
Algorithm converged after  2  iterations.
[1] 1.252748e-06 2.196494e-06 2.780039e-07
Algorithm converged after  2  iterations.
[1] 1.252748e-06 8.893568e-06 4.722287e-06
Algorithm converged after  2  iterations.
[1] 2.196494e-06 2.780039e-07 8.893568e-06
Algorithm converged after  2  iterations.
[1] 2.196494e-06 8.893568e-06 4.722287e-06
Algorithm converged after  2  iterations.
[1] 1.252748e-06 2.196494e-06 8.893568e-06
Algorithm converged after  2  iterations.
[1] 1.252748e-06 7.817823e-07 2.196494e-06 2.780039e-07
Algorithm converged after  2  iterations.
[1] 1.252748e-06 7.817823e-07 8.893568e-06 4.722287e-06
Algorithm converged after  2  iterations.
[1] 2.196494e-06 2.780039e-07 8.893568e-06 4.722287e-06
Algorithm converged after  2  iterations.
[1] 1.252748e-06 7.817823e-07 2.196494e-06 8.893568e-06
Algorithm converged after  2  iterations.
[1] 1.252748e-06 2.196494e-06 2.780039e-07 8.893568e-06
Algorithm converged after  2  iterations.
[1] 1.252748e-06 2.196494e-06 8.893568e-06 4.722287e-06
Algorithm converged after  2  iterations.
[1] 5.169348e-05
Algorithm converged after  2  iterations.
[1] 5.169348e-05 1.915484e-07
[1] 5.203344e-05 4.640334e-07
Algorithm converged after  12  iterations.
[1] 5.169348e-05 7.200468e-08
[1] 5.180771e-05 1.816289e-07
Algorithm converged after  12  iterations.
[1] 5.169348e-05 5.146679e-05
[1] 0.0001538058 0.0001201993
Algorithm converged after  16  iterations.
[1] 5.169348e-05 1.915484e-07 2.688136e-07
Algorithm converged after  5  iterations.
[1] 5.169348e-05 7.200468e-08 5.938350e-08
[1] 3.649860e-05 1.948452e-06 5.638352e-08
[1] 5.569201e-05 2.384273e-06 5.493453e-08
Algorithm converged after  23  iterations.
[1] 5.169348e-05 5.146679e-05 1.659961e-07
[1] 1.856811e-04 1.395179e-04 2.252400e-07
Algorithm converged after  18  iterations.
[1] 5.169348e-05 1.915484e-07 7.200468e-08
Algorithm converged after  9  iterations.
[1] 5.169348e-05 1.915484e-07 5.146679e-05
[1] 1.599515e-04 2.207430e-07 1.237562e-04
Algorithm converged after  16  iterations.
[1] 5.169348e-05 7.200468e-08 5.146679e-05
[1] 1.538052e-04 6.982414e-08 1.196929e-04
Algorithm converged after  16  iterations.
[1] 5.169348e-05 1.915484e-07 2.688136e-07 7.200468e-08
[1] 5.597415e-05 1.999313e-07 2.672050e-07 7.106485e-08
Algorithm converged after  11  iterations.
[1] 5.169348e-05 1.915484e-07 2.688136e-07 5.146679e-05
[1] 1.679891e-04 2.245651e-07 2.912427e-07 1.285141e-04
Algorithm converged after  16  iterations.
[1] 5.169348e-05 1.915484e-07 7.200468e-08 5.938350e-08
[1] 4.187885e-05 3.961928e-07 2.206611e-07 7.563608e-08
Algorithm converged after  18  iterations.
[1] 5.169348e-05 1.915484e-07 5.146679e-05 1.659961e-07
[1] 1.778498e-04 2.280299e-07 1.349765e-04 1.080192e-12
[1] 1.944259e-04 2.334796e-07 1.457962e-04 8.267191e-12
[1] 1.950869e-04 2.341888e-07 1.467280e-04 2.143748e-12
[1] 1.774143e-04 2.312034e-07 1.349383e-04 2.045412e-07
[1] 1.928109e-04 2.356970e-07 1.452391e-04 2.252362e-07
Algorithm converged after  56  iterations.
[1] 5.169348e-05 7.200468e-08 5.938350e-08 5.146679e-05
[1] 1.613430e-04 1.710336e-07 5.649654e-08 1.257843e-04
[1] 1.615245e-04 1.768983e-07 5.635595e-08 1.265619e-04
Algorithm converged after  25  iterations.
[1] 5.169348e-05 7.200468e-08 5.146679e-05 1.659961e-07
[1] 1.856117e-04 7.452467e-08 1.394964e-04 2.219989e-07
Algorithm converged after  19  iterations.
[1] 5.169348e-05 1.915484e-07 7.200468e-08 5.146679e-05
[1] 1.604495e-04 2.229788e-07 7.104063e-08 1.241469e-04
Algorithm converged after  16  iterations.
[1] 5.169348e-05 3.677183e-05
Algorithm converged after  2  iterations.
[1] 5.169348e-05 3.677183e-05 2.273073e-07
[1] 5.964241e-05 4.602650e-05 2.462999e-07
Algorithm converged after  11  iterations.
[1] 5.169348e-05 3.677183e-05 8.506392e-08
[1] 5.240888e-05 1.884915e-06 2.386839e-06
Algorithm converged after  11  iterations.
[1] 5.169348e-05 3.677183e-05 1.747626e-07
[1] 5.194872e-05 3.553852e-05 1.873597e-07
Algorithm converged after  11  iterations.
[1] 5.169348e-05 3.677183e-05 2.273073e-07 5.449459e-08
[1] 1.761657e-05 1.089106e-06 9.233260e-07 4.170316e-07
[1] 1.761402e-05 1.089140e-06 9.248486e-07 4.174758e-07
Algorithm converged after  23  iterations.
[1] 5.169348e-05 3.677183e-05 8.506392e-08 4.515328e-08
[1] 5.877317e-06 9.054980e-07 8.568645e-07 3.766781e-07
[1] 5.812178e-06 8.653140e-07 8.778207e-07 3.936340e-07
[1] 5.810206e-06 8.641123e-07 8.784363e-07 3.941133e-07
Algorithm converged after  40  iterations.
[1] 5.169348e-05 3.677183e-05 1.747626e-07 1.128634e-07
[1] 6.011861e-05 4.096340e-05 1.890855e-07 1.174515e-07
Algorithm converged after  15  iterations.
[1] 5.169348e-05 3.677183e-05 2.273073e-07 8.506392e-08
[1] 9.293143e-05 5.823054e-05 4.078314e-07 2.753845e-07
[1] 9.255357e-05 5.810325e-05 4.071639e-07 2.746858e-07
Algorithm converged after  25  iterations.
[1] 5.169348e-05 3.677183e-05 2.273073e-07 1.747626e-07
[1] 7.125800e-06 3.909986e-07 1.064151e-06 1.249503e-05
[1] 1.274000e-04 2.152118e-06 2.604467e-06 1.167894e-04
[1] 1.392285e-04 2.237588e-06 2.758452e-06 1.261667e-04
[1] 1.399958e-04 2.243077e-06 2.768580e-06 1.267702e-04
[1] 1.400444e-04 2.243424e-06 2.769223e-06 1.268083e-04
Algorithm converged after  59  iterations.
[1] 5.169348e-05 3.677183e-05 8.506392e-08 1.747626e-07
[1] 7.398241e-05 1.944187e-06 2.601985e-07 8.747751e-05
[1] 1.069896e-04 3.469662e-06 2.930704e-12 1.733366e-04
[1] 1.199910e-04 6.389468e-06 6.771720e-07 2.546752e-04
[1] 1.210424e-04 6.455044e-06 7.009471e-07 2.578005e-04
[1] 1.210757e-04 6.456842e-06 7.017925e-07 2.578971e-04
Algorithm converged after  59  iterations.
numeric(0)
Algorithm converged after  1  iterations.
[1] 2.083062e-06
Algorithm converged after  2  iterations.
[1] 2.51523e-06
Algorithm converged after  2  iterations.
[1] 1.333387e-05
Algorithm converged after  2  iterations.
[1] 2.083062e-06 1.096385e-06
Algorithm converged after  2  iterations.
[1] 2.515230e-06 1.005857e-06
Algorithm converged after  2  iterations.
[1] 1.333387e-05 8.118926e-06
Algorithm converged after  2  iterations.
[1] 2.083062e-06 2.515230e-06
Algorithm converged after  2  iterations.
[1] 2.083062e-06 1.333387e-05
Algorithm converged after  2  iterations.
[1] 2.515230e-06 1.333387e-05
Algorithm converged after  2  iterations.
[1] 2.083062e-06 1.096385e-06 2.515230e-06
Algorithm converged after  2  iterations.
[1] 2.083062e-06 1.096385e-06 1.333387e-05
Algorithm converged after  2  iterations.
[1] 2.083062e-06 2.515230e-06 1.005857e-06
Algorithm converged after  2  iterations.
[1] 2.083062e-06 1.333387e-05 8.118926e-06
Algorithm converged after  2  iterations.
[1] 2.515230e-06 1.005857e-06 1.333387e-05
Algorithm converged after  2  iterations.
[1] 2.515230e-06 1.333387e-05 8.118926e-06
Algorithm converged after  2  iterations.
[1] 2.083062e-06 2.515230e-06 1.333387e-05
Algorithm converged after  2  iterations.
[1] 2.083062e-06 1.096385e-06 2.515230e-06 1.005857e-06
Algorithm converged after  2  iterations.
[1] 2.083062e-06 1.096385e-06 1.333387e-05 8.118926e-06
Algorithm converged after  2  iterations.
[1] 2.515230e-06 1.005857e-06 1.333387e-05 8.118926e-06
Algorithm converged after  2  iterations.
[1] 2.083062e-06 1.096385e-06 2.515230e-06 1.333387e-05
Algorithm converged after  2  iterations.
[1] 2.083062e-06 2.515230e-06 1.005857e-06 1.333387e-05
Algorithm converged after  2  iterations.
[1] 2.083062e-06 2.515230e-06 1.333387e-05 8.118926e-06
Algorithm converged after  2  iterations.
[1] 4.501534e-05
Algorithm converged after  2  iterations.
[1] 4.501534e-05 1.226041e-06
Algorithm converged after  6  iterations.
[1] 4.501534e-05 3.769458e-06
Algorithm converged after  7  iterations.
[1] 4.501534e-05 9.387844e-06
Algorithm converged after  6  iterations.
[1] 4.501534e-05 1.226041e-06 1.741751e-07
Algorithm converged after  7  iterations.
[1] 4.501534e-05 3.769458e-06 7.770862e-08
Algorithm converged after  7  iterations.
[1] 4.501534e-05 9.387844e-06 1.775168e-07
Algorithm converged after  7  iterations.
[1] 4.501534e-05 1.226041e-06 3.769458e-06
Algorithm converged after  8  iterations.
[1] 4.501534e-05 1.226041e-06 9.387844e-06
Algorithm converged after  7  iterations.
[1] 4.501534e-05 3.769458e-06 9.387844e-06
Algorithm converged after  7  iterations.
[1] 4.501534e-05 1.226041e-06 1.741751e-07 3.769458e-06
Algorithm converged after  8  iterations.
[1] 4.501534e-05 1.226041e-06 1.741751e-07 9.387844e-06
Algorithm converged after  8  iterations.
[1] 4.501534e-05 1.226041e-06 3.769458e-06 7.770862e-08
Algorithm converged after  9  iterations.
[1] 4.501534e-05 1.226041e-06 9.387844e-06 1.775168e-07
Algorithm converged after  9  iterations.
[1] 4.501534e-05 3.769458e-06 7.770862e-08 9.387844e-06
Algorithm converged after  8  iterations.
[1] 4.501534e-05 3.769458e-06 9.387844e-06 1.775168e-07
Algorithm converged after  8  iterations.
[1] 4.501534e-05 1.226041e-06 3.769458e-06 9.387844e-06
Algorithm converged after  8  iterations.
[1] 4.501534e-05 3.727675e-06
Algorithm converged after  2  iterations.
[1] 4.501534e-05 3.727675e-06 1.302423e-07
Algorithm converged after  7  iterations.
[1] 4.501534e-05 3.727675e-06 4.514615e-07
[1] 6.809874e-05 3.188065e-05 1.095920e-06
[1] 6.911899e-05 3.228172e-05 1.107297e-06
[1] 6.918979e-05 3.230672e-05 1.108044e-06
[1] 6.919504e-05 3.230854e-05 1.108099e-06
Algorithm converged after  44  iterations.
[1] 4.501534e-05 3.727675e-06 8.113163e-06
[1] 1.875557e-04 3.264349e-05 5.676792e-05
[1] 1.812650e-04 3.129560e-05 5.440539e-05
[1] 1.778682e-04 3.071958e-05 5.324343e-05
[1] 1.763672e-04 3.047116e-05 5.273530e-05
[1] 1.756933e-04 3.036129e-05 5.250813e-05
[1] 1.753917e-04 3.031250e-05 5.240668e-05
[1] 1.752574e-04 3.029086e-05 5.236153e-05
[1] 1.751978e-04 3.028127e-05 5.234150e-05
[1] 1.751714e-04 3.027702e-05 5.233263e-05
[1] 1.751597e-04 3.027514e-05 5.232869e-05
[1] 1.751545e-04 3.027431e-05 5.232695e-05
[1] 1.751522e-04 3.027394e-05 5.232618e-05
Algorithm converged after  121  iterations.
[1] 4.501534e-05 3.727675e-06 1.302423e-07 1.047148e-07
[1] 7.475204e-05 4.288718e-05 2.500422e-07 3.737721e-08
Algorithm converged after  14  iterations.
[1] 4.501534e-05 3.727675e-06 4.514615e-07 5.348158e-08
[1] 6.425643e-05 3.050282e-05 9.237064e-07 6.698073e-08
[1] 6.510691e-05 3.097086e-05 9.323471e-07 6.745387e-08
[1] 6.514067e-05 3.098853e-05 9.326952e-07 6.747374e-08
Algorithm converged after  39  iterations.
[1] 4.501534e-05 3.727675e-06 8.113163e-06 8.813875e-15
[1] 1.964471e-04 3.244816e-05 5.946751e-05 1.034380e-07
[1] 1.829149e-04 3.026500e-05 5.513982e-05 8.692591e-08
[1] 1.728536e-04 2.965506e-05 5.129555e-05 6.012180e-08
[1] 1.708591e-04 2.952945e-05 5.028321e-05 1.446502e-12
[1] 1.878420e-04 3.162094e-05 5.490506e-05 1.030979e-07
[1] 1.885181e-04 3.167439e-05 5.510487e-05 1.034428e-07
[1] 1.885503e-04 3.167846e-05 5.511602e-05 1.034850e-07
[1] 1.885546e-04 3.167902e-05 5.511755e-05 1.034919e-07
Algorithm converged after  87  iterations.
[1] 4.501534e-05 3.727675e-06 1.302423e-07 4.514615e-07
[1] 1.055538e-04 3.664060e-05 2.425820e-07 1.337017e-06
[1] 1.060678e-04 3.689220e-05 2.436163e-07 1.340520e-06
Algorithm converged after  29  iterations.
[1] 4.501534e-05 3.727675e-06 1.302423e-07 8.113163e-06
[1] 3.084277e-04 3.692646e-05 7.027167e-07 9.127626e-05
[1] 3.133873e-04 3.675936e-05 7.142611e-07 9.219521e-05
[1] 3.117833e-04 3.662216e-05 7.108743e-07 9.170483e-05
[1] 3.113914e-04 3.659207e-05 7.100231e-07 9.158893e-05
[1] 3.113102e-04 3.658594e-05 7.098434e-07 9.156511e-05
[1] 3.112935e-04 3.658469e-05 7.098059e-07 9.156023e-05
Algorithm converged after  67  iterations.
[1] 4.501534e-05 3.727675e-06 4.514615e-07 8.113163e-06
[1] 1.119621e-04 2.900638e-05 2.616529e-07 3.345645e-05
[1] 1.104637e-04 2.801911e-05 2.673291e-07 3.268285e-05
[1] 1.092978e-04 2.760864e-05 2.706922e-07 3.222068e-05
[1] 1.088477e-04 2.745959e-05 2.719672e-07 3.204619e-05
[1] 1.086822e-04 2.740637e-05 2.724346e-07 3.198244e-05
[1] 1.086228e-04 2.738753e-05 2.726022e-07 3.195963e-05
[1] 1.086018e-04 2.738089e-05 2.726616e-07 3.195156e-05
[1] 1.085943e-04 2.737856e-05 2.726825e-07 3.194871e-05
[1] 1.085917e-04 2.737774e-05 2.726898e-07 3.194771e-05
Algorithm converged after  97  iterations.
numeric(0)
Algorithm converged after  1  iterations.
[1] 1.995309e-06
Algorithm converged after  2  iterations.
[1] 2.766372e-06
Algorithm converged after  2  iterations.
[1] 1.004498e-05
Algorithm converged after  2  iterations.
[1] 1.995309e-06 6.156253e-07
Algorithm converged after  2  iterations.
[1] 2.766372e-06 1.054116e-06
Algorithm converged after  2  iterations.
[1] 1.004498e-05 6.478053e-06
Algorithm converged after  2  iterations.
[1] 1.995309e-06 2.766372e-06
Algorithm converged after  2  iterations.
[1] 1.995309e-06 1.004498e-05
Algorithm converged after  2  iterations.
[1] 2.766372e-06 1.004498e-05
Algorithm converged after  2  iterations.
[1] 1.995309e-06 6.156253e-07 2.766372e-06
Algorithm converged after  2  iterations.
[1] 1.995309e-06 6.156253e-07 1.004498e-05
Algorithm converged after  2  iterations.
[1] 1.995309e-06 2.766372e-06 1.054116e-06
Algorithm converged after  2  iterations.
[1] 1.995309e-06 1.004498e-05 6.478053e-06
Algorithm converged after  2  iterations.
[1] 2.766372e-06 1.054116e-06 1.004498e-05
Algorithm converged after  2  iterations.
[1] 2.766372e-06 1.004498e-05 6.478053e-06
Algorithm converged after  2  iterations.
[1] 1.995309e-06 2.766372e-06 1.004498e-05
Algorithm converged after  2  iterations.
[1] 1.995309e-06 6.156253e-07 2.766372e-06 1.054116e-06
Algorithm converged after  2  iterations.
[1] 1.995309e-06 6.156253e-07 1.004498e-05 6.478053e-06
Algorithm converged after  2  iterations.
[1] 2.766372e-06 1.054116e-06 1.004498e-05 6.478053e-06
Algorithm converged after  2  iterations.
[1] 1.995309e-06 6.156253e-07 2.766372e-06 1.004498e-05
Algorithm converged after  2  iterations.
[1] 1.995309e-06 2.766372e-06 1.054116e-06 1.004498e-05
Algorithm converged after  2  iterations.
[1] 1.995309e-06 2.766372e-06 1.004498e-05 6.478053e-06
Algorithm converged after  2  iterations.
[1] 4.429918e-05
Algorithm converged after  2  iterations.
[1] 4.429918e-05 1.001327e-06
Algorithm converged after  8  iterations.
[1] 4.429918e-05 4.565137e-06
Algorithm converged after  8  iterations.
[1] 4.429918e-05 5.500767e-06
Algorithm converged after  7  iterations.
[1] 4.429918e-05 1.001327e-06 1.117925e-07
Algorithm converged after  8  iterations.
[1] 4.429918e-05 4.565137e-06 7.692553e-08
Algorithm converged after  9  iterations.
[1] 4.429918e-05 5.500767e-06 1.960122e-07
Algorithm converged after  8  iterations.
[1] 4.429918e-05 1.001327e-06 4.565137e-06
Algorithm converged after  10  iterations.
[1] 4.429918e-05 1.001327e-06 5.500767e-06
Algorithm converged after  10  iterations.
[1] 4.429918e-05 4.565137e-06 5.500767e-06
Algorithm converged after  10  iterations.
[1] 4.429918e-05 1.001327e-06 1.117925e-07 4.565137e-06
[1] 8.195900e-05 1.590217e-06 1.218363e-07 5.719651e-06
Algorithm converged after  11  iterations.
[1] 4.429918e-05 1.001327e-06 1.117925e-07 5.500767e-06
[1] 6.693139e-05 1.372146e-06 1.185782e-07 9.710637e-06
Algorithm converged after  11  iterations.
[1] 4.429918e-05 1.001327e-06 4.565137e-06 7.692553e-08
[1] 8.255571e-05 1.611747e-06 5.698780e-06 8.650624e-08
Algorithm converged after  11  iterations.
[1] 4.429918e-05 1.001327e-06 5.500767e-06 1.960122e-07
Algorithm converged after  10  iterations.
[1] 4.429918e-05 4.565137e-06 7.692553e-08 5.500767e-06
[1] 7.348180e-05 5.497880e-06 8.425888e-08 1.035627e-05
Algorithm converged after  12  iterations.
[1] 4.429918e-05 4.565137e-06 5.500767e-06 1.960122e-07
Algorithm converged after  10  iterations.
[1] 4.429918e-05 1.001327e-06 4.565137e-06 5.500767e-06
[1] 9.205360e-05 1.783212e-06 6.041451e-06 1.327395e-05
Algorithm converged after  14  iterations.
[1] 4.429918e-05 3.168798e-05
Algorithm converged after  2  iterations.
[1] 4.429918e-05 3.168798e-05 1.184425e-07
[1] 6.539973e-05 3.681628e-05 3.364399e-07
Algorithm converged after  18  iterations.
[1] 4.429918e-05 3.168798e-05 8.541017e-08
Algorithm converged after  8  iterations.
[1] 4.429918e-05 3.168798e-05 4.835316e-07
[1] 1.075901e-04 4.560033e-05 1.037584e-06
Algorithm converged after  20  iterations.
[1] 4.429918e-05 3.168798e-05 1.184425e-07 2.482664e-08
[1] 5.279996e-05 1.829085e-05 2.996496e-07 1.137984e-07
[1] 4.998409e-05 1.192554e-05 2.595362e-07 1.122191e-07
[1] 4.799882e-05 8.180513e-06 2.237239e-07 1.151818e-07
[1] 4.778445e-05 7.791815e-06 2.181097e-07 1.162008e-07
[1] 4.778244e-05 7.766674e-06 2.177127e-07 1.162875e-07
[1] 4.778440e-05 7.765231e-06 2.176881e-07 1.162949e-07
Algorithm converged after  66  iterations.
[1] 4.429918e-05 3.168798e-05 8.541017e-08 3.587524e-08
[1] 3.881660e-05 8.841075e-07 3.294846e-06 2.022596e-07
Algorithm converged after  19  iterations.
[1] 4.429918e-05 3.168798e-05 4.835316e-07 8.593258e-08
[1] 1.221792e-04 4.611183e-05 1.117777e-06 1.778642e-07
Algorithm converged after  19  iterations.
[1] 4.429918e-05 3.168798e-05 1.184425e-07 8.541017e-08
Algorithm converged after  9  iterations.
[1] 4.429918e-05 3.168798e-05 1.184425e-07 4.835316e-07
[1] 1.215723e-04 4.828902e-05 1.427690e-07 1.144946e-06
[1] 1.216455e-04 4.830142e-05 1.427851e-07 1.145431e-06
Algorithm converged after  21  iterations.
[1] 4.429918e-05 3.168798e-05 8.541017e-08 4.835316e-07
[1] 1.156023e-04 5.002272e-05 9.251478e-08 1.096604e-06
Algorithm converged after  19  iterations.
numeric(0)
Algorithm converged after  1  iterations.
[1] 2.283454e-06
Algorithm converged after  2  iterations.
[1] 3.016238e-06
Algorithm converged after  2  iterations.
[1] 1.344815e-05
Algorithm converged after  2  iterations.
[1] 2.283454e-06 9.718615e-07
Algorithm converged after  2  iterations.
[1] 3.016238e-06 1.240963e-06
Algorithm converged after  2  iterations.
[1] 1.344815e-05 7.172615e-06
Algorithm converged after  2  iterations.
[1] 2.283454e-06 3.016238e-06
Algorithm converged after  2  iterations.
[1] 2.283454e-06 1.344815e-05
Algorithm converged after  2  iterations.
[1] 3.016238e-06 1.344815e-05
Algorithm converged after  2  iterations.
[1] 2.283454e-06 9.718615e-07 3.016238e-06
Algorithm converged after  2  iterations.
[1] 2.283454e-06 9.718615e-07 1.344815e-05
Algorithm converged after  2  iterations.
[1] 2.283454e-06 3.016238e-06 1.240963e-06
Algorithm converged after  2  iterations.
[1] 2.283454e-06 1.344815e-05 7.172615e-06
Algorithm converged after  2  iterations.
[1] 3.016238e-06 1.240963e-06 1.344815e-05
Algorithm converged after  2  iterations.
[1] 3.016238e-06 1.344815e-05 7.172615e-06
Algorithm converged after  2  iterations.
[1] 2.283454e-06 3.016238e-06 1.344815e-05
Algorithm converged after  2  iterations.
[1] 2.283454e-06 9.718615e-07 3.016238e-06 1.240963e-06
Algorithm converged after  2  iterations.
[1] 2.283454e-06 9.718615e-07 1.344815e-05 7.172615e-06
Algorithm converged after  2  iterations.
[1] 3.016238e-06 1.240963e-06 1.344815e-05 7.172615e-06
Algorithm converged after  2  iterations.
[1] 2.283454e-06 9.718615e-07 3.016238e-06 1.344815e-05
Algorithm converged after  2  iterations.
[1] 2.283454e-06 3.016238e-06 1.240963e-06 1.344815e-05
Algorithm converged after  2  iterations.
[1] 2.283454e-06 3.016238e-06 1.344815e-05 7.172615e-06
Algorithm converged after  2  iterations.
[1] 6.731994e-05
Algorithm converged after  2  iterations.
[1] 6.731994e-05 1.502726e-06
Algorithm converged after  7  iterations.
[1] 6.731994e-05 8.442281e-08
[1] 6.554048e-05 4.988226e-08
[1] 6.376034e-05 9.253051e-08
[1] 6.801650e-05 6.120006e-08
[1] 6.765753e-05 2.313208e-09
[1] 6.559146e-05 2.417327e-07
Algorithm converged after  53  iterations.
[1] 6.731994e-05 4.032440e-05
[1] 0.0002323488 0.0001107525
Algorithm converged after  18  iterations.
[1] 6.731994e-05 1.502726e-06 1.859757e-07
Algorithm converged after  6  iterations.
[1] 6.731994e-05 8.442281e-08 6.128686e-11
[1] 6.454954e-05 2.423523e-07 8.448368e-08
Algorithm converged after  13  iterations.
[1] 6.731994e-05 4.032440e-05 1.270529e-07
[1] 2.900520e-04 1.331912e-04 2.905497e-07
[1] 2.903170e-04 1.332982e-04 2.908226e-07
Algorithm converged after  22  iterations.
[1] 6.731994e-05 1.502726e-06 8.442281e-08
Algorithm converged after  10  iterations.
[1] 6.731994e-05 1.502726e-06 4.032440e-05
[1] 2.447820e-04 1.868479e-06 1.177156e-04
Algorithm converged after  20  iterations.
[1] 6.731994e-05 8.442281e-08 4.032440e-05
[1] 2.383532e-04 2.921125e-07 1.138569e-04
Algorithm converged after  19  iterations.
[1] 6.731994e-05 1.502726e-06 1.859757e-07 8.442281e-08
[1] 6.876807e-05 1.520386e-06 1.876884e-07 9.940465e-08
Algorithm converged after  12  iterations.
[1] 6.731994e-05 1.502726e-06 1.859757e-07 4.032440e-05
[1] 2.514925e-04 1.786497e-06 2.007489e-07 1.187825e-04
Algorithm converged after  18  iterations.
[1] 6.731994e-05 1.502726e-06 8.442281e-08 6.128686e-11
[1] 6.572598e-05 1.549660e-06 1.004144e-07 1.072838e-07
Algorithm converged after  11  iterations.
[1] 6.731994e-05 1.502726e-06 4.032440e-05 1.270529e-07
[1] 3.041472e-04 1.854245e-06 1.400013e-04 2.957157e-07
[1] 3.044843e-04 1.854721e-06 1.401403e-04 2.960603e-07
Algorithm converged after  22  iterations.
[1] 6.731994e-05 8.442281e-08 6.128686e-11 4.032440e-05
[1] 2.425746e-04 2.912438e-07 1.839548e-11 1.154136e-04
[1] 2.408096e-04 2.881597e-07 7.413668e-08 1.149021e-04
[1] 2.381940e-04 3.067493e-07 7.402164e-08 1.149320e-04
[1] 2.350516e-04 2.924319e-07 7.544065e-08 1.134526e-04
[1] 2.358551e-04 2.949875e-07 7.536057e-08 1.140375e-04
[1] 2.381438e-04 3.080987e-07 6.146710e-11 1.155420e-04
[1] 2.378400e-04 3.001906e-07 7.541335e-08 1.153170e-04
[1] 2.367883e-04 3.035868e-07 7.593683e-08 1.151989e-04
[1] 2.363745e-04 3.025964e-07 7.595343e-08 1.150915e-04
[1] 2.370937e-04 3.061102e-07 9.176486e-12 1.155179e-04
[1] 2.361261e-04 3.034513e-07 7.564316e-08 1.151823e-04
[1] 2.332581e-04 2.870827e-07 7.566885e-08 1.133413e-04
[1] 2.362039e-04 2.984283e-07 7.612991e-08 1.152502e-04
[1] 2.374829e-04 2.984610e-07 2.437518e-12 1.158611e-04
[1] 2.315395e-04 2.865983e-07 7.808901e-08 1.134374e-04
[1] 2.359148e-04 2.952224e-07 7.737388e-08 1.156137e-04
[1] 2.351997e-04 2.915802e-07 7.681524e-08 1.152130e-04
[1] 2.289057e-04 2.821290e-07 7.737679e-08 1.124447e-04
[1] 2.290823e-04 2.809789e-07 8.258912e-08 1.132375e-04
Algorithm converged after  193  iterations.
[1] 6.731994e-05 8.442281e-08 4.032440e-05 1.270529e-07
[1] 2.999913e-04 3.079284e-07 1.376796e-04 3.040716e-07
[1] 3.003905e-04 3.082584e-07 1.378418e-04 3.045128e-07
Algorithm converged after  23  iterations.
[1] 6.731994e-05 1.502726e-06 8.442281e-08 4.032440e-05
[1] 2.502775e-04 1.863285e-06 3.079543e-07 1.206922e-04
Algorithm converged after  20  iterations.
[1] 6.731994e-05 3.942195e-05
Algorithm converged after  2  iterations.
[1] 6.731994e-05 3.942195e-05 2.170925e-07
Algorithm converged after  8  iterations.
[1] 6.731994e-05 3.942195e-05 9.944415e-08
[1] 5.939278e-05 9.646343e-12 5.642670e-06
Algorithm converged after  19  iterations.
[1] 6.731994e-05 3.942195e-05 1.881849e-07
Algorithm converged after  8  iterations.
[1] 6.731994e-05 3.942195e-05 2.170925e-07 4.638314e-08
[1] 7.353789e-05 5.249357e-05 2.255964e-07 5.131585e-08
Algorithm converged after  11  iterations.
[1] 6.731994e-05 3.942195e-05 9.944415e-08 5.683070e-08
[1] 6.030963e-05 1.788427e-06 1.835293e-06 8.808355e-08
Algorithm converged after  15  iterations.
[1] 6.731994e-05 3.942195e-05 1.881849e-07 1.158662e-07
[1] 9.567407e-05 4.633631e-05 2.274198e-07 1.387529e-07
Algorithm converged after  11  iterations.
[1] 6.731994e-05 3.942195e-05 2.170925e-07 9.944415e-08
[1] 7.055279e-05 5.134706e-05 2.249743e-07 1.100337e-07
Algorithm converged after  12  iterations.
[1] 6.731994e-05 3.942195e-05 2.170925e-07 1.881849e-07
Algorithm converged after  10  iterations.
[1] 6.731994e-05 3.942195e-05 9.944415e-08 1.881849e-07
[1] 8.562890e-05 5.466256e-05 1.084769e-07 2.312252e-07
Algorithm converged after  11  iterations.
numeric(0)
Algorithm converged after  1  iterations.
[1] 2.526423e-06
Algorithm converged after  2  iterations.
[1] 2.044356e-06
Algorithm converged after  2  iterations.
[1] 1.448315e-05
Algorithm converged after  2  iterations.
[1] 2.526423e-06 1.047171e-06
Algorithm converged after  2  iterations.
[1] 2.044356e-06 1.023295e-06
Algorithm converged after  2  iterations.
[1] 1.448315e-05 8.805889e-06
Algorithm converged after  2  iterations.
[1] 2.526423e-06 2.044356e-06
Algorithm converged after  2  iterations.
[1] 2.526423e-06 1.448315e-05
Algorithm converged after  2  iterations.
[1] 2.044356e-06 1.448315e-05
Algorithm converged after  2  iterations.
[1] 2.526423e-06 1.047171e-06 2.044356e-06
Algorithm converged after  2  iterations.
[1] 2.526423e-06 1.047171e-06 1.448315e-05
Algorithm converged after  2  iterations.
[1] 2.526423e-06 2.044356e-06 1.023295e-06
Algorithm converged after  2  iterations.
[1] 2.526423e-06 1.448315e-05 8.805889e-06
Algorithm converged after  2  iterations.
[1] 2.044356e-06 1.023295e-06 1.448315e-05
Algorithm converged after  2  iterations.
[1] 2.044356e-06 1.448315e-05 8.805889e-06
Algorithm converged after  2  iterations.
[1] 2.526423e-06 2.044356e-06 1.448315e-05
Algorithm converged after  2  iterations.
[1] 2.526423e-06 1.047171e-06 2.044356e-06 1.023295e-06
Algorithm converged after  2  iterations.
[1] 2.526423e-06 1.047171e-06 1.448315e-05 8.805889e-06
Algorithm converged after  2  iterations.
[1] 2.044356e-06 1.023295e-06 1.448315e-05 8.805889e-06
Algorithm converged after  2  iterations.
[1] 2.526423e-06 1.047171e-06 2.044356e-06 1.448315e-05
Algorithm converged after  2  iterations.
[1] 2.526423e-06 2.044356e-06 1.023295e-06 1.448315e-05
Algorithm converged after  2  iterations.
[1] 2.526423e-06 2.044356e-06 1.448315e-05 8.805889e-06
Algorithm converged after  2  iterations.
[1] 6.158684e-05
Algorithm converged after  2  iterations.
[1] 6.158684e-05 9.313193e-07
Algorithm converged after  8  iterations.
[1] 6.158684e-05 1.041968e-07
[1] 6.321257e-05 2.728514e-07
Algorithm converged after  18  iterations.
[1] 6.158684e-05 4.317627e-05
[1] 1.430642e-04 8.897458e-05
Algorithm converged after  14  iterations.
[1] 6.158684e-05 9.313193e-07 1.830012e-07
Algorithm converged after  6  iterations.
[1] 6.158684e-05 1.041968e-07 4.242038e-08
Algorithm converged after  10  iterations.
[1] 6.158684e-05 4.317627e-05 1.489835e-07
[1] 1.580425e-04 9.546241e-05 2.411343e-07
Algorithm converged after  15  iterations.
[1] 6.158684e-05 9.313193e-07 1.041968e-07
[1] 5.781577e-05 1.033975e-06 1.084055e-07
Algorithm converged after  13  iterations.
[1] 6.158684e-05 9.313193e-07 4.317627e-05
[1] 1.437221e-04 9.650368e-07 9.041334e-05
Algorithm converged after  15  iterations.
[1] 6.158684e-05 1.041968e-07 4.317627e-05
[1] 1.434466e-04 1.026761e-07 9.003925e-05
[1] 1.390935e-04 1.317203e-07 8.816380e-05
[1] 1.407341e-04 9.911615e-08 8.835757e-05
[1] 1.394319e-04 1.812982e-10 8.782704e-05
[1] 1.398228e-04 9.919600e-08 8.815955e-05
[1] 1.436950e-04 1.183405e-07 8.965367e-05
[1] 1.406722e-04 1.208765e-07 8.873699e-05
[1] 1.401834e-04 2.072160e-07 8.875094e-05
[1] 1.433158e-04 1.168884e-07 9.047563e-05
[1] 1.409627e-04 1.180335e-07 8.958559e-05
[1] 1.433755e-04 1.166675e-07 9.096420e-05
[1] 1.385252e-04 1.237006e-07 8.745940e-05
Algorithm converged after  122  iterations.
[1] 6.158684e-05 9.313193e-07 1.830012e-07 1.041968e-07
Algorithm converged after  7  iterations.
[1] 6.158684e-05 9.313193e-07 1.830012e-07 4.317627e-05
[1] 1.476859e-04 9.212649e-07 1.915502e-07 9.111556e-05
Algorithm converged after  15  iterations.
[1] 6.158684e-05 9.313193e-07 1.041968e-07 4.242038e-08
[1] 6.387830e-05 1.026341e-06 1.066960e-07 4.158594e-08
[1] 6.387671e-05 1.026626e-06 1.066966e-07 4.158336e-08
Algorithm converged after  24  iterations.
[1] 6.158684e-05 9.313193e-07 4.317627e-05 1.489835e-07
[1] 1.587921e-04 9.188381e-07 9.663816e-05 2.361619e-07
Algorithm converged after  16  iterations.
[1] 6.158684e-05 1.041968e-07 4.242038e-08 4.317627e-05
[1] 1.425784e-04 1.281850e-07 1.168458e-07 8.957892e-05
[1] 1.430604e-04 1.285593e-07 1.179063e-07 9.015525e-05
Algorithm converged after  21  iterations.
[1] 6.158684e-05 1.041968e-07 4.317627e-05 1.489835e-07
[1] 1.574405e-04 2.124541e-07 9.561714e-05 2.432458e-07
[1] 1.615904e-04 1.182062e-07 9.816147e-05 2.469464e-07
[1] 1.596520e-04 1.205745e-07 9.757507e-05 2.492237e-07
[1] 1.592882e-04 2.080744e-07 9.772883e-05 2.507180e-07
[1] 1.605795e-04 2.082949e-07 9.877797e-05 2.531980e-07
[1] 1.608858e-04 2.067742e-07 9.929321e-05 2.548473e-07
[1] 1.611255e-04 2.055100e-07 9.970834e-05 2.561448e-07
[1] 1.613039e-04 2.045170e-07 1.000327e-04 2.571373e-07
[1] 1.636641e-04 2.068847e-07 1.014930e-04 2.598861e-07
[1] 1.567730e-04 1.202716e-07 9.551978e-05 2.442681e-07
Algorithm converged after  110  iterations.
[1] 6.158684e-05 9.313193e-07 1.041968e-07 4.317627e-05
[1] 1.450168e-04 9.662628e-07 1.008183e-07 9.229158e-05
Algorithm converged after  17  iterations.
[1] 6.158684e-05 4.085961e-05
Algorithm converged after  2  iterations.
[1] 6.158684e-05 4.085961e-05 1.990534e-07
Algorithm converged after  8  iterations.
[1] 6.158684e-05 4.085961e-05 1.477482e-07
[1] 5.988892e-05 2.784550e-05 1.819199e-07
Algorithm converged after  14  iterations.
[1] 6.158684e-05 4.085961e-05 1.475059e-07
Algorithm converged after  6  iterations.
[1] 6.158684e-05 4.085961e-05 1.990534e-07 6.149905e-08
[1] 6.418796e-05 3.383325e-05 2.022115e-07 6.201150e-08
Algorithm converged after  12  iterations.
[1] 6.158684e-05 4.085961e-05 1.477482e-07 5.446457e-08
[1] 8.406176e-05 5.577905e-05 1.798232e-07 6.512422e-08
Algorithm converged after  13  iterations.
[1] 6.158684e-05 4.085961e-05 1.475059e-07 7.688050e-08
Algorithm converged after  7  iterations.
[1] 6.158684e-05 4.085961e-05 1.990534e-07 1.477482e-07
[1] 1.541814e-04 6.626229e-05 4.178921e-07 6.271918e-07
[1] 1.528393e-04 6.584170e-05 4.157301e-07 6.232792e-07
[1] 1.528189e-04 6.583500e-05 4.156971e-07 6.232197e-07
Algorithm converged after  32  iterations.
[1] 6.158684e-05 4.085961e-05 1.990534e-07 1.475059e-07
[1] 1.707571e-04 6.153718e-07 5.500169e-06 2.387268e-05
[1] 1.719477e-04 6.224145e-07 5.518294e-06 2.395407e-05
Algorithm converged after  21  iterations.
[1] 6.158684e-05 4.085961e-05 1.477482e-07 1.475059e-07
[1] 7.176538e-05 4.172174e-05 1.710734e-07 1.858558e-07
Algorithm converged after  13  iterations.
numeric(0)
Algorithm converged after  1  iterations.
[1] 3.672399e-06
Algorithm converged after  2  iterations.
[1] 2.305597e-06
Algorithm converged after  2  iterations.
[1] 7.05255e-06
Algorithm converged after  2  iterations.
[1] 3.672399e-06 8.866585e-07
Algorithm converged after  2  iterations.
[1] 2.305597e-06 9.256091e-07
Algorithm converged after  2  iterations.
[1] 7.052550e-06 1.879948e-07
Algorithm converged after  2  iterations.
[1] 3.672399e-06 2.305597e-06
Algorithm converged after  2  iterations.
[1] 3.672399e-06 7.052550e-06
Algorithm converged after  2  iterations.
[1] 2.305597e-06 7.052550e-06
Algorithm converged after  2  iterations.
[1] 3.672399e-06 8.866585e-07 2.305597e-06
Algorithm converged after  2  iterations.
[1] 3.672399e-06 8.866585e-07 7.052550e-06
Algorithm converged after  2  iterations.
[1] 3.672399e-06 2.305597e-06 9.256091e-07
Algorithm converged after  2  iterations.
[1] 3.672399e-06 7.052550e-06 1.879948e-07
Algorithm converged after  2  iterations.
[1] 2.305597e-06 9.256091e-07 7.052550e-06
Algorithm converged after  2  iterations.
[1] 2.305597e-06 7.052550e-06 1.879948e-07
Algorithm converged after  2  iterations.
[1] 3.672399e-06 2.305597e-06 7.052550e-06
Algorithm converged after  2  iterations.
[1] 3.672399e-06 8.866585e-07 2.305597e-06 9.256091e-07
Algorithm converged after  2  iterations.
[1] 3.672399e-06 8.866585e-07 7.052550e-06 1.879948e-07
Algorithm converged after  2  iterations.
[1] 2.305597e-06 9.256091e-07 7.052550e-06 1.879948e-07
Algorithm converged after  2  iterations.
[1] 3.672399e-06 8.866585e-07 2.305597e-06 7.052550e-06
Algorithm converged after  2  iterations.
[1] 3.672399e-06 2.305597e-06 9.256091e-07 7.052550e-06
Algorithm converged after  2  iterations.
[1] 3.672399e-06 2.305597e-06 7.052550e-06 1.879948e-07
Algorithm converged after  2  iterations.
[1] 5.0821e-05
Algorithm converged after  2  iterations.
[1] 5.082100e-05 1.783379e-07
Algorithm converged after  9  iterations.
[1] 5.082100e-05 2.339783e-06
Algorithm converged after  6  iterations.
[1] 5.082100e-05 1.811641e-05
Algorithm converged after  8  iterations.
[1] 5.082100e-05 1.783379e-07 3.660103e-08
Algorithm converged after  7  iterations.
[1] 5.082100e-05 2.339783e-06 5.272782e-08
Algorithm converged after  7  iterations.
[1] 5.082100e-05 1.811641e-05 1.447837e-07
[1] 6.896484e-05 2.479489e-05 1.819890e-07
Algorithm converged after  13  iterations.
[1] 5.082100e-05 1.783379e-07 2.339783e-06
[1] 5.300224e-05 1.771845e-07 2.419474e-06
[1] 5.315190e-05 1.748151e-07 2.421847e-06
[1] 5.328135e-05 1.727435e-07 2.424057e-06
[1] 5.339440e-05 1.709206e-07 2.426123e-06
[1] 5.349401e-05 1.693072e-07 2.428059e-06
[1] 5.358249e-05 1.678712e-07 2.429880e-06
[1] 5.365239e-05 2.757853e-07 2.431371e-06
Algorithm converged after  79  iterations.
[1] 5.082100e-05 1.783379e-07 1.811641e-05
Algorithm converged after  8  iterations.
[1] 5.082100e-05 2.339783e-06 1.811641e-05
Algorithm converged after  8  iterations.
[1] 5.082100e-05 1.783379e-07 3.660103e-08 2.339783e-06
Algorithm converged after  10  iterations.
[1] 5.082100e-05 1.783379e-07 3.660103e-08 1.811641e-05
Algorithm converged after  10  iterations.
[1] 5.082100e-05 1.783379e-07 2.339783e-06 5.272782e-08
Algorithm converged after  6  iterations.
[1] 5.082100e-05 1.783379e-07 1.811641e-05 1.447837e-07
[1] 6.961615e-05 1.893632e-07 2.482472e-05 1.709733e-07
Algorithm converged after  18  iterations.
[1] 5.082100e-05 2.339783e-06 5.272782e-08 1.811641e-05
[1] 6.561772e-05 2.627638e-06 1.518464e-14 2.290967e-05
[1] 6.815920e-05 2.743555e-06 4.343987e-12 2.334752e-05
[1] 6.677833e-05 2.687410e-06 5.673117e-08 2.332125e-05
Algorithm converged after  33  iterations.
[1] 5.082100e-05 2.339783e-06 1.811641e-05 1.447837e-07
[1] 7.545072e-05 2.814562e-06 2.571719e-05 1.884188e-07
Algorithm converged after  12  iterations.
[1] 5.082100e-05 1.783379e-07 2.339783e-06 1.811641e-05
[1] 6.161129e-05 1.921807e-07 2.525370e-06 2.230903e-05
Algorithm converged after  12  iterations.
[1] 5.082100e-05 5.897006e-06
Algorithm converged after  2  iterations.
[1] 5.082100e-05 5.897006e-06 2.893986e-07
[1] 6.938748e-05 4.163200e-05 3.722394e-07
Algorithm converged after  13  iterations.
[1] 5.082100e-05 5.897006e-06 7.561642e-07
[1] 7.553108e-05 3.907271e-05 1.155913e-06
[1] 7.499732e-05 3.881775e-05 1.147856e-06
[1] 7.495322e-05 3.879796e-05 1.147191e-06
[1] 7.494967e-05 3.879638e-05 1.147137e-06
Algorithm converged after  42  iterations.
[1] 5.082100e-05 5.897006e-06 2.809839e-07
[1] 2.530237e-04 4.919920e-05 7.956882e-06
[1] 2.576463e-04 5.138926e-05 8.143290e-06
[1] 2.527534e-04 5.131949e-05 8.006180e-06
[1] 2.521767e-04 5.130617e-05 7.989918e-06
[1] 2.521188e-04 5.130475e-05 7.988285e-06
Algorithm converged after  60  iterations.
[1] 5.082100e-05 5.897006e-06 2.893986e-07 8.507236e-08
[1] 6.049338e-05 2.712600e-05 3.330259e-07 9.528041e-08
[1] 6.043633e-05 2.423424e-05 3.264190e-07 9.453298e-08
[1] 6.087450e-05 2.102302e-05 3.206815e-07 9.439138e-08
[1] 6.216991e-05 1.800331e-05 3.162642e-07 9.533768e-08
[1] 6.302283e-05 1.824224e-05 3.177815e-07 9.572460e-08
[1] 6.322179e-05 1.906838e-05 3.200416e-07 9.568712e-08
[1] 6.324716e-05 1.947363e-05 3.210805e-07 9.564847e-08
[1] 6.324217e-05 1.961055e-05 3.214174e-07 9.563221e-08
[1] 6.323688e-05 1.964582e-05 3.215003e-07 9.562691e-08
[1] 6.323442e-05 1.965174e-05 3.215129e-07 9.562556e-08
[1] 6.323359e-05 1.965152e-05 3.215115e-07 9.562533e-08
[1] 6.323337e-05 1.965080e-05 3.215096e-07 9.562534e-08
[1] 6.323333e-05 1.965043e-05 3.215086e-07 9.562537e-08
Algorithm converged after  133  iterations.
[1] 5.082100e-05 5.897006e-06 7.561642e-07 6.451953e-08
[1] 7.572322e-05 3.888274e-05 1.126937e-06 7.468025e-08
[1] 7.538056e-05 3.870008e-05 1.121817e-06 7.404487e-08
[1] 7.535058e-05 3.868603e-05 1.121379e-06 7.397325e-08
[1] 7.534741e-05 3.868461e-05 1.121334e-06 7.396505e-08
Algorithm converged after  47  iterations.
[1] 5.082100e-05 5.897006e-06 2.809839e-07 8.627884e-08
[1] 4.803957e-05 1.242223e-05 3.407751e-07 9.016018e-08
[1] 4.804999e-05 1.260614e-05 3.416136e-07 9.010614e-08
Algorithm converged after  25  iterations.
[1] 5.082100e-05 5.897006e-06 2.893986e-07 7.561642e-07
[1] 1.130560e-04 4.781636e-05 5.557165e-07 1.463172e-06
[1] 1.128773e-04 4.775737e-05 5.549022e-07 1.461172e-06
Algorithm converged after  29  iterations.
[1] 5.082100e-05 5.897006e-06 2.893986e-07 2.809839e-07
[1] 6.503090e-05 4.000335e-05 2.987243e-07 6.570088e-07
Algorithm converged after  20  iterations.
[1] 5.082100e-05 5.897006e-06 7.561642e-07 2.809839e-07
[1] 6.810210e-05 1.556610e-06 1.665906e-06 4.467664e-05
[1] 6.888922e-05 1.668760e-06 1.585839e-06 4.801535e-05
[1] 6.890551e-05 1.671033e-06 1.584203e-06 4.808412e-05
Algorithm converged after  38  iterations.
numeric(0)
Algorithm converged after  1  iterations.
[1] 1.617665e-06
Algorithm converged after  2  iterations.
[1] 2.464524e-06
Algorithm converged after  2  iterations.
[1] 7.964677e-06
Algorithm converged after  2  iterations.
[1] 1.617665e-06 1.045809e-06
Algorithm converged after  2  iterations.
[1] 2.464524e-06 1.334758e-06
Algorithm converged after  2  iterations.
[1] 7.964677e-06 2.322244e-07
Algorithm converged after  2  iterations.
[1] 1.617665e-06 2.464524e-06
Algorithm converged after  2  iterations.
[1] 1.617665e-06 7.964677e-06
Algorithm converged after  2  iterations.
[1] 2.464524e-06 7.964677e-06
Algorithm converged after  2  iterations.
[1] 1.617665e-06 1.045809e-06 2.464524e-06
Algorithm converged after  2  iterations.
[1] 1.617665e-06 1.045809e-06 7.964677e-06
Algorithm converged after  2  iterations.
[1] 1.617665e-06 2.464524e-06 1.334758e-06
Algorithm converged after  2  iterations.
[1] 1.617665e-06 7.964677e-06 2.322244e-07
Algorithm converged after  2  iterations.
[1] 2.464524e-06 1.334758e-06 7.964677e-06
Algorithm converged after  2  iterations.
[1] 2.464524e-06 7.964677e-06 2.322244e-07
Algorithm converged after  2  iterations.
[1] 1.617665e-06 2.464524e-06 7.964677e-06
Algorithm converged after  2  iterations.
[1] 1.617665e-06 1.045809e-06 2.464524e-06 1.334758e-06
Algorithm converged after  2  iterations.
[1] 1.617665e-06 1.045809e-06 7.964677e-06 2.322244e-07
Algorithm converged after  2  iterations.
[1] 2.464524e-06 1.334758e-06 7.964677e-06 2.322244e-07
Algorithm converged after  2  iterations.
[1] 1.617665e-06 1.045809e-06 2.464524e-06 7.964677e-06
Algorithm converged after  2  iterations.
[1] 1.617665e-06 2.464524e-06 1.334758e-06 7.964677e-06
Algorithm converged after  2  iterations.
[1] 1.617665e-06 2.464524e-06 7.964677e-06 2.322244e-07
Algorithm converged after  2  iterations.
[1] 5.488453e-05
Algorithm converged after  2  iterations.
[1] 5.488453e-05 5.456949e-07
Algorithm converged after  8  iterations.
[1] 5.488453e-05 2.470637e-07
Algorithm converged after  10  iterations.
[1] 5.488453e-05 5.349722e-05
[1] 0.0002075984 0.0001450949
Algorithm converged after  18  iterations.
[1] 5.488453e-05 5.456949e-07 1.595584e-07
Algorithm converged after  6  iterations.
[1] 5.488453e-05 2.470637e-07 1.214924e-07
Algorithm converged after  8  iterations.
[1] 5.488453e-05 5.349722e-05 1.451538e-07
[1] 2.337505e-04 1.582168e-04 2.800784e-07
Algorithm converged after  20  iterations.
[1] 5.488453e-05 5.456949e-07 2.470637e-07
[1] 5.849846e-05 6.178218e-07 3.022946e-07
Algorithm converged after  12  iterations.
[1] 5.488453e-05 5.456949e-07 5.349722e-05
[1] 2.162339e-04 7.840543e-07 1.514087e-04
Algorithm converged after  19  iterations.
[1] 5.488453e-05 2.470637e-07 5.349722e-05
[1] 2.148418e-04 4.102231e-07 1.499636e-04
Algorithm converged after  19  iterations.
[1] 5.488453e-05 5.456949e-07 1.595584e-07 2.470637e-07
Algorithm converged after  8  iterations.
[1] 5.488453e-05 5.456949e-07 1.595584e-07 5.349722e-05
[1] 2.238781e-04 7.573679e-07 1.756191e-07 1.545567e-04
Algorithm converged after  18  iterations.
[1] 5.488453e-05 5.456949e-07 2.470637e-07 1.214924e-07
[1] 5.831579e-05 6.172199e-07 3.209702e-07 1.254858e-07
Algorithm converged after  11  iterations.
[1] 5.488453e-05 5.456949e-07 5.349722e-05 1.451538e-07
[1] 2.453268e-04 7.671661e-07 1.658682e-04 2.813878e-07
[1] 2.454807e-04 7.673711e-07 1.659568e-04 2.815434e-07
Algorithm converged after  21  iterations.
[1] 5.488453e-05 2.470637e-07 1.214924e-07 5.349722e-05
[1] 2.268971e-04 4.146719e-07 1.351838e-07 1.574370e-04
Algorithm converged after  20  iterations.
[1] 5.488453e-05 2.470637e-07 5.349722e-05 1.451538e-07
[1] 2.428649e-04 4.129177e-07 1.635746e-04 2.898229e-07
[1] 2.430047e-04 4.131086e-07 1.636536e-04 2.899797e-07
Algorithm converged after  21  iterations.
[1] 5.488453e-05 5.456949e-07 2.470637e-07 5.349722e-05
[1] 2.234061e-04 7.871902e-07 4.291267e-07 1.567841e-04
Algorithm converged after  20  iterations.
[1] 5.488453e-05 3.804178e-05
Algorithm converged after  2  iterations.
[1] 5.488453e-05 3.804178e-05 1.728612e-07
Algorithm converged after  7  iterations.
[1] 5.488453e-05 3.804178e-05 1.452670e-07
[1] 5.814132e-05 4.525420e-05 1.568489e-07
Algorithm converged after  11  iterations.
[1] 5.488453e-05 3.804178e-05 2.042366e-07
Algorithm converged after  7  iterations.
[1] 5.488453e-05 3.804178e-05 1.728612e-07 5.192713e-08
[1] 5.636848e-05 9.796401e-07 3.084056e-06 1.838737e-07
Algorithm converged after  14  iterations.
[1] 5.488453e-05 3.804178e-05 1.452670e-07 6.010347e-08
Algorithm converged after  10  iterations.
[1] 5.488453e-05 3.804178e-05 2.042366e-07 1.093104e-07
Algorithm converged after  10  iterations.
[1] 5.488453e-05 3.804178e-05 1.728612e-07 1.452670e-07
[1] 5.941746e-05 1.414485e-06 1.938119e-06 4.531817e-06
Algorithm converged after  17  iterations.
[1] 5.488453e-05 3.804178e-05 1.728612e-07 2.042366e-07
Algorithm converged after  10  iterations.
[1] 5.488453e-05 3.804178e-05 1.452670e-07 2.042366e-07
Algorithm converged after  9  iterations.
numeric(0)
Algorithm converged after  1  iterations.
[1] 2.205662e-06
Algorithm converged after  2  iterations.
[1] 2.716567e-06
Algorithm converged after  2  iterations.
[1] 1.131009e-05
Algorithm converged after  2  iterations.
[1] 2.205662e-06 1.008969e-06
Algorithm converged after  2  iterations.
[1] 2.716567e-06 8.085315e-07
Algorithm converged after  2  iterations.
[1] 1.131009e-05 7.753504e-06
Algorithm converged after  2  iterations.
[1] 2.205662e-06 2.716567e-06
Algorithm converged after  2  iterations.
[1] 2.205662e-06 1.131009e-05
Algorithm converged after  2  iterations.
[1] 2.716567e-06 1.131009e-05
Algorithm converged after  2  iterations.
[1] 2.205662e-06 1.008969e-06 2.716567e-06
Algorithm converged after  2  iterations.
[1] 2.205662e-06 1.008969e-06 1.131009e-05
Algorithm converged after  2  iterations.
[1] 2.205662e-06 2.716567e-06 8.085315e-07
Algorithm converged after  2  iterations.
[1] 2.205662e-06 1.131009e-05 7.753504e-06
Algorithm converged after  2  iterations.
[1] 2.716567e-06 8.085315e-07 1.131009e-05
Algorithm converged after  2  iterations.
[1] 2.716567e-06 1.131009e-05 7.753504e-06
Algorithm converged after  2  iterations.
[1] 2.205662e-06 2.716567e-06 1.131009e-05
Algorithm converged after  2  iterations.
[1] 2.205662e-06 1.008969e-06 2.716567e-06 8.085315e-07
Algorithm converged after  2  iterations.
[1] 2.205662e-06 1.008969e-06 1.131009e-05 7.753504e-06
Algorithm converged after  2  iterations.
[1] 2.716567e-06 8.085315e-07 1.131009e-05 7.753504e-06
Algorithm converged after  2  iterations.
[1] 2.205662e-06 1.008969e-06 2.716567e-06 1.131009e-05
Algorithm converged after  2  iterations.
[1] 2.205662e-06 2.716567e-06 8.085315e-07 1.131009e-05
Algorithm converged after  2  iterations.
[1] 2.205662e-06 2.716567e-06 1.131009e-05 7.753504e-06
Algorithm converged after  2  iterations.
[1] 5.987922e-05
Algorithm converged after  2  iterations.
[1] 5.987922e-05 1.391367e-06
Algorithm converged after  7  iterations.
[1] 5.987922e-05 1.039088e-07
[1] 6.087670e-05 2.565246e-07
Algorithm converged after  12  iterations.
[1] 5.987922e-05 4.506141e-05
[1] 0.0001727189 0.0001061611
Algorithm converged after  16  iterations.
[1] 5.987922e-05 1.391367e-06 1.455883e-07
Algorithm converged after  6  iterations.
[1] 5.987922e-05 1.039088e-07 1.136508e-07
Algorithm converged after  8  iterations.
[1] 5.987922e-05 4.506141e-05 1.914195e-07
[1] 2.012704e-04 1.188820e-04 3.434620e-07
Algorithm converged after  18  iterations.
[1] 5.987922e-05 1.391367e-06 1.039088e-07
Algorithm converged after  10  iterations.
[1] 5.987922e-05 1.391367e-06 4.506141e-05
[1] 1.806318e-04 1.775858e-06 1.116881e-04
Algorithm converged after  17  iterations.
[1] 5.987922e-05 1.039088e-07 4.506141e-05
[1] 1.764061e-04 3.052151e-07 1.086159e-04
Algorithm converged after  17  iterations.
[1] 5.987922e-05 1.391367e-06 1.455883e-07 1.039088e-07
Algorithm converged after  6  iterations.
[1] 5.987922e-05 1.391367e-06 1.455883e-07 4.506141e-05
[1] 1.843250e-04 1.679458e-06 1.568895e-07 1.116067e-04
Algorithm converged after  16  iterations.
[1] 5.987922e-05 1.391367e-06 1.039088e-07 1.136508e-07
Algorithm converged after  5  iterations.
[1] 5.987922e-05 1.391367e-06 4.506141e-05 1.914195e-07
[1] 2.119667e-04 1.744984e-06 1.254289e-04 3.474656e-07
Algorithm converged after  18  iterations.
[1] 5.987922e-05 1.039088e-07 1.136508e-07 4.506141e-05
[1] 1.774564e-04 2.988343e-07 8.998787e-08 1.095439e-04
Algorithm converged after  18  iterations.
[1] 5.987922e-05 1.039088e-07 4.506141e-05 1.914195e-07
[1] 2.054537e-04 2.898942e-07 1.211442e-04 3.500508e-07
Algorithm converged after  18  iterations.
[1] 5.987922e-05 1.391367e-06 1.039088e-07 4.506141e-05
[1] 1.837148e-04 1.766122e-06 3.086050e-07 1.137724e-04
Algorithm converged after  17  iterations.
[1] 5.987922e-05 4.172750e-05
Algorithm converged after  2  iterations.
[1] 5.987922e-05 4.172750e-05 1.651983e-07
Algorithm converged after  7  iterations.
[1] 5.987922e-05 4.172750e-05 9.324852e-08
[1] 6.008977e-05 3.577799e-06 3.563401e-06
Algorithm converged after  18  iterations.
[1] 5.987922e-05 4.172750e-05 2.693170e-07
Algorithm converged after  7  iterations.
[1] 5.987922e-05 4.172750e-05 1.651983e-07 4.408068e-08
[1] 6.669926e-05 5.192065e-05 1.672674e-07 4.833265e-08
Algorithm converged after  11  iterations.
[1] 5.987922e-05 4.172750e-05 9.324852e-08 4.097079e-08
[1] 8.178855e-05 5.200338e-05 2.279843e-07 8.863984e-08
Algorithm converged after  19  iterations.
[1] 5.987922e-05 4.172750e-05 2.693170e-07 1.525946e-07
Algorithm converged after  9  iterations.
[1] 5.987922e-05 4.172750e-05 1.651983e-07 9.324852e-08
Algorithm converged after  10  iterations.
[1] 5.987922e-05 4.172750e-05 1.651983e-07 2.693170e-07
Algorithm converged after  9  iterations.
[1] 5.987922e-05 4.172750e-05 9.324852e-08 2.693170e-07
Algorithm converged after  9  iterations.
numeric(0)
Algorithm converged after  1  iterations.
[1] 2.204762e-06
Algorithm converged after  2  iterations.
[1] 2.556994e-06
Algorithm converged after  2  iterations.
[1] 8.711128e-06
Algorithm converged after  2  iterations.
[1] 2.204762e-06 1.102537e-06
Algorithm converged after  2  iterations.
[1] 2.556994e-06 9.770633e-07
Algorithm converged after  2  iterations.
[1] 8.711128e-06 1.143252e-05
Algorithm converged after  2  iterations.
[1] 2.204762e-06 2.556994e-06
Algorithm converged after  2  iterations.
[1] 2.204762e-06 8.711128e-06
Algorithm converged after  2  iterations.
[1] 2.556994e-06 8.711128e-06
Algorithm converged after  2  iterations.
[1] 2.204762e-06 1.102537e-06 2.556994e-06
Algorithm converged after  2  iterations.
[1] 2.204762e-06 1.102537e-06 8.711128e-06
Algorithm converged after  2  iterations.
[1] 2.204762e-06 2.556994e-06 9.770633e-07
Algorithm converged after  2  iterations.
[1] 2.204762e-06 8.711128e-06 1.143252e-05
Algorithm converged after  2  iterations.
[1] 2.556994e-06 9.770633e-07 8.711128e-06
Algorithm converged after  2  iterations.
[1] 2.556994e-06 8.711128e-06 1.143252e-05
Algorithm converged after  2  iterations.
[1] 2.204762e-06 2.556994e-06 8.711128e-06
Algorithm converged after  2  iterations.
[1] 2.204762e-06 1.102537e-06 2.556994e-06 9.770633e-07
Algorithm converged after  2  iterations.
[1] 2.204762e-06 1.102537e-06 8.711128e-06 1.143252e-05
Algorithm converged after  2  iterations.
[1] 2.556994e-06 9.770633e-07 8.711128e-06 1.143252e-05
Algorithm converged after  2  iterations.
[1] 2.204762e-06 1.102537e-06 2.556994e-06 8.711128e-06
Algorithm converged after  2  iterations.
[1] 2.204762e-06 2.556994e-06 9.770633e-07 8.711128e-06
Algorithm converged after  2  iterations.
[1] 2.204762e-06 2.556994e-06 8.711128e-06 1.143252e-05
Algorithm converged after  2  iterations.
[1] 6.092642e-05
Algorithm converged after  2  iterations.
[1] 6.092642e-05 1.040428e-06
Algorithm converged after  7  iterations.
[1] 6.092642e-05 7.146482e-08
[1] 5.900957e-05 7.388851e-08
[1] 6.219095e-05 2.980018e-13
[1] 5.951709e-05 7.447799e-08
[1] 6.220966e-05 1.681233e-07
[1] 5.721845e-05 8.864229e-08
[1] 6.209319e-05 1.959159e-07
[1] 6.030165e-05 3.221242e-07
Algorithm converged after  72  iterations.
[1] 6.092642e-05 4.553662e-05
[1] 0.0001786834 0.0001041768
Algorithm converged after  16  iterations.
[1] 6.092642e-05 1.040428e-06 1.595570e-07
Algorithm converged after  6  iterations.
[1] 6.092642e-05 7.146482e-08 4.353515e-08
[1] 5.950274e-05 3.424499e-07 6.939932e-08
Algorithm converged after  16  iterations.
[1] 6.092642e-05 4.553662e-05 1.495595e-07
[1] 2.214553e-04 1.241631e-04 2.423445e-07
[1] 2.217440e-04 1.243002e-04 2.426657e-07
Algorithm converged after  21  iterations.
[1] 6.092642e-05 1.040428e-06 7.146482e-08
[1] 6.069993e-05 1.144030e-06 7.629515e-08
Algorithm converged after  13  iterations.
[1] 6.092642e-05 1.040428e-06 4.553662e-05
[1] 1.849635e-04 1.281513e-06 1.085040e-04
Algorithm converged after  17  iterations.
[1] 6.092642e-05 7.146482e-08 4.553662e-05
[1] 1.842136e-04 7.304762e-08 1.076108e-04
Algorithm converged after  17  iterations.
[1] 6.092642e-05 1.040428e-06 1.595570e-07 7.146482e-08
Algorithm converged after  6  iterations.
[1] 6.092642e-05 1.040428e-06 1.595570e-07 4.553662e-05
[1] 1.886206e-04 1.234525e-06 1.694357e-07 1.088377e-04
Algorithm converged after  16  iterations.
[1] 6.092642e-05 1.040428e-06 7.146482e-08 4.353515e-08
[1] 5.064956e-05 1.140765e-06 1.025499e-07 5.171097e-08
[1] 5.023522e-05 1.134973e-06 1.026625e-07 5.173235e-08
Algorithm converged after  25  iterations.
[1] 6.092642e-05 1.040428e-06 4.553662e-05 1.495595e-07
[1] 2.214710e-04 1.274315e-06 1.243119e-04 2.310701e-07
[1] 2.242353e-04 1.281119e-06 1.258796e-04 2.367741e-07
Algorithm converged after  25  iterations.
[1] 6.092642e-05 7.146482e-08 4.353515e-08 4.553662e-05
[1] 2.002798e-04 7.392264e-08 4.753355e-08 1.148705e-04
Algorithm converged after  18  iterations.
[1] 6.092642e-05 7.146482e-08 4.553662e-05 1.495595e-07
[1] 2.307037e-04 7.407736e-08 1.293688e-04 2.457598e-07
[1] 2.362762e-04 7.424490e-08 1.319641e-04 2.518534e-07
Algorithm converged after  26  iterations.
[1] 6.092642e-05 1.040428e-06 7.146482e-08 4.553662e-05
[1] 1.909588e-04 1.285170e-06 7.385420e-08 1.120948e-04
Algorithm converged after  18  iterations.
[1] 6.092642e-05 3.918365e-05
Algorithm converged after  2  iterations.
[1] 6.092642e-05 3.918365e-05 1.761696e-07
Algorithm converged after  7  iterations.
[1] 6.092642e-05 3.918365e-05 1.095270e-07
[1] 6.117336e-05 4.605920e-06 3.824382e-06
Algorithm converged after  17  iterations.
[1] 6.092642e-05 3.918365e-05 1.794274e-07
[1] 6.773600e-05 4.020485e-05 1.923265e-07
Algorithm converged after  15  iterations.
[1] 6.092642e-05 3.918365e-05 1.761696e-07 4.640934e-08
[1] 6.170509e-05 1.397978e-05 4.368184e-07 1.586116e-07
Algorithm converged after  19  iterations.
[1] 6.092642e-05 3.918365e-05 1.095270e-07 6.832232e-08
[1] 2.492293e-06 5.289864e-07 2.426170e-06 6.194345e-07
[1] 2.488530e-06 5.281407e-07 2.429691e-06 6.230270e-07
Algorithm converged after  29  iterations.
[1] 6.092642e-05 3.918365e-05 1.794274e-07 9.511892e-08
[1] 7.767613e-05 4.514452e-05 2.019379e-07 5.398555e-08
[1] 8.068169e-05 4.825208e-05 2.071178e-07 5.093077e-08
[1] 8.184153e-05 4.893584e-05 2.087580e-07 6.130783e-08
[1] 7.672653e-05 4.486905e-05 2.023009e-07 5.535520e-08
[1] 7.661588e-05 4.482219e-05 2.019586e-07 5.867112e-08
[1] 7.713280e-05 4.508536e-05 2.024354e-07 5.330928e-08
[1] 7.674868e-05 4.490442e-05 2.017267e-07 5.829228e-08
[1] 7.695671e-05 4.500318e-05 2.016630e-07 5.590810e-08
[1] 7.665967e-05 4.487703e-05 2.010564e-07 6.170989e-08
[1] 7.836079e-05 4.580268e-05 2.037718e-07 4.975444e-08
[1] 8.074086e-05 4.712787e-05 2.064108e-07 4.884361e-08
[1] 8.074883e-05 4.713219e-05 2.064189e-07 4.885183e-08
Algorithm converged after  122  iterations.
[1] 6.092642e-05 3.918365e-05 1.761696e-07 1.095270e-07
[1] 1.541016e-05 2.215691e-06 1.326186e-06 5.131408e-06
[1] 1.549042e-05 2.226784e-06 1.333030e-06 5.146944e-06
Algorithm converged after  24  iterations.
[1] 6.092642e-05 3.918365e-05 1.761696e-07 1.794274e-07
[1] 7.431875e-05 4.210679e-05 1.802000e-07 1.912710e-07
[1] 7.434201e-05 4.212336e-05 1.802068e-07 1.912878e-07
Algorithm converged after  24  iterations.
[1] 6.092642e-05 3.918365e-05 1.095270e-07 1.794274e-07
[1] 1.305214e-04 4.691819e-05 3.827366e-07 5.342794e-06
[1] 1.326840e-04 4.683593e-05 3.779932e-07 5.439508e-06
[1] 1.325870e-04 4.682458e-05 3.780899e-07 5.433052e-06
[1] 1.326307e-04 4.682411e-05 3.780070e-07 5.435337e-06
[1] 1.326481e-04 4.682438e-05 3.779769e-07 5.436251e-06
[1] 1.326537e-04 4.682451e-05 3.779677e-07 5.436537e-06
[1] 1.326554e-04 4.682456e-05 3.779649e-07 5.436626e-06
Algorithm converged after  71  iterations.
numeric(0)
Algorithm converged after  1  iterations.
[1] 2.140622e-06
Algorithm converged after  2  iterations.
[1] 3.662785e-06
Algorithm converged after  2  iterations.
[1] 8.589633e-06
Algorithm converged after  2  iterations.
[1] 2.140622e-06 1.124813e-06
Algorithm converged after  2  iterations.
[1] 3.662785e-06 1.474420e-06
Algorithm converged after  2  iterations.
[1] 8.589633e-06 8.107254e-06
Algorithm converged after  2  iterations.
[1] 2.140622e-06 3.662785e-06
Algorithm converged after  2  iterations.
[1] 2.140622e-06 8.589633e-06
Algorithm converged after  2  iterations.
[1] 3.662785e-06 8.589633e-06
Algorithm converged after  2  iterations.
[1] 2.140622e-06 1.124813e-06 3.662785e-06
Algorithm converged after  2  iterations.
[1] 2.140622e-06 1.124813e-06 8.589633e-06
Algorithm converged after  2  iterations.
[1] 2.140622e-06 3.662785e-06 1.474420e-06
Algorithm converged after  2  iterations.
[1] 2.140622e-06 8.589633e-06 8.107254e-06
Algorithm converged after  2  iterations.
[1] 3.662785e-06 1.474420e-06 8.589633e-06
Algorithm converged after  2  iterations.
[1] 3.662785e-06 8.589633e-06 8.107254e-06
Algorithm converged after  2  iterations.
[1] 2.140622e-06 3.662785e-06 8.589633e-06
Algorithm converged after  2  iterations.
[1] 2.140622e-06 1.124813e-06 3.662785e-06 1.474420e-06
Algorithm converged after  2  iterations.
[1] 2.140622e-06 1.124813e-06 8.589633e-06 8.107254e-06
Algorithm converged after  2  iterations.
[1] 3.662785e-06 1.474420e-06 8.589633e-06 8.107254e-06
Algorithm converged after  2  iterations.
[1] 2.140622e-06 1.124813e-06 3.662785e-06 8.589633e-06
Algorithm converged after  2  iterations.
[1] 2.140622e-06 3.662785e-06 1.474420e-06 8.589633e-06
Algorithm converged after  2  iterations.
[1] 2.140622e-06 3.662785e-06 8.589633e-06 8.107254e-06
Algorithm converged after  2  iterations.
[1] 6.700779e-05
Algorithm converged after  2  iterations.
[1] 6.700779e-05 1.242101e-06
Algorithm converged after  7  iterations.
[1] 6.700779e-05 8.063133e-08
[1] 6.798589e-05 6.029394e-08
[1] 6.396441e-05 9.564249e-08
Algorithm converged after  29  iterations.
[1] 6.700779e-05 5.231894e-05
[1] 0.0002418713 0.0001397171
Algorithm converged after  18  iterations.
[1] 6.700779e-05 1.242101e-06 2.042676e-07
Algorithm converged after  6  iterations.
[1] 6.700779e-05 8.063133e-08 4.183058e-08
Algorithm converged after  9  iterations.
[1] 6.700779e-05 5.231894e-05 1.615509e-07
[1] 2.967627e-04 1.647821e-04 2.566597e-07
[1] 2.970390e-04 1.649108e-04 2.568825e-07
Algorithm converged after  21  iterations.
[1] 6.700779e-05 1.242101e-06 8.063133e-08
[1] 6.721370e-05 1.353621e-06 8.840609e-08
Algorithm converged after  13  iterations.
[1] 6.700779e-05 1.242101e-06 5.231894e-05
[1] 2.531530e-04 1.616123e-06 1.470759e-04
Algorithm converged after  19  iterations.
[1] 6.700779e-05 8.063133e-08 5.231894e-05
[1] 2.474153e-04 8.068193e-08 1.435513e-04
Algorithm converged after  19  iterations.
[1] 6.700779e-05 1.242101e-06 2.042676e-07 8.063133e-08
Algorithm converged after  7  iterations.
[1] 6.700779e-05 1.242101e-06 2.042676e-07 5.231894e-05
[1] 2.610242e-04 1.557315e-06 2.235389e-07 1.491249e-04
Algorithm converged after  18  iterations.
[1] 6.700779e-05 1.242101e-06 8.063133e-08 4.183058e-08
[1] 6.647492e-05 1.357656e-06 9.124242e-08 4.094698e-08
[1] 4.589046e-05 1.299040e-06 1.318199e-07 5.509556e-08
[1] 4.601736e-05 1.299491e-06 1.317951e-07 5.503939e-08
[1] 4.602165e-05 1.299516e-06 1.317937e-07 5.503835e-08
Algorithm converged after  42  iterations.
[1] 6.700779e-05 1.242101e-06 5.231894e-05 1.615509e-07
[1] 3.147657e-04 1.632078e-06 1.747714e-04 2.672209e-07
[1] 3.152501e-04 1.632818e-06 1.750035e-04 2.676256e-07
Algorithm converged after  23  iterations.
[1] 6.700779e-05 8.063133e-08 4.183058e-08 5.231894e-05
[1] 2.768657e-04 8.191469e-08 1.619841e-07 1.576777e-04
[1] 2.808406e-04 8.271463e-08 4.567793e-08 1.598437e-04
Algorithm converged after  27  iterations.
[1] 6.700779e-05 8.063133e-08 5.231894e-05 1.615509e-07
[1] 3.153989e-04 8.120804e-08 1.750120e-04 2.688373e-07
[1] 3.159708e-04 8.121613e-08 1.752760e-04 2.692891e-07
Algorithm converged after  23  iterations.
[1] 6.700779e-05 1.242101e-06 8.063133e-08 5.231894e-05
[1] 2.589091e-04 1.616524e-06 8.194368e-08 1.508342e-04
Algorithm converged after  20  iterations.
[1] 6.700779e-05 4.193985e-05
Algorithm converged after  2  iterations.
[1] 6.700779e-05 4.193985e-05 2.286608e-07
Algorithm converged after  7  iterations.
[1] 6.700779e-05 4.193985e-05 9.685605e-08
[1] 6.815097e-05 5.278392e-05 1.112776e-07
[1] 6.815553e-05 4.319180e-05 9.761715e-08
[1] 6.790616e-05 5.241444e-05 1.109694e-07
[1] 6.805859e-05 5.277368e-05 1.113561e-07
[1] 6.809908e-05 5.286538e-05 1.114576e-07
[1] 6.432985e-05 1.640807e-06 5.739313e-06
Algorithm converged after  67  iterations.
[1] 6.700779e-05 4.193985e-05 2.041190e-07
[1] 8.863216e-05 4.671560e-05 2.260577e-07
[1] 8.870139e-05 4.679898e-05 2.261614e-07
Algorithm converged after  23  iterations.
[1] 6.700779e-05 4.193985e-05 2.286608e-07 5.280456e-08
[1] 7.195112e-05 5.309341e-05 2.307410e-07 5.797118e-08
Algorithm converged after  12  iterations.
[1] 6.700779e-05 4.193985e-05 9.685605e-08 6.467176e-08
[1] 9.228126e-05 6.056483e-05 6.254828e-07 9.684191e-08
[1] 9.290105e-05 6.120461e-05 6.264586e-07 9.801917e-08
Algorithm converged after  29  iterations.
[1] 6.700779e-05 4.193985e-05 2.041190e-07 7.974345e-08
[1] 9.376426e-05 4.803208e-05 2.335006e-07 4.927214e-08
Algorithm converged after  15  iterations.
[1] 6.700779e-05 4.193985e-05 2.286608e-07 9.685605e-08
[1] 8.401304e-05 1.996152e-06 3.089945e-06 7.092321e-06
[1] 8.836965e-05 2.274080e-06 3.390154e-06 7.552997e-06
Algorithm converged after  25  iterations.
[1] 6.700779e-05 4.193985e-05 2.286608e-07 2.041190e-07
[1] 9.430980e-05 4.714057e-05 2.365929e-07 2.287324e-07
Algorithm converged after  19  iterations.
[1] 6.700779e-05 4.193985e-05 9.685605e-08 2.041190e-07
[1] 7.822370e-05 4.445137e-05 1.003814e-07 2.370382e-07
[1] 6.476348e-05 3.929528e-05 1.001841e-07 2.422889e-07
[1] 6.594578e-05 3.559405e-05 1.021132e-07 2.518631e-07
Algorithm converged after  32  iterations.
Warning messages:
1: In max(abs(CT), na.rm = T) :
  no non-missing arguments to max; returning -Inf
2: In max(abs(CT), na.rm = T) :
  no non-missing arguments to max; returning -Inf
3: In max(abs(CT), na.rm = T) :
  no non-missing arguments to max; returning -Inf
4: In max(abs(CT), na.rm = T) :
  no non-missing arguments to max; returning -Inf
5: In max(abs(CT), na.rm = T) :
  no non-missing arguments to max; returning -Inf
6: In max(abs(CT), na.rm = T) :
  no non-missing arguments to max; returning -Inf
7: In max(abs(CT), na.rm = T) :
  no non-missing arguments to max; returning -Inf
8: In max(abs(CT), na.rm = T) :
  no non-missing arguments to max; returning -Inf
9: In max(abs(CT), na.rm = T) :
  no non-missing arguments to max; returning -Inf
10: In max(abs(CT), na.rm = T) :
  no non-missing arguments to max; returning -Inf
[1] "Best iter parameter is:"
   gam  rankJ rankA1 rankA2 rankA3 
   1.5    0.0    0.0    2.0    2.0 
[1] 2.454589e-06 8.888152e-07 8.228006e-06 4.777050e-12
Algorithm converged after  2  iterations.
         [,1]     [,2]    [,3]
[1,] 7.997201 8.903154 63.4303
