myseed=5219 

Attaching package: ‘pls’

The following object is masked from ‘package:stats’:

    loadings

Loading required package: lattice
Loading required package: ggplot2
Registered S3 methods overwritten by 'ggplot2':
  method         from 
  [.quosures     rlang
  c.quosures     rlang
  print.quosures rlang

Attaching package: ‘caret’

The following object is masked from ‘package:pls’:

    R2

Loading required package: Matrix
Loading required package: foreach
Loaded glmnet 2.0-18

Parsed with column specification:
cols(
  .default = col_double()
)
See spec(...) for full column specifications.
Parsed with column specification:
cols(
  X1 = col_double()
)
Parsed with column specification:
cols(
  X1 = col_double()
)
numeric(0)
Algorithm converged after  1  iterations.
[1] 4.088382e-06
Algorithm converged after  2  iterations.
[1] 4.435038e-06
Algorithm converged after  2  iterations.
[1] 9.843339e-06
Algorithm converged after  2  iterations.
[1] 4.088382e-06 1.094042e-06
Algorithm converged after  2  iterations.
[1] 4.435038e-06 1.158231e-06
Algorithm converged after  2  iterations.
[1] 9.843339e-06 5.404772e-06
Algorithm converged after  2  iterations.
[1] 4.088382e-06 4.435038e-06
Algorithm converged after  2  iterations.
[1] 4.088382e-06 9.843339e-06
Algorithm converged after  2  iterations.
[1] 4.435038e-06 9.843339e-06
Algorithm converged after  2  iterations.
[1] 4.088382e-06 1.094042e-06 4.435038e-06
Algorithm converged after  2  iterations.
[1] 4.088382e-06 1.094042e-06 9.843339e-06
Algorithm converged after  2  iterations.
[1] 4.088382e-06 4.435038e-06 1.158231e-06
Algorithm converged after  2  iterations.
[1] 4.088382e-06 9.843339e-06 5.404772e-06
Algorithm converged after  2  iterations.
[1] 4.435038e-06 1.158231e-06 9.843339e-06
Algorithm converged after  2  iterations.
[1] 4.435038e-06 9.843339e-06 5.404772e-06
Algorithm converged after  2  iterations.
[1] 4.088382e-06 4.435038e-06 9.843339e-06
Algorithm converged after  2  iterations.
[1] 4.088382e-06 1.094042e-06 4.435038e-06 1.158231e-06
Algorithm converged after  2  iterations.
[1] 4.088382e-06 1.094042e-06 9.843339e-06 5.404772e-06
Algorithm converged after  2  iterations.
[1] 4.435038e-06 1.158231e-06 9.843339e-06 5.404772e-06
Algorithm converged after  2  iterations.
[1] 4.088382e-06 1.094042e-06 4.435038e-06 9.843339e-06
Algorithm converged after  2  iterations.
[1] 4.088382e-06 4.435038e-06 1.158231e-06 9.843339e-06
Algorithm converged after  2  iterations.
[1] 4.088382e-06 4.435038e-06 9.843339e-06 5.404772e-06
Algorithm converged after  2  iterations.
[1] 6.906748e-05
Algorithm converged after  2  iterations.
[1] 6.906748e-05 1.258180e-06
Algorithm converged after  7  iterations.
[1] 6.906748e-05 5.662056e-06
Algorithm converged after  7  iterations.
[1] 6.906748e-05 9.941294e-06
Algorithm converged after  8  iterations.
[1] 6.906748e-05 1.258180e-06 1.809904e-07
Algorithm converged after  7  iterations.
[1] 6.906748e-05 5.662056e-06 9.599863e-08
[1] 1.079519e-04 6.555241e-06 1.035642e-07
Algorithm converged after  12  iterations.
[1] 6.906748e-05 9.941294e-06 1.954228e-07
Algorithm converged after  10  iterations.
[1] 6.906748e-05 1.258180e-06 5.662056e-06
Algorithm converged after  9  iterations.
[1] 6.906748e-05 1.258180e-06 9.941294e-06
Algorithm converged after  10  iterations.
[1] 6.906748e-05 5.662056e-06 9.941294e-06
[1] 1.228884e-04 6.929872e-06 1.854853e-05
Algorithm converged after  11  iterations.
[1] 6.906748e-05 1.258180e-06 1.809904e-07 5.662056e-06
Algorithm converged after  10  iterations.
[1] 6.906748e-05 1.258180e-06 1.809904e-07 9.941294e-06
[1] 1.083026e-04 1.689064e-06 1.908783e-07 1.695037e-05
Algorithm converged after  11  iterations.
[1] 6.906748e-05 1.258180e-06 5.662056e-06 9.599863e-08
[1] 1.299611e-04 1.892575e-06 7.030856e-06 1.152319e-07
Algorithm converged after  13  iterations.
[1] 6.906748e-05 1.258180e-06 9.941294e-06 1.954228e-07
[1] 1.167214e-04 1.754017e-06 1.676612e-05 2.244217e-07
Algorithm converged after  11  iterations.
[1] 6.906748e-05 5.662056e-06 9.599863e-08 9.941294e-06
[1] 1.375806e-04 7.231024e-06 1.154150e-07 2.084707e-05
Algorithm converged after  19  iterations.
[1] 6.906748e-05 5.662056e-06 9.941294e-06 1.954228e-07
[1] 1.361944e-04 7.161108e-06 1.946314e-05 2.348209e-07
Algorithm converged after  12  iterations.
[1] 6.906748e-05 1.258180e-06 5.662056e-06 9.941294e-06
[1] 1.521779e-04 2.133129e-06 7.571727e-06 2.322673e-05
Algorithm converged after  13  iterations.
[1] 6.906748e-05 4.196818e-05
Algorithm converged after  2  iterations.
[1] 6.906748e-05 4.196818e-05 2.139550e-07
Algorithm converged after  6  iterations.
[1] 6.906748e-05 4.196818e-05 1.859703e-07
Algorithm converged after  7  iterations.
[1] 6.906748e-05 4.196818e-05 4.136469e-07
[1] 9.903474e-05 5.894578e-05 7.457706e-07
Algorithm converged after  20  iterations.
[1] 6.906748e-05 4.196818e-05 2.139550e-07 5.636805e-08
Algorithm converged after  9  iterations.
[1] 6.906748e-05 4.196818e-05 1.859703e-07 1.070042e-07
Algorithm converged after  8  iterations.
[1] 6.906748e-05 4.196818e-05 4.136469e-07 7.847251e-08
[1] 1.141937e-04 6.246319e-05 8.083946e-07 1.167542e-07
[1] 1.141769e-04 6.245516e-05 8.083267e-07 1.167871e-07
Algorithm converged after  23  iterations.
[1] 6.906748e-05 4.196818e-05 2.139550e-07 1.859703e-07
Algorithm converged after  7  iterations.
[1] 6.906748e-05 4.196818e-05 2.139550e-07 4.136469e-07
[1] 1.104719e-04 6.605741e-05 2.374960e-07 8.029072e-07
[1] 1.105377e-04 6.608236e-05 2.375158e-07 8.032742e-07
Algorithm converged after  22  iterations.
[1] 6.906748e-05 4.196818e-05 1.859703e-07 4.136469e-07
[1] 1.047443e-04 6.662277e-05 2.257366e-07 8.297319e-07
[1] 1.048976e-04 6.672799e-05 2.258002e-07 8.306696e-07
Algorithm converged after  26  iterations.
numeric(0)
Algorithm converged after  1  iterations.
[1] 2.760783e-06
Algorithm converged after  2  iterations.
[1] 3.047559e-06
Algorithm converged after  2  iterations.
[1] 1.290352e-05
Algorithm converged after  2  iterations.
[1] 2.760783e-06 1.125111e-06
Algorithm converged after  2  iterations.
[1] 3.047559e-06 4.129938e-07
Algorithm converged after  2  iterations.
[1] 1.290352e-05 5.134248e-06
Algorithm converged after  2  iterations.
[1] 2.760783e-06 3.047559e-06
Algorithm converged after  2  iterations.
[1] 2.760783e-06 1.290352e-05
Algorithm converged after  2  iterations.
[1] 3.047559e-06 1.290352e-05
Algorithm converged after  2  iterations.
[1] 2.760783e-06 1.125111e-06 3.047559e-06
Algorithm converged after  2  iterations.
[1] 2.760783e-06 1.125111e-06 1.290352e-05
Algorithm converged after  2  iterations.
[1] 2.760783e-06 3.047559e-06 4.129938e-07
Algorithm converged after  2  iterations.
[1] 2.760783e-06 1.290352e-05 5.134248e-06
Algorithm converged after  2  iterations.
[1] 3.047559e-06 4.129938e-07 1.290352e-05
Algorithm converged after  2  iterations.
[1] 3.047559e-06 1.290352e-05 5.134248e-06
Algorithm converged after  2  iterations.
[1] 2.760783e-06 3.047559e-06 1.290352e-05
Algorithm converged after  2  iterations.
[1] 2.760783e-06 1.125111e-06 3.047559e-06 4.129938e-07
Algorithm converged after  2  iterations.
[1] 2.760783e-06 1.125111e-06 1.290352e-05 5.134248e-06
Algorithm converged after  2  iterations.
[1] 3.047559e-06 4.129938e-07 1.290352e-05 5.134248e-06
Algorithm converged after  2  iterations.
[1] 2.760783e-06 1.125111e-06 3.047559e-06 1.290352e-05
Algorithm converged after  2  iterations.
[1] 2.760783e-06 3.047559e-06 4.129938e-07 1.290352e-05
Algorithm converged after  2  iterations.
[1] 2.760783e-06 3.047559e-06 1.290352e-05 5.134248e-06
Algorithm converged after  2  iterations.
[1] 5.697041e-05
Algorithm converged after  2  iterations.
[1] 5.697041e-05 1.630220e-06
Algorithm converged after  7  iterations.
[1] 5.697041e-05 4.667552e-06
Algorithm converged after  8  iterations.
[1] 5.697041e-05 6.663690e-06
Algorithm converged after  9  iterations.
[1] 5.697041e-05 1.630220e-06 1.619496e-07
Algorithm converged after  8  iterations.
[1] 5.697041e-05 4.667552e-06 1.030611e-07
Algorithm converged after  8  iterations.
[1] 5.697041e-05 6.663690e-06 2.340471e-07
[1] 8.118845e-05 9.784754e-06 2.506212e-07
Algorithm converged after  15  iterations.
[1] 5.697041e-05 1.630220e-06 4.667552e-06
Algorithm converged after  10  iterations.
[1] 5.697041e-05 1.630220e-06 6.663690e-06
[1] 9.562749e-05 2.170102e-06 1.306669e-05
Algorithm converged after  11  iterations.
[1] 5.697041e-05 4.667552e-06 6.663690e-06
[1] 1.063034e-04 5.795642e-06 1.404015e-05
Algorithm converged after  12  iterations.
[1] 5.697041e-05 1.630220e-06 1.619496e-07 4.667552e-06
[1] 1.170198e-04 2.383053e-06 1.845157e-07 5.991076e-06
Algorithm converged after  11  iterations.
[1] 5.697041e-05 1.630220e-06 1.619496e-07 6.663690e-06
[1] 1.103132e-04 2.323307e-06 1.826556e-07 1.515039e-05
Algorithm converged after  13  iterations.
[1] 5.697041e-05 1.630220e-06 4.667552e-06 1.030611e-07
[1] 9.779712e-05 2.170537e-06 5.611111e-06 9.737425e-13
[1] 1.053843e-04 2.264860e-06 5.760712e-06 2.943317e-15
[1] 1.054971e-04 2.268105e-06 5.774514e-06 1.141550e-07
Algorithm converged after  35  iterations.
[1] 5.697041e-05 1.630220e-06 6.663690e-06 2.340471e-07
[1] 1.074923e-04 2.284304e-06 1.343903e-05 2.652534e-07
Algorithm converged after  15  iterations.
[1] 5.697041e-05 4.667552e-06 1.030611e-07 6.663690e-06
[1] 1.085741e-04 5.821878e-06 1.244411e-07 1.467095e-05
Algorithm converged after  16  iterations.
[1] 5.697041e-05 4.667552e-06 6.663690e-06 2.340471e-07
[1] 1.229506e-04 6.098139e-06 1.548225e-05 2.751760e-07
Algorithm converged after  13  iterations.
[1] 5.697041e-05 1.630220e-06 4.667552e-06 6.663690e-06
[1] 1.380752e-04 2.675329e-06 6.465346e-06 1.903095e-05
Algorithm converged after  15  iterations.
[1] 5.697041e-05 3.381742e-05
Algorithm converged after  2  iterations.
[1] 5.697041e-05 3.381742e-05 1.924863e-07
Algorithm converged after  8  iterations.
[1] 5.697041e-05 3.381742e-05 7.693896e-08
[1] 7.432101e-05 4.032980e-05 8.532102e-08
[1] 7.431984e-05 4.032679e-05 8.532208e-08
Algorithm converged after  23  iterations.
[1] 5.697041e-05 3.381742e-05 4.997732e-07
[1] 8.180723e-05 4.958116e-05 8.788348e-07
Algorithm converged after  16  iterations.
[1] 5.697041e-05 3.381742e-05 1.924863e-07 7.292240e-08
Algorithm converged after  9  iterations.
[1] 5.697041e-05 3.381742e-05 7.693896e-08 7.006359e-08
[1] 7.128638e-05 3.803510e-05 1.084616e-07 8.610582e-08
Algorithm converged after  18  iterations.
[1] 5.697041e-05 3.381742e-05 4.997732e-07 8.963127e-08
[1] 8.790846e-05 5.387502e-05 9.026408e-07 1.567404e-07
Algorithm converged after  18  iterations.
[1] 5.697041e-05 3.381742e-05 1.924863e-07 7.693896e-08
[1] 8.967499e-05 5.070503e-05 2.158373e-07 9.258362e-08
Algorithm converged after  13  iterations.
[1] 5.697041e-05 3.381742e-05 1.924863e-07 4.997732e-07
[1] 1.068104e-04 6.579141e-05 2.338693e-07 1.033248e-06
Algorithm converged after  17  iterations.
[1] 5.697041e-05 3.381742e-05 7.693896e-08 4.997732e-07
[1] 9.148589e-05 5.581707e-05 1.408423e-07 1.030637e-06
Algorithm converged after  20  iterations.
numeric(0)
Algorithm converged after  1  iterations.
[1] 4.324113e-06
Algorithm converged after  2  iterations.
[1] 3.00276e-06
Algorithm converged after  2  iterations.
[1] 6.544105e-06
Algorithm converged after  2  iterations.
[1] 4.324113e-06 7.608497e-07
Algorithm converged after  2  iterations.
[1] 3.002760e-06 1.461266e-06
Algorithm converged after  2  iterations.
[1] 6.544105e-06 5.857002e-06
Algorithm converged after  2  iterations.
[1] 4.324113e-06 3.002760e-06
Algorithm converged after  2  iterations.
[1] 4.324113e-06 6.544105e-06
Algorithm converged after  2  iterations.
[1] 3.002760e-06 6.544105e-06
Algorithm converged after  2  iterations.
[1] 4.324113e-06 7.608497e-07 3.002760e-06
Algorithm converged after  2  iterations.
[1] 4.324113e-06 7.608497e-07 6.544105e-06
Algorithm converged after  2  iterations.
[1] 4.324113e-06 3.002760e-06 1.461266e-06
Algorithm converged after  2  iterations.
[1] 4.324113e-06 6.544105e-06 5.857002e-06
Algorithm converged after  2  iterations.
[1] 3.002760e-06 1.461266e-06 6.544105e-06
Algorithm converged after  2  iterations.
[1] 3.002760e-06 6.544105e-06 5.857002e-06
Algorithm converged after  2  iterations.
[1] 4.324113e-06 3.002760e-06 6.544105e-06
Algorithm converged after  2  iterations.
[1] 4.324113e-06 7.608497e-07 3.002760e-06 1.461266e-06
Algorithm converged after  2  iterations.
[1] 4.324113e-06 7.608497e-07 6.544105e-06 5.857002e-06
Algorithm converged after  2  iterations.
[1] 3.002760e-06 1.461266e-06 6.544105e-06 5.857002e-06
Algorithm converged after  2  iterations.
[1] 4.324113e-06 7.608497e-07 3.002760e-06 6.544105e-06
Algorithm converged after  2  iterations.
[1] 4.324113e-06 3.002760e-06 1.461266e-06 6.544105e-06
Algorithm converged after  2  iterations.
[1] 4.324113e-06 3.002760e-06 6.544105e-06 5.857002e-06
Algorithm converged after  2  iterations.
[1] 6.250609e-05
Algorithm converged after  2  iterations.
[1] 6.250609e-05 7.866268e-07
Algorithm converged after  7  iterations.
[1] 6.250609e-05 3.650940e-06
Algorithm converged after  8  iterations.
[1] 6.250609e-05 9.654447e-06
Algorithm converged after  7  iterations.
[1] 6.250609e-05 7.866268e-07 1.924667e-07
Algorithm converged after  8  iterations.
[1] 6.250609e-05 3.650940e-06 1.003444e-07
Algorithm converged after  8  iterations.
[1] 6.250609e-05 9.654447e-06 2.408717e-07
Algorithm converged after  8  iterations.
[1] 6.250609e-05 7.866268e-07 3.650940e-06
Algorithm converged after  10  iterations.
[1] 6.250609e-05 7.866268e-07 9.654447e-06
Algorithm converged after  9  iterations.
[1] 6.250609e-05 3.650940e-06 9.654447e-06
Algorithm converged after  10  iterations.
[1] 6.250609e-05 7.866268e-07 1.924667e-07 3.650940e-06
[1] 1.175104e-04 1.195511e-06 2.187404e-07 4.903342e-06
Algorithm converged after  11  iterations.
[1] 6.250609e-05 7.866268e-07 1.924667e-07 9.654447e-06
[1] 1.047392e-04 1.108053e-06 2.121803e-07 1.568135e-05
Algorithm converged after  11  iterations.
[1] 6.250609e-05 7.866268e-07 3.650940e-06 1.003444e-07
[1] 1.141086e-04 1.176197e-06 4.829790e-06 1.896099e-12
[1] 1.138653e-04 1.175251e-06 4.825345e-06 1.157752e-07
[1] 1.160856e-04 1.197791e-06 4.901993e-06 1.130460e-07
Algorithm converged after  31  iterations.
[1] 6.250609e-05 7.866268e-07 9.654447e-06 2.408717e-07
Algorithm converged after  10  iterations.
[1] 6.250609e-05 3.650940e-06 1.003444e-07 9.654447e-06
[1] 1.075030e-04 4.697397e-06 1.198066e-07 1.568237e-05
Algorithm converged after  11  iterations.
[1] 6.250609e-05 3.650940e-06 9.654447e-06 2.408717e-07
Algorithm converged after  10  iterations.
[1] 6.250609e-05 7.866268e-07 3.650940e-06 9.654447e-06
[1] 1.292795e-04 1.296174e-06 5.199390e-06 1.811586e-05
Algorithm converged after  12  iterations.
[1] 6.250609e-05 3.318750e-05
Algorithm converged after  2  iterations.
[1] 6.250609e-05 3.318750e-05 2.379199e-07
Algorithm converged after  7  iterations.
[1] 6.250609e-05 3.318750e-05 9.664931e-08
[1] 7.039193e-05 3.654163e-05 1.004139e-07
[1] 6.192839e-05 3.306618e-05 9.730654e-08
[1] 7.012360e-05 3.638080e-05 1.010055e-07
[1] 6.845102e-05 3.508062e-05 1.071363e-07
Algorithm converged after  49  iterations.
[1] 6.250609e-05 3.318750e-05 4.347531e-07
[1] 9.007520e-05 4.589434e-05 8.766695e-07
[1] 8.989819e-05 4.576143e-05 8.764615e-07
[1] 8.986643e-05 4.574310e-05 8.763318e-07
[1] 8.986319e-05 4.574126e-05 8.763182e-07
Algorithm converged after  42  iterations.
[1] 6.250609e-05 3.318750e-05 2.379199e-07 6.841050e-08
Algorithm converged after  10  iterations.
[1] 6.250609e-05 3.318750e-05 9.664931e-08 4.381883e-08
[1] 5.982849e-05 3.086547e-05 1.507588e-07 1.065162e-07
Algorithm converged after  19  iterations.
[1] 6.250609e-05 3.318750e-05 4.347531e-07 1.249546e-07
[1] 8.535645e-05 4.475188e-05 7.880490e-07 1.714047e-07
[1] 8.536884e-05 4.475781e-05 7.881322e-07 1.714744e-07
Algorithm converged after  25  iterations.
[1] 6.250609e-05 3.318750e-05 2.379199e-07 9.664931e-08
[1] 7.316915e-05 3.838697e-05 2.501934e-07 1.131743e-07
[1] 7.471623e-05 4.112226e-05 2.590629e-07 1.200533e-07
[1] 7.464369e-05 4.093650e-05 2.588502e-07 1.287873e-07
Algorithm converged after  38  iterations.
[1] 6.250609e-05 3.318750e-05 2.379199e-07 4.347531e-07
[1] 9.039217e-05 4.852418e-05 2.712260e-07 8.471923e-07
Algorithm converged after  17  iterations.
[1] 6.250609e-05 3.318750e-05 9.664931e-08 4.347531e-07
[1] 9.517783e-05 4.736625e-05 1.571775e-07 1.060995e-06
[1] 9.505213e-05 4.738457e-05 1.577113e-07 1.059014e-06
[1] 9.499897e-05 4.737267e-05 1.577704e-07 1.058443e-06
[1] 9.499241e-05 4.737117e-05 1.577774e-07 1.058373e-06
Algorithm converged after  45  iterations.
numeric(0)
Algorithm converged after  1  iterations.
[1] 1.80777e-06
Algorithm converged after  2  iterations.
[1] 3.964157e-06
Algorithm converged after  2  iterations.
[1] 1.092246e-05
Algorithm converged after  2  iterations.
[1] 1.807770e-06 1.037521e-06
Algorithm converged after  2  iterations.
[1] 3.964157e-06 1.464961e-06
Algorithm converged after  2  iterations.
[1] 1.092246e-05 6.657495e-06
Algorithm converged after  2  iterations.
[1] 1.807770e-06 3.964157e-06
Algorithm converged after  2  iterations.
[1] 1.807770e-06 1.092246e-05
Algorithm converged after  2  iterations.
[1] 3.964157e-06 1.092246e-05
Algorithm converged after  2  iterations.
[1] 1.807770e-06 1.037521e-06 3.964157e-06
Algorithm converged after  2  iterations.
[1] 1.807770e-06 1.037521e-06 1.092246e-05
Algorithm converged after  2  iterations.
[1] 1.807770e-06 3.964157e-06 1.464961e-06
Algorithm converged after  2  iterations.
[1] 1.807770e-06 1.092246e-05 6.657495e-06
Algorithm converged after  2  iterations.
[1] 3.964157e-06 1.464961e-06 1.092246e-05
Algorithm converged after  2  iterations.
[1] 3.964157e-06 1.092246e-05 6.657495e-06
Algorithm converged after  2  iterations.
[1] 1.807770e-06 3.964157e-06 1.092246e-05
Algorithm converged after  2  iterations.
[1] 1.807770e-06 1.037521e-06 3.964157e-06 1.464961e-06
Algorithm converged after  2  iterations.
[1] 1.807770e-06 1.037521e-06 1.092246e-05 6.657495e-06
Algorithm converged after  2  iterations.
[1] 3.964157e-06 1.464961e-06 1.092246e-05 6.657495e-06
Algorithm converged after  2  iterations.
[1] 1.807770e-06 1.037521e-06 3.964157e-06 1.092246e-05
Algorithm converged after  2  iterations.
[1] 1.807770e-06 3.964157e-06 1.464961e-06 1.092246e-05
Algorithm converged after  2  iterations.
[1] 1.807770e-06 3.964157e-06 1.092246e-05 6.657495e-06
Algorithm converged after  2  iterations.
[1] 4.571342e-05
Algorithm converged after  2  iterations.
[1] 4.571342e-05 7.989012e-07
Algorithm converged after  8  iterations.
[1] 4.571342e-05 4.745087e-06
Algorithm converged after  7  iterations.
[1] 4.571342e-05 5.766852e-06
Algorithm converged after  7  iterations.
[1] 4.571342e-05 7.989012e-07 1.934770e-07
Algorithm converged after  7  iterations.
[1] 4.571342e-05 4.745087e-06 1.081795e-07
[1] 5.722045e-05 5.215760e-06 3.287852e-12
[1] 5.737902e-05 5.234540e-06 1.214775e-07
Algorithm converged after  23  iterations.
[1] 4.571342e-05 5.766852e-06 2.785284e-07
Algorithm converged after  8  iterations.
[1] 4.571342e-05 7.989012e-07 4.745087e-06
Algorithm converged after  8  iterations.
[1] 4.571342e-05 7.989012e-07 5.766852e-06
Algorithm converged after  6  iterations.
[1] 4.571342e-05 4.745087e-06 5.766852e-06
Algorithm converged after  6  iterations.
[1] 4.571342e-05 7.989012e-07 1.934770e-07 4.745087e-06
Algorithm converged after  9  iterations.
[1] 4.571342e-05 7.989012e-07 1.934770e-07 5.766852e-06
Algorithm converged after  7  iterations.
[1] 4.571342e-05 7.989012e-07 4.745087e-06 1.081795e-07
[1] 6.552534e-05 1.171072e-06 5.693301e-06 1.186363e-07
[1] 6.514989e-05 1.153510e-06 5.645136e-06 6.890998e-17
[1] 6.579421e-05 1.053469e-06 5.431302e-06 1.171015e-07
[1] 6.270285e-05 1.064244e-06 5.396267e-06 1.254362e-07
Algorithm converged after  41  iterations.
[1] 4.571342e-05 7.989012e-07 5.766852e-06 2.785284e-07
Algorithm converged after  8  iterations.
[1] 4.571342e-05 4.745087e-06 1.081795e-07 5.766852e-06
Algorithm converged after  9  iterations.
[1] 4.571342e-05 4.745087e-06 5.766852e-06 2.785284e-07
Algorithm converged after  9  iterations.
[1] 4.571342e-05 7.989012e-07 4.745087e-06 5.766852e-06
Algorithm converged after  7  iterations.
[1] 4.571342e-05 6.056933e-06
Algorithm converged after  2  iterations.
[1] 4.571342e-05 6.056933e-06 2.390088e-07
Algorithm converged after  8  iterations.
[1] 4.571342e-05 6.056933e-06 4.200717e-07
[1] 6.767667e-05 3.519107e-05 1.184588e-06
[1] 6.826149e-05 3.541351e-05 1.190841e-06
[1] 6.827858e-05 3.541953e-05 1.191019e-06
Algorithm converged after  35  iterations.
[1] 4.571342e-05 6.056933e-06 6.677219e-06
[1] 1.501670e-04 3.280563e-05 3.371276e-05
[1] 1.448054e-04 3.174709e-05 3.225783e-05
[1] 1.434116e-04 3.149943e-05 3.189546e-05
[1] 1.431057e-04 3.144499e-05 3.181618e-05
[1] 1.430390e-04 3.143308e-05 3.179891e-05
[1] 1.430244e-04 3.143048e-05 3.179514e-05
[1] 1.430213e-04 3.142992e-05 3.179432e-05
Algorithm converged after  73  iterations.
[1] 4.571342e-05 6.056933e-06 2.390088e-07 6.330550e-08
[1] 6.009719e-05 5.972032e-06 1.003307e-06 2.343121e-07
Algorithm converged after  13  iterations.
[1] 4.571342e-05 6.056933e-06 4.200717e-07 1.108255e-07
[1] 8.053671e-05 3.826607e-05 1.258679e-06 2.230345e-07
[1] 8.066390e-05 3.834299e-05 1.259820e-06 2.231195e-07
Algorithm converged after  24  iterations.
[1] 4.571342e-05 6.056933e-06 6.677219e-06 1.364966e-07
[1] 1.433795e-04 3.310008e-05 3.306170e-05 2.041892e-07
[1] 1.414039e-04 3.233815e-05 3.224818e-05 2.098331e-07
[1] 1.409875e-04 3.221973e-05 3.210401e-05 2.102342e-07
[1] 1.409263e-04 3.220292e-05 3.208310e-05 2.102736e-07
[1] 1.409175e-04 3.220053e-05 3.208009e-05 2.102781e-07
Algorithm converged after  58  iterations.
[1] 4.571342e-05 6.056933e-06 2.390088e-07 4.200717e-07
[1] 4.753998e-05 1.425833e-05 2.121536e-07 6.058737e-07
[1] 4.754635e-05 1.427887e-05 2.121084e-07 6.059866e-07
Algorithm converged after  23  iterations.
[1] 4.571342e-05 6.056933e-06 2.390088e-07 6.677219e-06
[1] 3.718287e-04 4.493286e-05 1.884054e-06 7.985692e-05
[1] 3.946676e-04 4.597758e-05 1.984894e-06 8.412041e-05
[1] 3.966147e-04 4.606734e-05 1.993918e-06 8.448531e-05
[1] 3.969587e-04 4.608310e-05 1.995551e-06 8.455031e-05
[1] 3.970379e-04 4.608669e-05 1.995928e-06 8.456534e-05
[1] 3.970573e-04 4.608756e-05 1.996020e-06 8.456904e-05
Algorithm converged after  68  iterations.
[1] 4.571342e-05 6.056933e-06 4.200717e-07 6.677219e-06
[1] 9.783872e-05 3.182295e-05 3.347019e-07 2.190256e-05
[1] 9.960990e-05 3.194663e-05 3.297846e-07 2.234955e-05
[1] 9.971570e-05 3.195195e-05 3.294878e-07 2.237662e-05
[1] 9.972517e-05 3.195245e-05 3.294606e-07 2.237909e-05
Algorithm converged after  46  iterations.
numeric(0)
Algorithm converged after  1  iterations.
[1] 2.981875e-06
Algorithm converged after  2  iterations.
[1] 3.5239e-06
Algorithm converged after  2  iterations.
[1] 1.086311e-05
Algorithm converged after  2  iterations.
[1] 2.981875e-06 1.176733e-06
Algorithm converged after  2  iterations.
[1] 3.523900e-06 1.355643e-06
Algorithm converged after  2  iterations.
[1] 1.086311e-05 6.150099e-06
Algorithm converged after  2  iterations.
[1] 2.981875e-06 3.523900e-06
Algorithm converged after  2  iterations.
[1] 2.981875e-06 1.086311e-05
Algorithm converged after  2  iterations.
[1] 3.523900e-06 1.086311e-05
Algorithm converged after  2  iterations.
[1] 2.981875e-06 1.176733e-06 3.523900e-06
Algorithm converged after  2  iterations.
[1] 2.981875e-06 1.176733e-06 1.086311e-05
Algorithm converged after  2  iterations.
[1] 2.981875e-06 3.523900e-06 1.355643e-06
Algorithm converged after  2  iterations.
[1] 2.981875e-06 1.086311e-05 6.150099e-06
Algorithm converged after  2  iterations.
[1] 3.523900e-06 1.355643e-06 1.086311e-05
Algorithm converged after  2  iterations.
[1] 3.523900e-06 1.086311e-05 6.150099e-06
Algorithm converged after  2  iterations.
[1] 2.981875e-06 3.523900e-06 1.086311e-05
Algorithm converged after  2  iterations.
[1] 2.981875e-06 1.176733e-06 3.523900e-06 1.355643e-06
Algorithm converged after  2  iterations.
[1] 2.981875e-06 1.176733e-06 1.086311e-05 6.150099e-06
Algorithm converged after  2  iterations.
[1] 3.523900e-06 1.355643e-06 1.086311e-05 6.150099e-06
Algorithm converged after  2  iterations.
[1] 2.981875e-06 1.176733e-06 3.523900e-06 1.086311e-05
Algorithm converged after  2  iterations.
[1] 2.981875e-06 3.523900e-06 1.355643e-06 1.086311e-05
Algorithm converged after  2  iterations.
[1] 2.981875e-06 3.523900e-06 1.086311e-05 6.150099e-06
Algorithm converged after  2  iterations.
[1] 6.497584e-05
Algorithm converged after  2  iterations.
[1] 6.497584e-05 2.015640e-06
Algorithm converged after  8  iterations.
[1] 6.497584e-05 2.886911e-06
Algorithm converged after  7  iterations.
[1] 6.497584e-05 7.207075e-06
Algorithm converged after  8  iterations.
[1] 6.497584e-05 2.015640e-06 1.460465e-07
Algorithm converged after  9  iterations.
[1] 6.497584e-05 2.886911e-06 1.053325e-07
[1] 8.813591e-05 3.228830e-06 2.173766e-16
[1] 8.475627e-05 3.173375e-06 9.815164e-08
[1] 8.791461e-05 3.218300e-06 1.068950e-07
[1] 8.257071e-05 3.107246e-06 1.124019e-07
[1] 8.627804e-05 3.160236e-06 1.098175e-07
Algorithm converged after  60  iterations.
[1] 6.497584e-05 7.207075e-06 2.775421e-07
Algorithm converged after  9  iterations.
[1] 6.497584e-05 2.015640e-06 2.886911e-06
Algorithm converged after  10  iterations.
[1] 6.497584e-05 2.015640e-06 7.207075e-06
Algorithm converged after  10  iterations.
[1] 6.497584e-05 2.886911e-06 7.207075e-06
Algorithm converged after  10  iterations.
[1] 6.497584e-05 2.015640e-06 1.460465e-07 2.886911e-06
[1] 1.209505e-04 2.990107e-06 1.667287e-07 3.619195e-06
Algorithm converged after  11  iterations.
[1] 6.497584e-05 2.015640e-06 1.460465e-07 7.207075e-06
[1] 1.160087e-04 2.939259e-06 1.664378e-07 1.409450e-05
Algorithm converged after  13  iterations.
[1] 6.497584e-05 2.015640e-06 2.886911e-06 1.053325e-07
Algorithm converged after  10  iterations.
[1] 6.497584e-05 2.015640e-06 7.207075e-06 2.775421e-07
[1] 1.148899e-04 2.878556e-06 1.251026e-05 3.231078e-07
Algorithm converged after  11  iterations.
[1] 6.497584e-05 2.886911e-06 1.053325e-07 7.207075e-06
[1] 1.070933e-04 3.494492e-06 1.112791e-07 1.263880e-05
Algorithm converged after  14  iterations.
[1] 6.497584e-05 2.886911e-06 7.207075e-06 2.775421e-07
[1] 1.151634e-04 3.531503e-06 1.247518e-05 3.226627e-07
Algorithm converged after  11  iterations.
[1] 6.497584e-05 2.015640e-06 2.886911e-06 7.207075e-06
[1] 1.355667e-04 3.304992e-06 3.845835e-06 1.608259e-05
Algorithm converged after  13  iterations.
[1] 6.497584e-05 3.495802e-05
Algorithm converged after  2  iterations.
[1] 6.497584e-05 3.495802e-05 1.618738e-07
Algorithm converged after  6  iterations.
[1] 6.497584e-05 3.495802e-05 1.008933e-07
[1] 6.201311e-05 3.363308e-05 1.504406e-07
Algorithm converged after  13  iterations.
[1] 6.497584e-05 3.495802e-05 6.158013e-07
[1] 9.812131e-05 5.195655e-05 1.223554e-06
[1] 9.817062e-05 5.197464e-05 1.224020e-06
Algorithm converged after  22  iterations.
[1] 6.497584e-05 3.495802e-05 1.618738e-07 6.397265e-08
Algorithm converged after  9  iterations.
[1] 6.497584e-05 3.495802e-05 1.008933e-07 8.585699e-08
Algorithm converged after  9  iterations.
[1] 6.497584e-05 3.495802e-05 6.158013e-07 1.124746e-07
[1] 9.893044e-05 5.184291e-05 1.199852e-06 1.843775e-07
[1] 9.897743e-05 5.186208e-05 1.200270e-06 1.845988e-07
Algorithm converged after  25  iterations.
[1] 6.497584e-05 3.495802e-05 1.618738e-07 1.008933e-07
Algorithm converged after  9  iterations.
[1] 6.497584e-05 3.495802e-05 1.618738e-07 6.158013e-07
[1] 1.146199e-04 6.241884e-05 2.048861e-07 1.358037e-06
[1] 1.147203e-04 6.245998e-05 2.049355e-07 1.358977e-06
Algorithm converged after  24  iterations.
[1] 6.497584e-05 3.495802e-05 1.008933e-07 6.158013e-07
[1] 9.757831e-05 5.321915e-05 1.416322e-07 1.245762e-06
[1] 9.798534e-05 5.338412e-05 1.416281e-07 1.249980e-06
[1] 9.799526e-05 5.338802e-05 1.416278e-07 1.250083e-06
Algorithm converged after  32  iterations.
numeric(0)
Algorithm converged after  1  iterations.
[1] 2.486135e-06
Algorithm converged after  2  iterations.
[1] 3.548846e-06
Algorithm converged after  2  iterations.
[1] 9.587533e-06
Algorithm converged after  2  iterations.
[1] 2.486135e-06 1.176867e-06
Algorithm converged after  2  iterations.
[1] 3.548846e-06 7.362265e-07
Algorithm converged after  2  iterations.
[1] 9.587533e-06 7.661913e-06
Algorithm converged after  2  iterations.
[1] 2.486135e-06 3.548846e-06
Algorithm converged after  2  iterations.
[1] 2.486135e-06 9.587533e-06
Algorithm converged after  2  iterations.
[1] 3.548846e-06 9.587533e-06
Algorithm converged after  2  iterations.
[1] 2.486135e-06 1.176867e-06 3.548846e-06
Algorithm converged after  2  iterations.
[1] 2.486135e-06 1.176867e-06 9.587533e-06
Algorithm converged after  2  iterations.
[1] 2.486135e-06 3.548846e-06 7.362265e-07
Algorithm converged after  2  iterations.
[1] 2.486135e-06 9.587533e-06 7.661913e-06
Algorithm converged after  2  iterations.
[1] 3.548846e-06 7.362265e-07 9.587533e-06
Algorithm converged after  2  iterations.
[1] 3.548846e-06 9.587533e-06 7.661913e-06
Algorithm converged after  2  iterations.
[1] 2.486135e-06 3.548846e-06 9.587533e-06
Algorithm converged after  2  iterations.
[1] 2.486135e-06 1.176867e-06 3.548846e-06 7.362265e-07
Algorithm converged after  2  iterations.
[1] 2.486135e-06 1.176867e-06 9.587533e-06 7.661913e-06
Algorithm converged after  2  iterations.
[1] 3.548846e-06 7.362265e-07 9.587533e-06 7.661913e-06
Algorithm converged after  2  iterations.
[1] 2.486135e-06 1.176867e-06 3.548846e-06 9.587533e-06
Algorithm converged after  2  iterations.
[1] 2.486135e-06 3.548846e-06 7.362265e-07 9.587533e-06
Algorithm converged after  2  iterations.
[1] 2.486135e-06 3.548846e-06 9.587533e-06 7.661913e-06
Algorithm converged after  2  iterations.
[1] 5.643817e-05
Algorithm converged after  2  iterations.
[1] 5.643817e-05 1.508257e-06
Algorithm converged after  7  iterations.
[1] 5.643817e-05 4.191971e-06
Algorithm converged after  7  iterations.
[1] 5.643817e-05 4.021797e-07
Algorithm converged after  8  iterations.
[1] 5.643817e-05 1.508257e-06 2.278642e-07
Algorithm converged after  8  iterations.
[1] 5.643817e-05 4.191971e-06 6.399381e-08
[1] 7.603383e-05 4.791039e-06 6.999769e-08
[1] 7.602954e-05 4.790999e-06 6.999817e-08
Algorithm converged after  21  iterations.
[1] 5.643817e-05 4.021797e-07 2.658993e-07
[1] 1.204919e-04 7.031935e-05 3.240534e-07
Algorithm converged after  15  iterations.
[1] 5.643817e-05 1.508257e-06 4.191971e-06
Algorithm converged after  9  iterations.
[1] 5.643817e-05 1.508257e-06 4.021797e-07
Algorithm converged after  9  iterations.
[1] 5.643817e-05 4.191971e-06 4.021797e-07
Algorithm converged after  9  iterations.
[1] 5.643817e-05 1.508257e-06 2.278642e-07 4.191971e-06
Algorithm converged after  10  iterations.
[1] 5.643817e-05 1.508257e-06 2.278642e-07 4.021797e-07
[1] 8.549753e-05 2.116315e-06 2.518821e-07 3.005142e-07
Algorithm converged after  11  iterations.
[1] 5.643817e-05 1.508257e-06 4.191971e-06 6.399381e-08
[1] 8.849518e-05 2.094543e-06 5.122590e-06 7.313308e-08
Algorithm converged after  15  iterations.
[1] 5.643817e-05 1.508257e-06 4.021797e-07 2.658993e-07
[1] 7.714309e-05 2.101358e-06 9.743193e-07 2.745061e-07
Algorithm converged after  13  iterations.
[1] 5.643817e-05 4.191971e-06 6.399381e-08 4.021797e-07
[1] 8.410704e-05 5.057703e-06 1.022161e-07 2.985057e-07
Algorithm converged after  11  iterations.
[1] 5.643817e-05 4.191971e-06 4.021797e-07 2.658993e-07
[1] 8.251138e-05 5.011381e-06 2.913749e-07 1.303770e-07
[1] 8.251168e-05 5.011810e-06 2.913753e-07 1.303869e-07
Algorithm converged after  24  iterations.
[1] 5.643817e-05 1.508257e-06 4.191971e-06 4.021797e-07
[1] 9.479072e-05 2.311047e-06 5.396670e-06 3.120332e-07
Algorithm converged after  11  iterations.
[1] 5.643817e-05 1.842632e-05
Algorithm converged after  2  iterations.
[1] 5.643817e-05 1.842632e-05 2.314885e-07
Algorithm converged after  7  iterations.
[1] 5.643817e-05 1.842632e-05 1.267769e-07
[1] 6.087914e-05 3.813307e-05 1.845643e-07
Algorithm converged after  11  iterations.
[1] 5.643817e-05 1.842632e-05 1.533838e-06
[1] 2.071685e-04 5.277487e-05 7.095924e-06
[1] 2.058845e-04 5.251772e-05 7.053699e-06
[1] 2.057500e-04 5.249517e-05 7.049453e-06
[1] 2.057405e-04 5.249355e-05 7.049153e-06
Algorithm converged after  42  iterations.
[1] 5.643817e-05 1.842632e-05 2.314885e-07 4.394212e-08
[1] 7.565387e-05 4.600762e-05 2.515889e-07 7.189734e-08
Algorithm converged after  13  iterations.
[1] 5.643817e-05 1.842632e-05 1.267769e-07 8.143351e-08
[1] 8.018649e-05 4.637901e-05 2.075715e-07 1.262523e-07
Algorithm converged after  14  iterations.
[1] 5.643817e-05 1.842632e-05 1.533838e-06 9.576517e-08
[1] 2.129699e-04 5.365492e-05 7.468766e-06 1.960353e-07
[1] 2.130117e-04 5.361623e-05 7.467536e-06 1.961567e-07
[1] 2.129962e-04 5.361389e-05 7.466997e-06 1.961542e-07
Algorithm converged after  32  iterations.
[1] 5.643817e-05 1.842632e-05 2.314885e-07 1.267769e-07
[1] 6.523346e-05 2.983213e-05 2.284737e-07 4.159081e-07
Algorithm converged after  19  iterations.
[1] 5.643817e-05 1.842632e-05 2.314885e-07 1.533838e-06
[1] 3.722444e-04 6.573562e-05 4.996876e-07 1.201620e-05
[1] 3.812363e-04 6.643273e-05 5.053143e-07 1.227150e-05
[1] 3.816854e-04 6.646855e-05 5.055967e-07 1.228432e-05
[1] 3.817106e-04 6.647057e-05 5.056126e-07 1.228504e-05
Algorithm converged after  42  iterations.
[1] 5.643817e-05 1.842632e-05 1.267769e-07 1.533838e-06
[1] 1.950113e-04 5.687235e-05 1.176728e-07 6.693973e-06
[1] 1.964997e-04 5.675927e-05 1.174126e-07 6.741009e-06
[1] 1.963698e-04 5.673534e-05 1.174055e-07 6.737036e-06
[1] 1.963618e-04 5.673402e-05 1.174052e-07 6.736792e-06
Algorithm converged after  41  iterations.
numeric(0)
Algorithm converged after  1  iterations.
[1] 2.93744e-06
Algorithm converged after  2  iterations.
[1] 2.867623e-06
Algorithm converged after  2  iterations.
[1] 1.078791e-05
Algorithm converged after  2  iterations.
[1] 2.937440e-06 8.779277e-07
Algorithm converged after  2  iterations.
[1] 2.867623e-06 1.002486e-06
Algorithm converged after  2  iterations.
[1] 1.078791e-05 8.315682e-06
Algorithm converged after  2  iterations.
[1] 2.937440e-06 2.867623e-06
Algorithm converged after  2  iterations.
[1] 2.937440e-06 1.078791e-05
Algorithm converged after  2  iterations.
[1] 2.867623e-06 1.078791e-05
Algorithm converged after  2  iterations.
[1] 2.937440e-06 8.779277e-07 2.867623e-06
Algorithm converged after  2  iterations.
[1] 2.937440e-06 8.779277e-07 1.078791e-05
Algorithm converged after  2  iterations.
[1] 2.937440e-06 2.867623e-06 1.002486e-06
Algorithm converged after  2  iterations.
[1] 2.937440e-06 1.078791e-05 8.315682e-06
Algorithm converged after  2  iterations.
[1] 2.867623e-06 1.002486e-06 1.078791e-05
Algorithm converged after  2  iterations.
[1] 2.867623e-06 1.078791e-05 8.315682e-06
Algorithm converged after  2  iterations.
[1] 2.937440e-06 2.867623e-06 1.078791e-05
Algorithm converged after  2  iterations.
[1] 2.937440e-06 8.779277e-07 2.867623e-06 1.002486e-06
Algorithm converged after  2  iterations.
[1] 2.937440e-06 8.779277e-07 1.078791e-05 8.315682e-06
Algorithm converged after  2  iterations.
[1] 2.867623e-06 1.002486e-06 1.078791e-05 8.315682e-06
Algorithm converged after  2  iterations.
[1] 2.937440e-06 8.779277e-07 2.867623e-06 1.078791e-05
Algorithm converged after  2  iterations.
[1] 2.937440e-06 2.867623e-06 1.002486e-06 1.078791e-05
Algorithm converged after  2  iterations.
[1] 2.937440e-06 2.867623e-06 1.078791e-05 8.315682e-06
Algorithm converged after  2  iterations.
[1] 6.000507e-05
Algorithm converged after  2  iterations.
[1] 6.000507e-05 1.282795e-06
Algorithm converged after  8  iterations.
[1] 6.000507e-05 4.874254e-06
Algorithm converged after  7  iterations.
[1] 6.000507e-05 3.934569e-06
Algorithm converged after  7  iterations.
[1] 6.000507e-05 1.282795e-06 2.225313e-07
Algorithm converged after  9  iterations.
[1] 6.000507e-05 4.874254e-06 9.166676e-08
[1] 8.719728e-05 5.835356e-06 8.591804e-08
Algorithm converged after  12  iterations.
[1] 6.000507e-05 3.934569e-06 2.676233e-07
Algorithm converged after  8  iterations.
[1] 6.000507e-05 1.282795e-06 4.874254e-06
Algorithm converged after  10  iterations.
[1] 6.000507e-05 1.282795e-06 3.934569e-06
Algorithm converged after  9  iterations.
[1] 6.000507e-05 4.874254e-06 3.934569e-06
Algorithm converged after  9  iterations.
[1] 6.000507e-05 1.282795e-06 2.225313e-07 4.874254e-06
[1] 1.150709e-04 2.106706e-06 2.572006e-07 6.572666e-06
Algorithm converged after  12  iterations.
[1] 6.000507e-05 1.282795e-06 2.225313e-07 3.934569e-06
[1] 9.243273e-05 1.800018e-06 2.461706e-07 6.944981e-06
Algorithm converged after  11  iterations.
[1] 6.000507e-05 1.282795e-06 4.874254e-06 9.166676e-08
[1] 1.101667e-04 2.076062e-06 6.507153e-06 9.639618e-08
Algorithm converged after  16  iterations.
[1] 6.000507e-05 1.282795e-06 3.934569e-06 2.676233e-07
Algorithm converged after  9  iterations.
[1] 6.000507e-05 4.874254e-06 9.166676e-08 3.934569e-06
Algorithm converged after  10  iterations.
[1] 6.000507e-05 4.874254e-06 3.934569e-06 2.676233e-07
Algorithm converged after  9  iterations.
[1] 6.000507e-05 1.282795e-06 4.874254e-06 3.934569e-06
[1] 1.119132e-04 2.097907e-06 6.556422e-06 7.677402e-06
Algorithm converged after  12  iterations.
[1] 6.000507e-05 3.173890e-05
Algorithm converged after  2  iterations.
[1] 6.000507e-05 3.173890e-05 2.526932e-07
Algorithm converged after  6  iterations.
[1] 6.000507e-05 3.173890e-05 8.261226e-08
[1] 5.953598e-05 3.293691e-05 1.524122e-07
Algorithm converged after  13  iterations.
[1] 6.000507e-05 3.173890e-05 6.887021e-07
[1] 1.155795e-04 5.056777e-05 1.565302e-06
[1] 1.155518e-04 5.053516e-05 1.565178e-06
Algorithm converged after  26  iterations.
[1] 6.000507e-05 3.173890e-05 2.526932e-07 7.095456e-08
[1] 7.453135e-05 2.663583e-05 2.694736e-07 7.762509e-08
Algorithm converged after  13  iterations.
[1] 6.000507e-05 3.173890e-05 8.261226e-08 2.091113e-12
[1] 6.525825e-05 3.534915e-05 1.047474e-07 8.134446e-08
Algorithm converged after  11  iterations.
[1] 6.000507e-05 3.173890e-05 6.887021e-07 1.063078e-07
[1] 1.146938e-04 5.039640e-05 1.547707e-06 1.838493e-07
[1] 1.147691e-04 5.041601e-05 1.548519e-06 1.842102e-07
Algorithm converged after  29  iterations.
[1] 6.000507e-05 3.173890e-05 2.526932e-07 8.261226e-08
[1] 6.788193e-05 3.334245e-05 2.663365e-07 6.502600e-08
[1] 6.838137e-05 3.235111e-05 2.689750e-07 6.299125e-08
[1] 6.848396e-05 3.205227e-05 2.697328e-07 6.283345e-08
[1] 6.850616e-05 3.195653e-05 2.699635e-07 6.281590e-08
[1] 6.851214e-05 3.192570e-05 2.700367e-07 6.281351e-08
[1] 6.851395e-05 3.191572e-05 2.700602e-07 6.281308e-08
[1] 6.851452e-05 3.191249e-05 2.700678e-07 6.281298e-08
[1] 6.851470e-05 3.191144e-05 2.700703e-07 6.281295e-08
[1] 6.851476e-05 3.191110e-05 2.700711e-07 6.281294e-08
[1] 6.851478e-05 3.191099e-05 2.700714e-07 6.281294e-08
[1] 6.851479e-05 3.191095e-05 2.700715e-07 6.281294e-08
Algorithm converged after  113  iterations.
[1] 6.000507e-05 3.173890e-05 2.526932e-07 6.887021e-07
[1] 1.427883e-04 6.166267e-05 3.207732e-07 1.845750e-06
[1] 1.429457e-04 6.170069e-05 3.208617e-07 1.847418e-06
Algorithm converged after  24  iterations.
[1] 6.000507e-05 3.173890e-05 8.261226e-08 6.887021e-07
[1] 1.203416e-04 5.603665e-05 1.115912e-07 1.644934e-06
[1] 1.204229e-04 5.611471e-05 1.117239e-07 1.645474e-06
Algorithm converged after  27  iterations.
numeric(0)
Algorithm converged after  1  iterations.
[1] 2.991622e-06
Algorithm converged after  2  iterations.
[1] 4.205533e-06
Algorithm converged after  2  iterations.
[1] 1.541922e-05
Algorithm converged after  2  iterations.
[1] 2.991622e-06 1.070726e-06
Algorithm converged after  2  iterations.
[1] 4.205533e-06 6.685599e-07
Algorithm converged after  2  iterations.
[1] 1.541922e-05 5.297075e-06
Algorithm converged after  2  iterations.
[1] 2.991622e-06 4.205533e-06
Algorithm converged after  2  iterations.
[1] 2.991622e-06 1.541922e-05
Algorithm converged after  2  iterations.
[1] 4.205533e-06 1.541922e-05
Algorithm converged after  2  iterations.
[1] 2.991622e-06 1.070726e-06 4.205533e-06
Algorithm converged after  2  iterations.
[1] 2.991622e-06 1.070726e-06 1.541922e-05
Algorithm converged after  2  iterations.
[1] 2.991622e-06 4.205533e-06 6.685599e-07
Algorithm converged after  2  iterations.
[1] 2.991622e-06 1.541922e-05 5.297075e-06
Algorithm converged after  2  iterations.
[1] 4.205533e-06 6.685599e-07 1.541922e-05
Algorithm converged after  2  iterations.
[1] 4.205533e-06 1.541922e-05 5.297075e-06
Algorithm converged after  2  iterations.
[1] 2.991622e-06 4.205533e-06 1.541922e-05
Algorithm converged after  2  iterations.
[1] 2.991622e-06 1.070726e-06 4.205533e-06 6.685599e-07
Algorithm converged after  2  iterations.
[1] 2.991622e-06 1.070726e-06 1.541922e-05 5.297075e-06
Algorithm converged after  2  iterations.
[1] 4.205533e-06 6.685599e-07 1.541922e-05 5.297075e-06
Algorithm converged after  2  iterations.
[1] 2.991622e-06 1.070726e-06 4.205533e-06 1.541922e-05
Algorithm converged after  2  iterations.
[1] 2.991622e-06 4.205533e-06 6.685599e-07 1.541922e-05
Algorithm converged after  2  iterations.
[1] 2.991622e-06 4.205533e-06 1.541922e-05 5.297075e-06
Algorithm converged after  2  iterations.
[1] 6.989178e-05
Algorithm converged after  2  iterations.
[1] 6.989178e-05 1.644234e-06
Algorithm converged after  7  iterations.
[1] 6.989178e-05 5.110901e-06
Algorithm converged after  7  iterations.
[1] 6.989178e-05 8.171913e-06
Algorithm converged after  9  iterations.
[1] 6.989178e-05 1.644234e-06 1.977427e-07
Algorithm converged after  9  iterations.
[1] 6.989178e-05 5.110901e-06 9.239941e-08
Algorithm converged after  6  iterations.
[1] 6.989178e-05 8.171913e-06 2.609386e-07
Algorithm converged after  10  iterations.
[1] 6.989178e-05 1.644234e-06 5.110901e-06
Algorithm converged after  9  iterations.
[1] 6.989178e-05 1.644234e-06 8.171913e-06
[1] 1.241298e-04 2.263486e-06 1.698709e-05
Algorithm converged after  12  iterations.
[1] 6.989178e-05 5.110901e-06 8.171913e-06
[1] 1.327518e-04 6.173522e-06 1.766048e-05
Algorithm converged after  12  iterations.
[1] 6.989178e-05 1.644234e-06 1.977427e-07 5.110901e-06
[1] 1.380493e-04 2.361929e-06 2.238910e-07 6.241619e-06
Algorithm converged after  11  iterations.
[1] 6.989178e-05 1.644234e-06 1.977427e-07 8.171913e-06
[1] 1.423476e-04 2.425605e-06 2.265312e-07 1.973315e-05
Algorithm converged after  15  iterations.
[1] 6.989178e-05 1.644234e-06 5.110901e-06 9.239941e-08
[1] 1.299167e-04 2.309660e-06 6.150608e-06 3.071546e-16
[1] 1.266881e-04 2.267914e-06 6.069641e-06 9.755405e-08
Algorithm converged after  23  iterations.
[1] 6.989178e-05 1.644234e-06 8.171913e-06 2.609386e-07
[1] 1.422102e-04 2.383821e-06 1.803461e-05 3.089014e-07
Algorithm converged after  13  iterations.
[1] 6.989178e-05 5.110901e-06 9.239941e-08 8.171913e-06
[1] 1.349051e-04 6.181656e-06 1.106114e-07 1.816928e-05
Algorithm converged after  13  iterations.
[1] 6.989178e-05 5.110901e-06 8.171913e-06 2.609386e-07
[1] 1.538437e-04 6.412132e-06 1.953777e-05 3.182828e-07
Algorithm converged after  12  iterations.
[1] 6.989178e-05 1.644234e-06 5.110901e-06 8.171913e-06
[1] 1.742759e-04 2.756062e-06 6.806110e-06 2.420138e-05
Algorithm converged after  15  iterations.
[1] 6.989178e-05 3.831140e-05
Algorithm converged after  2  iterations.
[1] 6.989178e-05 3.831140e-05 2.413782e-07
Algorithm converged after  8  iterations.
[1] 6.989178e-05 3.831140e-05 8.096749e-08
[1] 8.343586e-05 4.133861e-05 8.499327e-08
[1] 8.349843e-05 4.135950e-05 8.494580e-08
[1] 8.352049e-05 4.136333e-05 8.493135e-08
[1] 8.352828e-05 4.136273e-05 8.492745e-08
[1] 8.353112e-05 4.136146e-05 8.492666e-08
[1] 8.353221e-05 4.136043e-05 8.492668e-08
[1] 8.353265e-05 4.135975e-05 8.492685e-08
[1] 8.353285e-05 4.135932e-05 8.492700e-08
[1] 8.353295e-05 4.135907e-05 8.492710e-08
[1] 8.353299e-05 4.135892e-05 8.492716e-08
[1] 8.353302e-05 4.135883e-05 8.492720e-08
[1] 8.353303e-05 4.135878e-05 8.492722e-08
[1] 8.353304e-05 4.135875e-05 8.492724e-08
[1] 8.353305e-05 4.135874e-05 8.492724e-08
Algorithm converged after  143  iterations.
[1] 6.989178e-05 3.831140e-05 5.434567e-07
[1] 9.616776e-05 5.949742e-05 1.016468e-06
[1] 9.604445e-05 5.942417e-05 1.015824e-06
Algorithm converged after  29  iterations.
[1] 6.989178e-05 3.831140e-05 2.413782e-07 8.220577e-08
Algorithm converged after  9  iterations.
[1] 6.989178e-05 3.831140e-05 8.096749e-08 2.869585e-08
[1] 8.302416e-05 4.001924e-05 8.841847e-08 8.206714e-08
[1] 7.327249e-05 3.487590e-05 1.484717e-07 9.592642e-08
[1] 6.883563e-05 3.279992e-05 1.508261e-07 9.650968e-08
Algorithm converged after  32  iterations.
[1] 6.989178e-05 3.831140e-05 5.434567e-07 1.021933e-07
[1] 9.328837e-05 5.967157e-05 9.354138e-07 1.778892e-07
[1] 9.336356e-05 5.971167e-05 9.359127e-07 1.786525e-07
Algorithm converged after  28  iterations.
[1] 6.989178e-05 3.831140e-05 2.413782e-07 8.096749e-08
[1] 9.870765e-05 5.180030e-05 2.667654e-07 8.805631e-08
[1] 9.870870e-05 5.180200e-05 2.667773e-07 8.805560e-08
Algorithm converged after  21  iterations.
[1] 6.989178e-05 3.831140e-05 2.413782e-07 5.434567e-07
[1] 1.139970e-04 7.539983e-05 3.031345e-07 1.091493e-06
[1] 1.141932e-04 7.551687e-05 3.032566e-07 1.092834e-06
Algorithm converged after  26  iterations.
[1] 6.989178e-05 3.831140e-05 8.096749e-08 5.434567e-07
[1] 1.053790e-04 6.507340e-05 1.131779e-07 1.189757e-06
[1] 1.036541e-04 6.319960e-05 1.298291e-07 1.200186e-06
[1] 1.040381e-04 6.338374e-05 1.299797e-07 1.202908e-06
Algorithm converged after  37  iterations.
numeric(0)
Algorithm converged after  1  iterations.
[1] 3.194065e-06
Algorithm converged after  2  iterations.
[1] 3.494722e-06
Algorithm converged after  2  iterations.
[1] 1.17199e-05
Algorithm converged after  2  iterations.
[1] 3.194065e-06 1.143149e-06
Algorithm converged after  2  iterations.
[1] 3.494722e-06 1.120642e-06
Algorithm converged after  2  iterations.
[1] 1.171990e-05 7.362109e-06
Algorithm converged after  2  iterations.
[1] 3.194065e-06 3.494722e-06
Algorithm converged after  2  iterations.
[1] 3.194065e-06 1.171990e-05
Algorithm converged after  2  iterations.
[1] 3.494722e-06 1.171990e-05
Algorithm converged after  2  iterations.
[1] 3.194065e-06 1.143149e-06 3.494722e-06
Algorithm converged after  2  iterations.
[1] 3.194065e-06 1.143149e-06 1.171990e-05
Algorithm converged after  2  iterations.
[1] 3.194065e-06 3.494722e-06 1.120642e-06
Algorithm converged after  2  iterations.
[1] 3.194065e-06 1.171990e-05 7.362109e-06
Algorithm converged after  2  iterations.
[1] 3.494722e-06 1.120642e-06 1.171990e-05
Algorithm converged after  2  iterations.
[1] 3.494722e-06 1.171990e-05 7.362109e-06
Algorithm converged after  2  iterations.
[1] 3.194065e-06 3.494722e-06 1.171990e-05
Algorithm converged after  2  iterations.
[1] 3.194065e-06 1.143149e-06 3.494722e-06 1.120642e-06
Algorithm converged after  2  iterations.
[1] 3.194065e-06 1.143149e-06 1.171990e-05 7.362109e-06
Algorithm converged after  2  iterations.
[1] 3.494722e-06 1.120642e-06 1.171990e-05 7.362109e-06
Algorithm converged after  2  iterations.
[1] 3.194065e-06 1.143149e-06 3.494722e-06 1.171990e-05
Algorithm converged after  2  iterations.
[1] 3.194065e-06 3.494722e-06 1.120642e-06 1.171990e-05
Algorithm converged after  2  iterations.
[1] 3.194065e-06 3.494722e-06 1.171990e-05 7.362109e-06
Algorithm converged after  2  iterations.
[1] 6.385197e-05
Algorithm converged after  2  iterations.
[1] 6.385197e-05 1.822022e-06
Algorithm converged after  7  iterations.
[1] 6.385197e-05 5.409212e-06
Algorithm converged after  7  iterations.
[1] 6.385197e-05 8.133255e-06
Algorithm converged after  7  iterations.
[1] 6.385197e-05 1.822022e-06 1.842211e-07
Algorithm converged after  9  iterations.
[1] 6.385197e-05 5.409212e-06 6.789248e-08
Algorithm converged after  8  iterations.
[1] 6.385197e-05 8.133255e-06 1.930104e-07
Algorithm converged after  8  iterations.
[1] 6.385197e-05 1.822022e-06 5.409212e-06
Algorithm converged after  10  iterations.
[1] 6.385197e-05 1.822022e-06 8.133255e-06
Algorithm converged after  9  iterations.
[1] 6.385197e-05 5.409212e-06 8.133255e-06
Algorithm converged after  10  iterations.
[1] 6.385197e-05 1.822022e-06 1.842211e-07 5.409212e-06
[1] 1.172358e-04 2.719163e-06 2.047321e-07 6.842819e-06
Algorithm converged after  11  iterations.
[1] 6.385197e-05 1.822022e-06 1.842211e-07 8.133255e-06
[1] 1.031220e-04 2.505863e-06 1.987592e-07 1.420679e-05
Algorithm converged after  12  iterations.
[1] 6.385197e-05 1.822022e-06 5.409212e-06 6.789248e-08
Algorithm converged after  10  iterations.
[1] 6.385197e-05 1.822022e-06 8.133255e-06 1.930104e-07
Algorithm converged after  10  iterations.
[1] 6.385197e-05 5.409212e-06 6.789248e-08 8.133255e-06
[1] 1.002850e-04 6.445760e-06 6.486364e-08 1.335938e-05
[1] 1.005227e-04 6.459726e-06 1.974871e-12 1.336787e-05
Algorithm converged after  29  iterations.
[1] 6.385197e-05 5.409212e-06 8.133255e-06 1.930104e-07
Algorithm converged after  10  iterations.
[1] 6.385197e-05 1.822022e-06 5.409212e-06 8.133255e-06
[1] 1.297133e-04 2.962418e-06 7.208444e-06 1.763123e-05
Algorithm converged after  13  iterations.
[1] 6.385197e-05 4.213678e-05
Algorithm converged after  2  iterations.
[1] 6.385197e-05 4.213678e-05 2.084165e-07
Algorithm converged after  7  iterations.
[1] 6.385197e-05 4.213678e-05 1.192453e-07
Algorithm converged after  7  iterations.
[1] 6.385197e-05 4.213678e-05 4.333848e-07
[1] 9.463702e-05 5.659259e-05 7.417221e-07
[1] 9.469572e-05 5.660641e-05 7.420825e-07
Algorithm converged after  24  iterations.
[1] 6.385197e-05 4.213678e-05 2.084165e-07 7.553448e-08
Algorithm converged after  9  iterations.
[1] 6.385197e-05 4.213678e-05 1.192453e-07 4.371303e-08
Algorithm converged after  9  iterations.
[1] 6.385197e-05 4.213678e-05 4.333848e-07 8.172285e-08
[1] 1.260737e-04 5.910166e-05 8.944969e-07 1.521678e-07
Algorithm converged after  16  iterations.
[1] 6.385197e-05 4.213678e-05 2.084165e-07 1.192453e-07
Algorithm converged after  8  iterations.
[1] 6.385197e-05 4.213678e-05 2.084165e-07 4.333848e-07
[1] 1.103249e-04 6.550568e-05 2.393689e-07 8.332219e-07
[1] 1.104107e-04 6.552963e-05 2.393992e-07 8.337320e-07
Algorithm converged after  24  iterations.
[1] 6.385197e-05 4.213678e-05 1.192453e-07 4.333848e-07
[1] 7.260955e-05 1.459692e-06 2.060851e-06 3.704710e-05
Algorithm converged after  15  iterations.
numeric(0)
Algorithm converged after  1  iterations.
[1] 2.346982e-06
Algorithm converged after  2  iterations.
[1] 3.62768e-06
Algorithm converged after  2  iterations.
[1] 9.279012e-06
Algorithm converged after  2  iterations.
[1] 2.346982e-06 1.184093e-06
Algorithm converged after  2  iterations.
[1] 3.627680e-06 4.630912e-07
Algorithm converged after  2  iterations.
[1] 9.279012e-06 8.031590e-06
Algorithm converged after  2  iterations.
[1] 2.346982e-06 3.627680e-06
Algorithm converged after  2  iterations.
[1] 2.346982e-06 9.279012e-06
Algorithm converged after  2  iterations.
[1] 3.627680e-06 9.279012e-06
Algorithm converged after  2  iterations.
[1] 2.346982e-06 1.184093e-06 3.627680e-06
Algorithm converged after  2  iterations.
[1] 2.346982e-06 1.184093e-06 9.279012e-06
Algorithm converged after  2  iterations.
[1] 2.346982e-06 3.627680e-06 4.630912e-07
Algorithm converged after  2  iterations.
[1] 2.346982e-06 9.279012e-06 8.031590e-06
Algorithm converged after  2  iterations.
[1] 3.627680e-06 4.630912e-07 9.279012e-06
Algorithm converged after  2  iterations.
[1] 3.627680e-06 9.279012e-06 8.031590e-06
Algorithm converged after  2  iterations.
[1] 2.346982e-06 3.627680e-06 9.279012e-06
Algorithm converged after  2  iterations.
[1] 2.346982e-06 1.184093e-06 3.627680e-06 4.630912e-07
Algorithm converged after  2  iterations.
[1] 2.346982e-06 1.184093e-06 9.279012e-06 8.031590e-06
Algorithm converged after  2  iterations.
[1] 3.627680e-06 4.630912e-07 9.279012e-06 8.031590e-06
Algorithm converged after  2  iterations.
[1] 2.346982e-06 1.184093e-06 3.627680e-06 9.279012e-06
Algorithm converged after  2  iterations.
[1] 2.346982e-06 3.627680e-06 4.630912e-07 9.279012e-06
Algorithm converged after  2  iterations.
[1] 2.346982e-06 3.627680e-06 9.279012e-06 8.031590e-06
Algorithm converged after  2  iterations.
[1] 6.005633e-05
Algorithm converged after  2  iterations.
[1] 6.005633e-05 1.387162e-06
Algorithm converged after  7  iterations.
[1] 6.005633e-05 3.831416e-06
Algorithm converged after  7  iterations.
[1] 6.005633e-05 2.202843e-07
Algorithm converged after  10  iterations.
[1] 6.005633e-05 1.387162e-06 1.878871e-07
Algorithm converged after  8  iterations.
[1] 6.005633e-05 3.831416e-06 9.153001e-08
[1] 7.642942e-05 4.404656e-06 9.616598e-08
[1] 7.375693e-05 4.235601e-06 2.171119e-10
[1] 7.234094e-05 4.278650e-06 7.896134e-12
[1] 7.030276e-05 4.196774e-06 8.857337e-08
[1] 7.695179e-05 4.265124e-06 9.800036e-08
[1] 7.615552e-05 4.396835e-06 9.746371e-08
Algorithm converged after  64  iterations.
[1] 6.005633e-05 2.202843e-07 9.855666e-08
Algorithm converged after  9  iterations.
[1] 6.005633e-05 1.387162e-06 3.831416e-06
Algorithm converged after  8  iterations.
[1] 6.005633e-05 1.387162e-06 2.202843e-07
Algorithm converged after  8  iterations.
[1] 6.005633e-05 3.831416e-06 2.202843e-07
Algorithm converged after  9  iterations.
[1] 6.005633e-05 1.387162e-06 1.878871e-07 3.831416e-06
Algorithm converged after  9  iterations.
[1] 6.005633e-05 1.387162e-06 1.878871e-07 2.202843e-07
Algorithm converged after  10  iterations.
[1] 6.005633e-05 1.387162e-06 3.831416e-06 9.153001e-08
[1] 8.635113e-05 1.897597e-06 4.660943e-06 1.008086e-07
Algorithm converged after  16  iterations.
[1] 6.005633e-05 1.387162e-06 2.202843e-07 9.855666e-08
Algorithm converged after  9  iterations.
[1] 6.005633e-05 3.831416e-06 9.153001e-08 2.202843e-07
[1] 7.607976e-05 4.344234e-06 1.051072e-07 2.378048e-07
[1] 7.602302e-05 4.394371e-06 1.077853e-07 2.383650e-07
[1] 7.377323e-05 4.358394e-06 1.097066e-07 3.282713e-07
Algorithm converged after  37  iterations.
[1] 6.005633e-05 3.831416e-06 2.202843e-07 9.855666e-08
[1] 8.376855e-05 4.553619e-06 2.474214e-07 1.055631e-07
[1] 8.377379e-05 4.555195e-06 2.474170e-07 1.055426e-07
[1] 8.377399e-05 4.555262e-06 2.474168e-07 1.055417e-07
Algorithm converged after  33  iterations.
[1] 6.005633e-05 1.387162e-06 3.831416e-06 2.202843e-07
Algorithm converged after  10  iterations.
[1] 6.005633e-05 1.768659e-05
Algorithm converged after  2  iterations.
[1] 6.005633e-05 1.768659e-05 1.980212e-07
Algorithm converged after  8  iterations.
[1] 6.005633e-05 1.768659e-05 1.022072e-07
Algorithm converged after  7  iterations.
[1] 6.005633e-05 1.768659e-05 1.104032e-06
[1] 1.557183e-04 4.985745e-05 4.152991e-06
[1] 1.545952e-04 4.964679e-05 4.123848e-06
[1] 1.545414e-04 4.963648e-05 4.122462e-06
Algorithm converged after  37  iterations.
[1] 6.005633e-05 1.768659e-05 1.980212e-07 3.791588e-08
[1] 7.807931e-05 4.214660e-05 2.177824e-07 6.282452e-08
[1] 7.813028e-05 4.216885e-05 2.177824e-07 6.284348e-08
[1] 7.813236e-05 4.216981e-05 2.177825e-07 6.284407e-08
Algorithm converged after  35  iterations.
[1] 6.005633e-05 1.768659e-05 1.022072e-07 7.771171e-08
Algorithm converged after  9  iterations.
[1] 6.005633e-05 1.768659e-05 1.104032e-06 8.647372e-08
[1] 1.560036e-04 5.110390e-05 4.375036e-06 2.020673e-07
[1] 1.567823e-04 5.113528e-05 4.395960e-06 2.046510e-07
[1] 1.567997e-04 5.113677e-05 4.396439e-06 2.047030e-07
Algorithm converged after  34  iterations.
[1] 6.005633e-05 1.768659e-05 1.980212e-07 1.022072e-07
[1] 1.430241e-04 4.867284e-05 8.505060e-07 1.520927e-06
[1] 1.410241e-04 4.817526e-05 8.397727e-07 1.500546e-06
[1] 1.409957e-04 4.816764e-05 8.396138e-07 1.500263e-06
Algorithm converged after  32  iterations.
[1] 6.005633e-05 1.768659e-05 1.980212e-07 1.104032e-06
[1] 2.957480e-04 6.292240e-05 4.006936e-07 7.567099e-06
[1] 3.002218e-04 6.335202e-05 4.035293e-07 7.672042e-06
[1] 3.004024e-04 6.336983e-05 4.036445e-07 7.676305e-06
Algorithm converged after  39  iterations.
[1] 6.005633e-05 1.768659e-05 1.022072e-07 1.104032e-06
[1] 1.499066e-04 5.236421e-05 1.240425e-07 4.003229e-06
[1] 1.495458e-04 5.229880e-05 1.240501e-07 3.993800e-06
[1] 1.495313e-04 5.229608e-05 1.240501e-07 3.993428e-06
Algorithm converged after  32  iterations.
Warning messages:
1: In max(abs(CT), na.rm = T) :
  no non-missing arguments to max; returning -Inf
2: In max(abs(CT), na.rm = T) :
  no non-missing arguments to max; returning -Inf
3: In max(abs(CT), na.rm = T) :
  no non-missing arguments to max; returning -Inf
4: In max(abs(CT), na.rm = T) :
  no non-missing arguments to max; returning -Inf
5: In max(abs(CT), na.rm = T) :
  no non-missing arguments to max; returning -Inf
6: In max(abs(CT), na.rm = T) :
  no non-missing arguments to max; returning -Inf
7: In max(abs(CT), na.rm = T) :
  no non-missing arguments to max; returning -Inf
8: In max(abs(CT), na.rm = T) :
  no non-missing arguments to max; returning -Inf
9: In max(abs(CT), na.rm = T) :
  no non-missing arguments to max; returning -Inf
10: In max(abs(CT), na.rm = T) :
  no non-missing arguments to max; returning -Inf
[1] "Best iter parameter is:"
   gam  rankJ rankA1 rankA2 rankA3 
   1.5    1.0    0.0    1.0    1.0 
[1] 5.968557e-05 4.713423e-06 6.358591e-06
Algorithm converged after  10  iterations.
         [,1]     [,2]     [,3]
[1,] 6.434651 10.47184 41.41552
