myseed=2797 

Attaching package: ‘pls’

The following object is masked from ‘package:stats’:

    loadings

Loading required package: lattice
Loading required package: ggplot2
Registered S3 methods overwritten by 'ggplot2':
  method         from 
  [.quosures     rlang
  c.quosures     rlang
  print.quosures rlang

Attaching package: ‘caret’

The following object is masked from ‘package:pls’:

    R2

Loading required package: Matrix
Loading required package: foreach
Loaded glmnet 2.0-18

Parsed with column specification:
cols(
  .default = col_double()
)
See spec(...) for full column specifications.
Parsed with column specification:
cols(
  X1 = col_double()
)
Parsed with column specification:
cols(
  X1 = col_double()
)
numeric(0)
Algorithm converged after  1  iterations.
[1] 1.701473e-06
Algorithm converged after  2  iterations.
[1] 3.275444e-06
Algorithm converged after  2  iterations.
[1] 1.677326e-05
Algorithm converged after  2  iterations.
[1] 1.701473e-06 9.575286e-07
Algorithm converged after  2  iterations.
[1] 3.275444e-06 1.049292e-06
Algorithm converged after  2  iterations.
[1] 1.677326e-05 5.930560e-06
Algorithm converged after  2  iterations.
[1] 1.701473e-06 3.275444e-06
Algorithm converged after  2  iterations.
[1] 1.701473e-06 1.677326e-05
Algorithm converged after  2  iterations.
[1] 3.275444e-06 1.677326e-05
Algorithm converged after  2  iterations.
[1] 1.701473e-06 9.575286e-07 3.275444e-06
Algorithm converged after  2  iterations.
[1] 1.701473e-06 9.575286e-07 1.677326e-05
Algorithm converged after  2  iterations.
[1] 1.701473e-06 3.275444e-06 1.049292e-06
Algorithm converged after  2  iterations.
[1] 1.701473e-06 1.677326e-05 5.930560e-06
Algorithm converged after  2  iterations.
[1] 3.275444e-06 1.049292e-06 1.677326e-05
Algorithm converged after  2  iterations.
[1] 3.275444e-06 1.677326e-05 5.930560e-06
Algorithm converged after  2  iterations.
[1] 1.701473e-06 3.275444e-06 1.677326e-05
Algorithm converged after  2  iterations.
[1] 1.701473e-06 9.575286e-07 3.275444e-06 1.049292e-06
Algorithm converged after  2  iterations.
[1] 1.701473e-06 9.575286e-07 1.677326e-05 5.930560e-06
Algorithm converged after  2  iterations.
[1] 3.275444e-06 1.049292e-06 1.677326e-05 5.930560e-06
Algorithm converged after  2  iterations.
[1] 1.701473e-06 9.575286e-07 3.275444e-06 1.677326e-05
Algorithm converged after  2  iterations.
[1] 1.701473e-06 3.275444e-06 1.049292e-06 1.677326e-05
Algorithm converged after  2  iterations.
[1] 1.701473e-06 3.275444e-06 1.677326e-05 5.930560e-06
Algorithm converged after  2  iterations.
[1] 8.25021e-05
Algorithm converged after  2  iterations.
[1] 8.250210e-05 1.772847e-06
Algorithm converged after  6  iterations.
[1] 8.250210e-05 4.684262e-07
Algorithm converged after  8  iterations.
[1] 8.250210e-05 2.370714e-05
[1] 2.629169e-04 6.032727e-05
Algorithm converged after  18  iterations.
[1] 8.250210e-05 1.772847e-06 1.244106e-07
Algorithm converged after  6  iterations.
[1] 8.250210e-05 4.684262e-07 1.267809e-07
Algorithm converged after  8  iterations.
[1] 8.250210e-05 2.370714e-05 1.861369e-07
[1] 3.801435e-04 8.106900e-05 4.698602e-07
[1] 3.804951e-04 8.113407e-05 4.702163e-07
Algorithm converged after  21  iterations.
[1] 8.250210e-05 1.772847e-06 4.684262e-07
Algorithm converged after  7  iterations.
[1] 8.250210e-05 1.772847e-06 2.370714e-05
[1] 3.205538e-04 3.625110e-06 7.296303e-05
[1] 3.207623e-04 3.626895e-06 7.300766e-05
Algorithm converged after  21  iterations.
[1] 8.250210e-05 4.684262e-07 2.370714e-05
[1] 2.806173e-04 8.058663e-07 6.454721e-05
Algorithm converged after  19  iterations.
[1] 8.250210e-05 1.772847e-06 1.244106e-07 4.684262e-07
Algorithm converged after  7  iterations.
[1] 8.250210e-05 1.772847e-06 1.244106e-07 2.370714e-05
[1] 3.447063e-04 3.552332e-06 1.598287e-07 7.570747e-05
Algorithm converged after  18  iterations.
[1] 8.250210e-05 1.772847e-06 4.684262e-07 1.267809e-07
Algorithm converged after  7  iterations.
[1] 8.250210e-05 1.772847e-06 2.370714e-05 1.861369e-07
[1] 4.681476e-04 4.215460e-06 9.827647e-05 5.705310e-07
[1] 4.692461e-04 4.221712e-06 9.848088e-05 5.717739e-07
Algorithm converged after  24  iterations.
[1] 8.250210e-05 4.684262e-07 1.267809e-07 2.370714e-05
[1] 2.732694e-04 7.709038e-07 1.291829e-07 6.243285e-05
Algorithm converged after  17  iterations.
[1] 8.250210e-05 4.684262e-07 2.370714e-05 1.861369e-07
[1] 4.116214e-04 8.913019e-07 8.766668e-05 5.091822e-07
[1] 4.122133e-04 8.920340e-07 8.777748e-05 5.098351e-07
Algorithm converged after  23  iterations.
[1] 8.250210e-05 1.772847e-06 4.684262e-07 2.370714e-05
[1] 3.422900e-04 3.782719e-06 9.173088e-07 7.814345e-05
[1] 3.425574e-04 3.784884e-06 9.178666e-07 7.820127e-05
Algorithm converged after  21  iterations.
[1] 8.250210e-05 3.438131e-05
Algorithm converged after  2  iterations.
[1] 8.250210e-05 3.438131e-05 1.796067e-07
Algorithm converged after  9  iterations.
[1] 8.250210e-05 3.438131e-05 1.915618e-07
Algorithm converged after  7  iterations.
[1] 8.250210e-05 3.438131e-05 3.755048e-07
[1] 1.482647e-04 5.005811e-05 5.627082e-07
Algorithm converged after  11  iterations.
[1] 8.250210e-05 3.438131e-05 1.796067e-07 4.452040e-08
Algorithm converged after  10  iterations.
[1] 8.250210e-05 3.438131e-05 1.915618e-07 1.032539e-07
Algorithm converged after  10  iterations.
[1] 8.250210e-05 3.438131e-05 3.755048e-07 1.088351e-07
[1] 1.608190e-04 5.015431e-05 5.780340e-07 1.502205e-07
Algorithm converged after  13  iterations.
[1] 8.250210e-05 3.438131e-05 1.796067e-07 1.915618e-07
[1] 9.166776e-05 6.173322e-05 2.414817e-07 2.656656e-07
Algorithm converged after  16  iterations.
[1] 8.250210e-05 3.438131e-05 1.796067e-07 3.755048e-07
[1] 1.651563e-04 7.024866e-05 2.447486e-07 6.874386e-07
Algorithm converged after  14  iterations.
[1] 8.250210e-05 3.438131e-05 1.915618e-07 3.755048e-07
[1] 1.474990e-04 5.808418e-05 2.382102e-07 6.076651e-07
Algorithm converged after  13  iterations.
numeric(0)
Algorithm converged after  1  iterations.
[1] 1.566821e-06
Algorithm converged after  2  iterations.
[1] 3.542667e-06
Algorithm converged after  2  iterations.
[1] 1.317802e-05
Algorithm converged after  2  iterations.
[1] 1.566821e-06 5.591455e-07
Algorithm converged after  2  iterations.
[1] 3.542667e-06 1.932422e-07
Algorithm converged after  2  iterations.
[1] 1.317802e-05 6.517642e-06
Algorithm converged after  2  iterations.
[1] 1.566821e-06 3.542667e-06
Algorithm converged after  2  iterations.
[1] 1.566821e-06 1.317802e-05
Algorithm converged after  2  iterations.
[1] 3.542667e-06 1.317802e-05
Algorithm converged after  2  iterations.
[1] 1.566821e-06 5.591455e-07 3.542667e-06
Algorithm converged after  2  iterations.
[1] 1.566821e-06 5.591455e-07 1.317802e-05
Algorithm converged after  2  iterations.
[1] 1.566821e-06 3.542667e-06 1.932422e-07
Algorithm converged after  2  iterations.
[1] 1.566821e-06 1.317802e-05 6.517642e-06
Algorithm converged after  2  iterations.
[1] 3.542667e-06 1.932422e-07 1.317802e-05
Algorithm converged after  2  iterations.
[1] 3.542667e-06 1.317802e-05 6.517642e-06
Algorithm converged after  2  iterations.
[1] 1.566821e-06 3.542667e-06 1.317802e-05
Algorithm converged after  2  iterations.
[1] 1.566821e-06 5.591455e-07 3.542667e-06 1.932422e-07
Algorithm converged after  2  iterations.
[1] 1.566821e-06 5.591455e-07 1.317802e-05 6.517642e-06
Algorithm converged after  2  iterations.
[1] 3.542667e-06 1.932422e-07 1.317802e-05 6.517642e-06
Algorithm converged after  2  iterations.
[1] 1.566821e-06 5.591455e-07 3.542667e-06 1.317802e-05
Algorithm converged after  2  iterations.
[1] 1.566821e-06 3.542667e-06 1.932422e-07 1.317802e-05
Algorithm converged after  2  iterations.
[1] 1.566821e-06 3.542667e-06 1.317802e-05 6.517642e-06
Algorithm converged after  2  iterations.
[1] 7.281586e-05
Algorithm converged after  2  iterations.
[1] 7.281586e-05 9.172003e-07
Algorithm converged after  6  iterations.
[1] 7.281586e-05 5.442471e-07
Algorithm converged after  8  iterations.
[1] 7.281586e-05 2.849812e-05
[1] 1.976247e-04 6.341407e-05
Algorithm converged after  16  iterations.
[1] 7.281586e-05 9.172003e-07 1.263448e-07
Algorithm converged after  6  iterations.
[1] 7.281586e-05 5.442471e-07 2.184710e-12
Algorithm converged after  9  iterations.
[1] 7.281586e-05 2.849812e-05 1.555710e-07
[1] 2.718356e-04 8.093189e-05 3.447859e-07
Algorithm converged after  18  iterations.
[1] 7.281586e-05 9.172003e-07 5.442471e-07
Algorithm converged after  9  iterations.
[1] 7.281586e-05 9.172003e-07 2.849812e-05
[1] 2.189914e-04 1.670325e-06 7.042546e-05
Algorithm converged after  18  iterations.
[1] 7.281586e-05 5.442471e-07 2.849812e-05
[1] 2.033059e-04 6.997183e-07 6.564355e-05
Algorithm converged after  16  iterations.
[1] 7.281586e-05 9.172003e-07 1.263448e-07 5.442471e-07
Algorithm converged after  6  iterations.
[1] 7.281586e-05 9.172003e-07 1.263448e-07 2.849812e-05
[1] 2.343826e-04 1.587027e-06 1.536209e-07 7.266892e-05
Algorithm converged after  16  iterations.
[1] 7.281586e-05 9.172003e-07 5.442471e-07 2.184710e-12
[1] 6.214802e-05 8.982359e-07 5.706680e-07 1.301162e-07
Algorithm converged after  18  iterations.
[1] 7.281586e-05 9.172003e-07 2.849812e-05 1.555710e-07
[1] 2.992608e-04 1.777520e-06 8.860183e-05 3.772403e-07
Algorithm converged after  19  iterations.
[1] 7.281586e-05 5.442471e-07 2.184710e-12 2.849812e-05
[1] 1.988754e-04 6.922148e-07 1.312953e-07 6.404352e-05
Algorithm converged after  16  iterations.
[1] 7.281586e-05 5.442471e-07 2.849812e-05 1.555710e-07
[1] 2.824750e-04 6.883787e-07 8.431829e-05 3.602575e-07
Algorithm converged after  19  iterations.
[1] 7.281586e-05 9.172003e-07 5.442471e-07 2.849812e-05
[1] 2.246746e-04 1.690697e-06 7.437354e-07 7.272067e-05
Algorithm converged after  18  iterations.
[1] 7.281586e-05 3.601365e-05
Algorithm converged after  2  iterations.
[1] 7.281586e-05 3.601365e-05 1.818069e-07
[1] 8.211425e-05 4.950145e-05 2.103091e-07
Algorithm converged after  11  iterations.
[1] 7.281586e-05 3.601365e-05 1.868035e-07
Algorithm converged after  8  iterations.
[1] 7.281586e-05 3.601365e-05 2.427709e-07
Algorithm converged after  9  iterations.
[1] 7.281586e-05 3.601365e-05 1.818069e-07 4.036869e-08
Algorithm converged after  10  iterations.
[1] 7.281586e-05 3.601365e-05 1.868035e-07 1.187044e-07
Algorithm converged after  10  iterations.
[1] 7.281586e-05 3.601365e-05 2.427709e-07 9.496475e-08
Algorithm converged after  10  iterations.
[1] 7.281586e-05 3.601365e-05 1.818069e-07 1.868035e-07
[1] 9.370485e-05 5.240258e-05 7.278036e-07 8.476344e-07
[1] 8.503522e-05 4.636299e-05 6.824779e-07 8.022441e-07
[1] 8.343314e-05 4.504989e-05 6.727351e-07 7.917808e-07
[1] 8.325014e-05 4.489136e-05 6.716056e-07 7.905675e-07
[1] 8.322794e-05 4.487201e-05 6.714684e-07 7.904201e-07
[1] 8.322523e-05 4.486964e-05 6.714516e-07 7.904021e-07
Algorithm converged after  64  iterations.
[1] 7.281586e-05 3.601365e-05 1.818069e-07 2.427709e-07
[1] 1.216153e-04 6.894519e-05 2.387612e-07 3.862414e-07
Algorithm converged after  13  iterations.
[1] 7.281586e-05 3.601365e-05 1.868035e-07 2.427709e-07
[1] 1.058152e-04 5.724051e-05 2.317807e-07 3.390199e-07
Algorithm converged after  11  iterations.
numeric(0)
Algorithm converged after  1  iterations.
[1] 2.345301e-06
Algorithm converged after  2  iterations.
[1] 3.429653e-06
Algorithm converged after  2  iterations.
[1] 8.011602e-06
Algorithm converged after  2  iterations.
[1] 2.345301e-06 7.552466e-07
Algorithm converged after  2  iterations.
[1] 3.429653e-06 1.886268e-07
Algorithm converged after  2  iterations.
[1] 8.011602e-06 6.081799e-06
Algorithm converged after  2  iterations.
[1] 2.345301e-06 3.429653e-06
Algorithm converged after  2  iterations.
[1] 2.345301e-06 8.011602e-06
Algorithm converged after  2  iterations.
[1] 3.429653e-06 8.011602e-06
Algorithm converged after  2  iterations.
[1] 2.345301e-06 7.552466e-07 3.429653e-06
Algorithm converged after  2  iterations.
[1] 2.345301e-06 7.552466e-07 8.011602e-06
Algorithm converged after  2  iterations.
[1] 2.345301e-06 3.429653e-06 1.886268e-07
Algorithm converged after  2  iterations.
[1] 2.345301e-06 8.011602e-06 6.081799e-06
Algorithm converged after  2  iterations.
[1] 3.429653e-06 1.886268e-07 8.011602e-06
Algorithm converged after  2  iterations.
[1] 3.429653e-06 8.011602e-06 6.081799e-06
Algorithm converged after  2  iterations.
[1] 2.345301e-06 3.429653e-06 8.011602e-06
Algorithm converged after  2  iterations.
[1] 2.345301e-06 7.552466e-07 3.429653e-06 1.886268e-07
Algorithm converged after  2  iterations.
[1] 2.345301e-06 7.552466e-07 8.011602e-06 6.081799e-06
Algorithm converged after  2  iterations.
[1] 3.429653e-06 1.886268e-07 8.011602e-06 6.081799e-06
Algorithm converged after  2  iterations.
[1] 2.345301e-06 7.552466e-07 3.429653e-06 8.011602e-06
Algorithm converged after  2  iterations.
[1] 2.345301e-06 3.429653e-06 1.886268e-07 8.011602e-06
Algorithm converged after  2  iterations.
[1] 2.345301e-06 3.429653e-06 8.011602e-06 6.081799e-06
Algorithm converged after  2  iterations.
[1] 6.372534e-05
Algorithm converged after  2  iterations.
[1] 6.372534e-05 8.545663e-07
Algorithm converged after  7  iterations.
[1] 6.372534e-05 3.018326e-07
Algorithm converged after  9  iterations.
[1] 6.372534e-05 3.653380e-05
[1] 1.613833e-04 7.742955e-05
Algorithm converged after  15  iterations.
[1] 6.372534e-05 8.545663e-07 1.246817e-07
Algorithm converged after  6  iterations.
[1] 6.372534e-05 3.018326e-07 8.955593e-13
Algorithm converged after  9  iterations.
[1] 6.372534e-05 3.653380e-05 2.492404e-07
[1] 2.194975e-04 9.681810e-05 5.196041e-07
Algorithm converged after  18  iterations.
[1] 6.372534e-05 8.545663e-07 3.018326e-07
Algorithm converged after  10  iterations.
[1] 6.372534e-05 8.545663e-07 3.653380e-05
[1] 1.744060e-04 1.425123e-06 8.462897e-05
Algorithm converged after  17  iterations.
[1] 6.372534e-05 3.018326e-07 3.653380e-05
[1] 1.639829e-04 4.064395e-07 7.912748e-05
Algorithm converged after  16  iterations.
[1] 6.372534e-05 8.545663e-07 1.246817e-07 3.018326e-07
Algorithm converged after  6  iterations.
[1] 6.372534e-05 8.545663e-07 1.246817e-07 3.653380e-05
[1] 1.921638e-04 1.311951e-06 1.636404e-07 8.813680e-05
Algorithm converged after  16  iterations.
[1] 6.372534e-05 8.545663e-07 3.018326e-07 8.955593e-13
[1] 6.554743e-05 9.718924e-07 3.755704e-07 7.194104e-08
Algorithm converged after  11  iterations.
[1] 6.372534e-05 8.545663e-07 3.653380e-05 2.492404e-07
[1] 2.345877e-04 1.406426e-06 1.033237e-04 5.492622e-07
Algorithm converged after  19  iterations.
[1] 6.372534e-05 3.018326e-07 8.955593e-13 3.653380e-05
[1] 1.637226e-04 4.213691e-07 6.032514e-15 7.999807e-05
[1] 1.677972e-04 4.072549e-07 7.055110e-08 8.082168e-05
[1] 1.629814e-04 4.229218e-07 7.131606e-08 7.984076e-05
[1] 1.637235e-04 4.290760e-07 7.161539e-08 8.043654e-05
Algorithm converged after  50  iterations.
[1] 6.372534e-05 3.018326e-07 3.653380e-05 2.492404e-07
[1] 2.249072e-04 3.828643e-07 9.943193e-05 5.332488e-07
Algorithm converged after  19  iterations.
[1] 6.372534e-05 8.545663e-07 3.018326e-07 3.653380e-05
[1] 1.767622e-04 1.430984e-06 4.493918e-07 8.617731e-05
Algorithm converged after  17  iterations.
[1] 6.372534e-05 3.916450e-05
Algorithm converged after  2  iterations.
[1] 6.372534e-05 3.916450e-05 1.987590e-07
[1] 6.138996e-05 3.311651e-06 2.994878e-06
Algorithm converged after  15  iterations.
[1] 6.372534e-05 3.916450e-05 1.154905e-07
[1] 5.984570e-05 2.579794e-06 1.014562e-06
Algorithm converged after  20  iterations.
[1] 6.372534e-05 3.916450e-05 3.369557e-07
Algorithm converged after  9  iterations.
[1] 6.372534e-05 3.916450e-05 1.987590e-07 4.326109e-08
[1] 7.985710e-05 4.683669e-05 2.985673e-07 5.043133e-08
Algorithm converged after  14  iterations.
[1] 6.372534e-05 3.916450e-05 1.154905e-07 4.280780e-08
[1] 6.713666e-05 2.156017e-06 2.452875e-06 1.268742e-07
Algorithm converged after  13  iterations.
[1] 6.372534e-05 3.916450e-05 3.369557e-07 1.193365e-07
Algorithm converged after  10  iterations.
[1] 6.372534e-05 3.916450e-05 1.987590e-07 1.154905e-07
[1] 1.011498e-04 6.716113e-05 2.891355e-07 1.793457e-07
[1] 1.010520e-04 6.710923e-05 2.889998e-07 1.792422e-07
Algorithm converged after  26  iterations.
[1] 6.372534e-05 3.916450e-05 1.987590e-07 3.369557e-07
[1] 1.716706e-04 5.439791e-05 2.740791e-07 3.848953e-06
[1] 1.755312e-04 5.427064e-05 2.700521e-07 3.944047e-06
[1] 1.755293e-04 5.426883e-05 2.700393e-07 3.943961e-06
Algorithm converged after  32  iterations.
[1] 6.372534e-05 3.916450e-05 1.154905e-07 3.369557e-07
[1] 1.268182e-04 5.329854e-05 2.677307e-07 1.149830e-06
[1] 1.320650e-04 5.324676e-05 2.613817e-07 1.195895e-06
[1] 1.322080e-04 5.324653e-05 2.612181e-07 1.197120e-06
Algorithm converged after  39  iterations.
numeric(0)
Algorithm converged after  1  iterations.
[1] 1.671813e-06
Algorithm converged after  2  iterations.
[1] 3.028999e-06
Algorithm converged after  2  iterations.
[1] 1.218258e-05
Algorithm converged after  2  iterations.
[1] 1.671813e-06 9.200739e-07
Algorithm converged after  2  iterations.
[1] 3.028999e-06 7.457154e-07
Algorithm converged after  2  iterations.
[1] 1.218258e-05 7.751733e-06
Algorithm converged after  2  iterations.
[1] 1.671813e-06 3.028999e-06
Algorithm converged after  2  iterations.
[1] 1.671813e-06 1.218258e-05
Algorithm converged after  2  iterations.
[1] 3.028999e-06 1.218258e-05
Algorithm converged after  2  iterations.
[1] 1.671813e-06 9.200739e-07 3.028999e-06
Algorithm converged after  2  iterations.
[1] 1.671813e-06 9.200739e-07 1.218258e-05
Algorithm converged after  2  iterations.
[1] 1.671813e-06 3.028999e-06 7.457154e-07
Algorithm converged after  2  iterations.
[1] 1.671813e-06 1.218258e-05 7.751733e-06
Algorithm converged after  2  iterations.
[1] 3.028999e-06 7.457154e-07 1.218258e-05
Algorithm converged after  2  iterations.
[1] 3.028999e-06 1.218258e-05 7.751733e-06
Algorithm converged after  2  iterations.
[1] 1.671813e-06 3.028999e-06 1.218258e-05
Algorithm converged after  2  iterations.
[1] 1.671813e-06 9.200739e-07 3.028999e-06 7.457154e-07
Algorithm converged after  2  iterations.
[1] 1.671813e-06 9.200739e-07 1.218258e-05 7.751733e-06
Algorithm converged after  2  iterations.
[1] 3.028999e-06 7.457154e-07 1.218258e-05 7.751733e-06
Algorithm converged after  2  iterations.
[1] 1.671813e-06 9.200739e-07 3.028999e-06 1.218258e-05
Algorithm converged after  2  iterations.
[1] 1.671813e-06 3.028999e-06 7.457154e-07 1.218258e-05
Algorithm converged after  2  iterations.
[1] 1.671813e-06 3.028999e-06 1.218258e-05 7.751733e-06
Algorithm converged after  2  iterations.
[1] 6.323816e-05
Algorithm converged after  2  iterations.
[1] 6.323816e-05 1.373170e-06
Algorithm converged after  6  iterations.
[1] 6.323816e-05 1.462449e-07
[1] 6.433279e-05 2.613110e-07
Algorithm converged after  14  iterations.
[1] 6.323816e-05 3.938741e-05
[1] 1.900299e-04 9.429125e-05
Algorithm converged after  17  iterations.
[1] 6.323816e-05 1.373170e-06 1.204864e-07
Algorithm converged after  6  iterations.
[1] 6.323816e-05 1.462449e-07 1.817277e-07
[1] 5.797188e-05 5.574561e-07 1.386505e-07
Algorithm converged after  16  iterations.
[1] 6.323816e-05 3.938741e-05 2.116331e-07
[1] 2.619370e-04 1.201365e-04 4.340291e-07
Algorithm converged after  20  iterations.
[1] 6.323816e-05 1.373170e-06 1.462449e-07
Algorithm converged after  7  iterations.
[1] 6.323816e-05 1.373170e-06 3.938741e-05
[1] 2.106612e-04 2.263578e-06 1.047057e-04
Algorithm converged after  19  iterations.
[1] 6.323816e-05 1.462449e-07 3.938741e-05
[1] 1.954414e-04 3.802679e-07 9.756657e-05
Algorithm converged after  18  iterations.
[1] 6.323816e-05 1.373170e-06 1.204864e-07 1.462449e-07
Algorithm converged after  8  iterations.
[1] 6.323816e-05 1.373170e-06 1.204864e-07 3.938741e-05
[1] 2.235071e-04 2.165645e-06 1.441567e-07 1.070229e-04
Algorithm converged after  17  iterations.
[1] 6.323816e-05 1.373170e-06 1.462449e-07 1.817277e-07
Algorithm converged after  8  iterations.
[1] 6.323816e-05 1.373170e-06 3.938741e-05 2.116331e-07
[1] 2.910150e-04 2.403262e-06 1.326623e-04 4.708157e-07
[1] 2.912252e-04 2.404125e-06 1.327454e-04 4.710786e-07
Algorithm converged after  21  iterations.
[1] 6.323816e-05 1.462449e-07 1.817277e-07 3.938741e-05
[1] 1.906505e-04 3.867260e-07 1.236609e-07 9.624273e-05
[1] 1.922335e-04 3.926971e-07 1.259005e-07 9.710837e-05
Algorithm converged after  28  iterations.
[1] 6.323816e-05 1.462449e-07 3.938741e-05 2.116331e-07
[1] 2.726517e-04 3.731562e-07 1.254490e-04 4.490532e-07
[1] 2.728322e-04 3.732499e-07 1.255206e-04 4.492780e-07
Algorithm converged after  21  iterations.
[1] 6.323816e-05 1.373170e-06 1.462449e-07 3.938741e-05
[1] 2.167156e-04 2.318459e-06 4.048207e-07 1.083932e-04
Algorithm converged after  19  iterations.
[1] 6.323816e-05 3.884795e-05
Algorithm converged after  2  iterations.
[1] 6.323816e-05 3.884795e-05 1.553118e-07
Algorithm converged after  9  iterations.
[1] 6.323816e-05 3.884795e-05 1.982093e-07
[1] 5.491666e-05 4.295121e-06 2.803941e-06
[1] 5.489444e-05 4.295161e-06 2.792319e-06
[1] 5.489262e-05 4.295017e-06 2.791481e-06
Algorithm converged after  39  iterations.
[1] 6.323816e-05 3.884795e-05 3.186377e-07
Algorithm converged after  10  iterations.
[1] 6.323816e-05 3.884795e-05 1.553118e-07 3.779396e-08
[1] 9.177985e-06 1.080992e-06 1.411574e-06 5.360187e-07
Algorithm converged after  17  iterations.
[1] 6.323816e-05 3.884795e-05 1.982093e-07 1.217768e-07
[1] 6.298402e-05 2.182143e-06 3.270839e-06 9.218207e-08
Algorithm converged after  13  iterations.
[1] 6.323816e-05 3.884795e-05 3.186377e-07 1.390810e-07
[1] 1.065808e-04 5.334551e-05 4.138686e-07 1.650934e-07
Algorithm converged after  11  iterations.
[1] 6.323816e-05 3.884795e-05 1.553118e-07 1.982093e-07
[1] 6.354427e-05 1.327036e-06 2.545382e-06 3.987751e-06
Algorithm converged after  17  iterations.
[1] 6.323816e-05 3.884795e-05 1.553118e-07 3.186377e-07
[1] 1.085853e-04 6.868545e-05 1.916815e-07 4.710272e-07
Algorithm converged after  13  iterations.
[1] 6.323816e-05 3.884795e-05 1.982093e-07 3.186377e-07
[1] 9.413180e-05 6.196574e-05 2.444688e-07 4.367196e-07
Algorithm converged after  12  iterations.
numeric(0)
Algorithm converged after  1  iterations.
[1] 1.882351e-06
Algorithm converged after  2  iterations.
[1] 2.512909e-06
Algorithm converged after  2  iterations.
[1] 1.203886e-05
Algorithm converged after  2  iterations.
[1] 1.882351e-06 1.136794e-06
Algorithm converged after  2  iterations.
[1] 2.512909e-06 4.643509e-07
Algorithm converged after  2  iterations.
[1] 1.203886e-05 7.710325e-06
Algorithm converged after  2  iterations.
[1] 1.882351e-06 2.512909e-06
Algorithm converged after  2  iterations.
[1] 1.882351e-06 1.203886e-05
Algorithm converged after  2  iterations.
[1] 2.512909e-06 1.203886e-05
Algorithm converged after  2  iterations.
[1] 1.882351e-06 1.136794e-06 2.512909e-06
Algorithm converged after  2  iterations.
[1] 1.882351e-06 1.136794e-06 1.203886e-05
Algorithm converged after  2  iterations.
[1] 1.882351e-06 2.512909e-06 4.643509e-07
Algorithm converged after  2  iterations.
[1] 1.882351e-06 1.203886e-05 7.710325e-06
Algorithm converged after  2  iterations.
[1] 2.512909e-06 4.643509e-07 1.203886e-05
Algorithm converged after  2  iterations.
[1] 2.512909e-06 1.203886e-05 7.710325e-06
Algorithm converged after  2  iterations.
[1] 1.882351e-06 2.512909e-06 1.203886e-05
Algorithm converged after  2  iterations.
[1] 1.882351e-06 1.136794e-06 2.512909e-06 4.643509e-07
Algorithm converged after  2  iterations.
[1] 1.882351e-06 1.136794e-06 1.203886e-05 7.710325e-06
Algorithm converged after  2  iterations.
[1] 2.512909e-06 4.643509e-07 1.203886e-05 7.710325e-06
Algorithm converged after  2  iterations.
[1] 1.882351e-06 1.136794e-06 2.512909e-06 1.203886e-05
Algorithm converged after  2  iterations.
[1] 1.882351e-06 2.512909e-06 4.643509e-07 1.203886e-05
Algorithm converged after  2  iterations.
[1] 1.882351e-06 2.512909e-06 1.203886e-05 7.710325e-06
Algorithm converged after  2  iterations.
[1] 6.606141e-05
Algorithm converged after  2  iterations.
[1] 6.606141e-05 7.998684e-07
Algorithm converged after  7  iterations.
[1] 6.606141e-05 3.335004e-07
Algorithm converged after  8  iterations.
[1] 6.606141e-05 3.869239e-05
[1] 0.0002409593 0.0001027725
Algorithm converged after  19  iterations.
[1] 6.606141e-05 7.998684e-07 1.337620e-07
Algorithm converged after  6  iterations.
[1] 6.606141e-05 3.335004e-07 1.107619e-07
[1] 6.632156e-05 3.981595e-07 9.541289e-08
[1] 6.432822e-05 3.872927e-07 1.228999e-07
Algorithm converged after  21  iterations.
[1] 6.606141e-05 3.869239e-05 1.488038e-07
[1] 3.234855e-04 1.278986e-04 3.770026e-07
[1] 3.237208e-04 1.279757e-04 3.772287e-07
Algorithm converged after  21  iterations.
[1] 6.606141e-05 7.998684e-07 3.335004e-07
Algorithm converged after  9  iterations.
[1] 6.606141e-05 7.998684e-07 3.869239e-05
[1] 2.746812e-04 1.957701e-06 1.164472e-04
[1] 2.749032e-04 1.959403e-06 1.165342e-04
Algorithm converged after  22  iterations.
[1] 6.606141e-05 3.335004e-07 3.869239e-05
[1] 2.491898e-04 4.921852e-07 1.066394e-04
Algorithm converged after  19  iterations.
[1] 6.606141e-05 7.998684e-07 1.337620e-07 3.335004e-07
Algorithm converged after  6  iterations.
[1] 6.606141e-05 7.998684e-07 1.337620e-07 3.869239e-05
[1] 3.031964e-04 1.922802e-06 1.816824e-07 1.234333e-04
Algorithm converged after  19  iterations.
[1] 6.606141e-05 7.998684e-07 3.335004e-07 1.107619e-07
[1] 7.241356e-05 9.089088e-07 3.914578e-07 5.461884e-13
Algorithm converged after  20  iterations.
[1] 6.606141e-05 7.998684e-07 3.869239e-05 1.488038e-07
[1] 3.687520e-04 2.150590e-06 1.442234e-04 4.258267e-07
[1] 3.692619e-04 2.152773e-06 1.443920e-04 4.263747e-07
Algorithm converged after  23  iterations.
[1] 6.606141e-05 3.335004e-07 1.107619e-07 3.869239e-05
[1] 2.450139e-04 4.998855e-07 1.016378e-07 1.051067e-04
[1] 2.446370e-04 5.020663e-07 1.002918e-07 1.052587e-04
[1] 2.461941e-04 5.058525e-07 1.006130e-07 1.058515e-04
Algorithm converged after  33  iterations.
[1] 6.606141e-05 3.335004e-07 3.869239e-05 1.488038e-07
[1] 3.390157e-04 5.039179e-07 1.341443e-04 3.959246e-07
[1] 3.393849e-04 5.041632e-07 1.342670e-04 3.963154e-07
Algorithm converged after  22  iterations.
[1] 6.606141e-05 7.998684e-07 3.335004e-07 3.869239e-05
[1] 2.841929e-04 2.012840e-06 5.493084e-07 1.210567e-04
[1] 2.844546e-04 2.014715e-06 5.497460e-07 1.211606e-04
Algorithm converged after  22  iterations.
[1] 6.606141e-05 3.607941e-05
Algorithm converged after  2  iterations.
[1] 6.606141e-05 3.607941e-05 2.089254e-07
Algorithm converged after  10  iterations.
[1] 6.606141e-05 3.607941e-05 1.512311e-07
Algorithm converged after  7  iterations.
[1] 6.606141e-05 3.607941e-05 2.625041e-07
Algorithm converged after  10  iterations.
[1] 6.606141e-05 3.607941e-05 2.089254e-07 5.325105e-08
[1] 7.681620e-06 7.995893e-07 9.284059e-07 6.339643e-07
[1] 7.679789e-06 7.995148e-07 9.287608e-07 6.342447e-07
Algorithm converged after  21  iterations.
[1] 6.606141e-05 3.607941e-05 1.512311e-07 9.367293e-08
[1] 1.192687e-05 1.298233e-06 1.150254e-06 5.931938e-07
Algorithm converged after  17  iterations.
[1] 6.606141e-05 3.607941e-05 2.625041e-07 8.412987e-08
[1] 1.120587e-04 4.630989e-05 3.555199e-07 9.512462e-08
Algorithm converged after  13  iterations.
[1] 6.606141e-05 3.607941e-05 2.089254e-07 1.512311e-07
[1] 6.294625e-05 1.222630e-06 6.351109e-06 4.133537e-06
Algorithm converged after  14  iterations.
[1] 6.606141e-05 3.607941e-05 2.089254e-07 2.625041e-07
[1] 1.201832e-04 7.027719e-05 2.793838e-07 4.488436e-07
Algorithm converged after  13  iterations.
[1] 6.606141e-05 3.607941e-05 1.512311e-07 2.625041e-07
[1] 9.957815e-05 5.517361e-05 1.814284e-07 3.769092e-07
Algorithm converged after  12  iterations.
numeric(0)
Algorithm converged after  1  iterations.
[1] 2.32028e-06
Algorithm converged after  2  iterations.
[1] 3.396187e-06
Algorithm converged after  2  iterations.
[1] 1.559125e-05
Algorithm converged after  2  iterations.
[1] 2.320280e-06 1.137522e-06
Algorithm converged after  2  iterations.
[1] 3.396187e-06 5.348754e-07
Algorithm converged after  2  iterations.
[1] 1.559125e-05 4.933259e-06
Algorithm converged after  2  iterations.
[1] 2.320280e-06 3.396187e-06
Algorithm converged after  2  iterations.
[1] 2.320280e-06 1.559125e-05
Algorithm converged after  2  iterations.
[1] 3.396187e-06 1.559125e-05
Algorithm converged after  2  iterations.
[1] 2.320280e-06 1.137522e-06 3.396187e-06
Algorithm converged after  2  iterations.
[1] 2.320280e-06 1.137522e-06 1.559125e-05
Algorithm converged after  2  iterations.
[1] 2.320280e-06 3.396187e-06 5.348754e-07
Algorithm converged after  2  iterations.
[1] 2.320280e-06 1.559125e-05 4.933259e-06
Algorithm converged after  2  iterations.
[1] 3.396187e-06 5.348754e-07 1.559125e-05
Algorithm converged after  2  iterations.
[1] 3.396187e-06 1.559125e-05 4.933259e-06
Algorithm converged after  2  iterations.
[1] 2.320280e-06 3.396187e-06 1.559125e-05
Algorithm converged after  2  iterations.
[1] 2.320280e-06 1.137522e-06 3.396187e-06 5.348754e-07
Algorithm converged after  2  iterations.
[1] 2.320280e-06 1.137522e-06 1.559125e-05 4.933259e-06
Algorithm converged after  2  iterations.
[1] 3.396187e-06 5.348754e-07 1.559125e-05 4.933259e-06
Algorithm converged after  2  iterations.
[1] 2.320280e-06 1.137522e-06 3.396187e-06 1.559125e-05
Algorithm converged after  2  iterations.
[1] 2.320280e-06 3.396187e-06 5.348754e-07 1.559125e-05
Algorithm converged after  2  iterations.
[1] 2.320280e-06 3.396187e-06 1.559125e-05 4.933259e-06
Algorithm converged after  2  iterations.
[1] 8.397789e-05
Algorithm converged after  2  iterations.
[1] 8.397789e-05 9.094996e-07
Algorithm converged after  6  iterations.
[1] 8.397789e-05 1.228923e-06
Algorithm converged after  7  iterations.
[1] 8.397789e-05 2.086464e-05
[1] 2.561437e-04 5.295033e-05
Algorithm converged after  18  iterations.
[1] 8.397789e-05 9.094996e-07 1.303950e-07
Algorithm converged after  6  iterations.
[1] 8.397789e-05 1.228923e-06 1.171548e-07
Algorithm converged after  8  iterations.
[1] 8.397789e-05 2.086464e-05 2.175676e-07
[1] 3.643344e-04 7.041708e-05 5.233989e-07
[1] 3.645931e-04 7.046137e-05 5.236894e-07
Algorithm converged after  21  iterations.
[1] 8.397789e-05 9.094996e-07 1.228923e-06
Algorithm converged after  8  iterations.
[1] 8.397789e-05 9.094996e-07 2.086464e-05
[1] 3.055505e-04 2.183866e-06 6.314467e-05
[1] 3.057764e-04 2.185417e-06 6.318976e-05
Algorithm converged after  21  iterations.
[1] 8.397789e-05 1.228923e-06 2.086464e-05
[1] 2.684671e-04 1.630724e-06 5.555825e-05
Algorithm converged after  18  iterations.
[1] 8.397789e-05 9.094996e-07 1.303950e-07 1.228923e-06
Algorithm converged after  7  iterations.
[1] 8.397789e-05 9.094996e-07 1.303950e-07 2.086464e-05
[1] 3.333609e-04 2.114817e-06 1.758905e-07 6.633082e-05
Algorithm converged after  18  iterations.
[1] 8.397789e-05 9.094996e-07 1.228923e-06 1.171548e-07
Algorithm converged after  7  iterations.
[1] 8.397789e-05 9.094996e-07 2.086464e-05 2.175676e-07
[1] 4.299404e-04 2.500689e-06 8.253907e-05 6.020139e-07
[1] 4.305782e-04 2.503496e-06 8.264948e-05 6.027920e-07
Algorithm converged after  23  iterations.
[1] 8.397789e-05 1.228923e-06 1.171548e-07 2.086464e-05
[1] 2.752547e-04 1.709114e-06 1.925620e-11 5.764083e-05
[1] 2.639276e-04 1.619430e-06 1.066158e-11 5.525162e-05
[1] 2.565155e-04 1.577721e-06 1.123556e-07 5.406141e-05
[1] 2.633191e-04 1.626394e-06 8.279720e-13 5.557359e-05
[1] 2.671253e-04 1.657295e-06 1.120958e-07 5.667729e-05
Algorithm converged after  55  iterations.
[1] 8.397789e-05 1.228923e-06 2.086464e-05 2.175676e-07
[1] 3.918092e-04 1.744750e-06 7.590415e-05 5.595454e-07
[1] 3.922257e-04 1.745372e-06 7.597659e-05 5.600514e-07
Algorithm converged after  22  iterations.
[1] 8.397789e-05 9.094996e-07 1.228923e-06 2.086464e-05
[1] 3.153936e-04 2.152385e-06 1.745297e-06 6.503795e-05
Algorithm converged after  20  iterations.
[1] 8.397789e-05 3.374734e-05
Algorithm converged after  2  iterations.
[1] 8.397789e-05 3.374734e-05 2.158003e-07
Algorithm converged after  9  iterations.
[1] 8.397789e-05 3.374734e-05 1.427055e-07
Algorithm converged after  7  iterations.
[1] 8.397789e-05 3.374734e-05 3.955764e-07
Algorithm converged after  10  iterations.
[1] 8.397789e-05 3.374734e-05 2.158003e-07 4.810801e-08
[1] 9.097645e-05 5.388108e-05 2.643561e-07 5.696805e-08
Algorithm converged after  11  iterations.
[1] 8.397789e-05 3.374734e-05 1.427055e-07 1.016728e-07
[1] 7.810246e-05 4.454602e-05 1.576707e-07 1.196519e-07
Algorithm converged after  15  iterations.
[1] 8.397789e-05 3.374734e-05 3.955764e-07 1.410367e-07
[1] 1.545351e-04 4.929680e-05 5.718371e-07 1.806325e-07
Algorithm converged after  11  iterations.
[1] 8.397789e-05 3.374734e-05 2.158003e-07 1.427055e-07
[1] 9.749718e-05 6.266848e-05 2.993451e-07 2.032912e-07
Algorithm converged after  16  iterations.
[1] 8.397789e-05 3.374734e-05 2.158003e-07 3.955764e-07
[1] 1.579917e-04 7.135561e-05 3.088604e-07 7.006885e-07
Algorithm converged after  14  iterations.
[1] 8.397789e-05 3.374734e-05 1.427055e-07 3.955764e-07
[1] 1.362653e-04 5.596788e-05 1.824951e-07 6.031937e-07
Algorithm converged after  13  iterations.
numeric(0)
Algorithm converged after  1  iterations.
[1] 1.170736e-06
Algorithm converged after  2  iterations.
[1] 3.892548e-06
Algorithm converged after  2  iterations.
[1] 6.590914e-06
Algorithm converged after  2  iterations.
[1] 1.170736e-06 6.075044e-07
Algorithm converged after  2  iterations.
[1] 3.892548e-06 6.335426e-07
Algorithm converged after  2  iterations.
[1] 6.590914e-06 2.886849e-07
Algorithm converged after  2  iterations.
[1] 1.170736e-06 3.892548e-06
Algorithm converged after  2  iterations.
[1] 1.170736e-06 6.590914e-06
Algorithm converged after  2  iterations.
[1] 3.892548e-06 6.590914e-06
Algorithm converged after  2  iterations.
[1] 1.170736e-06 6.075044e-07 3.892548e-06
Algorithm converged after  2  iterations.
[1] 1.170736e-06 6.075044e-07 6.590914e-06
Algorithm converged after  2  iterations.
[1] 1.170736e-06 3.892548e-06 6.335426e-07
Algorithm converged after  2  iterations.
[1] 1.170736e-06 6.590914e-06 2.886849e-07
Algorithm converged after  2  iterations.
[1] 3.892548e-06 6.335426e-07 6.590914e-06
Algorithm converged after  2  iterations.
[1] 3.892548e-06 6.590914e-06 2.886849e-07
Algorithm converged after  2  iterations.
[1] 1.170736e-06 3.892548e-06 6.590914e-06
Algorithm converged after  2  iterations.
[1] 1.170736e-06 6.075044e-07 3.892548e-06 6.335426e-07
Algorithm converged after  2  iterations.
[1] 1.170736e-06 6.075044e-07 6.590914e-06 2.886849e-07
Algorithm converged after  2  iterations.
[1] 3.892548e-06 6.335426e-07 6.590914e-06 2.886849e-07
Algorithm converged after  2  iterations.
[1] 1.170736e-06 6.075044e-07 3.892548e-06 6.590914e-06
Algorithm converged after  2  iterations.
[1] 1.170736e-06 3.892548e-06 6.335426e-07 6.590914e-06
Algorithm converged after  2  iterations.
[1] 1.170736e-06 3.892548e-06 6.590914e-06 2.886849e-07
Algorithm converged after  2  iterations.
[1] 5.443175e-05
Algorithm converged after  2  iterations.
[1] 5.443175e-05 9.286932e-07
Algorithm converged after  6  iterations.
[1] 5.443175e-05 2.879863e-07
Algorithm converged after  10  iterations.
[1] 5.443175e-05 4.227399e-05
[1] 1.543972e-04 9.329507e-05
Algorithm converged after  16  iterations.
[1] 5.443175e-05 9.286932e-07 1.075655e-07
Algorithm converged after  6  iterations.
[1] 5.443175e-05 2.879863e-07 1.220926e-07
Algorithm converged after  9  iterations.
[1] 5.443175e-05 4.227399e-05 1.999109e-07
[1] 2.131037e-04 1.168969e-04 4.620293e-07
Algorithm converged after  18  iterations.
[1] 5.443175e-05 9.286932e-07 2.879863e-07
Algorithm converged after  9  iterations.
[1] 5.443175e-05 9.286932e-07 4.227399e-05
[1] 1.750721e-04 1.970021e-06 1.055070e-04
Algorithm converged after  19  iterations.
[1] 5.443175e-05 2.879863e-07 4.227399e-05
[1] 1.595927e-04 4.240343e-07 9.713947e-05
Algorithm converged after  16  iterations.
[1] 5.443175e-05 9.286932e-07 1.075655e-07 2.879863e-07
Algorithm converged after  7  iterations.
[1] 5.443175e-05 9.286932e-07 1.075655e-07 4.227399e-05
[1] 1.971650e-04 1.918856e-06 1.569828e-07 1.123009e-04
Algorithm converged after  17  iterations.
[1] 5.443175e-05 9.286932e-07 2.879863e-07 1.220926e-07
Algorithm converged after  10  iterations.
[1] 5.443175e-05 9.286932e-07 4.227399e-05 1.999109e-07
[1] 2.378359e-04 2.116567e-06 1.291992e-04 5.037501e-07
Algorithm converged after  19  iterations.
[1] 5.443175e-05 2.879863e-07 1.220926e-07 4.227399e-05
[1] 1.534098e-04 4.213786e-07 1.223350e-07 9.401859e-05
[1] 1.594360e-04 4.461466e-07 1.217919e-07 9.782707e-05
Algorithm converged after  30  iterations.
[1] 5.443175e-05 2.879863e-07 4.227399e-05 1.999109e-07
[1] 2.212262e-04 4.119936e-07 1.218122e-04 4.782419e-07
Algorithm converged after  19  iterations.
[1] 5.443175e-05 9.286932e-07 2.879863e-07 4.227399e-05
[1] 1.814119e-04 2.056071e-06 4.781356e-07 1.102541e-04
Algorithm converged after  19  iterations.
[1] 5.443175e-05 3.772776e-05
Algorithm converged after  2  iterations.
[1] 5.443175e-05 3.772776e-05 1.697449e-07
Algorithm converged after  10  iterations.
[1] 5.443175e-05 3.772776e-05 1.957786e-07
Algorithm converged after  9  iterations.
[1] 5.443175e-05 3.772776e-05 3.295496e-07
Algorithm converged after  9  iterations.
[1] 5.443175e-05 3.772776e-05 1.697449e-07 3.338953e-08
[1] 6.384688e-05 8.677510e-07 2.186253e-06 2.288955e-07
Algorithm converged after  11  iterations.
[1] 5.443175e-05 3.772776e-05 1.957786e-07 1.047438e-07
[1] 5.008203e-06 1.322938e-06 3.545102e-06 2.924492e-07
[1] 4.664275e-06 1.349358e-06 3.515796e-06 3.110051e-07
[1] 4.666174e-06 1.349430e-06 3.515504e-06 3.110599e-07
Algorithm converged after  38  iterations.
[1] 5.443175e-05 3.772776e-05 3.295496e-07 1.288103e-07
Algorithm converged after  10  iterations.
[1] 5.443175e-05 3.772776e-05 1.697449e-07 1.957786e-07
[1] 9.020222e-05 5.292182e-05 4.070181e-07 7.706567e-07
[1] 9.045995e-05 5.298249e-05 4.077324e-07 7.718067e-07
Algorithm converged after  23  iterations.
[1] 5.443175e-05 3.772776e-05 1.697449e-07 3.295496e-07
[1] 3.788504e-05 1.831047e-06 2.477236e-06 9.799965e-05
[1] 5.406058e-05 2.207804e-06 4.666307e-06 1.331451e-04
[1] 5.412156e-05 2.209102e-06 4.674514e-06 1.332769e-04
Algorithm converged after  34  iterations.
[1] 5.443175e-05 3.772776e-05 1.957786e-07 3.295496e-07
[1] 8.355826e-05 6.202376e-05 2.568766e-07 4.819139e-07
Algorithm converged after  11  iterations.
numeric(0)
Algorithm converged after  1  iterations.
[1] 1.680094e-06
Algorithm converged after  2  iterations.
[1] 3.564747e-06
Algorithm converged after  2  iterations.
[1] 1.124417e-05
Algorithm converged after  2  iterations.
[1] 1.680094e-06 8.457140e-07
Algorithm converged after  2  iterations.
[1] 3.564747e-06 5.262145e-07
Algorithm converged after  2  iterations.
[1] 1.124417e-05 6.099703e-06
Algorithm converged after  2  iterations.
[1] 1.680094e-06 3.564747e-06
Algorithm converged after  2  iterations.
[1] 1.680094e-06 1.124417e-05
Algorithm converged after  2  iterations.
[1] 3.564747e-06 1.124417e-05
Algorithm converged after  2  iterations.
[1] 1.680094e-06 8.457140e-07 3.564747e-06
Algorithm converged after  2  iterations.
[1] 1.680094e-06 8.457140e-07 1.124417e-05
Algorithm converged after  2  iterations.
[1] 1.680094e-06 3.564747e-06 5.262145e-07
Algorithm converged after  2  iterations.
[1] 1.680094e-06 1.124417e-05 6.099703e-06
Algorithm converged after  2  iterations.
[1] 3.564747e-06 5.262145e-07 1.124417e-05
Algorithm converged after  2  iterations.
[1] 3.564747e-06 1.124417e-05 6.099703e-06
Algorithm converged after  2  iterations.
[1] 1.680094e-06 3.564747e-06 1.124417e-05
Algorithm converged after  2  iterations.
[1] 1.680094e-06 8.457140e-07 3.564747e-06 5.262145e-07
Algorithm converged after  2  iterations.
[1] 1.680094e-06 8.457140e-07 1.124417e-05 6.099703e-06
Algorithm converged after  2  iterations.
[1] 3.564747e-06 5.262145e-07 1.124417e-05 6.099703e-06
Algorithm converged after  2  iterations.
[1] 1.680094e-06 8.457140e-07 3.564747e-06 1.124417e-05
Algorithm converged after  2  iterations.
[1] 1.680094e-06 3.564747e-06 5.262145e-07 1.124417e-05
Algorithm converged after  2  iterations.
[1] 1.680094e-06 3.564747e-06 1.124417e-05 6.099703e-06
Algorithm converged after  2  iterations.
[1] 6.930212e-05
Algorithm converged after  2  iterations.
[1] 6.930212e-05 6.383348e-07
Algorithm converged after  6  iterations.
[1] 6.930212e-05 8.804613e-07
Algorithm converged after  7  iterations.
[1] 6.930212e-05 2.732271e-05
[1] 2.040501e-04 6.293971e-05
Algorithm converged after  17  iterations.
[1] 6.930212e-05 6.383348e-07 1.235062e-07
Algorithm converged after  6  iterations.
[1] 6.930212e-05 8.804613e-07 8.839050e-08
[1] 7.095183e-05 9.638815e-07 9.616783e-08
Algorithm converged after  14  iterations.
[1] 6.930212e-05 2.732271e-05 2.095716e-07
[1] 2.998626e-04 8.405627e-05 5.045372e-07
Algorithm converged after  20  iterations.
[1] 6.930212e-05 6.383348e-07 8.804613e-07
Algorithm converged after  8  iterations.
[1] 6.930212e-05 6.383348e-07 2.732271e-05
[1] 2.344841e-04 1.621144e-06 7.193524e-05
Algorithm converged after  20  iterations.
[1] 6.930212e-05 8.804613e-07 2.732271e-05
[1] 2.157448e-04 1.319181e-06 6.607680e-05
Algorithm converged after  16  iterations.
[1] 6.930212e-05 6.383348e-07 1.235062e-07 8.804613e-07
Algorithm converged after  7  iterations.
[1] 6.930212e-05 6.383348e-07 1.235062e-07 2.732271e-05
[1] 2.554643e-04 1.525326e-06 1.728199e-07 7.472475e-05
Algorithm converged after  17  iterations.
[1] 6.930212e-05 6.383348e-07 8.804613e-07 8.839050e-08
[1] 7.520235e-05 7.132229e-07 9.785554e-07 7.892606e-08
[1] 7.537663e-05 7.159062e-07 9.837563e-07 7.833938e-08
[1] 7.537421e-05 7.158585e-07 9.837526e-07 7.833896e-08
[1] 7.537401e-05 7.158548e-07 9.837511e-07 7.833908e-08
Algorithm converged after  41  iterations.
[1] 6.930212e-05 6.383348e-07 2.732271e-05 2.095716e-07
[1] 3.386087e-04 1.852664e-06 9.376910e-05 5.588577e-07
[1] 3.388862e-04 1.853904e-06 9.383451e-05 5.592408e-07
Algorithm converged after  21  iterations.
[1] 6.930212e-05 8.804613e-07 8.839050e-08 2.732271e-05
[1] 2.004221e-04 1.222997e-06 8.074105e-08 6.176538e-05
Algorithm converged after  17  iterations.
[1] 6.930212e-05 8.804613e-07 2.732271e-05 2.095716e-07
[1] 3.228572e-04 1.460576e-06 9.003448e-05 5.394190e-07
[1] 3.230615e-04 1.461003e-06 9.008277e-05 5.397013e-07
Algorithm converged after  21  iterations.
[1] 6.930212e-05 6.383348e-07 8.804613e-07 2.732271e-05
[1] 2.441459e-04 1.590884e-06 1.418826e-06 7.417556e-05
Algorithm converged after  18  iterations.
[1] 6.930212e-05 3.418183e-05
Algorithm converged after  2  iterations.
[1] 6.930212e-05 3.418183e-05 2.139749e-07
Algorithm converged after  10  iterations.
[1] 6.930212e-05 3.418183e-05 1.036845e-07
[1] 6.612634e-05 3.798715e-05 1.322465e-07
Algorithm converged after  12  iterations.
[1] 6.930212e-05 3.418183e-05 3.651428e-07
Algorithm converged after  10  iterations.
[1] 6.930212e-05 3.418183e-05 2.139749e-07 3.547270e-08
Algorithm converged after  10  iterations.
[1] 6.930212e-05 3.418183e-05 1.036845e-07 9.010933e-08
[1] 6.342841e-05 4.283329e-05 1.354597e-07 1.114471e-07
Algorithm converged after  11  iterations.
[1] 6.930212e-05 3.418183e-05 3.651428e-07 1.194286e-07
[1] 1.271512e-04 5.125038e-05 5.272207e-07 1.556754e-07
Algorithm converged after  11  iterations.
[1] 6.930212e-05 3.418183e-05 2.139749e-07 1.036845e-07
[1] 4.270807e-05 1.315720e-06 4.526934e-06 4.637603e-06
[1] 4.271987e-05 1.316018e-06 4.528118e-06 4.638157e-06
Algorithm converged after  22  iterations.
[1] 6.930212e-05 3.418183e-05 2.139749e-07 3.651428e-07
[1] 1.417309e-04 7.600388e-05 3.249152e-07 6.676366e-07
Algorithm converged after  15  iterations.
[1] 6.930212e-05 3.418183e-05 1.036845e-07 3.651428e-07
[1] 1.127010e-04 5.607759e-05 1.399902e-07 5.401586e-07
Algorithm converged after  11  iterations.
numeric(0)
Algorithm converged after  1  iterations.
[1] 1.741386e-06
Algorithm converged after  2  iterations.
[1] 3.447017e-06
Algorithm converged after  2  iterations.
[1] 1.055644e-05
Algorithm converged after  2  iterations.
[1] 1.741386e-06 6.927356e-07
Algorithm converged after  2  iterations.
[1] 3.447017e-06 6.356645e-07
Algorithm converged after  2  iterations.
[1] 1.055644e-05 6.384630e-06
Algorithm converged after  2  iterations.
[1] 1.741386e-06 3.447017e-06
Algorithm converged after  2  iterations.
[1] 1.741386e-06 1.055644e-05
Algorithm converged after  2  iterations.
[1] 3.447017e-06 1.055644e-05
Algorithm converged after  2  iterations.
[1] 1.741386e-06 6.927356e-07 3.447017e-06
Algorithm converged after  2  iterations.
[1] 1.741386e-06 6.927356e-07 1.055644e-05
Algorithm converged after  2  iterations.
[1] 1.741386e-06 3.447017e-06 6.356645e-07
Algorithm converged after  2  iterations.
[1] 1.741386e-06 1.055644e-05 6.384630e-06
Algorithm converged after  2  iterations.
[1] 3.447017e-06 6.356645e-07 1.055644e-05
Algorithm converged after  2  iterations.
[1] 3.447017e-06 1.055644e-05 6.384630e-06
Algorithm converged after  2  iterations.
[1] 1.741386e-06 3.447017e-06 1.055644e-05
Algorithm converged after  2  iterations.
[1] 1.741386e-06 6.927356e-07 3.447017e-06 6.356645e-07
Algorithm converged after  2  iterations.
[1] 1.741386e-06 6.927356e-07 1.055644e-05 6.384630e-06
Algorithm converged after  2  iterations.
[1] 3.447017e-06 6.356645e-07 1.055644e-05 6.384630e-06
Algorithm converged after  2  iterations.
[1] 1.741386e-06 6.927356e-07 3.447017e-06 1.055644e-05
Algorithm converged after  2  iterations.
[1] 1.741386e-06 3.447017e-06 6.356645e-07 1.055644e-05
Algorithm converged after  2  iterations.
[1] 1.741386e-06 3.447017e-06 1.055644e-05 6.384630e-06
Algorithm converged after  2  iterations.
[1] 6.612829e-05
Algorithm converged after  2  iterations.
[1] 6.612829e-05 8.741267e-07
Algorithm converged after  7  iterations.
[1] 6.612829e-05 5.550384e-07
Algorithm converged after  8  iterations.
[1] 6.612829e-05 3.837744e-05
[1] 2.018577e-04 9.515129e-05
Algorithm converged after  17  iterations.
[1] 6.612829e-05 8.741267e-07 1.576374e-07
Algorithm converged after  6  iterations.
[1] 6.612829e-05 5.550384e-07 9.315932e-08
Algorithm converged after  8  iterations.
[1] 6.612829e-05 3.837744e-05 1.470310e-07
[1] 2.786059e-04 1.227587e-04 3.251498e-07
Algorithm converged after  20  iterations.
[1] 6.612829e-05 8.741267e-07 5.550384e-07
Algorithm converged after  10  iterations.
[1] 6.612829e-05 8.741267e-07 3.837744e-05
[1] 2.230563e-04 1.638852e-06 1.056724e-04
Algorithm converged after  20  iterations.
[1] 6.612829e-05 5.550384e-07 3.837744e-05
[1] 2.045516e-04 6.687788e-07 9.677659e-05
Algorithm converged after  17  iterations.
[1] 6.612829e-05 8.741267e-07 1.576374e-07 5.550384e-07
Algorithm converged after  6  iterations.
[1] 6.612829e-05 8.741267e-07 1.576374e-07 3.837744e-05
[1] 2.450929e-04 1.570915e-06 1.986991e-07 1.118432e-04
Algorithm converged after  17  iterations.
[1] 6.612829e-05 8.741267e-07 5.550384e-07 9.315932e-08
[1] 6.967493e-05 9.762473e-07 6.544379e-07 7.955687e-08
[1] 7.063360e-05 1.032487e-06 7.164364e-07 4.932651e-08
Algorithm converged after  25  iterations.
[1] 6.612829e-05 8.741267e-07 3.837744e-05 1.470310e-07
[1] 3.090379e-04 1.754998e-06 1.357915e-04 3.611088e-07
[1] 3.093292e-04 1.755983e-06 1.359044e-04 3.614148e-07
Algorithm converged after  21  iterations.
[1] 6.612829e-05 5.550384e-07 9.315932e-08 3.837744e-05
[1] 1.989687e-04 6.696630e-07 8.613440e-08 9.441532e-05
Algorithm converged after  17  iterations.
[1] 6.612829e-05 5.550384e-07 3.837744e-05 1.470310e-07
[1] 2.867458e-04 6.598990e-07 1.267127e-04 3.364733e-07
[1] 2.869517e-04 6.600069e-07 1.267925e-04 3.366814e-07
Algorithm converged after  21  iterations.
[1] 6.612829e-05 8.741267e-07 5.550384e-07 3.837744e-05
[1] 2.248207e-04 1.617346e-06 7.121585e-07 1.067551e-04
Algorithm converged after  19  iterations.
[1] 6.612829e-05 4.017123e-05
Algorithm converged after  2  iterations.
[1] 6.612829e-05 4.017123e-05 2.434681e-07
Algorithm converged after  10  iterations.
[1] 6.612829e-05 4.017123e-05 1.140660e-07
Algorithm converged after  6  iterations.
[1] 6.612829e-05 4.017123e-05 2.248253e-07
Algorithm converged after  9  iterations.
[1] 6.612829e-05 4.017123e-05 2.434681e-07 3.649974e-08
[1] 7.539781e-05 5.437531e-05 3.664572e-07 3.711293e-08
Algorithm converged after  12  iterations.
[1] 6.612829e-05 4.017123e-05 1.140660e-07 7.395741e-08
[1] 6.484991e-05 4.843098e-05 1.325101e-07 8.515655e-08
Algorithm converged after  11  iterations.
[1] 6.612829e-05 4.017123e-05 2.248253e-07 9.994975e-08
[1] 1.047609e-04 5.348463e-05 2.938856e-07 1.252108e-07
Algorithm converged after  11  iterations.
[1] 6.612829e-05 4.017123e-05 2.434681e-07 1.140660e-07
[1] 6.815125e-05 1.636783e-06 4.442609e-06 3.110489e-06
Algorithm converged after  16  iterations.
[1] 6.612829e-05 4.017123e-05 2.434681e-07 2.248253e-07
[1] 1.152129e-04 7.899819e-05 3.225739e-07 3.659321e-07
Algorithm converged after  13  iterations.
[1] 6.612829e-05 4.017123e-05 1.140660e-07 2.248253e-07
[1] 9.584844e-05 5.894952e-05 1.352264e-07 3.019211e-07
Algorithm converged after  11  iterations.
numeric(0)
Algorithm converged after  1  iterations.
[1] 1.477407e-06
Algorithm converged after  2  iterations.
[1] 2.460278e-06
Algorithm converged after  2  iterations.
[1] 1.174713e-05
Algorithm converged after  2  iterations.
[1] 1.477407e-06 8.497650e-07
Algorithm converged after  2  iterations.
[1] 2.460278e-06 5.570041e-07
Algorithm converged after  2  iterations.
[1] 1.174713e-05 5.558740e-06
Algorithm converged after  2  iterations.
[1] 1.477407e-06 2.460278e-06
Algorithm converged after  2  iterations.
[1] 1.477407e-06 1.174713e-05
Algorithm converged after  2  iterations.
[1] 2.460278e-06 1.174713e-05
Algorithm converged after  2  iterations.
[1] 1.477407e-06 8.497650e-07 2.460278e-06
Algorithm converged after  2  iterations.
[1] 1.477407e-06 8.497650e-07 1.174713e-05
Algorithm converged after  2  iterations.
[1] 1.477407e-06 2.460278e-06 5.570041e-07
Algorithm converged after  2  iterations.
[1] 1.477407e-06 1.174713e-05 5.558740e-06
Algorithm converged after  2  iterations.
[1] 2.460278e-06 5.570041e-07 1.174713e-05
Algorithm converged after  2  iterations.
[1] 2.460278e-06 1.174713e-05 5.558740e-06
Algorithm converged after  2  iterations.
[1] 1.477407e-06 2.460278e-06 1.174713e-05
Algorithm converged after  2  iterations.
[1] 1.477407e-06 8.497650e-07 2.460278e-06 5.570041e-07
Algorithm converged after  2  iterations.
[1] 1.477407e-06 8.497650e-07 1.174713e-05 5.558740e-06
Algorithm converged after  2  iterations.
[1] 2.460278e-06 5.570041e-07 1.174713e-05 5.558740e-06
Algorithm converged after  2  iterations.
[1] 1.477407e-06 8.497650e-07 2.460278e-06 1.174713e-05
Algorithm converged after  2  iterations.
[1] 1.477407e-06 2.460278e-06 5.570041e-07 1.174713e-05
Algorithm converged after  2  iterations.
[1] 1.477407e-06 2.460278e-06 1.174713e-05 5.558740e-06
Algorithm converged after  2  iterations.
[1] 5.653615e-05
Algorithm converged after  2  iterations.
[1] 5.653615e-05 9.398920e-07
Algorithm converged after  7  iterations.
[1] 5.653615e-05 3.576382e-07
Algorithm converged after  9  iterations.
[1] 5.653615e-05 3.132050e-05
[1] 2.014297e-04 9.175201e-05
Algorithm converged after  20  iterations.
[1] 5.653615e-05 9.398920e-07 1.612413e-07
Algorithm converged after  6  iterations.
[1] 5.653615e-05 3.576382e-07 9.120444e-08
[1] 4.976090e-05 4.037327e-07 8.558663e-08
[1] 5.415483e-05 4.803751e-07 7.223169e-08
[1] 5.424101e-05 4.805692e-07 7.221888e-08
[1] 5.424235e-05 4.805710e-07 7.221884e-08
Algorithm converged after  42  iterations.
[1] 5.653615e-05 3.132050e-05 2.382704e-07
[1] 3.009789e-04 1.265894e-04 6.125986e-07
[1] 3.015230e-04 1.267950e-04 6.134287e-07
Algorithm converged after  23  iterations.
[1] 5.653615e-05 9.398920e-07 3.576382e-07
Algorithm converged after  10  iterations.
[1] 5.653615e-05 9.398920e-07 3.132050e-05
[1] 2.195592e-04 1.475191e-06 1.018787e-04
[1] 2.197894e-04 1.476257e-06 1.019851e-04
Algorithm converged after  22  iterations.
[1] 5.653615e-05 3.576382e-07 3.132050e-05
[1] 2.043270e-04 4.409296e-07 9.390311e-05
Algorithm converged after  20  iterations.
[1] 5.653615e-05 9.398920e-07 1.612413e-07 3.576382e-07
Algorithm converged after  6  iterations.
[1] 5.653615e-05 9.398920e-07 1.612413e-07 3.132050e-05
[1] 2.233241e-04 1.303735e-06 1.841114e-07 9.968660e-05
Algorithm converged after  19  iterations.
[1] 5.653615e-05 9.398920e-07 3.576382e-07 9.120444e-08
[1] 5.343482e-05 1.026212e-06 4.321283e-07 8.742945e-08
[1] 5.332414e-05 1.027650e-06 4.335280e-07 8.721190e-08
[1] 5.325854e-05 1.027662e-06 4.336998e-07 8.717813e-08
[1] 5.322941e-05 1.027593e-06 4.337125e-07 8.717508e-08
[1] 5.321741e-05 1.027554e-06 4.337085e-07 8.717556e-08
[1] 5.321258e-05 1.027536e-06 4.337054e-07 8.717601e-08
[1] 5.321064e-05 1.027529e-06 4.337040e-07 8.717624e-08
[1] 5.320987e-05 1.027526e-06 4.337034e-07 8.717634e-08
[1] 5.320956e-05 1.027525e-06 4.337031e-07 8.717637e-08
[1] 5.320944e-05 1.027524e-06 4.337030e-07 8.717639e-08
[1] 5.320939e-05 1.027524e-06 4.337030e-07 8.717640e-08
Algorithm converged after  114  iterations.
[1] 5.653615e-05 9.398920e-07 3.132050e-05 2.382704e-07
[1] 3.215702e-04 1.405758e-06 1.359898e-04 6.538518e-07
[1] 3.223349e-04 1.406931e-06 1.362832e-04 6.551176e-07
Algorithm converged after  24  iterations.
[1] 5.653615e-05 3.576382e-07 9.120444e-08 3.132050e-05
[1] 1.856340e-04 4.145334e-07 8.157983e-08 8.604158e-05
Algorithm converged after  20  iterations.
[1] 5.653615e-05 3.576382e-07 3.132050e-05 2.382704e-07
[1] 3.107982e-04 4.156679e-07 1.313301e-04 6.370700e-07
[1] 3.115420e-04 4.158762e-07 1.316144e-04 6.382814e-07
Algorithm converged after  24  iterations.
[1] 5.653615e-05 9.398920e-07 3.576382e-07 3.132050e-05
[1] 2.204435e-04 1.450560e-06 4.628516e-07 1.031132e-04
[1] 2.206444e-04 1.451349e-06 4.630775e-07 1.032064e-04
Algorithm converged after  22  iterations.
[1] 5.653615e-05 3.194801e-05
Algorithm converged after  2  iterations.
[1] 5.653615e-05 3.194801e-05 2.313125e-07
[1] 6.417722e-05 4.812199e-05 2.802032e-07
Algorithm converged after  13  iterations.
[1] 5.653615e-05 3.194801e-05 1.194612e-07
[1] 6.181464e-05 4.673946e-05 2.149449e-07
[1] 6.182045e-05 4.647298e-05 2.172332e-07
[1] 6.181353e-05 4.641820e-05 2.173850e-07
[1] 5.206477e-05 2.349295e-06 3.056668e-06
Algorithm converged after  42  iterations.
[1] 5.653615e-05 3.194801e-05 3.855765e-07
Algorithm converged after  10  iterations.
[1] 5.653615e-05 3.194801e-05 2.313125e-07 5.101686e-08
[1] 6.292131e-05 2.248384e-05 5.963980e-07 1.844818e-07
Algorithm converged after  17  iterations.
[1] 5.653615e-05 3.194801e-05 1.194612e-07 3.465468e-08
[1] 5.551173e-05 1.301046e-06 2.918305e-06 1.471136e-07
Algorithm converged after  13  iterations.
[1] 5.653615e-05 3.194801e-05 3.855765e-07 1.219652e-07
[1] 1.042793e-04 4.695665e-05 5.337962e-07 1.497299e-07
Algorithm converged after  11  iterations.
[1] 5.653615e-05 3.194801e-05 2.313125e-07 1.194612e-07
[1] 6.375626e-05 3.612868e-06 2.986716e-06 3.575134e-06
Algorithm converged after  14  iterations.
[1] 5.653615e-05 3.194801e-05 2.313125e-07 3.855765e-07
[1] 1.050284e-04 7.112524e-05 3.167984e-07 6.423604e-07
Algorithm converged after  14  iterations.
[1] 5.653615e-05 3.194801e-05 1.194612e-07 3.855765e-07
[1] 9.083476e-05 6.455911e-05 1.463291e-07 5.781268e-07
Algorithm converged after  20  iterations.
Warning messages:
1: In max(abs(CT), na.rm = T) :
  no non-missing arguments to max; returning -Inf
2: In max(abs(CT), na.rm = T) :
  no non-missing arguments to max; returning -Inf
3: In max(abs(CT), na.rm = T) :
  no non-missing arguments to max; returning -Inf
4: In max(abs(CT), na.rm = T) :
  no non-missing arguments to max; returning -Inf
5: In max(abs(CT), na.rm = T) :
  no non-missing arguments to max; returning -Inf
6: In max(abs(CT), na.rm = T) :
  no non-missing arguments to max; returning -Inf
7: In max(abs(CT), na.rm = T) :
  no non-missing arguments to max; returning -Inf
8: In max(abs(CT), na.rm = T) :
  no non-missing arguments to max; returning -Inf
9: In max(abs(CT), na.rm = T) :
  no non-missing arguments to max; returning -Inf
10: In max(abs(CT), na.rm = T) :
  no non-missing arguments to max; returning -Inf
[1] "Best iter parameter is:"
   gam  rankJ rankA1 rankA2 rankA3 
   1.5    1.0    1.0    0.0    1.0 
[1] 6.690357e-05 9.702585e-07 3.204029e-05
[1] 2.344461e-04 1.961596e-06 8.947637e-05
Algorithm converged after  20  iterations.
         [,1]     [,2]     [,3]
[1,] 6.740686 11.49611 39.25987
