myseed=6270 
Loading required package: Matrix
myseed=1602 
myseed=2391 
Loading required package: Matrix
Loading required package: Matrix
Loading required package: foreach
Loading required package: foreach
Loading required package: foreach
Loading required package: foreach
Loading required package: foreach
Loaded glmnet 2.0-18

Loading required package: foreach
Loading required package: foreach

Attaching package: ‘pls’

Loading required package: foreach
Loading required package: foreach
The following object is masked from ‘package:stats’:

    loadings

Loaded glmnet 2.0-18

Loaded glmnet 2.0-18

Loading required package: foreach
Loaded glmnet 2.0-18


Attaching package: ‘pls’


Attaching package: ‘pls’

The following object is masked from ‘package:stats’:

    loadings

The following object is masked from ‘package:stats’:

    loadings

Loading required package: foreach

Attaching package: ‘pls’

The following object is masked from ‘package:stats’:

    loadings

Loaded glmnet 2.0-18

Loading required package: foreach

Attaching package: ‘pls’

Loading required package: foreach
Loading required package: foreach
Loaded glmnet 2.0-18

Loading required package: foreach
The following object is masked from ‘package:stats’:

    loadings

Loaded glmnet 2.0-18

Loading required package: foreach
Loaded glmnet 2.0-18

Loaded glmnet 2.0-18

Loaded glmnet 2.0-18

Loading required package: foreach

Attaching package: ‘pls’

The following object is masked from ‘package:stats’:

    loadings


Attaching package: ‘pls’

Loaded glmnet 2.0-18

The following object is masked from ‘package:stats’:

    loadings

Loading required package: foreach

Attaching package: ‘pls’


Attaching package: ‘pls’


Attaching package: ‘pls’

Loading required package: foreach
The following object is masked from ‘package:stats’:

    loadings

The following object is masked from ‘package:stats’:

    loadings

The following object is masked from ‘package:stats’:

    loadings


Attaching package: ‘pls’

Loading required package: foreach
The following object is masked from ‘package:stats’:

    loadings

Loaded glmnet 2.0-18

Loading required package: foreach
Loaded glmnet 2.0-18

Loaded glmnet 2.0-18

Loaded glmnet 2.0-18


Attaching package: ‘pls’

Loaded glmnet 2.0-18

The following object is masked from ‘package:stats’:

    loadings


Attaching package: ‘pls’


Attaching package: ‘pls’

The following object is masked from ‘package:stats’:

    loadings

The following object is masked from ‘package:stats’:

    loadings

Loaded glmnet 2.0-18


Attaching package: ‘pls’


Attaching package: ‘pls’

The following object is masked from ‘package:stats’:

    loadings

The following object is masked from ‘package:stats’:

    loadings

Loaded glmnet 2.0-18

Loaded glmnet 2.0-18


Attaching package: ‘pls’

The following object is masked from ‘package:stats’:

    loadings

Loaded glmnet 2.0-18

Loading required package: foreach

Attaching package: ‘pls’

The following object is masked from ‘package:stats’:

    loadings


Attaching package: ‘pls’

The following object is masked from ‘package:stats’:

    loadings


Attaching package: ‘pls’

The following object is masked from ‘package:stats’:

    loadings

Loaded glmnet 2.0-18


Attaching package: ‘pls’

The following object is masked from ‘package:stats’:

    loadings

[1] 0.002945104
[1] 0.002539692
Loaded glmnet 2.0-18


Attaching package: ‘pls’

The following object is masked from ‘package:stats’:

    loadings

[1] 0.002314378
[1] 0.00273382
[1] 0.00282076
[1] 0.001828363
[1] 0.002312538
[1] 0.002865203
Loading required package: foreach
Loading required package: foreach
[1] 0.00265999
[1] 0.002386439
[1] 0.003713191
[1] 0.002501125
[1] 0.003207329
[1] 0.003278372
Loaded glmnet 2.0-18

Loaded glmnet 2.0-18

[1][1] 0.005077388
Attaching package: ‘pls’


Attaching package: ‘pls’

 0.002110266[1]
The following object is masked from ‘package:stats’:

    loadings

The following object is masked from ‘package:stats’:

    loadings


 0.002578755[1][1][1][1][1]
 0.002919521 0.003226056[1] 0.003218598 0.002040466[1] 0.002600411[1]

 0.002655155[1]

[1] 0.002582174
[1] 0.001480441
 0.003150196[1]
 0.002706279[1]
 0.002946165
[1] 0.002931101
 0.002343995[1]

[1][1] 0.001888942 0.003491693
 0.002647124
[1][1] 0.003958826[1]

[1] 0.002640885 0.002782413
 0.002416793[1][1] 0.00305946

[1]
 0.003404113 0.00322016
[1] 0.002373712

 0.003223267

[1] 0.002297378
[1] 0.003174384
[1][1] 0.004105821
 0.002433553
[1] 0.002365103
[1] 0.002716121
