myseed=1394 

Attaching package: ‘pls’

The following object is masked from ‘package:stats’:

    loadings

Loading required package: lattice
Loading required package: ggplot2
Registered S3 methods overwritten by 'ggplot2':
  method         from 
  [.quosures     rlang
  c.quosures     rlang
  print.quosures rlang

Attaching package: ‘caret’

The following object is masked from ‘package:pls’:

    R2

Loading required package: Matrix
Loading required package: foreach
Loaded glmnet 2.0-18

Parsed with column specification:
cols(
  .default = col_double()
)
See spec(...) for full column specifications.
Parsed with column specification:
cols(
  X1 = col_double()
)
Parsed with column specification:
cols(
  X1 = col_double()
)
numeric(0)
Algorithm converged after  1  iterations.
[1] 0.00148225
Algorithm converged after  2  iterations.
[1] 0.001532535
Algorithm converged after  2  iterations.
[1] 0.003011668
Algorithm converged after  2  iterations.
[1] 0.0014822501 0.0004187019
Algorithm converged after  2  iterations.
[1] 0.0015325353 0.0007021492
Algorithm converged after  2  iterations.
[1] 0.0030116684 0.0005109594
Algorithm converged after  2  iterations.
[1] 0.001482250 0.001532535
Algorithm converged after  2  iterations.
[1] 0.001482250 0.003011668
Algorithm converged after  2  iterations.
[1] 0.001532535 0.003011668
Algorithm converged after  2  iterations.
[1] 0.0014822501 0.0004187019 0.0015325353
Algorithm converged after  2  iterations.
[1] 0.0014822501 0.0004187019 0.0030116684
Algorithm converged after  2  iterations.
[1] 0.0014822501 0.0015325353 0.0007021492
Algorithm converged after  2  iterations.
[1] 0.0014822501 0.0030116684 0.0005109594
Algorithm converged after  2  iterations.
[1] 0.0015325353 0.0007021492 0.0030116684
Algorithm converged after  2  iterations.
[1] 0.0015325353 0.0030116684 0.0005109594
Algorithm converged after  2  iterations.
[1] 0.001482250 0.001532535 0.003011668
Algorithm converged after  2  iterations.
[1] 0.0014822501 0.0004187019 0.0015325353 0.0007021492
Algorithm converged after  2  iterations.
[1] 0.0014822501 0.0004187019 0.0030116684 0.0005109594
Algorithm converged after  2  iterations.
[1] 0.0015325353 0.0007021492 0.0030116684 0.0005109594
Algorithm converged after  2  iterations.
[1] 0.0014822501 0.0004187019 0.0015325353 0.0030116684
Algorithm converged after  2  iterations.
[1] 0.0014822501 0.0015325353 0.0007021492 0.0030116684
Algorithm converged after  2  iterations.
[1] 0.0014822501 0.0015325353 0.0030116684 0.0005109594
Algorithm converged after  2  iterations.
[1] 0.006632486
Algorithm converged after  2  iterations.
[1] 0.0066324856 0.0009271721
[1] 0.009605870 0.001327129
Algorithm converged after  11  iterations.
[1] 0.0066324856 0.0008192873
[1] 0.007524293 0.001051192
[1] 0.008797383 0.001059429
[1] 0.007562041 0.001048835
[1] 0.008278348 0.001072883
[1] 0.007620539 0.001075024
Algorithm converged after  56  iterations.
[1] 0.0066324856 0.0007087477
[1] 0.011007602 0.005209345
[1] 0.011062127 0.005268406
[1] 0.011063028 0.005269384
Algorithm converged after  33  iterations.
[1] 0.0066324856 0.0009271721 0.0002891977
[1] 0.0073773458 0.0010143871 0.0003607392
Algorithm converged after  13  iterations.
[1] 0.0066324856 0.0008192873 0.0001586509
[1] 0.0074731517 0.0008709672 0.0001975758
[1] 0.0069338569 0.0009505692 0.0001930837
[1] 0.0068524005 0.0009483798 0.0001941679
[1] 0.0067909139 0.0009451297 0.0001947531
Algorithm converged after  43  iterations.
[1] 0.0066324856 0.0007087477 0.0004751502
[1] 0.010578122 0.002081641 0.000522777
[1] 0.010735742 0.002151804 0.000526590
[1] 0.0107424144 0.0021548262 0.0005267537
[1] 0.0107426983 0.0021549549 0.0005267607
Algorithm converged after  41  iterations.
[1] 0.0066324856 0.0009271721 0.0008192873
[1] 0.012096029 0.001748428 0.001524308
Algorithm converged after  12  iterations.
[1] 0.0066324856 0.0009271721 0.0007087477
[1] 0.013043169 0.001090998 0.004612452
[1] 0.013252845 0.001091931 0.004871622
[1] 0.013268613 0.001092013 0.004891075
[1] 0.013269813 0.001092020 0.004892556
Algorithm converged after  49  iterations.
[1] 0.0066324856 0.0008192873 0.0007087477
[1] 0.0123137242 0.0008809092 0.0042043372
[1] 0.0125689926 0.0008812589 0.0044396918
[1] 0.0125986606 0.0008812995 0.0044679252
[1] 0.0126022764 0.0008813046 0.0044713691
[1] 0.0126027184 0.0008813052 0.0044717901
Algorithm converged after  57  iterations.
[1] 0.0066324856 0.0009271721 0.0002891977 0.0008192873
[1] 0.0106687939 0.0014460862 0.0005205488 0.0011808870
Algorithm converged after  17  iterations.
[1] 0.0066324856 0.0009271721 0.0002891977 0.0007087477
[1] 0.0104457158 0.0009268483 0.0002747821 0.0040956258
[1] 0.0104951473 0.0009268624 0.0002745763 0.0041446864
[1] 0.0104960674 0.0009268626 0.0002745725 0.0041456025
Algorithm converged after  33  iterations.
[1] 0.0066324856 0.0009271721 0.0008192873 0.0001586509
[1] 0.0152202139 0.0018397808 0.0014791139 0.0007064123
Algorithm converged after  19  iterations.
[1] 0.0066324856 0.0009271721 0.0007087477 0.0004751502
[1] 0.0136049330 0.0012741676 0.0016086659 0.0007125177
[1] 0.0136050559 0.0012741442 0.0016090090 0.0007124965
Algorithm converged after  21  iterations.
[1] 0.0066324856 0.0008192873 0.0001586509 0.0007087477
[1] 0.0113479172 0.0008003077 0.0001361925 0.0048552565
[1] 0.0114822111 0.0008004376 0.0001359646 0.0049977424
[1] 0.0114879072 0.0008004438 0.0001359553 0.0050038226
[1] 0.0114881517 0.0008004440 0.0001359549 0.0050040836
Algorithm converged after  41  iterations.
[1] 0.0066324856 0.0008192873 0.0007087477 0.0004751502
[1] 0.0067315497 0.0008614722 0.0006775230 0.0002236970
[1] 0.0062839937 0.0010441087 0.0006302027 0.0001829536
[1] 1.066078e-02 9.941505e-04 1.504371e-05 3.240761e-05
[1] 0.0072230556 0.0000352282 0.0011086877 0.0006675066
[1] 0.0067728251 0.0008695952 0.0014479934 0.0006705694
[1] 1.006181e-02 5.095185e-05 1.856756e-03 6.725331e-04
[1] 0.0089940054 0.0009091899 0.0017381516 0.0006655402
[1] 0.0094768906 0.0008394554 0.0020980013 0.0006538157
[1] 0.0111484170 0.0001705344 0.0022917486 0.0006595561
[1] 0.0073743734 0.0009199239 0.0013081752 0.0006783886
[1] 0.0097419957 0.0009068407 0.0019157236 0.0006730181
[1] 0.0162476905 0.0009643159 0.0027965960 0.0007470753
[1] 0.0137946689 0.0009580221 0.0023261338 0.0007150840
[1] 0.0135172274 0.0009580912 0.0022030056 0.0007164505
[1] 0.0135069747 0.0009579126 0.0022017096 0.0007163299
Algorithm converged after  158  iterations.
[1] 0.0066324856 0.0009271721 0.0008192873 0.0007087477
[1] 0.022256698 0.003131960 0.003109575 0.009318655
[1] 0.026481672 0.003646947 0.003657568 0.012152116
[1] 0.027406133 0.003762206 0.003780228 0.012781039
[1] 0.027620874 0.003789065 0.003808805 0.012927761
[1] 0.027671369 0.003795385 0.003815529 0.012962295
[1] 0.027683276 0.003796876 0.003817115 0.012970440
[1] 0.027686086 0.003797228 0.003817489 0.012972362
[1] 0.027686749 0.003797311 0.003817578 0.012972816
Algorithm converged after  85  iterations.
[1] 0.006632486 0.001232975
Algorithm converged after  2  iterations.
[1] 0.0066324856 0.0012329745 0.0006015731
[1] 0.007882151 0.001227112 0.001156422
[1] 0.007893672 0.001227462 0.001157330
Algorithm converged after  27  iterations.
[1] 0.0066324856 0.0012329745 0.0007064538
[1] 0.003811696 0.001481552 0.001485385
[1] 0.003881146 0.001478288 0.001473976
[1] 0.003885943 0.001478265 0.001473262
[1] 0.003886161 0.001478269 0.001473229
Algorithm converged after  41  iterations.
[1] 0.0066324856 0.0012329745 0.0004601764
[1] 0.008662789 0.001400837 0.002145825
[1] 0.008546932 0.001398079 0.002061929
[1] 0.008539584 0.001397835 0.002056829
[1] 0.008539149 0.001397820 0.002056527
Algorithm converged after  45  iterations.
[1] 0.0066324856 0.0012329745 0.0006015731 0.0001736784
Algorithm converged after  10  iterations.
[1] 0.0066324856 0.0012329745 0.0007064538 0.0001378792
[1] 0.0058209915 0.0013145009 0.0008146881 0.0001714662
Algorithm converged after  13  iterations.
[1] 0.0066324856 0.0012329745 0.0004601764 0.0001905247
[1] 0.0039390549 0.0019303024 0.0020096909 0.0004863541
[1] 0.0038586119 0.0020004452 0.0021818458 0.0005153075
[1] 0.003862592 0.002003973 0.002187269 0.000515915
[1] 0.0038637035 0.0020039811 0.0021868364 0.0005158021
[1] 0.0038638350 0.0020039603 0.0021867427 0.0005157827
Algorithm converged after  53  iterations.
[1] 0.0066324856 0.0012329745 0.0006015731 0.0007064538
[1] 0.008022414 0.001210695 0.001548036 0.001707016
[1] 0.008295699 0.001200581 0.001538203 0.001732173
[1] 0.008291942 0.001199463 0.001532176 0.001723562
[1] 0.008291031 0.001199330 0.001531519 0.001722520
[1] 0.008290951 0.001199318 0.001531464 0.001722432
Algorithm converged after  52  iterations.
[1] 0.0066324856 0.0012329745 0.0006015731 0.0004601764
[1] 0.0080151024 0.0013131340 0.0012295839 0.0003021645
[1] 0.0075707438 0.0011885955 0.0012284641 0.0003909958
[1] 0.0069398953 0.0013457331 0.0014141133 0.0005913756
[1] 0.0079624399 0.0013066402 0.0014584380 0.0004461753
[1] 0.0081854689 0.0012569990 0.0015010090 0.0002769261
[1] 0.013382417 0.001274653 0.001501356 0.009279975
[1] 0.017848384 0.001821996 0.001529567 0.018568459
[1] 0.017799589 0.001815839 0.001529947 0.018507173
Algorithm converged after  84  iterations.
[1] 0.0066324856 0.0012329745 0.0007064538 0.0004601764
[1] 0.0022655805 0.0001237252 0.0028011609 0.0056704413
[1] 0.004121397 0.001689427 0.001526102 0.005986601
[1] 0.004004429 0.001682742 0.001513294 0.005857854
[1] 0.004001501 0.001682693 0.001513090 0.005855053
Algorithm converged after  47  iterations.
numeric(0)
Algorithm converged after  1  iterations.
[1] 0.001719575
Algorithm converged after  2  iterations.
[1] 0.001475021
Algorithm converged after  2  iterations.
[1] 0.003086822
Algorithm converged after  2  iterations.
[1] 0.001719575 0.000481513
Algorithm converged after  2  iterations.
[1] 0.0014750214 0.0006273732
Algorithm converged after  2  iterations.
[1] 0.0030868216 0.0006154458
Algorithm converged after  2  iterations.
[1] 0.001719575 0.001475021
Algorithm converged after  2  iterations.
[1] 0.001719575 0.003086822
Algorithm converged after  2  iterations.
[1] 0.001475021 0.003086822
Algorithm converged after  2  iterations.
[1] 0.001719575 0.000481513 0.001475021
Algorithm converged after  2  iterations.
[1] 0.001719575 0.000481513 0.003086822
Algorithm converged after  2  iterations.
[1] 0.0017195754 0.0014750214 0.0006273732
Algorithm converged after  2  iterations.
[1] 0.0017195754 0.0030868216 0.0006154458
Algorithm converged after  2  iterations.
[1] 0.0014750214 0.0006273732 0.0030868216
Algorithm converged after  2  iterations.
[1] 0.0014750214 0.0030868216 0.0006154458
Algorithm converged after  2  iterations.
[1] 0.001719575 0.001475021 0.003086822
Algorithm converged after  2  iterations.
[1] 0.0017195754 0.0004815130 0.0014750214 0.0006273732
Algorithm converged after  2  iterations.
[1] 0.0017195754 0.0004815130 0.0030868216 0.0006154458
Algorithm converged after  2  iterations.
[1] 0.0014750214 0.0006273732 0.0030868216 0.0006154458
Algorithm converged after  2  iterations.
[1] 0.001719575 0.000481513 0.001475021 0.003086822
Algorithm converged after  2  iterations.
[1] 0.0017195754 0.0014750214 0.0006273732 0.0030868216
Algorithm converged after  2  iterations.
[1] 0.0017195754 0.0014750214 0.0030868216 0.0006154458
Algorithm converged after  2  iterations.
[1] 0.006395655
Algorithm converged after  2  iterations.
[1] 0.0063956547 0.0008095797
[1] 0.008549629 0.001137507
Algorithm converged after  13  iterations.
[1] 0.006395655 0.001030254
Algorithm converged after  9  iterations.
[1] 0.0063956547 0.0008900794
[1] 0.009901936 0.005108253
[1] 0.009927552 0.005139332
Algorithm converged after  29  iterations.
[1] 0.0063956547 0.0008095797 0.0002573396
[1] 0.0063733343 0.0008630241 0.0003131670
Algorithm converged after  12  iterations.
[1] 0.0063956547 0.0010302540 0.0006451867
[1] 0.0087796511 0.0013363608 0.0006765167
Algorithm converged after  15  iterations.
[1] 0.0063956547 0.0008900794 0.0005080181
[1] 0.0093910368 0.0020319100 0.0005132294
[1] 0.0095025541 0.0020792334 0.0005143856
[1] 0.0095071657 0.0020812151 0.0005144344
Algorithm converged after  40  iterations.
[1] 0.0063956547 0.0008095797 0.0010302540
[1] 0.012338849 0.001620474 0.002605291
Algorithm converged after  13  iterations.
[1] 0.0063956547 0.0008095797 0.0008900794
[1] 0.0117695412 0.0009640269 0.0057589567
[1] 0.0122681418 0.0009749874 0.0064455085
[1] 0.0123571963 0.0009770872 0.0065681299
[1] 0.0123736022 0.0009774785 0.0065907338
[1] 0.0123766421 0.0009775512 0.0065949227
[1] 0.0123772060 0.0009775647 0.0065956997
[1] 0.0123773106 0.0009775672 0.0065958439
Algorithm converged after  71  iterations.
[1] 0.0063956547 0.0010302540 0.0008900794
[1] 0.009470071 0.001068209 0.001937862
Algorithm converged after  20  iterations.
[1] 0.0063956547 0.0008095797 0.0002573396 0.0010302540
[1] 0.0102641195 0.0012727940 0.0004655653 0.0020412728
[1] 0.0102720747 0.0012735144 0.0004657363 0.0020425397
Algorithm converged after  22  iterations.
[1] 0.0063956547 0.0008095797 0.0002573396 0.0008900794
[1] 0.0089293213 0.0008121256 0.0002507379 0.0038745530
[1] 0.0089627607 0.0008120971 0.0002506321 0.0039086927
[1] 0.0089632944 0.0008120967 0.0002506304 0.0039092390
Algorithm converged after  32  iterations.
[1] 0.0063956547 0.0008095797 0.0010302540 0.0006451867
[1] 0.0143474111 0.0015737938 0.0023153106 0.0006861227
[1] 0.0143439416 0.0015735494 0.0023151880 0.0006861154
Algorithm converged after  21  iterations.
[1] 0.0063956547 0.0008095797 0.0008900794 0.0005080181
[1] 0.0159847340 0.0013158857 0.0014478729 0.0006099748
[1] 0.0161454311 0.0013221918 0.0014694986 0.0006175818
[1] 0.0161478254 0.0013222858 0.0014698292 0.0006177039
Algorithm converged after  33  iterations.
[1] 0.0063956547 0.0010302540 0.0006451867 0.0008900794
[1] 0.011611228 0.000949557 0.000215322 0.005058341
[1] 0.0117510162 0.0009482498 0.0002131677 0.0052292311
[1] 0.0117574297 0.0009481934 0.0002130728 0.0052370848
[1] 0.0117577258 0.0009481908 0.0002130684 0.0052374473
Algorithm converged after  42  iterations.
[1] 0.0063956547 0.0010302540 0.0008900794 0.0005080181
[1] 0.0084372650 0.0012970577 0.0009835411 0.0007351747
[1] 0.0084285369 0.0012964415 0.0009832273 0.0007350279
Algorithm converged after  24  iterations.
[1] 0.0063956547 0.0008095797 0.0010302540 0.0008900794
[1] 0.021676053 0.003144169 0.004973754 0.008016653
[1] 0.036385862 0.004927624 0.007431021 0.018659225
[1] 0.043724170 0.005878016 0.008685930 0.023822256
[1] 0.047445558 0.006368835 0.009323605 0.026476024
[1] 0.049379405 0.006625950 0.009655244 0.027863305
[1] 0.050396358 0.006761688 0.009829709 0.028594938
[1] 0.050934370 0.006833642 0.009922026 0.028982570
[1] 0.051219891 0.006871867 0.009971023 0.029188441
[1] 0.051371664 0.006892197 0.009997070 0.029297919
[1] 0.051452412 0.006903016 0.010010927 0.029356177
[1] 0.051495391 0.006908776 0.010018304 0.029387189
[1] 0.051518274 0.006911843 0.010022231 0.029403701
[1] 0.051530458 0.006913476 0.010024322 0.029412493
[1] 0.051536946 0.006914345 0.010025435 0.029417175
[1] 0.051540401 0.006914808 0.010026028 0.029419669
[1] 0.051542241 0.006915055 0.010026344 0.029420996
[1] 0.051543221 0.006915186 0.010026512 0.029421704
[1] 0.051543743 0.006915256 0.010026602 0.029422080
Algorithm converged after  181  iterations.
[1] 0.006395655 0.001228523
Algorithm converged after  2  iterations.
[1] 0.0063956547 0.0012285225 0.0006195115
[1] 0.006542173 0.001317743 0.001263208
[1] 0.006538842 0.001317704 0.001263511
Algorithm converged after  23  iterations.
[1] 0.0063956547 0.0012285225 0.0007545459
[1] 0.006526392 0.001181155 0.001230251
Algorithm converged after  18  iterations.
[1] 0.0063956547 0.0012285225 0.0004132298
[1] 0.009508580 0.001193526 0.004163045
[1] 0.009685242 0.001187330 0.004346747
[1] 0.009689123 0.001187197 0.004350764
Algorithm converged after  37  iterations.
[1] 0.0063956547 0.0012285225 0.0006195115 0.0001680879
[1] 0.0058842448 0.0012098590 0.0007283705 0.0001996299
Algorithm converged after  13  iterations.
[1] 0.0063956547 0.0012285225 0.0007545459 0.0001961697
[1] 0.0060261441 0.0013061722 0.0009072012 0.0002840650
Algorithm converged after  13  iterations.
[1] 0.0063956547 0.0012285225 0.0004132298 0.0001711583
[1] 0.0035951840 0.0015824462 0.0013135675 0.0002879491
[1] 0.0035795563 0.0016022317 0.0013339052 0.0002862803
[1] 0.0035814536 0.0016023213 0.0013328621 0.0002860097
[1] 0.0035815971 0.0016022826 0.0013327498 0.0002859934
Algorithm converged after  43  iterations.
[1] 0.0063956547 0.0012285225 0.0006195115 0.0007545459
[1] 0.009434146 0.001127783 0.001689205 0.002533952
[1] 0.009582236 0.001128259 0.001728210 0.002719446
[1] 0.009579001 0.001128489 0.001727078 0.002721082
Algorithm converged after  40  iterations.
[1] 0.0063956547 0.0012285225 0.0006195115 0.0004132298
[1] 0.009791283 0.001299462 0.001317215 0.005073497
[1] 0.010879536 0.001276163 0.001275757 0.006845659
[1] 0.010916051 0.001275715 0.001273816 0.006897653
[1] 0.010916653 0.001275708 0.001273784 0.006898502
Algorithm converged after  42  iterations.
[1] 0.0063956547 0.0012285225 0.0007545459 0.0004132298
[1] 0.006217177 0.001256157 0.001298495 0.003090074
[1] 0.006334256 0.001265330 0.001284795 0.003316464
[1] 0.006382240 0.001270843 0.001278381 0.003421725
[1] 0.006406071 0.001273522 0.001275219 0.003474005
[1] 0.006417948 0.001274842 0.001273650 0.003500041
[1] 0.006423868 0.001275495 0.001272870 0.003513012
[1] 0.006426818 0.001275820 0.001272481 0.003519472
[1] 0.006428288 0.001275981 0.001272288 0.003522690
[1] 0.006429020 0.001276062 0.001272191 0.003524293
[1] 0.006429384 0.001276102 0.001272143 0.003525091
[1] 0.006429566 0.001276122 0.001272120 0.003525489
[1] 0.006429656 0.001276132 0.001272108 0.003525687
[1] 0.006429701 0.001276137 0.001272102 0.003525786
[1] 0.006429724 0.001276139 0.001272099 0.003525835
Algorithm converged after  141  iterations.
numeric(0)
Algorithm converged after  1  iterations.
[1] 0.0012355
Algorithm converged after  2  iterations.
[1] 0.001789906
Algorithm converged after  2  iterations.
[1] 0.002656397
Algorithm converged after  2  iterations.
[1] 0.0012355004 0.0004662768
Algorithm converged after  2  iterations.
[1] 0.0017899064 0.0006895165
Algorithm converged after  2  iterations.
[1] 0.0026563967 0.0005237487
Algorithm converged after  2  iterations.
[1] 0.001235500 0.001789906
Algorithm converged after  2  iterations.
[1] 0.001235500 0.002656397
Algorithm converged after  2  iterations.
[1] 0.001789906 0.002656397
Algorithm converged after  2  iterations.
[1] 0.0012355004 0.0004662768 0.0017899064
Algorithm converged after  2  iterations.
[1] 0.0012355004 0.0004662768 0.0026563967
Algorithm converged after  2  iterations.
[1] 0.0012355004 0.0017899064 0.0006895165
Algorithm converged after  2  iterations.
[1] 0.0012355004 0.0026563967 0.0005237487
Algorithm converged after  2  iterations.
[1] 0.0017899064 0.0006895165 0.0026563967
Algorithm converged after  2  iterations.
[1] 0.0017899064 0.0026563967 0.0005237487
Algorithm converged after  2  iterations.
[1] 0.001235500 0.001789906 0.002656397
Algorithm converged after  2  iterations.
[1] 0.0012355004 0.0004662768 0.0017899064 0.0006895165
Algorithm converged after  2  iterations.
[1] 0.0012355004 0.0004662768 0.0026563967 0.0005237487
Algorithm converged after  2  iterations.
[1] 0.0017899064 0.0006895165 0.0026563967 0.0005237487
Algorithm converged after  2  iterations.
[1] 0.0012355004 0.0004662768 0.0017899064 0.0026563967
Algorithm converged after  2  iterations.
[1] 0.0012355004 0.0017899064 0.0006895165 0.0026563967
Algorithm converged after  2  iterations.
[1] 0.0012355004 0.0017899064 0.0026563967 0.0005237487
Algorithm converged after  2  iterations.
[1] 0.006204746
Algorithm converged after  2  iterations.
[1] 0.0062047461 0.0006682485
[1] 0.0086947943 0.0008784125
Algorithm converged after  14  iterations.
[1] 0.0062047461 0.0009984779
Algorithm converged after  9  iterations.
[1] 0.0062047461 0.0006671016
[1] 0.009850072 0.005208557
[1] 0.009882854 0.005248007
Algorithm converged after  30  iterations.
[1] 0.0062047461 0.0006682485 0.0001837121
[1] 0.0065460553 0.0007069507 0.0002400753
Algorithm converged after  12  iterations.
[1] 0.0062047461 0.0009984779 0.0006413674
[1] 0.0079583155 0.0012264465 0.0006573335
Algorithm converged after  12  iterations.
[1] 0.0062047461 0.0006671016 0.0004355204
[1] 0.0104828108 0.0023465740 0.0004900462
[1] 0.0106057252 0.0024108572 0.0004929829
[1] 0.0106089025 0.0024125445 0.0004930597
Algorithm converged after  37  iterations.
[1] 0.0062047461 0.0006682485 0.0009984779
[1] 0.012577591 0.001207470 0.002484246
Algorithm converged after  13  iterations.
[1] 0.0062047461 0.0006682485 0.0006671016
[1] 0.0133358443 0.0009056559 0.0082638740
[1] 0.0144990432 0.0009564395 0.0101172192
[1] 0.0147528230 0.0009684103 0.0105301600
[1] 0.0148067465 0.0009709966 0.0106184080
[1] 0.0148181347 0.0009715447 0.0106370693
[1] 0.0148205367 0.0009716604 0.0106410064
[1] 0.0148210432 0.0009716848 0.0106418366
Algorithm converged after  80  iterations.
[1] 0.0062047461 0.0009984779 0.0006671016
[1] 0.009004951 0.001040895 0.001586365
Algorithm converged after  20  iterations.
[1] 0.0062047461 0.0006682485 0.0001837121 0.0009984779
[1] 0.0104652984 0.0009780168 0.0004133614 0.0019928132
[1] 0.0104756705 0.0009787699 0.0004136541 0.0019943760
Algorithm converged after  23  iterations.
[1] 0.0062047461 0.0006682485 0.0001837121 0.0006671016
[1] 0.0101884679 0.0007177890 0.0002195563 0.0052630600
[1] 0.0103304502 0.0007199611 0.0002208866 0.0054297920
[1] 0.0103366391 0.0007200570 0.0002209458 0.0054370989
[1] 0.0103369115 0.0007200612 0.0002209484 0.0054374207
Algorithm converged after  41  iterations.
[1] 0.0062047461 0.0006682485 0.0009984779 0.0006413674
[1] 0.0144500950 0.0012285128 0.0021775999 0.0006784537
[1] 0.014437453 0.001227485 0.002176396 0.000678390
Algorithm converged after  22  iterations.
[1] 0.0062047461 0.0006682485 0.0006671016 0.0004355204
[1] 0.0115309072 0.0009448278 0.0008364527 0.0003058355
[1] 0.0113788624 0.0009323666 0.0008762981 0.0003220468
[1] 0.0112884027 0.0009295214 0.0008600245 0.0003187357
[1] 0.0113236627 0.0009308801 0.0008638185 0.0003191404
[1] 0.0113156041 0.0009305452 0.0008631851 0.0003191279
[1] 0.0113169062 0.0009306031 0.0008632504 0.0003191172
[1] 0.0113167805 0.0009305967 0.0008632524 0.0003191211
Algorithm converged after  73  iterations.
[1] 0.0062047461 0.0009984779 0.0006413674 0.0006671016
[1] 0.0093841588 0.0009301026 0.0001951376 0.0036535819
[1] 0.0094348775 0.0009289829 0.0001944327 0.0037073556
[1] 0.0094364993 0.0009289474 0.0001944105 0.0037090780
Algorithm converged after  37  iterations.
[1] 0.0062047461 0.0009984779 0.0006671016 0.0004355204
[1] 0.0082888782 0.0013680270 0.0009194806 0.0002369777
[1] 0.0081909335 0.0013765301 0.0009251818 0.0002364976
[1] 0.0081260555 0.0014250457 0.0008922239 0.0002236001
[1] 0.0079724797 0.0014817659 0.0008602799 0.0002121763
Algorithm converged after  50  iterations.
[1] 0.0062047461 0.0006682485 0.0009984779 0.0006671016
[1] 0.015612405 0.001027739 0.001666434 0.001533223
[1] 0.015525920 0.001023985 0.001658534 0.001528161
Algorithm converged after  28  iterations.
[1] 0.006204746 0.001206597
Algorithm converged after  2  iterations.
[1] 0.0062047461 0.0012065973 0.0005699607
[1] 0.005881865 0.001410238 0.001240060
[1] 0.005869815 0.001409121 0.001240551
Algorithm converged after  26  iterations.
[1] 0.0062047461 0.0012065973 0.0007367223
[1] 0.005586754 0.001204550 0.001502911
[1] 0.005591211 0.001203720 0.001500298
Algorithm converged after  22  iterations.
[1] 0.0062047461 0.0012065973 0.0003539827
[1] 0.008427252 0.001197448 0.002933597
[1] 0.008800689 0.001182831 0.003339558
[1] 0.008837396 0.001181402 0.003379356
[1] 0.008840683 0.001181274 0.003382918
[1] 0.008840975 0.001181263 0.003383234
Algorithm converged after  55  iterations.
[1] 0.0062047461 0.0012065973 0.0005699607 0.0001449749
[1] 0.0058067985 0.0013003761 0.0007055490 0.0002048245
Algorithm converged after  15  iterations.
[1] 0.0062047461 0.0012065973 0.0007367223 0.0001820550
[1] 0.0056943374 0.0013459939 0.0009291574 0.0003029508
Algorithm converged after  16  iterations.
[1] 0.0062047461 0.0012065973 0.0003539827 0.0001372905
[1] 0.0049324321 0.0014522785 0.0006871361 0.0002162113
[1] 0.0049215819 0.0014584754 0.0006935331 0.0002168118
[1] 0.0049213980 0.0014585856 0.0006936465 0.0002168228
Algorithm converged after  32  iterations.
[1] 0.0062047461 0.0012065973 0.0005699607 0.0007367223
[1] 0.007210953 0.001319385 0.001329537 0.001753961
[1] 0.007372227 0.001317026 0.001334509 0.001819581
[1] 0.007397726 0.001316440 0.001334368 0.001829342
[1] 0.007401808 0.001316341 0.001334332 0.001830892
[1] 0.007402462 0.001316325 0.001334327 0.001831141
[1] 0.007402567 0.001316322 0.001334326 0.001831181
Algorithm converged after  61  iterations.
[1] 0.0062047461 0.0012065973 0.0005699607 0.0003539827
[1] 0.007971220 0.001437854 0.001292208 0.003007892
[1] 0.009892077 0.001257579 0.001279018 0.005922091
[1] 0.011175963 0.001157828 0.001247174 0.007624166
[1] 0.011304869 0.001148361 0.001243206 0.007763987
[1] 0.011308794 0.001148072 0.001243103 0.007768119
Algorithm converged after  57  iterations.
[1] 0.0062047461 0.0012065973 0.0007367223 0.0003539827
[1] 0.003997589 0.001190932 0.001764582 0.002947635
[1] 0.003869117 0.001060786 0.001805800 0.002084969
[1] 0.003577361 0.001017056 0.001867460 0.001922238
[1] 0.003621850 0.001026609 0.001855191 0.001960019
[1] 0.003616053 0.001025093 0.001856951 0.001952251
[1] 0.003616388 0.001025269 0.001856798 0.001953484
[1] 0.003616468 0.001025262 0.001856790 0.001953340
[1] 0.003616431 0.001025259 0.001856798 0.001953346
Algorithm converged after  82  iterations.
numeric(0)
Algorithm converged after  1  iterations.
[1] 0.001833781
Algorithm converged after  2  iterations.
[1] 0.001857588
Algorithm converged after  2  iterations.
[1] 0.00280224
Algorithm converged after  2  iterations.
[1] 0.0018337810 0.0005428295
Algorithm converged after  2  iterations.
[1] 0.0018575876 0.0006848715
Algorithm converged after  2  iterations.
[1] 0.0028022399 0.0005792579
Algorithm converged after  2  iterations.
[1] 0.001833781 0.001857588
Algorithm converged after  2  iterations.
[1] 0.001833781 0.002802240
Algorithm converged after  2  iterations.
[1] 0.001857588 0.002802240
Algorithm converged after  2  iterations.
[1] 0.0018337810 0.0005428295 0.0018575876
Algorithm converged after  2  iterations.
[1] 0.0018337810 0.0005428295 0.0028022399
Algorithm converged after  2  iterations.
[1] 0.0018337810 0.0018575876 0.0006848715
Algorithm converged after  2  iterations.
[1] 0.0018337810 0.0028022399 0.0005792579
Algorithm converged after  2  iterations.
[1] 0.0018575876 0.0006848715 0.0028022399
Algorithm converged after  2  iterations.
[1] 0.0018575876 0.0028022399 0.0005792579
Algorithm converged after  2  iterations.
[1] 0.001833781 0.001857588 0.002802240
Algorithm converged after  2  iterations.
[1] 0.0018337810 0.0005428295 0.0018575876 0.0006848715
Algorithm converged after  2  iterations.
[1] 0.0018337810 0.0005428295 0.0028022399 0.0005792579
Algorithm converged after  2  iterations.
[1] 0.0018575876 0.0006848715 0.0028022399 0.0005792579
Algorithm converged after  2  iterations.
[1] 0.0018337810 0.0005428295 0.0018575876 0.0028022399
Algorithm converged after  2  iterations.
[1] 0.0018337810 0.0018575876 0.0006848715 0.0028022399
Algorithm converged after  2  iterations.
[1] 0.0018337810 0.0018575876 0.0028022399 0.0005792579
Algorithm converged after  2  iterations.
[1] 0.007369202
Algorithm converged after  2  iterations.
[1] 0.0073692021 0.0009095038
[1] 0.009614166 0.001175260
Algorithm converged after  17  iterations.
[1] 0.0073692021 0.0009063562
Algorithm converged after  9  iterations.
[1] 0.0073692021 0.0009440964
[1] 0.013582760 0.006343999
[1] 0.013708523 0.006470049
[1] 0.013711710 0.006473255
Algorithm converged after  36  iterations.
[1] 0.0073692021 0.0009095038 0.0002681075
[1] 0.0072427907 0.0009456043 0.0003129567
Algorithm converged after  11  iterations.
[1] 0.0073692021 0.0009063562 0.0002173773
[1] 0.0092974243 0.0011320912 0.0006880814
Algorithm converged after  15  iterations.
[1] 0.0073692021 0.0009440964 0.0004620545
[1] 0.015853169 0.004366185 0.000612374
[1] 0.0160561902 0.0044922350 0.0006182075
[1] 0.016061786 0.004495755 0.000618370
Algorithm converged after  38  iterations.
[1] 0.0073692021 0.0009095038 0.0009063562
[1] 0.013573227 0.001565156 0.002419653
Algorithm converged after  15  iterations.
[1] 0.0073692021 0.0009095038 0.0009440964
[1] 0.018865243 0.001275639 0.011309926
[1] 0.021496718 0.001369053 0.014533415
[1] 0.022276550 0.001399382 0.015508748
[1] 0.022500365 0.001408316 0.015790420
[1] 0.022563845 0.001410869 0.015870456
[1] 0.022581786 0.001411592 0.015893088
[1] 0.022586851 0.001411796 0.015899478
[1] 0.022588281 0.001411853 0.015901282
[1] 0.02258868 0.00141187 0.01590179
Algorithm converged after  96  iterations.
[1] 0.0073692021 0.0009063562 0.0009440964
[1] 1.389353e-02 8.197186e-05 3.508929e-03
[1] 1.451297e-02 1.384326e-05 4.820198e-03
[1] 0.015000972 0.000927244 0.005283267
[1] 0.0143324528 0.0009671853 0.0039668674
[1] 0.0141267169 0.0009703079 0.0037929438
[1] 0.0141010709 0.0009707116 0.0037713813
[1] 0.0140979258 0.0009707615 0.0037687352
[1] 0.0147372311 0.0009411731 0.0046978379
[1] 0.0145223918 0.0009594944 0.0041590970
[1] 0.0144376089 0.0009606569 0.0040869706
[1] 0.0144267628 0.0009608072 0.0040777776
[1] 0.0144253830 0.0009608264 0.0040766081
[1] 0.0144252075 0.0009608289 0.0040764593
Algorithm converged after  132  iterations.
[1] 0.0073692021 0.0009095038 0.0002681075 0.0009063562
[1] 0.0099757586 0.0011944987 0.0004193369 0.0017782698
Algorithm converged after  19  iterations.
[1] 0.0073692021 0.0009095038 0.0002681075 0.0009440964
[1] 0.0132120184 0.0009974732 0.0002931976 0.0059267791
[1] 0.0134990476 0.0010011948 0.0002939288 0.0062026255
[1] 0.0135176346 0.0010014398 0.0002939786 0.0062206351
[1] 0.0135188542 0.0010014559 0.0002939819 0.0062218174
Algorithm converged after  47  iterations.
[1] 0.0073692021 0.0009095038 0.0009063562 0.0002173773
[1] 0.0162458650 0.0015748355 0.0020421999 0.0007226216
[1] 0.0163170264 0.0015800404 0.0020520481 0.0007228779
Algorithm converged after  27  iterations.
[1] 0.0073692021 0.0009095038 0.0009440964 0.0004620545
[1] 0.023684015 0.001550561 0.003762486 0.001051776
[1] 0.023787503 0.001554633 0.003770313 0.001057565
[1] 0.023787198 0.001554625 0.003770040 0.001057555
Algorithm converged after  31  iterations.
[1] 0.0073692021 0.0009063562 0.0002173773 0.0009440964
[1] 1.387194e-02 8.008364e-06 1.162473e-04 5.267534e-03
[1] 0.0135744411 0.0008706194 0.0001598425 0.0055222008
[1] 0.0135687840 0.0008706680 0.0001598707 0.0055169786
[1] 0.0135683625 0.0008706716 0.0001598728 0.0055165892
Algorithm converged after  44  iterations.
[1] 0.0073692021 0.0009063562 0.0009440964 0.0004620545
[1] 0.0136134846 0.0012293929 0.0015007895 0.0007739634
[1] 0.0136811589 0.0012294034 0.0015151381 0.0007751641
Algorithm converged after  25  iterations.
[1] 0.0073692021 0.0009095038 0.0009063562 0.0009440964
[1] 0.014655380 0.001259062 0.001327838 0.001392509
[1] 0.014657242 0.001259188 0.001328217 0.001392035
Algorithm converged after  22  iterations.
[1] 0.007369202 0.001364566
Algorithm converged after  2  iterations.
[1] 0.0073692021 0.0013645664 0.0006938378
[1] 0.007265561 0.001550803 0.001391699
[1] 0.007262270 0.001551249 0.001392177
Algorithm converged after  24  iterations.
[1] 0.0073692021 0.0013645664 0.0008126101
[1] 0.006886271 0.001282187 0.001465923
[1] 0.006886362 0.001281729 0.001461823
Algorithm converged after  23  iterations.
[1] 0.0073692021 0.0013645664 0.0003669898
[1] 0.008691110 0.001575273 0.001805449
[1] 0.009253462 0.001558730 0.001586294
[1] 0.009203547 0.001555441 0.001560437
[1] 0.009201156 0.001555258 0.001559249
Algorithm converged after  50  iterations.
[1] 0.0073692021 0.0013645664 0.0006938378 0.0002089227
[1] 0.0067552239 0.0012061194 0.0008132733 0.0002425985
Algorithm converged after  11  iterations.
[1] 0.0073692021 0.0013645664 0.0008126101 0.0001681828
[1] 0.0068719225 0.0016133621 0.0010064924 0.0002491551
Algorithm converged after  19  iterations.
[1] 0.0073692021 0.0013645664 0.0003669898 0.0001449238
[1] 0.0053387441 0.0017975126 0.0009491169 0.0002798263
[1] 0.0052791711 0.0018189661 0.0009832656 0.0002849330
[1] 0.0052764209 0.0018199894 0.0009848691 0.0002851623
[1] 0.0052762953 0.0018200362 0.0009849422 0.0002851726
Algorithm converged after  42  iterations.
[1] 0.0073692021 0.0013645664 0.0006938378 0.0008126101
[1] 0.008962719 0.001298995 0.001604763 0.001790510
[1] 0.009282871 0.001288239 0.001617689 0.001959230
[1] 0.009402616 0.001283533 0.001620302 0.002026142
[1] 0.009451019 0.001281563 0.001621233 0.002053431
[1] 0.009470734 0.001280750 0.001621592 0.002064600
[1] 0.009478795 0.001280416 0.001621735 0.002069176
[1] 0.009482096 0.001280279 0.001621793 0.002071052
[1] 0.009483448 0.001280222 0.001621817 0.002071821
[1] 0.009484003 0.001280199 0.001621827 0.002072136
[1] 0.009484230 0.001280190 0.001621831 0.002072265
[1] 0.009484323 0.001280186 0.001621832 0.002072318
Algorithm converged after  117  iterations.
[1] 0.0073692021 0.0013645664 0.0006938378 0.0003669898
[1] 0.009286106 0.001958469 0.001311628 0.001522236
[1] 0.0062695875 0.0014410132 0.0014633815 0.0003944937
[1] 0.002929471 0.001721855 0.001611059 0.002385959
[1] 0.005015722 0.002184305 0.001421678 0.001069220
[1] 0.0041396712 0.0025145557 0.0014634527 0.0005910175
[1] 0.0051811130 0.0014623640 0.0015775698 0.0006412031
[1] 0.0069914931 0.0021881619 0.0013632102 0.0007298548
[1] 0.003670376 0.001327137 0.001712721 0.001218413
[1] 0.005877080 0.001971481 0.001428531 0.001384677
[1] 0.0061869445 0.0016937567 0.0015631558 0.0005042415
[1] 0.0057951140 0.0016177162 0.0016055493 0.0006276297
[1] 0.0045707368 0.0013671238 0.0016944856 0.0007565033
[1] 0.0062817312 0.0021330420 0.0014242359 0.0009733563
[1] 0.008989007 0.001878435 0.001727249 0.001568720
[1] 0.011029119 0.001654573 0.001721244 0.003072839
[1] 0.015041583 0.001433083 0.001982566 0.006932156
[1] 0.017924356 0.001329270 0.002084230 0.009447887
[1] 0.018095408 0.001324559 0.002090239 0.009573546
[1] 0.018100669 0.001324399 0.002090440 0.009577320
Algorithm converged after  196  iterations.
[1] 0.0073692021 0.0013645664 0.0008126101 0.0003669898
[1] 0.005805510 0.001813109 0.002256390 0.005927188
[1] 0.006024171 0.001806989 0.002274584 0.006065883
[1] 0.006029488 0.001806968 0.002274990 0.006072779
[1] 0.006029718 0.001806967 0.002275008 0.006073078
Algorithm converged after  41  iterations.
numeric(0)
Algorithm converged after  1  iterations.
[1] 0.001800738
Algorithm converged after  2  iterations.
[1] 0.001471994
Algorithm converged after  2  iterations.
[1] 0.00337209
Algorithm converged after  2  iterations.
[1] 0.0018007381 0.0005629567
Algorithm converged after  2  iterations.
[1] 0.0014719942 0.0007122532
Algorithm converged after  2  iterations.
[1] 0.0033720896 0.0005162057
Algorithm converged after  2  iterations.
[1] 0.001800738 0.001471994
Algorithm converged after  2  iterations.
[1] 0.001800738 0.003372090
Algorithm converged after  2  iterations.
[1] 0.001471994 0.003372090
Algorithm converged after  2  iterations.
[1] 0.0018007381 0.0005629567 0.0014719942
Algorithm converged after  2  iterations.
[1] 0.0018007381 0.0005629567 0.0033720896
Algorithm converged after  2  iterations.
[1] 0.0018007381 0.0014719942 0.0007122532
Algorithm converged after  2  iterations.
[1] 0.0018007381 0.0033720896 0.0005162057
Algorithm converged after  2  iterations.
[1] 0.0014719942 0.0007122532 0.0033720896
Algorithm converged after  2  iterations.
[1] 0.0014719942 0.0033720896 0.0005162057
Algorithm converged after  2  iterations.
[1] 0.001800738 0.001471994 0.003372090
Algorithm converged after  2  iterations.
[1] 0.0018007381 0.0005629567 0.0014719942 0.0007122532
Algorithm converged after  2  iterations.
[1] 0.0018007381 0.0005629567 0.0033720896 0.0005162057
Algorithm converged after  2  iterations.
[1] 0.0014719942 0.0007122532 0.0033720896 0.0005162057
Algorithm converged after  2  iterations.
[1] 0.0018007381 0.0005629567 0.0014719942 0.0033720896
Algorithm converged after  2  iterations.
[1] 0.0018007381 0.0014719942 0.0007122532 0.0033720896
Algorithm converged after  2  iterations.
[1] 0.0018007381 0.0014719942 0.0033720896 0.0005162057
Algorithm converged after  2  iterations.
[1] 0.007784461
Algorithm converged after  2  iterations.
[1] 0.0077844609 0.0009243427
[1] 0.009978220 0.001145777
Algorithm converged after  17  iterations.
[1] 0.0077844609 0.0009712546
Algorithm converged after  9  iterations.
[1] 0.0077844609 0.0005894675
[1] 0.01128132 0.00328709
[1] 0.011291854 0.003295606
Algorithm converged after  25  iterations.
[1] 0.0077844609 0.0009243427 0.0002831569
Algorithm converged after  10  iterations.
[1] 0.0077844609 0.0009712546 0.0002052159
[1] 0.0114646742 0.0012250865 0.0005949758
[1] 0.0114655100 0.0012251550 0.0005953103
Algorithm converged after  24  iterations.
[1] 0.0077844609 0.0005894675 0.0004113909
[1] 0.0114550771 0.0015525519 0.0004261806
[1] 0.011552699 0.001582858 0.000427121
[1] 0.0115557055 0.0015838013 0.0004271503
Algorithm converged after  37  iterations.
[1] 0.0077844609 0.0009243427 0.0009712546
[1] 0.015518750 0.001605208 0.002251878
Algorithm converged after  14  iterations.
[1] 0.0077844609 0.0009243427 0.0005894675
[1] 0.013836651 0.001103499 0.004431920
[1] 0.014130264 0.001111654 0.004729920
[1] 0.014160068 0.001112499 0.004760435
[1] 0.014163196 0.001112588 0.004763640
[1] 0.014163526 0.001112598 0.004763978
Algorithm converged after  55  iterations.
[1] 0.0077844609 0.0009712546 0.0005894675
[1] 0.014819375 0.001293005 0.001460053
[1] 0.014840216 0.001292959 0.001471055
[1] 0.014840784 0.001292957 0.001471356
Algorithm converged after  34  iterations.
[1] 0.0077844609 0.0009243427 0.0002831569 0.0009712546
[1] 0.0127822496 0.0012745467 0.0004554505 0.0017152218
Algorithm converged after  20  iterations.
[1] 0.0077844609 0.0009243427 0.0002831569 0.0005894675
[1] 0.0111086224 0.0009544462 0.0002857140 0.0029624678
[1] 0.0111319018 0.0009546523 0.0002856894 0.0029791216
Algorithm converged after  29  iterations.
[1] 0.0077844609 0.0009243427 0.0009712546 0.0002052159
[1] 0.0199449569 0.0016886099 0.0022961743 0.0008040019
[1] 0.0199342147 0.0016885258 0.0022974701 0.0008038049
Algorithm converged after  24  iterations.
[1] 0.0077844609 0.0009243427 0.0005894675 0.0004113909
[1] 0.0191420780 0.0013558494 0.0014520139 0.0006402804
[1] 0.0192479829 0.0013590888 0.0014548809 0.0006427145
[1] 0.0192475346 0.0013590772 0.0014546969 0.0006426848
Algorithm converged after  32  iterations.
[1] 0.0077844609 0.0009712546 0.0002052159 0.0005894675
[1] 0.0138270531 0.0010398529 0.0002082897 0.0037457995
[1] 0.0138718959 0.0010400118 0.0002079663 0.0037868821
[1] 0.0138725078 0.0010400140 0.0002079619 0.0037874436
Algorithm converged after  32  iterations.
[1] 0.0077844609 0.0009712546 0.0005894675 0.0004113909
[1] 0.0102153419 0.0013769956 0.0005216708 0.0001508354
[1] 0.0101424865 0.0013762349 0.0005209092 0.0001507479
Algorithm converged after  30  iterations.
[1] 0.0077844609 0.0009243427 0.0009712546 0.0005894675
[1] 0.025901165 0.003064152 0.004257982 0.009204987
[1] 0.031402123 0.003708493 0.005093832 0.012387902
[1] 0.032281023 0.003818496 0.005235041 0.012841611
[1] 0.032424720 0.003836594 0.005258204 0.012915913
[1] 0.032448459 0.003839587 0.005262032 0.012928192
[1] 0.032452387 0.003840082 0.005262666 0.012930225
[1] 0.032453037 0.003840164 0.005262771 0.012930561
Algorithm converged after  72  iterations.
[1] 0.007784461 0.001198566
Algorithm converged after  2  iterations.
[1] 0.0077844609 0.0011985655 0.0007338806
[1] 0.006914329 0.001418539 0.001581944
[1] 0.006903170 0.001419267 0.001583330
Algorithm converged after  26  iterations.
[1] 0.0077844609 0.0011985655 0.0008581819
[1] 0.008174446 0.001272066 0.001734406
Algorithm converged after  19  iterations.
[1] 0.0077844609 0.0011985655 0.0004213626
[1] 0.010967897 0.001344716 0.003143261
[1] 0.011322048 0.001339137 0.003432456
[1] 0.011365493 0.001338372 0.003468045
[1] 0.011370519 0.001338282 0.003472162
[1] 0.011371096 0.001338272 0.003472634
Algorithm converged after  58  iterations.
[1] 0.0077844609 0.0011985655 0.0007338806 0.0002140564
[1] 0.0070095381 0.0011696974 0.0008772656 0.0002533037
Algorithm converged after  14  iterations.
[1] 0.0077844609 0.0011985655 0.0008581819 0.0001643372
[1] 0.0082950757 0.0014875713 0.0010660342 0.0002601233
Algorithm converged after  16  iterations.
[1] 0.0077844609 0.0011985655 0.0004213626 0.0001363618
[1] 0.0058930125 0.0018769066 0.0012226314 0.0002874537
[1] 0.0058467045 0.0019062690 0.0012722772 0.0002935484
[1] 0.0058444849 0.0019078818 0.0012749920 0.0002938808
[1] 0.0058443751 0.0019079665 0.0012751331 0.0002938982
Algorithm converged after  44  iterations.
[1] 0.0077844609 0.0011985655 0.0007338806 0.0008581819
[1] 0.011415997 0.001397603 0.001737133 0.002756785
[1] 0.011576810 0.001433477 0.001798716 0.002902621
[1] 0.011576091 0.001433726 0.001798696 0.002902734
Algorithm converged after  32  iterations.
[1] 0.0077844609 0.0011985655 0.0007338806 0.0004213626
[1] 0.008786803 0.001685739 0.001422880 0.001604077
[1] 0.0058221964 0.0013426640 0.0016051308 0.0007254156
[1] 0.0068990228 0.0018988616 0.0013923360 0.0008900238
[1] 0.0025954202 0.0007141767 0.0019955149 0.0020519847
[1] 0.002265422 0.000544591 0.002086650 0.006107479
[1] 0.002929514 0.001569488 0.001619931 0.003865235
[1] 0.0002633483 0.0003649793 0.0018388237 0.0036687362
[1] 0.0024849570 0.0009568556 0.0015123574 0.0035121616
[1] 0.0024489482 0.0008119144 0.0015040560 0.0032185019
[1] 0.0024784029 0.0007831268 0.0014968269 0.0029838187
[1] 0.0025162302 0.0007874584 0.0014886302 0.0028559047
[1] 0.0025420597 0.0007969961 0.0014825451 0.0027993667
[1] 0.0025550297 0.0008039993 0.0014791499 0.0027798427
[1] 0.0025600100 0.0008076664 0.0014776671 0.0027757638
[1] 0.0025613241 0.0008091585 0.0014771722 0.0027764178
[1] 0.0025613803 0.0008096013 0.0014770769 0.0027777076
[1] 0.0025611693 0.0008096547 0.0014770990 0.0027785814
[1] 0.0025609948 0.0008096102 0.0014771346 0.0027790091
[1] 0.0025609004 0.0008095654 0.0014771579 0.0027791715
[1] 0.0025608610 0.0008095393 0.0014771690 0.0027792146
[1] 0.0025608488 0.0008095277 0.0014771732 0.0027792166
[1] 0.0025608469 0.0008095238 0.0014771742 0.0027792098
Algorithm converged after  230  iterations.
[1] 0.0077844609 0.0011985655 0.0008581819 0.0004213626
[1] 0.006923872 0.001552884 0.001844855 0.004437707
[1] 0.007083152 0.001382720 0.001772638 0.003584161
[1] 0.006537306 0.001338053 0.001801691 0.003038002
[1] 0.006383644 0.001330732 0.001815993 0.002964824
[1] 0.006387959 0.001332004 0.001815325 0.002973828
[1] 0.006390205 0.001332013 0.001815092 0.002974233
[1] 0.006389903 0.001331988 0.001815128 0.002974026
Algorithm converged after  73  iterations.
numeric(0)
Algorithm converged after  1  iterations.
[1] 0.001979093
Algorithm converged after  2  iterations.
[1] 0.001541479
Algorithm converged after  2  iterations.
[1] 0.002527796
Algorithm converged after  2  iterations.
[1] 0.0019790925 0.0006187092
Algorithm converged after  2  iterations.
[1] 0.0015414795 0.0006292992
Algorithm converged after  2  iterations.
[1] 0.0025277960 0.0005262739
Algorithm converged after  2  iterations.
[1] 0.001979093 0.001541479
Algorithm converged after  2  iterations.
[1] 0.001979093 0.002527796
Algorithm converged after  2  iterations.
[1] 0.001541479 0.002527796
Algorithm converged after  2  iterations.
[1] 0.0019790925 0.0006187092 0.0015414795
Algorithm converged after  2  iterations.
[1] 0.0019790925 0.0006187092 0.0025277960
Algorithm converged after  2  iterations.
[1] 0.0019790925 0.0015414795 0.0006292992
Algorithm converged after  2  iterations.
[1] 0.0019790925 0.0025277960 0.0005262739
Algorithm converged after  2  iterations.
[1] 0.0015414795 0.0006292992 0.0025277960
Algorithm converged after  2  iterations.
[1] 0.0015414795 0.0025277960 0.0005262739
Algorithm converged after  2  iterations.
[1] 0.001979093 0.001541479 0.002527796
Algorithm converged after  2  iterations.
[1] 0.0019790925 0.0006187092 0.0015414795 0.0006292992
Algorithm converged after  2  iterations.
[1] 0.0019790925 0.0006187092 0.0025277960 0.0005262739
Algorithm converged after  2  iterations.
[1] 0.0015414795 0.0006292992 0.0025277960 0.0005262739
Algorithm converged after  2  iterations.
[1] 0.0019790925 0.0006187092 0.0015414795 0.0025277960
Algorithm converged after  2  iterations.
[1] 0.0019790925 0.0015414795 0.0006292992 0.0025277960
Algorithm converged after  2  iterations.
[1] 0.0019790925 0.0015414795 0.0025277960 0.0005262739
Algorithm converged after  2  iterations.
[1] 0.007237331
Algorithm converged after  2  iterations.
[1] 0.0072373307 0.0007052354
[1] 0.0089030873 0.0009010191
Algorithm converged after  17  iterations.
[1] 0.0072373307 0.0008610983
Algorithm converged after  9  iterations.
[1] 7.237331e-03 9.824519e-05
[1] 0.012482059 0.006512024
[1] 0.012546105 0.006574553
Algorithm converged after  30  iterations.
[1] 0.0072373307 0.0007052354 0.0001670051
[1] 0.0072305105 0.0007365150 0.0002176227
Algorithm converged after  11  iterations.
[1] 0.0072373307 0.0008610983 0.0006188397
[1] 0.0099940679 0.0011429745 0.0006477321
Algorithm converged after  14  iterations.
[1] 7.237331e-03 9.824519e-05 1.701921e-08
[1] 0.0110025828 0.0025422643 0.0006702799
[1] 0.0110269744 0.0025480710 0.0006705591
Algorithm converged after  25  iterations.
[1] 0.0072373307 0.0007052354 0.0008610983
[1] 0.013257383 0.001105733 0.002100553
Algorithm converged after  20  iterations.
[1] 7.237331e-03 7.052354e-04 9.824519e-05
[1] 0.014930286 0.001193487 0.010391013
[1] 0.016158565 0.001253598 0.012001617
[1] 0.016325242 0.001261669 0.012221046
[1] 0.016347119 0.001262726 0.012249874
[1] 0.016349978 0.001262864 0.012253642
[1] 0.016350351 0.001262882 0.012254134
Algorithm converged after  63  iterations.
[1] 7.237331e-03 8.610983e-04 9.824519e-05
[1] 0.0117180496 0.0008384209 0.0040403654
[1] 1.219888e-02 3.621018e-05 4.755658e-03
[1] 0.0121012341 0.0008392549 0.0042316731
[1] 0.0120222021 0.0008399621 0.0041669526
[1] 0.0120194647 0.0008399868 0.0041647231
Algorithm converged after  58  iterations.
[1] 0.0072373307 0.0007052354 0.0001670051 0.0008610983
[1] 0.0100535570 0.0008700104 0.0002777772 0.0015450640
Algorithm converged after  17  iterations.
[1] 7.237331e-03 7.052354e-04 1.670051e-04 9.824519e-05
[1] 0.0121357601 0.0009054465 0.0002399856 0.0065191024
[1] 0.0123142441 0.0009078811 0.0002416124 0.0066888527
[1] 0.0123201471 0.0009079625 0.0002416670 0.0066945030
Algorithm converged after  39  iterations.
[1] 0.0072373307 0.0007052354 0.0008610983 0.0006188397
[1] 0.016427619 0.001172772 0.001894038 0.000681428
[1] 0.0165123786 0.0011765239 0.0019054774 0.0006816839
Algorithm converged after  29  iterations.
[1] 7.237331e-03 7.052354e-04 9.824519e-05 1.701921e-08
[1] 0.0162550928 0.0010396789 0.0024901961 0.0007915683
[1] 0.0163596925 0.0010410394 0.0024769987 0.0007958371
[1] 0.0163604541 0.0010410372 0.0024765299 0.0007958866
Algorithm converged after  33  iterations.
[1] 7.237331e-03 8.610983e-04 6.188397e-04 9.824519e-05
[1] 0.0127264169 0.0008027957 0.0001291736 0.0055555327
[1] 0.0121021649 0.0007819421 0.0001383619 0.0051019397
[1] 0.0117577782 0.0007802209 0.0001385754 0.0049021494
[1] 0.0116985951 0.0007804583 0.0001383136 0.0048636174
[1] 0.0117013890 0.0007795836 0.0001388147 0.0048573440
[1] 0.0121551494 0.0007889167 0.0001402777 0.0048464524
[1] 0.0116516383 0.0007801186 0.0001383244 0.0048328036
[1] 0.0121162350 0.0007897576 0.0001405733 0.0048187058
[1] 0.0116790267 0.0007794807 0.0001386718 0.0048472557
[1] 0.0116794004 0.0007794761 0.0001386696 0.0048476120
Algorithm converged after  101  iterations.
[1] 7.237331e-03 8.610983e-04 9.824519e-05 1.701921e-08
[1] 0.0121520171 0.0009732381 0.0016210426 0.0007422085
Algorithm converged after  20  iterations.
[1] 7.237331e-03 7.052354e-04 8.610983e-04 9.824519e-05
[1] 0.0116665797 0.0009429750 0.0008877595 0.0021386430
[1] 0.0158126573 0.0010308293 0.0008502905 0.0055314279
[1] 0.0165057607 0.0011207301 0.0008111711 0.0082610047
[1] 0.020774420 0.001462080 0.000847519 0.015041719
[1] 0.029108580 0.002951810 0.001216894 0.028438422
[1] 0.024257977 0.002711586 0.001019240 0.024263914
[1] 0.0239338401 0.0026664397 0.0009879996 0.0238577388
[1] 0.0239293311 0.0026656461 0.0009874824 0.0238509847
Algorithm converged after  82  iterations.
[1] 0.007237331 0.001091859
Algorithm converged after  2  iterations.
[1] 0.0072373307 0.0010918587 0.0006003667
[1] 0.005902965 0.001257793 0.001429087
[1] 0.005884836 0.001257112 0.001429810
Algorithm converged after  28  iterations.
[1] 0.0072373307 0.0010918587 0.0007342988
[1] 0.006920498 0.001138321 0.001356694
[1] 0.006915749 0.001138573 0.001354868
Algorithm converged after  22  iterations.
[1] 0.0072373307 0.0010918587 0.0004054018
[1] 0.008585209 0.001184263 0.001905403
[1] 0.008434447 0.001180898 0.001770144
[1] 0.008400253 0.001179003 0.001741520
[1] 0.008393320 0.001178597 0.001735738
[1] 0.008391924 0.001178515 0.001734575
[1] 0.008391643 0.001178498 0.001734341
[1] 0.008391586 0.001178495 0.001734294
Algorithm converged after  73  iterations.
[1] 0.0072373307 0.0010918587 0.0006003667 0.0001327682
[1] 0.0067513719 0.0011847047 0.0007337868 0.0001847650
Algorithm converged after  15  iterations.
[1] 0.0072373307 0.0010918587 0.0007342988 0.0001460945
[1] 0.0069178402 0.0012829911 0.0009028416 0.0002271372
Algorithm converged after  20  iterations.
[1] 0.0072373307 0.0010918587 0.0004054018 0.0001236191
[1] 0.0059723521 0.0013843732 0.0007603366 0.0002017583
[1] 0.0059636758 0.0013887044 0.0007652087 0.0002021285
[1] 0.0059635408 0.0013887727 0.0007652858 0.0002021344
Algorithm converged after  31  iterations.
[1] 0.0072373307 0.0010918587 0.0006003667 0.0007342988
[1] 0.006568027 0.001254451 0.001518875 0.001510235
[1] 0.006533408 0.001245044 0.001519905 0.001479073
[1] 0.006523079 0.001245581 0.001521235 0.001477456
[1] 0.006522438 0.001245619 0.001521319 0.001477370
Algorithm converged after  44  iterations.
[1] 0.0072373307 0.0010918587 0.0006003667 0.0004054018
[1] 0.008936665 0.001471228 0.001360255 0.002520978
[1] 0.009040136 0.001450289 0.001374063 0.002655989
[1] 0.009125289 0.001438879 0.001376380 0.002732576
[1] 0.009161372 0.001434106 0.001377269 0.002764851
[1] 0.009176064 0.001432165 0.001377616 0.002777994
[1] 0.009181972 0.001431385 0.001377752 0.002783278
[1] 0.009184335 0.001431073 0.001377807 0.002785392
[1] 0.009185278 0.001430948 0.001377828 0.002786236
[1] 0.009185654 0.001430899 0.001377837 0.002786572
[1] 0.009185804 0.001430879 0.001377840 0.002786706
[1] 0.009185864 0.001430871 0.001377842 0.002786760
Algorithm converged after  114  iterations.
[1] 0.0072373307 0.0010918587 0.0007342988 0.0004054018
[1] 0.002989434 0.001670460 0.002171589 0.004226618
[1] 0.005367334 0.001679418 0.001836007 0.003603680
[1] 0.005340570 0.001678223 0.001833071 0.003569300
[1] 0.005337939 0.001678108 0.001832759 0.003566175
[1] 0.005337697 0.001678098 0.001832731 0.003565887
Algorithm converged after  55  iterations.
numeric(0)
Algorithm converged after  1  iterations.
[1] 0.001610747
Algorithm converged after  2  iterations.
[1] 0.001891392
Algorithm converged after  2  iterations.
[1] 0.00300353
Algorithm converged after  2  iterations.
[1] 0.0016107465 0.0005277298
Algorithm converged after  2  iterations.
[1] 0.0018913922 0.0007072958
Algorithm converged after  2  iterations.
[1] 0.0030035301 0.0005028212
Algorithm converged after  2  iterations.
[1] 0.001610747 0.001891392
Algorithm converged after  2  iterations.
[1] 0.001610747 0.003003530
Algorithm converged after  2  iterations.
[1] 0.001891392 0.003003530
Algorithm converged after  2  iterations.
[1] 0.0016107465 0.0005277298 0.0018913922
Algorithm converged after  2  iterations.
[1] 0.0016107465 0.0005277298 0.0030035301
Algorithm converged after  2  iterations.
[1] 0.0016107465 0.0018913922 0.0007072958
Algorithm converged after  2  iterations.
[1] 0.0016107465 0.0030035301 0.0005028212
Algorithm converged after  2  iterations.
[1] 0.0018913922 0.0007072958 0.0030035301
Algorithm converged after  2  iterations.
[1] 0.0018913922 0.0030035301 0.0005028212
Algorithm converged after  2  iterations.
[1] 0.001610747 0.001891392 0.003003530
Algorithm converged after  2  iterations.
[1] 0.0016107465 0.0005277298 0.0018913922 0.0007072958
Algorithm converged after  2  iterations.
[1] 0.0016107465 0.0005277298 0.0030035301 0.0005028212
Algorithm converged after  2  iterations.
[1] 0.0018913922 0.0007072958 0.0030035301 0.0005028212
Algorithm converged after  2  iterations.
[1] 0.0016107465 0.0005277298 0.0018913922 0.0030035301
Algorithm converged after  2  iterations.
[1] 0.0016107465 0.0018913922 0.0007072958 0.0030035301
Algorithm converged after  2  iterations.
[1] 0.0016107465 0.0018913922 0.0030035301 0.0005028212
Algorithm converged after  2  iterations.
[1] 0.006866584
Algorithm converged after  2  iterations.
[1] 0.0068665836 0.0009276482
[1] 0.009248236 0.001333354
Algorithm converged after  11  iterations.
[1] 0.006866584 0.001066074
Algorithm converged after  9  iterations.
[1] 0.006866584 0.001094804
[1] 0.011482477 0.005575098
[1] 0.011532599 0.005632031
[1] 0.011533407 0.005632951
Algorithm converged after  32  iterations.
[1] 0.0068665836 0.0009276482 0.0003359153
[1] 0.0073054474 0.0010103223 0.0004096384
Algorithm converged after  13  iterations.
[1] 0.0068665836 0.0010660743 0.0002882543
[1] 0.0083065364 0.0012428600 0.0006389152
Algorithm converged after  15  iterations.
[1] 0.0068665836 0.0010948037 0.0004615297
[1] 0.0105964981 0.0025294596 0.0004625876
[1] 0.010809901 0.002629821 0.000464596
[1] 0.0108249349 0.0026370358 0.0004647436
[1] 0.0108260057 0.0026375503 0.0004647542
Algorithm converged after  47  iterations.
[1] 0.0068665836 0.0009276482 0.0010660743
[1] 0.012825587 0.001999579 0.002576404
Algorithm converged after  13  iterations.
[1] 0.0068665836 0.0009276482 0.0010948037
[1] 0.013863512 0.001085478 0.005312945
[1] 0.014127373 0.001087530 0.005597819
[1] 0.014148858 0.001087706 0.005621166
[1] 0.014150645 0.001087721 0.005623109
Algorithm converged after  50  iterations.
[1] 0.006866584 0.001066074 0.001094804
[1] 0.012555327 0.001247787 0.003142973
[1] 0.012650245 0.001246954 0.003221042
[1] 0.012654452 0.001246918 0.003224515
[1] 0.012654640 0.001246916 0.003224670
Algorithm converged after  41  iterations.
[1] 0.0068665836 0.0009276482 0.0003359153 0.0010660743
[1] 0.0122409535 0.0016960498 0.0006258082 0.0021720984
Algorithm converged after  20  iterations.
[1] 0.0068665836 0.0009276482 0.0003359153 0.0010948037
[1] 0.0111538313 0.0009358635 0.0003155293 0.0046475558
[1] 0.0112229136 0.0009359926 0.0003152720 0.0047142121
[1] 0.0112245347 0.0009359957 0.0003152660 0.0047157833
Algorithm converged after  35  iterations.
[1] 0.0068665836 0.0009276482 0.0010660743 0.0002882543
[1] 0.0139787752 0.0017907712 0.0022002547 0.0007973002
Algorithm converged after  17  iterations.
[1] 0.0068665836 0.0009276482 0.0010948037 0.0004615297
[1] 0.0167230388 0.0015101183 0.0014919547 0.0007113552
[1] 0.0167024325 0.0015092863 0.0014879910 0.0007105421
Algorithm converged after  24  iterations.
[1] 0.0068665836 0.0010660743 0.0002882543 0.0010948037
[1] 0.011162428 0.001049467 0.000257901 0.004397981
[1] 0.0112359961 0.0010489751 0.0002572532 0.0044704396
[1] 0.0112379826 0.0010489619 0.0002572358 0.0044724057
Algorithm converged after  36  iterations.
[1] 0.0068665836 0.0010660743 0.0010948037 0.0004615297
[1] 0.0102836095 0.0016152191 0.0007231231 0.0001664256
[1] 0.0084038959 0.0015233224 0.0007283734 0.0001875350
[1] 0.0082555981 0.0015396252 0.0007217406 0.0001846987
[1] 0.0082516216 0.0015400823 0.0007215824 0.0001846305
Algorithm converged after  46  iterations.
[1] 0.0068665836 0.0009276482 0.0010660743 0.0010948037
[1] 0.019833438 0.003436370 0.004339677 0.006473960
[1] 0.029432012 0.004887772 0.006085359 0.013059020
[1] 0.032210568 0.005326138 0.006604641 0.014922275
[1] 0.033050601 0.005459732 0.006762324 0.015489795
[1] 0.033308926 0.005500910 0.006810876 0.015664670
[1] 0.033388755 0.005513645 0.006825886 0.015718743
[1] 0.033413461 0.005517586 0.006830532 0.015735481
[1] 0.033421111 0.005518807 0.006831970 0.015740664
[1] 0.033423480 0.005519185 0.006832416 0.015742269
[1] 0.033424213 0.005519302 0.006832553 0.015742766
Algorithm converged after  106  iterations.
[1] 0.006866584 0.001191018
Algorithm converged after  2  iterations.
[1] 0.0068665836 0.0011910181 0.0007595498
[1] 0.007627084 0.001258300 0.001344350
[1] 0.007637387 0.001257152 0.001342169
Algorithm converged after  29  iterations.
[1] 0.0068665836 0.0011910181 0.0008798892
[1] 0.006780586 0.001250397 0.001819132
[1] 0.006798268 0.001246848 0.001812912
Algorithm converged after  25  iterations.
[1] 0.0068665836 0.0011910181 0.0004322755
[1] 0.011607997 0.001249996 0.004491157
[1] 0.011913598 0.001240049 0.004749999
[1] 0.011923281 0.001239741 0.004758176
Algorithm converged after  40  iterations.
[1] 0.0068665836 0.0011910181 0.0007595498 0.0002674360
[1] 0.0063884654 0.0012742985 0.0009044276 0.0003121219
Algorithm converged after  19  iterations.
[1] 0.0068665836 0.0011910181 0.0008798892 0.0002190435
[1] 0.0058227582 0.0011324096 0.0010704041 0.0002767635
Algorithm converged after  13  iterations.
[1] 0.0068665836 0.0011910181 0.0004322755 0.0001671734
[1] 5.710210e-03 9.803650e-04 9.212178e-05 8.141431e-09
[1] 0.004139972 0.001756509 0.001747512 0.000381539
[1] 0.0041147103 0.0017882326 0.0017808014 0.0003814736
[1] 0.0041168399 0.0017888968 0.0017802371 0.0003813291
Algorithm converged after  50  iterations.
[1] 0.0068665836 0.0011910181 0.0007595498 0.0008798892
[1] 0.010808546 0.001290225 0.002542177 0.003175105
[1] 0.010896364 0.001303751 0.002597760 0.003245258
[1] 0.010896972 0.001303886 0.002598217 0.003245869
Algorithm converged after  32  iterations.
[1] 0.0068665836 0.0011910181 0.0007595498 0.0004322755
[1] 0.0082651260 0.0013431695 0.0014100499 0.0007740818
[1] 0.008066171 0.001290070 0.001415350 0.000683674
Algorithm converged after  30  iterations.
[1] 0.0068665836 0.0011910181 0.0008798892 0.0004322755
[1] 0.008496099 0.001489399 0.001863870 0.004568518
[1] 0.009640273 0.001527652 0.001838745 0.006251303
[1] 0.010511902 0.001541559 0.001805413 0.007408768
[1] 0.011017002 0.001545772 0.001783075 0.008036215
[1] 0.011266139 0.001547004 0.001771459 0.008334757
[1] 0.011379677 0.001547399 0.001766061 0.008468530
[1] 0.011429610 0.001547541 0.001763670 0.008526922
[1] 0.011451231 0.001547596 0.001762631 0.008552123
[1] 0.011460530 0.001547619 0.001762183 0.008562947
[1] 0.011464519 0.001547629 0.001761992 0.008567587
[1] 0.011466227 0.001547633 0.001761909 0.008569574
[1] 0.011466959 0.001547635 0.001761874 0.008570424
[1] 0.011467272 0.001547635 0.001761859 0.008570788
[1] 0.011467406 0.001547636 0.001761853 0.008570944
Algorithm converged after  144  iterations.
numeric(0)
Algorithm converged after  1  iterations.
[1] 0.001787163
Algorithm converged after  2  iterations.
[1] 0.001908315
Algorithm converged after  2  iterations.
[1] 0.003064
Algorithm converged after  2  iterations.
[1] 0.0017871632 0.0005427007
Algorithm converged after  2  iterations.
[1] 0.0019083148 0.0007252427
Algorithm converged after  2  iterations.
[1] 0.0030640003 0.0005409943
Algorithm converged after  2  iterations.
[1] 0.001787163 0.001908315
Algorithm converged after  2  iterations.
[1] 0.001787163 0.003064000
Algorithm converged after  2  iterations.
[1] 0.001908315 0.003064000
Algorithm converged after  2  iterations.
[1] 0.0017871632 0.0005427007 0.0019083148
Algorithm converged after  2  iterations.
[1] 0.0017871632 0.0005427007 0.0030640003
Algorithm converged after  2  iterations.
[1] 0.0017871632 0.0019083148 0.0007252427
Algorithm converged after  2  iterations.
[1] 0.0017871632 0.0030640003 0.0005409943
Algorithm converged after  2  iterations.
[1] 0.0019083148 0.0007252427 0.0030640003
Algorithm converged after  2  iterations.
[1] 0.0019083148 0.0030640003 0.0005409943
Algorithm converged after  2  iterations.
[1] 0.001787163 0.001908315 0.003064000
Algorithm converged after  2  iterations.
[1] 0.0017871632 0.0005427007 0.0019083148 0.0007252427
Algorithm converged after  2  iterations.
[1] 0.0017871632 0.0005427007 0.0030640003 0.0005409943
Algorithm converged after  2  iterations.
[1] 0.0019083148 0.0007252427 0.0030640003 0.0005409943
Algorithm converged after  2  iterations.
[1] 0.0017871632 0.0005427007 0.0019083148 0.0030640003
Algorithm converged after  2  iterations.
[1] 0.0017871632 0.0019083148 0.0007252427 0.0030640003
Algorithm converged after  2  iterations.
[1] 0.0017871632 0.0019083148 0.0030640003 0.0005409943
Algorithm converged after  2  iterations.
[1] 0.00793967
Algorithm converged after  2  iterations.
[1] 0.0079396695 0.0008264401
[1] 0.009578101 0.001037220
Algorithm converged after  18  iterations.
[1] 0.0079396695 0.0009804598
Algorithm converged after  9  iterations.
[1] 0.0079396695 0.0008172648
[1] 0.013437413 0.005780331
[1] 0.013477002 0.005816897
Algorithm converged after  29  iterations.
[1] 0.0079396695 0.0008264401 0.0002379863
[1] 0.0076863020 0.0008591613 0.0002835802
Algorithm converged after  11  iterations.
[1] 0.0079396695 0.0009804598 0.0002017768
[1] 0.0080780767 0.0011032995 0.0002730773
Algorithm converged after  19  iterations.
[1] 0.0079396695 0.0008172648 0.0005050035
[1] 0.0153865832 0.0033396185 0.0006626669
[1] 0.0154789282 0.0033867185 0.0006657673
[1] 0.0154802747 0.0033874118 0.0006658129
Algorithm converged after  33  iterations.
[1] 0.0079396695 0.0008264401 0.0009804598
[1] 0.013188471 0.001382255 0.002170830
Algorithm converged after  12  iterations.
[1] 0.0079396695 0.0008264401 0.0008172648
[1] 0.017085642 0.001177067 0.009947381
[1] 0.01828790 0.00123419 0.01138112
[1] 0.018458851 0.001242504 0.011586708
[1] 0.018482687 0.001243666 0.011615415
[1] 0.018486001 0.001243828 0.011619407
[1] 0.01848646 0.00124385 0.01161996
Algorithm converged after  64  iterations.
[1] 0.0079396695 0.0009804598 0.0008172648
[1] 0.014374695 0.001046842 0.003174526
[1] 0.014692726 0.001038838 0.003526128
[1] 0.014742864 0.001037775 0.003580119
[1] 0.014750595 0.001037615 0.003588412
[1] 0.014751783 0.001037590 0.003589686
[1] 0.014751966 0.001037587 0.003589882
Algorithm converged after  65  iterations.
[1] 0.0079396695 0.0008264401 0.0002379863 0.0009804598
[1] 0.0103407439 0.0010680858 0.0004169522 0.0016184203
Algorithm converged after  18  iterations.
[1] 0.0079396695 0.0008264401 0.0002379863 0.0008172648
[1] 0.0129328494 0.0008879782 0.0002693895 0.0054986726
[1] 0.0130467781 0.0008893870 0.0002698821 0.0056005704
[1] 0.0130498044 0.0008894247 0.0002698954 0.0056032873
Algorithm converged after  36  iterations.
[1] 0.0079396695 0.0008264401 0.0009804598 0.0002017768
[1] 0.0152298426 0.0013004698 0.0017280825 0.0007763128
[1] 0.0152642803 0.0013023965 0.0017324307 0.0007764269
Algorithm converged after  25  iterations.
[1] 0.0079396695 0.0008264401 0.0008172648 0.0005050035
[1] 0.0199353916 0.0012042960 0.0025243457 0.0008853303
[1] 0.0200021532 0.0012059874 0.0025280191 0.0008880712
Algorithm converged after  30  iterations.
[1] 0.0079396695 0.0009804598 0.0002017768 0.0008172648
[1] 0.0137067761 0.0009143004 0.0001478662 0.0053376906
[1] 0.0138414211 0.0009140562 0.0001474743 0.0054618229
[1] 0.0138454267 0.0009140496 0.0001474630 0.0054655283
Algorithm converged after  38  iterations.
[1] 0.0079396695 0.0009804598 0.0008172648 0.0005050035
[1] 0.0105081170 0.0013920649 0.0008496945 0.0002069445
[1] 0.0104577689 0.0013991642 0.0008472325 0.0002061850
Algorithm converged after  30  iterations.
[1] 0.0079396695 0.0008264401 0.0009804598 0.0008172648
[1] 0.015506910 0.001069382 0.001136885 0.001487054
Algorithm converged after  16  iterations.
[1] 0.007939670 0.001185387
Algorithm converged after  2  iterations.
[1] 0.0079396695 0.0011853866 0.0006429009
[1] 0.006747881 0.001283517 0.001299423
[1] 0.006742372 0.001283784 0.001299840
Algorithm converged after  24  iterations.
[1] 0.0079396695 0.0011853866 0.0008479377
[1] 0.007595210 0.001173064 0.001542722
[1] 0.007603426 0.001173428 0.001539530
Algorithm converged after  21  iterations.
[1] 0.007939670 0.001185387 0.000396430
[1] 0.010378109 0.001382912 0.002358842
[1] 0.010439795 0.001383717 0.002400893
[1] 0.010445114 0.001383692 0.002404768
[1] 0.010445638 0.001383690 0.002405151
Algorithm converged after  48  iterations.
[1] 0.0079396695 0.0011853866 0.0006429009 0.0001733747
[1] 0.0068390889 0.0011997503 0.0007577113 0.0002158057
Algorithm converged after  19  iterations.
[1] 0.0079396695 0.0011853866 0.0008479377 0.0001559076
[1] 0.0078904371 0.0011898634 0.0009526173 0.0001966455
Algorithm converged after  13  iterations.
[1] 0.0079396695 0.0011853866 0.0003964300 0.0001339583
[1] 0.0069015159 0.0014629518 0.0006758827 0.0002329326
[1] 0.0068981254 0.0014644558 0.0006769335 0.0002330208
Algorithm converged after  25  iterations.
[1] 0.0079396695 0.0011853866 0.0006429009 0.0008479377
[1] 0.008217430 0.001211172 0.001449028 0.001637317
[1] 0.008769029 0.001186789 0.001432522 0.001787413
[1] 0.009137692 0.001182789 0.001439597 0.001927329
[1] 0.009446916 0.001178420 0.001448048 0.002048126
[1] 0.009673237 0.001174601 0.001454868 0.002138659
[1] 0.009802434 0.001172351 0.001458848 0.002192062
[1] 0.009862097 0.001171349 0.001460683 0.002217472
[1] 0.009886650 0.001170951 0.001461434 0.002228115
[1] 0.009896269 0.001170798 0.001461727 0.002232320
[1] 0.009899966 0.001170740 0.001461839 0.002233941
[1] 0.009901376 0.001170717 0.001461882 0.002234560
[1] 0.009901913 0.001170709 0.001461899 0.002234796
[1] 0.009902117 0.001170706 0.001461905 0.002234886
[1] 0.009902195 0.001170705 0.001461907 0.002234920
Algorithm converged after  141  iterations.
[1] 0.0079396695 0.0011853866 0.0006429009 0.0003964300
[1] 0.009403148 0.001605207 0.001256104 0.002280734
[1] 0.009087294 0.001633453 0.001255043 0.002075788
[1] 0.008878430 0.001650439 0.001249293 0.001940824
[1] 0.008720626 0.001662923 0.001244881 0.001839562
[1] 0.008597412 0.001672362 0.001241424 0.001761006
[1] 0.008498971 0.001679652 0.001238664 0.001698582
[1] 0.008418924 0.001685381 0.001236427 0.001648052
[1] 0.008352921 0.001689948 0.001234590 0.001606545
[1] 0.008297884 0.001693634 0.001233066 0.001572047
[1] 0.008251567 0.001696640 0.001231790 0.001543094
[1] 0.008212289 0.001699116 0.001230713 0.001518601
[1] 0.008178767 0.001701171 0.001229799 0.001497739
[1] 0.008150003 0.001702890 0.001229018 0.001479870
[1] 0.008125208 0.001704336 0.001228348 0.001464490
[1] 0.008103749 0.001705560 0.001227770 0.001451198
[1] 0.008085115 0.001706601 0.001227270 0.001439669
[1] 0.008068887 0.001707492 0.001226837 0.001429639
[1] 0.008054718 0.001708256 0.001226459 0.001420889
[1] 0.008042320 0.001708914 0.001226130 0.001413239
[1] 0.008031450 0.001709483 0.001225842 0.001406537
[1] 0.008021905 0.001709976 0.001225589 0.001400655
[1] 0.008013510 0.001710405 0.001225368 0.001395484
[1] 0.008006118 0.001710779 0.001225173 0.001390934
[1] 0.007999601 0.001711105 0.001225002 0.001386924
[1] 0.007993850 0.001711391 0.001224851 0.001383386
[1] 0.007988771 0.001711641 0.001224718 0.001380263
[1] 0.007984281 0.001711861 0.001224600 0.001377503
[1] 0.007980310 0.001712054 0.001224496 0.001375062
[1] 0.007976795 0.001712224 0.001224405 0.001372903
[1] 0.007973683 0.001712373 0.001224323 0.001370991
[1] 0.007970925 0.001712506 0.001224251 0.001369297
[1] 0.007968482 0.001712622 0.001224188 0.001367796
[1] 0.007966315 0.001712725 0.001224131 0.001366466
[1] 0.007964393 0.001712816 0.001224081 0.001365286
[1] 0.007962688 0.001712897 0.001224037 0.001364239
[1] 0.007961175 0.001712968 0.001223998 0.001363311
[1] 0.007959832 0.001713031 0.001223963 0.001362487
[1] 0.007958640 0.001713087 0.001223932 0.001361755
[1] 0.007957582 0.001713137 0.001223904 0.001361105
[1] 0.007956641 0.001713181 0.001223880 0.001360529
[1] 0.007955806 0.001713220 0.001223858 0.001360016
[1] 0.007955065 0.001713255 0.001223839 0.001359561
[1] 0.007954406 0.001713285 0.001223822 0.001359157
[1] 0.007953820 0.001713313 0.001223806 0.001358798
[1] 0.007953300 0.001713337 0.001223793 0.001358478
[1] 0.007952838 0.001713358 0.001223781 0.001358195
[1] 0.007952427 0.001713377 0.001223770 0.001357943
[1] 0.007952062 0.001713394 0.001223761 0.001357719
[1] 0.007951737 0.001713409 0.001223752 0.001357520
Algorithm did not converge after  500  iterations.
[1] 0.0079396695 0.0011853866 0.0008479377 0.0003964300
[1] 0.0028740403 0.0003220424 0.0027863013 0.0055755098
[1] 0.006042696 0.001504698 0.002089695 0.005273632
[1] 0.006072500 0.001504139 0.002092497 0.005310753
[1] 0.006077390 0.001504058 0.002092947 0.005317572
[1] 0.006078276 0.001504043 0.002093029 0.005318808
[1] 0.006078436 0.001504040 0.002093044 0.005319032
Algorithm converged after  65  iterations.
numeric(0)
Algorithm converged after  1  iterations.
[1] 0.001726007
Algorithm converged after  2  iterations.
[1] 0.001648548
Algorithm converged after  2  iterations.
[1] 0.00309076
Algorithm converged after  2  iterations.
[1] 0.0017260069 0.0005919627
Algorithm converged after  2  iterations.
[1] 0.0016485481 0.0007108533
Algorithm converged after  2  iterations.
[1] 0.00309076 0.00055706
Algorithm converged after  2  iterations.
[1] 0.001726007 0.001648548
Algorithm converged after  2  iterations.
[1] 0.001726007 0.003090760
Algorithm converged after  2  iterations.
[1] 0.001648548 0.003090760
Algorithm converged after  2  iterations.
[1] 0.0017260069 0.0005919627 0.0016485481
Algorithm converged after  2  iterations.
[1] 0.0017260069 0.0005919627 0.0030907597
Algorithm converged after  2  iterations.
[1] 0.0017260069 0.0016485481 0.0007108533
Algorithm converged after  2  iterations.
[1] 0.001726007 0.003090760 0.000557060
Algorithm converged after  2  iterations.
[1] 0.0016485481 0.0007108533 0.0030907597
Algorithm converged after  2  iterations.
[1] 0.001648548 0.003090760 0.000557060
Algorithm converged after  2  iterations.
[1] 0.001726007 0.001648548 0.003090760
Algorithm converged after  2  iterations.
[1] 0.0017260069 0.0005919627 0.0016485481 0.0007108533
Algorithm converged after  2  iterations.
[1] 0.0017260069 0.0005919627 0.0030907597 0.0005570600
Algorithm converged after  2  iterations.
[1] 0.0016485481 0.0007108533 0.0030907597 0.0005570600
Algorithm converged after  2  iterations.
[1] 0.0017260069 0.0005919627 0.0016485481 0.0030907597
Algorithm converged after  2  iterations.
[1] 0.0017260069 0.0016485481 0.0007108533 0.0030907597
Algorithm converged after  2  iterations.
[1] 0.001726007 0.001648548 0.003090760 0.000557060
Algorithm converged after  2  iterations.
[1] 0.007390313
Algorithm converged after  2  iterations.
[1] 0.0073903128 0.0008513692
[1] 0.009407200 0.001097775
Algorithm converged after  17  iterations.
[1] 0.0073903128 0.0009060865
Algorithm converged after  9  iterations.
[1] 0.0073903128 0.0009008419
[1] 0.012129138 0.005040247
[1] 0.012167080 0.005076583
Algorithm converged after  30  iterations.
[1] 0.0073903128 0.0008513692 0.0002569855
[1] 0.0076129468 0.0008973160 0.0003184521
Algorithm converged after  11  iterations.
[1] 0.0073903128 0.0009060865 0.0002032658
[1] 0.009882805 0.001129550 0.000699813
Algorithm converged after  14  iterations.
[1] 0.0073903128 0.0009008419 0.0004773853
[1] 0.013011059 0.002837948 0.000533198
[1] 0.0131957502 0.0029259276 0.0005369327
[1] 0.0132021644 0.0029290274 0.0005370639
Algorithm converged after  40  iterations.
[1] 0.0073903128 0.0008513692 0.0009060865
[1] 0.012635672 0.001476769 0.002262092
Algorithm converged after  13  iterations.
[1] 0.0073903128 0.0008513692 0.0009008419
[1] 0.016149283 0.001111903 0.008116611
[1] 0.017446926 0.001152854 0.009562445
[1] 0.017736821 0.001162507 0.009892033
[1] 0.017802856 0.001164731 0.009967453
[1] 0.017817950 0.001165241 0.009984710
[1] 0.017821403 0.001165357 0.009988659
[1] 0.017822193 0.001165384 0.009989562
[1] 0.017822374 0.001165390 0.009989769
Algorithm converged after  81  iterations.
[1] 0.0073903128 0.0009060865 0.0009008419
[1] 0.013437345 0.001024454 0.002901899
[1] 0.012837860 0.001002645 0.003086093
[1] 0.0142092565 0.0009923093 0.0037155740
[1] 0.0141270402 0.0009979558 0.0035649326
[1] 0.0141185177 0.0009981139 0.0035574471
[1] 0.0141180978 0.0009981217 0.0035570794
Algorithm converged after  64  iterations.
[1] 0.0073903128 0.0008513692 0.0002569855 0.0009060865
[1] 0.011034680 0.001206173 0.000490870 0.001786817
Algorithm converged after  20  iterations.
[1] 0.0073903128 0.0008513692 0.0002569855 0.0009008419
[1] 0.0124211644 0.0009123440 0.0002858074 0.0050458281
[1] 0.0125636492 0.0009139199 0.0002861299 0.0051752923
[1] 0.0125690581 0.0009139803 0.0002861427 0.0051802348
Algorithm converged after  40  iterations.
[1] 0.0073903128 0.0008513692 0.0009060865 0.0002032658
[1] 0.0163008467 0.0014808935 0.0020676705 0.0007419796
[1] 0.0163020743 0.0014811098 0.0020689658 0.0007418823
Algorithm converged after  22  iterations.
[1] 0.0073903128 0.0008513692 0.0009008419 0.0004773853
[1] 0.0206114845 0.0013096448 0.0024681281 0.0008514608
[1] 0.0206472017 0.0013110567 0.0024544152 0.0008531691
[1] 0.0206455567 0.0013110148 0.0024538654 0.0008531052
Algorithm converged after  33  iterations.
[1] 0.0073903128 0.0009060865 0.0002032658 0.0009008419
[1] 0.0127815095 0.0009275975 0.0001562872 0.0045533629
[1] 1.219818e-02 1.063573e-04 8.588826e-06 4.289485e-03
[1] 0.0118192358 0.0009028352 0.0001742174 0.0040442684
[1] 0.0118081158 0.0009029738 0.0001742902 0.0040354178
Algorithm converged after  50  iterations.
[1] 0.0073903128 0.0009060865 0.0009008419 0.0004773853
[1] 0.0099695585 0.0010965973 0.0008926786 0.0006838690
[1] 0.0099546762 0.0010961572 0.0008912322 0.0006833708
Algorithm converged after  24  iterations.
[1] 0.0073903128 0.0008513692 0.0009060865 0.0009008419
[1] 0.014049661 0.001156281 0.001341833 0.001000538
Algorithm converged after  17  iterations.
[1] 0.007390313 0.001303880
Algorithm converged after  2  iterations.
[1] 0.007390313 0.001303880 0.000653675
[1] 0.006567369 0.001355250 0.001280510
[1] 0.006546333 0.001354512 0.001283080
Algorithm converged after  29  iterations.
[1] 7.390313e-03 1.303880e-03 5.382745e-06
[1] 0.006858739 0.001249153 0.001354285
[1] 0.006858429 0.001250189 0.001352164
Algorithm converged after  23  iterations.
[1] 0.0073903128 0.0013038797 0.0004364354
[1] 0.009892502 0.001464065 0.002373492
[1] 0.009943065 0.001464185 0.002406945
[1] 0.009947248 0.001464137 0.002409967
[1] 0.009947652 0.001464133 0.002410259
Algorithm converged after  47  iterations.
[1] 0.0073903128 0.0013038797 0.0006536750 0.0001839612
[1] 0.0070891676 0.0012375420 0.0007630011 0.0002377757
Algorithm converged after  11  iterations.
[1] 7.390313e-03 1.303880e-03 5.382745e-06 6.565289e-05
[1] 0.0064354714 0.0014722716 0.0010536093 0.0002055511
Algorithm converged after  18  iterations.
[1] 0.0073903128 0.0013038797 0.0004364354 0.0001657524
[1] 0.0049789194 0.0019227915 0.0013587405 0.0003187468
[1] 0.0048930050 0.0019578111 0.0014285074 0.0003269019
[1] 0.0048880676 0.0019597717 0.0014324692 0.0003273073
[1] 0.0048877873 0.0019598785 0.0014326843 0.0003273274
Algorithm converged after  45  iterations.
[1] 7.390313e-03 1.303880e-03 6.536750e-04 5.382745e-06
[1] 0.007775623 0.001226419 0.001709127 0.002029169
[1] 0.008757860 0.001188973 0.001703504 0.002365729
[1] 0.008963888 0.001175437 0.001679208 0.002419319
[1] 0.008988511 0.001173273 0.001673191 0.002424016
[1] 0.008991340 0.001172988 0.001672319 0.002424461
[1] 0.008991677 0.001172953 0.001672209 0.002424511
Algorithm converged after  65  iterations.
[1] 0.0073903128 0.0013038797 0.0006536750 0.0004364354
[1] 0.008022567 0.001707148 0.001209454 0.001547908
[1] 0.0053320071 0.0013118100 0.0013521930 0.0007577028
[1] 0.0061422102 0.0018061261 0.0012347852 0.0006130569
[1] 0.003024817 0.001084430 0.001482660 0.001770997
[1] 0.0045795206 0.0021122015 0.0012413249 0.0005739638
[1] 0.007019108 0.001530943 0.001275622 0.000619804
[1] 0.0061135532 0.0014897050 0.0013019355 0.0007666072
[1] 0.0043591379 0.0013193136 0.0013820322 0.0009917532
[1] 0.0055080694 0.0011425022 0.0013433686 0.0003888914
[1] 0.003772149 0.001338200 0.001331625 0.001150900
[1] 0.0054390661 0.0011818426 0.0013269326 0.0004345734
[1] 0.0056514419 0.0014983225 0.0012481330 0.0007444715
[1] 0.0038224008 0.0010834815 0.0013765250 0.0009141098
[1] 0.0056683989 0.0014319932 0.0012656949 0.0003446637
[1] 0.0038722597 0.0010804673 0.0013537236 0.0008059443
[1] 0.0048852923 0.0011526933 0.0013213332 0.0004364668
[1] 0.0043083789 0.0011297378 0.0013303775 0.0006297686
[1] 0.0045520080 0.0011272616 0.0013299947 0.0005350668
[1] 0.0044645461 0.0011365629 0.0013273165 0.0005718084
[1] 0.0044843102 0.0011284292 0.0013298720 0.0005601194
[1] 0.0044896454 0.0011340112 0.0013280488 0.0005609953
[1] 0.0044792599 0.0011307209 0.0013291505 0.0005631536
[1] 0.0044881292 0.0011324257 0.0013285662 0.0005607322
[1] 0.0044822279 0.0011316370 0.0013288430 0.0005625198
[1] 0.0044856240 0.0011319466 0.0013287302 0.0005614157
[1] 0.0044838863 0.0011318565 0.0013287658 0.0005620157
[1] 0.0044846713 0.0011318606 0.0013287616 0.0005617257
[1] 0.0044843722 0.0011318812 0.0013287560 0.0005618476
[1] 0.0044844525 0.0011318597 0.0013287627 0.0005618066
[1] 0.0044844552 0.0011318753 0.0013287576 0.0005618137
[1] 0.004484431 0.001131866 0.001328761 0.000561818
Algorithm converged after  314  iterations.
[1] 7.390313e-03 1.303880e-03 5.382745e-06 4.364354e-04
[1] 0.007102108 0.001494504 0.001373320 0.004250610
[1] 0.007420236 0.001397729 0.001366352 0.004219639
[1] 0.007345838 0.001397454 0.001368824 0.004159540
[1] 0.007307249 0.001397155 0.001369339 0.004127719
[1] 0.007286704 0.001396985 0.001369612 0.004110812
[1] 0.007275831 0.001396891 0.001369757 0.004101875
[1] 0.007270096 0.001396841 0.001369834 0.004097165
[1] 0.007267077 0.001396815 0.001369874 0.004094686
[1] 0.007265490 0.001396801 0.001369896 0.004093384
[1] 0.007264656 0.001396793 0.001369907 0.004092699
[1] 0.007264218 0.001396790 0.001369913 0.004092339
[1] 0.007263987 0.001396788 0.001369916 0.004092150
[1] 0.007263866 0.001396786 0.001369918 0.004092051
Algorithm converged after  140  iterations.
numeric(0)
Algorithm converged after  1  iterations.
[1] 0.001744832
Algorithm converged after  2  iterations.
[1] 0.002194616
Algorithm converged after  2  iterations.
[1] 0.002953459
Algorithm converged after  2  iterations.
[1] 0.0017448318 0.0005171151
Algorithm converged after  2  iterations.
[1] 0.002194616 0.000868352
Algorithm converged after  2  iterations.
[1] 0.0029534595 0.0005335268
Algorithm converged after  2  iterations.
[1] 0.001744832 0.002194616
Algorithm converged after  2  iterations.
[1] 0.001744832 0.002953459
Algorithm converged after  2  iterations.
[1] 0.002194616 0.002953459
Algorithm converged after  2  iterations.
[1] 0.0017448318 0.0005171151 0.0021946161
Algorithm converged after  2  iterations.
[1] 0.0017448318 0.0005171151 0.0029534595
Algorithm converged after  2  iterations.
[1] 0.001744832 0.002194616 0.000868352
Algorithm converged after  2  iterations.
[1] 0.0017448318 0.0029534595 0.0005335268
Algorithm converged after  2  iterations.
[1] 0.002194616 0.000868352 0.002953459
Algorithm converged after  2  iterations.
[1] 0.0021946161 0.0029534595 0.0005335268
Algorithm converged after  2  iterations.
[1] 0.001744832 0.002194616 0.002953459
Algorithm converged after  2  iterations.
[1] 0.0017448318 0.0005171151 0.0021946161 0.0008683520
Algorithm converged after  2  iterations.
[1] 0.0017448318 0.0005171151 0.0029534595 0.0005335268
Algorithm converged after  2  iterations.
[1] 0.0021946161 0.0008683520 0.0029534595 0.0005335268
Algorithm converged after  2  iterations.
[1] 0.0017448318 0.0005171151 0.0021946161 0.0029534595
Algorithm converged after  2  iterations.
[1] 0.001744832 0.002194616 0.000868352 0.002953459
Algorithm converged after  2  iterations.
[1] 0.0017448318 0.0021946161 0.0029534595 0.0005335268
Algorithm converged after  2  iterations.
[1] 0.007372024
Algorithm converged after  2  iterations.
[1] 0.0073720243 0.0009617767
[1] 0.009546572 0.001243931
Algorithm converged after  16  iterations.
[1] 0.007372024 0.001024352
Algorithm converged after  9  iterations.
[1] 0.007372024 0.001188148
[1] 0.013692452 0.007242068
[1] 0.013857903 0.007430272
[1] 0.013863911 0.007437137
Algorithm converged after  39  iterations.
[1] 0.0073720243 0.0009617767 0.0003116902
[1] 0.0072545693 0.0010043990 0.0003567026
Algorithm converged after  11  iterations.
[1] 0.0073720243 0.0010243519 0.0007226458
[1] 0.0092690786 0.0012853835 0.0007580064
Algorithm converged after  11  iterations.
[1] 0.0073720243 0.0011881478 0.0004633647
[1] 0.014793764 0.004395443 0.000573457
[1] 0.0150085360 0.0045409480 0.0005794369
[1] 0.0150159477 0.0045460327 0.0005796452
Algorithm converged after  40  iterations.
[1] 0.0073720243 0.0009617767 0.0010243519
[1] 0.013929571 0.001730132 0.002835058
Algorithm converged after  14  iterations.
[1] 0.0073720243 0.0009617767 0.0011881478
[1] 0.017821898 0.001244859 0.010613272
[1] 0.020205225 0.001326077 0.013661821
[1] 0.02104207 0.00135776 0.01476150
[1] 0.021335479 0.001369256 0.015150343
[1] 0.021437755 0.001373311 0.015286284
[1] 0.021473316 0.001374726 0.015333598
[1] 0.021485669 0.001375218 0.015350039
[1] 0.02148996 0.00137539 0.01535575
[1] 0.021491448 0.001375449 0.015357731
[1] 0.02149196 0.00137547 0.01535842
[1] 0.021492144 0.001375477 0.015358659
Algorithm converged after  111  iterations.
[1] 0.007372024 0.001024352 0.001188148
[1] 0.012264498 0.001238509 0.002328287
[1] 0.010301764 0.001293485 0.001814536
[1] 0.009561717 0.001298294 0.001574005
[1] 0.009541391 0.001251036 0.001497034
[1] 0.009774437 0.001226791 0.001628784
Algorithm converged after  56  iterations.
[1] 0.0073720243 0.0009617767 0.0003116902 0.0010243519
[1] 0.0110030224 0.0013332670 0.0004776147 0.0020907795
[1] 0.0110085654 0.0013336998 0.0004777429 0.0020916965
Algorithm converged after  21  iterations.
[1] 0.0073720243 0.0009617767 0.0003116902 0.0011881478
[1] 0.013404161 0.001013803 0.000321104 0.006646414
[1] 0.0137827404 0.0010177004 0.0003219697 0.0070481628
[1] 0.0138164229 0.0010180579 0.0003220544 0.0070843222
[1] 0.0138194786 0.0010180904 0.0003220621 0.0070876059
[1] 0.0138197563 0.0010180934 0.0003220628 0.0070879043
Algorithm converged after  52  iterations.
[1] 0.0073720243 0.0009617767 0.0010243519 0.0007226458
[1] 0.0156549379 0.0016457284 0.0023432372 0.0008045832
[1] 0.0156745801 0.0016475685 0.0023481541 0.0008045263
Algorithm converged after  25  iterations.
[1] 0.0073720243 0.0009617767 0.0011881478 0.0004633647
[1] 0.0215949548 0.0014825346 0.0035194189 0.0009188743
[1] 0.0216452417 0.0014844687 0.0035148497 0.0009219191
[1] 0.0216443144 0.0014844387 0.0035145107 0.0009218816
Algorithm converged after  31  iterations.
[1] 0.0073720243 0.0010243519 0.0007226458 0.0011881478
[1] 0.012150457 0.001142529 0.000181307 0.004901211
[1] 0.0121542752 0.0011423087 0.0001812132 0.0049071656
[1] 0.0121545635 0.0011423038 0.0001812108 0.0049074330
Algorithm converged after  31  iterations.
[1] 0.0073720243 0.0010243519 0.0011881478 0.0004633647
[1] 0.0159376988 0.0018016561 0.0016757621 0.0007231661
[1] 0.0159565086 0.0018029686 0.0016778798 0.0007238475
Algorithm converged after  23  iterations.
[1] 0.0073720243 0.0009617767 0.0010243519 0.0011881478
[1] 0.01437213 0.00128089 0.00161465 0.00159377
[1] 0.014369851 0.001281889 0.001618979 0.001582517
[1] 0.014369796 0.001281913 0.001619079 0.001582256
Algorithm converged after  33  iterations.
[1] 0.007372024 0.001308903
Algorithm converged after  2  iterations.
[1] 0.0073720243 0.0013089031 0.0007614652
[1] 0.007063788 0.001509093 0.001583152
[1] 0.007058874 0.001509646 0.001583740
Algorithm converged after  23  iterations.
[1] 0.0073720243 0.0013089031 0.0009593822
[1] 0.008029766 0.001233454 0.001744221
Algorithm converged after  19  iterations.
[1] 0.0073720243 0.0013089031 0.0004825449
[1] 0.012058872 0.001413311 0.004029854
[1] 0.012306064 0.001405586 0.004221257
[1] 0.012317660 0.001405224 0.004230237
[1] 0.012318191 0.001405207 0.004230649
Algorithm converged after  43  iterations.
[1] 0.0073720243 0.0013089031 0.0007614652 0.0002418202
[1] 0.0066114098 0.0012838544 0.0009174722 0.0002829091
Algorithm converged after  13  iterations.
[1] 0.0073720243 0.0013089031 0.0009593822 0.0002197956
[1] 0.0072253501 0.0014929048 0.0011844876 0.0003992446
Algorithm converged after  17  iterations.
[1] 0.0073720243 0.0013089031 0.0004825449 0.0002129290
[1] 0.0047362889 0.0022360622 0.0019540148 0.0004322744
[1] 0.0045958789 0.0023147828 0.0021201270 0.0004532548
[1] 0.0045854314 0.0023210149 0.0021332019 0.0004547663
[1] 0.0045847108 0.0023214573 0.0021340983 0.0004548597
Algorithm converged after  49  iterations.
[1] 0.0073720243 0.0013089031 0.0007614652 0.0009593822
[1] 0.010999945 0.001355905 0.002003921 0.003443440
[1] 0.011331657 0.001324138 0.002046589 0.003647158
[1] 0.011334653 0.001323149 0.002046254 0.003649704
Algorithm converged after  39  iterations.
[1] 0.0073720243 0.0013089031 0.0007614652 0.0004825449
[1] 0.009761521 0.001655528 0.001544924 0.001666317
[1] 0.010875731 0.001585257 0.001564320 0.002976950
[1] 0.012800572 0.001490737 0.001565744 0.005471083
[1] 0.013997094 0.001454473 0.001550808 0.006998292
[1] 0.014254524 0.001448460 0.001546772 0.007309074
[1] 0.014288183 0.001447711 0.001546244 0.007349009
[1] 0.014292166 0.001447623 0.001546181 0.007353723
[1] 0.014292632 0.001447613 0.001546174 0.007354274
Algorithm converged after  86  iterations.
[1] 0.0073720243 0.0013089031 0.0009593822 0.0004825449
[1] 0.008360413 0.001558931 0.001909752 0.003677825
[1] 0.008273053 0.001518127 0.001918399 0.003387088
[1] 0.008193121 0.001500443 0.001917829 0.003215130
[1] 0.008156962 0.001492174 0.001917273 0.003138395
[1] 0.008142093 0.001488739 0.001916978 0.003107151
[1] 0.008136274 0.001487391 0.001916850 0.003094986
[1] 0.008134046 0.001486875 0.001916799 0.003090340
[1] 0.008133201 0.001486679 0.001916780 0.003088579
[1] 0.008132882 0.001486605 0.001916772 0.003087914
[1] 0.008132761 0.001486577 0.001916769 0.003087662
[1] 0.008132716 0.001486567 0.001916768 0.003087568
Algorithm converged after  118  iterations.
Warning messages:
1: In max(abs(CT), na.rm = T) :
  no non-missing arguments to max; returning -Inf
2: In max(abs(CT), na.rm = T) :
  no non-missing arguments to max; returning -Inf
3: In max(abs(CT), na.rm = T) :
  no non-missing arguments to max; returning -Inf
4: In max(abs(CT), na.rm = T) :
  no non-missing arguments to max; returning -Inf
5: In max(abs(CT), na.rm = T) :
  no non-missing arguments to max; returning -Inf
6: In max(abs(CT), na.rm = T) :
  no non-missing arguments to max; returning -Inf
7: In max(abs(CT), na.rm = T) :
  no non-missing arguments to max; returning -Inf
8: In max(abs(CT), na.rm = T) :
  no non-missing arguments to max; returning -Inf
9: In max(abs(CT), na.rm = T) :
  no non-missing arguments to max; returning -Inf
10: In max(abs(CT), na.rm = T) :
  no non-missing arguments to max; returning -Inf
[1] "Best iter parameter is:"
      gam     rankJ    rankA1    rankA2    rankA3 
0.4285714 1.0000000 0.0000000 1.0000000 0.0000000 
[1] 0.0070050589 0.0008674585
Algorithm converged after  9  iterations.
         [,1]     [,2]     [,3]
[1,] 7.333387 9.058545 47.96756
