myseed=6320 

Attaching package: ‘pls’

The following object is masked from ‘package:stats’:

    loadings

Loading required package: lattice
Loading required package: ggplot2
Registered S3 methods overwritten by 'ggplot2':
  method         from 
  [.quosures     rlang
  c.quosures     rlang
  print.quosures rlang

Attaching package: ‘caret’

The following object is masked from ‘package:pls’:

    R2

Loading required package: Matrix
Loading required package: foreach
Loaded glmnet 2.0-18

Parsed with column specification:
cols(
  .default = col_double()
)
See spec(...) for full column specifications.
Parsed with column specification:
cols(
  X1 = col_double()
)
Parsed with column specification:
cols(
  X1 = col_double()
)
numeric(0)
Algorithm converged after  1  iterations.
[1] 0.001554096
Algorithm converged after  2  iterations.
[1] 0.00223879
Algorithm converged after  2  iterations.
[1] 0.003282863
Algorithm converged after  2  iterations.
[1] 0.0015540958 0.0006224302
Algorithm converged after  2  iterations.
[1] 0.0022387901 0.0006191777
Algorithm converged after  2  iterations.
[1] 0.0032828628 0.0005959698
Algorithm converged after  2  iterations.
[1] 0.001554096 0.002238790
Algorithm converged after  2  iterations.
[1] 0.001554096 0.003282863
Algorithm converged after  2  iterations.
[1] 0.002238790 0.003282863
Algorithm converged after  2  iterations.
[1] 0.0015540958 0.0006224302 0.0022387901
Algorithm converged after  2  iterations.
[1] 0.0015540958 0.0006224302 0.0032828628
Algorithm converged after  2  iterations.
[1] 0.0015540958 0.0022387901 0.0006191777
Algorithm converged after  2  iterations.
[1] 0.0015540958 0.0032828628 0.0005959698
Algorithm converged after  2  iterations.
[1] 0.0022387901 0.0006191777 0.0032828628
Algorithm converged after  2  iterations.
[1] 0.0022387901 0.0032828628 0.0005959698
Algorithm converged after  2  iterations.
[1] 0.001554096 0.002238790 0.003282863
Algorithm converged after  2  iterations.
[1] 0.0015540958 0.0006224302 0.0022387901 0.0006191777
Algorithm converged after  2  iterations.
[1] 0.0015540958 0.0006224302 0.0032828628 0.0005959698
Algorithm converged after  2  iterations.
[1] 0.0022387901 0.0006191777 0.0032828628 0.0005959698
Algorithm converged after  2  iterations.
[1] 0.0015540958 0.0006224302 0.0022387901 0.0032828628
Algorithm converged after  2  iterations.
[1] 0.0015540958 0.0022387901 0.0006191777 0.0032828628
Algorithm converged after  2  iterations.
[1] 0.0015540958 0.0022387901 0.0032828628 0.0005959698
Algorithm converged after  2  iterations.
[1] 0.009089674
Algorithm converged after  2  iterations.
[1] 0.0090896743 0.0008313501
[1] 0.014799887 0.001169213
Algorithm converged after  19  iterations.
[1] 0.0090896743 0.0008039858
[1] 0.010696693 0.001149027
Algorithm converged after  13  iterations.
[1] 0.0090896743 0.0006929616
[1] 0.015034652 0.004551939
[1] 0.015041643 0.004555634
Algorithm converged after  21  iterations.
[1] 0.0090896743 0.0008313501 0.0002066970
[1] 0.0107953700 0.0009057856 0.0002638371
Algorithm converged after  15  iterations.
[1] 0.0090896743 0.0008039858 0.0001762427
[1] 0.0088052430 0.0008448884 0.0002119682
Algorithm converged after  11  iterations.
[1] 0.0090896743 0.0006929616 0.0002056301
[1] 0.0161359127 0.0024849852 0.0006121965
[1] 0.016210203 0.002507786 0.000613478
Algorithm converged after  29  iterations.
[1] 0.0090896743 0.0008313501 0.0008039858
[1] 0.017463103 0.001554446 0.001980677
Algorithm converged after  17  iterations.
[1] 0.0090896743 0.0008313501 0.0006929616
[1] 0.02655314 0.00161963 0.01088525
[1] 0.026475660 0.001628938 0.010965095
Algorithm converged after  28  iterations.
[1] 0.0090896743 0.0008039858 0.0006929616
[1] 0.0156595363 0.0009256388 0.0054109302
[1] 0.0161361015 0.0009349674 0.0057428461
[1] 0.0161707797 0.0009356487 0.0057665727
[1] 0.0161732808 0.0009356979 0.0057682830
Algorithm converged after  49  iterations.
[1] 0.0090896743 0.0008313501 0.0002066970 0.0008039858
[1] 0.0146529858 0.0012167210 0.0004057304 0.0014343815
[1] 0.0146622813 0.0012173702 0.0004059309 0.0014352458
Algorithm converged after  21  iterations.
[1] 0.0090896743 0.0008313501 0.0002066970 0.0006929616
[1] 0.0202030453 0.0012023337 0.0003558629 0.0068599246
[1] 0.0206305078 0.0012189414 0.0003642124 0.0070886886
[1] 0.0206509640 0.0012197458 0.0003646157 0.0070996572
[1] 0.0206519504 0.0012197846 0.0003646351 0.0071001861
Algorithm converged after  42  iterations.
[1] 0.0090896743 0.0008313501 0.0008039858 0.0001762427
[1] 0.0203057004 0.0015678015 0.0014833448 0.0006097687
[1] 0.0203451200 0.0015710960 0.0014876557 0.0006104008
Algorithm converged after  23  iterations.
[1] 0.0090896743 0.0008313501 0.0006929616 0.0002056301
[1] 0.033246858 0.001857779 0.004239972 0.001138228
[1] 0.033505559 0.001869041 0.004291972 0.001148591
Algorithm converged after  30  iterations.
[1] 0.0090896743 0.0008039858 0.0001762427 0.0006929616
[1] 0.0141368628 0.0008577215 0.0001801440 0.0043102259
[1] 0.0141693256 0.0008578727 0.0001802115 0.0043269231
Algorithm converged after  27  iterations.
[1] 0.0090896743 0.0008039858 0.0006929616 0.0002056301
[1] 0.0114310836 0.0012151913 0.0007393070 0.0002005893
[1] 0.0110160432 0.0012142175 0.0007338394 0.0002025479
[1] 0.0110132140 0.0012142156 0.0007338101 0.0002025650
Algorithm converged after  32  iterations.
[1] 0.0090896743 0.0008313501 0.0008039858 0.0006929616
[1] 0.033194938 0.003033867 0.002187891 0.017384643
[1] 0.033347815 0.003253361 0.002363444 0.017979089
[1] 0.033570367 0.003283155 0.002386230 0.018130062
[1] 0.033624542 0.003290277 0.002391700 0.018166508
[1] 0.033637616 0.003291996 0.002393020 0.018175302
[1] 0.033640774 0.003292411 0.002393339 0.018177426
[1] 0.033641536 0.003292511 0.002393416 0.018177939
Algorithm converged after  75  iterations.
[1] 0.009089674 0.001550985
Algorithm converged after  2  iterations.
[1] 0.0090896743 0.0015509846 0.0005321776
[1] 0.010373155 0.001628357 0.001018913
[1] 0.010346815 0.001628891 0.001019880
[1] 0.010345702 0.001628921 0.001019915
Algorithm converged after  34  iterations.
[1] 0.0090896743 0.0015509846 0.0006356323
[1] 0.007834832 0.001714008 0.001328694
[1] 0.008287212 0.001575810 0.001576856
[1] 0.008308433 0.001572456 0.001575300
Algorithm converged after  37  iterations.
[1] 0.0090896743 0.0015509846 0.0005128141
[1] 0.006598476 0.001537139 0.001647134
[1] 0.006485155 0.001564867 0.001802974
[1] 0.006490988 0.001564780 0.001799808
[1] 0.006490894 0.001564759 0.001799780
Algorithm converged after  41  iterations.
[1] 0.0090896743 0.0015509846 0.0005321776 0.0001088634
[1] 0.0100756074 0.0013452936 0.0006452350 0.0001430105
Algorithm converged after  13  iterations.
[1] 0.0090896743 0.0015509846 0.0006356323 0.0001452779
[1] 0.0083057745 0.0015473481 0.0007304919 0.0001610065
Algorithm converged after  12  iterations.
[1] 0.0090896743 0.0015509846 0.0005128141 0.0001136632
[1] 0.0063115795 0.0024346267 0.0015056088 0.0003483706
[1] 0.0061641764 0.0024876699 0.0016088653 0.0003631103
[1] 0.0061521151 0.0024916864 0.0016171722 0.0003642311
[1] 0.0061511180 0.0024919945 0.0016178262 0.0003643171
[1] 0.0061510364 0.0024920183 0.0016178775 0.0003643237
Algorithm converged after  51  iterations.
[1] 0.0090896743 0.0015509846 0.0005321776 0.0006356323
[1] 0.005032539 0.001319303 0.001514050 0.002195311
[1] 0.004857976 0.001438375 0.001559765 0.002189587
[1] 0.004982498 0.001479246 0.001534632 0.002140313
[1] 0.004984164 0.001479234 0.001534540 0.002139822
Algorithm converged after  47  iterations.
[1] 0.0090896743 0.0015509846 0.0005321776 0.0005128141
[1] 0.008310574 0.001569107 0.001070462 0.001220755
[1] 0.007950049 0.001529053 0.001068260 0.001344912
[1] 0.007944237 0.001529249 0.001068229 0.001348078
Algorithm converged after  35  iterations.
[1] 0.0090896743 0.0015509846 0.0006356323 0.0005128141
[1] 0.006592671 0.001835473 0.001582862 0.003749261
[1] 0.006246488 0.001767924 0.001549720 0.003362610
[1] 0.006233241 0.001767237 0.001551813 0.003358146
Algorithm converged after  39  iterations.
numeric(0)
Algorithm converged after  1  iterations.
[1] 0.001635326
Algorithm converged after  2  iterations.
[1] 0.001943088
Algorithm converged after  2  iterations.
[1] 0.003158209
Algorithm converged after  2  iterations.
[1] 0.0016353257 0.0005547617
Algorithm converged after  2  iterations.
[1] 0.0019430877 0.0006095412
Algorithm converged after  2  iterations.
[1] 0.0031582088 0.0005098345
Algorithm converged after  2  iterations.
[1] 0.001635326 0.001943088
Algorithm converged after  2  iterations.
[1] 0.001635326 0.003158209
Algorithm converged after  2  iterations.
[1] 0.001943088 0.003158209
Algorithm converged after  2  iterations.
[1] 0.0016353257 0.0005547617 0.0019430877
Algorithm converged after  2  iterations.
[1] 0.0016353257 0.0005547617 0.0031582088
Algorithm converged after  2  iterations.
[1] 0.0016353257 0.0019430877 0.0006095412
Algorithm converged after  2  iterations.
[1] 0.0016353257 0.0031582088 0.0005098345
Algorithm converged after  2  iterations.
[1] 0.0019430877 0.0006095412 0.0031582088
Algorithm converged after  2  iterations.
[1] 0.0019430877 0.0031582088 0.0005098345
Algorithm converged after  2  iterations.
[1] 0.001635326 0.001943088 0.003158209
Algorithm converged after  2  iterations.
[1] 0.0016353257 0.0005547617 0.0019430877 0.0006095412
Algorithm converged after  2  iterations.
[1] 0.0016353257 0.0005547617 0.0031582088 0.0005098345
Algorithm converged after  2  iterations.
[1] 0.0019430877 0.0006095412 0.0031582088 0.0005098345
Algorithm converged after  2  iterations.
[1] 0.0016353257 0.0005547617 0.0019430877 0.0031582088
Algorithm converged after  2  iterations.
[1] 0.0016353257 0.0019430877 0.0006095412 0.0031582088
Algorithm converged after  2  iterations.
[1] 0.0016353257 0.0019430877 0.0031582088 0.0005098345
Algorithm converged after  2  iterations.
[1] 0.008472992
Algorithm converged after  2  iterations.
[1] 0.0084729916 0.0008911108
[1] 0.013222994 0.001160487
[1] 0.013226811 0.001160742
Algorithm converged after  21  iterations.
[1] 0.0084729916 0.0008816029
[1] 0.010449958 0.001255928
Algorithm converged after  11  iterations.
[1] 0.0084729916 0.0005473562
[1] 0.013879263 0.004048262
[1] 0.013886456 0.004052038
Algorithm converged after  22  iterations.
[1] 0.0084729916 0.0008911108 0.0002056155
[1] 0.0097336398 0.0009451642 0.0002501420
Algorithm converged after  12  iterations.
[1] 0.0084729916 0.0008816029 0.0002031635
[1] 0.0087254822 0.0009365562 0.0002448374
Algorithm converged after  12  iterations.
[1] 0.0084729916 0.0005473562 0.0001751372
[1] 0.0156634767 0.0024406823 0.0005195948
[1] 0.0157619643 0.0024715656 0.0005212689
[1] 0.0157629462 0.0024718763 0.0005212856
Algorithm converged after  31  iterations.
[1] 0.0084729916 0.0008911108 0.0008816029
[1] 0.017622275 0.001576089 0.002171306
Algorithm converged after  17  iterations.
[1] 0.0084729916 0.0008911108 0.0005473562
[1] 0.025502962 0.001743693 0.010735814
[1] 0.025655200 0.001775441 0.011031707
[1] 0.025650560 0.001775105 0.011028751
Algorithm converged after  31  iterations.
[1] 0.0084729916 0.0008816029 0.0005473562
[1] 0.0137201922 0.0009225899 0.0035332922
[1] 0.0138593231 0.0009227089 0.0036450075
[1] 0.0138646390 0.0009227174 0.0036491126
Algorithm converged after  40  iterations.
[1] 0.0084729916 0.0008911108 0.0002056155 0.0008816029
[1] 0.0132933010 0.0011828347 0.0003407605 0.0014953270
Algorithm converged after  17  iterations.
[1] 0.0084729916 0.0008911108 0.0002056155 0.0005473562
[1] 0.0176179874 0.0012159899 0.0003190546 0.0057152363
[1] 0.0179009516 0.0012260591 0.0003237004 0.0058722649
[1] 0.0179138832 0.0012265232 0.0003239163 0.0058794686
[1] 0.0179144814 0.0012265447 0.0003239263 0.0058798019
Algorithm converged after  41  iterations.
[1] 0.0084729916 0.0008911108 0.0008816029 0.0002031635
[1] 0.0198331312 0.0015413520 0.0016252948 0.0006645777
[1] 0.0199286124 0.0015479480 0.0016363599 0.0006657272
Algorithm converged after  26  iterations.
[1] 0.0084729916 0.0008911108 0.0005473562 0.0001751372
[1] 0.031303500 0.001760835 0.004582813 0.001064496
[1] 0.031643858 0.001773355 0.004656154 0.001077109
[1] 0.031646791 0.001773463 0.004656759 0.001077219
Algorithm converged after  31  iterations.
[1] 0.0084729916 0.0008816029 0.0002031635 0.0005473562
[1] 0.0132282437 0.0008752228 0.0001872123 0.0037032566
[1] 0.0132496692 0.0008752472 0.0001872175 0.0037143221
Algorithm converged after  26  iterations.
[1] 0.0084729916 0.0008816029 0.0005473562 0.0001751372
[1] 0.0104758627 0.0013001017 0.0005733109 0.0001647355
[1] 0.0103710789 0.0013004953 0.0005732635 0.0001656881
Algorithm converged after  28  iterations.
[1] 0.0084729916 0.0008911108 0.0008816029 0.0005473562
[1] 0.030826612 0.002121377 0.001200049 0.013603100
[1] 0.030895151 0.003473768 0.001950163 0.017361335
[1] 0.030752804 0.003458000 0.001940492 0.017273187
[1] 0.030723938 0.003453893 0.001937926 0.017252672
[1] 0.030717043 0.003452898 0.001937303 0.017247730
[1] 0.030715381 0.003452657 0.001937153 0.017246538
[1] 0.030714980 0.003452599 0.001937116 0.017246250
Algorithm converged after  71  iterations.
[1] 0.008472992 0.001342547
Algorithm converged after  2  iterations.
[1] 0.008472992 0.001342547 0.000608709
[1] 0.009282805 0.001394661 0.001259710
[1] 0.009224133 0.001393688 0.001262158
[1] 0.009222304 0.001393645 0.001262224
Algorithm converged after  34  iterations.
[1] 0.0084729916 0.0013425469 0.0007452044
[1] 0.008177564 0.001657935 0.001693486
[1] 0.008005310 0.001695777 0.001764810
[1] 0.007915840 0.001702687 0.001780164
[1] 0.007902145 0.001703587 0.001781924
[1] 0.007900555 0.001703693 0.001782122
Algorithm converged after  60  iterations.
[1] 0.0084729916 0.0013425469 0.0004493343
[1] 0.004956717 0.001768708 0.002665298
[1] 0.005701394 0.001488536 0.001712983
[1] 0.005673944 0.001478652 0.001684288
[1] 0.005665049 0.001479821 0.001689594
[1] 0.005664853 0.001479956 0.001690087
[1] 0.005664921 0.001479953 0.001690066
Algorithm converged after  61  iterations.
[1] 0.0084729916 0.0013425469 0.0006087090 0.0001154575
[1] 0.0091325018 0.0011073513 0.0007361736 0.0001592920
Algorithm converged after  14  iterations.
[1] 0.0084729916 0.0013425469 0.0007452044 0.0001687240
[1] 0.0079336126 0.0014537793 0.0008738027 0.0001835332
Algorithm converged after  13  iterations.
[1] 0.0084729916 0.0013425469 0.0004493343 0.0001261193
[1] 0.0056225627 0.0023302664 0.0016232383 0.0003042013
[1] 0.0054610751 0.0023979213 0.0017548289 0.0003169612
[1] 0.0054487880 0.0024029633 0.0017649516 0.0003178365
[1] 0.0054479290 0.0024032949 0.0017656187 0.0003178889
Algorithm converged after  48  iterations.
[1] 0.0084729916 0.0013425469 0.0006087090 0.0007452044
[1] 0.004956935 0.001393877 0.001732120 0.002592826
[1] 0.0038096073 0.0009004715 0.0019395511 0.0028586002
[1] 0.0037229586 0.0009016609 0.0019631865 0.0027955676
[1] 0.003833356 0.001020446 0.001947613 0.002699410
[1] 0.003918396 0.001087984 0.001931898 0.002645298
[1] 0.003943521 0.001105159 0.001927222 0.002630885
[1] 0.003948283 0.001108238 0.001926366 0.002628288
[1] 0.003949059 0.001108732 0.001926229 0.002627872
[1] 0.003949181 0.001108810 0.001926208 0.002627807
Algorithm converged after  97  iterations.
[1] 0.0084729916 0.0013425469 0.0006087090 0.0004493343
[1] 0.006406104 0.001468120 0.001276973 0.001840705
[1] 0.005781127 0.001273516 0.001309799 0.001827272
[1] 0.005737810 0.001265075 0.001312163 0.001831388
[1] 0.005733855 0.001264458 0.001312352 0.001832052
[1] 0.005733496 0.001264409 0.001312368 0.001832131
Algorithm converged after  58  iterations.
[1] 0.0084729916 0.0013425469 0.0007452044 0.0004493343
[1] 0.005879451 0.001597116 0.001706109 0.003366425
[1] 0.005411410 0.001528342 0.001641187 0.002869914
[1] 0.005414828 0.001529664 0.001642739 0.002877589
Algorithm converged after  40  iterations.
numeric(0)
Algorithm converged after  1  iterations.
[1] 0.001708487
Algorithm converged after  2  iterations.
[1] 0.001821883
Algorithm converged after  2  iterations.
[1] 0.002533565
Algorithm converged after  2  iterations.
[1] 0.0017084871 0.0004686451
Algorithm converged after  2  iterations.
[1] 0.0018218826 0.0005913035
Algorithm converged after  2  iterations.
[1] 0.0025335651 0.0005240131
Algorithm converged after  2  iterations.
[1] 0.001708487 0.001821883
Algorithm converged after  2  iterations.
[1] 0.001708487 0.002533565
Algorithm converged after  2  iterations.
[1] 0.001821883 0.002533565
Algorithm converged after  2  iterations.
[1] 0.0017084871 0.0004686451 0.0018218826
Algorithm converged after  2  iterations.
[1] 0.0017084871 0.0004686451 0.0025335651
Algorithm converged after  2  iterations.
[1] 0.0017084871 0.0018218826 0.0005913035
Algorithm converged after  2  iterations.
[1] 0.0017084871 0.0025335651 0.0005240131
Algorithm converged after  2  iterations.
[1] 0.0018218826 0.0005913035 0.0025335651
Algorithm converged after  2  iterations.
[1] 0.0018218826 0.0025335651 0.0005240131
Algorithm converged after  2  iterations.
[1] 0.001708487 0.001821883 0.002533565
Algorithm converged after  2  iterations.
[1] 0.0017084871 0.0004686451 0.0018218826 0.0005913035
Algorithm converged after  2  iterations.
[1] 0.0017084871 0.0004686451 0.0025335651 0.0005240131
Algorithm converged after  2  iterations.
[1] 0.0018218826 0.0005913035 0.0025335651 0.0005240131
Algorithm converged after  2  iterations.
[1] 0.0017084871 0.0004686451 0.0018218826 0.0025335651
Algorithm converged after  2  iterations.
[1] 0.0017084871 0.0018218826 0.0005913035 0.0025335651
Algorithm converged after  2  iterations.
[1] 0.0017084871 0.0018218826 0.0025335651 0.0005240131
Algorithm converged after  2  iterations.
[1] 0.007019519
Algorithm converged after  2  iterations.
[1] 0.0070195186 0.0009571419
[1] 0.011415390 0.001430802
Algorithm converged after  15  iterations.
[1] 0.0070195186 0.0008595949
[1] 0.009657580 0.001224215
Algorithm converged after  14  iterations.
[1] 0.0070195186 0.0006287462
[1] 0.012655356 0.005706861
[1] 0.012686416 0.005730051
Algorithm converged after  26  iterations.
[1] 0.0070195186 0.0009571419 0.0002288188
[1] 0.008169265 0.001050739 0.000347183
Algorithm converged after  15  iterations.
[1] 0.0070195186 0.0008595949 0.0001966714
[1] 0.0074006659 0.0009125362 0.0002410685
Algorithm converged after  12  iterations.
[1] 0.0070195186 0.0006287462 0.0001895872
[1] 0.0128428007 0.0027156637 0.0005587515
[1] 0.012953897 0.002765435 0.000560726
[1] 0.0129556891 0.0027662458 0.0005607579
Algorithm converged after  34  iterations.
[1] 0.0070195186 0.0009571419 0.0008595949
[1] 0.014778486 0.001930649 0.001929524
Algorithm converged after  15  iterations.
[1] 0.0070195186 0.0009571419 0.0006287462
[1] 0.020331234 0.001506653 0.010252317
[1] 0.022373237 0.001602943 0.012111830
[1] 0.022643946 0.001616584 0.012362314
[1] 0.022677521 0.001618293 0.012393543
[1] 0.022681658 0.001618504 0.012397394
[1] 0.02268217 0.00161853 0.01239787
Algorithm converged after  63  iterations.
[1] 0.0070195186 0.0008595949 0.0006287462
[1] 0.015274113 0.001018018 0.007425623
[1] 0.016837732 0.001068091 0.008952485
[1] 0.017174099 0.001079890 0.009276789
[1] 0.017244334 0.001082404 0.009344577
[1] 0.017258949 0.001082929 0.009358689
[1] 0.017261989 0.001083039 0.009361624
[1] 0.017262621 0.001083062 0.009362234
Algorithm converged after  78  iterations.
[1] 0.0070195186 0.0009571419 0.0002288188 0.0008595949
[1] 0.014379084 0.001667057 0.000634702 0.001667926
[1] 0.0143885339 0.0016679465 0.0006348588 0.0016689131
Algorithm converged after  21  iterations.
[1] 0.0070195186 0.0009571419 0.0002288188 0.0006287462
[1] 0.013989110 0.001171044 0.000277179 0.006217456
[1] 0.014200318 0.001175763 0.000279502 0.006369227
[1] 0.0142071871 0.0011759174 0.0002795787 0.0063741779
Algorithm converged after  38  iterations.
[1] 0.0070195186 0.0009571419 0.0008595949 0.0001966714
[1] 0.016985692 0.001918803 0.001712070 0.000600656
Algorithm converged after  20  iterations.
[1] 0.0070195186 0.0009571419 0.0006287462 0.0001895872
[1] 0.0162316882 0.0017780309 0.0010385917 0.0002422869
[1] 0.0150348154 0.0017726827 0.0010203590 0.0002696711
[1] 0.0150423720 0.0017857065 0.0010371585 0.0002791955
[1] 0.0150529270 0.0017888295 0.0010411345 0.0002811986
[1] 0.0150552696 0.0017894556 0.0010419312 0.0002815935
[1] 0.0150557351 0.0017895779 0.0010420869 0.0002816704
[1] 0.0150558259 0.0017896017 0.0010421171 0.0002816854
Algorithm converged after  77  iterations.
[1] 0.0070195186 0.0008595949 0.0001966714 0.0006287462
[1] 0.0129665025 0.0009039260 0.0001870911 0.0059007132
[1] 0.0131282771 0.0009056848 0.0001876426 0.0060202395
[1] 0.0131323885 0.0009057301 0.0001876569 0.0060232857
Algorithm converged after  36  iterations.
[1] 0.0070195186 0.0008595949 0.0006287462 0.0001895872
[1] 0.0106497177 0.0012994878 0.0007110114 0.0002072906
[1] 0.0101824907 0.0012912301 0.0007037420 0.0002106721
[1] 0.0101722606 0.0012910808 0.0007036516 0.0002107833
Algorithm converged after  38  iterations.
[1] 0.0070195186 0.0009571419 0.0008595949 0.0006287462
[1] 0.023737080 0.001665082 0.001335958 0.003188529
[1] 0.023299910 0.001569554 0.001214645 0.004538758
[1] 0.029786594 0.001924935 0.001429606 0.016076648
[1] 0.031198619 0.003527368 0.003233412 0.022324633
[1] 0.031383577 0.003565456 0.003272708 0.022500318
[1] 0.031447811 0.003574478 0.003281529 0.022551114
[1] 0.031464263 0.003576745 0.003283736 0.022564012
[1] 0.031468413 0.003577316 0.003284292 0.022567263
[1] 0.031469459 0.003577460 0.003284432 0.022568083
Algorithm converged after  97  iterations.
[1] 0.007019519 0.001553210
Algorithm converged after  2  iterations.
[1] 0.0070195186 0.0015532097 0.0006251305
[1] 0.008181560 0.001530636 0.001246699
[1] 0.008175943 0.001530142 0.001247206
Algorithm converged after  24  iterations.
[1] 0.0070195186 0.0015532097 0.0006750039
[1] 0.005477705 0.001657211 0.001567201
[1] 0.005358364 0.001616753 0.001615372
[1] 0.005345671 0.001613976 0.001616878
[1] 0.005345035 0.001613858 0.001616930
Algorithm converged after  44  iterations.
[1] 0.0070195186 0.0015532097 0.0004941728
[1] 0.007743889 0.001733026 0.001414373
[1] 0.007593998 0.001712010 0.001316674
[1] 0.007589060 0.001711165 0.001313993
Algorithm converged after  40  iterations.
[1] 0.0070195186 0.0015532097 0.0006251305 0.0001130341
[1] 0.0073674328 0.0012389195 0.0007670713 0.0001809360
Algorithm converged after  13  iterations.
[1] 0.0070195186 0.0015532097 0.0006750039 0.0001437250
[1] 0.0065375415 0.0015143014 0.0007627401 0.0001643320
Algorithm converged after  12  iterations.
[1] 0.0070195186 0.0015532097 0.0004941728 0.0001320340
[1] 0.0049329762 0.0022410471 0.0014440455 0.0003887295
[1] 0.0048737292 0.0022580321 0.0014931944 0.0003940279
[1] 0.0048712815 0.0022583730 0.0014946114 0.0003940508
[1] 0.0048712409 0.0022583443 0.0014945670 0.0003940326
Algorithm converged after  45  iterations.
[1] 0.0070195186 0.0015532097 0.0006251305 0.0006750039
[1] 0.0030171068 0.0004454393 0.0020600688 0.0031859839
[1] 0.0025311479 0.0002788487 0.0021971309 0.0033022249
[1] 0.0025167531 0.0002729971 0.0021921921 0.0032894627
[1] 0.0025166654 0.0002721936 0.0021933306 0.0032872853
[1] 0.0025173265 0.0002720688 0.0021941099 0.0032865518
[1] 0.0025177135 0.0002720515 0.0021944773 0.0032862679
[1] 0.002517893 0.000272050 0.002194637 0.003286153
[1] 0.0025179706 0.0002720503 0.0021947044 0.0032861052
Algorithm converged after  90  iterations.
[1] 0.0070195186 0.0015532097 0.0006251305 0.0004941728
[1] 0.004072625 0.002056406 0.001244224 0.004415566
[1] 0.005900573 0.001931425 0.001412136 0.001425552
[1] 0.003868634 0.001002303 0.001332252 0.001995760
[1] 0.005237137 0.001598275 0.001417272 0.001143490
[1] 0.003509910 0.001032778 0.001339915 0.002204876
[1] 0.004919374 0.001997871 0.001450063 0.001750152
[1] 0.0037319800 0.0008684193 0.0014090310 0.0010413808
[1] 0.0031059763 0.0009350815 0.0013391265 0.0024277242
[1] 0.004744496 0.002103036 0.001490256 0.002585763
[1] 0.004574514 0.002121205 0.001509277 0.002176219
[1] 0.004470771 0.002112291 0.001517776 0.001876053
[1] 0.004392452 0.002075333 0.001525590 0.001591340
[1] 0.004291198 0.001733486 0.001536808 0.001046544
[1] 0.0030097155 0.0006150691 0.0014691389 0.0009668265
[1] 0.0025879707 0.0004605242 0.0014821106 0.0014676445
[1] 0.0025370431 0.0004421119 0.0014906501 0.0015432591
[1] 0.0025303672 0.0004395666 0.0014919748 0.0015522086
[1] 0.0025290319 0.0004389923 0.0014922574 0.0015535773
[1] 0.0025285925 0.0004387877 0.0014923538 0.0015539280
[1] 0.0025284073 0.0004386992 0.0014923948 0.0015540616
[1] 0.0025283233 0.0004386589 0.0014924135 0.0015541206
[1] 0.0025282847 0.0004386402 0.0014924221 0.0015541475
[1] 0.0025282668 0.0004386316 0.0014924261 0.0015541600
Algorithm converged after  235  iterations.
[1] 0.0070195186 0.0015532097 0.0006750039 0.0004941728
[1] 0.005894483 0.001898844 0.001381657 0.003644096
[1] 0.005043935 0.001811333 0.001411946 0.003067817
[1] 0.004713316 0.001768471 0.001449111 0.002899077
[1] 0.004631013 0.001753376 0.001463083 0.002869493
[1] 0.004622279 0.001751648 0.001464970 0.002868060
[1] 0.004621777 0.001751524 0.001465110 0.002868035
Algorithm converged after  69  iterations.
numeric(0)
Algorithm converged after  1  iterations.
[1] 0.00163803
Algorithm converged after  2  iterations.
[1] 0.002072809
Algorithm converged after  2  iterations.
[1] 0.00361245
Algorithm converged after  2  iterations.
[1] 0.0016380303 0.0005604503
Algorithm converged after  2  iterations.
[1] 0.0020728092 0.0006935475
Algorithm converged after  2  iterations.
[1] 0.0036124499 0.0005304134
Algorithm converged after  2  iterations.
[1] 0.001638030 0.002072809
Algorithm converged after  2  iterations.
[1] 0.00163803 0.00361245
Algorithm converged after  2  iterations.
[1] 0.002072809 0.003612450
Algorithm converged after  2  iterations.
[1] 0.0016380303 0.0005604503 0.0020728092
Algorithm converged after  2  iterations.
[1] 0.0016380303 0.0005604503 0.0036124499
Algorithm converged after  2  iterations.
[1] 0.0016380303 0.0020728092 0.0006935475
Algorithm converged after  2  iterations.
[1] 0.0016380303 0.0036124499 0.0005304134
Algorithm converged after  2  iterations.
[1] 0.0020728092 0.0006935475 0.0036124499
Algorithm converged after  2  iterations.
[1] 0.0020728092 0.0036124499 0.0005304134
Algorithm converged after  2  iterations.
[1] 0.001638030 0.002072809 0.003612450
Algorithm converged after  2  iterations.
[1] 0.0016380303 0.0005604503 0.0020728092 0.0006935475
Algorithm converged after  2  iterations.
[1] 0.0016380303 0.0005604503 0.0036124499 0.0005304134
Algorithm converged after  2  iterations.
[1] 0.0020728092 0.0006935475 0.0036124499 0.0005304134
Algorithm converged after  2  iterations.
[1] 0.0016380303 0.0005604503 0.0020728092 0.0036124499
Algorithm converged after  2  iterations.
[1] 0.0016380303 0.0020728092 0.0006935475 0.0036124499
Algorithm converged after  2  iterations.
[1] 0.0016380303 0.0020728092 0.0036124499 0.0005304134
Algorithm converged after  2  iterations.
[1] 0.00916602
Algorithm converged after  2  iterations.
[1] 0.0091660200 0.0009675348
[1] 0.013136932 0.001185222
[1] 0.013139555 0.001185333
Algorithm converged after  21  iterations.
[1] 0.0091660200 0.0008410013
[1] 0.011640077 0.001330009
Algorithm converged after  12  iterations.
[1] 0.0091660200 0.0006221821
[1] 0.01579876 0.00444825
[1] 0.015806651 0.004452083
Algorithm converged after  22  iterations.
[1] 0.0091660200 0.0009675348 0.0002121603
[1] 0.0101140112 0.0010086977 0.0002628875
Algorithm converged after  12  iterations.
[1] 0.0091660200 0.0008410013 0.0002507480
[1] 0.0096808205 0.0009216278 0.0003234880
Algorithm converged after  14  iterations.
[1] 0.0091660200 0.0006221821 0.0002219089
[1] 0.0160572139 0.0025608657 0.0005026632
[1] 0.0161460646 0.0025883319 0.0005038591
[1] 0.0161469737 0.0025886145 0.0005038714
Algorithm converged after  31  iterations.
[1] 0.0091660200 0.0009675348 0.0008410013
[1] 0.018492129 0.001589408 0.002281808
Algorithm converged after  17  iterations.
[1] 0.0091660200 0.0009675348 0.0006221821
[1] 0.02790302 0.00192428 0.01144842
[1] 0.027826035 0.001922873 0.011447794
Algorithm converged after  27  iterations.
[1] 0.0091660200 0.0008410013 0.0006221821
[1] 0.0177997463 0.0009862537 0.0045388554
[1] 0.0179509192 0.0009876703 0.0046489361
[1] 0.0179555594 0.0009877155 0.0046522413
Algorithm converged after  38  iterations.
[1] 0.0091660200 0.0009675348 0.0002121603 0.0008410013
[1] 0.0140351488 0.0012156313 0.0003645986 0.0015700884
Algorithm converged after  17  iterations.
[1] 0.0091660200 0.0009675348 0.0002121603 0.0006221821
[1] 0.0211259780 0.0013541336 0.0004338873 0.0069222682
[1] 0.0216844108 0.0013759998 0.0004472098 0.0072166048
[1] 0.0217220488 0.0013774974 0.0004481166 0.0072365347
[1] 0.0217246312 0.0013776003 0.0004481788 0.0072379025
Algorithm converged after  47  iterations.
[1] 0.0091660200 0.0009675348 0.0008410013 0.0002507480
[1] 0.0213356994 0.0015636729 0.0017144788 0.0006578516
[1] 0.0217644344 0.0015882696 0.0017648379 0.0006650031
[1] 0.0217700027 0.0015886022 0.0017655412 0.0006650981
Algorithm converged after  34  iterations.
[1] 0.0091660200 0.0009675348 0.0006221821 0.0002219089
[1] 0.0318714594 0.0017256596 0.0057947973 0.0009529338
[1] 0.0322738751 0.0017386806 0.0059086402 0.0009646805
[1] 0.0322777576 0.0017388086 0.0059098702 0.0009647792
Algorithm converged after  32  iterations.
[1] 0.0091660200 0.0008410013 0.0002507480 0.0006221821
[1] 0.0148438945 0.0008725760 0.0002345995 0.0038984909
[1] 0.0148638252 0.0008726827 0.0002346088 0.0039076448
Algorithm converged after  25  iterations.
[1] 0.0091660200 0.0008410013 0.0006221821 0.0002219089
[1] 0.0129157556 0.0013814222 0.0006155316 0.0001538620
[1] 0.0125049334 0.0013693280 0.0006054154 0.0001525370
[1] 0.0125011763 0.0013692228 0.0006053288 0.0001525264
Algorithm converged after  33  iterations.
[1] 0.0091660200 0.0009675348 0.0008410013 0.0006221821
[1] 0.038631602 0.003643294 0.001804940 0.019298514
[1] 0.038667169 0.004265456 0.002163598 0.020600818
[1] 0.038394377 0.004229390 0.002143366 0.020423964
[1] 0.038356806 0.004223795 0.002140349 0.020398081
[1] 0.038352102 0.004223082 0.002139970 0.020394813
Algorithm converged after  60  iterations.
[1] 0.009166020 0.001470679
Algorithm converged after  2  iterations.
[1] 0.0091660200 0.0014706787 0.0007175838
[1] 0.009477052 0.001578631 0.001462478
[1] 0.009429818 0.001580051 0.001464512
Algorithm converged after  30  iterations.
[1] 0.0091660200 0.0014706787 0.0006426074
[1] 0.010243220 0.001524193 0.001536541
[1] 0.010226347 0.001526978 0.001542761
[1] 0.010211875 0.001530297 0.001546432
[1] 0.010204626 0.001531865 0.001548216
[1] 0.010201263 0.001532573 0.001549033
[1] 0.010199753 0.001532887 0.001549398
[1] 0.010199086 0.001533025 0.001549558
[1] 0.010198793 0.001533086 0.001549629
[1] 0.010198665 0.001533112 0.001549660
Algorithm converged after  95  iterations.
[1] 0.0091660200 0.0014706787 0.0005193689
[1] 0.006491854 0.001501355 0.001856030
[1] 0.005945950 0.001485705 0.002027346
[1] 0.005961438 0.001488742 0.002036327
[1] 0.005961976 0.001488399 0.002034780
[1] 0.005961875 0.001488419 0.002034885
Algorithm converged after  52  iterations.
[1] 0.0091660200 0.0014706787 0.0007175838 0.0001310562
[1] 0.0098158646 0.0012607534 0.0008475033 0.0001929388
Algorithm converged after  15  iterations.
[1] 0.0091660200 0.0014706787 0.0006426074 0.0001973124
[1] 0.0092375232 0.0012892460 0.0007762166 0.0002530997
Algorithm converged after  11  iterations.
[1] 0.0091660200 0.0014706787 0.0005193689 0.0001411025
[1] 0.0055569218 0.0029401626 0.0022168793 0.0004104039
[1] 0.0054510067 0.0029978047 0.0023389503 0.0004235454
[1] 0.0054469725 0.0029984899 0.0023415519 0.0004234771
[1] 0.0054469060 0.0029982177 0.0023411220 0.0004233896
[1] 0.0054469105 0.0029981762 0.0023410487 0.0004233783
Algorithm converged after  51  iterations.
[1] 0.0091660200 0.0014706787 0.0007175838 0.0006426074
[1] 0.006308078 0.001745912 0.002102239 0.002574983
[1] 0.005594274 0.001503873 0.002234023 0.002703782
[1] 0.005491158 0.001485460 0.002247913 0.002666362
[1] 0.005505184 0.001510690 0.002238478 0.002629872
[1] 0.005516417 0.001520827 0.002233990 0.002617467
[1] 0.005519397 0.001523124 0.002232917 0.002614743
[1] 0.005519976 0.001523543 0.002232717 0.002614252
[1] 0.005520074 0.001523613 0.002232684 0.002614171
Algorithm converged after  85  iterations.
[1] 0.0091660200 0.0014706787 0.0007175838 0.0005193689
[1] 0.006267987 0.001484205 0.001417242 0.002158783
[1] 0.005876250 0.001361341 0.001433433 0.002026923
[1] 0.005876139 0.001358654 0.001434009 0.002016379
[1] 0.005876373 0.001358571 0.001434025 0.002015905
Algorithm converged after  45  iterations.
[1] 0.0091660200 0.0014706787 0.0006426074 0.0005193689
[1] 0.007101062 0.001629731 0.001540157 0.003295675
[1] 0.006977284 0.001600886 0.001497734 0.002956019
[1] 0.006981536 0.001601106 0.001492024 0.002931967
[1] 0.006983106 0.001601268 0.001490709 0.002927129
[1] 0.006983484 0.001601309 0.001490394 0.002925978
[1] 0.006983575 0.001601320 0.001490318 0.002925700
[1] 0.006983597 0.001601322 0.001490299 0.002925632
Algorithm converged after  72  iterations.
numeric(0)
Algorithm converged after  1  iterations.
[1] 0.001672334
Algorithm converged after  2  iterations.
[1] 0.001816103
Algorithm converged after  2  iterations.
[1] 0.002776649
Algorithm converged after  2  iterations.
[1] 0.0016723338 0.0004083178
Algorithm converged after  2  iterations.
[1] 0.0018161025 0.0005398046
Algorithm converged after  2  iterations.
[1] 0.0027766494 0.0005687718
Algorithm converged after  2  iterations.
[1] 0.001672334 0.001816103
Algorithm converged after  2  iterations.
[1] 0.001672334 0.002776649
Algorithm converged after  2  iterations.
[1] 0.001816103 0.002776649
Algorithm converged after  2  iterations.
[1] 0.0016723338 0.0004083178 0.0018161025
Algorithm converged after  2  iterations.
[1] 0.0016723338 0.0004083178 0.0027766494
Algorithm converged after  2  iterations.
[1] 0.0016723338 0.0018161025 0.0005398046
Algorithm converged after  2  iterations.
[1] 0.0016723338 0.0027766494 0.0005687718
Algorithm converged after  2  iterations.
[1] 0.0018161025 0.0005398046 0.0027766494
Algorithm converged after  2  iterations.
[1] 0.0018161025 0.0027766494 0.0005687718
Algorithm converged after  2  iterations.
[1] 0.001672334 0.001816103 0.002776649
Algorithm converged after  2  iterations.
[1] 0.0016723338 0.0004083178 0.0018161025 0.0005398046
Algorithm converged after  2  iterations.
[1] 0.0016723338 0.0004083178 0.0027766494 0.0005687718
Algorithm converged after  2  iterations.
[1] 0.0018161025 0.0005398046 0.0027766494 0.0005687718
Algorithm converged after  2  iterations.
[1] 0.0016723338 0.0004083178 0.0018161025 0.0027766494
Algorithm converged after  2  iterations.
[1] 0.0016723338 0.0018161025 0.0005398046 0.0027766494
Algorithm converged after  2  iterations.
[1] 0.0016723338 0.0018161025 0.0027766494 0.0005687718
Algorithm converged after  2  iterations.
[1] 0.007122738
Algorithm converged after  2  iterations.
[1] 0.0071227384 0.0009185765
[1] 0.011324177 0.001241734
[1] 0.011327604 0.001242105
Algorithm converged after  21  iterations.
[1] 0.0071227384 0.0009317768
Algorithm converged after  9  iterations.
[1] 0.0071227384 0.0007306869
[1] 0.013505199 0.004800367
[1] 0.013550978 0.004831458
Algorithm converged after  29  iterations.
[1] 0.0071227384 0.0009185765 0.0002031423
[1] 0.007528638 0.000954321 0.000258539
Algorithm converged after  12  iterations.
[1] 0.0071227384 0.0009317768 0.0001759320
[1] 0.0072946756 0.0010089873 0.0002384946
Algorithm converged after  14  iterations.
[1] 0.0071227384 0.0007306869 0.0004561270
[1] 0.0138987249 0.0030996215 0.0005242653
[1] 0.0141245224 0.0032008142 0.0005272203
[1] 0.0141320293 0.0032042107 0.0005273186
Algorithm converged after  39  iterations.
[1] 0.0071227384 0.0009185765 0.0009317768
[1] 0.015761532 0.001797140 0.002592929
Algorithm converged after  16  iterations.
[1] 0.0071227384 0.0009185765 0.0007306869
[1] 0.027739417 0.002058291 0.014329946
[1] 0.028168125 0.002115975 0.014898888
[1] 0.028169015 0.002116224 0.014902674
Algorithm converged after  31  iterations.
[1] 0.0071227384 0.0009317768 0.0007306869
[1] 0.013457723 0.001002485 0.003776562
[1] 0.0137534898 0.0009967236 0.0040901687
[1] 0.0137875187 0.0009961785 0.0041251427
[1] 0.0137913322 0.0009961189 0.0041290465
[1] 0.0137917581 0.0009961122 0.0041294823
Algorithm converged after  57  iterations.
[1] 0.0071227384 0.0009185765 0.0002031423 0.0009317768
[1] 0.0112307835 0.0012754347 0.0004111459 0.0017368699
[1] 0.0112434958 0.0012763223 0.0004115325 0.0017386863
Algorithm converged after  23  iterations.
[1] 0.0071227384 0.0009185765 0.0002031423 0.0007306869
[1] 0.0166939509 0.0012084397 0.0003585068 0.0065278793
[1] 0.0177880041 0.0012541366 0.0003916496 0.0072701500
[1] 0.0179773167 0.0012624814 0.0003977186 0.0073999887
[1] 0.0180117768 0.0012640145 0.0003988312 0.0074236629
[1] 0.0180181029 0.0012642964 0.0003990357 0.0074280103
[1] 0.0180192661 0.0012643483 0.0003990733 0.0074288096
Algorithm converged after  70  iterations.
[1] 0.0071227384 0.0009185765 0.0009317768 0.0001759320
[1] 0.0166611755 0.0016402645 0.0018267086 0.0007083044
[1] 0.0166952602 0.0016432122 0.0018319282 0.0007085274
Algorithm converged after  24  iterations.
[1] 0.0071227384 0.0009185765 0.0007306869 0.0004561270
[1] 0.030430580 0.002189030 0.005842969 0.001117746
[1] 0.030987652 0.002221834 0.006057823 0.001140386
[1] 0.031002388 0.002222701 0.006064509 0.001140969
Algorithm converged after  40  iterations.
[1] 0.0071227384 0.0009317768 0.0001759320 0.0007306869
[1] 0.0124582138 0.0008978843 0.0001607581 0.0040427048
[1] 0.0125497803 0.0008976096 0.0001605081 0.0041043742
[1] 0.0125516509 0.0008976041 0.0001605030 0.0041056367
Algorithm converged after  34  iterations.
[1] 0.0071227384 0.0009317768 0.0007306869 0.0004561270
[1] 0.0103007396 0.0013551977 0.0006740236 0.0002171136
[1] 0.0100311336 0.0013451460 0.0006598119 0.0002125260
[1] 0.0100232138 0.0013448664 0.0006594056 0.0002123930
Algorithm converged after  38  iterations.
[1] 0.0071227384 0.0009185765 0.0009317768 0.0007306869
[1] 0.029392873 0.001767952 0.001208657 0.008186821
[1] 0.040171508 0.004507487 0.002490745 0.025152633
[1] 0.041255070 0.004804683 0.002737334 0.026387354
[1] 0.041890851 0.004903095 0.002806180 0.026871829
[1] 0.042110502 0.004936389 0.002829363 0.027036469
[1] 0.042184783 0.004947626 0.002837186 0.027092050
[1] 0.042209884 0.004951423 0.002839830 0.027110827
[1] 0.042218370 0.004952707 0.002840724 0.027117176
[1] 0.042221240 0.004953141 0.002841027 0.027119323
[1] 0.042222210 0.004953288 0.002841129 0.027120049
Algorithm converged after  108  iterations.
[1] 0.007122738 0.001599942
Algorithm converged after  2  iterations.
[1] 0.0071227384 0.0015999422 0.0006367098
[1] 0.008215523 0.001591805 0.001223169
[1] 0.008208640 0.001592056 0.001224780
Algorithm converged after  27  iterations.
[1] 0.0071227384 0.0015999422 0.0007421281
[1] 0.007146563 0.001584014 0.001639694
[1] 0.007162054 0.001576776 0.001638947
Algorithm converged after  30  iterations.
[1] 0.0071227384 0.0015999422 0.0005087312
[1] 0.004607760 0.001185617 0.001874424
[1] 0.004437555 0.001141150 0.002017201
[1] 0.004436155 0.001141495 0.002023054
[1] 0.004436262 0.001141541 0.002023067
Algorithm converged after  41  iterations.
[1] 0.0071227384 0.0015999422 0.0006367098 0.0001331263
[1] 0.0074702098 0.0012782400 0.0007688569 0.0001793482
Algorithm converged after  13  iterations.
[1] 0.0071227384 0.0015999422 0.0007421281 0.0001373117
[1] 0.0067753279 0.0016292205 0.0008458570 0.0001568157
Algorithm converged after  12  iterations.
[1] 0.0071227384 0.0015999422 0.0005087312 0.0001225248
[1] 0.0047859468 0.0023209255 0.0015804703 0.0003990851
[1] 0.0045092165 0.0022939735 0.0018950159 0.0004390669
[1] 0.0044499025 0.0022593305 0.0019876420 0.0004386751
[1] 0.0044439776 0.0022817327 0.0019921196 0.0004329581
[1] 0.0048844665 0.0016464255 0.0022886755 0.0005979313
[1] 0.0047994364 0.0013348999 0.0025567040 0.0006055174
[1] 0.0048222764 0.0013720774 0.0025775140 0.0005568487
[1] 0.0048520221 0.0014692241 0.0025165475 0.0005364402
[1] 0.0048521785 0.0014932137 0.0024861421 0.0005373375
[1] 0.0048476860 0.0014816709 0.0024896899 0.0005403957
[1] 0.0048469729 0.0014764050 0.0024948307 0.0005406622
[1] 0.004847579 0.001477469 0.002494984 0.000540208
[1] 0.0048477817 0.0014784647 0.0024941900 0.0005400977
[1] 0.004847716 0.001478444 0.002494047 0.000540153
[1] 0.0048476738 0.0014782839 0.0024941510 0.0005401787
[1] 0.0048476781 0.0014782633 0.0024941892 0.0005401737
[1] 0.0048476853 0.0014782857 0.0024941783 0.0005401689
Algorithm converged after  173  iterations.
[1] 0.0071227384 0.0015999422 0.0006367098 0.0007421281
[1] 0.006222052 0.001670035 0.001593896 0.002231062
[1] 0.006317556 0.001694809 0.001595309 0.002291532
[1] 0.006790206 0.001666550 0.001563095 0.002257422
[1] 0.007233390 0.001621115 0.001534103 0.002238373
[1] 0.007646486 0.001569697 0.001506991 0.002238835
[1] 0.008005610 0.001523412 0.001482557 0.002263769
[1] 0.008297589 0.001487928 0.001459039 0.002311837
[1] 0.008498409 0.001457450 0.001423066 0.002360978
[1] 0.008548640 0.001430423 0.001371594 0.002374543
[1] 0.008543383 0.001419819 0.001347434 0.002378982
[1] 0.008538942 0.001416512 0.001339353 0.002382209
[1] 0.008537022 0.001415380 0.001336505 0.002383733
[1] 0.008536264 0.001414969 0.001335458 0.002384357
[1] 0.008535973 0.001414816 0.001335066 0.002384600
[1] 0.008535863 0.001414758 0.001334918 0.002384693
[1] 0.008535820 0.001414737 0.001334862 0.002384728
[1] 0.008535805 0.001414728 0.001334841 0.002384742
Algorithm converged after  171  iterations.
[1] 0.0071227384 0.0015999422 0.0006367098 0.0005087312
[1] 0.005594297 0.001531523 0.001253644 0.002371386
[1] 0.005148265 0.001179849 0.001256674 0.002096958
[1] 0.005179057 0.001178836 0.001258257 0.002054221
[1] 0.005180375 0.001179553 0.001258265 0.002054384
[1] 0.005180296 0.001179570 0.001258260 0.002054533
Algorithm converged after  53  iterations.
[1] 0.0071227384 0.0015999422 0.0007421281 0.0005087312
[1] 0.004892810 0.001767696 0.001673578 0.003358748
[1] 0.004590008 0.001519099 0.001673383 0.002953942
[1] 0.004593525 0.001518928 0.001672465 0.002944832
Algorithm converged after  40  iterations.
numeric(0)
Algorithm converged after  1  iterations.
[1] 0.001334637
Algorithm converged after  2  iterations.
[1] 0.002098071
Algorithm converged after  2  iterations.
[1] 0.003232751
Algorithm converged after  2  iterations.
[1] 0.0013346369 0.0003118084
Algorithm converged after  2  iterations.
[1] 0.002098071 0.000637613
Algorithm converged after  2  iterations.
[1] 0.0032327508 0.0006220046
Algorithm converged after  2  iterations.
[1] 0.001334637 0.002098071
Algorithm converged after  2  iterations.
[1] 0.001334637 0.003232751
Algorithm converged after  2  iterations.
[1] 0.002098071 0.003232751
Algorithm converged after  2  iterations.
[1] 0.0013346369 0.0003118084 0.0020980707
Algorithm converged after  2  iterations.
[1] 0.0013346369 0.0003118084 0.0032327508
Algorithm converged after  2  iterations.
[1] 0.001334637 0.002098071 0.000637613
Algorithm converged after  2  iterations.
[1] 0.0013346369 0.0032327508 0.0006220046
Algorithm converged after  2  iterations.
[1] 0.002098071 0.000637613 0.003232751
Algorithm converged after  2  iterations.
[1] 0.0020980707 0.0032327508 0.0006220046
Algorithm converged after  2  iterations.
[1] 0.001334637 0.002098071 0.003232751
Algorithm converged after  2  iterations.
[1] 0.0013346369 0.0003118084 0.0020980707 0.0006376130
Algorithm converged after  2  iterations.
[1] 0.0013346369 0.0003118084 0.0032327508 0.0006220046
Algorithm converged after  2  iterations.
[1] 0.0020980707 0.0006376130 0.0032327508 0.0006220046
Algorithm converged after  2  iterations.
[1] 0.0013346369 0.0003118084 0.0020980707 0.0032327508
Algorithm converged after  2  iterations.
[1] 0.001334637 0.002098071 0.000637613 0.003232751
Algorithm converged after  2  iterations.
[1] 0.0013346369 0.0020980707 0.0032327508 0.0006220046
Algorithm converged after  2  iterations.
[1] 0.007665802
Algorithm converged after  2  iterations.
[1] 0.0076658017 0.0009278098
[1] 0.012652924 0.001286168
Algorithm converged after  18  iterations.
[1] 0.0076658017 0.0008470332
[1] 0.009704745 0.001240909
Algorithm converged after  11  iterations.
[1] 0.0076658017 0.0007143714
[1] 0.013912838 0.005367022
[1] 0.013925835 0.005374805
Algorithm converged after  23  iterations.
[1] 0.0076658017 0.0009278098 0.0002269521
[1] 0.0091687550 0.0010085518 0.0003079891
Algorithm converged after  13  iterations.
[1] 0.0076658017 0.0008470332 0.0001948541
[1] 0.0077832774 0.0009033207 0.0002468454
Algorithm converged after  12  iterations.
[1] 0.0076658017 0.0007143714 0.0002468998
[1] 0.0142763637 0.0029035038 0.0006107502
[1] 0.0144082014 0.0029526916 0.0006127288
[1] 0.0144100698 0.0029533957 0.0006127569
Algorithm converged after  33  iterations.
[1] 0.0076658017 0.0009278098 0.0008470332
[1] 0.015874183 0.001749781 0.002138924
Algorithm converged after  16  iterations.
[1] 0.0076658017 0.0009278098 0.0007143714
[1] 0.027032265 0.001905082 0.013163463
[1] 0.027003544 0.001919462 0.013274834
Algorithm converged after  28  iterations.
[1] 0.0076658017 0.0008470332 0.0007143714
[1] 0.014381636 0.000965039 0.006017281
[1] 0.0147753085 0.0009729787 0.0063480716
[1] 0.0148013843 0.0009734802 0.0063689575
[1] 0.014803046 0.000973512 0.006370285
Algorithm converged after  47  iterations.
[1] 0.0076658017 0.0009278098 0.0002269521 0.0008470332
[1] 0.0138364837 0.0014066629 0.0005088296 0.0016373582
[1] 0.0138443671 0.0014073070 0.0005090044 0.0016382667
Algorithm converged after  21  iterations.
[1] 0.0076658017 0.0009278098 0.0002269521 0.0007143714
[1] 0.0188085977 0.0012973402 0.0004070136 0.0077494542
[1] 0.0194542323 0.0013252889 0.0004233275 0.0081368456
[1] 0.0195037164 0.0013274771 0.0004245833 0.0081666011
[1] 0.0195075726 0.0013276479 0.0004246811 0.0081689203
Algorithm converged after  49  iterations.
[1] 0.0076658017 0.0009278098 0.0008470332 0.0001948541
[1] 0.0185074630 0.0017282432 0.0017452041 0.0006391995
[1] 0.0185147560 0.0017295051 0.0017475417 0.0006393019
Algorithm converged after  21  iterations.
[1] 0.0076658017 0.0009278098 0.0007143714 0.0002468998
[1] 0.029235850 0.001883450 0.004502809 0.001107505
[1] 0.029588426 0.001897151 0.004631781 0.001124516
[1] 0.029594397 0.001897371 0.004634561 0.001124827
Algorithm converged after  37  iterations.
[1] 0.0076658017 0.0008470332 0.0001948541 0.0007143714
[1] 0.0132574358 0.0008940118 0.0001926781 0.0051337502
[1] 0.0133058369 0.0008942159 0.0001927598 0.0051624649
Algorithm converged after  29  iterations.
[1] 0.0076658017 0.0008470332 0.0007143714 0.0002468998
[1] 0.0095126816 0.0012526507 0.0007383378 0.0002315119
[1] 0.0091809652 0.0012466851 0.0007321509 0.0002319150
[1] 0.0091768368 0.0012465999 0.0007320797 0.0002319210
Algorithm converged after  34  iterations.
[1] 0.0076658017 0.0009278098 0.0008470332 0.0007143714
[1] 0.034536304 0.003137555 0.001796087 0.019205378
[1] 0.035516601 0.003986502 0.002531953 0.021462482
[1] 0.036142611 0.004079502 0.002591568 0.021900210
[1] 0.036311515 0.004104402 0.002607547 0.022017672
[1] 0.036357219 0.004111142 0.002611876 0.022049456
[1] 0.036369617 0.004112971 0.002613051 0.022058078
[1] 0.036372982 0.004113467 0.002613370 0.022060419
[1] 0.036373896 0.004113602 0.002613456 0.022061055
Algorithm converged after  86  iterations.
[1] 0.007665802 0.001587471
Algorithm converged after  2  iterations.
[1] 0.0076658017 0.0015874710 0.0006327042
[1] 0.009204801 0.001653547 0.001184905
[1] 0.009174061 0.001652307 0.001186794
[1] 0.009173058 0.001652264 0.001186840
Algorithm converged after  33  iterations.
[1] 0.0076658017 0.0015874710 0.0006679716
[1] 0.006668030 0.001727455 0.001531076
[1] 0.006510416 0.001718901 0.001573164
[1] 0.006498758 0.001718207 0.001575307
[1] 0.006498150 0.001718173 0.001575415
Algorithm converged after  43  iterations.
[1] 0.0076658017 0.0015874710 0.0005371526
[1] 0.004213201 0.001042451 0.003156606
[1] 0.0039752630 0.0007694446 0.0035050102
[1] 0.004834715 0.001462786 0.002286549
[1] 0.004807188 0.001489101 0.002448212
[1] 0.004797455 0.001490540 0.002471069
[1] 0.004795871 0.001490502 0.002473678
[1] 0.004795661 0.001490477 0.002473943
Algorithm converged after  77  iterations.
[1] 0.0076658017 0.0015874710 0.0006327042 0.0001296541
[1] 0.0085057432 0.0013416012 0.0007686780 0.0001776608
Algorithm converged after  13  iterations.
[1] 0.0076658017 0.0015874710 0.0006679716 0.0001568443
Algorithm converged after  10  iterations.
[1] 0.0076658017 0.0015874710 0.0005371526 0.0001540148
[1] 0.0046697811 0.0026124849 0.0021818469 0.0004811046
[1] 0.0045757512 0.0026469312 0.0023032615 0.0004867024
[1] 0.0045736529 0.0026450962 0.0022958528 0.0004837293
[1] 0.0045735392 0.0026442921 0.0022932880 0.0004831581
[1] 0.0045734744 0.0026441545 0.0022928912 0.0004830731
[1] 0.0045734587 0.0026441330 0.0022928317 0.0004830595
Algorithm converged after  62  iterations.
[1] 0.0076658017 0.0015874710 0.0006327042 0.0006679716
[1] 0.004909760 0.001186927 0.001551117 0.002573781
[1] 0.0042444005 0.0009371053 0.0016054301 0.0028093752
[1] 0.0041933926 0.0009127567 0.0016079064 0.0028174586
[1] 0.004182902 0.000906678 0.001608646 0.002816564
[1] 0.0041788563 0.0009042277 0.0016089501 0.0028157304
[1] 0.0041770793 0.0009031393 0.0016090844 0.0028152784
[1] 0.0041762689 0.0009026406 0.0016091457 0.0028150545
[1] 0.0041758933 0.0009024089 0.0016091741 0.0028149468
[1] 0.0041757179 0.0009023006 0.0016091874 0.0028148957
[1] 0.0041756356 0.0009022497 0.0016091936 0.0028148715
[1] 0.0041755969 0.0009022259 0.0016091965 0.0028148601
Algorithm converged after  120  iterations.
[1] 0.0076658017 0.0015874710 0.0006327042 0.0005371526
[1] 0.007400157 0.001685237 0.001214981 0.001286992
[1] 0.006649676 0.001393932 0.001209917 0.001367623
[1] 0.006587362 0.001382564 0.001208660 0.001385645
[1] 0.006581363 0.001381705 0.001208500 0.001387828
[1] 0.006580789 0.001381638 0.001208483 0.001388072
[1] 0.006580735 0.001381633 0.001208482 0.001388098
Algorithm converged after  62  iterations.
[1] 0.0076658017 0.0015874710 0.0006679716 0.0005371526
[1] 0.0037861222 0.0005610996 0.0022071316 0.0087921360
[1] 0.004336130 0.001890516 0.001484082 0.006212654
[1] 0.004334804 0.001892142 0.001486361 0.006312665
[1] 0.004338633 0.001893003 0.001487509 0.006341552
[1] 0.004339431 0.001893196 0.001487829 0.006348590
[1] 0.004339617 0.001893243 0.001487912 0.006350344
[1] 0.004339663 0.001893254 0.001487933 0.006350785
[1] 0.004339675 0.001893257 0.001487938 0.006350896
Algorithm converged after  81  iterations.
numeric(0)
Algorithm converged after  1  iterations.
[1] 0.001608007
Algorithm converged after  2  iterations.
[1] 0.002807065
Algorithm converged after  2  iterations.
[1] 0.003206013
Algorithm converged after  2  iterations.
[1] 0.0016080069 0.0004661678
Algorithm converged after  2  iterations.
[1] 0.0028070649 0.0005555729
Algorithm converged after  2  iterations.
[1] 0.0032060126 0.0005248739
Algorithm converged after  2  iterations.
[1] 0.001608007 0.002807065
Algorithm converged after  2  iterations.
[1] 0.001608007 0.003206013
Algorithm converged after  2  iterations.
[1] 0.002807065 0.003206013
Algorithm converged after  2  iterations.
[1] 0.0016080069 0.0004661678 0.0028070649
Algorithm converged after  2  iterations.
[1] 0.0016080069 0.0004661678 0.0032060126
Algorithm converged after  2  iterations.
[1] 0.0016080069 0.0028070649 0.0005555729
Algorithm converged after  2  iterations.
[1] 0.0016080069 0.0032060126 0.0005248739
Algorithm converged after  2  iterations.
[1] 0.0028070649 0.0005555729 0.0032060126
Algorithm converged after  2  iterations.
[1] 0.0028070649 0.0032060126 0.0005248739
Algorithm converged after  2  iterations.
[1] 0.001608007 0.002807065 0.003206013
Algorithm converged after  2  iterations.
[1] 0.0016080069 0.0004661678 0.0028070649 0.0005555729
Algorithm converged after  2  iterations.
[1] 0.0016080069 0.0004661678 0.0032060126 0.0005248739
Algorithm converged after  2  iterations.
[1] 0.0028070649 0.0005555729 0.0032060126 0.0005248739
Algorithm converged after  2  iterations.
[1] 0.0016080069 0.0004661678 0.0028070649 0.0032060126
Algorithm converged after  2  iterations.
[1] 0.0016080069 0.0028070649 0.0005555729 0.0032060126
Algorithm converged after  2  iterations.
[1] 0.0016080069 0.0028070649 0.0032060126 0.0005248739
Algorithm converged after  2  iterations.
[1] 0.0092535
Algorithm converged after  2  iterations.
[1] 0.0092534995 0.0009756483
[1] 0.014259885 0.001457596
Algorithm converged after  15  iterations.
[1] 0.0092534995 0.0007485674
[1] 0.010231727 0.001239442
Algorithm converged after  11  iterations.
[1] 0.0092534995 0.0009067342
[1] 0.014165488 0.004193072
[1] 0.014176524 0.004200855
Algorithm converged after  24  iterations.
[1] 0.0092534995 0.0009756483 0.0002642286
[1] 0.0115746501 0.0011304405 0.0003346748
Algorithm converged after  13  iterations.
[1] 0.0092534995 0.0007485674 0.0001918297
[1] 0.0082857031 0.0008186962 0.0002536880
Algorithm converged after  13  iterations.
[1] 0.0092534995 0.0009067342 0.0004470221
[1] 0.0155103741 0.0026541869 0.0005025465
[1] 0.0155599057 0.0026725280 0.0005032604
Algorithm converged after  29  iterations.
[1] 0.0092534995 0.0009756483 0.0007485674
[1] 0.016594593 0.001933438 0.002234870
Algorithm converged after  14  iterations.
[1] 0.0092534995 0.0009756483 0.0009067342
[1] 0.024415298 0.001516047 0.007957323
[1] 0.025560613 0.001560567 0.008974762
[1] 0.025694681 0.001566011 0.009096908
[1] 0.025710408 0.001566653 0.009111284
[1] 0.025712254 0.001566728 0.009112972
Algorithm converged after  60  iterations.
[1] 0.0092534995 0.0007485674 0.0009067342
[1] 0.0120067306 0.0007762958 0.0025064876
[1] 0.0120341181 0.0007743488 0.0025579526
[1] 0.0120351605 0.0007742823 0.0025597618
Algorithm converged after  38  iterations.
[1] 0.0092534995 0.0009756483 0.0002642286 0.0007485674
[1] 0.0155724079 0.0016470937 0.0004933556 0.0017631225
[1] 0.015583781 0.001648202 0.000493539 0.001764500
Algorithm converged after  21  iterations.
[1] 0.0092534995 0.0009756483 0.0002642286 0.0009067342
[1] 0.0181309376 0.0011944172 0.0003085932 0.0056834571
[1] 0.0183593504 0.0012020833 0.0003109532 0.0058459700
[1] 0.0183675594 0.0012023613 0.0003110394 0.0058518342
Algorithm converged after  40  iterations.
[1] 0.0092534995 0.0009756483 0.0007485674 0.0001918297
[1] 0.0168428820 0.0016888835 0.0014970901 0.0005542484
Algorithm converged after  19  iterations.
[1] 0.0092534995 0.0009756483 0.0009067342 0.0004470221
[1] 0.0303130410 0.0021605473 0.0030780433 0.0009097129
[1] 0.0304582931 0.0021674867 0.0031101631 0.0009161308
Algorithm converged after  30  iterations.
[1] 0.0092534995 0.0007485674 0.0001918297 0.0009067342
[1] 0.0116960309 0.0007073901 0.0001728989 0.0028080021
[1] 0.0117102211 0.0007071570 0.0001728066 0.0028162408
Algorithm converged after  26  iterations.
[1] 0.0092534995 0.0007485674 0.0009067342 0.0004470221
[1] 0.0157111603 0.0010951513 0.0009903819 0.0004912317
[1] 0.0157244838 0.0010955625 0.0009915431 0.0004915990
Algorithm converged after  22  iterations.
[1] 0.0092534995 0.0009756483 0.0007485674 0.0009067342
[1] 0.021677861 0.001657263 0.001166705 0.001723038
[1] 0.021688327 0.001657717 0.001166916 0.001724579
Algorithm converged after  21  iterations.
[1] 0.009253500 0.001442425
Algorithm converged after  2  iterations.
[1] 0.0092534995 0.0014424254 0.0006369615
[1] 0.011119664 0.001383699 0.001207300
[1] 0.011114466 0.001383705 0.001207592
Algorithm converged after  25  iterations.
[1] 0.0092534995 0.0014424254 0.0006175172
[1] 0.008384494 0.001567075 0.001320388
[1] 0.008431742 0.001591328 0.001385769
[1] 0.008416560 0.001597040 0.001396232
[1] 0.008413978 0.001597788 0.001397312
[1] 0.008413703 0.001597866 0.001397421
Algorithm converged after  55  iterations.
[1] 0.0092534995 0.0014424254 0.0004842867
[1] 0.010782471 0.001616254 0.001448745
[1] 0.010622079 0.001605954 0.001373401
[1] 0.010620897 0.001605863 0.001372974
Algorithm converged after  31  iterations.
[1] 0.0092534995 0.0014424254 0.0006369615 0.0001400516
[1] 0.0105221848 0.0012172558 0.0007760692 0.0001843874
Algorithm converged after  12  iterations.
[1] 0.0092534995 0.0014424254 0.0006175172 0.0001436771
[1] 0.0081344223 0.0014025221 0.0007141287 0.0001596388
Algorithm converged after  12  iterations.
[1] 0.0092534995 0.0014424254 0.0004842867 0.0001485899
[1] 0.0059313409 0.0022610473 0.0015873465 0.0003055307
[1] 0.0057670679 0.0023196289 0.0017062506 0.0003171177
[1] 0.0057551674 0.0023243716 0.0017161160 0.0003180549
[1] 0.0057542063 0.0023247908 0.0017169828 0.0003181391
[1] 0.0057541209 0.0023248309 0.0017170651 0.0003181473
Algorithm converged after  53  iterations.
[1] 0.0092534995 0.0014424254 0.0006369615 0.0006175172
[1] 0.009880967 0.001402690 0.001547813 0.002121201
[1] 0.010422203 0.001308131 0.001546808 0.002140001
[1] 0.011068968 0.001201683 0.001542832 0.002184782
[1] 0.011483733 0.001125693 0.001547442 0.002337455
[1] 0.011362044 0.001091182 0.001528739 0.002513313
[1] 0.011224955 0.001083607 0.001512864 0.002602995
[1] 0.011186334 0.001082926 0.001510507 0.002642694
[1] 0.011174463 0.001082937 0.001510119 0.002657412
[1] 0.011170589 0.001082969 0.001510030 0.002662529
[1] 0.011169296 0.001082983 0.001510004 0.002664273
[1] 0.011168861 0.001082988 0.001509996 0.002664863
[1] 0.011168715 0.001082990 0.001509994 0.002665063
[1] 0.011168665 0.001082990 0.001509993 0.002665130
Algorithm converged after  135  iterations.
[1] 0.0092534995 0.0014424254 0.0006369615 0.0004842867
[1] 0.005418181 0.001506111 0.001078527 0.002435884
[1] 0.008554488 0.001514650 0.001222765 0.001087141
[1] 0.0088303927 0.0014766994 0.0012356203 0.0009511169
[1] 0.0087905403 0.0014805393 0.0012340367 0.0009668361
[1] 0.008796244 0.001480097 0.001234244 0.000964854
[1] 0.0087955055 0.0014801425 0.0012342195 0.0009650824
[1] 0.0087955942 0.0014801382 0.0012342222 0.0009650581
Algorithm converged after  72  iterations.
[1] 0.0092534995 0.0014424254 0.0006175172 0.0004842867
[1] 0.008141279 0.002292920 0.002197211 0.004600444
[1] 0.008418395 0.001588326 0.001533059 0.003035481
[1] 0.007885167 0.001589539 0.001602191 0.002858281
[1] 0.007887575 0.001595629 0.001604940 0.002876578
[1] 0.007890901 0.001594850 0.001604115 0.002875134
[1] 0.007890213 0.001594918 0.001604239 0.002875164
Algorithm converged after  67  iterations.
numeric(0)
Algorithm converged after  1  iterations.
[1] 0.001503933
Algorithm converged after  2  iterations.
[1] 0.002031472
Algorithm converged after  2  iterations.
[1] 0.003049372
Algorithm converged after  2  iterations.
[1] 0.0015039333 0.0005567388
Algorithm converged after  2  iterations.
[1] 0.0020314716 0.0006309146
Algorithm converged after  2  iterations.
[1] 0.0030493718 0.0006215545
Algorithm converged after  2  iterations.
[1] 0.001503933 0.002031472
Algorithm converged after  2  iterations.
[1] 0.001503933 0.003049372
Algorithm converged after  2  iterations.
[1] 0.002031472 0.003049372
Algorithm converged after  2  iterations.
[1] 0.0015039333 0.0005567388 0.0020314716
Algorithm converged after  2  iterations.
[1] 0.0015039333 0.0005567388 0.0030493718
Algorithm converged after  2  iterations.
[1] 0.0015039333 0.0020314716 0.0006309146
Algorithm converged after  2  iterations.
[1] 0.0015039333 0.0030493718 0.0006215545
Algorithm converged after  2  iterations.
[1] 0.0020314716 0.0006309146 0.0030493718
Algorithm converged after  2  iterations.
[1] 0.0020314716 0.0030493718 0.0006215545
Algorithm converged after  2  iterations.
[1] 0.001503933 0.002031472 0.003049372
Algorithm converged after  2  iterations.
[1] 0.0015039333 0.0005567388 0.0020314716 0.0006309146
Algorithm converged after  2  iterations.
[1] 0.0015039333 0.0005567388 0.0030493718 0.0006215545
Algorithm converged after  2  iterations.
[1] 0.0020314716 0.0006309146 0.0030493718 0.0006215545
Algorithm converged after  2  iterations.
[1] 0.0015039333 0.0005567388 0.0020314716 0.0030493718
Algorithm converged after  2  iterations.
[1] 0.0015039333 0.0020314716 0.0006309146 0.0030493718
Algorithm converged after  2  iterations.
[1] 0.0015039333 0.0020314716 0.0030493718 0.0006215545
Algorithm converged after  2  iterations.
[1] 0.008104276
Algorithm converged after  2  iterations.
[1] 0.0081042757 0.0008139168
[1] 0.012133088 0.001031246
Algorithm converged after  20  iterations.
[1] 0.0081042757 0.0008930133
Algorithm converged after  9  iterations.
[1] 0.0081042757 0.0006975645
[1] 0.015612041 0.005658723
[1] 0.015641736 0.005675762
Algorithm converged after  25  iterations.
[1] 0.0081042757 0.0008139168 0.0002018429
[1] 0.0090953255 0.0008550410 0.0002512212
Algorithm converged after  12  iterations.
[1] 0.0081042757 0.0008930133 0.0002056533
[1] 0.0089062159 0.0010231576 0.0003591098
Algorithm converged after  17  iterations.
[1] 0.0081042757 0.0006975645 0.0002203125
[1] 0.016153599 0.003288397 0.000616535
[1] 0.0162877797 0.0033411588 0.0006186053
[1] 0.0162895470 0.0033418596 0.0006186325
Algorithm converged after  32  iterations.
[1] 0.0081042757 0.0008139168 0.0008930133
[1] 0.017742751 0.001393272 0.002507554
Algorithm converged after  19  iterations.
[1] 0.0081042757 0.0008139168 0.0006975645
[1] 0.025840351 0.001596818 0.011981338
[1] 0.026210317 0.001626134 0.012319928
Algorithm converged after  30  iterations.
[1] 0.0081042757 0.0008930133 0.0006975645
[1] 0.0153756517 0.0009173765 0.0047663282
[1] 0.0159504999 0.0009162902 0.0052389710
[1] 0.0160223972 0.0009163263 0.0052954173
[1] 0.0160310837 0.0009163327 0.0053022112
[1] 0.0160321308 0.0009163335 0.0053030299
Algorithm converged after  59  iterations.
[1] 0.0081042757 0.0008139168 0.0002018429 0.0008930133
[1] 0.012558994 0.001047892 0.000334847 0.001799415
Algorithm converged after  20  iterations.
[1] 0.0081042757 0.0008139168 0.0002018429 0.0006975645
[1] 0.0202235000 0.0012022846 0.0003772267 0.0080231589
[1] 0.0207796366 0.0012199772 0.0003856652 0.0083482561
[1] 0.0208125165 0.0012210359 0.0003861659 0.0083675461
[1] 0.0208144834 0.0012210993 0.0003861959 0.0083687003
Algorithm converged after  45  iterations.
[1] 0.0081042757 0.0008139168 0.0008930133 0.0002056533
[1] 0.019326436 0.001392671 0.001804684 0.000674420
[1] 0.0194429313 0.0013997340 0.0018181375 0.0006750867
Algorithm converged after  28  iterations.
[1] 0.0081042757 0.0008139168 0.0006975645 0.0002203125
[1] 0.030782158 0.001611249 0.005690062 0.001150663
[1] 0.031105441 0.001622314 0.005756581 0.001163191
Algorithm converged after  29  iterations.
[1] 0.0081042757 0.0008930133 0.0002056533 0.0006975645
[1] 0.0149104008 0.0008596346 0.0001560929 0.0052282543
[1] 0.0150139221 0.0008597843 0.0001560838 0.0052874965
[1] 0.0150156890 0.0008597870 0.0001560837 0.0052885093
Algorithm converged after  33  iterations.
[1] 0.0081042757 0.0008930133 0.0006975645 0.0002203125
[1] 0.0094041925 0.0014373065 0.0007010901 0.0001889228
[1] 0.0093803961 0.0014367142 0.0007006418 0.0001888954
Algorithm converged after  24  iterations.
[1] 0.0081042757 0.0008139168 0.0008930133 0.0006975645
[1] 0.029535160 0.001535263 0.001036899 0.012057943
[1] 0.034206219 0.003407369 0.002402424 0.020387118
[1] 0.034812516 0.003497407 0.002484088 0.020868865
[1] 0.035041345 0.003524704 0.002509594 0.021032933
[1] 0.035116492 0.003533609 0.002517933 0.021086637
[1] 0.035141133 0.003536529 0.002520669 0.021104245
[1] 0.035149222 0.003537487 0.002521567 0.021110025
[1] 0.035151878 0.003537802 0.002521862 0.021111923
[1] 0.035152750 0.003537905 0.002521959 0.021112546
Algorithm converged after  99  iterations.
[1] 0.008104276 0.001512002
Algorithm converged after  2  iterations.
[1] 0.0081042757 0.0015120019 0.0005485648
[1] 0.008895761 0.001465881 0.001049211
[1] 0.008855484 0.001464227 0.001050358
[1] 0.008853557 0.001464158 0.001050389
Algorithm converged after  36  iterations.
[1] 0.0081042757 0.0015120019 0.0007094554
[1] 0.008726549 0.001412977 0.001652734
[1] 0.008714390 0.001413891 0.001661634
[1] 0.008714256 0.001413874 0.001661878
Algorithm converged after  33  iterations.
[1] 0.0081042757 0.0015120019 0.0005190626
[1] 0.005613585 0.001573515 0.001965697
[1] 0.005399739 0.001465248 0.001733808
[1] 0.005382243 0.001466440 0.001751201
[1] 0.005382812 0.001466555 0.001751282
Algorithm converged after  49  iterations.
[1] 0.0081042757 0.0015120019 0.0005485648 0.0001094454
[1] 0.0085218396 0.0013186557 0.0006365710 0.0001444015
Algorithm converged after  13  iterations.
[1] 0.0081042757 0.0015120019 0.0007094554 0.0001592830
[1] 0.0075502538 0.0015201563 0.0008479307 0.0002002967
Algorithm converged after  13  iterations.
[1] 0.0081042757 0.0015120019 0.0005190626 0.0001175804
[1] 0.006138515 0.002101025 0.001059171 0.000206154
[1] 0.0060056006 0.0021423085 0.0011257005 0.0002153636
[1] 0.0059929559 0.0021462504 0.0011323257 0.0002162492
[1] 0.0059917474 0.0021466275 0.0011329618 0.0002163337
[1] 0.0059916320 0.0021466635 0.0011330226 0.0002163418
Algorithm converged after  53  iterations.
[1] 0.0081042757 0.0015120019 0.0005485648 0.0007094554
[1] 0.009311032 0.001461998 0.001105049 0.002025309
[1] 0.009976372 0.001466363 0.001097707 0.002323611
[1] 0.010197516 0.001502078 0.001110514 0.002526636
[1] 0.010355011 0.001528431 0.001122919 0.002674526
[1] 0.010463326 0.001546462 0.001132343 0.002776720
[1] 0.010531760 0.001557628 0.001138555 0.002841273
[1] 0.010572077 0.001564078 0.001142283 0.002879274
[1] 0.010594762 0.001567656 0.001144399 0.002900644
[1] 0.010607181 0.001569597 0.001145562 0.002912342
[1] 0.010613879 0.001570639 0.001146190 0.002918649
[1] 0.010617460 0.001571194 0.001146526 0.002922022
[1] 0.010619367 0.001571489 0.001146706 0.002923818
[1] 0.010620380 0.001571646 0.001146801 0.002924771
[1] 0.010620917 0.001571729 0.001146851 0.002925277
[1] 0.010621202 0.001571773 0.001146878 0.002925545
[1] 0.010621353 0.001571796 0.001146892 0.002925687
[1] 0.010621433 0.001571809 0.001146900 0.002925763
[1] 0.010621475 0.001571815 0.001146904 0.002925803
Algorithm converged after  182  iterations.
[1] 0.0081042757 0.0015120019 0.0005485648 0.0005190626
[1] 0.004794668 0.001416997 0.001008142 0.003342020
[1] 0.004825147 0.001091616 0.001037425 0.002139458
[1] 0.004888947 0.001096129 0.001038029 0.002079530
[1] 0.004890840 0.001096906 0.001037961 0.002080105
[1] 0.004890684 0.001096932 0.001037955 0.002080385
Algorithm converged after  57  iterations.
[1] 0.0081042757 0.0015120019 0.0007094554 0.0005190626
[1] 0.006344740 0.001738862 0.002063279 0.003857749
[1] 0.006445706 0.001732334 0.002056049 0.004002620
[1] 0.006470674 0.001732980 0.002057116 0.004041675
[1] 0.006474753 0.001733086 0.002057311 0.004048029
[1] 0.006475403 0.001733103 0.002057341 0.004049041
[1] 0.006475506 0.001733105 0.002057346 0.004049202
Algorithm converged after  64  iterations.
numeric(0)
Algorithm converged after  1  iterations.
[1] 0.001812209
Algorithm converged after  2  iterations.
[1] 0.002230819
Algorithm converged after  2  iterations.
[1] 0.003308989
Algorithm converged after  2  iterations.
[1] 0.0018122092 0.0006442803
Algorithm converged after  2  iterations.
[1] 0.0022308187 0.0006879206
Algorithm converged after  2  iterations.
[1] 0.0033089891 0.0006205561
Algorithm converged after  2  iterations.
[1] 0.001812209 0.002230819
Algorithm converged after  2  iterations.
[1] 0.001812209 0.003308989
Algorithm converged after  2  iterations.
[1] 0.002230819 0.003308989
Algorithm converged after  2  iterations.
[1] 0.0018122092 0.0006442803 0.0022308187
Algorithm converged after  2  iterations.
[1] 0.0018122092 0.0006442803 0.0033089891
Algorithm converged after  2  iterations.
[1] 0.0018122092 0.0022308187 0.0006879206
Algorithm converged after  2  iterations.
[1] 0.0018122092 0.0033089891 0.0006205561
Algorithm converged after  2  iterations.
[1] 0.0022308187 0.0006879206 0.0033089891
Algorithm converged after  2  iterations.
[1] 0.0022308187 0.0033089891 0.0006205561
Algorithm converged after  2  iterations.
[1] 0.001812209 0.002230819 0.003308989
Algorithm converged after  2  iterations.
[1] 0.0018122092 0.0006442803 0.0022308187 0.0006879206
Algorithm converged after  2  iterations.
[1] 0.0018122092 0.0006442803 0.0033089891 0.0006205561
Algorithm converged after  2  iterations.
[1] 0.0022308187 0.0006879206 0.0033089891 0.0006205561
Algorithm converged after  2  iterations.
[1] 0.0018122092 0.0006442803 0.0022308187 0.0033089891
Algorithm converged after  2  iterations.
[1] 0.0018122092 0.0022308187 0.0006879206 0.0033089891
Algorithm converged after  2  iterations.
[1] 0.0018122092 0.0022308187 0.0033089891 0.0006205561
Algorithm converged after  2  iterations.
[1] 0.009034325
Algorithm converged after  2  iterations.
[1] 0.0090343254 0.0008236089
[1] 0.012967221 0.001075201
[1] 0.01297161 0.00107540
Algorithm converged after  22  iterations.
[1] 0.0090343254 0.0009597521
Algorithm converged after  9  iterations.
[1] 0.009034325 0.000775016
[1] 0.015621358 0.005057407
[1] 0.015641072 0.005070112
Algorithm converged after  25  iterations.
[1] 0.0090343254 0.0008236089 0.0002064883
[1] 0.0101597319 0.0008752616 0.0002546297
Algorithm converged after  12  iterations.
[1] 0.0090343254 0.0009597521 0.0002487240
[1] 0.0104823087 0.0011435995 0.0005201983
Algorithm converged after  14  iterations.
[1] 0.0090343254 0.0007750160 0.0004648592
[1] 0.0168587075 0.0030823339 0.0005874809
[1] 0.0170010981 0.0031375663 0.0005898947
[1] 0.017003585 0.003138540 0.000589937
Algorithm converged after  34  iterations.
[1] 0.0090343254 0.0008236089 0.0009597521
[1] 0.018180832 0.001536770 0.002688011
Algorithm converged after  17  iterations.
[1] 0.0090343254 0.0008236089 0.0007750160
[1] 0.026376020 0.002045294 0.012917024
[1] 0.026391530 0.002053579 0.012974389
Algorithm converged after  26  iterations.
[1] 0.0090343254 0.0009597521 0.0007750160
[1] 0.016190887 0.001123751 0.003041493
[1] 0.016329332 0.001117396 0.003167197
[1] 0.016339726 0.001116932 0.003176640
[1] 0.016340510 0.001116897 0.003177352
Algorithm converged after  48  iterations.
[1] 0.0090343254 0.0008236089 0.0002064883 0.0009597521
[1] 0.0139693927 0.0011159242 0.0003473154 0.0019959913
[1] 0.013975830 0.001116318 0.000347441 0.001996944
Algorithm converged after  21  iterations.
[1] 0.0090343254 0.0008236089 0.0002064883 0.0007750160
[1] 0.0221756997 0.0013906441 0.0004541163 0.0089257964
[1] 0.0236468902 0.0014825260 0.0004846795 0.0099165862
[1] 0.0238547376 0.0014959542 0.0004887687 0.0100577079
[1] 0.0238842824 0.0014978717 0.0004893452 0.0100777913
[1] 0.0238884849 0.0014981446 0.0004894271 0.0100806484
[1] 0.0238890827 0.0014981835 0.0004894388 0.0100810549
Algorithm converged after  63  iterations.
[1] 0.0090343254 0.0008236089 0.0009597521 0.0002487240
[1] 0.0207858876 0.0015297848 0.0019786759 0.0007018116
[1] 0.0208762801 0.0015372576 0.0019917729 0.0007023415
Algorithm converged after  28  iterations.
[1] 0.0090343254 0.0008236089 0.0007750160 0.0004648592
[1] 0.032207095 0.001913752 0.006119679 0.001102912
[1] 0.032543537 0.001930820 0.006228415 0.001114560
[1] 0.032547122 0.001931000 0.006229568 0.001114683
Algorithm converged after  32  iterations.
[1] 0.0090343254 0.0009597521 0.0002487240 0.0007750160
[1] 0.0154413931 0.0008973496 0.0001936636 0.0045677784
[1] 0.0154975417 0.0008971575 0.0001934302 0.0046055421
Algorithm converged after  30  iterations.
[1] 0.0090343254 0.0009597521 0.0007750160 0.0004648592
[1] 0.0127251978 0.0015851842 0.0007937826 0.0002298912
[1] 0.0126283572 0.0015779788 0.0007889896 0.0002290179
Algorithm converged after  27  iterations.
[1] 0.0090343254 0.0008236089 0.0009597521 0.0007750160
[1] 0.034352608 0.001753086 0.001248677 0.010146713
[1] 0.042934995 0.005277435 0.002335848 0.027018957
[1] 0.043228350 0.005497977 0.002481115 0.027607002
[1] 0.043565956 0.005556200 0.002517056 0.027873432
[1] 0.043692658 0.005577286 0.002530124 0.027971889
[1] 0.043739197 0.005585010 0.002534916 0.028008016
[1] 0.043756291 0.005587847 0.002536676 0.028021285
[1] 0.043762574 0.005588890 0.002537323 0.028026161
[1] 0.043764883 0.005589273 0.002537561 0.028027954
[1] 0.043765732 0.005589414 0.002537649 0.028028613
Algorithm converged after  109  iterations.
[1] 0.009034325 0.001812717
Algorithm converged after  2  iterations.
[1] 0.0090343254 0.0018127167 0.0006059275
[1] 0.009062653 0.001844619 0.001226497
[1] 0.008979726 0.001842802 0.001230370
[1] 0.008975708 0.001842740 0.001230530
Algorithm converged after  38  iterations.
[1] 0.0090343254 0.0018127167 0.0007244987
[1] 0.009394863 0.001678315 0.001556194
[1] 0.009404863 0.001677266 0.001550642
Algorithm converged after  22  iterations.
[1] 0.0090343254 0.0018127167 0.0004489919
[1] 0.006540596 0.001630547 0.001425212
[1] 0.006173715 0.001613188 0.001598175
[1] 0.006164963 0.001615517 0.001613077
[1] 0.006165624 0.001615616 0.001613104
Algorithm converged after  50  iterations.
[1] 0.0090343254 0.0018127167 0.0006059275 0.0001296557
[1] 0.0095284184 0.0017909090 0.0007082388 0.0001746755
Algorithm converged after  15  iterations.
[1] 0.0090343254 0.0018127167 0.0007244987 0.0001718212
[1] 0.0089321033 0.0017896232 0.0008321580 0.0002029334
Algorithm converged after  11  iterations.
[1] 0.0090343254 0.0018127167 0.0004489919 0.0001067450
[1] 0.0066764432 0.0025420979 0.0012266042 0.0002570555
[1] 0.0065252445 0.0025859807 0.0013169664 0.0002669847
[1] 0.0065080404 0.0025906855 0.0013272678 0.0002680439
[1] 0.0065060744 0.0025912149 0.0013284383 0.0002681623
[1] 0.0065058512 0.0025912748 0.0013285709 0.0002681757
Algorithm converged after  57  iterations.
[1] 0.0090343254 0.0018127167 0.0006059275 0.0007244987
[1] 0.005798878 0.002003161 0.001233262 0.001650467
[1] 0.010107672 0.001683651 0.001350199 0.002334642
[1] 0.011175838 0.001737919 0.001449378 0.002949942
[1] 0.011316590 0.001702177 0.001428198 0.003188465
[1] 0.011314488 0.001696114 0.001420365 0.003201184
[1] 0.011314512 0.001695596 0.001419746 0.003202209
[1] 0.011314519 0.001695544 0.001419686 0.003202311
Algorithm converged after  72  iterations.
[1] 0.0090343254 0.0018127167 0.0006059275 0.0004489919
[1] 0.005322181 0.001826695 0.001290404 0.004721631
[1] 0.004995648 0.001456065 0.001332473 0.003767117
[1] 0.005032445 0.001486779 0.001327848 0.003817604
[1] 0.005028499 0.001484679 0.001328284 0.003817517
[1] 0.005028774 0.001484756 0.001328257 0.003817219
Algorithm converged after  58  iterations.
[1] 0.0090343254 0.0018127167 0.0007244987 0.0004489919
[1] 0.006738817 0.001862766 0.001687431 0.002188737
[1] 0.006408966 0.001722879 0.001646799 0.001868659
[1] 0.006416625 0.001725325 0.001647428 0.001869539
Algorithm converged after  39  iterations.
numeric(0)
Algorithm converged after  1  iterations.
[1] 0.001909255
Algorithm converged after  2  iterations.
[1] 0.002184202
Algorithm converged after  2  iterations.
[1] 0.003602516
Algorithm converged after  2  iterations.
[1] 0.0019092553 0.0005379193
Algorithm converged after  2  iterations.
[1] 0.0021842019 0.0007557767
Algorithm converged after  2  iterations.
[1] 0.0036025162 0.0006001791
Algorithm converged after  2  iterations.
[1] 0.001909255 0.002184202
Algorithm converged after  2  iterations.
[1] 0.001909255 0.003602516
Algorithm converged after  2  iterations.
[1] 0.002184202 0.003602516
Algorithm converged after  2  iterations.
[1] 0.0019092553 0.0005379193 0.0021842019
Algorithm converged after  2  iterations.
[1] 0.0019092553 0.0005379193 0.0036025162
Algorithm converged after  2  iterations.
[1] 0.0019092553 0.0021842019 0.0007557767
Algorithm converged after  2  iterations.
[1] 0.0019092553 0.0036025162 0.0006001791
Algorithm converged after  2  iterations.
[1] 0.0021842019 0.0007557767 0.0036025162
Algorithm converged after  2  iterations.
[1] 0.0021842019 0.0036025162 0.0006001791
Algorithm converged after  2  iterations.
[1] 0.001909255 0.002184202 0.003602516
Algorithm converged after  2  iterations.
[1] 0.0019092553 0.0005379193 0.0021842019 0.0007557767
Algorithm converged after  2  iterations.
[1] 0.0019092553 0.0005379193 0.0036025162 0.0006001791
Algorithm converged after  2  iterations.
[1] 0.0021842019 0.0007557767 0.0036025162 0.0006001791
Algorithm converged after  2  iterations.
[1] 0.0019092553 0.0005379193 0.0021842019 0.0036025162
Algorithm converged after  2  iterations.
[1] 0.0019092553 0.0021842019 0.0007557767 0.0036025162
Algorithm converged after  2  iterations.
[1] 0.0019092553 0.0021842019 0.0036025162 0.0006001791
Algorithm converged after  2  iterations.
[1] 0.00929034
Algorithm converged after  2  iterations.
[1] 0.009290340 0.001104774
[1] 0.01461707 0.00151270
[1] 0.014620762 0.001513208
Algorithm converged after  22  iterations.
[1] 0.0092903397 0.0009314546
[1] 0.011031879 0.001346994
[1] 0.010941389 0.001361292
[1] 0.010887734 0.001364516
[1] 0.010860842 0.001364208
[1] 0.010847527 0.001363349
[1] 0.010840861 0.001362696
[1] 0.010837428 0.001362291
[1] 0.010835633 0.001362059
[1] 0.01083469 0.00136193
[1] 0.010834184 0.001361861
[1] 0.010833917 0.001361823
[1] 0.010833775 0.001361803
[1] 0.010833700 0.001361792
[1] 0.010833659 0.001361786
[1] 0.010833638 0.001361783
[1] 0.010833626 0.001361782
[1] 0.010833620 0.001361781
Algorithm converged after  178  iterations.
[1] 0.009290340 0.000759737
[1] 0.015441308 0.003928328
[1] 0.015446496 0.003930777
Algorithm converged after  21  iterations.
[1] 0.0092903397 0.0011047739 0.0002786986
[1] 0.0110457867 0.0012023621 0.0003543284
Algorithm converged after  13  iterations.
[1] 0.0092903397 0.0009314546 0.0001712802
[1] 0.0094518749 0.0009819453 0.0002120833
Algorithm converged after  12  iterations.
[1] 0.0092903397 0.0007597370 0.0003611936
[1] 0.017001094 0.002649167 0.000544372
[1] 0.0171030206 0.0026798368 0.0005460051
[1] 0.0171042211 0.0026802000 0.0005460243
Algorithm converged after  31  iterations.
[1] 0.0092903397 0.0011047739 0.0009314546
[1] 0.018230905 0.002102565 0.002429286
Algorithm converged after  17  iterations.
[1] 0.009290340 0.001104774 0.000759737
[1] 0.029457346 0.002275394 0.010756413
[1] 0.029566191 0.002299407 0.010930679
[1] 0.029564122 0.002299285 0.010929936
Algorithm converged after  31  iterations.
[1] 0.0092903397 0.0009314546 0.0007597370
[1] 0.0167644158 0.0009999617 0.0045519990
[1] 0.017191529 0.001006764 0.004869506
[1] 0.017232459 0.001007440 0.004898644
[1] 0.017236242 0.001007503 0.004901327
[1] 0.017236591 0.001007509 0.004901575
Algorithm converged after  53  iterations.
[1] 0.0092903397 0.0011047739 0.0002786986 0.0009314546
[1] 0.0147342587 0.0015674287 0.0005103667 0.0016574686
Algorithm converged after  19  iterations.
[1] 0.0092903397 0.0011047739 0.0002786986 0.0007597370
[1] 0.0215528330 0.0015841463 0.0004720624 0.0063266857
[1] 0.0219538605 0.0016044523 0.0004793855 0.0065222305
[1] 0.0219716551 0.0016053615 0.0004797102 0.0065309217
[1] 0.0219724495 0.0016054021 0.0004797247 0.0065313098
Algorithm converged after  42  iterations.
[1] 0.0092903397 0.0011047739 0.0009314546 0.0001712802
[1] 0.0214171897 0.0020453214 0.0017638149 0.0007653989
[1] 0.0214846551 0.0020519578 0.0017738100 0.0007661253
Algorithm converged after  25  iterations.
[1] 0.0092903397 0.0011047739 0.0007597370 0.0003611936
[1] 0.036205022 0.002422323 0.005552999 0.001074241
[1] 0.036693324 0.002445604 0.005696861 0.001089847
[1] 0.036700565 0.002445946 0.005699529 0.001090064
Algorithm converged after  35  iterations.
[1] 0.0092903397 0.0009314546 0.0001712802 0.0007597370
[1] 0.0151590044 0.0009311893 0.0001683219 0.0038138788
[1] 0.0151859626 0.0009313181 0.0001683302 0.0038269400
Algorithm converged after  27  iterations.
[1] 0.0092903397 0.0009314546 0.0007597370 0.0003611936
[1] 0.0123015400 0.0013080534 0.0006998438 0.0001913520
[1] 0.0114602573 0.0012926964 0.0006719725 0.0001885505
[1] 0.0111205974 0.0013277212 0.0006687373 0.0001891977
[1] 0.0107399201 0.0013612150 0.0006675378 0.0001909076
[1] 0.0104502543 0.0013858136 0.0006685412 0.0001929574
[1] 0.0103005358 0.0013986583 0.0006695725 0.0001942663
[1] 0.0102517534 0.0014043531 0.0006702117 0.0001948214
[1] 0.0102412272 0.0014069174 0.0006705845 0.0001950310
[1] 0.0102406399 0.0014081725 0.0006707987 0.0001951155
[1] 0.0102416803 0.0014087837 0.0006709114 0.0001951511
[1] 0.0102425780 0.0014090881 0.0006709700 0.0001951672
[1] 0.0102431338 0.0014092417 0.0006710003 0.0001951749
[1] 0.0102434437 0.0014093198 0.0006710159 0.0001951787
[1] 0.0102436090 0.0014093596 0.0006710238 0.0001951806
[1] 0.0102436955 0.0014093800 0.0006710279 0.0001951816
[1] 0.0102437402 0.0014093904 0.0006710300 0.0001951821
[1] 0.0102437632 0.0014093957 0.0006710311 0.0001951823
[1] 0.0102437751 0.0014093985 0.0006710317 0.0001951824
[1] 0.0102437811 0.0014093999 0.0006710320 0.0001951825
[1] 0.0102437842 0.0014094006 0.0006710321 0.0001951825
Algorithm converged after  203  iterations.
[1] 0.0092903397 0.0011047739 0.0009314546 0.0007597370
[1] 0.042546983 0.004667904 0.002882610 0.019616769
[1] 0.043663587 0.005203034 0.003372289 0.021106753
[1] 0.044691663 0.005358816 0.003492442 0.021714632
[1] 0.045076899 0.005416563 0.003536971 0.021940891
[1] 0.045221197 0.005438197 0.003553661 0.022025632
[1] 0.045275462 0.005446336 0.003559941 0.022057503
[1] 0.045295905 0.005449402 0.003562307 0.022069510
[1] 0.045303611 0.005450559 0.003563199 0.022074037
[1] 0.045306517 0.005450995 0.003563535 0.022075744
[1] 0.045307613 0.005451159 0.003563662 0.022076388
Algorithm converged after  110  iterations.
[1] 0.009290340 0.001712559
Algorithm converged after  2  iterations.
[1] 0.0092903397 0.0017125585 0.0007352143
[1] 0.010655936 0.001684915 0.001521995
[1] 0.010640880 0.001683981 0.001522130
Algorithm converged after  28  iterations.
[1] 0.0092903397 0.0017125585 0.0008742527
[1] 0.007198729 0.001882466 0.001898492
[1] 0.007581423 0.001814065 0.001983615
[1] 0.007589342 0.001813165 0.001982674
Algorithm converged after  35  iterations.
[1] 0.0092903397 0.0017125585 0.0004455464
[1] 0.004913729 0.001685854 0.002589608
[1] 0.005660996 0.001740473 0.001848545
[1] 0.005706531 0.001740501 0.001828455
[1] 0.005708369 0.001740627 0.001828197
Algorithm converged after  49  iterations.
[1] 0.0092903397 0.0017125585 0.0007352143 0.0001475167
[1] 0.0111776372 0.0014289817 0.0009890660 0.0002516634
Algorithm converged after  14  iterations.
[1] 0.0092903397 0.0017125585 0.0008742527 0.0001672907
[1] 0.0088541375 0.0018465373 0.0009854500 0.0001907808
Algorithm converged after  13  iterations.
[1] 0.0092903397 0.0017125585 0.0004455464 0.0001022843
[1] 0.0063586120 0.0024911398 0.0012875510 0.0002908901
[1] 0.0062164939 0.0025255280 0.0013543529 0.0002993406
[1] 0.0062068428 0.0025272929 0.0013582802 0.0002997245
[1] 0.0062062381 0.0025273708 0.0013584821 0.0002997373
Algorithm converged after  44  iterations.
[1] 0.0092903397 0.0017125585 0.0007352143 0.0008742527
[1] 0.004795895 0.001100452 0.002103408 0.002872587
[1] 0.0042926087 0.0009176326 0.0022922008 0.0031895518
[1] 0.004851684 0.001412613 0.002215943 0.002959160
[1] 0.004943603 0.001446926 0.002207032 0.002926922
[1] 0.004932181 0.001439365 0.002209504 0.002933323
[1] 0.004933004 0.001440259 0.002209264 0.002932758
[1] 0.004933035 0.001440224 0.002209270 0.002932761
Algorithm converged after  74  iterations.
[1] 0.0092903397 0.0017125585 0.0007352143 0.0004455464
[1] 0.008881228 0.001696733 0.001632176 0.001036307
[1] 0.008637951 0.001673079 0.001630397 0.001066495
[1] 0.008635655 0.001673048 0.001630374 0.001067214
Algorithm converged after  35  iterations.
[1] 0.0092903397 0.0017125585 0.0008742527 0.0004455464
[1] 0.004289260 0.001650030 0.002656464 0.006083906
[1] 0.004306288 0.001548894 0.002113483 0.003947937
[1] 0.004348208 0.001579752 0.002098113 0.003919786
[1] 0.004349303 0.001581327 0.002098500 0.003922979
[1] 0.004349231 0.001581322 0.002098565 0.003923235
Algorithm converged after  54  iterations.
Warning messages:
1: In max(abs(CT), na.rm = T) :
  no non-missing arguments to max; returning -Inf
2: In max(abs(CT), na.rm = T) :
  no non-missing arguments to max; returning -Inf
3: In max(abs(CT), na.rm = T) :
  no non-missing arguments to max; returning -Inf
4: In max(abs(CT), na.rm = T) :
  no non-missing arguments to max; returning -Inf
5: In max(abs(CT), na.rm = T) :
  no non-missing arguments to max; returning -Inf
6: In max(abs(CT), na.rm = T) :
  no non-missing arguments to max; returning -Inf
7: In max(abs(CT), na.rm = T) :
  no non-missing arguments to max; returning -Inf
8: In max(abs(CT), na.rm = T) :
  no non-missing arguments to max; returning -Inf
9: In max(abs(CT), na.rm = T) :
  no non-missing arguments to max; returning -Inf
10: In max(abs(CT), na.rm = T) :
  no non-missing arguments to max; returning -Inf
[1] "Best iter parameter is:"
      gam     rankJ    rankA1    rankA2    rankA3 
0.4285714 1.0000000 0.0000000 0.0000000 1.0000000 
[1] 0.0082963350 0.0006435257
[1] 0.013695594 0.004049103
[1] 0.013705619 0.004055072
Algorithm converged after  23  iterations.
         [,1]     [,2]     [,3]
[1,] 6.591685 9.174574 46.04377
