myseed=1847 

Attaching package: ‘pls’

The following object is masked from ‘package:stats’:

    loadings

Loading required package: lattice
Loading required package: ggplot2
Registered S3 methods overwritten by 'ggplot2':
  method         from 
  [.quosures     rlang
  c.quosures     rlang
  print.quosures rlang

Attaching package: ‘caret’

The following object is masked from ‘package:pls’:

    R2

Loading required package: Matrix
Loading required package: foreach
Loaded glmnet 2.0-18

Parsed with column specification:
cols(
  .default = col_double()
)
See spec(...) for full column specifications.
Parsed with column specification:
cols(
  X1 = col_double()
)
Parsed with column specification:
cols(
  X1 = col_double()
)
numeric(0)
Algorithm converged after  1  iterations.
[1] 0.001994146
Algorithm converged after  2  iterations.
[1] 0.001525471
Algorithm converged after  2  iterations.
[1] 0.003945724
Algorithm converged after  2  iterations.
[1] 0.0019941455 0.0006524362
Algorithm converged after  2  iterations.
[1] 0.0015254710 0.0006291978
Algorithm converged after  2  iterations.
[1] 0.0039457241 0.0006531174
Algorithm converged after  2  iterations.
[1] 0.001994146 0.001525471
Algorithm converged after  2  iterations.
[1] 0.001994146 0.003945724
Algorithm converged after  2  iterations.
[1] 0.001525471 0.003945724
Algorithm converged after  2  iterations.
[1] 0.0019941455 0.0006524362 0.0015254710
Algorithm converged after  2  iterations.
[1] 0.0019941455 0.0006524362 0.0039457241
Algorithm converged after  2  iterations.
[1] 0.0019941455 0.0015254710 0.0006291978
Algorithm converged after  2  iterations.
[1] 0.0019941455 0.0039457241 0.0006531174
Algorithm converged after  2  iterations.
[1] 0.0015254710 0.0006291978 0.0039457241
Algorithm converged after  2  iterations.
[1] 0.0015254710 0.0039457241 0.0006531174
Algorithm converged after  2  iterations.
[1] 0.001994146 0.001525471 0.003945724
Algorithm converged after  2  iterations.
[1] 0.0019941455 0.0006524362 0.0015254710 0.0006291978
Algorithm converged after  2  iterations.
[1] 0.0019941455 0.0006524362 0.0039457241 0.0006531174
Algorithm converged after  2  iterations.
[1] 0.0015254710 0.0006291978 0.0039457241 0.0006531174
Algorithm converged after  2  iterations.
[1] 0.0019941455 0.0006524362 0.0015254710 0.0039457241
Algorithm converged after  2  iterations.
[1] 0.0019941455 0.0015254710 0.0006291978 0.0039457241
Algorithm converged after  2  iterations.
[1] 0.0019941455 0.0015254710 0.0039457241 0.0006531174
Algorithm converged after  2  iterations.
[1] 0.009581948
Algorithm converged after  2  iterations.
[1] 0.0095819483 0.0007969414
[1] 0.0103751460 0.0009958098
[1] 0.0103696393 0.0009962701
Algorithm converged after  23  iterations.
[1] 0.0095819483 0.0008009697
[1] 0.012568912 0.001102706
Algorithm converged after  14  iterations.
[1] 9.581948e-03 1.569775e-05
[1] 0.016292243 0.003514775
[1] 0.016325837 0.003529828
Algorithm converged after  26  iterations.
[1] 0.0095819483 0.0007969414 0.0001810254
Algorithm converged after  10  iterations.
[1] 0.0095819483 0.0008009697 0.0001637706
[1] 0.0101422168 0.0008404160 0.0001873052
Algorithm converged after  12  iterations.
[1] 9.581948e-03 1.569775e-05 2.524286e-05
[1] 0.0147477865 0.0023413732 0.0006123006
[1] 0.0148731063 0.0023683559 0.0006128047
[1] 0.0148763599 0.0023690574 0.0006128182
Algorithm converged after  35  iterations.
[1] 0.0095819483 0.0007969414 0.0008009697
[1] 0.013687198 0.001053929 0.001334546
[1] 0.013685185 0.001053902 0.001334996
Algorithm converged after  21  iterations.
[1] 9.581948e-03 7.969414e-04 1.569775e-05
[1] 0.024198418 0.001793288 0.008248331
[1] 0.025045695 0.001862642 0.008740135
[1] 0.025103563 0.001867456 0.008773917
[1] 0.025107594 0.001867792 0.008776271
Algorithm converged after  48  iterations.
[1] 9.581948e-03 8.009697e-04 1.569775e-05
[1] 0.0183726736 0.0008766223 0.0040519192
[1] 0.0186722943 0.0008782939 0.0042300967
[1] 0.0186854057 0.0008783694 0.0042376744
[1] 0.0186859681 0.0008783726 0.0042379991
Algorithm converged after  42  iterations.
[1] 0.0095819483 0.0007969414 0.0001810254 0.0008009697
[1] 0.0129044523 0.0009328853 0.0002596641 0.0011595334
Algorithm converged after  18  iterations.
[1] 9.581948e-03 7.969414e-04 1.810254e-04 1.569775e-05
[1] 0.0206721879 0.0012238209 0.0005785324 0.0056275743
[1] 0.022411440 0.001309832 0.000611918 0.006451218
[1] 0.0226487580 0.0013224050 0.0006154371 0.0065670882
[1] 0.0226810547 0.0013241299 0.0006159006 0.0065829198
[1] 0.0226854510 0.0013243650 0.0006159634 0.0065850760
[1] 0.0226860495 0.0013243970 0.0006159719 0.0065853696
Algorithm converged after  64  iterations.
[1] 0.0095819483 0.0007969414 0.0008009697 0.0001637706
[1] 0.0104895016 0.0009845680 0.0008296710 0.0001764386
[1] 0.0103524606 0.0009889524 0.0008252191 0.0001750144
[1] 0.0103353789 0.0009895448 0.0008246850 0.0001748475
[1] 0.0103332365 0.0009896199 0.0008246184 0.0001748267
[1] 0.0103329676 0.0009896293 0.0008246100 0.0001748241
Algorithm converged after  51  iterations.
[1] 9.581948e-03 7.969414e-04 1.569775e-05 2.524286e-05
[1] 0.024875554 0.001350199 0.005806522 0.000609128
[1] 0.0260821104 0.0013791426 0.0062249181 0.0006167819
[1] 0.0261278526 0.0013802749 0.0062417671 0.0006170065
Algorithm converged after  39  iterations.
[1] 9.581948e-03 8.009697e-04 1.637706e-04 1.569775e-05
[1] 0.0163532356 0.0008070778 0.0001592893 0.0034326315
[1] 0.0164277816 0.0008072567 0.0001592156 0.0034664268
Algorithm converged after  30  iterations.
[1] 9.581948e-03 8.009697e-04 1.569775e-05 2.524286e-05
[1] 0.0198836133 0.0009998082 0.0019159655 0.0006977750
[1] 0.0201864028 0.0010046295 0.0019538847 0.0007026269
[1] 0.0201928865 0.0010047332 0.0019546973 0.0007027321
Algorithm converged after  35  iterations.
[1] 9.581948e-03 7.969414e-04 8.009697e-04 1.569775e-05
[1] 0.036270563 0.003612835 0.001394420 0.016789723
[1] 0.045059348 0.004801141 0.001921604 0.023156038
[1] 0.048699130 0.005261396 0.002161629 0.025703049
[1] 0.050668552 0.005512447 0.002297416 0.027086203
[1] 0.051790201 0.005655860 0.002376048 0.027876116
[1] 0.052442915 0.005739441 0.002422184 0.028336539
[1] 0.052826958 0.005788659 0.002449453 0.028607700
[1] 0.053054301 0.005817808 0.002465637 0.028768310
[1] 0.053189351 0.005835128 0.002475265 0.028863750
[1] 0.053269739 0.005845440 0.002481001 0.028920571
[1] 0.053317647 0.005851586 0.002484421 0.028954437
[1] 0.053346218 0.005855251 0.002486462 0.028974636
[1] 0.053363264 0.005857438 0.002487680 0.028986688
[1] 0.053373437 0.005858743 0.002488406 0.028993880
[1] 0.053379509 0.005859523 0.002488840 0.028998173
[1] 0.053383133 0.005859988 0.002489099 0.029000735
[1] 0.053385297 0.005860265 0.002489254 0.029002265
[1] 0.053386588 0.005860431 0.002489346 0.029003178
[1] 0.053387359 0.005860530 0.002489401 0.029003723
[1] 0.053387820 0.005860589 0.002489434 0.029004049
Algorithm converged after  202  iterations.
[1] 0.009581948 0.001217085
Algorithm converged after  2  iterations.
[1] 0.0095819483 0.0012170853 0.0005994909
[1] 0.009322397 0.001420217 0.001274123
[1] 0.009320590 0.001420582 0.001274356
Algorithm converged after  21  iterations.
[1] 0.0095819483 0.0012170853 0.0007062215
[1] 0.008975778 0.001517748 0.001337032
[1] 0.008859251 0.001514510 0.001362818
[1] 0.008963628 0.001403811 0.001342661
[1] 0.008970539 0.001400558 0.001339999
Algorithm converged after  46  iterations.
[1] 0.0095819483 0.0012170853 0.0004770172
[1] 0.006206286 0.001159166 0.001999935
[1] 0.006023526 0.001189497 0.002130365
[1] 0.006021618 0.001190105 0.002133621
Algorithm converged after  38  iterations.
[1] 0.0095819483 0.0012170853 0.0005994909 0.0001149584
[1] 0.0087242455 0.0011284487 0.0007108898 0.0001815281
Algorithm converged after  14  iterations.
[1] 0.0095819483 0.0012170853 0.0007062215 0.0001422059
[1] 0.0097184536 0.0012995218 0.0007929271 0.0001674627
Algorithm converged after  16  iterations.
[1] 0.0095819483 0.0012170853 0.0004770172 0.0001462334
[1] 0.0072305945 0.0023262977 0.0020099363 0.0003877816
[1] 0.0071360446 0.0025371445 0.0023513000 0.0004113793
[1] 0.0071623827 0.0025534973 0.0023699305 0.0004121034
[1] 0.0071654164 0.0025534242 0.0023689951 0.0004119937
[1] 0.0071654934 0.0025532999 0.0023687785 0.0004119788
Algorithm converged after  54  iterations.
[1] 0.0095819483 0.0012170853 0.0005994909 0.0007062215
[1] 0.007206013 0.001993378 0.002046487 0.002560600
[1] 0.007015464 0.002005822 0.002036918 0.002482068
[1] 0.007004055 0.002006629 0.002033660 0.002463575
[1] 0.007003105 0.002006642 0.002033235 0.002461431
[1] 0.007003011 0.002006643 0.002033191 0.002461209
Algorithm converged after  56  iterations.
[1] 0.0095819483 0.0012170853 0.0005994909 0.0004770172
[1] 0.005977695 0.001259576 0.001276092 0.001596355
[1] 0.005691014 0.001246731 0.001288384 0.001607565
[1] 0.005691402 0.001246516 0.001288481 0.001606012
Algorithm converged after  32  iterations.
[1] 0.0095819483 0.0012170853 0.0007062215 0.0004770172
[1] 0.006598274 0.001296793 0.001236073 0.004025572
[1] 0.006558323 0.001287857 0.001226960 0.003909270
[1] 0.006555889 0.001287882 0.001227153 0.003906458
[1] 0.006555739 0.001287885 0.001227166 0.003906298
Algorithm converged after  41  iterations.
numeric(0)
Algorithm converged after  1  iterations.
[1] 0.001712954
Algorithm converged after  2  iterations.
[1] 0.002575745
Algorithm converged after  2  iterations.
[1] 0.003643323
Algorithm converged after  2  iterations.
[1] 0.0017129535 0.0004818779
Algorithm converged after  2  iterations.
[1] 0.0025757455 0.0005667148
Algorithm converged after  2  iterations.
[1] 0.0036433230 0.0008176855
Algorithm converged after  2  iterations.
[1] 0.001712954 0.002575745
Algorithm converged after  2  iterations.
[1] 0.001712954 0.003643323
Algorithm converged after  2  iterations.
[1] 0.002575745 0.003643323
Algorithm converged after  2  iterations.
[1] 0.0017129535 0.0004818779 0.0025757455
Algorithm converged after  2  iterations.
[1] 0.0017129535 0.0004818779 0.0036433230
Algorithm converged after  2  iterations.
[1] 0.0017129535 0.0025757455 0.0005667148
Algorithm converged after  2  iterations.
[1] 0.0017129535 0.0036433230 0.0008176855
Algorithm converged after  2  iterations.
[1] 0.0025757455 0.0005667148 0.0036433230
Algorithm converged after  2  iterations.
[1] 0.0025757455 0.0036433230 0.0008176855
Algorithm converged after  2  iterations.
[1] 0.001712954 0.002575745 0.003643323
Algorithm converged after  2  iterations.
[1] 0.0017129535 0.0004818779 0.0025757455 0.0005667148
Algorithm converged after  2  iterations.
[1] 0.0017129535 0.0004818779 0.0036433230 0.0008176855
Algorithm converged after  2  iterations.
[1] 0.0025757455 0.0005667148 0.0036433230 0.0008176855
Algorithm converged after  2  iterations.
[1] 0.0017129535 0.0004818779 0.0025757455 0.0036433230
Algorithm converged after  2  iterations.
[1] 0.0017129535 0.0025757455 0.0005667148 0.0036433230
Algorithm converged after  2  iterations.
[1] 0.0017129535 0.0025757455 0.0036433230 0.0008176855
Algorithm converged after  2  iterations.
[1] 0.00964977
Algorithm converged after  2  iterations.
[1] 0.0096497697 0.0009698326
[1] 0.012989384 0.001213964
[1] 0.012991927 0.001214194
Algorithm converged after  22  iterations.
[1] 0.0096497697 0.0007531632
[1] 0.0092799441 0.0009643338
[1] 0.0092858015 0.0009646243
Algorithm converged after  22  iterations.
[1] 0.0096497697 0.0009881365
[1] 0.02012431 0.00643679
[1] 0.020156685 0.006453483
Algorithm converged after  25  iterations.
[1] 0.0096497697 0.0009698326 0.0002838326
Algorithm converged after  10  iterations.
[1] 0.0096497697 0.0007531632 0.0001621331
Algorithm converged after  10  iterations.
[1] 0.0096497697 0.0009881365 0.0004119939
[1] 0.0243270821 0.0059218681 0.0009979831
[1] 0.024512965 0.006005203 0.001004021
[1] 0.024515150 0.006006191 0.001004092
Algorithm converged after  32  iterations.
[1] 0.0096497697 0.0009698326 0.0007531632
[1] 0.015219341 0.001681785 0.001663414
Algorithm converged after  19  iterations.
[1] 0.0096497697 0.0009698326 0.0009881365
[1] 0.035859336 0.002892183 0.015718239
[1] 0.036823526 0.002993721 0.016299864
[1] 0.036877378 0.002999412 0.016332344
[1] 0.036880425 0.002999735 0.016334181
Algorithm converged after  44  iterations.
[1] 0.0096497697 0.0007531632 0.0009881365
[1] 0.0194596937 0.0009656541 0.0072183915
[1] 0.0201278008 0.0009739091 0.0076044094
[1] 0.0201780531 0.0009745339 0.0076334690
[1] 0.0201818289 0.0009745809 0.0076356526
Algorithm converged after  49  iterations.
[1] 0.0096497697 0.0009698326 0.0002838326 0.0007531632
[1] 0.0113567207 0.0011890860 0.0003959817 0.0010755020
[1] 0.011582705 0.001201801 0.000400288 0.001085162
[1] 0.0115844427 0.0012018945 0.0004003178 0.0010852291
Algorithm converged after  31  iterations.
[1] 0.0096497697 0.0009698326 0.0002838326 0.0009881365
[1] 0.0326274670 0.0020996749 0.0006902112 0.0128267897
[1] 0.0368870952 0.0024056207 0.0007338126 0.0151845848
[1] 0.0377020052 0.0024667351 0.0007409343 0.0156451388
[1] 0.0378552465 0.0024783096 0.0007422358 0.0157320685
[1] 0.0378839886 0.0024804833 0.0007424786 0.0157483845
[1] 0.0378893771 0.0024808910 0.0007425241 0.0157514437
[1] 0.0378903872 0.0024809674 0.0007425326 0.0157520172
Algorithm converged after  74  iterations.
[1] 0.0096497697 0.0009698326 0.0007531632 0.0001621331
[1] 0.0118281968 0.0012235475 0.0008577641 0.0002114553
[1] 0.0119861561 0.0012375337 0.0008683616 0.0002196396
[1] 0.0120107623 0.0012397827 0.0008701207 0.0002210498
[1] 0.0120146216 0.0012401371 0.0008703991 0.0002212745
[1] 0.0120152274 0.0012401928 0.0008704429 0.0002213099
[1] 0.0120153226 0.0012402015 0.0008704498 0.0002213154
Algorithm converged after  61  iterations.
[1] 0.0096497697 0.0009698326 0.0009881365 0.0004119939
[1] 0.045909725 0.002439085 0.013234566 0.001873078
[1] 0.047138754 0.002498745 0.013923982 0.001891601
[1] 0.047148494 0.002499584 0.013943523 0.001889149
[1] 0.047146771 0.002499529 0.013943789 0.001888895
Algorithm converged after  46  iterations.
[1] 0.0096497697 0.0007531632 0.0001621331 0.0009881365
[1] 0.0174773651 0.0008280772 0.0001966611 0.0054645062
[1] 0.0175441729 0.0008282071 0.0001968738 0.0054979919
Algorithm converged after  30  iterations.
[1] 0.0096497697 0.0007531632 0.0009881365 0.0004119939
[1] 0.0250241684 0.0009336353 0.0041877117 0.0011739817
[1] 0.0255008947 0.0009422744 0.0042554482 0.0011920228
[1] 0.0254951674 0.0009424918 0.0042500371 0.0011914350
[1] 0.0254939198 0.0009424954 0.0042494777 0.0011913594
Algorithm converged after  45  iterations.
[1] 0.0096497697 0.0009698326 0.0007531632 0.0009881365
[1] 0.051530308 0.005498192 0.002802329 0.026788646
[1] 0.069326342 0.007775836 0.003949878 0.038441859
[1] 0.078072347 0.008929664 0.004538254 0.044332213
[1] 0.082724180 0.009549958 0.004855342 0.047499747
[1] 0.085280485 0.009892537 0.005030622 0.049249626
[1] 0.086708124 0.010084356 0.005128806 0.050229602
[1] 0.08751228 0.01019255 0.00518420 0.05078243
[1] 0.087967375 0.010253834 0.005215576 0.051095553
[1] 0.088225596 0.010288620 0.005233388 0.051273302
[1] 0.088372327 0.010308391 0.005243512 0.051374333
[1] 0.088455774 0.010319636 0.005249271 0.051431798
[1] 0.088503253 0.010326035 0.005252547 0.051464497
[1] 0.088530275 0.010329677 0.005254412 0.051483108
[1] 0.088545656 0.010331750 0.005255474 0.051493702
[1] 0.088554412 0.010332931 0.005256078 0.051499733
[1] 0.088559397 0.010333602 0.005256422 0.051503166
[1] 0.088562235 0.010333985 0.005256618 0.051505121
[1] 0.08856385 0.01033420 0.00525673 0.05150623
Algorithm converged after  190  iterations.
[1] 0.009649770 0.001819431
Algorithm converged after  2  iterations.
[1] 0.0096497697 0.0018194312 0.0005943716
[1] 0.010275618 0.001928781 0.001060696
Algorithm converged after  19  iterations.
[1] 0.0096497697 0.0018194312 0.0006822016
[1] 0.008281395 0.001783073 0.001716837
[1] 0.008270302 0.001778012 0.001719271
Algorithm converged after  24  iterations.
[1] 0.0096497697 0.0018194312 0.0005205753
[1] 0.006839550 0.001462444 0.001942419
[1] 0.006834120 0.001461158 0.001941732
Algorithm converged after  21  iterations.
[1] 0.0096497697 0.0018194312 0.0005943716 0.0001631819
[1] 0.0095739114 0.0015561159 0.0007127304 0.0002239455
Algorithm converged after  12  iterations.
[1] 0.0096497697 0.0018194312 0.0006822016 0.0001575276
[1] 0.0085196896 0.0021018426 0.0008671211 0.0002041533
Algorithm converged after  18  iterations.
[1] 0.0096497697 0.0018194312 0.0005205753 0.0001508405
[1] 0.007688162 0.002399551 0.001303126 0.000332670
[1] 0.0076123429 0.0024422270 0.0013759816 0.0003416649
[1] 0.0076118217 0.0024434524 0.0013776438 0.0003418362
Algorithm converged after  35  iterations.
[1] 0.0096497697 0.0018194312 0.0005943716 0.0006822016
[1] 0.008224663 0.002466353 0.001903878 0.002668476
[1] 0.008199508 0.002534325 0.001878743 0.002538411
[1] 0.008205667 0.002543288 0.001874242 0.002520551
[1] 0.008206195 0.002544000 0.001873855 0.002519062
[1] 0.008206236 0.002544056 0.001873824 0.002518944
Algorithm converged after  52  iterations.
[1] 0.0096497697 0.0018194312 0.0005943716 0.0005205753
[1] 0.008085350 0.001732453 0.001130223 0.001561607
[1] 0.008090943 0.001728184 0.001131415 0.001521559
[1] 0.008090783 0.001726572 0.001131615 0.001508790
[1] 0.008090716 0.001726067 0.001131676 0.001504824
[1] 0.008090696 0.001725912 0.001131695 0.001503608
[1] 0.008090689 0.001725864 0.001131701 0.001503236
[1] 0.008090688 0.001725850 0.001131703 0.001503122
[1] 0.008090687 0.001725845 0.001131703 0.001503088
Algorithm converged after  84  iterations.
[1] 0.0096497697 0.0018194312 0.0006822016 0.0005205753
[1] 0.006400043 0.001852245 0.002033139 0.006576538
[1] 0.006507430 0.001868094 0.002002161 0.006661956
[1] 0.006513433 0.001869422 0.002001201 0.006671129
[1] 0.006513901 0.001869528 0.002001133 0.006671860
Algorithm converged after  45  iterations.
numeric(0)
Algorithm converged after  1  iterations.
[1] 0.002038021
Algorithm converged after  2  iterations.
[1] 0.001466918
Algorithm converged after  2  iterations.
[1] 0.003632451
Algorithm converged after  2  iterations.
[1] 0.0020380206 0.0005883201
Algorithm converged after  2  iterations.
[1] 0.0014669185 0.0005601997
Algorithm converged after  2  iterations.
[1] 0.0036324508 0.0007707948
Algorithm converged after  2  iterations.
[1] 0.002038021 0.001466918
Algorithm converged after  2  iterations.
[1] 0.002038021 0.003632451
Algorithm converged after  2  iterations.
[1] 0.001466918 0.003632451
Algorithm converged after  2  iterations.
[1] 0.0020380206 0.0005883201 0.0014669185
Algorithm converged after  2  iterations.
[1] 0.0020380206 0.0005883201 0.0036324508
Algorithm converged after  2  iterations.
[1] 0.0020380206 0.0014669185 0.0005601997
Algorithm converged after  2  iterations.
[1] 0.0020380206 0.0036324508 0.0007707948
Algorithm converged after  2  iterations.
[1] 0.0014669185 0.0005601997 0.0036324508
Algorithm converged after  2  iterations.
[1] 0.0014669185 0.0036324508 0.0007707948
Algorithm converged after  2  iterations.
[1] 0.002038021 0.001466918 0.003632451
Algorithm converged after  2  iterations.
[1] 0.0020380206 0.0005883201 0.0014669185 0.0005601997
Algorithm converged after  2  iterations.
[1] 0.0020380206 0.0005883201 0.0036324508 0.0007707948
Algorithm converged after  2  iterations.
[1] 0.0014669185 0.0005601997 0.0036324508 0.0007707948
Algorithm converged after  2  iterations.
[1] 0.0020380206 0.0005883201 0.0014669185 0.0036324508
Algorithm converged after  2  iterations.
[1] 0.0020380206 0.0014669185 0.0005601997 0.0036324508
Algorithm converged after  2  iterations.
[1] 0.0020380206 0.0014669185 0.0036324508 0.0007707948
Algorithm converged after  2  iterations.
[1] 0.008739215
Algorithm converged after  2  iterations.
[1] 0.0087392148 0.0008877483
[1] 0.010256458 0.001096324
[1] 0.01026133 0.00109655
Algorithm converged after  24  iterations.
[1] 0.0087392148 0.0007381867
[1] 0.0101487001 0.0009933236
Algorithm converged after  14  iterations.
[1] 0.0087392148 0.0009534096
[1] 0.019322726 0.006192456
[1] 0.01946805 0.00627385
[1] 0.01947036 0.00627515
Algorithm converged after  33  iterations.
[1] 0.0087392148 0.0008877483 0.0001929214
[1] 0.0080958539 0.0009112475 0.0002352259
Algorithm converged after  11  iterations.
[1] 0.0087392148 0.0007381867 0.0001702378
[1] 0.0090360865 0.0007736274 0.0001900719
Algorithm converged after  11  iterations.
[1] 0.0087392148 0.0009534096 0.0005271182
[1] 0.0244202079 0.0063054078 0.0008709891
[1] 0.0249678161 0.0065644553 0.0008876885
[1] 0.0249887713 0.0065745178 0.0008883359
[1] 0.0249896000 0.0065749161 0.0008883615
Algorithm converged after  41  iterations.
[1] 0.0087392148 0.0008877483 0.0007381867
[1] 0.013471003 0.001504329 0.001558033
Algorithm converged after  18  iterations.
[1] 0.0087392148 0.0008877483 0.0009534096
[1] 0.029853173 0.001731184 0.013333222
[1] 0.031470176 0.001817923 0.014457715
[1] 0.031548286 0.001822061 0.014511874
[1] 0.031552185 0.001822268 0.014514575
Algorithm converged after  46  iterations.
[1] 0.0087392148 0.0007381867 0.0009534096
[1] 0.0233882146 0.0007935424 0.0084306539
[1] 0.026558002 0.000822898 0.010485672
[1] 0.0274627050 0.0008327092 0.0110814061
[1] 0.0277234549 0.0008356499 0.0112538259
[1] 0.0277987085 0.0008365078 0.0113036467
[1] 0.0278204332 0.0008367563 0.0113180342
[1] 0.0278267053 0.0008368281 0.0113221884
[1] 0.0278285161 0.0008368488 0.0113233878
[1] 0.0278290389 0.0008368548 0.0113237341
Algorithm converged after  95  iterations.
[1] 0.0087392148 0.0008877483 0.0001929214 0.0007381867
[1] 0.0095632247 0.0011654007 0.0002821162 0.0010129637
[1] 0.0091262613 0.0011654288 0.0002763818 0.0010256595
[1] 0.0095758379 0.0012304255 0.0002652675 0.0009881353
[1] 0.0094972523 0.0012278594 0.0002629816 0.0009878286
[1] 0.0094935370 0.0012277383 0.0002629212 0.0009873252
[1] 0.0094913943 0.0012276650 0.0002628859 0.0009870153
[1] 0.0094901130 0.0012276198 0.0002628646 0.0009868223
[1] 0.0094890665 0.0012275807 0.0002628467 0.0009866527
[1] 0.0094883450 0.0012275528 0.0002628342 0.0009865311
[1] 0.0094878783 0.0012275344 0.0002628260 0.0009864505
[1] 0.0094875739 0.0012275222 0.0002628206 0.0009863971
[1] 0.0094873741 0.0012275142 0.0002628171 0.0009863617
[1] 0.0094872426 0.0012275088 0.0002628147 0.0009863382
[1] 0.0094871557 0.0012275053 0.0002628132 0.0009863226
[1] 0.0094870983 0.0012275030 0.0002628122 0.0009863123
[1] 0.0094870603 0.0012275014 0.0002628115 0.0009863054
[1] 0.0094870351 0.0012275004 0.0002628110 0.0009863009
[1] 0.0094870184 0.0012274997 0.0002628108 0.0009862978
[1] 0.0094870074 0.0012274993 0.0002628106 0.0009862958
[1] 0.0094870000 0.0012274990 0.0002628104 0.0009862945
[1] 0.0094869952 0.0012274988 0.0002628103 0.0009862936
[1] 0.0094869919 0.0012274986 0.0002628103 0.0009862930
[1] 0.0094869898 0.0012274985 0.0002628102 0.0009862927
[1] 0.0094869884 0.0012274985 0.0002628102 0.0009862924
Algorithm converged after  243  iterations.
[1] 0.0087392148 0.0008877483 0.0001929214 0.0009534096
[1] 0.0200586839 0.0010894901 0.0002971297 0.0067820062
[1] 0.0209931517 0.0011082145 0.0003084706 0.0073180175
[1] 0.0210956093 0.0011103268 0.0003097752 0.0073773544
[1] 0.0211070940 0.0011105642 0.0003099222 0.0073840124
[1] 0.0211083844 0.0011105909 0.0003099387 0.0073847605
Algorithm converged after  57  iterations.
[1] 0.0087392148 0.0008877483 0.0007381867 0.0001702378
[1] 0.0150119870 0.0014345463 0.0013145486 0.0006655981
[1] 0.0151883176 0.0014483716 0.0013369141 0.0006667992
Algorithm converged after  27  iterations.
[1] 0.0087392148 0.0008877483 0.0009534096 0.0005271182
[1] 0.034986087 0.001590310 0.008175081 0.001328165
[1] 0.036116308 0.001620465 0.008584592 0.001371233
[1] 0.036159724 0.001621631 0.008601481 0.001372744
[1] 0.036161499 0.001621679 0.008602221 0.001372799
Algorithm converged after  43  iterations.
[1] 0.0087392148 0.0007381867 0.0001702378 0.0009534096
[1] 0.0210003676 0.0007429765 0.0001612312 0.0070908445
[1] 0.0216003529 0.0007463111 0.0001619325 0.0074425963
[1] 0.0216350569 0.0007465105 0.0001619760 0.0074630609
[1] 0.0216370762 0.0007465221 0.0001619785 0.0074642520
Algorithm converged after  46  iterations.
[1] 0.0087392148 0.0007381867 0.0009534096 0.0005271182
[1] 0.030338417 0.001189460 0.004610402 0.001342605
[1] 0.030653446 0.001197522 0.004668834 0.001355449
Algorithm converged after  28  iterations.
[1] 0.0087392148 0.0008877483 0.0007381867 0.0009534096
[1] 0.043999812 0.003420240 0.001832316 0.023800558
[1] 0.059094113 0.004838194 0.002961739 0.034621037
[1] 0.067922425 0.005677455 0.003642930 0.040969047
[1] 0.073399305 0.006203755 0.004076885 0.044941083
[1] 0.076897396 0.006541568 0.004357843 0.047490610
[1] 0.079166027 0.006761236 0.004541472 0.049148981
[1] 0.080650382 0.006905187 0.004662184 0.050236050
[1] 0.081626850 0.006999975 0.004741827 0.050952009
[1] 0.082271400 0.007062580 0.004794497 0.051424961
[1] 0.082697788 0.007104012 0.004829382 0.051737986
[1] 0.082980257 0.007131466 0.004852511 0.051945424
[1] 0.083167557 0.007149673 0.004867855 0.052083002
[1] 0.083291830 0.007161754 0.004878040 0.052174296
[1] 0.083374317 0.007169774 0.004884801 0.052234900
[1] 0.083429083 0.007175099 0.004889291 0.052275139
[1] 0.083465451 0.007178635 0.004892273 0.052301861
[1] 0.083489604 0.007180984 0.004894254 0.052319609
[1] 0.083505646 0.007182544 0.004895569 0.052331397
[1] 0.083516301 0.007183580 0.004896443 0.052339227
[1] 0.083523379 0.007184268 0.004897023 0.052344428
[1] 0.083528081 0.007184725 0.004897409 0.052347883
[1] 0.083531204 0.007185029 0.004897665 0.052350177
[1] 0.083533278 0.007185231 0.004897835 0.052351702
[1] 0.083534656 0.007185365 0.004897948 0.052352715
[1] 0.083535572 0.007185454 0.004898023 0.052353387
Algorithm converged after  257  iterations.
[1] 0.008739215 0.001483056
Algorithm converged after  2  iterations.
[1] 0.0087392148 0.0014830560 0.0007002766
[1] 0.009210451 0.001611196 0.001285494
[1] 0.009210128 0.001611770 0.001286019
Algorithm converged after  24  iterations.
[1] 0.0087392148 0.0014830560 0.0007079446
[1] 0.007269643 0.001585404 0.001500635
[1] 0.007237785 0.001585583 0.001502632
[1] 0.007236613 0.001585616 0.001502724
Algorithm converged after  34  iterations.
[1] 0.0087392148 0.0014830560 0.0004558165
[1] 0.005175588 0.001270183 0.002337081
[1] 0.005050114 0.001260168 0.002339656
[1] 0.005048563 0.001260165 0.002340422
Algorithm converged after  36  iterations.
[1] 0.0087392148 0.0014830560 0.0007002766 0.0001578633
[1] 0.0080518649 0.0012681148 0.0007959795 0.0002015571
Algorithm converged after  11  iterations.
[1] 0.0087392148 0.0014830560 0.0007079446 0.0001780644
[1] 0.0092045922 0.0016900754 0.0008304385 0.0002186559
Algorithm converged after  14  iterations.
[1] 0.0087392148 0.0014830560 0.0004558165 0.0001223214
[1] 0.0068015624 0.0020198234 0.0011321936 0.0002729091
[1] 0.0067173673 0.0020479757 0.0011852518 0.0002795333
[1] 0.0067110921 0.0020501543 0.0011894088 0.0002800408
[1] 0.006710609 0.002050323 0.001189730 0.000280080
Algorithm converged after  49  iterations.
[1] 0.0087392148 0.0014830560 0.0007002766 0.0007079446
[1] 0.008554049 0.001901913 0.001679922 0.001779574
[1] 0.009488144 0.001369585 0.001506773 0.001674325
[1] 0.009524409 0.001319609 0.001478247 0.001672320
[1] 0.009549607 0.001304981 0.001470774 0.001681727
[1] 0.009565005 0.001298523 0.001467854 0.001687903
[1] 0.009573546 0.001295411 0.001466548 0.001691386
[1] 0.009578110 0.001293854 0.001465922 0.001693259
[1] 0.009580509 0.001293062 0.001465610 0.001694247
[1] 0.009581762 0.001292655 0.001465451 0.001694764
[1] 0.009582413 0.001292445 0.001465370 0.001695032
[1] 0.009582751 0.001292337 0.001465328 0.001695172
[1] 0.009582926 0.001292281 0.001465307 0.001695244
[1] 0.009583017 0.001292251 0.001465295 0.001695282
Algorithm converged after  139  iterations.
[1] 0.0087392148 0.0014830560 0.0007002766 0.0004558165
[1] 0.006096803 0.001469975 0.001340035 0.001733271
[1] 0.005880460 0.001416211 0.001348710 0.001492642
[1] 0.005869720 0.001416200 0.001348779 0.001498593
Algorithm converged after  39  iterations.
[1] 0.0087392148 0.0014830560 0.0007079446 0.0004558165
[1] 0.005478299 0.001650822 0.001777549 0.007718914
[1] 0.005749480 0.001678357 0.001807359 0.008293648
[1] 0.005763973 0.001679842 0.001809281 0.008324665
[1] 0.005764699 0.001679916 0.001809378 0.008326214
Algorithm converged after  46  iterations.
numeric(0)
Algorithm converged after  1  iterations.
[1] 0.00178503
Algorithm converged after  2  iterations.
[1] 0.001617965
Algorithm converged after  2  iterations.
[1] 0.003409747
Algorithm converged after  2  iterations.
[1] 0.0017850302 0.0005424434
Algorithm converged after  2  iterations.
[1] 0.0016179651 0.0005759864
Algorithm converged after  2  iterations.
[1] 0.0034097473 0.0005982532
Algorithm converged after  2  iterations.
[1] 0.001785030 0.001617965
Algorithm converged after  2  iterations.
[1] 0.001785030 0.003409747
Algorithm converged after  2  iterations.
[1] 0.001617965 0.003409747
Algorithm converged after  2  iterations.
[1] 0.0017850302 0.0005424434 0.0016179651
Algorithm converged after  2  iterations.
[1] 0.0017850302 0.0005424434 0.0034097473
Algorithm converged after  2  iterations.
[1] 0.0017850302 0.0016179651 0.0005759864
Algorithm converged after  2  iterations.
[1] 0.0017850302 0.0034097473 0.0005982532
Algorithm converged after  2  iterations.
[1] 0.0016179651 0.0005759864 0.0034097473
Algorithm converged after  2  iterations.
[1] 0.0016179651 0.0034097473 0.0005982532
Algorithm converged after  2  iterations.
[1] 0.001785030 0.001617965 0.003409747
Algorithm converged after  2  iterations.
[1] 0.0017850302 0.0005424434 0.0016179651 0.0005759864
Algorithm converged after  2  iterations.
[1] 0.0017850302 0.0005424434 0.0034097473 0.0005982532
Algorithm converged after  2  iterations.
[1] 0.0016179651 0.0005759864 0.0034097473 0.0005982532
Algorithm converged after  2  iterations.
[1] 0.0017850302 0.0005424434 0.0016179651 0.0034097473
Algorithm converged after  2  iterations.
[1] 0.0017850302 0.0016179651 0.0005759864 0.0034097473
Algorithm converged after  2  iterations.
[1] 0.0017850302 0.0016179651 0.0034097473 0.0005982532
Algorithm converged after  2  iterations.
[1] 0.00825089
Algorithm converged after  2  iterations.
[1] 0.008250890 0.000906383
[1] 0.011149372 0.001117452
[1] 0.011150719 0.001117559
Algorithm converged after  21  iterations.
[1] 0.0082508902 0.0007681316
[1] 0.009981256 0.001132214
Algorithm converged after  14  iterations.
[1] 0.0082508902 0.0007940672
[1] 0.013715472 0.003519153
[1] 0.013721485 0.003522166
Algorithm converged after  22  iterations.
[1] 0.0082508902 0.0009063830 0.0002157413
[1] 0.0080217733 0.0009259429 0.0002514222
Algorithm converged after  11  iterations.
[1] 0.0082508902 0.0007681316 0.0001806634
[1] 0.0085445335 0.0008202264 0.0002276465
Algorithm converged after  12  iterations.
[1] 0.0082508902 0.0007940672 0.0005071508
[1] 0.0147958701 0.0025126743 0.0005968191
[1] 0.0149129308 0.0025509727 0.0005991479
[1] 0.0149150570 0.0025516718 0.0005991903
Algorithm converged after  34  iterations.
[1] 0.0082508902 0.0009063830 0.0007681316
[1] 0.013400101 0.001606902 0.002036136
Algorithm converged after  19  iterations.
[1] 0.0082508902 0.0009063830 0.0007940672
[1] 0.024766404 0.001946970 0.009769797
[1] 0.024853929 0.001957966 0.009850054
Algorithm converged after  28  iterations.
[1] 0.0082508902 0.0007681316 0.0007940672
[1] 0.0160198482 0.0008810355 0.0040204483
[1] 0.0162389950 0.0008828629 0.0041681881
[1] 0.0162491318 0.0008829519 0.0041749542
[1] 0.016249598 0.000882956 0.004175265
Algorithm converged after  42  iterations.
[1] 0.0082508902 0.0009063830 0.0002157413 0.0007681316
[1] 0.0107368562 0.0011899191 0.0003437641 0.0012945579
Algorithm converged after  17  iterations.
[1] 0.0082508902 0.0009063830 0.0002157413 0.0007940672
[1] 0.0162476049 0.0011785936 0.0003548342 0.0046973727
[1] 0.016744863 0.001199214 0.000367873 0.004949341
[1] 0.0167941902 0.0012013138 0.0003692258 0.0049745336
[1] 0.0167992648 0.0012015305 0.0003693656 0.0049771273
[1] 0.016799789 0.001201553 0.000369380 0.004977395
Algorithm converged after  54  iterations.
[1] 0.0082508902 0.0009063830 0.0007681316 0.0001806634
[1] 0.0159051325 0.0014285359 0.0013401028 0.0005722192
[1] 0.0163998484 0.0014622121 0.0013989951 0.0005896214
[1] 0.0164124451 0.0014631315 0.0014006773 0.0005900809
Algorithm converged after  39  iterations.
[1] 0.0082508902 0.0009063830 0.0007940672 0.0005071508
[1] 0.0321455064 0.0019219578 0.0068613915 0.0009759875
[1] 0.0330995454 0.0019778831 0.0073827590 0.0009799148
[1] 0.0331389028 0.0019808647 0.0074187540 0.0009785122
[1] 0.033141566 0.001981091 0.007421734 0.000978358
[1] 0.0331417855 0.0019811098 0.0074219934 0.0009783438
Algorithm converged after  51  iterations.
[1] 0.0082508902 0.0007681316 0.0001806634 0.0007940672
[1] 0.0136650926 0.0007769843 0.0001836100 0.0033280968
[1] 0.0136884052 0.0007770542 0.0001835988 0.0033397265
Algorithm converged after  26  iterations.
[1] 0.0082508902 0.0007681316 0.0007940672 0.0005071508
[1] 0.0198366312 0.0012759730 0.0015138405 0.0005297558
[1] 0.0189099424 0.0012682732 0.0013615407 0.0004025196
[1] 0.0165561055 0.0012493261 0.0010653802 0.0002545521
[1] 0.0145793031 0.0012163102 0.0008981248 0.0002005533
[1] 0.0142372764 0.0012093198 0.0008742535 0.0001937810
[1] 0.0142005484 0.0012085601 0.0008717619 0.0001930834
[1] 0.0141967905 0.0012084823 0.0008715078 0.0001930123
[1] 0.0141964077 0.0012084744 0.0008714819 0.0001930051
Algorithm converged after  82  iterations.
[1] 0.0082508902 0.0009063830 0.0007681316 0.0007940672
[1] 0.038452848 0.004325045 0.002130021 0.018868936
[1] 0.045082371 0.005496161 0.002807121 0.023390096
[1] 0.047960630 0.005974510 0.003093484 0.025243806
[1] 0.049290782 0.006196461 0.003227944 0.026099660
[1] 0.049923116 0.006302236 0.003292298 0.026506663
[1] 0.050227360 0.006353191 0.003323356 0.026702537
[1] 0.050374553 0.006377857 0.003338404 0.026797312
[1] 0.050445948 0.006389825 0.003345708 0.026843286
[1] 0.050480622 0.006395638 0.003349257 0.026865614
[1] 0.050497472 0.006398463 0.003350981 0.026876464
[1] 0.050505662 0.006399836 0.003351820 0.026881739
[1] 0.050509644 0.006400504 0.003352227 0.026884303
[1] 0.050511580 0.006400829 0.003352426 0.026885549
[1] 0.050512521 0.006400986 0.003352522 0.026886156
[1] 0.050512979 0.006401063 0.003352569 0.026886450
Algorithm converged after  151  iterations.
[1] 0.008250890 0.001434233
Algorithm converged after  2  iterations.
[1] 0.0082508902 0.0014342328 0.0006444235
[1] 0.008757920 0.001528111 0.001172206
[1] 0.008760403 0.001528668 0.001173839
Algorithm converged after  27  iterations.
[1] 0.0082508902 0.0014342328 0.0006209091
[1] 0.008198097 0.001505990 0.001425248
[1] 0.008252559 0.001506431 0.001491271
[1] 0.008247566 0.001508035 0.001495722
[1] 0.008247259 0.001508133 0.001495972
Algorithm converged after  46  iterations.
[1] 0.0082508902 0.0014342328 0.0006281258
[1] 0.004398684 0.001253346 0.004240678
[1] 0.004755028 0.001423129 0.003208022
[1] 0.004781580 0.001428250 0.003186011
[1] 0.004781203 0.001428596 0.003188742
[1] 0.004781075 0.001428594 0.003188969
Algorithm converged after  53  iterations.
[1] 0.0082508902 0.0014342328 0.0006444235 0.0001548689
[1] 0.0075439411 0.0011295100 0.0007366213 0.0001871589
Algorithm converged after  11  iterations.
[1] 0.0082508902 0.0014342328 0.0006209091 0.0001309519
[1] 0.0080575886 0.0014769946 0.0007104351 0.0001669389
Algorithm converged after  14  iterations.
[1] 0.0082508902 0.0014342328 0.0006281258 0.0002046551
[1] 0.0050117004 0.0027224671 0.0032066673 0.0005246328
[1] 0.0050850464 0.0029178300 0.0037829964 0.0005605692
[1] 0.0051954588 0.0029563154 0.0037941429 0.0005578092
[1] 0.0052074801 0.0029531584 0.0037684994 0.0005558596
[1] 0.0052047045 0.0029512362 0.0037645782 0.0005557083
[1] 0.0052038730 0.0029511048 0.0037650325 0.0005557628
[1] 0.0052038678 0.0029511606 0.0037652430 0.0005557758
Algorithm converged after  73  iterations.
[1] 0.0082508902 0.0014342328 0.0006444235 0.0006209091
[1] 0.007961097 0.001868864 0.001807568 0.002585761
[1] 0.007835266 0.001876643 0.001807118 0.002604430
[1] 0.007779297 0.001887394 0.001811046 0.002612460
[1] 0.007755241 0.001891897 0.001812737 0.002615659
[1] 0.007744994 0.001893782 0.001813447 0.002616974
[1] 0.007740643 0.001894576 0.001813746 0.002617523
[1] 0.007738799 0.001894911 0.001813873 0.002617754
[1] 0.007738018 0.001895053 0.001813926 0.002617852
[1] 0.007737687 0.001895113 0.001813949 0.002617893
[1] 0.007737547 0.001895139 0.001813959 0.002617911
Algorithm converged after  104  iterations.
[1] 0.0082508902 0.0014342328 0.0006444235 0.0006281258
[1] 0.005988203 0.001491591 0.001137636 0.002314550
[1] 0.005461741 0.001334551 0.001151233 0.002091925
[1] 0.005474618 0.001333791 0.001150784 0.002078791
[1] 0.005474906 0.001333882 0.001150783 0.002078863
Algorithm converged after  45  iterations.
[1] 0.0082508902 0.0014342328 0.0006209091 0.0006281258
[1] 0.005168115 0.001604245 0.001397049 0.004736394
[1] 0.004865368 0.001484393 0.001305234 0.004309619
[1] 0.004867858 0.001485155 0.001305564 0.004311515
Algorithm converged after  34  iterations.
numeric(0)
Algorithm converged after  1  iterations.
[1] 0.001631951
Algorithm converged after  2  iterations.
[1] 0.001578756
Algorithm converged after  2  iterations.
[1] 0.00401062
Algorithm converged after  2  iterations.
[1] 0.0016319514 0.0005340301
Algorithm converged after  2  iterations.
[1] 0.0015787563 0.0005437854
Algorithm converged after  2  iterations.
[1] 0.0040106202 0.0008886077
Algorithm converged after  2  iterations.
[1] 0.001631951 0.001578756
Algorithm converged after  2  iterations.
[1] 0.001631951 0.004010620
Algorithm converged after  2  iterations.
[1] 0.001578756 0.004010620
Algorithm converged after  2  iterations.
[1] 0.0016319514 0.0005340301 0.0015787563
Algorithm converged after  2  iterations.
[1] 0.0016319514 0.0005340301 0.0040106202
Algorithm converged after  2  iterations.
[1] 0.0016319514 0.0015787563 0.0005437854
Algorithm converged after  2  iterations.
[1] 0.0016319514 0.0040106202 0.0008886077
Algorithm converged after  2  iterations.
[1] 0.0015787563 0.0005437854 0.0040106202
Algorithm converged after  2  iterations.
[1] 0.0015787563 0.0040106202 0.0008886077
Algorithm converged after  2  iterations.
[1] 0.001631951 0.001578756 0.004010620
Algorithm converged after  2  iterations.
[1] 0.0016319514 0.0005340301 0.0015787563 0.0005437854
Algorithm converged after  2  iterations.
[1] 0.0016319514 0.0005340301 0.0040106202 0.0008886077
Algorithm converged after  2  iterations.
[1] 0.0015787563 0.0005437854 0.0040106202 0.0008886077
Algorithm converged after  2  iterations.
[1] 0.0016319514 0.0005340301 0.0015787563 0.0040106202
Algorithm converged after  2  iterations.
[1] 0.0016319514 0.0015787563 0.0005437854 0.0040106202
Algorithm converged after  2  iterations.
[1] 0.0016319514 0.0015787563 0.0040106202 0.0008886077
Algorithm converged after  2  iterations.
[1] 0.009084329
Algorithm converged after  2  iterations.
[1] 0.0090843294 0.0008539131
[1] 0.011732402 0.001033175
[1] 0.011738669 0.001033812
Algorithm converged after  25  iterations.
[1] 0.0090843294 0.0006968193
[1] 0.0105447017 0.0008842732
[1] 0.0105501761 0.0008846794
Algorithm converged after  22  iterations.
[1] 0.0090843294 0.0009871422
[1] 0.018182449 0.005283936
[1] 0.018218660 0.005302531
Algorithm converged after  26  iterations.
[1] 0.0090843294 0.0008539131 0.0001911679
Algorithm converged after  10  iterations.
[1] 0.0090843294 0.0006968193 0.0001618067
Algorithm converged after  10  iterations.
[1] 0.0090843294 0.0009871422 0.0006098942
[1] 0.021560868 0.005016177 0.000821444
[1] 0.0218906701 0.0051564814 0.0008290514
[1] 0.0218992448 0.0051601664 0.0008292501
Algorithm converged after  37  iterations.
[1] 0.0090843294 0.0008539131 0.0006968193
[1] 0.013534048 0.001560659 0.001573668
Algorithm converged after  19  iterations.
[1] 0.0090843294 0.0008539131 0.0009871422
[1] 0.032258027 0.001934215 0.013521281
[1] 0.032847138 0.001988485 0.013909825
[1] 0.032867952 0.001990403 0.013923284
Algorithm converged after  40  iterations.
[1] 0.0090843294 0.0006968193 0.0009871422
[1] 0.0211443143 0.0008309873 0.0070299312
[1] 0.0219199232 0.0008412205 0.0074957859
[1] 0.0219809874 0.0008420438 0.0075326765
[1] 0.021985816 0.000842109 0.007535595
Algorithm converged after  50  iterations.
[1] 0.0090843294 0.0008539131 0.0001911679 0.0006968193
[1] 0.0123630194 0.0011553909 0.0003551367 0.0010534138
[1] 0.0123930076 0.0011589922 0.0003572276 0.0010574054
Algorithm converged after  24  iterations.
[1] 0.0090843294 0.0008539131 0.0001911679 0.0009871422
[1] 0.0223125832 0.0011495004 0.0003947134 0.0074001358
[1] 0.0243684003 0.0012273877 0.0004692486 0.0085194100
[1] 0.0250034064 0.0012544714 0.0004924362 0.0088681561
[1] 0.0252142341 0.0012637889 0.0004998642 0.0089841531
[1] 0.0252847024 0.0012669394 0.0005023092 0.0090229484
[1] 0.0253082710 0.0012679971 0.0005031224 0.0090359263
[1] 0.0253161539 0.0012683513 0.0005033939 0.0090402674
[1] 0.0253187906 0.0012684699 0.0005034846 0.0090417194
[1] 0.025319672 0.001268510 0.000503515 0.009042205
[1] 0.0253199674 0.0012685228 0.0005035251 0.0090423675
Algorithm converged after  103  iterations.
[1] 0.0090843294 0.0008539131 0.0006968193 0.0001618067
[1] 0.0138770997 0.0012381532 0.0009851614 0.0003970563
[1] 0.0152600169 0.0013248719 0.0010917839 0.0005037265
[1] 0.0153599500 0.0013313907 0.0011005098 0.0005088929
[1] 0.0153645888 0.0013316987 0.0011009260 0.0005091311
Algorithm converged after  48  iterations.
[1] 0.0090843294 0.0008539131 0.0009871422 0.0006098942
[1] 0.040047158 0.001847319 0.009743072 0.001451451
[1] 0.041451044 0.001901193 0.010428128 0.001474519
[1] 0.041516468 0.001903694 0.010470100 0.001474051
[1] 0.041520671 0.001903852 0.010473174 0.001473961
Algorithm converged after  49  iterations.
[1] 0.0090843294 0.0006968193 0.0001618067 0.0009871422
[1] 0.0179212304 0.0007236594 0.0001802028 0.0051956752
[1] 0.0180382748 0.0007241294 0.0001803937 0.0052560078
[1] 0.0180400105 0.0007241364 0.0001803966 0.0052569041
Algorithm converged after  32  iterations.
[1] 0.0090843294 0.0006968193 0.0009871422 0.0006098942
[1] 0.028188712 0.001087110 0.004331332 0.001197433
[1] 0.028315706 0.001092306 0.004343419 0.001203063
[1] 0.028313408 0.001092282 0.004342737 0.001202965
Algorithm converged after  33  iterations.
[1] 0.0090843294 0.0008539131 0.0006968193 0.0009871422
[1] 0.047130818 0.004308727 0.002319386 0.023885612
[1] 0.062654987 0.006338451 0.003462205 0.034061321
[1] 0.071582406 0.007535207 0.004149485 0.039985257
[1] 0.076990740 0.008268988 0.004573528 0.043602375
[1] 0.080339789 0.008726225 0.004838511 0.045852092
[1] 0.082437558 0.009013649 0.005005334 0.047264900
[1] 0.083760217 0.009195256 0.005110832 0.048157078
[1] 0.084597457 0.009310362 0.005177733 0.048722369
[1] 0.085128713 0.009383459 0.005220231 0.049081281
[1] 0.085466323 0.009429936 0.005247258 0.049309454
[1] 0.085681075 0.009459508 0.005264457 0.049454628
[1] 0.085817759 0.009478335 0.005275407 0.049547042
[1] 0.085904789 0.009490323 0.005282380 0.049605889
[1] 0.085960215 0.009497959 0.005286821 0.049643370
[1] 0.085995521 0.009502823 0.005289651 0.049667245
[1] 0.086018011 0.009505921 0.005291453 0.049682454
[1] 0.086032339 0.009507895 0.005292601 0.049692144
[1] 0.086041467 0.009509153 0.005293333 0.049698317
[1] 0.086047283 0.009509954 0.005293799 0.049702250
[1] 0.086050989 0.009510465 0.005294096 0.049704756
[1] 0.086053349 0.009510790 0.005294285 0.049706353
[1] 0.086054854 0.009510998 0.005294406 0.049707370
[1] 0.086055812 0.009511130 0.005294483 0.049708018
Algorithm converged after  235  iterations.
[1] 0.009084329 0.001679748
Algorithm converged after  2  iterations.
[1] 0.0090843294 0.0016797482 0.0006607801
[1] 0.009806123 0.001758327 0.001131914
[1] 0.009807041 0.001757409 0.001133829
Algorithm converged after  28  iterations.
[1] 0.0090843294 0.0016797482 0.0005961403
[1] 0.008997265 0.001814086 0.001248797
[1] 0.009069889 0.001783335 0.001352332
[1] 0.009058913 0.001781953 0.001358012
[1] 0.009058332 0.001781930 0.001358215
Algorithm converged after  44  iterations.
[1] 0.0090843294 0.0016797482 0.0005283531
[1] 0.005612282 0.001319672 0.002539759
[1] 0.005588976 0.001319231 0.002559059
Algorithm converged after  27  iterations.
[1] 0.0090843294 0.0016797482 0.0006607801 0.0001291237
[1] 0.0083894084 0.0015073795 0.0007351326 0.0001602845
Algorithm converged after  11  iterations.
[1] 0.0090843294 0.0016797482 0.0005961403 0.0001373200
[1] 0.0089057537 0.0017743533 0.0006800463 0.0001758000
Algorithm converged after  14  iterations.
[1] 0.0090843294 0.0016797482 0.0005283531 0.0001299056
[1] 0.0072108868 0.0022686288 0.0012515370 0.0003371242
[1] 0.007192826 0.002286867 0.001274950 0.000339542
[1] 0.0071928893 0.0022871627 0.0012752428 0.0003395685
Algorithm converged after  31  iterations.
[1] 0.0090843294 0.0016797482 0.0006607801 0.0005961403
[1] 0.007453459 0.002087976 0.001797842 0.002522312
[1] 0.007184298 0.002130740 0.001787635 0.002495885
[1] 0.007172478 0.002160854 0.001783542 0.002471940
[1] 0.007172189 0.002167721 0.001782357 0.002466020
[1] 0.007172226 0.002169055 0.001782112 0.002464838
[1] 0.007172237 0.002169306 0.001782065 0.002464614
[1] 0.007172239 0.002169353 0.001782057 0.002464572
Algorithm converged after  71  iterations.
[1] 0.0090843294 0.0016797482 0.0006607801 0.0005283531
[1] 0.007408649 0.001781865 0.001262235 0.005275100
[1] 0.007918535 0.001908766 0.001344481 0.008655304
[1] 0.007912814 0.001913844 0.001344651 0.008699502
Algorithm converged after  38  iterations.
[1] 0.0090843294 0.0016797482 0.0005961403 0.0005283531
[1] 0.005657520 0.001633603 0.001271411 0.005839268
[1] 0.005678219 0.001627853 0.001250264 0.005743243
[1] 0.005680199 0.001628467 0.001249717 0.005745688
[1] 0.005680517 0.001628552 0.001249661 0.005746094
Algorithm converged after  45  iterations.
numeric(0)
Algorithm converged after  1  iterations.
[1] 0.001450661
Algorithm converged after  2  iterations.
[1] 0.001682913
Algorithm converged after  2  iterations.
[1] 0.004434887
Algorithm converged after  2  iterations.
[1] 0.0014506614 0.0004908742
Algorithm converged after  2  iterations.
[1] 0.001682913 0.000557373
Algorithm converged after  2  iterations.
[1] 0.0044348872 0.0007575603
Algorithm converged after  2  iterations.
[1] 0.001450661 0.001682913
Algorithm converged after  2  iterations.
[1] 0.001450661 0.004434887
Algorithm converged after  2  iterations.
[1] 0.001682913 0.004434887
Algorithm converged after  2  iterations.
[1] 0.0014506614 0.0004908742 0.0016829128
Algorithm converged after  2  iterations.
[1] 0.0014506614 0.0004908742 0.0044348872
Algorithm converged after  2  iterations.
[1] 0.001450661 0.001682913 0.000557373
Algorithm converged after  2  iterations.
[1] 0.0014506614 0.0044348872 0.0007575603
Algorithm converged after  2  iterations.
[1] 0.001682913 0.000557373 0.004434887
Algorithm converged after  2  iterations.
[1] 0.0016829128 0.0044348872 0.0007575603
Algorithm converged after  2  iterations.
[1] 0.001450661 0.001682913 0.004434887
Algorithm converged after  2  iterations.
[1] 0.0014506614 0.0004908742 0.0016829128 0.0005573730
Algorithm converged after  2  iterations.
[1] 0.0014506614 0.0004908742 0.0044348872 0.0007575603
Algorithm converged after  2  iterations.
[1] 0.0016829128 0.0005573730 0.0044348872 0.0007575603
Algorithm converged after  2  iterations.
[1] 0.0014506614 0.0004908742 0.0016829128 0.0044348872
Algorithm converged after  2  iterations.
[1] 0.001450661 0.001682913 0.000557373 0.004434887
Algorithm converged after  2  iterations.
[1] 0.0014506614 0.0016829128 0.0044348872 0.0007575603
Algorithm converged after  2  iterations.
[1] 0.009272744
Algorithm converged after  2  iterations.
[1] 0.0092727436 0.0008792853
[1] 0.0115480397 0.0009963701
[1] 0.011542908 0.000996312
Algorithm converged after  25  iterations.
[1] 0.009272744 0.000752888
Algorithm converged after  10  iterations.
[1] 0.0092727436 0.0008615652
[1] 0.016977268 0.004511871
[1] 0.01700689 0.00452739
Algorithm converged after  26  iterations.
[1] 0.0092727436 0.0008792853 0.0002010813
Algorithm converged after  10  iterations.
[1] 0.0092727436 0.0007528880 0.0001691109
[1] 0.0097830597 0.0008134343 0.0002139894
Algorithm converged after  13  iterations.
[1] 0.0092727436 0.0008615652 0.0004999082
[1] 0.0189548478 0.0037287327 0.0006037563
[1] 0.0192275038 0.0038329663 0.0006081555
[1] 0.019235181 0.003835925 0.000608280
Algorithm converged after  38  iterations.
[1] 0.0092727436 0.0008792853 0.0007528880
[1] 0.016105126 0.001331656 0.002022242
[1] 0.016111071 0.001333289 0.002028190
Algorithm converged after  23  iterations.
[1] 0.0092727436 0.0008792853 0.0008615652
[1] 0.028517236 0.001886174 0.011754699
[1] 0.028991471 0.001934076 0.012084377
[1] 0.029013221 0.001936298 0.012099351
[1] 0.029014240 0.001936402 0.012100052
Algorithm converged after  42  iterations.
[1] 0.0092727436 0.0007528880 0.0008615652
[1] 0.0181499275 0.0008091012 0.0043339399
[1] 0.0183697410 0.0008087882 0.0044749905
[1] 0.0183785897 0.0008087793 0.0044806488
[1] 0.0183789460 0.0008087789 0.0044808766
Algorithm converged after  41  iterations.
[1] 0.0092727436 0.0008792853 0.0002010813 0.0007528880
[1] 0.0117307678 0.0010213981 0.0002818801 0.0012471284
Algorithm converged after  16  iterations.
[1] 0.0092727436 0.0008792853 0.0002010813 0.0008615652
[1] 0.021673347 0.001190108 0.000459505 0.006962952
[1] 0.0241650422 0.0013015535 0.0005700119 0.0083534447
[1] 0.0250465776 0.0013472207 0.0005964879 0.0088522074
[1] 0.0253202884 0.0013620179 0.0006036301 0.0090082733
[1] 0.0254021757 0.0013664991 0.0006056813 0.0090550837
[1] 0.0254264258 0.0013678308 0.0006062816 0.0090689568
[1] 0.0254335862 0.0013682245 0.0006064582 0.0090730541
[1] 0.0254356986 0.0013683407 0.0006065102 0.0090742630
[1] 0.0254363217 0.0013683749 0.0006065256 0.0090746195
Algorithm converged after  98  iterations.
[1] 0.0092727436 0.0008792853 0.0007528880 0.0001691109
[1] 0.0161744039 0.0011558238 0.0011897080 0.0005467598
[1] 0.0168487937 0.0011827268 0.0012616764 0.0005636425
[1] 0.0168733724 0.0011837697 0.0012645395 0.0005641997
[1] 0.0168742906 0.0011838088 0.0012646468 0.0005642204
Algorithm converged after  42  iterations.
[1] 0.0092727436 0.0008792853 0.0008615652 0.0004999082
[1] 0.037184343 0.001707387 0.009028665 0.001101147
[1] 0.038402721 0.001755662 0.009636597 0.001121993
[1] 0.038456389 0.001758160 0.009674316 0.001121657
[1] 0.038460196 0.001758355 0.009677525 0.001121571
[1] 0.038460538 0.001758373 0.009677831 0.001121562
Algorithm converged after  51  iterations.
[1] 0.0092727436 0.0007528880 0.0001691109 0.0008615652
[1] 0.0172456814 0.0007346887 0.0001602969 0.0044657630
[1] 0.0173198072 0.0007346839 0.0001601969 0.0045051686
Algorithm converged after  30  iterations.
[1] 0.0092727436 0.0007528880 0.0008615652 0.0004999082
[1] 0.0210279308 0.0011999969 0.0018822481 0.0007551089
[1] 0.0210381719 0.0012002208 0.0018840820 0.0007555715
Algorithm converged after  24  iterations.
[1] 0.0092727436 0.0008792853 0.0007528880 0.0008615652
[1] 0.040759461 0.004025340 0.001537674 0.020564145
[1] 0.050386121 0.005581014 0.002246370 0.027649096
[1] 0.054679374 0.006226538 0.002567151 0.030678801
[1] 0.056912409 0.006564446 0.002739192 0.032259052
[1] 0.058122225 0.006748083 0.002833627 0.033116865
[1] 0.058789352 0.006849507 0.002886044 0.033590401
[1] 0.059160492 0.006905981 0.002915306 0.033854000
[1] 0.059367938 0.006937561 0.002931693 0.034001386
[1] 0.059484185 0.006955262 0.002940885 0.034083992
[1] 0.059549418 0.006965197 0.002946046 0.034130352
[1] 0.059586054 0.006970776 0.002948946 0.034156390
[1] 0.059606638 0.006973911 0.002950575 0.034171019
[1] 0.059618205 0.006975673 0.002951491 0.034179241
[1] 0.059624707 0.006976664 0.002952006 0.034183863
[1] 0.059628362 0.006977221 0.002952295 0.034186460
[1] 0.059630417 0.006977533 0.002952458 0.034187921
[1] 0.059631572 0.006977709 0.002952549 0.034188742
[1] 0.059632221 0.006977808 0.002952601 0.034189203
Algorithm converged after  186  iterations.
[1] 0.009272744 0.001517415
Algorithm converged after  2  iterations.
[1] 0.0092727436 0.0015174148 0.0006263532
[1] 0.009940665 0.001714080 0.001101459
[1] 0.009933054 0.001715031 0.001103771
Algorithm converged after  30  iterations.
[1] 0.0092727436 0.0015174148 0.0006358985
[1] 0.009584539 0.001407706 0.001226300
[1] 0.009566985 0.001404189 0.001220430
[1] 0.009556206 0.001402210 0.001217516
[1] 0.009550396 0.001401112 0.001215938
[1] 0.009547262 0.001400510 0.001215084
[1] 0.009545573 0.001400183 0.001214623
[1] 0.009544663 0.001400006 0.001214375
[1] 0.009544174 0.001399910 0.001214241
[1] 0.009543910 0.001399859 0.001214169
[1] 0.009543768 0.001399831 0.001214131
[1] 0.009543692 0.001399816 0.001214110
Algorithm converged after  115  iterations.
[1] 0.0092727436 0.0015174148 0.0004925716
[1] 0.005715544 0.001323341 0.002348833
[1] 0.005612369 0.001335125 0.002450384
[1] 0.005611880 0.001335292 0.002451535
Algorithm converged after  33  iterations.
[1] 0.0092727436 0.0015174148 0.0006263532 0.0001334534
Algorithm converged after  10  iterations.
[1] 0.0092727436 0.0015174148 0.0006358985 0.0001652959
[1] 0.0093428714 0.0015992353 0.0007458873 0.0002106270
Algorithm converged after  13  iterations.
[1] 0.0092727436 0.0015174148 0.0004925716 0.0001444992
[1] 0.0062542460 0.0026720977 0.0021701993 0.0004347943
[1] 0.0062555480 0.0027836737 0.0023587419 0.0004500133
[1] 0.0062784815 0.0027887202 0.0023581773 0.0004495467
[1] 0.0062802677 0.0027882410 0.0023565861 0.0004493888
Algorithm converged after  50  iterations.
[1] 0.0092727436 0.0015174148 0.0006263532 0.0006358985
[1] 0.008879117 0.001993457 0.001519182 0.002479042
[1] 0.008497142 0.002128552 0.001591698 0.002499312
[1] 0.008416067 0.002158491 0.001601147 0.002476576
[1] 0.008395382 0.002166248 0.001603200 0.002468835
[1] 0.008390000 0.002168270 0.001603705 0.002466663
[1] 0.008388593 0.002168799 0.001603835 0.002466083
[1] 0.008388224 0.002168938 0.001603869 0.002465930
Algorithm converged after  80  iterations.
[1] 0.0092727436 0.0015174148 0.0006263532 0.0004925716
[1] 0.005929989 0.001465628 0.001120971 0.002600009
[1] 0.005799902 0.001387023 0.001142727 0.002257173
[1] 0.005798606 0.001388099 0.001142501 0.002265290
[1] 0.005798515 0.001388074 0.001142511 0.002265218
Algorithm converged after  42  iterations.
[1] 0.0092727436 0.0015174148 0.0006358985 0.0004925716
[1] 0.006605237 0.001480535 0.001409196 0.003427047
[1] 0.006515093 0.001449895 0.001382559 0.003208942
[1] 0.006509840 0.001449118 0.001382482 0.003204468
[1] 0.006509771 0.001449132 0.001382513 0.003204587
Algorithm converged after  42  iterations.
numeric(0)
Algorithm converged after  1  iterations.
[1] 0.002427238
Algorithm converged after  2  iterations.
[1] 0.001404514
Algorithm converged after  2  iterations.
[1] 0.004061623
Algorithm converged after  2  iterations.
[1] 0.0024272379 0.0006664541
Algorithm converged after  2  iterations.
[1] 0.0014045142 0.0004982119
Algorithm converged after  2  iterations.
[1] 0.0040616227 0.0007580458
Algorithm converged after  2  iterations.
[1] 0.002427238 0.001404514
Algorithm converged after  2  iterations.
[1] 0.002427238 0.004061623
Algorithm converged after  2  iterations.
[1] 0.001404514 0.004061623
Algorithm converged after  2  iterations.
[1] 0.0024272379 0.0006664541 0.0014045142
Algorithm converged after  2  iterations.
[1] 0.0024272379 0.0006664541 0.0040616227
Algorithm converged after  2  iterations.
[1] 0.0024272379 0.0014045142 0.0004982119
Algorithm converged after  2  iterations.
[1] 0.0024272379 0.0040616227 0.0007580458
Algorithm converged after  2  iterations.
[1] 0.0014045142 0.0004982119 0.0040616227
Algorithm converged after  2  iterations.
[1] 0.0014045142 0.0040616227 0.0007580458
Algorithm converged after  2  iterations.
[1] 0.002427238 0.001404514 0.004061623
Algorithm converged after  2  iterations.
[1] 0.0024272379 0.0006664541 0.0014045142 0.0004982119
Algorithm converged after  2  iterations.
[1] 0.0024272379 0.0006664541 0.0040616227 0.0007580458
Algorithm converged after  2  iterations.
[1] 0.0014045142 0.0004982119 0.0040616227 0.0007580458
Algorithm converged after  2  iterations.
[1] 0.0024272379 0.0006664541 0.0014045142 0.0040616227
Algorithm converged after  2  iterations.
[1] 0.0024272379 0.0014045142 0.0004982119 0.0040616227
Algorithm converged after  2  iterations.
[1] 0.0024272379 0.0014045142 0.0040616227 0.0007580458
Algorithm converged after  2  iterations.
[1] 0.009799007
Algorithm converged after  2  iterations.
[1] 0.0097990072 0.0009261539
[1] 0.012271321 0.001183389
[1] 0.012272549 0.001183469
Algorithm converged after  21  iterations.
[1] 0.0097990072 0.0007966125
[1] 0.012599625 0.001038981
Algorithm converged after  16  iterations.
[1] 0.0097990072 0.0008741525
[1] 0.015970153 0.003832276
Algorithm converged after  19  iterations.
[1] 0.0097990072 0.0009261539 0.0002189067
[1] 0.0089578097 0.0009518025 0.0002680375
Algorithm converged after  13  iterations.
[1] 0.0097990072 0.0007966125 0.0001961845
[1] 0.0103705480 0.0008346690 0.0002259344
Algorithm converged after  11  iterations.
[1] 0.0097990072 0.0008741525 0.0002069464
[1] 0.0190799901 0.0028655671 0.0008162918
[1] 0.0191795040 0.0028932252 0.0008190501
Algorithm converged after  30  iterations.
[1] 0.0097990072 0.0009261539 0.0007966125
[1] 0.015392639 0.001759181 0.001639981
Algorithm converged after  19  iterations.
[1] 0.0097990072 0.0009261539 0.0008741525
[1] 0.026028786 0.002510521 0.009254093
[1] 0.026291306 0.002541260 0.009390925
[1] 0.026296885 0.002541915 0.009393828
Algorithm converged after  34  iterations.
[1] 0.0097990072 0.0007966125 0.0008741525
[1] 0.018886423 0.000903717 0.005236325
[1] 0.0191268453 0.0009083043 0.0053828833
[1] 0.0191345272 0.0009084483 0.0053874698
Algorithm converged after  39  iterations.
[1] 0.0097990072 0.0009261539 0.0002189067 0.0007966125
[1] 0.0137641618 0.0012958472 0.0003803478 0.0011708568
[1] 0.0137716930 0.0012969993 0.0003809476 0.0011722211
Algorithm converged after  21  iterations.
[1] 0.0097990072 0.0009261539 0.0002189067 0.0008741525
[1] 0.0204553837 0.0015829230 0.0005852385 0.0058778939
[1] 0.0214847807 0.0016474017 0.0006134134 0.0063041759
[1] 0.0215956737 0.0016545696 0.0006162639 0.0063505228
[1] 0.0216076042 0.0016553434 0.0006165684 0.0063555144
[1] 0.0216088875 0.0016554266 0.0006166012 0.0063560514
Algorithm converged after  56  iterations.
[1] 0.0097990072 0.0009261539 0.0007966125 0.0001961845
[1] 0.0153992111 0.0013897134 0.0010946315 0.0004197653
[1] 0.015962356 0.001428130 0.001144834 0.000468343
[1] 0.0160169104 0.0014315979 0.0011493999 0.0004725031
[1] 0.0160210483 0.0014318595 0.0011497448 0.0004728146
[1] 0.0160213560 0.0014318789 0.0011497704 0.0004728378
Algorithm converged after  52  iterations.
[1] 0.0097990072 0.0009261539 0.0008741525 0.0002069464
[1] 0.034652349 0.001989926 0.007450194 0.001112581
[1] 0.035539001 0.002055815 0.008025741 0.001099920
[1] 0.035552003 0.002059069 0.008058080 0.001096790
[1] 0.035551670 0.002059265 0.008060195 0.001096507
Algorithm converged after  49  iterations.
[1] 0.0097990072 0.0007966125 0.0001961845 0.0008741525
[1] 0.0167648369 0.0008229354 0.0002084575 0.0041236089
[1] 0.0167874206 0.0008231169 0.0002085485 0.0041339602
Algorithm converged after  25  iterations.
[1] 0.0097990072 0.0007966125 0.0008741525 0.0002069464
[1] 0.0201827870 0.0012636920 0.0013276516 0.0002443498
[1] 0.0182030231 0.0012388332 0.0011800963 0.0002197342
[1] 0.0181337998 0.0012373568 0.0011757765 0.0002191373
[1] 0.0181324016 0.0012373264 0.0011756898 0.0002191254
Algorithm converged after  41  iterations.
[1] 0.0097990072 0.0009261539 0.0007966125 0.0008741525
[1] 0.041272828 0.005501547 0.002553781 0.018667148
[1] 0.052652303 0.007310214 0.003541904 0.025132167
[1] 0.058484382 0.008255743 0.004071060 0.028488522
[1] 0.061713901 0.008783173 0.004368902 0.030358694
[1] 0.063559663 0.009085662 0.004540469 0.031430939
[1] 0.064631344 0.009261613 0.004640501 0.032054578
[1] 0.065258926 0.009364756 0.004699218 0.032420140
[1] 0.065628215 0.009425484 0.004733815 0.032635370
[1] 0.065846120 0.009461330 0.004754245 0.032762411
[1] 0.065974906 0.009482520 0.004766326 0.032837509
[1] 0.066051094 0.009495057 0.004773474 0.032881941
[1] 0.066096190 0.009502478 0.004777706 0.032908243
[1] 0.066122892 0.009506872 0.004780212 0.032923817
[1] 0.066138705 0.009509475 0.004781696 0.032933040
[1] 0.066148071 0.009511016 0.004782575 0.032938503
[1] 0.066153619 0.009511929 0.004783096 0.032941739
[1] 0.066156905 0.009512470 0.004783404 0.032943656
[1] 0.066158852 0.009512790 0.004783587 0.032944791
[1] 0.066160005 0.009512980 0.004783695 0.032945464
[1] 0.066160688 0.009513092 0.004783759 0.032945862
Algorithm converged after  202  iterations.
[1] 0.009799007 0.001471652
Algorithm converged after  2  iterations.
[1] 0.0097990072 0.0014716517 0.0006818109
[1] 0.010644885 0.001594854 0.001242409
Algorithm converged after  19  iterations.
[1] 0.0097990072 0.0014716517 0.0006619596
[1] 0.010122676 0.001706568 0.001297680
[1] 0.010093114 0.001716962 0.001420789
[1] 0.010052411 0.001717177 0.001430464
[1] 0.010049730 0.001717227 0.001430885
Algorithm converged after  47  iterations.
[1] 0.0097990072 0.0014716517 0.0006474495
[1] 0.006485584 0.001627943 0.002807682
[1] 0.006329762 0.001621080 0.002839752
[1] 0.006326417 0.001620599 0.002839108
Algorithm converged after  39  iterations.
[1] 0.0097990072 0.0014716517 0.0006818109 0.0001709420
[1] 0.0089053953 0.0011786390 0.0007818726 0.0002155500
Algorithm converged after  11  iterations.
[1] 0.0097990072 0.0014716517 0.0006619596 0.0001391472
[1] 0.0100212504 0.0016388563 0.0007437048 0.0001710730
Algorithm converged after  13  iterations.
[1] 0.0097990072 0.0014716517 0.0006474495 0.0002098555
[1] 0.006834335 0.002513112 0.002427968 0.000394878
[1] 0.0068879277 0.0026205278 0.0025998783 0.0004027065
[1] 0.0069060778 0.0026270325 0.0026049497 0.0004026611
[1] 0.0069073033 0.0026269922 0.0026044249 0.0004026149
Algorithm converged after  50  iterations.
[1] 0.0097990072 0.0014716517 0.0006818109 0.0006619596
[1] 0.009495967 0.002319196 0.002039670 0.002186122
[1] 0.009422105 0.002332178 0.002039706 0.002172240
[1] 0.009419334 0.002333890 0.002040030 0.002171155
[1] 0.009419126 0.002334027 0.002040056 0.002171070
Algorithm converged after  43  iterations.
[1] 0.0097990072 0.0014716517 0.0006818109 0.0006474495
[1] 0.008760483 0.001729461 0.001271561 0.002596776
[1] 0.008601822 0.001702869 0.001249205 0.002222307
[1] 0.008352910 0.001662377 0.001230226 0.001866898
[1] 0.008224091 0.001642385 0.001224930 0.001755306
[1] 0.008202132 0.001639605 0.001224368 0.001742749
[1] 0.008200104 0.001639369 0.001224323 0.001741730
[1] 0.008199941 0.001639350 0.001224320 0.001741650
Algorithm converged after  72  iterations.
[1] 0.0097990072 0.0014716517 0.0006619596 0.0006474495
[1] 0.006465485 0.001860410 0.001275751 0.005366631
[1] 0.006317118 0.001748946 0.001257418 0.004886337
[1] 0.006320099 0.001749807 0.001257216 0.004888944
Algorithm converged after  38  iterations.
numeric(0)
Algorithm converged after  1  iterations.
[1] 0.001898772
Algorithm converged after  2  iterations.
[1] 0.001646743
Algorithm converged after  2  iterations.
[1] 0.003345778
Algorithm converged after  2  iterations.
[1] 0.0018987722 0.0005512403
Algorithm converged after  2  iterations.
[1] 0.0016467432 0.0005656942
Algorithm converged after  2  iterations.
[1] 0.0033457783 0.0007438535
Algorithm converged after  2  iterations.
[1] 0.001898772 0.001646743
Algorithm converged after  2  iterations.
[1] 0.001898772 0.003345778
Algorithm converged after  2  iterations.
[1] 0.001646743 0.003345778
Algorithm converged after  2  iterations.
[1] 0.0018987722 0.0005512403 0.0016467432
Algorithm converged after  2  iterations.
[1] 0.0018987722 0.0005512403 0.0033457783
Algorithm converged after  2  iterations.
[1] 0.0018987722 0.0016467432 0.0005656942
Algorithm converged after  2  iterations.
[1] 0.0018987722 0.0033457783 0.0007438535
Algorithm converged after  2  iterations.
[1] 0.0016467432 0.0005656942 0.0033457783
Algorithm converged after  2  iterations.
[1] 0.0016467432 0.0033457783 0.0007438535
Algorithm converged after  2  iterations.
[1] 0.001898772 0.001646743 0.003345778
Algorithm converged after  2  iterations.
[1] 0.0018987722 0.0005512403 0.0016467432 0.0005656942
Algorithm converged after  2  iterations.
[1] 0.0018987722 0.0005512403 0.0033457783 0.0007438535
Algorithm converged after  2  iterations.
[1] 0.0016467432 0.0005656942 0.0033457783 0.0007438535
Algorithm converged after  2  iterations.
[1] 0.0018987722 0.0005512403 0.0016467432 0.0033457783
Algorithm converged after  2  iterations.
[1] 0.0018987722 0.0016467432 0.0005656942 0.0033457783
Algorithm converged after  2  iterations.
[1] 0.0018987722 0.0016467432 0.0033457783 0.0007438535
Algorithm converged after  2  iterations.
[1] 0.008360842
Algorithm converged after  2  iterations.
[1] 0.008360842 0.000861664
[1] 0.010420764 0.001100736
[1] 0.010416642 0.001100699
Algorithm converged after  25  iterations.
[1] 0.0083608422 0.0008091105
[1] 0.010230909 0.001119176
Algorithm converged after  13  iterations.
[1] 0.0083608422 0.0008486435
[1] 0.016380412 0.005006958
[1] 0.016390152 0.005011437
Algorithm converged after  22  iterations.
[1] 0.0083608422 0.0008616640 0.0002112372
[1] 0.0076816127 0.0008917513 0.0002668639
Algorithm converged after  14  iterations.
[1] 0.0083608422 0.0008091105 0.0001737547
[1] 0.0087112551 0.0008583525 0.0002128369
Algorithm converged after  12  iterations.
[1] 0.0083608422 0.0008486435 0.0002484871
[1] 0.0199251515 0.0046048431 0.0008418889
[1] 0.0201217529 0.0046823207 0.0008470659
[1] 0.0201242885 0.0046833282 0.0008471328
Algorithm converged after  32  iterations.
[1] 0.0083608422 0.0008616640 0.0008091105
[1] 0.013223689 0.001485252 0.001793638
[1] 0.013203055 0.001486165 0.001797193
Algorithm converged after  22  iterations.
[1] 0.0083608422 0.0008616640 0.0008486435
[1] 0.03006078 0.00281675 0.01225457
[1] 0.031101143 0.002929825 0.012812900
[1] 0.031167200 0.002937038 0.012848424
[1] 0.031171435 0.002937501 0.012850702
Algorithm converged after  46  iterations.
[1] 0.0083608422 0.0008091105 0.0008486435
[1] 0.017542934 0.000887336 0.005526586
[1] 0.0177912017 0.0008899767 0.0056687556
[1] 0.017800742 0.000890077 0.005674155
Algorithm converged after  40  iterations.
[1] 0.0083608422 0.0008616640 0.0002112372 0.0008091105
[1] 0.0102629831 0.0011066296 0.0003553201 0.0012013021
Algorithm converged after  16  iterations.
[1] 0.0083608422 0.0008616640 0.0002112372 0.0008486435
[1] 0.0257405276 0.0019670965 0.0007385233 0.0092567394
[1] 0.0281555840 0.0021584134 0.0007536464 0.0104226282
[1] 0.0284704108 0.0021839813 0.0007553104 0.0105771496
[1] 0.0285116455 0.0021873364 0.0007555236 0.0105974206
[1] 0.0285170542 0.0021877767 0.0007555514 0.0106000802
[1] 0.0285177637 0.0021878344 0.0007555551 0.0106004290
Algorithm converged after  62  iterations.
[1] 0.0083608422 0.0008616640 0.0008091105 0.0001737547
[1] 0.0122786711 0.0011980234 0.0010267219 0.0003348967
[1] 0.0128433540 0.0012270990 0.0010788047 0.0003894459
[1] 0.0129868760 0.0012343435 0.0010916378 0.0004032476
[1] 0.0130148389 0.0012357432 0.0010941112 0.0004058919
[1] 0.0130199177 0.0012359970 0.0010945595 0.0004063703
[1] 0.013020828 0.001236043 0.001094640 0.000406456
[1] 0.0130209904 0.0012360506 0.0010946541 0.0004064713
Algorithm converged after  74  iterations.
[1] 0.0083608422 0.0008616640 0.0008486435 0.0002484871
[1] 0.037462594 0.002257576 0.012067167 0.001017411
[1] 0.0372090645 0.0023504296 0.0125959743 0.0009311937
[1] 0.0368381891 0.0023402365 0.0125013763 0.0009165669
[1] 0.0368015152 0.0023384118 0.0124881707 0.0009155584
Algorithm converged after  50  iterations.
[1] 0.0083608422 0.0008091105 0.0001737547 0.0008486435
[1] 0.0164646037 0.0008168058 0.0001721064 0.0050155177
[1] 0.0165068404 0.0008169612 0.0001721592 0.0050356144
Algorithm converged after  28  iterations.
[1] 0.0083608422 0.0008091105 0.0008486435 0.0002484871
[1] 0.0234768573 0.0013106447 0.0024300114 0.0009035488
[1] 0.0234747279 0.0013109712 0.0024281001 0.0009010814
Algorithm converged after  27  iterations.
[1] 0.0083608422 0.0008616640 0.0008091105 0.0008486435
[1] 0.047386952 0.005823781 0.002240851 0.023540259
[1] 0.063815443 0.008202382 0.003293742 0.033474056
[1] 0.072412470 0.009470275 0.003887541 0.038740559
[1] 0.077243603 0.010187871 0.004230043 0.041718805
[1] 0.080034384 0.010603853 0.004430356 0.043444886
[1] 0.081669026 0.010847966 0.004548461 0.044457734
[1] 0.082633778 0.010992192 0.004618423 0.045056125
[1] 0.083205632 0.011077734 0.004659981 0.045411032
[1] 0.083545447 0.011128585 0.004684707 0.045622005
[1] 0.083747675 0.011158852 0.004699433 0.045747583
[1] 0.083868128 0.011176883 0.004708207 0.045822390
[1] 0.083939910 0.011187629 0.004713438 0.045866973
[1] 0.083982701 0.011194035 0.004716556 0.045893552
[1] 0.084008214 0.011197855 0.004718416 0.045909399
[1] 0.084023427 0.011200133 0.004719525 0.045918848
[1] 0.084032499 0.011201491 0.004720186 0.045924484
[1] 0.08403791 0.01120230 0.00472058 0.04592784
[1] 0.084041136 0.011202784 0.004720816 0.045929848
[1] 0.084043060 0.011203072 0.004720956 0.045931044
[1] 0.08404421 0.01120324 0.00472104 0.04593176
Algorithm converged after  208  iterations.
[1] 0.008360842 0.001539168
Algorithm converged after  2  iterations.
[1] 0.0083608422 0.0015391677 0.0006666163
[1] 0.009426958 0.001768209 0.001322380
[1] 0.009427392 0.001768456 0.001322980
Algorithm converged after  22  iterations.
[1] 0.0083608422 0.0015391677 0.0006530193
[1] 0.007346332 0.001575956 0.001246120
[1] 0.007329102 0.001576245 0.001247882
[1] 0.007375118 0.001576933 0.001251591
[1] 0.007486898 0.001578712 0.001269799
[1] 0.007670975 0.001583334 0.001314837
[1] 0.007793820 0.001587542 0.001350098
[1] 0.007826037 0.001588891 0.001359872
[1] 0.007831790 0.001589157 0.001361659
[1] 0.007832747 0.001589203 0.001361958
[1] 0.007832904 0.001589210 0.001362007
Algorithm converged after  103  iterations.
[1] 0.0083608422 0.0015391677 0.0005811954
[1] 0.005525922 0.001362116 0.002888045
[1] 0.005497229 0.001364288 0.002931259
Algorithm converged after  27  iterations.
[1] 0.0083608422 0.0015391677 0.0006666163 0.0001637795
[1] 0.0075536799 0.0013008183 0.0007740904 0.0002265771
Algorithm converged after  12  iterations.
[1] 0.0083608422 0.0015391677 0.0006530193 0.0001372352
[1] 0.0085670432 0.0016552905 0.0007410050 0.0001699717
Algorithm converged after  14  iterations.
[1] 0.0083608422 0.0015391677 0.0005811954 0.0001844665
[1] 0.0062008709 0.0022515597 0.0018748525 0.0003505396
[1] 0.0062112701 0.0022791344 0.0019182501 0.0003524905
[1] 0.0062129505 0.0022792395 0.0019177021 0.0003524334
Algorithm converged after  39  iterations.
[1] 0.0083608422 0.0015391677 0.0006666163 0.0006530193
[1] 0.007887223 0.002209098 0.002010284 0.002433883
[1] 0.007814515 0.002256389 0.002013346 0.002387140
[1] 0.007814877 0.002259810 0.002012787 0.002381535
[1] 0.007814926 0.002259985 0.002012753 0.002381230
Algorithm converged after  44  iterations.
[1] 0.0083608422 0.0015391677 0.0006666163 0.0005811954
[1] 0.006609604 0.001607648 0.001292663 0.002346467
[1] 0.006386825 0.001499271 0.001303996 0.001993227
[1] 0.006377710 0.001499860 0.001303712 0.002004182
[1] 0.006378056 0.001499892 0.001303715 0.002004007
Algorithm converged after  42  iterations.
[1] 0.0083608422 0.0015391677 0.0006530193 0.0005811954
[1] 0.005819361 0.001646558 0.001299888 0.004793792
[1] 0.005756340 0.001629888 0.001300223 0.004686213
Algorithm converged after  30  iterations.
numeric(0)
Algorithm converged after  1  iterations.
[1] 0.001817416
Algorithm converged after  2  iterations.
[1] 0.001977507
Algorithm converged after  2  iterations.
[1] 0.003935033
Algorithm converged after  2  iterations.
[1] 0.0018174156 0.0005507171
Algorithm converged after  2  iterations.
[1] 0.0019775073 0.0006462099
Algorithm converged after  2  iterations.
[1] 0.003935033 0.000708546
Algorithm converged after  2  iterations.
[1] 0.001817416 0.001977507
Algorithm converged after  2  iterations.
[1] 0.001817416 0.003935033
Algorithm converged after  2  iterations.
[1] 0.001977507 0.003935033
Algorithm converged after  2  iterations.
[1] 0.0018174156 0.0005507171 0.0019775073
Algorithm converged after  2  iterations.
[1] 0.0018174156 0.0005507171 0.0039350327
Algorithm converged after  2  iterations.
[1] 0.0018174156 0.0019775073 0.0006462099
Algorithm converged after  2  iterations.
[1] 0.001817416 0.003935033 0.000708546
Algorithm converged after  2  iterations.
[1] 0.0019775073 0.0006462099 0.0039350327
Algorithm converged after  2  iterations.
[1] 0.001977507 0.003935033 0.000708546
Algorithm converged after  2  iterations.
[1] 0.001817416 0.001977507 0.003935033
Algorithm converged after  2  iterations.
[1] 0.0018174156 0.0005507171 0.0019775073 0.0006462099
Algorithm converged after  2  iterations.
[1] 0.0018174156 0.0005507171 0.0039350327 0.0007085460
Algorithm converged after  2  iterations.
[1] 0.0019775073 0.0006462099 0.0039350327 0.0007085460
Algorithm converged after  2  iterations.
[1] 0.0018174156 0.0005507171 0.0019775073 0.0039350327
Algorithm converged after  2  iterations.
[1] 0.0018174156 0.0019775073 0.0006462099 0.0039350327
Algorithm converged after  2  iterations.
[1] 0.001817416 0.001977507 0.003935033 0.000708546
Algorithm converged after  2  iterations.
[1] 0.009624338
Algorithm converged after  2  iterations.
[1] 0.0096243384 0.0008607168
[1] 0.012855934 0.001102057
[1] 0.012859865 0.001102509
Algorithm converged after  23  iterations.
[1] 0.0096243384 0.0008912365
[1] 0.01131735 0.00111772
Algorithm converged after  19  iterations.
[1] 0.0096243384 0.0008666553
[1] 0.017441787 0.004726148
[1] 0.01746816 0.00474005
Algorithm converged after  25  iterations.
[1] 0.0096243384 0.0008607168 0.0002237940
[1] 0.0093184537 0.0008801428 0.0002604775
Algorithm converged after  11  iterations.
[1] 0.0096243384 0.0008912365 0.0001760301
Algorithm converged after  10  iterations.
[1] 0.0096243384 0.0008666553 0.0005693677
[1] 0.0200253342 0.0038660120 0.0007592158
[1] 0.0203043012 0.0039725084 0.0007662351
[1] 0.0203118533 0.0039754174 0.0007664261
Algorithm converged after  38  iterations.
[1] 0.0096243384 0.0008607168 0.0008912365
[1] 0.015312159 0.001653772 0.001740121
Algorithm converged after  18  iterations.
[1] 0.0096243384 0.0008607168 0.0008666553
[1] 0.031181148 0.001973211 0.013123854
[1] 0.031652180 0.002021778 0.013522076
[1] 0.031659771 0.002022519 0.013528279
Algorithm converged after  35  iterations.
[1] 0.0096243384 0.0008912365 0.0008666553
[1] 0.019393173 0.001033233 0.005900755
[1] 0.019823314 0.001038733 0.006175705
[1] 0.019849283 0.001039068 0.006192332
[1] 0.019850861 0.001039089 0.006193343
Algorithm converged after  46  iterations.
[1] 0.0096243384 0.0008607168 0.0002237940 0.0008912365
[1] 0.0138246534 0.0012448622 0.0003652523 0.0012995717
[1] 0.0140430845 0.0012615273 0.0003700897 0.0013148731
[1] 0.0140464249 0.0012617869 0.0003701661 0.0013151114
Algorithm converged after  33  iterations.
[1] 0.0096243384 0.0008607168 0.0002237940 0.0008666553
[1] 0.0208204973 0.0011745552 0.0003597164 0.0064357619
[1] 0.0220506311 0.0012207481 0.0003817569 0.0071101071
[1] 0.022269409 0.001229375 0.000385885 0.007231754
[1] 0.0223104343 0.0012310070 0.0003866652 0.0072546194
[1] 0.0223181976 0.0012313162 0.0003868131 0.0072589480
[1] 0.0223196691 0.0012313749 0.0003868411 0.0072597685
[1] 0.0223199481 0.0012313860 0.0003868464 0.0072599241
Algorithm converged after  71  iterations.
[1] 0.0096243384 0.0008607168 0.0008912365 0.0001760301
[1] 0.0151365242 0.0013230151 0.0011997395 0.0003609759
[1] 0.0157914114 0.0013815897 0.0012554120 0.0004189552
[1] 0.0158770303 0.0013889707 0.0012625452 0.0004272684
[1] 0.0158865224 0.0013897816 0.0012633296 0.0004281941
[1] 0.0158875456 0.0013898689 0.0012634140 0.0004282939
Algorithm converged after  60  iterations.
[1] 0.0096243384 0.0008607168 0.0008666553 0.0005693677
[1] 0.037968722 0.001880606 0.007885796 0.001342428
[1] 0.038984758 0.001919846 0.008287246 0.001370496
[1] 0.039013757 0.001920973 0.008302118 0.001370835
[1] 0.039014751 0.001921012 0.008302736 0.001370832
Algorithm converged after  42  iterations.
[1] 0.0096243384 0.0008912365 0.0001760301 0.0008666553
[1] 0.0167036155 0.0009225743 0.0001938850 0.0043884410
[1] 0.0167739897 0.0009228135 0.0001939010 0.0044249021
[1] 0.0167748138 0.0009228163 0.0001939012 0.0044253298
Algorithm converged after  31  iterations.
[1] 0.0096243384 0.0008912365 0.0008666553 0.0005693677
[1] 0.026252798 0.001260833 0.003178526 0.001041409
[1] 0.026408609 0.001267019 0.003187397 0.001047070
[1] 0.026405980 0.001267013 0.003186637 0.001046949
Algorithm converged after  34  iterations.
[1] 0.0096243384 0.0008607168 0.0008912365 0.0008666553
[1] 0.044422734 0.004299912 0.002266835 0.023861556
[1] 0.055464945 0.005868956 0.003070364 0.031998518
[1] 0.061012451 0.006669923 0.003506161 0.036063928
[1] 0.064083963 0.007118227 0.003754167 0.038323410
[1] 0.065842765 0.007376306 0.003897916 0.039620281
[1] 0.066865964 0.007526873 0.003982070 0.040375769
[1] 0.067466211 0.007615342 0.004031609 0.040819313
[1] 0.067819976 0.007667529 0.004060863 0.041080840
[1] 0.068029027 0.007698385 0.004078171 0.041235426
[1] 0.068152752 0.007716652 0.004088420 0.041326931
[1] 0.068226043 0.007727475 0.004094495 0.041381140
[1] 0.068269482 0.007733890 0.004098096 0.041413272
[1] 0.068295236 0.007737694 0.004100231 0.041432322
[1] 0.068310507 0.007739949 0.004101497 0.041443619
[1] 0.068319564 0.007741287 0.004102248 0.041450318
[1] 0.068324935 0.007742080 0.004102693 0.041454292
[1] 0.068328121 0.007742551 0.004102957 0.041456648
[1] 0.068330011 0.007742830 0.004103114 0.041458046
[1] 0.068331132 0.007742995 0.004103207 0.041458875
[1] 0.068331796 0.007743094 0.004103262 0.041459367
Algorithm converged after  202  iterations.
[1] 0.009624338 0.001564287
Algorithm converged after  2  iterations.
[1] 0.0096243384 0.0015642872 0.0006239285
[1] 0.010982063 0.001660196 0.001201504
[1] 0.010979736 0.001660628 0.001202079
Algorithm converged after  23  iterations.
[1] 0.0096243384 0.0015642872 0.0007106367
[1] 0.008752463 0.001758787 0.001464072
[1] 0.009213390 0.001727613 0.001623938
[1] 0.009283396 0.001720155 0.001656392
[1] 0.009285148 0.001719927 0.001657400
Algorithm converged after  47  iterations.
[1] 0.0096243384 0.0015642872 0.0006562173
[1] 0.006168977 0.001438412 0.002788986
[1] 0.006137065 0.001451141 0.002869257
[1] 0.006137148 0.001451198 0.002869553
Algorithm converged after  31  iterations.
[1] 0.0096243384 0.0015642872 0.0006239285 0.0001679678
[1] 0.0094541317 0.0012707925 0.0007345561 0.0002079515
Algorithm converged after  11  iterations.
[1] 0.0096243384 0.0015642872 0.0007106367 0.0001476251
[1] 0.0094940766 0.0015778520 0.0008117572 0.0001807034
Algorithm converged after  15  iterations.
[1] 0.0096243384 0.0015642872 0.0006562173 0.0001924361
[1] 0.0065351304 0.0027493686 0.0025575482 0.0004561464
[1] 0.0065375330 0.0028559214 0.0027472526 0.0004681739
[1] 0.0065518952 0.0028613548 0.0027514088 0.0004681479
[1] 0.006553009 0.002861107 0.002750509 0.000468070
Algorithm converged after  50  iterations.
[1] 0.0096243384 0.0015642872 0.0006239285 0.0007106367
[1] 0.008970514 0.002170800 0.001832323 0.002652029
[1] 0.008803767 0.002200938 0.001835494 0.002626676
[1] 0.008790065 0.002205465 0.001835969 0.002622573
[1] 0.008788577 0.002205973 0.001836020 0.002622106
Algorithm converged after  50  iterations.
[1] 0.0096243384 0.0015642872 0.0006239285 0.0006562173
[1] 0.008268184 0.001633642 0.001198738 0.002348768
[1] 0.008068872 0.001574612 0.001193811 0.001916807
[1] 0.008032408 0.001568497 0.001193585 0.001886218
[1] 0.008030587 0.001568283 0.001193586 0.001885293
Algorithm converged after  47  iterations.
[1] 0.0096243384 0.0015642872 0.0007106367 0.0006562173
[1] 0.005969079 0.001764227 0.001538323 0.006394505
[1] 0.005820760 0.001726839 0.001522555 0.006137871
[1] 0.005817615 0.001726581 0.001523085 0.006134792
Algorithm converged after  39  iterations.
numeric(0)
Algorithm converged after  1  iterations.
[1] 0.00202847
Algorithm converged after  2  iterations.
[1] 0.001335117
Algorithm converged after  2  iterations.
[1] 0.00380229
Algorithm converged after  2  iterations.
[1] 0.0020284698 0.0005817603
Algorithm converged after  2  iterations.
[1] 0.0013351169 0.0004549458
Algorithm converged after  2  iterations.
[1] 0.0038022899 0.0008625712
Algorithm converged after  2  iterations.
[1] 0.002028470 0.001335117
Algorithm converged after  2  iterations.
[1] 0.00202847 0.00380229
Algorithm converged after  2  iterations.
[1] 0.001335117 0.003802290
Algorithm converged after  2  iterations.
[1] 0.0020284698 0.0005817603 0.0013351169
Algorithm converged after  2  iterations.
[1] 0.0020284698 0.0005817603 0.0038022899
Algorithm converged after  2  iterations.
[1] 0.0020284698 0.0013351169 0.0004549458
Algorithm converged after  2  iterations.
[1] 0.0020284698 0.0038022899 0.0008625712
Algorithm converged after  2  iterations.
[1] 0.0013351169 0.0004549458 0.0038022899
Algorithm converged after  2  iterations.
[1] 0.0013351169 0.0038022899 0.0008625712
Algorithm converged after  2  iterations.
[1] 0.002028470 0.001335117 0.003802290
Algorithm converged after  2  iterations.
[1] 0.0020284698 0.0005817603 0.0013351169 0.0004549458
Algorithm converged after  2  iterations.
[1] 0.0020284698 0.0005817603 0.0038022899 0.0008625712
Algorithm converged after  2  iterations.
[1] 0.0013351169 0.0004549458 0.0038022899 0.0008625712
Algorithm converged after  2  iterations.
[1] 0.0020284698 0.0005817603 0.0013351169 0.0038022899
Algorithm converged after  2  iterations.
[1] 0.0020284698 0.0013351169 0.0004549458 0.0038022899
Algorithm converged after  2  iterations.
[1] 0.0020284698 0.0013351169 0.0038022899 0.0008625712
Algorithm converged after  2  iterations.
[1] 0.008425033
Algorithm converged after  2  iterations.
[1] 0.008425033 0.001023253
[1] 0.009753612 0.001211249
[1] 0.009740783 0.001211714
Algorithm converged after  28  iterations.
[1] 0.0084250328 0.0008370369
[1] 0.011175308 0.001058928
Algorithm converged after  18  iterations.
[1] 0.0084250328 0.0009083049
[1] 0.017535034 0.005116588
[1] 0.017557721 0.005126661
Algorithm converged after  24  iterations.
[1] 0.0084250328 0.0010232525 0.0002025362
[1] 0.0077328793 0.0010478720 0.0002383916
Algorithm converged after  11  iterations.
[1] 0.0084250328 0.0008370369 0.0001519211
[1] 0.0090173622 0.0008697599 0.0001713984
Algorithm converged after  11  iterations.
[1] 0.0084250328 0.0009083049 0.0002027931
[1] 0.0192254746 0.0042181029 0.0008659894
[1] 0.0195781056 0.0043518619 0.0008736203
[1] 0.019587791 0.004355570 0.000873831
Algorithm converged after  38  iterations.
[1] 0.0084250328 0.0010232525 0.0008370369
[1] 0.015158389 0.001583623 0.001548368
[1] 0.015084311 0.001581857 0.001547013
Algorithm converged after  21  iterations.
[1] 0.0084250328 0.0010232525 0.0009083049
[1] 0.032775139 0.002903693 0.013099016
[1] 0.034765770 0.003087986 0.014162615
[1] 0.034984562 0.003108433 0.014280217
[1] 0.035009069 0.003110726 0.014293398
[1] 0.035011820 0.003110983 0.014294878
Algorithm converged after  57  iterations.
[1] 0.0084250328 0.0008370369 0.0009083049
[1] 0.0197063008 0.0009257451 0.0061882560
[1] 0.0200196315 0.0009286602 0.0063548577
[1] 0.0200311752 0.0009287672 0.0063609791
Algorithm converged after  40  iterations.
[1] 0.0084250328 0.0010232525 0.0002025362 0.0008370369
[1] 0.0123466571 0.0012318656 0.0002997532 0.0011479759
[1] 0.0124797440 0.0012388443 0.0003026826 0.0011589085
[1] 0.0124811692 0.0012389225 0.0003027157 0.0011590319
Algorithm converged after  31  iterations.
[1] 0.0084250328 0.0010232525 0.0002025362 0.0009083049
[1] 0.0265383919 0.0019515966 0.0007982413 0.0092557851
[1] 0.0295994196 0.0021459157 0.0008239146 0.0107178214
[1] 0.0300970672 0.0021786910 0.0008271667 0.0109609012
[1] 0.0301795061 0.0021841476 0.0008276865 0.0110013050
[1] 0.0301932092 0.0021850553 0.0008277724 0.0110080247
[1] 0.0301954882 0.0021852063 0.0008277866 0.0110091424
Algorithm converged after  69  iterations.
[1] 0.0084250328 0.0010232525 0.0008370369 0.0001519211
[1] 0.0111350304 0.0012283701 0.0009062266 0.0001852281
[1] 0.0112105969 0.0012299456 0.0009100993 0.0001870142
[1] 0.0112335668 0.0012304468 0.0009112946 0.0001875695
[1] 0.0112405217 0.0012306006 0.0009116581 0.0001877387
[1] 0.0112426243 0.0012306473 0.0009117681 0.0001877899
[1] 0.0112432596 0.0012306614 0.0009118014 0.0001878054
[1] 0.0112434516 0.0012306657 0.0009118114 0.0001878101
Algorithm converged after  74  iterations.
[1] 0.0084250328 0.0010232525 0.0009083049 0.0002027931
[1] 0.040143487 0.002334479 0.013560208 0.001032852
[1] 0.0409020707 0.0025230715 0.0147887052 0.0009457764
[1] 0.0398888928 0.0024905971 0.0144318298 0.0009210317
[1] 0.0397632806 0.0024833770 0.0143723955 0.0009194595
[1] 0.0397647332 0.0024831610 0.0143717011 0.0009196052
[1] 0.0397662855 0.0024832278 0.0143723360 0.0009196339
Algorithm converged after  63  iterations.
[1] 0.0084250328 0.0008370369 0.0001519211 0.0009083049
[1] 0.0181374238 0.0008628812 0.0001623964 0.0053725022
[1] 0.0182063007 0.0008631671 0.0001624700 0.0054045276
Algorithm converged after  29  iterations.
[1] 0.0084250328 0.0008370369 0.0009083049 0.0002027931
[1] 0.026492570 0.001279696 0.003359370 0.001236896
[1] 0.026706578 0.001287922 0.003377039 0.001246351
[1] 0.026705528 0.001287915 0.003376669 0.001246314
Algorithm converged after  31  iterations.
[1] 0.0084250328 0.0010232525 0.0008370369 0.0009083049
[1] 0.051373417 0.005823116 0.001985035 0.025731539
[1] 0.071080637 0.008341535 0.002919630 0.038143071
[1] 0.082803034 0.009859246 0.003516313 0.045663567
[1] 0.090223924 0.010824185 0.003903239 0.050469639
[1] 0.095033532 0.011450789 0.004156983 0.053601278
[1] 0.098189990 0.011862447 0.004324634 0.055663201
[1] 0.100277068 0.012134805 0.004435943 0.057029351
[1] 0.101663561 0.012315808 0.004510081 0.057938109
[1] 0.102587434 0.012436446 0.004559566 0.058544168
[1] 0.103204267 0.012517004 0.004592642 0.058949038
[1] 0.10361664 0.01257087 0.00461477 0.05921981
[1] 0.103892565 0.012606907 0.004629584 0.059401030
[1] 0.104077297 0.012631039 0.004639505 0.059522378
[1] 0.104201023 0.012647201 0.004646151 0.059603661
[1] 0.104283911 0.012658029 0.004650604 0.059658119
[1] 0.104339450 0.012665284 0.004653588 0.059694610
[1] 0.104376668 0.012670146 0.004655587 0.059719065
[1] 0.104401610 0.012673405 0.004656928 0.059735454
[1] 0.104418327 0.012675589 0.004657826 0.059746438
[1] 0.104429531 0.012677052 0.004658428 0.059753801
[1] 0.104437041 0.012678033 0.004658832 0.059758735
[1] 0.104442074 0.012678691 0.004659102 0.059762043
[1] 0.104445448 0.012679132 0.004659283 0.059764260
[1] 0.104447709 0.012679427 0.004659405 0.059765745
[1] 0.104449225 0.012679625 0.004659486 0.059766741
[1] 0.104450241 0.012679758 0.004659541 0.059767409
Algorithm converged after  261  iterations.
[1] 0.008425033 0.001477297
Algorithm converged after  2  iterations.
[1] 0.0084250328 0.0014772969 0.0007343552
[1] 0.008701453 0.001619907 0.001379840
[1] 0.008700929 0.001620784 0.001380596
Algorithm converged after  23  iterations.
[1] 0.0084250328 0.0014772969 0.0007326119
[1] 0.007982590 0.001750013 0.001411614
[1] 0.008291634 0.001679545 0.001474627
[1] 0.008320619 0.001670476 0.001481327
[1] 0.008321258 0.001670096 0.001481728
Algorithm converged after  48  iterations.
[1] 0.008425033 0.001477297 0.000674166
[1] 0.005279526 0.001249179 0.002933496
[1] 0.005263242 0.001251026 0.002964725
Algorithm converged after  27  iterations.
[1] 0.0084250328 0.0014772969 0.0007343552 0.0001449799
[1] 0.0076886484 0.0011696782 0.0008529167 0.0001911817
Algorithm converged after  11  iterations.
[1] 0.0084250328 0.0014772969 0.0007326119 0.0001384410
[1] 0.0086830573 0.0016245233 0.0008091151 0.0001581786
Algorithm converged after  14  iterations.
[1] 0.0084250328 0.0014772969 0.0006741660 0.0001767948
[1] 0.0055387950 0.0025658277 0.0027751205 0.0004620667
[1] 0.0057022484 0.0026778411 0.0029457053 0.0004642836
[1] 0.0057225556 0.0026805016 0.0029353349 0.0004635244
[1] 0.0057219664 0.0026797713 0.0029337706 0.0004634876
[1] 0.0057218120 0.0026797319 0.0029337937 0.0004634916
Algorithm converged after  52  iterations.
[1] 0.0084250328 0.0014772969 0.0007343552 0.0007326119
[1] 0.006352534 0.002056623 0.002127890 0.002384935
[1] 0.006406414 0.002274516 0.002120750 0.002154907
[1] 0.006422379 0.002279350 0.002116166 0.002141405
[1] 0.006422322 0.002279240 0.002116163 0.002141500
Algorithm converged after  42  iterations.
[1] 0.0084250328 0.0014772969 0.0007343552 0.0006741660
[1] 0.005547833 0.001559249 0.001431272 0.005447093
[1] 0.006330933 0.001645244 0.001466338 0.007397803
[1] 0.007199124 0.001720137 0.001509926 0.009524425
[1] 0.007722576 0.001766651 0.001531305 0.010639134
[1] 0.007891034 0.001782579 0.001535867 0.010968418
[1] 0.007929450 0.001786318 0.001536613 0.011041450
[1] 0.007937301 0.001787089 0.001536749 0.011056280
[1] 0.007938866 0.001787242 0.001536775 0.011059233
[1] 0.007939176 0.001787273 0.001536780 0.011059819
Algorithm converged after  97  iterations.
[1] 0.0084250328 0.0014772969 0.0007326119 0.0006741660
[1] 0.005956204 0.001787667 0.001332742 0.006101631
[1] 0.005930622 0.001780983 0.001333980 0.006014932
Algorithm converged after  29  iterations.
Warning messages:
1: In max(abs(CT), na.rm = T) :
  no non-missing arguments to max; returning -Inf
2: In max(abs(CT), na.rm = T) :
  no non-missing arguments to max; returning -Inf
3: In max(abs(CT), na.rm = T) :
  no non-missing arguments to max; returning -Inf
4: In max(abs(CT), na.rm = T) :
  no non-missing arguments to max; returning -Inf
5: In max(abs(CT), na.rm = T) :
  no non-missing arguments to max; returning -Inf
6: In max(abs(CT), na.rm = T) :
  no non-missing arguments to max; returning -Inf
7: In max(abs(CT), na.rm = T) :
  no non-missing arguments to max; returning -Inf
8: In max(abs(CT), na.rm = T) :
  no non-missing arguments to max; returning -Inf
9: In max(abs(CT), na.rm = T) :
  no non-missing arguments to max; returning -Inf
10: In max(abs(CT), na.rm = T) :
  no non-missing arguments to max; returning -Inf
[1] "Best iter parameter is:"
      gam     rankJ    rankA1    rankA2    rankA3 
0.4285714 1.0000000 0.0000000 0.0000000 1.0000000 
[1] 0.00897164 0.00079421
[1] 0.016486363 0.004385608
[1] 0.016506980 0.004395861
Algorithm converged after  25  iterations.
         [,1]     [,2]     [,3]
[1,] 5.861711 8.792002 52.28194
