myseed=5219 

Attaching package: ‘pls’

The following object is masked from ‘package:stats’:

    loadings

Loading required package: lattice
Loading required package: ggplot2
Registered S3 methods overwritten by 'ggplot2':
  method         from 
  [.quosures     rlang
  c.quosures     rlang
  print.quosures rlang

Attaching package: ‘caret’

The following object is masked from ‘package:pls’:

    R2

Loading required package: Matrix
Loading required package: foreach
Loaded glmnet 2.0-18

Parsed with column specification:
cols(
  .default = col_double()
)
See spec(...) for full column specifications.
Parsed with column specification:
cols(
  X1 = col_double()
)
Parsed with column specification:
cols(
  X1 = col_double()
)
numeric(0)
Algorithm converged after  1  iterations.
[1] 0.002225693
Algorithm converged after  2  iterations.
[1] 0.003240739
Algorithm converged after  2  iterations.
[1] 0.002629716
Algorithm converged after  2  iterations.
[1] 0.0022256934 0.0007757862
Algorithm converged after  2  iterations.
[1] 0.0032407391 0.0007552716
Algorithm converged after  2  iterations.
[1] 0.0026297159 0.0006405779
Algorithm converged after  2  iterations.
[1] 0.002225693 0.003240739
Algorithm converged after  2  iterations.
[1] 0.002225693 0.002629716
Algorithm converged after  2  iterations.
[1] 0.003240739 0.002629716
Algorithm converged after  2  iterations.
[1] 0.0022256934 0.0007757862 0.0032407391
Algorithm converged after  2  iterations.
[1] 0.0022256934 0.0007757862 0.0026297159
Algorithm converged after  2  iterations.
[1] 0.0022256934 0.0032407391 0.0007552716
Algorithm converged after  2  iterations.
[1] 0.0022256934 0.0026297159 0.0006405779
Algorithm converged after  2  iterations.
[1] 0.0032407391 0.0007552716 0.0026297159
Algorithm converged after  2  iterations.
[1] 0.0032407391 0.0026297159 0.0006405779
Algorithm converged after  2  iterations.
[1] 0.002225693 0.003240739 0.002629716
Algorithm converged after  2  iterations.
[1] 0.0022256934 0.0007757862 0.0032407391 0.0007552716
Algorithm converged after  2  iterations.
[1] 0.0022256934 0.0007757862 0.0026297159 0.0006405779
Algorithm converged after  2  iterations.
[1] 0.0032407391 0.0007552716 0.0026297159 0.0006405779
Algorithm converged after  2  iterations.
[1] 0.0022256934 0.0007757862 0.0032407391 0.0026297159
Algorithm converged after  2  iterations.
[1] 0.0022256934 0.0032407391 0.0007552716 0.0026297159
Algorithm converged after  2  iterations.
[1] 0.0022256934 0.0032407391 0.0026297159 0.0006405779
Algorithm converged after  2  iterations.
[1] 0.009495489
Algorithm converged after  2  iterations.
[1] 0.0094954893 0.0009407299
[1] 0.013846434 0.001284944
Algorithm converged after  15  iterations.
[1] 0.009495489 0.001271134
Algorithm converged after  8  iterations.
[1] 0.0094954893 0.0008453689
[1] 0.014209137 0.006620467
[1] 0.01423497 0.00664513
Algorithm converged after  26  iterations.
[1] 0.0094954893 0.0009407299 0.0002693589
[1] 0.0101065163 0.0009955953 0.0003203968
Algorithm converged after  13  iterations.
[1] 0.0094954893 0.0012711336 0.0004552102
[1] 0.0100900816 0.0015732200 0.0007407881
Algorithm converged after  12  iterations.
[1] 0.0094954893 0.0008453689 0.0002518005
[1] 0.0172174591 0.0029779536 0.0008910765
[1] 0.0172509046 0.0029932904 0.0008924506
Algorithm converged after  26  iterations.
[1] 0.0094954893 0.0009407299 0.0012711336
[1] 0.019001097 0.001642188 0.003250140
Algorithm converged after  12  iterations.
[1] 0.0094954893 0.0009407299 0.0008453689
[1] 0.02207249 0.00199982 0.01491909
[1] 0.022313519 0.002067678 0.015615803
[1] 0.022308124 0.002067388 0.015613228
Algorithm converged after  33  iterations.
[1] 0.0094954893 0.0012711336 0.0008453689
[1] 0.012245733 0.001430617 0.001661286
[1] 0.011764527 0.001238633 0.003873494
[1] 0.011834120 0.001212243 0.004349539
[1] 0.011845575 0.001209454 0.004405867
[1] 0.011846911 0.001209147 0.004412152
[1] 0.011847060 0.001209113 0.004412849
Algorithm converged after  69  iterations.
[1] 0.0094954893 0.0009407299 0.0002693589 0.0012711336
[1] 0.0150829385 0.0012957638 0.0004108789 0.0026867428
[1] 0.0150898906 0.0012961268 0.0004109483 0.0026875018
Algorithm converged after  21  iterations.
[1] 0.0094954893 0.0009407299 0.0002693589 0.0008453689
[1] 0.0169959428 0.0013566633 0.0003698246 0.0086293070
[1] 0.0175411303 0.0013844622 0.0003796114 0.0091120288
[1] 0.0175799282 0.0013864743 0.0003803193 0.0091464635
[1] 0.0175827140 0.0013866189 0.0003803702 0.0091489364
Algorithm converged after  48  iterations.
[1] 0.0094954893 0.0009407299 0.0012711336 0.0004552102
[1] 0.0184348196 0.0015316227 0.0024582851 0.0007704958
[1] 0.0184541232 0.0015326540 0.0024602485 0.0007704597
Algorithm converged after  22  iterations.
[1] 0.0094954893 0.0009407299 0.0008453689 0.0002518005
[1] 0.0281304479 0.0019398708 0.0023305532 0.0004354413
[1] 0.0239604090 0.0017623414 0.0016821134 0.0003371683
[1] 0.0232341584 0.0017260824 0.0016160811 0.0003311475
[1] 0.0232505510 0.0017264830 0.0016198010 0.0003317862
[1] 0.0232615988 0.0017270057 0.0016209413 0.0003319103
[1] 0.0232620811 0.0017270338 0.0016209627 0.0003319094
Algorithm converged after  66  iterations.
[1] 0.0094954893 0.0012711336 0.0004552102 0.0008453689
[1] 0.0124510316 0.0010908537 0.0002156507 0.0051658931
[1] 0.0125169880 0.0010893652 0.0002151897 0.0052291567
[1] 0.0125177960 0.0010893472 0.0002151841 0.0052299311
Algorithm converged after  32  iterations.
[1] 0.0094954893 0.0012711336 0.0008453689 0.0002518005
[1] 0.0138512257 0.0024027390 0.0009232575 0.0002577784
[1] 0.0138567486 0.0024039508 0.0009236331 0.0002579373
Algorithm converged after  22  iterations.
[1] 0.0094954893 0.0009407299 0.0012711336 0.0008453689
[1] 0.034111998 0.003130742 0.005745582 0.009958807
[1] 0.035308901 0.003249371 0.005913817 0.010620103
[1] 0.035508516 0.003269334 0.005941811 0.010728716
[1] 0.035542166 0.003272702 0.005946529 0.010747038
[1] 0.035547857 0.003273272 0.005947327 0.010750137
[1] 0.035548820 0.003273369 0.005947462 0.010750661
Algorithm converged after  65  iterations.
[1] 0.009495489 0.001715265
Algorithm converged after  2  iterations.
[1] 0.0094954893 0.0017152654 0.0005965496
[1] 0.008735624 0.001674489 0.001514468
[1] 0.008730200 0.001674046 0.001514577
Algorithm converged after  22  iterations.
[1] 0.0094954893 0.0017152654 0.0009585245
[1] 0.010572893 0.001664832 0.001905512
[1] 0.010553145 0.001666852 0.001916190
Algorithm converged after  29  iterations.
[1] 0.0094954893 0.0017152654 0.0005646262
[1] 0.009936712 0.001673594 0.001521544
[1] 0.009846453 0.001667113 0.001435465
[1] 0.009840262 0.001666603 0.001429700
[1] 0.009839857 0.001666569 0.001429323
Algorithm converged after  48  iterations.
[1] 0.0094954893 0.0017152654 0.0005965496 0.0001409762
[1] 0.0103404791 0.0014176178 0.0008140773 0.0002331949
Algorithm converged after  13  iterations.
[1] 0.0094954893 0.0017152654 0.0009585245 0.0001888840
[1] 0.008094912 0.001896950 0.001156411 0.000212744
Algorithm converged after  16  iterations.
[1] 0.0094954893 0.0017152654 0.0005646262 0.0001363768
[1] 0.0082771378 0.0022146981 0.0009101801 0.0002390629
[1] 0.0082732646 0.0022178516 0.0009120733 0.0002393653
Algorithm converged after  26  iterations.
[1] 0.0094954893 0.0017152654 0.0005965496 0.0009585245
[1] 0.004826497 0.001105835 0.002398901 0.003461176
[1] 0.0037334279 0.0004825717 0.0025981684 0.0036965237
[1] 0.0036712066 0.0004608232 0.0026067998 0.0036234140
[1] 0.0036681415 0.0004613854 0.0026057167 0.0036051251
[1] 0.0036679517 0.0004615881 0.0026054921 0.0036023883
[1] 0.0036679314 0.0004616181 0.0026054606 0.0036020153
Algorithm converged after  68  iterations.
[1] 0.0094954893 0.0017152654 0.0005965496 0.0005646262
[1] 0.009637432 0.001743507 0.001699305 0.002768606
[1] 0.009891516 0.001724677 0.001713050 0.003084513
[1] 0.010236057 0.001696834 0.001727949 0.003501750
[1] 0.010718969 0.001654782 0.001751244 0.004085706
[1] 0.011402631 0.001594091 0.001785020 0.004913195
[1] 0.012148015 0.001532884 0.001808975 0.005796261
[1] 0.012496605 0.001510060 0.001809261 0.006187233
[1] 0.012568706 0.001506048 0.001808732 0.006265859
[1] 0.012580392 0.001505420 0.001808658 0.006278537
[1] 0.012582213 0.001505323 0.001808647 0.006280511
[1] 0.012582495 0.001505308 0.001808645 0.006280816
Algorithm converged after  115  iterations.
[1] 0.0094954893 0.0017152654 0.0009585245 0.0005646262
[1] 0.005407583 0.001784722 0.003332139 0.003246945
[1] 0.006883620 0.001550139 0.002668326 0.002834642
[1] 0.006799118 0.001531236 0.002679495 0.002645309
[1] 0.006779949 0.001527724 0.002682276 0.002609287
[1] 0.006776780 0.001527190 0.002682751 0.002603676
[1] 0.006776303 0.001527111 0.002682823 0.002602842
[1] 0.006776233 0.001527099 0.002682833 0.002602719
Algorithm converged after  74  iterations.
numeric(0)
Algorithm converged after  1  iterations.
[1] 0.002109331
Algorithm converged after  2  iterations.
[1] 0.002227843
Algorithm converged after  2  iterations.
[1] 0.002818888
Algorithm converged after  2  iterations.
[1] 0.0021093314 0.0005404718
Algorithm converged after  2  iterations.
[1] 0.0022278427 0.0007029367
Algorithm converged after  2  iterations.
[1] 0.0028188885 0.0007418064
Algorithm converged after  2  iterations.
[1] 0.002109331 0.002227843
Algorithm converged after  2  iterations.
[1] 0.002109331 0.002818888
Algorithm converged after  2  iterations.
[1] 0.002227843 0.002818888
Algorithm converged after  2  iterations.
[1] 0.0021093314 0.0005404718 0.0022278427
Algorithm converged after  2  iterations.
[1] 0.0021093314 0.0005404718 0.0028188885
Algorithm converged after  2  iterations.
[1] 0.0021093314 0.0022278427 0.0007029367
Algorithm converged after  2  iterations.
[1] 0.0021093314 0.0028188885 0.0007418064
Algorithm converged after  2  iterations.
[1] 0.0022278427 0.0007029367 0.0028188885
Algorithm converged after  2  iterations.
[1] 0.0022278427 0.0028188885 0.0007418064
Algorithm converged after  2  iterations.
[1] 0.002109331 0.002227843 0.002818888
Algorithm converged after  2  iterations.
[1] 0.0021093314 0.0005404718 0.0022278427 0.0007029367
Algorithm converged after  2  iterations.
[1] 0.0021093314 0.0005404718 0.0028188885 0.0007418064
Algorithm converged after  2  iterations.
[1] 0.0022278427 0.0007029367 0.0028188885 0.0007418064
Algorithm converged after  2  iterations.
[1] 0.0021093314 0.0005404718 0.0022278427 0.0028188885
Algorithm converged after  2  iterations.
[1] 0.0021093314 0.0022278427 0.0007029367 0.0028188885
Algorithm converged after  2  iterations.
[1] 0.0021093314 0.0022278427 0.0028188885 0.0007418064
Algorithm converged after  2  iterations.
[1] 0.007816684
Algorithm converged after  2  iterations.
[1] 0.0078166844 0.0009925037
[1] 0.012085070 0.001382185
Algorithm converged after  14  iterations.
[1] 7.816684e-03 6.213973e-05
Algorithm converged after  10  iterations.
[1] 0.007816684 0.000928356
[1] 0.011853859 0.006787713
[1] 0.011869012 0.006803277
Algorithm converged after  24  iterations.
[1] 0.0078166844 0.0009925037 0.0002190968
[1] 0.0078269688 0.0010324134 0.0002896874
Algorithm converged after  13  iterations.
[1] 7.816684e-03 6.213973e-05 2.356800e-05
[1] 0.0075360585 0.0015092595 0.0007705673
Algorithm converged after  14  iterations.
[1] 0.0078166844 0.0009283560 0.0002259569
[1] 0.0142389336 0.0030047952 0.0009247474
[1] 0.0142872794 0.0030276641 0.0009267167
Algorithm converged after  28  iterations.
[1] 7.816684e-03 9.925037e-04 6.213973e-05
[1] 0.016558158 0.001828204 0.002959222
Algorithm converged after  14  iterations.
[1] 0.0078166844 0.0009925037 0.0009283560
[1] 0.020796062 0.002093624 0.016139203
[1] 0.021071149 0.002171409 0.016912187
Algorithm converged after  30  iterations.
[1] 7.816684e-03 6.213973e-05 9.283560e-04
[1] 0.009845507 0.001036557 0.002936752
[1] 0.009967338 0.001009113 0.003650100
[1] 0.010050744 0.001001850 0.003917054
[1] 0.0100802995 0.0009998885 0.0039991309
[1] 0.0100892380 0.0009993404 0.0040230020
[1] 0.0100918258 0.0009991852 0.0040298372
[1] 0.0100925659 0.0009991412 0.0040317858
[1] 0.0100927768 0.0009991286 0.0040323406
[1] 0.0100928368 0.0009991251 0.0040324985
Algorithm converged after  97  iterations.
[1] 7.816684e-03 9.925037e-04 2.190968e-04 6.213973e-05
[1] 0.0115461886 0.0013552454 0.0004653398 0.0022282515
[1] 0.011554526 0.001355717 0.000465515 0.002229190
Algorithm converged after  21  iterations.
[1] 0.0078166844 0.0009925037 0.0002190968 0.0009283560
[1] 0.0126262740 0.0013322773 0.0003039887 0.0075340238
[1] 0.0128624785 0.0013415090 0.0003085241 0.0077587057
[1] 0.0128724136 0.0013419017 0.0003087192 0.0077681835
[1] 0.0128728351 0.0013419184 0.0003087275 0.0077685857
Algorithm converged after  41  iterations.
[1] 7.816684e-03 9.925037e-04 6.213973e-05 2.356800e-05
[1] 0.015258557 0.001641751 0.002296693 0.000775363
[1] 0.0152690325 0.0016422926 0.0022976602 0.0007753472
Algorithm converged after  21  iterations.
[1] 0.0078166844 0.0009925037 0.0009283560 0.0002259569
[1] 0.0207512887 0.0018007678 0.0017729156 0.0003529337
[1] 0.0177321972 0.0016835032 0.0013732559 0.0002877181
[1] 0.0168513705 0.0016485691 0.0012888110 0.0002779502
[1] 0.0166464468 0.0016409949 0.0012699828 0.0002760458
[1] 0.0165894290 0.0016389699 0.0012647603 0.0002755483
[1] 0.0165721088 0.0016383633 0.0012631748 0.0002754006
[1] 0.0165666974 0.0016381746 0.0012626796 0.0002753548
[1] 0.0165649922 0.0016381153 0.0012625236 0.0002753404
[1] 0.0165644536 0.0016380965 0.0012624743 0.0002753359
Algorithm converged after  98  iterations.
[1] 7.816684e-03 6.213973e-05 2.356800e-05 9.283560e-04
[1] 0.0112045437 0.0009455015 0.0001836232 0.0063382324
[1] 0.0113156818 0.0009446271 0.0001832231 0.0064449245
[1] 0.0113170130 0.0009446170 0.0001832184 0.0064462025
Algorithm converged after  32  iterations.
[1] 7.816684e-03 6.213973e-05 9.283560e-04 2.259569e-04
[1] 0.0102152658 0.0019635251 0.0009420577 0.0002298927
[1] 0.0101885960 0.0019600987 0.0009410355 0.0002295870
Algorithm converged after  25  iterations.
[1] 7.816684e-03 9.925037e-04 6.213973e-05 9.283560e-04
[1] 0.017467889 0.001545663 0.001089024 0.004412617
[1] 0.026897984 0.003821969 0.002168225 0.023997050
[1] 0.035283275 0.005833939 0.003821944 0.033345429
[1] 0.039077692 0.006497632 0.004377297 0.036811800
[1] 0.040590139 0.006763797 0.004603893 0.038189569
[1] 0.041207710 0.006872775 0.004697214 0.038751694
[1] 0.041462301 0.006917751 0.004735815 0.038983358
[1] 0.041567661 0.006936372 0.004751811 0.039079218
[1] 0.041611333 0.006944092 0.004758445 0.039118950
[1] 0.041629447 0.006947294 0.004761198 0.039135429
[1] 0.041636962 0.006948622 0.004762340 0.039142266
[1] 0.041640080 0.006949174 0.004762814 0.039145103
[1] 0.041641374 0.006949402 0.004763010 0.039146280
[1] 0.041641910 0.006949497 0.004763092 0.039146768
Algorithm converged after  143  iterations.
[1] 0.007816684 0.001641665
Algorithm converged after  2  iterations.
[1] 0.0078166844 0.0016416652 0.0006931686
[1] 0.008419148 0.001680080 0.001372934
[1] 0.008410870 0.001679642 0.001373173
Algorithm converged after  24  iterations.
[1] 0.0078166844 0.0016416652 0.0008148514
[1] 0.006654486 0.001741426 0.001658112
[1] 0.006656013 0.001740614 0.001675755
[1] 0.006655551 0.001740614 0.001675957
Algorithm converged after  31  iterations.
[1] 0.0078166844 0.0016416652 0.0007017054
[1] 0.008003506 0.001615533 0.001845398
[1] 0.007963734 0.001611032 0.001805664
[1] 0.007962887 0.001610931 0.001804831
Algorithm converged after  35  iterations.
[1] 0.0078166844 0.0016416652 0.0006931686 0.0001231399
[1] 0.0077118674 0.0013205387 0.0008133445 0.0001730892
Algorithm converged after  12  iterations.
[1] 0.0078166844 0.0016416652 0.0008148514 0.0001861692
[1] 0.0069310135 0.0016811741 0.0009270388 0.0002077085
Algorithm converged after  13  iterations.
[1] 0.0078166844 0.0016416652 0.0007017054 0.0001548861
[1] 0.0074369813 0.0019598991 0.0009743313 0.0002485528
Algorithm converged after  20  iterations.
[1] 0.0078166844 0.0016416652 0.0006931686 0.0008148514
[1] 0.0036428289 0.0004133038 0.0026632508 0.0040272379
[1] 0.0031077737 0.0002357037 0.0027253086 0.0039567815
[1] 0.0030865343 0.0002319625 0.0027108672 0.0039141795
[1] 0.0030861606 0.0002319264 0.0027101719 0.0039120171
Algorithm converged after  49  iterations.
[1] 0.0078166844 0.0016416652 0.0006931686 0.0007017054
[1] 0.010480545 0.001661357 0.001520084 0.004482419
[1] 0.012149417 0.001503619 0.001611917 0.007657077
[1] 0.012257046 0.001496757 0.001580067 0.007957640
[1] 0.012261501 0.001496595 0.001580175 0.007963936
Algorithm converged after  47  iterations.
[1] 0.0078166844 0.0016416652 0.0008148514 0.0007017054
[1] 0.0027964443 0.0004275194 0.0023188442 0.0030489870
[1] 0.003682125 0.001052434 0.001378883 0.002169128
[1] 0.0034080200 0.0008776825 0.0015126310 0.0020378795
[1] 0.0034231979 0.0008903562 0.0015037362 0.0020460034
[1] 0.0034215931 0.0008892333 0.0015045029 0.0020448767
[1] 0.0034216741 0.0008893071 0.0015044578 0.0020449500
Algorithm converged after  67  iterations.
numeric(0)
Algorithm converged after  1  iterations.
[1] 0.002410682
Algorithm converged after  2  iterations.
[1] 0.002160487
Algorithm converged after  2  iterations.
[1] 0.002780445
Algorithm converged after  2  iterations.
[1] 0.0024106816 0.0007748639
Algorithm converged after  2  iterations.
[1] 0.0021604875 0.0007161482
Algorithm converged after  2  iterations.
[1] 0.002780445 0.000613246
Algorithm converged after  2  iterations.
[1] 0.002410682 0.002160487
Algorithm converged after  2  iterations.
[1] 0.002410682 0.002780445
Algorithm converged after  2  iterations.
[1] 0.002160487 0.002780445
Algorithm converged after  2  iterations.
[1] 0.0024106816 0.0007748639 0.0021604875
Algorithm converged after  2  iterations.
[1] 0.0024106816 0.0007748639 0.0027804454
Algorithm converged after  2  iterations.
[1] 0.0024106816 0.0021604875 0.0007161482
Algorithm converged after  2  iterations.
[1] 0.002410682 0.002780445 0.000613246
Algorithm converged after  2  iterations.
[1] 0.0021604875 0.0007161482 0.0027804454
Algorithm converged after  2  iterations.
[1] 0.002160487 0.002780445 0.000613246
Algorithm converged after  2  iterations.
[1] 0.002410682 0.002160487 0.002780445
Algorithm converged after  2  iterations.
[1] 0.0024106816 0.0007748639 0.0021604875 0.0007161482
Algorithm converged after  2  iterations.
[1] 0.0024106816 0.0007748639 0.0027804454 0.0006132460
Algorithm converged after  2  iterations.
[1] 0.0021604875 0.0007161482 0.0027804454 0.0006132460
Algorithm converged after  2  iterations.
[1] 0.0024106816 0.0007748639 0.0021604875 0.0027804454
Algorithm converged after  2  iterations.
[1] 0.0024106816 0.0021604875 0.0007161482 0.0027804454
Algorithm converged after  2  iterations.
[1] 0.002410682 0.002160487 0.002780445 0.000613246
Algorithm converged after  2  iterations.
[1] 0.008716244
Algorithm converged after  2  iterations.
[1] 0.008716244 0.001014462
[1] 0.013616511 0.001439353
Algorithm converged after  16  iterations.
[1] 0.008716244 0.001033750
Algorithm converged after  9  iterations.
[1] 0.0087162444 0.0008419772
[1] 0.012955513 0.005227756
[1] 0.012978909 0.005247695
Algorithm converged after  26  iterations.
[1] 0.0087162444 0.0010144617 0.0002434776
[1] 0.0094593473 0.0010756930 0.0003249619
Algorithm converged after  13  iterations.
[1] 0.0087162444 0.0010337502 0.0002563583
[1] 0.0103245897 0.0012017439 0.0006808295
Algorithm converged after  14  iterations.
[1] 0.0087162444 0.0008419772 0.0002291063
[1] 0.0146924704 0.0022210499 0.0008146029
[1] 0.0148102819 0.0022602485 0.0008192674
[1] 0.0148112255 0.0022605667 0.0008193048
Algorithm converged after  31  iterations.
[1] 0.008716244 0.001014462 0.001033750
[1] 0.019233252 0.001830846 0.002616936
Algorithm converged after  14  iterations.
[1] 0.0087162444 0.0010144617 0.0008419772
[1] 0.019992983 0.001954617 0.012413212
[1] 0.021081654 0.002069157 0.013850192
[1] 0.021135237 0.002075287 0.013924055
[1] 0.021137598 0.002075561 0.013927354
Algorithm converged after  46  iterations.
[1] 0.0087162444 0.0010337502 0.0008419772
[1] 0.016626595 0.002610712 0.001991535
[1] 0.013646559 0.002429159 0.002229321
[1] 0.013644677 0.002428769 0.002228375
Algorithm converged after  31  iterations.
[1] 0.0087162444 0.0010144617 0.0002434776 0.0010337502
[1] 0.0133854484 0.0013506088 0.0004460642 0.0019421944
Algorithm converged after  20  iterations.
[1] 0.0087162444 0.0010144617 0.0002434776 0.0008419772
[1] 0.014369468 0.001386242 0.000347370 0.006376099
[1] 0.0145923425 0.0013939788 0.0003502616 0.0065665463
[1] 0.0146005036 0.0013942636 0.0003503691 0.0065735368
Algorithm converged after  40  iterations.
[1] 0.0087162444 0.0010144617 0.0010337502 0.0002563583
[1] 0.0224822993 0.0019686638 0.0022778825 0.0007740189
[1] 0.0225248752 0.0019714751 0.0022829965 0.0007741056
Algorithm converged after  23  iterations.
[1] 0.0087162444 0.0010144617 0.0008419772 0.0002291063
[1] 0.0211852511 0.0018517027 0.0014440323 0.0002842717
[1] 0.0199621672 0.0017954587 0.0013245378 0.0002705644
[1] 0.0198886048 0.0017914375 0.0013203587 0.0002703389
[1] 0.0198913410 0.0017915481 0.0013206670 0.0002703758
Algorithm converged after  48  iterations.
[1] 0.0087162444 0.0010337502 0.0002563583 0.0008419772
[1] 0.0135139445 0.0009254115 0.0001699512 0.0056738560
[1] 0.0136253465 0.0009258412 0.0001699962 0.0057700722
[1] 0.0136274460 0.0009258495 0.0001699971 0.0057718835
Algorithm converged after  34  iterations.
[1] 0.0087162444 0.0010337502 0.0008419772 0.0002291063
[1] 0.0124591971 0.0019293631 0.0010433930 0.0003106667
[1] 0.0125272588 0.0019389932 0.0010485533 0.0003131005
[1] 0.0125290790 0.0019392468 0.0010486891 0.0003131643
Algorithm converged after  34  iterations.
[1] 0.0087162444 0.0010144617 0.0010337502 0.0008419772
[1] 0.040127659 0.003557643 0.006420485 0.013144035
[1] 0.048239260 0.004275702 0.007680965 0.017340923
[1] 0.050911235 0.004521427 0.008094316 0.018724473
[1] 0.051826917 0.004606517 0.008235855 0.019199434
[1] 0.052144642 0.004636142 0.008284955 0.019364337
[1] 0.052255343 0.004646476 0.008302061 0.019421804
[1] 0.052293967 0.004650083 0.008308029 0.019441856
[1] 0.052307450 0.004651342 0.008310113 0.019448856
[1] 0.052312158 0.004651782 0.008310840 0.019451300
[1] 0.052313801 0.004651935 0.008311094 0.019452154
[1] 0.052314375 0.004651989 0.008311183 0.019452452
Algorithm converged after  111  iterations.
[1] 0.008716244 0.001670451
Algorithm converged after  2  iterations.
[1] 0.008716244 0.001670451 0.000652888
[1] 0.008465925 0.001758919 0.001461676
[1] 0.008460970 0.001758739 0.001461672
Algorithm converged after  23  iterations.
[1] 0.0087162444 0.0016704510 0.0008818785
[1] 0.008999288 0.001861448 0.001695765
[1] 0.008937469 0.001861647 0.001716992
[1] 0.008935485 0.001861650 0.001717679
Algorithm converged after  36  iterations.
[1] 0.0087162444 0.0016704510 0.0006650903
[1] 0.009257449 0.001632615 0.001838396
[1] 0.009141209 0.001622459 0.001756012
Algorithm converged after  30  iterations.
[1] 0.0087162444 0.0016704510 0.0006528880 0.0001214155
[1] 0.0091458430 0.0013593508 0.0008261722 0.0002101608
Algorithm converged after  13  iterations.
[1] 0.0087162444 0.0016704510 0.0008818785 0.0002096091
[1] 0.0084039375 0.0019572063 0.0010614918 0.0002582234
Algorithm converged after  17  iterations.
[1] 0.0087162444 0.0016704510 0.0006650903 0.0001744582
[1] 0.0078780339 0.0024429391 0.0012400271 0.0002978832
[1] 0.0078728279 0.0024470816 0.0012441730 0.0002985102
Algorithm converged after  27  iterations.
[1] 0.0087162444 0.0016704510 0.0006528880 0.0008818785
[1] 0.0037270069 0.0004346557 0.0028467681 0.0038775888
[1] 0.0030361593 0.0003103742 0.0028841692 0.0033187061
[1] 0.0030325525 0.0003195673 0.0028570621 0.0032483051
[1] 0.0030328610 0.0003196647 0.0028569371 0.0032481359
Algorithm converged after  46  iterations.
[1] 0.0087162444 0.0016704510 0.0006528880 0.0006650903
[1] 0.010613937 0.001765537 0.001673920 0.004155463
[1] 0.011527878 0.001691581 0.001767794 0.005951944
[1] 0.011728475 0.001690424 0.001787381 0.006205177
[1] 0.011744144 0.001690297 0.001789400 0.006223713
[1] 0.011745256 0.001690287 0.001789547 0.006225024
Algorithm converged after  57  iterations.
[1] 0.0087162444 0.0016704510 0.0008818785 0.0006650903
[1] 0.008221721 0.002329764 0.002677884 0.004266127
[1] 0.008680842 0.002315884 0.002684939 0.004499659
[1] 0.008716934 0.002316803 0.002690174 0.004535438
[1] 0.008721513 0.002316917 0.002690841 0.004540008
[1] 0.008722097 0.002316932 0.002690926 0.004540591
Algorithm converged after  59  iterations.
numeric(0)
Algorithm converged after  1  iterations.
[1] 0.001893839
Algorithm converged after  2  iterations.
[1] 0.002422912
Algorithm converged after  2  iterations.
[1] 0.003161499
Algorithm converged after  2  iterations.
[1] 0.0018938385 0.0004476499
Algorithm converged after  2  iterations.
[1] 0.002422912 0.000666442
Algorithm converged after  2  iterations.
[1] 0.0031614991 0.0006518562
Algorithm converged after  2  iterations.
[1] 0.001893839 0.002422912
Algorithm converged after  2  iterations.
[1] 0.001893839 0.003161499
Algorithm converged after  2  iterations.
[1] 0.002422912 0.003161499
Algorithm converged after  2  iterations.
[1] 0.0018938385 0.0004476499 0.0024229124
Algorithm converged after  2  iterations.
[1] 0.0018938385 0.0004476499 0.0031614991
Algorithm converged after  2  iterations.
[1] 0.001893839 0.002422912 0.000666442
Algorithm converged after  2  iterations.
[1] 0.0018938385 0.0031614991 0.0006518562
Algorithm converged after  2  iterations.
[1] 0.002422912 0.000666442 0.003161499
Algorithm converged after  2  iterations.
[1] 0.0024229124 0.0031614991 0.0006518562
Algorithm converged after  2  iterations.
[1] 0.001893839 0.002422912 0.003161499
Algorithm converged after  2  iterations.
[1] 0.0018938385 0.0004476499 0.0024229124 0.0006664420
Algorithm converged after  2  iterations.
[1] 0.0018938385 0.0004476499 0.0031614991 0.0006518562
Algorithm converged after  2  iterations.
[1] 0.0024229124 0.0006664420 0.0031614991 0.0006518562
Algorithm converged after  2  iterations.
[1] 0.0018938385 0.0004476499 0.0024229124 0.0031614991
Algorithm converged after  2  iterations.
[1] 0.001893839 0.002422912 0.000666442 0.003161499
Algorithm converged after  2  iterations.
[1] 0.0018938385 0.0024229124 0.0031614991 0.0006518562
Algorithm converged after  2  iterations.
[1] 0.007818585
Algorithm converged after  2  iterations.
[1] 0.0078185853 0.0009350776
[1] 0.011466977 0.001295811
Algorithm converged after  17  iterations.
[1] 0.007818585 0.001253336
Algorithm converged after  9  iterations.
[1] 0.0078185853 0.0008838203
[1] 0.012120185 0.005962059
[1] 0.012128488 0.005970208
Algorithm converged after  23  iterations.
[1] 0.0078185853 0.0009350776 0.0002056549
[1] 0.0077931313 0.0009772364 0.0002703875
Algorithm converged after  12  iterations.
[1] 0.007818585 0.001253336 0.000619105
[1] 0.0093636141 0.0015070137 0.0006301219
Algorithm converged after  15  iterations.
[1] 0.0078185853 0.0008838203 0.0005931941
[1] 0.0128704979 0.0028051225 0.0007169001
[1] 0.0129550183 0.0028420851 0.0007190137
[1] 0.0129563970 0.0028426914 0.0007190482
Algorithm converged after  33  iterations.
[1] 0.0078185853 0.0009350776 0.0012533364
[1] 0.016219841 0.001789716 0.003353794
Algorithm converged after  15  iterations.
[1] 0.0078185853 0.0009350776 0.0008838203
[1] 0.020692070 0.001975318 0.014459252
[1] 0.02078158 0.00201053 0.01480924
Algorithm converged after  28  iterations.
[1] 0.0078185853 0.0012533364 0.0008838203
[1] 0.011325533 0.001235386 0.002134467
Algorithm converged after  19  iterations.
[1] 0.0078185853 0.0009350776 0.0002056549 0.0012533364
[1] 0.0115143956 0.0012621255 0.0004054411 0.0023659676
Algorithm converged after  20  iterations.
[1] 0.0078185853 0.0009350776 0.0002056549 0.0008838203
[1] 0.0130294454 0.0011588031 0.0003150114 0.0065722724
[1] 0.013232533 0.001167693 0.000320604 0.006762186
[1] 0.0132421398 0.0011681201 0.0003208754 0.0067712040
[1] 0.0132425991 0.0011681405 0.0003208884 0.0067716352
Algorithm converged after  42  iterations.
[1] 0.0078185853 0.0009350776 0.0012533364 0.0006191050
[1] 0.0175745643 0.0016820642 0.0025041037 0.0006473953
[1] 0.0175940685 0.0016840959 0.0025097457 0.0006473292
Algorithm converged after  23  iterations.
[1] 0.0078185853 0.0009350776 0.0008838203 0.0005931941
[1] 0.0237812263 0.0018516453 0.0034405303 0.0009738089
[1] 0.0240642698 0.0018672859 0.0035539461 0.0009965087
[1] 0.0240693042 0.0018675581 0.0035565856 0.0009970295
Algorithm converged after  38  iterations.
[1] 0.0078185853 0.0012533364 0.0006191050 0.0008838203
[1] 0.0127030076 0.0009530183 0.0001904096 0.0053684968
[1] 0.0127450185 0.0009521423 0.0001897547 0.0054146708
Algorithm converged after  30  iterations.
[1] 0.0078185853 0.0012533364 0.0008838203 0.0005931941
[1] 0.0111388983 0.0018756250 0.0009230303 0.0002725079
[1] 0.0111312325 0.0018744669 0.0009228698 0.0002725264
Algorithm converged after  24  iterations.
[1] 0.0078185853 0.0009350776 0.0012533364 0.0008838203
[1] 0.019446658 0.001524862 0.001731162 0.002854123
[1] 0.019411886 0.001522963 0.001724692 0.002861960
Algorithm converged after  28  iterations.
[1] 0.007818585 0.001763207
Algorithm converged after  2  iterations.
[1] 0.0078185853 0.0017632066 0.0005990043
[1] 0.008310612 0.001776982 0.001233719
[1] 0.008296249 0.001775714 0.001234436
Algorithm converged after  28  iterations.
[1] 0.0078185853 0.0017632066 0.0007447543
[1] 0.008094784 0.001668937 0.001322260
[1] 0.008090063 0.001668864 0.001325733
Algorithm converged after  30  iterations.
[1] 0.0078185853 0.0017632066 0.0006819534
[1] 0.007998704 0.001826354 0.001073485
[1] 0.007834963 0.001776650 0.001002201
Algorithm converged after  25  iterations.
[1] 0.0078185853 0.0017632066 0.0005990043 0.0001068122
[1] 0.0077727229 0.0014331487 0.0007174548 0.0001564661
Algorithm converged after  13  iterations.
[1] 0.0078185853 0.0017632066 0.0007447543 0.0002004586
[1] 0.0072369912 0.0016958392 0.0008494287 0.0002212260
Algorithm converged after  11  iterations.
[1] 0.0078185853 0.0017632066 0.0006819534 0.0001538465
[1] 0.0071299076 0.0022255588 0.0009739212 0.0002073836
Algorithm converged after  20  iterations.
[1] 0.0078185853 0.0017632066 0.0005990043 0.0007447543
[1] 0.007087691 0.001777482 0.001681353 0.002237675
[1] 0.006565503 0.001773784 0.001725657 0.002392603
[1] 0.006427112 0.001766807 0.001737301 0.002427126
[1] 0.006388808 0.001764207 0.001740582 0.002436781
[1] 0.006378238 0.001763436 0.001741493 0.002439464
[1] 0.006375329 0.001763220 0.001741743 0.002440204
[1] 0.006374530 0.001763160 0.001741812 0.002440408
[1] 0.006374310 0.001763144 0.001741831 0.002440464
Algorithm converged after  86  iterations.
[1] 0.0078185853 0.0017632066 0.0005990043 0.0006819534
[1] 0.010485912 0.001986213 0.001391441 0.003444036
[1] 0.011594042 0.001867436 0.001431878 0.004616710
[1] 0.011605451 0.001852270 0.001374227 0.004864730
[1] 0.011602621 0.001852320 0.001371983 0.004867509
Algorithm converged after  47  iterations.
[1] 0.0078185853 0.0017632066 0.0007447543 0.0006819534
[1] 0.006369231 0.002310404 0.002127430 0.003059535
[1] 0.005600292 0.002024117 0.001885314 0.001856768
[1] 0.005491296 0.001985875 0.001854157 0.001819321
[1] 0.005490205 0.001985490 0.001853557 0.001818650
Algorithm converged after  46  iterations.
numeric(0)
Algorithm converged after  1  iterations.
[1] 0.002005754
Algorithm converged after  2  iterations.
[1] 0.002499636
Algorithm converged after  2  iterations.
[1] 0.00303157
Algorithm converged after  2  iterations.
[1] 0.0020057542 0.0006098632
Algorithm converged after  2  iterations.
[1] 0.0024996356 0.0007531364
Algorithm converged after  2  iterations.
[1] 0.0030315699 0.0006699481
Algorithm converged after  2  iterations.
[1] 0.002005754 0.002499636
Algorithm converged after  2  iterations.
[1] 0.002005754 0.003031570
Algorithm converged after  2  iterations.
[1] 0.002499636 0.003031570
Algorithm converged after  2  iterations.
[1] 0.0020057542 0.0006098632 0.0024996356
Algorithm converged after  2  iterations.
[1] 0.0020057542 0.0006098632 0.0030315699
Algorithm converged after  2  iterations.
[1] 0.0020057542 0.0024996356 0.0007531364
Algorithm converged after  2  iterations.
[1] 0.0020057542 0.0030315699 0.0006699481
Algorithm converged after  2  iterations.
[1] 0.0024996356 0.0007531364 0.0030315699
Algorithm converged after  2  iterations.
[1] 0.0024996356 0.0030315699 0.0006699481
Algorithm converged after  2  iterations.
[1] 0.002005754 0.002499636 0.003031570
Algorithm converged after  2  iterations.
[1] 0.0020057542 0.0006098632 0.0024996356 0.0007531364
Algorithm converged after  2  iterations.
[1] 0.0020057542 0.0006098632 0.0030315699 0.0006699481
Algorithm converged after  2  iterations.
[1] 0.0024996356 0.0007531364 0.0030315699 0.0006699481
Algorithm converged after  2  iterations.
[1] 0.0020057542 0.0006098632 0.0024996356 0.0030315699
Algorithm converged after  2  iterations.
[1] 0.0020057542 0.0024996356 0.0007531364 0.0030315699
Algorithm converged after  2  iterations.
[1] 0.0020057542 0.0024996356 0.0030315699 0.0006699481
Algorithm converged after  2  iterations.
[1] 0.008912166
Algorithm converged after  2  iterations.
[1] 0.008912166 0.000984356
[1] 0.013986547 0.001452744
Algorithm converged after  15  iterations.
[1] 0.008912166 0.001116443
Algorithm converged after  9  iterations.
[1] 0.0089121662 0.0008710299
[1] 0.013252838 0.006243288
[1] 0.013266898 0.006256057
Algorithm converged after  24  iterations.
[1] 0.0089121662 0.0009843560 0.0002124897
[1] 0.0093861249 0.0010424363 0.0002997847
Algorithm converged after  13  iterations.
[1] 0.0089121662 0.0011164434 0.0002271606
[1] 0.0091981855 0.0012175145 0.0003307643
Algorithm converged after  12  iterations.
[1] 0.0089121662 0.0008710299 0.0002415450
[1] 0.015244698 0.002638914 0.000810912
[1] 0.0152866429 0.0026554965 0.0008124428
Algorithm converged after  27  iterations.
[1] 0.008912166 0.000984356 0.001116443
[1] 0.016717710 0.001914418 0.002343979
Algorithm converged after  13  iterations.
[1] 0.0089121662 0.0009843560 0.0008710299
[1] 0.022547113 0.001922362 0.015168859
[1] 0.022131444 0.001993227 0.015574167
Algorithm converged after  28  iterations.
[1] 0.0089121662 0.0011164434 0.0008710299
[1] 0.012113862 0.001050293 0.005271681
[1] 0.012466817 0.001051753 0.006003081
[1] 0.012509266 0.001052056 0.006068536
[1] 0.012513031 0.001052084 0.006074215
[1] 0.012513358 0.001052086 0.006074707
Algorithm converged after  55  iterations.
[1] 0.0089121662 0.0009843560 0.0002124897 0.0011164434
[1] 0.015413636 0.001607718 0.000645157 0.001999471
[1] 0.0154598242 0.0016110609 0.0006460862 0.0020027432
Algorithm converged after  26  iterations.
[1] 0.0089121662 0.0009843560 0.0002124897 0.0008710299
[1] 0.0144824955 0.0012481499 0.0002707544 0.0072000362
[1] 0.0147262117 0.0012566198 0.0002749176 0.0074059905
[1] 0.0147353116 0.0012569398 0.0002750765 0.0074136874
Algorithm converged after  40  iterations.
[1] 0.0089121662 0.0009843560 0.0011164434 0.0002271606
[1] 0.0185915915 0.0018147674 0.0020249152 0.0007623894
Algorithm converged after  16  iterations.
[1] 0.0089121662 0.0009843560 0.0008710299 0.0002415450
[1] 0.0177649869 0.0018251137 0.0013154374 0.0003770519
[1] 0.0179051802 0.0018852017 0.0014258336 0.0004708933
[1] 0.0180409594 0.0018981819 0.0014414750 0.0004794697
[1] 0.0180551611 0.0018995308 0.0014430953 0.0004803538
[1] 0.0180566196 0.0018996693 0.0014432615 0.0004804446
Algorithm converged after  59  iterations.
[1] 0.0089121662 0.0011164434 0.0002271606 0.0008710299
[1] 0.0126631969 0.0010073233 0.0001432225 0.0058997188
[1] 0.0127200394 0.0010071417 0.0001431964 0.0059507265
Algorithm converged after  29  iterations.
[1] 0.0089121662 0.0011164434 0.0008710299 0.0002415450
[1] 0.0117060630 0.0016632812 0.0009240089 0.0002652492
[1] 0.0116966720 0.0016629102 0.0009237511 0.0002652221
Algorithm converged after  23  iterations.
[1] 0.0089121662 0.0009843560 0.0011164434 0.0008710299
[1] 0.036656180 0.004460848 0.004683661 0.011051666
[1] 0.042362343 0.005188449 0.005283381 0.013662784
[1] 0.044339205 0.005444807 0.005491672 0.014581372
[1] 0.045058870 0.005538625 0.005567547 0.014917422
[1] 0.045324990 0.005573382 0.005595612 0.015041899
[1] 0.045423941 0.005586315 0.005606048 0.015088212
[1] 0.045460809 0.005591135 0.005609936 0.015105471
[1] 0.045474555 0.005592932 0.005611386 0.015111907
[1] 0.045479682 0.005593602 0.005611927 0.015114307
[1] 0.045481594 0.005593853 0.005612129 0.015115203
[1] 0.045482307 0.005593946 0.005612204 0.015115537
Algorithm converged after  115  iterations.
[1] 0.008912166 0.001624588
Algorithm converged after  2  iterations.
[1] 0.0089121662 0.0016245878 0.0006878869
[1] 0.009928610 0.001685765 0.001247470
[1] 0.009909110 0.001685246 0.001248296
Algorithm converged after  27  iterations.
[1] 0.0089121662 0.0016245878 0.0009099703
[1] 0.007664840 0.001862019 0.001928360
[1] 0.007644205 0.001857065 0.001933636
Algorithm converged after  28  iterations.
[1] 0.0089121662 0.0016245878 0.0006475193
[1] 0.009519884 0.001597333 0.002234687
[1] 0.009499088 0.001596131 0.002212953
[1] 0.009498437 0.001596092 0.002212284
Algorithm converged after  35  iterations.
[1] 0.0089121662 0.0016245878 0.0006878869 0.0001074404
[1] 0.0093053573 0.0012394813 0.0008064891 0.0001501106
Algorithm converged after  15  iterations.
[1] 0.0089121662 0.0016245878 0.0009099703 0.0001568099
[1] 0.0079869107 0.0016237972 0.0010058465 0.0001723956
Algorithm converged after  12  iterations.
[1] 0.0089121662 0.0016245878 0.0006475193 0.0001597330
[1] 0.0074631598 0.0023321223 0.0013397094 0.0003340531
[1] 0.0073917279 0.0023627317 0.0013862305 0.0003412481
[1] 0.0073878980 0.0023644127 0.0013888352 0.0003416444
[1] 0.0073876871 0.0023645055 0.0013889792 0.0003416663
Algorithm converged after  44  iterations.
[1] 0.0089121662 0.0016245878 0.0006878869 0.0009099703
[1] 0.0043684861 0.0005827178 0.0024473525 0.0040512926
[1] 0.0034903781 0.0003042443 0.0025058246 0.0038654221
[1] 0.0034847868 0.0003095871 0.0024776254 0.0037810999
[1] 0.0034863502 0.0003102785 0.0024763486 0.0037771556
[1] 0.0034864268 0.0003103118 0.0024762896 0.0037769671
Algorithm converged after  54  iterations.
[1] 0.0089121662 0.0016245878 0.0006878869 0.0006475193
[1] 0.011127690 0.001633190 0.001330276 0.003827138
[1] 0.013177929 0.001514885 0.001448469 0.008091105
[1] 0.013497796 0.001522613 0.001470174 0.008486405
[1] 0.013504825 0.001522599 0.001471492 0.008494533
Algorithm converged after  48  iterations.
[1] 0.0089121662 0.0016245878 0.0009099703 0.0006475193
[1] 0.005859448 0.001597976 0.001646126 0.003363537
[1] 0.005588399 0.001542736 0.001658402 0.003082530
[1] 0.005573637 0.001537763 0.001660855 0.003063953
[1] 0.005571919 0.001537038 0.001661231 0.003061305
[1] 0.005571652 0.001536924 0.001661291 0.003060888
Algorithm converged after  60  iterations.
numeric(0)
Algorithm converged after  1  iterations.
[1] 0.002077117
Algorithm converged after  2  iterations.
[1] 0.00244374
Algorithm converged after  2  iterations.
[1] 0.003063891
Algorithm converged after  2  iterations.
[1] 0.0020771169 0.0004999893
Algorithm converged after  2  iterations.
[1] 0.0024437403 0.0007754058
Algorithm converged after  2  iterations.
[1] 0.0030638911 0.0006758296
Algorithm converged after  2  iterations.
[1] 0.002077117 0.002443740
Algorithm converged after  2  iterations.
[1] 0.002077117 0.003063891
Algorithm converged after  2  iterations.
[1] 0.002443740 0.003063891
Algorithm converged after  2  iterations.
[1] 0.0020771169 0.0004999893 0.0024437403
Algorithm converged after  2  iterations.
[1] 0.0020771169 0.0004999893 0.0030638911
Algorithm converged after  2  iterations.
[1] 0.0020771169 0.0024437403 0.0007754058
Algorithm converged after  2  iterations.
[1] 0.0020771169 0.0030638911 0.0006758296
Algorithm converged after  2  iterations.
[1] 0.0024437403 0.0007754058 0.0030638911
Algorithm converged after  2  iterations.
[1] 0.0024437403 0.0030638911 0.0006758296
Algorithm converged after  2  iterations.
[1] 0.002077117 0.002443740 0.003063891
Algorithm converged after  2  iterations.
[1] 0.0020771169 0.0004999893 0.0024437403 0.0007754058
Algorithm converged after  2  iterations.
[1] 0.0020771169 0.0004999893 0.0030638911 0.0006758296
Algorithm converged after  2  iterations.
[1] 0.0024437403 0.0007754058 0.0030638911 0.0006758296
Algorithm converged after  2  iterations.
[1] 0.0020771169 0.0004999893 0.0024437403 0.0030638911
Algorithm converged after  2  iterations.
[1] 0.0020771169 0.0024437403 0.0007754058 0.0030638911
Algorithm converged after  2  iterations.
[1] 0.0020771169 0.0024437403 0.0030638911 0.0006758296
Algorithm converged after  2  iterations.
[1] 0.008527272
Algorithm converged after  2  iterations.
[1] 0.008527272 0.001002631
[1] 0.013393828 0.001510441
Algorithm converged after  14  iterations.
[1] 0.008527272 0.001096901
Algorithm converged after  8  iterations.
[1] 0.0085272722 0.0008449309
[1] 0.014699636 0.007398844
[1] 0.014720306 0.007415888
Algorithm converged after  25  iterations.
[1] 0.0085272722 0.0010026309 0.0002779355
[1] 0.0093113771 0.0010803309 0.0003403153
Algorithm converged after  13  iterations.
[1] 0.0085272722 0.0010969006 0.0002555687
[1] 0.0094855901 0.0012451365 0.0007578409
Algorithm converged after  13  iterations.
[1] 0.0085272722 0.0008449309 0.0002723917
[1] 0.017158854 0.004141204 0.000842379
[1] 0.017259175 0.004191289 0.000845541
[1] 0.0172602016 0.0041918059 0.0008455734
Algorithm converged after  31  iterations.
[1] 0.008527272 0.001002631 0.001096901
[1] 0.017140071 0.002084413 0.002889824
Algorithm converged after  13  iterations.
[1] 0.0085272722 0.0010026309 0.0008449309
[1] 0.025324191 0.002080217 0.016204385
[1] 0.026721287 0.002253597 0.018096480
[1] 0.026744179 0.002257739 0.018138974
Algorithm converged after  38  iterations.
[1] 0.0085272722 0.0010969006 0.0008449309
[1] 0.012741590 0.001030249 0.004008607
[1] 0.013031012 0.001019486 0.004456238
[1] 0.013067615 0.001018496 0.004505648
[1] 0.013071597 0.001018392 0.004510946
[1] 0.013072024 0.001018381 0.004511512
Algorithm converged after  57  iterations.
[1] 0.0085272722 0.0010026309 0.0002779355 0.0010969006
[1] 0.0141694899 0.0016237566 0.0005158446 0.0022965557
[1] 0.014193391 0.001625854 0.000516192 0.002299295
Algorithm converged after  24  iterations.
[1] 0.0085272722 0.0010026309 0.0002779355 0.0008449309
[1] 0.0170880292 0.0013942584 0.0003369544 0.0088885412
[1] 0.0175522615 0.0014143911 0.0003430411 0.0092705639
[1] 0.0175869671 0.0014159190 0.0003435119 0.0092992516
[1] 0.0175896060 0.0014160353 0.0003435478 0.0093014337
Algorithm converged after  48  iterations.
[1] 0.0085272722 0.0010026309 0.0010969006 0.0002555687
[1] 0.0197251204 0.0020658136 0.0023523472 0.0008062012
Algorithm converged after  20  iterations.
[1] 0.0085272722 0.0010026309 0.0008449309 0.0002723917
[1] 0.029737704 0.002252975 0.003681146 0.001231856
[1] 0.029911424 0.002261756 0.003720295 0.001243616
Algorithm converged after  30  iterations.
[1] 0.0085272722 0.0010969006 0.0002555687 0.0008449309
[1] 0.0143812889 0.0009585940 0.0001522885 0.0068722724
[1] 0.0144787534 0.0009583574 0.0001521455 0.0069555346
[1] 0.0144802848 0.0009583539 0.0001521433 0.0069568446
Algorithm converged after  33  iterations.
[1] 0.0085272722 0.0010969006 0.0008449309 0.0002723917
[1] 0.0103675455 0.0016610377 0.0007744810 0.0002008082
[1] 0.0103513662 0.0016597695 0.0007740633 0.0002007324
Algorithm converged after  22  iterations.
[1] 0.0085272722 0.0010026309 0.0010969006 0.0008449309
[1] 0.020505562 0.001725854 0.001358265 0.002075706
[1] 0.020480681 0.001724636 0.001357550 0.002072530
Algorithm converged after  22  iterations.
[1] 0.008527272 0.001772447
Algorithm converged after  2  iterations.
[1] 0.0085272722 0.0017724473 0.0005408127
[1] 0.008964413 0.001780542 0.001317213
[1] 0.008956802 0.001780663 0.001317527
Algorithm converged after  24  iterations.
[1] 0.008527272 0.001772447 0.000942251
[1] 0.007816273 0.001823696 0.001868135
[1] 0.007815357 0.001824011 0.001868888
Algorithm converged after  22  iterations.
[1] 0.008527272 0.001772447 0.000659910
[1] 0.009042373 0.001830165 0.001336693
[1] 0.008847735 0.001800501 0.001213614
[1] 0.008845691 0.001800089 0.001212593
Algorithm converged after  34  iterations.
[1] 0.0085272722 0.0017724473 0.0005408127 0.0001290244
[1] 0.0087261911 0.0013679685 0.0007102401 0.0001893171
Algorithm converged after  13  iterations.
[1] 0.0085272722 0.0017724473 0.0009422510 0.0002158981
[1] 0.0077990767 0.0019833399 0.0011032723 0.0002433402
Algorithm converged after  15  iterations.
[1] 0.0085272722 0.0017724473 0.0006599100 0.0001349979
[1] 0.0081461451 0.0023668090 0.0009735511 0.0002116296
Algorithm converged after  20  iterations.
[1] 0.0085272722 0.0017724473 0.0005408127 0.0009422510
[1] 0.008430310 0.001998960 0.001850105 0.002229669
[1] 0.007818975 0.002042076 0.001914561 0.002381833
[1] 0.007533821 0.002056329 0.001939885 0.002436348
[1] 0.007423900 0.002060072 0.001949721 0.002457417
[1] 0.007382227 0.002061196 0.001953471 0.002465448
[1] 0.007366505 0.002061575 0.001954889 0.002468485
[1] 0.007360584 0.002061711 0.001955424 0.002469629
[1] 0.007358355 0.002061762 0.001955625 0.002470060
[1] 0.007357517 0.002061781 0.001955701 0.002470223
[1] 0.007357201 0.002061788 0.001955730 0.002470284
[1] 0.007357083 0.002061790 0.001955740 0.002470307
Algorithm converged after  111  iterations.
[1] 0.0085272722 0.0017724473 0.0005408127 0.0006599100
[1] 0.010553595 0.001984063 0.001429287 0.002616868
[1] 0.010150612 0.002001251 0.001423997 0.002233269
[1] 0.009594736 0.002003371 0.001416047 0.001715934
[1] 0.009050580 0.001948110 0.001416407 0.001236401
[1] 0.008818251 0.001890038 0.001419586 0.001069464
[1] 0.008799468 0.001884569 0.001419948 0.001060874
[1] 0.008799795 0.001884676 0.001419945 0.001061120
Algorithm converged after  74  iterations.
[1] 0.008527272 0.001772447 0.000942251 0.000659910
[1] 0.0035506828 0.0006235879 0.0035392683 0.0047579635
[1] 0.005049161 0.002086084 0.002493530 0.002956406
[1] 0.004954747 0.002051115 0.002477798 0.002917189
Algorithm converged after  39  iterations.
numeric(0)
Algorithm converged after  1  iterations.
[1] 0.002145291
Algorithm converged after  2  iterations.
[1] 0.002324484
Algorithm converged after  2  iterations.
[1] 0.003475989
Algorithm converged after  2  iterations.
[1] 0.0021452909 0.0005285911
Algorithm converged after  2  iterations.
[1] 0.0023244841 0.0007688499
Algorithm converged after  2  iterations.
[1] 0.003475989 0.000649191
Algorithm converged after  2  iterations.
[1] 0.002145291 0.002324484
Algorithm converged after  2  iterations.
[1] 0.002145291 0.003475989
Algorithm converged after  2  iterations.
[1] 0.002324484 0.003475989
Algorithm converged after  2  iterations.
[1] 0.0021452909 0.0005285911 0.0023244841
Algorithm converged after  2  iterations.
[1] 0.0021452909 0.0005285911 0.0034759890
Algorithm converged after  2  iterations.
[1] 0.0021452909 0.0023244841 0.0007688499
Algorithm converged after  2  iterations.
[1] 0.002145291 0.003475989 0.000649191
Algorithm converged after  2  iterations.
[1] 0.0023244841 0.0007688499 0.0034759890
Algorithm converged after  2  iterations.
[1] 0.002324484 0.003475989 0.000649191
Algorithm converged after  2  iterations.
[1] 0.002145291 0.002324484 0.003475989
Algorithm converged after  2  iterations.
[1] 0.0021452909 0.0005285911 0.0023244841 0.0007688499
Algorithm converged after  2  iterations.
[1] 0.0021452909 0.0005285911 0.0034759890 0.0006491910
Algorithm converged after  2  iterations.
[1] 0.0023244841 0.0007688499 0.0034759890 0.0006491910
Algorithm converged after  2  iterations.
[1] 0.0021452909 0.0005285911 0.0023244841 0.0034759890
Algorithm converged after  2  iterations.
[1] 0.0021452909 0.0023244841 0.0007688499 0.0034759890
Algorithm converged after  2  iterations.
[1] 0.002145291 0.002324484 0.003475989 0.000649191
Algorithm converged after  2  iterations.
[1] 0.008819378
Algorithm converged after  2  iterations.
[1] 0.008819378 0.001087685
[1] 0.01419078 0.00159949
Algorithm converged after  15  iterations.
[1] 0.008819378 0.001133632
Algorithm converged after  8  iterations.
[1] 0.0088193784 0.0008904736
[1] 0.014108561 0.006542324
[1] 0.014124367 0.006555087
Algorithm converged after  24  iterations.
[1] 0.0088193784 0.0010876846 0.0002965737
[1] 0.0099000341 0.0011738381 0.0003737426
Algorithm converged after  13  iterations.
[1] 0.0088193784 0.0011336318 0.0003051381
[1] 0.0099519040 0.0013341052 0.0007784427
Algorithm converged after  12  iterations.
[1] 0.0088193784 0.0008904736 0.0002572835
[1] 0.0160972676 0.0032747936 0.0008109011
[1] 0.0162285989 0.0033281313 0.0008146535
[1] 0.0162305019 0.0033289120 0.0008147081
Algorithm converged after  33  iterations.
[1] 0.008819378 0.001087685 0.001133632
[1] 0.019390269 0.002172874 0.003173801
Algorithm converged after  12  iterations.
[1] 0.0088193784 0.0010876846 0.0008904736
[1] 0.022353836 0.001986629 0.013125783
[1] 0.023582885 0.002113192 0.014724814
[1] 0.023653909 0.002121407 0.014824012
[1] 0.023657690 0.002121852 0.014829384
Algorithm converged after  48  iterations.
[1] 0.0088193784 0.0011336318 0.0008904736
[1] 0.011583308 0.001083681 0.004459327
[1] 0.011824593 0.001079624 0.004776653
[1] 0.011858648 0.001079184 0.004817589
[1] 0.011863002 0.001079130 0.004822783
[1] 0.011863555 0.001079123 0.004823441
Algorithm converged after  59  iterations.
[1] 0.0088193784 0.0010876846 0.0002965737 0.0011336318
[1] 0.0148108274 0.0016520316 0.0005529826 0.0024812826
[1] 0.0148221122 0.0016529284 0.0005531548 0.0024826239
Algorithm converged after  22  iterations.
[1] 0.0088193784 0.0010876846 0.0002965737 0.0008904736
[1] 0.0161317272 0.0014531265 0.0003626944 0.0077689935
[1] 0.0163292082 0.0014607242 0.0003649818 0.0079294452
[1] 0.0163353023 0.0014609598 0.0003650533 0.0079344055
Algorithm converged after  38  iterations.
[1] 0.0088193784 0.0010876846 0.0011336318 0.0003051381
[1] 0.0210628374 0.0021469973 0.0024908551 0.0008274312
Algorithm converged after  19  iterations.
[1] 0.0088193784 0.0010876846 0.0008904736 0.0002572835
[1] 0.0258334505 0.0022765884 0.0019191781 0.0003686902
[1] 0.0219507498 0.0020809360 0.0014657837 0.0003009882
[1] 0.0218011746 0.0020686372 0.0014615376 0.0003016732
[1] 0.0218317443 0.0020702881 0.0014644280 0.0003020568
[1] 0.0218322406 0.0020703442 0.0014644052 0.0003020449
Algorithm converged after  57  iterations.
[1] 0.0088193784 0.0011336318 0.0003051381 0.0008904736
[1] 0.0138461296 0.0009876479 0.0001994343 0.0061231073
[1] 0.0139204690 0.0009874783 0.0001992854 0.0061873563
[1] 0.0139214022 0.0009874763 0.0001992835 0.0061881628
Algorithm converged after  31  iterations.
[1] 0.0088193784 0.0011336318 0.0008904736 0.0002572835
[1] 0.0106340406 0.0018669220 0.0008364221 0.0002028812
Algorithm converged after  20  iterations.
[1] 0.0088193784 0.0010876846 0.0011336318 0.0008904736
[1] 0.034491877 0.004166812 0.006447792 0.009367586
[1] 0.038704522 0.004687095 0.007246018 0.012348638
[1] 0.040176106 0.004871044 0.007498099 0.013135192
[1] 0.040623637 0.004927214 0.007574549 0.013375052
[1] 0.040761276 0.004944510 0.007598043 0.013448886
[1] 0.040803750 0.004949849 0.007605291 0.013471677
[1] 0.040816870 0.004951499 0.007607530 0.013478718
[1] 0.040820925 0.004952008 0.007608222 0.013480894
[1] 0.040822178 0.004952166 0.007608436 0.013481567
Algorithm converged after  100  iterations.
[1] 0.008819378 0.001623603
Algorithm converged after  2  iterations.
[1] 0.0088193784 0.0016236029 0.0006777389
[1] 0.009489931 0.001589622 0.001506687
[1] 0.009471355 0.001589395 0.001506976
Algorithm converged after  28  iterations.
[1] 0.008819378 0.001623603 0.000941731
[1] 0.008305847 0.001773822 0.001635765
[1] 0.008319288 0.001777939 0.001639470
[1] 0.008319323 0.001786998 0.001650999
[1] 0.008333746 0.001798061 0.001669220
[1] 0.008358504 0.001807809 0.001689339
[1] 0.008376369 0.001813866 0.001703420
[1] 0.008384256 0.001816696 0.001710250
[1] 0.008387148 0.001817808 0.001712955
[1] 0.008388160 0.001818211 0.001713937
[1] 0.008388510 0.001818353 0.001714282
[1] 0.008388631 0.001818402 0.001714402
[1] 0.008388673 0.001818419 0.001714443
Algorithm converged after  125  iterations.
[1] 0.0088193784 0.0016236029 0.0007012639
[1] 0.010094498 0.001664550 0.002462349
[1] 0.010101110 0.001664695 0.002468713
[1] 0.010101420 0.001664702 0.002469017
Algorithm converged after  34  iterations.
[1] 0.0088193784 0.0016236029 0.0006777389 0.0001363687
[1] 0.0093020224 0.0012712037 0.0008566099 0.0002126948
Algorithm converged after  13  iterations.
[1] 0.0088193784 0.0016236029 0.0009417310 0.0002424759
[1] 0.0080575201 0.0017189086 0.0010792380 0.0002685518
Algorithm converged after  13  iterations.
[1] 0.0088193784 0.0016236029 0.0007012639 0.0001711442
[1] 0.0076903657 0.0024078144 0.0013277279 0.0003677646
[1] 0.0076826895 0.0024127154 0.0013322234 0.0003681594
Algorithm converged after  27  iterations.
[1] 0.0088193784 0.0016236029 0.0006777389 0.0009417310
[1] 0.008005236 0.002034754 0.002116592 0.002885086
[1] 0.007753353 0.002035449 0.002145725 0.002955358
[1] 0.007674022 0.002031077 0.002153846 0.002972212
[1] 0.007646896 0.002029286 0.002156640 0.002977989
[1] 0.007637548 0.002028634 0.002157605 0.002979986
[1] 0.007634319 0.002028405 0.002157939 0.002980676
[1] 0.007633203 0.002028325 0.002158055 0.002980915
[1] 0.007632817 0.002028298 0.002158094 0.002980998
[1] 0.007632683 0.002028288 0.002158108 0.002981027
Algorithm converged after  92  iterations.
[1] 0.0088193784 0.0016236029 0.0006777389 0.0007012639
[1] 0.011425740 0.001575417 0.001575078 0.003418629
[1] 0.013093148 0.001499138 0.001743723 0.006912440
[1] 0.013918548 0.001538979 0.001746892 0.008445822
[1] 0.013945669 0.001539258 0.001749301 0.008478162
Algorithm converged after  50  iterations.
[1] 0.0088193784 0.0016236029 0.0009417310 0.0007012639
[1] 0.004753876 0.001467222 0.002639569 0.003698022
[1] 0.006053574 0.001449064 0.001960337 0.003129973
[1] 0.005934908 0.001435007 0.001979430 0.003023856
[1] 0.005925570 0.001434150 0.001982590 0.003017691
[1] 0.005925191 0.001434124 0.001982781 0.003017502
Algorithm converged after  53  iterations.
numeric(0)
Algorithm converged after  1  iterations.
[1] 0.002116423
Algorithm converged after  2  iterations.
[1] 0.002977366
Algorithm converged after  2  iterations.
[1] 0.002992596
Algorithm converged after  2  iterations.
[1] 0.0021164228 0.0005427469
Algorithm converged after  2  iterations.
[1] 0.0029773662 0.0007052144
Algorithm converged after  2  iterations.
[1] 0.0029925964 0.0006941767
Algorithm converged after  2  iterations.
[1] 0.002116423 0.002977366
Algorithm converged after  2  iterations.
[1] 0.002116423 0.002992596
Algorithm converged after  2  iterations.
[1] 0.002977366 0.002992596
Algorithm converged after  2  iterations.
[1] 0.0021164228 0.0005427469 0.0029773662
Algorithm converged after  2  iterations.
[1] 0.0021164228 0.0005427469 0.0029925964
Algorithm converged after  2  iterations.
[1] 0.0021164228 0.0029773662 0.0007052144
Algorithm converged after  2  iterations.
[1] 0.0021164228 0.0029925964 0.0006941767
Algorithm converged after  2  iterations.
[1] 0.0029773662 0.0007052144 0.0029925964
Algorithm converged after  2  iterations.
[1] 0.0029773662 0.0029925964 0.0006941767
Algorithm converged after  2  iterations.
[1] 0.002116423 0.002977366 0.002992596
Algorithm converged after  2  iterations.
[1] 0.0021164228 0.0005427469 0.0029773662 0.0007052144
Algorithm converged after  2  iterations.
[1] 0.0021164228 0.0005427469 0.0029925964 0.0006941767
Algorithm converged after  2  iterations.
[1] 0.0029773662 0.0007052144 0.0029925964 0.0006941767
Algorithm converged after  2  iterations.
[1] 0.0021164228 0.0005427469 0.0029773662 0.0029925964
Algorithm converged after  2  iterations.
[1] 0.0021164228 0.0029773662 0.0007052144 0.0029925964
Algorithm converged after  2  iterations.
[1] 0.0021164228 0.0029773662 0.0029925964 0.0006941767
Algorithm converged after  2  iterations.
[1] 0.008996014
Algorithm converged after  2  iterations.
[1] 0.008996014 0.001080105
[1] 0.014583447 0.001587677
Algorithm converged after  14  iterations.
[1] 0.008996014 0.001112802
Algorithm converged after  8  iterations.
[1] 0.0089960142 0.0009340719
[1] 0.01318803 0.00755163
[1] 0.01321045 0.00757701
Algorithm converged after  25  iterations.
[1] 0.0089960142 0.0010801048 0.0002803519
[1] 0.0100840457 0.0011675854 0.0003860443
Algorithm converged after  13  iterations.
[1] 0.0089960142 0.0011128024 0.0006021664
Algorithm converged after  9  iterations.
[1] 0.0089960142 0.0009340719 0.0002698024
[1] 0.0155143251 0.0030241598 0.0008795445
[1] 0.015556497 0.003045721 0.000881774
Algorithm converged after  27  iterations.
[1] 0.008996014 0.001080105 0.001112802
[1] 0.019039305 0.002038317 0.002844224
Algorithm converged after  12  iterations.
[1] 0.0089960142 0.0010801048 0.0009340719
[1] 0.023722958 0.002337889 0.018593827
[1] 0.024080990 0.002477059 0.019807778
[1] 0.024073903 0.002476482 0.019802363
Algorithm converged after  33  iterations.
[1] 0.0089960142 0.0011128024 0.0009340719
[1] 0.009693857 0.001012069 0.003848783
[1] 0.009988877 0.000986487 0.005169639
[1] 0.0101289040 0.0009831499 0.0054891707
[1] 0.0101602243 0.0009825706 0.0055542912
[1] 0.0101665410 0.0009824595 0.0055672002
[1] 0.0101677909 0.0009824378 0.0055697460
[1] 0.0101680373 0.0009824335 0.0055702476
Algorithm converged after  80  iterations.
[1] 0.0089960142 0.0010801048 0.0002803519 0.0011128024
[1] 0.0144417761 0.0015635623 0.0005437213 0.0022039106
Algorithm converged after  20  iterations.
[1] 0.0089960142 0.0010801048 0.0002803519 0.0009340719
[1] 0.0156953317 0.0014771453 0.0003873819 0.0093967710
[1] 0.0161401753 0.0015022121 0.0003987462 0.0098587863
[1] 0.0161674311 0.0015037727 0.0003994554 0.0098870389
[1] 0.0161691110 0.0015038690 0.0003994991 0.0098887801
Algorithm converged after  46  iterations.
[1] 0.0089960142 0.0010801048 0.0011128024 0.0006021664
[1] 0.0194256297 0.0019473983 0.0022242384 0.0006846625
Algorithm converged after  19  iterations.
[1] 0.0089960142 0.0010801048 0.0009340719 0.0002698024
[1] 0.0218554236 0.0021135782 0.0015488495 0.0003142587
[1] 0.0205274754 0.0020414077 0.0014682650 0.0003273438
[1] 0.0204578945 0.0020373269 0.0014646290 0.0003281204
[1] 0.0204552462 0.0020371687 0.0014644883 0.0003281477
Algorithm converged after  43  iterations.
[1] 0.0089960142 0.0011128024 0.0006021664 0.0009340719
[1] 0.0132072156 0.0009044621 0.0001319516 0.0078311156
[1] 0.0133579029 0.0009040902 0.0001317714 0.0080046647
[1] 0.0133605254 0.0009040847 0.0001317686 0.0080076751
Algorithm converged after  34  iterations.
[1] 0.0089960142 0.0011128024 0.0009340719 0.0002698024
[1] 0.0119111469 0.0017406981 0.0009358267 0.0002536790
Algorithm converged after  17  iterations.
[1] 0.0089960142 0.0010801048 0.0011128024 0.0009340719
[1] 0.036966433 0.004146537 0.005781531 0.010610422
[1] 0.038944308 0.004382778 0.006055261 0.011729028
[1] 0.039534847 0.004453576 0.006136312 0.012061569
[1] 0.039714316 0.004475112 0.006160905 0.012162861
[1] 0.039769230 0.004481704 0.006168426 0.012193876
[1] 0.039786067 0.004483725 0.006170732 0.012203387
[1] 0.039791232 0.004484345 0.006171439 0.012206305
[1] 0.039792817 0.004484535 0.006171656 0.012207200
[1] 0.039793303 0.004484594 0.006171723 0.012207475
Algorithm converged after  93  iterations.
[1] 0.008996014 0.001901383
Algorithm converged after  2  iterations.
[1] 0.0089960142 0.0019013833 0.0006826568
[1] 0.008988421 0.001932614 0.001469211
[1] 0.008977086 0.001932051 0.001469415
Algorithm converged after  24  iterations.
[1] 0.0089960142 0.0019013833 0.0008252862
[1] 0.008555910 0.002011947 0.001390092
[1] 0.008620916 0.002002221 0.001395780
[1] 0.008705759 0.001988159 0.001412040
[1] 0.008756650 0.001978309 0.001423526
[1] 0.008769295 0.001975456 0.001426934
[1] 0.008771726 0.001974873 0.001427651
[1] 0.008772183 0.001974762 0.001427789
Algorithm converged after  80  iterations.
[1] 0.008996014 0.001901383 0.000695093
[1] 0.009313679 0.001859775 0.002224942
[1] 0.009299867 0.001858765 0.002207766
[1] 0.009299277 0.001858721 0.002207035
Algorithm converged after  37  iterations.
[1] 0.0089960142 0.0019013833 0.0006826568 0.0001224617
[1] 0.0092790990 0.0015447505 0.0008427087 0.0001938729
Algorithm converged after  12  iterations.
[1] 0.0089960142 0.0019013833 0.0008252862 0.0001815762
[1] 0.0078686531 0.0019894395 0.0009730379 0.0001950381
Algorithm converged after  12  iterations.
[1] 0.0089960142 0.0019013833 0.0006950930 0.0001612476
[1] 0.0083367014 0.0027779911 0.0014096611 0.0003769266
[1] 0.0083400469 0.0027813744 0.0014117932 0.0003771817
Algorithm converged after  23  iterations.
[1] 0.0089960142 0.0019013833 0.0006826568 0.0008252862
[1] 0.0052370045 0.0009811065 0.0026299979 0.0035808640
[1] 0.0043649896 0.0004956311 0.0028405832 0.0037803442
[1] 0.0041882969 0.0004159342 0.0028780933 0.0037549666
[1] 0.0041532044 0.0004015267 0.0028835254 0.0037416608
[1] 0.0041465679 0.0003988701 0.0028843871 0.0037385246
[1] 0.0041453067 0.0003983675 0.0028845444 0.0037379012
[1] 0.0041450660 0.0003982717 0.0028845741 0.0037377813
[1] 0.0041450201 0.0003982534 0.0028845798 0.0037377583
Algorithm converged after  86  iterations.
[1] 0.0089960142 0.0019013833 0.0006826568 0.0006950930
[1] 0.011375316 0.001884036 0.001707809 0.005918820
[1] 0.013061630 0.001820323 0.001918651 0.009422796
[1] 0.013120361 0.001819632 0.001929877 0.009501792
[1] 0.013121173 0.001819620 0.001930039 0.009502872
Algorithm converged after  41  iterations.
[1] 0.0089960142 0.0019013833 0.0008252862 0.0006950930
[1] 0.005798578 0.001564672 0.001874677 0.003745233
[1] 0.005598087 0.001506376 0.001842087 0.003419735
[1] 0.005575909 0.001500729 0.001847243 0.003391502
[1] 0.005574602 0.001500363 0.001847710 0.003389672
Algorithm converged after  50  iterations.
numeric(0)
Algorithm converged after  1  iterations.
[1] 0.002049514
Algorithm converged after  2  iterations.
[1] 0.002540285
Algorithm converged after  2  iterations.
[1] 0.003313171
Algorithm converged after  2  iterations.
[1] 0.0020495137 0.0006327084
Algorithm converged after  2  iterations.
[1] 0.0025402850 0.0006666675
Algorithm converged after  2  iterations.
[1] 0.0033131713 0.0005964287
Algorithm converged after  2  iterations.
[1] 0.002049514 0.002540285
Algorithm converged after  2  iterations.
[1] 0.002049514 0.003313171
Algorithm converged after  2  iterations.
[1] 0.002540285 0.003313171
Algorithm converged after  2  iterations.
[1] 0.0020495137 0.0006327084 0.0025402850
Algorithm converged after  2  iterations.
[1] 0.0020495137 0.0006327084 0.0033131713
Algorithm converged after  2  iterations.
[1] 0.0020495137 0.0025402850 0.0006666675
Algorithm converged after  2  iterations.
[1] 0.0020495137 0.0033131713 0.0005964287
Algorithm converged after  2  iterations.
[1] 0.0025402850 0.0006666675 0.0033131713
Algorithm converged after  2  iterations.
[1] 0.0025402850 0.0033131713 0.0005964287
Algorithm converged after  2  iterations.
[1] 0.002049514 0.002540285 0.003313171
Algorithm converged after  2  iterations.
[1] 0.0020495137 0.0006327084 0.0025402850 0.0006666675
Algorithm converged after  2  iterations.
[1] 0.0020495137 0.0006327084 0.0033131713 0.0005964287
Algorithm converged after  2  iterations.
[1] 0.0025402850 0.0006666675 0.0033131713 0.0005964287
Algorithm converged after  2  iterations.
[1] 0.0020495137 0.0006327084 0.0025402850 0.0033131713
Algorithm converged after  2  iterations.
[1] 0.0020495137 0.0025402850 0.0006666675 0.0033131713
Algorithm converged after  2  iterations.
[1] 0.0020495137 0.0025402850 0.0033131713 0.0005964287
Algorithm converged after  2  iterations.
[1] 0.009280937
Algorithm converged after  2  iterations.
[1] 0.009280937 0.001046717
[1] 0.01471464 0.00153620
Algorithm converged after  14  iterations.
[1] 0.0092809371 0.0001990152
Algorithm converged after  10  iterations.
[1] 0.0092809371 0.0006446916
[1] 0.012514664 0.004422365
[1] 0.012519494 0.004427052
Algorithm converged after  22  iterations.
[1] 0.0092809371 0.0010467172 0.0002846228
[1] 0.0105654449 0.0011372616 0.0003465328
Algorithm converged after  13  iterations.
[1] 9.280937e-03 1.990152e-04 3.386572e-07
[1] 0.0086063229 0.0014635438 0.0007315672
Algorithm converged after  13  iterations.
[1] 0.0092809371 0.0006446916 0.0004970106
[1] 0.0146130894 0.0020821933 0.0005780121
[1] 0.0146815198 0.0021047288 0.0005792786
[1] 0.0146823803 0.0021050144 0.0005792946
Algorithm converged after  31  iterations.
[1] 0.0092809371 0.0010467172 0.0001990152
[1] 0.018374702 0.002024599 0.002933262
Algorithm converged after  13  iterations.
[1] 0.0092809371 0.0010467172 0.0006446916
[1] 0.018832858 0.001455198 0.006388305
[1] 0.019375310 0.001480786 0.007317845
[1] 0.019467018 0.001485419 0.007473794
[1] 0.019482454 0.001486207 0.007500032
[1] 0.019485052 0.001486340 0.007504448
[1] 0.019485490 0.001486363 0.007505191
Algorithm converged after  69  iterations.
[1] 0.0092809371 0.0001990152 0.0006446916
[1] 0.0107436208 0.0012520882 0.0008255634
Algorithm converged after  15  iterations.
[1] 0.0092809371 0.0010467172 0.0002846228 0.0001990152
[1] 0.0153018098 0.0016131738 0.0005656539 0.0024368120
[1] 0.0153369016 0.0016160261 0.0005662792 0.0024403382
Algorithm converged after  25  iterations.
[1] 0.0092809371 0.0010467172 0.0002846228 0.0006446916
[1] 0.013645981 0.001143116 0.000277986 0.004456911
[1] 0.0136923780 0.0011444785 0.0002782139 0.0045004389
[1] 0.0136930315 0.0011444977 0.0002782172 0.0045010529
Algorithm converged after  32  iterations.
[1] 9.280937e-03 1.046717e-03 1.990152e-04 3.386572e-07
[1] 0.0180424291 0.0018071705 0.0022434964 0.0007279021
Algorithm converged after  20  iterations.
[1] 0.0092809371 0.0010467172 0.0006446916 0.0004970106
[1] 0.0195488096 0.0018180693 0.0009491485 0.0003055319
[1] 0.0183565504 0.0017380505 0.0008731742 0.0002993287
[1] 0.0183945413 0.0017394184 0.0008768334 0.0002998406
[1] 0.0184003806 0.0017398457 0.0008771446 0.0002998636
[1] 0.0183999413 0.0017398223 0.0008771110 0.0002998596
Algorithm converged after  51  iterations.
[1] 9.280937e-03 1.990152e-04 3.386572e-07 6.446916e-04
[1] 0.0118377899 0.0009529407 0.0002048913 0.0032071990
[1] 0.0118686634 0.0009519600 0.0002042838 0.0032342180
Algorithm converged after  30  iterations.
[1] 0.0092809371 0.0001990152 0.0006446916 0.0004970106
[1] 0.0099019060 0.0018372170 0.0006217009 0.0001764224
Algorithm converged after  20  iterations.
[1] 0.0092809371 0.0010467172 0.0001990152 0.0006446916
[1] 0.031726949 0.004089005 0.005595981 0.008914023
[1] 0.035393701 0.004625412 0.006219670 0.011028426
[1] 0.036472492 0.004786850 0.006403085 0.011632678
[1] 0.036796669 0.004835561 0.006458174 0.011814583
[1] 0.036895031 0.004850358 0.006474888 0.011869809
[1] 0.036924963 0.004854863 0.006479973 0.011886617
[1] 0.036934078 0.004856235 0.006481522 0.011891736
[1] 0.036936856 0.004856653 0.006481994 0.011893295
[1] 0.036937702 0.004856780 0.006482138 0.011893770
Algorithm converged after  98  iterations.
[1] 0.009280937 0.001538774
Algorithm converged after  2  iterations.
[1] 0.0092809371 0.0015387741 0.0006603264
[1] 0.009429927 0.001644432 0.001597974
[1] 0.009390358 0.001643438 0.001598762
[1] 0.009388765 0.001643397 0.001598783
Algorithm converged after  35  iterations.
[1] 0.0092809371 0.0015387741 0.0008308959
[1] 0.009163915 0.001510324 0.001472126
[1] 0.009153250 0.001512575 0.001474253
Algorithm converged after  22  iterations.
[1] 0.0092809371 0.0015387741 0.0005078654
[1] 0.011031501 0.001558408 0.002911637
[1] 0.011265811 0.001555775 0.003183403
[1] 0.011294189 0.001555398 0.003216379
[1] 0.011297447 0.001555355 0.003220165
[1] 0.011297819 0.001555350 0.003220597
Algorithm converged after  58  iterations.
[1] 0.0092809371 0.0015387741 0.0006603264 0.0001355960
[1] 0.0096781653 0.0012522648 0.0008177903 0.0002005321
Algorithm converged after  13  iterations.
[1] 0.0092809371 0.0015387741 0.0008308959 0.0002118687
[1] 0.0082685929 0.0016796946 0.0009821997 0.0002352694
Algorithm converged after  12  iterations.
[1] 0.0092809371 0.0015387741 0.0005078654 0.0001425878
[1] 0.0074037848 0.0025168558 0.0013755880 0.0003649883
[1] 0.0073657889 0.0025473836 0.0014126427 0.0003686405
[1] 0.0073646606 0.0025484052 0.0014138854 0.0003687624
Algorithm converged after  39  iterations.
[1] 0.0092809371 0.0015387741 0.0006603264 0.0008308959
[1] 0.010122290 0.001566596 0.001591195 0.001634404
[1] 0.010764078 0.001508168 0.001569119 0.001681562
[1] 0.011009723 0.001500988 0.001570547 0.001748530
[1] 0.011195872 0.001497800 0.001576130 0.001815096
[1] 0.011384512 0.001495324 0.001584709 0.001892269
[1] 0.011620636 0.001492542 0.001598577 0.001999045
[1] 0.011975320 0.001488557 0.001624861 0.002177394
[1] 0.012564109 0.001483040 0.001681838 0.002525183
[1] 0.013109036 0.001479645 0.001752627 0.003037906
[1] 0.013128905 0.001482234 0.001753646 0.003201982
[1] 0.013129430 0.001483157 0.001753448 0.003216572
[1] 0.013129582 0.001483264 0.001753467 0.003217925
[1] 0.013129602 0.001483276 0.001753470 0.003218064
Algorithm converged after  133  iterations.
[1] 0.0092809371 0.0015387741 0.0006603264 0.0005078654
[1] 0.010940423 0.001623464 0.001612555 0.002963678
[1] 0.012591305 0.001542813 0.001692111 0.006238369
[1] 0.014980984 0.001490219 0.001786488 0.009998369
[1] 0.015028022 0.001489426 0.001788607 0.010041425
Algorithm converged after  44  iterations.
[1] 0.0092809371 0.0015387741 0.0008308959 0.0005078654
[1] 0.006547051 0.001320390 0.001788723 0.002549672
[1] 0.006301201 0.001237156 0.001791612 0.001884721
[1] 0.006282948 0.001239231 0.001794417 0.001902168
[1] 0.006283887 0.001239129 0.001794271 0.001901356
Algorithm converged after  50  iterations.
numeric(0)
Algorithm converged after  1  iterations.
[1] 0.002061308
Algorithm converged after  2  iterations.
[1] 0.002558752
Algorithm converged after  2  iterations.
[1] 0.003158945
Algorithm converged after  2  iterations.
[1] 0.0020613082 0.0004974111
Algorithm converged after  2  iterations.
[1] 0.0025587516 0.0007058665
Algorithm converged after  2  iterations.
[1] 0.0031589449 0.0005838253
Algorithm converged after  2  iterations.
[1] 0.002061308 0.002558752
Algorithm converged after  2  iterations.
[1] 0.002061308 0.003158945
Algorithm converged after  2  iterations.
[1] 0.002558752 0.003158945
Algorithm converged after  2  iterations.
[1] 0.0020613082 0.0004974111 0.0025587516
Algorithm converged after  2  iterations.
[1] 0.0020613082 0.0004974111 0.0031589449
Algorithm converged after  2  iterations.
[1] 0.0020613082 0.0025587516 0.0007058665
Algorithm converged after  2  iterations.
[1] 0.0020613082 0.0031589449 0.0005838253
Algorithm converged after  2  iterations.
[1] 0.0025587516 0.0007058665 0.0031589449
Algorithm converged after  2  iterations.
[1] 0.0025587516 0.0031589449 0.0005838253
Algorithm converged after  2  iterations.
[1] 0.002061308 0.002558752 0.003158945
Algorithm converged after  2  iterations.
[1] 0.0020613082 0.0004974111 0.0025587516 0.0007058665
Algorithm converged after  2  iterations.
[1] 0.0020613082 0.0004974111 0.0031589449 0.0005838253
Algorithm converged after  2  iterations.
[1] 0.0025587516 0.0007058665 0.0031589449 0.0005838253
Algorithm converged after  2  iterations.
[1] 0.0020613082 0.0004974111 0.0025587516 0.0031589449
Algorithm converged after  2  iterations.
[1] 0.0020613082 0.0025587516 0.0007058665 0.0031589449
Algorithm converged after  2  iterations.
[1] 0.0020613082 0.0025587516 0.0031589449 0.0005838253
Algorithm converged after  2  iterations.
[1] 0.009074931
Algorithm converged after  2  iterations.
[1] 0.009074931 0.001085689
[1] 0.013898283 0.001503653
Algorithm converged after  17  iterations.
[1] 0.0090749314 0.0009804502
Algorithm converged after  8  iterations.
[1] 9.074931e-03 9.748493e-06
[1] 0.013152699 0.004505914
[1] 0.013160154 0.004511263
Algorithm converged after  22  iterations.
[1] 0.0090749314 0.0010856888 0.0002517847
[1] 0.0097763070 0.0011454628 0.0003193951
Algorithm converged after  12  iterations.
[1] 0.0090749314 0.0009804502 0.0002191439
[1] 0.0101779092 0.0011300610 0.0006355767
Algorithm converged after  14  iterations.
[1] 9.074931e-03 9.748493e-06 2.584403e-05
[1] 0.0121403867 0.0023408062 0.0007300925
[1] 0.012159518 0.002343979 0.000730217
Algorithm converged after  25  iterations.
[1] 0.0090749314 0.0010856888 0.0009804502
[1] 0.017972440 0.002011670 0.002798279
Algorithm converged after  14  iterations.
[1] 9.074931e-03 1.085689e-03 9.748493e-06
[1] 0.023369841 0.002024211 0.011977459
[1] 0.024467436 0.002155126 0.013253550
[1] 0.024476524 0.002156833 0.013271079
Algorithm converged after  35  iterations.
[1] 9.074931e-03 9.804502e-04 9.748493e-06
[1] 0.011558352 0.001047201 0.002350765
[1] 0.0111817115 0.0009995407 0.0040310582
[1] 0.0112631982 0.0009987404 0.0041149286
[1] 0.0112666477 0.0009987093 0.0041182381
Algorithm converged after  49  iterations.
[1] 0.0090749314 0.0010856888 0.0002517847 0.0009804502
[1] 0.0138479926 0.0015243434 0.0004802381 0.0020549277
Algorithm converged after  20  iterations.
[1] 9.074931e-03 1.085689e-03 2.517847e-04 9.748493e-06
[1] 0.016302388 0.001425858 0.000348666 0.006860500
[1] 0.0165358720 0.0014361187 0.0003524322 0.0070112721
[1] 0.0165419432 0.0014363876 0.0003525316 0.0070152042
Algorithm converged after  37  iterations.
[1] 0.0090749314 0.0010856888 0.0009804502 0.0002191439
[1] 0.020269236 0.001932269 0.002128671 0.000728970
Algorithm converged after  20  iterations.
[1] 9.074931e-03 1.085689e-03 9.748493e-06 2.584403e-05
[1] 0.0209309690 0.0016737371 0.0022781249 0.0008758344
[1] 0.020955193 0.001674577 0.002275409 0.000876585
Algorithm converged after  26  iterations.
[1] 9.074931e-03 9.804502e-04 2.191439e-04 9.748493e-06
[1] 0.0125536977 0.0009692843 0.0001587563 0.0045306370
[1] 0.0126183336 0.0009687421 0.0001585481 0.0045704401
Algorithm converged after  28  iterations.
[1] 9.074931e-03 9.804502e-04 9.748493e-06 2.584403e-05
[1] 0.0106530712 0.0016811123 0.0008288958 0.0001848342
[1] 0.0106443479 0.0016823896 0.0008291335 0.0001849488
Algorithm converged after  22  iterations.
[1] 9.074931e-03 1.085689e-03 9.804502e-04 9.748493e-06
[1] 0.031197921 0.004071465 0.005614899 0.010043252
[1] 0.035890563 0.004722728 0.006370572 0.012500186
[1] 0.037531701 0.004954206 0.006634456 0.013372291
[1] 0.038143868 0.005040996 0.006732849 0.013699202
[1] 0.038376921 0.005074099 0.006770302 0.013823877
[1] 0.038466298 0.005086803 0.006784665 0.013871722
[1] 0.038500669 0.005091690 0.006790189 0.013890126
[1] 0.038513900 0.005093571 0.006792315 0.013897211
[1] 0.038518996 0.005094296 0.006793134 0.013899940
[1] 0.038520959 0.005094575 0.006793449 0.013900991
[1] 0.038521715 0.005094682 0.006793571 0.013901396
Algorithm converged after  118  iterations.
[1] 0.009074931 0.001599016
Algorithm converged after  2  iterations.
[1] 0.0090749314 0.0015990164 0.0006777212
[1] 0.009945969 0.001649227 0.001545214
[1] 0.009940606 0.001649058 0.001545470
Algorithm converged after  22  iterations.
[1] 0.0090749314 0.0015990164 0.0007618106
[1] 0.008424675 0.001700313 0.001482865
[1] 0.008610275 0.001620662 0.001520471
Algorithm converged after  26  iterations.
[1] 0.0090749314 0.0015990164 0.0006291479
[1] 0.009568630 0.001633670 0.001512652
[1] 0.009239170 0.001584128 0.001199710
Algorithm converged after  30  iterations.
[1] 0.0090749314 0.0015990164 0.0006777212 0.0001240887
[1] 0.0097604956 0.0012011810 0.0008773719 0.0001957099
Algorithm converged after  14  iterations.
[1] 0.0090749314 0.0015990164 0.0007618106 0.0001488743
[1] 0.0083774522 0.0016590899 0.0008557851 0.0001599870
Algorithm converged after  12  iterations.
[1] 0.0090749314 0.0015990164 0.0006291479 0.0001708200
[1] 0.0071899011 0.0024142231 0.0013327629 0.0002797018
[1] 0.0071781342 0.0024230853 0.0013431764 0.0002808038
[1] 0.0071779618 0.0024232294 0.0013433457 0.0002808222
Algorithm converged after  32  iterations.
[1] 0.0090749314 0.0015990164 0.0006777212 0.0007618106
[1] 0.006162920 0.001835301 0.002251467 0.003018707
[1] 0.005159473 0.001325257 0.002393481 0.003434048
[1] 0.004814979 0.001068917 0.002442245 0.003553436
[1] 0.0046798226 0.0009709371 0.0024584999 0.0035862107
[1] 0.0046132959 0.0009241284 0.0024660392 0.0035986986
[1] 0.0045770850 0.0008993061 0.0024699513 0.0036041766
[1] 0.0045567458 0.0008856156 0.0024720690 0.0036067520
[1] 0.0045451657 0.0008779087 0.0024732450 0.0036080360
[1] 0.0045385252 0.0008735194 0.0024739088 0.0036087079
[1] 0.0045347018 0.0008710024 0.0024742873 0.0036090724
[1] 0.0045324954 0.0008695534 0.0024745045 0.0036092752
[1] 0.0045312204 0.0008687171 0.0024746296 0.0036093898
[1] 0.0045304830 0.0008682339 0.0024747017 0.0036094553
[1] 0.0045300564 0.0008679545 0.0024747435 0.0036094928
[1] 0.0045298095 0.0008677928 0.0024747676 0.0036095144
[1] 0.0045296666 0.0008676992 0.0024747816 0.0036095269
[1] 0.0045295839 0.0008676451 0.0024747896 0.0036095341
[1] 0.0045295360 0.0008676137 0.0024747943 0.0036095383
[1] 0.0045295082 0.0008675956 0.0024747970 0.0036095407
Algorithm converged after  200  iterations.
[1] 0.0090749314 0.0015990164 0.0006777212 0.0006291479
[1] 0.010277666 0.001861525 0.001534101 0.001923715
[1] 0.0086384522 0.0015990370 0.0015708563 0.0008854665
[1] 0.0087414089 0.0016346194 0.0015651174 0.0009260558
[1] 0.0087062479 0.0016316957 0.0015648803 0.0009387111
[1] 0.0086939983 0.0016290810 0.0015652066 0.0009378265
[1] 0.0086942107 0.0016288410 0.0015652692 0.0009369466
[1] 0.0086949410 0.0016289536 0.0015652600 0.0009368639
[1] 0.008695038 0.001628984 0.001565255 0.000936902
Algorithm converged after  89  iterations.
[1] 0.0090749314 0.0015990164 0.0007618106 0.0006291479
[1] 0.005501644 0.002184212 0.002191315 0.003990156
[1] 0.004918812 0.001773779 0.001749334 0.002503189
[1] 0.004932083 0.001784472 0.001753058 0.002525299
[1] 0.004930354 0.001783989 0.001753079 0.002525456
Algorithm converged after  47  iterations.
Warning messages:
1: In max(abs(CT), na.rm = T) :
  no non-missing arguments to max; returning -Inf
2: In max(abs(CT), na.rm = T) :
  no non-missing arguments to max; returning -Inf
3: In max(abs(CT), na.rm = T) :
  no non-missing arguments to max; returning -Inf
4: In max(abs(CT), na.rm = T) :
  no non-missing arguments to max; returning -Inf
5: In max(abs(CT), na.rm = T) :
  no non-missing arguments to max; returning -Inf
6: In max(abs(CT), na.rm = T) :
  no non-missing arguments to max; returning -Inf
7: In max(abs(CT), na.rm = T) :
  no non-missing arguments to max; returning -Inf
8: In max(abs(CT), na.rm = T) :
  no non-missing arguments to max; returning -Inf
9: In max(abs(CT), na.rm = T) :
  no non-missing arguments to max; returning -Inf
10: In max(abs(CT), na.rm = T) :
  no non-missing arguments to max; returning -Inf
[1] "Best iter parameter is:"
      gam     rankJ    rankA1    rankA2    rankA3 
0.4285714 1.0000000 0.0000000 0.0000000 1.0000000 
[1] 0.0086096152 0.0007996119
[1] 0.013127100 0.006164613
[1] 0.013138485 0.006174537
Algorithm converged after  23  iterations.
         [,1]    [,2]     [,3]
[1,] 6.472206 10.0712 42.48174
