myseed=8423 

Attaching package: ‘pls’

The following object is masked from ‘package:stats’:

    loadings

Loading required package: lattice
Loading required package: ggplot2
Registered S3 methods overwritten by 'ggplot2':
  method         from 
  [.quosures     rlang
  c.quosures     rlang
  print.quosures rlang

Attaching package: ‘caret’

The following object is masked from ‘package:pls’:

    R2

Loading required package: Matrix
Loading required package: foreach
Loaded glmnet 2.0-18

Parsed with column specification:
cols(
  .default = col_double()
)
See spec(...) for full column specifications.
Parsed with column specification:
cols(
  X1 = col_double()
)
Parsed with column specification:
cols(
  X1 = col_double()
)
numeric(0)
Algorithm converged after  1  iterations.
[1] 0.002010601
Algorithm converged after  2  iterations.
[1] 0.001726328
Algorithm converged after  2  iterations.
[1] 0.002525111
Algorithm converged after  2  iterations.
[1] 0.0020106007 0.0006186845
Algorithm converged after  2  iterations.
[1] 0.0017263281 0.0005491687
Algorithm converged after  2  iterations.
[1] 0.0025251105 0.0005952162
Algorithm converged after  2  iterations.
[1] 0.002010601 0.001726328
Algorithm converged after  2  iterations.
[1] 0.002010601 0.002525111
Algorithm converged after  2  iterations.
[1] 0.001726328 0.002525111
Algorithm converged after  2  iterations.
[1] 0.0020106007 0.0006186845 0.0017263281
Algorithm converged after  2  iterations.
[1] 0.0020106007 0.0006186845 0.0025251105
Algorithm converged after  2  iterations.
[1] 0.0020106007 0.0017263281 0.0005491687
Algorithm converged after  2  iterations.
[1] 0.0020106007 0.0025251105 0.0005952162
Algorithm converged after  2  iterations.
[1] 0.0017263281 0.0005491687 0.0025251105
Algorithm converged after  2  iterations.
[1] 0.0017263281 0.0025251105 0.0005952162
Algorithm converged after  2  iterations.
[1] 0.002010601 0.001726328 0.002525111
Algorithm converged after  2  iterations.
[1] 0.0020106007 0.0006186845 0.0017263281 0.0005491687
Algorithm converged after  2  iterations.
[1] 0.0020106007 0.0006186845 0.0025251105 0.0005952162
Algorithm converged after  2  iterations.
[1] 0.0017263281 0.0005491687 0.0025251105 0.0005952162
Algorithm converged after  2  iterations.
[1] 0.0020106007 0.0006186845 0.0017263281 0.0025251105
Algorithm converged after  2  iterations.
[1] 0.0020106007 0.0017263281 0.0005491687 0.0025251105
Algorithm converged after  2  iterations.
[1] 0.0020106007 0.0017263281 0.0025251105 0.0005952162
Algorithm converged after  2  iterations.
[1] 0.007036364
Algorithm converged after  2  iterations.
[1] 0.0070363642 0.0008319192
[1] 0.009667282 0.001403687
Algorithm converged after  12  iterations.
[1] 0.0070363642 0.0007621356
Algorithm converged after  9  iterations.
[1] 0.0070363642 0.0008798179
[1] 0.011595869 0.006071494
[1] 0.011615534 0.006092534
Algorithm converged after  26  iterations.
[1] 0.0070363642 0.0008319192 0.0002140346
[1] 0.0075182934 0.0009311451 0.0003568102
Algorithm converged after  15  iterations.
[1] 0.0070363642 0.0007621356 0.0002074170
[1] 0.0066562928 0.0009559972 0.0002821063
Algorithm converged after  14  iterations.
[1] 0.0070363642 0.0008798179 0.0005647666
[1] 0.0126526689 0.0030239905 0.0007491306
[1] 0.0126742901 0.0030352915 0.0007500336
Algorithm converged after  26  iterations.
[1] 0.0070363642 0.0008319192 0.0007621356
[1] 0.011846726 0.002110439 0.002179808
Algorithm converged after  13  iterations.
[1] 0.0070363642 0.0008319192 0.0008798179
[1] 0.017563543 0.001295052 0.010115300
[1] 0.019725232 0.001430613 0.013196699
[1] 0.020112913 0.001460143 0.013782717
[1] 0.020169027 0.001464602 0.013869814
[1] 0.020176915 0.001465233 0.013882123
[1] 0.020178021 0.001465321 0.013883850
Algorithm converged after  69  iterations.
[1] 0.0070363642 0.0007621356 0.0008798179
[1] 0.0124926966 0.0008102437 0.0055287580
[1] 0.0136707463 0.0008144573 0.0071387518
[1] 0.0141185676 0.0008191078 0.0077356353
[1] 0.0142864129 0.0008211976 0.0079581951
[1] 0.0143491167 0.0008220239 0.0080412054
[1] 0.0143725123 0.0008223384 0.0080721601
[1] 0.0143812373 0.0008224566 0.0080837017
[1] 0.0143844905 0.0008225007 0.0080880049
[1] 0.0143857034 0.0008225172 0.0080896092
[1] 0.0143861556 0.0008225234 0.0080902073
[1] 0.0143863242 0.0008225256 0.0080904303
Algorithm converged after  117  iterations.
[1] 0.0070363642 0.0008319192 0.0002140346 0.0007621356
[1] 0.0116569324 0.0017249594 0.0006643896 0.0017472392
[1] 0.0116643485 0.0017259010 0.0006644497 0.0017481272
Algorithm converged after  21  iterations.
[1] 0.0070363642 0.0008319192 0.0002140346 0.0008798179
[1] 0.0113482774 0.0008974576 0.0002587715 0.0054230567
[1] 0.0114458722 0.0008987678 0.0002595960 0.0055199304
[1] 0.0114483368 0.0008988013 0.0002596172 0.0055223822
Algorithm converged after  36  iterations.
[1] 0.0070363642 0.0008319192 0.0007621356 0.0002074170
[1] 0.0136190902 0.0019217605 0.0018219790 0.0006035864
Algorithm converged after  18  iterations.
[1] 0.0070363642 0.0008319192 0.0008798179 0.0005647666
[1] 0.0151716368 0.0017448961 0.0011085456 0.0003192308
[1] 0.0133755621 0.0015861044 0.0009680457 0.0002990067
[1] 0.0134677227 0.0015915517 0.0009765680 0.0003007005
[1] 0.0134684202 0.0015918224 0.0009764782 0.0003006521
Algorithm converged after  48  iterations.
[1] 0.0070363642 0.0007621356 0.0002074170 0.0008798179
[1] 0.0113728135 0.0007231153 0.0001762105 0.0056177674
[1] 0.0114963850 0.0007233166 0.0001760940 0.0057470686
[1] 0.0115000074 0.0007233234 0.0001760910 0.0057508701
Algorithm converged after  38  iterations.
[1] 0.0070363642 0.0007621356 0.0008798179 0.0005647666
[1] 0.0096269734 0.0010907328 0.0007891244 0.0002862060
[1] 0.0096116460 0.0010878983 0.0007895071 0.0002868103
Algorithm converged after  26  iterations.
[1] 0.0070363642 0.0008319192 0.0007621356 0.0008798179
[1] 0.018401634 0.001722232 0.001309542 0.002321119
[1] 0.018398856 0.001729167 0.001319397 0.002295576
[1] 0.018399500 0.001729168 0.001319366 0.002295849
Algorithm converged after  31  iterations.
[1] 0.007036364 0.001497087
Algorithm converged after  2  iterations.
[1] 0.007036364 0.001497087 0.000560891
[1] 0.007943560 0.001588934 0.001186617
[1] 0.007935554 0.001589389 0.001187639
Algorithm converged after  26  iterations.
[1] 0.0070363642 0.0014970872 0.0006310184
[1] 0.004975227 0.001486867 0.001764922
[1] 0.004992757 0.001491278 0.001757746
Algorithm converged after  24  iterations.
[1] 0.0070363642 0.0014970872 0.0005421709
[1] 0.005073647 0.001361609 0.002365362
[1] 0.005390102 0.001435732 0.002006410
[1] 0.005393927 0.001438494 0.002010337
[1] 0.005393572 0.001438425 0.002010703
Algorithm converged after  44  iterations.
[1] 0.0070363642 0.0014970872 0.0005608910 0.0001126921
[1] 0.0067970921 0.0013236739 0.0006598165 0.0001755708
Algorithm converged after  12  iterations.
[1] 0.0070363642 0.0014970872 0.0006310184 0.0001661768
[1] 0.0063309585 0.0016417995 0.0007943457 0.0002024390
Algorithm converged after  16  iterations.
[1] 0.0070363642 0.0014970872 0.0005421709 0.0002399034
[1] 0.0057029886 0.0017154384 0.0010321679 0.0002701364
[1] 0.0056754080 0.0017224749 0.0010467155 0.0002712673
[1] 0.0056742662 0.0017227483 0.0010473026 0.0002713123
Algorithm converged after  38  iterations.
[1] 0.0070363642 0.0014970872 0.0005608910 0.0006310184
[1] 0.0036933199 0.0005743808 0.0022505728 0.0039809459
[1] 0.0033817446 0.0004495382 0.0023113567 0.0040416910
[1] 0.0033600049 0.0004397581 0.0023192133 0.0040350462
[1] 0.003358542 0.000438368 0.002321866 0.004033536
[1] 0.0033585007 0.0004380669 0.0023227116 0.0040330024
[1] 0.003358531 0.000437984 0.002322986 0.004032818
[1] 0.0033585458 0.0004379584 0.0023230760 0.0040327560
[1] 0.0033585511 0.0004379502 0.0023231056 0.0040327355
Algorithm converged after  82  iterations.
[1] 0.0070363642 0.0014970872 0.0005608910 0.0005421709
[1] 0.005432751 0.002183818 0.001111124 0.003898088
[1] 0.004008931 0.001018474 0.001206323 0.002095515
[1] 0.004589574 0.001544751 0.001105588 0.002092618
[1] 0.004125677 0.001286752 0.001160188 0.002736918
[1] 0.004086080 0.001130769 0.001161894 0.002219424
[1] 0.004412304 0.001474848 0.001111650 0.002253733
[1] 0.004089271 0.001243104 0.001154479 0.002613756
[1] 0.004153414 0.001201151 0.001141439 0.002214770
[1] 0.004336308 0.001456496 0.001114897 0.002373398
[1] 0.004056471 0.001202730 0.001153816 0.002526784
[1] 0.004223313 0.001280283 0.001126305 0.002217111
[1] 0.004251893 0.001403848 0.001121690 0.002476146
[1] 0.004063177 0.001190223 0.001148274 0.002418857
[1] 0.004274093 0.001364260 0.001116851 0.002270239
[1] 0.004153946 0.001313905 0.001132519 0.002529238
[1] 0.004121245 0.001222773 0.001135988 0.002316487
[1] 0.004274652 0.001410877 0.001115049 0.002372440
[1] 0.004085622 0.001238342 0.001140507 0.002494467
[1] 0.004203356 0.001299679 0.001122269 0.002278007
[1] 0.004208976 0.001372178 0.001121620 0.002476118
[1] 0.004090269 0.001220852 0.001137406 0.002391915
[1] 0.004253327 0.001380934 0.001114792 0.002332449
[1] 0.004119697 0.001282855 0.001132430 0.002505010
[1] 0.004160917 0.001272098 0.001125361 0.002309350
[1] 0.004226384 0.001389273 0.001117146 0.002437668
[1] 0.004087969 0.001233873 0.001135339 0.002430266
[1] 0.004230189 0.001358118 0.001115441 0.002324465
[1] 0.004141134 0.001310073 0.001127192 0.002497455
[1] 0.004141108 0.001264549 0.001126047 0.002334802
[1] 0.004226900 0.001390441 0.001115308 0.002419295
[1] 0.004092606 0.001246656 0.001132708 0.002444946
[1] 0.004215026 0.001347629 0.001115606 0.002328776
[1] 0.004149460 0.001322118 0.001124335 0.002489378
[1] 0.004134887 0.001266599 0.001125238 0.002349125
[1] 0.004221419 0.001387744 0.001114526 0.002415315
[1] 0.004096874 0.001255130 0.001130455 0.002446520
[1] 0.004207846 0.001346858 0.001115129 0.002337271
[1] 0.004148411 0.001323584 0.001123057 0.002484479
[1] 0.004136761 0.001273778 0.001123583 0.002354345
[1] 0.004213469 0.001384165 0.001114287 0.002420695
[1] 0.004099920 0.001259801 0.001128610 0.002440155
[1] 0.004206222 0.001352629 0.001114232 0.002348049
[1] 0.004141278 0.001317883 0.001122788 0.002481417
[1] 0.004144122 0.001284844 0.001121415 0.002354097
[1] 0.004203171 0.001378814 0.001114517 0.002431936
[1] 0.004103361 0.001262956 0.001126883 0.002428016
[1] 0.004207175 0.001361921 0.001113237 0.002361765
[1] 0.004130835 0.001307592 0.001123100 0.002477204
[1] 0.004155533 0.001299769 0.001118938 0.002352363
Algorithm did not converge after  500  iterations.
[1] 0.0070363642 0.0014970872 0.0006310184 0.0005421709
[1] 0.0038951596 0.0008765759 0.0018796384 0.0046406008
[1] 0.004387418 0.001265511 0.001426621 0.003170031
[1] 0.004334795 0.001209125 0.001478923 0.003307059
[1] 0.004337209 0.001210850 0.001476192 0.003290049
[1] 0.004337246 0.001210979 0.001476316 0.003291932
[1] 0.004337206 0.001210926 0.001476328 0.003291740
Algorithm converged after  69  iterations.
numeric(0)
Algorithm converged after  1  iterations.
[1] 0.002280276
Algorithm converged after  2  iterations.
[1] 0.002521042
Algorithm converged after  2  iterations.
[1] 0.002682016
Algorithm converged after  2  iterations.
[1] 0.0022802763 0.0006020551
Algorithm converged after  2  iterations.
[1] 0.0025210422 0.0006474931
Algorithm converged after  2  iterations.
[1] 0.0026820159 0.0006318082
Algorithm converged after  2  iterations.
[1] 0.002280276 0.002521042
Algorithm converged after  2  iterations.
[1] 0.002280276 0.002682016
Algorithm converged after  2  iterations.
[1] 0.002521042 0.002682016
Algorithm converged after  2  iterations.
[1] 0.0022802763 0.0006020551 0.0025210422
Algorithm converged after  2  iterations.
[1] 0.0022802763 0.0006020551 0.0026820159
Algorithm converged after  2  iterations.
[1] 0.0022802763 0.0025210422 0.0006474931
Algorithm converged after  2  iterations.
[1] 0.0022802763 0.0026820159 0.0006318082
Algorithm converged after  2  iterations.
[1] 0.0025210422 0.0006474931 0.0026820159
Algorithm converged after  2  iterations.
[1] 0.0025210422 0.0026820159 0.0006318082
Algorithm converged after  2  iterations.
[1] 0.002280276 0.002521042 0.002682016
Algorithm converged after  2  iterations.
[1] 0.0022802763 0.0006020551 0.0025210422 0.0006474931
Algorithm converged after  2  iterations.
[1] 0.0022802763 0.0006020551 0.0026820159 0.0006318082
Algorithm converged after  2  iterations.
[1] 0.0025210422 0.0006474931 0.0026820159 0.0006318082
Algorithm converged after  2  iterations.
[1] 0.0022802763 0.0006020551 0.0025210422 0.0026820159
Algorithm converged after  2  iterations.
[1] 0.0022802763 0.0025210422 0.0006474931 0.0026820159
Algorithm converged after  2  iterations.
[1] 0.0022802763 0.0025210422 0.0026820159 0.0006318082
Algorithm converged after  2  iterations.
[1] 0.008114787
Algorithm converged after  2  iterations.
[1] 0.0081147874 0.0009674644
[1] 0.01199038 0.00138232
Algorithm converged after  16  iterations.
[1] 0.008114787 0.001099597
Algorithm converged after  8  iterations.
[1] 0.0081147874 0.0008883185
[1] 0.012875418 0.007389495
[1] 0.012886594 0.007400422
Algorithm converged after  23  iterations.
[1] 0.0081147874 0.0009674644 0.0002335899
[1] 0.0080262621 0.0010197216 0.0003011094
Algorithm converged after  11  iterations.
[1] 0.0081147874 0.0010995968 0.0006058118
[1] 0.0089567545 0.0013019944 0.0006515098
Algorithm converged after  14  iterations.
[1] 0.0081147874 0.0008883185 0.0002045345
[1] 0.0129827931 0.0026343118 0.0008047904
[1] 0.0129972499 0.0026400520 0.0008051958
Algorithm converged after  24  iterations.
[1] 0.0081147874 0.0009674644 0.0010995968
[1] 0.016067481 0.001861578 0.003032424
Algorithm converged after  14  iterations.
[1] 0.0081147874 0.0009674644 0.0008883185
[1] 0.020639355 0.002275245 0.015922330
[1] 0.02093185 0.00233591 0.01638940
[1] 0.020934935 0.002336472 0.016393786
Algorithm converged after  33  iterations.
[1] 0.0081147874 0.0010995968 0.0008883185
[1] 0.011293148 0.001097345 0.002456133
[1] 0.011329510 0.001090424 0.002530957
[1] 0.011339087 0.001088580 0.002551263
[1] 0.011341695 0.001088077 0.002556830
[1] 0.011342410 0.001087939 0.002558359
[1] 0.011342607 0.001087902 0.002558779
[1] 0.011342661 0.001087891 0.002558895
Algorithm converged after  78  iterations.
[1] 0.0081147874 0.0009674644 0.0002335899 0.0010995968
[1] 0.0113443642 0.0013312277 0.0004601799 0.0021751464
Algorithm converged after  20  iterations.
[1] 0.0081147874 0.0009674644 0.0002335899 0.0008883185
[1] 0.014290855 0.001361239 0.000409507 0.008791990
[1] 0.0145577804 0.0013743375 0.0004185602 0.0090367333
[1] 0.0145690885 0.0013749001 0.0004189496 0.0090471279
[1] 0.0145695728 0.0013749242 0.0004189663 0.0090475731
Algorithm converged after  41  iterations.
[1] 0.0081147874 0.0009674644 0.0010995968 0.0006058118
[1] 0.0172988988 0.0017945485 0.0023262527 0.0006678593
[1] 0.0173228363 0.0017967176 0.0023301948 0.0006678344
Algorithm converged after  22  iterations.
[1] 0.0081147874 0.0009674644 0.0008883185 0.0002045345
[1] 0.024849765 0.002054034 0.003329684 0.001057409
[1] 0.025001712 0.002062624 0.003383470 0.001074104
[1] 0.025003393 0.002062689 0.003384864 0.001074594
Algorithm converged after  37  iterations.
[1] 0.0081147874 0.0010995968 0.0006058118 0.0008883185
[1] 0.0122993653 0.0008724470 0.0001735195 0.0064016591
[1] 0.0123822897 0.0008716385 0.0001730959 0.0064830796
[1] 0.0123834743 0.0008716272 0.0001730900 0.0064842434
Algorithm converged after  32  iterations.
[1] 0.0081147874 0.0010995968 0.0008883185 0.0002045345
[1] 0.0108084888 0.0018571643 0.0008777518 0.0001970608
Algorithm converged after  20  iterations.
[1] 0.0081147874 0.0009674644 0.0010995968 0.0008883185
[1] 0.016418005 0.001564877 0.001305483 0.002578334
[1] 0.016418120 0.001564884 0.001305230 0.002579481
Algorithm converged after  26  iterations.
[1] 0.008114787 0.001738957
Algorithm converged after  2  iterations.
[1] 0.0081147874 0.0017389566 0.0006286237
[1] 0.008047292 0.001780043 0.001182371
[1] 0.008042568 0.001780035 0.001182477
Algorithm converged after  23  iterations.
[1] 0.0081147874 0.0017389566 0.0006586486
[1] 0.005445061 0.001637409 0.001474824
[1] 0.005547301 0.001671908 0.001502372
[1] 0.005569860 0.001677273 0.001505154
[1] 0.005572311 0.001677829 0.001505405
[1] 0.005572549 0.001677883 0.001505429
Algorithm converged after  52  iterations.
[1] 0.008114787 0.001738957 0.000536138
[1] 0.006235571 0.001685202 0.001544250
[1] 0.006441619 0.001701892 0.001356066
[1] 0.006451228 0.001703190 0.001349758
[1] 0.006451634 0.001703265 0.001349548
Algorithm converged after  46  iterations.
[1] 0.0081147874 0.0017389566 0.0006286237 0.0001272854
[1] 0.0071968631 0.0014778431 0.0007260690 0.0001716153
Algorithm converged after  11  iterations.
[1] 0.0081147874 0.0017389566 0.0006586486 0.0001618329
[1] 0.0073843438 0.0018092689 0.0007803462 0.0001935261
Algorithm converged after  15  iterations.
[1] 0.0081147874 0.0017389566 0.0005361380 0.0001534889
[1] 0.0067021952 0.0017823737 0.0007882626 0.0001973835
Algorithm converged after  20  iterations.
[1] 0.0081147874 0.0017389566 0.0006286237 0.0006586486
[1] 0.0037606099 0.0005039678 0.0026390648 0.0036028177
[1] 0.0038610722 0.0005785721 0.0024833655 0.0030718317
[1] 0.0038715393 0.0005828573 0.0024749887 0.0030576961
[1] 0.0038716996 0.0005828683 0.0024751865 0.0030581398
Algorithm converged after  41  iterations.
[1] 0.0081147874 0.0017389566 0.0006286237 0.0005361380
[1] 0.0035424381 0.0005144314 0.0017485419 0.0030212423
[1] 0.0035401227 0.0004385925 0.0018295235 0.0037528681
[1] 0.0043869340 0.0008911711 0.0013676448 0.0038031820
[1] 0.004234174 0.000825976 0.001408334 0.002888935
[1] 0.0043480642 0.0008930168 0.0013697065 0.0033427601
[1] 0.0042725334 0.0008499864 0.0013965493 0.0031503994
[1] 0.0043196502 0.0008776465 0.0013785029 0.0032295012
[1] 0.0042924176 0.0008614233 0.0013893427 0.0031997873
[1] 0.0043076562 0.0008705484 0.0013830780 0.0032094281
[1] 0.0042994735 0.0008655989 0.0013865225 0.0032072443
[1] 0.0043037538 0.0008681999 0.0013846818 0.0032070101
[1] 0.0043015761 0.0008668679 0.0013856356 0.0032077689
[1] 0.0043026576 0.0008675328 0.0013851533 0.0032070845
[1] 0.0043021337 0.0008672088 0.0013853911 0.0032075672
[1] 0.0043023811 0.0008673627 0.0013852767 0.0032072631
[1] 0.0043022675 0.0008672915 0.0013853303 0.0032074422
[1] 0.0043023180 0.0008673234 0.0013853059 0.0032073416
[1] 0.0043022964 0.0008673097 0.0013853167 0.0032073960
Algorithm converged after  189  iterations.
[1] 0.0081147874 0.0017389566 0.0006586486 0.0005361380
[1] 0.005435635 0.002223317 0.001421753 0.003149022
[1] 0.005518005 0.002072324 0.001230749 0.002302007
[1] 0.005511864 0.002069338 0.001230918 0.002301519
Algorithm converged after  34  iterations.
numeric(0)
Algorithm converged after  1  iterations.
[1] 0.001850637
Algorithm converged after  2  iterations.
[1] 0.002534136
Algorithm converged after  2  iterations.
[1] 0.002946448
Algorithm converged after  2  iterations.
[1] 0.001850637 0.000460034
Algorithm converged after  2  iterations.
[1] 0.0025341357 0.0006776773
Algorithm converged after  2  iterations.
[1] 0.0029464481 0.0006351883
Algorithm converged after  2  iterations.
[1] 0.001850637 0.002534136
Algorithm converged after  2  iterations.
[1] 0.001850637 0.002946448
Algorithm converged after  2  iterations.
[1] 0.002534136 0.002946448
Algorithm converged after  2  iterations.
[1] 0.001850637 0.000460034 0.002534136
Algorithm converged after  2  iterations.
[1] 0.001850637 0.000460034 0.002946448
Algorithm converged after  2  iterations.
[1] 0.0018506369 0.0025341357 0.0006776773
Algorithm converged after  2  iterations.
[1] 0.0018506369 0.0029464481 0.0006351883
Algorithm converged after  2  iterations.
[1] 0.0025341357 0.0006776773 0.0029464481
Algorithm converged after  2  iterations.
[1] 0.0025341357 0.0029464481 0.0006351883
Algorithm converged after  2  iterations.
[1] 0.001850637 0.002534136 0.002946448
Algorithm converged after  2  iterations.
[1] 0.0018506369 0.0004600340 0.0025341357 0.0006776773
Algorithm converged after  2  iterations.
[1] 0.0018506369 0.0004600340 0.0029464481 0.0006351883
Algorithm converged after  2  iterations.
[1] 0.0025341357 0.0006776773 0.0029464481 0.0006351883
Algorithm converged after  2  iterations.
[1] 0.001850637 0.000460034 0.002534136 0.002946448
Algorithm converged after  2  iterations.
[1] 0.0018506369 0.0025341357 0.0006776773 0.0029464481
Algorithm converged after  2  iterations.
[1] 0.0018506369 0.0025341357 0.0029464481 0.0006351883
Algorithm converged after  2  iterations.
[1] 0.00792439
Algorithm converged after  2  iterations.
[1] 0.0079243897 0.0009404055
[1] 0.011331981 0.001434908
Algorithm converged after  15  iterations.
[1] 0.0079243897 0.0009863863
Algorithm converged after  9  iterations.
[1] 0.007924390 0.001033862
[1] 0.014828614 0.007636501
[1] 0.014838397 0.007643542
Algorithm converged after  22  iterations.
[1] 0.0079243897 0.0009404055 0.0002965618
[1] 0.0085269151 0.0010259079 0.0003526557
Algorithm converged after  13  iterations.
[1] 0.0079243897 0.0009863863 0.0002747919
Algorithm converged after  10  iterations.
[1] 0.0079243897 0.0010338615 0.0002664592
[1] 0.0138477339 0.0034405395 0.0008343193
[1] 0.013866179 0.003447851 0.000834747
Algorithm converged after  24  iterations.
[1] 0.0079243897 0.0009404055 0.0009863863
[1] 0.012988178 0.002029784 0.002427895
Algorithm converged after  13  iterations.
[1] 0.0079243897 0.0009404055 0.0010338615
[1] 0.023781885 0.001816899 0.014167737
[1] 0.024761709 0.001918367 0.015208898
[1] 0.024800598 0.001922557 0.015251007
[1] 0.024802079 0.001922716 0.015252614
Algorithm converged after  43  iterations.
[1] 0.0079243897 0.0009863863 0.0010338615
[1] 0.0121341897 0.0009546264 0.0057185199
[1] 0.0123735521 0.0009544862 0.0059326196
[1] 0.0123885493 0.0009544823 0.0059456512
[1] 0.012389473 0.000954482 0.005946453
Algorithm converged after  45  iterations.
[1] 0.0079243897 0.0009404055 0.0002965618 0.0009863863
[1] 0.0114243386 0.0015700298 0.0005089872 0.0018657899
Algorithm converged after  20  iterations.
[1] 0.0079243897 0.0009404055 0.0002965618 0.0010338615
[1] 0.016991045 0.001213888 0.000376558 0.008922590
[1] 0.0172806862 0.0012259922 0.0003803737 0.0091329164
[1] 0.0172934630 0.0012265323 0.0003805432 0.0091422282
[1] 0.0172940325 0.0012265564 0.0003805508 0.0091426434
Algorithm converged after  41  iterations.
[1] 0.0079243897 0.0009404055 0.0009863863 0.0002747919
[1] 0.0139482304 0.0017722684 0.0018018797 0.0007082265
Algorithm converged after  17  iterations.
[1] 0.0079243897 0.0009404055 0.0010338615 0.0002664592
[1] 0.024451763 0.001982127 0.003392824 0.001157527
[1] 0.024693118 0.001997101 0.003442543 0.001166823
[1] 0.024696916 0.001997325 0.003443438 0.001166975
Algorithm converged after  34  iterations.
[1] 0.0079243897 0.0009863863 0.0002747919 0.0010338615
[1] 0.0133977757 0.0009000713 0.0001938781 0.0067489157
[1] 0.0134495557 0.0008999011 0.0001937984 0.0067851032
Algorithm converged after  29  iterations.
[1] 0.0079243897 0.0009863863 0.0010338615 0.0002664592
[1] 0.0088238509 0.0014216360 0.0008614113 0.0001917086
[1] 0.0088043811 0.0014221438 0.0008606653 0.0001916244
Algorithm converged after  24  iterations.
[1] 0.0079243897 0.0009404055 0.0009863863 0.0010338615
[1] 0.018838233 0.001471062 0.001025951 0.006030532
[1] 0.032908673 0.004058562 0.002091709 0.024833709
[1] 0.038713879 0.005120404 0.002674335 0.030089697
[1] 0.040385559 0.005412140 0.002849594 0.031513462
[1] 0.040943215 0.005510341 0.002909602 0.031988532
[1] 0.041135045 0.005544207 0.002930379 0.032151973
[1] 0.041201601 0.005555966 0.002937602 0.032208682
[1] 0.041224757 0.005560059 0.002940117 0.032228413
[1] 0.041232822 0.005561485 0.002940993 0.032235285
[1] 0.041235631 0.005561981 0.002941298 0.032237678
[1] 0.041236610 0.005562154 0.002941404 0.032238513
Algorithm converged after  119  iterations.
[1] 0.007924390 0.001313662
Algorithm converged after  2  iterations.
[1] 0.0079243897 0.0013136624 0.0006075074
[1] 0.009588909 0.001344013 0.001200113
Algorithm converged after  19  iterations.
[1] 0.0079243897 0.0013136624 0.0008265721
[1] 0.004945379 0.001528791 0.002099198
[1] 0.005153442 0.001535241 0.002083226
[1] 0.005158430 0.001535615 0.002083144
Algorithm converged after  39  iterations.
[1] 0.0079243897 0.0013136624 0.0006910389
[1] 0.004898403 0.001264767 0.002916459
[1] 0.005025708 0.001324540 0.003018478
[1] 0.005329865 0.001401336 0.002670443
[1] 0.005310546 0.001397042 0.002689590
[1] 0.005311650 0.001397267 0.002688405
Algorithm converged after  58  iterations.
[1] 0.0079243897 0.0013136624 0.0006075074 0.0001873204
Algorithm converged after  10  iterations.
[1] 0.0079243897 0.0013136624 0.0008265721 0.0002253456
[1] 0.0065373755 0.0015365211 0.0011372677 0.0002671722
Algorithm converged after  19  iterations.
[1] 0.0079243897 0.0013136624 0.0006910389 0.0002145514
[1] 0.0058002440 0.0016167469 0.0014208224 0.0002905191
[1] 0.0057226939 0.0016354740 0.0014655137 0.0002944389
[1] 0.0057187005 0.0016364175 0.0014678342 0.0002946413
[1] 0.0057184951 0.0016364659 0.0014679535 0.0002946517
Algorithm converged after  43  iterations.
[1] 0.0079243897 0.0013136624 0.0006075074 0.0008265721
[1] 0.006237489 0.001833972 0.001912571 0.003297916
[1] 0.005991549 0.001843234 0.001954424 0.003431500
[1] 0.005885354 0.001835031 0.001974345 0.003495327
[1] 0.005835628 0.001827646 0.001984050 0.003526692
[1] 0.005811469 0.001823117 0.001988858 0.003542306
[1] 0.005799523 0.001820635 0.001991258 0.003550122
[1] 0.005793565 0.001819334 0.001992461 0.003554043
[1] 0.005790582 0.001818667 0.001993065 0.003556013
[1] 0.005789084 0.001818329 0.001993368 0.003557003
[1] 0.005788332 0.001818157 0.001993521 0.003557500
[1] 0.005787954 0.001818071 0.001993597 0.003557751
[1] 0.005787764 0.001818028 0.001993636 0.003557877
[1] 0.005787668 0.001818006 0.001993655 0.003557940
Algorithm converged after  135  iterations.
[1] 0.0079243897 0.0013136624 0.0006075074 0.0006910389
[1] 0.0033995002 0.0006249756 0.0011603240 0.0032966280
[1] 0.005781900 0.001168632 0.001036870 0.001165399
[1] 0.004776492 0.001165010 0.001028681 0.001940412
[1] 0.004756158 0.001115582 0.001034428 0.001815692
[1] 0.004887258 0.001133355 0.001032657 0.001745238
[1] 0.004836435 0.001130481 0.001032899 0.001784695
[1] 0.004842045 0.001129567 0.001032986 0.001776455
[1] 0.004845473 0.001130269 0.001032917 0.001775347
[1] 0.004843426 0.001130083 0.001032936 0.001776733
[1] 0.004843880 0.001130080 0.001032936 0.001776288
[1] 0.004843925 0.001130102 0.001032934 0.001776314
[1] 0.004843855 0.001130093 0.001032935 0.001776354
Algorithm converged after  121  iterations.
[1] 0.0079243897 0.0013136624 0.0008265721 0.0006910389
[1] 0.004006890 0.001523374 0.002477653 0.005580332
[1] 0.004193113 0.001442154 0.001717892 0.003786047
[1] 0.004205392 0.001453736 0.001719368 0.003799265
[1] 0.004204899 0.001453459 0.001719568 0.003799644
Algorithm converged after  44  iterations.
numeric(0)
Algorithm converged after  1  iterations.
[1] 0.001509702
Algorithm converged after  2  iterations.
[1] 0.002159165
Algorithm converged after  2  iterations.
[1] 0.002376792
Algorithm converged after  2  iterations.
[1] 0.0015097021 0.0004590799
Algorithm converged after  2  iterations.
[1] 0.0021591654 0.0006152069
Algorithm converged after  2  iterations.
[1] 0.0023767924 0.0006076938
Algorithm converged after  2  iterations.
[1] 0.001509702 0.002159165
Algorithm converged after  2  iterations.
[1] 0.001509702 0.002376792
Algorithm converged after  2  iterations.
[1] 0.002159165 0.002376792
Algorithm converged after  2  iterations.
[1] 0.0015097021 0.0004590799 0.0021591654
Algorithm converged after  2  iterations.
[1] 0.0015097021 0.0004590799 0.0023767924
Algorithm converged after  2  iterations.
[1] 0.0015097021 0.0021591654 0.0006152069
Algorithm converged after  2  iterations.
[1] 0.0015097021 0.0023767924 0.0006076938
Algorithm converged after  2  iterations.
[1] 0.0021591654 0.0006152069 0.0023767924
Algorithm converged after  2  iterations.
[1] 0.0021591654 0.0023767924 0.0006076938
Algorithm converged after  2  iterations.
[1] 0.001509702 0.002159165 0.002376792
Algorithm converged after  2  iterations.
[1] 0.0015097021 0.0004590799 0.0021591654 0.0006152069
Algorithm converged after  2  iterations.
[1] 0.0015097021 0.0004590799 0.0023767924 0.0006076938
Algorithm converged after  2  iterations.
[1] 0.0021591654 0.0006152069 0.0023767924 0.0006076938
Algorithm converged after  2  iterations.
[1] 0.0015097021 0.0004590799 0.0021591654 0.0023767924
Algorithm converged after  2  iterations.
[1] 0.0015097021 0.0021591654 0.0006152069 0.0023767924
Algorithm converged after  2  iterations.
[1] 0.0015097021 0.0021591654 0.0023767924 0.0006076938
Algorithm converged after  2  iterations.
[1] 0.006427847
Algorithm converged after  2  iterations.
[1] 0.0064278468 0.0008012282
[1] 0.009734506 0.001201521
Algorithm converged after  16  iterations.
[1] 0.0064278468 0.0009414779
Algorithm converged after  9  iterations.
[1] 0.0064278468 0.0002957254
[1] 0.012321986 0.007478353
[1] 0.012356770 0.007509754
Algorithm converged after  26  iterations.
[1] 0.0064278468 0.0008012282 0.0002495397
[1] 0.0069632284 0.0008726236 0.0003340677
Algorithm converged after  13  iterations.
[1] 0.0064278468 0.0009414779 0.0002857997
[1] 0.0063157326 0.0010688667 0.0004474322
Algorithm converged after  11  iterations.
[1] 6.427847e-03 2.957254e-04 8.057823e-06
[1] 0.0104899876 0.0031603229 0.0008996721
[1] 0.0105114602 0.0031675737 0.0008998891
Algorithm converged after  25  iterations.
[1] 0.0064278468 0.0008012282 0.0009414779
[1] 0.011870618 0.001619646 0.002443340
Algorithm converged after  14  iterations.
[1] 0.0064278468 0.0008012282 0.0002957254
[1] 0.020677821 0.002021905 0.015611152
[1] 0.021220468 0.002112501 0.016255543
[1] 0.021234701 0.002114694 0.016271126
Algorithm converged after  38  iterations.
[1] 0.0064278468 0.0009414779 0.0002957254
[1] 0.011238085 0.000921231 0.007463119
[1] 0.0124838191 0.0009319247 0.0087528375
[1] 0.012670529 0.000933878 0.008941276
[1] 0.0126985483 0.0009341798 0.0089695277
[1] 0.0127027648 0.0009342254 0.0089737788
[1] 0.0127033995 0.0009342322 0.0089744187
Algorithm converged after  67  iterations.
[1] 0.0064278468 0.0008012282 0.0002495397 0.0009414779
[1] 0.009659326 0.001241348 0.000514442 0.001923540
[1] 0.0096677376 0.0012421244 0.0005145882 0.0019244582
Algorithm converged after  22  iterations.
[1] 0.0064278468 0.0008012282 0.0002495397 0.0002957254
[1] 0.0155034023 0.0012405665 0.0004844237 0.0100493485
[1] 0.0164917742 0.0012982424 0.0005112002 0.0108960398
[1] 0.0166093590 0.0013054237 0.0005142166 0.0109972873
[1] 0.0166237213 0.0013063055 0.0005145825 0.0110096622
[1] 0.0166254808 0.0013064136 0.0005146272 0.0110111783
Algorithm converged after  59  iterations.
[1] 0.0064278468 0.0008012282 0.0009414779 0.0002857997
[1] 0.0123651962 0.0014745123 0.0017909961 0.0006718508
Algorithm converged after  18  iterations.
[1] 6.427847e-03 8.012282e-04 2.957254e-04 8.057823e-06
[1] 0.019136917 0.001582854 0.002974299 0.001176309
[1] 0.019189227 0.001586903 0.002948457 0.001178532
[1] 0.019187533 0.001586853 0.002947568 0.001178484
Algorithm converged after  34  iterations.
[1] 0.0064278468 0.0009414779 0.0002857997 0.0002957254
[1] 0.0110386674 0.0008611410 0.0002017813 0.0066637917
[1] 0.0111827134 0.0008608556 0.0002015755 0.0067907041
[1] 0.0111853756 0.0008608509 0.0002015720 0.0067930558
Algorithm converged after  34  iterations.
[1] 6.427847e-03 9.414779e-04 2.957254e-04 8.057823e-06
[1] 0.0087097915 0.0017422314 0.0009757784 0.0001846564
[1] 0.0086625086 0.0017510608 0.0009769724 0.0001853714
Algorithm converged after  29  iterations.
[1] 0.0064278468 0.0008012282 0.0009414779 0.0002957254
[1] 0.025334089 0.003263872 0.004367488 0.004440890
[1] 0.026930388 0.003875200 0.005155829 0.012415395
[1] 0.028419480 0.004096344 0.005380718 0.013365789
[1] 0.028747508 0.004145430 0.005430328 0.013576205
[1] 0.028821158 0.004156468 0.005441470 0.013623499
[1] 0.028837762 0.004158958 0.005443982 0.013634164
[1] 0.028841509 0.004159520 0.005444548 0.013636571
[1] 0.028842354 0.004159647 0.005444676 0.013637114
Algorithm converged after  86  iterations.
[1] 0.006427847 0.001363182
Algorithm converged after  2  iterations.
[1] 0.0064278468 0.0013631821 0.0005699382
[1] 0.006980409 0.001488514 0.001195335
[1] 0.006973815 0.001488365 0.001195910
Algorithm converged after  24  iterations.
[1] 0.0064278468 0.0013631821 0.0007788584
[1] 0.003604062 0.001253094 0.002166940
[1] 0.003615252 0.001256371 0.002184129
[1] 0.003619158 0.001255168 0.002195827
[1] 0.003621794 0.001254797 0.002200607
[1] 0.003622982 0.001254673 0.002202459
[1] 0.003623457 0.001254628 0.002203161
[1] 0.003623639 0.001254611 0.002203425
[1] 0.003623707 0.001254605 0.002203524
[1] 0.003623733 0.001254603 0.002203561
Algorithm converged after  92  iterations.
[1] 0.006427847 0.001363182 0.000469239
[1] 0.004579943 0.001157622 0.001707927
[1] 0.004794433 0.001200403 0.001483572
[1] 0.004800312 0.001202219 0.001482794
[1] 0.004800210 0.001202215 0.001482967
Algorithm converged after  42  iterations.
[1] 0.0064278468 0.0013631821 0.0005699382 0.0001516931
[1] 0.0062291405 0.0012298746 0.0006804538 0.0002231070
Algorithm converged after  11  iterations.
[1] 0.0064278468 0.0013631821 0.0007788584 0.0002266974
[1] 0.0052033496 0.0015827351 0.0011240785 0.0002783312
[1] 0.0052024110 0.0015845568 0.0011253536 0.0002784407
Algorithm converged after  23  iterations.
[1] 0.0064278468 0.0013631821 0.0004692390 0.0001455815
[1] 0.0056669786 0.0013889405 0.0006753967 0.0001913649
Algorithm converged after  17  iterations.
[1] 0.0064278468 0.0013631821 0.0005699382 0.0007788584
[1] 0.0032949076 0.0004135556 0.0021601772 0.0043592743
[1] 0.003165876 0.000377088 0.002229666 0.004273330
[1] 0.0032034882 0.0004148593 0.0022172031 0.0041260893
[1] 0.0032279776 0.0004313116 0.0022125682 0.0040794038
[1] 0.0032361967 0.0004364428 0.0022112714 0.0040662172
[1] 0.0032385966 0.0004379063 0.0022109156 0.0040625544
[1] 0.003239272 0.000438316 0.002210817 0.004061537
[1] 0.003239460 0.000438430 0.002210790 0.004061255
[1] 0.0032395119 0.0004384616 0.0022107820 0.0040611762
[1] 0.0032395264 0.0004384704 0.0022107799 0.0040611544
Algorithm converged after  102  iterations.
[1] 0.0064278468 0.0013631821 0.0005699382 0.0004692390
[1] 0.0024887030 0.0003867449 0.0017421837 0.0032465460
[1] 0.0035794111 0.0008988659 0.0012639737 0.0032147726
[1] 0.0030760572 0.0006127773 0.0015704822 0.0019703911
[1] 0.002557337 0.000478097 0.001668475 0.003034051
[1] 0.0028509285 0.0005859857 0.0015285561 0.0030397942
[1] 0.0030846071 0.0006638473 0.0014817994 0.0025975754
[1] 0.0028823968 0.0005853122 0.0015631596 0.0026448451
[1] 0.0028391685 0.0005766837 0.0015598520 0.0028263599
[1] 0.0029270484 0.0006087866 0.0015277200 0.0027660045
[1] 0.0029295228 0.0006065261 0.0015353632 0.0026973029
[1] 0.0028891268 0.0005926823 0.0015478257 0.0027410703
[1] 0.0028981416 0.0005970365 0.0015414608 0.0027592828
[1] 0.0029131016 0.0006019281 0.0015376414 0.0027367093
[1] 0.0029058484 0.0005989273 0.0015412238 0.0027338511
[1] 0.0029010125 0.0005975025 0.0015420609 0.0027443491
[1] 0.0029052695 0.0005991257 0.0015403058 0.0027431287
[1] 0.0029063437 0.0005993564 0.0015403597 0.0027389090
[1] 0.0029042561 0.0005986029 0.0015411018 0.0027404351
[1] 0.0029042920 0.0005986832 0.0015409020 0.0027418830
[1] 0.0029051790 0.0005989875 0.0015406309 0.0027408853
[1] 0.0029049536 0.0005988809 0.0015407809 0.0027404994
[1] 0.0029046260 0.0005987755 0.0015408618 0.0027410196
[1] 0.0029048005 0.0005988463 0.0015407782 0.0027410618
[1] 0.0029048998 0.0005988748 0.0015407633 0.0027408285
[1] 0.0029048013 0.0005988376 0.0015408027 0.0027408657
[1] 0.0029047820 0.0005988342 0.0015407997 0.0027409571
[1] 0.0029048289 0.0005988509 0.0015407835 0.0027409194
[1] 0.0029048260 0.0005988484 0.0015407886 0.0027408891
[1] 0.0029048066 0.0005988418 0.0015407944 0.0027409124
Algorithm converged after  291  iterations.
[1] 0.0064278468 0.0013631821 0.0007788584 0.0004692390
[1] 0.003624173 0.001275612 0.002323661 0.003718949
[1] 0.004341441 0.001824458 0.001682860 0.003303499
[1] 0.004311064 0.001813358 0.001683410 0.003276956
[1] 0.004310224 0.001813059 0.001683435 0.003276284
Algorithm converged after  43  iterations.
numeric(0)
Algorithm converged after  1  iterations.
[1] 0.00175521
Algorithm converged after  2  iterations.
[1] 0.002090242
Algorithm converged after  2  iterations.
[1] 0.002691038
Algorithm converged after  2  iterations.
[1] 0.0017552099 0.0005342534
Algorithm converged after  2  iterations.
[1] 0.002090242 0.000692881
Algorithm converged after  2  iterations.
[1] 0.0026910383 0.0006103461
Algorithm converged after  2  iterations.
[1] 0.001755210 0.002090242
Algorithm converged after  2  iterations.
[1] 0.001755210 0.002691038
Algorithm converged after  2  iterations.
[1] 0.002090242 0.002691038
Algorithm converged after  2  iterations.
[1] 0.0017552099 0.0005342534 0.0020902420
Algorithm converged after  2  iterations.
[1] 0.0017552099 0.0005342534 0.0026910383
Algorithm converged after  2  iterations.
[1] 0.001755210 0.002090242 0.000692881
Algorithm converged after  2  iterations.
[1] 0.0017552099 0.0026910383 0.0006103461
Algorithm converged after  2  iterations.
[1] 0.002090242 0.000692881 0.002691038
Algorithm converged after  2  iterations.
[1] 0.0020902420 0.0026910383 0.0006103461
Algorithm converged after  2  iterations.
[1] 0.001755210 0.002090242 0.002691038
Algorithm converged after  2  iterations.
[1] 0.0017552099 0.0005342534 0.0020902420 0.0006928810
Algorithm converged after  2  iterations.
[1] 0.0017552099 0.0005342534 0.0026910383 0.0006103461
Algorithm converged after  2  iterations.
[1] 0.0020902420 0.0006928810 0.0026910383 0.0006103461
Algorithm converged after  2  iterations.
[1] 0.0017552099 0.0005342534 0.0020902420 0.0026910383
Algorithm converged after  2  iterations.
[1] 0.001755210 0.002090242 0.000692881 0.002691038
Algorithm converged after  2  iterations.
[1] 0.0017552099 0.0020902420 0.0026910383 0.0006103461
Algorithm converged after  2  iterations.
[1] 0.007351384
Algorithm converged after  2  iterations.
[1] 0.0073513843 0.0007457184
[1] 0.009592059 0.001351007
Algorithm converged after  11  iterations.
[1] 0.0073513843 0.0008991603
Algorithm converged after  9  iterations.
[1] 0.0073513843 0.0008688816
[1] 0.012531686 0.007509992
[1] 0.01254242 0.00752009
Algorithm converged after  23  iterations.
[1] 0.0073513843 0.0007457184 0.0002768939
[1] 0.0084352974 0.0009096561 0.0004309350
Algorithm converged after  16  iterations.
[1] 0.0073513843 0.0008991603 0.0001965255
[1] 0.0067899797 0.0011129624 0.0003014367
Algorithm converged after  17  iterations.
[1] 0.0073513843 0.0008688816 0.0002637549
[1] 0.0124098906 0.0030560494 0.0007446468
[1] 0.0124242997 0.0030628497 0.0007450956
Algorithm converged after  24  iterations.
[1] 0.0073513843 0.0007457184 0.0008991603
[1] 0.012418064 0.002179335 0.002189095
Algorithm converged after  13  iterations.
[1] 0.0073513843 0.0007457184 0.0008688816
[1] 0.017591669 0.001094185 0.010545986
[1] 0.019709468 0.001246559 0.013521320
[1] 0.02005057 0.00128042 0.01406748
[1] 0.020089131 0.001284652 0.014134072
[1] 0.020093370 0.001285125 0.014141502
[1] 0.020093837 0.001285178 0.014142322
Algorithm converged after  64  iterations.
[1] 0.0073513843 0.0008991603 0.0008688816
[1] 0.0127859500 0.0009423566 0.0066591877
[1] 0.013533611 0.000953564 0.007590841
[1] 0.0136711746 0.0009559072 0.0077545319
[1] 0.0136957981 0.0009563354 0.0077837166
[1] 0.0137002028 0.0009564123 0.0077889343
[1] 0.013700991 0.000956426 0.007789868
[1] 0.0137011317 0.0009564285 0.0077900345
Algorithm converged after  71  iterations.
[1] 0.0073513843 0.0007457184 0.0002768939 0.0008991603
[1] 0.0135283639 0.0018979298 0.0005964165 0.0019226851
[1] 0.013538232 0.001899192 0.000596467 0.001923761
Algorithm converged after  21  iterations.
[1] 0.0073513843 0.0007457184 0.0002768939 0.0008688816
[1] 0.0122736563 0.0008207362 0.0002607815 0.0070668146
[1] 0.0123494828 0.0008222063 0.0002614041 0.0071345720
[1] 0.0123507322 0.0008222307 0.0002614145 0.0071356902
Algorithm converged after  32  iterations.
[1] 0.0073513843 0.0007457184 0.0008991603 0.0001965255
[1] 0.013598583 0.001950837 0.001892290 0.000709361
Algorithm converged after  16  iterations.
[1] 0.0073513843 0.0007457184 0.0008688816 0.0002637549
[1] 0.0110935162 0.0014694490 0.0008024305 0.0002181773
[1] 0.0109845506 0.0014526098 0.0007992899 0.0002180819
Algorithm converged after  29  iterations.
[1] 0.0073513843 0.0008991603 0.0001965255 0.0008688816
[1] 0.0117381417 0.0008486877 0.0001533786 0.0067392243
[1] 0.0117935146 0.0008487945 0.0001534078 0.0067880470
Algorithm converged after  30  iterations.
[1] 0.0073513843 0.0008991603 0.0008688816 0.0002637549
[1] 0.0093503318 0.0013278861 0.0007462894 0.0002140324
[1] 0.0093236258 0.0013266527 0.0007453639 0.0002139287
Algorithm converged after  22  iterations.
[1] 0.0073513843 0.0007457184 0.0008991603 0.0008688816
[1] 0.026632614 0.005006332 0.004357700 0.009115839
[1] 0.039007736 0.007195663 0.006076583 0.016022765
[1] 0.044707303 0.008231209 0.006886704 0.019342474
[1] 0.047639809 0.008768080 0.007305366 0.021079514
[1] 0.049211029 0.009056713 0.007530069 0.022017282
[1] 0.050068682 0.009214531 0.007652821 0.022531109
[1] 0.050541248 0.009301566 0.007720485 0.022814794
[1] 0.050802927 0.009349783 0.007757961 0.022972051
[1] 0.050948219 0.009376562 0.007778771 0.023059417
[1] 0.051029009 0.009391455 0.007790343 0.023108013
[1] 0.051073968 0.009399743 0.007796784 0.023135061
[1] 0.051099000 0.009404358 0.007800369 0.023150122
[1] 0.051112940 0.009406928 0.007802366 0.023158510
[1] 0.051120704 0.009408360 0.007803478 0.023163182
[1] 0.051125028 0.009409157 0.007804098 0.023165784
[1] 0.051127437 0.009409601 0.007804443 0.023167234
[1] 0.051128779 0.009409848 0.007804635 0.023168041
[1] 0.051129527 0.009409986 0.007804742 0.023168491
Algorithm converged after  188  iterations.
[1] 0.007351384 0.001526655
Algorithm converged after  2  iterations.
[1] 0.0073513843 0.0015266549 0.0004796245
[1] 0.0088169532 0.0015702358 0.0008967227
[1] 0.008818650 0.001571102 0.000897732
[1] 0.0088186792 0.0015711468 0.0008977733
Algorithm converged after  31  iterations.
[1] 0.0073513843 0.0015266549 0.0007098295
[1] 0.004801918 0.001432068 0.001944121
[1] 0.004816312 0.001436179 0.001941462
Algorithm converged after  26  iterations.
[1] 0.0073513843 0.0015266549 0.0005819615
[1] 0.007819141 0.001537063 0.001406185
[1] 0.007735600 0.001527436 0.001369115
Algorithm converged after  27  iterations.
[1] 0.0073513843 0.0015266549 0.0004796245 0.0001361463
[1] 0.0071125979 0.0013314096 0.0005534963 0.0001890198
Algorithm converged after  12  iterations.
[1] 0.0073513843 0.0015266549 0.0007098295 0.0001437363
[1] 0.0065661952 0.0015348936 0.0008471476 0.0001928084
Algorithm converged after  15  iterations.
[1] 0.0073513843 0.0015266549 0.0005819615 0.0002004201
[1] 0.0058535205 0.0018142051 0.0010319923 0.0002586523
[1] 0.0058505494 0.0018148007 0.0010330198 0.0002586297
Algorithm converged after  22  iterations.
[1] 0.0073513843 0.0015266549 0.0004796245 0.0007098295
[1] 0.0039049001 0.0007393086 0.0016907523 0.0037762276
[1] 0.0033081126 0.0004022244 0.0017817827 0.0039206330
[1] 0.0030870895 0.0002874165 0.0018474491 0.0039761439
[1] 0.0030046577 0.0002523616 0.0018738346 0.0039736126
[1] 0.0029835683 0.0002448656 0.0018787676 0.0039648317
[1] 0.0029791421 0.0002433566 0.0018796910 0.0039623026
[1] 0.002978221 0.000243038 0.001879894 0.003961751
[1] 0.0029780224 0.0002429681 0.0018799396 0.0039616327
[1] 0.0029779783 0.0002429525 0.0018799501 0.0039616065
Algorithm converged after  99  iterations.
[1] 0.0073513843 0.0015266549 0.0004796245 0.0005819615
[1] 0.0068764477 0.0016970123 0.0008177727 0.0018133346
[1] 0.0046865381 0.0011187486 0.0009782364 0.0010315444
[1] 0.0054287241 0.0012635714 0.0009497627 0.0009355995
[1] 0.0048473343 0.0011522001 0.0009784469 0.0010217991
[1] 0.0051956488 0.0011895793 0.0009704214 0.0009177917
[1] 0.0049934601 0.0011725171 0.0009738352 0.0009852591
[1] 0.0050956406 0.0011782867 0.0009728115 0.0009452151
[1] 0.0050460617 0.0011767983 0.0009729416 0.0009668611
[1] 0.0050679607 0.0011767818 0.0009730587 0.0009559730
[1] 0.0050591913 0.0011771777 0.0009729083 0.0009610465
[1] 0.0050621628 0.0011768003 0.0009730238 0.0009588693
[1] 0.0050614968 0.0011770660 0.0009729501 0.0009596959
[1] 0.0050613944 0.0011769038 0.0009729925 0.0009594429
[1] 0.0050616614 0.0011769938 0.0009729701 0.0009594793
[1] 0.0050614289 0.0011769475 0.0009729811 0.0009595076
[1] 0.0050615867 0.0011769697 0.0009729761 0.0009594710
[1] 0.0050614925 0.0011769599 0.0009729782 0.0009594993
[1] 0.0050615439 0.0011769638 0.0009729774 0.0009594812
Algorithm converged after  182  iterations.
[1] 0.0073513843 0.0015266549 0.0007098295 0.0005819615
[1] 0.0032215180 0.0003663246 0.0025594851 0.0040225714
[1] 0.0032051580 0.0003352341 0.0026359854 0.0041592315
[1] 0.0032165259 0.0003121188 0.0026796198 0.0043416442
[1] 0.0033424423 0.0003744341 0.0025332851 0.0044139980
[1] 0.0039467691 0.0009245455 0.0019407759 0.0041756461
[1] 0.004058000 0.001204663 0.001579973 0.003418102
[1] 0.004111352 0.001295627 0.001546911 0.003382049
[1] 0.004110727 0.001291979 0.001553771 0.003399397
[1] 0.004109090 0.001288992 0.001554970 0.003400926
[1] 0.004109033 0.001288970 0.001554816 0.003400462
[1] 0.004109079 0.001289059 0.001554773 0.003400394
Algorithm converged after  119  iterations.
numeric(0)
Algorithm converged after  1  iterations.
[1] 0.002089553
Algorithm converged after  2  iterations.
[1] 0.001979809
Algorithm converged after  2  iterations.
[1] 0.002626966
Algorithm converged after  2  iterations.
[1] 0.002089553 0.000593476
Algorithm converged after  2  iterations.
[1] 0.0019798095 0.0006306735
Algorithm converged after  2  iterations.
[1] 0.0026269663 0.0006534082
Algorithm converged after  2  iterations.
[1] 0.002089553 0.001979809
Algorithm converged after  2  iterations.
[1] 0.002089553 0.002626966
Algorithm converged after  2  iterations.
[1] 0.001979809 0.002626966
Algorithm converged after  2  iterations.
[1] 0.002089553 0.000593476 0.001979809
Algorithm converged after  2  iterations.
[1] 0.002089553 0.000593476 0.002626966
Algorithm converged after  2  iterations.
[1] 0.0020895526 0.0019798095 0.0006306735
Algorithm converged after  2  iterations.
[1] 0.0020895526 0.0026269663 0.0006534082
Algorithm converged after  2  iterations.
[1] 0.0019798095 0.0006306735 0.0026269663
Algorithm converged after  2  iterations.
[1] 0.0019798095 0.0026269663 0.0006534082
Algorithm converged after  2  iterations.
[1] 0.002089553 0.001979809 0.002626966
Algorithm converged after  2  iterations.
[1] 0.0020895526 0.0005934760 0.0019798095 0.0006306735
Algorithm converged after  2  iterations.
[1] 0.0020895526 0.0005934760 0.0026269663 0.0006534082
Algorithm converged after  2  iterations.
[1] 0.0019798095 0.0006306735 0.0026269663 0.0006534082
Algorithm converged after  2  iterations.
[1] 0.002089553 0.000593476 0.001979809 0.002626966
Algorithm converged after  2  iterations.
[1] 0.0020895526 0.0019798095 0.0006306735 0.0026269663
Algorithm converged after  2  iterations.
[1] 0.0020895526 0.0019798095 0.0026269663 0.0006534082
Algorithm converged after  2  iterations.
[1] 0.007501005
Algorithm converged after  2  iterations.
[1] 0.0075010047 0.0008383772
[1] 0.010667892 0.001229033
Algorithm converged after  16  iterations.
[1] 0.0075010047 0.0008745209
Algorithm converged after  9  iterations.
[1] 0.0075010047 0.0008524299
[1] 0.012264390 0.006652264
[1] 0.012276853 0.006664125
Algorithm converged after  24  iterations.
[1] 0.0075010047 0.0008383772 0.0002387683
[1] 0.0076802690 0.0008948580 0.0003113224
Algorithm converged after  12  iterations.
[1] 0.0075010047 0.0008745209 0.0002444607
[1] 0.0087945502 0.0011177131 0.0006504156
Algorithm converged after  15  iterations.
[1] 0.0075010047 0.0008524299 0.0001828557
[1] 0.0128043787 0.0026315233 0.0008378268
[1] 0.0128204139 0.0026383816 0.0008384705
Algorithm converged after  25  iterations.
[1] 0.0075010047 0.0008383772 0.0008745209
[1] 0.013022263 0.001712919 0.002483959
Algorithm converged after  13  iterations.
[1] 0.0075010047 0.0008383772 0.0008524299
[1] 0.019089324 0.001724206 0.014031156
[1] 0.019771218 0.001839859 0.015175805
[1] 0.019779612 0.001841258 0.015189910
Algorithm converged after  36  iterations.
[1] 0.0075010047 0.0008745209 0.0008524299
[1] 0.0112396130 0.0009077383 0.0029741686
[1] 0.011487635 0.000897529 0.003352057
[1] 0.0115294191 0.0008961171 0.0034127083
[1] 0.0115358946 0.0008959051 0.0034220355
[1] 0.0115368857 0.0008958729 0.0034234613
[1] 0.0115370371 0.0008958679 0.0034236791
Algorithm converged after  66  iterations.
[1] 0.0075010047 0.0008383772 0.0002387683 0.0008745209
[1] 0.0107849667 0.0013295698 0.0005019867 0.0019479025
[1] 0.0107901774 0.0013299593 0.0005020904 0.0019484455
Algorithm converged after  21  iterations.
[1] 0.0075010047 0.0008383772 0.0002387683 0.0008524299
[1] 0.0131346670 0.0010771098 0.0003422484 0.0074472857
[1] 0.0133057076 0.0010836842 0.0003456785 0.0076077276
[1] 0.0133118672 0.0010839236 0.0003458037 0.0076135219
Algorithm converged after  39  iterations.
[1] 0.0075010047 0.0008383772 0.0008745209 0.0002444607
[1] 0.0160993528 0.0016811815 0.0021452610 0.0006690035
[1] 0.0160929435 0.0016808911 0.0021453407 0.0006689484
Algorithm converged after  21  iterations.
[1] 0.0075010047 0.0008383772 0.0008524299 0.0001828557
[1] 0.023301134 0.001722504 0.002588957 0.001128421
[1] 0.023463846 0.001731672 0.002615104 0.001135740
Algorithm converged after  30  iterations.
[1] 0.0075010047 0.0008745209 0.0002444607 0.0008524299
[1] 0.0115271476 0.0007824278 0.0001491640 0.0055306143
[1] 0.0115889580 0.0007821416 0.0001489547 0.0055876384
[1] 0.0115898949 0.0007821374 0.0001489516 0.0055885041
Algorithm converged after  32  iterations.
[1] 0.0075010047 0.0008745209 0.0008524299 0.0001828557
[1] 0.0104390570 0.0016417295 0.0008103402 0.0001674467
[1] 0.0104324421 0.0016429913 0.0008101726 0.0001674475
Algorithm converged after  23  iterations.
[1] 0.0075010047 0.0008383772 0.0008745209 0.0008524299
[1] 0.014357421 0.001312103 0.001225909 0.001441025
[1] 0.014380403 0.001313186 0.001227643 0.001440703
Algorithm converged after  21  iterations.
[1] 0.007501005 0.001535165
Algorithm converged after  2  iterations.
[1] 0.0075010047 0.0015351654 0.0005439604
[1] 0.007492231 0.001597683 0.001160081
Algorithm converged after  20  iterations.
[1] 0.0075010047 0.0015351654 0.0006566869
[1] 0.005328284 0.001733239 0.001784672
Algorithm converged after  20  iterations.
[1] 0.0075010047 0.0015351654 0.0005686901
[1] 0.004959255 0.001605363 0.002421765
[1] 0.005630871 0.001777174 0.002093953
[1] 0.005610650 0.001774562 0.002105081
[1] 0.005610863 0.001774531 0.002104827
Algorithm converged after  42  iterations.
[1] 0.0075010047 0.0015351654 0.0005439604 0.0001375429
[1] 0.0073630891 0.0014207756 0.0006616103 0.0002112306
Algorithm converged after  11  iterations.
[1] 0.0075010047 0.0015351654 0.0006566869 0.0001514289
[1] 0.0062649006 0.0017196105 0.0008471846 0.0002084024
Algorithm converged after  14  iterations.
[1] 0.0075010047 0.0015351654 0.0005686901 0.0001866586
[1] 0.0061927155 0.0017960381 0.0009879734 0.0002421479
[1] 0.0061890553 0.0017967757 0.0009892193 0.0002422716
Algorithm converged after  24  iterations.
[1] 0.0075010047 0.0015351654 0.0005439604 0.0006566869
[1] 0.0033041934 0.0004137136 0.0025998480 0.0040565228
[1] 0.0033056987 0.0004608859 0.0026073390 0.0037922820
[1] 0.0033285561 0.0004735185 0.0026022269 0.0037666297
[1] 0.0033309357 0.0004746448 0.0026019335 0.0037650698
[1] 0.0033311372 0.0004747387 0.0026019118 0.0037649465
Algorithm converged after  58  iterations.
[1] 0.0075010047 0.0015351654 0.0005439604 0.0005686901
[1] 0.002996009 0.000404974 0.001377153 0.004051541
[1] 0.004153065 0.001151173 0.001053279 0.001697261
[1] 0.003797231 0.001233569 0.001036879 0.003257330
[1] 0.003444257 0.000931877 0.001105329 0.003009513
[1] 0.003685467 0.001067168 0.001063503 0.002669665
[1] 0.003654095 0.001075245 0.001062718 0.002941225
[1] 0.003589023 0.001022916 0.001075757 0.002897066
[1] 0.003636858 0.001051647 0.001067801 0.002836760
[1] 0.003628974 0.001050960 0.001068288 0.002887045
[1] 0.003618033 0.001041931 0.001070540 0.002876666
[1] 0.003627092 0.001047561 0.001069019 0.002866679
[1] 0.003625194 0.001047096 0.001069200 0.002876008
[1] 0.003623397 0.001045549 0.001069582 0.002873658
[1] 0.003625085 0.001046625 0.001069294 0.002872052
[1] 0.003624655 0.001046480 0.001069343 0.002873773
[1] 0.003624366 0.001046219 0.001069407 0.002873262
[1] 0.003624678 0.001046422 0.001069353 0.002873012
[1] 0.003624584 0.001046385 0.001069365 0.002873327
[1] 0.003624540 0.001046342 0.001069375 0.002873219
[1] 0.003624597 0.001046380 0.001069365 0.002873182
[1] 0.003624577 0.001046371 0.001069368 0.002873239
[1] 0.003624570 0.001046364 0.001069369 0.002873217
[1] 0.003624581 0.001046371 0.001069368 0.002873211
Algorithm converged after  231  iterations.
[1] 0.0075010047 0.0015351654 0.0006566869 0.0005686901
[1] 0.004799070 0.002129840 0.001109349 0.003516424
[1] 0.004394995 0.002019425 0.001047781 0.003110956
[1] 0.004391885 0.002018903 0.001048280 0.003110443
Algorithm converged after  36  iterations.
numeric(0)
Algorithm converged after  1  iterations.
[1] 0.002171706
Algorithm converged after  2  iterations.
[1] 0.002174869
Algorithm converged after  2  iterations.
[1] 0.002426887
Algorithm converged after  2  iterations.
[1] 0.002171706 0.000579321
Algorithm converged after  2  iterations.
[1] 0.0021748688 0.0007721438
Algorithm converged after  2  iterations.
[1] 0.0024268871 0.0005909063
Algorithm converged after  2  iterations.
[1] 0.002171706 0.002174869
Algorithm converged after  2  iterations.
[1] 0.002171706 0.002426887
Algorithm converged after  2  iterations.
[1] 0.002174869 0.002426887
Algorithm converged after  2  iterations.
[1] 0.002171706 0.000579321 0.002174869
Algorithm converged after  2  iterations.
[1] 0.002171706 0.000579321 0.002426887
Algorithm converged after  2  iterations.
[1] 0.0021717055 0.0021748688 0.0007721438
Algorithm converged after  2  iterations.
[1] 0.0021717055 0.0024268871 0.0005909063
Algorithm converged after  2  iterations.
[1] 0.0021748688 0.0007721438 0.0024268871
Algorithm converged after  2  iterations.
[1] 0.0021748688 0.0024268871 0.0005909063
Algorithm converged after  2  iterations.
[1] 0.002171706 0.002174869 0.002426887
Algorithm converged after  2  iterations.
[1] 0.0021717055 0.0005793210 0.0021748688 0.0007721438
Algorithm converged after  2  iterations.
[1] 0.0021717055 0.0005793210 0.0024268871 0.0005909063
Algorithm converged after  2  iterations.
[1] 0.0021748688 0.0007721438 0.0024268871 0.0005909063
Algorithm converged after  2  iterations.
[1] 0.002171706 0.000579321 0.002174869 0.002426887
Algorithm converged after  2  iterations.
[1] 0.0021717055 0.0021748688 0.0007721438 0.0024268871
Algorithm converged after  2  iterations.
[1] 0.0021717055 0.0021748688 0.0024268871 0.0005909063
Algorithm converged after  2  iterations.
[1] 0.007780887
Algorithm converged after  2  iterations.
[1] 0.0077808867 0.0007864751
[1] 0.010618311 0.001171999
Algorithm converged after  17  iterations.
[1] 0.007780887 0.001004680
Algorithm converged after  9  iterations.
[1] 0.0077808867 0.0008182994
[1] 0.012148628 0.005966153
[1] 0.012155278 0.005971935
Algorithm converged after  22  iterations.
[1] 0.0077808867 0.0007864751 0.0002155576
[1] 0.0077326195 0.0008412449 0.0002907278
Algorithm converged after  13  iterations.
[1] 0.0077808867 0.0010046804 0.0002286267
[1] 0.0098470069 0.0011536534 0.0007383929
Algorithm converged after  17  iterations.
[1] 0.0077808867 0.0008182994 0.0001952149
[1] 0.0133016486 0.0025794958 0.0007635268
[1] 0.0133150504 0.0025847917 0.0007639639
Algorithm converged after  24  iterations.
[1] 0.0077808867 0.0007864751 0.0010046804
[1] 0.012885611 0.001707861 0.002537206
Algorithm converged after  12  iterations.
[1] 0.0077808867 0.0007864751 0.0008182994
[1] 0.016972226 0.001528383 0.011160348
[1] 0.01742333 0.00158734 0.01178952
[1] 0.01742797 0.00158791 0.01179609
Algorithm converged after  34  iterations.
[1] 0.0077808867 0.0010046804 0.0008182994
[1] 0.011514433 0.001015378 0.004014310
[1] 0.011757804 0.001013537 0.004249225
[1] 0.011804831 0.001013196 0.004296930
[1] 0.01181441 0.00101313 0.00430662
[1] 0.011816361 0.001013116 0.004308587
[1] 0.011816756 0.001013114 0.004308986
Algorithm converged after  70  iterations.
[1] 0.0077808867 0.0007864751 0.0002155576 0.0010046804
[1] 0.010710209 0.001274461 0.000535659 0.001937292
[1] 0.0107150197 0.0012748492 0.0005357376 0.0019377667
Algorithm converged after  21  iterations.
[1] 0.0077808867 0.0007864751 0.0002155576 0.0008182994
[1] 0.0120912010 0.0009891235 0.0002935718 0.0061501438
[1] 0.0121482167 0.0009906832 0.0002945682 0.0061977078
[1] 0.0121489702 0.0009907039 0.0002945814 0.0061983371
Algorithm converged after  31  iterations.
[1] 0.0077808867 0.0007864751 0.0010046804 0.0002286267
[1] 0.0163792087 0.0016547364 0.0021042296 0.0008115051
Algorithm converged after  20  iterations.
[1] 0.0077808867 0.0007864751 0.0008182994 0.0001952149
[1] 0.0210938630 0.0015096983 0.0020906531 0.0006459965
[1] 0.0205561522 0.0015044310 0.0019091333 0.0005340826
[1] 0.0197900486 0.0014907454 0.0017158316 0.0004376919
[1] 0.0186069466 0.0014714395 0.0014629409 0.0003315723
[1] 0.0165797499 0.0014323961 0.0011555328 0.0002355231
[1] 0.0150711595 0.0013875917 0.0010098216 0.0002056767
[1] 0.0148347669 0.0013792083 0.0009913807 0.0002026168
[1] 0.0148148855 0.0013784662 0.0009898915 0.0002023779
[1] 0.0148134595 0.0013784116 0.0009897860 0.0002023611
Algorithm converged after  95  iterations.
[1] 0.0077808867 0.0010046804 0.0002286267 0.0008182994
[1] 0.0123697349 0.0009246137 0.0001724154 0.0057168166
[1] 0.0124285794 0.0009248411 0.0001723697 0.0057681797
[1] 0.0124293115 0.0009248440 0.0001723692 0.0057688192
Algorithm converged after  31  iterations.
[1] 0.0077808867 0.0010046804 0.0008182994 0.0001952149
[1] 0.0099347210 0.0016160903 0.0007493389 0.0001758491
[1] 0.0099273636 0.0016157325 0.0007491237 0.0001758344
Algorithm converged after  21  iterations.
[1] 0.0077808867 0.0007864751 0.0010046804 0.0008182994
[1] 0.026689137 0.003916437 0.005392854 0.009269069
[1] 0.038985840 0.005755976 0.007477150 0.016318877
[1] 0.045504954 0.006775363 0.008594836 0.020149085
[1] 0.049265301 0.007372096 0.009239859 0.022389182
[1] 0.051505254 0.007730162 0.009624043 0.023732447
[1] 0.052860190 0.007947622 0.009856393 0.024547897
[1] 0.053686547 0.008080554 0.009998081 0.025046249
[1] 0.054192889 0.008162118 0.010084890 0.025351978
[1] 0.054503998 0.008212274 0.010138224 0.025539962
[1] 0.054695464 0.008243157 0.010171046 0.025655704
[1] 0.054813416 0.008262188 0.010191266 0.025727026
[1] 0.054886123 0.008273922 0.010203729 0.025770997
[1] 0.054930959 0.008281158 0.010211415 0.025798115
[1] 0.054958612 0.008285621 0.010216155 0.025814842
[1] 0.054975671 0.008288375 0.010219079 0.025825160
[1] 0.054986196 0.008290074 0.010220883 0.025831526
[1] 0.054992689 0.008291122 0.010221996 0.025835454
[1] 0.054996695 0.008291768 0.010222683 0.025837878
[1] 0.054999166 0.008292167 0.010223107 0.025839373
[1] 0.055000692 0.008292414 0.010223368 0.025840295
[1] 0.055001633 0.008292565 0.010223529 0.025840865
[1] 0.055002213 0.008292659 0.010223629 0.025841216
Algorithm converged after  223  iterations.
[1] 0.007780887 0.001514626
Algorithm converged after  2  iterations.
[1] 0.0077808867 0.0015146262 0.0005000483
[1] 0.007892243 0.001510911 0.001134313
[1] 0.007872112 0.001510895 0.001135811
Algorithm converged after  27  iterations.
[1] 0.0077808867 0.0015146262 0.0007250065
[1] 0.004975774 0.001643040 0.001808905
[1] 0.005024627 0.001647595 0.001805013
Algorithm converged after  29  iterations.
[1] 0.0077808867 0.0015146262 0.0005516837
[1] 0.006111100 0.001695703 0.002041490
[1] 0.007485195 0.001607085 0.001687426
[1] 0.007806416 0.001554055 0.001526928
[1] 0.007800912 0.001554949 0.001530200
Algorithm converged after  47  iterations.
[1] 0.0077808867 0.0015146262 0.0005000483 0.0001173306
[1] 0.0072631735 0.0014121891 0.0005919658 0.0001804389
Algorithm converged after  13  iterations.
[1] 0.0077808867 0.0015146262 0.0007250065 0.0001466299
[1] 0.0070478304 0.0015348611 0.0008585320 0.0001839282
Algorithm converged after  15  iterations.
[1] 0.0077808867 0.0015146262 0.0005516837 0.0001903336
[1] 0.0059666961 0.0019256762 0.0012591703 0.0003109917
[1] 0.0059206870 0.0019363914 0.0012856862 0.0003139482
[1] 0.005918789 0.001936831 0.001286794 0.000314071
Algorithm converged after  40  iterations.
[1] 0.0077808867 0.0015146262 0.0005000483 0.0007250065
[1] 0.0030211394 0.0003989607 0.0025241882 0.0041320150
[1] 0.0028547361 0.0003329791 0.0025335748 0.0040999471
[1] 0.0028278721 0.0003135906 0.0025544552 0.0041094383
[1] 0.0028105745 0.0003008199 0.0025704575 0.0041168531
[1] 0.0027996923 0.0002929803 0.0025809126 0.0041209253
[1] 0.0027932332 0.0002884006 0.0025872705 0.0041230462
[1] 0.002789527 0.000285797 0.002590976 0.004124143
[1] 0.0027874377 0.0002843374 0.0025930835 0.0041247176
[1] 0.0027862716 0.0002835248 0.0025942670 0.0041250239
[1] 0.0027856237 0.0002830741 0.0025949266 0.0041251894
[1] 0.0027852648 0.0002828246 0.0025952927 0.0041252796
[1] 0.0027850661 0.0002826866 0.0025954955 0.0041253291
[1] 0.0027849563 0.0002826103 0.0025956077 0.0041253563
[1] 0.0027848956 0.0002825682 0.0025956698 0.0041253713
[1] 0.0027848621 0.0002825449 0.0025957041 0.0041253796
[1] 0.002784844 0.000282532 0.002595723 0.004125384
[1] 0.0027848333 0.0002825249 0.0025957335 0.0041253867
[1] 0.002784828 0.000282521 0.002595739 0.004125388
Algorithm converged after  182  iterations.
[1] 0.0077808867 0.0015146262 0.0005000483 0.0005516837
[1] 0.007790957 0.001823908 0.001043404 0.001969851
[1] 0.0045089603 0.0010903172 0.0012619083 0.0006483045
[1] 0.004627595 0.001210527 0.001227848 0.000701298
[1] 0.0044886170 0.0011746429 0.0012439097 0.0007319579
[1] 0.0045243314 0.0011772046 0.0012424017 0.0007157994
[1] 0.0045198980 0.0011779681 0.0012421753 0.0007190115
[1] 0.0045195144 0.0011776226 0.0012423137 0.0007188167
[1] 0.0045198320 0.0011776886 0.0012422837 0.0007187244
[1] 0.0045197565 0.0011776853 0.0012422861 0.0007187606
Algorithm converged after  96  iterations.
[1] 0.0077808867 0.0015146262 0.0007250065 0.0005516837
[1] 0.003208028 0.000451868 0.002715244 0.004838854
[1] 0.004321501 0.001715115 0.001236432 0.002925518
[1] 0.004217286 0.001663265 0.001282677 0.003007365
[1] 0.004214010 0.001660679 0.001283726 0.003008673
[1] 0.004213933 0.001660604 0.001283738 0.003008668
Algorithm converged after  51  iterations.
numeric(0)
Algorithm converged after  1  iterations.
[1] 0.002111775
Algorithm converged after  2  iterations.
[1] 0.00233291
Algorithm converged after  2  iterations.
[1] 0.002847231
Algorithm converged after  2  iterations.
[1] 0.0021117747 0.0005800283
Algorithm converged after  2  iterations.
[1] 0.0023329097 0.0006400424
Algorithm converged after  2  iterations.
[1] 0.0028472309 0.0006636612
Algorithm converged after  2  iterations.
[1] 0.002111775 0.002332910
Algorithm converged after  2  iterations.
[1] 0.002111775 0.002847231
Algorithm converged after  2  iterations.
[1] 0.002332910 0.002847231
Algorithm converged after  2  iterations.
[1] 0.0021117747 0.0005800283 0.0023329097
Algorithm converged after  2  iterations.
[1] 0.0021117747 0.0005800283 0.0028472309
Algorithm converged after  2  iterations.
[1] 0.0021117747 0.0023329097 0.0006400424
Algorithm converged after  2  iterations.
[1] 0.0021117747 0.0028472309 0.0006636612
Algorithm converged after  2  iterations.
[1] 0.0023329097 0.0006400424 0.0028472309
Algorithm converged after  2  iterations.
[1] 0.0023329097 0.0028472309 0.0006636612
Algorithm converged after  2  iterations.
[1] 0.002111775 0.002332910 0.002847231
Algorithm converged after  2  iterations.
[1] 0.0021117747 0.0005800283 0.0023329097 0.0006400424
Algorithm converged after  2  iterations.
[1] 0.0021117747 0.0005800283 0.0028472309 0.0006636612
Algorithm converged after  2  iterations.
[1] 0.0023329097 0.0006400424 0.0028472309 0.0006636612
Algorithm converged after  2  iterations.
[1] 0.0021117747 0.0005800283 0.0023329097 0.0028472309
Algorithm converged after  2  iterations.
[1] 0.0021117747 0.0023329097 0.0006400424 0.0028472309
Algorithm converged after  2  iterations.
[1] 0.0021117747 0.0023329097 0.0028472309 0.0006636612
Algorithm converged after  2  iterations.
[1] 0.00783725
Algorithm converged after  2  iterations.
[1] 0.0078372502 0.0008220178
[1] 0.011318148 0.001322366
Algorithm converged after  16  iterations.
[1] 0.007837250 0.001022753
Algorithm converged after  8  iterations.
[1] 0.007837250 0.001009561
[1] 0.012207448 0.006468303
[1] 0.012220117 0.006482571
Algorithm converged after  24  iterations.
[1] 0.0078372502 0.0008220178 0.0002526601
[1] 0.0080031547 0.0008880820 0.0003270453
Algorithm converged after  13  iterations.
[1] 0.0078372502 0.0010227533 0.0005769804
[1] 0.008786046 0.001209859 0.000615480
Algorithm converged after  14  iterations.
[1] 0.0078372502 0.0010095607 0.0006658956
[1] 0.012792365 0.002794945 0.000825420
[1] 0.0128021896 0.0027998002 0.0008258543
Algorithm converged after  24  iterations.
[1] 0.0078372502 0.0008220178 0.0010227533
[1] 0.013462329 0.001895724 0.002809755
Algorithm converged after  14  iterations.
[1] 0.0078372502 0.0008220178 0.0010095607
[1] 0.019529327 0.001605167 0.013875337
[1] 0.020301665 0.001755513 0.015621563
[1] 0.020309335 0.001757691 0.015647327
Algorithm converged after  37  iterations.
[1] 0.007837250 0.001022753 0.001009561
[1] 0.011301046 0.001066429 0.002599879
[1] 0.011334778 0.001066524 0.002616654
[1] 0.011335552 0.001066525 0.002617043
Algorithm converged after  33  iterations.
[1] 0.0078372502 0.0008220178 0.0002526601 0.0010227533
[1] 0.0115685902 0.0014103404 0.0005188007 0.0021480767
[1] 0.0115829353 0.0014119453 0.0005190659 0.0021498906
Algorithm converged after  23  iterations.
[1] 0.0078372502 0.0008220178 0.0002526601 0.0010095607
[1] 0.0122849955 0.0009410891 0.0003074240 0.0062872496
[1] 0.0123835087 0.0009440561 0.0003089232 0.0063922818
[1] 0.0123859168 0.0009441293 0.0003089604 0.0063948564
Algorithm converged after  36  iterations.
[1] 0.0078372502 0.0008220178 0.0010227533 0.0005769804
[1] 0.0157211860 0.0017852303 0.0022020772 0.0006345333
Algorithm converged after  19  iterations.
[1] 0.0078372502 0.0008220178 0.0010095607 0.0006658956
[1] 0.0232479589 0.0020193399 0.0024087164 0.0008375124
[1] 0.0231970685 0.0020193405 0.0023888776 0.0008245932
[1] 0.0231926828 0.0020189755 0.0023882383 0.0008244245
Algorithm converged after  33  iterations.
[1] 0.0078372502 0.0010227533 0.0005769804 0.0010095607
[1] 0.0118497034 0.0008692354 0.0002161081 0.0053962331
[1] 0.0119011569 0.0008685150 0.0002154194 0.0054519556
[1] 0.0119019277 0.0008685044 0.0002154092 0.0054527910
Algorithm converged after  32  iterations.
[1] 0.0078372502 0.0010227533 0.0010095607 0.0006658956
[1] 0.0113500982 0.0013125164 0.0014918679 0.0009363138
[1] 0.0108263375 0.0012912028 0.0014402589 0.0009299302
Algorithm converged after  30  iterations.
[1] 0.0078372502 0.0008220178 0.0010227533 0.0010095607
[1] 0.017394375 0.001497731 0.001568627 0.002346332
[1] 0.017390111 0.001496890 0.001566777 0.002350883
Algorithm converged after  23  iterations.
[1] 0.00783725 0.00161792
Algorithm converged after  2  iterations.
[1] 0.0078372502 0.0016179195 0.0005623853
[1] 0.008291031 0.001716576 0.001165342
[1] 0.008284344 0.001717263 0.001166520
Algorithm converged after  26  iterations.
[1] 0.0078372502 0.0016179195 0.0006469001
[1] 0.006665830 0.001745976 0.001655432
[1] 0.006669661 0.001747331 0.001657642
Algorithm converged after  28  iterations.
[1] 0.0078372502 0.0016179195 0.0007173593
[1] 0.005266071 0.001318732 0.002658191
[1] 0.005103641 0.001212086 0.002869849
[1] 0.005184984 0.001234340 0.002933645
[1] 0.005426783 0.001354350 0.002775296
[1] 0.005486217 0.001381952 0.002714915
[1] 0.005486831 0.001382085 0.002713393
Algorithm converged after  70  iterations.
[1] 0.0078372502 0.0016179195 0.0005623853 0.0001436409
[1] 0.0071515506 0.0014769067 0.0006567891 0.0001928919
Algorithm converged after  11  iterations.
[1] 0.0078372502 0.0016179195 0.0006469001 0.0001726975
[1] 0.0069835632 0.0016263380 0.0008086921 0.0002170251
Algorithm converged after  15  iterations.
[1] 0.0078372502 0.0016179195 0.0007173593 0.0002324707
[1] 0.0057574224 0.0019916813 0.0015709367 0.0003181166
[1] 0.0057206545 0.0019958225 0.0015899974 0.0003188127
[1] 0.0057196728 0.0019959115 0.0015904710 0.0003188223
Algorithm converged after  35  iterations.
[1] 0.0078372502 0.0016179195 0.0005623853 0.0006469001
[1] 0.0047105913 0.0009432805 0.0023448943 0.0039662405
[1] 0.0041908703 0.0005601043 0.0027156116 0.0042676428
[1] 0.004174449 0.000558863 0.002724623 0.004165688
[1] 0.0041839512 0.0005636658 0.0027230763 0.0041469283
[1] 0.004186074 0.000564579 0.002722922 0.004144436
[1] 0.0041864172 0.0005647219 0.0027229053 0.0041440732
[1] 0.0041864700 0.0005647438 0.0027229029 0.0041440180
Algorithm converged after  73  iterations.
[1] 0.0078372502 0.0016179195 0.0005623853 0.0007173593
[1] 0.0035894133 0.0004750999 0.0019666031 0.0048157256
[1] 0.0037470836 0.0004854723 0.0020106354 0.0057291765
[1] 0.005161061 0.001655185 0.001010989 0.002536822
[1] 0.004342454 0.001011260 0.001290389 0.004588925
[1] 0.004478310 0.001150569 0.001125413 0.003361942
[1] 0.004517508 0.001177933 0.001157947 0.004052840
[1] 0.004416954 0.001106551 0.001159580 0.003744404
[1] 0.004514410 0.001186159 0.001140488 0.003850446
[1] 0.004441502 0.001124053 0.001159714 0.003843250
[1] 0.004489627 0.001165748 0.001144073 0.003811457
[1] 0.004461562 0.001140461 0.001154619 0.003850127
[1] 0.004475897 0.001153719 0.001148189 0.003817293
[1] 0.004469806 0.001147750 0.001151608 0.003840617
[1] 0.004471452 0.001149644 0.001150048 0.003826012
[1] 0.004471816 0.001149681 0.001150562 0.003834137
[1] 0.004470782 0.001148935 0.001150549 0.003830231
[1] 0.004471835 0.001149780 0.001150372 0.003831701
[1] 0.004471009 0.001149086 0.001150580 0.003831464
[1] 0.004471567 0.001149570 0.001150407 0.003831190
[1] 0.004471233 0.001149272 0.001150529 0.003831593
[1] 0.004471410 0.001149434 0.001150453 0.003831231
[1] 0.004471331 0.001149358 0.001150495 0.003831497
[1] 0.004471356 0.001149385 0.001150475 0.003831326
[1] 0.004471356 0.001149382 0.001150482 0.003831424
[1] 0.004471346 0.001149376 0.001150481 0.003831375
[1] 0.004471358 0.001149385 0.001150480 0.003831395
Algorithm converged after  264  iterations.
[1] 0.0078372502 0.0016179195 0.0006469001 0.0007173593
[1] 0.004838277 0.002109406 0.001556305 0.004172012
[1] 0.005167676 0.001940554 0.001222567 0.002675313
[1] 0.005171192 0.001948836 0.001224776 0.002666754
[1] 0.005171539 0.001949334 0.001224876 0.002665350
[1] 0.005171571 0.001949379 0.001224885 0.002665244
Algorithm converged after  52  iterations.
numeric(0)
Algorithm converged after  1  iterations.
[1] 0.001828802
Algorithm converged after  2  iterations.
[1] 0.002004262
Algorithm converged after  2  iterations.
[1] 0.002476268
Algorithm converged after  2  iterations.
[1] 0.0018288020 0.0004592845
Algorithm converged after  2  iterations.
[1] 0.0020042618 0.0005989103
Algorithm converged after  2  iterations.
[1] 0.0024762678 0.0006235775
Algorithm converged after  2  iterations.
[1] 0.001828802 0.002004262
Algorithm converged after  2  iterations.
[1] 0.001828802 0.002476268
Algorithm converged after  2  iterations.
[1] 0.002004262 0.002476268
Algorithm converged after  2  iterations.
[1] 0.0018288020 0.0004592845 0.0020042618
Algorithm converged after  2  iterations.
[1] 0.0018288020 0.0004592845 0.0024762678
Algorithm converged after  2  iterations.
[1] 0.0018288020 0.0020042618 0.0005989103
Algorithm converged after  2  iterations.
[1] 0.0018288020 0.0024762678 0.0006235775
Algorithm converged after  2  iterations.
[1] 0.0020042618 0.0005989103 0.0024762678
Algorithm converged after  2  iterations.
[1] 0.0020042618 0.0024762678 0.0006235775
Algorithm converged after  2  iterations.
[1] 0.001828802 0.002004262 0.002476268
Algorithm converged after  2  iterations.
[1] 0.0018288020 0.0004592845 0.0020042618 0.0005989103
Algorithm converged after  2  iterations.
[1] 0.0018288020 0.0004592845 0.0024762678 0.0006235775
Algorithm converged after  2  iterations.
[1] 0.0020042618 0.0005989103 0.0024762678 0.0006235775
Algorithm converged after  2  iterations.
[1] 0.0018288020 0.0004592845 0.0020042618 0.0024762678
Algorithm converged after  2  iterations.
[1] 0.0018288020 0.0020042618 0.0005989103 0.0024762678
Algorithm converged after  2  iterations.
[1] 0.0018288020 0.0020042618 0.0024762678 0.0006235775
Algorithm converged after  2  iterations.
[1] 0.00668818
Algorithm converged after  2  iterations.
[1] 0.00668818 0.00104277
[1] 0.010200075 0.001529597
Algorithm converged after  16  iterations.
[1] 0.006688180 0.000876724
Algorithm converged after  8  iterations.
[1] 0.0066881797 0.0007491941
[1] 0.012249296 0.007843539
[1] 0.012273795 0.007868003
Algorithm converged after  25  iterations.
[1] 0.0066881797 0.0010427701 0.0002974379
[1] 0.0072138861 0.0011202816 0.0003517217
Algorithm converged after  12  iterations.
[1] 0.0066881797 0.0008767240 0.0002234267
[1] 0.0064597964 0.0010504079 0.0004319826
Algorithm converged after  17  iterations.
[1] 0.0066881797 0.0007491941 0.0001968587
[1] 0.0122101399 0.0032953682 0.0007224177
[1] 0.0122543498 0.0033201414 0.0007237291
Algorithm converged after  29  iterations.
[1] 0.006688180 0.001042770 0.000876724
[1] 0.012748957 0.002045980 0.002210636
Algorithm converged after  13  iterations.
[1] 0.0066881797 0.0010427701 0.0007491941
[1] 0.020833980 0.001916462 0.015538706
[1] 0.022343523 0.002128329 0.017852878
[1] 0.02236526 0.00213283 0.01790139
Algorithm converged after  38  iterations.
[1] 0.0066881797 0.0008767240 0.0007491941
[1] 0.0102650446 0.0008449234 0.0057786269
[1] 0.0110127519 0.0008412271 0.0068028821
[1] 0.0111664987 0.0008410926 0.0070050573
[1] 0.0111976722 0.0008410873 0.0070459421
[1] 0.0112040139 0.0008410871 0.0070542562
[1] 0.0112053051 0.0008410871 0.0070559489
[1] 0.0112055680 0.0008410871 0.0070562936
Algorithm converged after  76  iterations.
[1] 0.0066881797 0.0010427701 0.0002974379 0.0008767240
[1] 0.0114857775 0.0016894622 0.0005847007 0.0018348303
[1] 0.0115125075 0.0016922215 0.0005851642 0.0018378005
Algorithm converged after  25  iterations.
[1] 0.0066881797 0.0010427701 0.0002974379 0.0007491941
[1] 0.0131704984 0.0012264384 0.0003248791 0.0083672296
[1] 0.0134273562 0.0012363550 0.0003284037 0.0086167231
[1] 0.0134392344 0.0012368199 0.0003285705 0.0086282993
[1] 0.0134397899 0.0012368416 0.0003285784 0.0086288408
Algorithm converged after  42  iterations.
[1] 0.0066881797 0.0010427701 0.0008767240 0.0002234267
[1] 0.014254916 0.001954734 0.001825866 0.000656470
Algorithm converged after  20  iterations.
[1] 0.0066881797 0.0010427701 0.0007491941 0.0001968587
[1] 0.0160856397 0.0019547415 0.0011905358 0.0002642578
[1] 0.0127776060 0.0018414008 0.0009589744 0.0002518419
[1] 0.0124669620 0.0018634137 0.0009794897 0.0002785587
[1] 0.0126218178 0.0019096247 0.0010234287 0.0003154076
[1] 0.0133517012 0.0020236716 0.0011442048 0.0004553324
[1] 0.0144794748 0.0021482926 0.0012542717 0.0005731126
[1] 0.0145177417 0.0021525151 0.0012578333 0.0005756105
[1] 0.0145184985 0.0021525956 0.0012578943 0.0005756295
[1] 0.0145185562 0.0021525991 0.0012578907 0.0005756052
[1] 0.0145185967 0.0021526009 0.0012578864 0.0005755822
[1] 0.0145186329 0.0021526025 0.0012578823 0.0005755614
[1] 0.0145186654 0.0021526039 0.0012578787 0.0005755424
[1] 0.0145186948 0.0021526052 0.0012578753 0.0005755251
[1] 0.0145187213 0.0021526063 0.0012578722 0.0005755095
[1] 0.0145187452 0.0021526073 0.0012578694 0.0005754952
[1] 0.0145187668 0.0021526082 0.0012578668 0.0005754823
[1] 0.0145187863 0.0021526090 0.0012578644 0.0005754705
[1] 0.0145188039 0.0021526097 0.0012578623 0.0005754598
[1] 0.0145188198 0.0021526103 0.0012578603 0.0005754501
[1] 0.0145188342 0.0021526109 0.0012578585 0.0005754413
[1] 0.0145188472 0.0021526115 0.0012578569 0.0005754332
[1] 0.014518859 0.002152612 0.001257855 0.000575426
[1] 0.0145188697 0.0021526123 0.0012578541 0.0005754194
[1] 0.0145188793 0.0021526127 0.0012578529 0.0005754133
[1] 0.0145188881 0.0021526131 0.0012578517 0.0005754079
[1] 0.0145188960 0.0021526134 0.0012578507 0.0005754029
[1] 0.0145189032 0.0021526137 0.0012578498 0.0005753984
[1] 0.0145189097 0.0021526139 0.0012578489 0.0005753943
[1] 0.0145189156 0.0021526141 0.0012578482 0.0005753906
[1] 0.0145189209 0.0021526143 0.0012578475 0.0005753873
[1] 0.0145189258 0.0021526145 0.0012578468 0.0005753842
[1] 0.0145189302 0.0021526147 0.0012578463 0.0005753814
[1] 0.0145189342 0.0021526148 0.0012578457 0.0005753789
[1] 0.0145189378 0.0021526150 0.0012578453 0.0005753766
[1] 0.0145189411 0.0021526151 0.0012578448 0.0005753745
[1] 0.0145189440 0.0021526152 0.0012578444 0.0005753727
[1] 0.0145189467 0.0021526153 0.0012578441 0.0005753709
[1] 0.0145189492 0.0021526154 0.0012578438 0.0005753694
[1] 0.014518951 0.002152616 0.001257843 0.000575368
[1] 0.0145189534 0.0021526156 0.0012578432 0.0005753667
[1] 0.0145189552 0.0021526156 0.0012578430 0.0005753655
[1] 0.0145189569 0.0021526157 0.0012578427 0.0005753645
[1] 0.0145189584 0.0021526158 0.0012578425 0.0005753635
[1] 0.0145189597 0.0021526158 0.0012578424 0.0005753627
[1] 0.0145189610 0.0021526159 0.0012578422 0.0005753619
[1] 0.0145189621 0.0021526159 0.0012578420 0.0005753611
[1] 0.0145189631 0.0021526159 0.0012578419 0.0005753605
[1] 0.0145189640 0.0021526160 0.0012578418 0.0005753599
[1] 0.0145189649 0.0021526160 0.0012578417 0.0005753594
Algorithm did not converge after  500  iterations.
[1] 0.0066881797 0.0008767240 0.0002234267 0.0007491941
[1] 0.0118637190 0.0007888659 0.0001590948 0.0075664100
[1] 0.0119910241 0.0007888534 0.0001589903 0.0076964897
[1] 0.0119936324 0.0007888536 0.0001589884 0.0076991609
Algorithm converged after  35  iterations.
[1] 0.0066881797 0.0008767240 0.0007491941 0.0001968587
[1] 0.008607494 0.001450354 0.001007560 0.000186188
[1] 0.0085744116 0.0014563986 0.0010085923 0.0001866463
Algorithm converged after  29  iterations.
[1] 0.0066881797 0.0010427701 0.0008767240 0.0007491941
[1] 0.015692255 0.001618794 0.001126892 0.001828368
Algorithm converged after  20  iterations.
[1] 0.006688180 0.001564797
Algorithm converged after  2  iterations.
[1] 0.0066881797 0.0015647968 0.0006197737
[1] 0.006752437 0.001595634 0.001340267
[1] 0.006741072 0.001595220 0.001341199
Algorithm converged after  25  iterations.
[1] 0.0066881797 0.0015647968 0.0007266533
[1] 0.0034954374 0.0009428174 0.0017191985
[1] 0.003503109 0.000949326 0.001712930
Algorithm converged after  29  iterations.
[1] 0.0066881797 0.0015647968 0.0004041676
[1] 0.005057403 0.001442364 0.001800988
[1] 0.005379411 0.001512062 0.001448826
[1] 0.005388575 0.001511882 0.001435025
[1] 0.005388698 0.001511779 0.001434489
Algorithm converged after  49  iterations.
[1] 0.0066881797 0.0015647968 0.0006197737 0.0001823299
[1] 0.0063859468 0.0012702449 0.0007498817 0.0002134818
Algorithm converged after  11  iterations.
[1] 0.0066881797 0.0015647968 0.0007266533 0.0001910156
[1] 0.0059805646 0.0018000588 0.0009146287 0.0002332895
Algorithm converged after  15  iterations.
[1] 0.0066881797 0.0015647968 0.0004041676 0.0001295826
[1] 0.0061574748 0.0016325604 0.0005998527 0.0001859109
Algorithm converged after  18  iterations.
[1] 0.0066881797 0.0015647968 0.0006197737 0.0007266533
[1] 0.0029853814 0.0004708429 0.0022733012 0.0025786731
[1] 0.0032837257 0.0006107437 0.0023201030 0.0024111914
[1] 0.0031772267 0.0006444998 0.0022640125 0.0022095792
[1] 0.0029593866 0.0006055147 0.0021889396 0.0020613422
[1] 0.0027610996 0.0005283918 0.0022601986 0.0022063633
[1] 0.0027213112 0.0005130964 0.0022722079 0.0022398324
[1] 0.002711838 0.000509454 0.002274981 0.002247713
[1] 0.0027094832 0.0005085485 0.0022756672 0.0022496694
[1] 0.0027088918 0.0005083211 0.0022758392 0.0022501605
[1] 0.0027087429 0.0005082639 0.0022758825 0.0022502841
[1] 0.0027087054 0.0005082495 0.0022758934 0.0022503153
Algorithm converged after  114  iterations.
[1] 0.0066881797 0.0015647968 0.0006197737 0.0004041676
[1] 0.005116738 0.002047800 0.001301189 0.002257119
[1] 0.004218432 0.001093640 0.001328493 0.001191106
[1] 0.004407671 0.001163240 0.001312440 0.001108437
[1] 0.004425171 0.001176415 0.001309995 0.001126152
[1] 0.004421085 0.001176018 0.001310005 0.001132893
[1] 0.004419553 0.001175400 0.001310101 0.001133586
[1] 0.004419392 0.001175287 0.001310120 0.001133470
[1] 0.004419418 0.001175288 0.001310121 0.001133420
Algorithm converged after  88  iterations.
[1] 0.0066881797 0.0015647968 0.0007266533 0.0004041676
[1] 0.0030847319 0.0005300442 0.0030929086 0.0038322082
[1] 0.003825877 0.001207490 0.001654775 0.003202900
[1] 0.003719191 0.001067358 0.001795094 0.003317459
[1] 0.003723701 0.001071303 0.001790770 0.003317814
[1] 0.003723633 0.001071301 0.001790747 0.003317526
Algorithm converged after  55  iterations.
numeric(0)
Algorithm converged after  1  iterations.
[1] 0.00245478
Algorithm converged after  2  iterations.
[1] 0.002142494
Algorithm converged after  2  iterations.
[1] 0.002671747
Algorithm converged after  2  iterations.
[1] 0.0024547799 0.0006154465
Algorithm converged after  2  iterations.
[1] 0.0021424935 0.0006989858
Algorithm converged after  2  iterations.
[1] 0.0026717470 0.0006244616
Algorithm converged after  2  iterations.
[1] 0.002454780 0.002142494
Algorithm converged after  2  iterations.
[1] 0.002454780 0.002671747
Algorithm converged after  2  iterations.
[1] 0.002142494 0.002671747
Algorithm converged after  2  iterations.
[1] 0.0024547799 0.0006154465 0.0021424935
Algorithm converged after  2  iterations.
[1] 0.0024547799 0.0006154465 0.0026717470
Algorithm converged after  2  iterations.
[1] 0.0024547799 0.0021424935 0.0006989858
Algorithm converged after  2  iterations.
[1] 0.0024547799 0.0026717470 0.0006244616
Algorithm converged after  2  iterations.
[1] 0.0021424935 0.0006989858 0.0026717470
Algorithm converged after  2  iterations.
[1] 0.0021424935 0.0026717470 0.0006244616
Algorithm converged after  2  iterations.
[1] 0.002454780 0.002142494 0.002671747
Algorithm converged after  2  iterations.
[1] 0.0024547799 0.0006154465 0.0021424935 0.0006989858
Algorithm converged after  2  iterations.
[1] 0.0024547799 0.0006154465 0.0026717470 0.0006244616
Algorithm converged after  2  iterations.
[1] 0.0021424935 0.0006989858 0.0026717470 0.0006244616
Algorithm converged after  2  iterations.
[1] 0.0024547799 0.0006154465 0.0021424935 0.0026717470
Algorithm converged after  2  iterations.
[1] 0.0024547799 0.0021424935 0.0006989858 0.0026717470
Algorithm converged after  2  iterations.
[1] 0.0024547799 0.0021424935 0.0026717470 0.0006244616
Algorithm converged after  2  iterations.
[1] 0.008547302
Algorithm converged after  2  iterations.
[1] 0.0085473016 0.0008314686
[1] 0.011039368 0.001260882
Algorithm converged after  15  iterations.
[1] 0.0085473016 0.0009521523
Algorithm converged after  9  iterations.
[1] 8.547302e-03 1.581370e-06
[1] 0.012883854 0.005968586
[1] 0.012900942 0.005985687
Algorithm converged after  24  iterations.
[1] 0.0085473016 0.0008314686 0.0002047445
[1] 0.0077553247 0.0008824341 0.0002603129
Algorithm converged after  13  iterations.
[1] 0.0085473016 0.0009521523 0.0002333359
[1] 0.010415873 0.001110538 0.000390832
[1] 0.0105738418 0.0011284285 0.0006439298
[1] 0.0106605379 0.0011328716 0.0006544411
Algorithm converged after  32  iterations.
[1] 8.547302e-03 1.581370e-06 6.884689e-05
[1] 0.0118901091 0.0033932942 0.0009076348
Algorithm converged after  19  iterations.
[1] 0.0085473016 0.0008314686 0.0009521523
[1] 0.013118329 0.001939612 0.002317088
Algorithm converged after  12  iterations.
[1] 8.547302e-03 8.314686e-04 1.581370e-06
[1] 0.015767746 0.001151514 0.008750155
[1] 0.019986549 0.001412735 0.013629883
[1] 0.020284787 0.001437873 0.014024193
[1] 0.020292999 0.001438572 0.014035699
Algorithm converged after  48  iterations.
[1] 8.547302e-03 9.521523e-04 1.581370e-06
[1] 0.0156502390 0.0009104667 0.0078680877
[1] 0.0167877483 0.0009173977 0.0089388032
[1] 0.0169011958 0.0009182677 0.0090487814
[1] 0.0169132780 0.0009183623 0.0090605019
[1] 0.0169145702 0.0009183725 0.0090617554
Algorithm converged after  58  iterations.
[1] 0.0085473016 0.0008314686 0.0002047445 0.0009521523
[1] 0.0123799589 0.0014995756 0.0006314589 0.0018725674
[1] 0.0123884331 0.0015003408 0.0006315279 0.0018733581
Algorithm converged after  21  iterations.
[1] 8.547302e-03 8.314686e-04 2.047445e-04 1.581370e-06
[1] 0.0135539122 0.0009542853 0.0002327490 0.0074329182
[1] 0.0137073881 0.0009565532 0.0002344185 0.0075548570
[1] 0.0137097634 0.0009565890 0.0002344449 0.0075567517
Algorithm converged after  33  iterations.
[1] 0.0085473016 0.0008314686 0.0009521523 0.0002333359
[1] 0.0156296067 0.0017271282 0.0019947573 0.0007354904
Algorithm converged after  18  iterations.
[1] 8.547302e-03 8.314686e-04 1.581370e-06 6.884689e-05
[1] 0.0145165049 0.0011975626 0.0015742003 0.0009515238
[1] 0.014502341 0.001197910 0.001564897 0.000950847
Algorithm converged after  28  iterations.
[1] 8.547302e-03 9.521523e-04 2.333359e-04 1.581370e-06
[1] 0.0150045173 0.0008673316 0.0001585039 0.0082946044
[1] 0.0155233759 0.0008690978 0.0001587955 0.0087203300
[1] 0.0155287144 0.0008691176 0.0001587993 0.0087247388
Algorithm converged after  34  iterations.
[1] 8.547302e-03 9.521523e-04 1.581370e-06 6.884689e-05
[1] 0.0121249712 0.0013749446 0.0010390447 0.0001740037
[1] 0.011984644 0.001433263 0.001017381 0.000166323
[1] 0.0119818068 0.0014341870 0.0010170865 0.0001662209
Algorithm converged after  35  iterations.
[1] 8.547302e-03 8.314686e-04 9.521523e-04 1.581370e-06
[1] 0.032001109 0.005325494 0.005198883 0.013117861
[1] 0.04000645 0.00666702 0.00632238 0.01802164
[1] 0.043506828 0.007265197 0.006819156 0.020217984
[1] 0.045139363 0.007546208 0.007051742 0.021250936
[1] 0.045919349 0.007680891 0.007163046 0.021746212
[1] 0.046295951 0.007746014 0.007216828 0.021985736
[1] 0.046478677 0.007777634 0.007242932 0.022102041
[1] 0.046567540 0.007793016 0.007255629 0.022158624
[1] 0.046610805 0.007800506 0.007261811 0.022186177
[1] 0.046631880 0.007804156 0.007264823 0.022199600
[1] 0.046642149 0.007805934 0.007266290 0.022206141
[1] 0.046647154 0.007806800 0.007267005 0.022209329
[1] 0.046649593 0.007807222 0.007267354 0.022210882
[1] 0.046650781 0.007807428 0.007267524 0.022211639
[1] 0.046651360 0.007807529 0.007267606 0.022212008
Algorithm converged after  154  iterations.
[1] 0.008547302 0.001498896
Algorithm converged after  2  iterations.
[1] 0.008547302 0.001498896 0.000559601
[1] 0.009335872 0.001547651 0.001061473
[1] 0.009327999 0.001548021 0.001062789
Algorithm converged after  28  iterations.
[1] 0.0085473016 0.0014988956 0.0007180163
[1] 0.005640432 0.001669258 0.001682276
[1] 0.005944159 0.001681190 0.001684271
[1] 0.005947961 0.001681474 0.001684344
Algorithm converged after  35  iterations.
[1] 0.0085473016 0.0014988956 0.0005225265
[1] 0.009470269 0.001539020 0.001487976
[1] 0.009358746 0.001531796 0.001442153
Algorithm converged after  27  iterations.
[1] 0.0085473016 0.0014988956 0.0005596010 0.0001415698
[1] 0.0073310363 0.0013243060 0.0006452868 0.0001811050
Algorithm converged after  14  iterations.
[1] 0.0085473016 0.0014988956 0.0007180163 0.0001506081
[1] 0.0076479041 0.0015174847 0.0008270359 0.0001829402
Algorithm converged after  13  iterations.
[1] 0.0085473016 0.0014988956 0.0005225265 0.0001802185
[1] 0.0069199358 0.0016401375 0.0008484857 0.0002134579
[1] 0.0069184651 0.0016404656 0.0008488860 0.0002134726
Algorithm converged after  21  iterations.
[1] 0.0085473016 0.0014988956 0.0005596010 0.0007180163
[1] 0.0044361414 0.0008749876 0.0022454843 0.0037225477
[1] 0.0040872098 0.0005668934 0.0025076672 0.0038888906
[1] 0.0041626118 0.0007155367 0.0023788175 0.0035070493
[1] 0.0041743694 0.0007289542 0.0023627828 0.0034779870
[1] 0.0041737853 0.0007275862 0.0023643172 0.0034814362
[1] 0.0041737817 0.0007276306 0.0023642798 0.0034813130
Algorithm converged after  65  iterations.
[1] 0.0085473016 0.0014988956 0.0005596010 0.0005225265
[1] 0.0052874855 0.0019232131 0.0009381939 0.0019216392
[1] 0.006216023 0.001387942 0.001083330 0.000904287
[1] 0.004072325 0.001293132 0.001127358 0.001955784
[1] 0.0072059847 0.0014573828 0.0011088612 0.0006008834
[1] 0.0031052598 0.0007484947 0.0014189863 0.0021237121
[1] 0.0028144083 0.0005091951 0.0016685327 0.0032973360
[1] 0.004591763 0.001732821 0.001006426 0.002554269
[1] 0.0035965894 0.0009413281 0.0012381502 0.0022531738
[1] 0.004424756 0.001345972 0.001036697 0.001900885
[1] 0.003903957 0.001144725 0.001133926 0.002386623
[1] 0.004032398 0.001147139 0.001108192 0.002076411
[1] 0.004110826 0.001235596 0.001082871 0.002179947
[1] 0.003981884 0.001155059 0.001114354 0.002211880
[1] 0.004071402 0.001193078 0.001094384 0.002137391
[1] 0.004040157 0.001189890 0.001099654 0.002194949
[1] 0.004031549 0.001176919 0.001102816 0.002172127
[1] 0.004052826 0.001190723 0.001097489 0.002169506
[1] 0.004036308 0.001183104 0.001101176 0.002181597
[1] 0.004042967 0.001184465 0.001099918 0.002171253
[1] 0.004043610 0.001186388 0.001099546 0.002175965
[1] 0.004040188 0.001183997 0.001100426 0.002175866
[1] 0.004043160 0.001185452 0.001099748 0.002173971
[1] 0.004041787 0.001185081 0.001100019 0.002175808
[1] 0.004041834 0.001184818 0.001100048 0.002174867
[1] 0.004042369 0.001185224 0.001099906 0.002174984
[1] 0.004041842 0.001184950 0.001100028 0.002175270
[1] 0.004042115 0.001185038 0.001099972 0.002174949
[1] 0.004042079 0.001185070 0.001099974 0.002175132
[1] 0.004041998 0.001185003 0.001099996 0.002175094
[1] 0.004042090 0.001185053 0.001099974 0.002175053
[1] 0.004042037 0.001185034 0.001099986 0.002175108
[1] 0.004042048 0.001185031 0.001099984 0.002175073
[1] 0.004042060 0.001185042 0.001099981 0.002175083
[1] 0.004042044 0.001185033 0.001099985 0.002175089
Algorithm converged after  341  iterations.
[1] 0.0085473016 0.0014988956 0.0007180163 0.0005225265
[1] 0.004538324 0.001387750 0.001942486 0.003392200
[1] 0.006219224 0.001396474 0.001221822 0.002519120
[1] 0.006147995 0.001400567 0.001240300 0.002525110
[1] 0.006150562 0.001400315 0.001239592 0.002524630
Algorithm converged after  50  iterations.
Warning messages:
1: In max(abs(CT), na.rm = T) :
  no non-missing arguments to max; returning -Inf
2: In max(abs(CT), na.rm = T) :
  no non-missing arguments to max; returning -Inf
3: In max(abs(CT), na.rm = T) :
  no non-missing arguments to max; returning -Inf
4: In max(abs(CT), na.rm = T) :
  no non-missing arguments to max; returning -Inf
5: In max(abs(CT), na.rm = T) :
  no non-missing arguments to max; returning -Inf
6: In max(abs(CT), na.rm = T) :
  no non-missing arguments to max; returning -Inf
7: In max(abs(CT), na.rm = T) :
  no non-missing arguments to max; returning -Inf
8: In max(abs(CT), na.rm = T) :
  no non-missing arguments to max; returning -Inf
9: In max(abs(CT), na.rm = T) :
  no non-missing arguments to max; returning -Inf
10: In max(abs(CT), na.rm = T) :
  no non-missing arguments to max; returning -Inf
[1] "Best iter parameter is:"
      gam     rankJ    rankA1    rankA2    rankA3 
0.4285714 1.0000000 0.0000000 0.0000000 1.0000000 
[1] 0.0073916026 0.0008403071
[1] 0.012895387 0.007313047
[1] 0.012907153 0.007323556
Algorithm converged after  23  iterations.
        [,1]     [,2]     [,3]
[1,] 7.00313 9.359642 45.19445
