myseed=5545 

Attaching package: ‘pls’

The following object is masked from ‘package:stats’:

    loadings

Loading required package: lattice
Loading required package: ggplot2
Registered S3 methods overwritten by 'ggplot2':
  method         from 
  [.quosures     rlang
  c.quosures     rlang
  print.quosures rlang

Attaching package: ‘caret’

The following object is masked from ‘package:pls’:

    R2

Loading required package: Matrix
Loading required package: foreach
Loaded glmnet 2.0-18

Parsed with column specification:
cols(
  .default = col_double()
)
See spec(...) for full column specifications.
Parsed with column specification:
cols(
  X1 = col_double()
)
Parsed with column specification:
cols(
  X1 = col_double()
)
$gam
[1] 0

$rankJ
[1] 0

$rankA
[1] 0 0 0

[1] 0.6738489
Algorithm converged after  2  iterations.
$gam
[1] 0.02040816

$rankJ
[1] 0

$rankA
[1] 0 0 0

[1] 0.6738489
Algorithm converged after  2  iterations.
$gam
[1] 0.04166667

$rankJ
[1] 0

$rankA
[1] 0 0 0

[1] 0.6738489
Algorithm converged after  2  iterations.
$gam
[1] 0.06382979

$rankJ
[1] 0

$rankA
[1] 0 0 0

[1] 0.6738489
Algorithm converged after  2  iterations.
$gam
[1] 0.08695652

$rankJ
[1] 0

$rankA
[1] 0 0 0

[1] 0.6738489
Algorithm converged after  2  iterations.
$gam
[1] 0.1111111

$rankJ
[1] 0

$rankA
[1] 0 0 0

[1] 0.6738489
Algorithm converged after  2  iterations.
$gam
[1] 0.1363636

$rankJ
[1] 0

$rankA
[1] 0 0 0

[1] 0.6738489
Algorithm converged after  2  iterations.
$gam
[1] 0.1627907

$rankJ
[1] 0

$rankA
[1] 0 0 0

[1] 0.6738489
Algorithm converged after  2  iterations.
$gam
[1] 0.1904762

$rankJ
[1] 0

$rankA
[1] 0 0 0

[1] 0.6738489
Algorithm converged after  2  iterations.
$gam
[1] 0.2195122

$rankJ
[1] 0

$rankA
[1] 0 0 0

[1] 0.6738489
Algorithm converged after  2  iterations.
$gam
[1] 0.25

$rankJ
[1] 0

$rankA
[1] 0 0 0

[1] 0.6738489
Algorithm converged after  2  iterations.
$gam
[1] 0.2820513

$rankJ
[1] 0

$rankA
[1] 0 0 0

[1] 0.6738489
Algorithm converged after  2  iterations.
$gam
[1] 0.3157895

$rankJ
[1] 0

$rankA
[1] 0 0 0

[1] 0.6738489
Algorithm converged after  2  iterations.
$gam
[1] 0.3513514

$rankJ
[1] 0

$rankA
[1] 0 0 0

[1] 0.6738489
Algorithm converged after  2  iterations.
$gam
[1] 0.3888889

$rankJ
[1] 0

$rankA
[1] 0 0 0

[1] 0.6738489
Algorithm converged after  2  iterations.
$gam
[1] 0.4285714

$rankJ
[1] 0

$rankA
[1] 0 0 0

[1] 0.6738489
Algorithm converged after  2  iterations.
$gam
[1] 0.4705882

$rankJ
[1] 0

$rankA
[1] 0 0 0

[1] 0.6738489
Algorithm converged after  2  iterations.
$gam
[1] 0.5151515

$rankJ
[1] 0

$rankA
[1] 0 0 0

[1] 0.6738489
Algorithm converged after  2  iterations.
$gam
[1] 0.5625

$rankJ
[1] 0

$rankA
[1] 0 0 0

[1] 0.6738489
Algorithm converged after  2  iterations.
$gam
[1] 0.6129032

$rankJ
[1] 0

$rankA
[1] 0 0 0

[1] 0.6738489
Algorithm converged after  2  iterations.
$gam
[1] 0.6666667

$rankJ
[1] 0

$rankA
[1] 0 0 0

[1] 0.6738489
Algorithm converged after  2  iterations.
$gam
[1] 0.7241379

$rankJ
[1] 0

$rankA
[1] 0 0 0

[1] 0.6738489
Algorithm converged after  2  iterations.
$gam
[1] 0.7857143

$rankJ
[1] 0

$rankA
[1] 0 0 0

[1] 0.6738489
Algorithm converged after  2  iterations.
$gam
[1] 0.8518519

$rankJ
[1] 0

$rankA
[1] 0 0 0

[1] 0.6738489
Algorithm converged after  2  iterations.
$gam
[1] 0.9230769

$rankJ
[1] 0

$rankA
[1] 0 0 0

[1] 0.6738489
Algorithm converged after  2  iterations.
$gam
[1] 1

$rankJ
[1] 0

$rankA
[1] 0 0 0

[1] 0.6738489
Algorithm converged after  2  iterations.
$gam
[1] 1.083333

$rankJ
[1] 0

$rankA
[1] 0 0 0

[1] 0.6738489
Algorithm converged after  2  iterations.
$gam
[1] 1.173913

$rankJ
[1] 0

$rankA
[1] 0 0 0

[1] 0.6738489
Algorithm converged after  2  iterations.
$gam
[1] 1.272727

$rankJ
[1] 0

$rankA
[1] 0 0 0

[1] 0.6738489
Algorithm converged after  2  iterations.
$gam
[1] 1.380952

$rankJ
[1] 0

$rankA
[1] 0 0 0

[1] 0.6738489
Algorithm converged after  2  iterations.
$gam
[1] 1.5

$rankJ
[1] 0

$rankA
[1] 0 0 0

[1] 0.6738489
Algorithm converged after  2  iterations.
$gam
[1] 1.631579

$rankJ
[1] 0

$rankA
[1] 0 0 0

[1] 0.6738489
Algorithm converged after  2  iterations.
$gam
[1] 1.777778

$rankJ
[1] 0

$rankA
[1] 0 0 0

[1] 0.6738489
Algorithm converged after  2  iterations.
$gam
[1] 1.941176

$rankJ
[1] 0

$rankA
[1] 0 0 0

[1] 0.6738489
Algorithm converged after  2  iterations.
$gam
[1] 2.125

$rankJ
[1] 0

$rankA
[1] 0 0 0

[1] 0.6738489
Algorithm converged after  2  iterations.
$gam
[1] 2.333333

$rankJ
[1] 0

$rankA
[1] 0 0 0

[1] 0.6738489
Algorithm converged after  2  iterations.
$gam
[1] 2.571429

$rankJ
[1] 0

$rankA
[1] 0 0 0

[1] 0.6738489
Algorithm converged after  2  iterations.
$gam
[1] 2.846154

$rankJ
[1] 0

$rankA
[1] 0 0 0

[1] 0.6738489
Algorithm converged after  2  iterations.
$gam
[1] 3.166667

$rankJ
[1] 0

$rankA
[1] 0 0 0

[1] 0.6738489
Algorithm converged after  2  iterations.
$gam
[1] 3.545455

$rankJ
[1] 0

$rankA
[1] 0 0 0

[1] 0.6738489
Algorithm converged after  2  iterations.
$gam
[1] 4

$rankJ
[1] 0

$rankA
[1] 0 0 0

[1] 0.6738489
Algorithm converged after  2  iterations.
$gam
[1] 4.555556

$rankJ
[1] 0

$rankA
[1] 0 0 0

[1] 0.6738489
Algorithm converged after  2  iterations.
$gam
[1] 5.25

$rankJ
[1] 0

$rankA
[1] 0 0 0

[1] 0.6738489
Algorithm converged after  2  iterations.
$gam
[1] 6.142857

$rankJ
[1] 0

$rankA
[1] 0 0 0

[1] 0.6738489
Algorithm converged after  2  iterations.
$gam
[1] 7.333333

$rankJ
[1] 0

$rankA
[1] 0 0 0

[1] 0.6738489
Algorithm converged after  2  iterations.
$gam
[1] 9

$rankJ
[1] 0

$rankA
[1] 0 0 0

[1] 0.6738489
Algorithm converged after  2  iterations.
$gam
[1] 11.5

$rankJ
[1] 0

$rankA
[1] 0 0 0

[1] 0.2553102
Algorithm converged after  2  iterations.
$gam
[1] 15.66667

$rankJ
[1] 0

$rankA
[1] 0 0 0

[1] 0.2553102
Algorithm converged after  2  iterations.
$gam
[1] 24

$rankJ
[1] 0

$rankA
[1] 0 0 0

[1] 0.2553102
Algorithm converged after  2  iterations.
$gam
[1] 49

$rankJ
[1] 0

$rankA
[1] 0 0 0

[1] 0.2553102
Algorithm converged after  2  iterations.
$gam
[1] 1e+10

$rankJ
[1] 0

$rankA
[1] 0 0 0

[1] 0.2553102
Algorithm converged after  2  iterations.
$gam
[1] 0

$rankJ
[1] 0

$rankA
[1] 1 0 0

[1] 0.5720797
Algorithm converged after  2  iterations.
$gam
[1] 0.02040816

$rankJ
[1] 0

$rankA
[1] 1 0 0

[1] 0.576623
Algorithm converged after  2  iterations.
$gam
[1] 0.04166667

$rankJ
[1] 0

$rankA
[1] 1 0 0

[1] 0.5790672
Algorithm converged after  2  iterations.
$gam
[1] 0.06382979

$rankJ
[1] 0

$rankA
[1] 1 0 0

[1] 0.5891419
Algorithm converged after  2  iterations.
$gam
[1] 0.08695652

$rankJ
[1] 0

$rankA
[1] 1 0 0

[1] 0.5931216
Algorithm converged after  2  iterations.
$gam
[1] 0.1111111

$rankJ
[1] 0

$rankA
[1] 1 0 0

[1] 0.596208
Algorithm converged after  2  iterations.
$gam
[1] 0.1363636

$rankJ
[1] 0

$rankA
[1] 1 0 0

[1] 0.5989736
Algorithm converged after  2  iterations.
$gam
[1] 0.1627907

$rankJ
[1] 0

$rankA
[1] 1 0 0

[1] 0.6016692
Algorithm converged after  2  iterations.
$gam
[1] 0.1904762

$rankJ
[1] 0

$rankA
[1] 1 0 0

[1] 0.6045127
Algorithm converged after  2  iterations.
$gam
[1] 0.2195122

$rankJ
[1] 0

$rankA
[1] 1 0 0

[1] 0.6077316
Algorithm converged after  2  iterations.
$gam
[1] 0.25

$rankJ
[1] 0

$rankA
[1] 1 0 0

[1] 0.6115701
Algorithm converged after  2  iterations.
$gam
[1] 0.2820513

$rankJ
[1] 0

$rankA
[1] 1 0 0

[1] 0.6163005
Algorithm converged after  2  iterations.
$gam
[1] 0.3157895

$rankJ
[1] 0

$rankA
[1] 1 0 0

[1] 0.6221649
Algorithm converged after  2  iterations.
$gam
[1] 0.3513514

$rankJ
[1] 0

$rankA
[1] 1 0 0

[1] 0.6290522
Algorithm converged after  2  iterations.
$gam
[1] 0.3888889

$rankJ
[1] 0

$rankA
[1] 1 0 0

[1] 0.6356862
Algorithm converged after  2  iterations.
$gam
[1] 0.4285714

$rankJ
[1] 0

$rankA
[1] 1 0 0

[1] 0.6406373
Algorithm converged after  2  iterations.
$gam
[1] 0.4705882

$rankJ
[1] 0

$rankA
[1] 1 0 0

[1] 0.6440597
Algorithm converged after  2  iterations.
$gam
[1] 0.5151515

$rankJ
[1] 0

$rankA
[1] 1 0 0

[1] 0.6465492
Algorithm converged after  2  iterations.
$gam
[1] 0.5625

$rankJ
[1] 0

$rankA
[1] 1 0 0

[1] 0.6484909
Algorithm converged after  2  iterations.
$gam
[1] 0.6129032

$rankJ
[1] 0

$rankA
[1] 1 0 0

[1] 0.6501004
Algorithm converged after  2  iterations.
$gam
[1] 0.6666667

$rankJ
[1] 0

$rankA
[1] 1 0 0

[1] 0.6515024
Algorithm converged after  2  iterations.
$gam
[1] 0.7241379

$rankJ
[1] 0

$rankA
[1] 1 0 0

[1] 0.6527733
Algorithm converged after  2  iterations.
$gam
[1] 0.7857143

$rankJ
[1] 0

$rankA
[1] 1 0 0

[1] 0.6539604
Algorithm converged after  2  iterations.
$gam
[1] 0.8518519

$rankJ
[1] 0

$rankA
[1] 1 0 0

[1] 0.6550916
Algorithm converged after  2  iterations.
$gam
[1] 0.9230769

$rankJ
[1] 0

$rankA
[1] 1 0 0

[1] 0.65618
Algorithm converged after  2  iterations.
$gam
[1] 1

$rankJ
[1] 0

$rankA
[1] 1 0 0

[1] 0.6572287
Algorithm converged after  2  iterations.
$gam
[1] 1.083333

$rankJ
[1] 0

$rankA
[1] 1 0 0

[1] 0.6582344
Algorithm converged after  2  iterations.
$gam
[1] 1.173913

$rankJ
[1] 0

$rankA
[1] 1 0 0

[1] 0.6591916
Algorithm converged after  2  iterations.
$gam
[1] 1.272727

$rankJ
[1] 0

$rankA
[1] 1 0 0

[1] 0.6600956
Algorithm converged after  2  iterations.
$gam
[1] 1.380952

$rankJ
[1] 0

$rankA
[1] 1 0 0

[1] 0.6609437
Algorithm converged after  2  iterations.
$gam
[1] 1.5

$rankJ
[1] 0

$rankA
[1] 1 0 0

[1] 0.6617358
Algorithm converged after  2  iterations.
$gam
[1] 1.631579

$rankJ
[1] 0

$rankA
[1] 1 0 0

[1] 0.662474
Algorithm converged after  2  iterations.
$gam
[1] 1.777778

$rankJ
[1] 0

$rankA
[1] 1 0 0

[1] 0.6631614
Algorithm converged after  2  iterations.
$gam
[1] 1.941176

$rankJ
[1] 0

$rankA
[1] 1 0 0

[1] 0.6638021
Algorithm converged after  2  iterations.
$gam
[1] 2.125

$rankJ
[1] 0

$rankA
[1] 1 0 0

[1] 0.6644003
Algorithm converged after  2  iterations.
$gam
[1] 2.333333

$rankJ
[1] 0

$rankA
[1] 1 0 0

[1] 0.6649603
Algorithm converged after  2  iterations.
$gam
[1] 2.571429

$rankJ
[1] 0

$rankA
[1] 1 0 0

[1] 0.6654861
Algorithm converged after  2  iterations.
$gam
[1] 2.846154

$rankJ
[1] 0

$rankA
[1] 1 0 0

[1] 0.6659815
Algorithm converged after  2  iterations.
$gam
[1] 3.166667

$rankJ
[1] 0

$rankA
[1] 1 0 0

[1] 0.6664501
Algorithm converged after  2  iterations.
$gam
[1] 3.545455

$rankJ
[1] 0

$rankA
[1] 1 0 0

[1] 0.666895
Algorithm converged after  2  iterations.
$gam
[1] 4

$rankJ
[1] 0

$rankA
[1] 1 0 0

[1] 0.6673191
Algorithm converged after  2  iterations.
$gam
[1] 4.555556

$rankJ
[1] 0

$rankA
[1] 1 0 0

[1] 0.6677252
Algorithm converged after  2  iterations.
$gam
[1] 5.25

$rankJ
[1] 0

$rankA
[1] 1 0 0

[1] 0.6681159
Algorithm converged after  2  iterations.
$gam
[1] 6.142857

$rankJ
[1] 0

$rankA
[1] 1 0 0

[1] 0.6684935
Algorithm converged after  2  iterations.
$gam
[1] 7.333333

$rankJ
[1] 0

$rankA
[1] 1 0 0

[1] 0.6688604
Algorithm converged after  2  iterations.
$gam
[1] 9

$rankJ
[1] 0

$rankA
[1] 1 0 0

[1] 0.6692191
Algorithm converged after  2  iterations.
$gam
[1] 11.5

$rankJ
[1] 0

$rankA
[1] 1 0 0

[1] 0.2452659
Algorithm converged after  2  iterations.
$gam
[1] 15.66667

$rankJ
[1] 0

$rankA
[1] 1 0 0

[1] 0.2452001
Algorithm converged after  2  iterations.
$gam
[1] 24

$rankJ
[1] 0

$rankA
[1] 1 0 0

[1] 0.2451494
Algorithm converged after  2  iterations.
$gam
[1] 49

$rankJ
[1] 0

$rankA
[1] 1 0 0

[1] 0.245116
Algorithm converged after  2  iterations.
$gam
[1] 1e+10

$rankJ
[1] 0

$rankA
[1] 1 0 0

[1] 0.2451036
Algorithm converged after  2  iterations.
$gam
[1] 0

$rankJ
[1] 0

$rankA
[1] 0 1 0

[1] 0.5823051
Algorithm converged after  2  iterations.
$gam
[1] 0.02040816

$rankJ
[1] 0

$rankA
[1] 0 1 0

[1] 0.5835871
Algorithm converged after  2  iterations.
$gam
[1] 0.04166667

$rankJ
[1] 0

$rankA
[1] 0 1 0

[1] 0.5852386
Algorithm converged after  2  iterations.
$gam
[1] 0.06382979

$rankJ
[1] 0

$rankA
[1] 0 1 0

[1] 0.5960066
Algorithm converged after  2  iterations.
$gam
[1] 0.08695652

$rankJ
[1] 0

$rankA
[1] 0 1 0

[1] 0.5999155
Algorithm converged after  2  iterations.
$gam
[1] 0.1111111

$rankJ
[1] 0

$rankA
[1] 0 1 0

[1] 0.6024585
Algorithm converged after  2  iterations.
$gam
[1] 0.1363636

$rankJ
[1] 0

$rankA
[1] 0 1 0

[1] 0.6047195
Algorithm converged after  2  iterations.
$gam
[1] 0.1627907

$rankJ
[1] 0

$rankA
[1] 0 1 0

[1] 0.6069183
Algorithm converged after  2  iterations.
$gam
[1] 0.1904762

$rankJ
[1] 0

$rankA
[1] 0 1 0

[1] 0.609166
Algorithm converged after  2  iterations.
$gam
[1] 0.2195122

$rankJ
[1] 0

$rankA
[1] 0 1 0

[1] 0.6115835
Algorithm converged after  2  iterations.
$gam
[1] 0.25

$rankJ
[1] 0

$rankA
[1] 0 1 0

[1] 0.6143431
Algorithm converged after  2  iterations.
$gam
[1] 0.2820513

$rankJ
[1] 0

$rankA
[1] 0 1 0

[1] 0.6177536
Algorithm converged after  2  iterations.
$gam
[1] 0.3157895

$rankJ
[1] 0

$rankA
[1] 0 1 0

[1] 0.6225355
Algorithm converged after  2  iterations.
$gam
[1] 0.3513514

$rankJ
[1] 0

$rankA
[1] 0 1 0

[1] 0.6325062
Algorithm converged after  2  iterations.
$gam
[1] 0.3888889

$rankJ
[1] 0

$rankA
[1] 0 1 0

[1] 0.6541056
Algorithm converged after  2  iterations.
$gam
[1] 0.4285714

$rankJ
[1] 0

$rankA
[1] 0 1 0

[1] 0.6558031
Algorithm converged after  2  iterations.
$gam
[1] 0.4705882

$rankJ
[1] 0

$rankA
[1] 0 1 0

[1] 0.6568177
Algorithm converged after  2  iterations.
$gam
[1] 0.5151515

$rankJ
[1] 0

$rankA
[1] 0 1 0

[1] 0.6575421
Algorithm converged after  2  iterations.
$gam
[1] 0.5625

$rankJ
[1] 0

$rankA
[1] 0 1 0

[1] 0.6581059
Algorithm converged after  2  iterations.
$gam
[1] 0.6129032

$rankJ
[1] 0

$rankA
[1] 0 1 0

[1] 0.6585691
Algorithm converged after  2  iterations.
$gam
[1] 0.6666667

$rankJ
[1] 0

$rankA
[1] 0 1 0

[1] 0.6589651
Algorithm converged after  2  iterations.
$gam
[1] 0.7241379

$rankJ
[1] 0

$rankA
[1] 0 1 0

[1] 0.6593151
Algorithm converged after  2  iterations.
$gam
[1] 0.7857143

$rankJ
[1] 0

$rankA
[1] 0 1 0

[1] 0.6596345
Algorithm converged after  2  iterations.
$gam
[1] 0.8518519

$rankJ
[1] 0

$rankA
[1] 0 1 0

[1] 0.6599363
Algorithm converged after  2  iterations.
$gam
[1] 0.9230769

$rankJ
[1] 0

$rankA
[1] 0 1 0

[1] 0.6602336
Algorithm converged after  2  iterations.
$gam
[1] 1

$rankJ
[1] 0

$rankA
[1] 0 1 0

[1] 0.6605422
Algorithm converged after  2  iterations.
$gam
[1] 1.083333

$rankJ
[1] 0

$rankA
[1] 0 1 0

[1] 0.6608833
Algorithm converged after  2  iterations.
$gam
[1] 1.173913

$rankJ
[1] 0

$rankA
[1] 0 1 0

[1] 0.6612877
Algorithm converged after  2  iterations.
$gam
[1] 1.272727

$rankJ
[1] 0

$rankA
[1] 0 1 0

[1] 0.6617961
Algorithm converged after  2  iterations.
$gam
[1] 1.380952

$rankJ
[1] 0

$rankA
[1] 0 1 0

[1] 0.6624486
Algorithm converged after  2  iterations.
$gam
[1] 1.5

$rankJ
[1] 0

$rankA
[1] 0 1 0

[1] 0.6632539
Algorithm converged after  2  iterations.
$gam
[1] 1.631579

$rankJ
[1] 0

$rankA
[1] 0 1 0

[1] 0.664166
Algorithm converged after  2  iterations.
$gam
[1] 1.777778

$rankJ
[1] 0

$rankA
[1] 0 1 0

[1] 0.6651081
Algorithm converged after  2  iterations.
$gam
[1] 1.941176

$rankJ
[1] 0

$rankA
[1] 0 1 0

[1] 0.6660166
Algorithm converged after  2  iterations.
$gam
[1] 2.125

$rankJ
[1] 0

$rankA
[1] 0 1 0

[1] 0.6668579
Algorithm converged after  2  iterations.
$gam
[1] 2.333333

$rankJ
[1] 0

$rankA
[1] 0 1 0

[1] 0.5836811
Algorithm converged after  2  iterations.
$gam
[1] 2.571429

$rankJ
[1] 0

$rankA
[1] 0 1 0

[1] 0.6683088
Algorithm converged after  2  iterations.
$gam
[1] 2.846154

$rankJ
[1] 0

$rankA
[1] 0 1 0

[1] 0.6676234
Algorithm converged after  2  iterations.
$gam
[1] 3.166667

$rankJ
[1] 0

$rankA
[1] 0 1 0

[1] 0.6689858
Algorithm converged after  2  iterations.
$gam
[1] 3.545455

$rankJ
[1] 0

$rankA
[1] 0 1 0

[1] 0.6699622
Algorithm converged after  2  iterations.
$gam
[1] 4

$rankJ
[1] 0

$rankA
[1] 0 1 0

[1] 0.6707233
Algorithm converged after  2  iterations.
$gam
[1] 4.555556

$rankJ
[1] 0

$rankA
[1] 0 1 0

[1] 0.6713394
Algorithm converged after  2  iterations.
$gam
[1] 5.25

$rankJ
[1] 0

$rankA
[1] 0 1 0

[1] 0.6626698
Algorithm converged after  2  iterations.
$gam
[1] 6.142857

$rankJ
[1] 0

$rankA
[1] 0 1 0

[1] 0.6715971
Algorithm converged after  2  iterations.
$gam
[1] 7.333333

$rankJ
[1] 0

$rankA
[1] 0 1 0

[1] 0.6719264
Algorithm converged after  2  iterations.
$gam
[1] 9

$rankJ
[1] 0

$rankA
[1] 0 1 0

[1] 0.672235
Algorithm converged after  2  iterations.
$gam
[1] 11.5

$rankJ
[1] 0

$rankA
[1] 0 1 0

[1] 0.2445665
Algorithm converged after  2  iterations.
$gam
[1] 15.66667

$rankJ
[1] 0

$rankA
[1] 0 1 0

[1] 0.2443703
Algorithm converged after  2  iterations.
$gam
[1] 24

$rankJ
[1] 0

$rankA
[1] 0 1 0

[1] 0.2441941
Algorithm converged after  2  iterations.
$gam
[1] 49

$rankJ
[1] 0

$rankA
[1] 0 1 0

[1] 0.2440452
Algorithm converged after  2  iterations.
$gam
[1] 1e+10

$rankJ
[1] 0

$rankA
[1] 0 1 0

[1] 0.243958
Algorithm converged after  2  iterations.
$gam
[1] 0

$rankJ
[1] 0

$rankA
[1] 0 0 1

[1] 0.6005364
Algorithm converged after  2  iterations.
$gam
[1] 0.02040816

$rankJ
[1] 0

$rankA
[1] 0 0 1

[1] 0.6033624
Algorithm converged after  2  iterations.
$gam
[1] 0.04166667

$rankJ
[1] 0

$rankA
[1] 0 0 1

[1] 0.6058398
Algorithm converged after  2  iterations.
$gam
[1] 0.06382979

$rankJ
[1] 0

$rankA
[1] 0 0 1

[1] 0.6089467
Algorithm converged after  2  iterations.
$gam
[1] 0.08695652

$rankJ
[1] 0

$rankA
[1] 0 0 1

[1] 0.6124606
Algorithm converged after  2  iterations.
$gam
[1] 0.1111111

$rankJ
[1] 0

$rankA
[1] 0 0 1

[1] 0.616101
Algorithm converged after  2  iterations.
$gam
[1] 0.1363636

$rankJ
[1] 0

$rankA
[1] 0 0 1

[1] 0.6202656
Algorithm converged after  2  iterations.
$gam
[1] 0.1627907

$rankJ
[1] 0

$rankA
[1] 0 0 1

[1] 0.6246296
Algorithm converged after  2  iterations.
$gam
[1] 0.1904762

$rankJ
[1] 0

$rankA
[1] 0 0 1

[1] 0.629066
Algorithm converged after  2  iterations.
$gam
[1] 0.2195122

$rankJ
[1] 0

$rankA
[1] 0 0 1

[1] 0.6341718
Algorithm converged after  2  iterations.
$gam
[1] 0.25

$rankJ
[1] 0

$rankA
[1] 0 0 1

[1] 0.6397523
Algorithm converged after  2  iterations.
$gam
[1] 0.2820513

$rankJ
[1] 0

$rankA
[1] 0 0 1

[1] 0.6438039
Algorithm converged after  2  iterations.
$gam
[1] 0.3157895

$rankJ
[1] 0

$rankA
[1] 0 0 1

[1] 0.6463029
Algorithm converged after  2  iterations.
$gam
[1] 0.3513514

$rankJ
[1] 0

$rankA
[1] 0 0 1

[1] 0.6480021
Algorithm converged after  2  iterations.
$gam
[1] 0.3888889

$rankJ
[1] 0

$rankA
[1] 0 0 1

[1] 0.6492895
Algorithm converged after  2  iterations.
$gam
[1] 0.4285714

$rankJ
[1] 0

$rankA
[1] 0 0 1

[1] 0.6503539
Algorithm converged after  2  iterations.
$gam
[1] 0.4705882

$rankJ
[1] 0

$rankA
[1] 0 0 1

[1] 0.6513025
Algorithm converged after  2  iterations.
$gam
[1] 0.5151515

$rankJ
[1] 0

$rankA
[1] 0 0 1

[1] 0.6522095
Algorithm converged after  2  iterations.
$gam
[1] 0.5625

$rankJ
[1] 0

$rankA
[1] 0 0 1

[1] 0.6531371
Algorithm converged after  2  iterations.
$gam
[1] 0.6129032

$rankJ
[1] 0

$rankA
[1] 0 0 1

[1] 0.6541447
Algorithm converged after  2  iterations.
$gam
[1] 0.6666667

$rankJ
[1] 0

$rankA
[1] 0 0 1

[1] 0.6552891
Algorithm converged after  2  iterations.
$gam
[1] 0.7241379

$rankJ
[1] 0

$rankA
[1] 0 0 1

[1] 0.6566065
Algorithm converged after  2  iterations.
$gam
[1] 0.7857143

$rankJ
[1] 0

$rankA
[1] 0 0 1

[1] 0.6580776
Algorithm converged after  2  iterations.
$gam
[1] 0.8518519

$rankJ
[1] 0

$rankA
[1] 0 0 1

[1] 0.6596058
Algorithm converged after  2  iterations.
$gam
[1] 0.9230769

$rankJ
[1] 0

$rankA
[1] 0 0 1

[1] 0.6610615
Algorithm converged after  2  iterations.
$gam
[1] 1

$rankJ
[1] 0

$rankA
[1] 0 0 1

[1] 0.6623576
Algorithm converged after  2  iterations.
$gam
[1] 1.083333

$rankJ
[1] 0

$rankA
[1] 0 0 1

[1] 0.6634703
Algorithm converged after  2  iterations.
$gam
[1] 1.173913

$rankJ
[1] 0

$rankA
[1] 0 0 1

[1] 0.6644144
Algorithm converged after  2  iterations.
$gam
[1] 1.272727

$rankJ
[1] 0

$rankA
[1] 0 0 1

[1] 0.6652169
Algorithm converged after  2  iterations.
$gam
[1] 1.380952

$rankJ
[1] 0

$rankA
[1] 0 0 1

[1] 0.6659047
Algorithm converged after  2  iterations.
$gam
[1] 1.5

$rankJ
[1] 0

$rankA
[1] 0 0 1

[1] 0.6665006
Algorithm converged after  2  iterations.
$gam
[1] 1.631579

$rankJ
[1] 0

$rankA
[1] 0 0 1

[1] 0.6670224
Algorithm converged after  2  iterations.
$gam
[1] 1.777778

$rankJ
[1] 0

$rankA
[1] 0 0 1

[1] 0.6674843
Algorithm converged after  2  iterations.
$gam
[1] 1.941176

$rankJ
[1] 0

$rankA
[1] 0 0 1

[1] 0.6678972
Algorithm converged after  2  iterations.
$gam
[1] 2.125

$rankJ
[1] 0

$rankA
[1] 0 0 1

[1] 0.6682696
Algorithm converged after  2  iterations.
$gam
[1] 2.333333

$rankJ
[1] 0

$rankA
[1] 0 0 1

[1] 0.6686083
Algorithm converged after  2  iterations.
$gam
[1] 2.571429

$rankJ
[1] 0

$rankA
[1] 0 0 1

[1] 0.6689187
Algorithm converged after  2  iterations.
$gam
[1] 2.846154

$rankJ
[1] 0

$rankA
[1] 0 0 1

[1] 0.6692052
Algorithm converged after  2  iterations.
$gam
[1] 3.166667

$rankJ
[1] 0

$rankA
[1] 0 0 1

[1] 0.6694712
Algorithm converged after  2  iterations.
$gam
[1] 3.545455

$rankJ
[1] 0

$rankA
[1] 0 0 1

[1] 0.6697199
Algorithm converged after  2  iterations.
$gam
[1] 4

$rankJ
[1] 0

$rankA
[1] 0 0 1

[1] 0.6699537
Algorithm converged after  2  iterations.
$gam
[1] 4.555556

$rankJ
[1] 0

$rankA
[1] 0 0 1

[1] 0.6701746
Algorithm converged after  2  iterations.
$gam
[1] 5.25

$rankJ
[1] 0

$rankA
[1] 0 0 1

[1] 0.6703847
Algorithm converged after  2  iterations.
$gam
[1] 6.142857

$rankJ
[1] 0

$rankA
[1] 0 0 1

[1] 0.6705854
Algorithm converged after  2  iterations.
$gam
[1] 7.333333

$rankJ
[1] 0

$rankA
[1] 0 0 1

[1] 0.6707782
Algorithm converged after  2  iterations.
$gam
[1] 9

$rankJ
[1] 0

$rankA
[1] 0 0 1

[1] 0.6709645
Algorithm converged after  2  iterations.
$gam
[1] 11.5

$rankJ
[1] 0

$rankA
[1] 0 0 1

[1] 0.2063641
Algorithm converged after  2  iterations.
$gam
[1] 15.66667

$rankJ
[1] 0

$rankA
[1] 0 0 1

[1] 0.2060845
Algorithm converged after  2  iterations.
$gam
[1] 24

$rankJ
[1] 0

$rankA
[1] 0 0 1

[1] 0.2058769
Algorithm converged after  2  iterations.
$gam
[1] 49

$rankJ
[1] 0

$rankA
[1] 0 0 1

[1] 0.2057459
Algorithm converged after  2  iterations.
$gam
[1] 1e+10

$rankJ
[1] 0

$rankA
[1] 0 0 1

[1] 0.2056997
Algorithm converged after  2  iterations.
$gam
[1] 0

$rankJ
[1] 1

$rankA
[1] 0 0 0

[1] 0.5350461
Algorithm converged after  2  iterations.
$gam
[1] 0.02040816

$rankJ
[1] 1

$rankA
[1] 0 0 0

[1] 0.5384054
Algorithm converged after  2  iterations.
$gam
[1] 0.04166667

$rankJ
[1] 1

$rankA
[1] 0 0 0

[1] 0.542884
Algorithm converged after  2  iterations.
$gam
[1] 0.06382979

$rankJ
[1] 1

$rankA
[1] 0 0 0

[1] 0.5492063
Algorithm converged after  2  iterations.
$gam
[1] 0.08695652

$rankJ
[1] 1

$rankA
[1] 0 0 0

[1] 0.5542447
Algorithm converged after  2  iterations.
$gam
[1] 0.1111111

$rankJ
[1] 1

$rankA
[1] 0 0 0

[1] 0.5601788
Algorithm converged after  2  iterations.
$gam
[1] 0.1363636

$rankJ
[1] 1

$rankA
[1] 0 0 0

[1] 0.5684286
Algorithm converged after  2  iterations.
$gam
[1] 0.1627907

$rankJ
[1] 1

$rankA
[1] 0 0 0

[1] 0.5792585
Algorithm converged after  2  iterations.
$gam
[1] 0.1904762

$rankJ
[1] 1

$rankA
[1] 0 0 0

[1] 0.5925572
Algorithm converged after  2  iterations.
$gam
[1] 0.2195122

$rankJ
[1] 1

$rankA
[1] 0 0 0

[1] 0.6053058
Algorithm converged after  2  iterations.
$gam
[1] 0.25

$rankJ
[1] 1

$rankA
[1] 0 0 0

[1] 0.6126637
Algorithm converged after  2  iterations.
$gam
[1] 0.2820513

$rankJ
[1] 1

$rankA
[1] 0 0 0

[1] 0.616833
Algorithm converged after  2  iterations.
$gam
[1] 0.3157895

$rankJ
[1] 1

$rankA
[1] 0 0 0

[1] 0.6195686
Algorithm converged after  2  iterations.
$gam
[1] 0.3513514

$rankJ
[1] 1

$rankA
[1] 0 0 0

[1] 0.6215608
Algorithm converged after  2  iterations.
$gam
[1] 0.3888889

$rankJ
[1] 1

$rankA
[1] 0 0 0

[1] 0.6231151
Algorithm converged after  2  iterations.
$gam
[1] 0.4285714

$rankJ
[1] 1

$rankA
[1] 0 0 0

[1] 0.6243887
Algorithm converged after  2  iterations.
$gam
[1] 0.4705882

$rankJ
[1] 1

$rankA
[1] 0 0 0

[1] 0.625473
Algorithm converged after  2  iterations.
$gam
[1] 0.5151515

$rankJ
[1] 1

$rankA
[1] 0 0 0

[1] 0.6264273
Algorithm converged after  2  iterations.
$gam
[1] 0.5625

$rankJ
[1] 1

$rankA
[1] 0 0 0

[1] 0.6272941
Algorithm converged after  2  iterations.
$gam
[1] 0.6129032

$rankJ
[1] 1

$rankA
[1] 0 0 0

[1] 0.6281078
Algorithm converged after  2  iterations.
$gam
[1] 0.6666667

$rankJ
[1] 1

$rankA
[1] 0 0 0

[1] 0.6289006
Algorithm converged after  2  iterations.
$gam
[1] 0.7241379

$rankJ
[1] 1

$rankA
[1] 0 0 0

[1] 0.6297074
Algorithm converged after  2  iterations.
$gam
[1] 0.7857143

$rankJ
[1] 1

$rankA
[1] 0 0 0

[1] 0.6305707
Algorithm converged after  2  iterations.
$gam
[1] 0.8518519

$rankJ
[1] 1

$rankA
[1] 0 0 0

[1] 0.6315478
Algorithm converged after  2  iterations.
$gam
[1] 0.9230769

$rankJ
[1] 1

$rankA
[1] 0 0 0

[1] 0.6327176
Algorithm converged after  2  iterations.
$gam
[1] 1

$rankJ
[1] 1

$rankA
[1] 0 0 0

[1] 0.6341839
Algorithm converged after  2  iterations.
$gam
[1] 1.083333

$rankJ
[1] 1

$rankA
[1] 0 0 0

[1] 0.6360594
Algorithm converged after  2  iterations.
$gam
[1] 1.173913

$rankJ
[1] 1

$rankA
[1] 0 0 0

[1] 0.6384086
Algorithm converged after  2  iterations.
$gam
[1] 1.272727

$rankJ
[1] 1

$rankA
[1] 0 0 0

[1] 0.6411673
Algorithm converged after  2  iterations.
$gam
[1] 1.380952

$rankJ
[1] 1

$rankA
[1] 0 0 0

[1] 0.6441333
Algorithm converged after  2  iterations.
$gam
[1] 1.5

$rankJ
[1] 1

$rankA
[1] 0 0 0

[1] 0.6470731
Algorithm converged after  2  iterations.
$gam
[1] 1.631579

$rankJ
[1] 1

$rankA
[1] 0 0 0

[1] 0.6498258
Algorithm converged after  2  iterations.
$gam
[1] 1.777778

$rankJ
[1] 1

$rankA
[1] 0 0 0

[1] 0.6523214
Algorithm converged after  2  iterations.
$gam
[1] 1.941176

$rankJ
[1] 1

$rankA
[1] 0 0 0

[1] 0.6545501
Algorithm converged after  2  iterations.
$gam
[1] 2.125

$rankJ
[1] 1

$rankA
[1] 0 0 0

[1] 0.656531
Algorithm converged after  2  iterations.
$gam
[1] 2.333333

$rankJ
[1] 1

$rankA
[1] 0 0 0

[1] 0.6582933
Algorithm converged after  2  iterations.
$gam
[1] 2.571429

$rankJ
[1] 1

$rankA
[1] 0 0 0

[1] 0.6598671
Algorithm converged after  2  iterations.
$gam
[1] 2.846154

$rankJ
[1] 1

$rankA
[1] 0 0 0

[1] 0.6612802
Algorithm converged after  2  iterations.
$gam
[1] 3.166667

$rankJ
[1] 1

$rankA
[1] 0 0 0

[1] 0.6625567
Algorithm converged after  2  iterations.
$gam
[1] 3.545455

$rankJ
[1] 1

$rankA
[1] 0 0 0

[1] 0.663717
Algorithm converged after  2  iterations.
$gam
[1] 4

$rankJ
[1] 1

$rankA
[1] 0 0 0

[1] 0.6647786
Algorithm converged after  2  iterations.
$gam
[1] 4.555556

$rankJ
[1] 1

$rankA
[1] 0 0 0

[1] 0.6657561
Algorithm converged after  2  iterations.
$gam
[1] 5.25

$rankJ
[1] 1

$rankA
[1] 0 0 0

[1] 0.6666622
Algorithm converged after  2  iterations.
$gam
[1] 6.142857

$rankJ
[1] 1

$rankA
[1] 0 0 0

[1] 0.6675078
Algorithm converged after  2  iterations.
$gam
[1] 7.333333

$rankJ
[1] 1

$rankA
[1] 0 0 0

[1] 0.6683026
Algorithm converged after  2  iterations.
$gam
[1] 9

$rankJ
[1] 1

$rankA
[1] 0 0 0

[1] 0.6690556
Algorithm converged after  2  iterations.
$gam
[1] 11.5

$rankJ
[1] 1

$rankA
[1] 0 0 0

[1] 0.1873395
Algorithm converged after  2  iterations.
$gam
[1] 15.66667

$rankJ
[1] 1

$rankA
[1] 0 0 0

[1] 0.1862002
Algorithm converged after  2  iterations.
$gam
[1] 24

$rankJ
[1] 1

$rankA
[1] 0 0 0

[1] 0.1852197
Algorithm converged after  2  iterations.
$gam
[1] 49

$rankJ
[1] 1

$rankA
[1] 0 0 0

[1] 0.184456
Algorithm converged after  2  iterations.
$gam
[1] 1e+10

$rankJ
[1] 1

$rankA
[1] 0 0 0

[1] 0.184087
Algorithm converged after  2  iterations.
$gam
[1] 0

$rankJ
[1] 0

$rankA
[1] 2 0 0

[1] 0.5720797
Algorithm converged after  2  iterations.
$gam
[1] 0.02040816

$rankJ
[1] 0

$rankA
[1] 2 0 0

[1] 0.5746607
Algorithm converged after  2  iterations.
$gam
[1] 0.04166667

$rankJ
[1] 0

$rankA
[1] 2 0 0

[1] 0.5760888
Algorithm converged after  2  iterations.
$gam
[1] 0.06382979

$rankJ
[1] 0

$rankA
[1] 2 0 0

[1] 0.5761996
Algorithm converged after  2  iterations.
$gam
[1] 0.08695652

$rankJ
[1] 0

$rankA
[1] 2 0 0

[1] 0.5762846
Algorithm converged after  2  iterations.
$gam
[1] 0.1111111

$rankJ
[1] 0

$rankA
[1] 2 0 0

[1] 0.5764167
Algorithm converged after  2  iterations.
$gam
[1] 0.1363636

$rankJ
[1] 0

$rankA
[1] 2 0 0

[1] 0.5767585
Algorithm converged after  2  iterations.
$gam
[1] 0.1627907

$rankJ
[1] 0

$rankA
[1] 2 0 0

[1] 0.5773888
Algorithm converged after  2  iterations.
$gam
[1] 0.1904762

$rankJ
[1] 0

$rankA
[1] 2 0 0

[1] 0.579202
Algorithm converged after  2  iterations.
$gam
[1] 0.2195122

$rankJ
[1] 0

$rankA
[1] 2 0 0

[1] 0.585481
Algorithm converged after  2  iterations.
$gam
[1] 0.25

$rankJ
[1] 0

$rankA
[1] 2 0 0

[1] 0.5901566
Algorithm converged after  2  iterations.
$gam
[1] 0.2820513

$rankJ
[1] 0

$rankA
[1] 2 0 0

[1] 0.5939019
Algorithm converged after  2  iterations.
$gam
[1] 0.3157895

$rankJ
[1] 0

$rankA
[1] 2 0 0

[1] 0.5972764
Algorithm converged after  2  iterations.
$gam
[1] 0.3513514

$rankJ
[1] 0

$rankA
[1] 2 0 0

[1] 0.6002899
Algorithm converged after  2  iterations.
$gam
[1] 0.3888889

$rankJ
[1] 0

$rankA
[1] 2 0 0

[1] 0.6032638
Algorithm converged after  2  iterations.
$gam
[1] 0.4285714

$rankJ
[1] 0

$rankA
[1] 2 0 0

[1] 0.6062409
Algorithm converged after  2  iterations.
$gam
[1] 0.4705882

$rankJ
[1] 0

$rankA
[1] 2 0 0

[1] 0.6093029
Algorithm converged after  2  iterations.
$gam
[1] 0.5151515

$rankJ
[1] 0

$rankA
[1] 2 0 0

[1] 0.6125937
Algorithm converged after  2  iterations.
$gam
[1] 0.5625

$rankJ
[1] 0

$rankA
[1] 2 0 0

[1] 0.6162794
Algorithm converged after  2  iterations.
$gam
[1] 0.6129032

$rankJ
[1] 0

$rankA
[1] 2 0 0

[1] 0.6206271
Algorithm converged after  2  iterations.
$gam
[1] 0.6666667

$rankJ
[1] 0

$rankA
[1] 2 0 0

[1] 0.626145
Algorithm converged after  2  iterations.
$gam
[1] 0.7241379

$rankJ
[1] 0

$rankA
[1] 2 0 0

[1] 0.6336376
Algorithm converged after  2  iterations.
$gam
[1] 0.7857143

$rankJ
[1] 0

$rankA
[1] 2 0 0

[1] 0.6414936
Algorithm converged after  2  iterations.
$gam
[1] 0.8518519

$rankJ
[1] 0

$rankA
[1] 2 0 0

[1] 0.6456253
Algorithm converged after  2  iterations.
$gam
[1] 0.9230769

$rankJ
[1] 0

$rankA
[1] 2 0 0

[1] 0.6477717
Algorithm converged after  2  iterations.
$gam
[1] 1

$rankJ
[1] 0

$rankA
[1] 2 0 0

[1] 0.6491733
Algorithm converged after  2  iterations.
$gam
[1] 1.083333

$rankJ
[1] 0

$rankA
[1] 2 0 0

[1] 0.6502211
Algorithm converged after  2  iterations.
$gam
[1] 1.173913

$rankJ
[1] 0

$rankA
[1] 2 0 0

[1] 0.6510679
Algorithm converged after  2  iterations.
$gam
[1] 1.272727

$rankJ
[1] 0

$rankA
[1] 2 0 0

[1] 0.6517861
Algorithm converged after  2  iterations.
$gam
[1] 1.380952

$rankJ
[1] 0

$rankA
[1] 2 0 0

[1] 0.6524154
Algorithm converged after  2  iterations.
$gam
[1] 1.5

$rankJ
[1] 0

$rankA
[1] 2 0 0

[1] 0.6529793
Algorithm converged after  2  iterations.
$gam
[1] 1.631579

$rankJ
[1] 0

$rankA
[1] 2 0 0

[1] 0.6534929
Algorithm converged after  2  iterations.
$gam
[1] 1.777778

$rankJ
[1] 0

$rankA
[1] 2 0 0

[1] 0.6539666
Algorithm converged after  2  iterations.
$gam
[1] 1.941176

$rankJ
[1] 0

$rankA
[1] 2 0 0

[1] 0.6544076
Algorithm converged after  2  iterations.
$gam
[1] 2.125

$rankJ
[1] 0

$rankA
[1] 2 0 0

[1] 0.6548215
Algorithm converged after  2  iterations.
$gam
[1] 2.333333

$rankJ
[1] 0

$rankA
[1] 2 0 0

[1] 0.6552121
Algorithm converged after  2  iterations.
$gam
[1] 2.571429

$rankJ
[1] 0

$rankA
[1] 2 0 0

[1] 0.6555829
Algorithm converged after  2  iterations.
$gam
[1] 2.846154

$rankJ
[1] 0

$rankA
[1] 2 0 0

[1] 0.6559364
Algorithm converged after  2  iterations.
$gam
[1] 3.166667

$rankJ
[1] 0

$rankA
[1] 2 0 0

[1] 0.6562746
Algorithm converged after  2  iterations.
$gam
[1] 3.545455

$rankJ
[1] 0

$rankA
[1] 2 0 0

[1] 0.6565993
Algorithm converged after  2  iterations.
$gam
[1] 4

$rankJ
[1] 0

$rankA
[1] 2 0 0

[1] 0.6569119
Algorithm converged after  2  iterations.
$gam
[1] 4.555556

$rankJ
[1] 0

$rankA
[1] 2 0 0

[1] 0.6572138
Algorithm converged after  2  iterations.
$gam
[1] 5.25

$rankJ
[1] 0

$rankA
[1] 2 0 0

[1] 0.6575061
Algorithm converged after  2  iterations.
$gam
[1] 6.142857

$rankJ
[1] 0

$rankA
[1] 2 0 0

[1] 0.6577895
Algorithm converged after  2  iterations.
$gam
[1] 7.333333

$rankJ
[1] 0

$rankA
[1] 2 0 0

[1] 0.658065
Algorithm converged after  2  iterations.
$gam
[1] 9

$rankJ
[1] 0

$rankA
[1] 2 0 0

[1] 0.6583332
Algorithm converged after  2  iterations.
$gam
[1] 11.5

$rankJ
[1] 0

$rankA
[1] 2 0 0

[1] 0.2408187
Algorithm converged after  2  iterations.
$gam
[1] 15.66667

$rankJ
[1] 0

$rankA
[1] 2 0 0

[1] 0.2408049
Algorithm converged after  2  iterations.
$gam
[1] 24

$rankJ
[1] 0

$rankA
[1] 2 0 0

[1] 0.2407942
Algorithm converged after  2  iterations.
$gam
[1] 49

$rankJ
[1] 0

$rankA
[1] 2 0 0

[1] 0.240787
Algorithm converged after  2  iterations.
$gam
[1] 1e+10

$rankJ
[1] 0

$rankA
[1] 2 0 0

[1] 0.2407844
Algorithm converged after  2  iterations.
$gam
[1] 0

$rankJ
[1] 0

$rankA
[1] 0 2 0

[1] 0.5823051
Algorithm converged after  2  iterations.
$gam
[1] 0.02040816

$rankJ
[1] 0

$rankA
[1] 0 2 0

[1] 0.583467
Algorithm converged after  2  iterations.
$gam
[1] 0.04166667

$rankJ
[1] 0

$rankA
[1] 0 2 0

[1] 0.5832679
Algorithm converged after  2  iterations.
$gam
[1] 0.06382979

$rankJ
[1] 0

$rankA
[1] 0 2 0

[1] 0.5832894
Algorithm converged after  2  iterations.
$gam
[1] 0.08695652

$rankJ
[1] 0

$rankA
[1] 0 2 0

[1] 0.5833379
Algorithm converged after  2  iterations.
$gam
[1] 0.1111111

$rankJ
[1] 0

$rankA
[1] 0 2 0

[1] 0.5834387
Algorithm converged after  2  iterations.
$gam
[1] 0.1363636

$rankJ
[1] 0

$rankA
[1] 0 2 0

[1] 0.5836249
Algorithm converged after  2  iterations.
$gam
[1] 0.1627907

$rankJ
[1] 0

$rankA
[1] 0 2 0

[1] 0.5840951
Algorithm converged after  2  iterations.
$gam
[1] 0.1904762

$rankJ
[1] 0

$rankA
[1] 0 2 0

[1] 0.5849008
Algorithm converged after  2  iterations.
$gam
[1] 0.2195122

$rankJ
[1] 0

$rankA
[1] 0 2 0

[1] 0.5876727
Algorithm converged after  2  iterations.
$gam
[1] 0.25

$rankJ
[1] 0

$rankA
[1] 0 2 0

[1] 0.5959133
Algorithm converged after  2  iterations.
$gam
[1] 0.2820513

$rankJ
[1] 0

$rankA
[1] 0 2 0

[1] 0.5996037
Algorithm converged after  2  iterations.
$gam
[1] 0.3157895

$rankJ
[1] 0

$rankA
[1] 0 2 0

[1] 0.6029892
Algorithm converged after  2  iterations.
$gam
[1] 0.3513514

$rankJ
[1] 0

$rankA
[1] 0 2 0

[1] 0.6071449
Algorithm converged after  2  iterations.
$gam
[1] 0.3888889

$rankJ
[1] 0

$rankA
[1] 0 2 0

[1] 0.6120523
Algorithm converged after  2  iterations.
$gam
[1] 0.4285714

$rankJ
[1] 0

$rankA
[1] 0 2 0

[1] 0.6138087
Algorithm converged after  2  iterations.
$gam
[1] 0.4705882

$rankJ
[1] 0

$rankA
[1] 0 2 0

[1] 0.6156084
Algorithm converged after  2  iterations.
$gam
[1] 0.5151515

$rankJ
[1] 0

$rankA
[1] 0 2 0

[1] 0.6175828
Algorithm converged after  2  iterations.
$gam
[1] 0.5625

$rankJ
[1] 0

$rankA
[1] 0 2 0

[1] 0.6198627
Algorithm converged after  2  iterations.
$gam
[1] 0.6129032

$rankJ
[1] 0

$rankA
[1] 0 2 0

[1] 0.6226373
Algorithm converged after  2  iterations.
$gam
[1] 0.6666667

$rankJ
[1] 0

$rankA
[1] 0 2 0

[1] 0.6262118
Algorithm converged after  2  iterations.
$gam
[1] 0.7241379

$rankJ
[1] 0

$rankA
[1] 0 2 0

[1] 0.6310699
Algorithm converged after  2  iterations.
$gam
[1] 0.7857143

$rankJ
[1] 0

$rankA
[1] 0 2 0

[1] 0.6379127
Algorithm converged after  2  iterations.
$gam
[1] 0.8518519

$rankJ
[1] 0

$rankA
[1] 0 2 0

[1] 0.6487465
Algorithm converged after  2  iterations.
$gam
[1] 0.9230769

$rankJ
[1] 0

$rankA
[1] 0 2 0

[1] 0.6572257
Algorithm converged after  2  iterations.
$gam
[1] 1

$rankJ
[1] 0

$rankA
[1] 0 2 0

[1] 0.6585294
Algorithm converged after  2  iterations.
$gam
[1] 1.083333

$rankJ
[1] 0

$rankA
[1] 0 2 0

[1] 0.6591254
Algorithm converged after  2  iterations.
$gam
[1] 1.173913

$rankJ
[1] 0

$rankA
[1] 0 2 0

[1] 0.6595149
Algorithm converged after  2  iterations.
$gam
[1] 1.272727

$rankJ
[1] 0

$rankA
[1] 0 2 0

[1] 0.6598097
Algorithm converged after  2  iterations.
$gam
[1] 1.380952

$rankJ
[1] 0

$rankA
[1] 0 2 0

[1] 0.6600516
Algorithm converged after  2  iterations.
$gam
[1] 1.5

$rankJ
[1] 0

$rankA
[1] 0 2 0

[1] 0.6602608
Algorithm converged after  2  iterations.
$gam
[1] 1.631579

$rankJ
[1] 0

$rankA
[1] 0 2 0

[1] 0.6604488
Algorithm converged after  2  iterations.
$gam
[1] 1.777778

$rankJ
[1] 0

$rankA
[1] 0 2 0

[1] 0.6606222
Algorithm converged after  2  iterations.
$gam
[1] 1.941176

$rankJ
[1] 0

$rankA
[1] 0 2 0

[1] 0.6607846
Algorithm converged after  2  iterations.
$gam
[1] 2.125

$rankJ
[1] 0

$rankA
[1] 0 2 0

[1] 0.6609383
Algorithm converged after  2  iterations.
$gam
[1] 2.333333

$rankJ
[1] 0

$rankA
[1] 0 2 0

[1] 0.5834876
Algorithm converged after  2  iterations.
$gam
[1] 2.571429

$rankJ
[1] 0

$rankA
[1] 0 2 0

[1] 0.6612251
Algorithm converged after  2  iterations.
$gam
[1] 2.846154

$rankJ
[1] 0

$rankA
[1] 0 2 0

[1] 0.661358
Algorithm converged after  2  iterations.
$gam
[1] 3.166667

$rankJ
[1] 0

$rankA
[1] 0 2 0

[1] 0.6614858
Algorithm converged after  2  iterations.
$gam
[1] 3.545455

$rankJ
[1] 0

$rankA
[1] 0 2 0

[1] 0.6616102
Algorithm converged after  2  iterations.
$gam
[1] 4

$rankJ
[1] 0

$rankA
[1] 0 2 0

[1] 0.6617312
Algorithm converged after  2  iterations.
$gam
[1] 4.555556

$rankJ
[1] 0

$rankA
[1] 0 2 0

[1] 0.6618491
Algorithm converged after  2  iterations.
$gam
[1] 5.25

$rankJ
[1] 0

$rankA
[1] 0 2 0

[1] 0.6625516
Algorithm converged after  2  iterations.
$gam
[1] 6.142857

$rankJ
[1] 0

$rankA
[1] 0 2 0

[1] 0.6620858
Algorithm converged after  2  iterations.
$gam
[1] 7.333333

$rankJ
[1] 0

$rankA
[1] 0 2 0

[1] 0.6621966
Algorithm converged after  2  iterations.
$gam
[1] 9

$rankJ
[1] 0

$rankA
[1] 0 2 0

[1] 0.6623052
Algorithm converged after  2  iterations.
$gam
[1] 11.5

$rankJ
[1] 0

$rankA
[1] 0 2 0

[1] 0.238813
Algorithm converged after  2  iterations.
$gam
[1] 15.66667

$rankJ
[1] 0

$rankA
[1] 0 2 0

[1] 0.2388006
Algorithm converged after  2  iterations.
$gam
[1] 24

$rankJ
[1] 0

$rankA
[1] 0 2 0

[1] 0.2387888
Algorithm converged after  2  iterations.
$gam
[1] 49

$rankJ
[1] 0

$rankA
[1] 0 2 0

[1] 0.2387782
Algorithm converged after  2  iterations.
$gam
[1] 1e+10

$rankJ
[1] 0

$rankA
[1] 0 2 0

[1] 0.2387717
Algorithm converged after  2  iterations.
$gam
[1] 0

$rankJ
[1] 0

$rankA
[1] 0 0 2

[1] 0.6005364
Algorithm converged after  2  iterations.
$gam
[1] 0.02040816

$rankJ
[1] 0

$rankA
[1] 0 0 2

[1] 0.6011486
Algorithm converged after  2  iterations.
$gam
[1] 0.04166667

$rankJ
[1] 0

$rankA
[1] 0 0 2

[1] 0.6019553
Algorithm converged after  2  iterations.
$gam
[1] 0.06382979

$rankJ
[1] 0

$rankA
[1] 0 0 2

[1] 0.6020209
Algorithm converged after  2  iterations.
$gam
[1] 0.08695652

$rankJ
[1] 0

$rankA
[1] 0 0 2

[1] 0.6022607
Algorithm converged after  2  iterations.
$gam
[1] 0.1111111

$rankJ
[1] 0

$rankA
[1] 0 0 2

[1] 0.6031717
Algorithm converged after  2  iterations.
$gam
[1] 0.1363636

$rankJ
[1] 0

$rankA
[1] 0 0 2

[1] 0.6044203
Algorithm converged after  2  iterations.
$gam
[1] 0.1627907

$rankJ
[1] 0

$rankA
[1] 0 0 2

[1] 0.6057384
Algorithm converged after  2  iterations.
$gam
[1] 0.1904762

$rankJ
[1] 0

$rankA
[1] 0 0 2

[1] 0.6077752
Algorithm converged after  2  iterations.
$gam
[1] 0.2195122

$rankJ
[1] 0

$rankA
[1] 0 0 2

[1] 0.6106566
Algorithm converged after  2  iterations.
$gam
[1] 0.25

$rankJ
[1] 0

$rankA
[1] 0 0 2

[1] 0.6140693
Algorithm converged after  2  iterations.
$gam
[1] 0.2820513

$rankJ
[1] 0

$rankA
[1] 0 0 2

[1] 0.6175025
Algorithm converged after  2  iterations.
$gam
[1] 0.3157895

$rankJ
[1] 0

$rankA
[1] 0 0 2

[1] 0.6205007
Algorithm converged after  2  iterations.
$gam
[1] 0.3513514

$rankJ
[1] 0

$rankA
[1] 0 0 2

[1] 0.6230214
Algorithm converged after  2  iterations.
$gam
[1] 0.3888889

$rankJ
[1] 0

$rankA
[1] 0 0 2

[1] 0.6252576
Algorithm converged after  2  iterations.
$gam
[1] 0.4285714

$rankJ
[1] 0

$rankA
[1] 0 0 2

[1] 0.627444
Algorithm converged after  2  iterations.
$gam
[1] 0.4705882

$rankJ
[1] 0

$rankA
[1] 0 0 2

[1] 0.629832
Algorithm converged after  2  iterations.
$gam
[1] 0.5151515

$rankJ
[1] 0

$rankA
[1] 0 0 2

[1] 0.6327849
Algorithm converged after  2  iterations.
$gam
[1] 0.5625

$rankJ
[1] 0

$rankA
[1] 0 0 2

[1] 0.637134
Algorithm converged after  2  iterations.
$gam
[1] 0.6129032

$rankJ
[1] 0

$rankA
[1] 0 0 2

[1] 0.6470775
Algorithm converged after  2  iterations.
$gam
[1] 0.6666667

$rankJ
[1] 0

$rankA
[1] 0 0 2

[1] 0.650013
Algorithm converged after  2  iterations.
$gam
[1] 0.7241379

$rankJ
[1] 0

$rankA
[1] 0 0 2

[1] 0.6508999
Algorithm converged after  2  iterations.
$gam
[1] 0.7857143

$rankJ
[1] 0

$rankA
[1] 0 0 2

[1] 0.6514737
Algorithm converged after  2  iterations.
$gam
[1] 0.8518519

$rankJ
[1] 0

$rankA
[1] 0 0 2

[1] 0.6519168
Algorithm converged after  2  iterations.
$gam
[1] 0.9230769

$rankJ
[1] 0

$rankA
[1] 0 0 2

[1] 0.6522867
Algorithm converged after  2  iterations.
$gam
[1] 1

$rankJ
[1] 0

$rankA
[1] 0 0 2

[1] 0.6526092
Algorithm converged after  2  iterations.
$gam
[1] 1.083333

$rankJ
[1] 0

$rankA
[1] 0 0 2

[1] 0.6528981
Algorithm converged after  2  iterations.
$gam
[1] 1.173913

$rankJ
[1] 0

$rankA
[1] 0 0 2

[1] 0.6531613
Algorithm converged after  2  iterations.
$gam
[1] 1.272727

$rankJ
[1] 0

$rankA
[1] 0 0 2

[1] 0.653404
Algorithm converged after  2  iterations.
$gam
[1] 1.380952

$rankJ
[1] 0

$rankA
[1] 0 0 2

[1] 0.6536296
Algorithm converged after  2  iterations.
$gam
[1] 1.5

$rankJ
[1] 0

$rankA
[1] 0 0 2

[1] 0.6538407
Algorithm converged after  2  iterations.
$gam
[1] 1.631579

$rankJ
[1] 0

$rankA
[1] 0 0 2

[1] 0.6540393
Algorithm converged after  2  iterations.
$gam
[1] 1.777778

$rankJ
[1] 0

$rankA
[1] 0 0 2

[1] 0.6542269
Algorithm converged after  2  iterations.
$gam
[1] 1.941176

$rankJ
[1] 0

$rankA
[1] 0 0 2

[1] 0.6544047
Algorithm converged after  2  iterations.
$gam
[1] 2.125

$rankJ
[1] 0

$rankA
[1] 0 0 2

[1] 0.6545737
Algorithm converged after  2  iterations.
$gam
[1] 2.333333

$rankJ
[1] 0

$rankA
[1] 0 0 2

[1] 0.6547348
Algorithm converged after  2  iterations.
$gam
[1] 2.571429

$rankJ
[1] 0

$rankA
[1] 0 0 2

[1] 0.6548888
Algorithm converged after  2  iterations.
$gam
[1] 2.846154

$rankJ
[1] 0

$rankA
[1] 0 0 2

[1] 0.6550362
Algorithm converged after  2  iterations.
$gam
[1] 3.166667

$rankJ
[1] 0

$rankA
[1] 0 0 2

[1] 0.6551777
Algorithm converged after  2  iterations.
$gam
[1] 3.545455

$rankJ
[1] 0

$rankA
[1] 0 0 2

[1] 0.6553136
Algorithm converged after  2  iterations.
$gam
[1] 4

$rankJ
[1] 0

$rankA
[1] 0 0 2

[1] 0.6554445
Algorithm converged after  2  iterations.
$gam
[1] 4.555556

$rankJ
[1] 0

$rankA
[1] 0 0 2

[1] 0.6555707
Algorithm converged after  2  iterations.
$gam
[1] 5.25

$rankJ
[1] 0

$rankA
[1] 0 0 2

[1] 0.6556925
Algorithm converged after  2  iterations.
$gam
[1] 6.142857

$rankJ
[1] 0

$rankA
[1] 0 0 2

[1] 0.6558102
Algorithm converged after  2  iterations.
$gam
[1] 7.333333

$rankJ
[1] 0

$rankA
[1] 0 0 2

[1] 0.6559241
Algorithm converged after  2  iterations.
$gam
[1] 9

$rankJ
[1] 0

$rankA
[1] 0 0 2

[1] 0.6560345
Algorithm converged after  2  iterations.
$gam
[1] 11.5

$rankJ
[1] 0

$rankA
[1] 0 0 2

[1] 0.1937073
Algorithm converged after  2  iterations.
$gam
[1] 15.66667

$rankJ
[1] 0

$rankA
[1] 0 0 2

[1] 0.1936836
Algorithm converged after  2  iterations.
$gam
[1] 24

$rankJ
[1] 0

$rankA
[1] 0 0 2

[1] 0.1936651
Algorithm converged after  2  iterations.
$gam
[1] 49

$rankJ
[1] 0

$rankA
[1] 0 0 2

[1] 0.1936529
Algorithm converged after  2  iterations.
$gam
[1] 1e+10

$rankJ
[1] 0

$rankA
[1] 0 0 2

[1] 0.1936484
Algorithm converged after  2  iterations.
$gam
[1] 0

$rankJ
[1] 0

$rankA
[1] 1 1 0

[1] 0.4607408
Algorithm converged after  2  iterations.
$gam
[1] 0.02040816

$rankJ
[1] 0

$rankA
[1] 1 1 0

[1] 0.4679697
Algorithm converged after  2  iterations.
$gam
[1] 0.04166667

$rankJ
[1] 0

$rankA
[1] 1 1 0

[1] 0.473023
Algorithm converged after  2  iterations.
$gam
[1] 0.06382979

$rankJ
[1] 0

$rankA
[1] 1 1 0

[1] 0.4982366
Algorithm converged after  2  iterations.
$gam
[1] 0.08695652

$rankJ
[1] 0

$rankA
[1] 1 1 0

[1] 0.5075622
Algorithm converged after  2  iterations.
$gam
[1] 0.1111111

$rankJ
[1] 0

$rankA
[1] 1 1 0

[1] 0.5141476
Algorithm converged after  2  iterations.
$gam
[1] 0.1363636

$rankJ
[1] 0

$rankA
[1] 1 1 0

[1] 0.5199833
Algorithm converged after  2  iterations.
$gam
[1] 0.1627907

$rankJ
[1] 0

$rankA
[1] 1 1 0

[1] 0.5256265
Algorithm converged after  2  iterations.
$gam
[1] 0.1904762

$rankJ
[1] 0

$rankA
[1] 1 1 0

[1] 0.5314569
Algorithm converged after  2  iterations.
$gam
[1] 0.2195122

$rankJ
[1] 0

$rankA
[1] 1 1 0

[1] 0.5378658
Algorithm converged after  2  iterations.
$gam
[1] 0.25

$rankJ
[1] 0

$rankA
[1] 1 1 0

[1] 0.54531
Algorithm converged after  2  iterations.
$gam
[1] 0.2820513

$rankJ
[1] 0

$rankA
[1] 1 1 0

[1] 0.5544127
Algorithm converged after  2  iterations.
$gam
[1] 0.3157895

$rankJ
[1] 0

$rankA
[1] 1 1 0

[1] 0.5661866
Algorithm converged after  2  iterations.
$gam
[1] 0.3513514

$rankJ
[1] 0

$rankA
[1] 1 1 0

[1] 0.5845498
Algorithm converged after  2  iterations.
$gam
[1] 0.3888889

$rankJ
[1] 0

$rankA
[1] 1 1 0

[1] 0.6147184
Algorithm converged after  2  iterations.
$gam
[1] 0.4285714

$rankJ
[1] 0

$rankA
[1] 1 1 0

[1] 0.621628
Algorithm converged after  2  iterations.
$gam
[1] 0.4705882

$rankJ
[1] 0

$rankA
[1] 1 1 0

[1] 0.6262188
Algorithm converged after  2  iterations.
$gam
[1] 0.5151515

$rankJ
[1] 0

$rankA
[1] 1 1 0

[1] 0.6295356
Algorithm converged after  2  iterations.
$gam
[1] 0.5625

$rankJ
[1] 0

$rankA
[1] 1 1 0

[1] 0.6321167
Algorithm converged after  2  iterations.
$gam
[1] 0.6129032

$rankJ
[1] 0

$rankA
[1] 1 1 0

[1] 0.6342487
Algorithm converged after  2  iterations.
$gam
[1] 0.6666667

$rankJ
[1] 0

$rankA
[1] 1 1 0

[1] 0.6360959
Algorithm converged after  2  iterations.
$gam
[1] 0.7241379

$rankJ
[1] 0

$rankA
[1] 1 1 0

[1] 0.6377594
Algorithm converged after  2  iterations.
$gam
[1] 0.7857143

$rankJ
[1] 0

$rankA
[1] 1 1 0

[1] 0.6393039
Algorithm converged after  2  iterations.
$gam
[1] 0.8518519

$rankJ
[1] 0

$rankA
[1] 1 1 0

[1] 0.6407718
Algorithm converged after  2  iterations.
$gam
[1] 0.9230769

$rankJ
[1] 0

$rankA
[1] 1 1 0

[1] 0.6421902
Algorithm converged after  2  iterations.
$gam
[1] 1

$rankJ
[1] 0

$rankA
[1] 1 1 0

[1] 0.6435784
Algorithm converged after  2  iterations.
$gam
[1] 1.083333

$rankJ
[1] 0

$rankA
[1] 1 1 0

[1] 0.644955
Algorithm converged after  2  iterations.
$gam
[1] 1.173913

$rankJ
[1] 0

$rankA
[1] 1 1 0

[1] 0.6463456
Algorithm converged after  2  iterations.
$gam
[1] 1.272727

$rankJ
[1] 0

$rankA
[1] 1 1 0

[1] 0.6477869
Algorithm converged after  2  iterations.
$gam
[1] 1.380952

$rankJ
[1] 0

$rankA
[1] 1 1 0

[1] 0.6493167
Algorithm converged after  2  iterations.
$gam
[1] 1.5

$rankJ
[1] 0

$rankA
[1] 1 1 0

[1] 0.6509436
Algorithm converged after  2  iterations.
$gam
[1] 1.631579

$rankJ
[1] 0

$rankA
[1] 1 1 0

[1] 0.6526223
Algorithm converged after  2  iterations.
$gam
[1] 1.777778

$rankJ
[1] 0

$rankA
[1] 1 1 0

[1] 0.6542778
Algorithm converged after  2  iterations.
$gam
[1] 1.941176

$rankJ
[1] 0

$rankA
[1] 1 1 0

[1] 0.6558497
Algorithm converged after  2  iterations.
$gam
[1] 2.125

$rankJ
[1] 0

$rankA
[1] 1 1 0

[1] 0.6573088
Algorithm converged after  2  iterations.
$gam
[1] 2.333333

$rankJ
[1] 0

$rankA
[1] 1 1 0

[1] 0.5733963
Algorithm converged after  2  iterations.
$gam
[1] 2.571429

$rankJ
[1] 0

$rankA
[1] 1 1 0

[1] 0.6598758
Algorithm converged after  2  iterations.
$gam
[1] 2.846154

$rankJ
[1] 0

$rankA
[1] 1 1 0

[1] 0.6596817
Algorithm converged after  2  iterations.
$gam
[1] 3.166667

$rankJ
[1] 0

$rankA
[1] 1 1 0

[1] 0.6615326
Algorithm converged after  2  iterations.
$gam
[1] 3.545455

$rankJ
[1] 0

$rankA
[1] 1 1 0

[1] 0.6629675
Algorithm converged after  2  iterations.
$gam
[1] 4

$rankJ
[1] 0

$rankA
[1] 1 1 0

[1] 0.6641628
Algorithm converged after  2  iterations.
$gam
[1] 4.555556

$rankJ
[1] 0

$rankA
[1] 1 1 0

[1] 0.6651926
Algorithm converged after  2  iterations.
$gam
[1] 5.25

$rankJ
[1] 0

$rankA
[1] 1 1 0

[1] 0.6568392
Algorithm converged after  2  iterations.
$gam
[1] 6.142857

$rankJ
[1] 0

$rankA
[1] 1 1 0

[1] 0.6662235
Algorithm converged after  2  iterations.
$gam
[1] 7.333333

$rankJ
[1] 0

$rankA
[1] 1 1 0

[1] 0.6669235
Algorithm converged after  2  iterations.
$gam
[1] 9

$rankJ
[1] 0

$rankA
[1] 1 1 0

[1] 0.667594
Algorithm converged after  2  iterations.
$gam
[1] 11.5

$rankJ
[1] 0

$rankA
[1] 1 1 0

[1] 0.2340616
Algorithm converged after  2  iterations.
$gam
[1] 15.66667

$rankJ
[1] 0

$rankA
[1] 1 1 0

[1] 0.2337876
Algorithm converged after  2  iterations.
$gam
[1] 24

$rankJ
[1] 0

$rankA
[1] 1 1 0

[1] 0.2335502
Algorithm converged after  2  iterations.
$gam
[1] 49

$rankJ
[1] 0

$rankA
[1] 1 1 0

[1] 0.2333594
Algorithm converged after  2  iterations.
$gam
[1] 1e+10

$rankJ
[1] 0

$rankA
[1] 1 1 0

[1] 0.2332552
Algorithm converged after  2  iterations.
$gam
[1] 0

$rankJ
[1] 0

$rankA
[1] 1 0 1

[1] 0.4835771
Algorithm converged after  2  iterations.
$gam
[1] 0.02040816

$rankJ
[1] 0

$rankA
[1] 1 0 1

[1] 0.4924102
Algorithm converged after  2  iterations.
$gam
[1] 0.04166667

$rankJ
[1] 0

$rankA
[1] 1 0 1

[1] 0.4982854
Algorithm converged after  2  iterations.
$gam
[1] 0.06382979

$rankJ
[1] 0

$rankA
[1] 1 0 1

[1] 0.5136457
Algorithm converged after  2  iterations.
$gam
[1] 0.08695652

$rankJ
[1] 0

$rankA
[1] 1 0 1

[1] 0.5223302
Algorithm converged after  2  iterations.
$gam
[1] 0.1111111

$rankJ
[1] 0

$rankA
[1] 1 0 1

[1] 0.5300679
Algorithm converged after  2  iterations.
$gam
[1] 0.1363636

$rankJ
[1] 0

$rankA
[1] 1 0 1

[1] 0.5379836
Algorithm converged after  2  iterations.
$gam
[1] 0.1627907

$rankJ
[1] 0

$rankA
[1] 1 0 1

[1] 0.5459813
Algorithm converged after  2  iterations.
$gam
[1] 0.1904762

$rankJ
[1] 0

$rankA
[1] 1 0 1

[1] 0.5541545
Algorithm converged after  2  iterations.
$gam
[1] 0.2195122

$rankJ
[1] 0

$rankA
[1] 1 0 1

[1] 0.5634174
Algorithm converged after  2  iterations.
$gam
[1] 0.25

$rankJ
[1] 0

$rankA
[1] 1 0 1

[1] 0.5737844
Algorithm converged after  2  iterations.
$gam
[1] 0.2820513

$rankJ
[1] 0

$rankA
[1] 1 0 1

[1] 0.5832987
Algorithm converged after  2  iterations.
$gam
[1] 0.3157895

$rankJ
[1] 0

$rankA
[1] 1 0 1

[1] 0.5922198
Algorithm converged after  2  iterations.
$gam
[1] 0.3513514

$rankJ
[1] 0

$rankA
[1] 1 0 1

[1] 0.6012828
Algorithm converged after  2  iterations.
$gam
[1] 0.3888889

$rankJ
[1] 0

$rankA
[1] 1 0 1

[1] 0.6095912
Algorithm converged after  2  iterations.
$gam
[1] 0.4285714

$rankJ
[1] 0

$rankA
[1] 1 0 1

[1] 0.6158765
Algorithm converged after  2  iterations.
$gam
[1] 0.4705882

$rankJ
[1] 0

$rankA
[1] 1 0 1

[1] 0.6204317
Algorithm converged after  2  iterations.
$gam
[1] 0.5151515

$rankJ
[1] 0

$rankA
[1] 1 0 1

[1] 0.6239637
Algorithm converged after  2  iterations.
$gam
[1] 0.5625

$rankJ
[1] 0

$rankA
[1] 1 0 1

[1] 0.6269419
Algorithm converged after  2  iterations.
$gam
[1] 0.6129032

$rankJ
[1] 0

$rankA
[1] 1 0 1

[1] 0.6296535
Algorithm converged after  2  iterations.
$gam
[1] 0.6666667

$rankJ
[1] 0

$rankA
[1] 1 0 1

[1] 0.6322869
Algorithm converged after  2  iterations.
$gam
[1] 0.7241379

$rankJ
[1] 0

$rankA
[1] 1 0 1

[1] 0.6349588
Algorithm converged after  2  iterations.
$gam
[1] 0.7857143

$rankJ
[1] 0

$rankA
[1] 1 0 1

[1] 0.6376974
Algorithm converged after  2  iterations.
$gam
[1] 0.8518519

$rankJ
[1] 0

$rankA
[1] 1 0 1

[1] 0.6404314
Algorithm converged after  2  iterations.
$gam
[1] 0.9230769

$rankJ
[1] 0

$rankA
[1] 1 0 1

[1] 0.6430414
Algorithm converged after  2  iterations.
$gam
[1] 1

$rankJ
[1] 0

$rankA
[1] 1 0 1

[1] 0.6454416
Algorithm converged after  2  iterations.
$gam
[1] 1.083333

$rankJ
[1] 0

$rankA
[1] 1 0 1

[1] 0.6476056
Algorithm converged after  2  iterations.
$gam
[1] 1.173913

$rankJ
[1] 0

$rankA
[1] 1 0 1

[1] 0.6495442
Algorithm converged after  2  iterations.
$gam
[1] 1.272727

$rankJ
[1] 0

$rankA
[1] 1 0 1

[1] 0.6512812
Algorithm converged after  2  iterations.
$gam
[1] 1.380952

$rankJ
[1] 0

$rankA
[1] 1 0 1

[1] 0.6528424
Algorithm converged after  2  iterations.
$gam
[1] 1.5

$rankJ
[1] 0

$rankA
[1] 1 0 1

[1] 0.6542514
Algorithm converged after  2  iterations.
$gam
[1] 1.631579

$rankJ
[1] 0

$rankA
[1] 1 0 1

[1] 0.6555291
Algorithm converged after  2  iterations.
$gam
[1] 1.777778

$rankJ
[1] 0

$rankA
[1] 1 0 1

[1] 0.6566933
Algorithm converged after  2  iterations.
$gam
[1] 1.941176

$rankJ
[1] 0

$rankA
[1] 1 0 1

[1] 0.6577595
Algorithm converged after  2  iterations.
$gam
[1] 2.125

$rankJ
[1] 0

$rankA
[1] 1 0 1

[1] 0.658741
Algorithm converged after  2  iterations.
$gam
[1] 2.333333

$rankJ
[1] 0

$rankA
[1] 1 0 1

[1] 0.6596491
Algorithm converged after  2  iterations.
$gam
[1] 2.571429

$rankJ
[1] 0

$rankA
[1] 1 0 1

[1] 0.6604935
Algorithm converged after  2  iterations.
$gam
[1] 2.846154

$rankJ
[1] 0

$rankA
[1] 1 0 1

[1] 0.6612825
Algorithm converged after  2  iterations.
$gam
[1] 3.166667

$rankJ
[1] 0

$rankA
[1] 1 0 1

[1] 0.6620235
Algorithm converged after  2  iterations.
$gam
[1] 3.545455

$rankJ
[1] 0

$rankA
[1] 1 0 1

[1] 0.6627226
Algorithm converged after  2  iterations.
$gam
[1] 4

$rankJ
[1] 0

$rankA
[1] 1 0 1

[1] 0.6633855
Algorithm converged after  2  iterations.
$gam
[1] 4.555556

$rankJ
[1] 0

$rankA
[1] 1 0 1

[1] 0.6640171
Algorithm converged after  2  iterations.
$gam
[1] 5.25

$rankJ
[1] 0

$rankA
[1] 1 0 1

[1] 0.6646217
Algorithm converged after  2  iterations.
$gam
[1] 6.142857

$rankJ
[1] 0

$rankA
[1] 1 0 1

[1] 0.6652037
Algorithm converged after  2  iterations.
$gam
[1] 7.333333

$rankJ
[1] 0

$rankA
[1] 1 0 1

[1] 0.6657667
Algorithm converged after  2  iterations.
$gam
[1] 9

$rankJ
[1] 0

$rankA
[1] 1 0 1

[1] 0.6663147
Algorithm converged after  2  iterations.
$gam
[1] 11.5

$rankJ
[1] 0

$rankA
[1] 1 0 1

[1] 0.1937995
Algorithm converged after  2  iterations.
$gam
[1] 15.66667

$rankJ
[1] 0

$rankA
[1] 1 0 1

[1] 0.1934183
Algorithm converged after  2  iterations.
$gam
[1] 24

$rankJ
[1] 0

$rankA
[1] 1 0 1

[1] 0.1931327
Algorithm converged after  2  iterations.
$gam
[1] 49

$rankJ
[1] 0

$rankA
[1] 1 0 1

[1] 0.1929506
Algorithm converged after  2  iterations.
$gam
[1] 1e+10

$rankJ
[1] 0

$rankA
[1] 1 0 1

[1] 0.1928855
Algorithm converged after  2  iterations.
$gam
[1] 0

$rankJ
[1] 0

$rankA
[1] 0 1 1

[1] 0.4956317
Algorithm converged after  2  iterations.
$gam
[1] 0.02040816

$rankJ
[1] 0

$rankA
[1] 0 1 1

[1] 0.5005474
Algorithm converged after  2  iterations.
$gam
[1] 0.04166667

$rankJ
[1] 0

$rankA
[1] 0 1 1

[1] 0.5054441
Algorithm converged after  2  iterations.
$gam
[1] 0.06382979

$rankJ
[1] 0

$rankA
[1] 0 1 1

[1] 0.5215051
Algorithm converged after  2  iterations.
$gam
[1] 0.08695652

$rankJ
[1] 0

$rankA
[1] 0 1 1

[1] 0.5300322
Algorithm converged after  2  iterations.
$gam
[1] 0.1111111

$rankJ
[1] 0

$rankA
[1] 0 1 1

[1] 0.5370887
Algorithm converged after  2  iterations.
$gam
[1] 0.1363636

$rankJ
[1] 0

$rankA
[1] 0 1 1

[1] 0.5443736
Algorithm converged after  2  iterations.
$gam
[1] 0.1627907

$rankJ
[1] 0

$rankA
[1] 0 1 1

[1] 0.5517604
Algorithm converged after  2  iterations.
$gam
[1] 0.1904762

$rankJ
[1] 0

$rankA
[1] 0 1 1

[1] 0.5592271
Algorithm converged after  2  iterations.
$gam
[1] 0.2195122

$rankJ
[1] 0

$rankA
[1] 0 1 1

[1] 0.5675701
Algorithm converged after  2  iterations.
$gam
[1] 0.25

$rankJ
[1] 0

$rankA
[1] 0 1 1

[1] 0.5767392
Algorithm converged after  2  iterations.
$gam
[1] 0.2820513

$rankJ
[1] 0

$rankA
[1] 0 1 1

[1] 0.5848338
Algorithm converged after  2  iterations.
$gam
[1] 0.3157895

$rankJ
[1] 0

$rankA
[1] 0 1 1

[1] 0.592609
Algorithm converged after  2  iterations.
$gam
[1] 0.3513514

$rankJ
[1] 0

$rankA
[1] 0 1 1

[1] 0.6048954
Algorithm converged after  2  iterations.
$gam
[1] 0.3888889

$rankJ
[1] 0

$rankA
[1] 0 1 1

[1] 0.6287754
Algorithm converged after  2  iterations.
$gam
[1] 0.4285714

$rankJ
[1] 0

$rankA
[1] 0 1 1

[1] 0.6316371
Algorithm converged after  2  iterations.
$gam
[1] 0.4705882

$rankJ
[1] 0

$rankA
[1] 0 1 1

[1] 0.6336656
Algorithm converged after  2  iterations.
$gam
[1] 0.5151515

$rankJ
[1] 0

$rankA
[1] 0 1 1

[1] 0.6353475
Algorithm converged after  2  iterations.
$gam
[1] 0.5625

$rankJ
[1] 0

$rankA
[1] 0 1 1

[1] 0.6368823
Algorithm converged after  2  iterations.
$gam
[1] 0.6129032

$rankJ
[1] 0

$rankA
[1] 0 1 1

[1] 0.6383935
Algorithm converged after  2  iterations.
$gam
[1] 0.6666667

$rankJ
[1] 0

$rankA
[1] 0 1 1

[1] 0.6399738
Algorithm converged after  2  iterations.
$gam
[1] 0.7241379

$rankJ
[1] 0

$rankA
[1] 0 1 1

[1] 0.6416822
Algorithm converged after  2  iterations.
$gam
[1] 0.7857143

$rankJ
[1] 0

$rankA
[1] 0 1 1

[1] 0.6435149
Algorithm converged after  2  iterations.
$gam
[1] 0.8518519

$rankJ
[1] 0

$rankA
[1] 0 1 1

[1] 0.6453862
Algorithm converged after  2  iterations.
$gam
[1] 0.9230769

$rankJ
[1] 0

$rankA
[1] 0 1 1

[1] 0.6471773
Algorithm converged after  2  iterations.
$gam
[1] 1

$rankJ
[1] 0

$rankA
[1] 0 1 1

[1] 0.6488152
Algorithm converged after  2  iterations.
$gam
[1] 1.083333

$rankJ
[1] 0

$rankA
[1] 0 1 1

[1] 0.6502978
Algorithm converged after  2  iterations.
$gam
[1] 1.173913

$rankJ
[1] 0

$rankA
[1] 0 1 1

[1] 0.6516713
Algorithm converged after  2  iterations.
$gam
[1] 1.272727

$rankJ
[1] 0

$rankA
[1] 0 1 1

[1] 0.6530047
Algorithm converged after  2  iterations.
$gam
[1] 1.380952

$rankJ
[1] 0

$rankA
[1] 0 1 1

[1] 0.654366
Algorithm converged after  2  iterations.
$gam
[1] 1.5

$rankJ
[1] 0

$rankA
[1] 0 1 1

[1] 0.6557868
Algorithm converged after  2  iterations.
$gam
[1] 1.631579

$rankJ
[1] 0

$rankA
[1] 0 1 1

[1] 0.657239
Algorithm converged after  2  iterations.
$gam
[1] 1.777778

$rankJ
[1] 0

$rankA
[1] 0 1 1

[1] 0.6586591
Algorithm converged after  2  iterations.
$gam
[1] 1.941176

$rankJ
[1] 0

$rankA
[1] 0 1 1

[1] 0.6599942
Algorithm converged after  2  iterations.
$gam
[1] 2.125

$rankJ
[1] 0

$rankA
[1] 0 1 1

[1] 0.6612196
Algorithm converged after  2  iterations.
$gam
[1] 2.333333

$rankJ
[1] 0

$rankA
[1] 0 1 1

[1] 0.577623
Algorithm converged after  2  iterations.
$gam
[1] 2.571429

$rankJ
[1] 0

$rankA
[1] 0 1 1

[1] 0.6633375
Algorithm converged after  2  iterations.
$gam
[1] 2.846154

$rankJ
[1] 0

$rankA
[1] 0 1 1

[1] 0.662936
Algorithm converged after  2  iterations.
$gam
[1] 3.166667

$rankJ
[1] 0

$rankA
[1] 0 1 1

[1] 0.6645761
Algorithm converged after  2  iterations.
$gam
[1] 3.545455

$rankJ
[1] 0

$rankA
[1] 0 1 1

[1] 0.6658091
Algorithm converged after  2  iterations.
$gam
[1] 4

$rankJ
[1] 0

$rankA
[1] 0 1 1

[1] 0.6668098
Algorithm converged after  2  iterations.
$gam
[1] 4.555556

$rankJ
[1] 0

$rankA
[1] 0 1 1

[1] 0.6676513
Algorithm converged after  2  iterations.
$gam
[1] 5.25

$rankJ
[1] 0

$rankA
[1] 0 1 1

[1] 0.6591468
Algorithm converged after  2  iterations.
$gam
[1] 6.142857

$rankJ
[1] 0

$rankA
[1] 0 1 1

[1] 0.6683225
Algorithm converged after  2  iterations.
$gam
[1] 7.333333

$rankJ
[1] 0

$rankA
[1] 0 1 1

[1] 0.6688469
Algorithm converged after  2  iterations.
$gam
[1] 9

$rankJ
[1] 0

$rankA
[1] 0 1 1

[1] 0.6693436
Algorithm converged after  2  iterations.
$gam
[1] 11.5

$rankJ
[1] 0

$rankA
[1] 0 1 1

[1] 0.1929135
Algorithm converged after  2  iterations.
$gam
[1] 15.66667

$rankJ
[1] 0

$rankA
[1] 0 1 1

[1] 0.1923652
Algorithm converged after  2  iterations.
$gam
[1] 24

$rankJ
[1] 0

$rankA
[1] 0 1 1

[1] 0.1919186
Algorithm converged after  2  iterations.
$gam
[1] 49

$rankJ
[1] 0

$rankA
[1] 0 1 1

[1] 0.1915885
Algorithm converged after  2  iterations.
$gam
[1] 1e+10

$rankJ
[1] 0

$rankA
[1] 0 1 1

[1] 0.1914277
Algorithm converged after  2  iterations.
$gam
[1] 0

$rankJ
[1] 1

$rankA
[1] 1 0 0

[1] 0.4806972
[1] 0.452932
[1] 0.4528731
[1] 0.4528718
[1] 0.4528718
[1] 0.4528718
Algorithm converged after  52  iterations.
$gam
[1] 0.02040816

$rankJ
[1] 1

$rankA
[1] 1 0 0

[1] 0.4870972
[1] 0.4630166
[1] 0.4629726
[1] 0.4629705
[1] 0.4629702
[1] 0.4629702
Algorithm converged after  52  iterations.
$gam
[1] 0.04166667

$rankJ
[1] 1

$rankA
[1] 1 0 0

[1] 0.4910257
[1] 0.4686648
[1] 0.4688029
[1] 0.4688393
[1] 0.4688461
[1] 0.4688473
Algorithm converged after  54  iterations.
$gam
[1] 0.06382979

$rankJ
[1] 1

$rankA
[1] 1 0 0

[1] 0.4977694
[1] 0.4770721
[1] 0.4774928
[1] 0.4775683
[1] 0.4775807
[1] 0.4775827
Algorithm converged after  53  iterations.
$gam
[1] 0.08695652

$rankJ
[1] 1

$rankA
[1] 1 0 0

[1] 0.5043141
[1] 0.4878126
[1] 0.4882789
[1] 0.4883263
[1] 0.4883311
Algorithm converged after  49  iterations.
$gam
[1] 0.1111111

$rankJ
[1] 1

$rankA
[1] 1 0 0

[1] 0.512357
[1] 0.5007339
[1] 0.5010323
[1] 0.5010339
[1] 0.5010329
Algorithm converged after  42  iterations.
$gam
[1] 0.1363636

$rankJ
[1] 1

$rankA
[1] 1 0 0

[1] 0.5219571
[1] 0.5163124
[1] 0.5163815
[1] 0.5163786
Algorithm converged after  32  iterations.
$gam
[1] 0.1627907

$rankJ
[1] 1

$rankA
[1] 1 0 0

[1] 0.5328678
[1] 0.5370377
[1] 0.5370516
Algorithm converged after  21  iterations.
$gam
[1] 0.1904762

$rankJ
[1] 1

$rankA
[1] 1 0 0

[1] 0.5446964
[1] 0.5565318
Algorithm converged after  15  iterations.
$gam
[1] 0.2195122

$rankJ
[1] 1

$rankA
[1] 1 0 0

[1] 0.5554532
[1] 0.564963
Algorithm converged after  14  iterations.
$gam
[1] 0.25

$rankJ
[1] 1

$rankA
[1] 1 0 0

[1] 0.5623771
[1] 0.5706731
Algorithm converged after  14  iterations.
$gam
[1] 0.2820513

$rankJ
[1] 1

$rankA
[1] 1 0 0

[1] 0.5671645
[1] 0.5755245
Algorithm converged after  14  iterations.
$gam
[1] 0.3157895

$rankJ
[1] 1

$rankA
[1] 1 0 0

[1] 0.5710664
[1] 0.5800681
Algorithm converged after  15  iterations.
$gam
[1] 0.3513514

$rankJ
[1] 1

$rankA
[1] 1 0 0

[1] 0.5746235
[1] 0.5845798
Algorithm converged after  17  iterations.
$gam
[1] 0.3888889

$rankJ
[1] 1

$rankA
[1] 1 0 0

[1] 0.5781313
[1] 0.5892184
Algorithm converged after  19  iterations.
$gam
[1] 0.4285714

$rankJ
[1] 1

$rankA
[1] 1 0 0

[1] 0.5817928
[1] 0.5939608
Algorithm converged after  20  iterations.
$gam
[1] 0.4705882

$rankJ
[1] 1

$rankA
[1] 1 0 0

[1] 0.5857485
[1] 0.5985505
[1] 0.5985686
Algorithm converged after  22  iterations.
$gam
[1] 0.5151515

$rankJ
[1] 1

$rankA
[1] 1 0 0

[1] 0.5900417
[1] 0.6027537
[1] 0.6027894
Algorithm converged after  23  iterations.
$gam
[1] 0.5625

$rankJ
[1] 1

$rankA
[1] 1 0 0

[1] 0.5945437
[1] 0.6066664
[1] 0.6067452
Algorithm converged after  25  iterations.
$gam
[1] 0.6129032

$rankJ
[1] 1

$rankA
[1] 1 0 0

[1] 0.5989259
[1] 0.6107182
[1] 0.6108582
Algorithm converged after  25  iterations.
$gam
[1] 0.6666667

$rankJ
[1] 1

$rankA
[1] 1 0 0

[1] 0.6028275
[1] 0.6151386
Algorithm converged after  19  iterations.
$gam
[1] 0.7241379

$rankJ
[1] 1

$rankA
[1] 1 0 0

[1] 0.6061356
[1] 0.6187659
Algorithm converged after  13  iterations.
$gam
[1] 0.7857143

$rankJ
[1] 1

$rankA
[1] 1 0 0

[1] 0.6090774
[1] 0.6310315
Algorithm converged after  18  iterations.
$gam
[1] 0.8518519

$rankJ
[1] 1

$rankA
[1] 1 0 0

[1] 0.612404
Algorithm converged after  8  iterations.
$gam
[1] 0.9230769

$rankJ
[1] 1

$rankA
[1] 1 0 0

[1] 0.6193293
Algorithm converged after  7  iterations.
$gam
[1] 1

$rankJ
[1] 1

$rankA
[1] 1 0 0

[1] 0.6285818
Algorithm converged after  8  iterations.
$gam
[1] 1.083333

$rankJ
[1] 1

$rankA
[1] 1 0 0

[1] 0.6324223
Algorithm converged after  8  iterations.
$gam
[1] 1.173913

$rankJ
[1] 1

$rankA
[1] 1 0 0

[1] 0.63514
Algorithm converged after  8  iterations.
$gam
[1] 1.272727

$rankJ
[1] 1

$rankA
[1] 1 0 0

[1] 0.6376775
Algorithm converged after  7  iterations.
$gam
[1] 1.380952

$rankJ
[1] 1

$rankA
[1] 1 0 0

[1] 0.6401178
Algorithm converged after  6  iterations.
$gam
[1] 1.5

$rankJ
[1] 1

$rankA
[1] 1 0 0

[1] 0.6423793
Algorithm converged after  6  iterations.
$gam
[1] 1.631579

$rankJ
[1] 1

$rankA
[1] 1 0 0

[1] 0.6443978
Algorithm converged after  5  iterations.
$gam
[1] 1.777778

$rankJ
[1] 1

$rankA
[1] 1 0 0

[1] 0.6461593
Algorithm converged after  5  iterations.
$gam
[1] 1.941176

$rankJ
[1] 1

$rankA
[1] 1 0 0

[1] 0.6476817
Algorithm converged after  5  iterations.
$gam
[1] 2.125

$rankJ
[1] 1

$rankA
[1] 1 0 0

[1] 0.6489954
Algorithm converged after  4  iterations.
$gam
[1] 2.333333

$rankJ
[1] 1

$rankA
[1] 1 0 0

[1] 0.650132
Algorithm converged after  4  iterations.
$gam
[1] 2.571429

$rankJ
[1] 1

$rankA
[1] 1 0 0

[1] 0.6511201
Algorithm converged after  5  iterations.
$gam
[1] 2.846154

$rankJ
[1] 1

$rankA
[1] 1 0 0

[1] 0.651984
Algorithm converged after  5  iterations.
$gam
[1] 3.166667

$rankJ
[1] 1

$rankA
[1] 1 0 0

[1] 0.652744
Algorithm converged after  5  iterations.
$gam
[1] 3.545455

$rankJ
[1] 1

$rankA
[1] 1 0 0

[1] 0.6534166
Algorithm converged after  5  iterations.
$gam
[1] 4

$rankJ
[1] 1

$rankA
[1] 1 0 0

[1] 0.6540156
Algorithm converged after  5  iterations.
$gam
[1] 4.555556

$rankJ
[1] 1

$rankA
[1] 1 0 0

[1] 0.6545524
Algorithm converged after  5  iterations.
$gam
[1] 5.25

$rankJ
[1] 1

$rankA
[1] 1 0 0

[1] 0.6550365
Algorithm converged after  5  iterations.
$gam
[1] 6.142857

$rankJ
[1] 1

$rankA
[1] 1 0 0

[1] 0.6554763
Algorithm converged after  5  iterations.
$gam
[1] 7.333333

$rankJ
[1] 1

$rankA
[1] 1 0 0

[1] 0.6558792
Algorithm converged after  5  iterations.
$gam
[1] 9

$rankJ
[1] 1

$rankA
[1] 1 0 0

[1] 0.656252
Algorithm converged after  5  iterations.
$gam
[1] 11.5

$rankJ
[1] 1

$rankA
[1] 1 0 0

[1] 0.1774345
Algorithm converged after  5  iterations.
$gam
[1] 15.66667

$rankJ
[1] 1

$rankA
[1] 1 0 0

[1] 0.1766438
Algorithm converged after  5  iterations.
$gam
[1] 24

$rankJ
[1] 1

$rankA
[1] 1 0 0

[1] 0.1760624
Algorithm converged after  5  iterations.
$gam
[1] 49

$rankJ
[1] 1

$rankA
[1] 1 0 0

[1] 0.1757741
Algorithm converged after  4  iterations.
$gam
[1] 1e+10

$rankJ
[1] 1

$rankA
[1] 1 0 0

[1] 0.1760343
Algorithm converged after  2  iterations.
$gam
[1] 0

$rankJ
[1] 1

$rankA
[1] 0 1 0

[1] 0.4627016
[1] 0.4362269
[1] 0.4362136
[1] 0.4362135
[1] 0.4362135
Algorithm converged after  41  iterations.
$gam
[1] 0.02040816

$rankJ
[1] 1

$rankA
[1] 0 1 0

[1] 0.4677904
[1] 0.4458797
[1] 0.4460322
[1] 0.4460504
[1] 0.446053
Algorithm converged after  50  iterations.
$gam
[1] 0.04166667

$rankJ
[1] 1

$rankA
[1] 0 1 0

[1] 0.4724413
[1] 0.4599133
[1] 0.4606679
[1] 0.4607924
[1] 0.4608173
[1] 0.4608223
Algorithm converged after  57  iterations.
$gam
[1] 0.06382979

$rankJ
[1] 1

$rankA
[1] 0 1 0

[1] 0.4800843
[1] 0.4851645
[1] 0.4857962
[1] 0.4858854
[1] 0.4858987
[1] 0.4859007
Algorithm converged after  51  iterations.
$gam
[1] 0.08695652

$rankJ
[1] 1

$rankA
[1] 0 1 0

[1] 0.493398
[1] 0.498482
[1] 0.4989345
[1] 0.4989852
[1] 0.4989914
Algorithm converged after  47  iterations.
$gam
[1] 0.1111111

$rankJ
[1] 1

$rankA
[1] 0 1 0

[1] 0.504425
[1] 0.5108713
[1] 0.511158
[1] 0.5111807
[1] 0.5111829
Algorithm converged after  44  iterations.
$gam
[1] 0.1363636

$rankJ
[1] 1

$rankA
[1] 0 1 0

[1] 0.5138377
[1] 0.5228229
[1] 0.5228936
[1] 0.5228935
Algorithm converged after  40  iterations.
$gam
[1] 0.1627907

$rankJ
[1] 1

$rankA
[1] 0 1 0

[1] 0.5250311
[1] 0.5366565
[1] 0.5365918
[1] 0.536585
Algorithm converged after  34  iterations.
$gam
[1] 0.1904762

$rankJ
[1] 1

$rankA
[1] 0 1 0

[1] 0.5388692
[1] 0.5532907
Algorithm converged after  20  iterations.
$gam
[1] 0.2195122

$rankJ
[1] 1

$rankA
[1] 0 1 0

[1] 0.5530659
[1] 0.5649377
Algorithm converged after  15  iterations.
$gam
[1] 0.25

$rankJ
[1] 1

$rankA
[1] 0 1 0

[1] 0.5621526
[1] 0.5723787
Algorithm converged after  15  iterations.
$gam
[1] 0.2820513

$rankJ
[1] 1

$rankA
[1] 0 1 0

[1] 0.5680693
[1] 0.5786601
Algorithm converged after  16  iterations.
$gam
[1] 0.3157895

$rankJ
[1] 1

$rankA
[1] 0 1 0

[1] 0.5726701
[1] 0.5849103
Algorithm converged after  16  iterations.
$gam
[1] 0.3513514

$rankJ
[1] 1

$rankA
[1] 0 1 0

[1] 0.576748
[1] 0.591882
Algorithm converged after  14  iterations.
$gam
[1] 0.3888889

$rankJ
[1] 1

$rankA
[1] 0 1 0

[1] 0.5807081
[1] 0.600707
Algorithm converged after  12  iterations.
$gam
[1] 0.4285714

$rankJ
[1] 1

$rankA
[1] 0 1 0

[1] 0.5848289
[1] 0.6079515
[1] 0.6286039
[1] 0.6163768
[1] 0.6172481
[1] 0.5962962
[1] 0.5908897
[1] 0.5970285
[1] 0.5909183
[1] 0.5916864
[1] 0.5918703
[1] 0.5879649
[1] 0.5915499
[1] 0.5912409
[1] 0.5918451
Algorithm converged after  145  iterations.
$gam
[1] 0.4705882

$rankJ
[1] 1

$rankA
[1] 0 1 0

[1] 0.5893939
Algorithm converged after  9  iterations.
$gam
[1] 0.5151515

$rankJ
[1] 1

$rankA
[1] 0 1 0

[1] 0.59487
Algorithm converged after  8  iterations.
$gam
[1] 0.5625

$rankJ
[1] 1

$rankA
[1] 0 1 0

[1] 0.6023558
Algorithm converged after  9  iterations.
$gam
[1] 0.6129032

$rankJ
[1] 1

$rankA
[1] 0 1 0

[1] 0.6162379
Algorithm converged after  8  iterations.
$gam
[1] 0.6666667

$rankJ
[1] 1

$rankA
[1] 0 1 0

[1] 0.622828
Algorithm converged after  7  iterations.
$gam
[1] 0.7241379

$rankJ
[1] 1

$rankA
[1] 0 1 0

[1] 0.6249204
Algorithm converged after  7  iterations.
$gam
[1] 0.7857143

$rankJ
[1] 1

$rankA
[1] 0 1 0

[1] 0.6265172
Algorithm converged after  6  iterations.
$gam
[1] 0.8518519

$rankJ
[1] 1

$rankA
[1] 0 1 0

[1] 0.628016
Algorithm converged after  6  iterations.
$gam
[1] 0.9230769

$rankJ
[1] 1

$rankA
[1] 0 1 0

[1] 0.6295742
Algorithm converged after  6  iterations.
$gam
[1] 1

$rankJ
[1] 1

$rankA
[1] 0 1 0

[1] 0.6312854
Algorithm converged after  6  iterations.
$gam
[1] 1.083333

$rankJ
[1] 1

$rankA
[1] 0 1 0

[1] 0.6331661
Algorithm converged after  6  iterations.
$gam
[1] 1.173913

$rankJ
[1] 1

$rankA
[1] 0 1 0

[1] 0.6349805
Algorithm converged after  6  iterations.
$gam
[1] 1.272727

$rankJ
[1] 1

$rankA
[1] 0 1 0

[1] 0.6389903
Algorithm converged after  8  iterations.
$gam
[1] 1.380952

$rankJ
[1] 1

$rankA
[1] 0 1 0

[1] 0.6425512
Algorithm converged after  7  iterations.
$gam
[1] 1.5

$rankJ
[1] 1

$rankA
[1] 0 1 0

[1] 0.6454842
Algorithm converged after  6  iterations.
$gam
[1] 1.631579

$rankJ
[1] 1

$rankA
[1] 0 1 0

[1] 0.6480321
Algorithm converged after  6  iterations.
$gam
[1] 1.777778

$rankJ
[1] 1

$rankA
[1] 0 1 0

[1] 0.650242
Algorithm converged after  5  iterations.
$gam
[1] 1.941176

$rankJ
[1] 1

$rankA
[1] 0 1 0

[1] 0.6521518
Algorithm converged after  5  iterations.
$gam
[1] 2.125

$rankJ
[1] 1

$rankA
[1] 0 1 0

[1] 0.6538027
Algorithm converged after  5  iterations.
$gam
[1] 2.333333

$rankJ
[1] 1

$rankA
[1] 0 1 0

[1] 0.6552344
Algorithm converged after  4  iterations.
$gam
[1] 2.571429

$rankJ
[1] 1

$rankA
[1] 0 1 0

[1] 0.6564817
Algorithm converged after  4  iterations.
$gam
[1] 2.846154

$rankJ
[1] 1

$rankA
[1] 0 1 0

[1] 0.657574
Algorithm converged after  4  iterations.
$gam
[1] 3.166667

$rankJ
[1] 1

$rankA
[1] 0 1 0

[1] 0.6585353
Algorithm converged after  5  iterations.
$gam
[1] 3.545455

$rankJ
[1] 1

$rankA
[1] 0 1 0

[1] 0.6593852
Algorithm converged after  5  iterations.
$gam
[1] 4

$rankJ
[1] 1

$rankA
[1] 0 1 0

[1] 0.6601395
Algorithm converged after  5  iterations.
$gam
[1] 4.555556

$rankJ
[1] 1

$rankA
[1] 0 1 0

[1] 0.6608109
Algorithm converged after  5  iterations.
$gam
[1] 5.25

$rankJ
[1] 1

$rankA
[1] 0 1 0

[1] 0.6614099
Algorithm converged after  5  iterations.
$gam
[1] 6.142857

$rankJ
[1] 1

$rankA
[1] 0 1 0

[1] 0.6619446
Algorithm converged after  5  iterations.
$gam
[1] 7.333333

$rankJ
[1] 1

$rankA
[1] 0 1 0

[1] 0.6624214
Algorithm converged after  5  iterations.
$gam
[1] 9

$rankJ
[1] 1

$rankA
[1] 0 1 0

[1] 0.6628451
Algorithm converged after  5  iterations.
$gam
[1] 11.5

$rankJ
[1] 1

$rankA
[1] 0 1 0

[1] 0.176356
Algorithm converged after  5  iterations.
$gam
[1] 15.66667

$rankJ
[1] 1

$rankA
[1] 0 1 0

[1] 0.175572
Algorithm converged after  5  iterations.
$gam
[1] 24

$rankJ
[1] 1

$rankA
[1] 0 1 0

[1] 0.1749985
Algorithm converged after  4  iterations.
$gam
[1] 49

$rankJ
[1] 1

$rankA
[1] 0 1 0

[1] 0.174719
Algorithm converged after  4  iterations.
$gam
[1] 1e+10

$rankJ
[1] 1

$rankA
[1] 0 1 0

[1] 0.1749891
Algorithm converged after  2  iterations.
$gam
[1] 0

$rankJ
[1] 1

$rankA
[1] 0 0 1

[1] 0.5000564
[1] 0.4753183
[1] 0.4751756
[1] 0.4751445
[1] 0.475133
[1] 0.4751286
[1] 0.475127
[1] 0.4751264
[1] 0.4751262
[1] 0.4751261
[1] 0.475126
[1] 0.475126
[1] 0.475126
[1] 0.475126
[1] 0.475126
Algorithm converged after  141  iterations.
$gam
[1] 0.02040816

$rankJ
[1] 1

$rankA
[1] 0 0 1

[1] 0.5046296
[1] 0.4871309
[1] 0.487852
[1] 0.4882552
[1] 0.4885722
[1] 0.4888409
[1] 0.4890769
[1] 0.4892882
[1] 0.4894791
[1] 0.4896521
[1] 0.4898086
[1] 0.4899496
[1] 0.4900762
[1] 0.4901894
[1] 0.4902927
[1] 0.4903824
[1] 0.4904616
[1] 0.4905312
[1] 0.4905924
[1] 0.4906459
Algorithm did not converge after  200  iterations.
$gam
[1] 0.04166667

$rankJ
[1] 1

$rankA
[1] 0 0 1

[1] 0.5103362
[1] 0.5015181
[1] 0.5060842
[1] 0.5120382
[1] 0.5194867
[1] 0.5280256
[1] 0.5360031
[1] 0.5410418
[1] 0.5429676
[1] 0.5434714
[1] 0.5435907
[1] 0.5436217
[1] 0.5436307
Algorithm converged after  127  iterations.
$gam
[1] 0.06382979

$rankJ
[1] 1

$rankA
[1] 0 0 1

[1] 0.5167033
[1] 0.5151234
[1] 0.5520066
[1] 0.5823785
[1] 0.5817259
Algorithm converged after  47  iterations.
$gam
[1] 0.08695652

$rankJ
[1] 1

$rankA
[1] 0 0 1

[1] 0.5216991
[1] 0.5515478
[1] 0.5954082
[1] 0.5952251
Algorithm converged after  39  iterations.
$gam
[1] 0.1111111

$rankJ
[1] 1

$rankA
[1] 0 0 1

[1] 0.5280629
[1] 0.6021659
[1] 0.6029821
Algorithm converged after  25  iterations.
$gam
[1] 0.1363636

$rankJ
[1] 1

$rankA
[1] 0 0 1

[1] 0.5370505
[1] 0.6082909
[1] 0.608451
[1] 0.6084563
Algorithm converged after  32  iterations.
$gam
[1] 0.1627907

$rankJ
[1] 1

$rankA
[1] 0 0 1

[1] 0.5485741
[1] 0.6125605
[1] 0.6126789
[1] 0.6126824
Algorithm converged after  31  iterations.
$gam
[1] 0.1904762

$rankJ
[1] 1

$rankA
[1] 0 0 1

[1] 0.562154
[1] 0.6154135
[1] 0.6154905
Algorithm converged after  30  iterations.
$gam
[1] 0.2195122

$rankJ
[1] 1

$rankA
[1] 0 0 1

[1] 0.574905
[1] 0.6174895
[1] 0.6175298
Algorithm converged after  29  iterations.
$gam
[1] 0.25

$rankJ
[1] 1

$rankA
[1] 0 0 1

[1] 0.5834317
[1] 0.6175278
[1] 0.6175486
Algorithm converged after  29  iterations.
$gam
[1] 0.2820513

$rankJ
[1] 1

$rankA
[1] 0 0 1

[1] 0.5900758
[1] 0.6184648
[1] 0.618469
Algorithm converged after  28  iterations.
$gam
[1] 0.3157895

$rankJ
[1] 1

$rankA
[1] 0 0 1

[1] 0.5959725
[1] 0.6169172
[1] 0.6168996
Algorithm converged after  28  iterations.
$gam
[1] 0.3513514

$rankJ
[1] 1

$rankA
[1] 0 0 1

[1] 0.6059631
[1] 0.618687
[1] 0.618665
Algorithm converged after  27  iterations.
$gam
[1] 0.3888889

$rankJ
[1] 1

$rankA
[1] 0 0 1

[1] 0.6056239
[1] 0.6175791
[1] 0.6175538
Algorithm converged after  26  iterations.
$gam
[1] 0.4285714

$rankJ
[1] 1

$rankA
[1] 0 0 1

[1] 0.6098065
[1] 0.6183582
[1] 0.6183377
Algorithm converged after  24  iterations.
$gam
[1] 0.4705882

$rankJ
[1] 1

$rankA
[1] 0 0 1

[1] 0.615124
[1] 0.6191762
[1] 0.6191608
Algorithm converged after  23  iterations.
$gam
[1] 0.5151515

$rankJ
[1] 1

$rankA
[1] 0 0 1

[1] 0.6223873
[1] 0.6175554
[1] 0.6175343
Algorithm converged after  22  iterations.
$gam
[1] 0.5625

$rankJ
[1] 1

$rankA
[1] 0 0 1

[1] 0.6234563
[1] 0.6182786
[1] 0.6182647
Algorithm converged after  21  iterations.
$gam
[1] 0.6129032

$rankJ
[1] 1

$rankA
[1] 0 0 1

[1] 0.6242701
[1] 0.6191346
Algorithm converged after  19  iterations.
$gam
[1] 0.6666667

$rankJ
[1] 1

$rankA
[1] 0 0 1

[1] 0.6249461
[1] 0.6200425
Algorithm converged after  18  iterations.
$gam
[1] 0.7241379

$rankJ
[1] 1

$rankA
[1] 0 0 1

[1] 0.6255351
[1] 0.6209602
Algorithm converged after  16  iterations.
$gam
[1] 0.7857143

$rankJ
[1] 1

$rankA
[1] 0 0 1

[1] 0.6260741
[1] 0.6218553
Algorithm converged after  15  iterations.
$gam
[1] 0.8518519

$rankJ
[1] 1

$rankA
[1] 0 0 1

[1] 0.6266029
[1] 0.6227061
Algorithm converged after  14  iterations.
$gam
[1] 0.9230769

$rankJ
[1] 1

$rankA
[1] 0 0 1

[1] 0.6271773
[1] 0.623509
Algorithm converged after  14  iterations.
$gam
[1] 1

$rankJ
[1] 1

$rankA
[1] 0 0 1

[1] 0.6278826
[1] 0.6242907
Algorithm converged after  13  iterations.
$gam
[1] 1.083333

$rankJ
[1] 1

$rankA
[1] 0 0 1

[1] 0.6288413
[1] 0.6251213
Algorithm converged after  13  iterations.
$gam
[1] 1.173913

$rankJ
[1] 1

$rankA
[1] 0 0 1

[1] 0.6301867
[1] 0.6261144
Algorithm converged after  13  iterations.
$gam
[1] 1.272727

$rankJ
[1] 1

$rankA
[1] 0 0 1

[1] 0.6319819
[1] 0.6273863
Algorithm converged after  13  iterations.
$gam
[1] 1.380952

$rankJ
[1] 1

$rankA
[1] 0 0 1

[1] 0.6341456
[1] 0.6289839
Algorithm converged after  14  iterations.
$gam
[1] 1.5

$rankJ
[1] 1

$rankA
[1] 0 0 1

[1] 0.6364895
[1] 0.6308553
Algorithm converged after  14  iterations.
$gam
[1] 1.631579

$rankJ
[1] 1

$rankA
[1] 0 0 1

[1] 0.6388245
[1] 0.6328918
Algorithm converged after  14  iterations.
$gam
[1] 1.777778

$rankJ
[1] 1

$rankA
[1] 0 0 1

[1] 0.6410234
[1] 0.6349839
Algorithm converged after  14  iterations.
$gam
[1] 1.941176

$rankJ
[1] 1

$rankA
[1] 0 0 1

[1] 0.6430227
[1] 0.6370488
Algorithm converged after  13  iterations.
$gam
[1] 2.125

$rankJ
[1] 1

$rankA
[1] 0 0 1

[1] 0.644801
[1] 0.6390335
Algorithm converged after  13  iterations.
$gam
[1] 2.333333

$rankJ
[1] 1

$rankA
[1] 0 0 1

[1] 0.64636
[1] 0.6409085
Algorithm converged after  13  iterations.
$gam
[1] 2.571429

$rankJ
[1] 1

$rankA
[1] 0 0 1

[1] 0.6477126
[1] 0.6426606
Algorithm converged after  12  iterations.
$gam
[1] 2.846154

$rankJ
[1] 1

$rankA
[1] 0 0 1

[1] 0.6488765
[1] 0.644287
Algorithm converged after  11  iterations.
$gam
[1] 3.166667

$rankJ
[1] 1

$rankA
[1] 0 0 1

[1] 0.6498708
[1] 0.6457906
Algorithm converged after  11  iterations.
$gam
[1] 3.545455

$rankJ
[1] 1

$rankA
[1] 0 0 1

[1] 0.6507157
Algorithm converged after  10  iterations.
$gam
[1] 4

$rankJ
[1] 1

$rankA
[1] 0 0 1

[1] 0.651432
Algorithm converged after  9  iterations.
$gam
[1] 4.555556

$rankJ
[1] 1

$rankA
[1] 0 0 1

[1] 0.652042
Algorithm converged after  8  iterations.
$gam
[1] 5.25

$rankJ
[1] 1

$rankA
[1] 0 0 1

[1] 0.6525701
Algorithm converged after  8  iterations.
$gam
[1] 6.142857

$rankJ
[1] 1

$rankA
[1] 0 0 1

[1] 0.6530435
Algorithm converged after  7  iterations.
$gam
[1] 7.333333

$rankJ
[1] 1

$rankA
[1] 0 0 1

[1] 0.6534916
Algorithm converged after  6  iterations.
$gam
[1] 9

$rankJ
[1] 1

$rankA
[1] 0 0 1

[1] 0.6539451
Algorithm converged after  5  iterations.
$gam
[1] 11.5

$rankJ
[1] 1

$rankA
[1] 0 0 1

[1] 0.1737093
Algorithm converged after  5  iterations.
$gam
[1] 15.66667

$rankJ
[1] 1

$rankA
[1] 0 0 1

[1] 0.1727494
Algorithm converged after  4  iterations.
$gam
[1] 24

$rankJ
[1] 1

$rankA
[1] 0 0 1

[1] 0.1717185
Algorithm converged after  4  iterations.
$gam
[1] 49

$rankJ
[1] 1

$rankA
[1] 0 0 1

[1] 0.1705746
Algorithm converged after  4  iterations.
$gam
[1] 1e+10

$rankJ
[1] 1

$rankA
[1] 0 0 1

[1] 0.1691812
Algorithm converged after  2  iterations.
$gam
[1] 0

$rankJ
[1] 2

$rankA
[1] 0 0 0

[1] 0.5350461
Algorithm converged after  2  iterations.
$gam
[1] 0.02040816

$rankJ
[1] 2

$rankA
[1] 0 0 0

[1] 0.5351291
Algorithm converged after  2  iterations.
$gam
[1] 0.04166667

$rankJ
[1] 2

$rankA
[1] 0 0 0

[1] 0.5375286
Algorithm converged after  2  iterations.
$gam
[1] 0.06382979

$rankJ
[1] 2

$rankA
[1] 0 0 0

[1] 0.5375735
Algorithm converged after  2  iterations.
$gam
[1] 0.08695652

$rankJ
[1] 2

$rankA
[1] 0 0 0

[1] 0.5376588
Algorithm converged after  2  iterations.
$gam
[1] 0.1111111

$rankJ
[1] 2

$rankA
[1] 0 0 0

[1] 0.5379354
Algorithm converged after  2  iterations.
$gam
[1] 0.1363636

$rankJ
[1] 2

$rankA
[1] 0 0 0

[1] 0.5389867
Algorithm converged after  2  iterations.
$gam
[1] 0.1627907

$rankJ
[1] 2

$rankA
[1] 0 0 0

[1] 0.5429624
Algorithm converged after  2  iterations.
$gam
[1] 0.1904762

$rankJ
[1] 2

$rankA
[1] 0 0 0

[1] 0.5485211
Algorithm converged after  2  iterations.
$gam
[1] 0.2195122

$rankJ
[1] 2

$rankA
[1] 0 0 0

[1] 0.5531191
Algorithm converged after  2  iterations.
$gam
[1] 0.25

$rankJ
[1] 2

$rankA
[1] 0 0 0

[1] 0.5573975
Algorithm converged after  2  iterations.
$gam
[1] 0.2820513

$rankJ
[1] 2

$rankA
[1] 0 0 0

[1] 0.5617734
Algorithm converged after  2  iterations.
$gam
[1] 0.3157895

$rankJ
[1] 2

$rankA
[1] 0 0 0

[1] 0.566315
Algorithm converged after  2  iterations.
$gam
[1] 0.3513514

$rankJ
[1] 2

$rankA
[1] 0 0 0

[1] 0.5708393
Algorithm converged after  2  iterations.
$gam
[1] 0.3888889

$rankJ
[1] 2

$rankA
[1] 0 0 0

[1] 0.5752348
Algorithm converged after  2  iterations.
$gam
[1] 0.4285714

$rankJ
[1] 2

$rankA
[1] 0 0 0

[1] 0.5795174
Algorithm converged after  2  iterations.
$gam
[1] 0.4705882

$rankJ
[1] 2

$rankA
[1] 0 0 0

[1] 0.5837432
Algorithm converged after  2  iterations.
$gam
[1] 0.5151515

$rankJ
[1] 2

$rankA
[1] 0 0 0

[1] 0.5879449
Algorithm converged after  2  iterations.
$gam
[1] 0.5625

$rankJ
[1] 2

$rankA
[1] 0 0 0

[1] 0.5921721
Algorithm converged after  2  iterations.
$gam
[1] 0.6129032

$rankJ
[1] 2

$rankA
[1] 0 0 0

[1] 0.5966413
Algorithm converged after  2  iterations.
$gam
[1] 0.6666667

$rankJ
[1] 2

$rankA
[1] 0 0 0

[1] 0.6021314
Algorithm converged after  2  iterations.
$gam
[1] 0.7241379

$rankJ
[1] 2

$rankA
[1] 0 0 0

[1] 0.6124405
Algorithm converged after  2  iterations.
$gam
[1] 0.7857143

$rankJ
[1] 2

$rankA
[1] 0 0 0

[1] 0.6250336
Algorithm converged after  2  iterations.
$gam
[1] 0.8518519

$rankJ
[1] 2

$rankA
[1] 0 0 0

[1] 0.6268058
Algorithm converged after  2  iterations.
$gam
[1] 0.9230769

$rankJ
[1] 2

$rankA
[1] 0 0 0

[1] 0.6277507
Algorithm converged after  2  iterations.
$gam
[1] 1

$rankJ
[1] 2

$rankA
[1] 0 0 0

[1] 0.6284332
Algorithm converged after  2  iterations.
$gam
[1] 1.083333

$rankJ
[1] 2

$rankA
[1] 0 0 0

[1] 0.6289868
Algorithm converged after  2  iterations.
$gam
[1] 1.173913

$rankJ
[1] 2

$rankA
[1] 0 0 0

[1] 0.6294633
Algorithm converged after  2  iterations.
$gam
[1] 1.272727

$rankJ
[1] 2

$rankA
[1] 0 0 0

[1] 0.6298888
Algorithm converged after  2  iterations.
$gam
[1] 1.380952

$rankJ
[1] 2

$rankA
[1] 0 0 0

[1] 0.6302777
Algorithm converged after  2  iterations.
$gam
[1] 1.5

$rankJ
[1] 2

$rankA
[1] 0 0 0

[1] 0.630639
Algorithm converged after  2  iterations.
$gam
[1] 1.631579

$rankJ
[1] 2

$rankA
[1] 0 0 0

[1] 0.6309781
Algorithm converged after  2  iterations.
$gam
[1] 1.777778

$rankJ
[1] 2

$rankA
[1] 0 0 0

[1] 0.6312986
Algorithm converged after  2  iterations.
$gam
[1] 1.941176

$rankJ
[1] 2

$rankA
[1] 0 0 0

[1] 0.631603
Algorithm converged after  2  iterations.
$gam
[1] 2.125

$rankJ
[1] 2

$rankA
[1] 0 0 0

[1] 0.6318931
Algorithm converged after  2  iterations.
$gam
[1] 2.333333

$rankJ
[1] 2

$rankA
[1] 0 0 0

[1] 0.6321705
Algorithm converged after  2  iterations.
$gam
[1] 2.571429

$rankJ
[1] 2

$rankA
[1] 0 0 0

[1] 0.6324362
Algorithm converged after  2  iterations.
$gam
[1] 2.846154

$rankJ
[1] 2

$rankA
[1] 0 0 0

[1] 0.6326914
Algorithm converged after  2  iterations.
$gam
[1] 3.166667

$rankJ
[1] 2

$rankA
[1] 0 0 0

[1] 0.6329368
Algorithm converged after  2  iterations.
$gam
[1] 3.545455

$rankJ
[1] 2

$rankA
[1] 0 0 0

[1] 0.6331731
Algorithm converged after  2  iterations.
$gam
[1] 4

$rankJ
[1] 2

$rankA
[1] 0 0 0

[1] 0.6334011
Algorithm converged after  2  iterations.
$gam
[1] 4.555556

$rankJ
[1] 2

$rankA
[1] 0 0 0

[1] 0.6336214
Algorithm converged after  2  iterations.
$gam
[1] 5.25

$rankJ
[1] 2

$rankA
[1] 0 0 0

[1] 0.6338343
Algorithm converged after  2  iterations.
$gam
[1] 6.142857

$rankJ
[1] 2

$rankA
[1] 0 0 0

[1] 0.6340405
Algorithm converged after  2  iterations.
$gam
[1] 7.333333

$rankJ
[1] 2

$rankA
[1] 0 0 0

[1] 0.6342403
Algorithm converged after  2  iterations.
$gam
[1] 9

$rankJ
[1] 2

$rankA
[1] 0 0 0

[1] 0.634434
Algorithm converged after  2  iterations.
$gam
[1] 11.5

$rankJ
[1] 2

$rankA
[1] 0 0 0

[1] 0.1509228
Algorithm converged after  2  iterations.
$gam
[1] 15.66667

$rankJ
[1] 2

$rankA
[1] 0 0 0

[1] 0.150867
Algorithm converged after  2  iterations.
$gam
[1] 24

$rankJ
[1] 2

$rankA
[1] 0 0 0

[1] 0.1508164
Algorithm converged after  2  iterations.
$gam
[1] 49

$rankJ
[1] 2

$rankA
[1] 0 0 0

[1] 0.1507752
Algorithm converged after  2  iterations.
$gam
[1] 1e+10

$rankJ
[1] 2

$rankA
[1] 0 0 0

[1] 0.1507546
Algorithm converged after  2  iterations.
