myseed=6648 

Attaching package: ‘pls’

The following object is masked from ‘package:stats’:

    loadings

Loading required package: lattice
Loading required package: ggplot2
Registered S3 methods overwritten by 'ggplot2':
  method         from 
  [.quosures     rlang
  c.quosures     rlang
  print.quosures rlang

Attaching package: ‘caret’

The following object is masked from ‘package:pls’:

    R2

Loading required package: Matrix
Loading required package: foreach
Loaded glmnet 2.0-18

Parsed with column specification:
cols(
  .default = col_double()
)
See spec(...) for full column specifications.
Parsed with column specification:
cols(
  X1 = col_double()
)
Parsed with column specification:
cols(
  X1 = col_double()
)
$gam
[1] 0

$rankJ
[1] 0

$rankA
[1] 0 0 0

[1] 0.6613866
Algorithm converged after  2  iterations.
$gam
[1] 0.02040816

$rankJ
[1] 0

$rankA
[1] 0 0 0

[1] 0.6613866
Algorithm converged after  2  iterations.
$gam
[1] 0.04166667

$rankJ
[1] 0

$rankA
[1] 0 0 0

[1] 0.6613866
Algorithm converged after  2  iterations.
$gam
[1] 0.06382979

$rankJ
[1] 0

$rankA
[1] 0 0 0

[1] 0.6613866
Algorithm converged after  2  iterations.
$gam
[1] 0.08695652

$rankJ
[1] 0

$rankA
[1] 0 0 0

[1] 0.6613866
Algorithm converged after  2  iterations.
$gam
[1] 0.1111111

$rankJ
[1] 0

$rankA
[1] 0 0 0

[1] 0.6613866
Algorithm converged after  2  iterations.
$gam
[1] 0.1363636

$rankJ
[1] 0

$rankA
[1] 0 0 0

[1] 0.6613866
Algorithm converged after  2  iterations.
$gam
[1] 0.1627907

$rankJ
[1] 0

$rankA
[1] 0 0 0

[1] 0.6613866
Algorithm converged after  2  iterations.
$gam
[1] 0.1904762

$rankJ
[1] 0

$rankA
[1] 0 0 0

[1] 0.6613866
Algorithm converged after  2  iterations.
$gam
[1] 0.2195122

$rankJ
[1] 0

$rankA
[1] 0 0 0

[1] 0.6613866
Algorithm converged after  2  iterations.
$gam
[1] 0.25

$rankJ
[1] 0

$rankA
[1] 0 0 0

[1] 0.6613866
Algorithm converged after  2  iterations.
$gam
[1] 0.2820513

$rankJ
[1] 0

$rankA
[1] 0 0 0

[1] 0.6613866
Algorithm converged after  2  iterations.
$gam
[1] 0.3157895

$rankJ
[1] 0

$rankA
[1] 0 0 0

[1] 0.6613866
Algorithm converged after  2  iterations.
$gam
[1] 0.3513514

$rankJ
[1] 0

$rankA
[1] 0 0 0

[1] 0.6613866
Algorithm converged after  2  iterations.
$gam
[1] 0.3888889

$rankJ
[1] 0

$rankA
[1] 0 0 0

[1] 0.6613866
Algorithm converged after  2  iterations.
$gam
[1] 0.4285714

$rankJ
[1] 0

$rankA
[1] 0 0 0

[1] 0.6613866
Algorithm converged after  2  iterations.
$gam
[1] 0.4705882

$rankJ
[1] 0

$rankA
[1] 0 0 0

[1] 0.6613866
Algorithm converged after  2  iterations.
$gam
[1] 0.5151515

$rankJ
[1] 0

$rankA
[1] 0 0 0

[1] 0.6613866
Algorithm converged after  2  iterations.
$gam
[1] 0.5625

$rankJ
[1] 0

$rankA
[1] 0 0 0

[1] 0.6613866
Algorithm converged after  2  iterations.
$gam
[1] 0.6129032

$rankJ
[1] 0

$rankA
[1] 0 0 0

[1] 0.6613866
Algorithm converged after  2  iterations.
$gam
[1] 0.6666667

$rankJ
[1] 0

$rankA
[1] 0 0 0

[1] 0.6613866
Algorithm converged after  2  iterations.
$gam
[1] 0.7241379

$rankJ
[1] 0

$rankA
[1] 0 0 0

[1] 0.6613866
Algorithm converged after  2  iterations.
$gam
[1] 0.7857143

$rankJ
[1] 0

$rankA
[1] 0 0 0

[1] 0.6613866
Algorithm converged after  2  iterations.
$gam
[1] 0.8518519

$rankJ
[1] 0

$rankA
[1] 0 0 0

[1] 0.6613866
Algorithm converged after  2  iterations.
$gam
[1] 0.9230769

$rankJ
[1] 0

$rankA
[1] 0 0 0

[1] 0.6613866
Algorithm converged after  2  iterations.
$gam
[1] 1

$rankJ
[1] 0

$rankA
[1] 0 0 0

[1] 0.6613866
Algorithm converged after  2  iterations.
$gam
[1] 1.083333

$rankJ
[1] 0

$rankA
[1] 0 0 0

[1] 0.6613866
Algorithm converged after  2  iterations.
$gam
[1] 1.173913

$rankJ
[1] 0

$rankA
[1] 0 0 0

[1] 0.6613866
Algorithm converged after  2  iterations.
$gam
[1] 1.272727

$rankJ
[1] 0

$rankA
[1] 0 0 0

[1] 0.6613866
Algorithm converged after  2  iterations.
$gam
[1] 1.380952

$rankJ
[1] 0

$rankA
[1] 0 0 0

[1] 0.6613866
Algorithm converged after  2  iterations.
$gam
[1] 1.5

$rankJ
[1] 0

$rankA
[1] 0 0 0

[1] 0.6613866
Algorithm converged after  2  iterations.
$gam
[1] 1.631579

$rankJ
[1] 0

$rankA
[1] 0 0 0

[1] 0.6613866
Algorithm converged after  2  iterations.
$gam
[1] 1.777778

$rankJ
[1] 0

$rankA
[1] 0 0 0

[1] 0.6613866
Algorithm converged after  2  iterations.
$gam
[1] 1.941176

$rankJ
[1] 0

$rankA
[1] 0 0 0

[1] 0.6613866
Algorithm converged after  2  iterations.
$gam
[1] 2.125

$rankJ
[1] 0

$rankA
[1] 0 0 0

[1] 0.6613866
Algorithm converged after  2  iterations.
$gam
[1] 2.333333

$rankJ
[1] 0

$rankA
[1] 0 0 0

[1] 0.6613866
Algorithm converged after  2  iterations.
$gam
[1] 2.571429

$rankJ
[1] 0

$rankA
[1] 0 0 0

[1] 0.6613866
Algorithm converged after  2  iterations.
$gam
[1] 2.846154

$rankJ
[1] 0

$rankA
[1] 0 0 0

[1] 0.6613866
Algorithm converged after  2  iterations.
$gam
[1] 3.166667

$rankJ
[1] 0

$rankA
[1] 0 0 0

[1] 0.6613866
Algorithm converged after  2  iterations.
$gam
[1] 3.545455

$rankJ
[1] 0

$rankA
[1] 0 0 0

[1] 0.6613866
Algorithm converged after  2  iterations.
$gam
[1] 4

$rankJ
[1] 0

$rankA
[1] 0 0 0

[1] 0.6613866
Algorithm converged after  2  iterations.
$gam
[1] 4.555556

$rankJ
[1] 0

$rankA
[1] 0 0 0

[1] 0.6613866
Algorithm converged after  2  iterations.
$gam
[1] 5.25

$rankJ
[1] 0

$rankA
[1] 0 0 0

[1] 0.6613866
Algorithm converged after  2  iterations.
$gam
[1] 6.142857

$rankJ
[1] 0

$rankA
[1] 0 0 0

[1] 0.6613866
Algorithm converged after  2  iterations.
$gam
[1] 7.333333

$rankJ
[1] 0

$rankA
[1] 0 0 0

[1] 0.6613866
Algorithm converged after  2  iterations.
$gam
[1] 9

$rankJ
[1] 0

$rankA
[1] 0 0 0

[1] 0.6613866
Algorithm converged after  2  iterations.
$gam
[1] 11.5

$rankJ
[1] 0

$rankA
[1] 0 0 0

[1] 0.2488166
Algorithm converged after  2  iterations.
$gam
[1] 15.66667

$rankJ
[1] 0

$rankA
[1] 0 0 0

[1] 0.2488166
Algorithm converged after  2  iterations.
$gam
[1] 24

$rankJ
[1] 0

$rankA
[1] 0 0 0

[1] 0.2488166
Algorithm converged after  2  iterations.
$gam
[1] 49

$rankJ
[1] 0

$rankA
[1] 0 0 0

[1] 0.2488166
Algorithm converged after  2  iterations.
$gam
[1] 1e+10

$rankJ
[1] 0

$rankA
[1] 0 0 0

[1] 0.2488166
Algorithm converged after  2  iterations.
$gam
[1] 0

$rankJ
[1] 0

$rankA
[1] 1 0 0

[1] 0.5604017
Algorithm converged after  2  iterations.
$gam
[1] 0.02040816

$rankJ
[1] 0

$rankA
[1] 1 0 0

[1] 0.5655789
Algorithm converged after  2  iterations.
$gam
[1] 0.04166667

$rankJ
[1] 0

$rankA
[1] 1 0 0

[1] 0.5668491
Algorithm converged after  2  iterations.
$gam
[1] 0.06382979

$rankJ
[1] 0

$rankA
[1] 1 0 0

[1] 0.5710296
Algorithm converged after  2  iterations.
$gam
[1] 0.08695652

$rankJ
[1] 0

$rankA
[1] 1 0 0

[1] 0.5827577
Algorithm converged after  2  iterations.
$gam
[1] 0.1111111

$rankJ
[1] 0

$rankA
[1] 1 0 0

[1] 0.5891032
Algorithm converged after  2  iterations.
$gam
[1] 0.1363636

$rankJ
[1] 0

$rankA
[1] 1 0 0

[1] 0.5938275
Algorithm converged after  2  iterations.
$gam
[1] 0.1627907

$rankJ
[1] 0

$rankA
[1] 1 0 0

[1] 0.5976326
Algorithm converged after  2  iterations.
$gam
[1] 0.1904762

$rankJ
[1] 0

$rankA
[1] 1 0 0

[1] 0.6010187
Algorithm converged after  2  iterations.
$gam
[1] 0.2195122

$rankJ
[1] 0

$rankA
[1] 1 0 0

[1] 0.6042693
Algorithm converged after  2  iterations.
$gam
[1] 0.25

$rankJ
[1] 0

$rankA
[1] 1 0 0

[1] 0.6075198
Algorithm converged after  2  iterations.
$gam
[1] 0.2820513

$rankJ
[1] 0

$rankA
[1] 1 0 0

[1] 0.6108528
Algorithm converged after  2  iterations.
$gam
[1] 0.3157895

$rankJ
[1] 0

$rankA
[1] 1 0 0

[1] 0.6143333
Algorithm converged after  2  iterations.
$gam
[1] 0.3513514

$rankJ
[1] 0

$rankA
[1] 1 0 0

[1] 0.6179876
Algorithm converged after  2  iterations.
$gam
[1] 0.3888889

$rankJ
[1] 0

$rankA
[1] 1 0 0

[1] 0.6217481
Algorithm converged after  2  iterations.
$gam
[1] 0.4285714

$rankJ
[1] 0

$rankA
[1] 1 0 0

[1] 0.6254184
Algorithm converged after  2  iterations.
$gam
[1] 0.4705882

$rankJ
[1] 0

$rankA
[1] 1 0 0

[1] 0.6287492
Algorithm converged after  2  iterations.
$gam
[1] 0.5151515

$rankJ
[1] 0

$rankA
[1] 1 0 0

[1] 0.6315851
Algorithm converged after  2  iterations.
$gam
[1] 0.5625

$rankJ
[1] 0

$rankA
[1] 1 0 0

[1] 0.6339212
Algorithm converged after  2  iterations.
$gam
[1] 0.6129032

$rankJ
[1] 0

$rankA
[1] 1 0 0

[1] 0.6358389
Algorithm converged after  2  iterations.
$gam
[1] 0.6666667

$rankJ
[1] 0

$rankA
[1] 1 0 0

[1] 0.6374365
Algorithm converged after  2  iterations.
$gam
[1] 0.7241379

$rankJ
[1] 0

$rankA
[1] 1 0 0

[1] 0.6387994
Algorithm converged after  2  iterations.
$gam
[1] 0.7857143

$rankJ
[1] 0

$rankA
[1] 1 0 0

[1] 0.6399966
Algorithm converged after  2  iterations.
$gam
[1] 0.8518519

$rankJ
[1] 0

$rankA
[1] 1 0 0

[1] 0.6410852
Algorithm converged after  2  iterations.
$gam
[1] 0.9230769

$rankJ
[1] 0

$rankA
[1] 1 0 0

[1] 0.6421167
Algorithm converged after  2  iterations.
$gam
[1] 1

$rankJ
[1] 0

$rankA
[1] 1 0 0

[1] 0.6431423
Algorithm converged after  2  iterations.
$gam
[1] 1.083333

$rankJ
[1] 0

$rankA
[1] 1 0 0

[1] 0.6442144
Algorithm converged after  2  iterations.
$gam
[1] 1.173913

$rankJ
[1] 0

$rankA
[1] 1 0 0

[1] 0.6453782
Algorithm converged after  2  iterations.
$gam
[1] 1.272727

$rankJ
[1] 0

$rankA
[1] 1 0 0

[1] 0.6466491
Algorithm converged after  2  iterations.
$gam
[1] 1.380952

$rankJ
[1] 0

$rankA
[1] 1 0 0

[1] 0.6479907
Algorithm converged after  2  iterations.
$gam
[1] 1.5

$rankJ
[1] 0

$rankA
[1] 1 0 0

[1] 0.6493296
Algorithm converged after  2  iterations.
$gam
[1] 1.631579

$rankJ
[1] 0

$rankA
[1] 1 0 0

[1] 0.650597
Algorithm converged after  2  iterations.
$gam
[1] 1.777778

$rankJ
[1] 0

$rankA
[1] 1 0 0

[1] 0.6517544
Algorithm converged after  2  iterations.
$gam
[1] 1.941176

$rankJ
[1] 0

$rankA
[1] 1 0 0

[1] 0.6527911
Algorithm converged after  2  iterations.
$gam
[1] 2.125

$rankJ
[1] 0

$rankA
[1] 1 0 0

[1] 0.6537124
Algorithm converged after  2  iterations.
$gam
[1] 2.333333

$rankJ
[1] 0

$rankA
[1] 1 0 0

[1] 0.6545305
Algorithm converged after  2  iterations.
$gam
[1] 2.571429

$rankJ
[1] 0

$rankA
[1] 1 0 0

[1] 0.6528498
Algorithm converged after  2  iterations.
$gam
[1] 2.846154

$rankJ
[1] 0

$rankA
[1] 1 0 0

[1] 0.654638
Algorithm converged after  2  iterations.
$gam
[1] 3.166667

$rankJ
[1] 0

$rankA
[1] 1 0 0

[1] 0.6561868
Algorithm converged after  2  iterations.
$gam
[1] 3.545455

$rankJ
[1] 0

$rankA
[1] 1 0 0

[1] 0.6570282
Algorithm converged after  2  iterations.
$gam
[1] 4

$rankJ
[1] 0

$rankA
[1] 1 0 0

[1] 0.657512
Algorithm converged after  2  iterations.
$gam
[1] 4.555556

$rankJ
[1] 0

$rankA
[1] 1 0 0

[1] 0.6579555
Algorithm converged after  2  iterations.
$gam
[1] 5.25

$rankJ
[1] 0

$rankA
[1] 1 0 0

[1] 0.6583649
Algorithm converged after  2  iterations.
$gam
[1] 6.142857

$rankJ
[1] 0

$rankA
[1] 1 0 0

[1] 0.6587452
Algorithm converged after  2  iterations.
$gam
[1] 7.333333

$rankJ
[1] 0

$rankA
[1] 1 0 0

[1] 0.6591011
Algorithm converged after  2  iterations.
$gam
[1] 9

$rankJ
[1] 0

$rankA
[1] 1 0 0

[1] 0.6594366
Algorithm converged after  2  iterations.
$gam
[1] 11.5

$rankJ
[1] 0

$rankA
[1] 1 0 0

[1] 0.2376024
Algorithm converged after  2  iterations.
$gam
[1] 15.66667

$rankJ
[1] 0

$rankA
[1] 1 0 0

[1] 0.2374212
Algorithm converged after  2  iterations.
$gam
[1] 24

$rankJ
[1] 0

$rankA
[1] 1 0 0

[1] 0.2372627
Algorithm converged after  2  iterations.
$gam
[1] 49

$rankJ
[1] 0

$rankA
[1] 1 0 0

[1] 0.237135
Algorithm converged after  2  iterations.
$gam
[1] 1e+10

$rankJ
[1] 0

$rankA
[1] 1 0 0

[1] 0.2370684
Algorithm converged after  2  iterations.
$gam
[1] 0

$rankJ
[1] 0

$rankA
[1] 0 1 0

[1] 0.5705281
Algorithm converged after  2  iterations.
$gam
[1] 0.02040816

$rankJ
[1] 0

$rankA
[1] 0 1 0

[1] 0.571342
Algorithm converged after  2  iterations.
$gam
[1] 0.04166667

$rankJ
[1] 0

$rankA
[1] 0 1 0

[1] 0.5735093
Algorithm converged after  2  iterations.
$gam
[1] 0.06382979

$rankJ
[1] 0

$rankA
[1] 0 1 0

[1] 0.5834562
Algorithm converged after  2  iterations.
$gam
[1] 0.08695652

$rankJ
[1] 0

$rankA
[1] 0 1 0

[1] 0.5876767
Algorithm converged after  2  iterations.
$gam
[1] 0.1111111

$rankJ
[1] 0

$rankA
[1] 0 1 0

[1] 0.5901618
Algorithm converged after  2  iterations.
$gam
[1] 0.1363636

$rankJ
[1] 0

$rankA
[1] 0 1 0

[1] 0.5922885
Algorithm converged after  2  iterations.
$gam
[1] 0.1627907

$rankJ
[1] 0

$rankA
[1] 0 1 0

[1] 0.5944564
Algorithm converged after  2  iterations.
$gam
[1] 0.1904762

$rankJ
[1] 0

$rankA
[1] 0 1 0

[1] 0.5968903
Algorithm converged after  2  iterations.
$gam
[1] 0.2195122

$rankJ
[1] 0

$rankA
[1] 0 1 0

[1] 0.5998054
Algorithm converged after  2  iterations.
$gam
[1] 0.25

$rankJ
[1] 0

$rankA
[1] 0 1 0

[1] 0.6034977
Algorithm converged after  2  iterations.
$gam
[1] 0.2820513

$rankJ
[1] 0

$rankA
[1] 0 1 0

[1] 0.6086132
Algorithm converged after  2  iterations.
$gam
[1] 0.3157895

$rankJ
[1] 0

$rankA
[1] 0 1 0

[1] 0.6177498
Algorithm converged after  2  iterations.
$gam
[1] 0.3513514

$rankJ
[1] 0

$rankA
[1] 0 1 0

[1] 0.6350936
Algorithm converged after  2  iterations.
$gam
[1] 0.3888889

$rankJ
[1] 0

$rankA
[1] 0 1 0

[1] 0.6382206
Algorithm converged after  2  iterations.
$gam
[1] 0.4285714

$rankJ
[1] 0

$rankA
[1] 0 1 0

[1] 0.6397632
Algorithm converged after  2  iterations.
$gam
[1] 0.4705882

$rankJ
[1] 0

$rankA
[1] 0 1 0

[1] 0.640783
Algorithm converged after  2  iterations.
$gam
[1] 0.5151515

$rankJ
[1] 0

$rankA
[1] 0 1 0

[1] 0.6415414
Algorithm converged after  2  iterations.
$gam
[1] 0.5625

$rankJ
[1] 0

$rankA
[1] 0 1 0

[1] 0.6421445
Algorithm converged after  2  iterations.
$gam
[1] 0.6129032

$rankJ
[1] 0

$rankA
[1] 0 1 0

[1] 0.6426465
Algorithm converged after  2  iterations.
$gam
[1] 0.6666667

$rankJ
[1] 0

$rankA
[1] 0 1 0

[1] 0.6430797
Algorithm converged after  2  iterations.
$gam
[1] 0.7241379

$rankJ
[1] 0

$rankA
[1] 0 1 0

[1] 0.6434657
Algorithm converged after  2  iterations.
$gam
[1] 0.7857143

$rankJ
[1] 0

$rankA
[1] 0 1 0

[1] 0.6438214
Algorithm converged after  2  iterations.
$gam
[1] 0.8518519

$rankJ
[1] 0

$rankA
[1] 0 1 0

[1] 0.6441622
Algorithm converged after  2  iterations.
$gam
[1] 0.9230769

$rankJ
[1] 0

$rankA
[1] 0 1 0

[1] 0.6445054
Algorithm converged after  2  iterations.
$gam
[1] 1

$rankJ
[1] 0

$rankA
[1] 0 1 0

[1] 0.6448738
Algorithm converged after  2  iterations.
$gam
[1] 1.083333

$rankJ
[1] 0

$rankA
[1] 0 1 0

[1] 0.6453017
Algorithm converged after  2  iterations.
$gam
[1] 1.173913

$rankJ
[1] 0

$rankA
[1] 0 1 0

[1] 0.6458414
Algorithm converged after  2  iterations.
$gam
[1] 1.272727

$rankJ
[1] 0

$rankA
[1] 0 1 0

[1] 0.6465627
Algorithm converged after  2  iterations.
$gam
[1] 1.380952

$rankJ
[1] 0

$rankA
[1] 0 1 0

[1] 0.6475211
Algorithm converged after  2  iterations.
$gam
[1] 1.5

$rankJ
[1] 0

$rankA
[1] 0 1 0

[1] 0.6486926
Algorithm converged after  2  iterations.
$gam
[1] 1.631579

$rankJ
[1] 0

$rankA
[1] 0 1 0

[1] 0.6499626
Algorithm converged after  2  iterations.
$gam
[1] 1.777778

$rankJ
[1] 0

$rankA
[1] 0 1 0

[1] 0.6512089
Algorithm converged after  2  iterations.
$gam
[1] 1.941176

$rankJ
[1] 0

$rankA
[1] 0 1 0

[1] 0.6523607
Algorithm converged after  2  iterations.
$gam
[1] 2.125

$rankJ
[1] 0

$rankA
[1] 0 1 0

[1] 0.6421409
Algorithm converged after  2  iterations.
$gam
[1] 2.333333

$rankJ
[1] 0

$rankA
[1] 0 1 0

[1] 0.654312
Algorithm converged after  2  iterations.
$gam
[1] 2.571429

$rankJ
[1] 0

$rankA
[1] 0 1 0

[1] 0.6531823
Algorithm converged after  2  iterations.
$gam
[1] 2.846154

$rankJ
[1] 0

$rankA
[1] 0 1 0

[1] 0.6549817
Algorithm converged after  2  iterations.
$gam
[1] 3.166667

$rankJ
[1] 0

$rankA
[1] 0 1 0

[1] 0.6562496
Algorithm converged after  2  iterations.
$gam
[1] 3.545455

$rankJ
[1] 0

$rankA
[1] 0 1 0

[1] 0.6572284
Algorithm converged after  2  iterations.
$gam
[1] 4

$rankJ
[1] 0

$rankA
[1] 0 1 0

[1] 0.6580155
Algorithm converged after  2  iterations.
$gam
[1] 4.555556

$rankJ
[1] 0

$rankA
[1] 0 1 0

[1] 0.658664
Algorithm converged after  2  iterations.
$gam
[1] 5.25

$rankJ
[1] 0

$rankA
[1] 0 1 0

[1] 0.659207
Algorithm converged after  2  iterations.
$gam
[1] 6.142857

$rankJ
[1] 0

$rankA
[1] 0 1 0

[1] 0.6469622
Algorithm converged after  2  iterations.
$gam
[1] 7.333333

$rankJ
[1] 0

$rankA
[1] 0 1 0

[1] 0.6592672
Algorithm converged after  2  iterations.
$gam
[1] 9

$rankJ
[1] 0

$rankA
[1] 0 1 0

[1] 0.6596127
Algorithm converged after  2  iterations.
$gam
[1] 11.5

$rankJ
[1] 0

$rankA
[1] 0 1 0

[1] 0.2375942
Algorithm converged after  2  iterations.
$gam
[1] 15.66667

$rankJ
[1] 0

$rankA
[1] 0 1 0

[1] 0.2373853
Algorithm converged after  2  iterations.
$gam
[1] 24

$rankJ
[1] 0

$rankA
[1] 0 1 0

[1] 0.2371973
Algorithm converged after  2  iterations.
$gam
[1] 49

$rankJ
[1] 0

$rankA
[1] 0 1 0

[1] 0.2370377
Algorithm converged after  2  iterations.
$gam
[1] 1e+10

$rankJ
[1] 0

$rankA
[1] 0 1 0

[1] 0.236943
Algorithm converged after  2  iterations.
$gam
[1] 0

$rankJ
[1] 0

$rankA
[1] 0 0 1

[1] 0.5863499
Algorithm converged after  2  iterations.
$gam
[1] 0.02040816

$rankJ
[1] 0

$rankA
[1] 0 0 1

[1] 0.5874958
Algorithm converged after  2  iterations.
$gam
[1] 0.04166667

$rankJ
[1] 0

$rankA
[1] 0 0 1

[1] 0.5919413
Algorithm converged after  2  iterations.
$gam
[1] 0.06382979

$rankJ
[1] 0

$rankA
[1] 0 0 1

[1] 0.5952273
Algorithm converged after  2  iterations.
$gam
[1] 0.08695652

$rankJ
[1] 0

$rankA
[1] 0 0 1

[1] 0.5987443
Algorithm converged after  2  iterations.
$gam
[1] 0.1111111

$rankJ
[1] 0

$rankA
[1] 0 0 1

[1] 0.6020784
Algorithm converged after  2  iterations.
$gam
[1] 0.1363636

$rankJ
[1] 0

$rankA
[1] 0 0 1

[1] 0.6054538
Algorithm converged after  2  iterations.
$gam
[1] 0.1627907

$rankJ
[1] 0

$rankA
[1] 0 0 1

[1] 0.6090214
Algorithm converged after  2  iterations.
$gam
[1] 0.1904762

$rankJ
[1] 0

$rankA
[1] 0 0 1

[1] 0.6127381
Algorithm converged after  2  iterations.
$gam
[1] 0.2195122

$rankJ
[1] 0

$rankA
[1] 0 0 1

[1] 0.6166045
Algorithm converged after  2  iterations.
$gam
[1] 0.25

$rankJ
[1] 0

$rankA
[1] 0 0 1

[1] 0.6206687
Algorithm converged after  2  iterations.
$gam
[1] 0.2820513

$rankJ
[1] 0

$rankA
[1] 0 0 1

[1] 0.6246838
Algorithm converged after  2  iterations.
$gam
[1] 0.3157895

$rankJ
[1] 0

$rankA
[1] 0 0 1

[1] 0.6281536
Algorithm converged after  2  iterations.
$gam
[1] 0.3513514

$rankJ
[1] 0

$rankA
[1] 0 0 1

[1] 0.6309107
Algorithm converged after  2  iterations.
$gam
[1] 0.3888889

$rankJ
[1] 0

$rankA
[1] 0 0 1

[1] 0.6330825
Algorithm converged after  2  iterations.
$gam
[1] 0.4285714

$rankJ
[1] 0

$rankA
[1] 0 0 1

[1] 0.6348262
Algorithm converged after  2  iterations.
$gam
[1] 0.4705882

$rankJ
[1] 0

$rankA
[1] 0 0 1

[1] 0.6362593
Algorithm converged after  2  iterations.
$gam
[1] 0.5151515

$rankJ
[1] 0

$rankA
[1] 0 0 1

[1] 0.637465
Algorithm converged after  2  iterations.
$gam
[1] 0.5625

$rankJ
[1] 0

$rankA
[1] 0 0 1

[1] 0.6385038
Algorithm converged after  2  iterations.
$gam
[1] 0.6129032

$rankJ
[1] 0

$rankA
[1] 0 0 1

[1] 0.639423
Algorithm converged after  2  iterations.
$gam
[1] 0.6666667

$rankJ
[1] 0

$rankA
[1] 0 0 1

[1] 0.6402635
Algorithm converged after  2  iterations.
$gam
[1] 0.7241379

$rankJ
[1] 0

$rankA
[1] 0 0 1

[1] 0.6410686
Algorithm converged after  2  iterations.
$gam
[1] 0.7857143

$rankJ
[1] 0

$rankA
[1] 0 0 1

[1] 0.6418961
Algorithm converged after  2  iterations.
$gam
[1] 0.8518519

$rankJ
[1] 0

$rankA
[1] 0 0 1

[1] 0.6428452
Algorithm converged after  2  iterations.
$gam
[1] 0.9230769

$rankJ
[1] 0

$rankA
[1] 0 0 1

[1] 0.6441072
Algorithm converged after  2  iterations.
$gam
[1] 1

$rankJ
[1] 0

$rankA
[1] 0 0 1

[1] 0.6459901
Algorithm converged after  2  iterations.
$gam
[1] 1.083333

$rankJ
[1] 0

$rankA
[1] 0 0 1

[1] 0.6485403
Algorithm converged after  2  iterations.
$gam
[1] 1.173913

$rankJ
[1] 0

$rankA
[1] 0 0 1

[1] 0.6510676
Algorithm converged after  2  iterations.
$gam
[1] 1.272727

$rankJ
[1] 0

$rankA
[1] 0 0 1

[1] 0.6530575
Algorithm converged after  2  iterations.
$gam
[1] 1.380952

$rankJ
[1] 0

$rankA
[1] 0 0 1

[1] 0.6545309
Algorithm converged after  2  iterations.
$gam
[1] 1.5

$rankJ
[1] 0

$rankA
[1] 0 0 1

[1] 0.655634
Algorithm converged after  2  iterations.
$gam
[1] 1.631579

$rankJ
[1] 0

$rankA
[1] 0 0 1

[1] 0.6521477
Algorithm converged after  2  iterations.
$gam
[1] 1.777778

$rankJ
[1] 0

$rankA
[1] 0 0 1

[1] 0.6550613
Algorithm converged after  2  iterations.
$gam
[1] 1.941176

$rankJ
[1] 0

$rankA
[1] 0 0 1

[1] 0.6566155
Algorithm converged after  2  iterations.
$gam
[1] 2.125

$rankJ
[1] 0

$rankA
[1] 0 0 1

[1] 0.6576572
Algorithm converged after  2  iterations.
$gam
[1] 2.333333

$rankJ
[1] 0

$rankA
[1] 0 0 1

[1] 0.6584133
Algorithm converged after  2  iterations.
$gam
[1] 2.571429

$rankJ
[1] 0

$rankA
[1] 0 0 1

[1] 0.6589879
Algorithm converged after  2  iterations.
$gam
[1] 2.846154

$rankJ
[1] 0

$rankA
[1] 0 0 1

[1] 0.6594386
Algorithm converged after  2  iterations.
$gam
[1] 3.166667

$rankJ
[1] 0

$rankA
[1] 0 0 1

[1] 0.646723
Algorithm converged after  2  iterations.
$gam
[1] 3.545455

$rankJ
[1] 0

$rankA
[1] 0 0 1

[1] 0.6596286
Algorithm converged after  2  iterations.
$gam
[1] 4

$rankJ
[1] 0

$rankA
[1] 0 0 1

[1] 0.6598296
Algorithm converged after  2  iterations.
$gam
[1] 4.555556

$rankJ
[1] 0

$rankA
[1] 0 0 1

[1] 0.6600116
Algorithm converged after  2  iterations.
$gam
[1] 5.25

$rankJ
[1] 0

$rankA
[1] 0 0 1

[1] 0.6601778
Algorithm converged after  2  iterations.
$gam
[1] 6.142857

$rankJ
[1] 0

$rankA
[1] 0 0 1

[1] 0.6603309
Algorithm converged after  2  iterations.
$gam
[1] 7.333333

$rankJ
[1] 0

$rankA
[1] 0 0 1

[1] 0.6604731
Algorithm converged after  2  iterations.
$gam
[1] 9

$rankJ
[1] 0

$rankA
[1] 0 0 1

[1] 0.6606062
Algorithm converged after  2  iterations.
$gam
[1] 11.5

$rankJ
[1] 0

$rankA
[1] 0 0 1

[1] 0.2052919
Algorithm converged after  2  iterations.
$gam
[1] 15.66667

$rankJ
[1] 0

$rankA
[1] 0 0 1

[1] 0.2045503
Algorithm converged after  2  iterations.
$gam
[1] 24

$rankJ
[1] 0

$rankA
[1] 0 0 1

[1] 0.2039085
Algorithm converged after  2  iterations.
$gam
[1] 49

$rankJ
[1] 0

$rankA
[1] 0 0 1

[1] 0.2034016
Algorithm converged after  2  iterations.
$gam
[1] 1e+10

$rankJ
[1] 0

$rankA
[1] 0 0 1

[1] 0.2031481
Algorithm converged after  2  iterations.
$gam
[1] 0

$rankJ
[1] 1

$rankA
[1] 0 0 0

[1] 0.5345222
Algorithm converged after  2  iterations.
$gam
[1] 0.02040816

$rankJ
[1] 1

$rankA
[1] 0 0 0

[1] 0.5375643
Algorithm converged after  2  iterations.
$gam
[1] 0.04166667

$rankJ
[1] 1

$rankA
[1] 0 0 0

[1] 0.5410417
Algorithm converged after  2  iterations.
$gam
[1] 0.06382979

$rankJ
[1] 1

$rankA
[1] 0 0 0

[1] 0.5470866
Algorithm converged after  2  iterations.
$gam
[1] 0.08695652

$rankJ
[1] 1

$rankA
[1] 0 0 0

[1] 0.5555442
Algorithm converged after  2  iterations.
$gam
[1] 0.1111111

$rankJ
[1] 1

$rankA
[1] 0 0 0

[1] 0.5645415
Algorithm converged after  2  iterations.
$gam
[1] 0.1363636

$rankJ
[1] 1

$rankA
[1] 0 0 0

[1] 0.5717116
Algorithm converged after  2  iterations.
$gam
[1] 0.1627907

$rankJ
[1] 1

$rankA
[1] 0 0 0

[1] 0.5779809
Algorithm converged after  2  iterations.
$gam
[1] 0.1904762

$rankJ
[1] 1

$rankA
[1] 0 0 0

[1] 0.5841727
Algorithm converged after  2  iterations.
$gam
[1] 0.2195122

$rankJ
[1] 1

$rankA
[1] 0 0 0

[1] 0.5904483
Algorithm converged after  2  iterations.
$gam
[1] 0.25

$rankJ
[1] 1

$rankA
[1] 0 0 0

[1] 0.5964603
Algorithm converged after  2  iterations.
$gam
[1] 0.2820513

$rankJ
[1] 1

$rankA
[1] 0 0 0

[1] 0.6016241
Algorithm converged after  2  iterations.
$gam
[1] 0.3157895

$rankJ
[1] 1

$rankA
[1] 0 0 0

[1] 0.6056504
Algorithm converged after  2  iterations.
$gam
[1] 0.3513514

$rankJ
[1] 1

$rankA
[1] 0 0 0

[1] 0.608692
Algorithm converged after  2  iterations.
$gam
[1] 0.3888889

$rankJ
[1] 1

$rankA
[1] 0 0 0

[1] 0.6110261
Algorithm converged after  2  iterations.
$gam
[1] 0.4285714

$rankJ
[1] 1

$rankA
[1] 0 0 0

[1] 0.6128725
Algorithm converged after  2  iterations.
$gam
[1] 0.4705882

$rankJ
[1] 1

$rankA
[1] 0 0 0

[1] 0.6143777
Algorithm converged after  2  iterations.
$gam
[1] 0.5151515

$rankJ
[1] 1

$rankA
[1] 0 0 0

[1] 0.6156376
Algorithm converged after  2  iterations.
$gam
[1] 0.5625

$rankJ
[1] 1

$rankA
[1] 0 0 0

[1] 0.6167163
Algorithm converged after  2  iterations.
$gam
[1] 0.6129032

$rankJ
[1] 1

$rankA
[1] 0 0 0

[1] 0.6176585
Algorithm converged after  2  iterations.
$gam
[1] 0.6666667

$rankJ
[1] 1

$rankA
[1] 0 0 0

[1] 0.6184974
Algorithm converged after  2  iterations.
$gam
[1] 0.7241379

$rankJ
[1] 1

$rankA
[1] 0 0 0

[1] 0.6192597
Algorithm converged after  2  iterations.
$gam
[1] 0.7857143

$rankJ
[1] 1

$rankA
[1] 0 0 0

[1] 0.6199701
Algorithm converged after  2  iterations.
$gam
[1] 0.8518519

$rankJ
[1] 1

$rankA
[1] 0 0 0

[1] 0.6206566
Algorithm converged after  2  iterations.
$gam
[1] 0.9230769

$rankJ
[1] 1

$rankA
[1] 0 0 0

[1] 0.6213605
Algorithm converged after  2  iterations.
$gam
[1] 1

$rankJ
[1] 1

$rankA
[1] 0 0 0

[1] 0.6221586
Algorithm converged after  2  iterations.
$gam
[1] 1.083333

$rankJ
[1] 1

$rankA
[1] 0 0 0

[1] 0.6232248
Algorithm converged after  2  iterations.
$gam
[1] 1.173913

$rankJ
[1] 1

$rankA
[1] 0 0 0

[1] 0.6249759
Algorithm converged after  2  iterations.
$gam
[1] 1.272727

$rankJ
[1] 1

$rankA
[1] 0 0 0

[1] 0.6281171
Algorithm converged after  2  iterations.
$gam
[1] 1.380952

$rankJ
[1] 1

$rankA
[1] 0 0 0

[1] 0.632585
Algorithm converged after  2  iterations.
$gam
[1] 1.5

$rankJ
[1] 1

$rankA
[1] 0 0 0

[1] 0.6371089
Algorithm converged after  2  iterations.
$gam
[1] 1.631579

$rankJ
[1] 1

$rankA
[1] 0 0 0

[1] 0.6409592
Algorithm converged after  2  iterations.
$gam
[1] 1.777778

$rankJ
[1] 1

$rankA
[1] 0 0 0

[1] 0.6273247
Algorithm converged after  2  iterations.
$gam
[1] 1.941176

$rankJ
[1] 1

$rankA
[1] 0 0 0

[1] 0.6259165
Algorithm converged after  2  iterations.
$gam
[1] 2.125

$rankJ
[1] 1

$rankA
[1] 0 0 0

[1] 0.6255738
Algorithm converged after  2  iterations.
$gam
[1] 2.333333

$rankJ
[1] 1

$rankA
[1] 0 0 0

[1] 0.6255173
Algorithm converged after  2  iterations.
$gam
[1] 2.571429

$rankJ
[1] 1

$rankA
[1] 0 0 0

[1] 0.6255761
Algorithm converged after  2  iterations.
$gam
[1] 2.846154

$rankJ
[1] 1

$rankA
[1] 0 0 0

[1] 0.6256887
Algorithm converged after  2  iterations.
$gam
[1] 3.166667

$rankJ
[1] 1

$rankA
[1] 0 0 0

[1] 0.6258282
Algorithm converged after  2  iterations.
$gam
[1] 3.545455

$rankJ
[1] 1

$rankA
[1] 0 0 0

[1] 0.6259812
Algorithm converged after  2  iterations.
$gam
[1] 4

$rankJ
[1] 1

$rankA
[1] 0 0 0

[1] 0.6261405
Algorithm converged after  2  iterations.
$gam
[1] 4.555556

$rankJ
[1] 1

$rankA
[1] 0 0 0

[1] 0.6263018
Algorithm converged after  2  iterations.
$gam
[1] 5.25

$rankJ
[1] 1

$rankA
[1] 0 0 0

[1] 0.6264629
Algorithm converged after  2  iterations.
$gam
[1] 6.142857

$rankJ
[1] 1

$rankA
[1] 0 0 0

[1] 0.6588308
Algorithm converged after  2  iterations.
$gam
[1] 7.333333

$rankJ
[1] 1

$rankA
[1] 0 0 0

[1] 0.6593716
Algorithm converged after  2  iterations.
$gam
[1] 9

$rankJ
[1] 1

$rankA
[1] 0 0 0

[1] 0.659846
Algorithm converged after  2  iterations.
$gam
[1] 11.5

$rankJ
[1] 1

$rankA
[1] 0 0 0

[1] 0.181373
Algorithm converged after  2  iterations.
$gam
[1] 15.66667

$rankJ
[1] 1

$rankA
[1] 0 0 0

[1] 0.1796973
Algorithm converged after  2  iterations.
$gam
[1] 24

$rankJ
[1] 1

$rankA
[1] 0 0 0

[1] 0.178139
Algorithm converged after  2  iterations.
$gam
[1] 49

$rankJ
[1] 1

$rankA
[1] 0 0 0

[1] 0.176741
Algorithm converged after  2  iterations.
$gam
[1] 1e+10

$rankJ
[1] 1

$rankA
[1] 0 0 0

[1] 0.1757704
Algorithm converged after  2  iterations.
$gam
[1] 0

$rankJ
[1] 0

$rankA
[1] 2 0 0

[1] 0.5604017
Algorithm converged after  2  iterations.
$gam
[1] 0.02040816

$rankJ
[1] 0

$rankA
[1] 2 0 0

[1] 0.5624077
Algorithm converged after  2  iterations.
$gam
[1] 0.04166667

$rankJ
[1] 0

$rankA
[1] 2 0 0

[1] 0.5663096
Algorithm converged after  2  iterations.
$gam
[1] 0.06382979

$rankJ
[1] 0

$rankA
[1] 2 0 0

[1] 0.5652711
Algorithm converged after  2  iterations.
$gam
[1] 0.08695652

$rankJ
[1] 0

$rankA
[1] 2 0 0

[1] 0.5653633
Algorithm converged after  2  iterations.
$gam
[1] 0.1111111

$rankJ
[1] 0

$rankA
[1] 2 0 0

[1] 0.5655634
Algorithm converged after  2  iterations.
$gam
[1] 0.1363636

$rankJ
[1] 0

$rankA
[1] 2 0 0

[1] 0.5659973
Algorithm converged after  2  iterations.
$gam
[1] 0.1627907

$rankJ
[1] 0

$rankA
[1] 2 0 0

[1] 0.5668623
Algorithm converged after  2  iterations.
$gam
[1] 0.1904762

$rankJ
[1] 0

$rankA
[1] 2 0 0

[1] 0.5685489
Algorithm converged after  2  iterations.
$gam
[1] 0.2195122

$rankJ
[1] 0

$rankA
[1] 2 0 0

[1] 0.5724531
Algorithm converged after  2  iterations.
$gam
[1] 0.25

$rankJ
[1] 0

$rankA
[1] 2 0 0

[1] 0.5790522
Algorithm converged after  2  iterations.
$gam
[1] 0.2820513

$rankJ
[1] 0

$rankA
[1] 2 0 0

[1] 0.5842672
Algorithm converged after  2  iterations.
$gam
[1] 0.3157895

$rankJ
[1] 0

$rankA
[1] 2 0 0

[1] 0.5891507
Algorithm converged after  2  iterations.
$gam
[1] 0.3513514

$rankJ
[1] 0

$rankA
[1] 2 0 0

[1] 0.5936946
Algorithm converged after  2  iterations.
$gam
[1] 0.3888889

$rankJ
[1] 0

$rankA
[1] 2 0 0

[1] 0.5976325
Algorithm converged after  2  iterations.
$gam
[1] 0.4285714

$rankJ
[1] 0

$rankA
[1] 2 0 0

[1] 0.6012076
Algorithm converged after  2  iterations.
$gam
[1] 0.4705882

$rankJ
[1] 0

$rankA
[1] 2 0 0

[1] 0.6044382
Algorithm converged after  2  iterations.
$gam
[1] 0.5151515

$rankJ
[1] 0

$rankA
[1] 2 0 0

[1] 0.6073366
Algorithm converged after  2  iterations.
$gam
[1] 0.5625

$rankJ
[1] 0

$rankA
[1] 2 0 0

[1] 0.6099997
Algorithm converged after  2  iterations.
$gam
[1] 0.6129032

$rankJ
[1] 0

$rankA
[1] 2 0 0

[1] 0.6125359
Algorithm converged after  2  iterations.
$gam
[1] 0.6666667

$rankJ
[1] 0

$rankA
[1] 2 0 0

[1] 0.6150554
Algorithm converged after  2  iterations.
$gam
[1] 0.7241379

$rankJ
[1] 0

$rankA
[1] 2 0 0

[1] 0.6177496
Algorithm converged after  2  iterations.
$gam
[1] 0.7857143

$rankJ
[1] 0

$rankA
[1] 2 0 0

[1] 0.6211532
Algorithm converged after  2  iterations.
$gam
[1] 0.8518519

$rankJ
[1] 0

$rankA
[1] 2 0 0

[1] 0.6268314
Algorithm converged after  2  iterations.
$gam
[1] 0.9230769

$rankJ
[1] 0

$rankA
[1] 2 0 0

[1] 0.6338526
Algorithm converged after  2  iterations.
$gam
[1] 1

$rankJ
[1] 0

$rankA
[1] 2 0 0

[1] 0.6372777
Algorithm converged after  2  iterations.
$gam
[1] 1.083333

$rankJ
[1] 0

$rankA
[1] 2 0 0

[1] 0.6390793
Algorithm converged after  2  iterations.
$gam
[1] 1.173913

$rankJ
[1] 0

$rankA
[1] 2 0 0

[1] 0.6402838
Algorithm converged after  2  iterations.
$gam
[1] 1.272727

$rankJ
[1] 0

$rankA
[1] 2 0 0

[1] 0.6411999
Algorithm converged after  2  iterations.
$gam
[1] 1.380952

$rankJ
[1] 0

$rankA
[1] 2 0 0

[1] 0.6419522
Algorithm converged after  2  iterations.
$gam
[1] 1.5

$rankJ
[1] 0

$rankA
[1] 2 0 0

[1] 0.6426022
Algorithm converged after  2  iterations.
$gam
[1] 1.631579

$rankJ
[1] 0

$rankA
[1] 2 0 0

[1] 0.6431833
Algorithm converged after  2  iterations.
$gam
[1] 1.777778

$rankJ
[1] 0

$rankA
[1] 2 0 0

[1] 0.6437147
Algorithm converged after  2  iterations.
$gam
[1] 1.941176

$rankJ
[1] 0

$rankA
[1] 2 0 0

[1] 0.6442077
Algorithm converged after  2  iterations.
$gam
[1] 2.125

$rankJ
[1] 0

$rankA
[1] 2 0 0

[1] 0.6446696
Algorithm converged after  2  iterations.
$gam
[1] 2.333333

$rankJ
[1] 0

$rankA
[1] 2 0 0

[1] 0.6451055
Algorithm converged after  2  iterations.
$gam
[1] 2.571429

$rankJ
[1] 0

$rankA
[1] 2 0 0

[1] 0.6507508
Algorithm converged after  2  iterations.
$gam
[1] 2.846154

$rankJ
[1] 0

$rankA
[1] 2 0 0

[1] 0.6458974
Algorithm converged after  2  iterations.
$gam
[1] 3.166667

$rankJ
[1] 0

$rankA
[1] 2 0 0

[1] 0.6462698
Algorithm converged after  2  iterations.
$gam
[1] 3.545455

$rankJ
[1] 0

$rankA
[1] 2 0 0

[1] 0.6466515
Algorithm converged after  2  iterations.
$gam
[1] 4

$rankJ
[1] 0

$rankA
[1] 2 0 0

[1] 0.6469993
Algorithm converged after  2  iterations.
$gam
[1] 4.555556

$rankJ
[1] 0

$rankA
[1] 2 0 0

[1] 0.6473348
Algorithm converged after  2  iterations.
$gam
[1] 5.25

$rankJ
[1] 0

$rankA
[1] 2 0 0

[1] 0.6476592
Algorithm converged after  2  iterations.
$gam
[1] 6.142857

$rankJ
[1] 0

$rankA
[1] 2 0 0

[1] 0.6479734
Algorithm converged after  2  iterations.
$gam
[1] 7.333333

$rankJ
[1] 0

$rankA
[1] 2 0 0

[1] 0.6482786
Algorithm converged after  2  iterations.
$gam
[1] 9

$rankJ
[1] 0

$rankA
[1] 2 0 0

[1] 0.6485754
Algorithm converged after  2  iterations.
$gam
[1] 11.5

$rankJ
[1] 0

$rankA
[1] 2 0 0

[1] 0.2320674
Algorithm converged after  2  iterations.
$gam
[1] 15.66667

$rankJ
[1] 0

$rankA
[1] 2 0 0

[1] 0.232037
Algorithm converged after  2  iterations.
$gam
[1] 24

$rankJ
[1] 0

$rankA
[1] 2 0 0

[1] 0.2320091
Algorithm converged after  2  iterations.
$gam
[1] 49

$rankJ
[1] 0

$rankA
[1] 2 0 0

[1] 0.2319856
Algorithm converged after  2  iterations.
$gam
[1] 1e+10

$rankJ
[1] 0

$rankA
[1] 2 0 0

[1] 0.2319729
Algorithm converged after  2  iterations.
$gam
[1] 0

$rankJ
[1] 0

$rankA
[1] 0 2 0

[1] 0.5705281
Algorithm converged after  2  iterations.
$gam
[1] 0.02040816

$rankJ
[1] 0

$rankA
[1] 0 2 0

[1] 0.5709189
Algorithm converged after  2  iterations.
$gam
[1] 0.04166667

$rankJ
[1] 0

$rankA
[1] 0 2 0

[1] 0.5709316
Algorithm converged after  2  iterations.
$gam
[1] 0.06382979

$rankJ
[1] 0

$rankA
[1] 0 2 0

[1] 0.5709634
Algorithm converged after  2  iterations.
$gam
[1] 0.08695652

$rankJ
[1] 0

$rankA
[1] 0 2 0

[1] 0.5710544
Algorithm converged after  2  iterations.
$gam
[1] 0.1111111

$rankJ
[1] 0

$rankA
[1] 0 2 0

[1] 0.5712562
Algorithm converged after  2  iterations.
$gam
[1] 0.1363636

$rankJ
[1] 0

$rankA
[1] 0 2 0

[1] 0.5715174
Algorithm converged after  2  iterations.
$gam
[1] 0.1627907

$rankJ
[1] 0

$rankA
[1] 0 2 0

[1] 0.5721522
Algorithm converged after  2  iterations.
$gam
[1] 0.1904762

$rankJ
[1] 0

$rankA
[1] 0 2 0

[1] 0.5736248
Algorithm converged after  2  iterations.
$gam
[1] 0.2195122

$rankJ
[1] 0

$rankA
[1] 0 2 0

[1] 0.5771746
Algorithm converged after  2  iterations.
$gam
[1] 0.25

$rankJ
[1] 0

$rankA
[1] 0 2 0

[1] 0.5850424
Algorithm converged after  2  iterations.
$gam
[1] 0.2820513

$rankJ
[1] 0

$rankA
[1] 0 2 0

[1] 0.5889523
Algorithm converged after  2  iterations.
$gam
[1] 0.3157895

$rankJ
[1] 0

$rankA
[1] 0 2 0

[1] 0.5920226
Algorithm converged after  2  iterations.
$gam
[1] 0.3513514

$rankJ
[1] 0

$rankA
[1] 0 2 0

[1] 0.5964778
Algorithm converged after  2  iterations.
$gam
[1] 0.3888889

$rankJ
[1] 0

$rankA
[1] 0 2 0

[1] 0.598581
Algorithm converged after  2  iterations.
$gam
[1] 0.4285714

$rankJ
[1] 0

$rankA
[1] 0 2 0

[1] 0.6005428
Algorithm converged after  2  iterations.
$gam
[1] 0.4705882

$rankJ
[1] 0

$rankA
[1] 0 2 0

[1] 0.6025549
Algorithm converged after  2  iterations.
$gam
[1] 0.5151515

$rankJ
[1] 0

$rankA
[1] 0 2 0

[1] 0.6046799
Algorithm converged after  2  iterations.
$gam
[1] 0.5625

$rankJ
[1] 0

$rankA
[1] 0 2 0

[1] 0.6069709
Algorithm converged after  2  iterations.
$gam
[1] 0.6129032

$rankJ
[1] 0

$rankA
[1] 0 2 0

[1] 0.6095021
Algorithm converged after  2  iterations.
$gam
[1] 0.6666667

$rankJ
[1] 0

$rankA
[1] 0 2 0

[1] 0.6124001
Algorithm converged after  2  iterations.
$gam
[1] 0.7241379

$rankJ
[1] 0

$rankA
[1] 0 2 0

[1] 0.6159248
Algorithm converged after  2  iterations.
$gam
[1] 0.7857143

$rankJ
[1] 0

$rankA
[1] 0 2 0

[1] 0.6208202
Algorithm converged after  2  iterations.
$gam
[1] 0.8518519

$rankJ
[1] 0

$rankA
[1] 0 2 0

[1] 0.6313637
Algorithm converged after  2  iterations.
$gam
[1] 0.9230769

$rankJ
[1] 0

$rankA
[1] 0 2 0

[1] 0.6416722
Algorithm converged after  2  iterations.
$gam
[1] 1

$rankJ
[1] 0

$rankA
[1] 0 2 0

[1] 0.6428278
Algorithm converged after  2  iterations.
$gam
[1] 1.083333

$rankJ
[1] 0

$rankA
[1] 0 2 0

[1] 0.6433939
Algorithm converged after  2  iterations.
$gam
[1] 1.173913

$rankJ
[1] 0

$rankA
[1] 0 2 0

[1] 0.6437775
Algorithm converged after  2  iterations.
$gam
[1] 1.272727

$rankJ
[1] 0

$rankA
[1] 0 2 0

[1] 0.6440743
Algorithm converged after  2  iterations.
$gam
[1] 1.380952

$rankJ
[1] 0

$rankA
[1] 0 2 0

[1] 0.6443216
Algorithm converged after  2  iterations.
$gam
[1] 1.5

$rankJ
[1] 0

$rankA
[1] 0 2 0

[1] 0.6445382
Algorithm converged after  2  iterations.
$gam
[1] 1.631579

$rankJ
[1] 0

$rankA
[1] 0 2 0

[1] 0.6447342
Algorithm converged after  2  iterations.
$gam
[1] 1.777778

$rankJ
[1] 0

$rankA
[1] 0 2 0

[1] 0.6449154
Algorithm converged after  2  iterations.
$gam
[1] 1.941176

$rankJ
[1] 0

$rankA
[1] 0 2 0

[1] 0.6450849
Algorithm converged after  2  iterations.
$gam
[1] 2.125

$rankJ
[1] 0

$rankA
[1] 0 2 0

[1] 0.6207651
Algorithm converged after  2  iterations.
$gam
[1] 2.333333

$rankJ
[1] 0

$rankA
[1] 0 2 0

[1] 0.6453959
Algorithm converged after  2  iterations.
$gam
[1] 2.571429

$rankJ
[1] 0

$rankA
[1] 0 2 0

[1] 0.6455388
Algorithm converged after  2  iterations.
$gam
[1] 2.846154

$rankJ
[1] 0

$rankA
[1] 0 2 0

[1] 0.6456745
Algorithm converged after  2  iterations.
$gam
[1] 3.166667

$rankJ
[1] 0

$rankA
[1] 0 2 0

[1] 0.6458046
Algorithm converged after  2  iterations.
$gam
[1] 3.545455

$rankJ
[1] 0

$rankA
[1] 0 2 0

[1] 0.6459294
Algorithm converged after  2  iterations.
$gam
[1] 4

$rankJ
[1] 0

$rankA
[1] 0 2 0

[1] 0.6460492
Algorithm converged after  2  iterations.
$gam
[1] 4.555556

$rankJ
[1] 0

$rankA
[1] 0 2 0

[1] 0.6461643
Algorithm converged after  2  iterations.
$gam
[1] 5.25

$rankJ
[1] 0

$rankA
[1] 0 2 0

[1] 0.6462751
Algorithm converged after  2  iterations.
$gam
[1] 6.142857

$rankJ
[1] 0

$rankA
[1] 0 2 0

[1] 0.646897
Algorithm converged after  2  iterations.
$gam
[1] 7.333333

$rankJ
[1] 0

$rankA
[1] 0 2 0

[1] 0.6464879
Algorithm converged after  2  iterations.
$gam
[1] 9

$rankJ
[1] 0

$rankA
[1] 0 2 0

[1] 0.6465872
Algorithm converged after  2  iterations.
$gam
[1] 11.5

$rankJ
[1] 0

$rankA
[1] 0 2 0

[1] 0.2319724
Algorithm converged after  2  iterations.
$gam
[1] 15.66667

$rankJ
[1] 0

$rankA
[1] 0 2 0

[1] 0.2319623
Algorithm converged after  2  iterations.
$gam
[1] 24

$rankJ
[1] 0

$rankA
[1] 0 2 0

[1] 0.2319527
Algorithm converged after  2  iterations.
$gam
[1] 49

$rankJ
[1] 0

$rankA
[1] 0 2 0

[1] 0.2319441
Algorithm converged after  2  iterations.
$gam
[1] 1e+10

$rankJ
[1] 0

$rankA
[1] 0 2 0

[1] 0.2319388
Algorithm converged after  2  iterations.
$gam
[1] 0

$rankJ
[1] 0

$rankA
[1] 0 0 2

[1] 0.5863499
Algorithm converged after  2  iterations.
$gam
[1] 0.02040816

$rankJ
[1] 0

$rankA
[1] 0 0 2

[1] 0.5865436
Algorithm converged after  2  iterations.
$gam
[1] 0.04166667

$rankJ
[1] 0

$rankA
[1] 0 0 2

[1] 0.5865506
Algorithm converged after  2  iterations.
$gam
[1] 0.06382979

$rankJ
[1] 0

$rankA
[1] 0 0 2

[1] 0.586581
Algorithm converged after  2  iterations.
$gam
[1] 0.08695652

$rankJ
[1] 0

$rankA
[1] 0 0 2

[1] 0.5867351
Algorithm converged after  2  iterations.
$gam
[1] 0.1111111

$rankJ
[1] 0

$rankA
[1] 0 0 2

[1] 0.5873277
Algorithm converged after  2  iterations.
$gam
[1] 0.1363636

$rankJ
[1] 0

$rankA
[1] 0 0 2

[1] 0.5894191
Algorithm converged after  2  iterations.
$gam
[1] 0.1627907

$rankJ
[1] 0

$rankA
[1] 0 0 2

[1] 0.5913435
Algorithm converged after  2  iterations.
$gam
[1] 0.1904762

$rankJ
[1] 0

$rankA
[1] 0 0 2

[1] 0.5931908
Algorithm converged after  2  iterations.
$gam
[1] 0.2195122

$rankJ
[1] 0

$rankA
[1] 0 0 2

[1] 0.5955725
Algorithm converged after  2  iterations.
$gam
[1] 0.25

$rankJ
[1] 0

$rankA
[1] 0 0 2

[1] 0.5983591
Algorithm converged after  2  iterations.
$gam
[1] 0.2820513

$rankJ
[1] 0

$rankA
[1] 0 0 2

[1] 0.6012133
Algorithm converged after  2  iterations.
$gam
[1] 0.3157895

$rankJ
[1] 0

$rankA
[1] 0 0 2

[1] 0.6040628
Algorithm converged after  2  iterations.
$gam
[1] 0.3513514

$rankJ
[1] 0

$rankA
[1] 0 0 2

[1] 0.6068325
Algorithm converged after  2  iterations.
$gam
[1] 0.3888889

$rankJ
[1] 0

$rankA
[1] 0 0 2

[1] 0.6094396
Algorithm converged after  2  iterations.
$gam
[1] 0.4285714

$rankJ
[1] 0

$rankA
[1] 0 0 2

[1] 0.6119004
Algorithm converged after  2  iterations.
$gam
[1] 0.4705882

$rankJ
[1] 0

$rankA
[1] 0 0 2

[1] 0.6143251
Algorithm converged after  2  iterations.
$gam
[1] 0.5151515

$rankJ
[1] 0

$rankA
[1] 0 0 2

[1] 0.6168403
Algorithm converged after  2  iterations.
$gam
[1] 0.5625

$rankJ
[1] 0

$rankA
[1] 0 0 2

[1] 0.6195092
Algorithm converged after  2  iterations.
$gam
[1] 0.6129032

$rankJ
[1] 0

$rankA
[1] 0 0 2

[1] 0.6222802
Algorithm converged after  2  iterations.
$gam
[1] 0.6666667

$rankJ
[1] 0

$rankA
[1] 0 0 2

[1] 0.6251397
Algorithm converged after  2  iterations.
$gam
[1] 0.7241379

$rankJ
[1] 0

$rankA
[1] 0 0 2

[1] 0.6286994
Algorithm converged after  2  iterations.
$gam
[1] 0.7857143

$rankJ
[1] 0

$rankA
[1] 0 0 2

[1] 0.6372622
Algorithm converged after  2  iterations.
$gam
[1] 0.8518519

$rankJ
[1] 0

$rankA
[1] 0 0 2

[1] 0.6400729
Algorithm converged after  2  iterations.
$gam
[1] 0.9230769

$rankJ
[1] 0

$rankA
[1] 0 0 2

[1] 0.6409922
Algorithm converged after  2  iterations.
$gam
[1] 1

$rankJ
[1] 0

$rankA
[1] 0 0 2

[1] 0.6416268
Algorithm converged after  2  iterations.
$gam
[1] 1.083333

$rankJ
[1] 0

$rankA
[1] 0 0 2

[1] 0.6421396
Algorithm converged after  2  iterations.
$gam
[1] 1.173913

$rankJ
[1] 0

$rankA
[1] 0 0 2

[1] 0.6425851
Algorithm converged after  2  iterations.
$gam
[1] 1.272727

$rankJ
[1] 0

$rankA
[1] 0 0 2

[1] 0.6429887
Algorithm converged after  2  iterations.
$gam
[1] 1.380952

$rankJ
[1] 0

$rankA
[1] 0 0 2

[1] 0.6433622
Algorithm converged after  2  iterations.
$gam
[1] 1.5

$rankJ
[1] 0

$rankA
[1] 0 0 2

[1] 0.6437116
Algorithm converged after  2  iterations.
$gam
[1] 1.631579

$rankJ
[1] 0

$rankA
[1] 0 0 2

[1] 0.6440314
Algorithm converged after  2  iterations.
$gam
[1] 1.777778

$rankJ
[1] 0

$rankA
[1] 0 0 2

[1] 0.6443346
Algorithm converged after  2  iterations.
$gam
[1] 1.941176

$rankJ
[1] 0

$rankA
[1] 0 0 2

[1] 0.6446268
Algorithm converged after  2  iterations.
$gam
[1] 2.125

$rankJ
[1] 0

$rankA
[1] 0 0 2

[1] 0.644907
Algorithm converged after  2  iterations.
$gam
[1] 2.333333

$rankJ
[1] 0

$rankA
[1] 0 0 2

[1] 0.6451759
Algorithm converged after  2  iterations.
$gam
[1] 2.571429

$rankJ
[1] 0

$rankA
[1] 0 0 2

[1] 0.6454342
Algorithm converged after  2  iterations.
$gam
[1] 2.846154

$rankJ
[1] 0

$rankA
[1] 0 0 2

[1] 0.6456828
Algorithm converged after  2  iterations.
$gam
[1] 3.166667

$rankJ
[1] 0

$rankA
[1] 0 0 2

[1] 0.6464303
Algorithm converged after  2  iterations.
$gam
[1] 3.545455

$rankJ
[1] 0

$rankA
[1] 0 0 2

[1] 0.646175
Algorithm converged after  2  iterations.
$gam
[1] 4

$rankJ
[1] 0

$rankA
[1] 0 0 2

[1] 0.6463977
Algorithm converged after  2  iterations.
$gam
[1] 4.555556

$rankJ
[1] 0

$rankA
[1] 0 0 2

[1] 0.6466134
Algorithm converged after  2  iterations.
$gam
[1] 5.25

$rankJ
[1] 0

$rankA
[1] 0 0 2

[1] 0.6468226
Algorithm converged after  2  iterations.
$gam
[1] 6.142857

$rankJ
[1] 0

$rankA
[1] 0 0 2

[1] 0.6470259
Algorithm converged after  2  iterations.
$gam
[1] 7.333333

$rankJ
[1] 0

$rankA
[1] 0 0 2

[1] 0.6472237
Algorithm converged after  2  iterations.
$gam
[1] 9

$rankJ
[1] 0

$rankA
[1] 0 0 2

[1] 0.6474164
Algorithm converged after  2  iterations.
$gam
[1] 11.5

$rankJ
[1] 0

$rankA
[1] 0 0 2

[1] 0.1935212
Algorithm converged after  2  iterations.
$gam
[1] 15.66667

$rankJ
[1] 0

$rankA
[1] 0 0 2

[1] 0.1934227
Algorithm converged after  2  iterations.
$gam
[1] 24

$rankJ
[1] 0

$rankA
[1] 0 0 2

[1] 0.1933305
Algorithm converged after  2  iterations.
$gam
[1] 49

$rankJ
[1] 0

$rankA
[1] 0 0 2

[1] 0.1932523
Algorithm converged after  2  iterations.
$gam
[1] 1e+10

$rankJ
[1] 0

$rankA
[1] 0 0 2

[1] 0.1932108
Algorithm converged after  2  iterations.
$gam
[1] 0

$rankJ
[1] 0

$rankA
[1] 1 1 0

[1] 0.4495778
Algorithm converged after  2  iterations.
$gam
[1] 0.02040816

$rankJ
[1] 0

$rankA
[1] 1 1 0

[1] 0.4570327
Algorithm converged after  2  iterations.
$gam
[1] 0.04166667

$rankJ
[1] 0

$rankA
[1] 1 1 0

[1] 0.4613009
Algorithm converged after  2  iterations.
$gam
[1] 0.06382979

$rankJ
[1] 0

$rankA
[1] 1 1 0

[1] 0.478606
Algorithm converged after  2  iterations.
$gam
[1] 0.08695652

$rankJ
[1] 0

$rankA
[1] 1 1 0

[1] 0.497532
Algorithm converged after  2  iterations.
$gam
[1] 0.1111111

$rankJ
[1] 0

$rankA
[1] 1 1 0

[1] 0.5078399
Algorithm converged after  2  iterations.
$gam
[1] 0.1363636

$rankJ
[1] 0

$rankA
[1] 1 1 0

[1] 0.5157562
Algorithm converged after  2  iterations.
$gam
[1] 0.1627907

$rankJ
[1] 0

$rankA
[1] 1 1 0

[1] 0.5226002
Algorithm converged after  2  iterations.
$gam
[1] 0.1904762

$rankJ
[1] 0

$rankA
[1] 1 1 0

[1] 0.5292156
Algorithm converged after  2  iterations.
$gam
[1] 0.2195122

$rankJ
[1] 0

$rankA
[1] 1 1 0

[1] 0.5361675
Algorithm converged after  2  iterations.
$gam
[1] 0.25

$rankJ
[1] 0

$rankA
[1] 1 1 0

[1] 0.5439278
Algorithm converged after  2  iterations.
$gam
[1] 0.2820513

$rankJ
[1] 0

$rankA
[1] 1 1 0

[1] 0.5532801
Algorithm converged after  2  iterations.
$gam
[1] 0.3157895

$rankJ
[1] 0

$rankA
[1] 1 1 0

[1] 0.5670872
Algorithm converged after  2  iterations.
$gam
[1] 0.3513514

$rankJ
[1] 0

$rankA
[1] 1 1 0

[1] 0.5897628
Algorithm converged after  2  iterations.
$gam
[1] 0.3888889

$rankJ
[1] 0

$rankA
[1] 1 1 0

[1] 0.597046
Algorithm converged after  2  iterations.
$gam
[1] 0.4285714

$rankJ
[1] 0

$rankA
[1] 1 1 0

[1] 0.6025054
Algorithm converged after  2  iterations.
$gam
[1] 0.4705882

$rankJ
[1] 0

$rankA
[1] 1 1 0

[1] 0.6070388
Algorithm converged after  2  iterations.
$gam
[1] 0.5151515

$rankJ
[1] 0

$rankA
[1] 1 1 0

[1] 0.6107724
Algorithm converged after  2  iterations.
$gam
[1] 0.5625

$rankJ
[1] 0

$rankA
[1] 1 1 0

[1] 0.6138187
Algorithm converged after  2  iterations.
$gam
[1] 0.6129032

$rankJ
[1] 0

$rankA
[1] 1 1 0

[1] 0.6163225
Algorithm converged after  2  iterations.
$gam
[1] 0.6666667

$rankJ
[1] 0

$rankA
[1] 1 1 0

[1] 0.618421
Algorithm converged after  2  iterations.
$gam
[1] 0.7241379

$rankJ
[1] 0

$rankA
[1] 1 1 0

[1] 0.6202262
Algorithm converged after  2  iterations.
$gam
[1] 0.7857143

$rankJ
[1] 0

$rankA
[1] 1 1 0

[1] 0.6218274
Algorithm converged after  2  iterations.
$gam
[1] 0.8518519

$rankJ
[1] 0

$rankA
[1] 1 1 0

[1] 0.6233001
Algorithm converged after  2  iterations.
$gam
[1] 0.9230769

$rankJ
[1] 0

$rankA
[1] 1 1 0

[1] 0.624715
Algorithm converged after  2  iterations.
$gam
[1] 1

$rankJ
[1] 0

$rankA
[1] 1 1 0

[1] 0.6261485
Algorithm converged after  2  iterations.
$gam
[1] 1.083333

$rankJ
[1] 0

$rankA
[1] 1 1 0

[1] 0.6276895
Algorithm converged after  2  iterations.
$gam
[1] 1.173913

$rankJ
[1] 0

$rankA
[1] 1 1 0

[1] 0.6294378
Algorithm converged after  2  iterations.
$gam
[1] 1.272727

$rankJ
[1] 0

$rankA
[1] 1 1 0

[1] 0.6314793
Algorithm converged after  2  iterations.
$gam
[1] 1.380952

$rankJ
[1] 0

$rankA
[1] 1 1 0

[1] 0.6338322
Algorithm converged after  2  iterations.
$gam
[1] 1.5

$rankJ
[1] 0

$rankA
[1] 1 1 0

[1] 0.6363951
Algorithm converged after  2  iterations.
$gam
[1] 1.631579

$rankJ
[1] 0

$rankA
[1] 1 1 0

[1] 0.6389802
Algorithm converged after  2  iterations.
$gam
[1] 1.777778

$rankJ
[1] 0

$rankA
[1] 1 1 0

[1] 0.6414239
Algorithm converged after  2  iterations.
$gam
[1] 1.941176

$rankJ
[1] 0

$rankA
[1] 1 1 0

[1] 0.6436446
Algorithm converged after  2  iterations.
$gam
[1] 2.125

$rankJ
[1] 0

$rankA
[1] 1 1 0

[1] 0.6342338
Algorithm converged after  2  iterations.
$gam
[1] 2.333333

$rankJ
[1] 0

$rankA
[1] 1 1 0

[1] 0.647381
Algorithm converged after  2  iterations.
$gam
[1] 2.571429

$rankJ
[1] 0

$rankA
[1] 1 1 0

[1] 0.6445368
Algorithm converged after  2  iterations.
$gam
[1] 2.846154

$rankJ
[1] 0

$rankA
[1] 1 1 0

[1] 0.6481664
Algorithm converged after  2  iterations.
$gam
[1] 3.166667

$rankJ
[1] 0

$rankA
[1] 1 1 0

[1] 0.6510087
Algorithm converged after  2  iterations.
$gam
[1] 3.545455

$rankJ
[1] 0

$rankA
[1] 1 1 0

[1] 0.6528422
Algorithm converged after  2  iterations.
$gam
[1] 4

$rankJ
[1] 0

$rankA
[1] 1 1 0

[1] 0.6541209
Algorithm converged after  2  iterations.
$gam
[1] 4.555556

$rankJ
[1] 0

$rankA
[1] 1 1 0

[1] 0.6552186
Algorithm converged after  2  iterations.
$gam
[1] 5.25

$rankJ
[1] 0

$rankA
[1] 1 1 0

[1] 0.6561752
Algorithm converged after  2  iterations.
$gam
[1] 6.142857

$rankJ
[1] 0

$rankA
[1] 1 1 0

[1] 0.6442617
Algorithm converged after  2  iterations.
$gam
[1] 7.333333

$rankJ
[1] 0

$rankA
[1] 1 1 0

[1] 0.6569743
Algorithm converged after  2  iterations.
$gam
[1] 9

$rankJ
[1] 0

$rankA
[1] 1 1 0

[1] 0.6576574
Algorithm converged after  2  iterations.
$gam
[1] 11.5

$rankJ
[1] 0

$rankA
[1] 1 1 0

[1] 0.2258234
Algorithm converged after  2  iterations.
$gam
[1] 15.66667

$rankJ
[1] 0

$rankA
[1] 1 1 0

[1] 0.2254128
Algorithm converged after  2  iterations.
$gam
[1] 24

$rankJ
[1] 0

$rankA
[1] 1 1 0

[1] 0.2250476
Algorithm converged after  2  iterations.
$gam
[1] 49

$rankJ
[1] 0

$rankA
[1] 1 1 0

[1] 0.2247447
Algorithm converged after  2  iterations.
$gam
[1] 1e+10

$rankJ
[1] 0

$rankA
[1] 1 1 0

[1] 0.2245745
Algorithm converged after  2  iterations.
$gam
[1] 0

$rankJ
[1] 0

$rankA
[1] 1 0 1

[1] 0.4694934
Algorithm converged after  2  iterations.
$gam
[1] 0.02040816

$rankJ
[1] 0

$rankA
[1] 1 0 1

[1] 0.4770728
Algorithm converged after  2  iterations.
$gam
[1] 0.04166667

$rankJ
[1] 0

$rankA
[1] 1 0 1

[1] 0.4840249
Algorithm converged after  2  iterations.
$gam
[1] 0.06382979

$rankJ
[1] 0

$rankA
[1] 1 0 1

[1] 0.4928875
Algorithm converged after  2  iterations.
$gam
[1] 0.08695652

$rankJ
[1] 0

$rankA
[1] 1 0 1

[1] 0.5105575
Algorithm converged after  2  iterations.
$gam
[1] 0.1111111

$rankJ
[1] 0

$rankA
[1] 1 0 1

[1] 0.5216404
Algorithm converged after  2  iterations.
$gam
[1] 0.1363636

$rankJ
[1] 0

$rankA
[1] 1 0 1

[1] 0.5308231
Algorithm converged after  2  iterations.
$gam
[1] 0.1627907

$rankJ
[1] 0

$rankA
[1] 1 0 1

[1] 0.5391099
Algorithm converged after  2  iterations.
$gam
[1] 0.1904762

$rankJ
[1] 0

$rankA
[1] 1 0 1

[1] 0.5470275
Algorithm converged after  2  iterations.
$gam
[1] 0.2195122

$rankJ
[1] 0

$rankA
[1] 1 0 1

[1] 0.5548965
Algorithm converged after  2  iterations.
$gam
[1] 0.25

$rankJ
[1] 0

$rankA
[1] 1 0 1

[1] 0.5629189
Algorithm converged after  2  iterations.
$gam
[1] 0.2820513

$rankJ
[1] 0

$rankA
[1] 1 0 1

[1] 0.5709104
Algorithm converged after  2  iterations.
$gam
[1] 0.3157895

$rankJ
[1] 0

$rankA
[1] 1 0 1

[1] 0.5784031
Algorithm converged after  2  iterations.
$gam
[1] 0.3513514

$rankJ
[1] 0

$rankA
[1] 1 0 1

[1] 0.585256
Algorithm converged after  2  iterations.
$gam
[1] 0.3888889

$rankJ
[1] 0

$rankA
[1] 1 0 1

[1] 0.5915504
Algorithm converged after  2  iterations.
$gam
[1] 0.4285714

$rankJ
[1] 0

$rankA
[1] 1 0 1

[1] 0.5972606
Algorithm converged after  2  iterations.
$gam
[1] 0.4705882

$rankJ
[1] 0

$rankA
[1] 1 0 1

[1] 0.6022618
Algorithm converged after  2  iterations.
$gam
[1] 0.5151515

$rankJ
[1] 0

$rankA
[1] 1 0 1

[1] 0.6064892
Algorithm converged after  2  iterations.
$gam
[1] 0.5625

$rankJ
[1] 0

$rankA
[1] 1 0 1

[1] 0.6100089
Algorithm converged after  2  iterations.
$gam
[1] 0.6129032

$rankJ
[1] 0

$rankA
[1] 1 0 1

[1] 0.6129605
Algorithm converged after  2  iterations.
$gam
[1] 0.6666667

$rankJ
[1] 0

$rankA
[1] 1 0 1

[1] 0.615492
Algorithm converged after  2  iterations.
$gam
[1] 0.7241379

$rankJ
[1] 0

$rankA
[1] 1 0 1

[1] 0.6177389
Algorithm converged after  2  iterations.
$gam
[1] 0.7857143

$rankJ
[1] 0

$rankA
[1] 1 0 1

[1] 0.6198339
Algorithm converged after  2  iterations.
$gam
[1] 0.8518519

$rankJ
[1] 0

$rankA
[1] 1 0 1

[1] 0.6219389
Algorithm converged after  2  iterations.
$gam
[1] 0.9230769

$rankJ
[1] 0

$rankA
[1] 1 0 1

[1] 0.6243042
Algorithm converged after  2  iterations.
$gam
[1] 1

$rankJ
[1] 0

$rankA
[1] 1 0 1

[1] 0.6272981
Algorithm converged after  2  iterations.
$gam
[1] 1.083333

$rankJ
[1] 0

$rankA
[1] 1 0 1

[1] 0.6310186
Algorithm converged after  2  iterations.
$gam
[1] 1.173913

$rankJ
[1] 0

$rankA
[1] 1 0 1

[1] 0.634799
Algorithm converged after  2  iterations.
$gam
[1] 1.272727

$rankJ
[1] 0

$rankA
[1] 1 0 1

[1] 0.6381277
Algorithm converged after  2  iterations.
$gam
[1] 1.380952

$rankJ
[1] 0

$rankA
[1] 1 0 1

[1] 0.6409917
Algorithm converged after  2  iterations.
$gam
[1] 1.5

$rankJ
[1] 0

$rankA
[1] 1 0 1

[1] 0.6434692
Algorithm converged after  2  iterations.
$gam
[1] 1.631579

$rankJ
[1] 0

$rankA
[1] 1 0 1

[1] 0.6412027
Algorithm converged after  2  iterations.
$gam
[1] 1.777778

$rankJ
[1] 0

$rankA
[1] 1 0 1

[1] 0.6453347
Algorithm converged after  2  iterations.
$gam
[1] 1.941176

$rankJ
[1] 0

$rankA
[1] 1 0 1

[1] 0.6479566
Algorithm converged after  2  iterations.
$gam
[1] 2.125

$rankJ
[1] 0

$rankA
[1] 1 0 1

[1] 0.6499389
Algorithm converged after  2  iterations.
$gam
[1] 2.333333

$rankJ
[1] 0

$rankA
[1] 1 0 1

[1] 0.6515258
Algorithm converged after  2  iterations.
$gam
[1] 2.571429

$rankJ
[1] 0

$rankA
[1] 1 0 1

[1] 0.6504195
Algorithm converged after  2  iterations.
$gam
[1] 2.846154

$rankJ
[1] 0

$rankA
[1] 1 0 1

[1] 0.6526698
Algorithm converged after  2  iterations.
$gam
[1] 3.166667

$rankJ
[1] 0

$rankA
[1] 1 0 1

[1] 0.6414044
Algorithm converged after  2  iterations.
$gam
[1] 3.545455

$rankJ
[1] 0

$rankA
[1] 1 0 1

[1] 0.6552585
Algorithm converged after  2  iterations.
$gam
[1] 4

$rankJ
[1] 0

$rankA
[1] 1 0 1

[1] 0.6559457
Algorithm converged after  2  iterations.
$gam
[1] 4.555556

$rankJ
[1] 0

$rankA
[1] 1 0 1

[1] 0.6565733
Algorithm converged after  2  iterations.
$gam
[1] 5.25

$rankJ
[1] 0

$rankA
[1] 1 0 1

[1] 0.6571505
Algorithm converged after  2  iterations.
$gam
[1] 6.142857

$rankJ
[1] 0

$rankA
[1] 1 0 1

[1] 0.6576853
Algorithm converged after  2  iterations.
$gam
[1] 7.333333

$rankJ
[1] 0

$rankA
[1] 1 0 1

[1] 0.6581843
Algorithm converged after  2  iterations.
$gam
[1] 9

$rankJ
[1] 0

$rankA
[1] 1 0 1

[1] 0.6586539
Algorithm converged after  2  iterations.
$gam
[1] 11.5

$rankJ
[1] 0

$rankA
[1] 1 0 1

[1] 0.1915462
Algorithm converged after  2  iterations.
$gam
[1] 15.66667

$rankJ
[1] 0

$rankA
[1] 1 0 1

[1] 0.1905255
Algorithm converged after  2  iterations.
$gam
[1] 24

$rankJ
[1] 0

$rankA
[1] 1 0 1

[1] 0.189638
Algorithm converged after  2  iterations.
$gam
[1] 49

$rankJ
[1] 0

$rankA
[1] 1 0 1

[1] 0.1889326
Algorithm converged after  2  iterations.
$gam
[1] 1e+10

$rankJ
[1] 0

$rankA
[1] 1 0 1

[1] 0.1885759
Algorithm converged after  2  iterations.
$gam
[1] 0

$rankJ
[1] 0

$rankA
[1] 0 1 1

[1] 0.4815354
Algorithm converged after  2  iterations.
$gam
[1] 0.02040816

$rankJ
[1] 0

$rankA
[1] 0 1 1

[1] 0.4838912
Algorithm converged after  2  iterations.
$gam
[1] 0.04166667

$rankJ
[1] 0

$rankA
[1] 0 1 1

[1] 0.491808
Algorithm converged after  2  iterations.
$gam
[1] 0.06382979

$rankJ
[1] 0

$rankA
[1] 0 1 1

[1] 0.5072321
Algorithm converged after  2  iterations.
$gam
[1] 0.08695652

$rankJ
[1] 0

$rankA
[1] 0 1 1

[1] 0.516165
Algorithm converged after  2  iterations.
$gam
[1] 0.1111111

$rankJ
[1] 0

$rankA
[1] 0 1 1

[1] 0.5228356
Algorithm converged after  2  iterations.
$gam
[1] 0.1363636

$rankJ
[1] 0

$rankA
[1] 0 1 1

[1] 0.5291008
Algorithm converged after  2  iterations.
$gam
[1] 0.1627907

$rankJ
[1] 0

$rankA
[1] 0 1 1

[1] 0.5355867
Algorithm converged after  2  iterations.
$gam
[1] 0.1904762

$rankJ
[1] 0

$rankA
[1] 0 1 1

[1] 0.5424884
Algorithm converged after  2  iterations.
$gam
[1] 0.2195122

$rankJ
[1] 0

$rankA
[1] 0 1 1

[1] 0.5500321
Algorithm converged after  2  iterations.
$gam
[1] 0.25

$rankJ
[1] 0

$rankA
[1] 0 1 1

[1] 0.5585756
Algorithm converged after  2  iterations.
$gam
[1] 0.2820513

$rankJ
[1] 0

$rankA
[1] 0 1 1

[1] 0.5685134
Algorithm converged after  2  iterations.
$gam
[1] 0.3157895

$rankJ
[1] 0

$rankA
[1] 0 1 1

[1] 0.5820305
Algorithm converged after  2  iterations.
$gam
[1] 0.3513514

$rankJ
[1] 0

$rankA
[1] 0 1 1

[1] 0.6032909
Algorithm converged after  2  iterations.
$gam
[1] 0.3888889

$rankJ
[1] 0

$rankA
[1] 0 1 1

[1] 0.6088404
Algorithm converged after  2  iterations.
$gam
[1] 0.4285714

$rankJ
[1] 0

$rankA
[1] 0 1 1

[1] 0.6122654
Algorithm converged after  2  iterations.
$gam
[1] 0.4705882

$rankJ
[1] 0

$rankA
[1] 0 1 1

[1] 0.6148142
Algorithm converged after  2  iterations.
$gam
[1] 0.5151515

$rankJ
[1] 0

$rankA
[1] 0 1 1

[1] 0.6168507
Algorithm converged after  2  iterations.
$gam
[1] 0.5625

$rankJ
[1] 0

$rankA
[1] 0 1 1

[1] 0.6185503
Algorithm converged after  2  iterations.
$gam
[1] 0.6129032

$rankJ
[1] 0

$rankA
[1] 0 1 1

[1] 0.6200194
Algorithm converged after  2  iterations.
$gam
[1] 0.6666667

$rankJ
[1] 0

$rankA
[1] 0 1 1

[1] 0.6213345
Algorithm converged after  2  iterations.
$gam
[1] 0.7241379

$rankJ
[1] 0

$rankA
[1] 0 1 1

[1] 0.622563
Algorithm converged after  2  iterations.
$gam
[1] 0.7857143

$rankJ
[1] 0

$rankA
[1] 0 1 1

[1] 0.6237823
Algorithm converged after  2  iterations.
$gam
[1] 0.8518519

$rankJ
[1] 0

$rankA
[1] 0 1 1

[1] 0.6251101
Algorithm converged after  2  iterations.
$gam
[1] 0.9230769

$rankJ
[1] 0

$rankA
[1] 0 1 1

[1] 0.6267607
Algorithm converged after  2  iterations.
$gam
[1] 1

$rankJ
[1] 0

$rankA
[1] 0 1 1

[1] 0.6290733
Algorithm converged after  2  iterations.
$gam
[1] 1.083333

$rankJ
[1] 0

$rankA
[1] 0 1 1

[1] 0.6321286
Algorithm converged after  2  iterations.
$gam
[1] 1.173913

$rankJ
[1] 0

$rankA
[1] 0 1 1

[1] 0.6352699
Algorithm converged after  2  iterations.
$gam
[1] 1.272727

$rankJ
[1] 0

$rankA
[1] 0 1 1

[1] 0.6380401
Algorithm converged after  2  iterations.
$gam
[1] 1.380952

$rankJ
[1] 0

$rankA
[1] 0 1 1

[1] 0.640517
Algorithm converged after  2  iterations.
$gam
[1] 1.5

$rankJ
[1] 0

$rankA
[1] 0 1 1

[1] 0.6428263
Algorithm converged after  2  iterations.
$gam
[1] 1.631579

$rankJ
[1] 0

$rankA
[1] 0 1 1

[1] 0.640559
Algorithm converged after  2  iterations.
$gam
[1] 1.777778

$rankJ
[1] 0

$rankA
[1] 0 1 1

[1] 0.6447838
Algorithm converged after  2  iterations.
$gam
[1] 1.941176

$rankJ
[1] 0

$rankA
[1] 0 1 1

[1] 0.647523
Algorithm converged after  2  iterations.
$gam
[1] 2.125

$rankJ
[1] 0

$rankA
[1] 0 1 1

[1] 0.638299
Algorithm converged after  2  iterations.
$gam
[1] 2.333333

$rankJ
[1] 0

$rankA
[1] 0 1 1

[1] 0.6513064
Algorithm converged after  2  iterations.
$gam
[1] 2.571429

$rankJ
[1] 0

$rankA
[1] 0 1 1

[1] 0.6507533
Algorithm converged after  2  iterations.
$gam
[1] 2.846154

$rankJ
[1] 0

$rankA
[1] 0 1 1

[1] 0.6530145
Algorithm converged after  2  iterations.
$gam
[1] 3.166667

$rankJ
[1] 0

$rankA
[1] 0 1 1

[1] 0.6414686
Algorithm converged after  2  iterations.
$gam
[1] 3.545455

$rankJ
[1] 0

$rankA
[1] 0 1 1

[1] 0.6554592
Algorithm converged after  2  iterations.
$gam
[1] 4

$rankJ
[1] 0

$rankA
[1] 0 1 1

[1] 0.6564504
Algorithm converged after  2  iterations.
$gam
[1] 4.555556

$rankJ
[1] 0

$rankA
[1] 0 1 1

[1] 0.6572832
Algorithm converged after  2  iterations.
$gam
[1] 5.25

$rankJ
[1] 0

$rankA
[1] 0 1 1

[1] 0.6579941
Algorithm converged after  2  iterations.
$gam
[1] 6.142857

$rankJ
[1] 0

$rankA
[1] 0 1 1

[1] 0.6458829
Algorithm converged after  2  iterations.
$gam
[1] 7.333333

$rankJ
[1] 0

$rankA
[1] 0 1 1

[1] 0.6583507
Algorithm converged after  2  iterations.
$gam
[1] 9

$rankJ
[1] 0

$rankA
[1] 0 1 1

[1] 0.6588301
Algorithm converged after  2  iterations.
$gam
[1] 11.5

$rankJ
[1] 0

$rankA
[1] 0 1 1

[1] 0.1915361
Algorithm converged after  2  iterations.
$gam
[1] 15.66667

$rankJ
[1] 0

$rankA
[1] 0 1 1

[1] 0.1904808
Algorithm converged after  2  iterations.
$gam
[1] 24

$rankJ
[1] 0

$rankA
[1] 0 1 1

[1] 0.1895561
Algorithm converged after  2  iterations.
$gam
[1] 49

$rankJ
[1] 0

$rankA
[1] 0 1 1

[1] 0.1888105
Algorithm converged after  2  iterations.
$gam
[1] 1e+10

$rankJ
[1] 0

$rankA
[1] 0 1 1

[1] 0.1884183
Algorithm converged after  2  iterations.
$gam
[1] 0

$rankJ
[1] 1

$rankA
[1] 1 0 0

[1] 0.4709591
[1] 0.4477816
[1] 0.4477681
[1] 0.4477676
[1] 0.4477676
[1] 0.4477676
Algorithm converged after  53  iterations.
$gam
[1] 0.02040816

$rankJ
[1] 1

$rankA
[1] 1 0 0

[1] 0.4768322
[1] 0.4565058
[1] 0.4565125
[1] 0.4565114
Algorithm converged after  34  iterations.
$gam
[1] 0.04166667

$rankJ
[1] 1

$rankA
[1] 1 0 0

[1] 0.4820193
[1] 0.4662135
[1] 0.4663193
[1] 0.4663234
Algorithm converged after  36  iterations.
$gam
[1] 0.06382979

$rankJ
[1] 1

$rankA
[1] 1 0 0

[1] 0.4878259
[1] 0.4808045
[1] 0.4809985
[1] 0.4810049
Algorithm converged after  37  iterations.
$gam
[1] 0.08695652

$rankJ
[1] 1

$rankA
[1] 1 0 0

[1] 0.4953898
[1] 0.4926837
[1] 0.4927944
[1] 0.4927995
Algorithm converged after  33  iterations.
$gam
[1] 0.1111111

$rankJ
[1] 1

$rankA
[1] 1 0 0

[1] 0.5071964
[1] 0.5032839
[1] 0.5033961
Algorithm converged after  28  iterations.
$gam
[1] 0.1363636

$rankJ
[1] 1

$rankA
[1] 1 0 0

[1] 0.5186259
[1] 0.515772
[1] 0.5158479
Algorithm converged after  23  iterations.
$gam
[1] 0.1627907

$rankJ
[1] 1

$rankA
[1] 1 0 0

[1] 0.5281517
[1] 0.5309743
Algorithm converged after  17  iterations.
$gam
[1] 0.1904762

$rankJ
[1] 1

$rankA
[1] 1 0 0

[1] 0.5366289
[1] 0.5445357
Algorithm converged after  15  iterations.
$gam
[1] 0.2195122

$rankJ
[1] 1

$rankA
[1] 1 0 0

[1] 0.5445398
[1] 0.5543553
Algorithm converged after  12  iterations.
$gam
[1] 0.25

$rankJ
[1] 1

$rankA
[1] 1 0 0

[1] 0.5519415
[1] 0.5618796
Algorithm converged after  13  iterations.
$gam
[1] 0.2820513

$rankJ
[1] 1

$rankA
[1] 1 0 0

[1] 0.5586536
[1] 0.5680222
Algorithm converged after  13  iterations.
$gam
[1] 0.3157895

$rankJ
[1] 1

$rankA
[1] 1 0 0

[1] 0.5645915
[1] 0.573254
Algorithm converged after  14  iterations.
$gam
[1] 0.3513514

$rankJ
[1] 1

$rankA
[1] 1 0 0

[1] 0.5699062
[1] 0.57789
Algorithm converged after  14  iterations.
$gam
[1] 0.3888889

$rankJ
[1] 1

$rankA
[1] 1 0 0

[1] 0.5747461
[1] 0.582163
Algorithm converged after  15  iterations.
$gam
[1] 0.4285714

$rankJ
[1] 1

$rankA
[1] 1 0 0

[1] 0.5791159
[1] 0.5862795
Algorithm converged after  16  iterations.
$gam
[1] 0.4705882

$rankJ
[1] 1

$rankA
[1] 1 0 0

[1] 0.5829255
[1] 0.5905287
Algorithm converged after  16  iterations.
$gam
[1] 0.5151515

$rankJ
[1] 1

$rankA
[1] 1 0 0

[1] 0.5861407
[1] 0.5954615
Algorithm converged after  16  iterations.
$gam
[1] 0.5625

$rankJ
[1] 1

$rankA
[1] 1 0 0

[1] 0.5888544
[1] 0.6016945
Algorithm converged after  13  iterations.
$gam
[1] 0.6129032

$rankJ
[1] 1

$rankA
[1] 1 0 0

[1] 0.5912595
[1] 0.6081675
Algorithm converged after  11  iterations.
$gam
[1] 0.6666667

$rankJ
[1] 1

$rankA
[1] 1 0 0

[1] 0.5936352
Algorithm converged after  9  iterations.
$gam
[1] 0.7241379

$rankJ
[1] 1

$rankA
[1] 1 0 0

[1] 0.5964342
Algorithm converged after  7  iterations.
$gam
[1] 0.7857143

$rankJ
[1] 1

$rankA
[1] 1 0 0

[1] 0.6005487
Algorithm converged after  7  iterations.
$gam
[1] 0.8518519

$rankJ
[1] 1

$rankA
[1] 1 0 0

[1] 0.6068555
Algorithm converged after  6  iterations.
$gam
[1] 0.9230769

$rankJ
[1] 1

$rankA
[1] 1 0 0

[1] 0.6121942
Algorithm converged after  6  iterations.
$gam
[1] 1

$rankJ
[1] 1

$rankA
[1] 1 0 0

[1] 0.6152334
Algorithm converged after  7  iterations.
$gam
[1] 1.083333

$rankJ
[1] 1

$rankA
[1] 1 0 0

[1] 0.6173702
Algorithm converged after  7  iterations.
$gam
[1] 1.173913

$rankJ
[1] 1

$rankA
[1] 1 0 0

[1] 0.6195008
Algorithm converged after  7  iterations.
$gam
[1] 1.272727

$rankJ
[1] 1

$rankA
[1] 1 0 0

[1] 0.6224432
Algorithm converged after  6  iterations.
$gam
[1] 1.380952

$rankJ
[1] 1

$rankA
[1] 1 0 0

[1] 0.6263674
Algorithm converged after  6  iterations.
$gam
[1] 1.5

$rankJ
[1] 1

$rankA
[1] 1 0 0

[1] 0.6303338
Algorithm converged after  6  iterations.
$gam
[1] 1.631579

$rankJ
[1] 1

$rankA
[1] 1 0 0

[1] 0.6337124
Algorithm converged after  6  iterations.
$gam
[1] 1.777778

$rankJ
[1] 1

$rankA
[1] 1 0 0

[1] 0.6250485
Algorithm converged after  9  iterations.
$gam
[1] 1.941176

$rankJ
[1] 1

$rankA
[1] 1 0 0

[1] 0.6085945
[1] 0.6088515
[1] 0.6088873
[1] 0.6088898
Algorithm converged after  31  iterations.
$gam
[1] 2.125

$rankJ
[1] 1

$rankA
[1] 1 0 0

[1] 0.6089162
[1] 0.6084775
Algorithm converged after  11  iterations.
$gam
[1] 2.333333

$rankJ
[1] 1

$rankA
[1] 1 0 0

[1] 0.6095398
Algorithm converged after  8  iterations.
$gam
[1] 2.571429

$rankJ
[1] 1

$rankA
[1] 1 0 0

[1] 0.6242393
Algorithm converged after  8  iterations.
$gam
[1] 2.846154

$rankJ
[1] 1

$rankA
[1] 1 0 0

[1] 0.6246985
Algorithm converged after  7  iterations.
$gam
[1] 3.166667

$rankJ
[1] 1

$rankA
[1] 1 0 0

[1] 0.625013
Algorithm converged after  7  iterations.
$gam
[1] 3.545455

$rankJ
[1] 1

$rankA
[1] 1 0 0

[1] 0.6249899
Algorithm converged after  5  iterations.
$gam
[1] 4

$rankJ
[1] 1

$rankA
[1] 1 0 0

[1] 0.6252421
Algorithm converged after  5  iterations.
$gam
[1] 4.555556

$rankJ
[1] 1

$rankA
[1] 1 0 0

[1] 0.6254894
Algorithm converged after  4  iterations.
$gam
[1] 5.25

$rankJ
[1] 1

$rankA
[1] 1 0 0

[1] 0.6257307
Algorithm converged after  4  iterations.
$gam
[1] 6.142857

$rankJ
[1] 1

$rankA
[1] 1 0 0

[1] 0.6510201
Algorithm converged after  5  iterations.
$gam
[1] 7.333333

$rankJ
[1] 1

$rankA
[1] 1 0 0

[1] 0.6512634
Algorithm converged after  5  iterations.
$gam
[1] 9

$rankJ
[1] 1

$rankA
[1] 1 0 0

[1] 0.6514297
Algorithm converged after  5  iterations.
$gam
[1] 11.5

$rankJ
[1] 1

$rankA
[1] 1 0 0

[1] 0.174616
Algorithm converged after  4  iterations.
$gam
[1] 15.66667

$rankJ
[1] 1

$rankA
[1] 1 0 0

[1] 0.1729214
Algorithm converged after  3  iterations.
$gam
[1] 24

$rankJ
[1] 1

$rankA
[1] 1 0 0

[1] 0.1712978
Algorithm converged after  3  iterations.
$gam
[1] 49

$rankJ
[1] 1

$rankA
[1] 1 0 0

[1] 0.1697551
Algorithm converged after  3  iterations.
$gam
[1] 1e+10

$rankJ
[1] 1

$rankA
[1] 1 0 0

[1] 0.1683672
Algorithm converged after  2  iterations.
$gam
[1] 0

$rankJ
[1] 1

$rankA
[1] 0 1 0

[1] 0.466512
[1] 0.434844
[1] 0.4347614
[1] 0.4347605
[1] 0.4347604
Algorithm converged after  46  iterations.
$gam
[1] 0.02040816

$rankJ
[1] 1

$rankA
[1] 0 1 0

[1] 0.4715008
[1] 0.4439855
[1] 0.4442467
[1] 0.4442585
[1] 0.4442581
Algorithm converged after  43  iterations.
$gam
[1] 0.04166667

$rankJ
[1] 1

$rankA
[1] 0 1 0

[1] 0.473832
[1] 0.4638748
[1] 0.4642585
[1] 0.4642698
[1] 0.4642701
Algorithm converged after  41  iterations.
$gam
[1] 0.06382979

$rankJ
[1] 1

$rankA
[1] 0 1 0

[1] 0.4803013
[1] 0.477725
[1] 0.4778619
[1] 0.4778678
Algorithm converged after  34  iterations.
$gam
[1] 0.08695652

$rankJ
[1] 1

$rankA
[1] 0 1 0

[1] 0.4954273
[1] 0.4915003
[1] 0.4918232
[1] 0.4918432
Algorithm converged after  35  iterations.
$gam
[1] 0.1111111

$rankJ
[1] 1

$rankA
[1] 0 1 0

[1] 0.5111212
[1] 0.5065134
[1] 0.5066924
Algorithm converged after  27  iterations.
$gam
[1] 0.1363636

$rankJ
[1] 1

$rankA
[1] 0 1 0

[1] 0.519938
[1] 0.5192731
[1] 0.5193526
Algorithm converged after  23  iterations.
$gam
[1] 0.1627907

$rankJ
[1] 1

$rankA
[1] 0 1 0

[1] 0.5275947
[1] 0.5313946
[1] 0.5314454
Algorithm converged after  21  iterations.
$gam
[1] 0.1904762

$rankJ
[1] 1

$rankA
[1] 0 1 0

[1] 0.5352798
[1] 0.5442768
Algorithm converged after  20  iterations.
$gam
[1] 0.2195122

$rankJ
[1] 1

$rankA
[1] 0 1 0

[1] 0.5431559
[1] 0.5563162
Algorithm converged after  18  iterations.
$gam
[1] 0.25

$rankJ
[1] 1

$rankA
[1] 0 1 0

[1] 0.5508654
[1] 0.5657395
Algorithm converged after  17  iterations.
$gam
[1] 0.2820513

$rankJ
[1] 1

$rankA
[1] 0 1 0

[1] 0.5578415
[1] 0.5669633
[1] 0.5567686
[1] 0.5566835
[1] 0.5663941
[1] 0.5615877
[1] 0.5667161
Algorithm converged after  64  iterations.
$gam
[1] 0.3157895

$rankJ
[1] 1

$rankA
[1] 0 1 0

[1] 0.5638068
[1] 0.5808816
Algorithm converged after  15  iterations.
$gam
[1] 0.3513514

$rankJ
[1] 1

$rankA
[1] 0 1 0

[1] 0.568933
[1] 0.5898668
Algorithm converged after  14  iterations.
$gam
[1] 0.3888889

$rankJ
[1] 1

$rankA
[1] 0 1 0

[1] 0.5735545
[1] 0.5861742
[1] 0.5720375
[1] 0.5383213
[1] 0.6202299
[1] 0.6081659
[1] 0.5840387
[1] 0.5870972
Algorithm converged after  74  iterations.
$gam
[1] 0.4285714

$rankJ
[1] 1

$rankA
[1] 0 1 0

[1] 0.5780344
Algorithm converged after  8  iterations.
$gam
[1] 0.4705882

$rankJ
[1] 1

$rankA
[1] 0 1 0

[1] 0.5828852
Algorithm converged after  8  iterations.
$gam
[1] 0.5151515

$rankJ
[1] 1

$rankA
[1] 0 1 0

[1] 0.5894037
Algorithm converged after  8  iterations.
$gam
[1] 0.5625

$rankJ
[1] 1

$rankA
[1] 0 1 0

[1] 0.6106809
Algorithm converged after  7  iterations.
$gam
[1] 0.6129032

$rankJ
[1] 1

$rankA
[1] 0 1 0

[1] 0.6123304
Algorithm converged after  7  iterations.
$gam
[1] 0.6666667

$rankJ
[1] 1

$rankA
[1] 0 1 0

[1] 0.6134975
Algorithm converged after  7  iterations.
$gam
[1] 0.7241379

$rankJ
[1] 1

$rankA
[1] 0 1 0

[1] 0.6144374
Algorithm converged after  7  iterations.
$gam
[1] 0.7857143

$rankJ
[1] 1

$rankA
[1] 0 1 0

[1] 0.6152326
Algorithm converged after  7  iterations.
$gam
[1] 0.8518519

$rankJ
[1] 1

$rankA
[1] 0 1 0

[1] 0.615927
Algorithm converged after  7  iterations.
$gam
[1] 0.9230769

$rankJ
[1] 1

$rankA
[1] 0 1 0

[1] 0.6165557
Algorithm converged after  7  iterations.
$gam
[1] 1

$rankJ
[1] 1

$rankA
[1] 0 1 0

[1] 0.6171679
Algorithm converged after  7  iterations.
$gam
[1] 1.083333

$rankJ
[1] 1

$rankA
[1] 0 1 0

[1] 0.617875
Algorithm converged after  7  iterations.
$gam
[1] 1.173913

$rankJ
[1] 1

$rankA
[1] 0 1 0

[1] 0.6189865
Algorithm converged after  7  iterations.
$gam
[1] 1.272727

$rankJ
[1] 1

$rankA
[1] 0 1 0

[1] 0.6211538
Algorithm converged after  7  iterations.
$gam
[1] 1.380952

$rankJ
[1] 1

$rankA
[1] 0 1 0

[1] 0.6245725
Algorithm converged after  7  iterations.
$gam
[1] 1.5

$rankJ
[1] 1

$rankA
[1] 0 1 0

[1] 0.6282427
Algorithm converged after  6  iterations.
$gam
[1] 1.631579

$rankJ
[1] 1

$rankA
[1] 0 1 0

[1] 0.6314145
Algorithm converged after  6  iterations.
$gam
[1] 1.777778

$rankJ
[1] 1

$rankA
[1] 0 1 0

[1] 0.6262152
Algorithm converged after  6  iterations.
$gam
[1] 1.941176

$rankJ
[1] 1

$rankA
[1] 0 1 0

[1] 0.6244072
Algorithm converged after  5  iterations.
$gam
[1] 2.125

$rankJ
[1] 1

$rankA
[1] 0 1 0

[1] 0.6238431
Algorithm converged after  5  iterations.
$gam
[1] 2.333333

$rankJ
[1] 1

$rankA
[1] 0 1 0

[1] 0.6236497
Algorithm converged after  5  iterations.
$gam
[1] 2.571429

$rankJ
[1] 1

$rankA
[1] 0 1 0

[1] 0.6236196
Algorithm converged after  5  iterations.
$gam
[1] 2.846154

$rankJ
[1] 1

$rankA
[1] 0 1 0

[1] 0.6236732
Algorithm converged after  5  iterations.
$gam
[1] 3.166667

$rankJ
[1] 1

$rankA
[1] 0 1 0

[1] 0.6237736
Algorithm converged after  5  iterations.
$gam
[1] 3.545455

$rankJ
[1] 1

$rankA
[1] 0 1 0

[1] 0.6239012
Algorithm converged after  5  iterations.
$gam
[1] 4

$rankJ
[1] 1

$rankA
[1] 0 1 0

[1] 0.6240449
Algorithm converged after  5  iterations.
$gam
[1] 4.555556

$rankJ
[1] 1

$rankA
[1] 0 1 0

[1] 0.624198
Algorithm converged after  5  iterations.
$gam
[1] 5.25

$rankJ
[1] 1

$rankA
[1] 0 1 0

[1] 0.6243562
Algorithm converged after  5  iterations.
$gam
[1] 6.142857

$rankJ
[1] 1

$rankA
[1] 0 1 0

[1] 0.6532293
Algorithm converged after  5  iterations.
$gam
[1] 7.333333

$rankJ
[1] 1

$rankA
[1] 0 1 0

[1] 0.6533743
Algorithm converged after  5  iterations.
$gam
[1] 9

$rankJ
[1] 1

$rankA
[1] 0 1 0

[1] 0.6534298
Algorithm converged after  5  iterations.
$gam
[1] 11.5

$rankJ
[1] 1

$rankA
[1] 0 1 0

[1] 0.1747702
Algorithm converged after  4  iterations.
$gam
[1] 15.66667

$rankJ
[1] 1

$rankA
[1] 0 1 0

[1] 0.1729536
Algorithm converged after  4  iterations.
$gam
[1] 24

$rankJ
[1] 1

$rankA
[1] 0 1 0

[1] 0.1711829
Algorithm converged after  4  iterations.
$gam
[1] 49

$rankJ
[1] 1

$rankA
[1] 0 1 0

[1] 0.1694505
Algorithm converged after  5  iterations.
$gam
[1] 1e+10

$rankJ
[1] 1

$rankA
[1] 0 1 0

[1] 0.167729
Algorithm converged after  2  iterations.
$gam
[1] 0

$rankJ
[1] 1

$rankA
[1] 0 0 1

[1] 0.4931188
[1] 0.4602314
[1] 0.4594543
[1] 0.4593177
[1] 0.4592893
[1] 0.4592832
[1] 0.4592819
[1] 0.4592816
[1] 0.4592815
[1] 0.4592815
[1] 0.4592815
[1] 0.4592815
Algorithm converged after  113  iterations.
$gam
[1] 0.02040816

$rankJ
[1] 1

$rankA
[1] 0 0 1

[1] 0.4997185
[1] 0.4784404
[1] 0.4825925
[1] 0.4843683
[1] 0.4850317
[1] 0.4852942
[1] 0.4854044
[1] 0.4854532
[1] 0.4854759
[1] 0.4854868
[1] 0.4854923
[1] 0.4854952
[1] 0.4854967
Algorithm converged after  128  iterations.
$gam
[1] 0.04166667

$rankJ
[1] 1

$rankA
[1] 0 0 1

[1] 0.5052941
[1] 0.4942696
[1] 0.4998497
[1] 0.5025163
[1] 0.5034774
[1] 0.503784
[1] 0.5038771
[1] 0.5039047
[1] 0.5039125
[1] 0.5039146
[1] 0.503915
[1] 0.503915
Algorithm converged after  118  iterations.
$gam
[1] 0.06382979

$rankJ
[1] 1

$rankA
[1] 0 0 1

[1] 0.5141912
[1] 0.5077031
[1] 0.523735
[1] 0.5292335
[1] 0.5311685
[1] 0.5321939
[1] 0.532751
[1] 0.5330443
[1] 0.5331961
[1] 0.533274
[1] 0.5333139
[1] 0.5333343
[1] 0.5333447
[1] 0.5333501
[1] 0.5333528
Algorithm converged after  146  iterations.
$gam
[1] 0.08695652

$rankJ
[1] 1

$rankA
[1] 0 0 1

[1] 0.5235918
[1] 0.53178
[1] 0.5612607
[1] 0.5676724
[1] 0.5673464
Algorithm converged after  50  iterations.
$gam
[1] 0.1111111

$rankJ
[1] 1

$rankA
[1] 0 0 1

[1] 0.5327237
[1] 0.5613805
[1] 0.586461
[1] 0.5860591
Algorithm converged after  35  iterations.
$gam
[1] 0.1363636

$rankJ
[1] 1

$rankA
[1] 0 0 1

[1] 0.5400038
[1] 0.5956526
[1] 0.5952634
Algorithm converged after  27  iterations.
$gam
[1] 0.1627907

$rankJ
[1] 1

$rankA
[1] 0 0 1

[1] 0.5466484
[1] 0.6005624
[1] 0.6003215
Algorithm converged after  25  iterations.
$gam
[1] 0.1904762

$rankJ
[1] 1

$rankA
[1] 0 0 1

[1] 0.553503
[1] 0.6035509
[1] 0.6035679
Algorithm converged after  21  iterations.
$gam
[1] 0.2195122

$rankJ
[1] 1

$rankA
[1] 0 0 1

[1] 0.560695
[1] 0.6055581
[1] 0.6055866
Algorithm converged after  23  iterations.
$gam
[1] 0.25

$rankJ
[1] 1

$rankA
[1] 0 0 1

[1] 0.5678051
[1] 0.6067912
[1] 0.6068082
Algorithm converged after  22  iterations.
$gam
[1] 0.2820513

$rankJ
[1] 1

$rankA
[1] 0 0 1

[1] 0.574195
[1] 0.6071356
[1] 0.6071432
Algorithm converged after  22  iterations.
$gam
[1] 0.3157895

$rankJ
[1] 1

$rankA
[1] 0 0 1

[1] 0.5796158
[1] 0.6077529
[1] 0.6077543
Algorithm converged after  21  iterations.
$gam
[1] 0.3513514

$rankJ
[1] 1

$rankA
[1] 0 0 1

[1] 0.584343
[1] 0.6083505
Algorithm converged after  20  iterations.
$gam
[1] 0.3888889

$rankJ
[1] 1

$rankA
[1] 0 0 1

[1] 0.5888118
[1] 0.6080174
Algorithm converged after  19  iterations.
$gam
[1] 0.4285714

$rankJ
[1] 1

$rankA
[1] 0 0 1

[1] 0.5933241
[1] 0.6080504
Algorithm converged after  19  iterations.
$gam
[1] 0.4705882

$rankJ
[1] 1

$rankA
[1] 0 0 1

[1] 0.5976742
[1] 0.6083283
Algorithm converged after  18  iterations.
$gam
[1] 0.5151515

$rankJ
[1] 1

$rankA
[1] 0 0 1

[1] 0.6012395
[1] 0.6088127
Algorithm converged after  16  iterations.
$gam
[1] 0.5625

$rankJ
[1] 1

$rankA
[1] 0 0 1

[1] 0.6040365
[1] 0.6095443
Algorithm converged after  15  iterations.
$gam
[1] 0.6129032

$rankJ
[1] 1

$rankA
[1] 0 0 1

[1] 0.6065656
[1] 0.6104472
Algorithm converged after  14  iterations.
$gam
[1] 0.6666667

$rankJ
[1] 1

$rankA
[1] 0 0 1

[1] 0.6095124
[1] 0.611398
Algorithm converged after  13  iterations.
$gam
[1] 0.7241379

$rankJ
[1] 1

$rankA
[1] 0 0 1

[1] 0.6139498
[1] 0.6119421
Algorithm converged after  12  iterations.
$gam
[1] 0.7857143

$rankJ
[1] 1

$rankA
[1] 0 0 1

[1] 0.6164757
[1] 0.612509
Algorithm converged after  11  iterations.
$gam
[1] 0.8518519

$rankJ
[1] 1

$rankA
[1] 0 0 1

[1] 0.6178328
Algorithm converged after  10  iterations.
$gam
[1] 0.9230769

$rankJ
[1] 1

$rankA
[1] 0 0 1

[1] 0.6188938
Algorithm converged after  10  iterations.
$gam
[1] 1

$rankJ
[1] 1

$rankA
[1] 0 0 1

[1] 0.6197791
Algorithm converged after  9  iterations.
$gam
[1] 1.083333

$rankJ
[1] 1

$rankA
[1] 0 0 1

[1] 0.6201536
Algorithm converged after  10  iterations.
$gam
[1] 1.173913

$rankJ
[1] 1

$rankA
[1] 0 0 1

[1] 0.6234173
Algorithm converged after  7  iterations.
$gam
[1] 1.272727

$rankJ
[1] 1

$rankA
[1] 0 0 1

[1] 0.626653
Algorithm converged after  7  iterations.
$gam
[1] 1.380952

$rankJ
[1] 1

$rankA
[1] 0 0 1

[1] 0.6300434
Algorithm converged after  7  iterations.
$gam
[1] 1.5

$rankJ
[1] 1

$rankA
[1] 0 0 1

[1] 0.6333618
Algorithm converged after  8  iterations.
$gam
[1] 1.631579

$rankJ
[1] 1

$rankA
[1] 0 0 1

[1] 0.6362793
Algorithm converged after  8  iterations.
$gam
[1] 1.777778

$rankJ
[1] 1

$rankA
[1] 0 0 1

[1] 0.6201968
Algorithm converged after  8  iterations.
$gam
[1] 1.941176

$rankJ
[1] 1

$rankA
[1] 0 0 1

[1] 0.620648
Algorithm converged after  7  iterations.
$gam
[1] 2.125

$rankJ
[1] 1

$rankA
[1] 0 0 1

[1] 0.6211659
Algorithm converged after  6  iterations.
$gam
[1] 2.333333

$rankJ
[1] 1

$rankA
[1] 0 0 1

[1] 0.621633
Algorithm converged after  6  iterations.
$gam
[1] 2.571429

$rankJ
[1] 1

$rankA
[1] 0 0 1

[1] 0.6220513
Algorithm converged after  6  iterations.
$gam
[1] 2.846154

$rankJ
[1] 1

$rankA
[1] 0 0 1

[1] 0.6224299
Algorithm converged after  5  iterations.
$gam
[1] 3.166667

$rankJ
[1] 1

$rankA
[1] 0 0 1

[1] 0.6227765
Algorithm converged after  5  iterations.
$gam
[1] 3.545455

$rankJ
[1] 1

$rankA
[1] 0 0 1

[1] 0.6230971
Algorithm converged after  5  iterations.
$gam
[1] 4

$rankJ
[1] 1

$rankA
[1] 0 0 1

[1] 0.6233958
Algorithm converged after  5  iterations.
$gam
[1] 4.555556

$rankJ
[1] 1

$rankA
[1] 0 0 1

[1] 0.623676
Algorithm converged after  5  iterations.
$gam
[1] 5.25

$rankJ
[1] 1

$rankA
[1] 0 0 1

[1] 0.6239402
Algorithm converged after  5  iterations.
$gam
[1] 6.142857

$rankJ
[1] 1

$rankA
[1] 0 0 1

[1] 0.6450196
[1] 0.6407452
Algorithm converged after  11  iterations.
$gam
[1] 7.333333

$rankJ
[1] 1

$rankA
[1] 0 0 1

[1] 0.6454528
Algorithm converged after  10  iterations.
$gam
[1] 9

$rankJ
[1] 1

$rankA
[1] 0 0 1

[1] 0.6457985
Algorithm converged after  10  iterations.
$gam
[1] 11.5

$rankJ
[1] 1

$rankA
[1] 0 0 1

[1] 0.1622966
Algorithm converged after  8  iterations.
$gam
[1] 15.66667

$rankJ
[1] 1

$rankA
[1] 0 0 1

[1] 0.162226
Algorithm converged after  7  iterations.
$gam
[1] 24

$rankJ
[1] 1

$rankA
[1] 0 0 1

[1] 0.1622848
Algorithm converged after  7  iterations.
$gam
[1] 49

$rankJ
[1] 1

$rankA
[1] 0 0 1

[1] 0.1625575
Algorithm converged after  6  iterations.
$gam
[1] 1e+10

$rankJ
[1] 1

$rankA
[1] 0 0 1

[1] 0.1635655
Algorithm converged after  2  iterations.
$gam
[1] 0

$rankJ
[1] 2

$rankA
[1] 0 0 0

[1] 0.5345222
Algorithm converged after  2  iterations.
$gam
[1] 0.02040816

$rankJ
[1] 2

$rankA
[1] 0 0 0

[1] 0.5347926
Algorithm converged after  2  iterations.
$gam
[1] 0.04166667

$rankJ
[1] 2

$rankA
[1] 0 0 0

[1] 0.5366832
Algorithm converged after  2  iterations.
$gam
[1] 0.06382979

$rankJ
[1] 2

$rankA
[1] 0 0 0

[1] 0.5367321
Algorithm converged after  2  iterations.
$gam
[1] 0.08695652

$rankJ
[1] 2

$rankA
[1] 0 0 0

[1] 0.5369203
Algorithm converged after  2  iterations.
$gam
[1] 0.1111111

$rankJ
[1] 2

$rankA
[1] 0 0 0

[1] 0.5375795
Algorithm converged after  2  iterations.
$gam
[1] 0.1363636

$rankJ
[1] 2

$rankA
[1] 0 0 0

[1] 0.5389405
Algorithm converged after  2  iterations.
$gam
[1] 0.1627907

$rankJ
[1] 2

$rankA
[1] 0 0 0

[1] 0.5411563
Algorithm converged after  2  iterations.
$gam
[1] 0.1904762

$rankJ
[1] 2

$rankA
[1] 0 0 0

[1] 0.5444143
Algorithm converged after  2  iterations.
$gam
[1] 0.2195122

$rankJ
[1] 2

$rankA
[1] 0 0 0

[1] 0.5490918
Algorithm converged after  2  iterations.
$gam
[1] 0.25

$rankJ
[1] 2

$rankA
[1] 0 0 0

[1] 0.5554041
Algorithm converged after  2  iterations.
$gam
[1] 0.2820513

$rankJ
[1] 2

$rankA
[1] 0 0 0

[1] 0.562027
Algorithm converged after  2  iterations.
$gam
[1] 0.3157895

$rankJ
[1] 2

$rankA
[1] 0 0 0

[1] 0.5671949
Algorithm converged after  2  iterations.
$gam
[1] 0.3513514

$rankJ
[1] 2

$rankA
[1] 0 0 0

[1] 0.5711642
Algorithm converged after  2  iterations.
$gam
[1] 0.3888889

$rankJ
[1] 2

$rankA
[1] 0 0 0

[1] 0.5744845
Algorithm converged after  2  iterations.
$gam
[1] 0.4285714

$rankJ
[1] 2

$rankA
[1] 0 0 0

[1] 0.5774317
Algorithm converged after  2  iterations.
$gam
[1] 0.4705882

$rankJ
[1] 2

$rankA
[1] 0 0 0

[1] 0.5801184
Algorithm converged after  2  iterations.
$gam
[1] 0.5151515

$rankJ
[1] 2

$rankA
[1] 0 0 0

[1] 0.5825893
Algorithm converged after  2  iterations.
$gam
[1] 0.5625

$rankJ
[1] 2

$rankA
[1] 0 0 0

[1] 0.5848726
Algorithm converged after  2  iterations.
$gam
[1] 0.6129032

$rankJ
[1] 2

$rankA
[1] 0 0 0

[1] 0.5870105
Algorithm converged after  2  iterations.
$gam
[1] 0.6666667

$rankJ
[1] 2

$rankA
[1] 0 0 0

[1] 0.5890888
Algorithm converged after  2  iterations.
$gam
[1] 0.7241379

$rankJ
[1] 2

$rankA
[1] 0 0 0

[1] 0.5913224
Algorithm converged after  2  iterations.
$gam
[1] 0.7857143

$rankJ
[1] 2

$rankA
[1] 0 0 0

[1] 0.5944391
Algorithm converged after  2  iterations.
$gam
[1] 0.8518519

$rankJ
[1] 2

$rankA
[1] 0 0 0

[1] 0.6026138
Algorithm converged after  2  iterations.
$gam
[1] 0.9230769

$rankJ
[1] 2

$rankA
[1] 0 0 0

[1] 0.6167338
Algorithm converged after  2  iterations.
$gam
[1] 1

$rankJ
[1] 2

$rankA
[1] 0 0 0

[1] 0.618944
Algorithm converged after  2  iterations.
$gam
[1] 1.083333

$rankJ
[1] 2

$rankA
[1] 0 0 0

[1] 0.6199947
Algorithm converged after  2  iterations.
$gam
[1] 1.173913

$rankJ
[1] 2

$rankA
[1] 0 0 0

[1] 0.6207103
Algorithm converged after  2  iterations.
$gam
[1] 1.272727

$rankJ
[1] 2

$rankA
[1] 0 0 0

[1] 0.6212689
Algorithm converged after  2  iterations.
$gam
[1] 1.380952

$rankJ
[1] 2

$rankA
[1] 0 0 0

[1] 0.6217446
Algorithm converged after  2  iterations.
$gam
[1] 1.5

$rankJ
[1] 2

$rankA
[1] 0 0 0

[1] 0.6221748
Algorithm converged after  2  iterations.
$gam
[1] 1.631579

$rankJ
[1] 2

$rankA
[1] 0 0 0

[1] 0.6225751
Algorithm converged after  2  iterations.
$gam
[1] 1.777778

$rankJ
[1] 2

$rankA
[1] 0 0 0

[1] 0.6229588
Algorithm converged after  2  iterations.
$gam
[1] 1.941176

$rankJ
[1] 2

$rankA
[1] 0 0 0

[1] 0.5865319
Algorithm converged after  2  iterations.
$gam
[1] 2.125

$rankJ
[1] 2

$rankA
[1] 0 0 0

[1] 0.6235454
Algorithm converged after  2  iterations.
$gam
[1] 2.333333

$rankJ
[1] 2

$rankA
[1] 0 0 0

[1] 0.624327
Algorithm converged after  2  iterations.
$gam
[1] 2.571429

$rankJ
[1] 2

$rankA
[1] 0 0 0

[1] 0.6247867
Algorithm converged after  2  iterations.
$gam
[1] 2.846154

$rankJ
[1] 2

$rankA
[1] 0 0 0

[1] 0.6251289
Algorithm converged after  2  iterations.
$gam
[1] 3.166667

$rankJ
[1] 2

$rankA
[1] 0 0 0

[1] 0.6254151
Algorithm converged after  2  iterations.
$gam
[1] 3.545455

$rankJ
[1] 2

$rankA
[1] 0 0 0

[1] 0.6029018
Algorithm converged after  2  iterations.
$gam
[1] 4

$rankJ
[1] 2

$rankA
[1] 0 0 0

[1] 0.6106225
Algorithm converged after  2  iterations.
$gam
[1] 4.555556

$rankJ
[1] 2

$rankA
[1] 0 0 0

[1] 0.6113294
Algorithm converged after  2  iterations.
$gam
[1] 5.25

$rankJ
[1] 2

$rankA
[1] 0 0 0

[1] 0.6246481
Algorithm converged after  2  iterations.
$gam
[1] 6.142857

$rankJ
[1] 2

$rankA
[1] 0 0 0

[1] 0.6260974
Algorithm converged after  2  iterations.
$gam
[1] 7.333333

$rankJ
[1] 2

$rankA
[1] 0 0 0

[1] 0.6263214
Algorithm converged after  2  iterations.
$gam
[1] 9

$rankJ
[1] 2

$rankA
[1] 0 0 0

[1] 0.6265378
Algorithm converged after  2  iterations.
$gam
[1] 11.5

$rankJ
[1] 2

$rankA
[1] 0 0 0

[1] 0.1475936
Algorithm converged after  2  iterations.
$gam
[1] 15.66667

$rankJ
[1] 2

$rankA
[1] 0 0 0

[1] 0.1474941
Algorithm converged after  2  iterations.
$gam
[1] 24

$rankJ
[1] 2

$rankA
[1] 0 0 0

[1] 0.1473945
Algorithm converged after  2  iterations.
$gam
[1] 49

$rankJ
[1] 2

$rankA
[1] 0 0 0

[1] 0.1472991
Algorithm converged after  2  iterations.
$gam
[1] 1e+10

$rankJ
[1] 2

$rankA
[1] 0 0 0

[1] 0.1472292
Algorithm converged after  2  iterations.
