myseed=7005 

Attaching package: ‘pls’

The following object is masked from ‘package:stats’:

    loadings

Loading required package: lattice
Loading required package: ggplot2
Registered S3 methods overwritten by 'ggplot2':
  method         from 
  [.quosures     rlang
  c.quosures     rlang
  print.quosures rlang

Attaching package: ‘caret’

The following object is masked from ‘package:pls’:

    R2

Loading required package: Matrix
Loading required package: foreach
Loaded glmnet 2.0-18

Parsed with column specification:
cols(
  .default = col_double()
)
See spec(...) for full column specifications.
Parsed with column specification:
cols(
  X1 = col_double()
)
Parsed with column specification:
cols(
  X1 = col_double()
)
$gam
[1] 0

$rankJ
[1] 0

$rankA
[1] 0 0 0

[1] 0.6591726
Algorithm converged after  2  iterations.
$gam
[1] 0.02040816

$rankJ
[1] 0

$rankA
[1] 0 0 0

[1] 0.6591726
Algorithm converged after  2  iterations.
$gam
[1] 0.04166667

$rankJ
[1] 0

$rankA
[1] 0 0 0

[1] 0.6591726
Algorithm converged after  2  iterations.
$gam
[1] 0.06382979

$rankJ
[1] 0

$rankA
[1] 0 0 0

[1] 0.6591726
Algorithm converged after  2  iterations.
$gam
[1] 0.08695652

$rankJ
[1] 0

$rankA
[1] 0 0 0

[1] 0.6591726
Algorithm converged after  2  iterations.
$gam
[1] 0.1111111

$rankJ
[1] 0

$rankA
[1] 0 0 0

[1] 0.6591726
Algorithm converged after  2  iterations.
$gam
[1] 0.1363636

$rankJ
[1] 0

$rankA
[1] 0 0 0

[1] 0.6591726
Algorithm converged after  2  iterations.
$gam
[1] 0.1627907

$rankJ
[1] 0

$rankA
[1] 0 0 0

[1] 0.6591726
Algorithm converged after  2  iterations.
$gam
[1] 0.1904762

$rankJ
[1] 0

$rankA
[1] 0 0 0

[1] 0.6591726
Algorithm converged after  2  iterations.
$gam
[1] 0.2195122

$rankJ
[1] 0

$rankA
[1] 0 0 0

[1] 0.6591726
Algorithm converged after  2  iterations.
$gam
[1] 0.25

$rankJ
[1] 0

$rankA
[1] 0 0 0

[1] 0.6591726
Algorithm converged after  2  iterations.
$gam
[1] 0.2820513

$rankJ
[1] 0

$rankA
[1] 0 0 0

[1] 0.6591726
Algorithm converged after  2  iterations.
$gam
[1] 0.3157895

$rankJ
[1] 0

$rankA
[1] 0 0 0

[1] 0.6591726
Algorithm converged after  2  iterations.
$gam
[1] 0.3513514

$rankJ
[1] 0

$rankA
[1] 0 0 0

[1] 0.6591726
Algorithm converged after  2  iterations.
$gam
[1] 0.3888889

$rankJ
[1] 0

$rankA
[1] 0 0 0

[1] 0.6591726
Algorithm converged after  2  iterations.
$gam
[1] 0.4285714

$rankJ
[1] 0

$rankA
[1] 0 0 0

[1] 0.6591726
Algorithm converged after  2  iterations.
$gam
[1] 0.4705882

$rankJ
[1] 0

$rankA
[1] 0 0 0

[1] 0.6591726
Algorithm converged after  2  iterations.
$gam
[1] 0.5151515

$rankJ
[1] 0

$rankA
[1] 0 0 0

[1] 0.6591726
Algorithm converged after  2  iterations.
$gam
[1] 0.5625

$rankJ
[1] 0

$rankA
[1] 0 0 0

[1] 0.6591726
Algorithm converged after  2  iterations.
$gam
[1] 0.6129032

$rankJ
[1] 0

$rankA
[1] 0 0 0

[1] 0.6591726
Algorithm converged after  2  iterations.
$gam
[1] 0.6666667

$rankJ
[1] 0

$rankA
[1] 0 0 0

[1] 0.6591726
Algorithm converged after  2  iterations.
$gam
[1] 0.7241379

$rankJ
[1] 0

$rankA
[1] 0 0 0

[1] 0.6591726
Algorithm converged after  2  iterations.
$gam
[1] 0.7857143

$rankJ
[1] 0

$rankA
[1] 0 0 0

[1] 0.6591726
Algorithm converged after  2  iterations.
$gam
[1] 0.8518519

$rankJ
[1] 0

$rankA
[1] 0 0 0

[1] 0.6591726
Algorithm converged after  2  iterations.
$gam
[1] 0.9230769

$rankJ
[1] 0

$rankA
[1] 0 0 0

[1] 0.6591726
Algorithm converged after  2  iterations.
$gam
[1] 1

$rankJ
[1] 0

$rankA
[1] 0 0 0

[1] 0.6591726
Algorithm converged after  2  iterations.
$gam
[1] 1.083333

$rankJ
[1] 0

$rankA
[1] 0 0 0

[1] 0.6591726
Algorithm converged after  2  iterations.
$gam
[1] 1.173913

$rankJ
[1] 0

$rankA
[1] 0 0 0

[1] 0.6591726
Algorithm converged after  2  iterations.
$gam
[1] 1.272727

$rankJ
[1] 0

$rankA
[1] 0 0 0

[1] 0.6591726
Algorithm converged after  2  iterations.
$gam
[1] 1.380952

$rankJ
[1] 0

$rankA
[1] 0 0 0

[1] 0.6591726
Algorithm converged after  2  iterations.
$gam
[1] 1.5

$rankJ
[1] 0

$rankA
[1] 0 0 0

[1] 0.6591726
Algorithm converged after  2  iterations.
$gam
[1] 1.631579

$rankJ
[1] 0

$rankA
[1] 0 0 0

[1] 0.6591726
Algorithm converged after  2  iterations.
$gam
[1] 1.777778

$rankJ
[1] 0

$rankA
[1] 0 0 0

[1] 0.6591726
Algorithm converged after  2  iterations.
$gam
[1] 1.941176

$rankJ
[1] 0

$rankA
[1] 0 0 0

[1] 0.6591726
Algorithm converged after  2  iterations.
$gam
[1] 2.125

$rankJ
[1] 0

$rankA
[1] 0 0 0

[1] 0.6591726
Algorithm converged after  2  iterations.
$gam
[1] 2.333333

$rankJ
[1] 0

$rankA
[1] 0 0 0

[1] 0.6591726
Algorithm converged after  2  iterations.
$gam
[1] 2.571429

$rankJ
[1] 0

$rankA
[1] 0 0 0

[1] 0.6591726
Algorithm converged after  2  iterations.
$gam
[1] 2.846154

$rankJ
[1] 0

$rankA
[1] 0 0 0

[1] 0.6591726
Algorithm converged after  2  iterations.
$gam
[1] 3.166667

$rankJ
[1] 0

$rankA
[1] 0 0 0

[1] 0.6591726
Algorithm converged after  2  iterations.
$gam
[1] 3.545455

$rankJ
[1] 0

$rankA
[1] 0 0 0

[1] 0.6591726
Algorithm converged after  2  iterations.
$gam
[1] 4

$rankJ
[1] 0

$rankA
[1] 0 0 0

[1] 0.6591726
Algorithm converged after  2  iterations.
$gam
[1] 4.555556

$rankJ
[1] 0

$rankA
[1] 0 0 0

[1] 0.6591726
Algorithm converged after  2  iterations.
$gam
[1] 5.25

$rankJ
[1] 0

$rankA
[1] 0 0 0

[1] 0.6591726
Algorithm converged after  2  iterations.
$gam
[1] 6.142857

$rankJ
[1] 0

$rankA
[1] 0 0 0

[1] 0.6591726
Algorithm converged after  2  iterations.
$gam
[1] 7.333333

$rankJ
[1] 0

$rankA
[1] 0 0 0

[1] 0.6591726
Algorithm converged after  2  iterations.
$gam
[1] 9

$rankJ
[1] 0

$rankA
[1] 0 0 0

[1] 0.6591726
Algorithm converged after  2  iterations.
$gam
[1] 11.5

$rankJ
[1] 0

$rankA
[1] 0 0 0

[1] 0.2539913
Algorithm converged after  2  iterations.
$gam
[1] 15.66667

$rankJ
[1] 0

$rankA
[1] 0 0 0

[1] 0.2539913
Algorithm converged after  2  iterations.
$gam
[1] 24

$rankJ
[1] 0

$rankA
[1] 0 0 0

[1] 0.2539913
Algorithm converged after  2  iterations.
$gam
[1] 49

$rankJ
[1] 0

$rankA
[1] 0 0 0

[1] 0.2539913
Algorithm converged after  2  iterations.
$gam
[1] 1e+10

$rankJ
[1] 0

$rankA
[1] 0 0 0

[1] 0.2539913
Algorithm converged after  2  iterations.
$gam
[1] 0

$rankJ
[1] 0

$rankA
[1] 1 0 0

[1] 0.5459543
Algorithm converged after  2  iterations.
$gam
[1] 0.02040816

$rankJ
[1] 0

$rankA
[1] 1 0 0

[1] 0.5476704
Algorithm converged after  2  iterations.
$gam
[1] 0.04166667

$rankJ
[1] 0

$rankA
[1] 1 0 0

[1] 0.5509577
Algorithm converged after  2  iterations.
$gam
[1] 0.06382979

$rankJ
[1] 0

$rankA
[1] 1 0 0

[1] 0.5570054
Algorithm converged after  2  iterations.
$gam
[1] 0.08695652

$rankJ
[1] 0

$rankA
[1] 1 0 0

[1] 0.5624032
Algorithm converged after  2  iterations.
$gam
[1] 0.1111111

$rankJ
[1] 0

$rankA
[1] 1 0 0

[1] 0.5671822
Algorithm converged after  2  iterations.
$gam
[1] 0.1363636

$rankJ
[1] 0

$rankA
[1] 1 0 0

[1] 0.5716873
Algorithm converged after  2  iterations.
$gam
[1] 0.1627907

$rankJ
[1] 0

$rankA
[1] 1 0 0

[1] 0.576234
Algorithm converged after  2  iterations.
$gam
[1] 0.1904762

$rankJ
[1] 0

$rankA
[1] 1 0 0

[1] 0.5810347
Algorithm converged after  2  iterations.
$gam
[1] 0.2195122

$rankJ
[1] 0

$rankA
[1] 1 0 0

[1] 0.5862612
Algorithm converged after  2  iterations.
$gam
[1] 0.25

$rankJ
[1] 0

$rankA
[1] 1 0 0

[1] 0.5921205
Algorithm converged after  2  iterations.
$gam
[1] 0.2820513

$rankJ
[1] 0

$rankA
[1] 1 0 0

[1] 0.5988997
Algorithm converged after  2  iterations.
$gam
[1] 0.3157895

$rankJ
[1] 0

$rankA
[1] 1 0 0

[1] 0.606944
Algorithm converged after  2  iterations.
$gam
[1] 0.3513514

$rankJ
[1] 0

$rankA
[1] 1 0 0

[1] 0.6159045
Algorithm converged after  2  iterations.
$gam
[1] 0.3888889

$rankJ
[1] 0

$rankA
[1] 1 0 0

[1] 0.6232818
Algorithm converged after  2  iterations.
$gam
[1] 0.4285714

$rankJ
[1] 0

$rankA
[1] 1 0 0

[1] 0.6279816
Algorithm converged after  2  iterations.
$gam
[1] 0.4705882

$rankJ
[1] 0

$rankA
[1] 1 0 0

[1] 0.6310443
Algorithm converged after  2  iterations.
$gam
[1] 0.5151515

$rankJ
[1] 0

$rankA
[1] 1 0 0

[1] 0.6332398
Algorithm converged after  2  iterations.
$gam
[1] 0.5625

$rankJ
[1] 0

$rankA
[1] 1 0 0

[1] 0.6349472
Algorithm converged after  2  iterations.
$gam
[1] 0.6129032

$rankJ
[1] 0

$rankA
[1] 1 0 0

[1] 0.636363
Algorithm converged after  2  iterations.
$gam
[1] 0.6666667

$rankJ
[1] 0

$rankA
[1] 1 0 0

[1] 0.6376004
Algorithm converged after  2  iterations.
$gam
[1] 0.7241379

$rankJ
[1] 0

$rankA
[1] 1 0 0

[1] 0.6387306
Algorithm converged after  2  iterations.
$gam
[1] 0.7857143

$rankJ
[1] 0

$rankA
[1] 1 0 0

[1] 0.6398009
Algorithm converged after  2  iterations.
$gam
[1] 0.8518519

$rankJ
[1] 0

$rankA
[1] 1 0 0

[1] 0.6408424
Algorithm converged after  2  iterations.
$gam
[1] 0.9230769

$rankJ
[1] 0

$rankA
[1] 1 0 0

[1] 0.641872
Algorithm converged after  2  iterations.
$gam
[1] 1

$rankJ
[1] 0

$rankA
[1] 1 0 0

[1] 0.6428943
Algorithm converged after  2  iterations.
$gam
[1] 1.083333

$rankJ
[1] 0

$rankA
[1] 1 0 0

[1] 0.6439034
Algorithm converged after  2  iterations.
$gam
[1] 1.173913

$rankJ
[1] 0

$rankA
[1] 1 0 0

[1] 0.6448874
Algorithm converged after  2  iterations.
$gam
[1] 1.272727

$rankJ
[1] 0

$rankA
[1] 1 0 0

[1] 0.6458331
Algorithm converged after  2  iterations.
$gam
[1] 1.380952

$rankJ
[1] 0

$rankA
[1] 1 0 0

[1] 0.6467301
Algorithm converged after  2  iterations.
$gam
[1] 1.5

$rankJ
[1] 0

$rankA
[1] 1 0 0

[1] 0.6475722
Algorithm converged after  2  iterations.
$gam
[1] 1.631579

$rankJ
[1] 0

$rankA
[1] 1 0 0

[1] 0.6483575
Algorithm converged after  2  iterations.
$gam
[1] 1.777778

$rankJ
[1] 0

$rankA
[1] 1 0 0

[1] 0.6490871
Algorithm converged after  2  iterations.
$gam
[1] 1.941176

$rankJ
[1] 0

$rankA
[1] 1 0 0

[1] 0.6497642
Algorithm converged after  2  iterations.
$gam
[1] 2.125

$rankJ
[1] 0

$rankA
[1] 1 0 0

[1] 0.650393
Algorithm converged after  2  iterations.
$gam
[1] 2.333333

$rankJ
[1] 0

$rankA
[1] 1 0 0

[1] 0.650978
Algorithm converged after  2  iterations.
$gam
[1] 2.571429

$rankJ
[1] 0

$rankA
[1] 1 0 0

[1] 0.6515238
Algorithm converged after  2  iterations.
$gam
[1] 2.846154

$rankJ
[1] 0

$rankA
[1] 1 0 0

[1] 0.6520347
Algorithm converged after  2  iterations.
$gam
[1] 3.166667

$rankJ
[1] 0

$rankA
[1] 1 0 0

[1] 0.6525149
Algorithm converged after  2  iterations.
$gam
[1] 3.545455

$rankJ
[1] 0

$rankA
[1] 1 0 0

[1] 0.6529679
Algorithm converged after  2  iterations.
$gam
[1] 4

$rankJ
[1] 0

$rankA
[1] 1 0 0

[1] 0.6533972
Algorithm converged after  2  iterations.
$gam
[1] 4.555556

$rankJ
[1] 0

$rankA
[1] 1 0 0

[1] 0.6538059
Algorithm converged after  2  iterations.
$gam
[1] 5.25

$rankJ
[1] 0

$rankA
[1] 1 0 0

[1] 0.654197
Algorithm converged after  2  iterations.
$gam
[1] 6.142857

$rankJ
[1] 0

$rankA
[1] 1 0 0

[1] 0.654573
Algorithm converged after  2  iterations.
$gam
[1] 7.333333

$rankJ
[1] 0

$rankA
[1] 1 0 0

[1] 0.6549368
Algorithm converged after  2  iterations.
$gam
[1] 9

$rankJ
[1] 0

$rankA
[1] 1 0 0

[1] 0.655291
Algorithm converged after  2  iterations.
$gam
[1] 11.5

$rankJ
[1] 0

$rankA
[1] 1 0 0

[1] 0.2408585
Algorithm converged after  2  iterations.
$gam
[1] 15.66667

$rankJ
[1] 0

$rankA
[1] 1 0 0

[1] 0.2407546
Algorithm converged after  2  iterations.
$gam
[1] 24

$rankJ
[1] 0

$rankA
[1] 1 0 0

[1] 0.240673
Algorithm converged after  2  iterations.
$gam
[1] 49

$rankJ
[1] 0

$rankA
[1] 1 0 0

[1] 0.2406177
Algorithm converged after  2  iterations.
$gam
[1] 1e+10

$rankJ
[1] 0

$rankA
[1] 1 0 0

[1] 0.2405964
Algorithm converged after  2  iterations.
$gam
[1] 0

$rankJ
[1] 0

$rankA
[1] 0 1 0

[1] 0.575932
Algorithm converged after  2  iterations.
$gam
[1] 0.02040816

$rankJ
[1] 0

$rankA
[1] 0 1 0

[1] 0.5783844
Algorithm converged after  2  iterations.
$gam
[1] 0.04166667

$rankJ
[1] 0

$rankA
[1] 0 1 0

[1] 0.5800464
Algorithm converged after  2  iterations.
$gam
[1] 0.06382979

$rankJ
[1] 0

$rankA
[1] 0 1 0

[1] 0.5832537
Algorithm converged after  2  iterations.
$gam
[1] 0.08695652

$rankJ
[1] 0

$rankA
[1] 0 1 0

[1] 0.5873007
Algorithm converged after  2  iterations.
$gam
[1] 0.1111111

$rankJ
[1] 0

$rankA
[1] 0 1 0

[1] 0.5911147
Algorithm converged after  2  iterations.
$gam
[1] 0.1363636

$rankJ
[1] 0

$rankA
[1] 0 1 0

[1] 0.5942591
Algorithm converged after  2  iterations.
$gam
[1] 0.1627907

$rankJ
[1] 0

$rankA
[1] 0 1 0

[1] 0.5970376
Algorithm converged after  2  iterations.
$gam
[1] 0.1904762

$rankJ
[1] 0

$rankA
[1] 0 1 0

[1] 0.5998024
Algorithm converged after  2  iterations.
$gam
[1] 0.2195122

$rankJ
[1] 0

$rankA
[1] 0 1 0

[1] 0.6028167
Algorithm converged after  2  iterations.
$gam
[1] 0.25

$rankJ
[1] 0

$rankA
[1] 0 1 0

[1] 0.6063464
Algorithm converged after  2  iterations.
$gam
[1] 0.2820513

$rankJ
[1] 0

$rankA
[1] 0 1 0

[1] 0.6107717
Algorithm converged after  2  iterations.
$gam
[1] 0.3157895

$rankJ
[1] 0

$rankA
[1] 0 1 0

[1] 0.6170568
Algorithm converged after  2  iterations.
$gam
[1] 0.3513514

$rankJ
[1] 0

$rankA
[1] 0 1 0

[1] 0.6348723
Algorithm converged after  2  iterations.
$gam
[1] 0.3888889

$rankJ
[1] 0

$rankA
[1] 0 1 0

[1] 0.640326
Algorithm converged after  2  iterations.
$gam
[1] 0.4285714

$rankJ
[1] 0

$rankA
[1] 0 1 0

[1] 0.6419403
Algorithm converged after  2  iterations.
$gam
[1] 0.4705882

$rankJ
[1] 0

$rankA
[1] 0 1 0

[1] 0.642904
Algorithm converged after  2  iterations.
$gam
[1] 0.5151515

$rankJ
[1] 0

$rankA
[1] 0 1 0

[1] 0.6435856
Algorithm converged after  2  iterations.
$gam
[1] 0.5625

$rankJ
[1] 0

$rankA
[1] 0 1 0

[1] 0.6441096
Algorithm converged after  2  iterations.
$gam
[1] 0.6129032

$rankJ
[1] 0

$rankA
[1] 0 1 0

[1] 0.6445337
Algorithm converged after  2  iterations.
$gam
[1] 0.6666667

$rankJ
[1] 0

$rankA
[1] 0 1 0

[1] 0.6448897
Algorithm converged after  2  iterations.
$gam
[1] 0.7241379

$rankJ
[1] 0

$rankA
[1] 0 1 0

[1] 0.6451969
Algorithm converged after  2  iterations.
$gam
[1] 0.7857143

$rankJ
[1] 0

$rankA
[1] 0 1 0

[1] 0.6454688
Algorithm converged after  2  iterations.
$gam
[1] 0.8518519

$rankJ
[1] 0

$rankA
[1] 0 1 0

[1] 0.6457153
Algorithm converged after  2  iterations.
$gam
[1] 0.9230769

$rankJ
[1] 0

$rankA
[1] 0 1 0

[1] 0.6459452
Algorithm converged after  2  iterations.
$gam
[1] 1

$rankJ
[1] 0

$rankA
[1] 0 1 0

[1] 0.6461679
Algorithm converged after  2  iterations.
$gam
[1] 1.083333

$rankJ
[1] 0

$rankA
[1] 0 1 0

[1] 0.6463956
Algorithm converged after  2  iterations.
$gam
[1] 1.173913

$rankJ
[1] 0

$rankA
[1] 0 1 0

[1] 0.6466475
Algorithm converged after  2  iterations.
$gam
[1] 1.272727

$rankJ
[1] 0

$rankA
[1] 0 1 0

[1] 0.6469586
Algorithm converged after  2  iterations.
$gam
[1] 1.380952

$rankJ
[1] 0

$rankA
[1] 0 1 0

[1] 0.6473913
Algorithm converged after  2  iterations.
$gam
[1] 1.5

$rankJ
[1] 0

$rankA
[1] 0 1 0

[1] 0.6480328
Algorithm converged after  2  iterations.
$gam
[1] 1.631579

$rankJ
[1] 0

$rankA
[1] 0 1 0

[1] 0.6489221
Algorithm converged after  2  iterations.
$gam
[1] 1.777778

$rankJ
[1] 0

$rankA
[1] 0 1 0

[1] 0.6499655
Algorithm converged after  2  iterations.
$gam
[1] 1.941176

$rankJ
[1] 0

$rankA
[1] 0 1 0

[1] 0.6510199
Algorithm converged after  2  iterations.
$gam
[1] 2.125

$rankJ
[1] 0

$rankA
[1] 0 1 0

[1] 0.6519995
Algorithm converged after  2  iterations.
$gam
[1] 2.333333

$rankJ
[1] 0

$rankA
[1] 0 1 0

[1] 0.6494013
Algorithm converged after  2  iterations.
$gam
[1] 2.571429

$rankJ
[1] 0

$rankA
[1] 0 1 0

[1] 0.6481524
Algorithm converged after  2  iterations.
$gam
[1] 2.846154

$rankJ
[1] 0

$rankA
[1] 0 1 0

[1] 0.6479296
Algorithm converged after  2  iterations.
$gam
[1] 3.166667

$rankJ
[1] 0

$rankA
[1] 0 1 0

[1] 0.6478542
Algorithm converged after  2  iterations.
$gam
[1] 3.545455

$rankJ
[1] 0

$rankA
[1] 0 1 0

[1] 0.6478364
Algorithm converged after  2  iterations.
$gam
[1] 4

$rankJ
[1] 0

$rankA
[1] 0 1 0

[1] 0.6478463
Algorithm converged after  2  iterations.
$gam
[1] 4.555556

$rankJ
[1] 0

$rankA
[1] 0 1 0

[1] 0.647871
Algorithm converged after  2  iterations.
$gam
[1] 5.25

$rankJ
[1] 0

$rankA
[1] 0 1 0

[1] 0.6479039
Algorithm converged after  2  iterations.
$gam
[1] 6.142857

$rankJ
[1] 0

$rankA
[1] 0 1 0

[1] 0.6575491
Algorithm converged after  2  iterations.
$gam
[1] 7.333333

$rankJ
[1] 0

$rankA
[1] 0 1 0

[1] 0.6578972
Algorithm converged after  2  iterations.
$gam
[1] 9

$rankJ
[1] 0

$rankA
[1] 0 1 0

[1] 0.6582007
Algorithm converged after  2  iterations.
$gam
[1] 11.5

$rankJ
[1] 0

$rankA
[1] 0 1 0

[1] 0.2488256
Algorithm converged after  2  iterations.
$gam
[1] 15.66667

$rankJ
[1] 0

$rankA
[1] 0 1 0

[1] 0.2427235
Algorithm converged after  2  iterations.
$gam
[1] 24

$rankJ
[1] 0

$rankA
[1] 0 1 0

[1] 0.242508
Algorithm converged after  2  iterations.
$gam
[1] 49

$rankJ
[1] 0

$rankA
[1] 0 1 0

[1] 0.2423157
Algorithm converged after  2  iterations.
$gam
[1] 1e+10

$rankJ
[1] 0

$rankA
[1] 0 1 0

[1] 0.2421828
Algorithm converged after  2  iterations.
$gam
[1] 0

$rankJ
[1] 0

$rankA
[1] 0 0 1

[1] 0.5832966
Algorithm converged after  2  iterations.
$gam
[1] 0.02040816

$rankJ
[1] 0

$rankA
[1] 0 0 1

[1] 0.585066
Algorithm converged after  2  iterations.
$gam
[1] 0.04166667

$rankJ
[1] 0

$rankA
[1] 0 0 1

[1] 0.5870374
Algorithm converged after  2  iterations.
$gam
[1] 0.06382979

$rankJ
[1] 0

$rankA
[1] 0 0 1

[1] 0.5891215
Algorithm converged after  2  iterations.
$gam
[1] 0.08695652

$rankJ
[1] 0

$rankA
[1] 0 0 1

[1] 0.5933397
Algorithm converged after  2  iterations.
$gam
[1] 0.1111111

$rankJ
[1] 0

$rankA
[1] 0 0 1

[1] 0.607707
Algorithm converged after  2  iterations.
$gam
[1] 0.1363636

$rankJ
[1] 0

$rankA
[1] 0 0 1

[1] 0.6119265
Algorithm converged after  2  iterations.
$gam
[1] 0.1627907

$rankJ
[1] 0

$rankA
[1] 0 0 1

[1] 0.6148907
Algorithm converged after  2  iterations.
$gam
[1] 0.1904762

$rankJ
[1] 0

$rankA
[1] 0 0 1

[1] 0.617616
Algorithm converged after  2  iterations.
$gam
[1] 0.2195122

$rankJ
[1] 0

$rankA
[1] 0 0 1

[1] 0.6201918
Algorithm converged after  2  iterations.
$gam
[1] 0.25

$rankJ
[1] 0

$rankA
[1] 0 0 1

[1] 0.6225162
Algorithm converged after  2  iterations.
$gam
[1] 0.2820513

$rankJ
[1] 0

$rankA
[1] 0 0 1

[1] 0.6245304
Algorithm converged after  2  iterations.
$gam
[1] 0.3157895

$rankJ
[1] 0

$rankA
[1] 0 0 1

[1] 0.6262452
Algorithm converged after  2  iterations.
$gam
[1] 0.3513514

$rankJ
[1] 0

$rankA
[1] 0 0 1

[1] 0.6277008
Algorithm converged after  2  iterations.
$gam
[1] 0.3888889

$rankJ
[1] 0

$rankA
[1] 0 0 1

[1] 0.6289434
Algorithm converged after  2  iterations.
$gam
[1] 0.4285714

$rankJ
[1] 0

$rankA
[1] 0 0 1

[1] 0.630015
Algorithm converged after  2  iterations.
$gam
[1] 0.4705882

$rankJ
[1] 0

$rankA
[1] 0 0 1

[1] 0.6309516
Algorithm converged after  2  iterations.
$gam
[1] 0.5151515

$rankJ
[1] 0

$rankA
[1] 0 0 1

[1] 0.6317829
Algorithm converged after  2  iterations.
$gam
[1] 0.5625

$rankJ
[1] 0

$rankA
[1] 0 0 1

[1] 0.6325347
Algorithm converged after  2  iterations.
$gam
[1] 0.6129032

$rankJ
[1] 0

$rankA
[1] 0 0 1

[1] 0.6332301
Algorithm converged after  2  iterations.
$gam
[1] 0.6666667

$rankJ
[1] 0

$rankA
[1] 0 0 1

[1] 0.6338935
Algorithm converged after  2  iterations.
$gam
[1] 0.7241379

$rankJ
[1] 0

$rankA
[1] 0 0 1

[1] 0.6345557
Algorithm converged after  2  iterations.
$gam
[1] 0.7857143

$rankJ
[1] 0

$rankA
[1] 0 0 1

[1] 0.6352631
Algorithm converged after  2  iterations.
$gam
[1] 0.8518519

$rankJ
[1] 0

$rankA
[1] 0 0 1

[1] 0.6360995
Algorithm converged after  2  iterations.
$gam
[1] 0.9230769

$rankJ
[1] 0

$rankA
[1] 0 0 1

[1] 0.6372291
Algorithm converged after  2  iterations.
$gam
[1] 1

$rankJ
[1] 0

$rankA
[1] 0 0 1

[1] 0.6389473
Algorithm converged after  2  iterations.
$gam
[1] 1.083333

$rankJ
[1] 0

$rankA
[1] 0 0 1

[1] 0.6415
Algorithm converged after  2  iterations.
$gam
[1] 1.173913

$rankJ
[1] 0

$rankA
[1] 0 0 1

[1] 0.6444699
Algorithm converged after  2  iterations.
$gam
[1] 1.272727

$rankJ
[1] 0

$rankA
[1] 0 0 1

[1] 0.6471082
Algorithm converged after  2  iterations.
$gam
[1] 1.380952

$rankJ
[1] 0

$rankA
[1] 0 0 1

[1] 0.6491795
Algorithm converged after  2  iterations.
$gam
[1] 1.5

$rankJ
[1] 0

$rankA
[1] 0 0 1

[1] 0.6507712
Algorithm converged after  2  iterations.
$gam
[1] 1.631579

$rankJ
[1] 0

$rankA
[1] 0 0 1

[1] 0.6520115
Algorithm converged after  2  iterations.
$gam
[1] 1.777778

$rankJ
[1] 0

$rankA
[1] 0 0 1

[1] 0.6496069
Algorithm converged after  2  iterations.
$gam
[1] 1.941176

$rankJ
[1] 0

$rankA
[1] 0 0 1

[1] 0.65204
Algorithm converged after  2  iterations.
$gam
[1] 2.125

$rankJ
[1] 0

$rankA
[1] 0 0 1

[1] 0.6536137
Algorithm converged after  2  iterations.
$gam
[1] 2.333333

$rankJ
[1] 0

$rankA
[1] 0 0 1

[1] 0.6547426
Algorithm converged after  2  iterations.
$gam
[1] 2.571429

$rankJ
[1] 0

$rankA
[1] 0 0 1

[1] 0.6555964
Algorithm converged after  2  iterations.
$gam
[1] 2.846154

$rankJ
[1] 0

$rankA
[1] 0 0 1

[1] 0.6562647
Algorithm converged after  2  iterations.
$gam
[1] 3.166667

$rankJ
[1] 0

$rankA
[1] 0 0 1

[1] 0.6568007
Algorithm converged after  2  iterations.
$gam
[1] 3.545455

$rankJ
[1] 0

$rankA
[1] 0 0 1

[1] 0.6396857
Algorithm converged after  2  iterations.
$gam
[1] 4

$rankJ
[1] 0

$rankA
[1] 0 0 1

[1] 0.6569363
Algorithm converged after  2  iterations.
$gam
[1] 4.555556

$rankJ
[1] 0

$rankA
[1] 0 0 1

[1] 0.6572033
Algorithm converged after  2  iterations.
$gam
[1] 5.25

$rankJ
[1] 0

$rankA
[1] 0 0 1

[1] 0.6574468
Algorithm converged after  2  iterations.
$gam
[1] 6.142857

$rankJ
[1] 0

$rankA
[1] 0 0 1

[1] 0.6576707
Algorithm converged after  2  iterations.
$gam
[1] 7.333333

$rankJ
[1] 0

$rankA
[1] 0 0 1

[1] 0.6578783
Algorithm converged after  2  iterations.
$gam
[1] 9

$rankJ
[1] 0

$rankA
[1] 0 0 1

[1] 0.6580724
Algorithm converged after  2  iterations.
$gam
[1] 11.5

$rankJ
[1] 0

$rankA
[1] 0 0 1

[1] 0.2107853
Algorithm converged after  2  iterations.
$gam
[1] 15.66667

$rankJ
[1] 0

$rankA
[1] 0 0 1

[1] 0.210021
Algorithm converged after  2  iterations.
$gam
[1] 24

$rankJ
[1] 0

$rankA
[1] 0 0 1

[1] 0.2093536
Algorithm converged after  2  iterations.
$gam
[1] 49

$rankJ
[1] 0

$rankA
[1] 0 0 1

[1] 0.208818
Algorithm converged after  2  iterations.
$gam
[1] 1e+10

$rankJ
[1] 0

$rankA
[1] 0 0 1

[1] 0.208541
Algorithm converged after  2  iterations.
$gam
[1] 0

$rankJ
[1] 1

$rankA
[1] 0 0 0

[1] 0.5226021
Algorithm converged after  2  iterations.
$gam
[1] 0.02040816

$rankJ
[1] 1

$rankA
[1] 0 0 0

[1] 0.527467
Algorithm converged after  2  iterations.
$gam
[1] 0.04166667

$rankJ
[1] 1

$rankA
[1] 0 0 0

[1] 0.5310554
Algorithm converged after  2  iterations.
$gam
[1] 0.06382979

$rankJ
[1] 1

$rankA
[1] 0 0 0

[1] 0.538674
Algorithm converged after  2  iterations.
$gam
[1] 0.08695652

$rankJ
[1] 1

$rankA
[1] 0 0 0

[1] 0.5476734
Algorithm converged after  2  iterations.
$gam
[1] 0.1111111

$rankJ
[1] 1

$rankA
[1] 0 0 0

[1] 0.5583929
Algorithm converged after  2  iterations.
$gam
[1] 0.1363636

$rankJ
[1] 1

$rankA
[1] 0 0 0

[1] 0.5677692
Algorithm converged after  2  iterations.
$gam
[1] 0.1627907

$rankJ
[1] 1

$rankA
[1] 0 0 0

[1] 0.5749292
Algorithm converged after  2  iterations.
$gam
[1] 0.1904762

$rankJ
[1] 1

$rankA
[1] 0 0 0

[1] 0.5812383
Algorithm converged after  2  iterations.
$gam
[1] 0.2195122

$rankJ
[1] 1

$rankA
[1] 0 0 0

[1] 0.5872039
Algorithm converged after  2  iterations.
$gam
[1] 0.25

$rankJ
[1] 1

$rankA
[1] 0 0 0

[1] 0.5926534
Algorithm converged after  2  iterations.
$gam
[1] 0.2820513

$rankJ
[1] 1

$rankA
[1] 0 0 0

[1] 0.5971782
Algorithm converged after  2  iterations.
$gam
[1] 0.3157895

$rankJ
[1] 1

$rankA
[1] 0 0 0

[1] 0.6006865
Algorithm converged after  2  iterations.
$gam
[1] 0.3513514

$rankJ
[1] 1

$rankA
[1] 0 0 0

[1] 0.6033803
Algorithm converged after  2  iterations.
$gam
[1] 0.3888889

$rankJ
[1] 1

$rankA
[1] 0 0 0

[1] 0.6054933
Algorithm converged after  2  iterations.
$gam
[1] 0.4285714

$rankJ
[1] 1

$rankA
[1] 0 0 0

[1] 0.6071985
Algorithm converged after  2  iterations.
$gam
[1] 0.4705882

$rankJ
[1] 1

$rankA
[1] 0 0 0

[1] 0.6086115
Algorithm converged after  2  iterations.
$gam
[1] 0.5151515

$rankJ
[1] 1

$rankA
[1] 0 0 0

[1] 0.6098093
Algorithm converged after  2  iterations.
$gam
[1] 0.5625

$rankJ
[1] 1

$rankA
[1] 0 0 0

[1] 0.6108448
Algorithm converged after  2  iterations.
$gam
[1] 0.6129032

$rankJ
[1] 1

$rankA
[1] 0 0 0

[1] 0.6117552
Algorithm converged after  2  iterations.
$gam
[1] 0.6666667

$rankJ
[1] 1

$rankA
[1] 0 0 0

[1] 0.6125684
Algorithm converged after  2  iterations.
$gam
[1] 0.7241379

$rankJ
[1] 1

$rankA
[1] 0 0 0

[1] 0.6133064
Algorithm converged after  2  iterations.
$gam
[1] 0.7857143

$rankJ
[1] 1

$rankA
[1] 0 0 0

[1] 0.6139885
Algorithm converged after  2  iterations.
$gam
[1] 0.8518519

$rankJ
[1] 1

$rankA
[1] 0 0 0

[1] 0.6146342
Algorithm converged after  2  iterations.
$gam
[1] 0.9230769

$rankJ
[1] 1

$rankA
[1] 0 0 0

[1] 0.6152684
Algorithm converged after  2  iterations.
$gam
[1] 1

$rankJ
[1] 1

$rankA
[1] 0 0 0

[1] 0.6159315
Algorithm converged after  2  iterations.
$gam
[1] 1.083333

$rankJ
[1] 1

$rankA
[1] 0 0 0

[1] 0.6167051
Algorithm converged after  2  iterations.
$gam
[1] 1.173913

$rankJ
[1] 1

$rankA
[1] 0 0 0

[1] 0.6177843
Algorithm converged after  2  iterations.
$gam
[1] 1.272727

$rankJ
[1] 1

$rankA
[1] 0 0 0

[1] 0.6196499
Algorithm converged after  2  iterations.
$gam
[1] 1.380952

$rankJ
[1] 1

$rankA
[1] 0 0 0

[1] 0.6230455
Algorithm converged after  2  iterations.
$gam
[1] 1.5

$rankJ
[1] 1

$rankA
[1] 0 0 0

[1] 0.6277217
Algorithm converged after  2  iterations.
$gam
[1] 1.631579

$rankJ
[1] 1

$rankA
[1] 0 0 0

[1] 0.6323888
Algorithm converged after  2  iterations.
$gam
[1] 1.777778

$rankJ
[1] 1

$rankA
[1] 0 0 0

[1] 0.6364123
Algorithm converged after  2  iterations.
$gam
[1] 1.941176

$rankJ
[1] 1

$rankA
[1] 0 0 0

[1] 0.620593
Algorithm converged after  2  iterations.
$gam
[1] 2.125

$rankJ
[1] 1

$rankA
[1] 0 0 0

[1] 0.6198984
Algorithm converged after  2  iterations.
$gam
[1] 2.333333

$rankJ
[1] 1

$rankA
[1] 0 0 0

[1] 0.6197451
Algorithm converged after  2  iterations.
$gam
[1] 2.571429

$rankJ
[1] 1

$rankA
[1] 0 0 0

[1] 0.6197711
Algorithm converged after  2  iterations.
$gam
[1] 2.846154

$rankJ
[1] 1

$rankA
[1] 0 0 0

[1] 0.6198738
Algorithm converged after  2  iterations.
$gam
[1] 3.166667

$rankJ
[1] 1

$rankA
[1] 0 0 0

[1] 0.620013
Algorithm converged after  2  iterations.
$gam
[1] 3.545455

$rankJ
[1] 1

$rankA
[1] 0 0 0

[1] 0.6201702
Algorithm converged after  2  iterations.
$gam
[1] 4

$rankJ
[1] 1

$rankA
[1] 0 0 0

[1] 0.6203358
Algorithm converged after  2  iterations.
$gam
[1] 4.555556

$rankJ
[1] 1

$rankA
[1] 0 0 0

[1] 0.6205048
Algorithm converged after  2  iterations.
$gam
[1] 5.25

$rankJ
[1] 1

$rankA
[1] 0 0 0

[1] 0.620674
Algorithm converged after  2  iterations.
$gam
[1] 6.142857

$rankJ
[1] 1

$rankA
[1] 0 0 0

[1] 0.6208419
Algorithm converged after  2  iterations.
$gam
[1] 7.333333

$rankJ
[1] 1

$rankA
[1] 0 0 0

[1] 0.6210072
Algorithm converged after  2  iterations.
$gam
[1] 9

$rankJ
[1] 1

$rankA
[1] 0 0 0

[1] 0.6570586
Algorithm converged after  2  iterations.
$gam
[1] 11.5

$rankJ
[1] 1

$rankA
[1] 0 0 0

[1] 0.1900435
Algorithm converged after  2  iterations.
$gam
[1] 15.66667

$rankJ
[1] 1

$rankA
[1] 0 0 0

[1] 0.1847657
Algorithm converged after  2  iterations.
$gam
[1] 24

$rankJ
[1] 1

$rankA
[1] 0 0 0

[1] 0.1831408
Algorithm converged after  2  iterations.
$gam
[1] 49

$rankJ
[1] 1

$rankA
[1] 0 0 0

[1] 0.1816594
Algorithm converged after  2  iterations.
$gam
[1] 1e+10

$rankJ
[1] 1

$rankA
[1] 0 0 0

[1] 0.1805712
Algorithm converged after  2  iterations.
$gam
[1] 0

$rankJ
[1] 0

$rankA
[1] 2 0 0

[1] 0.5459543
Algorithm converged after  2  iterations.
$gam
[1] 0.02040816

$rankJ
[1] 0

$rankA
[1] 2 0 0

[1] 0.5476545
Algorithm converged after  2  iterations.
$gam
[1] 0.04166667

$rankJ
[1] 0

$rankA
[1] 2 0 0

[1] 0.546994
Algorithm converged after  2  iterations.
$gam
[1] 0.06382979

$rankJ
[1] 0

$rankA
[1] 2 0 0

[1] 0.5470463
Algorithm converged after  2  iterations.
$gam
[1] 0.08695652

$rankJ
[1] 0

$rankA
[1] 2 0 0

[1] 0.5471406
Algorithm converged after  2  iterations.
$gam
[1] 0.1111111

$rankJ
[1] 0

$rankA
[1] 2 0 0

[1] 0.5473776
Algorithm converged after  2  iterations.
$gam
[1] 0.1363636

$rankJ
[1] 0

$rankA
[1] 2 0 0

[1] 0.5479785
Algorithm converged after  2  iterations.
$gam
[1] 0.1627907

$rankJ
[1] 0

$rankA
[1] 2 0 0

[1] 0.5493641
Algorithm converged after  2  iterations.
$gam
[1] 0.1904762

$rankJ
[1] 0

$rankA
[1] 2 0 0

[1] 0.5521726
Algorithm converged after  2  iterations.
$gam
[1] 0.2195122

$rankJ
[1] 0

$rankA
[1] 2 0 0

[1] 0.5561022
Algorithm converged after  2  iterations.
$gam
[1] 0.25

$rankJ
[1] 0

$rankA
[1] 2 0 0

[1] 0.5605158
Algorithm converged after  2  iterations.
$gam
[1] 0.2820513

$rankJ
[1] 0

$rankA
[1] 2 0 0

[1] 0.5652843
Algorithm converged after  2  iterations.
$gam
[1] 0.3157895

$rankJ
[1] 0

$rankA
[1] 2 0 0

[1] 0.570488
Algorithm converged after  2  iterations.
$gam
[1] 0.3513514

$rankJ
[1] 0

$rankA
[1] 2 0 0

[1] 0.5763153
Algorithm converged after  2  iterations.
$gam
[1] 0.3888889

$rankJ
[1] 0

$rankA
[1] 2 0 0

[1] 0.5819591
Algorithm converged after  2  iterations.
$gam
[1] 0.4285714

$rankJ
[1] 0

$rankA
[1] 2 0 0

[1] 0.5869087
Algorithm converged after  2  iterations.
$gam
[1] 0.4705882

$rankJ
[1] 0

$rankA
[1] 2 0 0

[1] 0.591488
Algorithm converged after  2  iterations.
$gam
[1] 0.5151515

$rankJ
[1] 0

$rankA
[1] 2 0 0

[1] 0.5960093
Algorithm converged after  2  iterations.
$gam
[1] 0.5625

$rankJ
[1] 0

$rankA
[1] 2 0 0

[1] 0.6007189
Algorithm converged after  2  iterations.
$gam
[1] 0.6129032

$rankJ
[1] 0

$rankA
[1] 2 0 0

[1] 0.6058917
Algorithm converged after  2  iterations.
$gam
[1] 0.6666667

$rankJ
[1] 0

$rankA
[1] 2 0 0

[1] 0.6119423
Algorithm converged after  2  iterations.
$gam
[1] 0.7241379

$rankJ
[1] 0

$rankA
[1] 2 0 0

[1] 0.6197024
Algorithm converged after  2  iterations.
$gam
[1] 0.7857143

$rankJ
[1] 0

$rankA
[1] 2 0 0

[1] 0.6285151
Algorithm converged after  2  iterations.
$gam
[1] 0.8518519

$rankJ
[1] 0

$rankA
[1] 2 0 0

[1] 0.6328031
Algorithm converged after  2  iterations.
$gam
[1] 0.9230769

$rankJ
[1] 0

$rankA
[1] 2 0 0

[1] 0.634782
Algorithm converged after  2  iterations.
$gam
[1] 1

$rankJ
[1] 0

$rankA
[1] 2 0 0

[1] 0.6360278
Algorithm converged after  2  iterations.
$gam
[1] 1.083333

$rankJ
[1] 0

$rankA
[1] 2 0 0

[1] 0.6369484
Algorithm converged after  2  iterations.
$gam
[1] 1.173913

$rankJ
[1] 0

$rankA
[1] 2 0 0

[1] 0.6376898
Algorithm converged after  2  iterations.
$gam
[1] 1.272727

$rankJ
[1] 0

$rankA
[1] 2 0 0

[1] 0.6383185
Algorithm converged after  2  iterations.
$gam
[1] 1.380952

$rankJ
[1] 0

$rankA
[1] 2 0 0

[1] 0.6388701
Algorithm converged after  2  iterations.
$gam
[1] 1.5

$rankJ
[1] 0

$rankA
[1] 2 0 0

[1] 0.6393652
Algorithm converged after  2  iterations.
$gam
[1] 1.631579

$rankJ
[1] 0

$rankA
[1] 2 0 0

[1] 0.639817
Algorithm converged after  2  iterations.
$gam
[1] 1.777778

$rankJ
[1] 0

$rankA
[1] 2 0 0

[1] 0.6402344
Algorithm converged after  2  iterations.
$gam
[1] 1.941176

$rankJ
[1] 0

$rankA
[1] 2 0 0

[1] 0.6406236
Algorithm converged after  2  iterations.
$gam
[1] 2.125

$rankJ
[1] 0

$rankA
[1] 2 0 0

[1] 0.6409891
Algorithm converged after  2  iterations.
$gam
[1] 2.333333

$rankJ
[1] 0

$rankA
[1] 2 0 0

[1] 0.6413344
Algorithm converged after  2  iterations.
$gam
[1] 2.571429

$rankJ
[1] 0

$rankA
[1] 2 0 0

[1] 0.6416622
Algorithm converged after  2  iterations.
$gam
[1] 2.846154

$rankJ
[1] 0

$rankA
[1] 2 0 0

[1] 0.6419747
Algorithm converged after  2  iterations.
$gam
[1] 3.166667

$rankJ
[1] 0

$rankA
[1] 2 0 0

[1] 0.6422735
Algorithm converged after  2  iterations.
$gam
[1] 3.545455

$rankJ
[1] 0

$rankA
[1] 2 0 0

[1] 0.6425603
Algorithm converged after  2  iterations.
$gam
[1] 4

$rankJ
[1] 0

$rankA
[1] 2 0 0

[1] 0.6428362
Algorithm converged after  2  iterations.
$gam
[1] 4.555556

$rankJ
[1] 0

$rankA
[1] 2 0 0

[1] 0.6431023
Algorithm converged after  2  iterations.
$gam
[1] 5.25

$rankJ
[1] 0

$rankA
[1] 2 0 0

[1] 0.6433594
Algorithm converged after  2  iterations.
$gam
[1] 6.142857

$rankJ
[1] 0

$rankA
[1] 2 0 0

[1] 0.6436085
Algorithm converged after  2  iterations.
$gam
[1] 7.333333

$rankJ
[1] 0

$rankA
[1] 2 0 0

[1] 0.6438501
Algorithm converged after  2  iterations.
$gam
[1] 9

$rankJ
[1] 0

$rankA
[1] 2 0 0

[1] 0.6440849
Algorithm converged after  2  iterations.
$gam
[1] 11.5

$rankJ
[1] 0

$rankA
[1] 2 0 0

[1] 0.2349486
Algorithm converged after  2  iterations.
$gam
[1] 15.66667

$rankJ
[1] 0

$rankA
[1] 2 0 0

[1] 0.2349311
Algorithm converged after  2  iterations.
$gam
[1] 24

$rankJ
[1] 0

$rankA
[1] 2 0 0

[1] 0.2349172
Algorithm converged after  2  iterations.
$gam
[1] 49

$rankJ
[1] 0

$rankA
[1] 2 0 0

[1] 0.2349076
Algorithm converged after  2  iterations.
$gam
[1] 1e+10

$rankJ
[1] 0

$rankA
[1] 2 0 0

[1] 0.2349039
Algorithm converged after  2  iterations.
$gam
[1] 0

$rankJ
[1] 0

$rankA
[1] 0 2 0

[1] 0.575932
Algorithm converged after  2  iterations.
$gam
[1] 0.02040816

$rankJ
[1] 0

$rankA
[1] 0 2 0

[1] 0.578259
Algorithm converged after  2  iterations.
$gam
[1] 0.04166667

$rankJ
[1] 0

$rankA
[1] 0 2 0

[1] 0.5779671
Algorithm converged after  2  iterations.
$gam
[1] 0.06382979

$rankJ
[1] 0

$rankA
[1] 0 2 0

[1] 0.5779849
Algorithm converged after  2  iterations.
$gam
[1] 0.08695652

$rankJ
[1] 0

$rankA
[1] 0 2 0

[1] 0.5780427
Algorithm converged after  2  iterations.
$gam
[1] 0.1111111

$rankJ
[1] 0

$rankA
[1] 0 2 0

[1] 0.5782157
Algorithm converged after  2  iterations.
$gam
[1] 0.1363636

$rankJ
[1] 0

$rankA
[1] 0 2 0

[1] 0.5785132
Algorithm converged after  2  iterations.
$gam
[1] 0.1627907

$rankJ
[1] 0

$rankA
[1] 0 2 0

[1] 0.5791006
Algorithm converged after  2  iterations.
$gam
[1] 0.1904762

$rankJ
[1] 0

$rankA
[1] 0 2 0

[1] 0.580133
Algorithm converged after  2  iterations.
$gam
[1] 0.2195122

$rankJ
[1] 0

$rankA
[1] 0 2 0

[1] 0.5817579
Algorithm converged after  2  iterations.
$gam
[1] 0.25

$rankJ
[1] 0

$rankA
[1] 0 2 0

[1] 0.5844449
Algorithm converged after  2  iterations.
$gam
[1] 0.2820513

$rankJ
[1] 0

$rankA
[1] 0 2 0

[1] 0.5887068
Algorithm converged after  2  iterations.
$gam
[1] 0.3157895

$rankJ
[1] 0

$rankA
[1] 0 2 0

[1] 0.5933684
Algorithm converged after  2  iterations.
$gam
[1] 0.3513514

$rankJ
[1] 0

$rankA
[1] 0 2 0

[1] 0.6001512
Algorithm converged after  2  iterations.
$gam
[1] 0.3888889

$rankJ
[1] 0

$rankA
[1] 0 2 0

[1] 0.603467
Algorithm converged after  2  iterations.
$gam
[1] 0.4285714

$rankJ
[1] 0

$rankA
[1] 0 2 0

[1] 0.6058498
Algorithm converged after  2  iterations.
$gam
[1] 0.4705882

$rankJ
[1] 0

$rankA
[1] 0 2 0

[1] 0.6081523
Algorithm converged after  2  iterations.
$gam
[1] 0.5151515

$rankJ
[1] 0

$rankA
[1] 0 2 0

[1] 0.6104669
Algorithm converged after  2  iterations.
$gam
[1] 0.5625

$rankJ
[1] 0

$rankA
[1] 0 2 0

[1] 0.6128313
Algorithm converged after  2  iterations.
$gam
[1] 0.6129032

$rankJ
[1] 0

$rankA
[1] 0 2 0

[1] 0.6152805
Algorithm converged after  2  iterations.
$gam
[1] 0.6666667

$rankJ
[1] 0

$rankA
[1] 0 2 0

[1] 0.61786
Algorithm converged after  2  iterations.
$gam
[1] 0.7241379

$rankJ
[1] 0

$rankA
[1] 0 2 0

[1] 0.6206358
Algorithm converged after  2  iterations.
$gam
[1] 0.7857143

$rankJ
[1] 0

$rankA
[1] 0 2 0

[1] 0.6237447
Algorithm converged after  2  iterations.
$gam
[1] 0.8518519

$rankJ
[1] 0

$rankA
[1] 0 2 0

[1] 0.6277821
Algorithm converged after  2  iterations.
$gam
[1] 0.9230769

$rankJ
[1] 0

$rankA
[1] 0 2 0

[1] 0.6377235
Algorithm converged after  2  iterations.
$gam
[1] 1

$rankJ
[1] 0

$rankA
[1] 0 2 0

[1] 0.6438165
Algorithm converged after  2  iterations.
$gam
[1] 1.083333

$rankJ
[1] 0

$rankA
[1] 0 2 0

[1] 0.6448488
Algorithm converged after  2  iterations.
$gam
[1] 1.173913

$rankJ
[1] 0

$rankA
[1] 0 2 0

[1] 0.6453522
Algorithm converged after  2  iterations.
$gam
[1] 1.272727

$rankJ
[1] 0

$rankA
[1] 0 2 0

[1] 0.6456818
Algorithm converged after  2  iterations.
$gam
[1] 1.380952

$rankJ
[1] 0

$rankA
[1] 0 2 0

[1] 0.6459277
Algorithm converged after  2  iterations.
$gam
[1] 1.5

$rankJ
[1] 0

$rankA
[1] 0 2 0

[1] 0.6461258
Algorithm converged after  2  iterations.
$gam
[1] 1.631579

$rankJ
[1] 0

$rankA
[1] 0 2 0

[1] 0.6462953
Algorithm converged after  2  iterations.
$gam
[1] 1.777778

$rankJ
[1] 0

$rankA
[1] 0 2 0

[1] 0.6464472
Algorithm converged after  2  iterations.
$gam
[1] 1.941176

$rankJ
[1] 0

$rankA
[1] 0 2 0

[1] 0.6465873
Algorithm converged after  2  iterations.
$gam
[1] 2.125

$rankJ
[1] 0

$rankA
[1] 0 2 0

[1] 0.6467184
Algorithm converged after  2  iterations.
$gam
[1] 2.333333

$rankJ
[1] 0

$rankA
[1] 0 2 0

[1] 0.6468458
Algorithm converged after  2  iterations.
$gam
[1] 2.571429

$rankJ
[1] 0

$rankA
[1] 0 2 0

[1] 0.6469663
Algorithm converged after  2  iterations.
$gam
[1] 2.846154

$rankJ
[1] 0

$rankA
[1] 0 2 0

[1] 0.6435211
Algorithm converged after  2  iterations.
$gam
[1] 3.166667

$rankJ
[1] 0

$rankA
[1] 0 2 0

[1] 0.6475975
Algorithm converged after  2  iterations.
$gam
[1] 3.545455

$rankJ
[1] 0

$rankA
[1] 0 2 0

[1] 0.6476579
Algorithm converged after  2  iterations.
$gam
[1] 4

$rankJ
[1] 0

$rankA
[1] 0 2 0

[1] 0.6477169
Algorithm converged after  2  iterations.
$gam
[1] 4.555556

$rankJ
[1] 0

$rankA
[1] 0 2 0

[1] 0.6477752
Algorithm converged after  2  iterations.
$gam
[1] 5.25

$rankJ
[1] 0

$rankA
[1] 0 2 0

[1] 0.6478326
Algorithm converged after  2  iterations.
$gam
[1] 6.142857

$rankJ
[1] 0

$rankA
[1] 0 2 0

[1] 0.64764
Algorithm converged after  2  iterations.
$gam
[1] 7.333333

$rankJ
[1] 0

$rankA
[1] 0 2 0

[1] 0.6477221
Algorithm converged after  2  iterations.
$gam
[1] 9

$rankJ
[1] 0

$rankA
[1] 0 2 0

[1] 0.6478012
Algorithm converged after  2  iterations.
$gam
[1] 11.5

$rankJ
[1] 0

$rankA
[1] 0 2 0

[1] 0.2370136
Algorithm converged after  2  iterations.
$gam
[1] 15.66667

$rankJ
[1] 0

$rankA
[1] 0 2 0

[1] 0.2367831
Algorithm converged after  2  iterations.
$gam
[1] 24

$rankJ
[1] 0

$rankA
[1] 0 2 0

[1] 0.2367728
Algorithm converged after  2  iterations.
$gam
[1] 49

$rankJ
[1] 0

$rankA
[1] 0 2 0

[1] 0.2367631
Algorithm converged after  2  iterations.
$gam
[1] 1e+10

$rankJ
[1] 0

$rankA
[1] 0 2 0

[1] 0.2367561
Algorithm converged after  2  iterations.
$gam
[1] 0

$rankJ
[1] 0

$rankA
[1] 0 0 2

[1] 0.5832966
Algorithm converged after  2  iterations.
$gam
[1] 0.02040816

$rankJ
[1] 0

$rankA
[1] 0 0 2

[1] 0.5850209
Algorithm converged after  2  iterations.
$gam
[1] 0.04166667

$rankJ
[1] 0

$rankA
[1] 0 0 2

[1] 0.5842003
Algorithm converged after  2  iterations.
$gam
[1] 0.06382979

$rankJ
[1] 0

$rankA
[1] 0 0 2

[1] 0.584247
Algorithm converged after  2  iterations.
$gam
[1] 0.08695652

$rankJ
[1] 0

$rankA
[1] 0 0 2

[1] 0.5844046
Algorithm converged after  2  iterations.
$gam
[1] 0.1111111

$rankJ
[1] 0

$rankA
[1] 0 0 2

[1] 0.5859782
Algorithm converged after  2  iterations.
$gam
[1] 0.1363636

$rankJ
[1] 0

$rankA
[1] 0 0 2

[1] 0.5868879
Algorithm converged after  2  iterations.
$gam
[1] 0.1627907

$rankJ
[1] 0

$rankA
[1] 0 0 2

[1] 0.5877823
Algorithm converged after  2  iterations.
$gam
[1] 0.1904762

$rankJ
[1] 0

$rankA
[1] 0 0 2

[1] 0.5890041
Algorithm converged after  2  iterations.
$gam
[1] 0.2195122

$rankJ
[1] 0

$rankA
[1] 0 0 2

[1] 0.5910282
Algorithm converged after  2  iterations.
$gam
[1] 0.25

$rankJ
[1] 0

$rankA
[1] 0 0 2

[1] 0.5949646
Algorithm converged after  2  iterations.
$gam
[1] 0.2820513

$rankJ
[1] 0

$rankA
[1] 0 0 2

[1] 0.6027156
Algorithm converged after  2  iterations.
$gam
[1] 0.3157895

$rankJ
[1] 0

$rankA
[1] 0 0 2

[1] 0.607573
Algorithm converged after  2  iterations.
$gam
[1] 0.3513514

$rankJ
[1] 0

$rankA
[1] 0 0 2

[1] 0.6100845
Algorithm converged after  2  iterations.
$gam
[1] 0.3888889

$rankJ
[1] 0

$rankA
[1] 0 0 2

[1] 0.6119035
Algorithm converged after  2  iterations.
$gam
[1] 0.4285714

$rankJ
[1] 0

$rankA
[1] 0 0 2

[1] 0.6134966
Algorithm converged after  2  iterations.
$gam
[1] 0.4705882

$rankJ
[1] 0

$rankA
[1] 0 0 2

[1] 0.6150296
Algorithm converged after  2  iterations.
$gam
[1] 0.5151515

$rankJ
[1] 0

$rankA
[1] 0 0 2

[1] 0.6165555
Algorithm converged after  2  iterations.
$gam
[1] 0.5625

$rankJ
[1] 0

$rankA
[1] 0 0 2

[1] 0.6180872
Algorithm converged after  2  iterations.
$gam
[1] 0.6129032

$rankJ
[1] 0

$rankA
[1] 0 0 2

[1] 0.6196766
Algorithm converged after  2  iterations.
$gam
[1] 0.6666667

$rankJ
[1] 0

$rankA
[1] 0 0 2

[1] 0.621553
Algorithm converged after  2  iterations.
$gam
[1] 0.7241379

$rankJ
[1] 0

$rankA
[1] 0 0 2

[1] 0.6247055
Algorithm converged after  2  iterations.
$gam
[1] 0.7857143

$rankJ
[1] 0

$rankA
[1] 0 0 2

[1] 0.6319772
Algorithm converged after  2  iterations.
$gam
[1] 0.8518519

$rankJ
[1] 0

$rankA
[1] 0 0 2

[1] 0.6335133
Algorithm converged after  2  iterations.
$gam
[1] 0.9230769

$rankJ
[1] 0

$rankA
[1] 0 0 2

[1] 0.6342385
Algorithm converged after  2  iterations.
$gam
[1] 1

$rankJ
[1] 0

$rankA
[1] 0 0 2

[1] 0.6347698
Algorithm converged after  2  iterations.
$gam
[1] 1.083333

$rankJ
[1] 0

$rankA
[1] 0 0 2

[1] 0.6352103
Algorithm converged after  2  iterations.
$gam
[1] 1.173913

$rankJ
[1] 0

$rankA
[1] 0 0 2

[1] 0.6355981
Algorithm converged after  2  iterations.
$gam
[1] 1.272727

$rankJ
[1] 0

$rankA
[1] 0 0 2

[1] 0.6359526
Algorithm converged after  2  iterations.
$gam
[1] 1.380952

$rankJ
[1] 0

$rankA
[1] 0 0 2

[1] 0.6362834
Algorithm converged after  2  iterations.
$gam
[1] 1.5

$rankJ
[1] 0

$rankA
[1] 0 0 2

[1] 0.6365955
Algorithm converged after  2  iterations.
$gam
[1] 1.631579

$rankJ
[1] 0

$rankA
[1] 0 0 2

[1] 0.6368918
Algorithm converged after  2  iterations.
$gam
[1] 1.777778

$rankJ
[1] 0

$rankA
[1] 0 0 2

[1] 0.6371629
Algorithm converged after  2  iterations.
$gam
[1] 1.941176

$rankJ
[1] 0

$rankA
[1] 0 0 2

[1] 0.6374282
Algorithm converged after  2  iterations.
$gam
[1] 2.125

$rankJ
[1] 0

$rankA
[1] 0 0 2

[1] 0.6376844
Algorithm converged after  2  iterations.
$gam
[1] 2.333333

$rankJ
[1] 0

$rankA
[1] 0 0 2

[1] 0.6379315
Algorithm converged after  2  iterations.
$gam
[1] 2.571429

$rankJ
[1] 0

$rankA
[1] 0 0 2

[1] 0.63817
Algorithm converged after  2  iterations.
$gam
[1] 2.846154

$rankJ
[1] 0

$rankA
[1] 0 0 2

[1] 0.6384005
Algorithm converged after  2  iterations.
$gam
[1] 3.166667

$rankJ
[1] 0

$rankA
[1] 0 0 2

[1] 0.6386236
Algorithm converged after  2  iterations.
$gam
[1] 3.545455

$rankJ
[1] 0

$rankA
[1] 0 0 2

[1] 0.6394457
Algorithm converged after  2  iterations.
$gam
[1] 4

$rankJ
[1] 0

$rankA
[1] 0 0 2

[1] 0.6390701
Algorithm converged after  2  iterations.
$gam
[1] 4.555556

$rankJ
[1] 0

$rankA
[1] 0 0 2

[1] 0.6392732
Algorithm converged after  2  iterations.
$gam
[1] 5.25

$rankJ
[1] 0

$rankA
[1] 0 0 2

[1] 0.6394705
Algorithm converged after  2  iterations.
$gam
[1] 6.142857

$rankJ
[1] 0

$rankA
[1] 0 0 2

[1] 0.6396624
Algorithm converged after  2  iterations.
$gam
[1] 7.333333

$rankJ
[1] 0

$rankA
[1] 0 0 2

[1] 0.6398494
Algorithm converged after  2  iterations.
$gam
[1] 9

$rankJ
[1] 0

$rankA
[1] 0 0 2

[1] 0.6400316
Algorithm converged after  2  iterations.
$gam
[1] 11.5

$rankJ
[1] 0

$rankA
[1] 0 0 2

[1] 0.1979392
Algorithm converged after  2  iterations.
$gam
[1] 15.66667

$rankJ
[1] 0

$rankA
[1] 0 0 2

[1] 0.1978695
Algorithm converged after  2  iterations.
$gam
[1] 24

$rankJ
[1] 0

$rankA
[1] 0 0 2

[1] 0.1978036
Algorithm converged after  2  iterations.
$gam
[1] 49

$rankJ
[1] 0

$rankA
[1] 0 0 2

[1] 0.1977469
Algorithm converged after  2  iterations.
$gam
[1] 1e+10

$rankJ
[1] 0

$rankA
[1] 0 0 2

[1] 0.1977158
Algorithm converged after  2  iterations.
$gam
[1] 0

$rankJ
[1] 0

$rankA
[1] 1 1 0

[1] 0.441877
Algorithm converged after  2  iterations.
$gam
[1] 0.02040816

$rankJ
[1] 0

$rankA
[1] 1 1 0

[1] 0.4471721
Algorithm converged after  2  iterations.
$gam
[1] 0.04166667

$rankJ
[1] 0

$rankA
[1] 1 1 0

[1] 0.4533209
Algorithm converged after  2  iterations.
$gam
[1] 0.06382979

$rankJ
[1] 0

$rankA
[1] 1 1 0

[1] 0.4646842
Algorithm converged after  2  iterations.
$gam
[1] 0.08695652

$rankJ
[1] 0

$rankA
[1] 1 1 0

[1] 0.4761418
Algorithm converged after  2  iterations.
$gam
[1] 0.1111111

$rankJ
[1] 0

$rankA
[1] 1 1 0

[1] 0.4864194
Algorithm converged after  2  iterations.
$gam
[1] 0.1363636

$rankJ
[1] 0

$rankA
[1] 1 1 0

[1] 0.4954411
Algorithm converged after  2  iterations.
$gam
[1] 0.1627907

$rankJ
[1] 0

$rankA
[1] 1 1 0

[1] 0.5039752
Algorithm converged after  2  iterations.
$gam
[1] 0.1904762

$rankJ
[1] 0

$rankA
[1] 1 1 0

[1] 0.5126946
Algorithm converged after  2  iterations.
$gam
[1] 0.2195122

$rankJ
[1] 0

$rankA
[1] 1 1 0

[1] 0.5220937
Algorithm converged after  2  iterations.
$gam
[1] 0.25

$rankJ
[1] 0

$rankA
[1] 1 1 0

[1] 0.5326859
Algorithm converged after  2  iterations.
$gam
[1] 0.2820513

$rankJ
[1] 0

$rankA
[1] 1 1 0

[1] 0.5451738
Algorithm converged after  2  iterations.
$gam
[1] 0.3157895

$rankJ
[1] 0

$rankA
[1] 1 1 0

[1] 0.5609204
Algorithm converged after  2  iterations.
$gam
[1] 0.3513514

$rankJ
[1] 0

$rankA
[1] 1 1 0

[1] 0.5898243
Algorithm converged after  2  iterations.
$gam
[1] 0.3888889

$rankJ
[1] 0

$rankA
[1] 1 1 0

[1] 0.6033151
Algorithm converged after  2  iterations.
$gam
[1] 0.4285714

$rankJ
[1] 0

$rankA
[1] 1 1 0

[1] 0.6098687
Algorithm converged after  2  iterations.
$gam
[1] 0.4705882

$rankJ
[1] 0

$rankA
[1] 1 1 0

[1] 0.614031
Algorithm converged after  2  iterations.
$gam
[1] 0.5151515

$rankJ
[1] 0

$rankA
[1] 1 1 0

[1] 0.6169981
Algorithm converged after  2  iterations.
$gam
[1] 0.5625

$rankJ
[1] 0

$rankA
[1] 1 1 0

[1] 0.6192953
Algorithm converged after  2  iterations.
$gam
[1] 0.6129032

$rankJ
[1] 0

$rankA
[1] 1 1 0

[1] 0.6211869
Algorithm converged after  2  iterations.
$gam
[1] 0.6666667

$rankJ
[1] 0

$rankA
[1] 1 1 0

[1] 0.622823
Algorithm converged after  2  iterations.
$gam
[1] 0.7241379

$rankJ
[1] 0

$rankA
[1] 1 1 0

[1] 0.6242975
Algorithm converged after  2  iterations.
$gam
[1] 0.7857143

$rankJ
[1] 0

$rankA
[1] 1 1 0

[1] 0.625673
Algorithm converged after  2  iterations.
$gam
[1] 0.8518519

$rankJ
[1] 0

$rankA
[1] 1 1 0

[1] 0.6269918
Algorithm converged after  2  iterations.
$gam
[1] 0.9230769

$rankJ
[1] 0

$rankA
[1] 1 1 0

[1] 0.6282806
Algorithm converged after  2  iterations.
$gam
[1] 1

$rankJ
[1] 0

$rankA
[1] 1 1 0

[1] 0.6295535
Algorithm converged after  2  iterations.
$gam
[1] 1.083333

$rankJ
[1] 0

$rankA
[1] 1 1 0

[1] 0.6308173
Algorithm converged after  2  iterations.
$gam
[1] 1.173913

$rankJ
[1] 0

$rankA
[1] 1 1 0

[1] 0.6320794
Algorithm converged after  2  iterations.
$gam
[1] 1.272727

$rankJ
[1] 0

$rankA
[1] 1 1 0

[1] 0.6333619
Algorithm converged after  2  iterations.
$gam
[1] 1.380952

$rankJ
[1] 0

$rankA
[1] 1 1 0

[1] 0.6347179
Algorithm converged after  2  iterations.
$gam
[1] 1.5

$rankJ
[1] 0

$rankA
[1] 1 1 0

[1] 0.6362294
Algorithm converged after  2  iterations.
$gam
[1] 1.631579

$rankJ
[1] 0

$rankA
[1] 1 1 0

[1] 0.6379332
Algorithm converged after  2  iterations.
$gam
[1] 1.777778

$rankJ
[1] 0

$rankA
[1] 1 1 0

[1] 0.6397349
Algorithm converged after  2  iterations.
$gam
[1] 1.941176

$rankJ
[1] 0

$rankA
[1] 1 1 0

[1] 0.641492
Algorithm converged after  2  iterations.
$gam
[1] 2.125

$rankJ
[1] 0

$rankA
[1] 1 1 0

[1] 0.6431221
Algorithm converged after  2  iterations.
$gam
[1] 2.333333

$rankJ
[1] 0

$rankA
[1] 1 1 0

[1] 0.6410818
Algorithm converged after  2  iterations.
$gam
[1] 2.571429

$rankJ
[1] 0

$rankA
[1] 1 1 0

[1] 0.640372
Algorithm converged after  2  iterations.
$gam
[1] 2.846154

$rankJ
[1] 0

$rankA
[1] 1 1 0

[1] 0.6406665
Algorithm converged after  2  iterations.
$gam
[1] 3.166667

$rankJ
[1] 0

$rankA
[1] 1 1 0

[1] 0.641079
Algorithm converged after  2  iterations.
$gam
[1] 3.545455

$rankJ
[1] 0

$rankA
[1] 1 1 0

[1] 0.6415221
Algorithm converged after  2  iterations.
$gam
[1] 4

$rankJ
[1] 0

$rankA
[1] 1 1 0

[1] 0.6419691
Algorithm converged after  2  iterations.
$gam
[1] 4.555556

$rankJ
[1] 0

$rankA
[1] 1 1 0

[1] 0.64241
Algorithm converged after  2  iterations.
$gam
[1] 5.25

$rankJ
[1] 0

$rankA
[1] 1 1 0

[1] 0.6428411
Algorithm converged after  2  iterations.
$gam
[1] 6.142857

$rankJ
[1] 0

$rankA
[1] 1 1 0

[1] 0.6529382
Algorithm converged after  2  iterations.
$gam
[1] 7.333333

$rankJ
[1] 0

$rankA
[1] 1 1 0

[1] 0.6536533
Algorithm converged after  2  iterations.
$gam
[1] 9

$rankJ
[1] 0

$rankA
[1] 1 1 0

[1] 0.6543134
Algorithm converged after  2  iterations.
$gam
[1] 11.5

$rankJ
[1] 0

$rankA
[1] 1 1 0

[1] 0.2354048
Algorithm converged after  2  iterations.
$gam
[1] 15.66667

$rankJ
[1] 0

$rankA
[1] 1 1 0

[1] 0.2288359
Algorithm converged after  2  iterations.
$gam
[1] 24

$rankJ
[1] 0

$rankA
[1] 1 1 0

[1] 0.2285213
Algorithm converged after  2  iterations.
$gam
[1] 49

$rankJ
[1] 0

$rankA
[1] 1 1 0

[1] 0.228259
Algorithm converged after  2  iterations.
$gam
[1] 1e+10

$rankJ
[1] 0

$rankA
[1] 1 1 0

[1] 0.2280954
Algorithm converged after  2  iterations.
$gam
[1] 0

$rankJ
[1] 0

$rankA
[1] 1 0 1

[1] 0.4514339
Algorithm converged after  2  iterations.
$gam
[1] 0.02040816

$rankJ
[1] 0

$rankA
[1] 1 0 1

[1] 0.4557814
Algorithm converged after  2  iterations.
$gam
[1] 0.04166667

$rankJ
[1] 0

$rankA
[1] 1 0 1

[1] 0.4622325
Algorithm converged after  2  iterations.
$gam
[1] 0.06382979

$rankJ
[1] 0

$rankA
[1] 1 0 1

[1] 0.4720282
Algorithm converged after  2  iterations.
$gam
[1] 0.08695652

$rankJ
[1] 0

$rankA
[1] 1 0 1

[1] 0.483571
Algorithm converged after  2  iterations.
$gam
[1] 0.1111111

$rankJ
[1] 0

$rankA
[1] 1 0 1

[1] 0.5064533
Algorithm converged after  2  iterations.
$gam
[1] 0.1363636

$rankJ
[1] 0

$rankA
[1] 1 0 1

[1] 0.5164997
Algorithm converged after  2  iterations.
$gam
[1] 0.1627907

$rankJ
[1] 0

$rankA
[1] 1 0 1

[1] 0.5250025
Algorithm converged after  2  iterations.
$gam
[1] 0.1904762

$rankJ
[1] 0

$rankA
[1] 1 0 1

[1] 0.5334252
Algorithm converged after  2  iterations.
$gam
[1] 0.2195122

$rankJ
[1] 0

$rankA
[1] 1 0 1

[1] 0.5420624
Algorithm converged after  2  iterations.
$gam
[1] 0.25

$rankJ
[1] 0

$rankA
[1] 1 0 1

[1] 0.5510215
Algorithm converged after  2  iterations.
$gam
[1] 0.2820513

$rankJ
[1] 0

$rankA
[1] 1 0 1

[1] 0.560545
Algorithm converged after  2  iterations.
$gam
[1] 0.3157895

$rankJ
[1] 0

$rankA
[1] 1 0 1

[1] 0.5710128
Algorithm converged after  2  iterations.
$gam
[1] 0.3513514

$rankJ
[1] 0

$rankA
[1] 1 0 1

[1] 0.5820981
Algorithm converged after  2  iterations.
$gam
[1] 0.3888889

$rankJ
[1] 0

$rankA
[1] 1 0 1

[1] 0.5912203
Algorithm converged after  2  iterations.
$gam
[1] 0.4285714

$rankJ
[1] 0

$rankA
[1] 1 0 1

[1] 0.5973034
Algorithm converged after  2  iterations.
$gam
[1] 0.4705882

$rankJ
[1] 0

$rankA
[1] 1 0 1

[1] 0.6015051
Algorithm converged after  2  iterations.
$gam
[1] 0.5151515

$rankJ
[1] 0

$rankA
[1] 1 0 1

[1] 0.6046767
Algorithm converged after  2  iterations.
$gam
[1] 0.5625

$rankJ
[1] 0

$rankA
[1] 1 0 1

[1] 0.6072476
Algorithm converged after  2  iterations.
$gam
[1] 0.6129032

$rankJ
[1] 0

$rankA
[1] 1 0 1

[1] 0.6094504
Algorithm converged after  2  iterations.
$gam
[1] 0.6666667

$rankJ
[1] 0

$rankA
[1] 1 0 1

[1] 0.6114301
Algorithm converged after  2  iterations.
$gam
[1] 0.7241379

$rankJ
[1] 0

$rankA
[1] 1 0 1

[1] 0.6132937
Algorithm converged after  2  iterations.
$gam
[1] 0.7857143

$rankJ
[1] 0

$rankA
[1] 1 0 1

[1] 0.615139
Algorithm converged after  2  iterations.
$gam
[1] 0.8518519

$rankJ
[1] 0

$rankA
[1] 1 0 1

[1] 0.6170843
Algorithm converged after  2  iterations.
$gam
[1] 0.9230769

$rankJ
[1] 0

$rankA
[1] 1 0 1

[1] 0.6193159
Algorithm converged after  2  iterations.
$gam
[1] 1

$rankJ
[1] 0

$rankA
[1] 1 0 1

[1] 0.6221401
Algorithm converged after  2  iterations.
$gam
[1] 1.083333

$rankJ
[1] 0

$rankA
[1] 1 0 1

[1] 0.6257999
Algorithm converged after  2  iterations.
$gam
[1] 1.173913

$rankJ
[1] 0

$rankA
[1] 1 0 1

[1] 0.6298514
Algorithm converged after  2  iterations.
$gam
[1] 1.272727

$rankJ
[1] 0

$rankA
[1] 1 0 1

[1] 0.6335148
Algorithm converged after  2  iterations.
$gam
[1] 1.380952

$rankJ
[1] 0

$rankA
[1] 1 0 1

[1] 0.6365418
Algorithm converged after  2  iterations.
$gam
[1] 1.5

$rankJ
[1] 0

$rankA
[1] 1 0 1

[1] 0.6390184
Algorithm converged after  2  iterations.
$gam
[1] 1.631579

$rankJ
[1] 0

$rankA
[1] 1 0 1

[1] 0.6410756
Algorithm converged after  2  iterations.
$gam
[1] 1.777778

$rankJ
[1] 0

$rankA
[1] 1 0 1

[1] 0.6393705
Algorithm converged after  2  iterations.
$gam
[1] 1.941176

$rankJ
[1] 0

$rankA
[1] 1 0 1

[1] 0.6425272
Algorithm converged after  2  iterations.
$gam
[1] 2.125

$rankJ
[1] 0

$rankA
[1] 1 0 1

[1] 0.6447584
Algorithm converged after  2  iterations.
$gam
[1] 2.333333

$rankJ
[1] 0

$rankA
[1] 1 0 1

[1] 0.6464919
Algorithm converged after  2  iterations.
$gam
[1] 2.571429

$rankJ
[1] 0

$rankA
[1] 1 0 1

[1] 0.6479055
Algorithm converged after  2  iterations.
$gam
[1] 2.846154

$rankJ
[1] 0

$rankA
[1] 1 0 1

[1] 0.6490949
Algorithm converged after  2  iterations.
$gam
[1] 3.166667

$rankJ
[1] 0

$rankA
[1] 1 0 1

[1] 0.6501188
Algorithm converged after  2  iterations.
$gam
[1] 3.545455

$rankJ
[1] 0

$rankA
[1] 1 0 1

[1] 0.6332902
Algorithm converged after  2  iterations.
$gam
[1] 4

$rankJ
[1] 0

$rankA
[1] 1 0 1

[1] 0.6511411
Algorithm converged after  2  iterations.
$gam
[1] 4.555556

$rankJ
[1] 0

$rankA
[1] 1 0 1

[1] 0.6518204
Algorithm converged after  2  iterations.
$gam
[1] 5.25

$rankJ
[1] 0

$rankA
[1] 1 0 1

[1] 0.652458
Algorithm converged after  2  iterations.
$gam
[1] 6.142857

$rankJ
[1] 0

$rankA
[1] 1 0 1

[1] 0.6530606
Algorithm converged after  2  iterations.
$gam
[1] 7.333333

$rankJ
[1] 0

$rankA
[1] 1 0 1

[1] 0.6536342
Algorithm converged after  2  iterations.
$gam
[1] 9

$rankJ
[1] 0

$rankA
[1] 1 0 1

[1] 0.6541843
Algorithm converged after  2  iterations.
$gam
[1] 11.5

$rankJ
[1] 0

$rankA
[1] 1 0 1

[1] 0.1947605
Algorithm converged after  2  iterations.
$gam
[1] 15.66667

$rankJ
[1] 0

$rankA
[1] 1 0 1

[1] 0.193804
Algorithm converged after  2  iterations.
$gam
[1] 24

$rankJ
[1] 0

$rankA
[1] 1 0 1

[1] 0.1929787
Algorithm converged after  2  iterations.
$gam
[1] 49

$rankJ
[1] 0

$rankA
[1] 1 0 1

[1] 0.1923284
Algorithm converged after  2  iterations.
$gam
[1] 1e+10

$rankJ
[1] 0

$rankA
[1] 1 0 1

[1] 0.1920009
Algorithm converged after  2  iterations.
$gam
[1] 0

$rankJ
[1] 0

$rankA
[1] 0 1 1

[1] 0.4872619
Algorithm converged after  2  iterations.
$gam
[1] 0.02040816

$rankJ
[1] 0

$rankA
[1] 0 1 1

[1] 0.4922624
Algorithm converged after  2  iterations.
$gam
[1] 0.04166667

$rankJ
[1] 0

$rankA
[1] 0 1 1

[1] 0.4965464
Algorithm converged after  2  iterations.
$gam
[1] 0.06382979

$rankJ
[1] 0

$rankA
[1] 0 1 1

[1] 0.502733
Algorithm converged after  2  iterations.
$gam
[1] 0.08695652

$rankJ
[1] 0

$rankA
[1] 0 1 1

[1] 0.512314
Algorithm converged after  2  iterations.
$gam
[1] 0.1111111

$rankJ
[1] 0

$rankA
[1] 0 1 1

[1] 0.5331191
Algorithm converged after  2  iterations.
$gam
[1] 0.1363636

$rankJ
[1] 0

$rankA
[1] 0 1 1

[1] 0.5413774
Algorithm converged after  2  iterations.
$gam
[1] 0.1627907

$rankJ
[1] 0

$rankA
[1] 0 1 1

[1] 0.5477554
Algorithm converged after  2  iterations.
$gam
[1] 0.1904762

$rankJ
[1] 0

$rankA
[1] 0 1 1

[1] 0.5538086
Algorithm converged after  2  iterations.
$gam
[1] 0.2195122

$rankJ
[1] 0

$rankA
[1] 0 1 1

[1] 0.5599262
Algorithm converged after  2  iterations.
$gam
[1] 0.25

$rankJ
[1] 0

$rankA
[1] 0 1 1

[1] 0.5662807
Algorithm converged after  2  iterations.
$gam
[1] 0.2820513

$rankJ
[1] 0

$rankA
[1] 0 1 1

[1] 0.5732119
Algorithm converged after  2  iterations.
$gam
[1] 0.3157895

$rankJ
[1] 0

$rankA
[1] 0 1 1

[1] 0.5817505
Algorithm converged after  2  iterations.
$gam
[1] 0.3513514

$rankJ
[1] 0

$rankA
[1] 0 1 1

[1] 0.6021318
Algorithm converged after  2  iterations.
$gam
[1] 0.3888889

$rankJ
[1] 0

$rankA
[1] 0 1 1

[1] 0.6091623
Algorithm converged after  2  iterations.
$gam
[1] 0.4285714

$rankJ
[1] 0

$rankA
[1] 0 1 1

[1] 0.6119622
Algorithm converged after  2  iterations.
$gam
[1] 0.4705882

$rankJ
[1] 0

$rankA
[1] 0 1 1

[1] 0.6139357
Algorithm converged after  2  iterations.
$gam
[1] 0.5151515

$rankJ
[1] 0

$rankA
[1] 0 1 1

[1] 0.6155027
Algorithm converged after  2  iterations.
$gam
[1] 0.5625

$rankJ
[1] 0

$rankA
[1] 0 1 1

[1] 0.6168215
Algorithm converged after  2  iterations.
$gam
[1] 0.6129032

$rankJ
[1] 0

$rankA
[1] 0 1 1

[1] 0.617977
Algorithm converged after  2  iterations.
$gam
[1] 0.6666667

$rankJ
[1] 0

$rankA
[1] 0 1 1

[1] 0.6190276
Algorithm converged after  2  iterations.
$gam
[1] 0.7241379

$rankJ
[1] 0

$rankA
[1] 0 1 1

[1] 0.6200254
Algorithm converged after  2  iterations.
$gam
[1] 0.7857143

$rankJ
[1] 0

$rankA
[1] 0 1 1

[1] 0.6210319
Algorithm converged after  2  iterations.
$gam
[1] 0.8518519

$rankJ
[1] 0

$rankA
[1] 0 1 1

[1] 0.6221433
Algorithm converged after  2  iterations.
$gam
[1] 0.9230769

$rankJ
[1] 0

$rankA
[1] 0 1 1

[1] 0.6235364
Algorithm converged after  2  iterations.
$gam
[1] 1

$rankJ
[1] 0

$rankA
[1] 0 1 1

[1] 0.6255223
Algorithm converged after  2  iterations.
$gam
[1] 1.083333

$rankJ
[1] 0

$rankA
[1] 0 1 1

[1] 0.6283638
Algorithm converged after  2  iterations.
$gam
[1] 1.173913

$rankJ
[1] 0

$rankA
[1] 0 1 1

[1] 0.6316534
Algorithm converged after  2  iterations.
$gam
[1] 1.272727

$rankJ
[1] 0

$rankA
[1] 0 1 1

[1] 0.6346621
Algorithm converged after  2  iterations.
$gam
[1] 1.380952

$rankJ
[1] 0

$rankA
[1] 0 1 1

[1] 0.6372135
Algorithm converged after  2  iterations.
$gam
[1] 1.5

$rankJ
[1] 0

$rankA
[1] 0 1 1

[1] 0.6394852
Algorithm converged after  2  iterations.
$gam
[1] 1.631579

$rankJ
[1] 0

$rankA
[1] 0 1 1

[1] 0.6416466
Algorithm converged after  2  iterations.
$gam
[1] 1.777778

$rankJ
[1] 0

$rankA
[1] 0 1 1

[1] 0.6402623
Algorithm converged after  2  iterations.
$gam
[1] 1.941176

$rankJ
[1] 0

$rankA
[1] 0 1 1

[1] 0.643797
Algorithm converged after  2  iterations.
$gam
[1] 2.125

$rankJ
[1] 0

$rankA
[1] 0 1 1

[1] 0.6463789
Algorithm converged after  2  iterations.
$gam
[1] 2.333333

$rankJ
[1] 0

$rankA
[1] 0 1 1

[1] 0.6449042
Algorithm converged after  2  iterations.
$gam
[1] 2.571429

$rankJ
[1] 0

$rankA
[1] 0 1 1

[1] 0.6445151
Algorithm converged after  2  iterations.
$gam
[1] 2.846154

$rankJ
[1] 0

$rankA
[1] 0 1 1

[1] 0.644971
Algorithm converged after  2  iterations.
$gam
[1] 3.166667

$rankJ
[1] 0

$rankA
[1] 0 1 1

[1] 0.6454408
Algorithm converged after  2  iterations.
$gam
[1] 3.545455

$rankJ
[1] 0

$rankA
[1] 0 1 1

[1] 0.627998
Algorithm converged after  2  iterations.
$gam
[1] 4

$rankJ
[1] 0

$rankA
[1] 0 1 1

[1] 0.6455709
Algorithm converged after  2  iterations.
$gam
[1] 4.555556

$rankJ
[1] 0

$rankA
[1] 0 1 1

[1] 0.6458672
Algorithm converged after  2  iterations.
$gam
[1] 5.25

$rankJ
[1] 0

$rankA
[1] 0 1 1

[1] 0.646148
Algorithm converged after  2  iterations.
$gam
[1] 6.142857

$rankJ
[1] 0

$rankA
[1] 0 1 1

[1] 0.6560435
Algorithm converged after  2  iterations.
$gam
[1] 7.333333

$rankJ
[1] 0

$rankA
[1] 0 1 1

[1] 0.6566005
Algorithm converged after  2  iterations.
$gam
[1] 9

$rankJ
[1] 0

$rankA
[1] 0 1 1

[1] 0.6570989
Algorithm converged after  2  iterations.
$gam
[1] 11.5

$rankJ
[1] 0

$rankA
[1] 0 1 1

[1] 0.2045313
Algorithm converged after  2  iterations.
$gam
[1] 15.66667

$rankJ
[1] 0

$rankA
[1] 0 1 1

[1] 0.1962446
Algorithm converged after  2  iterations.
$gam
[1] 24

$rankJ
[1] 0

$rankA
[1] 0 1 1

[1] 0.1952625
Algorithm converged after  2  iterations.
$gam
[1] 49

$rankJ
[1] 0

$rankA
[1] 0 1 1

[1] 0.1944486
Algorithm converged after  2  iterations.
$gam
[1] 1e+10

$rankJ
[1] 0

$rankA
[1] 0 1 1

[1] 0.1939852
Algorithm converged after  2  iterations.
$gam
[1] 0

$rankJ
[1] 1

$rankA
[1] 1 0 0

[1] 0.4567501
[1] 0.4346173
[1] 0.4345946
[1] 0.4345943
[1] 0.4345943
Algorithm converged after  46  iterations.
$gam
[1] 0.02040816

$rankJ
[1] 1

$rankA
[1] 1 0 0

[1] 0.4643692
[1] 0.4440012
[1] 0.4439791
[1] 0.4439692
[1] 0.4439685
Algorithm converged after  44  iterations.
$gam
[1] 0.04166667

$rankJ
[1] 1

$rankA
[1] 1 0 0

[1] 0.4709774
[1] 0.4517286
[1] 0.4517447
[1] 0.4517457
[1] 0.4517457
Algorithm converged after  44  iterations.
$gam
[1] 0.06382979

$rankJ
[1] 1

$rankA
[1] 1 0 0

[1] 0.4810457
[1] 0.4620849
[1] 0.4622286
[1] 0.462246
[1] 0.462248
Algorithm converged after  45  iterations.
$gam
[1] 0.08695652

$rankJ
[1] 1

$rankA
[1] 1 0 0

[1] 0.4927168
[1] 0.4762067
[1] 0.4764402
[1] 0.4764608
[1] 0.4764627
Algorithm converged after  42  iterations.
$gam
[1] 0.1111111

$rankJ
[1] 1

$rankA
[1] 1 0 0

[1] 0.506635
[1] 0.4939813
[1] 0.4941288
[1] 0.4941326
Algorithm converged after  33  iterations.
$gam
[1] 0.1363636

$rankJ
[1] 1

$rankA
[1] 1 0 0

[1] 0.5187332
[1] 0.5117111
[1] 0.5116931
Algorithm converged after  26  iterations.
$gam
[1] 0.1627907

$rankJ
[1] 1

$rankA
[1] 1 0 0

[1] 0.5276102
[1] 0.5266442
[1] 0.5266236
Algorithm converged after  22  iterations.
$gam
[1] 0.1904762

$rankJ
[1] 1

$rankA
[1] 1 0 0

[1] 0.5349939
[1] 0.5384773
Algorithm converged after  20  iterations.
$gam
[1] 0.2195122

$rankJ
[1] 1

$rankA
[1] 1 0 0

[1] 0.541715
[1] 0.5484798
Algorithm converged after  18  iterations.
$gam
[1] 0.25

$rankJ
[1] 1

$rankA
[1] 1 0 0

[1] 0.5479274
[1] 0.5571736
Algorithm converged after  17  iterations.
$gam
[1] 0.2820513

$rankJ
[1] 1

$rankA
[1] 1 0 0

[1] 0.553543
[1] 0.5646951
Algorithm converged after  16  iterations.
$gam
[1] 0.3157895

$rankJ
[1] 1

$rankA
[1] 1 0 0

[1] 0.5586382
[1] 0.5711737
Algorithm converged after  15  iterations.
$gam
[1] 0.3513514

$rankJ
[1] 1

$rankA
[1] 1 0 0

[1] 0.5635167
[1] 0.5766567
Algorithm converged after  14  iterations.
$gam
[1] 0.3888889

$rankJ
[1] 1

$rankA
[1] 1 0 0

[1] 0.568564
[1] 0.5812205
Algorithm converged after  17  iterations.
$gam
[1] 0.4285714

$rankJ
[1] 1

$rankA
[1] 1 0 0

[1] 0.5740881
[1] 0.5850671
Algorithm converged after  19  iterations.
$gam
[1] 0.4705882

$rankJ
[1] 1

$rankA
[1] 1 0 0

[1] 0.5799764
[1] 0.5883712
[1] 0.5883755
Algorithm converged after  23  iterations.
$gam
[1] 0.5151515

$rankJ
[1] 1

$rankA
[1] 1 0 0

[1] 0.5853587
[1] 0.5910621
[1] 0.5910721
Algorithm converged after  29  iterations.
$gam
[1] 0.5625

$rankJ
[1] 1

$rankA
[1] 1 0 0

[1] 0.5893582
[1] 0.5929825
[1] 0.5930106
[1] 0.5930145
[1] 0.593015
Algorithm converged after  41  iterations.
$gam
[1] 0.6129032

$rankJ
[1] 1

$rankA
[1] 1 0 0

[1] 0.5920505
[1] 0.5942313
[1] 0.5942785
[1] 0.5943201
[1] 0.5943421
[1] 0.5943521
[1] 0.5943565
[1] 0.5943583
[1] 0.594359
[1] 0.5943593
Algorithm converged after  91  iterations.
$gam
[1] 0.6666667

$rankJ
[1] 1

$rankA
[1] 1 0 0

[1] 0.5939195
[1] 0.5969887
[1] 0.6072871
Algorithm converged after  25  iterations.
$gam
[1] 0.7241379

$rankJ
[1] 1

$rankA
[1] 1 0 0

[1] 0.5953464
[1] 0.6109869
Algorithm converged after  12  iterations.
$gam
[1] 0.7857143

$rankJ
[1] 1

$rankA
[1] 1 0 0

[1] 0.5966179
Algorithm converged after  9  iterations.
$gam
[1] 0.8518519

$rankJ
[1] 1

$rankA
[1] 1 0 0

[1] 0.5981232
Algorithm converged after  8  iterations.
$gam
[1] 0.9230769

$rankJ
[1] 1

$rankA
[1] 1 0 0

[1] 0.6011321
Algorithm converged after  7  iterations.
$gam
[1] 1

$rankJ
[1] 1

$rankA
[1] 1 0 0

[1] 0.6077107
Algorithm converged after  6  iterations.
$gam
[1] 1.083333

$rankJ
[1] 1

$rankA
[1] 1 0 0

[1] 0.6120367
Algorithm converged after  7  iterations.
$gam
[1] 1.173913

$rankJ
[1] 1

$rankA
[1] 1 0 0

[1] 0.6144522
Algorithm converged after  8  iterations.
$gam
[1] 1.272727

$rankJ
[1] 1

$rankA
[1] 1 0 0

[1] 0.6166705
Algorithm converged after  8  iterations.
$gam
[1] 1.380952

$rankJ
[1] 1

$rankA
[1] 1 0 0

[1] 0.6195966
Algorithm converged after  7  iterations.
$gam
[1] 1.5

$rankJ
[1] 1

$rankA
[1] 1 0 0

[1] 0.6231794
Algorithm converged after  6  iterations.
$gam
[1] 1.631579

$rankJ
[1] 1

$rankA
[1] 1 0 0

[1] 0.6266062
Algorithm converged after  5  iterations.
$gam
[1] 1.777778

$rankJ
[1] 1

$rankA
[1] 1 0 0

[1] 0.6295007
Algorithm converged after  5  iterations.
$gam
[1] 1.941176

$rankJ
[1] 1

$rankA
[1] 1 0 0

[1] 0.6187072
Algorithm converged after  6  iterations.
$gam
[1] 2.125

$rankJ
[1] 1

$rankA
[1] 1 0 0

[1] 0.618364
Algorithm converged after  6  iterations.
$gam
[1] 2.333333

$rankJ
[1] 1

$rankA
[1] 1 0 0

[1] 0.6184486
Algorithm converged after  6  iterations.
$gam
[1] 2.571429

$rankJ
[1] 1

$rankA
[1] 1 0 0

[1] 0.6186612
Algorithm converged after  6  iterations.
$gam
[1] 2.846154

$rankJ
[1] 1

$rankA
[1] 1 0 0

[1] 0.608825
Algorithm converged after  7  iterations.
$gam
[1] 3.166667

$rankJ
[1] 1

$rankA
[1] 1 0 0

[1] 0.6193915
Algorithm converged after  7  iterations.
$gam
[1] 3.545455

$rankJ
[1] 1

$rankA
[1] 1 0 0

[1] 0.6196533
Algorithm converged after  8  iterations.
$gam
[1] 4

$rankJ
[1] 1

$rankA
[1] 1 0 0

[1] 0.6199047
Algorithm converged after  10  iterations.
$gam
[1] 4.555556

$rankJ
[1] 1

$rankA
[1] 1 0 0

[1] 0.6201458
[1] 0.6194163
[1] 0.6110126
[1] 0.6109081
[1] 0.6110091
[1] 0.6109072
[1] 0.6126193
[1] 0.6109118
[1] 0.612755
[1] 0.6200792
[1] 0.6108912
[1] 0.6110236
[1] 0.6108968
[1] 0.6110186
[1] 0.6193451
[1] 0.6200942
[1] 0.6192502
[1] 0.6200994
[1] 0.6192021
[1] 0.6202807
Algorithm converged after  200  iterations.
$gam
[1] 5.25

$rankJ
[1] 1

$rankA
[1] 1 0 0

[1] 0.620377
[1] 0.6155369
[1] 0.6203296
Algorithm converged after  29  iterations.
$gam
[1] 6.142857

$rankJ
[1] 1

$rankA
[1] 1 0 0

[1] 0.6205989
Algorithm converged after  6  iterations.
$gam
[1] 7.333333

$rankJ
[1] 1

$rankA
[1] 1 0 0

[1] 0.620812
Algorithm converged after  5  iterations.
$gam
[1] 9

$rankJ
[1] 1

$rankA
[1] 1 0 0

[1] 0.6468198
Algorithm converged after  4  iterations.
$gam
[1] 11.5

$rankJ
[1] 1

$rankA
[1] 1 0 0

[1] 0.1826729
Algorithm converged after  4  iterations.
$gam
[1] 15.66667

$rankJ
[1] 1

$rankA
[1] 1 0 0

[1] 0.1740318
Algorithm converged after  5  iterations.
$gam
[1] 24

$rankJ
[1] 1

$rankA
[1] 1 0 0

[1] 0.1729018
Algorithm converged after  5  iterations.
$gam
[1] 49

$rankJ
[1] 1

$rankA
[1] 1 0 0

[1] 0.1720133
Algorithm converged after  5  iterations.
$gam
[1] 1e+10

$rankJ
[1] 1

$rankA
[1] 1 0 0

[1] 0.1719003
Algorithm converged after  2  iterations.
$gam
[1] 0

$rankJ
[1] 1

$rankA
[1] 0 1 0

[1] 0.4583039
[1] 0.4337703
[1] 0.4337353
[1] 0.433735
[1] 0.433735
Algorithm converged after  44  iterations.
$gam
[1] 0.02040816

$rankJ
[1] 1

$rankA
[1] 0 1 0

[1] 0.4628387
[1] 0.442408
[1] 0.4426035
[1] 0.4426226
[1] 0.4426244
Algorithm converged after  42  iterations.
$gam
[1] 0.04166667

$rankJ
[1] 1

$rankA
[1] 0 1 0

[1] 0.4650631
[1] 0.4530079
[1] 0.453431
[1] 0.4534634
[1] 0.4534661
Algorithm converged after  41  iterations.
$gam
[1] 0.06382979

$rankJ
[1] 1

$rankA
[1] 0 1 0

[1] 0.4732081
[1] 0.4704353
[1] 0.4707312
[1] 0.4707539
Algorithm converged after  37  iterations.
$gam
[1] 0.08695652

$rankJ
[1] 1

$rankA
[1] 0 1 0

[1] 0.4842764
[1] 0.4882808
[1] 0.4885077
[1] 0.4885186
Algorithm converged after  33  iterations.
$gam
[1] 0.1111111

$rankJ
[1] 1

$rankA
[1] 0 1 0

[1] 0.4964578
[1] 0.5031093
[1] 0.5032535
Algorithm converged after  26  iterations.
$gam
[1] 0.1363636

$rankJ
[1] 1

$rankA
[1] 0 1 0

[1] 0.5074985
[1] 0.5180164
[1] 0.5180824
Algorithm converged after  22  iterations.
$gam
[1] 0.1627907

$rankJ
[1] 1

$rankA
[1] 0 1 0

[1] 0.5166458
[1] 0.5321448
Algorithm converged after  18  iterations.
$gam
[1] 0.1904762

$rankJ
[1] 1

$rankA
[1] 0 1 0

[1] 0.5249624
[1] 0.5434902
Algorithm converged after  16  iterations.
$gam
[1] 0.2195122

$rankJ
[1] 1

$rankA
[1] 0 1 0

[1] 0.5329766
[1] 0.5470622
Algorithm converged after  19  iterations.
$gam
[1] 0.25

$rankJ
[1] 1

$rankA
[1] 0 1 0

[1] 0.5923898
[1] 0.5615107
Algorithm converged after  15  iterations.
$gam
[1] 0.2820513

$rankJ
[1] 1

$rankA
[1] 0 1 0

[1] 0.5477883
[1] 0.5724957
Algorithm converged after  13  iterations.
$gam
[1] 0.3157895

$rankJ
[1] 1

$rankA
[1] 0 1 0

[1] 0.5543247
[1] 0.5926891
Algorithm converged after  14  iterations.
$gam
[1] 0.3513514

$rankJ
[1] 1

$rankA
[1] 0 1 0

[1] 0.560718
Algorithm converged after  9  iterations.
$gam
[1] 0.3888889

$rankJ
[1] 1

$rankA
[1] 0 1 0

[1] 0.5525343
Algorithm converged after  10  iterations.
$gam
[1] 0.4285714

$rankJ
[1] 1

$rankA
[1] 0 1 0

[1] 0.5973989
Algorithm converged after  8  iterations.
$gam
[1] 0.4705882

$rankJ
[1] 1

$rankA
[1] 0 1 0

[1] 0.6004603
Algorithm converged after  9  iterations.
$gam
[1] 0.5151515

$rankJ
[1] 1

$rankA
[1] 0 1 0

[1] 0.6023615
Algorithm converged after  9  iterations.
$gam
[1] 0.5625

$rankJ
[1] 1

$rankA
[1] 0 1 0

[1] 0.6038656
Algorithm converged after  9  iterations.
$gam
[1] 0.6129032

$rankJ
[1] 1

$rankA
[1] 0 1 0

[1] 0.6051389
Algorithm converged after  9  iterations.
$gam
[1] 0.6666667

$rankJ
[1] 1

$rankA
[1] 0 1 0

[1] 0.6062594
Algorithm converged after  8  iterations.
$gam
[1] 0.7241379

$rankJ
[1] 1

$rankA
[1] 0 1 0

[1] 0.6072761
Algorithm converged after  8  iterations.
$gam
[1] 0.7857143

$rankJ
[1] 1

$rankA
[1] 0 1 0

[1] 0.6082269
Algorithm converged after  8  iterations.
$gam
[1] 0.8518519

$rankJ
[1] 1

$rankA
[1] 0 1 0

[1] 0.609148
Algorithm converged after  7  iterations.
$gam
[1] 0.9230769

$rankJ
[1] 1

$rankA
[1] 0 1 0

[1] 0.6100836
Algorithm converged after  7  iterations.
$gam
[1] 1

$rankJ
[1] 1

$rankA
[1] 0 1 0

[1] 0.6111013
Algorithm converged after  7  iterations.
$gam
[1] 1.083333

$rankJ
[1] 1

$rankA
[1] 0 1 0

[1] 0.6123265
Algorithm converged after  6  iterations.
$gam
[1] 1.173913

$rankJ
[1] 1

$rankA
[1] 0 1 0

[1] 0.6140281
Algorithm converged after  6  iterations.
$gam
[1] 1.272727

$rankJ
[1] 1

$rankA
[1] 0 1 0

[1] 0.6167765
Algorithm converged after  5  iterations.
$gam
[1] 1.380952

$rankJ
[1] 1

$rankA
[1] 0 1 0

[1] 0.6212271
Algorithm converged after  5  iterations.
$gam
[1] 1.5

$rankJ
[1] 1

$rankA
[1] 0 1 0

[1] 0.6266949
Algorithm converged after  6  iterations.
$gam
[1] 1.631579

$rankJ
[1] 1

$rankA
[1] 0 1 0

[1] 0.6317051
Algorithm converged after  7  iterations.
$gam
[1] 1.777778

$rankJ
[1] 1

$rankA
[1] 0 1 0

[1] 0.6326162
Algorithm converged after  7  iterations.
$gam
[1] 1.941176

$rankJ
[1] 1

$rankA
[1] 0 1 0

[1] 0.6122721
Algorithm converged after  6  iterations.
$gam
[1] 2.125

$rankJ
[1] 1

$rankA
[1] 0 1 0

[1] 0.6122974
Algorithm converged after  6  iterations.
$gam
[1] 2.333333

$rankJ
[1] 1

$rankA
[1] 0 1 0

[1] 0.6125716
Algorithm converged after  6  iterations.
$gam
[1] 2.571429

$rankJ
[1] 1

$rankA
[1] 0 1 0

[1] 0.6128932
Algorithm converged after  5  iterations.
$gam
[1] 2.846154

$rankJ
[1] 1

$rankA
[1] 0 1 0

[1] 0.6132174
Algorithm converged after  5  iterations.
$gam
[1] 3.166667

$rankJ
[1] 1

$rankA
[1] 0 1 0

[1] 0.6135317
Algorithm converged after  5  iterations.
$gam
[1] 3.545455

$rankJ
[1] 1

$rankA
[1] 0 1 0

[1] 0.6138325
Algorithm converged after  5  iterations.
$gam
[1] 4

$rankJ
[1] 1

$rankA
[1] 0 1 0

[1] 0.6141195
Algorithm converged after  5  iterations.
$gam
[1] 4.555556

$rankJ
[1] 1

$rankA
[1] 0 1 0

[1] 0.614393
Algorithm converged after  5  iterations.
$gam
[1] 5.25

$rankJ
[1] 1

$rankA
[1] 0 1 0

[1] 0.6146541
Algorithm converged after  5  iterations.
$gam
[1] 6.142857

$rankJ
[1] 1

$rankA
[1] 0 1 0

[1] 0.6149038
Algorithm converged after  5  iterations.
$gam
[1] 7.333333

$rankJ
[1] 1

$rankA
[1] 0 1 0

[1] 0.6151428
Algorithm converged after  5  iterations.
$gam
[1] 9

$rankJ
[1] 1

$rankA
[1] 0 1 0

[1] 0.645592
Algorithm converged after  4  iterations.
$gam
[1] 11.5

$rankJ
[1] 1

$rankA
[1] 0 1 0

[1] 0.1830814
Algorithm converged after  3  iterations.
$gam
[1] 15.66667

$rankJ
[1] 1

$rankA
[1] 0 1 0

[1] 0.1737147
Algorithm converged after  5  iterations.
$gam
[1] 24

$rankJ
[1] 1

$rankA
[1] 0 1 0

[1] 0.1725326
Algorithm converged after  5  iterations.
$gam
[1] 49

$rankJ
[1] 1

$rankA
[1] 0 1 0

[1] 0.1716154
Algorithm converged after  5  iterations.
$gam
[1] 1e+10

$rankJ
[1] 1

$rankA
[1] 0 1 0

[1] 0.1715494
Algorithm converged after  2  iterations.
$gam
[1] 0

$rankJ
[1] 1

$rankA
[1] 0 0 1

[1] 0.4792867
[1] 0.4485205
[1] 0.448405
[1] 0.4483925
[1] 0.4483903
[1] 0.4483899
[1] 0.4483898
[1] 0.4483898
[1] 0.4483898
[1] 0.4483898
Algorithm converged after  91  iterations.
$gam
[1] 0.02040816

$rankJ
[1] 1

$rankA
[1] 0 0 1

[1] 0.4875504
[1] 0.4644124
[1] 0.4658711
[1] 0.4664416
[1] 0.466704
[1] 0.4668342
[1] 0.4669011
[1] 0.4669362
[1] 0.4669551
[1] 0.4669655
[1] 0.4669712
[1] 0.4669745
[1] 0.4669763
[1] 0.4669774
Algorithm converged after  135  iterations.
$gam
[1] 0.04166667

$rankJ
[1] 1

$rankA
[1] 0 0 1

[1] 0.492323
[1] 0.4830245
[1] 0.4860029
[1] 0.4873669
[1] 0.4880735
[1] 0.4884267
[1] 0.4885991
[1] 0.4886834
[1] 0.4887253
[1] 0.4887468
[1] 0.4887583
[1] 0.4887647
[1] 0.4887685
[1] 0.4887708
[1] 0.4887723
[1] 0.4887733
[1] 0.488774
[1] 0.4887745
Algorithm converged after  171  iterations.
$gam
[1] 0.06382979

$rankJ
[1] 1

$rankA
[1] 0 0 1

[1] 0.500638
[1] 0.4991978
[1] 0.5061891
[1] 0.5101194
[1] 0.5120622
[1] 0.513165
[1] 0.5139762
[1] 0.5146624
[1] 0.5152603
[1] 0.5157748
[1] 0.5162078
[1] 0.5165643
[1] 0.5168521
[1] 0.5170809
[1] 0.5172604
[1] 0.5173999
[1] 0.5175075
[1] 0.5175899
[1] 0.5176528
[1] 0.5177005
Algorithm did not converge after  200  iterations.
$gam
[1] 0.08695652

$rankJ
[1] 1

$rankA
[1] 0 0 1

[1] 0.5118755
[1] 0.5195852
[1] 0.5366932
[1] 0.5574543
[1] 0.5644511
[1] 0.5641506
Algorithm converged after  58  iterations.
$gam
[1] 0.1111111

$rankJ
[1] 1

$rankA
[1] 0 0 1

[1] 0.5238524
[1] 0.5465553
[1] 0.5859119
[1] 0.585625
Algorithm converged after  31  iterations.
$gam
[1] 0.1363636

$rankJ
[1] 1

$rankA
[1] 0 0 1

[1] 0.5341881
[1] 0.5930977
[1] 0.5931695
Algorithm converged after  25  iterations.
$gam
[1] 0.1627907

$rankJ
[1] 1

$rankA
[1] 0 0 1

[1] 0.5429171
[1] 0.5996452
[1] 0.5999436
Algorithm converged after  25  iterations.
$gam
[1] 0.1904762

$rankJ
[1] 1

$rankA
[1] 0 0 1

[1] 0.5518115
[1] 0.5992551
[1] 0.5992952
Algorithm converged after  23  iterations.
$gam
[1] 0.2195122

$rankJ
[1] 1

$rankA
[1] 0 0 1

[1] 0.5616106
[1] 0.6003963
[1] 0.6004443
Algorithm converged after  24  iterations.
$gam
[1] 0.25

$rankJ
[1] 1

$rankA
[1] 0 0 1

[1] 0.5700884
[1] 0.599741
[1] 0.5997452
Algorithm converged after  21  iterations.
$gam
[1] 0.2820513

$rankJ
[1] 1

$rankA
[1] 0 0 1

[1] 0.5764552
[1] 0.6008837
Algorithm converged after  20  iterations.
$gam
[1] 0.3157895

$rankJ
[1] 1

$rankA
[1] 0 0 1

[1] 0.5814068
[1] 0.5997539
Algorithm converged after  20  iterations.
$gam
[1] 0.3513514

$rankJ
[1] 1

$rankA
[1] 0 0 1

[1] 0.5855474
[1] 0.6004509
Algorithm converged after  19  iterations.
$gam
[1] 0.3888889

$rankJ
[1] 1

$rankA
[1] 0 0 1

[1] 0.5893406
[1] 0.6012524
Algorithm converged after  18  iterations.
$gam
[1] 0.4285714

$rankJ
[1] 1

$rankA
[1] 0 0 1

[1] 0.5893898
[1] 0.6013622
Algorithm converged after  18  iterations.
$gam
[1] 0.4705882

$rankJ
[1] 1

$rankA
[1] 0 0 1

[1] 0.5976692
[1] 0.6026805
Algorithm converged after  16  iterations.
$gam
[1] 0.5151515

$rankJ
[1] 1

$rankA
[1] 0 0 1

[1] 0.6057095
[1] 0.6018506
Algorithm converged after  15  iterations.
$gam
[1] 0.5625

$rankJ
[1] 1

$rankA
[1] 0 0 1

[1] 0.6072416
[1] 0.6026137
Algorithm converged after  14  iterations.
$gam
[1] 0.6129032

$rankJ
[1] 1

$rankA
[1] 0 0 1

[1] 0.6083469
[1] 0.6035117
Algorithm converged after  13  iterations.
$gam
[1] 0.6666667

$rankJ
[1] 1

$rankA
[1] 0 0 1

[1] 0.6092513
[1] 0.604446
Algorithm converged after  12  iterations.
$gam
[1] 0.7241379

$rankJ
[1] 1

$rankA
[1] 0 0 1

[1] 0.6100174
[1] 0.6053889
Algorithm converged after  11  iterations.
$gam
[1] 0.7857143

$rankJ
[1] 1

$rankA
[1] 0 0 1

[1] 0.6106736
[1] 0.6063225
Algorithm converged after  11  iterations.
$gam
[1] 0.8518519

$rankJ
[1] 1

$rankA
[1] 0 0 1

[1] 0.6112342
Algorithm converged after  10  iterations.
$gam
[1] 0.9230769

$rankJ
[1] 1

$rankA
[1] 0 0 1

[1] 0.6117052
Algorithm converged after  9  iterations.
$gam
[1] 1

$rankJ
[1] 1

$rankA
[1] 0 0 1

[1] 0.6120866
Algorithm converged after  9  iterations.
$gam
[1] 1.083333

$rankJ
[1] 1

$rankA
[1] 0 0 1

[1] 0.6123773
Algorithm converged after  9  iterations.
$gam
[1] 1.173913

$rankJ
[1] 1

$rankA
[1] 0 0 1

[1] 0.6125991
Algorithm converged after  9  iterations.
$gam
[1] 1.272727

$rankJ
[1] 1

$rankA
[1] 0 0 1

[1] 0.6129183
Algorithm converged after  9  iterations.
$gam
[1] 1.380952

$rankJ
[1] 1

$rankA
[1] 0 0 1

[1] 0.6139387
Algorithm converged after  10  iterations.
$gam
[1] 1.5

$rankJ
[1] 1

$rankA
[1] 0 0 1

[1] 0.6162466
[1] 0.6121892
Algorithm converged after  11  iterations.
$gam
[1] 1.631579

$rankJ
[1] 1

$rankA
[1] 0 0 1

[1] 0.6193334
[1] 0.6141525
Algorithm converged after  12  iterations.
$gam
[1] 1.777778

$rankJ
[1] 1

$rankA
[1] 0 0 1

[1] 0.6224674
[1] 0.6164347
Algorithm converged after  12  iterations.
$gam
[1] 1.941176

$rankJ
[1] 1

$rankA
[1] 0 0 1

[1] 0.620065
Algorithm converged after  8  iterations.
$gam
[1] 2.125

$rankJ
[1] 1

$rankA
[1] 0 0 1

[1] 0.6194227
Algorithm converged after  7  iterations.
$gam
[1] 2.333333

$rankJ
[1] 1

$rankA
[1] 0 0 1

[1] 0.6192033
Algorithm converged after  7  iterations.
$gam
[1] 2.571429

$rankJ
[1] 1

$rankA
[1] 0 0 1

[1] 0.6191681
Algorithm converged after  6  iterations.
$gam
[1] 2.846154

$rankJ
[1] 1

$rankA
[1] 0 0 1

[1] 0.6192207
Algorithm converged after  5  iterations.
$gam
[1] 3.166667

$rankJ
[1] 1

$rankA
[1] 0 0 1

[1] 0.6193218
Algorithm converged after  5  iterations.
$gam
[1] 3.545455

$rankJ
[1] 1

$rankA
[1] 0 0 1

[1] 0.619451
Algorithm converged after  5  iterations.
$gam
[1] 4

$rankJ
[1] 1

$rankA
[1] 0 0 1

[1] 0.6195971
Algorithm converged after  5  iterations.
$gam
[1] 4.555556

$rankJ
[1] 1

$rankA
[1] 0 0 1

[1] 0.6197532
Algorithm converged after  5  iterations.
$gam
[1] 5.25

$rankJ
[1] 1

$rankA
[1] 0 0 1

[1] 0.619915
Algorithm converged after  5  iterations.
$gam
[1] 6.142857

$rankJ
[1] 1

$rankA
[1] 0 0 1

[1] 0.6200796
Algorithm converged after  5  iterations.
$gam
[1] 7.333333

$rankJ
[1] 1

$rankA
[1] 0 0 1

[1] 0.6202453
Algorithm converged after  5  iterations.
$gam
[1] 9

$rankJ
[1] 1

$rankA
[1] 0 0 1

[1] 0.6449835
Algorithm converged after  9  iterations.
$gam
[1] 11.5

$rankJ
[1] 1

$rankA
[1] 0 0 1

[1] 0.1644675
Algorithm converged after  9  iterations.
$gam
[1] 15.66667

$rankJ
[1] 1

$rankA
[1] 0 0 1

[1] 0.171825
Algorithm converged after  5  iterations.
$gam
[1] 24

$rankJ
[1] 1

$rankA
[1] 0 0 1

[1] 0.1705666
Algorithm converged after  4  iterations.
$gam
[1] 49

$rankJ
[1] 1

$rankA
[1] 0 0 1

[1] 0.1691082
Algorithm converged after  3  iterations.
$gam
[1] 1e+10

$rankJ
[1] 1

$rankA
[1] 0 0 1

[1] 0.1668476
Algorithm converged after  2  iterations.
$gam
[1] 0

$rankJ
[1] 2

$rankA
[1] 0 0 0

[1] 0.5226021
Algorithm converged after  2  iterations.
$gam
[1] 0.02040816

$rankJ
[1] 2

$rankA
[1] 0 0 0

[1] 0.5226021
Algorithm converged after  2  iterations.
$gam
[1] 0.04166667

$rankJ
[1] 2

$rankA
[1] 0 0 0

[1] 0.5265435
Algorithm converged after  2  iterations.
$gam
[1] 0.06382979

$rankJ
[1] 2

$rankA
[1] 0 0 0

[1] 0.526681
Algorithm converged after  2  iterations.
$gam
[1] 0.08695652

$rankJ
[1] 2

$rankA
[1] 0 0 0

[1] 0.5268687
Algorithm converged after  2  iterations.
$gam
[1] 0.1111111

$rankJ
[1] 2

$rankA
[1] 0 0 0

[1] 0.5275458
Algorithm converged after  2  iterations.
$gam
[1] 0.1363636

$rankJ
[1] 2

$rankA
[1] 0 0 0

[1] 0.5292454
Algorithm converged after  2  iterations.
$gam
[1] 0.1627907

$rankJ
[1] 2

$rankA
[1] 0 0 0

[1] 0.5323855
Algorithm converged after  2  iterations.
$gam
[1] 0.1904762

$rankJ
[1] 2

$rankA
[1] 0 0 0

[1] 0.5367568
Algorithm converged after  2  iterations.
$gam
[1] 0.2195122

$rankJ
[1] 2

$rankA
[1] 0 0 0

[1] 0.5417986
Algorithm converged after  2  iterations.
$gam
[1] 0.25

$rankJ
[1] 2

$rankA
[1] 0 0 0

[1] 0.5476672
Algorithm converged after  2  iterations.
$gam
[1] 0.2820513

$rankJ
[1] 2

$rankA
[1] 0 0 0

[1] 0.5544509
Algorithm converged after  2  iterations.
$gam
[1] 0.3157895

$rankJ
[1] 2

$rankA
[1] 0 0 0

[1] 0.5608435
Algorithm converged after  2  iterations.
$gam
[1] 0.3513514

$rankJ
[1] 2

$rankA
[1] 0 0 0

[1] 0.5657534
Algorithm converged after  2  iterations.
$gam
[1] 0.3888889

$rankJ
[1] 2

$rankA
[1] 0 0 0

[1] 0.5694874
Algorithm converged after  2  iterations.
$gam
[1] 0.4285714

$rankJ
[1] 2

$rankA
[1] 0 0 0

[1] 0.572505
Algorithm converged after  2  iterations.
$gam
[1] 0.4705882

$rankJ
[1] 2

$rankA
[1] 0 0 0

[1] 0.5750748
Algorithm converged after  2  iterations.
$gam
[1] 0.5151515

$rankJ
[1] 2

$rankA
[1] 0 0 0

[1] 0.5773465
Algorithm converged after  2  iterations.
$gam
[1] 0.5625

$rankJ
[1] 2

$rankA
[1] 0 0 0

[1] 0.5794148
Algorithm converged after  2  iterations.
$gam
[1] 0.6129032

$rankJ
[1] 2

$rankA
[1] 0 0 0

[1] 0.5813556
Algorithm converged after  2  iterations.
$gam
[1] 0.6666667

$rankJ
[1] 2

$rankA
[1] 0 0 0

[1] 0.5832568
Algorithm converged after  2  iterations.
$gam
[1] 0.7241379

$rankJ
[1] 2

$rankA
[1] 0 0 0

[1] 0.585278
Algorithm converged after  2  iterations.
$gam
[1] 0.7857143

$rankJ
[1] 2

$rankA
[1] 0 0 0

[1] 0.5878707
Algorithm converged after  2  iterations.
$gam
[1] 0.8518519

$rankJ
[1] 2

$rankA
[1] 0 0 0

[1] 0.5930381
Algorithm converged after  2  iterations.
$gam
[1] 0.9230769

$rankJ
[1] 2

$rankA
[1] 0 0 0

[1] 0.6073584
Algorithm converged after  2  iterations.
$gam
[1] 1

$rankJ
[1] 2

$rankA
[1] 0 0 0

[1] 0.6119846
Algorithm converged after  2  iterations.
$gam
[1] 1.083333

$rankJ
[1] 2

$rankA
[1] 0 0 0

[1] 0.6135386
Algorithm converged after  2  iterations.
$gam
[1] 1.173913

$rankJ
[1] 2

$rankA
[1] 0 0 0

[1] 0.6144637
Algorithm converged after  2  iterations.
$gam
[1] 1.272727

$rankJ
[1] 2

$rankA
[1] 0 0 0

[1] 0.6151315
Algorithm converged after  2  iterations.
$gam
[1] 1.380952

$rankJ
[1] 2

$rankA
[1] 0 0 0

[1] 0.615664
Algorithm converged after  2  iterations.
$gam
[1] 1.5

$rankJ
[1] 2

$rankA
[1] 0 0 0

[1] 0.6161243
Algorithm converged after  2  iterations.
$gam
[1] 1.631579

$rankJ
[1] 2

$rankA
[1] 0 0 0

[1] 0.6165457
Algorithm converged after  2  iterations.
$gam
[1] 1.777778

$rankJ
[1] 2

$rankA
[1] 0 0 0

[1] 0.6169408
Algorithm converged after  2  iterations.
$gam
[1] 1.941176

$rankJ
[1] 2

$rankA
[1] 0 0 0

[1] 0.6173276
Algorithm converged after  2  iterations.
$gam
[1] 2.125

$rankJ
[1] 2

$rankA
[1] 0 0 0

[1] 0.610081
Algorithm converged after  2  iterations.
$gam
[1] 2.333333

$rankJ
[1] 2

$rankA
[1] 0 0 0

[1] 0.6183547
Algorithm converged after  2  iterations.
$gam
[1] 2.571429

$rankJ
[1] 2

$rankA
[1] 0 0 0

[1] 0.6188652
Algorithm converged after  2  iterations.
$gam
[1] 2.846154

$rankJ
[1] 2

$rankA
[1] 0 0 0

[1] 0.6192313
Algorithm converged after  2  iterations.
$gam
[1] 3.166667

$rankJ
[1] 2

$rankA
[1] 0 0 0

[1] 0.6195354
Algorithm converged after  2  iterations.
$gam
[1] 3.545455

$rankJ
[1] 2

$rankA
[1] 0 0 0

[1] 0.6198055
Algorithm converged after  2  iterations.
$gam
[1] 4

$rankJ
[1] 2

$rankA
[1] 0 0 0

[1] 0.6195821
Algorithm converged after  2  iterations.
$gam
[1] 4.555556

$rankJ
[1] 2

$rankA
[1] 0 0 0

[1] 0.615875
Algorithm converged after  2  iterations.
$gam
[1] 5.25

$rankJ
[1] 2

$rankA
[1] 0 0 0

[1] 0.6080173
Algorithm converged after  2  iterations.
$gam
[1] 6.142857

$rankJ
[1] 2

$rankA
[1] 0 0 0

[1] 0.6087527
Algorithm converged after  2  iterations.
$gam
[1] 7.333333

$rankJ
[1] 2

$rankA
[1] 0 0 0

[1] 0.6170699
Algorithm converged after  2  iterations.
$gam
[1] 9

$rankJ
[1] 2

$rankA
[1] 0 0 0

[1] 0.6207506
Algorithm converged after  2  iterations.
$gam
[1] 11.5

$rankJ
[1] 2

$rankA
[1] 0 0 0

[1] 0.1482301
Algorithm converged after  2  iterations.
$gam
[1] 15.66667

$rankJ
[1] 2

$rankA
[1] 0 0 0

[1] 0.1479499
Algorithm converged after  2  iterations.
$gam
[1] 24

$rankJ
[1] 2

$rankA
[1] 0 0 0

[1] 0.147855
Algorithm converged after  2  iterations.
$gam
[1] 49

$rankJ
[1] 2

$rankA
[1] 0 0 0

[1] 0.1477623
Algorithm converged after  2  iterations.
$gam
[1] 1e+10

$rankJ
[1] 2

$rankA
[1] 0 0 0

[1] 0.1476903
Algorithm converged after  2  iterations.
