myseed=6320 

Attaching package: ‘pls’

The following object is masked from ‘package:stats’:

    loadings

Loading required package: lattice
Loading required package: ggplot2
Registered S3 methods overwritten by 'ggplot2':
  method         from 
  [.quosures     rlang
  c.quosures     rlang
  print.quosures rlang

Attaching package: ‘caret’

The following object is masked from ‘package:pls’:

    R2

Loading required package: Matrix
Loading required package: foreach
Loaded glmnet 2.0-18

Parsed with column specification:
cols(
  .default = col_double()
)
See spec(...) for full column specifications.
Parsed with column specification:
cols(
  X1 = col_double()
)
Parsed with column specification:
cols(
  X1 = col_double()
)
$gam
[1] 0

$rankJ
[1] 0

$rankA
[1] 0 0 0

[1] 0.6600343
Algorithm converged after  2  iterations.
$gam
[1] 0.02040816

$rankJ
[1] 0

$rankA
[1] 0 0 0

[1] 0.6600343
Algorithm converged after  2  iterations.
$gam
[1] 0.04166667

$rankJ
[1] 0

$rankA
[1] 0 0 0

[1] 0.6600343
Algorithm converged after  2  iterations.
$gam
[1] 0.06382979

$rankJ
[1] 0

$rankA
[1] 0 0 0

[1] 0.6600343
Algorithm converged after  2  iterations.
$gam
[1] 0.08695652

$rankJ
[1] 0

$rankA
[1] 0 0 0

[1] 0.6600343
Algorithm converged after  2  iterations.
$gam
[1] 0.1111111

$rankJ
[1] 0

$rankA
[1] 0 0 0

[1] 0.6600343
Algorithm converged after  2  iterations.
$gam
[1] 0.1363636

$rankJ
[1] 0

$rankA
[1] 0 0 0

[1] 0.6600343
Algorithm converged after  2  iterations.
$gam
[1] 0.1627907

$rankJ
[1] 0

$rankA
[1] 0 0 0

[1] 0.6600343
Algorithm converged after  2  iterations.
$gam
[1] 0.1904762

$rankJ
[1] 0

$rankA
[1] 0 0 0

[1] 0.6600343
Algorithm converged after  2  iterations.
$gam
[1] 0.2195122

$rankJ
[1] 0

$rankA
[1] 0 0 0

[1] 0.6600343
Algorithm converged after  2  iterations.
$gam
[1] 0.25

$rankJ
[1] 0

$rankA
[1] 0 0 0

[1] 0.6600343
Algorithm converged after  2  iterations.
$gam
[1] 0.2820513

$rankJ
[1] 0

$rankA
[1] 0 0 0

[1] 0.6600343
Algorithm converged after  2  iterations.
$gam
[1] 0.3157895

$rankJ
[1] 0

$rankA
[1] 0 0 0

[1] 0.6600343
Algorithm converged after  2  iterations.
$gam
[1] 0.3513514

$rankJ
[1] 0

$rankA
[1] 0 0 0

[1] 0.6600343
Algorithm converged after  2  iterations.
$gam
[1] 0.3888889

$rankJ
[1] 0

$rankA
[1] 0 0 0

[1] 0.6600343
Algorithm converged after  2  iterations.
$gam
[1] 0.4285714

$rankJ
[1] 0

$rankA
[1] 0 0 0

[1] 0.6600343
Algorithm converged after  2  iterations.
$gam
[1] 0.4705882

$rankJ
[1] 0

$rankA
[1] 0 0 0

[1] 0.6600343
Algorithm converged after  2  iterations.
$gam
[1] 0.5151515

$rankJ
[1] 0

$rankA
[1] 0 0 0

[1] 0.6600343
Algorithm converged after  2  iterations.
$gam
[1] 0.5625

$rankJ
[1] 0

$rankA
[1] 0 0 0

[1] 0.6600343
Algorithm converged after  2  iterations.
$gam
[1] 0.6129032

$rankJ
[1] 0

$rankA
[1] 0 0 0

[1] 0.6600343
Algorithm converged after  2  iterations.
$gam
[1] 0.6666667

$rankJ
[1] 0

$rankA
[1] 0 0 0

[1] 0.6600343
Algorithm converged after  2  iterations.
$gam
[1] 0.7241379

$rankJ
[1] 0

$rankA
[1] 0 0 0

[1] 0.6600343
Algorithm converged after  2  iterations.
$gam
[1] 0.7857143

$rankJ
[1] 0

$rankA
[1] 0 0 0

[1] 0.6600343
Algorithm converged after  2  iterations.
$gam
[1] 0.8518519

$rankJ
[1] 0

$rankA
[1] 0 0 0

[1] 0.6600343
Algorithm converged after  2  iterations.
$gam
[1] 0.9230769

$rankJ
[1] 0

$rankA
[1] 0 0 0

[1] 0.6600343
Algorithm converged after  2  iterations.
$gam
[1] 1

$rankJ
[1] 0

$rankA
[1] 0 0 0

[1] 0.6600343
Algorithm converged after  2  iterations.
$gam
[1] 1.083333

$rankJ
[1] 0

$rankA
[1] 0 0 0

[1] 0.6600343
Algorithm converged after  2  iterations.
$gam
[1] 1.173913

$rankJ
[1] 0

$rankA
[1] 0 0 0

[1] 0.6600343
Algorithm converged after  2  iterations.
$gam
[1] 1.272727

$rankJ
[1] 0

$rankA
[1] 0 0 0

[1] 0.6600343
Algorithm converged after  2  iterations.
$gam
[1] 1.380952

$rankJ
[1] 0

$rankA
[1] 0 0 0

[1] 0.6600343
Algorithm converged after  2  iterations.
$gam
[1] 1.5

$rankJ
[1] 0

$rankA
[1] 0 0 0

[1] 0.6600343
Algorithm converged after  2  iterations.
$gam
[1] 1.631579

$rankJ
[1] 0

$rankA
[1] 0 0 0

[1] 0.6600343
Algorithm converged after  2  iterations.
$gam
[1] 1.777778

$rankJ
[1] 0

$rankA
[1] 0 0 0

[1] 0.6600343
Algorithm converged after  2  iterations.
$gam
[1] 1.941176

$rankJ
[1] 0

$rankA
[1] 0 0 0

[1] 0.6600343
Algorithm converged after  2  iterations.
$gam
[1] 2.125

$rankJ
[1] 0

$rankA
[1] 0 0 0

[1] 0.6600343
Algorithm converged after  2  iterations.
$gam
[1] 2.333333

$rankJ
[1] 0

$rankA
[1] 0 0 0

[1] 0.6600343
Algorithm converged after  2  iterations.
$gam
[1] 2.571429

$rankJ
[1] 0

$rankA
[1] 0 0 0

[1] 0.6600343
Algorithm converged after  2  iterations.
$gam
[1] 2.846154

$rankJ
[1] 0

$rankA
[1] 0 0 0

[1] 0.6600343
Algorithm converged after  2  iterations.
$gam
[1] 3.166667

$rankJ
[1] 0

$rankA
[1] 0 0 0

[1] 0.6600343
Algorithm converged after  2  iterations.
$gam
[1] 3.545455

$rankJ
[1] 0

$rankA
[1] 0 0 0

[1] 0.6600343
Algorithm converged after  2  iterations.
$gam
[1] 4

$rankJ
[1] 0

$rankA
[1] 0 0 0

[1] 0.6600343
Algorithm converged after  2  iterations.
$gam
[1] 4.555556

$rankJ
[1] 0

$rankA
[1] 0 0 0

[1] 0.6600343
Algorithm converged after  2  iterations.
$gam
[1] 5.25

$rankJ
[1] 0

$rankA
[1] 0 0 0

[1] 0.6600343
Algorithm converged after  2  iterations.
$gam
[1] 6.142857

$rankJ
[1] 0

$rankA
[1] 0 0 0

[1] 0.6600343
Algorithm converged after  2  iterations.
$gam
[1] 7.333333

$rankJ
[1] 0

$rankA
[1] 0 0 0

[1] 0.6600343
Algorithm converged after  2  iterations.
$gam
[1] 9

$rankJ
[1] 0

$rankA
[1] 0 0 0

[1] 0.6600343
Algorithm converged after  2  iterations.
$gam
[1] 11.5

$rankJ
[1] 0

$rankA
[1] 0 0 0

[1] 0.2470078
Algorithm converged after  2  iterations.
$gam
[1] 15.66667

$rankJ
[1] 0

$rankA
[1] 0 0 0

[1] 0.2470078
Algorithm converged after  2  iterations.
$gam
[1] 24

$rankJ
[1] 0

$rankA
[1] 0 0 0

[1] 0.2470078
Algorithm converged after  2  iterations.
$gam
[1] 49

$rankJ
[1] 0

$rankA
[1] 0 0 0

[1] 0.2470078
Algorithm converged after  2  iterations.
$gam
[1] 1e+10

$rankJ
[1] 0

$rankA
[1] 0 0 0

[1] 0.2470078
Algorithm converged after  2  iterations.
$gam
[1] 0

$rankJ
[1] 0

$rankA
[1] 1 0 0

[1] 0.5640913
Algorithm converged after  2  iterations.
$gam
[1] 0.02040816

$rankJ
[1] 0

$rankA
[1] 1 0 0

[1] 0.5685023
Algorithm converged after  2  iterations.
$gam
[1] 0.04166667

$rankJ
[1] 0

$rankA
[1] 1 0 0

[1] 0.5714798
Algorithm converged after  2  iterations.
$gam
[1] 0.06382979

$rankJ
[1] 0

$rankA
[1] 1 0 0

[1] 0.5745531
Algorithm converged after  2  iterations.
$gam
[1] 0.08695652

$rankJ
[1] 0

$rankA
[1] 1 0 0

[1] 0.5770651
Algorithm converged after  2  iterations.
$gam
[1] 0.1111111

$rankJ
[1] 0

$rankA
[1] 1 0 0

[1] 0.5797113
Algorithm converged after  2  iterations.
$gam
[1] 0.1363636

$rankJ
[1] 0

$rankA
[1] 1 0 0

[1] 0.5826983
Algorithm converged after  2  iterations.
$gam
[1] 0.1627907

$rankJ
[1] 0

$rankA
[1] 1 0 0

[1] 0.5859839
Algorithm converged after  2  iterations.
$gam
[1] 0.1904762

$rankJ
[1] 0

$rankA
[1] 1 0 0

[1] 0.5894622
Algorithm converged after  2  iterations.
$gam
[1] 0.2195122

$rankJ
[1] 0

$rankA
[1] 1 0 0

[1] 0.5930823
Algorithm converged after  2  iterations.
$gam
[1] 0.25

$rankJ
[1] 0

$rankA
[1] 1 0 0

[1] 0.5968786
Algorithm converged after  2  iterations.
$gam
[1] 0.2820513

$rankJ
[1] 0

$rankA
[1] 1 0 0

[1] 0.6009481
Algorithm converged after  2  iterations.
$gam
[1] 0.3157895

$rankJ
[1] 0

$rankA
[1] 1 0 0

[1] 0.6054378
Algorithm converged after  2  iterations.
$gam
[1] 0.3513514

$rankJ
[1] 0

$rankA
[1] 1 0 0

[1] 0.6105847
Algorithm converged after  2  iterations.
$gam
[1] 0.3888889

$rankJ
[1] 0

$rankA
[1] 1 0 0

[1] 0.6168743
Algorithm converged after  2  iterations.
$gam
[1] 0.4285714

$rankJ
[1] 0

$rankA
[1] 1 0 0

[1] 0.6253621
Algorithm converged after  2  iterations.
$gam
[1] 0.4705882

$rankJ
[1] 0

$rankA
[1] 1 0 0

[1] 0.6346053
Algorithm converged after  2  iterations.
$gam
[1] 0.5151515

$rankJ
[1] 0

$rankA
[1] 1 0 0

[1] 0.6392969
Algorithm converged after  2  iterations.
$gam
[1] 0.5625

$rankJ
[1] 0

$rankA
[1] 1 0 0

[1] 0.6417195
Algorithm converged after  2  iterations.
$gam
[1] 0.6129032

$rankJ
[1] 0

$rankA
[1] 1 0 0

[1] 0.643281
Algorithm converged after  2  iterations.
$gam
[1] 0.6666667

$rankJ
[1] 0

$rankA
[1] 1 0 0

[1] 0.6444259
Algorithm converged after  2  iterations.
$gam
[1] 0.7241379

$rankJ
[1] 0

$rankA
[1] 1 0 0

[1] 0.6453372
Algorithm converged after  2  iterations.
$gam
[1] 0.7857143

$rankJ
[1] 0

$rankA
[1] 1 0 0

[1] 0.6461086
Algorithm converged after  2  iterations.
$gam
[1] 0.8518519

$rankJ
[1] 0

$rankA
[1] 1 0 0

[1] 0.6467961
Algorithm converged after  2  iterations.
$gam
[1] 0.9230769

$rankJ
[1] 0

$rankA
[1] 1 0 0

[1] 0.647438
Algorithm converged after  2  iterations.
$gam
[1] 1

$rankJ
[1] 0

$rankA
[1] 1 0 0

[1] 0.6480633
Algorithm converged after  2  iterations.
$gam
[1] 1.083333

$rankJ
[1] 0

$rankA
[1] 1 0 0

[1] 0.6486938
Algorithm converged after  2  iterations.
$gam
[1] 1.173913

$rankJ
[1] 0

$rankA
[1] 1 0 0

[1] 0.6493438
Algorithm converged after  2  iterations.
$gam
[1] 1.272727

$rankJ
[1] 0

$rankA
[1] 1 0 0

[1] 0.6500174
Algorithm converged after  2  iterations.
$gam
[1] 1.380952

$rankJ
[1] 0

$rankA
[1] 1 0 0

[1] 0.6507077
Algorithm converged after  2  iterations.
$gam
[1] 1.5

$rankJ
[1] 0

$rankA
[1] 1 0 0

[1] 0.6513997
Algorithm converged after  2  iterations.
$gam
[1] 1.631579

$rankJ
[1] 0

$rankA
[1] 1 0 0

[1] 0.6520765
Algorithm converged after  2  iterations.
$gam
[1] 1.777778

$rankJ
[1] 0

$rankA
[1] 1 0 0

[1] 0.6527241
Algorithm converged after  2  iterations.
$gam
[1] 1.941176

$rankJ
[1] 0

$rankA
[1] 1 0 0

[1] 0.6533339
Algorithm converged after  2  iterations.
$gam
[1] 2.125

$rankJ
[1] 0

$rankA
[1] 1 0 0

[1] 0.6539021
Algorithm converged after  2  iterations.
$gam
[1] 2.333333

$rankJ
[1] 0

$rankA
[1] 1 0 0

[1] 0.6544286
Algorithm converged after  2  iterations.
$gam
[1] 2.571429

$rankJ
[1] 0

$rankA
[1] 1 0 0

[1] 0.6549156
Algorithm converged after  2  iterations.
$gam
[1] 2.846154

$rankJ
[1] 0

$rankA
[1] 1 0 0

[1] 0.6553661
Algorithm converged after  2  iterations.
$gam
[1] 3.166667

$rankJ
[1] 0

$rankA
[1] 1 0 0

[1] 0.6557836
Algorithm converged after  2  iterations.
$gam
[1] 3.545455

$rankJ
[1] 0

$rankA
[1] 1 0 0

[1] 0.6561718
Algorithm converged after  2  iterations.
$gam
[1] 4

$rankJ
[1] 0

$rankA
[1] 1 0 0

[1] 0.656534
Algorithm converged after  2  iterations.
$gam
[1] 4.555556

$rankJ
[1] 0

$rankA
[1] 1 0 0

[1] 0.6568735
Algorithm converged after  2  iterations.
$gam
[1] 5.25

$rankJ
[1] 0

$rankA
[1] 1 0 0

[1] 0.6571933
Algorithm converged after  2  iterations.
$gam
[1] 6.142857

$rankJ
[1] 0

$rankA
[1] 1 0 0

[1] 0.6574963
Algorithm converged after  2  iterations.
$gam
[1] 7.333333

$rankJ
[1] 0

$rankA
[1] 1 0 0

[1] 0.657785
Algorithm converged after  2  iterations.
$gam
[1] 9

$rankJ
[1] 0

$rankA
[1] 1 0 0

[1] 0.6580622
Algorithm converged after  2  iterations.
$gam
[1] 11.5

$rankJ
[1] 0

$rankA
[1] 1 0 0

[1] 0.2358236
Algorithm converged after  2  iterations.
$gam
[1] 15.66667

$rankJ
[1] 0

$rankA
[1] 1 0 0

[1] 0.2356787
Algorithm converged after  2  iterations.
$gam
[1] 24

$rankJ
[1] 0

$rankA
[1] 1 0 0

[1] 0.2355563
Algorithm converged after  2  iterations.
$gam
[1] 49

$rankJ
[1] 0

$rankA
[1] 1 0 0

[1] 0.2354635
Algorithm converged after  2  iterations.
$gam
[1] 1e+10

$rankJ
[1] 0

$rankA
[1] 1 0 0

[1] 0.2354209
Algorithm converged after  2  iterations.
$gam
[1] 0

$rankJ
[1] 0

$rankA
[1] 0 1 0

[1] 0.5685344
Algorithm converged after  2  iterations.
$gam
[1] 0.02040816

$rankJ
[1] 0

$rankA
[1] 0 1 0

[1] 0.570671
Algorithm converged after  2  iterations.
$gam
[1] 0.04166667

$rankJ
[1] 0

$rankA
[1] 0 1 0

[1] 0.5740602
Algorithm converged after  2  iterations.
$gam
[1] 0.06382979

$rankJ
[1] 0

$rankA
[1] 0 1 0

[1] 0.5783477
Algorithm converged after  2  iterations.
$gam
[1] 0.08695652

$rankJ
[1] 0

$rankA
[1] 0 1 0

[1] 0.5824513
Algorithm converged after  2  iterations.
$gam
[1] 0.1111111

$rankJ
[1] 0

$rankA
[1] 0 1 0

[1] 0.5873402
Algorithm converged after  2  iterations.
$gam
[1] 0.1363636

$rankJ
[1] 0

$rankA
[1] 0 1 0

[1] 0.5915778
Algorithm converged after  2  iterations.
$gam
[1] 0.1627907

$rankJ
[1] 0

$rankA
[1] 0 1 0

[1] 0.5951811
Algorithm converged after  2  iterations.
$gam
[1] 0.1904762

$rankJ
[1] 0

$rankA
[1] 0 1 0

[1] 0.5987429
Algorithm converged after  2  iterations.
$gam
[1] 0.2195122

$rankJ
[1] 0

$rankA
[1] 0 1 0

[1] 0.602732
Algorithm converged after  2  iterations.
$gam
[1] 0.25

$rankJ
[1] 0

$rankA
[1] 0 1 0

[1] 0.6076621
Algorithm converged after  2  iterations.
$gam
[1] 0.2820513

$rankJ
[1] 0

$rankA
[1] 0 1 0

[1] 0.6141711
Algorithm converged after  2  iterations.
$gam
[1] 0.3157895

$rankJ
[1] 0

$rankA
[1] 0 1 0

[1] 0.6216684
Algorithm converged after  2  iterations.
$gam
[1] 0.3513514

$rankJ
[1] 0

$rankA
[1] 0 1 0

[1] 0.6270498
Algorithm converged after  2  iterations.
$gam
[1] 0.3888889

$rankJ
[1] 0

$rankA
[1] 0 1 0

[1] 0.6302205
Algorithm converged after  2  iterations.
$gam
[1] 0.4285714

$rankJ
[1] 0

$rankA
[1] 0 1 0

[1] 0.632274
Algorithm converged after  2  iterations.
$gam
[1] 0.4705882

$rankJ
[1] 0

$rankA
[1] 0 1 0

[1] 0.6337432
Algorithm converged after  2  iterations.
$gam
[1] 0.5151515

$rankJ
[1] 0

$rankA
[1] 0 1 0

[1] 0.634869
Algorithm converged after  2  iterations.
$gam
[1] 0.5625

$rankJ
[1] 0

$rankA
[1] 0 1 0

[1] 0.6357738
Algorithm converged after  2  iterations.
$gam
[1] 0.6129032

$rankJ
[1] 0

$rankA
[1] 0 1 0

[1] 0.6365269
Algorithm converged after  2  iterations.
$gam
[1] 0.6666667

$rankJ
[1] 0

$rankA
[1] 0 1 0

[1] 0.6371712
Algorithm converged after  2  iterations.
$gam
[1] 0.7241379

$rankJ
[1] 0

$rankA
[1] 0 1 0

[1] 0.6377356
Algorithm converged after  2  iterations.
$gam
[1] 0.7857143

$rankJ
[1] 0

$rankA
[1] 0 1 0

[1] 0.6382409
Algorithm converged after  2  iterations.
$gam
[1] 0.8518519

$rankJ
[1] 0

$rankA
[1] 0 1 0

[1] 0.6387038
Algorithm converged after  2  iterations.
$gam
[1] 0.9230769

$rankJ
[1] 0

$rankA
[1] 0 1 0

[1] 0.6391403
Algorithm converged after  2  iterations.
$gam
[1] 1

$rankJ
[1] 0

$rankA
[1] 0 1 0

[1] 0.6395684
Algorithm converged after  2  iterations.
$gam
[1] 1.083333

$rankJ
[1] 0

$rankA
[1] 0 1 0

[1] 0.6400138
Algorithm converged after  2  iterations.
$gam
[1] 1.173913

$rankJ
[1] 0

$rankA
[1] 0 1 0

[1] 0.64052
Algorithm converged after  2  iterations.
$gam
[1] 1.272727

$rankJ
[1] 0

$rankA
[1] 0 1 0

[1] 0.6411669
Algorithm converged after  2  iterations.
$gam
[1] 1.380952

$rankJ
[1] 0

$rankA
[1] 0 1 0

[1] 0.6420862
Algorithm converged after  2  iterations.
$gam
[1] 1.5

$rankJ
[1] 0

$rankA
[1] 0 1 0

[1] 0.6434009
Algorithm converged after  2  iterations.
$gam
[1] 1.631579

$rankJ
[1] 0

$rankA
[1] 0 1 0

[1] 0.6450465
Algorithm converged after  2  iterations.
$gam
[1] 1.777778

$rankJ
[1] 0

$rankA
[1] 0 1 0

[1] 0.6467801
Algorithm converged after  2  iterations.
$gam
[1] 1.941176

$rankJ
[1] 0

$rankA
[1] 0 1 0

[1] 0.5996396
Algorithm converged after  2  iterations.
$gam
[1] 2.125

$rankJ
[1] 0

$rankA
[1] 0 1 0

[1] 0.6498664
Algorithm converged after  2  iterations.
$gam
[1] 2.333333

$rankJ
[1] 0

$rankA
[1] 0 1 0

[1] 0.6434104
Algorithm converged after  2  iterations.
$gam
[1] 2.571429

$rankJ
[1] 0

$rankA
[1] 0 1 0

[1] 0.642831
Algorithm converged after  2  iterations.
$gam
[1] 2.846154

$rankJ
[1] 0

$rankA
[1] 0 1 0

[1] 0.6426736
Algorithm converged after  2  iterations.
$gam
[1] 3.166667

$rankJ
[1] 0

$rankA
[1] 0 1 0

[1] 0.6426499
Algorithm converged after  2  iterations.
$gam
[1] 3.545455

$rankJ
[1] 0

$rankA
[1] 0 1 0

[1] 0.6426852
Algorithm converged after  2  iterations.
$gam
[1] 4

$rankJ
[1] 0

$rankA
[1] 0 1 0

[1] 0.6427503
Algorithm converged after  2  iterations.
$gam
[1] 4.555556

$rankJ
[1] 0

$rankA
[1] 0 1 0

[1] 0.6428313
Algorithm converged after  2  iterations.
$gam
[1] 5.25

$rankJ
[1] 0

$rankA
[1] 0 1 0

[1] 0.6429211
Algorithm converged after  2  iterations.
$gam
[1] 6.142857

$rankJ
[1] 0

$rankA
[1] 0 1 0

[1] 0.657189
Algorithm converged after  2  iterations.
$gam
[1] 7.333333

$rankJ
[1] 0

$rankA
[1] 0 1 0

[1] 0.6582812
Algorithm converged after  2  iterations.
$gam
[1] 9

$rankJ
[1] 0

$rankA
[1] 0 1 0

[1] 0.6586995
Algorithm converged after  2  iterations.
$gam
[1] 11.5

$rankJ
[1] 0

$rankA
[1] 0 1 0

[1] 0.2367888
Algorithm converged after  2  iterations.
$gam
[1] 15.66667

$rankJ
[1] 0

$rankA
[1] 0 1 0

[1] 0.2365746
Algorithm converged after  2  iterations.
$gam
[1] 24

$rankJ
[1] 0

$rankA
[1] 0 1 0

[1] 0.236377
Algorithm converged after  2  iterations.
$gam
[1] 49

$rankJ
[1] 0

$rankA
[1] 0 1 0

[1] 0.2362015
Algorithm converged after  2  iterations.
$gam
[1] 1e+10

$rankJ
[1] 0

$rankA
[1] 0 1 0

[1] 0.2360817
Algorithm converged after  2  iterations.
$gam
[1] 0

$rankJ
[1] 0

$rankA
[1] 0 0 1

[1] 0.5898235
Algorithm converged after  2  iterations.
$gam
[1] 0.02040816

$rankJ
[1] 0

$rankA
[1] 0 0 1

[1] 0.59139
Algorithm converged after  2  iterations.
$gam
[1] 0.04166667

$rankJ
[1] 0

$rankA
[1] 0 0 1

[1] 0.5927017
Algorithm converged after  2  iterations.
$gam
[1] 0.06382979

$rankJ
[1] 0

$rankA
[1] 0 0 1

[1] 0.5998527
Algorithm converged after  2  iterations.
$gam
[1] 0.08695652

$rankJ
[1] 0

$rankA
[1] 0 0 1

[1] 0.6095471
Algorithm converged after  2  iterations.
$gam
[1] 0.1111111

$rankJ
[1] 0

$rankA
[1] 0 0 1

[1] 0.6128411
Algorithm converged after  2  iterations.
$gam
[1] 0.1363636

$rankJ
[1] 0

$rankA
[1] 0 0 1

[1] 0.6156451
Algorithm converged after  2  iterations.
$gam
[1] 0.1627907

$rankJ
[1] 0

$rankA
[1] 0 0 1

[1] 0.6186616
Algorithm converged after  2  iterations.
$gam
[1] 0.1904762

$rankJ
[1] 0

$rankA
[1] 0 0 1

[1] 0.6219485
Algorithm converged after  2  iterations.
$gam
[1] 0.2195122

$rankJ
[1] 0

$rankA
[1] 0 0 1

[1] 0.6250021
Algorithm converged after  2  iterations.
$gam
[1] 0.25

$rankJ
[1] 0

$rankA
[1] 0 0 1

[1] 0.6273963
Algorithm converged after  2  iterations.
$gam
[1] 0.2820513

$rankJ
[1] 0

$rankA
[1] 0 0 1

[1] 0.6291892
Algorithm converged after  2  iterations.
$gam
[1] 0.3157895

$rankJ
[1] 0

$rankA
[1] 0 0 1

[1] 0.6305705
Algorithm converged after  2  iterations.
$gam
[1] 0.3513514

$rankJ
[1] 0

$rankA
[1] 0 0 1

[1] 0.6316825
Algorithm converged after  2  iterations.
$gam
[1] 0.3888889

$rankJ
[1] 0

$rankA
[1] 0 0 1

[1] 0.6326165
Algorithm converged after  2  iterations.
$gam
[1] 0.4285714

$rankJ
[1] 0

$rankA
[1] 0 0 1

[1] 0.6334323
Algorithm converged after  2  iterations.
$gam
[1] 0.4705882

$rankJ
[1] 0

$rankA
[1] 0 0 1

[1] 0.6341727
Algorithm converged after  2  iterations.
$gam
[1] 0.5151515

$rankJ
[1] 0

$rankA
[1] 0 0 1

[1] 0.6348721
Algorithm converged after  2  iterations.
$gam
[1] 0.5625

$rankJ
[1] 0

$rankA
[1] 0 0 1

[1] 0.6355625
Algorithm converged after  2  iterations.
$gam
[1] 0.6129032

$rankJ
[1] 0

$rankA
[1] 0 0 1

[1] 0.6362787
Algorithm converged after  2  iterations.
$gam
[1] 0.6666667

$rankJ
[1] 0

$rankA
[1] 0 0 1

[1] 0.6370627
Algorithm converged after  2  iterations.
$gam
[1] 0.7241379

$rankJ
[1] 0

$rankA
[1] 0 0 1

[1] 0.637968
Algorithm converged after  2  iterations.
$gam
[1] 0.7857143

$rankJ
[1] 0

$rankA
[1] 0 0 1

[1] 0.6390591
Algorithm converged after  2  iterations.
$gam
[1] 0.8518519

$rankJ
[1] 0

$rankA
[1] 0 0 1

[1] 0.6403953
Algorithm converged after  2  iterations.
$gam
[1] 0.9230769

$rankJ
[1] 0

$rankA
[1] 0 0 1

[1] 0.6419854
Algorithm converged after  2  iterations.
$gam
[1] 1

$rankJ
[1] 0

$rankA
[1] 0 0 1

[1] 0.6437386
Algorithm converged after  2  iterations.
$gam
[1] 1.083333

$rankJ
[1] 0

$rankA
[1] 0 0 1

[1] 0.6454905
Algorithm converged after  2  iterations.
$gam
[1] 1.173913

$rankJ
[1] 0

$rankA
[1] 0 0 1

[1] 0.6471021
Algorithm converged after  2  iterations.
$gam
[1] 1.272727

$rankJ
[1] 0

$rankA
[1] 0 0 1

[1] 0.6485132
Algorithm converged after  2  iterations.
$gam
[1] 1.380952

$rankJ
[1] 0

$rankA
[1] 0 0 1

[1] 0.6497233
Algorithm converged after  2  iterations.
$gam
[1] 1.5

$rankJ
[1] 0

$rankA
[1] 0 0 1

[1] 0.6507571
Algorithm converged after  2  iterations.
$gam
[1] 1.631579

$rankJ
[1] 0

$rankA
[1] 0 0 1

[1] 0.6516446
Algorithm converged after  2  iterations.
$gam
[1] 1.777778

$rankJ
[1] 0

$rankA
[1] 0 0 1

[1] 0.6524129
Algorithm converged after  2  iterations.
$gam
[1] 1.941176

$rankJ
[1] 0

$rankA
[1] 0 0 1

[1] 0.6530845
Algorithm converged after  2  iterations.
$gam
[1] 2.125

$rankJ
[1] 0

$rankA
[1] 0 0 1

[1] 0.6536773
Algorithm converged after  2  iterations.
$gam
[1] 2.333333

$rankJ
[1] 0

$rankA
[1] 0 0 1

[1] 0.6542056
Algorithm converged after  2  iterations.
$gam
[1] 2.571429

$rankJ
[1] 0

$rankA
[1] 0 0 1

[1] 0.6546805
Algorithm converged after  2  iterations.
$gam
[1] 2.846154

$rankJ
[1] 0

$rankA
[1] 0 0 1

[1] 0.6551109
Algorithm converged after  2  iterations.
$gam
[1] 3.166667

$rankJ
[1] 0

$rankA
[1] 0 0 1

[1] 0.6555042
Algorithm converged after  2  iterations.
$gam
[1] 3.545455

$rankJ
[1] 0

$rankA
[1] 0 0 1

[1] 0.6558661
Algorithm converged after  2  iterations.
$gam
[1] 4

$rankJ
[1] 0

$rankA
[1] 0 0 1

[1] 0.6562016
Algorithm converged after  2  iterations.
$gam
[1] 4.555556

$rankJ
[1] 0

$rankA
[1] 0 0 1

[1] 0.6565145
Algorithm converged after  2  iterations.
$gam
[1] 5.25

$rankJ
[1] 0

$rankA
[1] 0 0 1

[1] 0.6568085
Algorithm converged after  2  iterations.
$gam
[1] 6.142857

$rankJ
[1] 0

$rankA
[1] 0 0 1

[1] 0.6570865
Algorithm converged after  2  iterations.
$gam
[1] 7.333333

$rankJ
[1] 0

$rankA
[1] 0 0 1

[1] 0.6573513
Algorithm converged after  2  iterations.
$gam
[1] 9

$rankJ
[1] 0

$rankA
[1] 0 0 1

[1] 0.6576053
Algorithm converged after  2  iterations.
$gam
[1] 11.5

$rankJ
[1] 0

$rankA
[1] 0 0 1

[1] 0.2063697
Algorithm converged after  2  iterations.
$gam
[1] 15.66667

$rankJ
[1] 0

$rankA
[1] 0 0 1

[1] 0.2059772
Algorithm converged after  2  iterations.
$gam
[1] 24

$rankJ
[1] 0

$rankA
[1] 0 0 1

[1] 0.2056673
Algorithm converged after  2  iterations.
$gam
[1] 49

$rankJ
[1] 0

$rankA
[1] 0 0 1

[1] 0.2054556
Algorithm converged after  2  iterations.
$gam
[1] 1e+10

$rankJ
[1] 0

$rankA
[1] 0 0 1

[1] 0.205373
Algorithm converged after  2  iterations.
$gam
[1] 0

$rankJ
[1] 1

$rankA
[1] 0 0 0

[1] 0.531334
Algorithm converged after  2  iterations.
$gam
[1] 0.02040816

$rankJ
[1] 1

$rankA
[1] 0 0 0

[1] 0.5341538
Algorithm converged after  2  iterations.
$gam
[1] 0.04166667

$rankJ
[1] 1

$rankA
[1] 0 0 0

[1] 0.5375454
Algorithm converged after  2  iterations.
$gam
[1] 0.06382979

$rankJ
[1] 1

$rankA
[1] 0 0 0

[1] 0.5452826
Algorithm converged after  2  iterations.
$gam
[1] 0.08695652

$rankJ
[1] 1

$rankA
[1] 0 0 0

[1] 0.552961
Algorithm converged after  2  iterations.
$gam
[1] 0.1111111

$rankJ
[1] 1

$rankA
[1] 0 0 0

[1] 0.5610874
Algorithm converged after  2  iterations.
$gam
[1] 0.1363636

$rankJ
[1] 1

$rankA
[1] 0 0 0

[1] 0.5690466
Algorithm converged after  2  iterations.
$gam
[1] 0.1627907

$rankJ
[1] 1

$rankA
[1] 0 0 0

[1] 0.5768588
Algorithm converged after  2  iterations.
$gam
[1] 0.1904762

$rankJ
[1] 1

$rankA
[1] 0 0 0

[1] 0.5850418
Algorithm converged after  2  iterations.
$gam
[1] 0.2195122

$rankJ
[1] 1

$rankA
[1] 0 0 0

[1] 0.5926711
Algorithm converged after  2  iterations.
$gam
[1] 0.25

$rankJ
[1] 1

$rankA
[1] 0 0 0

[1] 0.5983195
Algorithm converged after  2  iterations.
$gam
[1] 0.2820513

$rankJ
[1] 1

$rankA
[1] 0 0 0

[1] 0.6021109
Algorithm converged after  2  iterations.
$gam
[1] 0.3157895

$rankJ
[1] 1

$rankA
[1] 0 0 0

[1] 0.6047552
Algorithm converged after  2  iterations.
$gam
[1] 0.3513514

$rankJ
[1] 1

$rankA
[1] 0 0 0

[1] 0.6067201
Algorithm converged after  2  iterations.
$gam
[1] 0.3888889

$rankJ
[1] 1

$rankA
[1] 0 0 0

[1] 0.6082597
Algorithm converged after  2  iterations.
$gam
[1] 0.4285714

$rankJ
[1] 1

$rankA
[1] 0 0 0

[1] 0.6095172
Algorithm converged after  2  iterations.
$gam
[1] 0.4705882

$rankJ
[1] 1

$rankA
[1] 0 0 0

[1] 0.6105792
Algorithm converged after  2  iterations.
$gam
[1] 0.5151515

$rankJ
[1] 1

$rankA
[1] 0 0 0

[1] 0.6115022
Algorithm converged after  2  iterations.
$gam
[1] 0.5625

$rankJ
[1] 1

$rankA
[1] 0 0 0

[1] 0.6123262
Algorithm converged after  2  iterations.
$gam
[1] 0.6129032

$rankJ
[1] 1

$rankA
[1] 0 0 0

[1] 0.6130823
Algorithm converged after  2  iterations.
$gam
[1] 0.6666667

$rankJ
[1] 1

$rankA
[1] 0 0 0

[1] 0.6137977
Algorithm converged after  2  iterations.
$gam
[1] 0.7241379

$rankJ
[1] 1

$rankA
[1] 0 0 0

[1] 0.6144995
Algorithm converged after  2  iterations.
$gam
[1] 0.7857143

$rankJ
[1] 1

$rankA
[1] 0 0 0

[1] 0.6152191
Algorithm converged after  2  iterations.
$gam
[1] 0.8518519

$rankJ
[1] 1

$rankA
[1] 0 0 0

[1] 0.6159972
Algorithm converged after  2  iterations.
$gam
[1] 0.9230769

$rankJ
[1] 1

$rankA
[1] 0 0 0

[1] 0.6168918
Algorithm converged after  2  iterations.
$gam
[1] 1

$rankJ
[1] 1

$rankA
[1] 0 0 0

[1] 0.6179873
Algorithm converged after  2  iterations.
$gam
[1] 1.083333

$rankJ
[1] 1

$rankA
[1] 0 0 0

[1] 0.6194016
Algorithm converged after  2  iterations.
$gam
[1] 1.173913

$rankJ
[1] 1

$rankA
[1] 0 0 0

[1] 0.6212703
Algorithm converged after  2  iterations.
$gam
[1] 1.272727

$rankJ
[1] 1

$rankA
[1] 0 0 0

[1] 0.6236783
Algorithm converged after  2  iterations.
$gam
[1] 1.380952

$rankJ
[1] 1

$rankA
[1] 0 0 0

[1] 0.6265553
Algorithm converged after  2  iterations.
$gam
[1] 1.5

$rankJ
[1] 1

$rankA
[1] 0 0 0

[1] 0.6296672
Algorithm converged after  2  iterations.
$gam
[1] 1.631579

$rankJ
[1] 1

$rankA
[1] 0 0 0

[1] 0.6327523
Algorithm converged after  2  iterations.
$gam
[1] 1.777778

$rankJ
[1] 1

$rankA
[1] 0 0 0

[1] 0.6356386
Algorithm converged after  2  iterations.
$gam
[1] 1.941176

$rankJ
[1] 1

$rankA
[1] 0 0 0

[1] 0.6382555
Algorithm converged after  2  iterations.
$gam
[1] 2.125

$rankJ
[1] 1

$rankA
[1] 0 0 0

[1] 0.6405947
Algorithm converged after  2  iterations.
$gam
[1] 2.333333

$rankJ
[1] 1

$rankA
[1] 0 0 0

[1] 0.642677
Algorithm converged after  2  iterations.
$gam
[1] 2.571429

$rankJ
[1] 1

$rankA
[1] 0 0 0

[1] 0.6270176
Algorithm converged after  2  iterations.
$gam
[1] 2.846154

$rankJ
[1] 1

$rankA
[1] 0 0 0

[1] 0.6240297
Algorithm converged after  2  iterations.
$gam
[1] 3.166667

$rankJ
[1] 1

$rankA
[1] 0 0 0

[1] 0.6227516
Algorithm converged after  2  iterations.
$gam
[1] 3.545455

$rankJ
[1] 1

$rankA
[1] 0 0 0

[1] 0.6220392
Algorithm converged after  2  iterations.
$gam
[1] 4

$rankJ
[1] 1

$rankA
[1] 0 0 0

[1] 0.6502652
Algorithm converged after  2  iterations.
$gam
[1] 4.555556

$rankJ
[1] 1

$rankA
[1] 0 0 0

[1] 0.6513911
Algorithm converged after  2  iterations.
$gam
[1] 5.25

$rankJ
[1] 1

$rankA
[1] 0 0 0

[1] 0.652429
Algorithm converged after  2  iterations.
$gam
[1] 6.142857

$rankJ
[1] 1

$rankA
[1] 0 0 0

[1] 0.6533923
Algorithm converged after  2  iterations.
$gam
[1] 7.333333

$rankJ
[1] 1

$rankA
[1] 0 0 0

[1] 0.6542926
Algorithm converged after  2  iterations.
$gam
[1] 9

$rankJ
[1] 1

$rankA
[1] 0 0 0

[1] 0.6551406
Algorithm converged after  2  iterations.
$gam
[1] 11.5

$rankJ
[1] 1

$rankA
[1] 0 0 0

[1] 0.1854224
Algorithm converged after  2  iterations.
$gam
[1] 15.66667

$rankJ
[1] 1

$rankA
[1] 0 0 0

[1] 0.1842802
Algorithm converged after  2  iterations.
$gam
[1] 24

$rankJ
[1] 1

$rankA
[1] 0 0 0

[1] 0.1832746
Algorithm converged after  2  iterations.
$gam
[1] 49

$rankJ
[1] 1

$rankA
[1] 0 0 0

[1] 0.1824597
Algorithm converged after  2  iterations.
$gam
[1] 1e+10

$rankJ
[1] 1

$rankA
[1] 0 0 0

[1] 0.1820318
Algorithm converged after  2  iterations.
$gam
[1] 0

$rankJ
[1] 0

$rankA
[1] 2 0 0

[1] 0.5640913
Algorithm converged after  2  iterations.
$gam
[1] 0.02040816

$rankJ
[1] 0

$rankA
[1] 2 0 0

[1] 0.5668341
Algorithm converged after  2  iterations.
$gam
[1] 0.04166667

$rankJ
[1] 0

$rankA
[1] 2 0 0

[1] 0.5676884
Algorithm converged after  2  iterations.
$gam
[1] 0.06382979

$rankJ
[1] 0

$rankA
[1] 2 0 0

[1] 0.5677983
Algorithm converged after  2  iterations.
$gam
[1] 0.08695652

$rankJ
[1] 0

$rankA
[1] 2 0 0

[1] 0.5678723
Algorithm converged after  2  iterations.
$gam
[1] 0.1111111

$rankJ
[1] 0

$rankA
[1] 2 0 0

[1] 0.5680135
Algorithm converged after  2  iterations.
$gam
[1] 0.1363636

$rankJ
[1] 0

$rankA
[1] 2 0 0

[1] 0.5683892
Algorithm converged after  2  iterations.
$gam
[1] 0.1627907

$rankJ
[1] 0

$rankA
[1] 2 0 0

[1] 0.5694089
Algorithm converged after  2  iterations.
$gam
[1] 0.1904762

$rankJ
[1] 0

$rankA
[1] 2 0 0

[1] 0.5713646
Algorithm converged after  2  iterations.
$gam
[1] 0.2195122

$rankJ
[1] 0

$rankA
[1] 2 0 0

[1] 0.573372
Algorithm converged after  2  iterations.
$gam
[1] 0.25

$rankJ
[1] 0

$rankA
[1] 2 0 0

[1] 0.5750576
Algorithm converged after  2  iterations.
$gam
[1] 0.2820513

$rankJ
[1] 0

$rankA
[1] 2 0 0

[1] 0.5769045
Algorithm converged after  2  iterations.
$gam
[1] 0.3157895

$rankJ
[1] 0

$rankA
[1] 2 0 0

[1] 0.5793862
Algorithm converged after  2  iterations.
$gam
[1] 0.3513514

$rankJ
[1] 0

$rankA
[1] 2 0 0

[1] 0.5828917
Algorithm converged after  2  iterations.
$gam
[1] 0.3888889

$rankJ
[1] 0

$rankA
[1] 2 0 0

[1] 0.5876054
Algorithm converged after  2  iterations.
$gam
[1] 0.4285714

$rankJ
[1] 0

$rankA
[1] 2 0 0

[1] 0.5935979
Algorithm converged after  2  iterations.
$gam
[1] 0.4705882

$rankJ
[1] 0

$rankA
[1] 2 0 0

[1] 0.5997282
Algorithm converged after  2  iterations.
$gam
[1] 0.5151515

$rankJ
[1] 0

$rankA
[1] 2 0 0

[1] 0.6039114
Algorithm converged after  2  iterations.
$gam
[1] 0.5625

$rankJ
[1] 0

$rankA
[1] 2 0 0

[1] 0.6072739
Algorithm converged after  2  iterations.
$gam
[1] 0.6129032

$rankJ
[1] 0

$rankA
[1] 2 0 0

[1] 0.6104139
Algorithm converged after  2  iterations.
$gam
[1] 0.6666667

$rankJ
[1] 0

$rankA
[1] 2 0 0

[1] 0.6136441
Algorithm converged after  2  iterations.
$gam
[1] 0.7241379

$rankJ
[1] 0

$rankA
[1] 2 0 0

[1] 0.6173943
Algorithm converged after  2  iterations.
$gam
[1] 0.7857143

$rankJ
[1] 0

$rankA
[1] 2 0 0

[1] 0.6227236
Algorithm converged after  2  iterations.
$gam
[1] 0.8518519

$rankJ
[1] 0

$rankA
[1] 2 0 0

[1] 0.6330385
Algorithm converged after  2  iterations.
$gam
[1] 0.9230769

$rankJ
[1] 0

$rankA
[1] 2 0 0

[1] 0.6414909
Algorithm converged after  2  iterations.
$gam
[1] 1

$rankJ
[1] 0

$rankA
[1] 2 0 0

[1] 0.6437827
Algorithm converged after  2  iterations.
$gam
[1] 1.083333

$rankJ
[1] 0

$rankA
[1] 2 0 0

[1] 0.6449266
Algorithm converged after  2  iterations.
$gam
[1] 1.173913

$rankJ
[1] 0

$rankA
[1] 2 0 0

[1] 0.6456871
Algorithm converged after  2  iterations.
$gam
[1] 1.272727

$rankJ
[1] 0

$rankA
[1] 2 0 0

[1] 0.6462636
Algorithm converged after  2  iterations.
$gam
[1] 1.380952

$rankJ
[1] 0

$rankA
[1] 2 0 0

[1] 0.6467341
Algorithm converged after  2  iterations.
$gam
[1] 1.5

$rankJ
[1] 0

$rankA
[1] 2 0 0

[1] 0.6471366
Algorithm converged after  2  iterations.
$gam
[1] 1.631579

$rankJ
[1] 0

$rankA
[1] 2 0 0

[1] 0.6474923
Algorithm converged after  2  iterations.
$gam
[1] 1.777778

$rankJ
[1] 0

$rankA
[1] 2 0 0

[1] 0.6478136
Algorithm converged after  2  iterations.
$gam
[1] 1.941176

$rankJ
[1] 0

$rankA
[1] 2 0 0

[1] 0.6481083
Algorithm converged after  2  iterations.
$gam
[1] 2.125

$rankJ
[1] 0

$rankA
[1] 2 0 0

[1] 0.6483817
Algorithm converged after  2  iterations.
$gam
[1] 2.333333

$rankJ
[1] 0

$rankA
[1] 2 0 0

[1] 0.6486375
Algorithm converged after  2  iterations.
$gam
[1] 2.571429

$rankJ
[1] 0

$rankA
[1] 2 0 0

[1] 0.6488784
Algorithm converged after  2  iterations.
$gam
[1] 2.846154

$rankJ
[1] 0

$rankA
[1] 2 0 0

[1] 0.6491064
Algorithm converged after  2  iterations.
$gam
[1] 3.166667

$rankJ
[1] 0

$rankA
[1] 2 0 0

[1] 0.6493231
Algorithm converged after  2  iterations.
$gam
[1] 3.545455

$rankJ
[1] 0

$rankA
[1] 2 0 0

[1] 0.6495298
Algorithm converged after  2  iterations.
$gam
[1] 4

$rankJ
[1] 0

$rankA
[1] 2 0 0

[1] 0.6497276
Algorithm converged after  2  iterations.
$gam
[1] 4.555556

$rankJ
[1] 0

$rankA
[1] 2 0 0

[1] 0.6499174
Algorithm converged after  2  iterations.
$gam
[1] 5.25

$rankJ
[1] 0

$rankA
[1] 2 0 0

[1] 0.6500999
Algorithm converged after  2  iterations.
$gam
[1] 6.142857

$rankJ
[1] 0

$rankA
[1] 2 0 0

[1] 0.6502759
Algorithm converged after  2  iterations.
$gam
[1] 7.333333

$rankJ
[1] 0

$rankA
[1] 2 0 0

[1] 0.6504459
Algorithm converged after  2  iterations.
$gam
[1] 9

$rankJ
[1] 0

$rankA
[1] 2 0 0

[1] 0.6506103
Algorithm converged after  2  iterations.
$gam
[1] 11.5

$rankJ
[1] 0

$rankA
[1] 2 0 0

[1] 0.2298898
Algorithm converged after  2  iterations.
$gam
[1] 15.66667

$rankJ
[1] 0

$rankA
[1] 2 0 0

[1] 0.2298696
Algorithm converged after  2  iterations.
$gam
[1] 24

$rankJ
[1] 0

$rankA
[1] 2 0 0

[1] 0.2298521
Algorithm converged after  2  iterations.
$gam
[1] 49

$rankJ
[1] 0

$rankA
[1] 2 0 0

[1] 0.2298387
Algorithm converged after  2  iterations.
$gam
[1] 1e+10

$rankJ
[1] 0

$rankA
[1] 2 0 0

[1] 0.2298325
Algorithm converged after  2  iterations.
$gam
[1] 0

$rankJ
[1] 0

$rankA
[1] 0 2 0

[1] 0.5685344
Algorithm converged after  2  iterations.
$gam
[1] 0.02040816

$rankJ
[1] 0

$rankA
[1] 0 2 0

[1] 0.5693026
Algorithm converged after  2  iterations.
$gam
[1] 0.04166667

$rankJ
[1] 0

$rankA
[1] 0 2 0

[1] 0.5699512
Algorithm converged after  2  iterations.
$gam
[1] 0.06382979

$rankJ
[1] 0

$rankA
[1] 0 2 0

[1] 0.569987
Algorithm converged after  2  iterations.
$gam
[1] 0.08695652

$rankJ
[1] 0

$rankA
[1] 0 2 0

[1] 0.5700988
Algorithm converged after  2  iterations.
$gam
[1] 0.1111111

$rankJ
[1] 0

$rankA
[1] 0 2 0

[1] 0.570482
Algorithm converged after  2  iterations.
$gam
[1] 0.1363636

$rankJ
[1] 0

$rankA
[1] 0 2 0

[1] 0.5714015
Algorithm converged after  2  iterations.
$gam
[1] 0.1627907

$rankJ
[1] 0

$rankA
[1] 0 2 0

[1] 0.573101
Algorithm converged after  2  iterations.
$gam
[1] 0.1904762

$rankJ
[1] 0

$rankA
[1] 0 2 0

[1] 0.5754564
Algorithm converged after  2  iterations.
$gam
[1] 0.2195122

$rankJ
[1] 0

$rankA
[1] 0 2 0

[1] 0.5777539
Algorithm converged after  2  iterations.
$gam
[1] 0.25

$rankJ
[1] 0

$rankA
[1] 0 2 0

[1] 0.5809457
Algorithm converged after  2  iterations.
$gam
[1] 0.2820513

$rankJ
[1] 0

$rankA
[1] 0 2 0

[1] 0.5867549
Algorithm converged after  2  iterations.
$gam
[1] 0.3157895

$rankJ
[1] 0

$rankA
[1] 0 2 0

[1] 0.5918591
Algorithm converged after  2  iterations.
$gam
[1] 0.3513514

$rankJ
[1] 0

$rankA
[1] 0 2 0

[1] 0.5951205
Algorithm converged after  2  iterations.
$gam
[1] 0.3888889

$rankJ
[1] 0

$rankA
[1] 0 2 0

[1] 0.597657
Algorithm converged after  2  iterations.
$gam
[1] 0.4285714

$rankJ
[1] 0

$rankA
[1] 0 2 0

[1] 0.5999818
Algorithm converged after  2  iterations.
$gam
[1] 0.4705882

$rankJ
[1] 0

$rankA
[1] 0 2 0

[1] 0.6022928
Algorithm converged after  2  iterations.
$gam
[1] 0.5151515

$rankJ
[1] 0

$rankA
[1] 0 2 0

[1] 0.60468
Algorithm converged after  2  iterations.
$gam
[1] 0.5625

$rankJ
[1] 0

$rankA
[1] 0 2 0

[1] 0.6071797
Algorithm converged after  2  iterations.
$gam
[1] 0.6129032

$rankJ
[1] 0

$rankA
[1] 0 2 0

[1] 0.6097838
Algorithm converged after  2  iterations.
$gam
[1] 0.6666667

$rankJ
[1] 0

$rankA
[1] 0 2 0

[1] 0.6124511
Algorithm converged after  2  iterations.
$gam
[1] 0.7241379

$rankJ
[1] 0

$rankA
[1] 0 2 0

[1] 0.6151567
Algorithm converged after  2  iterations.
$gam
[1] 0.7857143

$rankJ
[1] 0

$rankA
[1] 0 2 0

[1] 0.6180375
Algorithm converged after  2  iterations.
$gam
[1] 0.8518519

$rankJ
[1] 0

$rankA
[1] 0 2 0

[1] 0.6219466
Algorithm converged after  2  iterations.
$gam
[1] 0.9230769

$rankJ
[1] 0

$rankA
[1] 0 2 0

[1] 0.6304681
Algorithm converged after  2  iterations.
$gam
[1] 1

$rankJ
[1] 0

$rankA
[1] 0 2 0

[1] 0.6357388
Algorithm converged after  2  iterations.
$gam
[1] 1.083333

$rankJ
[1] 0

$rankA
[1] 0 2 0

[1] 0.6373319
Algorithm converged after  2  iterations.
$gam
[1] 1.173913

$rankJ
[1] 0

$rankA
[1] 0 2 0

[1] 0.6381833
Algorithm converged after  2  iterations.
$gam
[1] 1.272727

$rankJ
[1] 0

$rankA
[1] 0 2 0

[1] 0.6387616
Algorithm converged after  2  iterations.
$gam
[1] 1.380952

$rankJ
[1] 0

$rankA
[1] 0 2 0

[1] 0.6392021
Algorithm converged after  2  iterations.
$gam
[1] 1.5

$rankJ
[1] 0

$rankA
[1] 0 2 0

[1] 0.6395633
Algorithm converged after  2  iterations.
$gam
[1] 1.631579

$rankJ
[1] 0

$rankA
[1] 0 2 0

[1] 0.6398776
Algorithm converged after  2  iterations.
$gam
[1] 1.777778

$rankJ
[1] 0

$rankA
[1] 0 2 0

[1] 0.6401634
Algorithm converged after  2  iterations.
$gam
[1] 1.941176

$rankJ
[1] 0

$rankA
[1] 0 2 0

[1] 0.5988832
Algorithm converged after  2  iterations.
$gam
[1] 2.125

$rankJ
[1] 0

$rankA
[1] 0 2 0

[1] 0.6406806
Algorithm converged after  2  iterations.
$gam
[1] 2.333333

$rankJ
[1] 0

$rankA
[1] 0 2 0

[1] 0.6409326
Algorithm converged after  2  iterations.
$gam
[1] 2.571429

$rankJ
[1] 0

$rankA
[1] 0 2 0

[1] 0.6417176
Algorithm converged after  2  iterations.
$gam
[1] 2.846154

$rankJ
[1] 0

$rankA
[1] 0 2 0

[1] 0.6419891
Algorithm converged after  2  iterations.
$gam
[1] 3.166667

$rankJ
[1] 0

$rankA
[1] 0 2 0

[1] 0.6421899
Algorithm converged after  2  iterations.
$gam
[1] 3.545455

$rankJ
[1] 0

$rankA
[1] 0 2 0

[1] 0.6423547
Algorithm converged after  2  iterations.
$gam
[1] 4

$rankJ
[1] 0

$rankA
[1] 0 2 0

[1] 0.6425045
Algorithm converged after  2  iterations.
$gam
[1] 4.555556

$rankJ
[1] 0

$rankA
[1] 0 2 0

[1] 0.6426457
Algorithm converged after  2  iterations.
$gam
[1] 5.25

$rankJ
[1] 0

$rankA
[1] 0 2 0

[1] 0.6427804
Algorithm converged after  2  iterations.
$gam
[1] 6.142857

$rankJ
[1] 0

$rankA
[1] 0 2 0

[1] 0.6424995
Algorithm converged after  2  iterations.
$gam
[1] 7.333333

$rankJ
[1] 0

$rankA
[1] 0 2 0

[1] 0.6426622
Algorithm converged after  2  iterations.
$gam
[1] 9

$rankJ
[1] 0

$rankA
[1] 0 2 0

[1] 0.6428243
Algorithm converged after  2  iterations.
$gam
[1] 11.5

$rankJ
[1] 0

$rankA
[1] 0 2 0

[1] 0.2313741
Algorithm converged after  2  iterations.
$gam
[1] 15.66667

$rankJ
[1] 0

$rankA
[1] 0 2 0

[1] 0.2313609
Algorithm converged after  2  iterations.
$gam
[1] 24

$rankJ
[1] 0

$rankA
[1] 0 2 0

[1] 0.2313479
Algorithm converged after  2  iterations.
$gam
[1] 49

$rankJ
[1] 0

$rankA
[1] 0 2 0

[1] 0.2313355
Algorithm converged after  2  iterations.
$gam
[1] 1e+10

$rankJ
[1] 0

$rankA
[1] 0 2 0

[1] 0.2313267
Algorithm converged after  2  iterations.
$gam
[1] 0

$rankJ
[1] 0

$rankA
[1] 0 0 2

[1] 0.5898235
Algorithm converged after  2  iterations.
$gam
[1] 0.02040816

$rankJ
[1] 0

$rankA
[1] 0 0 2

[1] 0.5910895
Algorithm converged after  2  iterations.
$gam
[1] 0.04166667

$rankJ
[1] 0

$rankA
[1] 0 0 2

[1] 0.5909226
Algorithm converged after  2  iterations.
$gam
[1] 0.06382979

$rankJ
[1] 0

$rankA
[1] 0 0 2

[1] 0.591022
Algorithm converged after  2  iterations.
$gam
[1] 0.08695652

$rankJ
[1] 0

$rankA
[1] 0 0 2

[1] 0.5913317
Algorithm converged after  2  iterations.
$gam
[1] 0.1111111

$rankJ
[1] 0

$rankA
[1] 0 0 2

[1] 0.5917483
Algorithm converged after  2  iterations.
$gam
[1] 0.1363636

$rankJ
[1] 0

$rankA
[1] 0 0 2

[1] 0.5923963
Algorithm converged after  2  iterations.
$gam
[1] 0.1627907

$rankJ
[1] 0

$rankA
[1] 0 0 2

[1] 0.593881
Algorithm converged after  2  iterations.
$gam
[1] 0.1904762

$rankJ
[1] 0

$rankA
[1] 0 0 2

[1] 0.5988236
Algorithm converged after  2  iterations.
$gam
[1] 0.2195122

$rankJ
[1] 0

$rankA
[1] 0 0 2

[1] 0.6057174
Algorithm converged after  2  iterations.
$gam
[1] 0.25

$rankJ
[1] 0

$rankA
[1] 0 0 2

[1] 0.6091796
Algorithm converged after  2  iterations.
$gam
[1] 0.2820513

$rankJ
[1] 0

$rankA
[1] 0 0 2

[1] 0.6111399
Algorithm converged after  2  iterations.
$gam
[1] 0.3157895

$rankJ
[1] 0

$rankA
[1] 0 0 2

[1] 0.6126173
Algorithm converged after  2  iterations.
$gam
[1] 0.3513514

$rankJ
[1] 0

$rankA
[1] 0 0 2

[1] 0.6139399
Algorithm converged after  2  iterations.
$gam
[1] 0.3888889

$rankJ
[1] 0

$rankA
[1] 0 0 2

[1] 0.6152492
Algorithm converged after  2  iterations.
$gam
[1] 0.4285714

$rankJ
[1] 0

$rankA
[1] 0 0 2

[1] 0.616637
Algorithm converged after  2  iterations.
$gam
[1] 0.4705882

$rankJ
[1] 0

$rankA
[1] 0 0 2

[1] 0.6181924
Algorithm converged after  2  iterations.
$gam
[1] 0.5151515

$rankJ
[1] 0

$rankA
[1] 0 0 2

[1] 0.6200469
Algorithm converged after  2  iterations.
$gam
[1] 0.5625

$rankJ
[1] 0

$rankA
[1] 0 0 2

[1] 0.62248
Algorithm converged after  2  iterations.
$gam
[1] 0.6129032

$rankJ
[1] 0

$rankA
[1] 0 0 2

[1] 0.6264093
Algorithm converged after  2  iterations.
$gam
[1] 0.6666667

$rankJ
[1] 0

$rankA
[1] 0 0 2

[1] 0.6326348
Algorithm converged after  2  iterations.
$gam
[1] 0.7241379

$rankJ
[1] 0

$rankA
[1] 0 0 2

[1] 0.6341033
Algorithm converged after  2  iterations.
$gam
[1] 0.7857143

$rankJ
[1] 0

$rankA
[1] 0 0 2

[1] 0.6348032
Algorithm converged after  2  iterations.
$gam
[1] 0.8518519

$rankJ
[1] 0

$rankA
[1] 0 0 2

[1] 0.6353038
Algorithm converged after  2  iterations.
$gam
[1] 0.9230769

$rankJ
[1] 0

$rankA
[1] 0 0 2

[1] 0.6357112
Algorithm converged after  2  iterations.
$gam
[1] 1

$rankJ
[1] 0

$rankA
[1] 0 0 2

[1] 0.6360635
Algorithm converged after  2  iterations.
$gam
[1] 1.083333

$rankJ
[1] 0

$rankA
[1] 0 0 2

[1] 0.6363791
Algorithm converged after  2  iterations.
$gam
[1] 1.173913

$rankJ
[1] 0

$rankA
[1] 0 0 2

[1] 0.6366683
Algorithm converged after  2  iterations.
$gam
[1] 1.272727

$rankJ
[1] 0

$rankA
[1] 0 0 2

[1] 0.6369372
Algorithm converged after  2  iterations.
$gam
[1] 1.380952

$rankJ
[1] 0

$rankA
[1] 0 0 2

[1] 0.6371899
Algorithm converged after  2  iterations.
$gam
[1] 1.5

$rankJ
[1] 0

$rankA
[1] 0 0 2

[1] 0.637429
Algorithm converged after  2  iterations.
$gam
[1] 1.631579

$rankJ
[1] 0

$rankA
[1] 0 0 2

[1] 0.6376565
Algorithm converged after  2  iterations.
$gam
[1] 1.777778

$rankJ
[1] 0

$rankA
[1] 0 0 2

[1] 0.6378736
Algorithm converged after  2  iterations.
$gam
[1] 1.941176

$rankJ
[1] 0

$rankA
[1] 0 0 2

[1] 0.6380816
Algorithm converged after  2  iterations.
$gam
[1] 2.125

$rankJ
[1] 0

$rankA
[1] 0 0 2

[1] 0.6382814
Algorithm converged after  2  iterations.
$gam
[1] 2.333333

$rankJ
[1] 0

$rankA
[1] 0 0 2

[1] 0.6384738
Algorithm converged after  2  iterations.
$gam
[1] 2.571429

$rankJ
[1] 0

$rankA
[1] 0 0 2

[1] 0.6386593
Algorithm converged after  2  iterations.
$gam
[1] 2.846154

$rankJ
[1] 0

$rankA
[1] 0 0 2

[1] 0.6388387
Algorithm converged after  2  iterations.
$gam
[1] 3.166667

$rankJ
[1] 0

$rankA
[1] 0 0 2

[1] 0.6390123
Algorithm converged after  2  iterations.
$gam
[1] 3.545455

$rankJ
[1] 0

$rankA
[1] 0 0 2

[1] 0.6391806
Algorithm converged after  2  iterations.
$gam
[1] 4

$rankJ
[1] 0

$rankA
[1] 0 0 2

[1] 0.6393439
Algorithm converged after  2  iterations.
$gam
[1] 4.555556

$rankJ
[1] 0

$rankA
[1] 0 0 2

[1] 0.6395027
Algorithm converged after  2  iterations.
$gam
[1] 5.25

$rankJ
[1] 0

$rankA
[1] 0 0 2

[1] 0.6396573
Algorithm converged after  2  iterations.
$gam
[1] 6.142857

$rankJ
[1] 0

$rankA
[1] 0 0 2

[1] 0.6398078
Algorithm converged after  2  iterations.
$gam
[1] 7.333333

$rankJ
[1] 0

$rankA
[1] 0 0 2

[1] 0.6399545
Algorithm converged after  2  iterations.
$gam
[1] 9

$rankJ
[1] 0

$rankA
[1] 0 0 2

[1] 0.6400978
Algorithm converged after  2  iterations.
$gam
[1] 11.5

$rankJ
[1] 0

$rankA
[1] 0 0 2

[1] 0.1937342
Algorithm converged after  2  iterations.
$gam
[1] 15.66667

$rankJ
[1] 0

$rankA
[1] 0 0 2

[1] 0.1937037
Algorithm converged after  2  iterations.
$gam
[1] 24

$rankJ
[1] 0

$rankA
[1] 0 0 2

[1] 0.193678
Algorithm converged after  2  iterations.
$gam
[1] 49

$rankJ
[1] 0

$rankA
[1] 0 0 2

[1] 0.1936595
Algorithm converged after  2  iterations.
$gam
[1] 1e+10

$rankJ
[1] 0

$rankA
[1] 0 0 2

[1] 0.1936519
Algorithm converged after  2  iterations.
$gam
[1] 0

$rankJ
[1] 0

$rankA
[1] 1 1 0

[1] 0.4536355
Algorithm converged after  2  iterations.
$gam
[1] 0.02040816

$rankJ
[1] 0

$rankA
[1] 1 1 0

[1] 0.4617521
Algorithm converged after  2  iterations.
$gam
[1] 0.04166667

$rankJ
[1] 0

$rankA
[1] 1 1 0

[1] 0.4695626
Algorithm converged after  2  iterations.
$gam
[1] 0.06382979

$rankJ
[1] 0

$rankA
[1] 1 1 0

[1] 0.4784894
Algorithm converged after  2  iterations.
$gam
[1] 0.08695652

$rankJ
[1] 0

$rankA
[1] 1 1 0

[1] 0.4864241
Algorithm converged after  2  iterations.
$gam
[1] 0.1111111

$rankJ
[1] 0

$rankA
[1] 1 1 0

[1] 0.495367
Algorithm converged after  2  iterations.
$gam
[1] 0.1363636

$rankJ
[1] 0

$rankA
[1] 1 1 0

[1] 0.5038417
Algorithm converged after  2  iterations.
$gam
[1] 0.1627907

$rankJ
[1] 0

$rankA
[1] 1 1 0

[1] 0.5118324
Algorithm converged after  2  iterations.
$gam
[1] 0.1904762

$rankJ
[1] 0

$rankA
[1] 1 1 0

[1] 0.5199169
Algorithm converged after  2  iterations.
$gam
[1] 0.2195122

$rankJ
[1] 0

$rankA
[1] 1 1 0

[1] 0.528571
Algorithm converged after  2  iterations.
$gam
[1] 0.25

$rankJ
[1] 0

$rankA
[1] 1 1 0

[1] 0.5383977
Algorithm converged after  2  iterations.
$gam
[1] 0.2820513

$rankJ
[1] 0

$rankA
[1] 1 1 0

[1] 0.5501814
Algorithm converged after  2  iterations.
$gam
[1] 0.3157895

$rankJ
[1] 0

$rankA
[1] 1 1 0

[1] 0.5633661
Algorithm converged after  2  iterations.
$gam
[1] 0.3513514

$rankJ
[1] 0

$rankA
[1] 1 1 0

[1] 0.5747695
Algorithm converged after  2  iterations.
$gam
[1] 0.3888889

$rankJ
[1] 0

$rankA
[1] 1 1 0

[1] 0.5848646
Algorithm converged after  2  iterations.
$gam
[1] 0.4285714

$rankJ
[1] 0

$rankA
[1] 1 1 0

[1] 0.595989
Algorithm converged after  2  iterations.
$gam
[1] 0.4705882

$rankJ
[1] 0

$rankA
[1] 1 1 0

[1] 0.6072142
Algorithm converged after  2  iterations.
$gam
[1] 0.5151515

$rankJ
[1] 0

$rankA
[1] 1 1 0

[1] 0.6132813
Algorithm converged after  2  iterations.
$gam
[1] 0.5625

$rankJ
[1] 0

$rankA
[1] 1 1 0

[1] 0.616739
Algorithm converged after  2  iterations.
$gam
[1] 0.6129032

$rankJ
[1] 0

$rankA
[1] 1 1 0

[1] 0.6191379
Algorithm converged after  2  iterations.
$gam
[1] 0.6666667

$rankJ
[1] 0

$rankA
[1] 1 1 0

[1] 0.6209884
Algorithm converged after  2  iterations.
$gam
[1] 0.7241379

$rankJ
[1] 0

$rankA
[1] 1 1 0

[1] 0.6225123
Algorithm converged after  2  iterations.
$gam
[1] 0.7857143

$rankJ
[1] 0

$rankA
[1] 1 1 0

[1] 0.6238289
Algorithm converged after  2  iterations.
$gam
[1] 0.8518519

$rankJ
[1] 0

$rankA
[1] 1 1 0

[1] 0.625014
Algorithm converged after  2  iterations.
$gam
[1] 0.9230769

$rankJ
[1] 0

$rankA
[1] 1 1 0

[1] 0.6261239
Algorithm converged after  2  iterations.
$gam
[1] 1

$rankJ
[1] 0

$rankA
[1] 1 1 0

[1] 0.6272069
Algorithm converged after  2  iterations.
$gam
[1] 1.083333

$rankJ
[1] 0

$rankA
[1] 1 1 0

[1] 0.6283121
Algorithm converged after  2  iterations.
$gam
[1] 1.173913

$rankJ
[1] 0

$rankA
[1] 1 1 0

[1] 0.6294983
Algorithm converged after  2  iterations.
$gam
[1] 1.272727

$rankJ
[1] 0

$rankA
[1] 1 1 0

[1] 0.6308506
Algorithm converged after  2  iterations.
$gam
[1] 1.380952

$rankJ
[1] 0

$rankA
[1] 1 1 0

[1] 0.632495
Algorithm converged after  2  iterations.
$gam
[1] 1.5

$rankJ
[1] 0

$rankA
[1] 1 1 0

[1] 0.6345401
Algorithm converged after  2  iterations.
$gam
[1] 1.631579

$rankJ
[1] 0

$rankA
[1] 1 1 0

[1] 0.6369015
Algorithm converged after  2  iterations.
$gam
[1] 1.777778

$rankJ
[1] 0

$rankA
[1] 1 1 0

[1] 0.6393184
Algorithm converged after  2  iterations.
$gam
[1] 1.941176

$rankJ
[1] 0

$rankA
[1] 1 1 0

[1] 0.5922564
Algorithm converged after  2  iterations.
$gam
[1] 2.125

$rankJ
[1] 0

$rankA
[1] 1 1 0

[1] 0.6436373
Algorithm converged after  2  iterations.
$gam
[1] 2.333333

$rankJ
[1] 0

$rankA
[1] 1 1 0

[1] 0.6376587
Algorithm converged after  2  iterations.
$gam
[1] 2.571429

$rankJ
[1] 0

$rankA
[1] 1 1 0

[1] 0.6375743
Algorithm converged after  2  iterations.
$gam
[1] 2.846154

$rankJ
[1] 0

$rankA
[1] 1 1 0

[1] 0.6378784
Algorithm converged after  2  iterations.
$gam
[1] 3.166667

$rankJ
[1] 0

$rankA
[1] 1 1 0

[1] 0.6382834
Algorithm converged after  2  iterations.
$gam
[1] 3.545455

$rankJ
[1] 0

$rankA
[1] 1 1 0

[1] 0.6387178
Algorithm converged after  2  iterations.
$gam
[1] 4

$rankJ
[1] 0

$rankA
[1] 1 1 0

[1] 0.6391554
Algorithm converged after  2  iterations.
$gam
[1] 4.555556

$rankJ
[1] 0

$rankA
[1] 1 1 0

[1] 0.6395856
Algorithm converged after  2  iterations.
$gam
[1] 5.25

$rankJ
[1] 0

$rankA
[1] 1 1 0

[1] 0.6400042
Algorithm converged after  2  iterations.
$gam
[1] 6.142857

$rankJ
[1] 0

$rankA
[1] 1 1 0

[1] 0.65464
Algorithm converged after  2  iterations.
$gam
[1] 7.333333

$rankJ
[1] 0

$rankA
[1] 1 1 0

[1] 0.656026
Algorithm converged after  2  iterations.
$gam
[1] 9

$rankJ
[1] 0

$rankA
[1] 1 1 0

[1] 0.6567234
Algorithm converged after  2  iterations.
$gam
[1] 11.5

$rankJ
[1] 0

$rankA
[1] 1 1 0

[1] 0.2250975
Algorithm converged after  2  iterations.
$gam
[1] 15.66667

$rankJ
[1] 0

$rankA
[1] 1 1 0

[1] 0.2247201
Algorithm converged after  2  iterations.
$gam
[1] 24

$rankJ
[1] 0

$rankA
[1] 1 1 0

[1] 0.2243836
Algorithm converged after  2  iterations.
$gam
[1] 49

$rankJ
[1] 0

$rankA
[1] 1 1 0

[1] 0.2241013
Algorithm converged after  2  iterations.
$gam
[1] 1e+10

$rankJ
[1] 0

$rankA
[1] 1 1 0

[1] 0.2239301
Algorithm converged after  2  iterations.
$gam
[1] 0

$rankJ
[1] 0

$rankA
[1] 1 0 1

[1] 0.4800475
Algorithm converged after  2  iterations.
$gam
[1] 0.02040816

$rankJ
[1] 0

$rankA
[1] 1 0 1

[1] 0.487126
Algorithm converged after  2  iterations.
$gam
[1] 0.04166667

$rankJ
[1] 0

$rankA
[1] 1 0 1

[1] 0.492178
Algorithm converged after  2  iterations.
$gam
[1] 0.06382979

$rankJ
[1] 0

$rankA
[1] 1 0 1

[1] 0.5042712
Algorithm converged after  2  iterations.
$gam
[1] 0.08695652

$rankJ
[1] 0

$rankA
[1] 1 0 1

[1] 0.518562
Algorithm converged after  2  iterations.
$gam
[1] 0.1111111

$rankJ
[1] 0

$rankA
[1] 1 0 1

[1] 0.5253515
Algorithm converged after  2  iterations.
$gam
[1] 0.1363636

$rankJ
[1] 0

$rankA
[1] 1 0 1

[1] 0.5318938
Algorithm converged after  2  iterations.
$gam
[1] 0.1627907

$rankJ
[1] 0

$rankA
[1] 1 0 1

[1] 0.5389564
Algorithm converged after  2  iterations.
$gam
[1] 0.1904762

$rankJ
[1] 0

$rankA
[1] 1 0 1

[1] 0.5464801
Algorithm converged after  2  iterations.
$gam
[1] 0.2195122

$rankJ
[1] 0

$rankA
[1] 1 0 1

[1] 0.5538313
Algorithm converged after  2  iterations.
$gam
[1] 0.25

$rankJ
[1] 0

$rankA
[1] 1 0 1

[1] 0.5605756
Algorithm converged after  2  iterations.
$gam
[1] 0.2820513

$rankJ
[1] 0

$rankA
[1] 1 0 1

[1] 0.5668973
Algorithm converged after  2  iterations.
$gam
[1] 0.3157895

$rankJ
[1] 0

$rankA
[1] 1 0 1

[1] 0.5731744
Algorithm converged after  2  iterations.
$gam
[1] 0.3513514

$rankJ
[1] 0

$rankA
[1] 1 0 1

[1] 0.57982
Algorithm converged after  2  iterations.
$gam
[1] 0.3888889

$rankJ
[1] 0

$rankA
[1] 1 0 1

[1] 0.5874456
Algorithm converged after  2  iterations.
$gam
[1] 0.4285714

$rankJ
[1] 0

$rankA
[1] 1 0 1

[1] 0.5972177
Algorithm converged after  2  iterations.
$gam
[1] 0.4705882

$rankJ
[1] 0

$rankA
[1] 1 0 1

[1] 0.6076624
Algorithm converged after  2  iterations.
$gam
[1] 0.5151515

$rankJ
[1] 0

$rankA
[1] 1 0 1

[1] 0.6132845
Algorithm converged after  2  iterations.
$gam
[1] 0.5625

$rankJ
[1] 0

$rankA
[1] 1 0 1

[1] 0.6165212
Algorithm converged after  2  iterations.
$gam
[1] 0.6129032

$rankJ
[1] 0

$rankA
[1] 1 0 1

[1] 0.6188828
Algorithm converged after  2  iterations.
$gam
[1] 0.6666667

$rankJ
[1] 0

$rankA
[1] 1 0 1

[1] 0.6208771
Algorithm converged after  2  iterations.
$gam
[1] 0.7241379

$rankJ
[1] 0

$rankA
[1] 1 0 1

[1] 0.6227504
Algorithm converged after  2  iterations.
$gam
[1] 0.7857143

$rankJ
[1] 0

$rankA
[1] 1 0 1

[1] 0.624666
Algorithm converged after  2  iterations.
$gam
[1] 0.8518519

$rankJ
[1] 0

$rankA
[1] 1 0 1

[1] 0.6267424
Algorithm converged after  2  iterations.
$gam
[1] 0.9230769

$rankJ
[1] 0

$rankA
[1] 1 0 1

[1] 0.6290278
Algorithm converged after  2  iterations.
$gam
[1] 1

$rankJ
[1] 0

$rankA
[1] 1 0 1

[1] 0.6314588
Algorithm converged after  2  iterations.
$gam
[1] 1.083333

$rankJ
[1] 0

$rankA
[1] 1 0 1

[1] 0.63389
Algorithm converged after  2  iterations.
$gam
[1] 1.173913

$rankJ
[1] 0

$rankA
[1] 1 0 1

[1] 0.6361944
Algorithm converged after  2  iterations.
$gam
[1] 1.272727

$rankJ
[1] 0

$rankA
[1] 1 0 1

[1] 0.6383156
Algorithm converged after  2  iterations.
$gam
[1] 1.380952

$rankJ
[1] 0

$rankA
[1] 1 0 1

[1] 0.6402466
Algorithm converged after  2  iterations.
$gam
[1] 1.5

$rankJ
[1] 0

$rankA
[1] 1 0 1

[1] 0.6419979
Algorithm converged after  2  iterations.
$gam
[1] 1.631579

$rankJ
[1] 0

$rankA
[1] 1 0 1

[1] 0.6435832
Algorithm converged after  2  iterations.
$gam
[1] 1.777778

$rankJ
[1] 0

$rankA
[1] 1 0 1

[1] 0.6450164
Algorithm converged after  2  iterations.
$gam
[1] 1.941176

$rankJ
[1] 0

$rankA
[1] 1 0 1

[1] 0.6463121
Algorithm converged after  2  iterations.
$gam
[1] 2.125

$rankJ
[1] 0

$rankA
[1] 1 0 1

[1] 0.6474849
Algorithm converged after  2  iterations.
$gam
[1] 2.333333

$rankJ
[1] 0

$rankA
[1] 1 0 1

[1] 0.6485496
Algorithm converged after  2  iterations.
$gam
[1] 2.571429

$rankJ
[1] 0

$rankA
[1] 1 0 1

[1] 0.6495196
Algorithm converged after  2  iterations.
$gam
[1] 2.846154

$rankJ
[1] 0

$rankA
[1] 1 0 1

[1] 0.6504074
Algorithm converged after  2  iterations.
$gam
[1] 3.166667

$rankJ
[1] 0

$rankA
[1] 1 0 1

[1] 0.651224
Algorithm converged after  2  iterations.
$gam
[1] 3.545455

$rankJ
[1] 0

$rankA
[1] 1 0 1

[1] 0.6519789
Algorithm converged after  2  iterations.
$gam
[1] 4

$rankJ
[1] 0

$rankA
[1] 1 0 1

[1] 0.6526807
Algorithm converged after  2  iterations.
$gam
[1] 4.555556

$rankJ
[1] 0

$rankA
[1] 1 0 1

[1] 0.6533368
Algorithm converged after  2  iterations.
$gam
[1] 5.25

$rankJ
[1] 0

$rankA
[1] 1 0 1

[1] 0.6539536
Algorithm converged after  2  iterations.
$gam
[1] 6.142857

$rankJ
[1] 0

$rankA
[1] 1 0 1

[1] 0.6545371
Algorithm converged after  2  iterations.
$gam
[1] 7.333333

$rankJ
[1] 0

$rankA
[1] 1 0 1

[1] 0.6550928
Algorithm converged after  2  iterations.
$gam
[1] 9

$rankJ
[1] 0

$rankA
[1] 1 0 1

[1] 0.655626
Algorithm converged after  2  iterations.
$gam
[1] 11.5

$rankJ
[1] 0

$rankA
[1] 1 0 1

[1] 0.1928429
Algorithm converged after  2  iterations.
$gam
[1] 15.66667

$rankJ
[1] 0

$rankA
[1] 1 0 1

[1] 0.1922452
Algorithm converged after  2  iterations.
$gam
[1] 24

$rankJ
[1] 0

$rankA
[1] 1 0 1

[1] 0.1917628
Algorithm converged after  2  iterations.
$gam
[1] 49

$rankJ
[1] 0

$rankA
[1] 1 0 1

[1] 0.1914216
Algorithm converged after  2  iterations.
$gam
[1] 1e+10

$rankJ
[1] 0

$rankA
[1] 1 0 1

[1] 0.1912804
Algorithm converged after  2  iterations.
$gam
[1] 0

$rankJ
[1] 0

$rankA
[1] 0 1 1

[1] 0.4852607
Algorithm converged after  2  iterations.
$gam
[1] 0.02040816

$rankJ
[1] 0

$rankA
[1] 0 1 1

[1] 0.4896553
Algorithm converged after  2  iterations.
$gam
[1] 0.04166667

$rankJ
[1] 0

$rankA
[1] 0 1 1

[1] 0.4951718
Algorithm converged after  2  iterations.
$gam
[1] 0.06382979

$rankJ
[1] 0

$rankA
[1] 0 1 1

[1] 0.5085903
Algorithm converged after  2  iterations.
$gam
[1] 0.08695652

$rankJ
[1] 0

$rankA
[1] 0 1 1

[1] 0.5245493
Algorithm converged after  2  iterations.
$gam
[1] 0.1111111

$rankJ
[1] 0

$rankA
[1] 0 1 1

[1] 0.5337578
Algorithm converged after  2  iterations.
$gam
[1] 0.1363636

$rankJ
[1] 0

$rankA
[1] 0 1 1

[1] 0.5416069
Algorithm converged after  2  iterations.
$gam
[1] 0.1627907

$rankJ
[1] 0

$rankA
[1] 0 1 1

[1] 0.5489421
Algorithm converged after  2  iterations.
$gam
[1] 0.1904762

$rankJ
[1] 0

$rankA
[1] 0 1 1

[1] 0.556478
Algorithm converged after  2  iterations.
$gam
[1] 0.2195122

$rankJ
[1] 0

$rankA
[1] 0 1 1

[1] 0.5641527
Algorithm converged after  2  iterations.
$gam
[1] 0.25

$rankJ
[1] 0

$rankA
[1] 0 1 1

[1] 0.5720439
Algorithm converged after  2  iterations.
$gam
[1] 0.2820513

$rankJ
[1] 0

$rankA
[1] 0 1 1

[1] 0.5808959
Algorithm converged after  2  iterations.
$gam
[1] 0.3157895

$rankJ
[1] 0

$rankA
[1] 0 1 1

[1] 0.5902928
Algorithm converged after  2  iterations.
$gam
[1] 0.3513514

$rankJ
[1] 0

$rankA
[1] 0 1 1

[1] 0.597134
Algorithm converged after  2  iterations.
$gam
[1] 0.3888889

$rankJ
[1] 0

$rankA
[1] 0 1 1

[1] 0.6014452
Algorithm converged after  2  iterations.
$gam
[1] 0.4285714

$rankJ
[1] 0

$rankA
[1] 0 1 1

[1] 0.6044516
Algorithm converged after  2  iterations.
$gam
[1] 0.4705882

$rankJ
[1] 0

$rankA
[1] 0 1 1

[1] 0.6067621
Algorithm converged after  2  iterations.
$gam
[1] 0.5151515

$rankJ
[1] 0

$rankA
[1] 0 1 1

[1] 0.6086674
Algorithm converged after  2  iterations.
$gam
[1] 0.5625

$rankJ
[1] 0

$rankA
[1] 0 1 1

[1] 0.6103301
Algorithm converged after  2  iterations.
$gam
[1] 0.6129032

$rankJ
[1] 0

$rankA
[1] 0 1 1

[1] 0.6118593
Algorithm converged after  2  iterations.
$gam
[1] 0.6666667

$rankJ
[1] 0

$rankA
[1] 0 1 1

[1] 0.613344
Algorithm converged after  2  iterations.
$gam
[1] 0.7241379

$rankJ
[1] 0

$rankA
[1] 0 1 1

[1] 0.6148696
Algorithm converged after  2  iterations.
$gam
[1] 0.7857143

$rankJ
[1] 0

$rankA
[1] 0 1 1

[1] 0.6165247
Algorithm converged after  2  iterations.
$gam
[1] 0.8518519

$rankJ
[1] 0

$rankA
[1] 0 1 1

[1] 0.6183878
Algorithm converged after  2  iterations.
$gam
[1] 0.9230769

$rankJ
[1] 0

$rankA
[1] 0 1 1

[1] 0.620484
Algorithm converged after  2  iterations.
$gam
[1] 1

$rankJ
[1] 0

$rankA
[1] 0 1 1

[1] 0.6227374
Algorithm converged after  2  iterations.
$gam
[1] 1.083333

$rankJ
[1] 0

$rankA
[1] 0 1 1

[1] 0.6250044
Algorithm converged after  2  iterations.
$gam
[1] 1.173913

$rankJ
[1] 0

$rankA
[1] 0 1 1

[1] 0.6271856
Algorithm converged after  2  iterations.
$gam
[1] 1.272727

$rankJ
[1] 0

$rankA
[1] 0 1 1

[1] 0.6293005
Algorithm converged after  2  iterations.
$gam
[1] 1.380952

$rankJ
[1] 0

$rankA
[1] 0 1 1

[1] 0.6314822
Algorithm converged after  2  iterations.
$gam
[1] 1.5

$rankJ
[1] 0

$rankA
[1] 0 1 1

[1] 0.6338804
Algorithm converged after  2  iterations.
$gam
[1] 1.631579

$rankJ
[1] 0

$rankA
[1] 0 1 1

[1] 0.6364593
Algorithm converged after  2  iterations.
$gam
[1] 1.777778

$rankJ
[1] 0

$rankA
[1] 0 1 1

[1] 0.6390007
Algorithm converged after  2  iterations.
$gam
[1] 1.941176

$rankJ
[1] 0

$rankA
[1] 0 1 1

[1] 0.5919813
Algorithm converged after  2  iterations.
$gam
[1] 2.125

$rankJ
[1] 0

$rankA
[1] 0 1 1

[1] 0.643409
Algorithm converged after  2  iterations.
$gam
[1] 2.333333

$rankJ
[1] 0

$rankA
[1] 0 1 1

[1] 0.6374297
Algorithm converged after  2  iterations.
$gam
[1] 2.571429

$rankJ
[1] 0

$rankA
[1] 0 1 1

[1] 0.6373327
Algorithm converged after  2  iterations.
$gam
[1] 2.846154

$rankJ
[1] 0

$rankA
[1] 0 1 1

[1] 0.6376162
Algorithm converged after  2  iterations.
$gam
[1] 3.166667

$rankJ
[1] 0

$rankA
[1] 0 1 1

[1] 0.6379964
Algorithm converged after  2  iterations.
$gam
[1] 3.545455

$rankJ
[1] 0

$rankA
[1] 0 1 1

[1] 0.6384038
Algorithm converged after  2  iterations.
$gam
[1] 4

$rankJ
[1] 0

$rankA
[1] 0 1 1

[1] 0.6388139
Algorithm converged after  2  iterations.
$gam
[1] 4.555556

$rankJ
[1] 0

$rankA
[1] 0 1 1

[1] 0.6392169
Algorithm converged after  2  iterations.
$gam
[1] 5.25

$rankJ
[1] 0

$rankA
[1] 0 1 1

[1] 0.6396091
Algorithm converged after  2  iterations.
$gam
[1] 6.142857

$rankJ
[1] 0

$rankA
[1] 0 1 1

[1] 0.6542284
Algorithm converged after  2  iterations.
$gam
[1] 7.333333

$rankJ
[1] 0

$rankA
[1] 0 1 1

[1] 0.6555911
Algorithm converged after  2  iterations.
$gam
[1] 9

$rankJ
[1] 0

$rankA
[1] 0 1 1

[1] 0.6562656
Algorithm converged after  2  iterations.
$gam
[1] 11.5

$rankJ
[1] 0

$rankA
[1] 0 1 1

[1] 0.194022
Algorithm converged after  2  iterations.
$gam
[1] 15.66667

$rankJ
[1] 0

$rankA
[1] 0 1 1

[1] 0.1933424
Algorithm converged after  2  iterations.
$gam
[1] 24

$rankJ
[1] 0

$rankA
[1] 0 1 1

[1] 0.1927701
Algorithm converged after  2  iterations.
$gam
[1] 49

$rankJ
[1] 0

$rankA
[1] 0 1 1

[1] 0.1923287
Algorithm converged after  2  iterations.
$gam
[1] 1e+10

$rankJ
[1] 0

$rankA
[1] 0 1 1

[1] 0.1920931
Algorithm converged after  2  iterations.
$gam
[1] 0

$rankJ
[1] 1

$rankA
[1] 1 0 0

[1] 0.4744028
[1] 0.4492343
[1] 0.4492158
[1] 0.4492155
[1] 0.4492155
Algorithm converged after  45  iterations.
$gam
[1] 0.02040816

$rankJ
[1] 1

$rankA
[1] 1 0 0

[1] 0.4788135
[1] 0.4578265
[1] 0.4578011
[1] 0.4577965
Algorithm converged after  40  iterations.
$gam
[1] 0.04166667

$rankJ
[1] 1

$rankA
[1] 1 0 0

[1] 0.4825538
[1] 0.4651657
[1] 0.4651845
[1] 0.4651831
Algorithm converged after  37  iterations.
$gam
[1] 0.06382979

$rankJ
[1] 1

$rankA
[1] 1 0 0

[1] 0.4897521
[1] 0.4794124
[1] 0.4796991
[1] 0.4797136
Algorithm converged after  37  iterations.
$gam
[1] 0.08695652

$rankJ
[1] 1

$rankA
[1] 1 0 0

[1] 0.4970792
[1] 0.4934602
[1] 0.4936591
[1] 0.4936644
Algorithm converged after  31  iterations.
$gam
[1] 0.1111111

$rankJ
[1] 1

$rankA
[1] 1 0 0

[1] 0.504915
[1] 0.5070335
[1] 0.5071713
Algorithm converged after  25  iterations.
$gam
[1] 0.1363636

$rankJ
[1] 1

$rankA
[1] 1 0 0

[1] 0.5129814
[1] 0.5225861
Algorithm converged after  19  iterations.
$gam
[1] 0.1627907

$rankJ
[1] 1

$rankA
[1] 1 0 0

[1] 0.5212692
[1] 0.5345819
Algorithm converged after  15  iterations.
$gam
[1] 0.1904762

$rankJ
[1] 1

$rankA
[1] 1 0 0

[1] 0.5300944
[1] 0.5437501
Algorithm converged after  15  iterations.
$gam
[1] 0.2195122

$rankJ
[1] 1

$rankA
[1] 1 0 0

[1] 0.5386492
[1] 0.5512461
Algorithm converged after  15  iterations.
$gam
[1] 0.25

$rankJ
[1] 1

$rankA
[1] 1 0 0

[1] 0.5457094
[1] 0.5577661
Algorithm converged after  16  iterations.
$gam
[1] 0.2820513

$rankJ
[1] 1

$rankA
[1] 1 0 0

[1] 0.551356
[1] 0.5637963
Algorithm converged after  16  iterations.
$gam
[1] 0.3157895

$rankJ
[1] 1

$rankA
[1] 1 0 0

[1] 0.5562801
[1] 0.5693311
Algorithm converged after  17  iterations.
$gam
[1] 0.3513514

$rankJ
[1] 1

$rankA
[1] 1 0 0

[1] 0.5610558
[1] 0.5740713
Algorithm converged after  17  iterations.
$gam
[1] 0.3888889

$rankJ
[1] 1

$rankA
[1] 1 0 0

[1] 0.5661312
[1] 0.5779715
Algorithm converged after  18  iterations.
$gam
[1] 0.4285714

$rankJ
[1] 1

$rankA
[1] 1 0 0

[1] 0.5717093
[1] 0.5813122
Algorithm converged after  19  iterations.
$gam
[1] 0.4705882

$rankJ
[1] 1

$rankA
[1] 1 0 0

[1] 0.5772567
[1] 0.5842762
Algorithm converged after  20  iterations.
$gam
[1] 0.5151515

$rankJ
[1] 1

$rankA
[1] 1 0 0

[1] 0.5816693
[1] 0.5868684
[1] 0.5868956
Algorithm converged after  21  iterations.
$gam
[1] 0.5625

$rankJ
[1] 1

$rankA
[1] 1 0 0

[1] 0.5847026
[1] 0.5895314
[1] 0.589593
Algorithm converged after  22  iterations.
$gam
[1] 0.6129032

$rankJ
[1] 1

$rankA
[1] 1 0 0

[1] 0.5868355
[1] 0.5933886
Algorithm converged after  20  iterations.
$gam
[1] 0.6666667

$rankJ
[1] 1

$rankA
[1] 1 0 0

[1] 0.5885138
[1] 0.598978
Algorithm converged after  16  iterations.
$gam
[1] 0.7241379

$rankJ
[1] 1

$rankA
[1] 1 0 0

[1] 0.5900392
[1] 0.6038441
Algorithm converged after  14  iterations.
$gam
[1] 0.7857143

$rankJ
[1] 1

$rankA
[1] 1 0 0

[1] 0.5916379
[1] 0.6068308
Algorithm converged after  13  iterations.
$gam
[1] 0.8518519

$rankJ
[1] 1

$rankA
[1] 1 0 0

[1] 0.5935852
[1] 0.6176689
Algorithm converged after  12  iterations.
$gam
[1] 0.9230769

$rankJ
[1] 1

$rankA
[1] 1 0 0

[1] 0.5970157
Algorithm converged after  8  iterations.
$gam
[1] 1

$rankJ
[1] 1

$rankA
[1] 1 0 0

[1] 0.6082077
Algorithm converged after  6  iterations.
$gam
[1] 1.083333

$rankJ
[1] 1

$rankA
[1] 1 0 0

[1] 0.6151336
Algorithm converged after  7  iterations.
$gam
[1] 1.173913

$rankJ
[1] 1

$rankA
[1] 1 0 0

[1] 0.6183371
Algorithm converged after  7  iterations.
$gam
[1] 1.272727

$rankJ
[1] 1

$rankA
[1] 1 0 0

[1] 0.6210558
Algorithm converged after  7  iterations.
$gam
[1] 1.380952

$rankJ
[1] 1

$rankA
[1] 1 0 0

[1] 0.623811
Algorithm converged after  6  iterations.
$gam
[1] 1.5

$rankJ
[1] 1

$rankA
[1] 1 0 0

[1] 0.6265815
Algorithm converged after  5  iterations.
$gam
[1] 1.631579

$rankJ
[1] 1

$rankA
[1] 1 0 0

[1] 0.6292268
Algorithm converged after  5  iterations.
$gam
[1] 1.777778

$rankJ
[1] 1

$rankA
[1] 1 0 0

[1] 0.6316471
Algorithm converged after  4  iterations.
$gam
[1] 1.941176

$rankJ
[1] 1

$rankA
[1] 1 0 0

[1] 0.6338089
Algorithm converged after  5  iterations.
$gam
[1] 2.125

$rankJ
[1] 1

$rankA
[1] 1 0 0

[1] 0.6357198
Algorithm converged after  5  iterations.
$gam
[1] 2.333333

$rankJ
[1] 1

$rankA
[1] 1 0 0

[1] 0.6374053
Algorithm converged after  5  iterations.
$gam
[1] 2.571429

$rankJ
[1] 1

$rankA
[1] 1 0 0

[1] 0.6236921
Algorithm converged after  5  iterations.
$gam
[1] 2.846154

$rankJ
[1] 1

$rankA
[1] 1 0 0

[1] 0.6213446
Algorithm converged after  5  iterations.
$gam
[1] 3.166667

$rankJ
[1] 1

$rankA
[1] 1 0 0

[1] 0.6204484
Algorithm converged after  5  iterations.
$gam
[1] 3.545455

$rankJ
[1] 1

$rankA
[1] 1 0 0

[1] 0.6200149
Algorithm converged after  5  iterations.
$gam
[1] 4

$rankJ
[1] 1

$rankA
[1] 1 0 0

[1] 0.6434186
Algorithm converged after  5  iterations.
$gam
[1] 4.555556

$rankJ
[1] 1

$rankA
[1] 1 0 0

[1] 0.6442908
Algorithm converged after  5  iterations.
$gam
[1] 5.25

$rankJ
[1] 1

$rankA
[1] 1 0 0

[1] 0.6450895
Algorithm converged after  5  iterations.
$gam
[1] 6.142857

$rankJ
[1] 1

$rankA
[1] 1 0 0

[1] 0.6458262
Algorithm converged after  5  iterations.
$gam
[1] 7.333333

$rankJ
[1] 1

$rankA
[1] 1 0 0

[1] 0.6465111
Algorithm converged after  5  iterations.
$gam
[1] 9

$rankJ
[1] 1

$rankA
[1] 1 0 0

[1] 0.6471538
Algorithm converged after  5  iterations.
$gam
[1] 11.5

$rankJ
[1] 1

$rankA
[1] 1 0 0

[1] 0.1752789
Algorithm converged after  5  iterations.
$gam
[1] 15.66667

$rankJ
[1] 1

$rankA
[1] 1 0 0

[1] 0.1744781
Algorithm converged after  5  iterations.
$gam
[1] 24

$rankJ
[1] 1

$rankA
[1] 1 0 0

[1] 0.1738518
Algorithm converged after  4  iterations.
$gam
[1] 49

$rankJ
[1] 1

$rankA
[1] 1 0 0

[1] 0.1734767
Algorithm converged after  4  iterations.
$gam
[1] 1e+10

$rankJ
[1] 1

$rankA
[1] 1 0 0

[1] 0.1736295
Algorithm converged after  2  iterations.
$gam
[1] 0

$rankJ
[1] 1

$rankA
[1] 0 1 0

[1] 0.475221
[1] 0.4511638
[1] 0.451156
[1] 0.4511559
[1] 0.4511559
Algorithm converged after  42  iterations.
$gam
[1] 0.02040816

$rankJ
[1] 1

$rankA
[1] 0 1 0

[1] 0.4779283
[1] 0.4569093
[1] 0.4570217
[1] 0.457034
[1] 0.4570357
Algorithm converged after  50  iterations.
$gam
[1] 0.04166667

$rankJ
[1] 1

$rankA
[1] 0 1 0

[1] 0.4819824
[1] 0.4689937
[1] 0.4693778
[1] 0.4694371
[1] 0.4694491
[1] 0.4694517
Algorithm converged after  56  iterations.
$gam
[1] 0.06382979

$rankJ
[1] 1

$rankA
[1] 0 1 0

[1] 0.4917543
[1] 0.4845004
[1] 0.485158
[1] 0.4852504
[1] 0.4852655
[1] 0.4852681
Algorithm converged after  53  iterations.
$gam
[1] 0.08695652

$rankJ
[1] 1

$rankA
[1] 0 1 0

[1] 0.5010967
[1] 0.4993343
[1] 0.4997435
[1] 0.4997765
[1] 0.4997798
Algorithm converged after  43  iterations.
$gam
[1] 0.1111111

$rankJ
[1] 1

$rankA
[1] 0 1 0

[1] 0.5098661
[1] 0.5102367
[1] 0.5103827
[1] 0.5103901
Algorithm converged after  36  iterations.
$gam
[1] 0.1363636

$rankJ
[1] 1

$rankA
[1] 0 1 0

[1] 0.5182521
[1] 0.5200383
[1] 0.5200765
[1] 0.5200767
Algorithm converged after  31  iterations.
$gam
[1] 0.1627907

$rankJ
[1] 1

$rankA
[1] 0 1 0

[1] 0.5268573
[1] 0.5310626
Algorithm converged after  19  iterations.
$gam
[1] 0.1904762

$rankJ
[1] 1

$rankA
[1] 0 1 0

[1] 0.5360391
[1] 0.5433206
[1] 0.5433547
Algorithm converged after  23  iterations.
$gam
[1] 0.2195122

$rankJ
[1] 1

$rankA
[1] 0 1 0

[1] 0.5450441
[1] 0.553488
Algorithm converged after  19  iterations.
$gam
[1] 0.25

$rankJ
[1] 1

$rankA
[1] 0 1 0

[1] 0.5525963
[1] 0.561268
Algorithm converged after  18  iterations.
$gam
[1] 0.2820513

$rankJ
[1] 1

$rankA
[1] 0 1 0

[1] 0.5586731
[1] 0.5681086
Algorithm converged after  17  iterations.
$gam
[1] 0.3157895

$rankJ
[1] 1

$rankA
[1] 0 1 0

[1] 0.5638258
[1] 0.5749525
Algorithm converged after  17  iterations.
$gam
[1] 0.3513514

$rankJ
[1] 1

$rankA
[1] 0 1 0

[1] 0.5684358
[1] 0.5827415
Algorithm converged after  15  iterations.
$gam
[1] 0.3888889

$rankJ
[1] 1

$rankA
[1] 0 1 0

[1] 0.5727402
[1] 0.5926399
Algorithm converged after  11  iterations.
$gam
[1] 0.4285714

$rankJ
[1] 1

$rankA
[1] 0 1 0

[1] 0.5769277
Algorithm converged after  9  iterations.
$gam
[1] 0.4705882

$rankJ
[1] 1

$rankA
[1] 0 1 0

[1] 0.5811819
Algorithm converged after  8  iterations.
$gam
[1] 0.5151515

$rankJ
[1] 1

$rankA
[1] 0 1 0

[1] 0.5857375
Algorithm converged after  7  iterations.
$gam
[1] 0.5625

$rankJ
[1] 1

$rankA
[1] 0 1 0

[1] 0.5910242
Algorithm converged after  7  iterations.
$gam
[1] 0.6129032

$rankJ
[1] 1

$rankA
[1] 0 1 0

[1] 0.5987358
Algorithm converged after  7  iterations.
$gam
[1] 0.6666667

$rankJ
[1] 1

$rankA
[1] 0 1 0

[1] 0.6064797
Algorithm converged after  7  iterations.
$gam
[1] 0.7241379

$rankJ
[1] 1

$rankA
[1] 0 1 0

[1] 0.6088302
Algorithm converged after  6  iterations.
$gam
[1] 0.7857143

$rankJ
[1] 1

$rankA
[1] 0 1 0

[1] 0.610445
Algorithm converged after  6  iterations.
$gam
[1] 0.8518519

$rankJ
[1] 1

$rankA
[1] 0 1 0

[1] 0.6118801
Algorithm converged after  7  iterations.
$gam
[1] 0.9230769

$rankJ
[1] 1

$rankA
[1] 0 1 0

[1] 0.6133226
Algorithm converged after  7  iterations.
$gam
[1] 1

$rankJ
[1] 1

$rankA
[1] 0 1 0

[1] 0.6148969
Algorithm converged after  7  iterations.
$gam
[1] 1.083333

$rankJ
[1] 1

$rankA
[1] 0 1 0

[1] 0.6167112
Algorithm converged after  7  iterations.
$gam
[1] 1.173913

$rankJ
[1] 1

$rankA
[1] 0 1 0

[1] 0.6188367
Algorithm converged after  8  iterations.
$gam
[1] 1.272727

$rankJ
[1] 1

$rankA
[1] 0 1 0

[1] 0.6104912
Algorithm converged after  10  iterations.
$gam
[1] 1.380952

$rankJ
[1] 1

$rankA
[1] 0 1 0

[1] 0.6162666
Algorithm converged after  9  iterations.
$gam
[1] 1.5

$rankJ
[1] 1

$rankA
[1] 0 1 0

[1] 0.6281406
Algorithm converged after  7  iterations.
$gam
[1] 1.631579

$rankJ
[1] 1

$rankA
[1] 0 1 0

[1] 0.6311132
Algorithm converged after  6  iterations.
$gam
[1] 1.777778

$rankJ
[1] 1

$rankA
[1] 0 1 0

[1] 0.6336889
Algorithm converged after  6  iterations.
$gam
[1] 1.941176

$rankJ
[1] 1

$rankA
[1] 0 1 0

[1] 0.6359059
Algorithm converged after  5  iterations.
$gam
[1] 2.125

$rankJ
[1] 1

$rankA
[1] 0 1 0

[1] 0.6378048
Algorithm converged after  5  iterations.
$gam
[1] 2.333333

$rankJ
[1] 1

$rankA
[1] 0 1 0

[1] 0.6394297
Algorithm converged after  5  iterations.
$gam
[1] 2.571429

$rankJ
[1] 1

$rankA
[1] 0 1 0

[1] 0.6175726
Algorithm converged after  6  iterations.
$gam
[1] 2.846154

$rankJ
[1] 1

$rankA
[1] 0 1 0

[1] 0.6157881
Algorithm converged after  6  iterations.
$gam
[1] 3.166667

$rankJ
[1] 1

$rankA
[1] 0 1 0

[1] 0.6152209
Algorithm converged after  6  iterations.
$gam
[1] 3.545455

$rankJ
[1] 1

$rankA
[1] 0 1 0

[1] 0.6150217
Algorithm converged after  6  iterations.
$gam
[1] 4

$rankJ
[1] 1

$rankA
[1] 0 1 0

[1] 0.6447073
Algorithm converged after  5  iterations.
$gam
[1] 4.555556

$rankJ
[1] 1

$rankA
[1] 0 1 0

[1] 0.6453671
Algorithm converged after  5  iterations.
$gam
[1] 5.25

$rankJ
[1] 1

$rankA
[1] 0 1 0

[1] 0.6459313
Algorithm converged after  5  iterations.
$gam
[1] 6.142857

$rankJ
[1] 1

$rankA
[1] 0 1 0

[1] 0.6464085
Algorithm converged after  5  iterations.
$gam
[1] 7.333333

$rankJ
[1] 1

$rankA
[1] 0 1 0

[1] 0.6468045
Algorithm converged after  5  iterations.
$gam
[1] 9

$rankJ
[1] 1

$rankA
[1] 0 1 0

[1] 0.6471217
Algorithm converged after  5  iterations.
$gam
[1] 11.5

$rankJ
[1] 1

$rankA
[1] 0 1 0

[1] 0.1753586
Algorithm converged after  5  iterations.
$gam
[1] 15.66667

$rankJ
[1] 1

$rankA
[1] 0 1 0

[1] 0.1745926
Algorithm converged after  5  iterations.
$gam
[1] 24

$rankJ
[1] 1

$rankA
[1] 0 1 0

[1] 0.1740168
Algorithm converged after  5  iterations.
$gam
[1] 49

$rankJ
[1] 1

$rankA
[1] 0 1 0

[1] 0.173716
Algorithm converged after  4  iterations.
$gam
[1] 1e+10

$rankJ
[1] 1

$rankA
[1] 0 1 0

[1] 0.1739961
Algorithm converged after  2  iterations.
$gam
[1] 0

$rankJ
[1] 1

$rankA
[1] 0 0 1

[1] 0.4848303
[1] 0.4531256
[1] 0.4527302
[1] 0.4526624
[1] 0.4526461
[1] 0.452642
[1] 0.452641
[1] 0.4526408
[1] 0.4526407
[1] 0.4526407
[1] 0.4526407
[1] 0.4526407
Algorithm converged after  114  iterations.
$gam
[1] 0.02040816

$rankJ
[1] 1

$rankA
[1] 0 0 1

[1] 0.4907365
[1] 0.4630743
[1] 0.4656247
[1] 0.4683836
[1] 0.4705365
[1] 0.4719391
[1] 0.4727668
[1] 0.4732238
[1] 0.4734678
[1] 0.4735961
[1] 0.4736632
[1] 0.4736984
[1] 0.4737169
[1] 0.4737268
[1] 0.4737321
[1] 0.473735
[1] 0.4737365
[1] 0.4737374
Algorithm converged after  174  iterations.
$gam
[1] 0.04166667

$rankJ
[1] 1

$rankA
[1] 0 0 1

[1] 0.4962764
[1] 0.4894263
[1] 0.5023927
[1] 0.5111105
[1] 0.5158556
[1] 0.5177267
[1] 0.5183227
[1] 0.5185035
[1] 0.5185642
[1] 0.5185881
[1] 0.5185986
[1] 0.5186036
[1] 0.518606
[1] 0.5186072
Algorithm converged after  139  iterations.
$gam
[1] 0.06382979

$rankJ
[1] 1

$rankA
[1] 0 0 1

[1] 0.5055101
[1] 0.5146108
[1] 0.5443442
[1] 0.5624396
[1] 0.5630547
[1] 0.5617085
[1] 0.5616762
[1] 0.5617607
[1] 0.5617655
[1] 0.5617603
Algorithm converged after  93  iterations.
$gam
[1] 0.08695652

$rankJ
[1] 1

$rankA
[1] 0 0 1

[1] 0.5135544
[1] 0.530806
[1] 0.5805155
[1] 0.5828929
Algorithm converged after  38  iterations.
$gam
[1] 0.1111111

$rankJ
[1] 1

$rankA
[1] 0 0 1

[1] 0.5228358
[1] 0.5903503
[1] 0.5903097
Algorithm converged after  29  iterations.
$gam
[1] 0.1363636

$rankJ
[1] 1

$rankA
[1] 0 0 1

[1] 0.535501
[1] 0.5913687
[1] 0.5926249
[1] 0.5926316
Algorithm converged after  31  iterations.
$gam
[1] 0.1627907

$rankJ
[1] 1

$rankA
[1] 0 0 1

[1] 0.5493172
[1] 0.5513784
[1] 0.597655
[1] 0.5976884
Algorithm converged after  35  iterations.
$gam
[1] 0.1904762

$rankJ
[1] 1

$rankA
[1] 0 0 1

[1] 0.5604421
[1] 0.6003575
[1] 0.6003874
Algorithm converged after  24  iterations.
$gam
[1] 0.2195122

$rankJ
[1] 1

$rankA
[1] 0 0 1

[1] 0.5692606
[1] 0.6008295
[1] 0.6008391
Algorithm converged after  24  iterations.
$gam
[1] 0.25

$rankJ
[1] 1

$rankA
[1] 0 0 1

[1] 0.5556046
[1] 0.6043085
[1] 0.6043167
Algorithm converged after  22  iterations.
$gam
[1] 0.2820513

$rankJ
[1] 1

$rankA
[1] 0 0 1

[1] 0.5802651
[1] 0.6014609
[1] 0.6014548
Algorithm converged after  22  iterations.
$gam
[1] 0.3157895

$rankJ
[1] 1

$rankA
[1] 0 0 1

[1] 0.5842789
[1] 0.6019188
[1] 0.6019111
Algorithm converged after  22  iterations.
$gam
[1] 0.3513514

$rankJ
[1] 1

$rankA
[1] 0 0 1

[1] 0.5881645
[1] 0.6025987
[1] 0.6025918
Algorithm converged after  21  iterations.
$gam
[1] 0.3888889

$rankJ
[1] 1

$rankA
[1] 0 0 1

[1] 0.6070095
[1] 0.6032576
[1] 0.6032478
Algorithm converged after  21  iterations.
$gam
[1] 0.4285714

$rankJ
[1] 1

$rankA
[1] 0 0 1

[1] 0.6040277
[1] 0.6018922
Algorithm converged after  19  iterations.
$gam
[1] 0.4705882

$rankJ
[1] 1

$rankA
[1] 0 0 1

[1] 0.6062791
[1] 0.6021577
Algorithm converged after  18  iterations.
$gam
[1] 0.5151515

$rankJ
[1] 1

$rankA
[1] 0 0 1

[1] 0.6074114
[1] 0.602885
Algorithm converged after  17  iterations.
$gam
[1] 0.5625

$rankJ
[1] 1

$rankA
[1] 0 0 1

[1] 0.6082828
[1] 0.603671
Algorithm converged after  16  iterations.
$gam
[1] 0.6129032

$rankJ
[1] 1

$rankA
[1] 0 0 1

[1] 0.6089975
[1] 0.6044731
Algorithm converged after  15  iterations.
$gam
[1] 0.6666667

$rankJ
[1] 1

$rankA
[1] 0 0 1

[1] 0.6095999
[1] 0.6052731
Algorithm converged after  14  iterations.
$gam
[1] 0.7241379

$rankJ
[1] 1

$rankA
[1] 0 0 1

[1] 0.6101163
[1] 0.6060551
Algorithm converged after  13  iterations.
$gam
[1] 0.7857143

$rankJ
[1] 1

$rankA
[1] 0 0 1

[1] 0.6105672
[1] 0.606803
Algorithm converged after  12  iterations.
$gam
[1] 0.8518519

$rankJ
[1] 1

$rankA
[1] 0 0 1

[1] 0.6109737
[1] 0.607502
Algorithm converged after  12  iterations.
$gam
[1] 0.9230769

$rankJ
[1] 1

$rankA
[1] 0 0 1

[1] 0.6113644
[1] 0.6081436
Algorithm converged after  11  iterations.
$gam
[1] 1

$rankJ
[1] 1

$rankA
[1] 0 0 1

[1] 0.6117864
[1] 0.6087338
Algorithm converged after  11  iterations.
$gam
[1] 1.083333

$rankJ
[1] 1

$rankA
[1] 0 0 1

[1] 0.6123212
[1] 0.6093063
Algorithm converged after  11  iterations.
$gam
[1] 1.173913

$rankJ
[1] 1

$rankA
[1] 0 0 1

[1] 0.613097
[1] 0.6099408
Algorithm converged after  11  iterations.
$gam
[1] 1.272727

$rankJ
[1] 1

$rankA
[1] 0 0 1

[1] 0.6142645
[1] 0.610765
Algorithm converged after  11  iterations.
$gam
[1] 1.380952

$rankJ
[1] 1

$rankA
[1] 0 0 1

[1] 0.6159031
[1] 0.6119045
Algorithm converged after  11  iterations.
$gam
[1] 1.5

$rankJ
[1] 1

$rankA
[1] 0 0 1

[1] 0.6179325
[1] 0.6133979
Algorithm converged after  12  iterations.
$gam
[1] 1.631579

$rankJ
[1] 1

$rankA
[1] 0 0 1

[1] 0.6201569
[1] 0.6151743
Algorithm converged after  12  iterations.
$gam
[1] 1.777778

$rankJ
[1] 1

$rankA
[1] 0 0 1

[1] 0.6223838
[1] 0.6171131
Algorithm converged after  12  iterations.
$gam
[1] 1.941176

$rankJ
[1] 1

$rankA
[1] 0 0 1

[1] 0.624486
[1] 0.6191034
Algorithm converged after  12  iterations.
$gam
[1] 2.125

$rankJ
[1] 1

$rankA
[1] 0 0 1

[1] 0.6264
[1] 0.6210672
Algorithm converged after  11  iterations.
$gam
[1] 2.333333

$rankJ
[1] 1

$rankA
[1] 0 0 1

[1] 0.6281044
[1] 0.622957
Algorithm converged after  11  iterations.
$gam
[1] 2.571429

$rankJ
[1] 1

$rankA
[1] 0 0 1

[1] 0.6246012
Algorithm converged after  5  iterations.
$gam
[1] 2.846154

$rankJ
[1] 1

$rankA
[1] 0 0 1

[1] 0.622868
Algorithm converged after  5  iterations.
$gam
[1] 3.166667

$rankJ
[1] 1

$rankA
[1] 0 0 1

[1] 0.6220706
Algorithm converged after  5  iterations.
$gam
[1] 3.545455

$rankJ
[1] 1

$rankA
[1] 0 0 1

[1] 0.6216051
Algorithm converged after  5  iterations.
$gam
[1] 4

$rankJ
[1] 1

$rankA
[1] 0 0 1

[1] 0.6338437
Algorithm converged after  8  iterations.
$gam
[1] 4.555556

$rankJ
[1] 1

$rankA
[1] 0 0 1

[1] 0.63458
Algorithm converged after  8  iterations.
$gam
[1] 5.25

$rankJ
[1] 1

$rankA
[1] 0 0 1

[1] 0.6352368
Algorithm converged after  7  iterations.
$gam
[1] 6.142857

$rankJ
[1] 1

$rankA
[1] 0 0 1

[1] 0.6358422
Algorithm converged after  7  iterations.
$gam
[1] 7.333333

$rankJ
[1] 1

$rankA
[1] 0 0 1

[1] 0.636426
Algorithm converged after  6  iterations.
$gam
[1] 9

$rankJ
[1] 1

$rankA
[1] 0 0 1

[1] 0.6370185
Algorithm converged after  5  iterations.
$gam
[1] 11.5

$rankJ
[1] 1

$rankA
[1] 0 0 1

[1] 0.1719568
Algorithm converged after  5  iterations.
$gam
[1] 15.66667

$rankJ
[1] 1

$rankA
[1] 0 0 1

[1] 0.1710292
Algorithm converged after  4  iterations.
$gam
[1] 24

$rankJ
[1] 1

$rankA
[1] 0 0 1

[1] 0.1700384
Algorithm converged after  3  iterations.
$gam
[1] 49

$rankJ
[1] 1

$rankA
[1] 0 0 1

[1] 0.1689379
Algorithm converged after  4  iterations.
$gam
[1] 1e+10

$rankJ
[1] 1

$rankA
[1] 0 0 1

[1] 0.1675566
Algorithm converged after  2  iterations.
$gam
[1] 0

$rankJ
[1] 2

$rankA
[1] 0 0 0

[1] 0.531334
Algorithm converged after  2  iterations.
$gam
[1] 0.02040816

$rankJ
[1] 2

$rankA
[1] 0 0 0

[1] 0.5313502
Algorithm converged after  2  iterations.
$gam
[1] 0.04166667

$rankJ
[1] 2

$rankA
[1] 0 0 0

[1] 0.5334119
Algorithm converged after  2  iterations.
$gam
[1] 0.06382979

$rankJ
[1] 2

$rankA
[1] 0 0 0

[1] 0.5334713
Algorithm converged after  2  iterations.
$gam
[1] 0.08695652

$rankJ
[1] 2

$rankA
[1] 0 0 0

[1] 0.5336076
Algorithm converged after  2  iterations.
$gam
[1] 0.1111111

$rankJ
[1] 2

$rankA
[1] 0 0 0

[1] 0.5340487
Algorithm converged after  2  iterations.
$gam
[1] 0.1363636

$rankJ
[1] 2

$rankA
[1] 0 0 0

[1] 0.5352575
Algorithm converged after  2  iterations.
$gam
[1] 0.1627907

$rankJ
[1] 2

$rankA
[1] 0 0 0

[1] 0.5383017
Algorithm converged after  2  iterations.
$gam
[1] 0.1904762

$rankJ
[1] 2

$rankA
[1] 0 0 0

[1] 0.5436448
Algorithm converged after  2  iterations.
$gam
[1] 0.2195122

$rankJ
[1] 2

$rankA
[1] 0 0 0

[1] 0.5491821
Algorithm converged after  2  iterations.
$gam
[1] 0.25

$rankJ
[1] 2

$rankA
[1] 0 0 0

[1] 0.5544448
Algorithm converged after  2  iterations.
$gam
[1] 0.2820513

$rankJ
[1] 2

$rankA
[1] 0 0 0

[1] 0.559239
Algorithm converged after  2  iterations.
$gam
[1] 0.3157895

$rankJ
[1] 2

$rankA
[1] 0 0 0

[1] 0.5633086
Algorithm converged after  2  iterations.
$gam
[1] 0.3513514

$rankJ
[1] 2

$rankA
[1] 0 0 0

[1] 0.5667682
Algorithm converged after  2  iterations.
$gam
[1] 0.3888889

$rankJ
[1] 2

$rankA
[1] 0 0 0

[1] 0.5698385
Algorithm converged after  2  iterations.
$gam
[1] 0.4285714

$rankJ
[1] 2

$rankA
[1] 0 0 0

[1] 0.5726722
Algorithm converged after  2  iterations.
$gam
[1] 0.4705882

$rankJ
[1] 2

$rankA
[1] 0 0 0

[1] 0.5753499
Algorithm converged after  2  iterations.
$gam
[1] 0.5151515

$rankJ
[1] 2

$rankA
[1] 0 0 0

[1] 0.5779216
Algorithm converged after  2  iterations.
$gam
[1] 0.5625

$rankJ
[1] 2

$rankA
[1] 0 0 0

[1] 0.5804542
Algorithm converged after  2  iterations.
$gam
[1] 0.6129032

$rankJ
[1] 2

$rankA
[1] 0 0 0

[1] 0.5830969
Algorithm converged after  2  iterations.
$gam
[1] 0.6666667

$rankJ
[1] 2

$rankA
[1] 0 0 0

[1] 0.5862438
Algorithm converged after  2  iterations.
$gam
[1] 0.7241379

$rankJ
[1] 2

$rankA
[1] 0 0 0

[1] 0.5912427
Algorithm converged after  2  iterations.
$gam
[1] 0.7857143

$rankJ
[1] 2

$rankA
[1] 0 0 0

[1] 0.6065465
Algorithm converged after  2  iterations.
$gam
[1] 0.8518519

$rankJ
[1] 2

$rankA
[1] 0 0 0

[1] 0.6113722
Algorithm converged after  2  iterations.
$gam
[1] 0.9230769

$rankJ
[1] 2

$rankA
[1] 0 0 0

[1] 0.6126638
Algorithm converged after  2  iterations.
$gam
[1] 1

$rankJ
[1] 2

$rankA
[1] 0 0 0

[1] 0.6134577
Algorithm converged after  2  iterations.
$gam
[1] 1.083333

$rankJ
[1] 2

$rankA
[1] 0 0 0

[1] 0.6140556
Algorithm converged after  2  iterations.
$gam
[1] 1.173913

$rankJ
[1] 2

$rankA
[1] 0 0 0

[1] 0.6145488
Algorithm converged after  2  iterations.
$gam
[1] 1.272727

$rankJ
[1] 2

$rankA
[1] 0 0 0

[1] 0.6149772
Algorithm converged after  2  iterations.
$gam
[1] 1.380952

$rankJ
[1] 2

$rankA
[1] 0 0 0

[1] 0.6153617
Algorithm converged after  2  iterations.
$gam
[1] 1.5

$rankJ
[1] 2

$rankA
[1] 0 0 0

[1] 0.6157145
Algorithm converged after  2  iterations.
$gam
[1] 1.631579

$rankJ
[1] 2

$rankA
[1] 0 0 0

[1] 0.6160429
Algorithm converged after  2  iterations.
$gam
[1] 1.777778

$rankJ
[1] 2

$rankA
[1] 0 0 0

[1] 0.6163513
Algorithm converged after  2  iterations.
$gam
[1] 1.941176

$rankJ
[1] 2

$rankA
[1] 0 0 0

[1] 0.6166426
Algorithm converged after  2  iterations.
$gam
[1] 2.125

$rankJ
[1] 2

$rankA
[1] 0 0 0

[1] 0.6169189
Algorithm converged after  2  iterations.
$gam
[1] 2.333333

$rankJ
[1] 2

$rankA
[1] 0 0 0

[1] 0.6171817
Algorithm converged after  2  iterations.
$gam
[1] 2.571429

$rankJ
[1] 2

$rankA
[1] 0 0 0

[1] 0.617438
Algorithm converged after  2  iterations.
$gam
[1] 2.846154

$rankJ
[1] 2

$rankA
[1] 0 0 0

[1] 0.617681
Algorithm converged after  2  iterations.
$gam
[1] 3.166667

$rankJ
[1] 2

$rankA
[1] 0 0 0

[1] 0.6179122
Algorithm converged after  2  iterations.
$gam
[1] 3.545455

$rankJ
[1] 2

$rankA
[1] 0 0 0

[1] 0.6184604
Algorithm converged after  2  iterations.
$gam
[1] 4

$rankJ
[1] 2

$rankA
[1] 0 0 0

[1] 0.618331
Algorithm converged after  2  iterations.
$gam
[1] 4.555556

$rankJ
[1] 2

$rankA
[1] 0 0 0

[1] 0.6185335
Algorithm converged after  2  iterations.
$gam
[1] 5.25

$rankJ
[1] 2

$rankA
[1] 0 0 0

[1] 0.6187283
Algorithm converged after  2  iterations.
$gam
[1] 6.142857

$rankJ
[1] 2

$rankA
[1] 0 0 0

[1] 0.6189159
Algorithm converged after  2  iterations.
$gam
[1] 7.333333

$rankJ
[1] 2

$rankA
[1] 0 0 0

[1] 0.6190967
Algorithm converged after  2  iterations.
$gam
[1] 9

$rankJ
[1] 2

$rankA
[1] 0 0 0

[1] 0.6192712
Algorithm converged after  2  iterations.
$gam
[1] 11.5

$rankJ
[1] 2

$rankA
[1] 0 0 0

[1] 0.1501385
Algorithm converged after  2  iterations.
$gam
[1] 15.66667

$rankJ
[1] 2

$rankA
[1] 0 0 0

[1] 0.1500928
Algorithm converged after  2  iterations.
$gam
[1] 24

$rankJ
[1] 2

$rankA
[1] 0 0 0

[1] 0.1500506
Algorithm converged after  2  iterations.
$gam
[1] 49

$rankJ
[1] 2

$rankA
[1] 0 0 0

[1] 0.1500149
Algorithm converged after  2  iterations.
$gam
[1] 1e+10

$rankJ
[1] 2

$rankA
[1] 0 0 0

[1] 0.1499955
Algorithm converged after  2  iterations.
