myseed=1050 

Attaching package: ‘pls’

The following object is masked from ‘package:stats’:

    loadings

Loading required package: lattice
Loading required package: ggplot2
Registered S3 methods overwritten by 'ggplot2':
  method         from 
  [.quosures     rlang
  c.quosures     rlang
  print.quosures rlang

Attaching package: ‘caret’

The following object is masked from ‘package:pls’:

    R2

Loading required package: Matrix
Loading required package: foreach
Loaded glmnet 2.0-18

Parsed with column specification:
cols(
  .default = col_double()
)
See spec(...) for full column specifications.
Parsed with column specification:
cols(
  X1 = col_double()
)
Parsed with column specification:
cols(
  X1 = col_double()
)
$gam
[1] 0

$rankJ
[1] 0

$rankA
[1] 0 0 0

[1] 0.6680346
Algorithm converged after  2  iterations.
$gam
[1] 0.02040816

$rankJ
[1] 0

$rankA
[1] 0 0 0

[1] 0.6680346
Algorithm converged after  2  iterations.
$gam
[1] 0.04166667

$rankJ
[1] 0

$rankA
[1] 0 0 0

[1] 0.6680346
Algorithm converged after  2  iterations.
$gam
[1] 0.06382979

$rankJ
[1] 0

$rankA
[1] 0 0 0

[1] 0.6680346
Algorithm converged after  2  iterations.
$gam
[1] 0.08695652

$rankJ
[1] 0

$rankA
[1] 0 0 0

[1] 0.6680346
Algorithm converged after  2  iterations.
$gam
[1] 0.1111111

$rankJ
[1] 0

$rankA
[1] 0 0 0

[1] 0.6680346
Algorithm converged after  2  iterations.
$gam
[1] 0.1363636

$rankJ
[1] 0

$rankA
[1] 0 0 0

[1] 0.6680346
Algorithm converged after  2  iterations.
$gam
[1] 0.1627907

$rankJ
[1] 0

$rankA
[1] 0 0 0

[1] 0.6680346
Algorithm converged after  2  iterations.
$gam
[1] 0.1904762

$rankJ
[1] 0

$rankA
[1] 0 0 0

[1] 0.6680346
Algorithm converged after  2  iterations.
$gam
[1] 0.2195122

$rankJ
[1] 0

$rankA
[1] 0 0 0

[1] 0.6680346
Algorithm converged after  2  iterations.
$gam
[1] 0.25

$rankJ
[1] 0

$rankA
[1] 0 0 0

[1] 0.6680346
Algorithm converged after  2  iterations.
$gam
[1] 0.2820513

$rankJ
[1] 0

$rankA
[1] 0 0 0

[1] 0.6680346
Algorithm converged after  2  iterations.
$gam
[1] 0.3157895

$rankJ
[1] 0

$rankA
[1] 0 0 0

[1] 0.6680346
Algorithm converged after  2  iterations.
$gam
[1] 0.3513514

$rankJ
[1] 0

$rankA
[1] 0 0 0

[1] 0.6680346
Algorithm converged after  2  iterations.
$gam
[1] 0.3888889

$rankJ
[1] 0

$rankA
[1] 0 0 0

[1] 0.6680346
Algorithm converged after  2  iterations.
$gam
[1] 0.4285714

$rankJ
[1] 0

$rankA
[1] 0 0 0

[1] 0.6680346
Algorithm converged after  2  iterations.
$gam
[1] 0.4705882

$rankJ
[1] 0

$rankA
[1] 0 0 0

[1] 0.6680346
Algorithm converged after  2  iterations.
$gam
[1] 0.5151515

$rankJ
[1] 0

$rankA
[1] 0 0 0

[1] 0.6680346
Algorithm converged after  2  iterations.
$gam
[1] 0.5625

$rankJ
[1] 0

$rankA
[1] 0 0 0

[1] 0.6680346
Algorithm converged after  2  iterations.
$gam
[1] 0.6129032

$rankJ
[1] 0

$rankA
[1] 0 0 0

[1] 0.6680346
Algorithm converged after  2  iterations.
$gam
[1] 0.6666667

$rankJ
[1] 0

$rankA
[1] 0 0 0

[1] 0.6680346
Algorithm converged after  2  iterations.
$gam
[1] 0.7241379

$rankJ
[1] 0

$rankA
[1] 0 0 0

[1] 0.6680346
Algorithm converged after  2  iterations.
$gam
[1] 0.7857143

$rankJ
[1] 0

$rankA
[1] 0 0 0

[1] 0.6680346
Algorithm converged after  2  iterations.
$gam
[1] 0.8518519

$rankJ
[1] 0

$rankA
[1] 0 0 0

[1] 0.6680346
Algorithm converged after  2  iterations.
$gam
[1] 0.9230769

$rankJ
[1] 0

$rankA
[1] 0 0 0

[1] 0.6680346
Algorithm converged after  2  iterations.
$gam
[1] 1

$rankJ
[1] 0

$rankA
[1] 0 0 0

[1] 0.6680346
Algorithm converged after  2  iterations.
$gam
[1] 1.083333

$rankJ
[1] 0

$rankA
[1] 0 0 0

[1] 0.6680346
Algorithm converged after  2  iterations.
$gam
[1] 1.173913

$rankJ
[1] 0

$rankA
[1] 0 0 0

[1] 0.6680346
Algorithm converged after  2  iterations.
$gam
[1] 1.272727

$rankJ
[1] 0

$rankA
[1] 0 0 0

[1] 0.6680346
Algorithm converged after  2  iterations.
$gam
[1] 1.380952

$rankJ
[1] 0

$rankA
[1] 0 0 0

[1] 0.6680346
Algorithm converged after  2  iterations.
$gam
[1] 1.5

$rankJ
[1] 0

$rankA
[1] 0 0 0

[1] 0.6680346
Algorithm converged after  2  iterations.
$gam
[1] 1.631579

$rankJ
[1] 0

$rankA
[1] 0 0 0

[1] 0.6680346
Algorithm converged after  2  iterations.
$gam
[1] 1.777778

$rankJ
[1] 0

$rankA
[1] 0 0 0

[1] 0.6680346
Algorithm converged after  2  iterations.
$gam
[1] 1.941176

$rankJ
[1] 0

$rankA
[1] 0 0 0

[1] 0.6680346
Algorithm converged after  2  iterations.
$gam
[1] 2.125

$rankJ
[1] 0

$rankA
[1] 0 0 0

[1] 0.6680346
Algorithm converged after  2  iterations.
$gam
[1] 2.333333

$rankJ
[1] 0

$rankA
[1] 0 0 0

[1] 0.6680346
Algorithm converged after  2  iterations.
$gam
[1] 2.571429

$rankJ
[1] 0

$rankA
[1] 0 0 0

[1] 0.6680346
Algorithm converged after  2  iterations.
$gam
[1] 2.846154

$rankJ
[1] 0

$rankA
[1] 0 0 0

[1] 0.6680346
Algorithm converged after  2  iterations.
$gam
[1] 3.166667

$rankJ
[1] 0

$rankA
[1] 0 0 0

[1] 0.6680346
Algorithm converged after  2  iterations.
$gam
[1] 3.545455

$rankJ
[1] 0

$rankA
[1] 0 0 0

[1] 0.6680346
Algorithm converged after  2  iterations.
$gam
[1] 4

$rankJ
[1] 0

$rankA
[1] 0 0 0

[1] 0.6680346
Algorithm converged after  2  iterations.
$gam
[1] 4.555556

$rankJ
[1] 0

$rankA
[1] 0 0 0

[1] 0.6680346
Algorithm converged after  2  iterations.
$gam
[1] 5.25

$rankJ
[1] 0

$rankA
[1] 0 0 0

[1] 0.6680346
Algorithm converged after  2  iterations.
$gam
[1] 6.142857

$rankJ
[1] 0

$rankA
[1] 0 0 0

[1] 0.6680346
Algorithm converged after  2  iterations.
$gam
[1] 7.333333

$rankJ
[1] 0

$rankA
[1] 0 0 0

[1] 0.6680346
Algorithm converged after  2  iterations.
$gam
[1] 9

$rankJ
[1] 0

$rankA
[1] 0 0 0

[1] 0.6680346
Algorithm converged after  2  iterations.
$gam
[1] 11.5

$rankJ
[1] 0

$rankA
[1] 0 0 0

[1] 0.2622371
Algorithm converged after  2  iterations.
$gam
[1] 15.66667

$rankJ
[1] 0

$rankA
[1] 0 0 0

[1] 0.2622371
Algorithm converged after  2  iterations.
$gam
[1] 24

$rankJ
[1] 0

$rankA
[1] 0 0 0

[1] 0.2622371
Algorithm converged after  2  iterations.
$gam
[1] 49

$rankJ
[1] 0

$rankA
[1] 0 0 0

[1] 0.2622371
Algorithm converged after  2  iterations.
$gam
[1] 1e+10

$rankJ
[1] 0

$rankA
[1] 0 0 0

[1] 0.2622371
Algorithm converged after  2  iterations.
$gam
[1] 0

$rankJ
[1] 0

$rankA
[1] 1 0 0

[1] 0.5659187
Algorithm converged after  2  iterations.
$gam
[1] 0.02040816

$rankJ
[1] 0

$rankA
[1] 1 0 0

[1] 0.5701405
Algorithm converged after  2  iterations.
$gam
[1] 0.04166667

$rankJ
[1] 0

$rankA
[1] 1 0 0

[1] 0.5727953
Algorithm converged after  2  iterations.
$gam
[1] 0.06382979

$rankJ
[1] 0

$rankA
[1] 1 0 0

[1] 0.5755479
Algorithm converged after  2  iterations.
$gam
[1] 0.08695652

$rankJ
[1] 0

$rankA
[1] 1 0 0

[1] 0.5789107
Algorithm converged after  2  iterations.
$gam
[1] 0.1111111

$rankJ
[1] 0

$rankA
[1] 1 0 0

[1] 0.5830804
Algorithm converged after  2  iterations.
$gam
[1] 0.1363636

$rankJ
[1] 0

$rankA
[1] 1 0 0

[1] 0.5871947
Algorithm converged after  2  iterations.
$gam
[1] 0.1627907

$rankJ
[1] 0

$rankA
[1] 1 0 0

[1] 0.590774
Algorithm converged after  2  iterations.
$gam
[1] 0.1904762

$rankJ
[1] 0

$rankA
[1] 1 0 0

[1] 0.5940331
Algorithm converged after  2  iterations.
$gam
[1] 0.2195122

$rankJ
[1] 0

$rankA
[1] 1 0 0

[1] 0.5972524
Algorithm converged after  2  iterations.
$gam
[1] 0.25

$rankJ
[1] 0

$rankA
[1] 1 0 0

[1] 0.60065
Algorithm converged after  2  iterations.
$gam
[1] 0.2820513

$rankJ
[1] 0

$rankA
[1] 1 0 0

[1] 0.6044105
Algorithm converged after  2  iterations.
$gam
[1] 0.3157895

$rankJ
[1] 0

$rankA
[1] 1 0 0

[1] 0.6087195
Algorithm converged after  2  iterations.
$gam
[1] 0.3513514

$rankJ
[1] 0

$rankA
[1] 1 0 0

[1] 0.6137875
Algorithm converged after  2  iterations.
$gam
[1] 0.3888889

$rankJ
[1] 0

$rankA
[1] 1 0 0

[1] 0.619811
Algorithm converged after  2  iterations.
$gam
[1] 0.4285714

$rankJ
[1] 0

$rankA
[1] 1 0 0

[1] 0.6266861
Algorithm converged after  2  iterations.
$gam
[1] 0.4705882

$rankJ
[1] 0

$rankA
[1] 1 0 0

[1] 0.6334468
Algorithm converged after  2  iterations.
$gam
[1] 0.5151515

$rankJ
[1] 0

$rankA
[1] 1 0 0

[1] 0.6388058
Algorithm converged after  2  iterations.
$gam
[1] 0.5625

$rankJ
[1] 0

$rankA
[1] 1 0 0

[1] 0.6425666
Algorithm converged after  2  iterations.
$gam
[1] 0.6129032

$rankJ
[1] 0

$rankA
[1] 1 0 0

[1] 0.6452095
Algorithm converged after  2  iterations.
$gam
[1] 0.6666667

$rankJ
[1] 0

$rankA
[1] 1 0 0

[1] 0.6471589
Algorithm converged after  2  iterations.
$gam
[1] 0.7241379

$rankJ
[1] 0

$rankA
[1] 1 0 0

[1] 0.6486746
Algorithm converged after  2  iterations.
$gam
[1] 0.7857143

$rankJ
[1] 0

$rankA
[1] 1 0 0

[1] 0.6499113
Algorithm converged after  2  iterations.
$gam
[1] 0.8518519

$rankJ
[1] 0

$rankA
[1] 1 0 0

[1] 0.6509676
Algorithm converged after  2  iterations.
$gam
[1] 0.9230769

$rankJ
[1] 0

$rankA
[1] 1 0 0

[1] 0.6519148
Algorithm converged after  2  iterations.
$gam
[1] 1

$rankJ
[1] 0

$rankA
[1] 1 0 0

[1] 0.6528143
Algorithm converged after  2  iterations.
$gam
[1] 1.083333

$rankJ
[1] 0

$rankA
[1] 1 0 0

[1] 0.6537288
Algorithm converged after  2  iterations.
$gam
[1] 1.173913

$rankJ
[1] 0

$rankA
[1] 1 0 0

[1] 0.6547238
Algorithm converged after  2  iterations.
$gam
[1] 1.272727

$rankJ
[1] 0

$rankA
[1] 1 0 0

[1] 0.6558435
Algorithm converged after  2  iterations.
$gam
[1] 1.380952

$rankJ
[1] 0

$rankA
[1] 1 0 0

[1] 0.657065
Algorithm converged after  2  iterations.
$gam
[1] 1.5

$rankJ
[1] 0

$rankA
[1] 1 0 0

[1] 0.6582975
Algorithm converged after  2  iterations.
$gam
[1] 1.631579

$rankJ
[1] 0

$rankA
[1] 1 0 0

[1] 0.6594516
Algorithm converged after  2  iterations.
$gam
[1] 1.777778

$rankJ
[1] 0

$rankA
[1] 1 0 0

[1] 0.6604828
Algorithm converged after  2  iterations.
$gam
[1] 1.941176

$rankJ
[1] 0

$rankA
[1] 1 0 0

[1] 0.661385
Algorithm converged after  2  iterations.
$gam
[1] 2.125

$rankJ
[1] 0

$rankA
[1] 1 0 0

[1] 0.6621696
Algorithm converged after  2  iterations.
$gam
[1] 2.333333

$rankJ
[1] 0

$rankA
[1] 1 0 0

[1] 0.6602405
Algorithm converged after  2  iterations.
$gam
[1] 2.571429

$rankJ
[1] 0

$rankA
[1] 1 0 0

[1] 0.6623527
Algorithm converged after  2  iterations.
$gam
[1] 2.846154

$rankJ
[1] 0

$rankA
[1] 1 0 0

[1] 0.6635512
Algorithm converged after  2  iterations.
$gam
[1] 3.166667

$rankJ
[1] 0

$rankA
[1] 1 0 0

[1] 0.6644288
Algorithm converged after  2  iterations.
$gam
[1] 3.545455

$rankJ
[1] 0

$rankA
[1] 1 0 0

[1] 0.6651148
Algorithm converged after  2  iterations.
$gam
[1] 4

$rankJ
[1] 0

$rankA
[1] 1 0 0

[1] 0.6656693
Algorithm converged after  2  iterations.
$gam
[1] 4.555556

$rankJ
[1] 0

$rankA
[1] 1 0 0

[1] 0.6661271
Algorithm converged after  2  iterations.
$gam
[1] 5.25

$rankJ
[1] 0

$rankA
[1] 1 0 0

[1] 0.6581317
Algorithm converged after  2  iterations.
$gam
[1] 6.142857

$rankJ
[1] 0

$rankA
[1] 1 0 0

[1] 0.6661935
Algorithm converged after  2  iterations.
$gam
[1] 7.333333

$rankJ
[1] 0

$rankA
[1] 1 0 0

[1] 0.6664617
Algorithm converged after  2  iterations.
$gam
[1] 9

$rankJ
[1] 0

$rankA
[1] 1 0 0

[1] 0.6667125
Algorithm converged after  2  iterations.
$gam
[1] 11.5

$rankJ
[1] 0

$rankA
[1] 1 0 0

[1] 0.2507063
Algorithm converged after  2  iterations.
$gam
[1] 15.66667

$rankJ
[1] 0

$rankA
[1] 1 0 0

[1] 0.2504987
Algorithm converged after  2  iterations.
$gam
[1] 24

$rankJ
[1] 0

$rankA
[1] 1 0 0

[1] 0.2503133
Algorithm converged after  2  iterations.
$gam
[1] 49

$rankJ
[1] 0

$rankA
[1] 1 0 0

[1] 0.2501583
Algorithm converged after  2  iterations.
$gam
[1] 1e+10

$rankJ
[1] 0

$rankA
[1] 1 0 0

[1] 0.2500697
Algorithm converged after  2  iterations.
$gam
[1] 0

$rankJ
[1] 0

$rankA
[1] 0 1 0

[1] 0.5752606
Algorithm converged after  2  iterations.
$gam
[1] 0.02040816

$rankJ
[1] 0

$rankA
[1] 0 1 0

[1] 0.5773287
Algorithm converged after  2  iterations.
$gam
[1] 0.04166667

$rankJ
[1] 0

$rankA
[1] 0 1 0

[1] 0.5803671
Algorithm converged after  2  iterations.
$gam
[1] 0.06382979

$rankJ
[1] 0

$rankA
[1] 0 1 0

[1] 0.5845225
Algorithm converged after  2  iterations.
$gam
[1] 0.08695652

$rankJ
[1] 0

$rankA
[1] 0 1 0

[1] 0.5882594
Algorithm converged after  2  iterations.
$gam
[1] 0.1111111

$rankJ
[1] 0

$rankA
[1] 0 1 0

[1] 0.5923707
Algorithm converged after  2  iterations.
$gam
[1] 0.1363636

$rankJ
[1] 0

$rankA
[1] 0 1 0

[1] 0.5969098
Algorithm converged after  2  iterations.
$gam
[1] 0.1627907

$rankJ
[1] 0

$rankA
[1] 0 1 0

[1] 0.6018298
Algorithm converged after  2  iterations.
$gam
[1] 0.1904762

$rankJ
[1] 0

$rankA
[1] 0 1 0

[1] 0.6073606
Algorithm converged after  2  iterations.
$gam
[1] 0.2195122

$rankJ
[1] 0

$rankA
[1] 0 1 0

[1] 0.6151006
Algorithm converged after  2  iterations.
$gam
[1] 0.25

$rankJ
[1] 0

$rankA
[1] 0 1 0

[1] 0.6323584
Algorithm converged after  2  iterations.
$gam
[1] 0.2820513

$rankJ
[1] 0

$rankA
[1] 0 1 0

[1] 0.6360362
Algorithm converged after  2  iterations.
$gam
[1] 0.3157895

$rankJ
[1] 0

$rankA
[1] 0 1 0

[1] 0.637695
Algorithm converged after  2  iterations.
$gam
[1] 0.3513514

$rankJ
[1] 0

$rankA
[1] 0 1 0

[1] 0.6387637
Algorithm converged after  2  iterations.
$gam
[1] 0.3888889

$rankJ
[1] 0

$rankA
[1] 0 1 0

[1] 0.6395457
Algorithm converged after  2  iterations.
$gam
[1] 0.4285714

$rankJ
[1] 0

$rankA
[1] 0 1 0

[1] 0.6401583
Algorithm converged after  2  iterations.
$gam
[1] 0.4705882

$rankJ
[1] 0

$rankA
[1] 0 1 0

[1] 0.6406595
Algorithm converged after  2  iterations.
$gam
[1] 0.5151515

$rankJ
[1] 0

$rankA
[1] 0 1 0

[1] 0.6410823
Algorithm converged after  2  iterations.
$gam
[1] 0.5625

$rankJ
[1] 0

$rankA
[1] 0 1 0

[1] 0.6414474
Algorithm converged after  2  iterations.
$gam
[1] 0.6129032

$rankJ
[1] 0

$rankA
[1] 0 1 0

[1] 0.641769
Algorithm converged after  2  iterations.
$gam
[1] 0.6666667

$rankJ
[1] 0

$rankA
[1] 0 1 0

[1] 0.6420571
Algorithm converged after  2  iterations.
$gam
[1] 0.7241379

$rankJ
[1] 0

$rankA
[1] 0 1 0

[1] 0.6423196
Algorithm converged after  2  iterations.
$gam
[1] 0.7857143

$rankJ
[1] 0

$rankA
[1] 0 1 0

[1] 0.6425633
Algorithm converged after  2  iterations.
$gam
[1] 0.8518519

$rankJ
[1] 0

$rankA
[1] 0 1 0

[1] 0.6427946
Algorithm converged after  2  iterations.
$gam
[1] 0.9230769

$rankJ
[1] 0

$rankA
[1] 0 1 0

[1] 0.6430209
Algorithm converged after  2  iterations.
$gam
[1] 1

$rankJ
[1] 0

$rankA
[1] 0 1 0

[1] 0.6432517
Algorithm converged after  2  iterations.
$gam
[1] 1.083333

$rankJ
[1] 0

$rankA
[1] 0 1 0

[1] 0.6435019
Algorithm converged after  2  iterations.
$gam
[1] 1.173913

$rankJ
[1] 0

$rankA
[1] 0 1 0

[1] 0.6437976
Algorithm converged after  2  iterations.
$gam
[1] 1.272727

$rankJ
[1] 0

$rankA
[1] 0 1 0

[1] 0.644188
Algorithm converged after  2  iterations.
$gam
[1] 1.380952

$rankJ
[1] 0

$rankA
[1] 0 1 0

[1] 0.6447695
Algorithm converged after  2  iterations.
$gam
[1] 1.5

$rankJ
[1] 0

$rankA
[1] 0 1 0

[1] 0.6457065
Algorithm converged after  2  iterations.
$gam
[1] 1.631579

$rankJ
[1] 0

$rankA
[1] 0 1 0

[1] 0.6471592
Algorithm converged after  2  iterations.
$gam
[1] 1.777778

$rankJ
[1] 0

$rankA
[1] 0 1 0

[1] 0.6490621
Algorithm converged after  2  iterations.
$gam
[1] 1.941176

$rankJ
[1] 0

$rankA
[1] 0 1 0

[1] 0.6511276
Algorithm converged after  2  iterations.
$gam
[1] 2.125

$rankJ
[1] 0

$rankA
[1] 0 1 0

[1] 0.6531173
Algorithm converged after  2  iterations.
$gam
[1] 2.333333

$rankJ
[1] 0

$rankA
[1] 0 1 0

[1] 0.6549295
Algorithm converged after  2  iterations.
$gam
[1] 2.571429

$rankJ
[1] 0

$rankA
[1] 0 1 0

[1] 0.6461295
Algorithm converged after  2  iterations.
$gam
[1] 2.846154

$rankJ
[1] 0

$rankA
[1] 0 1 0

[1] 0.6454981
Algorithm converged after  2  iterations.
$gam
[1] 3.166667

$rankJ
[1] 0

$rankA
[1] 0 1 0

[1] 0.6452472
Algorithm converged after  2  iterations.
$gam
[1] 3.545455

$rankJ
[1] 0

$rankA
[1] 0 1 0

[1] 0.6451337
Algorithm converged after  2  iterations.
$gam
[1] 4

$rankJ
[1] 0

$rankA
[1] 0 1 0

[1] 0.6450851
Algorithm converged after  2  iterations.
$gam
[1] 4.555556

$rankJ
[1] 0

$rankA
[1] 0 1 0

[1] 0.6450715
Algorithm converged after  2  iterations.
$gam
[1] 5.25

$rankJ
[1] 0

$rankA
[1] 0 1 0

[1] 0.6450783
Algorithm converged after  2  iterations.
$gam
[1] 6.142857

$rankJ
[1] 0

$rankA
[1] 0 1 0

[1] 0.6450976
Algorithm converged after  2  iterations.
$gam
[1] 7.333333

$rankJ
[1] 0

$rankA
[1] 0 1 0

[1] 0.6645369
Algorithm converged after  2  iterations.
$gam
[1] 9

$rankJ
[1] 0

$rankA
[1] 0 1 0

[1] 0.665978
Algorithm converged after  2  iterations.
$gam
[1] 11.5

$rankJ
[1] 0

$rankA
[1] 0 1 0

[1] 0.2525036
Algorithm converged after  2  iterations.
$gam
[1] 15.66667

$rankJ
[1] 0

$rankA
[1] 0 1 0

[1] 0.2517345
Algorithm converged after  2  iterations.
$gam
[1] 24

$rankJ
[1] 0

$rankA
[1] 0 1 0

[1] 0.2515309
Algorithm converged after  2  iterations.
$gam
[1] 49

$rankJ
[1] 0

$rankA
[1] 0 1 0

[1] 0.2513484
Algorithm converged after  2  iterations.
$gam
[1] 1e+10

$rankJ
[1] 0

$rankA
[1] 0 1 0

[1] 0.2512197
Algorithm converged after  2  iterations.
$gam
[1] 0

$rankJ
[1] 0

$rankA
[1] 0 0 1

[1] 0.6017916
Algorithm converged after  2  iterations.
$gam
[1] 0.02040816

$rankJ
[1] 0

$rankA
[1] 0 0 1

[1] 0.603561
Algorithm converged after  2  iterations.
$gam
[1] 0.04166667

$rankJ
[1] 0

$rankA
[1] 0 0 1

[1] 0.6058329
Algorithm converged after  2  iterations.
$gam
[1] 0.06382979

$rankJ
[1] 0

$rankA
[1] 0 0 1

[1] 0.6089138
Algorithm converged after  2  iterations.
$gam
[1] 0.08695652

$rankJ
[1] 0

$rankA
[1] 0 0 1

[1] 0.6130164
Algorithm converged after  2  iterations.
$gam
[1] 0.1111111

$rankJ
[1] 0

$rankA
[1] 0 0 1

[1] 0.6187454
Algorithm converged after  2  iterations.
$gam
[1] 0.1363636

$rankJ
[1] 0

$rankA
[1] 0 0 1

[1] 0.6265973
Algorithm converged after  2  iterations.
$gam
[1] 0.1627907

$rankJ
[1] 0

$rankA
[1] 0 0 1

[1] 0.6303718
Algorithm converged after  2  iterations.
$gam
[1] 0.1904762

$rankJ
[1] 0

$rankA
[1] 0 0 1

[1] 0.6328027
Algorithm converged after  2  iterations.
$gam
[1] 0.2195122

$rankJ
[1] 0

$rankA
[1] 0 0 1

[1] 0.6347763
Algorithm converged after  2  iterations.
$gam
[1] 0.25

$rankJ
[1] 0

$rankA
[1] 0 0 1

[1] 0.6364737
Algorithm converged after  2  iterations.
$gam
[1] 0.2820513

$rankJ
[1] 0

$rankA
[1] 0 0 1

[1] 0.6379305
Algorithm converged after  2  iterations.
$gam
[1] 0.3157895

$rankJ
[1] 0

$rankA
[1] 0 0 1

[1] 0.6391631
Algorithm converged after  2  iterations.
$gam
[1] 0.3513514

$rankJ
[1] 0

$rankA
[1] 0 0 1

[1] 0.6402
Algorithm converged after  2  iterations.
$gam
[1] 0.3888889

$rankJ
[1] 0

$rankA
[1] 0 0 1

[1] 0.6410768
Algorithm converged after  2  iterations.
$gam
[1] 0.4285714

$rankJ
[1] 0

$rankA
[1] 0 0 1

[1] 0.6418274
Algorithm converged after  2  iterations.
$gam
[1] 0.4705882

$rankJ
[1] 0

$rankA
[1] 0 0 1

[1] 0.6424804
Algorithm converged after  2  iterations.
$gam
[1] 0.5151515

$rankJ
[1] 0

$rankA
[1] 0 0 1

[1] 0.6430592
Algorithm converged after  2  iterations.
$gam
[1] 0.5625

$rankJ
[1] 0

$rankA
[1] 0 0 1

[1] 0.6435838
Algorithm converged after  2  iterations.
$gam
[1] 0.6129032

$rankJ
[1] 0

$rankA
[1] 0 0 1

[1] 0.644073
Algorithm converged after  2  iterations.
$gam
[1] 0.6666667

$rankJ
[1] 0

$rankA
[1] 0 0 1

[1] 0.6445475
Algorithm converged after  2  iterations.
$gam
[1] 0.7241379

$rankJ
[1] 0

$rankA
[1] 0 0 1

[1] 0.6450356
Algorithm converged after  2  iterations.
$gam
[1] 0.7857143

$rankJ
[1] 0

$rankA
[1] 0 0 1

[1] 0.645585
Algorithm converged after  2  iterations.
$gam
[1] 0.8518519

$rankJ
[1] 0

$rankA
[1] 0 0 1

[1] 0.646291
Algorithm converged after  2  iterations.
$gam
[1] 0.9230769

$rankJ
[1] 0

$rankA
[1] 0 0 1

[1] 0.6473627
Algorithm converged after  2  iterations.
$gam
[1] 1

$rankJ
[1] 0

$rankA
[1] 0 0 1

[1] 0.6492169
Algorithm converged after  2  iterations.
$gam
[1] 1.083333

$rankJ
[1] 0

$rankA
[1] 0 0 1

[1] 0.6521356
Algorithm converged after  2  iterations.
$gam
[1] 1.173913

$rankJ
[1] 0

$rankA
[1] 0 0 1

[1] 0.655302
Algorithm converged after  2  iterations.
$gam
[1] 1.272727

$rankJ
[1] 0

$rankA
[1] 0 0 1

[1] 0.6578438
Algorithm converged after  2  iterations.
$gam
[1] 1.380952

$rankJ
[1] 0

$rankA
[1] 0 0 1

[1] 0.6597135
Algorithm converged after  2  iterations.
$gam
[1] 1.5

$rankJ
[1] 0

$rankA
[1] 0 0 1

[1] 0.6610992
Algorithm converged after  2  iterations.
$gam
[1] 1.631579

$rankJ
[1] 0

$rankA
[1] 0 0 1

[1] 0.658106
Algorithm converged after  2  iterations.
$gam
[1] 1.777778

$rankJ
[1] 0

$rankA
[1] 0 0 1

[1] 0.6608796
Algorithm converged after  2  iterations.
$gam
[1] 1.941176

$rankJ
[1] 0

$rankA
[1] 0 0 1

[1] 0.6625538
Algorithm converged after  2  iterations.
$gam
[1] 2.125

$rankJ
[1] 0

$rankA
[1] 0 0 1

[1] 0.6637115
Algorithm converged after  2  iterations.
$gam
[1] 2.333333

$rankJ
[1] 0

$rankA
[1] 0 0 1

[1] 0.664565
Algorithm converged after  2  iterations.
$gam
[1] 2.571429

$rankJ
[1] 0

$rankA
[1] 0 0 1

[1] 0.6652203
Algorithm converged after  2  iterations.
$gam
[1] 2.846154

$rankJ
[1] 0

$rankA
[1] 0 0 1

[1] 0.6657382
Algorithm converged after  2  iterations.
$gam
[1] 3.166667

$rankJ
[1] 0

$rankA
[1] 0 0 1

[1] 0.6661563
Algorithm converged after  2  iterations.
$gam
[1] 3.545455

$rankJ
[1] 0

$rankA
[1] 0 0 1

[1] 0.6664996
Algorithm converged after  2  iterations.
$gam
[1] 4

$rankJ
[1] 0

$rankA
[1] 0 0 1

[1] 0.6484409
Algorithm converged after  2  iterations.
$gam
[1] 4.555556

$rankJ
[1] 0

$rankA
[1] 0 0 1

[1] 0.6664487
Algorithm converged after  2  iterations.
$gam
[1] 5.25

$rankJ
[1] 0

$rankA
[1] 0 0 1

[1] 0.6666463
Algorithm converged after  2  iterations.
$gam
[1] 6.142857

$rankJ
[1] 0

$rankA
[1] 0 0 1

[1] 0.6668278
Algorithm converged after  2  iterations.
$gam
[1] 7.333333

$rankJ
[1] 0

$rankA
[1] 0 0 1

[1] 0.6669958
Algorithm converged after  2  iterations.
$gam
[1] 9

$rankJ
[1] 0

$rankA
[1] 0 0 1

[1] 0.6671527
Algorithm converged after  2  iterations.
$gam
[1] 11.5

$rankJ
[1] 0

$rankA
[1] 0 0 1

[1] 0.2104639
Algorithm converged after  2  iterations.
$gam
[1] 15.66667

$rankJ
[1] 0

$rankA
[1] 0 0 1

[1] 0.2095229
Algorithm converged after  2  iterations.
$gam
[1] 24

$rankJ
[1] 0

$rankA
[1] 0 0 1

[1] 0.2086998
Algorithm converged after  2  iterations.
$gam
[1] 49

$rankJ
[1] 0

$rankA
[1] 0 0 1

[1] 0.2080378
Algorithm converged after  2  iterations.
$gam
[1] 1e+10

$rankJ
[1] 0

$rankA
[1] 0 0 1

[1] 0.2076938
Algorithm converged after  2  iterations.
$gam
[1] 0

$rankJ
[1] 1

$rankA
[1] 0 0 0

[1] 0.5330919
Algorithm converged after  2  iterations.
$gam
[1] 0.02040816

$rankJ
[1] 1

$rankA
[1] 0 0 0

[1] 0.5359954
Algorithm converged after  2  iterations.
$gam
[1] 0.04166667

$rankJ
[1] 1

$rankA
[1] 0 0 0

[1] 0.539171
Algorithm converged after  2  iterations.
$gam
[1] 0.06382979

$rankJ
[1] 1

$rankA
[1] 0 0 0

[1] 0.5475943
Algorithm converged after  2  iterations.
$gam
[1] 0.08695652

$rankJ
[1] 1

$rankA
[1] 0 0 0

[1] 0.558439
Algorithm converged after  2  iterations.
$gam
[1] 0.1111111

$rankJ
[1] 1

$rankA
[1] 0 0 0

[1] 0.5710768
Algorithm converged after  2  iterations.
$gam
[1] 0.1363636

$rankJ
[1] 1

$rankA
[1] 0 0 0

[1] 0.5796255
Algorithm converged after  2  iterations.
$gam
[1] 0.1627907

$rankJ
[1] 1

$rankA
[1] 0 0 0

[1] 0.5857838
Algorithm converged after  2  iterations.
$gam
[1] 0.1904762

$rankJ
[1] 1

$rankA
[1] 0 0 0

[1] 0.5912825
Algorithm converged after  2  iterations.
$gam
[1] 0.2195122

$rankJ
[1] 1

$rankA
[1] 0 0 0

[1] 0.5964946
Algorithm converged after  2  iterations.
$gam
[1] 0.25

$rankJ
[1] 1

$rankA
[1] 0 0 0

[1] 0.6011494
Algorithm converged after  2  iterations.
$gam
[1] 0.2820513

$rankJ
[1] 1

$rankA
[1] 0 0 0

[1] 0.6049156
Algorithm converged after  2  iterations.
$gam
[1] 0.3157895

$rankJ
[1] 1

$rankA
[1] 0 0 0

[1] 0.6078212
Algorithm converged after  2  iterations.
$gam
[1] 0.3513514

$rankJ
[1] 1

$rankA
[1] 0 0 0

[1] 0.6100764
Algorithm converged after  2  iterations.
$gam
[1] 0.3888889

$rankJ
[1] 1

$rankA
[1] 0 0 0

[1] 0.6118736
Algorithm converged after  2  iterations.
$gam
[1] 0.4285714

$rankJ
[1] 1

$rankA
[1] 0 0 0

[1] 0.6133484
Algorithm converged after  2  iterations.
$gam
[1] 0.4705882

$rankJ
[1] 1

$rankA
[1] 0 0 0

[1] 0.6145917
Algorithm converged after  2  iterations.
$gam
[1] 0.5151515

$rankJ
[1] 1

$rankA
[1] 0 0 0

[1] 0.6156659
Algorithm converged after  2  iterations.
$gam
[1] 0.5625

$rankJ
[1] 1

$rankA
[1] 0 0 0

[1] 0.6166164
Algorithm converged after  2  iterations.
$gam
[1] 0.6129032

$rankJ
[1] 1

$rankA
[1] 0 0 0

[1] 0.6174784
Algorithm converged after  2  iterations.
$gam
[1] 0.6666667

$rankJ
[1] 1

$rankA
[1] 0 0 0

[1] 0.618283
Algorithm converged after  2  iterations.
$gam
[1] 0.7241379

$rankJ
[1] 1

$rankA
[1] 0 0 0

[1] 0.6190624
Algorithm converged after  2  iterations.
$gam
[1] 0.7857143

$rankJ
[1] 1

$rankA
[1] 0 0 0

[1] 0.6198562
Algorithm converged after  2  iterations.
$gam
[1] 0.8518519

$rankJ
[1] 1

$rankA
[1] 0 0 0

[1] 0.6207233
Algorithm converged after  2  iterations.
$gam
[1] 0.9230769

$rankJ
[1] 1

$rankA
[1] 0 0 0

[1] 0.6217631
Algorithm converged after  2  iterations.
$gam
[1] 1

$rankJ
[1] 1

$rankA
[1] 0 0 0

[1] 0.6231558
Algorithm converged after  2  iterations.
$gam
[1] 1.083333

$rankJ
[1] 1

$rankA
[1] 0 0 0

[1] 0.6252149
Algorithm converged after  2  iterations.
$gam
[1] 1.173913

$rankJ
[1] 1

$rankA
[1] 0 0 0

[1] 0.6283308
Algorithm converged after  2  iterations.
$gam
[1] 1.272727

$rankJ
[1] 1

$rankA
[1] 0 0 0

[1] 0.6325315
Algorithm converged after  2  iterations.
$gam
[1] 1.380952

$rankJ
[1] 1

$rankA
[1] 0 0 0

[1] 0.6371438
Algorithm converged after  2  iterations.
$gam
[1] 1.5

$rankJ
[1] 1

$rankA
[1] 0 0 0

[1] 0.6414377
Algorithm converged after  2  iterations.
$gam
[1] 1.631579

$rankJ
[1] 1

$rankA
[1] 0 0 0

[1] 0.6451271
Algorithm converged after  2  iterations.
$gam
[1] 1.777778

$rankJ
[1] 1

$rankA
[1] 0 0 0

[1] 0.6482163
Algorithm converged after  2  iterations.
$gam
[1] 1.941176

$rankJ
[1] 1

$rankA
[1] 0 0 0

[1] 0.6403077
Algorithm converged after  2  iterations.
$gam
[1] 2.125

$rankJ
[1] 1

$rankA
[1] 0 0 0

[1] 0.6479705
Algorithm converged after  2  iterations.
$gam
[1] 2.333333

$rankJ
[1] 1

$rankA
[1] 0 0 0

[1] 0.6523397
Algorithm converged after  2  iterations.
$gam
[1] 2.571429

$rankJ
[1] 1

$rankA
[1] 0 0 0

[1] 0.6554482
Algorithm converged after  2  iterations.
$gam
[1] 2.846154

$rankJ
[1] 1

$rankA
[1] 0 0 0

[1] 0.6578167
Algorithm converged after  2  iterations.
$gam
[1] 3.166667

$rankJ
[1] 1

$rankA
[1] 0 0 0

[1] 0.6596911
Algorithm converged after  2  iterations.
$gam
[1] 3.545455

$rankJ
[1] 1

$rankA
[1] 0 0 0

[1] 0.6612122
Algorithm converged after  2  iterations.
$gam
[1] 4

$rankJ
[1] 1

$rankA
[1] 0 0 0

[1] 0.6624694
Algorithm converged after  2  iterations.
$gam
[1] 4.555556

$rankJ
[1] 1

$rankA
[1] 0 0 0

[1] 0.6635227
Algorithm converged after  2  iterations.
$gam
[1] 5.25

$rankJ
[1] 1

$rankA
[1] 0 0 0

[1] 0.6304848
Algorithm converged after  2  iterations.
$gam
[1] 6.142857

$rankJ
[1] 1

$rankA
[1] 0 0 0

[1] 0.6634776
Algorithm converged after  2  iterations.
$gam
[1] 7.333333

$rankJ
[1] 1

$rankA
[1] 0 0 0

[1] 0.6641507
Algorithm converged after  2  iterations.
$gam
[1] 9

$rankJ
[1] 1

$rankA
[1] 0 0 0

[1] 0.6647773
Algorithm converged after  2  iterations.
$gam
[1] 11.5

$rankJ
[1] 1

$rankA
[1] 0 0 0

[1] 0.1861874
Algorithm converged after  2  iterations.
$gam
[1] 15.66667

$rankJ
[1] 1

$rankA
[1] 0 0 0

[1] 0.1845534
Algorithm converged after  2  iterations.
$gam
[1] 24

$rankJ
[1] 1

$rankA
[1] 0 0 0

[1] 0.1830841
Algorithm converged after  2  iterations.
$gam
[1] 49

$rankJ
[1] 1

$rankA
[1] 0 0 0

[1] 0.1818475
Algorithm converged after  2  iterations.
$gam
[1] 1e+10

$rankJ
[1] 1

$rankA
[1] 0 0 0

[1] 0.181137
Algorithm converged after  2  iterations.
$gam
[1] 0

$rankJ
[1] 0

$rankA
[1] 2 0 0

[1] 0.5659187
Algorithm converged after  2  iterations.
$gam
[1] 0.02040816

$rankJ
[1] 0

$rankA
[1] 2 0 0

[1] 0.5659498
Algorithm converged after  2  iterations.
$gam
[1] 0.04166667

$rankJ
[1] 0

$rankA
[1] 2 0 0

[1] 0.5691346
Algorithm converged after  2  iterations.
$gam
[1] 0.06382979

$rankJ
[1] 0

$rankA
[1] 2 0 0

[1] 0.5691902
Algorithm converged after  2  iterations.
$gam
[1] 0.08695652

$rankJ
[1] 0

$rankA
[1] 2 0 0

[1] 0.5692916
Algorithm converged after  2  iterations.
$gam
[1] 0.1111111

$rankJ
[1] 0

$rankA
[1] 2 0 0

[1] 0.5696315
Algorithm converged after  2  iterations.
$gam
[1] 0.1363636

$rankJ
[1] 0

$rankA
[1] 2 0 0

[1] 0.5704479
Algorithm converged after  2  iterations.
$gam
[1] 0.1627907

$rankJ
[1] 0

$rankA
[1] 2 0 0

[1] 0.5715755
Algorithm converged after  2  iterations.
$gam
[1] 0.1904762

$rankJ
[1] 0

$rankA
[1] 2 0 0

[1] 0.5727123
Algorithm converged after  2  iterations.
$gam
[1] 0.2195122

$rankJ
[1] 0

$rankA
[1] 2 0 0

[1] 0.57392
Algorithm converged after  2  iterations.
$gam
[1] 0.25

$rankJ
[1] 0

$rankA
[1] 2 0 0

[1] 0.5754871
Algorithm converged after  2  iterations.
$gam
[1] 0.2820513

$rankJ
[1] 0

$rankA
[1] 2 0 0

[1] 0.577972
Algorithm converged after  2  iterations.
$gam
[1] 0.3157895

$rankJ
[1] 0

$rankA
[1] 2 0 0

[1] 0.5823131
Algorithm converged after  2  iterations.
$gam
[1] 0.3513514

$rankJ
[1] 0

$rankA
[1] 2 0 0

[1] 0.5875201
Algorithm converged after  2  iterations.
$gam
[1] 0.3888889

$rankJ
[1] 0

$rankA
[1] 2 0 0

[1] 0.5918545
Algorithm converged after  2  iterations.
$gam
[1] 0.4285714

$rankJ
[1] 0

$rankA
[1] 2 0 0

[1] 0.5958982
Algorithm converged after  2  iterations.
$gam
[1] 0.4705882

$rankJ
[1] 0

$rankA
[1] 2 0 0

[1] 0.6000103
Algorithm converged after  2  iterations.
$gam
[1] 0.5151515

$rankJ
[1] 0

$rankA
[1] 2 0 0

[1] 0.6041378
Algorithm converged after  2  iterations.
$gam
[1] 0.5625

$rankJ
[1] 0

$rankA
[1] 2 0 0

[1] 0.6082559
Algorithm converged after  2  iterations.
$gam
[1] 0.6129032

$rankJ
[1] 0

$rankA
[1] 2 0 0

[1] 0.6124345
Algorithm converged after  2  iterations.
$gam
[1] 0.6666667

$rankJ
[1] 0

$rankA
[1] 2 0 0

[1] 0.6166962
Algorithm converged after  2  iterations.
$gam
[1] 0.7241379

$rankJ
[1] 0

$rankA
[1] 2 0 0

[1] 0.621002
Algorithm converged after  2  iterations.
$gam
[1] 0.7857143

$rankJ
[1] 0

$rankA
[1] 2 0 0

[1] 0.6255004
Algorithm converged after  2  iterations.
$gam
[1] 0.8518519

$rankJ
[1] 0

$rankA
[1] 2 0 0

[1] 0.6313971
Algorithm converged after  2  iterations.
$gam
[1] 0.9230769

$rankJ
[1] 0

$rankA
[1] 2 0 0

[1] 0.6416308
Algorithm converged after  2  iterations.
$gam
[1] 1

$rankJ
[1] 0

$rankA
[1] 2 0 0

[1] 0.6472613
Algorithm converged after  2  iterations.
$gam
[1] 1.083333

$rankJ
[1] 0

$rankA
[1] 2 0 0

[1] 0.6494314
Algorithm converged after  2  iterations.
$gam
[1] 1.173913

$rankJ
[1] 0

$rankA
[1] 2 0 0

[1] 0.6506962
Algorithm converged after  2  iterations.
$gam
[1] 1.272727

$rankJ
[1] 0

$rankA
[1] 2 0 0

[1] 0.651591
Algorithm converged after  2  iterations.
$gam
[1] 1.380952

$rankJ
[1] 0

$rankA
[1] 2 0 0

[1] 0.6522936
Algorithm converged after  2  iterations.
$gam
[1] 1.5

$rankJ
[1] 0

$rankA
[1] 2 0 0

[1] 0.6528843
Algorithm converged after  2  iterations.
$gam
[1] 1.631579

$rankJ
[1] 0

$rankA
[1] 2 0 0

[1] 0.653404
Algorithm converged after  2  iterations.
$gam
[1] 1.777778

$rankJ
[1] 0

$rankA
[1] 2 0 0

[1] 0.6538743
Algorithm converged after  2  iterations.
$gam
[1] 1.941176

$rankJ
[1] 0

$rankA
[1] 2 0 0

[1] 0.6543071
Algorithm converged after  2  iterations.
$gam
[1] 2.125

$rankJ
[1] 0

$rankA
[1] 2 0 0

[1] 0.6547098
Algorithm converged after  2  iterations.
$gam
[1] 2.333333

$rankJ
[1] 0

$rankA
[1] 2 0 0

[1] 0.6550879
Algorithm converged after  2  iterations.
$gam
[1] 2.571429

$rankJ
[1] 0

$rankA
[1] 2 0 0

[1] 0.6554352
Algorithm converged after  2  iterations.
$gam
[1] 2.846154

$rankJ
[1] 0

$rankA
[1] 2 0 0

[1] 0.6557702
Algorithm converged after  2  iterations.
$gam
[1] 3.166667

$rankJ
[1] 0

$rankA
[1] 2 0 0

[1] 0.6560911
Algorithm converged after  2  iterations.
$gam
[1] 3.545455

$rankJ
[1] 0

$rankA
[1] 2 0 0

[1] 0.6563985
Algorithm converged after  2  iterations.
$gam
[1] 4

$rankJ
[1] 0

$rankA
[1] 2 0 0

[1] 0.6566936
Algorithm converged after  2  iterations.
$gam
[1] 4.555556

$rankJ
[1] 0

$rankA
[1] 2 0 0

[1] 0.6569772
Algorithm converged after  2  iterations.
$gam
[1] 5.25

$rankJ
[1] 0

$rankA
[1] 2 0 0

[1] 0.6573024
Algorithm converged after  2  iterations.
$gam
[1] 6.142857

$rankJ
[1] 0

$rankA
[1] 2 0 0

[1] 0.6575173
Algorithm converged after  2  iterations.
$gam
[1] 7.333333

$rankJ
[1] 0

$rankA
[1] 2 0 0

[1] 0.6577706
Algorithm converged after  2  iterations.
$gam
[1] 9

$rankJ
[1] 0

$rankA
[1] 2 0 0

[1] 0.6580161
Algorithm converged after  2  iterations.
$gam
[1] 11.5

$rankJ
[1] 0

$rankA
[1] 2 0 0

[1] 0.2451096
Algorithm converged after  2  iterations.
$gam
[1] 15.66667

$rankJ
[1] 0

$rankA
[1] 2 0 0

[1] 0.2450738
Algorithm converged after  2  iterations.
$gam
[1] 24

$rankJ
[1] 0

$rankA
[1] 2 0 0

[1] 0.24504
Algorithm converged after  2  iterations.
$gam
[1] 49

$rankJ
[1] 0

$rankA
[1] 2 0 0

[1] 0.2450102
Algorithm converged after  2  iterations.
$gam
[1] 1e+10

$rankJ
[1] 0

$rankA
[1] 2 0 0

[1] 0.2449925
Algorithm converged after  2  iterations.
$gam
[1] 0

$rankJ
[1] 0

$rankA
[1] 0 2 0

[1] 0.5752606
Algorithm converged after  2  iterations.
$gam
[1] 0.02040816

$rankJ
[1] 0

$rankA
[1] 0 2 0

[1] 0.5763121
Algorithm converged after  2  iterations.
$gam
[1] 0.04166667

$rankJ
[1] 0

$rankA
[1] 0 2 0

[1] 0.5766939
Algorithm converged after  2  iterations.
$gam
[1] 0.06382979

$rankJ
[1] 0

$rankA
[1] 0 2 0

[1] 0.5767216
Algorithm converged after  2  iterations.
$gam
[1] 0.08695652

$rankJ
[1] 0

$rankA
[1] 0 2 0

[1] 0.5768098
Algorithm converged after  2  iterations.
$gam
[1] 0.1111111

$rankJ
[1] 0

$rankA
[1] 0 2 0

[1] 0.5770486
Algorithm converged after  2  iterations.
$gam
[1] 0.1363636

$rankJ
[1] 0

$rankA
[1] 0 2 0

[1] 0.5777708
Algorithm converged after  2  iterations.
$gam
[1] 0.1627907

$rankJ
[1] 0

$rankA
[1] 0 2 0

[1] 0.5795866
Algorithm converged after  2  iterations.
$gam
[1] 0.1904762

$rankJ
[1] 0

$rankA
[1] 0 2 0

[1] 0.5825022
Algorithm converged after  2  iterations.
$gam
[1] 0.2195122

$rankJ
[1] 0

$rankA
[1] 0 2 0

[1] 0.5859799
Algorithm converged after  2  iterations.
$gam
[1] 0.25

$rankJ
[1] 0

$rankA
[1] 0 2 0

[1] 0.5935488
Algorithm converged after  2  iterations.
$gam
[1] 0.2820513

$rankJ
[1] 0

$rankA
[1] 0 2 0

[1] 0.5968523
Algorithm converged after  2  iterations.
$gam
[1] 0.3157895

$rankJ
[1] 0

$rankA
[1] 0 2 0

[1] 0.5994012
Algorithm converged after  2  iterations.
$gam
[1] 0.3513514

$rankJ
[1] 0

$rankA
[1] 0 2 0

[1] 0.6016448
Algorithm converged after  2  iterations.
$gam
[1] 0.3888889

$rankJ
[1] 0

$rankA
[1] 0 2 0

[1] 0.6036978
Algorithm converged after  2  iterations.
$gam
[1] 0.4285714

$rankJ
[1] 0

$rankA
[1] 0 2 0

[1] 0.6056346
Algorithm converged after  2  iterations.
$gam
[1] 0.4705882

$rankJ
[1] 0

$rankA
[1] 0 2 0

[1] 0.6075218
Algorithm converged after  2  iterations.
$gam
[1] 0.5151515

$rankJ
[1] 0

$rankA
[1] 0 2 0

[1] 0.6094267
Algorithm converged after  2  iterations.
$gam
[1] 0.5625

$rankJ
[1] 0

$rankA
[1] 0 2 0

[1] 0.611425
Algorithm converged after  2  iterations.
$gam
[1] 0.6129032

$rankJ
[1] 0

$rankA
[1] 0 2 0

[1] 0.6136085
Algorithm converged after  2  iterations.
$gam
[1] 0.6666667

$rankJ
[1] 0

$rankA
[1] 0 2 0

[1] 0.6160929
Algorithm converged after  2  iterations.
$gam
[1] 0.7241379

$rankJ
[1] 0

$rankA
[1] 0 2 0

[1] 0.6190254
Algorithm converged after  2  iterations.
$gam
[1] 0.7857143

$rankJ
[1] 0

$rankA
[1] 0 2 0

[1] 0.6226554
Algorithm converged after  2  iterations.
$gam
[1] 0.8518519

$rankJ
[1] 0

$rankA
[1] 0 2 0

[1] 0.628112
Algorithm converged after  2  iterations.
$gam
[1] 0.9230769

$rankJ
[1] 0

$rankA
[1] 0 2 0

[1] 0.6390937
Algorithm converged after  2  iterations.
$gam
[1] 1

$rankJ
[1] 0

$rankA
[1] 0 2 0

[1] 0.6412929
Algorithm converged after  2  iterations.
$gam
[1] 1.083333

$rankJ
[1] 0

$rankA
[1] 0 2 0

[1] 0.6419888
Algorithm converged after  2  iterations.
$gam
[1] 1.173913

$rankJ
[1] 0

$rankA
[1] 0 2 0

[1] 0.6423926
Algorithm converged after  2  iterations.
$gam
[1] 1.272727

$rankJ
[1] 0

$rankA
[1] 0 2 0

[1] 0.6426798
Algorithm converged after  2  iterations.
$gam
[1] 1.380952

$rankJ
[1] 0

$rankA
[1] 0 2 0

[1] 0.6429057
Algorithm converged after  2  iterations.
$gam
[1] 1.5

$rankJ
[1] 0

$rankA
[1] 0 2 0

[1] 0.6430951
Algorithm converged after  2  iterations.
$gam
[1] 1.631579

$rankJ
[1] 0

$rankA
[1] 0 2 0

[1] 0.6432614
Algorithm converged after  2  iterations.
$gam
[1] 1.777778

$rankJ
[1] 0

$rankA
[1] 0 2 0

[1] 0.643413
Algorithm converged after  2  iterations.
$gam
[1] 1.941176

$rankJ
[1] 0

$rankA
[1] 0 2 0

[1] 0.6435544
Algorithm converged after  2  iterations.
$gam
[1] 2.125

$rankJ
[1] 0

$rankA
[1] 0 2 0

[1] 0.6436879
Algorithm converged after  2  iterations.
$gam
[1] 2.333333

$rankJ
[1] 0

$rankA
[1] 0 2 0

[1] 0.6438147
Algorithm converged after  2  iterations.
$gam
[1] 2.571429

$rankJ
[1] 0

$rankA
[1] 0 2 0

[1] 0.6439417
Algorithm converged after  2  iterations.
$gam
[1] 2.846154

$rankJ
[1] 0

$rankA
[1] 0 2 0

[1] 0.6440602
Algorithm converged after  2  iterations.
$gam
[1] 3.166667

$rankJ
[1] 0

$rankA
[1] 0 2 0

[1] 0.6293952
Algorithm converged after  2  iterations.
$gam
[1] 3.545455

$rankJ
[1] 0

$rankA
[1] 0 2 0

[1] 0.6445385
Algorithm converged after  2  iterations.
$gam
[1] 4

$rankJ
[1] 0

$rankA
[1] 0 2 0

[1] 0.6449141
Algorithm converged after  2  iterations.
$gam
[1] 4.555556

$rankJ
[1] 0

$rankA
[1] 0 2 0

[1] 0.6449541
Algorithm converged after  2  iterations.
$gam
[1] 5.25

$rankJ
[1] 0

$rankA
[1] 0 2 0

[1] 0.6449957
Algorithm converged after  2  iterations.
$gam
[1] 6.142857

$rankJ
[1] 0

$rankA
[1] 0 2 0

[1] 0.6450393
Algorithm converged after  2  iterations.
$gam
[1] 7.333333

$rankJ
[1] 0

$rankA
[1] 0 2 0

[1] 0.6447394
Algorithm converged after  2  iterations.
$gam
[1] 9

$rankJ
[1] 0

$rankA
[1] 0 2 0

[1] 0.6448221
Algorithm converged after  2  iterations.
$gam
[1] 11.5

$rankJ
[1] 0

$rankA
[1] 0 2 0

[1] 0.2460821
Algorithm converged after  2  iterations.
$gam
[1] 15.66667

$rankJ
[1] 0

$rankA
[1] 0 2 0

[1] 0.2460676
Algorithm converged after  2  iterations.
$gam
[1] 24

$rankJ
[1] 0

$rankA
[1] 0 2 0

[1] 0.2460626
Algorithm converged after  2  iterations.
$gam
[1] 49

$rankJ
[1] 0

$rankA
[1] 0 2 0

[1] 0.246058
Algorithm converged after  2  iterations.
$gam
[1] 1e+10

$rankJ
[1] 0

$rankA
[1] 0 2 0

[1] 0.2460545
Algorithm converged after  2  iterations.
$gam
[1] 0

$rankJ
[1] 0

$rankA
[1] 0 0 2

[1] 0.6017916
Algorithm converged after  2  iterations.
$gam
[1] 0.02040816

$rankJ
[1] 0

$rankA
[1] 0 0 2

[1] 0.6028759
Algorithm converged after  2  iterations.
$gam
[1] 0.04166667

$rankJ
[1] 0

$rankA
[1] 0 0 2

[1] 0.6029409
Algorithm converged after  2  iterations.
$gam
[1] 0.06382979

$rankJ
[1] 0

$rankA
[1] 0 0 2

[1] 0.602976
Algorithm converged after  2  iterations.
$gam
[1] 0.08695652

$rankJ
[1] 0

$rankA
[1] 0 0 2

[1] 0.603125
Algorithm converged after  2  iterations.
$gam
[1] 0.1111111

$rankJ
[1] 0

$rankA
[1] 0 0 2

[1] 0.6037865
Algorithm converged after  2  iterations.
$gam
[1] 0.1363636

$rankJ
[1] 0

$rankA
[1] 0 0 2

[1] 0.6057145
Algorithm converged after  2  iterations.
$gam
[1] 0.1627907

$rankJ
[1] 0

$rankA
[1] 0 0 2

[1] 0.6074359
Algorithm converged after  2  iterations.
$gam
[1] 0.1904762

$rankJ
[1] 0

$rankA
[1] 0 0 2

[1] 0.6092455
Algorithm converged after  2  iterations.
$gam
[1] 0.2195122

$rankJ
[1] 0

$rankA
[1] 0 0 2

[1] 0.6112433
Algorithm converged after  2  iterations.
$gam
[1] 0.25

$rankJ
[1] 0

$rankA
[1] 0 0 2

[1] 0.6134629
Algorithm converged after  2  iterations.
$gam
[1] 0.2820513

$rankJ
[1] 0

$rankA
[1] 0 0 2

[1] 0.615982
Algorithm converged after  2  iterations.
$gam
[1] 0.3157895

$rankJ
[1] 0

$rankA
[1] 0 0 2

[1] 0.6190725
Algorithm converged after  2  iterations.
$gam
[1] 0.3513514

$rankJ
[1] 0

$rankA
[1] 0 0 2

[1] 0.6228661
Algorithm converged after  2  iterations.
$gam
[1] 0.3888889

$rankJ
[1] 0

$rankA
[1] 0 0 2

[1] 0.6260681
Algorithm converged after  2  iterations.
$gam
[1] 0.4285714

$rankJ
[1] 0

$rankA
[1] 0 0 2

[1] 0.6281141
Algorithm converged after  2  iterations.
$gam
[1] 0.4705882

$rankJ
[1] 0

$rankA
[1] 0 0 2

[1] 0.6295334
Algorithm converged after  2  iterations.
$gam
[1] 0.5151515

$rankJ
[1] 0

$rankA
[1] 0 0 2

[1] 0.630645
Algorithm converged after  2  iterations.
$gam
[1] 0.5625

$rankJ
[1] 0

$rankA
[1] 0 0 2

[1] 0.631619
Algorithm converged after  2  iterations.
$gam
[1] 0.6129032

$rankJ
[1] 0

$rankA
[1] 0 0 2

[1] 0.6326101
Algorithm converged after  2  iterations.
$gam
[1] 0.6666667

$rankJ
[1] 0

$rankA
[1] 0 0 2

[1] 0.6339241
Algorithm converged after  2  iterations.
$gam
[1] 0.7241379

$rankJ
[1] 0

$rankA
[1] 0 0 2

[1] 0.6370265
Algorithm converged after  2  iterations.
$gam
[1] 0.7857143

$rankJ
[1] 0

$rankA
[1] 0 0 2

[1] 0.6438325
Algorithm converged after  2  iterations.
$gam
[1] 0.8518519

$rankJ
[1] 0

$rankA
[1] 0 0 2

[1] 0.6444506
Algorithm converged after  2  iterations.
$gam
[1] 0.9230769

$rankJ
[1] 0

$rankA
[1] 0 0 2

[1] 0.6448528
Algorithm converged after  2  iterations.
$gam
[1] 1

$rankJ
[1] 0

$rankA
[1] 0 0 2

[1] 0.645176
Algorithm converged after  2  iterations.
$gam
[1] 1.083333

$rankJ
[1] 0

$rankA
[1] 0 0 2

[1] 0.6454555
Algorithm converged after  2  iterations.
$gam
[1] 1.173913

$rankJ
[1] 0

$rankA
[1] 0 0 2

[1] 0.6457069
Algorithm converged after  2  iterations.
$gam
[1] 1.272727

$rankJ
[1] 0

$rankA
[1] 0 0 2

[1] 0.645939
Algorithm converged after  2  iterations.
$gam
[1] 1.380952

$rankJ
[1] 0

$rankA
[1] 0 0 2

[1] 0.6461561
Algorithm converged after  2  iterations.
$gam
[1] 1.5

$rankJ
[1] 0

$rankA
[1] 0 0 2

[1] 0.6463606
Algorithm converged after  2  iterations.
$gam
[1] 1.631579

$rankJ
[1] 0

$rankA
[1] 0 0 2

[1] 0.6465498
Algorithm converged after  2  iterations.
$gam
[1] 1.777778

$rankJ
[1] 0

$rankA
[1] 0 0 2

[1] 0.6467311
Algorithm converged after  2  iterations.
$gam
[1] 1.941176

$rankJ
[1] 0

$rankA
[1] 0 0 2

[1] 0.6469045
Algorithm converged after  2  iterations.
$gam
[1] 2.125

$rankJ
[1] 0

$rankA
[1] 0 0 2

[1] 0.6470704
Algorithm converged after  2  iterations.
$gam
[1] 2.333333

$rankJ
[1] 0

$rankA
[1] 0 0 2

[1] 0.6472291
Algorithm converged after  2  iterations.
$gam
[1] 2.571429

$rankJ
[1] 0

$rankA
[1] 0 0 2

[1] 0.6473812
Algorithm converged after  2  iterations.
$gam
[1] 2.846154

$rankJ
[1] 0

$rankA
[1] 0 0 2

[1] 0.6475272
Algorithm converged after  2  iterations.
$gam
[1] 3.166667

$rankJ
[1] 0

$rankA
[1] 0 0 2

[1] 0.6476674
Algorithm converged after  2  iterations.
$gam
[1] 3.545455

$rankJ
[1] 0

$rankA
[1] 0 0 2

[1] 0.6478023
Algorithm converged after  2  iterations.
$gam
[1] 4

$rankJ
[1] 0

$rankA
[1] 0 0 2

[1] 0.6483399
Algorithm converged after  2  iterations.
$gam
[1] 4.555556

$rankJ
[1] 0

$rankA
[1] 0 0 2

[1] 0.6480656
Algorithm converged after  2  iterations.
$gam
[1] 5.25

$rankJ
[1] 0

$rankA
[1] 0 0 2

[1] 0.6481863
Algorithm converged after  2  iterations.
$gam
[1] 6.142857

$rankJ
[1] 0

$rankA
[1] 0 0 2

[1] 0.6483029
Algorithm converged after  2  iterations.
$gam
[1] 7.333333

$rankJ
[1] 0

$rankA
[1] 0 0 2

[1] 0.6484156
Algorithm converged after  2  iterations.
$gam
[1] 9

$rankJ
[1] 0

$rankA
[1] 0 0 2

[1] 0.6485248
Algorithm converged after  2  iterations.
$gam
[1] 11.5

$rankJ
[1] 0

$rankA
[1] 0 0 2

[1] 0.1967343
Algorithm converged after  2  iterations.
$gam
[1] 15.66667

$rankJ
[1] 0

$rankA
[1] 0 0 2

[1] 0.1966779
Algorithm converged after  2  iterations.
$gam
[1] 24

$rankJ
[1] 0

$rankA
[1] 0 0 2

[1] 0.1966248
Algorithm converged after  2  iterations.
$gam
[1] 49

$rankJ
[1] 0

$rankA
[1] 0 0 2

[1] 0.1965792
Algorithm converged after  2  iterations.
$gam
[1] 1e+10

$rankJ
[1] 0

$rankA
[1] 0 0 2

[1] 0.1965542
Algorithm converged after  2  iterations.
$gam
[1] 0

$rankJ
[1] 0

$rankA
[1] 1 1 0

[1] 0.4526793
Algorithm converged after  2  iterations.
$gam
[1] 0.02040816

$rankJ
[1] 0

$rankA
[1] 1 1 0

[1] 0.4605414
Algorithm converged after  2  iterations.
$gam
[1] 0.04166667

$rankJ
[1] 0

$rankA
[1] 1 1 0

[1] 0.4676005
Algorithm converged after  2  iterations.
$gam
[1] 0.06382979

$rankJ
[1] 0

$rankA
[1] 1 1 0

[1] 0.4760795
Algorithm converged after  2  iterations.
$gam
[1] 0.08695652

$rankJ
[1] 0

$rankA
[1] 1 1 0

[1] 0.4846819
Algorithm converged after  2  iterations.
$gam
[1] 0.1111111

$rankJ
[1] 0

$rankA
[1] 1 1 0

[1] 0.4945863
Algorithm converged after  2  iterations.
$gam
[1] 0.1363636

$rankJ
[1] 0

$rankA
[1] 1 1 0

[1] 0.5048056
Algorithm converged after  2  iterations.
$gam
[1] 0.1627907

$rankJ
[1] 0

$rankA
[1] 1 1 0

[1] 0.514726
Algorithm converged after  2  iterations.
$gam
[1] 0.1904762

$rankJ
[1] 0

$rankA
[1] 1 1 0

[1] 0.5248734
Algorithm converged after  2  iterations.
$gam
[1] 0.2195122

$rankJ
[1] 0

$rankA
[1] 1 1 0

[1] 0.5373909
Algorithm converged after  2  iterations.
$gam
[1] 0.25

$rankJ
[1] 0

$rankA
[1] 1 1 0

[1] 0.5607026
Algorithm converged after  2  iterations.
$gam
[1] 0.2820513

$rankJ
[1] 0

$rankA
[1] 1 1 0

[1] 0.5688444
Algorithm converged after  2  iterations.
$gam
[1] 0.3157895

$rankJ
[1] 0

$rankA
[1] 1 1 0

[1] 0.5752601
Algorithm converged after  2  iterations.
$gam
[1] 0.3513514

$rankJ
[1] 0

$rankA
[1] 1 1 0

[1] 0.5817938
Algorithm converged after  2  iterations.
$gam
[1] 0.3888889

$rankJ
[1] 0

$rankA
[1] 1 1 0

[1] 0.5889943
Algorithm converged after  2  iterations.
$gam
[1] 0.4285714

$rankJ
[1] 0

$rankA
[1] 1 1 0

[1] 0.5968819
Algorithm converged after  2  iterations.
$gam
[1] 0.4705882

$rankJ
[1] 0

$rankA
[1] 1 1 0

[1] 0.6045074
Algorithm converged after  2  iterations.
$gam
[1] 0.5151515

$rankJ
[1] 0

$rankA
[1] 1 1 0

[1] 0.6105647
Algorithm converged after  2  iterations.
$gam
[1] 0.5625

$rankJ
[1] 0

$rankA
[1] 1 1 0

[1] 0.6148793
Algorithm converged after  2  iterations.
$gam
[1] 0.6129032

$rankJ
[1] 0

$rankA
[1] 1 1 0

[1] 0.6179746
Algorithm converged after  2  iterations.
$gam
[1] 0.6666667

$rankJ
[1] 0

$rankA
[1] 1 1 0

[1] 0.6203078
Algorithm converged after  2  iterations.
$gam
[1] 0.7241379

$rankJ
[1] 0

$rankA
[1] 1 1 0

[1] 0.62216
Algorithm converged after  2  iterations.
$gam
[1] 0.7857143

$rankJ
[1] 0

$rankA
[1] 1 1 0

[1] 0.6237003
Algorithm converged after  2  iterations.
$gam
[1] 0.8518519

$rankJ
[1] 0

$rankA
[1] 1 1 0

[1] 0.6250388
Algorithm converged after  2  iterations.
$gam
[1] 0.9230769

$rankJ
[1] 0

$rankA
[1] 1 1 0

[1] 0.6262576
Algorithm converged after  2  iterations.
$gam
[1] 1

$rankJ
[1] 0

$rankA
[1] 1 1 0

[1] 0.6274305
Algorithm converged after  2  iterations.
$gam
[1] 1.083333

$rankJ
[1] 0

$rankA
[1] 1 1 0

[1] 0.6286382
Algorithm converged after  2  iterations.
$gam
[1] 1.173913

$rankJ
[1] 0

$rankA
[1] 1 1 0

[1] 0.629975
Algorithm converged after  2  iterations.
$gam
[1] 1.272727

$rankJ
[1] 0

$rankA
[1] 1 1 0

[1] 0.6315369
Algorithm converged after  2  iterations.
$gam
[1] 1.380952

$rankJ
[1] 0

$rankA
[1] 1 1 0

[1] 0.6333971
Algorithm converged after  2  iterations.
$gam
[1] 1.5

$rankJ
[1] 0

$rankA
[1] 1 1 0

[1] 0.6356275
Algorithm converged after  2  iterations.
$gam
[1] 1.631579

$rankJ
[1] 0

$rankA
[1] 1 1 0

[1] 0.6382956
Algorithm converged after  2  iterations.
$gam
[1] 1.777778

$rankJ
[1] 0

$rankA
[1] 1 1 0

[1] 0.641287
Algorithm converged after  2  iterations.
$gam
[1] 1.941176

$rankJ
[1] 0

$rankA
[1] 1 1 0

[1] 0.6443036
Algorithm converged after  2  iterations.
$gam
[1] 2.125

$rankJ
[1] 0

$rankA
[1] 1 1 0

[1] 0.6471172
Algorithm converged after  2  iterations.
$gam
[1] 2.333333

$rankJ
[1] 0

$rankA
[1] 1 1 0

[1] 0.6469776
Algorithm converged after  2  iterations.
$gam
[1] 2.571429

$rankJ
[1] 0

$rankA
[1] 1 1 0

[1] 0.6402533
Algorithm converged after  2  iterations.
$gam
[1] 2.846154

$rankJ
[1] 0

$rankA
[1] 1 1 0

[1] 0.6408571
Algorithm converged after  2  iterations.
$gam
[1] 3.166667

$rankJ
[1] 0

$rankA
[1] 1 1 0

[1] 0.6415134
Algorithm converged after  2  iterations.
$gam
[1] 3.545455

$rankJ
[1] 0

$rankA
[1] 1 1 0

[1] 0.6421098
Algorithm converged after  2  iterations.
$gam
[1] 4

$rankJ
[1] 0

$rankA
[1] 1 1 0

[1] 0.6426354
Algorithm converged after  2  iterations.
$gam
[1] 4.555556

$rankJ
[1] 0

$rankA
[1] 1 1 0

[1] 0.643096
Algorithm converged after  2  iterations.
$gam
[1] 5.25

$rankJ
[1] 0

$rankA
[1] 1 1 0

[1] 0.6348174
Algorithm converged after  2  iterations.
$gam
[1] 6.142857

$rankJ
[1] 0

$rankA
[1] 1 1 0

[1] 0.6431909
Algorithm converged after  2  iterations.
$gam
[1] 7.333333

$rankJ
[1] 0

$rankA
[1] 1 1 0

[1] 0.6629558
Algorithm converged after  2  iterations.
$gam
[1] 9

$rankJ
[1] 0

$rankA
[1] 1 1 0

[1] 0.6646518
Algorithm converged after  2  iterations.
$gam
[1] 11.5

$rankJ
[1] 0

$rankA
[1] 1 1 0

[1] 0.2405066
Algorithm converged after  2  iterations.
$gam
[1] 15.66667

$rankJ
[1] 0

$rankA
[1] 1 1 0

[1] 0.2394819
Algorithm converged after  2  iterations.
$gam
[1] 24

$rankJ
[1] 0

$rankA
[1] 1 1 0

[1] 0.2390738
Algorithm converged after  2  iterations.
$gam
[1] 49

$rankJ
[1] 0

$rankA
[1] 1 1 0

[1] 0.2387193
Algorithm converged after  2  iterations.
$gam
[1] 1e+10

$rankJ
[1] 0

$rankA
[1] 1 1 0

[1] 0.2384909
Algorithm converged after  2  iterations.
$gam
[1] 0

$rankJ
[1] 0

$rankA
[1] 1 0 1

[1] 0.4859495
Algorithm converged after  2  iterations.
$gam
[1] 0.02040816

$rankJ
[1] 0

$rankA
[1] 1 0 1

[1] 0.4930272
Algorithm converged after  2  iterations.
$gam
[1] 0.04166667

$rankJ
[1] 0

$rankA
[1] 1 0 1

[1] 0.4988564
Algorithm converged after  2  iterations.
$gam
[1] 0.06382979

$rankJ
[1] 0

$rankA
[1] 1 0 1

[1] 0.5057284
Algorithm converged after  2  iterations.
$gam
[1] 0.08695652

$rankJ
[1] 0

$rankA
[1] 1 0 1

[1] 0.5144478
Algorithm converged after  2  iterations.
$gam
[1] 0.1111111

$rankJ
[1] 0

$rankA
[1] 1 0 1

[1] 0.5258882
Algorithm converged after  2  iterations.
$gam
[1] 0.1363636

$rankJ
[1] 0

$rankA
[1] 1 0 1

[1] 0.5395847
Algorithm converged after  2  iterations.
$gam
[1] 0.1627907

$rankJ
[1] 0

$rankA
[1] 1 0 1

[1] 0.5478251
Algorithm converged after  2  iterations.
$gam
[1] 0.1904762

$rankJ
[1] 0

$rankA
[1] 1 0 1

[1] 0.5541159
Algorithm converged after  2  iterations.
$gam
[1] 0.2195122

$rankJ
[1] 0

$rankA
[1] 1 0 1

[1] 0.5598046
Algorithm converged after  2  iterations.
$gam
[1] 0.25

$rankJ
[1] 0

$rankA
[1] 1 0 1

[1] 0.5653398
Algorithm converged after  2  iterations.
$gam
[1] 0.2820513

$rankJ
[1] 0

$rankA
[1] 1 0 1

[1] 0.5709617
Algorithm converged after  2  iterations.
$gam
[1] 0.3157895

$rankJ
[1] 0

$rankA
[1] 1 0 1

[1] 0.5768872
Algorithm converged after  2  iterations.
$gam
[1] 0.3513514

$rankJ
[1] 0

$rankA
[1] 1 0 1

[1] 0.5833704
Algorithm converged after  2  iterations.
$gam
[1] 0.3888889

$rankJ
[1] 0

$rankA
[1] 1 0 1

[1] 0.5906564
Algorithm converged after  2  iterations.
$gam
[1] 0.4285714

$rankJ
[1] 0

$rankA
[1] 1 0 1

[1] 0.5986717
Algorithm converged after  2  iterations.
$gam
[1] 0.4705882

$rankJ
[1] 0

$rankA
[1] 1 0 1

[1] 0.6064369
Algorithm converged after  2  iterations.
$gam
[1] 0.5151515

$rankJ
[1] 0

$rankA
[1] 1 0 1

[1] 0.6126401
Algorithm converged after  2  iterations.
$gam
[1] 0.5625

$rankJ
[1] 0

$rankA
[1] 1 0 1

[1] 0.6171077
Algorithm converged after  2  iterations.
$gam
[1] 0.6129032

$rankJ
[1] 0

$rankA
[1] 1 0 1

[1] 0.620367
Algorithm converged after  2  iterations.
$gam
[1] 0.6666667

$rankJ
[1] 0

$rankA
[1] 1 0 1

[1] 0.6228851
Algorithm converged after  2  iterations.
$gam
[1] 0.7241379

$rankJ
[1] 0

$rankA
[1] 1 0 1

[1] 0.6249636
Algorithm converged after  2  iterations.
$gam
[1] 0.7857143

$rankJ
[1] 0

$rankA
[1] 1 0 1

[1] 0.626813
Algorithm converged after  2  iterations.
$gam
[1] 0.8518519

$rankJ
[1] 0

$rankA
[1] 1 0 1

[1] 0.628634
Algorithm converged after  2  iterations.
$gam
[1] 0.9230769

$rankJ
[1] 0

$rankA
[1] 1 0 1

[1] 0.6307149
Algorithm converged after  2  iterations.
$gam
[1] 1

$rankJ
[1] 0

$rankA
[1] 1 0 1

[1] 0.6335447
Algorithm converged after  2  iterations.
$gam
[1] 1.083333

$rankJ
[1] 0

$rankA
[1] 1 0 1

[1] 0.6374731
Algorithm converged after  2  iterations.
$gam
[1] 1.173913

$rankJ
[1] 0

$rankA
[1] 1 0 1

[1] 0.6417272
Algorithm converged after  2  iterations.
$gam
[1] 1.272727

$rankJ
[1] 0

$rankA
[1] 1 0 1

[1] 0.6454603
Algorithm converged after  2  iterations.
$gam
[1] 1.380952

$rankJ
[1] 0

$rankA
[1] 1 0 1

[1] 0.6486031
Algorithm converged after  2  iterations.
$gam
[1] 1.5

$rankJ
[1] 0

$rankA
[1] 1 0 1

[1] 0.6512585
Algorithm converged after  2  iterations.
$gam
[1] 1.631579

$rankJ
[1] 0

$rankA
[1] 1 0 1

[1] 0.6493918
Algorithm converged after  2  iterations.
$gam
[1] 1.777778

$rankJ
[1] 0

$rankA
[1] 1 0 1

[1] 0.6532451
Algorithm converged after  2  iterations.
$gam
[1] 1.941176

$rankJ
[1] 0

$rankA
[1] 1 0 1

[1] 0.6558487
Algorithm converged after  2  iterations.
$gam
[1] 2.125

$rankJ
[1] 0

$rankA
[1] 1 0 1

[1] 0.657808
Algorithm converged after  2  iterations.
$gam
[1] 2.333333

$rankJ
[1] 0

$rankA
[1] 1 0 1

[1] 0.6567298
Algorithm converged after  2  iterations.
$gam
[1] 2.571429

$rankJ
[1] 0

$rankA
[1] 1 0 1

[1] 0.6595142
Algorithm converged after  2  iterations.
$gam
[1] 2.846154

$rankJ
[1] 0

$rankA
[1] 1 0 1

[1] 0.6612392
Algorithm converged after  2  iterations.
$gam
[1] 3.166667

$rankJ
[1] 0

$rankA
[1] 1 0 1

[1] 0.6625403
Algorithm converged after  2  iterations.
$gam
[1] 3.545455

$rankJ
[1] 0

$rankA
[1] 1 0 1

[1] 0.6635732
Algorithm converged after  2  iterations.
$gam
[1] 4

$rankJ
[1] 0

$rankA
[1] 1 0 1

[1] 0.6460039
Algorithm converged after  2  iterations.
$gam
[1] 4.555556

$rankJ
[1] 0

$rankA
[1] 1 0 1

[1] 0.6645368
Algorithm converged after  2  iterations.
$gam
[1] 5.25

$rankJ
[1] 0

$rankA
[1] 1 0 1

[1] 0.6567225
Algorithm converged after  2  iterations.
$gam
[1] 6.142857

$rankJ
[1] 0

$rankA
[1] 1 0 1

[1] 0.6649834
Algorithm converged after  2  iterations.
$gam
[1] 7.333333

$rankJ
[1] 0

$rankA
[1] 1 0 1

[1] 0.6654205
Algorithm converged after  2  iterations.
$gam
[1] 9

$rankJ
[1] 0

$rankA
[1] 1 0 1

[1] 0.6658288
Algorithm converged after  2  iterations.
$gam
[1] 11.5

$rankJ
[1] 0

$rankA
[1] 1 0 1

[1] 0.1959093
Algorithm converged after  2  iterations.
$gam
[1] 15.66667

$rankJ
[1] 0

$rankA
[1] 1 0 1

[1] 0.1946308
Algorithm converged after  2  iterations.
$gam
[1] 24

$rankJ
[1] 0

$rankA
[1] 1 0 1

[1] 0.1935047
Algorithm converged after  2  iterations.
$gam
[1] 49

$rankJ
[1] 0

$rankA
[1] 1 0 1

[1] 0.1925892
Algorithm converged after  2  iterations.
$gam
[1] 1e+10

$rankJ
[1] 0

$rankA
[1] 1 0 1

[1] 0.1921023
Algorithm converged after  2  iterations.
$gam
[1] 0

$rankJ
[1] 0

$rankA
[1] 0 1 1

[1] 0.4967975
Algorithm converged after  2  iterations.
$gam
[1] 0.02040816

$rankJ
[1] 0

$rankA
[1] 0 1 1

[1] 0.5013224
Algorithm converged after  2  iterations.
$gam
[1] 0.04166667

$rankJ
[1] 0

$rankA
[1] 0 1 1

[1] 0.5075325
Algorithm converged after  2  iterations.
$gam
[1] 0.06382979

$rankJ
[1] 0

$rankA
[1] 0 1 1

[1] 0.515919
Algorithm converged after  2  iterations.
$gam
[1] 0.08695652

$rankJ
[1] 0

$rankA
[1] 0 1 1

[1] 0.5249457
Algorithm converged after  2  iterations.
$gam
[1] 0.1111111

$rankJ
[1] 0

$rankA
[1] 0 1 1

[1] 0.5361704
Algorithm converged after  2  iterations.
$gam
[1] 0.1363636

$rankJ
[1] 0

$rankA
[1] 0 1 1

[1] 0.5501412
Algorithm converged after  2  iterations.
$gam
[1] 0.1627907

$rankJ
[1] 0

$rankA
[1] 0 1 1

[1] 0.5597299
Algorithm converged after  2  iterations.
$gam
[1] 0.1904762

$rankJ
[1] 0

$rankA
[1] 0 1 1

[1] 0.5683802
Algorithm converged after  2  iterations.
$gam
[1] 0.2195122

$rankJ
[1] 0

$rankA
[1] 0 1 1

[1] 0.5788088
Algorithm converged after  2  iterations.
$gam
[1] 0.25

$rankJ
[1] 0

$rankA
[1] 0 1 1

[1] 0.5989205
Algorithm converged after  2  iterations.
$gam
[1] 0.2820513

$rankJ
[1] 0

$rankA
[1] 0 1 1

[1] 0.6043403
Algorithm converged after  2  iterations.
$gam
[1] 0.3157895

$rankJ
[1] 0

$rankA
[1] 0 1 1

[1] 0.6073831
Algorithm converged after  2  iterations.
$gam
[1] 0.3513514

$rankJ
[1] 0

$rankA
[1] 0 1 1

[1] 0.6095941
Algorithm converged after  2  iterations.
$gam
[1] 0.3888889

$rankJ
[1] 0

$rankA
[1] 0 1 1

[1] 0.611333
Algorithm converged after  2  iterations.
$gam
[1] 0.4285714

$rankJ
[1] 0

$rankA
[1] 0 1 1

[1] 0.6127601
Algorithm converged after  2  iterations.
$gam
[1] 0.4705882

$rankJ
[1] 0

$rankA
[1] 0 1 1

[1] 0.613967
Algorithm converged after  2  iterations.
$gam
[1] 0.5151515

$rankJ
[1] 0

$rankA
[1] 0 1 1

[1] 0.6150134
Algorithm converged after  2  iterations.
$gam
[1] 0.5625

$rankJ
[1] 0

$rankA
[1] 0 1 1

[1] 0.6159422
Algorithm converged after  2  iterations.
$gam
[1] 0.6129032

$rankJ
[1] 0

$rankA
[1] 0 1 1

[1] 0.6167879
Algorithm converged after  2  iterations.
$gam
[1] 0.6666667

$rankJ
[1] 0

$rankA
[1] 0 1 1

[1] 0.6175828
Algorithm converged after  2  iterations.
$gam
[1] 0.7241379

$rankJ
[1] 0

$rankA
[1] 0 1 1

[1] 0.6183649
Algorithm converged after  2  iterations.
$gam
[1] 0.7857143

$rankJ
[1] 0

$rankA
[1] 0 1 1

[1] 0.619191
Algorithm converged after  2  iterations.
$gam
[1] 0.8518519

$rankJ
[1] 0

$rankA
[1] 0 1 1

[1] 0.6201668
Algorithm converged after  2  iterations.
$gam
[1] 0.9230769

$rankJ
[1] 0

$rankA
[1] 0 1 1

[1] 0.6215177
Algorithm converged after  2  iterations.
$gam
[1] 1

$rankJ
[1] 0

$rankA
[1] 0 1 1

[1] 0.6236868
Algorithm converged after  2  iterations.
$gam
[1] 1.083333

$rankJ
[1] 0

$rankA
[1] 0 1 1

[1] 0.6269812
Algorithm converged after  2  iterations.
$gam
[1] 1.173913

$rankJ
[1] 0

$rankA
[1] 0 1 1

[1] 0.6305758
Algorithm converged after  2  iterations.
$gam
[1] 1.272727

$rankJ
[1] 0

$rankA
[1] 0 1 1

[1] 0.6336139
Algorithm converged after  2  iterations.
$gam
[1] 1.380952

$rankJ
[1] 0

$rankA
[1] 0 1 1

[1] 0.6361442
Algorithm converged after  2  iterations.
$gam
[1] 1.5

$rankJ
[1] 0

$rankA
[1] 0 1 1

[1] 0.6385287
Algorithm converged after  2  iterations.
$gam
[1] 1.631579

$rankJ
[1] 0

$rankA
[1] 0 1 1

[1] 0.6369053
Algorithm converged after  2  iterations.
$gam
[1] 1.777778

$rankJ
[1] 0

$rankA
[1] 0 1 1

[1] 0.6416956
Algorithm converged after  2  iterations.
$gam
[1] 1.941176

$rankJ
[1] 0

$rankA
[1] 0 1 1

[1] 0.6455033
Algorithm converged after  2  iterations.
$gam
[1] 2.125

$rankJ
[1] 0

$rankA
[1] 0 1 1

[1] 0.6486948
Algorithm converged after  2  iterations.
$gam
[1] 2.333333

$rankJ
[1] 0

$rankA
[1] 0 1 1

[1] 0.6513902
Algorithm converged after  2  iterations.
$gam
[1] 2.571429

$rankJ
[1] 0

$rankA
[1] 0 1 1

[1] 0.6432195
Algorithm converged after  2  iterations.
$gam
[1] 2.846154

$rankJ
[1] 0

$rankA
[1] 0 1 1

[1] 0.6431213
Algorithm converged after  2  iterations.
$gam
[1] 3.166667

$rankJ
[1] 0

$rankA
[1] 0 1 1

[1] 0.6433025
Algorithm converged after  2  iterations.
$gam
[1] 3.545455

$rankJ
[1] 0

$rankA
[1] 0 1 1

[1] 0.6435441
Algorithm converged after  2  iterations.
$gam
[1] 4

$rankJ
[1] 0

$rankA
[1] 0 1 1

[1] 0.6247721
Algorithm converged after  2  iterations.
$gam
[1] 4.555556

$rankJ
[1] 0

$rankA
[1] 0 1 1

[1] 0.6434291
Algorithm converged after  2  iterations.
$gam
[1] 5.25

$rankJ
[1] 0

$rankA
[1] 0 1 1

[1] 0.6436406
Algorithm converged after  2  iterations.
$gam
[1] 6.142857

$rankJ
[1] 0

$rankA
[1] 0 1 1

[1] 0.6438478
Algorithm converged after  2  iterations.
$gam
[1] 7.333333

$rankJ
[1] 0

$rankA
[1] 0 1 1

[1] 0.6634926
Algorithm converged after  2  iterations.
$gam
[1] 9

$rankJ
[1] 0

$rankA
[1] 0 1 1

[1] 0.6650934
Algorithm converged after  2  iterations.
$gam
[1] 11.5

$rankJ
[1] 0

$rankA
[1] 0 1 1

[1] 0.198204
Algorithm converged after  2  iterations.
$gam
[1] 15.66667

$rankJ
[1] 0

$rankA
[1] 0 1 1

[1] 0.1962188
Algorithm converged after  2  iterations.
$gam
[1] 24

$rankJ
[1] 0

$rankA
[1] 0 1 1

[1] 0.1950773
Algorithm converged after  2  iterations.
$gam
[1] 49

$rankJ
[1] 0

$rankA
[1] 0 1 1

[1] 0.1941326
Algorithm converged after  2  iterations.
$gam
[1] 1e+10

$rankJ
[1] 0

$rankA
[1] 0 1 1

[1] 0.193597
Algorithm converged after  2  iterations.
$gam
[1] 0

$rankJ
[1] 1

$rankA
[1] 1 0 0

[1] 0.4710392
[1] 0.4476553
[1] 0.4476474
[1] 0.4476473
Algorithm converged after  38  iterations.
$gam
[1] 0.02040816

$rankJ
[1] 1

$rankA
[1] 1 0 0

[1] 0.4759171
[1] 0.4559704
[1] 0.4559598
[1] 0.4559579
Algorithm converged after  38  iterations.
$gam
[1] 0.04166667

$rankJ
[1] 1

$rankA
[1] 1 0 0

[1] 0.4787966
[1] 0.4642407
[1] 0.4644195
[1] 0.4644279
Algorithm converged after  36  iterations.
$gam
[1] 0.06382979

$rankJ
[1] 1

$rankA
[1] 1 0 0

[1] 0.4859677
[1] 0.4790511
[1] 0.4794205
[1] 0.4794286
Algorithm converged after  34  iterations.
$gam
[1] 0.08695652

$rankJ
[1] 1

$rankA
[1] 1 0 0

[1] 0.4962498
[1] 0.5002584
[1] 0.5002663
Algorithm converged after  23  iterations.
$gam
[1] 0.1111111

$rankJ
[1] 1

$rankA
[1] 1 0 0

[1] 0.5076358
[1] 0.5145556
Algorithm converged after  16  iterations.
$gam
[1] 0.1363636

$rankJ
[1] 1

$rankA
[1] 1 0 0

[1] 0.515562
[1] 0.5250115
Algorithm converged after  14  iterations.
$gam
[1] 0.1627907

$rankJ
[1] 1

$rankA
[1] 1 0 0

[1] 0.5224098
[1] 0.5340366
Algorithm converged after  13  iterations.
$gam
[1] 0.1904762

$rankJ
[1] 1

$rankA
[1] 1 0 0

[1] 0.5296496
[1] 0.5427351
Algorithm converged after  14  iterations.
$gam
[1] 0.2195122

$rankJ
[1] 1

$rankA
[1] 1 0 0

[1] 0.5372054
[1] 0.5513819
Algorithm converged after  14  iterations.
$gam
[1] 0.25

$rankJ
[1] 1

$rankA
[1] 1 0 0

[1] 0.5444029
[1] 0.5597436
Algorithm converged after  15  iterations.
$gam
[1] 0.2820513

$rankJ
[1] 1

$rankA
[1] 1 0 0

[1] 0.5509142
[1] 0.5674641
Algorithm converged after  15  iterations.
$gam
[1] 0.3157895

$rankJ
[1] 1

$rankA
[1] 1 0 0

[1] 0.5569928
[1] 0.5742084
Algorithm converged after  15  iterations.
$gam
[1] 0.3513514

$rankJ
[1] 1

$rankA
[1] 1 0 0

[1] 0.5631166
[1] 0.5798211
Algorithm converged after  15  iterations.
$gam
[1] 0.3888889

$rankJ
[1] 1

$rankA
[1] 1 0 0

[1] 0.5696648
[1] 0.5845492
Algorithm converged after  15  iterations.
$gam
[1] 0.4285714

$rankJ
[1] 1

$rankA
[1] 1 0 0

[1] 0.5765294
[1] 0.5887956
Algorithm converged after  15  iterations.
$gam
[1] 0.4705882

$rankJ
[1] 1

$rankA
[1] 1 0 0

[1] 0.5827142
[1] 0.5928086
Algorithm converged after  14  iterations.
$gam
[1] 0.5151515

$rankJ
[1] 1

$rankA
[1] 1 0 0

[1] 0.5872685
[1] 0.5968506
Algorithm converged after  13  iterations.
$gam
[1] 0.5625

$rankJ
[1] 1

$rankA
[1] 1 0 0

[1] 0.5904289
[1] 0.6013133
Algorithm converged after  12  iterations.
$gam
[1] 0.6129032

$rankJ
[1] 1

$rankA
[1] 1 0 0

[1] 0.5928091
[1] 0.6057127
Algorithm converged after  12  iterations.
$gam
[1] 0.6666667

$rankJ
[1] 1

$rankA
[1] 1 0 0

[1] 0.5948521
Algorithm converged after  10  iterations.
$gam
[1] 0.7241379

$rankJ
[1] 1

$rankA
[1] 1 0 0

[1] 0.5968518
Algorithm converged after  9  iterations.
$gam
[1] 0.7857143

$rankJ
[1] 1

$rankA
[1] 1 0 0

[1] 0.599035
Algorithm converged after  8  iterations.
$gam
[1] 0.8518519

$rankJ
[1] 1

$rankA
[1] 1 0 0

[1] 0.601587
Algorithm converged after  8  iterations.
$gam
[1] 0.9230769

$rankJ
[1] 1

$rankA
[1] 1 0 0

[1] 0.6045299
Algorithm converged after  7  iterations.
$gam
[1] 1

$rankJ
[1] 1

$rankA
[1] 1 0 0

[1] 0.607231
Algorithm converged after  7  iterations.
$gam
[1] 1.083333

$rankJ
[1] 1

$rankA
[1] 1 0 0

[1] 0.6106726
Algorithm converged after  6  iterations.
$gam
[1] 1.173913

$rankJ
[1] 1

$rankA
[1] 1 0 0

[1] 0.6237571
Algorithm converged after  8  iterations.
$gam
[1] 1.272727

$rankJ
[1] 1

$rankA
[1] 1 0 0

[1] 0.6294942
Algorithm converged after  8  iterations.
$gam
[1] 1.380952

$rankJ
[1] 1

$rankA
[1] 1 0 0

[1] 0.6342365
Algorithm converged after  7  iterations.
$gam
[1] 1.5

$rankJ
[1] 1

$rankA
[1] 1 0 0

[1] 0.6382773
Algorithm converged after  6  iterations.
$gam
[1] 1.631579

$rankJ
[1] 1

$rankA
[1] 1 0 0

[1] 0.6416171
Algorithm converged after  5  iterations.
$gam
[1] 1.777778

$rankJ
[1] 1

$rankA
[1] 1 0 0

[1] 0.6443495
Algorithm converged after  5  iterations.
$gam
[1] 1.941176

$rankJ
[1] 1

$rankA
[1] 1 0 0

[1] 0.6340162
Algorithm converged after  6  iterations.
$gam
[1] 2.125

$rankJ
[1] 1

$rankA
[1] 1 0 0

[1] 0.6411594
Algorithm converged after  6  iterations.
$gam
[1] 2.333333

$rankJ
[1] 1

$rankA
[1] 1 0 0

[1] 0.6452981
Algorithm converged after  6  iterations.
$gam
[1] 2.571429

$rankJ
[1] 1

$rankA
[1] 1 0 0

[1] 0.6482302
Algorithm converged after  6  iterations.
$gam
[1] 2.846154

$rankJ
[1] 1

$rankA
[1] 1 0 0

[1] 0.6504348
Algorithm converged after  6  iterations.
$gam
[1] 3.166667

$rankJ
[1] 1

$rankA
[1] 1 0 0

[1] 0.6521458
Algorithm converged after  6  iterations.
$gam
[1] 3.545455

$rankJ
[1] 1

$rankA
[1] 1 0 0

[1] 0.6535012
Algorithm converged after  6  iterations.
$gam
[1] 4

$rankJ
[1] 1

$rankA
[1] 1 0 0

[1] 0.6545908
Algorithm converged after  5  iterations.
$gam
[1] 4.555556

$rankJ
[1] 1

$rankA
[1] 1 0 0

[1] 0.655477
Algorithm converged after  5  iterations.
$gam
[1] 5.25

$rankJ
[1] 1

$rankA
[1] 1 0 0

[1] 0.6292342
Algorithm converged after  6  iterations.
$gam
[1] 6.142857

$rankJ
[1] 1

$rankA
[1] 1 0 0

[1] 0.6567787
Algorithm converged after  5  iterations.
$gam
[1] 7.333333

$rankJ
[1] 1

$rankA
[1] 1 0 0

[1] 0.657237
Algorithm converged after  5  iterations.
$gam
[1] 9

$rankJ
[1] 1

$rankA
[1] 1 0 0

[1] 0.6576471
Algorithm converged after  5  iterations.
$gam
[1] 11.5

$rankJ
[1] 1

$rankA
[1] 1 0 0

[1] 0.1761496
Algorithm converged after  5  iterations.
$gam
[1] 15.66667

$rankJ
[1] 1

$rankA
[1] 1 0 0

[1] 0.1748833
Algorithm converged after  5  iterations.
$gam
[1] 24

$rankJ
[1] 1

$rankA
[1] 1 0 0

[1] 0.1738255
Algorithm converged after  5  iterations.
$gam
[1] 49

$rankJ
[1] 1

$rankA
[1] 1 0 0

[1] 0.1730726
Algorithm converged after  4  iterations.
$gam
[1] 1e+10

$rankJ
[1] 1

$rankA
[1] 1 0 0

[1] 0.173038
Algorithm converged after  2  iterations.
$gam
[1] 0

$rankJ
[1] 1

$rankA
[1] 0 1 0

[1] 0.473822
[1] 0.44533
[1] 0.4452069
[1] 0.4452038
[1] 0.4452037
[1] 0.4452037
Algorithm converged after  54  iterations.
$gam
[1] 0.02040816

$rankJ
[1] 1

$rankA
[1] 0 1 0

[1] 0.4762298
[1] 0.4519956
[1] 0.4524275
[1] 0.4525458
[1] 0.4525713
[1] 0.4525766
[1] 0.4525777
Algorithm converged after  61  iterations.
$gam
[1] 0.04166667

$rankJ
[1] 1

$rankA
[1] 0 1 0

[1] 0.4810837
[1] 0.4643897
[1] 0.4653706
[1] 0.4656206
[1] 0.4656744
[1] 0.4656854
[1] 0.4656876
Algorithm converged after  61  iterations.
$gam
[1] 0.06382979

$rankJ
[1] 1

$rankA
[1] 0 1 0

[1] 0.4907003
[1] 0.4789143
[1] 0.4796648
[1] 0.4798554
[1] 0.4798931
[1] 0.4799001
Algorithm converged after  57  iterations.
$gam
[1] 0.08695652

$rankJ
[1] 1

$rankA
[1] 0 1 0

[1] 0.5030839
[1] 0.4911104
[1] 0.4918618
[1] 0.4920346
[1] 0.4920655
[1] 0.4920707
Algorithm converged after  55  iterations.
$gam
[1] 0.1111111

$rankJ
[1] 1

$rankA
[1] 0 1 0

[1] 0.5182493
[1] 0.5022788
[1] 0.5030238
[1] 0.503174
[1] 0.5031975
[1] 0.503201
Algorithm converged after  52  iterations.
$gam
[1] 0.1363636

$rankJ
[1] 1

$rankA
[1] 0 1 0

[1] 0.5288186
[1] 0.5131154
[1] 0.5136682
[1] 0.5137679
[1] 0.5137816
Algorithm converged after  50  iterations.
$gam
[1] 0.1627907

$rankJ
[1] 1

$rankA
[1] 0 1 0

[1] 0.5365055
[1] 0.5247369
[1] 0.5248333
[1] 0.5248554
[1] 0.5248581
Algorithm converged after  46  iterations.
$gam
[1] 0.1904762

$rankJ
[1] 1

$rankA
[1] 0 1 0

[1] 0.5434517
[1] 0.5387124
[1] 0.5386003
[1] 0.5385924
Algorithm converged after  36  iterations.
$gam
[1] 0.2195122

$rankJ
[1] 1

$rankA
[1] 0 1 0

[1] 0.5502062
[1] 0.5526293
[1] 0.552615
Algorithm converged after  24  iterations.
$gam
[1] 0.25

$rankJ
[1] 1

$rankA
[1] 0 1 0

[1] 0.5565758
[1] 0.5627196
Algorithm converged after  20  iterations.
$gam
[1] 0.2820513

$rankJ
[1] 1

$rankA
[1] 0 1 0

[1] 0.5622616
[1] 0.570713
Algorithm converged after  18  iterations.
$gam
[1] 0.3157895

$rankJ
[1] 1

$rankA
[1] 0 1 0

[1] 0.5673294
[1] 0.5787018
Algorithm converged after  16  iterations.
$gam
[1] 0.3513514

$rankJ
[1] 1

$rankA
[1] 0 1 0

[1] 0.5449718
[1] 0.5830382
[1] 0.5999591
[1] 0.605381
[1] 0.5648325
[1] 0.5402326
[1] 0.5822617
Algorithm converged after  63  iterations.
$gam
[1] 0.3888889

$rankJ
[1] 1

$rankA
[1] 0 1 0

[1] 0.5767782
Algorithm converged after  10  iterations.
$gam
[1] 0.4285714

$rankJ
[1] 1

$rankA
[1] 0 1 0

[1] 0.5819077
Algorithm converged after  9  iterations.
$gam
[1] 0.4705882

$rankJ
[1] 1

$rankA
[1] 0 1 0

[1] 0.5883211
Algorithm converged after  8  iterations.
$gam
[1] 0.5151515

$rankJ
[1] 1

$rankA
[1] 0 1 0

[1] 0.6086307
Algorithm converged after  6  iterations.
$gam
[1] 0.5625

$rankJ
[1] 1

$rankA
[1] 0 1 0

[1] 0.6108592
Algorithm converged after  6  iterations.
$gam
[1] 0.6129032

$rankJ
[1] 1

$rankA
[1] 0 1 0

[1] 0.6123238
Algorithm converged after  6  iterations.
$gam
[1] 0.6666667

$rankJ
[1] 1

$rankA
[1] 0 1 0

[1] 0.6135638
Algorithm converged after  6  iterations.
$gam
[1] 0.7241379

$rankJ
[1] 1

$rankA
[1] 0 1 0

[1] 0.6147211
Algorithm converged after  7  iterations.
$gam
[1] 0.7857143

$rankJ
[1] 1

$rankA
[1] 0 1 0

[1] 0.6158842
Algorithm converged after  7  iterations.
$gam
[1] 0.8518519

$rankJ
[1] 1

$rankA
[1] 0 1 0

[1] 0.6171441
Algorithm converged after  7  iterations.
$gam
[1] 0.9230769

$rankJ
[1] 1

$rankA
[1] 0 1 0

[1] 0.6186262
Algorithm converged after  7  iterations.
$gam
[1] 1

$rankJ
[1] 1

$rankA
[1] 0 1 0

[1] 0.6205278
Algorithm converged after  7  iterations.
$gam
[1] 1.083333

$rankJ
[1] 1

$rankA
[1] 0 1 0

[1] 0.6231395
Algorithm converged after  7  iterations.
$gam
[1] 1.173913

$rankJ
[1] 1

$rankA
[1] 0 1 0

[1] 0.6266944
Algorithm converged after  8  iterations.
$gam
[1] 1.272727

$rankJ
[1] 1

$rankA
[1] 0 1 0

[1] 0.6280676
Algorithm converged after  8  iterations.
$gam
[1] 1.380952

$rankJ
[1] 1

$rankA
[1] 0 1 0

[1] 0.6358015
Algorithm converged after  9  iterations.
$gam
[1] 1.5

$rankJ
[1] 1

$rankA
[1] 0 1 0

[1] 0.640056
Algorithm converged after  7  iterations.
$gam
[1] 1.631579

$rankJ
[1] 1

$rankA
[1] 0 1 0

[1] 0.6433424
Algorithm converged after  6  iterations.
$gam
[1] 1.777778

$rankJ
[1] 1

$rankA
[1] 0 1 0

[1] 0.6459111
Algorithm converged after  6  iterations.
$gam
[1] 1.941176

$rankJ
[1] 1

$rankA
[1] 0 1 0

[1] 0.6272652
Algorithm converged after  6  iterations.
$gam
[1] 2.125

$rankJ
[1] 1

$rankA
[1] 0 1 0

[1] 0.6331568
Algorithm converged after  6  iterations.
$gam
[1] 2.333333

$rankJ
[1] 1

$rankA
[1] 0 1 0

[1] 0.6363774
Algorithm converged after  6  iterations.
$gam
[1] 2.571429

$rankJ
[1] 1

$rankA
[1] 0 1 0

[1] 0.6384951
Algorithm converged after  6  iterations.
$gam
[1] 2.846154

$rankJ
[1] 1

$rankA
[1] 0 1 0

[1] 0.63995
Algorithm converged after  5  iterations.
$gam
[1] 3.166667

$rankJ
[1] 1

$rankA
[1] 0 1 0

[1] 0.6409657
Algorithm converged after  5  iterations.
$gam
[1] 3.545455

$rankJ
[1] 1

$rankA
[1] 0 1 0

[1] 0.6416797
Algorithm converged after  5  iterations.
$gam
[1] 4

$rankJ
[1] 1

$rankA
[1] 0 1 0

[1] 0.6421856
Algorithm converged after  5  iterations.
$gam
[1] 4.555556

$rankJ
[1] 1

$rankA
[1] 0 1 0

[1] 0.6425524
Algorithm converged after  5  iterations.
$gam
[1] 5.25

$rankJ
[1] 1

$rankA
[1] 0 1 0

[1] 0.6173443
Algorithm converged after  4  iterations.
$gam
[1] 6.142857

$rankJ
[1] 1

$rankA
[1] 0 1 0

[1] 0.6544906
Algorithm converged after  5  iterations.
$gam
[1] 7.333333

$rankJ
[1] 1

$rankA
[1] 0 1 0

[1] 0.6544518
Algorithm converged after  5  iterations.
$gam
[1] 9

$rankJ
[1] 1

$rankA
[1] 0 1 0

[1] 0.6543181
Algorithm converged after  5  iterations.
$gam
[1] 11.5

$rankJ
[1] 1

$rankA
[1] 0 1 0

[1] 0.1752806
Algorithm converged after  5  iterations.
$gam
[1] 15.66667

$rankJ
[1] 1

$rankA
[1] 0 1 0

[1] 0.1739748
Algorithm converged after  5  iterations.
$gam
[1] 24

$rankJ
[1] 1

$rankA
[1] 0 1 0

[1] 0.1728915
Algorithm converged after  5  iterations.
$gam
[1] 49

$rankJ
[1] 1

$rankA
[1] 0 1 0

[1] 0.1721359
Algorithm converged after  4  iterations.
$gam
[1] 1e+10

$rankJ
[1] 1

$rankA
[1] 0 1 0

[1] 0.1721568
Algorithm converged after  2  iterations.
$gam
[1] 0

$rankJ
[1] 1

$rankA
[1] 0 0 1

[1] 0.4951216
[1] 0.4709773
[1] 0.4709057
[1] 0.4709042
[1] 0.4709041
[1] 0.4709041
[1] 0.4709041
[1] 0.4709041
Algorithm converged after  71  iterations.
$gam
[1] 0.02040816

$rankJ
[1] 1

$rankA
[1] 0 0 1

[1] 0.5009518
[1] 0.4827663
[1] 0.4832406
[1] 0.4834483
[1] 0.4835727
[1] 0.4836502
[1] 0.4836977
[1] 0.4837262
[1] 0.4837431
[1] 0.4837531
[1] 0.483759
[1] 0.4837624
[1] 0.4837644
[1] 0.4837656
Algorithm converged after  139  iterations.
$gam
[1] 0.04166667

$rankJ
[1] 1

$rankA
[1] 0 0 1

[1] 0.5051325
[1] 0.4986316
[1] 0.5027242
[1] 0.5061141
[1] 0.5079892
[1] 0.5095438
[1] 0.5108461
[1] 0.5121084
[1] 0.5129183
[1] 0.5116449
[1] 0.5133716
[1] 0.5702583
[1] 0.5045903
[1] 0.5073842
[1] 0.5091613
[1] 0.5080043
[1] 0.5106378
[1] 0.5066888
[1] 0.5120049
[1] 0.512868
Algorithm did not converge after  200  iterations.
$gam
[1] 0.06382979

$rankJ
[1] 1

$rankA
[1] 0 0 1

[1] 0.5141572
[1] 0.5147815
[1] 0.5241635
[1] 0.5342017
[1] 0.5759609
[1] 0.5773223
[1] 0.5770812
Algorithm converged after  67  iterations.
$gam
[1] 0.08695652

$rankJ
[1] 1

$rankA
[1] 0 0 1

[1] 0.5260834
[1] 0.528065
[1] 0.5933209
[1] 0.5932675
Algorithm converged after  38  iterations.
$gam
[1] 0.1111111

$rankJ
[1] 1

$rankA
[1] 0 0 1

[1] 0.5387647
[1] 0.595068
[1] 0.5963572
Algorithm converged after  30  iterations.
$gam
[1] 0.1363636

$rankJ
[1] 1

$rankA
[1] 0 0 1

[1] 0.5477711
[1] 0.5998593
[1] 0.6000853
Algorithm converged after  30  iterations.
$gam
[1] 0.1627907

$rankJ
[1] 1

$rankA
[1] 0 0 1

[1] 0.5548859
[1] 0.6025417
[1] 0.6026352
Algorithm converged after  28  iterations.
$gam
[1] 0.1904762

$rankJ
[1] 1

$rankA
[1] 0 0 1

[1] 0.5616081
[1] 0.6040527
[1] 0.6041852
Algorithm converged after  30  iterations.
$gam
[1] 0.2195122

$rankJ
[1] 1

$rankA
[1] 0 0 1

[1] 0.5683318
[1] 0.6036915
[1] 0.6037066
Algorithm converged after  27  iterations.
$gam
[1] 0.25

$rankJ
[1] 1

$rankA
[1] 0 0 1

[1] 0.5753222
[1] 0.6028868
[1] 0.602867
Algorithm converged after  27  iterations.
$gam
[1] 0.2820513

$rankJ
[1] 1

$rankA
[1] 0 0 1

[1] 0.5837901
[1] 0.6028335
[1] 0.6028166
Algorithm converged after  25  iterations.
$gam
[1] 0.3157895

$rankJ
[1] 1

$rankA
[1] 0 0 1

[1] 0.5910296
[1] 0.602762
[1] 0.6027417
Algorithm converged after  24  iterations.
$gam
[1] 0.3513514

$rankJ
[1] 1

$rankA
[1] 0 0 1

[1] 0.5956456
[1] 0.6032644
[1] 0.6032458
Algorithm converged after  23  iterations.
$gam
[1] 0.3888889

$rankJ
[1] 1

$rankA
[1] 0 0 1

[1] 0.5701041
[1] 0.6047394
[1] 0.6047187
Algorithm converged after  22  iterations.
$gam
[1] 0.4285714

$rankJ
[1] 1

$rankA
[1] 0 0 1

[1] 0.6085544
[1] 0.6030792
Algorithm converged after  20  iterations.
$gam
[1] 0.4705882

$rankJ
[1] 1

$rankA
[1] 0 0 1

[1] 0.6103842
[1] 0.6038341
Algorithm converged after  19  iterations.
$gam
[1] 0.5151515

$rankJ
[1] 1

$rankA
[1] 0 0 1

[1] 0.611587
[1] 0.6048686
Algorithm converged after  18  iterations.
$gam
[1] 0.5625

$rankJ
[1] 1

$rankA
[1] 0 0 1

[1] 0.612535
[1] 0.6059865
Algorithm converged after  16  iterations.
$gam
[1] 0.6129032

$rankJ
[1] 1

$rankA
[1] 0 0 1

[1] 0.6133108
[1] 0.6071364
Algorithm converged after  15  iterations.
$gam
[1] 0.6666667

$rankJ
[1] 1

$rankA
[1] 0 0 1

[1] 0.6139525
[1] 0.608277
Algorithm converged after  14  iterations.
$gam
[1] 0.7241379

$rankJ
[1] 1

$rankA
[1] 0 0 1

[1] 0.6144819
[1] 0.6093664
Algorithm converged after  13  iterations.
$gam
[1] 0.7857143

$rankJ
[1] 1

$rankA
[1] 0 0 1

[1] 0.6149134
[1] 0.6103629
Algorithm converged after  12  iterations.
$gam
[1] 0.8518519

$rankJ
[1] 1

$rankA
[1] 0 0 1

[1] 0.615261
[1] 0.611228
Algorithm converged after  11  iterations.
$gam
[1] 0.9230769

$rankJ
[1] 1

$rankA
[1] 0 0 1

[1] 0.6155494
[1] 0.6119301
Algorithm converged after  11  iterations.
$gam
[1] 1

$rankJ
[1] 1

$rankA
[1] 0 0 1

[1] 0.6158447
[1] 0.612455
Algorithm converged after  11  iterations.
$gam
[1] 1.083333

$rankJ
[1] 1

$rankA
[1] 0 0 1

[1] 0.6163275
[1] 0.612845
Algorithm converged after  11  iterations.
$gam
[1] 1.173913

$rankJ
[1] 1

$rankA
[1] 0 0 1

[1] 0.6173954
[1] 0.613292
Algorithm converged after  11  iterations.
$gam
[1] 1.272727

$rankJ
[1] 1

$rankA
[1] 0 0 1

[1] 0.619497
[1] 0.6141664
Algorithm converged after  12  iterations.
$gam
[1] 1.380952

$rankJ
[1] 1

$rankA
[1] 0 0 1

[1] 0.6225416
[1] 0.615706
Algorithm converged after  13  iterations.
$gam
[1] 1.5

$rankJ
[1] 1

$rankA
[1] 0 0 1

[1] 0.6259375
[1] 0.6177825
Algorithm converged after  14  iterations.
$gam
[1] 1.631579

$rankJ
[1] 1

$rankA
[1] 0 0 1

[1] 0.6291993
[1] 0.6201282
Algorithm converged after  14  iterations.
$gam
[1] 1.777778

$rankJ
[1] 1

$rankA
[1] 0 0 1

[1] 0.6321148
[1] 0.6225352
Algorithm converged after  15  iterations.
$gam
[1] 1.941176

$rankJ
[1] 1

$rankA
[1] 0 0 1

[1] 0.6352468
Algorithm converged after  6  iterations.
$gam
[1] 2.125

$rankJ
[1] 1

$rankA
[1] 0 0 1

[1] 0.6404275
Algorithm converged after  8  iterations.
$gam
[1] 2.333333

$rankJ
[1] 1

$rankA
[1] 0 0 1

[1] 0.6437232
Algorithm converged after  8  iterations.
$gam
[1] 2.571429

$rankJ
[1] 1

$rankA
[1] 0 0 1

[1] 0.6462518
Algorithm converged after  9  iterations.
$gam
[1] 2.846154

$rankJ
[1] 1

$rankA
[1] 0 0 1

[1] 0.6482851
Algorithm converged after  9  iterations.
$gam
[1] 3.166667

$rankJ
[1] 1

$rankA
[1] 0 0 1

[1] 0.6499553
Algorithm converged after  10  iterations.
$gam
[1] 3.545455

$rankJ
[1] 1

$rankA
[1] 0 0 1

[1] 0.651342
Algorithm converged after  10  iterations.
$gam
[1] 4

$rankJ
[1] 1

$rankA
[1] 0 0 1

[1] 0.6524986
Algorithm converged after  10  iterations.
$gam
[1] 4.555556

$rankJ
[1] 1

$rankA
[1] 0 0 1

[1] 0.6534618
Algorithm converged after  10  iterations.
$gam
[1] 5.25

$rankJ
[1] 1

$rankA
[1] 0 0 1

[1] 0.6296413
Algorithm converged after  8  iterations.
$gam
[1] 6.142857

$rankJ
[1] 1

$rankA
[1] 0 0 1

[1] 0.6451412
Algorithm converged after  9  iterations.
$gam
[1] 7.333333

$rankJ
[1] 1

$rankA
[1] 0 0 1

[1] 0.6453928
Algorithm converged after  8  iterations.
$gam
[1] 9

$rankJ
[1] 1

$rankA
[1] 0 0 1

[1] 0.6456347
Algorithm converged after  7  iterations.
$gam
[1] 11.5

$rankJ
[1] 1

$rankA
[1] 0 0 1

[1] 0.1722599
Algorithm converged after  6  iterations.
$gam
[1] 15.66667

$rankJ
[1] 1

$rankA
[1] 0 0 1

[1] 0.1712708
Algorithm converged after  5  iterations.
$gam
[1] 24

$rankJ
[1] 1

$rankA
[1] 0 0 1

[1] 0.1702016
Algorithm converged after  4  iterations.
$gam
[1] 49

$rankJ
[1] 1

$rankA
[1] 0 0 1

[1] 0.1689939
Algorithm converged after  3  iterations.
$gam
[1] 1e+10

$rankJ
[1] 1

$rankA
[1] 0 0 1

[1] 0.1674028
Algorithm converged after  2  iterations.
$gam
[1] 0

$rankJ
[1] 2

$rankA
[1] 0 0 0

[1] 0.5330919
Algorithm converged after  2  iterations.
$gam
[1] 0.02040816

$rankJ
[1] 2

$rankA
[1] 0 0 0

[1] 0.5331384
Algorithm converged after  2  iterations.
$gam
[1] 0.04166667

$rankJ
[1] 2

$rankA
[1] 0 0 0

[1] 0.5352863
Algorithm converged after  2  iterations.
$gam
[1] 0.06382979

$rankJ
[1] 2

$rankA
[1] 0 0 0

[1] 0.53534
Algorithm converged after  2  iterations.
$gam
[1] 0.08695652

$rankJ
[1] 2

$rankA
[1] 0 0 0

[1] 0.5355153
Algorithm converged after  2  iterations.
$gam
[1] 0.1111111

$rankJ
[1] 2

$rankA
[1] 0 0 0

[1] 0.5362505
Algorithm converged after  2  iterations.
$gam
[1] 0.1363636

$rankJ
[1] 2

$rankA
[1] 0 0 0

[1] 0.5379108
Algorithm converged after  2  iterations.
$gam
[1] 0.1627907

$rankJ
[1] 2

$rankA
[1] 0 0 0

[1] 0.5410124
Algorithm converged after  2  iterations.
$gam
[1] 0.1904762

$rankJ
[1] 2

$rankA
[1] 0 0 0

[1] 0.5456966
Algorithm converged after  2  iterations.
$gam
[1] 0.2195122

$rankJ
[1] 2

$rankA
[1] 0 0 0

[1] 0.5511401
Algorithm converged after  2  iterations.
$gam
[1] 0.25

$rankJ
[1] 2

$rankA
[1] 0 0 0

[1] 0.557276
Algorithm converged after  2  iterations.
$gam
[1] 0.2820513

$rankJ
[1] 2

$rankA
[1] 0 0 0

[1] 0.5644096
Algorithm converged after  2  iterations.
$gam
[1] 0.3157895

$rankJ
[1] 2

$rankA
[1] 0 0 0

[1] 0.5708841
Algorithm converged after  2  iterations.
$gam
[1] 0.3513514

$rankJ
[1] 2

$rankA
[1] 0 0 0

[1] 0.5753865
Algorithm converged after  2  iterations.
$gam
[1] 0.3888889

$rankJ
[1] 2

$rankA
[1] 0 0 0

[1] 0.5785774
Algorithm converged after  2  iterations.
$gam
[1] 0.4285714

$rankJ
[1] 2

$rankA
[1] 0 0 0

[1] 0.5810474
Algorithm converged after  2  iterations.
$gam
[1] 0.4705882

$rankJ
[1] 2

$rankA
[1] 0 0 0

[1] 0.583097
Algorithm converged after  2  iterations.
$gam
[1] 0.5151515

$rankJ
[1] 2

$rankA
[1] 0 0 0

[1] 0.5848958
Algorithm converged after  2  iterations.
$gam
[1] 0.5625

$rankJ
[1] 2

$rankA
[1] 0 0 0

[1] 0.5865741
Algorithm converged after  2  iterations.
$gam
[1] 0.6129032

$rankJ
[1] 2

$rankA
[1] 0 0 0

[1] 0.5882912
Algorithm converged after  2  iterations.
$gam
[1] 0.6666667

$rankJ
[1] 2

$rankA
[1] 0 0 0

[1] 0.5903692
Algorithm converged after  2  iterations.
$gam
[1] 0.7241379

$rankJ
[1] 2

$rankA
[1] 0 0 0

[1] 0.5938078
Algorithm converged after  2  iterations.
$gam
[1] 0.7857143

$rankJ
[1] 2

$rankA
[1] 0 0 0

[1] 0.6057179
Algorithm converged after  2  iterations.
$gam
[1] 0.8518519

$rankJ
[1] 2

$rankA
[1] 0 0 0

[1] 0.6164916
Algorithm converged after  2  iterations.
$gam
[1] 0.9230769

$rankJ
[1] 2

$rankA
[1] 0 0 0

[1] 0.6179004
Algorithm converged after  2  iterations.
$gam
[1] 1

$rankJ
[1] 2

$rankA
[1] 0 0 0

[1] 0.6187403
Algorithm converged after  2  iterations.
$gam
[1] 1.083333

$rankJ
[1] 2

$rankA
[1] 0 0 0

[1] 0.6193742
Algorithm converged after  2  iterations.
$gam
[1] 1.173913

$rankJ
[1] 2

$rankA
[1] 0 0 0

[1] 0.6199008
Algorithm converged after  2  iterations.
$gam
[1] 1.272727

$rankJ
[1] 2

$rankA
[1] 0 0 0

[1] 0.6203624
Algorithm converged after  2  iterations.
$gam
[1] 1.380952

$rankJ
[1] 2

$rankA
[1] 0 0 0

[1] 0.6207812
Algorithm converged after  2  iterations.
$gam
[1] 1.5

$rankJ
[1] 2

$rankA
[1] 0 0 0

[1] 0.6211692
Algorithm converged after  2  iterations.
$gam
[1] 1.631579

$rankJ
[1] 2

$rankA
[1] 0 0 0

[1] 0.6215329
Algorithm converged after  2  iterations.
$gam
[1] 1.777778

$rankJ
[1] 2

$rankA
[1] 0 0 0

[1] 0.6218758
Algorithm converged after  2  iterations.
$gam
[1] 1.941176

$rankJ
[1] 2

$rankA
[1] 0 0 0

[1] 0.6222006
Algorithm converged after  2  iterations.
$gam
[1] 2.125

$rankJ
[1] 2

$rankA
[1] 0 0 0

[1] 0.6225043
Algorithm converged after  2  iterations.
$gam
[1] 2.333333

$rankJ
[1] 2

$rankA
[1] 0 0 0

[1] 0.6227956
Algorithm converged after  2  iterations.
$gam
[1] 2.571429

$rankJ
[1] 2

$rankA
[1] 0 0 0

[1] 0.6230744
Algorithm converged after  2  iterations.
$gam
[1] 2.846154

$rankJ
[1] 2

$rankA
[1] 0 0 0

[1] 0.6233414
Algorithm converged after  2  iterations.
$gam
[1] 3.166667

$rankJ
[1] 2

$rankA
[1] 0 0 0

[1] 0.6235973
Algorithm converged after  2  iterations.
$gam
[1] 3.545455

$rankJ
[1] 2

$rankA
[1] 0 0 0

[1] 0.6238428
Algorithm converged after  2  iterations.
$gam
[1] 4

$rankJ
[1] 2

$rankA
[1] 0 0 0

[1] 0.6240788
Algorithm converged after  2  iterations.
$gam
[1] 4.555556

$rankJ
[1] 2

$rankA
[1] 0 0 0

[1] 0.6243056
Algorithm converged after  2  iterations.
$gam
[1] 5.25

$rankJ
[1] 2

$rankA
[1] 0 0 0

[1] 0.5583586
Algorithm converged after  2  iterations.
$gam
[1] 6.142857

$rankJ
[1] 2

$rankA
[1] 0 0 0

[1] 0.624744
Algorithm converged after  2  iterations.
$gam
[1] 7.333333

$rankJ
[1] 2

$rankA
[1] 0 0 0

[1] 0.6249467
Algorithm converged after  2  iterations.
$gam
[1] 9

$rankJ
[1] 2

$rankA
[1] 0 0 0

[1] 0.6251423
Algorithm converged after  2  iterations.
$gam
[1] 11.5

$rankJ
[1] 2

$rankA
[1] 0 0 0

[1] 0.1491233
Algorithm converged after  2  iterations.
$gam
[1] 15.66667

$rankJ
[1] 2

$rankA
[1] 0 0 0

[1] 0.1490469
Algorithm converged after  2  iterations.
$gam
[1] 24

$rankJ
[1] 2

$rankA
[1] 0 0 0

[1] 0.1489736
Algorithm converged after  2  iterations.
$gam
[1] 49

$rankJ
[1] 2

$rankA
[1] 0 0 0

[1] 0.1489083
Algorithm converged after  2  iterations.
$gam
[1] 1e+10

$rankJ
[1] 2

$rankA
[1] 0 0 0

[1] 0.1488691
Algorithm converged after  2  iterations.
