myseed=6320 

Attaching package: ‘pls’

The following object is masked from ‘package:stats’:

    loadings

Loading required package: lattice
Loading required package: ggplot2
Registered S3 methods overwritten by 'ggplot2':
  method         from 
  [.quosures     rlang
  c.quosures     rlang
  print.quosures rlang

Attaching package: ‘caret’

The following object is masked from ‘package:pls’:

    R2

Loading required package: Matrix
Loading required package: foreach
Loaded glmnet 2.0-18

Parsed with column specification:
cols(
  .default = col_double()
)
See spec(...) for full column specifications.
Parsed with column specification:
cols(
  X1 = col_double()
)
Parsed with column specification:
cols(
  X1 = col_double()
)
numeric(0)
Algorithm converged after  1  iterations.
[1] 0.0003339984
Algorithm converged after  2  iterations.
[1] 0.0004792874
Algorithm converged after  2  iterations.
[1] 0.0008883842
Algorithm converged after  2  iterations.
[1] 3.339984e-04 9.871721e-05
Algorithm converged after  2  iterations.
[1] 4.792874e-04 8.510314e-05
Algorithm converged after  2  iterations.
[1] 0.0008883842 0.0001417861
Algorithm converged after  2  iterations.
[1] 0.0003339984 0.0004792874
Algorithm converged after  2  iterations.
[1] 0.0003339984 0.0008883842
Algorithm converged after  2  iterations.
[1] 0.0004792874 0.0008883842
Algorithm converged after  2  iterations.
[1] 3.339984e-04 9.871721e-05 4.792874e-04
Algorithm converged after  2  iterations.
[1] 3.339984e-04 9.871721e-05 8.883842e-04
Algorithm converged after  2  iterations.
[1] 3.339984e-04 4.792874e-04 8.510314e-05
Algorithm converged after  2  iterations.
[1] 0.0003339984 0.0008883842 0.0001417861
Algorithm converged after  2  iterations.
[1] 4.792874e-04 8.510314e-05 8.883842e-04
Algorithm converged after  2  iterations.
[1] 0.0004792874 0.0008883842 0.0001417861
Algorithm converged after  2  iterations.
[1] 0.0003339984 0.0004792874 0.0008883842
Algorithm converged after  2  iterations.
[1] 3.339984e-04 9.871721e-05 4.792874e-04 8.510314e-05
Algorithm converged after  2  iterations.
[1] 3.339984e-04 9.871721e-05 8.883842e-04 1.417861e-04
Algorithm converged after  2  iterations.
[1] 4.792874e-04 8.510314e-05 8.883842e-04 1.417861e-04
Algorithm converged after  2  iterations.
[1] 3.339984e-04 9.871721e-05 4.792874e-04 8.883842e-04
Algorithm converged after  2  iterations.
[1] 3.339984e-04 4.792874e-04 8.510314e-05 8.883842e-04
Algorithm converged after  2  iterations.
[1] 0.0003339984 0.0004792874 0.0008883842 0.0001417861
Algorithm converged after  2  iterations.
[1] 0.002967935
Algorithm converged after  2  iterations.
[1] 0.0029679349 0.0001111288
[1] 0.0039997251 0.0001599808
Algorithm converged after  17  iterations.
[1] 0.0029679349 0.0001062376
Algorithm converged after  8  iterations.
[1] 0.0029679349 0.0002495875
[1] 0.0041739842 0.0008754814
Algorithm converged after  16  iterations.
[1] 2.967935e-03 1.111288e-04 3.179295e-05
[1] 3.772205e-03 1.219729e-04 3.264633e-05
Algorithm converged after  11  iterations.
[1] 2.967935e-03 1.062376e-04 4.437328e-05
[1] 3.078913e-03 1.056928e-04 4.228265e-05
Algorithm converged after  16  iterations.
[1] 2.967935e-03 2.495875e-04 8.876212e-05
[1] 0.0045842322 0.0003714647 0.0001216918
Algorithm converged after  13  iterations.
[1] 0.0029679349 0.0001111288 0.0001062376
[1] 0.0042033310 0.0001937945 0.0003237917
Algorithm converged after  11  iterations.
[1] 0.0029679349 0.0001111288 0.0002495875
[1] 0.0064814969 0.0001749583 0.0017486079
[1] 0.0064542287 0.0001751933 0.0017620473
Algorithm converged after  29  iterations.
[1] 0.0029679349 0.0001062376 0.0002495875
[1] 0.0042084479 0.0001170256 0.0004721189
[1] 0.0042090125 0.0001170198 0.0004723467
Algorithm converged after  21  iterations.
[1] 2.967935e-03 1.111288e-04 3.179295e-05 1.062376e-04
[1] 5.334407e-03 1.812981e-04 7.329295e-05 2.676184e-04
Algorithm converged after  19  iterations.
[1] 2.967935e-03 1.111288e-04 3.179295e-05 2.495875e-04
[1] 5.772630e-03 1.502897e-04 3.972446e-05 1.223439e-03
[1] 5.780684e-03 1.504363e-04 3.974887e-05 1.226110e-03
Algorithm converged after  25  iterations.
[1] 2.967935e-03 1.111288e-04 1.062376e-04 4.437328e-05
[1] 0.0055690258 0.0001641713 0.0001575070 0.0000817011
Algorithm converged after  17  iterations.
[1] 2.967935e-03 1.111288e-04 2.495875e-04 8.876212e-05
[1] 0.0084576278 0.0002086467 0.0007040001 0.0002305594
[1] 0.0084667037 0.0002088236 0.0007048136 0.0002308605
Algorithm converged after  23  iterations.
[1] 2.967935e-03 1.062376e-04 4.437328e-05 2.495875e-04
[1] 4.340643e-03 9.995727e-05 2.194856e-05 9.617150e-04
Algorithm converged after  17  iterations.
[1] 2.967935e-03 1.062376e-04 2.495875e-04 8.876212e-05
[1] 0.0050229144 0.0001538477 0.0003461745 0.0001356314
Algorithm converged after  14  iterations.
[1] 0.0029679349 0.0001111288 0.0001062376 0.0002495875
[1] 0.0062988803 0.0001675615 0.0001598115 0.0005391838
[1] 0.0062992189 0.0001675638 0.0001598013 0.0005393007
Algorithm converged after  22  iterations.
[1] 0.0029679349 0.0003022633
Algorithm converged after  2  iterations.
[1] 2.967935e-03 3.022633e-04 6.666637e-05
[1] 0.0031780783 0.0003351545 0.0001053806
Algorithm converged after  18  iterations.
[1] 2.967935e-03 3.022633e-04 9.264527e-05
[1] 0.0031746958 0.0002703210 0.0001701307
Algorithm converged after  15  iterations.
[1] 2.967935e-03 3.022633e-04 8.073556e-05
[1] 0.0023413990 0.0004519794 0.0001926705
Algorithm converged after  18  iterations.
[1] 2.967935e-03 3.022633e-04 6.666637e-05 2.916386e-05
Algorithm converged after  9  iterations.
[1] 2.967935e-03 3.022633e-04 9.264527e-05 3.612490e-05
[1] 2.819348e-03 3.343894e-04 8.950565e-05 2.868458e-05
Algorithm converged after  13  iterations.
[1] 2.967935e-03 3.022633e-04 8.073556e-05 2.920179e-05
[1] 2.096742e-03 5.808580e-04 2.584968e-04 9.711072e-05
[1] 2.094983e-03 5.824047e-04 2.599084e-04 9.764082e-05
[1] 0.0020950107 0.0005824030 0.0002599017 0.0000976309
Algorithm converged after  33  iterations.
[1] 2.967935e-03 3.022633e-04 6.666637e-05 9.264527e-05
[1] 0.0033771820 0.0003050351 0.0001071617 0.0001228527
[1] 0.0033281896 0.0003067242 0.0001140059 0.0001231859
[1] 0.0032365861 0.0003294566 0.0001268705 0.0001423489
[1] 0.0031976770 0.0003452138 0.0001310535 0.0001518126
[1] 0.0031954925 0.0003462511 0.0001312791 0.0001523451
[1] 0.0031954043 0.0003462935 0.0001312882 0.0001523666
Algorithm converged after  64  iterations.
[1] 2.967935e-03 3.022633e-04 6.666637e-05 8.073556e-05
[1] 0.0027019494 0.0004245926 0.0001141379 0.0001143967
[1] 0.0027556005 0.0005449803 0.0001229661 0.0001482965
[1] 0.0027081305 0.0005597306 0.0001050386 0.0001975225
[1] 2.601531e-03 5.310261e-04 9.646085e-05 2.280345e-04
[1] 0.0025841287 0.0005285033 0.0000961413 0.0002304131
[1] 2.581378e-03 5.281180e-04 9.617095e-05 2.304432e-04
[1] 2.580890e-03 5.280497e-04 9.618235e-05 2.304219e-04
[1] 2.580799e-03 5.280369e-04 9.618489e-05 2.304161e-04
Algorithm converged after  84  iterations.
[1] 2.967935e-03 3.022633e-04 9.264527e-05 8.073556e-05
[1] 0.0026639861 0.0006619140 0.0002830366 0.0003717377
[1] 0.0026632088 0.0006600685 0.0002803940 0.0003667823
[1] 0.0026625935 0.0006555568 0.0002777992 0.0003617363
[1] 0.0026624270 0.0006541727 0.0002770366 0.0003602490
[1] 0.0026623871 0.0006538317 0.0002768511 0.0003598869
[1] 0.0026623780 0.0006537536 0.0002768087 0.0003598043
[1] 0.0026623759 0.0006537361 0.0002767993 0.0003597858
Algorithm converged after  77  iterations.
numeric(0)
Algorithm converged after  1  iterations.
[1] 0.0003414698
Algorithm converged after  2  iterations.
[1] 0.0004073269
Algorithm converged after  2  iterations.
[1] 0.0008832691
Algorithm converged after  2  iterations.
[1] 0.0003414698 0.0001080719
Algorithm converged after  2  iterations.
[1] 4.073269e-04 8.372846e-05
Algorithm converged after  2  iterations.
[1] 0.0008832691 0.0001340754
Algorithm converged after  2  iterations.
[1] 0.0003414698 0.0004073269
Algorithm converged after  2  iterations.
[1] 0.0003414698 0.0008832691
Algorithm converged after  2  iterations.
[1] 0.0004073269 0.0008832691
Algorithm converged after  2  iterations.
[1] 0.0003414698 0.0001080719 0.0004073269
Algorithm converged after  2  iterations.
[1] 0.0003414698 0.0001080719 0.0008832691
Algorithm converged after  2  iterations.
[1] 3.414698e-04 4.073269e-04 8.372846e-05
Algorithm converged after  2  iterations.
[1] 0.0003414698 0.0008832691 0.0001340754
Algorithm converged after  2  iterations.
[1] 4.073269e-04 8.372846e-05 8.832691e-04
Algorithm converged after  2  iterations.
[1] 0.0004073269 0.0008832691 0.0001340754
Algorithm converged after  2  iterations.
[1] 0.0003414698 0.0004073269 0.0008832691
Algorithm converged after  2  iterations.
[1] 3.414698e-04 1.080719e-04 4.073269e-04 8.372846e-05
Algorithm converged after  2  iterations.
[1] 0.0003414698 0.0001080719 0.0008832691 0.0001340754
Algorithm converged after  2  iterations.
[1] 4.073269e-04 8.372846e-05 8.832691e-04 1.340754e-04
Algorithm converged after  2  iterations.
[1] 0.0003414698 0.0001080719 0.0004073269 0.0008832691
Algorithm converged after  2  iterations.
[1] 3.414698e-04 4.073269e-04 8.372846e-05 8.832691e-04
Algorithm converged after  2  iterations.
[1] 0.0003414698 0.0004073269 0.0008832691 0.0001340754
Algorithm converged after  2  iterations.
[1] 0.002815454
Algorithm converged after  2  iterations.
[1] 0.0028154541 0.0001196009
[1] 0.0041341112 0.0001578196
[1] 0.0040212867 0.0001592047
Algorithm converged after  27  iterations.
[1] 0.0028154541 0.0001168122
Algorithm converged after  8  iterations.
[1] 0.0028154541 0.0002282058
[1] 0.0038049434 0.0006824934
Algorithm converged after  15  iterations.
[1] 2.815454e-03 1.196009e-04 3.059262e-05
[1] 3.590298e-03 1.283487e-04 3.053123e-05
Algorithm converged after  12  iterations.
[1] 2.815454e-03 1.168122e-04 6.262759e-05
[1] 3.096916e-03 1.191983e-04 6.575655e-05
Algorithm converged after  11  iterations.
[1] 2.815454e-03 2.282058e-04 6.574028e-05
[1] 4.329259e-03 3.495198e-04 9.146451e-05
Algorithm converged after  13  iterations.
[1] 0.0028154541 0.0001196009 0.0001168122
[1] 0.0043894411 0.0001905764 0.0003601456
Algorithm converged after  14  iterations.
[1] 0.0028154541 0.0001196009 0.0002282058
[1] 0.0058836489 0.0001805953 0.0015739975
[1] 0.0058508911 0.0001809638 0.0015840580
Algorithm converged after  29  iterations.
[1] 0.0028154541 0.0001168122 0.0002282058
[1] 0.0039031494 0.0001340532 0.0004073911
Algorithm converged after  14  iterations.
[1] 2.815454e-03 1.196009e-04 3.059262e-05 1.168122e-04
[1] 5.019995e-03 1.680619e-04 5.607632e-05 2.897226e-04
[1] 5.021542e-03 1.681218e-04 5.613029e-05 2.898993e-04
Algorithm converged after  23  iterations.
[1] 2.815454e-03 1.196009e-04 3.059262e-05 2.282058e-04
[1] 5.095779e-03 1.490932e-04 3.625253e-05 9.214098e-04
[1] 5.099593e-03 1.491561e-04 3.626387e-05 9.226583e-04
Algorithm converged after  23  iterations.
[1] 2.815454e-03 1.196009e-04 1.168122e-04 6.262759e-05
[1] 5.189452e-03 1.575035e-04 1.645178e-04 8.497876e-05
Algorithm converged after  19  iterations.
[1] 2.815454e-03 1.196009e-04 2.282058e-04 6.574028e-05
[1] 0.0079536858 0.0001939204 0.0007317774 0.0001787396
[1] 0.0079728296 0.0001942035 0.0007337877 0.0001792847
Algorithm converged after  26  iterations.
[1] 2.815454e-03 1.168122e-04 6.262759e-05 2.282058e-04
[1] 4.162552e-03 1.098169e-04 3.027301e-05 8.251736e-04
[1] 4.164024e-03 1.098120e-04 3.025549e-05 8.259777e-04
Algorithm converged after  22  iterations.
[1] 2.815454e-03 1.168122e-04 2.282058e-04 6.574028e-05
[1] 0.0048754909 0.0001761750 0.0003480132 0.0001051283
Algorithm converged after  14  iterations.
[1] 0.0028154541 0.0001196009 0.0001168122 0.0002282058
[1] 0.0060077799 0.0001615386 0.0001699962 0.0006051555
[1] 0.0060092035 0.0001615487 0.0001699267 0.0006058265
Algorithm converged after  25  iterations.
[1] 0.0028154541 0.0002410316
Algorithm converged after  2  iterations.
[1] 2.815454e-03 2.410316e-04 7.370672e-05
[1] 0.0028801456 0.0002742773 0.0001311201
Algorithm converged after  17  iterations.
[1] 0.0028154541 0.0002410316 0.0001103046
[1] 0.0031688552 0.0002086868 0.0001882511
[1] 0.0031688731 0.0002086926 0.0001883487
Algorithm converged after  22  iterations.
[1] 2.815454e-03 2.410316e-04 6.733338e-05
[1] 0.0020682068 0.0004124573 0.0002714763
[1] 0.0020671817 0.0004131502 0.0002722771
Algorithm converged after  23  iterations.
[1] 2.815454e-03 2.410316e-04 7.370672e-05 3.136402e-05
Algorithm converged after  10  iterations.
[1] 0.0028154541 0.0002410316 0.0001103046 0.0000576466
Algorithm converged after  9  iterations.
[1] 2.815454e-03 2.410316e-04 6.733338e-05 2.519748e-05
[1] 1.975888e-03 4.928992e-04 2.229421e-04 5.857027e-05
[1] 1.975305e-03 4.935988e-04 2.235392e-04 5.864107e-05
Algorithm converged after  24  iterations.
[1] 2.815454e-03 2.410316e-04 7.370672e-05 1.103046e-04
[1] 0.0033816310 0.0002398732 0.0001471763 0.0002120215
[1] 0.0034914046 0.0002172742 0.0001539515 0.0002708426
[1] 0.0036267518 0.0002079784 0.0002129684 0.0004504226
[1] 0.0036431138 0.0002113266 0.0002102736 0.0004559402
[1] 0.0036423243 0.0002113285 0.0002097801 0.0004553905
[1] 0.0036422881 0.0002113273 0.0002097623 0.0004553678
Algorithm converged after  62  iterations.
[1] 2.815454e-03 2.410316e-04 7.370672e-05 6.733338e-05
[1] 2.406702e-03 3.109038e-04 1.399963e-04 8.369361e-05
[1] 0.0026112548 0.0003497642 0.0001720390 0.0002355383
[1] 0.0026025210 0.0003494510 0.0001719236 0.0002356185
Algorithm converged after  32  iterations.
[1] 2.815454e-03 2.410316e-04 1.103046e-04 6.733338e-05
[1] 0.0036301197 0.0002809912 0.0002159878 0.0006865834
[1] 0.0035882372 0.0004127574 0.0002145807 0.0023014898
[1] 0.0040548325 0.0003903840 0.0002121986 0.0023333374
Algorithm converged after  36  iterations.
numeric(0)
Algorithm converged after  1  iterations.
[1] 0.000303913
Algorithm converged after  2  iterations.
[1] 0.0003818938
Algorithm converged after  2  iterations.
[1] 0.0006513169
Algorithm converged after  2  iterations.
[1] 0.0003039130 0.0001108304
Algorithm converged after  2  iterations.
[1] 3.818938e-04 9.122529e-05
Algorithm converged after  2  iterations.
[1] 6.513169e-04 9.420089e-05
Algorithm converged after  2  iterations.
[1] 0.0003039130 0.0003818938
Algorithm converged after  2  iterations.
[1] 0.0003039130 0.0006513169
Algorithm converged after  2  iterations.
[1] 0.0003818938 0.0006513169
Algorithm converged after  2  iterations.
[1] 0.0003039130 0.0001108304 0.0003818938
Algorithm converged after  2  iterations.
[1] 0.0003039130 0.0001108304 0.0006513169
Algorithm converged after  2  iterations.
[1] 3.039130e-04 3.818938e-04 9.122529e-05
Algorithm converged after  2  iterations.
[1] 3.039130e-04 6.513169e-04 9.420089e-05
Algorithm converged after  2  iterations.
[1] 3.818938e-04 9.122529e-05 6.513169e-04
Algorithm converged after  2  iterations.
[1] 3.818938e-04 6.513169e-04 9.420089e-05
Algorithm converged after  2  iterations.
[1] 0.0003039130 0.0003818938 0.0006513169
Algorithm converged after  2  iterations.
[1] 3.039130e-04 1.108304e-04 3.818938e-04 9.122529e-05
Algorithm converged after  2  iterations.
[1] 3.039130e-04 1.108304e-04 6.513169e-04 9.420089e-05
Algorithm converged after  2  iterations.
[1] 3.818938e-04 9.122529e-05 6.513169e-04 9.420089e-05
Algorithm converged after  2  iterations.
[1] 0.0003039130 0.0001108304 0.0003818938 0.0006513169
Algorithm converged after  2  iterations.
[1] 3.039130e-04 3.818938e-04 9.122529e-05 6.513169e-04
Algorithm converged after  2  iterations.
[1] 3.039130e-04 3.818938e-04 6.513169e-04 9.420089e-05
Algorithm converged after  2  iterations.
[1] 0.002234531
Algorithm converged after  2  iterations.
[1] 0.002234531 0.000141853
Algorithm converged after  9  iterations.
[1] 0.0022345309 0.0001225507
Algorithm converged after  8  iterations.
[1] 0.0022345309 0.0001845909
[1] 0.0030421981 0.0008251085
Algorithm converged after  17  iterations.
[1] 2.234531e-03 1.418530e-04 5.398744e-05
[1] 3.172361e-03 1.579891e-04 5.126673e-05
Algorithm converged after  11  iterations.
[1] 2.234531e-03 1.225507e-04 6.267954e-05
[1] 2.776621e-03 1.329984e-04 6.818654e-05
Algorithm converged after  12  iterations.
[1] 2.234531e-03 1.845909e-04 8.021154e-05
[1] 0.0034101380 0.0002409348 0.0001046101
Algorithm converged after  12  iterations.
[1] 0.0022345309 0.0001418530 0.0001225507
[1] 0.0038971658 0.0003342019 0.0003502479
Algorithm converged after  13  iterations.
[1] 0.0022345309 0.0001418530 0.0001845909
[1] 0.0039844517 0.0001844494 0.0004203166
[1] 0.0039867928 0.0001844632 0.0004212449
Algorithm converged after  26  iterations.
[1] 0.0022345309 0.0001225507 0.0001845909
[1] 0.0032795106 0.0001473001 0.0003590228
Algorithm converged after  14  iterations.
[1] 2.234531e-03 1.418530e-04 5.398744e-05 1.225507e-04
[1] 0.0048194093 0.0002775550 0.0001124449 0.0002926525
Algorithm converged after  16  iterations.
[1] 2.234531e-03 1.418530e-04 5.398744e-05 1.845909e-04
[1] 3.977648e-03 1.622866e-04 3.785426e-05 1.140795e-03
[1] 3.978774e-03 1.623088e-04 3.785407e-05 1.141405e-03
Algorithm converged after  21  iterations.
[1] 2.234531e-03 1.418530e-04 1.225507e-04 6.267954e-05
[1] 4.356062e-03 2.536269e-04 2.329061e-04 8.585211e-05
Algorithm converged after  14  iterations.
[1] 2.234531e-03 1.418530e-04 1.845909e-04 8.021154e-05
[1] 4.763217e-03 2.473059e-04 2.352274e-04 9.333637e-05
[1] 4.758359e-03 2.473686e-04 2.345982e-04 9.248127e-05
[1] 4.758263e-03 2.473699e-04 2.345858e-04 9.246439e-05
Algorithm converged after  33  iterations.
[1] 2.234531e-03 1.225507e-04 6.267954e-05 1.845909e-04
[1] 3.583977e-03 1.220930e-04 2.715051e-05 1.032280e-03
[1] 3.585094e-03 1.220947e-04 2.712167e-05 1.033726e-03
Algorithm converged after  22  iterations.
[1] 2.234531e-03 1.225507e-04 1.845909e-04 8.021154e-05
[1] 0.0042779210 0.0002123982 0.0002342601 0.0001181571
Algorithm converged after  14  iterations.
[1] 0.0022345309 0.0001418530 0.0001225507 0.0001845909
[1] 0.0046739081 0.0002472475 0.0002548828 0.0002155888
Algorithm converged after  16  iterations.
[1] 0.002234531 0.000292360
Algorithm converged after  2  iterations.
[1] 2.234531e-03 2.923600e-04 8.244578e-05
[1] 0.0025040857 0.0003224156 0.0001346730
Algorithm converged after  19  iterations.
[1] 2.234531e-03 2.923600e-04 9.261006e-05
[1] 0.0021948274 0.0003586876 0.0001939636
[1] 0.0021847537 0.0003595391 0.0001937349
Algorithm converged after  22  iterations.
[1] 2.234531e-03 2.923600e-04 7.274982e-05
[1] 2.346552e-03 3.247093e-04 9.623564e-05
[1] 2.341415e-03 3.241313e-04 9.609596e-05
Algorithm converged after  27  iterations.
[1] 2.234531e-03 2.923600e-04 8.244578e-05 3.445789e-05
Algorithm converged after  8  iterations.
[1] 2.234531e-03 2.923600e-04 9.261006e-05 2.268455e-05
[1] 2.165100e-03 3.467122e-04 9.070561e-05 2.054555e-05
Algorithm converged after  14  iterations.
[1] 2.234531e-03 2.923600e-04 7.274982e-05 2.407291e-05
[1] 1.582925e-03 4.781436e-04 1.464517e-04 3.051589e-05
[1] 1.581321e-03 4.782229e-04 1.466610e-04 3.051993e-05
Algorithm converged after  25  iterations.
[1] 2.234531e-03 2.923600e-04 8.244578e-05 9.261006e-05
[1] 0.0021012440 0.0004420765 0.0001814441 0.0002537956
[1] 0.0020834629 0.0004446849 0.0001818383 0.0002547753
Algorithm converged after  29  iterations.
[1] 2.234531e-03 2.923600e-04 8.244578e-05 7.274982e-05
[1] 0.0026599557 0.0003043605 0.0001349180 0.0001124038
[1] 0.0026519860 0.0003069007 0.0001345533 0.0001149138
Algorithm converged after  25  iterations.
[1] 2.234531e-03 2.923600e-04 9.261006e-05 7.274982e-05
[1] 0.0027113600 0.0003011076 0.0002152783 0.0002070014
[1] 0.0027062472 0.0003000569 0.0002146311 0.0002043674
[1] 0.0027062424 0.0003000437 0.0002146302 0.0002043421
Algorithm converged after  31  iterations.
numeric(0)
Algorithm converged after  1  iterations.
[1] 0.0003254828
Algorithm converged after  2  iterations.
[1] 0.0004375951
Algorithm converged after  2  iterations.
[1] 0.001029199
Algorithm converged after  2  iterations.
[1] 0.0003254828 0.0001053765
Algorithm converged after  2  iterations.
[1] 4.375951e-04 9.134511e-05
Algorithm converged after  2  iterations.
[1] 0.0010291986 0.0002031347
Algorithm converged after  2  iterations.
[1] 0.0003254828 0.0004375951
Algorithm converged after  2  iterations.
[1] 0.0003254828 0.0010291986
Algorithm converged after  2  iterations.
[1] 0.0004375951 0.0010291986
Algorithm converged after  2  iterations.
[1] 0.0003254828 0.0001053765 0.0004375951
Algorithm converged after  2  iterations.
[1] 0.0003254828 0.0001053765 0.0010291986
Algorithm converged after  2  iterations.
[1] 3.254828e-04 4.375951e-04 9.134511e-05
Algorithm converged after  2  iterations.
[1] 0.0003254828 0.0010291986 0.0002031347
Algorithm converged after  2  iterations.
[1] 4.375951e-04 9.134511e-05 1.029199e-03
Algorithm converged after  2  iterations.
[1] 0.0004375951 0.0010291986 0.0002031347
Algorithm converged after  2  iterations.
[1] 0.0003254828 0.0004375951 0.0010291986
Algorithm converged after  2  iterations.
[1] 3.254828e-04 1.053765e-04 4.375951e-04 9.134511e-05
Algorithm converged after  2  iterations.
[1] 0.0003254828 0.0001053765 0.0010291986 0.0002031347
Algorithm converged after  2  iterations.
[1] 4.375951e-04 9.134511e-05 1.029199e-03 2.031347e-04
Algorithm converged after  2  iterations.
[1] 0.0003254828 0.0001053765 0.0004375951 0.0010291986
Algorithm converged after  2  iterations.
[1] 3.254828e-04 4.375951e-04 9.134511e-05 1.029199e-03
Algorithm converged after  2  iterations.
[1] 0.0003254828 0.0004375951 0.0010291986 0.0002031347
Algorithm converged after  2  iterations.
[1] 0.003053518
Algorithm converged after  2  iterations.
[1] 0.0030535179 0.0001238783
[1] 0.0032186873 0.0001516256
Algorithm converged after  18  iterations.
[1] 0.0030535179 0.0001136914
Algorithm converged after  8  iterations.
[1] 0.0030535179 0.0003152012
[1] 0.0044320315 0.0008678724
Algorithm converged after  16  iterations.
[1] 3.053518e-03 1.238783e-04 3.840828e-05
[1] 3.777043e-03 1.305502e-04 3.737262e-05
Algorithm converged after  11  iterations.
[1] 3.053518e-03 1.136914e-04 5.314901e-05
[1] 3.529683e-03 1.165690e-04 5.324005e-05
Algorithm converged after  14  iterations.
[1] 3.053518e-03 3.152012e-04 7.118131e-05
[1] 4.905012e-03 5.577748e-04 9.711544e-05
Algorithm converged after  15  iterations.
[1] 0.0030535179 0.0001238783 0.0001136914
[1] 0.0048745181 0.0001926740 0.0003820243
Algorithm converged after  17  iterations.
[1] 0.0030535179 0.0001238783 0.0003152012
[1] 0.0059539713 0.0002014932 0.0017545592
Algorithm converged after  20  iterations.
[1] 0.0030535179 0.0001136914 0.0003152012
[1] 0.0048709278 0.0001337498 0.0007047263
Algorithm converged after  18  iterations.
[1] 3.053518e-03 1.238783e-04 3.840828e-05 1.136914e-04
[1] 4.721284e-03 1.507710e-04 4.376457e-05 2.484562e-04
Algorithm converged after  12  iterations.
[1] 3.053518e-03 1.238783e-04 3.840828e-05 3.152012e-04
[1] 6.188028e-03 1.647710e-04 5.052637e-05 1.287647e-03
[1] 6.208069e-03 1.651135e-04 5.061369e-05 1.294716e-03
Algorithm converged after  29  iterations.
[1] 3.053518e-03 1.238783e-04 1.136914e-04 5.314901e-05
[1] 3.449745e-03 1.509600e-04 1.019898e-04 2.587765e-05
[1] 3.464158e-03 1.519071e-04 1.020280e-04 2.591185e-05
[1] 3.465943e-03 1.520083e-04 1.020316e-04 2.591571e-05
[1] 3.466139e-03 1.520193e-04 1.020320e-04 2.591613e-05
[1] 3.466160e-03 1.520205e-04 1.020320e-04 2.591618e-05
Algorithm converged after  55  iterations.
[1] 3.053518e-03 1.238783e-04 3.152012e-04 7.118131e-05
[1] 0.0082587355 0.0001906886 0.0011049679 0.0001647752
[1] 0.0082804784 0.0001909441 0.0011085446 0.0001652899
Algorithm converged after  26  iterations.
[1] 3.053518e-03 1.136914e-04 5.314901e-05 3.152012e-04
[1] 5.127640e-03 1.143248e-04 3.307666e-05 1.163168e-03
Algorithm converged after  20  iterations.
[1] 3.053518e-03 1.136914e-04 3.152012e-04 7.118131e-05
[1] 0.0056945460 0.0001658636 0.0006298164 0.0001124162
Algorithm converged after  15  iterations.
[1] 0.0030535179 0.0001238783 0.0001136914 0.0003152012
[1] 0.0084871704 0.0002132594 0.0001429547 0.0021930967
[1] 0.0073308596 0.0002737474 0.0001403598 0.0025636581
[1] 0.0071840827 0.0002801877 0.0001407176 0.0025624460
[1] 0.0071820930 0.0002814613 0.0001408698 0.0025692212
[1] 0.0071831065 0.0002819346 0.0001409316 0.0025722100
[1] 0.0071835829 0.0002821265 0.0001409569 0.0025734384
[1] 0.0071837813 0.0002822052 0.0001409672 0.0025739424
[1] 0.0071838630 0.0002822374 0.0001409715 0.0025741494
[1] 0.0071838967 0.0002822507 0.0001409732 0.0025742345
[1] 0.0071839105 0.0002822562 0.0001409740 0.0025742695
Algorithm converged after  104  iterations.
[1] 0.0030535179 0.0002817818
Algorithm converged after  2  iterations.
[1] 0.0030535179 0.0002817818 0.0000897870
[1] 0.0032974672 0.0002871186 0.0001514944
Algorithm converged after  15  iterations.
[1] 0.0030535179 0.0002817818 0.0001802331
Algorithm converged after  10  iterations.
[1] 3.053518e-03 2.817818e-04 8.043503e-05
[1] 0.0023912780 0.0003668613 0.0009110875
[1] 0.0023840265 0.0003698507 0.0009293914
[1] 0.002383949 0.000369883 0.000929589
Algorithm converged after  32  iterations.
[1] 3.053518e-03 2.817818e-04 8.978700e-05 4.383034e-05
[1] 3.231781e-03 2.421427e-04 9.310798e-05 4.553067e-05
[1] 3.230569e-03 2.419079e-04 9.307237e-05 4.546885e-05
Algorithm converged after  29  iterations.
[1] 3.053518e-03 2.817818e-04 1.802331e-04 7.146638e-05
Algorithm converged after  10  iterations.
[1] 3.053518e-03 2.817818e-04 8.043503e-05 5.317686e-05
[1] 0.0020492521 0.0005547907 0.0003194257 0.0001582904
[1] 0.0020495650 0.0005551248 0.0003195414 0.0001582452
Algorithm converged after  21  iterations.
[1] 0.0030535179 0.0002817818 0.0000897870 0.0001802331
[1] 0.0039258260 0.0003725052 0.0002837906 0.0005300815
Algorithm converged after  13  iterations.
[1] 3.053518e-03 2.817818e-04 8.978700e-05 8.043503e-05
[1] 0.0026360407 0.0005158301 0.0003414906 0.0025957457
[1] 0.0026304712 0.0005362349 0.0003601343 0.0027503788
[1] 0.0026302424 0.0005372172 0.0003610426 0.0027578602
[1] 0.0026302314 0.0005372648 0.0003610867 0.0027582240
Algorithm converged after  45  iterations.
[1] 3.053518e-03 2.817818e-04 1.802331e-04 8.043503e-05
[1] 0.0028164677 0.0006214811 0.0005801293 0.0019632914
[1] 0.0028103505 0.0006324436 0.0005875990 0.0020249674
[1] 0.0028101977 0.0006327260 0.0005877918 0.0020265681
Algorithm converged after  38  iterations.
numeric(0)
Algorithm converged after  1  iterations.
[1] 0.0003019058
Algorithm converged after  2  iterations.
[1] 0.0003532006
Algorithm converged after  2  iterations.
[1] 0.0007708377
Algorithm converged after  2  iterations.
[1] 0.0003019058 0.0001147656
Algorithm converged after  2  iterations.
[1] 0.0003532006 0.0000839326
Algorithm converged after  2  iterations.
[1] 0.0007708377 0.0001492670
Algorithm converged after  2  iterations.
[1] 0.0003019058 0.0003532006
Algorithm converged after  2  iterations.
[1] 0.0003019058 0.0007708377
Algorithm converged after  2  iterations.
[1] 0.0003532006 0.0007708377
Algorithm converged after  2  iterations.
[1] 0.0003019058 0.0001147656 0.0003532006
Algorithm converged after  2  iterations.
[1] 0.0003019058 0.0001147656 0.0007708377
Algorithm converged after  2  iterations.
[1] 0.0003019058 0.0003532006 0.0000839326
Algorithm converged after  2  iterations.
[1] 0.0003019058 0.0007708377 0.0001492670
Algorithm converged after  2  iterations.
[1] 0.0003532006 0.0000839326 0.0007708377
Algorithm converged after  2  iterations.
[1] 0.0003532006 0.0007708377 0.0001492670
Algorithm converged after  2  iterations.
[1] 0.0003019058 0.0003532006 0.0007708377
Algorithm converged after  2  iterations.
[1] 0.0003019058 0.0001147656 0.0003532006 0.0000839326
Algorithm converged after  2  iterations.
[1] 0.0003019058 0.0001147656 0.0007708377 0.0001492670
Algorithm converged after  2  iterations.
[1] 0.0003532006 0.0000839326 0.0007708377 0.0001492670
Algorithm converged after  2  iterations.
[1] 0.0003019058 0.0001147656 0.0003532006 0.0007708377
Algorithm converged after  2  iterations.
[1] 0.0003019058 0.0003532006 0.0000839326 0.0007708377
Algorithm converged after  2  iterations.
[1] 0.0003019058 0.0003532006 0.0007708377 0.0001492670
Algorithm converged after  2  iterations.
[1] 0.00232746
Algorithm converged after  2  iterations.
[1] 0.0023274601 0.0001247724
[1] 0.0034689455 0.0001759854
[1] 0.0033094253 0.0001778203
Algorithm converged after  25  iterations.
[1] 0.0023274601 0.0001237568
Algorithm converged after  9  iterations.
[1] 0.002327460 0.000353672
[1] 0.003947138 0.001209243
[1] 0.003948961 0.001210345
Algorithm converged after  22  iterations.
[1] 2.327460e-03 1.247724e-04 3.702136e-05
[1] 0.0027228192 0.0001305558 0.0000367084
Algorithm converged after  11  iterations.
[1] 2.327460e-03 1.237568e-04 6.220048e-05
Algorithm converged after  8  iterations.
[1] 2.327460e-03 3.536720e-04 7.570023e-05
[1] 0.0045470796 0.0007438671 0.0001247737
Algorithm converged after  17  iterations.
[1] 0.0023274601 0.0001247724 0.0001237568
[1] 0.0037379824 0.0002263971 0.0004263757
Algorithm converged after  13  iterations.
[1] 0.0023274601 0.0001247724 0.0003536720
[1] 0.0061599172 0.0002436104 0.0027367604
[1] 0.0061167322 0.0002407878 0.0027031462
Algorithm converged after  24  iterations.
[1] 0.0023274601 0.0001237568 0.0003536720
[1] 0.0038472041 0.0001421682 0.0007720034
Algorithm converged after  18  iterations.
[1] 2.327460e-03 1.247724e-04 3.702136e-05 1.237568e-04
[1] 4.444593e-03 1.959175e-04 7.071122e-05 3.524552e-04
[1] 4.448087e-03 1.961026e-04 7.084231e-05 3.529169e-04
Algorithm converged after  25  iterations.
[1] 2.327460e-03 1.247724e-04 3.702136e-05 3.536720e-04
[1] 5.326671e-03 1.754226e-04 4.903685e-05 1.568311e-03
[1] 5.381227e-03 1.765983e-04 4.926411e-05 1.591512e-03
[1] 5.382530e-03 1.766264e-04 4.926952e-05 1.592067e-03
Algorithm converged after  35  iterations.
[1] 2.327460e-03 1.247724e-04 1.237568e-04 6.220048e-05
[1] 4.091451e-03 1.631839e-04 1.614703e-04 8.887422e-05
Algorithm converged after  16  iterations.
[1] 2.327460e-03 1.247724e-04 3.536720e-04 7.570023e-05
[1] 0.0092106578 0.0002491880 0.0016567696 0.0002756502
[1] 0.0092707375 0.0002502594 0.0016691256 0.0002778728
Algorithm converged after  30  iterations.
[1] 2.327460e-03 1.237568e-04 6.220048e-05 3.536720e-04
[1] 4.165919e-03 1.134280e-04 2.922324e-05 1.391836e-03
[1] 4.176282e-03 1.134100e-04 2.917687e-05 1.398182e-03
Algorithm converged after  27  iterations.
[1] 2.327460e-03 1.237568e-04 3.536720e-04 7.570023e-05
[1] 0.0050899142 0.0002034664 0.0007319687 0.0001425363
Algorithm converged after  18  iterations.
[1] 0.0023274601 0.0001247724 0.0001237568 0.0003536720
[1] 0.0063273632 0.0001904892 0.0001638442 0.0013505796
[1] 0.0063563254 0.0001909234 0.0001632486 0.0013654589
[1] 0.0063568462 0.0001909313 0.0001632384 0.0013657239
Algorithm converged after  33  iterations.
[1] 0.0023274601 0.0003237492
Algorithm converged after  2  iterations.
[1] 2.327460e-03 3.237492e-04 8.826252e-05
[1] 0.0026173917 0.0003315031 0.0001316384
Algorithm converged after  16  iterations.
[1] 0.0023274601 0.0003237492 0.0001470032
[1] 0.0027154165 0.0003022781 0.0003197288
Algorithm converged after  13  iterations.
[1] 0.0023274601 0.0003237492 0.0000628681
[1] 0.0019352829 0.0003139952 0.0000989467
[1] 1.940887e-03 3.132231e-04 9.726147e-05
[1] 1.941648e-03 3.131245e-04 9.704023e-05
[1] 0.0019417546 0.0003131108 0.0000970095
[1] 0.0019417694 0.0003131089 0.0000970052
[1] 0.0019417715 0.0003131087 0.0000970046
Algorithm converged after  66  iterations.
[1] 2.327460e-03 3.237492e-04 8.826252e-05 4.229485e-05
Algorithm converged after  10  iterations.
[1] 2.327460e-03 3.237492e-04 1.470032e-04 7.982121e-05
[1] 2.341322e-03 3.646718e-04 1.340397e-04 7.873683e-05
[1] 2.341441e-03 3.646937e-04 1.339889e-04 7.871026e-05
Algorithm converged after  24  iterations.
[1] 2.327460e-03 3.237492e-04 6.286810e-05 2.075857e-05
[1] 0.0014949475 0.0005490726 0.0001735332 0.0000499402
[1] 1.498947e-03 5.379085e-04 1.692082e-04 5.122255e-05
[1] 1.499644e-03 5.373422e-04 1.689077e-04 5.125252e-05
[1] 1.499750e-03 5.373125e-04 1.688804e-04 5.124896e-05
Algorithm converged after  49  iterations.
[1] 2.327460e-03 3.237492e-04 8.826252e-05 1.470032e-04
[1] 0.0031506956 0.0003490366 0.0003213981 0.0005312069
Algorithm converged after  12  iterations.
[1] 2.327460e-03 3.237492e-04 8.826252e-05 6.286810e-05
[1] 0.0024658298 0.0003918417 0.0001579684 0.0001122362
Algorithm converged after  18  iterations.
[1] 0.0023274601 0.0003237492 0.0001470032 0.0000628681
[1] 0.0024209196 0.0003617802 0.0003756764 0.0011963500
[1] 0.0024207810 0.0003681863 0.0003810985 0.0012616897
[1] 0.0024207883 0.0003682991 0.0003811956 0.0012628157
Algorithm converged after  36  iterations.
numeric(0)
Algorithm converged after  1  iterations.
[1] 0.000213305
Algorithm converged after  2  iterations.
[1] 0.0004429127
Algorithm converged after  2  iterations.
[1] 0.0008585828
Algorithm converged after  2  iterations.
[1] 2.133050e-04 9.268091e-05
Algorithm converged after  2  iterations.
[1] 4.429127e-04 8.821739e-05
Algorithm converged after  2  iterations.
[1] 0.0008585828 0.0001274667
Algorithm converged after  2  iterations.
[1] 0.0002133050 0.0004429127
Algorithm converged after  2  iterations.
[1] 0.0002133050 0.0008585828
Algorithm converged after  2  iterations.
[1] 0.0004429127 0.0008585828
Algorithm converged after  2  iterations.
[1] 2.133050e-04 9.268091e-05 4.429127e-04
Algorithm converged after  2  iterations.
[1] 2.133050e-04 9.268091e-05 8.585828e-04
Algorithm converged after  2  iterations.
[1] 2.133050e-04 4.429127e-04 8.821739e-05
Algorithm converged after  2  iterations.
[1] 0.0002133050 0.0008585828 0.0001274667
Algorithm converged after  2  iterations.
[1] 4.429127e-04 8.821739e-05 8.585828e-04
Algorithm converged after  2  iterations.
[1] 0.0004429127 0.0008585828 0.0001274667
Algorithm converged after  2  iterations.
[1] 0.0002133050 0.0004429127 0.0008585828
Algorithm converged after  2  iterations.
[1] 2.133050e-04 9.268091e-05 4.429127e-04 8.821739e-05
Algorithm converged after  2  iterations.
[1] 2.133050e-04 9.268091e-05 8.585828e-04 1.274667e-04
Algorithm converged after  2  iterations.
[1] 4.429127e-04 8.821739e-05 8.585828e-04 1.274667e-04
Algorithm converged after  2  iterations.
[1] 2.133050e-04 9.268091e-05 4.429127e-04 8.585828e-04
Algorithm converged after  2  iterations.
[1] 2.133050e-04 4.429127e-04 8.821739e-05 8.585828e-04
Algorithm converged after  2  iterations.
[1] 0.0002133050 0.0004429127 0.0008585828 0.0001274667
Algorithm converged after  2  iterations.
[1] 0.002469354
Algorithm converged after  2  iterations.
[1] 0.0024693536 0.0001225544
[1] 0.0031154988 0.0001778265
Algorithm converged after  14  iterations.
[1] 0.0024693536 0.0001138529
Algorithm converged after  8  iterations.
[1] 0.0024693536 0.0002684324
[1] 0.0036196297 0.0009678123
Algorithm converged after  17  iterations.
[1] 2.469354e-03 1.225544e-04 3.892804e-05
[1] 3.184713e-03 1.330073e-04 3.896233e-05
Algorithm converged after  11  iterations.
[1] 2.469354e-03 1.138529e-04 5.881727e-05
[1] 2.746390e-03 1.163110e-04 5.993098e-05
Algorithm converged after  11  iterations.
[1] 2.469354e-03 2.684324e-04 9.176125e-05
[1] 0.0040466672 0.0004073552 0.0001285375
Algorithm converged after  14  iterations.
[1] 0.0024693536 0.0001225544 0.0001138529
[1] 0.0037400136 0.0002366554 0.0003472037
Algorithm converged after  11  iterations.
[1] 0.0024693536 0.0001225544 0.0002684324
[1] 0.0059909912 0.0001998404 0.0020164426
[1] 0.0059619548 0.0002025006 0.0020870179
[1] 0.0059604124 0.0002025057 0.0020874370
Algorithm converged after  32  iterations.
[1] 0.0024693536 0.0001138529 0.0002684324
[1] 0.0037680842 0.0001297579 0.0005636378
Algorithm converged after  16  iterations.
[1] 2.469354e-03 1.225544e-04 3.892804e-05 1.138529e-04
[1] 4.910146e-03 2.094823e-04 8.722589e-05 3.009986e-04
Algorithm converged after  17  iterations.
[1] 2.469354e-03 1.225544e-04 3.892804e-05 2.684324e-04
[1] 4.912163e-03 1.611556e-04 4.360092e-05 1.276266e-03
[1] 0.0049178546 0.0001612786 0.0000436193 0.0012784543
Algorithm converged after  24  iterations.
[1] 2.469354e-03 1.225544e-04 1.138529e-04 5.881727e-05
[1] 5.086173e-03 1.924520e-04 2.108137e-04 8.383041e-05
Algorithm converged after  16  iterations.
[1] 2.469354e-03 1.225544e-04 2.684324e-04 9.176125e-05
[1] 0.0074653632 0.0002250375 0.0007381705 0.0002403966
[1] 0.0074713422 0.0002251667 0.0007387890 0.0002406244
Algorithm converged after  22  iterations.
[1] 2.469354e-03 1.138529e-04 5.881727e-05 2.684324e-04
[1] 4.000193e-03 1.081309e-04 2.487555e-05 1.173001e-03
[1] 4.001463e-03 1.081331e-04 2.487258e-05 1.173706e-03
Algorithm converged after  21  iterations.
[1] 2.469354e-03 1.138529e-04 2.684324e-04 9.176125e-05
[1] 0.0047473376 0.0001893939 0.0004105627 0.0001512421
Algorithm converged after  15  iterations.
[1] 0.0024693536 0.0001225544 0.0001138529 0.0002684324
[1] 0.0054737683 0.0001895591 0.0002252943 0.0004407681
[1] 0.0054700947 0.0001895897 0.0002255474 0.0004391426
Algorithm converged after  29  iterations.
[1] 0.0024693536 0.0003015979
Algorithm converged after  2  iterations.
[1] 2.469354e-03 3.015979e-04 7.974822e-05
[1] 0.0026268776 0.0003382882 0.0001302916
Algorithm converged after  16  iterations.
[1] 0.0024693536 0.0003015979 0.0001008314
[1] 0.0028404878 0.0002733351 0.0001531751
[1] 0.0028399247 0.0002733297 0.0001534476
Algorithm converged after  29  iterations.
[1] 2.469354e-03 3.015979e-04 7.613764e-05
[1] 0.0017852904 0.0005133529 0.0003633509
[1] 0.0018159537 0.0005111588 0.0003527453
[1] 0.0018201283 0.0005104253 0.0003508225
[1] 0.0018204670 0.0005103567 0.0003506574
Algorithm converged after  50  iterations.
[1] 2.469354e-03 3.015979e-04 7.974822e-05 3.588868e-05
Algorithm converged after  9  iterations.
[1] 2.469354e-03 3.015979e-04 1.008314e-04 4.118174e-05
[1] 2.491733e-03 3.492623e-04 9.870737e-05 3.553329e-05
Algorithm converged after  12  iterations.
[1] 2.469354e-03 3.015979e-04 7.613764e-05 2.410012e-05
[1] 0.0016314756 0.0005341006 0.0001987435 0.0000421321
[1] 0.0016250867 0.0005362126 0.0002007907 0.0000423088
[1] 1.625025e-03 5.362301e-04 2.008103e-04 4.231048e-05
Algorithm converged after  32  iterations.
[1] 2.469354e-03 3.015979e-04 7.974822e-05 1.008314e-04
[1] 0.0028993564 0.0003472803 0.0001481939 0.0001732517
[1] 0.0028954765 0.0003489932 0.0001486565 0.0001740808
[1] 0.0028953826 0.0003490357 0.0001486678 0.0001741012
Algorithm converged after  32  iterations.
[1] 2.469354e-03 3.015979e-04 7.974822e-05 7.613764e-05
[1] 0.0019205007 0.0005557886 0.0001177792 0.0002276716
[1] 0.0019216515 0.0005520672 0.0001194900 0.0002172416
[1] 0.0019224866 0.0005515930 0.0001197549 0.0002156201
[1] 0.0019226196 0.0005515258 0.0001197942 0.0002153815
[1] 0.0019226394 0.0005515159 0.0001198000 0.0002153464
[1] 0.0019226423 0.0005515145 0.0001198009 0.0002153413
Algorithm converged after  61  iterations.
[1] 2.469354e-03 3.015979e-04 1.008314e-04 7.613764e-05
[1] 0.0031031254 0.0002958803 0.0001925076 0.0003708037
[1] 0.0030320731 0.0002891701 0.0001912067 0.0002670747
[1] 0.0030317236 0.0002891630 0.0001911409 0.0002667576
Algorithm converged after  33  iterations.
numeric(0)
Algorithm converged after  1  iterations.
[1] 0.0003097467
Algorithm converged after  2  iterations.
[1] 0.0006241544
Algorithm converged after  2  iterations.
[1] 0.0008654232
Algorithm converged after  2  iterations.
[1] 3.097467e-04 9.859946e-05
Algorithm converged after  2  iterations.
[1] 6.241544e-04 6.743607e-05
Algorithm converged after  2  iterations.
[1] 8.654232e-04 8.805257e-05
Algorithm converged after  2  iterations.
[1] 0.0003097467 0.0006241544
Algorithm converged after  2  iterations.
[1] 0.0003097467 0.0008654232
Algorithm converged after  2  iterations.
[1] 0.0006241544 0.0008654232
Algorithm converged after  2  iterations.
[1] 3.097467e-04 9.859946e-05 6.241544e-04
Algorithm converged after  2  iterations.
[1] 3.097467e-04 9.859946e-05 8.654232e-04
Algorithm converged after  2  iterations.
[1] 3.097467e-04 6.241544e-04 6.743607e-05
Algorithm converged after  2  iterations.
[1] 3.097467e-04 8.654232e-04 8.805257e-05
Algorithm converged after  2  iterations.
[1] 6.241544e-04 6.743607e-05 8.654232e-04
Algorithm converged after  2  iterations.
[1] 6.241544e-04 8.654232e-04 8.805257e-05
Algorithm converged after  2  iterations.
[1] 0.0003097467 0.0006241544 0.0008654232
Algorithm converged after  2  iterations.
[1] 3.097467e-04 9.859946e-05 6.241544e-04 6.743607e-05
Algorithm converged after  2  iterations.
[1] 3.097467e-04 9.859946e-05 8.654232e-04 8.805257e-05
Algorithm converged after  2  iterations.
[1] 6.241544e-04 6.743607e-05 8.654232e-04 8.805257e-05
Algorithm converged after  2  iterations.
[1] 3.097467e-04 9.859946e-05 6.241544e-04 8.654232e-04
Algorithm converged after  2  iterations.
[1] 3.097467e-04 6.241544e-04 6.743607e-05 8.654232e-04
Algorithm converged after  2  iterations.
[1] 3.097467e-04 6.241544e-04 8.654232e-04 8.805257e-05
Algorithm converged after  2  iterations.
[1] 0.00302467
Algorithm converged after  2  iterations.
[1] 0.0030246703 0.0001432461
[1] 0.0036134309 0.0002221576
Algorithm converged after  11  iterations.
[1] 0.0030246703 0.0001158509
Algorithm converged after  8  iterations.
[1] 0.0030246703 0.0004460606
[1] 0.004216456 0.001041766
Algorithm converged after  16  iterations.
[1] 3.024670e-03 1.432461e-04 4.386985e-05
[1] 0.0042483044 0.0001584308 0.0000422598
Algorithm converged after  11  iterations.
[1] 3.024670e-03 1.158509e-04 6.316985e-05
Algorithm converged after  9  iterations.
[1] 3.024670e-03 4.460606e-04 6.696079e-05
[1] 0.0050885296 0.0006948541 0.0001002612
Algorithm converged after  13  iterations.
[1] 0.0030246703 0.0001432461 0.0001158509
Algorithm converged after  10  iterations.
[1] 0.0030246703 0.0001432461 0.0004460606
[1] 0.0058896620 0.0001883998 0.0011335231
[1] 0.0058967051 0.0001884807 0.0011366598
Algorithm converged after  26  iterations.
[1] 0.0030246703 0.0001158509 0.0004460606
[1] 0.0041941169 0.0001180694 0.0007785538
Algorithm converged after  13  iterations.
[1] 3.024670e-03 1.432461e-04 4.386985e-05 1.158509e-04
[1] 5.045876e-03 2.134171e-04 8.410581e-05 2.303464e-04
Algorithm converged after  14  iterations.
[1] 3.024670e-03 1.432461e-04 4.386985e-05 4.460606e-04
[1] 5.914366e-03 1.850564e-04 3.903601e-05 1.440804e-03
Algorithm converged after  20  iterations.
[1] 3.024670e-03 1.432461e-04 1.158509e-04 6.316985e-05
[1] 4.264832e-03 1.787583e-04 1.486163e-04 6.408801e-05
Algorithm converged after  13  iterations.
[1] 3.024670e-03 1.432461e-04 4.460606e-04 6.696079e-05
[1] 0.0080217647 0.0002416924 0.0010819079 0.0001731168
[1] 0.0080254543 0.0002417678 0.0010824145 0.0001732240
Algorithm converged after  21  iterations.
[1] 3.024670e-03 1.158509e-04 6.316985e-05 4.460606e-04
[1] 3.963438e-03 9.898845e-05 4.259232e-05 9.505467e-04
[1] 3.965294e-03 9.895040e-05 4.252782e-05 9.517449e-04
Algorithm converged after  24  iterations.
[1] 3.024670e-03 1.158509e-04 4.460606e-04 6.696079e-05
[1] 0.0055284902 0.0001749939 0.0007175140 0.0001108092
Algorithm converged after  14  iterations.
[1] 0.0030246703 0.0001432461 0.0001158509 0.0004460606
[1] 0.0056658578 0.0001981781 0.0001813226 0.0007534812
Algorithm converged after  14  iterations.
[1] 0.0030246703 0.0002922395
Algorithm converged after  2  iterations.
[1] 0.0030246703 0.0002922395 0.0001076872
[1] 0.0033047379 0.0002649926 0.0001595835
Algorithm converged after  16  iterations.
[1] 0.0030246703 0.0002922395 0.0001157008
[1] 0.0033251261 0.0002653054 0.0002526253
Algorithm converged after  13  iterations.
[1] 0.0030246703 0.0002922395 0.0000720471
[1] 0.0024118738 0.0004971851 0.0002378008
[1] 0.0033251451 0.0004095545 0.0001541049
[1] 0.0034409512 0.0004096755 0.0001896211
Algorithm converged after  37  iterations.
[1] 3.024670e-03 2.922395e-04 1.076872e-04 5.952468e-05
[1] 3.400635e-03 2.939747e-04 1.031160e-04 6.064213e-05
[1] 3.400697e-03 2.940227e-04 1.030260e-04 6.061657e-05
[1] 3.400698e-03 2.940235e-04 1.030244e-04 6.061612e-05
Algorithm converged after  31  iterations.
[1] 3.024670e-03 2.922395e-04 1.157008e-04 6.227767e-05
[1] 3.033160e-03 3.332199e-04 1.030380e-04 6.133997e-05
[1] 3.033457e-03 3.332324e-04 1.029446e-04 6.127139e-05
Algorithm converged after  29  iterations.
[1] 3.024670e-03 2.922395e-04 7.204710e-05 2.011119e-05
[1] 2.112438e-03 4.920729e-04 1.643055e-04 3.478915e-05
[1] 2.109461e-03 4.933491e-04 1.651678e-04 3.489178e-05
Algorithm converged after  28  iterations.
[1] 0.0030246703 0.0002922395 0.0001076872 0.0001157008
Algorithm converged after  10  iterations.
[1] 0.0030246703 0.0002922395 0.0001076872 0.0000720471
[1] 0.0026738134 0.0004480270 0.0001332433 0.0002481045
[1] 0.0025643988 0.0004400868 0.0001294953 0.0002536594
[1] 0.0025928136 0.0004374345 0.0001307457 0.0002445405
[1] 0.0025989235 0.0004369613 0.0001308275 0.0002445153
[1] 0.0025941046 0.0004374066 0.0001306454 0.0002458601
[1] 0.0025936672 0.0004374309 0.0001306517 0.0002457339
[1] 0.0025944197 0.0004373630 0.0001306782 0.0002455473
[1] 0.0025944115 0.0004373660 0.0001306747 0.0002455840
[1] 0.0025943012 0.0004373757 0.0001306711 0.0002456080
[1] 0.0025943131 0.0004373743 0.0001306720 0.0002456003
[1] 0.0025943282 0.0004373730 0.0001306724 0.0002455975
Algorithm converged after  119  iterations.
[1] 0.0030246703 0.0002922395 0.0001157008 0.0000720471
[1] 0.0031118961 0.0003358482 0.0003703030 0.0010929735
[1] 0.0031217028 0.0003504142 0.0003799327 0.0012178197
[1] 0.0031220687 0.0003509399 0.0003802734 0.0012221892
[1] 0.0031220807 0.0003509572 0.0003802846 0.0012223329
Algorithm converged after  43  iterations.
numeric(0)
Algorithm converged after  1  iterations.
[1] 0.0003198854
Algorithm converged after  2  iterations.
[1] 0.0004383798
Algorithm converged after  2  iterations.
[1] 0.0008205281
Algorithm converged after  2  iterations.
[1] 0.0003198854 0.0001010492
Algorithm converged after  2  iterations.
[1] 4.383798e-04 8.191925e-05
Algorithm converged after  2  iterations.
[1] 0.0008205281 0.0001483712
Algorithm converged after  2  iterations.
[1] 0.0003198854 0.0004383798
Algorithm converged after  2  iterations.
[1] 0.0003198854 0.0008205281
Algorithm converged after  2  iterations.
[1] 0.0004383798 0.0008205281
Algorithm converged after  2  iterations.
[1] 0.0003198854 0.0001010492 0.0004383798
Algorithm converged after  2  iterations.
[1] 0.0003198854 0.0001010492 0.0008205281
Algorithm converged after  2  iterations.
[1] 3.198854e-04 4.383798e-04 8.191925e-05
Algorithm converged after  2  iterations.
[1] 0.0003198854 0.0008205281 0.0001483712
Algorithm converged after  2  iterations.
[1] 4.383798e-04 8.191925e-05 8.205281e-04
Algorithm converged after  2  iterations.
[1] 0.0004383798 0.0008205281 0.0001483712
Algorithm converged after  2  iterations.
[1] 0.0003198854 0.0004383798 0.0008205281
Algorithm converged after  2  iterations.
[1] 3.198854e-04 1.010492e-04 4.383798e-04 8.191925e-05
Algorithm converged after  2  iterations.
[1] 0.0003198854 0.0001010492 0.0008205281 0.0001483712
Algorithm converged after  2  iterations.
[1] 4.383798e-04 8.191925e-05 8.205281e-04 1.483712e-04
Algorithm converged after  2  iterations.
[1] 0.0003198854 0.0001010492 0.0004383798 0.0008205281
Algorithm converged after  2  iterations.
[1] 3.198854e-04 4.383798e-04 8.191925e-05 8.205281e-04
Algorithm converged after  2  iterations.
[1] 0.0003198854 0.0004383798 0.0008205281 0.0001483712
Algorithm converged after  2  iterations.
[1] 0.002662391
Algorithm converged after  2  iterations.
[1] 0.0026623907 0.0001074976
[1] 0.0038184547 0.0001274006
[1] 0.003870173 0.000128922
[1] 0.0038807890 0.0001292767
[1] 0.0038828447 0.0001293474
[1] 0.0038832392 0.0001293611
[1] 0.0038833147 0.0001293637
Algorithm converged after  61  iterations.
[1] 0.0026623907 0.0001445914
Algorithm converged after  7  iterations.
[1] 0.0026623907 0.0002704113
[1] 0.0040190227 0.0009734968
Algorithm converged after  18  iterations.
[1] 2.662391e-03 1.074976e-04 3.169284e-05
Algorithm converged after  10  iterations.
[1] 2.662391e-03 1.445914e-04 7.678932e-05
[1] 2.983653e-03 1.445925e-04 7.718112e-05
Algorithm converged after  11  iterations.
[1] 2.662391e-03 2.704113e-04 8.593975e-05
[1] 0.0043950995 0.0004388888 0.0001237272
Algorithm converged after  13  iterations.
[1] 0.0026623907 0.0001074976 0.0001445914
[1] 0.0049076772 0.0001705703 0.0004066189
Algorithm converged after  15  iterations.
[1] 0.0026623907 0.0001074976 0.0002704113
[1] 0.0058753241 0.0001721779 0.0019362656
[1] 0.0058559397 0.0001724523 0.0019428780
Algorithm converged after  29  iterations.
[1] 0.0026623907 0.0001445914 0.0002704113
[1] 0.0039695305 0.0001559229 0.0006019890
Algorithm converged after  15  iterations.
[1] 2.662391e-03 1.074976e-04 3.169284e-05 1.445914e-04
[1] 3.812310e-03 1.285552e-04 3.575217e-05 2.622683e-04
Algorithm converged after  13  iterations.
[1] 2.662391e-03 1.074976e-04 3.169284e-05 2.704113e-04
[1] 0.0053474011 0.0001438067 0.0000390558 0.0012960765
[1] 5.358652e-03 1.439968e-04 3.908485e-05 1.300638e-03
Algorithm converged after  26  iterations.
[1] 2.662391e-03 1.074976e-04 1.445914e-04 7.678932e-05
[1] 4.884148e-03 1.421036e-04 1.940548e-04 8.294705e-05
[1] 4.887279e-03 1.421568e-04 1.941647e-04 8.295639e-05
Algorithm converged after  21  iterations.
[1] 2.662391e-03 1.074976e-04 2.704113e-04 8.593975e-05
[1] 0.0077397349 0.0001849435 0.0008436977 0.0002157858
[1] 0.0077473951 0.0001850663 0.0008445987 0.0002160303
Algorithm converged after  22  iterations.
[1] 2.662391e-03 1.445914e-04 7.678932e-05 2.704113e-04
[1] 0.0043845699 0.0001410179 0.0000786075 0.0008347434
[1] 4.386518e-03 1.410327e-04 7.861493e-05 8.353059e-04
Algorithm converged after  21  iterations.
[1] 2.662391e-03 1.445914e-04 2.704113e-04 8.593975e-05
[1] 0.0051141971 0.0002371089 0.0004912013 0.0001439113
Algorithm converged after  16  iterations.
[1] 0.0026623907 0.0001074976 0.0001445914 0.0002704113
[1] 0.0061259802 0.0001539406 0.0002003223 0.0009027258
[1] 0.0061261659 0.0001539463 0.0002003930 0.0009024691
Algorithm converged after  21  iterations.
[1] 0.0026623907 0.0002864304
Algorithm converged after  2  iterations.
[1] 2.662391e-03 2.864304e-04 6.477906e-05
[1] 0.0028516087 0.0003196284 0.0001096108
[1] 0.0028503012 0.0003196031 0.0001096124
Algorithm converged after  23  iterations.
[1] 0.0026623907 0.0002864304 0.0001256044
[1] 0.0030774810 0.0002633500 0.0003168968
Algorithm converged after  15  iterations.
[1] 2.662391e-03 2.864304e-04 6.887023e-05
[1] 0.0019231437 0.0004114581 0.0002014876
Algorithm converged after  20  iterations.
[1] 2.662391e-03 2.864304e-04 6.477906e-05 2.648489e-05
Algorithm converged after  9  iterations.
[1] 2.662391e-03 2.864304e-04 1.256044e-04 7.333655e-05
[1] 2.721435e-03 3.253451e-04 1.187124e-04 6.640865e-05
[1] 2.721651e-03 3.253369e-04 1.186711e-04 6.632577e-05
[1] 2.721658e-03 3.253367e-04 1.186697e-04 6.632288e-05
Algorithm converged after  35  iterations.
[1] 2.662391e-03 2.864304e-04 6.887023e-05 1.819625e-05
[1] 1.814179e-03 5.158405e-04 1.797591e-04 5.120834e-05
[1] 1.811746e-03 5.176342e-04 1.809507e-04 5.140193e-05
Algorithm converged after  28  iterations.
[1] 2.662391e-03 2.864304e-04 6.477906e-05 1.256044e-04
[1] 0.0036657969 0.0002851125 0.0001754606 0.0005787759
[1] 0.0036678332 0.0002853998 0.0001758451 0.0005796487
Algorithm converged after  22  iterations.
[1] 2.662391e-03 2.864304e-04 6.477906e-05 6.887023e-05
[1] 0.0017526007 0.0004491170 0.0001377245 0.0002246715
[1] 0.0023894913 0.0003933093 0.0001572706 0.0002036041
[1] 0.0023807506 0.0003878127 0.0001578143 0.0002126995
Algorithm converged after  38  iterations.
[1] 2.662391e-03 2.864304e-04 1.256044e-04 6.887023e-05
[1] 0.0029311815 0.0003256128 0.0004245586 0.0012337831
[1] 0.0029426920 0.0003354362 0.0004335610 0.0013467727
[1] 0.0029428790 0.0003355821 0.0004337009 0.0013483755
Algorithm converged after  37  iterations.
numeric(0)
Algorithm converged after  1  iterations.
[1] 0.0003772477
Algorithm converged after  2  iterations.
[1] 0.0004875361
Algorithm converged after  2  iterations.
[1] 0.0008962569
Algorithm converged after  2  iterations.
[1] 0.0003772477 0.0001136178
Algorithm converged after  2  iterations.
[1] 4.875361e-04 8.627175e-05
Algorithm converged after  2  iterations.
[1] 0.0008962569 0.0001543461
Algorithm converged after  2  iterations.
[1] 0.0003772477 0.0004875361
Algorithm converged after  2  iterations.
[1] 0.0003772477 0.0008962569
Algorithm converged after  2  iterations.
[1] 0.0004875361 0.0008962569
Algorithm converged after  2  iterations.
[1] 0.0003772477 0.0001136178 0.0004875361
Algorithm converged after  2  iterations.
[1] 0.0003772477 0.0001136178 0.0008962569
Algorithm converged after  2  iterations.
[1] 3.772477e-04 4.875361e-04 8.627175e-05
Algorithm converged after  2  iterations.
[1] 0.0003772477 0.0008962569 0.0001543461
Algorithm converged after  2  iterations.
[1] 4.875361e-04 8.627175e-05 8.962569e-04
Algorithm converged after  2  iterations.
[1] 0.0004875361 0.0008962569 0.0001543461
Algorithm converged after  2  iterations.
[1] 0.0003772477 0.0004875361 0.0008962569
Algorithm converged after  2  iterations.
[1] 3.772477e-04 1.136178e-04 4.875361e-04 8.627175e-05
Algorithm converged after  2  iterations.
[1] 0.0003772477 0.0001136178 0.0008962569 0.0001543461
Algorithm converged after  2  iterations.
[1] 4.875361e-04 8.627175e-05 8.962569e-04 1.543461e-04
Algorithm converged after  2  iterations.
[1] 0.0003772477 0.0001136178 0.0004875361 0.0008962569
Algorithm converged after  2  iterations.
[1] 3.772477e-04 4.875361e-04 8.627175e-05 8.962569e-04
Algorithm converged after  2  iterations.
[1] 0.0003772477 0.0004875361 0.0008962569 0.0001543461
Algorithm converged after  2  iterations.
[1] 0.002973079
Algorithm converged after  2  iterations.
[1] 0.0029730792 0.0001184439
[1] 0.0031515025 0.0001462028
Algorithm converged after  16  iterations.
[1] 0.0029730792 0.0001691008
Algorithm converged after  7  iterations.
[1] 0.0029730792 0.0003701617
[1] 0.004562844 0.001232230
Algorithm converged after  18  iterations.
[1] 2.973079e-03 1.184439e-04 3.127516e-05
[1] 3.709953e-03 1.284306e-04 3.050633e-05
Algorithm converged after  15  iterations.
[1] 0.0029730792 0.0001691008 0.0000807297
Algorithm converged after  10  iterations.
[1] 2.973079e-03 3.701617e-04 9.181001e-05
[1] 0.0050815277 0.0006366697 0.0001434274
Algorithm converged after  14  iterations.
[1] 0.0029730792 0.0001184439 0.0001691008
[1] 0.0050486224 0.0001938979 0.0004476221
Algorithm converged after  17  iterations.
[1] 0.0029730792 0.0001184439 0.0003701617
[1] 0.0058601368 0.0002355479 0.0022877773
[1] 0.0058571769 0.0002353095 0.0022852284
Algorithm converged after  22  iterations.
[1] 0.0029730792 0.0001691008 0.0003701617
[1] 0.0044818333 0.0001743548 0.0008246498
Algorithm converged after  15  iterations.
[1] 2.973079e-03 1.184439e-04 3.127516e-05 1.691008e-04
[1] 4.278837e-03 1.442510e-04 3.412099e-05 2.886656e-04
Algorithm converged after  12  iterations.
[1] 2.973079e-03 1.184439e-04 3.127516e-05 3.701617e-04
[1] 7.029060e-03 1.958378e-04 5.709876e-05 2.028421e-03
[1] 0.0071975507 0.0002015811 0.0000605910 0.0021326279
[1] 7.206928e-03 2.019098e-04 6.079608e-05 2.138553e-03
[1] 7.207426e-03 2.019272e-04 6.080697e-05 2.138868e-03
Algorithm converged after  46  iterations.
[1] 0.0029730792 0.0001184439 0.0001691008 0.0000807297
[1] 5.303437e-03 1.545232e-04 2.135840e-04 8.808156e-05
[1] 5.306024e-03 1.545727e-04 2.136754e-04 8.809083e-05
Algorithm converged after  21  iterations.
[1] 2.973079e-03 1.184439e-04 3.701617e-04 9.181001e-05
[1] 0.0090628944 0.0002174364 0.0012793703 0.0002597568
[1] 0.0090870995 0.0002178414 0.0012830173 0.0002605833
Algorithm converged after  26  iterations.
[1] 0.0029730792 0.0001691008 0.0000807297 0.0003701617
[1] 5.095984e-03 1.625107e-04 8.418158e-05 1.186238e-03
[1] 5.099031e-03 1.625197e-04 8.418735e-05 1.187350e-03
Algorithm converged after  22  iterations.
[1] 2.973079e-03 1.691008e-04 3.701617e-04 9.181001e-05
[1] 0.0057972538 0.0002581799 0.0006989131 0.0001654854
Algorithm converged after  16  iterations.
[1] 0.0029730792 0.0001184439 0.0001691008 0.0003701617
[1] 0.0068531506 0.0001763965 0.0001723787 0.0014860293
[1] 0.0068637063 0.0001766825 0.0001713655 0.0014973268
[1] 0.0068638931 0.0001766877 0.0001713463 0.0014975380
Algorithm converged after  32  iterations.
[1] 0.0029730792 0.0003495221
Algorithm converged after  2  iterations.
[1] 2.973079e-03 3.495221e-04 8.642719e-05
[1] 0.0030655829 0.0003919838 0.0001433101
Algorithm converged after  16  iterations.
[1] 0.0029730792 0.0003495221 0.0001638538
[1] 0.0033886877 0.0003215905 0.0003760135
Algorithm converged after  13  iterations.
[1] 2.973079e-03 3.495221e-04 7.005456e-05
[1] 0.0024512311 0.0004394036 0.0008251878
[1] 0.0024402363 0.0004447126 0.0008586811
[1] 0.0024400642 0.0004447970 0.0008592121
Algorithm converged after  35  iterations.
[1] 2.973079e-03 3.495221e-04 8.642719e-05 2.916781e-05
Algorithm converged after  8  iterations.
[1] 2.973079e-03 3.495221e-04 1.638538e-04 8.125396e-05
[1] 3.171358e-03 4.124101e-04 1.473597e-04 8.314153e-05
Algorithm converged after  17  iterations.
[1] 2.973079e-03 3.495221e-04 7.005456e-05 5.418988e-05
[1] 0.0020266137 0.0006959420 0.0003409879 0.0001562940
[1] 0.0020276157 0.0006966602 0.0003413094 0.0001554864
Algorithm converged after  25  iterations.
[1] 2.973079e-03 3.495221e-04 8.642719e-05 1.638538e-04
[1] 0.0038681568 0.0003537876 0.0002765620 0.0006265916
Algorithm converged after  15  iterations.
[1] 2.973079e-03 3.495221e-04 8.642719e-05 7.005456e-05
[1] 0.0026625878 0.0006279494 0.0002913614 0.0024429786
[1] 0.0026564817 0.0006585056 0.0003142999 0.0026597942
[1] 0.0026562670 0.0006600293 0.0003154721 0.0026707346
[1] 0.0026562565 0.0006601060 0.0003155314 0.0026713006
[1] 0.0026562560 0.0006601098 0.0003155344 0.0026713331
Algorithm converged after  55  iterations.
[1] 2.973079e-03 3.495221e-04 1.638538e-04 7.005456e-05
[1] 0.0028492663 0.0006108493 0.0005697899 0.0021006164
[1] 0.0028445289 0.0006198415 0.0005761146 0.0021575078
[1] 0.0028444344 0.0006200249 0.0005762439 0.0021586691
Algorithm converged after  36  iterations.
numeric(0)
Algorithm converged after  1  iterations.
[1] 0.0003560113
Algorithm converged after  2  iterations.
[1] 0.0004683745
Algorithm converged after  2  iterations.
[1] 0.00100647
Algorithm converged after  2  iterations.
[1] 0.0003560113 0.0001276013
Algorithm converged after  2  iterations.
[1] 4.683745e-04 9.451668e-05
Algorithm converged after  2  iterations.
[1] 0.0010064698 0.0001572756
Algorithm converged after  2  iterations.
[1] 0.0003560113 0.0004683745
Algorithm converged after  2  iterations.
[1] 0.0003560113 0.0010064698
Algorithm converged after  2  iterations.
[1] 0.0004683745 0.0010064698
Algorithm converged after  2  iterations.
[1] 0.0003560113 0.0001276013 0.0004683745
Algorithm converged after  2  iterations.
[1] 0.0003560113 0.0001276013 0.0010064698
Algorithm converged after  2  iterations.
[1] 3.560113e-04 4.683745e-04 9.451668e-05
Algorithm converged after  2  iterations.
[1] 0.0003560113 0.0010064698 0.0001572756
Algorithm converged after  2  iterations.
[1] 4.683745e-04 9.451668e-05 1.006470e-03
Algorithm converged after  2  iterations.
[1] 0.0004683745 0.0010064698 0.0001572756
Algorithm converged after  2  iterations.
[1] 0.0003560113 0.0004683745 0.0010064698
Algorithm converged after  2  iterations.
[1] 3.560113e-04 1.276013e-04 4.683745e-04 9.451668e-05
Algorithm converged after  2  iterations.
[1] 0.0003560113 0.0001276013 0.0010064698 0.0001572756
Algorithm converged after  2  iterations.
[1] 4.683745e-04 9.451668e-05 1.006470e-03 1.572756e-04
Algorithm converged after  2  iterations.
[1] 0.0003560113 0.0001276013 0.0004683745 0.0010064698
Algorithm converged after  2  iterations.
[1] 3.560113e-04 4.683745e-04 9.451668e-05 1.006470e-03
Algorithm converged after  2  iterations.
[1] 0.0003560113 0.0004683745 0.0010064698 0.0001572756
Algorithm converged after  2  iterations.
[1] 0.003084226
Algorithm converged after  2  iterations.
[1] 0.0030842259 0.0001599854
[1] 0.0044761698 0.0002141803
[1] 0.0042969846 0.0002203008
[1] 0.004294846 0.000220308
Algorithm converged after  31  iterations.
[1] 0.0030842259 0.0001091384
Algorithm converged after  8  iterations.
[1] 0.0030842259 0.0003144508
[1] 0.004567715 0.000899731
Algorithm converged after  17  iterations.
[1] 3.084226e-03 1.599854e-04 4.419176e-05
[1] 4.145662e-03 1.752115e-04 4.460463e-05
Algorithm converged after  12  iterations.
[1] 3.084226e-03 1.091384e-04 4.402422e-05
[1] 3.210628e-03 1.079081e-04 4.060239e-05
Algorithm converged after  17  iterations.
[1] 3.084226e-03 3.144508e-04 8.510556e-05
[1] 0.0052005981 0.0005435133 0.0001258218
Algorithm converged after  15  iterations.
[1] 0.0030842259 0.0001599854 0.0001091384
[1] 0.0046055693 0.0002679190 0.0003806467
Algorithm converged after  14  iterations.
[1] 0.0030842259 0.0001599854 0.0003144508
[1] 0.0068117134 0.0002771347 0.0019707775
[1] 0.0067950704 0.0002759629 0.0019597253
Algorithm converged after  24  iterations.
[1] 0.0030842259 0.0001091384 0.0003144508
[1] 0.0046881723 0.0001222536 0.0005863151
[1] 0.0046905656 0.0001222398 0.0005871406
Algorithm converged after  25  iterations.
[1] 3.084226e-03 1.599854e-04 4.419176e-05 1.091384e-04
[1] 5.211139e-03 2.172196e-04 6.657535e-05 2.570937e-04
Algorithm converged after  12  iterations.
[1] 3.084226e-03 1.599854e-04 4.419176e-05 3.144508e-04
[1] 6.632338e-03 2.190697e-04 5.580349e-05 1.304865e-03
[1] 6.645254e-03 2.193396e-04 5.584672e-05 1.308748e-03
Algorithm converged after  26  iterations.
[1] 3.084226e-03 1.599854e-04 1.091384e-04 4.402422e-05
[1] 5.668601e-03 2.167262e-04 1.502210e-04 8.835902e-05
Algorithm converged after  20  iterations.
[1] 3.084226e-03 1.599854e-04 3.144508e-04 8.510556e-05
[1] 0.0097028197 0.0002760564 0.0011268072 0.0002444559
[1] 0.0097397378 0.0002766827 0.0011317064 0.0002455955
Algorithm converged after  27  iterations.
[1] 3.084226e-03 1.091384e-04 4.402422e-05 3.144508e-04
[1] 4.904181e-03 1.045620e-04 2.615897e-05 1.029520e-03
Algorithm converged after  18  iterations.
[1] 3.084226e-03 1.091384e-04 3.144508e-04 8.510556e-05
[1] 0.0056270867 0.0001491588 0.0005267979 0.0001390681
Algorithm converged after  15  iterations.
[1] 0.0030842259 0.0001599854 0.0001091384 0.0003144508
[1] 0.0081806336 0.0002418901 0.0001369815 0.0011951664
[1] 0.0094432708 0.0002827328 0.0001320531 0.0021154539
[1] 0.0068622549 0.0004256722 0.0001993019 0.0026327024
[1] 0.0066519978 0.0004069827 0.0001892930 0.0025107453
[1] 0.0066472210 0.0004065806 0.0001890906 0.0025080450
Algorithm converged after  58  iterations.
[1] 0.0030842259 0.0003231571
Algorithm converged after  2  iterations.
[1] 0.0030842259 0.0003231571 0.0001058592
[1] 0.0034389753 0.0003163153 0.0001553197
Algorithm converged after  13  iterations.
[1] 0.0030842259 0.0003231571 0.0001294773
[1] 0.003328260 0.000280489 0.000229996
Algorithm converged after  14  iterations.
[1] 3.084226e-03 3.231571e-04 6.680487e-05
[1] 0.0024961271 0.0003463362 0.0001466047
Algorithm converged after  20  iterations.
[1] 3.084226e-03 3.231571e-04 1.058592e-04 5.619928e-05
[1] 3.293118e-03 3.096258e-04 1.029278e-04 5.644797e-05
Algorithm converged after  12  iterations.
[1] 3.084226e-03 3.231571e-04 1.294773e-04 6.534559e-05
[1] 3.095796e-03 4.160434e-04 1.292473e-04 4.700901e-05
Algorithm converged after  15  iterations.
[1] 3.084226e-03 3.231571e-04 6.680487e-05 2.511077e-05
[1] 0.0021956365 0.0005487454 0.0001798858 0.0000499676
[1] 2.194648e-03 5.499251e-04 1.805653e-04 5.002975e-05
Algorithm converged after  26  iterations.
[1] 0.0030842259 0.0003231571 0.0001058592 0.0001294773
[1] 0.0038063245 0.0002876041 0.0003282972 0.0004848441
Algorithm converged after  20  iterations.
[1] 3.084226e-03 3.231571e-04 1.058592e-04 6.680487e-05
[1] 3.333024e-03 3.743405e-04 1.781454e-04 9.659575e-05
[1] 3.331292e-03 3.743064e-04 1.781862e-04 9.664789e-05
Algorithm converged after  22  iterations.
[1] 3.084226e-03 3.231571e-04 1.294773e-04 6.680487e-05
[1] 0.0028665453 0.0003450224 0.0002627263 0.0001907168
[1] 0.0028703968 0.0003424033 0.0002618693 0.0001879362
Algorithm converged after  28  iterations.
Warning messages:
1: In max(abs(CT), na.rm = T) :
  no non-missing arguments to max; returning -Inf
2: In max(abs(CT), na.rm = T) :
  no non-missing arguments to max; returning -Inf
3: In max(abs(CT), na.rm = T) :
  no non-missing arguments to max; returning -Inf
4: In max(abs(CT), na.rm = T) :
  no non-missing arguments to max; returning -Inf
5: In max(abs(CT), na.rm = T) :
  no non-missing arguments to max; returning -Inf
6: In max(abs(CT), na.rm = T) :
  no non-missing arguments to max; returning -Inf
7: In max(abs(CT), na.rm = T) :
  no non-missing arguments to max; returning -Inf
8: In max(abs(CT), na.rm = T) :
  no non-missing arguments to max; returning -Inf
9: In max(abs(CT), na.rm = T) :
  no non-missing arguments to max; returning -Inf
10: In max(abs(CT), na.rm = T) :
  no non-missing arguments to max; returning -Inf
[1] "Best iter parameter is:"
      gam     rankJ    rankA1    rankA2    rankA3 
0.6666667 1.0000000 0.0000000 0.0000000 1.0000000 
[1] 0.0027254854 0.0002931488
[1] 0.0039292741 0.0008941466
Algorithm converged after  17  iterations.
         [,1]     [,2]     [,3]
[1,] 6.574259 9.209776 46.25458
