myseed=3224 

Attaching package: ‘pls’

The following object is masked from ‘package:stats’:

    loadings

Loading required package: lattice
Loading required package: ggplot2
Registered S3 methods overwritten by 'ggplot2':
  method         from 
  [.quosures     rlang
  c.quosures     rlang
  print.quosures rlang

Attaching package: ‘caret’

The following object is masked from ‘package:pls’:

    R2

Loading required package: Matrix
Loading required package: foreach
Loaded glmnet 2.0-18

Parsed with column specification:
cols(
  .default = col_double()
)
See spec(...) for full column specifications.
Parsed with column specification:
cols(
  X1 = col_double()
)
Parsed with column specification:
cols(
  X1 = col_double()
)
numeric(0)
Algorithm converged after  1  iterations.
[1] 0.0004380001
Algorithm converged after  2  iterations.
[1] 0.000296537
Algorithm converged after  2  iterations.
[1] 0.0008523139
Algorithm converged after  2  iterations.
[1] 0.0004380001 0.0001334862
Algorithm converged after  2  iterations.
[1] 2.965370e-04 7.008094e-05
Algorithm converged after  2  iterations.
[1] 0.0008523139 0.0001857341
Algorithm converged after  2  iterations.
[1] 0.0004380001 0.0002965370
Algorithm converged after  2  iterations.
[1] 0.0004380001 0.0008523139
Algorithm converged after  2  iterations.
[1] 0.0002965370 0.0008523139
Algorithm converged after  2  iterations.
[1] 0.0004380001 0.0001334862 0.0002965370
Algorithm converged after  2  iterations.
[1] 0.0004380001 0.0001334862 0.0008523139
Algorithm converged after  2  iterations.
[1] 4.380001e-04 2.965370e-04 7.008094e-05
Algorithm converged after  2  iterations.
[1] 0.0004380001 0.0008523139 0.0001857341
Algorithm converged after  2  iterations.
[1] 2.965370e-04 7.008094e-05 8.523139e-04
Algorithm converged after  2  iterations.
[1] 0.0002965370 0.0008523139 0.0001857341
Algorithm converged after  2  iterations.
[1] 0.0004380001 0.0002965370 0.0008523139
Algorithm converged after  2  iterations.
[1] 4.380001e-04 1.334862e-04 2.965370e-04 7.008094e-05
Algorithm converged after  2  iterations.
[1] 0.0004380001 0.0001334862 0.0008523139 0.0001857341
Algorithm converged after  2  iterations.
[1] 2.965370e-04 7.008094e-05 8.523139e-04 1.857341e-04
Algorithm converged after  2  iterations.
[1] 0.0004380001 0.0001334862 0.0002965370 0.0008523139
Algorithm converged after  2  iterations.
[1] 4.380001e-04 2.965370e-04 7.008094e-05 8.523139e-04
Algorithm converged after  2  iterations.
[1] 0.0004380001 0.0002965370 0.0008523139 0.0001857341
Algorithm converged after  2  iterations.
[1] 0.002635626
Algorithm converged after  2  iterations.
[1] 0.0026356263 0.0001324053
[1] 0.0025985794 0.0001701933
Algorithm converged after  13  iterations.
[1] 0.0026356263 0.0001164418
Algorithm converged after  7  iterations.
[1] 0.0026356263 0.0002683264
[1] 0.004093715 0.001159737
[1] 0.004095554 0.001160969
Algorithm converged after  22  iterations.
[1] 2.635626e-03 1.324053e-04 3.460723e-05
[1] 2.981219e-03 1.360401e-04 3.257764e-05
Algorithm converged after  16  iterations.
[1] 2.635626e-03 1.164418e-04 6.244495e-05
Algorithm converged after  10  iterations.
[1] 2.635626e-03 2.683264e-04 7.759057e-05
[1] 0.0048607273 0.0005869692 0.0001367711
Algorithm converged after  16  iterations.
[1] 0.0026356263 0.0001324053 0.0001164418
[1] 0.0043999072 0.0002120205 0.0003380676
Algorithm converged after  15  iterations.
[1] 0.0026356263 0.0001324053 0.0002683264
[1] 0.0051821733 0.0002379932 0.0023744812
[1] 0.0051942854 0.0002386774 0.0023871711
Algorithm converged after  29  iterations.
[1] 0.0026356263 0.0001164418 0.0002683264
[1] 0.0040324645 0.0001218317 0.0007039864
Algorithm converged after  18  iterations.
[1] 2.635626e-03 1.324053e-04 3.460723e-05 1.164418e-04
Algorithm converged after  9  iterations.
[1] 2.635626e-03 1.324053e-04 3.460723e-05 2.683264e-04
[1] 5.315254e-03 1.772198e-04 4.648999e-05 1.537821e-03
[1] 5.386822e-03 1.787506e-04 4.697046e-05 1.579918e-03
[1] 0.0053904244 0.0001788287 0.0000469957 0.0015820606
[1] 5.390612e-03 1.788328e-04 4.699702e-05 1.582172e-03
Algorithm converged after  42  iterations.
[1] 2.635626e-03 1.324053e-04 1.164418e-04 6.244495e-05
[1] 4.482819e-03 1.651314e-04 1.474739e-04 7.105466e-05
[1] 4.494339e-03 1.653637e-04 1.479942e-04 7.112576e-05
Algorithm converged after  29  iterations.
[1] 2.635626e-03 1.324053e-04 2.683264e-04 7.759057e-05
[1] 0.0080731141 0.0002223357 0.0011546430 0.0002450931
[1] 0.0081087644 0.0002229471 0.0011607692 0.0002464772
Algorithm converged after  28  iterations.
[1] 2.635626e-03 1.164418e-04 6.244495e-05 2.683264e-04
[1] 5.164993e-03 1.142367e-04 4.023713e-05 1.492751e-03
[1] 5.190603e-03 1.142863e-04 3.991124e-05 1.510907e-03
[1] 5.191001e-03 1.142871e-04 3.990615e-05 1.511192e-03
Algorithm converged after  33  iterations.
[1] 2.635626e-03 1.164418e-04 2.683264e-04 7.759057e-05
[1] 0.0056970918 0.0001949798 0.0006759708 0.0001651802
Algorithm converged after  19  iterations.
[1] 0.0026356263 0.0001324053 0.0001164418 0.0002683264
[1] 0.0059105486 0.0001830769 0.0001260006 0.0013666614
[1] 0.0059846940 0.0001842966 0.0001261767 0.0014027663
[1] 0.0059894168 0.0001843751 0.0001261871 0.0014051055
[1] 0.0059897392 0.0001843805 0.0001261879 0.0014052654
Algorithm converged after  45  iterations.
[1] 0.0026356263 0.0003319189
Algorithm converged after  2  iterations.
[1] 2.635626e-03 3.319189e-04 7.696228e-05
[1] 0.0029881360 0.0003212091 0.0001197920
Algorithm converged after  18  iterations.
[1] 0.0026356263 0.0003319189 0.0001113198
Algorithm converged after  10  iterations.
[1] 2.635626e-03 3.319189e-04 9.094974e-05
[1] 0.0021245454 0.0004089382 0.0011021045
[1] 0.0021060810 0.0004176856 0.0011814873
[1] 0.002105816 0.000417815 0.001182650
Algorithm converged after  36  iterations.
[1] 2.635626e-03 3.319189e-04 7.696228e-05 2.638070e-05
Algorithm converged after  10  iterations.
[1] 2.635626e-03 3.319189e-04 1.113198e-04 5.781595e-05
Algorithm converged after  10  iterations.
[1] 2.635626e-03 3.319189e-04 9.094974e-05 5.948940e-05
[1] 0.0020033004 0.0005555132 0.0002331578 0.0001303771
[1] 0.0020017107 0.0005555436 0.0002312883 0.0001259852
[1] 0.0020006321 0.0005557283 0.0002310462 0.0001252224
[1] 0.0020004461 0.0005557623 0.0002310114 0.0001251056
[1] 0.0020004183 0.0005557674 0.0002310063 0.0001250885
[1] 0.0020004140 0.0005557682 0.0002310055 0.0001250858
[1] 0.0020004134 0.0005557684 0.0002310054 0.0001250854
Algorithm converged after  73  iterations.
[1] 2.635626e-03 3.319189e-04 7.696228e-05 1.113198e-04
[1] 0.0034338360 0.0003043686 0.0002065966 0.0003304906
Algorithm converged after  18  iterations.
[1] 2.635626e-03 3.319189e-04 7.696228e-05 9.094974e-05
[1] 0.0025813266 0.0005400704 0.0002982239 0.0025474020
[1] 0.0025820550 0.0005485470 0.0003045856 0.0026158922
[1] 0.0025820649 0.0005486442 0.0003046575 0.0026166636
Algorithm converged after  32  iterations.
[1] 2.635626e-03 3.319189e-04 1.113198e-04 9.094974e-05
[1] 0.0025749753 0.0004654417 0.0003252115 0.0021313778
[1] 0.0025727018 0.0004708877 0.0003286776 0.0021826601
[1] 0.0025726785 0.0004709456 0.0003287147 0.0021832068
Algorithm converged after  32  iterations.
numeric(0)
Algorithm converged after  1  iterations.
[1] 0.0003509384
Algorithm converged after  2  iterations.
[1] 0.0003475209
Algorithm converged after  2  iterations.
[1] 0.000763475
Algorithm converged after  2  iterations.
[1] 0.0003509384 0.0001083776
Algorithm converged after  2  iterations.
[1] 3.475209e-04 6.658938e-05
Algorithm converged after  2  iterations.
[1] 0.0007634750 0.0001265505
Algorithm converged after  2  iterations.
[1] 0.0003509384 0.0003475209
Algorithm converged after  2  iterations.
[1] 0.0003509384 0.0007634750
Algorithm converged after  2  iterations.
[1] 0.0003475209 0.0007634750
Algorithm converged after  2  iterations.
[1] 0.0003509384 0.0001083776 0.0003475209
Algorithm converged after  2  iterations.
[1] 0.0003509384 0.0001083776 0.0007634750
Algorithm converged after  2  iterations.
[1] 3.509384e-04 3.475209e-04 6.658938e-05
Algorithm converged after  2  iterations.
[1] 0.0003509384 0.0007634750 0.0001265505
Algorithm converged after  2  iterations.
[1] 3.475209e-04 6.658938e-05 7.634750e-04
Algorithm converged after  2  iterations.
[1] 0.0003475209 0.0007634750 0.0001265505
Algorithm converged after  2  iterations.
[1] 0.0003509384 0.0003475209 0.0007634750
Algorithm converged after  2  iterations.
[1] 3.509384e-04 1.083776e-04 3.475209e-04 6.658938e-05
Algorithm converged after  2  iterations.
[1] 0.0003509384 0.0001083776 0.0007634750 0.0001265505
Algorithm converged after  2  iterations.
[1] 3.475209e-04 6.658938e-05 7.634750e-04 1.265505e-04
Algorithm converged after  2  iterations.
[1] 0.0003509384 0.0001083776 0.0003475209 0.0007634750
Algorithm converged after  2  iterations.
[1] 3.509384e-04 3.475209e-04 6.658938e-05 7.634750e-04
Algorithm converged after  2  iterations.
[1] 0.0003509384 0.0003475209 0.0007634750 0.0001265505
Algorithm converged after  2  iterations.
[1] 0.002378286
Algorithm converged after  2  iterations.
[1] 0.0023782861 0.0001395246
[1] 0.0028582827 0.0001647168
[1] 0.002742952 0.000166156
[1] 0.002740084 0.000166183
Algorithm converged after  36  iterations.
[1] 0.0023782861 0.0001201195
Algorithm converged after  7  iterations.
[1] 0.0023782861 0.0002869166
[1] 0.003525786 0.001031612
Algorithm converged after  18  iterations.
[1] 2.378286e-03 1.395246e-04 3.210968e-05
[1] 2.834471e-03 1.501014e-04 3.095469e-05
Algorithm converged after  16  iterations.
[1] 0.0023782861 0.0001201195 0.0000598116
[1] 3.025669e-03 1.238470e-04 6.257136e-05
Algorithm converged after  12  iterations.
[1] 2.378286e-03 2.869166e-04 8.982779e-05
[1] 0.0040237562 0.0004768486 0.0001274290
Algorithm converged after  14  iterations.
[1] 0.0023782861 0.0001395246 0.0001201195
[1] 0.0039114917 0.0002200123 0.0003076238
Algorithm converged after  20  iterations.
[1] 0.0023782861 0.0001395246 0.0002869166
[1] 0.0048126787 0.0002670569 0.0021198653
[1] 0.004814837 0.000267312 0.002123089
Algorithm converged after  23  iterations.
[1] 0.0023782861 0.0001201195 0.0002869166
[1] 0.0033494434 0.0001087219 0.0006154034
Algorithm converged after  15  iterations.
[1] 2.378286e-03 1.395246e-04 3.210968e-05 1.201195e-04
[1] 3.161293e-03 1.672545e-04 3.282478e-05 2.000694e-04
Algorithm converged after  11  iterations.
[1] 2.378286e-03 1.395246e-04 3.210968e-05 2.869166e-04
[1] 5.077576e-03 2.224039e-04 4.839747e-05 1.593110e-03
[1] 0.0051358463 0.0002252890 0.0000498093 0.0016400718
[1] 0.0051366746 0.0002253293 0.0000498286 0.0016407274
Algorithm converged after  34  iterations.
[1] 0.0023782861 0.0001395246 0.0001201195 0.0000598116
[1] 4.424955e-03 1.954501e-04 1.421040e-04 6.894638e-05
[1] 4.426581e-03 1.954961e-04 1.421585e-04 6.895514e-05
Algorithm converged after  21  iterations.
[1] 2.378286e-03 1.395246e-04 2.869166e-04 8.982779e-05
[1] 0.0066511383 0.0002538417 0.0008847861 0.0002029564
[1] 0.0066578159 0.0002540285 0.0008857522 0.0002031956
Algorithm converged after  22  iterations.
[1] 0.0023782861 0.0001201195 0.0000598116 0.0002869166
[1] 4.435526e-03 1.099207e-04 6.579267e-05 1.009291e-03
[1] 4.439228e-03 1.099060e-04 6.575545e-05 1.011027e-03
Algorithm converged after  24  iterations.
[1] 2.378286e-03 1.201195e-04 2.869166e-04 8.982779e-05
[1] 0.0044747262 0.0001789684 0.0005079090 0.0001415926
Algorithm converged after  16  iterations.
[1] 0.0023782861 0.0001395246 0.0001201195 0.0002869166
[1] 0.0050982925 0.0002153819 0.0001089974 0.0012166169
[1] 0.0051209128 0.0002159720 0.0001091355 0.0012246727
Algorithm converged after  30  iterations.
[1] 0.0023782861 0.0003299261
Algorithm converged after  2  iterations.
[1] 2.378286e-03 3.299261e-04 6.289659e-05
[1] 2.676913e-03 2.939942e-04 9.303654e-05
Algorithm converged after  13  iterations.
[1] 2.378286e-03 3.299261e-04 9.905938e-05
[1] 0.0025603769 0.0002906678 0.0001413622
Algorithm converged after  11  iterations.
[1] 0.0023782861 0.0003299261 0.0001091733
[1] 0.0019249260 0.0004839699 0.0002585013
Algorithm converged after  13  iterations.
[1] 2.378286e-03 3.299261e-04 6.289659e-05 2.133531e-05
[1] 2.410889e-03 2.790271e-04 7.174758e-05 2.387375e-05
Algorithm converged after  12  iterations.
[1] 2.378286e-03 3.299261e-04 9.905938e-05 5.797562e-05
Algorithm converged after  10  iterations.
[1] 2.378286e-03 3.299261e-04 1.091733e-04 3.946752e-05
[1] 0.0017534992 0.0005484906 0.0002577718 0.0001126080
[1] 0.0017486074 0.0005501825 0.0002602544 0.0001150867
Algorithm converged after  30  iterations.
[1] 2.378286e-03 3.299261e-04 6.289659e-05 9.905938e-05
[1] 0.0029264449 0.0002562195 0.0001168029 0.0002239851
[1] 0.0029126988 0.0002580504 0.0001191734 0.0002294978
[1] 0.0029119129 0.0002581666 0.0001193758 0.0002299318
[1] 0.0029118614 0.0002581742 0.0001193895 0.0002299610
Algorithm converged after  45  iterations.
[1] 2.378286e-03 3.299261e-04 6.289659e-05 1.091733e-04
[1] 2.237724e-03 4.709483e-04 6.010755e-05 2.038692e-04
[1] 2.234829e-03 4.786141e-04 5.984498e-05 2.106009e-04
[1] 2.234188e-03 4.799923e-04 5.980026e-05 2.118308e-04
[1] 2.234082e-03 4.802175e-04 5.979293e-05 2.120326e-04
[1] 2.234065e-03 4.802537e-04 5.979175e-05 2.120650e-04
[1] 2.234062e-03 4.802595e-04 5.979157e-05 2.120702e-04
Algorithm converged after  61  iterations.
[1] 2.378286e-03 3.299261e-04 9.905938e-05 1.091733e-04
[1] 0.0024890883 0.0003415447 0.0001496556 0.0001940901
[1] 0.0024885783 0.0003412580 0.0001496586 0.0001945369
Algorithm converged after  26  iterations.
numeric(0)
Algorithm converged after  1  iterations.
[1] 0.0003785565
Algorithm converged after  2  iterations.
[1] 0.0002133595
Algorithm converged after  2  iterations.
[1] 0.001025909
Algorithm converged after  2  iterations.
[1] 0.0003785565 0.0001236046
Algorithm converged after  2  iterations.
[1] 2.133595e-04 7.174984e-05
Algorithm converged after  2  iterations.
[1] 0.0010259088 0.0001857223
Algorithm converged after  2  iterations.
[1] 0.0003785565 0.0002133595
Algorithm converged after  2  iterations.
[1] 0.0003785565 0.0010259088
Algorithm converged after  2  iterations.
[1] 0.0002133595 0.0010259088
Algorithm converged after  2  iterations.
[1] 0.0003785565 0.0001236046 0.0002133595
Algorithm converged after  2  iterations.
[1] 0.0003785565 0.0001236046 0.0010259088
Algorithm converged after  2  iterations.
[1] 3.785565e-04 2.133595e-04 7.174984e-05
Algorithm converged after  2  iterations.
[1] 0.0003785565 0.0010259088 0.0001857223
Algorithm converged after  2  iterations.
[1] 2.133595e-04 7.174984e-05 1.025909e-03
Algorithm converged after  2  iterations.
[1] 0.0002133595 0.0010259088 0.0001857223
Algorithm converged after  2  iterations.
[1] 0.0003785565 0.0002133595 0.0010259088
Algorithm converged after  2  iterations.
[1] 3.785565e-04 1.236046e-04 2.133595e-04 7.174984e-05
Algorithm converged after  2  iterations.
[1] 0.0003785565 0.0001236046 0.0010259088 0.0001857223
Algorithm converged after  2  iterations.
[1] 2.133595e-04 7.174984e-05 1.025909e-03 1.857223e-04
Algorithm converged after  2  iterations.
[1] 0.0003785565 0.0001236046 0.0002133595 0.0010259088
Algorithm converged after  2  iterations.
[1] 3.785565e-04 2.133595e-04 7.174984e-05 1.025909e-03
Algorithm converged after  2  iterations.
[1] 0.0003785565 0.0002133595 0.0010259088 0.0001857223
Algorithm converged after  2  iterations.
[1] 0.002443358
Algorithm converged after  2  iterations.
[1] 0.0024433585 0.0001602706
[1] 0.0034787625 0.0002381071
[1] 0.0034440091 0.0002395958
Algorithm converged after  24  iterations.
[1] 0.0024433585 0.0001142522
Algorithm converged after  8  iterations.
[1] 0.0024433585 0.0004507121
[1] 0.003788457 0.001166155
Algorithm converged after  17  iterations.
[1] 0.0024433585 0.0001602706 0.0000460290
[1] 0.0026534452 0.0001645703 0.0000453214
Algorithm converged after  12  iterations.
[1] 0.0024433585 0.0001142522 0.0000710194
[1] 3.265739e-03 1.248600e-04 7.463282e-05
Algorithm converged after  11  iterations.
[1] 2.443358e-03 4.507121e-04 6.946178e-05
[1] 0.0038897672 0.0007385794 0.0000809134
[1] 3.892413e-03 7.390859e-04 8.093667e-05
Algorithm converged after  22  iterations.
[1] 0.0024433585 0.0001602706 0.0001142522
[1] 0.0039803955 0.0003435203 0.0004077489
Algorithm converged after  14  iterations.
[1] 0.0024433585 0.0001602706 0.0004507121
[1] 0.005562687 0.000233822 0.001934560
[1] 0.0055799511 0.0002344373 0.0019551654
[1] 0.0055802668 0.0002344487 0.0019555514
Algorithm converged after  33  iterations.
[1] 0.0024433585 0.0001142522 0.0004507121
[1] 0.0039807784 0.0001300609 0.0009456387
Algorithm converged after  16  iterations.
[1] 0.0024433585 0.0001602706 0.0000460290 0.0001142522
[1] 0.0034600470 0.0002052434 0.0000545370 0.0002038536
Algorithm converged after  13  iterations.
[1] 0.0024433585 0.0001602706 0.0000460290 0.0004507121
[1] 4.311324e-03 1.972242e-04 4.900159e-05 1.299020e-03
[1] 4.313717e-03 1.972789e-04 4.900526e-05 1.300140e-03
Algorithm converged after  22  iterations.
[1] 0.0024433585 0.0001602706 0.0001142522 0.0000710194
[1] 5.034526e-03 2.337709e-04 1.661638e-04 8.409366e-05
[1] 0.0050413944 0.0002341148 0.0001666988 0.0000841708
Algorithm converged after  28  iterations.
[1] 2.443358e-03 1.602706e-04 4.507121e-04 6.946178e-05
[1] 0.0069667067 0.0002779172 0.0014132086 0.0001338776
[1] 0.0069786790 0.0002782219 0.0014161057 0.0001341350
Algorithm converged after  24  iterations.
[1] 0.0024433585 0.0001142522 0.0000710194 0.0004507121
[1] 5.642664e-03 1.316902e-04 5.743454e-05 1.866658e-03
[1] 5.650811e-03 1.317560e-04 5.738824e-05 1.871542e-03
Algorithm converged after  25  iterations.
[1] 2.443358e-03 1.142522e-04 4.507121e-04 6.946178e-05
[1] 4.538688e-03 1.695018e-04 8.239875e-04 9.176148e-05
[1] 4.541611e-03 1.695670e-04 8.245911e-04 9.179688e-05
Algorithm converged after  21  iterations.
[1] 0.0024433585 0.0001602706 0.0001142522 0.0004507121
[1] 0.0059797851 0.0002449049 0.0001705026 0.0014080006
[1] 0.0059823954 0.0002449620 0.0001705314 0.0014089501
Algorithm converged after  21  iterations.
[1] 0.0024433585 0.0003673394
Algorithm converged after  2  iterations.
[1] 0.0024433585 0.0003673394 0.0001175639
[1] 0.002670468 0.000327067 0.000163624
Algorithm converged after  12  iterations.
[1] 0.0024433585 0.0003673394 0.0001468596
[1] 0.0026772519 0.0003221864 0.0002447898
Algorithm converged after  12  iterations.
[1] 2.443358e-03 3.673394e-04 8.031628e-05
[1] 0.0018578587 0.0004144905 0.0001872341
Algorithm converged after  13  iterations.
[1] 2.443358e-03 3.673394e-04 1.175639e-04 6.803225e-05
[1] 2.552666e-03 3.281273e-04 1.132025e-04 6.978052e-05
[1] 2.552567e-03 3.283795e-04 1.130431e-04 6.966664e-05
[1] 2.552562e-03 3.283871e-04 1.130376e-04 6.966284e-05
Algorithm converged after  36  iterations.
[1] 2.443358e-03 3.673394e-04 1.468596e-04 6.838426e-05
Algorithm converged after  10  iterations.
[1] 2.443358e-03 3.673394e-04 8.031628e-05 3.326058e-05
[1] 0.0017334764 0.0006020823 0.0002489151 0.0001417687
[1] 0.0017518846 0.0005914056 0.0002501368 0.0001441952
[1] 0.0017476281 0.0005903225 0.0002496764 0.0001349266
[1] 0.0017465605 0.0005907659 0.0002496757 0.0001341282
[1] 0.0017464772 0.0005908036 0.0002496758 0.0001340667
[1] 0.0017464708 0.0005908066 0.0002496758 0.0001340620
Algorithm converged after  69  iterations.
[1] 0.0024433585 0.0003673394 0.0001175639 0.0001468596
Algorithm converged after  10  iterations.
[1] 2.443358e-03 3.673394e-04 1.175639e-04 8.031628e-05
[1] 0.0024905692 0.0004443352 0.0003045981 0.0021786904
[1] 0.0024981045 0.0004536770 0.0003114275 0.0022677814
[1] 0.0024982086 0.0004538039 0.0003115202 0.0022689878
Algorithm converged after  35  iterations.
[1] 2.443358e-03 3.673394e-04 1.468596e-04 8.031628e-05
[1] 0.002487411 0.000428356 0.000326550 0.002099350
[1] 0.0024940239 0.0004426859 0.0003338709 0.0022490119
[1] 0.0024942665 0.0004431707 0.0003341201 0.0022540384
[1] 0.0024942745 0.0004431867 0.0003341283 0.0022542045
Algorithm converged after  42  iterations.
numeric(0)
Algorithm converged after  1  iterations.
[1] 0.0004246137
Algorithm converged after  2  iterations.
[1] 0.0003933055
Algorithm converged after  2  iterations.
[1] 0.0008488525
Algorithm converged after  2  iterations.
[1] 0.0004246137 0.0001094771
Algorithm converged after  2  iterations.
[1] 3.933055e-04 6.472299e-05
Algorithm converged after  2  iterations.
[1] 0.0008488525 0.0001582098
Algorithm converged after  2  iterations.
[1] 0.0004246137 0.0003933055
Algorithm converged after  2  iterations.
[1] 0.0004246137 0.0008488525
Algorithm converged after  2  iterations.
[1] 0.0003933055 0.0008488525
Algorithm converged after  2  iterations.
[1] 0.0004246137 0.0001094771 0.0003933055
Algorithm converged after  2  iterations.
[1] 0.0004246137 0.0001094771 0.0008488525
Algorithm converged after  2  iterations.
[1] 4.246137e-04 3.933055e-04 6.472299e-05
Algorithm converged after  2  iterations.
[1] 0.0004246137 0.0008488525 0.0001582098
Algorithm converged after  2  iterations.
[1] 3.933055e-04 6.472299e-05 8.488525e-04
Algorithm converged after  2  iterations.
[1] 0.0003933055 0.0008488525 0.0001582098
Algorithm converged after  2  iterations.
[1] 0.0004246137 0.0003933055 0.0008488525
Algorithm converged after  2  iterations.
[1] 4.246137e-04 1.094771e-04 3.933055e-04 6.472299e-05
Algorithm converged after  2  iterations.
[1] 0.0004246137 0.0001094771 0.0008488525 0.0001582098
Algorithm converged after  2  iterations.
[1] 3.933055e-04 6.472299e-05 8.488525e-04 1.582098e-04
Algorithm converged after  2  iterations.
[1] 0.0004246137 0.0001094771 0.0003933055 0.0008488525
Algorithm converged after  2  iterations.
[1] 4.246137e-04 3.933055e-04 6.472299e-05 8.488525e-04
Algorithm converged after  2  iterations.
[1] 0.0004246137 0.0003933055 0.0008488525 0.0001582098
Algorithm converged after  2  iterations.
[1] 0.002694116
Algorithm converged after  2  iterations.
[1] 0.0026941156 0.0001117434
Algorithm converged after  8  iterations.
[1] 0.0026941156 0.0001809918
Algorithm converged after  8  iterations.
[1] 0.0026941156 0.0003678861
[1] 0.004295487 0.001319257
Algorithm converged after  19  iterations.
[1] 2.694116e-03 1.117434e-04 4.563194e-05
Algorithm converged after  10  iterations.
[1] 2.694116e-03 1.809918e-04 5.551109e-05
[1] 0.0033710961 0.0001861758 0.0000587676
Algorithm converged after  11  iterations.
[1] 0.0026941156 0.0003678861 0.0001011197
[1] 0.0051624562 0.0007438998 0.0001661381
Algorithm converged after  15  iterations.
[1] 0.0026941156 0.0001117434 0.0001809918
[1] 0.0034873430 0.0001276848 0.0002010665
[1] 0.0034887588 0.0001276923 0.0002011922
Algorithm converged after  24  iterations.
[1] 0.0026941156 0.0001117434 0.0003678861
[1] 0.0055673701 0.0003441725 0.0025021573
[1] 0.0055999096 0.0003472572 0.0025295037
[1] 0.0056004880 0.0003473122 0.0025299907
Algorithm converged after  33  iterations.
[1] 0.0026941156 0.0001809918 0.0003678861
[1] 0.0039577368 0.0001698065 0.0007621604
Algorithm converged after  15  iterations.
[1] 2.694116e-03 1.117434e-04 4.563194e-05 1.809918e-04
Algorithm converged after  10  iterations.
[1] 2.694116e-03 1.117434e-04 4.563194e-05 3.678861e-04
[1] 6.379093e-03 2.434350e-04 9.342837e-05 2.192883e-03
[1] 6.410872e-03 2.448883e-04 9.365665e-05 2.212892e-03
Algorithm converged after  30  iterations.
[1] 2.694116e-03 1.117434e-04 1.809918e-04 5.551109e-05
[1] 3.882261e-03 1.406148e-04 1.773820e-04 6.230665e-05
Algorithm converged after  15  iterations.
[1] 0.0026941156 0.0001117434 0.0003678861 0.0001011197
[1] 0.0078433013 0.0001988434 0.0013070546 0.0002496323
[1] 0.0078680884 0.0001992682 0.0013116322 0.0002505623
Algorithm converged after  27  iterations.
[1] 2.694116e-03 1.809918e-04 5.551109e-05 3.678861e-04
[1] 5.041765e-03 1.856914e-04 6.955021e-05 1.016563e-03
Algorithm converged after  18  iterations.
[1] 0.0026941156 0.0001809918 0.0003678861 0.0001011197
[1] 0.0057753778 0.0002572925 0.0008396086 0.0001874853
Algorithm converged after  18  iterations.
[1] 0.0026941156 0.0001117434 0.0001809918 0.0003678861
[1] 0.0046229401 0.0001857737 0.0001213511 0.0012838433
Algorithm converged after  18  iterations.
[1] 0.0026941156 0.0003697781
Algorithm converged after  2  iterations.
[1] 2.694116e-03 3.697781e-04 5.472108e-05
[1] 2.804052e-03 3.464756e-04 8.630176e-05
[1] 2.801080e-03 3.461560e-04 8.649033e-05
Algorithm converged after  30  iterations.
[1] 0.0026941156 0.0003697781 0.0001934327
Algorithm converged after  10  iterations.
[1] 2.694116e-03 3.697781e-04 8.439018e-05
[1] 0.0023492360 0.0003786034 0.0003249457
[1] 0.0023237821 0.0003862492 0.0004182595
[1] 0.0023165437 0.0003887159 0.0004459687
[1] 0.0023149934 0.0003892609 0.0004519502
[1] 0.0023146868 0.0003893694 0.0004531349
[1] 0.0023146271 0.0003893905 0.0004533653
[1] 0.0023146156 0.0003893946 0.0004534100
Algorithm converged after  80  iterations.
[1] 2.694116e-03 3.697781e-04 5.472108e-05 1.795777e-05
Algorithm converged after  10  iterations.
[1] 2.694116e-03 3.697781e-04 1.934327e-04 5.977089e-05
Algorithm converged after  10  iterations.
[1] 2.694116e-03 3.697781e-04 8.439018e-05 5.483501e-05
[1] 0.0020201380 0.0005531212 0.0001999159 0.0001092840
[1] 0.0020198872 0.0005532138 0.0001999020 0.0001092804
[1] 0.0020198812 0.0005532150 0.0001999002 0.0001092797
Algorithm converged after  31  iterations.
[1] 2.694116e-03 3.697781e-04 5.472108e-05 1.934327e-04
Algorithm converged after  10  iterations.
[1] 2.694116e-03 3.697781e-04 5.472108e-05 8.439018e-05
[1] 2.531043e-03 3.586757e-04 8.689283e-05 1.431654e-04
[1] 2.470145e-03 3.574918e-04 8.857439e-05 1.077717e-04
[1] 0.0024680850 0.0003574611 0.0000886228 0.0001075419
Algorithm converged after  38  iterations.
[1] 2.694116e-03 3.697781e-04 1.934327e-04 8.439018e-05
[1] 0.0024341773 0.0006160420 0.0005637618 0.0018481271
[1] 0.0024321185 0.0006193259 0.0005660188 0.0018676614
Algorithm converged after  30  iterations.
numeric(0)
Algorithm converged after  1  iterations.
[1] 0.0003596874
Algorithm converged after  2  iterations.
[1] 0.0002971045
Algorithm converged after  2  iterations.
[1] 0.0008386756
Algorithm converged after  2  iterations.
[1] 0.0003596874 0.0001138243
Algorithm converged after  2  iterations.
[1] 2.971045e-04 7.415713e-05
Algorithm converged after  2  iterations.
[1] 0.0008386756 0.0001604378
Algorithm converged after  2  iterations.
[1] 0.0003596874 0.0002971045
Algorithm converged after  2  iterations.
[1] 0.0003596874 0.0008386756
Algorithm converged after  2  iterations.
[1] 0.0002971045 0.0008386756
Algorithm converged after  2  iterations.
[1] 0.0003596874 0.0001138243 0.0002971045
Algorithm converged after  2  iterations.
[1] 0.0003596874 0.0001138243 0.0008386756
Algorithm converged after  2  iterations.
[1] 3.596874e-04 2.971045e-04 7.415713e-05
Algorithm converged after  2  iterations.
[1] 0.0003596874 0.0008386756 0.0001604378
Algorithm converged after  2  iterations.
[1] 2.971045e-04 7.415713e-05 8.386756e-04
Algorithm converged after  2  iterations.
[1] 0.0002971045 0.0008386756 0.0001604378
Algorithm converged after  2  iterations.
[1] 0.0003596874 0.0002971045 0.0008386756
Algorithm converged after  2  iterations.
[1] 3.596874e-04 1.138243e-04 2.971045e-04 7.415713e-05
Algorithm converged after  2  iterations.
[1] 0.0003596874 0.0001138243 0.0008386756 0.0001604378
Algorithm converged after  2  iterations.
[1] 2.971045e-04 7.415713e-05 8.386756e-04 1.604378e-04
Algorithm converged after  2  iterations.
[1] 0.0003596874 0.0001138243 0.0002971045 0.0008386756
Algorithm converged after  2  iterations.
[1] 3.596874e-04 2.971045e-04 7.415713e-05 8.386756e-04
Algorithm converged after  2  iterations.
[1] 0.0003596874 0.0002971045 0.0008386756 0.0001604378
Algorithm converged after  2  iterations.
[1] 0.00247138
Algorithm converged after  2  iterations.
[1] 0.0024713795 0.0001416459
[1] 0.0034913692 0.0002027464
[1] 0.0034315882 0.0002055155
Algorithm converged after  26  iterations.
[1] 2.471380e-03 8.347312e-05
Algorithm converged after  10  iterations.
[1] 0.0024713795 0.0003777124
[1] 0.003893156 0.001231386
Algorithm converged after  19  iterations.
[1] 2.471380e-03 1.416459e-04 3.945385e-05
[1] 2.799156e-03 1.477646e-04 3.896007e-05
Algorithm converged after  14  iterations.
[1] 2.471380e-03 8.347312e-05 4.383640e-05
[1] 3.322890e-03 9.392336e-05 6.443514e-05
[1] 3.322819e-03 9.393028e-05 6.444483e-05
Algorithm converged after  21  iterations.
[1] 2.471380e-03 3.777124e-04 8.522441e-05
[1] 0.0044767165 0.0007279418 0.0001295674
Algorithm converged after  16  iterations.
[1] 2.471380e-03 1.416459e-04 8.347312e-05
[1] 0.0036665807 0.0002693675 0.0003251914
Algorithm converged after  13  iterations.
[1] 0.0024713795 0.0001416459 0.0003777124
[1] 0.0057256972 0.0002356028 0.0024958675
[1] 0.0057207929 0.0002364261 0.0025132128
Algorithm converged after  26  iterations.
[1] 2.471380e-03 8.347312e-05 3.777124e-04
[1] 4.340507e-03 9.979116e-05 9.059159e-04
[1] 4.356039e-03 9.985141e-05 9.123461e-04
[1] 4.356507e-03 9.985321e-05 9.125406e-04
Algorithm converged after  34  iterations.
[1] 2.471380e-03 1.416459e-04 3.945385e-05 8.347312e-05
[1] 3.921860e-03 2.058451e-04 6.079728e-05 2.075352e-04
Algorithm converged after  18  iterations.
[1] 2.471380e-03 1.416459e-04 3.945385e-05 3.777124e-04
[1] 4.858533e-03 1.890631e-04 4.679764e-05 1.529695e-03
[1] 4.871855e-03 1.893771e-04 4.683676e-05 1.536270e-03
Algorithm converged after  27  iterations.
[1] 2.471380e-03 1.416459e-04 8.347312e-05 4.383640e-05
[1] 5.418262e-03 2.241252e-04 1.469129e-04 8.042343e-05
[1] 5.424840e-03 2.244537e-04 1.473464e-04 8.049826e-05
Algorithm converged after  26  iterations.
[1] 2.471380e-03 1.416459e-04 3.777124e-04 8.522441e-05
[1] 0.0078950377 0.0002683602 0.0013905732 0.0002339754
[1] 0.0079186862 0.0002689266 0.0013954181 0.0002348160
Algorithm converged after  26  iterations.
[1] 2.471380e-03 8.347312e-05 4.383640e-05 3.777124e-04
[1] 5.078399e-03 9.159427e-05 2.779884e-05 1.804330e-03
[1] 5.081546e-03 9.161753e-05 2.780415e-05 1.806428e-03
Algorithm converged after  22  iterations.
[1] 2.471380e-03 8.347312e-05 3.777124e-04 8.522441e-05
[1] 0.0047396249 0.0001313922 0.0006563171 0.0001428308
Algorithm converged after  16  iterations.
[1] 2.471380e-03 1.416459e-04 8.347312e-05 3.777124e-04
[1] 0.0070401322 0.0002402437 0.0001264183 0.0016821216
[1] 0.0076777845 0.0002533003 0.0001298581 0.0020212770
[1] 0.008000484 0.000260244 0.000131382 0.002224700
[1] 0.0082123798 0.0002650323 0.0001323330 0.0023725874
[1] 0.0083725941 0.0002688246 0.0001330334 0.0024933350
[1] 0.0085063080 0.0002721384 0.0001336091 0.0026009703
[1] 0.0086269977 0.0002752774 0.0001341241 0.0027043399
[1] 0.0087435104 0.0002784756 0.0001346193 0.0028106730
[1] 0.0088630472 0.0002819769 0.0001351279 0.0029277331
[1] 0.0089927590 0.0002861129 0.0001356842 0.0030661081
[1] 0.0091404409 0.0002914437 0.0001363311 0.0032430526
[1] 0.0093119901 0.0002990987 0.0001371232 0.0034903948
[1] 0.0094876708 0.0003118028 0.0001380806 0.0038690033
[1] 0.0094488600 0.0003370094 0.0001385664 0.0044354173
[1] 0.0084955963 0.0003753845 0.0001344587 0.0047032094
[1] 0.0078807909 0.0003809414 0.0001295015 0.0045441581
[1] 0.0078564321 0.0003802703 0.0001291306 0.0045307065
[1] 0.0078571367 0.0003802853 0.0001291410 0.0045310790
Algorithm converged after  184  iterations.
[1] 0.0024713795 0.0003645965
Algorithm converged after  2  iterations.
[1] 2.471380e-03 3.645965e-04 8.203319e-05
[1] 2.662678e-03 3.294857e-04 9.946574e-05
Algorithm converged after  12  iterations.
[1] 2.471380e-03 3.645965e-04 9.143379e-05
[1] 0.0026392727 0.0003258238 0.0001260029
Algorithm converged after  19  iterations.
[1] 0.0024713795 0.0003645965 0.0001304601
[1] 0.0019843982 0.0004661052 0.0013895580
[1] 0.0019699670 0.0004788911 0.0015055763
[1] 0.0019696111 0.0004792201 0.0015085381
Algorithm converged after  40  iterations.
[1] 2.471380e-03 3.645965e-04 8.203319e-05 4.887504e-05
[1] 2.490835e-03 3.144921e-04 8.314850e-05 5.121396e-05
[1] 2.491189e-03 3.148581e-04 8.296208e-05 5.104979e-05
[1] 2.491206e-03 3.148802e-04 8.294985e-05 5.103904e-05
[1] 2.491207e-03 3.148816e-04 8.294906e-05 5.103834e-05
Algorithm converged after  44  iterations.
[1] 2.471380e-03 3.645965e-04 9.143379e-05 6.100514e-05
Algorithm converged after  10  iterations.
[1] 0.0024713795 0.0003645965 0.0001304601 0.0000737754
[1] 0.0016812463 0.0006507432 0.0005133485 0.0002274244
[1] 0.0016792476 0.0006516875 0.0005156595 0.0002282897
Algorithm converged after  27  iterations.
[1] 2.471380e-03 3.645965e-04 8.203319e-05 9.143379e-05
[1] 0.0029016402 0.0003009777 0.0002175378 0.0002254546
Algorithm converged after  20  iterations.
[1] 2.471380e-03 3.645965e-04 8.203319e-05 1.304601e-04
[1] 0.0022232293 0.0006932141 0.0004021537 0.0030609893
[1] 0.0022225455 0.0007050459 0.0004104873 0.0031563278
[1] 0.0022225333 0.0007053234 0.0004106810 0.0031585588
Algorithm converged after  36  iterations.
[1] 2.471380e-03 3.645965e-04 9.143379e-05 1.304601e-04
[1] 0.0023682074 0.0004860973 0.0002481064 0.0024150026
[1] 0.0023730679 0.0005039939 0.0002592212 0.0026046788
[1] 0.0023732062 0.0005044518 0.0002595087 0.0026094978
Algorithm converged after  40  iterations.
numeric(0)
Algorithm converged after  1  iterations.
[1] 0.0003649506
Algorithm converged after  2  iterations.
[1] 0.0002977089
Algorithm converged after  2  iterations.
[1] 0.001058379
Algorithm converged after  2  iterations.
[1] 0.0003649506 0.0001024985
Algorithm converged after  2  iterations.
[1] 2.977089e-04 7.134988e-05
Algorithm converged after  2  iterations.
[1] 0.001058379 0.000186777
Algorithm converged after  2  iterations.
[1] 0.0003649506 0.0002977089
Algorithm converged after  2  iterations.
[1] 0.0003649506 0.0010583787
Algorithm converged after  2  iterations.
[1] 0.0002977089 0.0010583787
Algorithm converged after  2  iterations.
[1] 0.0003649506 0.0001024985 0.0002977089
Algorithm converged after  2  iterations.
[1] 0.0003649506 0.0001024985 0.0010583787
Algorithm converged after  2  iterations.
[1] 3.649506e-04 2.977089e-04 7.134988e-05
Algorithm converged after  2  iterations.
[1] 0.0003649506 0.0010583787 0.0001867770
Algorithm converged after  2  iterations.
[1] 2.977089e-04 7.134988e-05 1.058379e-03
Algorithm converged after  2  iterations.
[1] 0.0002977089 0.0010583787 0.0001867770
Algorithm converged after  2  iterations.
[1] 0.0003649506 0.0002977089 0.0010583787
Algorithm converged after  2  iterations.
[1] 3.649506e-04 1.024985e-04 2.977089e-04 7.134988e-05
Algorithm converged after  2  iterations.
[1] 0.0003649506 0.0001024985 0.0010583787 0.0001867770
Algorithm converged after  2  iterations.
[1] 2.977089e-04 7.134988e-05 1.058379e-03 1.867770e-04
Algorithm converged after  2  iterations.
[1] 0.0003649506 0.0001024985 0.0002977089 0.0010583787
Algorithm converged after  2  iterations.
[1] 3.649506e-04 2.977089e-04 7.134988e-05 1.058379e-03
Algorithm converged after  2  iterations.
[1] 0.0003649506 0.0002977089 0.0010583787 0.0001867770
Algorithm converged after  2  iterations.
[1] 0.002766008
Algorithm converged after  2  iterations.
[1] 0.002766008 0.000128749
[1] 0.0037149595 0.0001778992
[1] 0.0036666360 0.0001827815
Algorithm converged after  30  iterations.
[1] 0.0027660081 0.0001227647
Algorithm converged after  8  iterations.
[1] 0.0027660081 0.0004733372
[1] 0.004341754 0.001408544
Algorithm converged after  18  iterations.
[1] 0.0027660081 0.0001287490 0.0000388229
[1] 3.081375e-03 1.336268e-04 3.851326e-05
Algorithm converged after  12  iterations.
[1] 2.766008e-03 1.227647e-04 6.612525e-05
Algorithm converged after  10  iterations.
[1] 2.766008e-03 4.733372e-04 9.188728e-05
[1] 0.0050188875 0.0009081173 0.0001311204
Algorithm converged after  16  iterations.
[1] 0.0027660081 0.0001287490 0.0001227647
[1] 0.0041174279 0.0002403429 0.0003696333
Algorithm converged after  14  iterations.
[1] 0.0027660081 0.0001287490 0.0004733372
[1] 0.0060754770 0.0002151358 0.0025807840
[1] 0.0060844139 0.0002159639 0.0026013389
Algorithm converged after  28  iterations.
[1] 0.0027660081 0.0001227647 0.0004733372
[1] 0.0043611274 0.0001257793 0.0010548107
Algorithm converged after  16  iterations.
[1] 0.0027660081 0.0001287490 0.0000388229 0.0001227647
[1] 3.732187e-03 1.603630e-04 4.413047e-05 2.075786e-04
Algorithm converged after  14  iterations.
[1] 0.0027660081 0.0001287490 0.0000388229 0.0004733372
[1] 0.0052874638 0.0001738106 0.0000444854 0.0017254911
[1] 5.297414e-03 1.740247e-04 4.450718e-05 1.730580e-03
Algorithm converged after  26  iterations.
[1] 2.766008e-03 1.287490e-04 1.227647e-04 6.612525e-05
[1] 0.0049491150 0.0001777237 0.0001561594 0.0000757711
[1] 0.0049504396 0.0001777621 0.0001562237 0.0000757804
Algorithm converged after  21  iterations.
[1] 2.766008e-03 1.287490e-04 4.733372e-04 9.188728e-05
[1] 0.0080216366 0.0002380920 0.0015330399 0.0002086127
[1] 0.0080343890 0.0002383635 0.0015358006 0.0002089985
Algorithm converged after  24  iterations.
[1] 2.766008e-03 1.227647e-04 6.612525e-05 4.733372e-04
[1] 5.859606e-03 1.269948e-04 5.685278e-05 1.828575e-03
[1] 5.867086e-03 1.270317e-04 5.676411e-05 1.832830e-03
Algorithm converged after  24  iterations.
[1] 2.766008e-03 1.227647e-04 4.733372e-04 9.188728e-05
[1] 0.0056673429 0.0001916231 0.0009969418 0.0001491600
Algorithm converged after  18  iterations.
[1] 0.0027660081 0.0001287490 0.0001227647 0.0004733372
[1] 0.0064262485 0.0002001387 0.0001460490 0.0017339036
[1] 0.0064469367 0.0002005484 0.0001461641 0.0017429682
Algorithm converged after  29  iterations.
[1] 0.002766008 0.000379587
Algorithm converged after  2  iterations.
[1] 2.766008e-03 3.795870e-04 9.893249e-05
[1] 0.0029813170 0.0003473217 0.0001422969
Algorithm converged after  13  iterations.
[1] 0.0027660081 0.0003795870 0.0001473211
[1] 0.0030068968 0.0003418594 0.0002671218
Algorithm converged after  12  iterations.
[1] 0.0027660081 0.0003795870 0.0001205253
[1] 0.0021301536 0.0005625541 0.0003120291
Algorithm converged after  13  iterations.
[1] 2.766008e-03 3.795870e-04 9.893249e-05 5.404745e-05
[1] 2.912169e-03 3.531109e-04 9.392900e-05 5.514549e-05
[1] 2.912161e-03 3.531263e-04 9.391735e-05 5.514152e-05
Algorithm converged after  21  iterations.
[1] 2.766008e-03 3.795870e-04 1.473211e-04 6.189567e-05
Algorithm converged after  10  iterations.
[1] 2.766008e-03 3.795870e-04 1.205253e-04 3.921662e-05
[1] 0.0020121440 0.0006838050 0.0003604981 0.0001596833
[1] 0.0020095633 0.0006855887 0.0003625427 0.0001608779
Algorithm converged after  27  iterations.
[1] 2.766008e-03 3.795870e-04 9.893249e-05 1.473211e-04
Algorithm converged after  9  iterations.
[1] 2.766008e-03 3.795870e-04 9.893249e-05 1.205253e-04
[1] 0.0027431768 0.0005534880 0.0003729093 0.0026914907
[1] 0.0027469788 0.0005611272 0.0003785516 0.0027518419
[1] 0.0027470241 0.0005612171 0.0003786181 0.0027525542
Algorithm converged after  33  iterations.
[1] 0.0027660081 0.0003795870 0.0001473211 0.0001205253
[1] 0.0027166611 0.0005217870 0.0004045716 0.0024899197
[1] 0.0027190198 0.0005314818 0.0004098322 0.0025724750
[1] 0.0027190670 0.0005316649 0.0004099320 0.0025740352
Algorithm converged after  36  iterations.
numeric(0)
Algorithm converged after  1  iterations.
[1] 0.00031311
Algorithm converged after  2  iterations.
[1] 0.0002985689
Algorithm converged after  2  iterations.
[1] 0.0008225043
Algorithm converged after  2  iterations.
[1] 0.0003131100 0.0001061509
Algorithm converged after  2  iterations.
[1] 2.985689e-04 6.594161e-05
Algorithm converged after  2  iterations.
[1] 0.0008225043 0.0001631551
Algorithm converged after  2  iterations.
[1] 0.0003131100 0.0002985689
Algorithm converged after  2  iterations.
[1] 0.0003131100 0.0008225043
Algorithm converged after  2  iterations.
[1] 0.0002985689 0.0008225043
Algorithm converged after  2  iterations.
[1] 0.0003131100 0.0001061509 0.0002985689
Algorithm converged after  2  iterations.
[1] 0.0003131100 0.0001061509 0.0008225043
Algorithm converged after  2  iterations.
[1] 3.131100e-04 2.985689e-04 6.594161e-05
Algorithm converged after  2  iterations.
[1] 0.0003131100 0.0008225043 0.0001631551
Algorithm converged after  2  iterations.
[1] 2.985689e-04 6.594161e-05 8.225043e-04
Algorithm converged after  2  iterations.
[1] 0.0002985689 0.0008225043 0.0001631551
Algorithm converged after  2  iterations.
[1] 0.0003131100 0.0002985689 0.0008225043
Algorithm converged after  2  iterations.
[1] 3.131100e-04 1.061509e-04 2.985689e-04 6.594161e-05
Algorithm converged after  2  iterations.
[1] 0.0003131100 0.0001061509 0.0008225043 0.0001631551
Algorithm converged after  2  iterations.
[1] 2.985689e-04 6.594161e-05 8.225043e-04 1.631551e-04
Algorithm converged after  2  iterations.
[1] 0.0003131100 0.0001061509 0.0002985689 0.0008225043
Algorithm converged after  2  iterations.
[1] 3.131100e-04 2.985689e-04 6.594161e-05 8.225043e-04
Algorithm converged after  2  iterations.
[1] 0.0003131100 0.0002985689 0.0008225043 0.0001631551
Algorithm converged after  2  iterations.
[1] 0.002189616
Algorithm converged after  2  iterations.
[1] 0.0021896157 0.0001473942
[1] 0.0023669904 0.0001883702
Algorithm converged after  12  iterations.
[1] 0.0021896157 0.0001194339
Algorithm converged after  8  iterations.
[1] 0.0021896157 0.0003762266
[1] 0.003687988 0.001339870
[1] 0.003689232 0.001340756
Algorithm converged after  21  iterations.
[1] 2.189616e-03 1.473942e-04 3.932346e-05
[1] 2.532200e-03 1.534979e-04 3.629437e-05
Algorithm converged after  14  iterations.
[1] 2.189616e-03 1.194339e-04 6.012663e-05
[1] 2.605894e-03 1.166782e-04 6.158864e-05
Algorithm converged after  12  iterations.
[1] 2.189616e-03 3.762266e-04 8.189922e-05
[1] 0.0042265381 0.0007608777 0.0001309590
Algorithm converged after  16  iterations.
[1] 0.0021896157 0.0001473942 0.0001194339
[1] 0.0034986964 0.0001992720 0.0002606478
[1] 0.0035066622 0.0001998469 0.0002625887
Algorithm converged after  29  iterations.
[1] 0.0021896157 0.0001473942 0.0003762266
[1] 0.0051856714 0.0003041407 0.0027921960
[1] 0.005205409 0.000305839 0.002813951
Algorithm converged after  30  iterations.
[1] 0.0021896157 0.0001194339 0.0003762266
[1] 0.0033726049 0.0001073217 0.0008402195
Algorithm converged after  17  iterations.
[1] 2.189616e-03 1.473942e-04 3.932346e-05 1.194339e-04
[1] 2.664490e-03 1.629103e-04 3.567415e-05 2.006355e-04
Algorithm converged after  11  iterations.
[1] 2.189616e-03 1.473942e-04 3.932346e-05 3.762266e-04
[1] 5.438703e-03 2.421806e-04 6.598284e-05 2.148504e-03
[1] 5.546361e-03 2.470956e-04 6.821487e-05 2.236419e-03
[1] 5.549847e-03 2.472551e-04 6.828652e-05 2.239271e-03
Algorithm converged after  40  iterations.
[1] 2.189616e-03 1.473942e-04 1.194339e-04 6.012663e-05
[1] 0.0038115085 0.0001841194 0.0001325200 0.0000659277
[1] 3.813128e-03 1.841603e-04 1.325641e-04 6.593434e-05
Algorithm converged after  21  iterations.
[1] 2.189616e-03 1.473942e-04 3.762266e-04 8.189922e-05
[1] 0.0071889784 0.0002642355 0.0015269738 0.0002273359
[1] 0.0072160973 0.0002648584 0.0015335138 0.0002284172
Algorithm converged after  27  iterations.
[1] 2.189616e-03 1.194339e-04 6.012663e-05 3.762266e-04
[1] 4.599369e-03 1.074743e-04 6.760093e-05 1.381600e-03
[1] 4.610015e-03 1.074479e-04 6.757109e-05 1.386807e-03
Algorithm converged after  27  iterations.
[1] 2.189616e-03 1.194339e-04 3.762266e-04 8.189922e-05
[1] 0.0045645514 0.0001777873 0.0007837426 0.0001453373
Algorithm converged after  18  iterations.
[1] 0.0021896157 0.0001473942 0.0001194339 0.0003762266
[1] 4.998502e-03 2.132556e-04 9.480078e-05 1.541396e-03
[1] 5.018616e-03 2.136766e-04 9.490051e-05 1.549288e-03
Algorithm converged after  28  iterations.
[1] 0.0021896157 0.0003591941
Algorithm converged after  2  iterations.
[1] 0.0021896157 0.0003591941 0.0000668890
[1] 0.0023959955 0.0003138318 0.0001008615
Algorithm converged after  14  iterations.
[1] 0.0021896157 0.0003591941 0.0001569050
[1] 0.0023561361 0.0003376504 0.0003011520
Algorithm converged after  12  iterations.
[1] 2.189616e-03 3.591941e-04 9.832515e-05
[1] 0.0017007016 0.0004592838 0.0011649677
[1] 0.0016952129 0.0004630657 0.0011945426
[1] 0.0016951500 0.0004631095 0.0011948865
Algorithm converged after  33  iterations.
[1] 2.189616e-03 3.591941e-04 6.688900e-05 2.268208e-05
[1] 2.117461e-03 2.902619e-04 8.110081e-05 2.748091e-05
Algorithm converged after  11  iterations.
[1] 2.189616e-03 3.591941e-04 1.569050e-04 6.083779e-05
Algorithm converged after  10  iterations.
[1] 2.189616e-03 3.591941e-04 9.832515e-05 6.192532e-05
[1] 0.0014978311 0.0006109264 0.0004058728 0.0001824030
[1] 0.0014962110 0.0006114732 0.0004081453 0.0001831714
Algorithm converged after  27  iterations.
[1] 0.0021896157 0.0003591941 0.0000668890 0.0001569050
Algorithm converged after  10  iterations.
[1] 2.189616e-03 3.591941e-04 6.688900e-05 9.832515e-05
[1] 0.0019440283 0.0005865169 0.0002022927 0.0023469040
[1] 0.0019430857 0.0005949990 0.0002067618 0.0024152166
[1] 0.0019430726 0.0005951506 0.0002068441 0.0024164731
Algorithm converged after  35  iterations.
[1] 2.189616e-03 3.591941e-04 1.569050e-04 9.832515e-05
[1] 0.0019569884 0.0006311298 0.0005375784 0.0027411545
[1] 0.0019582463 0.0006436746 0.0005506638 0.0028681402
[1] 0.0019583136 0.0006441641 0.0005511846 0.0028731833
[1] 0.0019583163 0.0006441838 0.0005512052 0.0028733822
Algorithm converged after  42  iterations.
numeric(0)
Algorithm converged after  1  iterations.
[1] 0.0003807226
Algorithm converged after  2  iterations.
[1] 0.0003613271
Algorithm converged after  2  iterations.
[1] 0.0006599295
Algorithm converged after  2  iterations.
[1] 0.0003807226 0.0001220500
Algorithm converged after  2  iterations.
[1] 3.613271e-04 6.812734e-05
Algorithm converged after  2  iterations.
[1] 0.0006599295 0.0001065452
Algorithm converged after  2  iterations.
[1] 0.0003807226 0.0003613271
Algorithm converged after  2  iterations.
[1] 0.0003807226 0.0006599295
Algorithm converged after  2  iterations.
[1] 0.0003613271 0.0006599295
Algorithm converged after  2  iterations.
[1] 0.0003807226 0.0001220500 0.0003613271
Algorithm converged after  2  iterations.
[1] 0.0003807226 0.0001220500 0.0006599295
Algorithm converged after  2  iterations.
[1] 3.807226e-04 3.613271e-04 6.812734e-05
Algorithm converged after  2  iterations.
[1] 0.0003807226 0.0006599295 0.0001065452
Algorithm converged after  2  iterations.
[1] 3.613271e-04 6.812734e-05 6.599295e-04
Algorithm converged after  2  iterations.
[1] 0.0003613271 0.0006599295 0.0001065452
Algorithm converged after  2  iterations.
[1] 0.0003807226 0.0003613271 0.0006599295
Algorithm converged after  2  iterations.
[1] 3.807226e-04 1.220500e-04 3.613271e-04 6.812734e-05
Algorithm converged after  2  iterations.
[1] 0.0003807226 0.0001220500 0.0006599295 0.0001065452
Algorithm converged after  2  iterations.
[1] 3.613271e-04 6.812734e-05 6.599295e-04 1.065452e-04
Algorithm converged after  2  iterations.
[1] 0.0003807226 0.0001220500 0.0003613271 0.0006599295
Algorithm converged after  2  iterations.
[1] 3.807226e-04 3.613271e-04 6.812734e-05 6.599295e-04
Algorithm converged after  2  iterations.
[1] 0.0003807226 0.0003613271 0.0006599295 0.0001065452
Algorithm converged after  2  iterations.
[1] 0.002107614
Algorithm converged after  2  iterations.
[1] 0.0021076135 0.0001462496
[1] 0.0030376153 0.0002056118
Algorithm converged after  17  iterations.
[1] 0.0021076135 0.0002393058
Algorithm converged after  8  iterations.
[1] 0.0021076135 0.0002160251
[1] 0.0027669113 0.0009400743
Algorithm converged after  16  iterations.
[1] 0.0021076135 0.0001462496 0.0000418329
[1] 2.336863e-03 1.527186e-04 4.122756e-05
Algorithm converged after  13  iterations.
[1] 0.0021076135 0.0002393058 0.0000635354
[1] 2.956252e-03 2.603758e-04 6.918136e-05
Algorithm converged after  14  iterations.
[1] 2.107614e-03 2.160251e-04 8.589464e-05
[1] 0.0033916940 0.0002815930 0.0001217722
Algorithm converged after  13  iterations.
[1] 0.0021076135 0.0001462496 0.0002393058
[1] 0.0037612179 0.0002684392 0.0005075428
Algorithm converged after  15  iterations.
[1] 0.0021076135 0.0001462496 0.0002160251
[1] 0.0039322263 0.0002641413 0.0020091771
[1] 0.0039222226 0.0002639704 0.0020088462
Algorithm converged after  23  iterations.
[1] 0.0021076135 0.0002393058 0.0002160251
[1] 0.0026795547 0.0002450097 0.0003403848
Algorithm converged after  11  iterations.
[1] 0.0021076135 0.0001462496 0.0000418329 0.0002393058
[1] 3.092386e-03 1.888677e-04 4.963734e-05 3.447027e-04
[1] 3.094424e-03 1.889541e-04 4.964846e-05 3.448286e-04
Algorithm converged after  22  iterations.
[1] 0.0021076135 0.0001462496 0.0000418329 0.0002160251
[1] 3.439068e-03 1.958981e-04 4.730745e-05 1.061144e-03
[1] 3.443651e-03 1.960841e-04 4.732467e-05 1.063395e-03
Algorithm converged after  25  iterations.
[1] 0.0021076135 0.0001462496 0.0002393058 0.0000635354
[1] 5.217961e-03 2.630958e-04 3.558566e-04 8.201672e-05
Algorithm converged after  20  iterations.
[1] 2.107614e-03 1.462496e-04 2.160251e-04 8.589464e-05
[1] 0.0059029834 0.0002831352 0.0004139210 0.0002049243
Algorithm converged after  18  iterations.
[1] 0.0021076135 0.0002393058 0.0000635354 0.0002160251
[1] 3.585988e-03 2.553709e-04 7.618002e-05 5.381947e-04
Algorithm converged after  17  iterations.
[1] 2.107614e-03 2.393058e-04 2.160251e-04 8.589464e-05
[1] 0.0040295527 0.0003477660 0.0002908656 0.0001426218
Algorithm converged after  15  iterations.
[1] 0.0021076135 0.0001462496 0.0002393058 0.0002160251
[1] 0.0042419672 0.0002232949 0.0003240412 0.0003876777
Algorithm converged after  19  iterations.
[1] 0.0021076135 0.0003415816
Algorithm converged after  2  iterations.
[1] 2.107614e-03 3.415816e-04 6.866681e-05
[1] 0.0022492751 0.0003254722 0.0001244702
Algorithm converged after  16  iterations.
[1] 2.107614e-03 3.415816e-04 8.522064e-05
[1] 0.0022742368 0.0003261901 0.0001262756
Algorithm converged after  13  iterations.
[1] 2.107614e-03 3.415816e-04 9.381569e-05
[1] 0.0018758343 0.0004734355 0.0002256575
Algorithm converged after  15  iterations.
[1] 2.107614e-03 3.415816e-04 6.866681e-05 2.100987e-05
Algorithm converged after  9  iterations.
[1] 2.107614e-03 3.415816e-04 8.522064e-05 3.767591e-05
Algorithm converged after  10  iterations.
[1] 2.107614e-03 3.415816e-04 9.381569e-05 2.666002e-05
[1] 1.406445e-03 5.420856e-04 1.843280e-04 3.724327e-05
[1] 1.404561e-03 5.426597e-04 1.848925e-04 3.730953e-05
Algorithm converged after  27  iterations.
[1] 2.107614e-03 3.415816e-04 6.866681e-05 8.522064e-05
[1] 0.0023505728 0.0002963640 0.0001386553 0.0001145275
Algorithm converged after  18  iterations.
[1] 2.107614e-03 3.415816e-04 6.866681e-05 9.381569e-05
[1] 1.883970e-03 4.872851e-04 7.989411e-05 2.103773e-04
[1] 1.889341e-03 4.841109e-04 7.943421e-05 2.154921e-04
[1] 1.889974e-03 4.838499e-04 7.942271e-05 2.154040e-04
Algorithm converged after  39  iterations.
[1] 2.107614e-03 3.415816e-04 8.522064e-05 9.381569e-05
[1] 0.0019616578 0.0004705854 0.0001955111 0.0003102700
[1] 0.0019658784 0.0004675508 0.0001944184 0.0003077790
[1] 0.0019659499 0.0004674987 0.0001943995 0.0003077361
Algorithm converged after  32  iterations.
numeric(0)
Algorithm converged after  1  iterations.
[1] 0.00038045
Algorithm converged after  2  iterations.
[1] 0.0002536443
Algorithm converged after  2  iterations.
[1] 0.0007840602
Algorithm converged after  2  iterations.
[1] 0.0003804500 0.0001050656
Algorithm converged after  2  iterations.
[1] 2.536443e-04 7.611338e-05
Algorithm converged after  2  iterations.
[1] 0.0007840602 0.0001720845
Algorithm converged after  2  iterations.
[1] 0.0003804500 0.0002536443
Algorithm converged after  2  iterations.
[1] 0.0003804500 0.0007840602
Algorithm converged after  2  iterations.
[1] 0.0002536443 0.0007840602
Algorithm converged after  2  iterations.
[1] 0.0003804500 0.0001050656 0.0002536443
Algorithm converged after  2  iterations.
[1] 0.0003804500 0.0001050656 0.0007840602
Algorithm converged after  2  iterations.
[1] 3.804500e-04 2.536443e-04 7.611338e-05
Algorithm converged after  2  iterations.
[1] 0.0003804500 0.0007840602 0.0001720845
Algorithm converged after  2  iterations.
[1] 2.536443e-04 7.611338e-05 7.840602e-04
Algorithm converged after  2  iterations.
[1] 0.0002536443 0.0007840602 0.0001720845
Algorithm converged after  2  iterations.
[1] 0.0003804500 0.0002536443 0.0007840602
Algorithm converged after  2  iterations.
[1] 3.804500e-04 1.050656e-04 2.536443e-04 7.611338e-05
Algorithm converged after  2  iterations.
[1] 0.0003804500 0.0001050656 0.0007840602 0.0001720845
Algorithm converged after  2  iterations.
[1] 2.536443e-04 7.611338e-05 7.840602e-04 1.720845e-04
Algorithm converged after  2  iterations.
[1] 0.0003804500 0.0001050656 0.0002536443 0.0007840602
Algorithm converged after  2  iterations.
[1] 3.804500e-04 2.536443e-04 7.611338e-05 7.840602e-04
Algorithm converged after  2  iterations.
[1] 0.0003804500 0.0002536443 0.0007840602 0.0001720845
Algorithm converged after  2  iterations.
[1] 0.002353165
Algorithm converged after  2  iterations.
[1] 0.0023531646 0.0001107845
Algorithm converged after  10  iterations.
[1] 0.0023531646 0.0000997334
Algorithm converged after  9  iterations.
[1] 0.0023531646 0.0002906338
[1] 0.003636140 0.001091062
Algorithm converged after  18  iterations.
[1] 2.353165e-03 1.107845e-04 3.513896e-05
[1] 2.488547e-03 1.124808e-04 3.274427e-05
Algorithm converged after  17  iterations.
[1] 2.353165e-03 9.973340e-05 6.862495e-05
[1] 3.415407e-03 1.186499e-04 7.486833e-05
Algorithm converged after  12  iterations.
[1] 2.353165e-03 2.906338e-04 8.994322e-05
[1] 0.0039927559 0.0005194505 0.0001285242
Algorithm converged after  14  iterations.
[1] 0.0023531646 0.0001107845 0.0000997334
[1] 0.0037056876 0.0001951410 0.0003443974
Algorithm converged after  18  iterations.
[1] 0.0023531646 0.0001107845 0.0002906338
[1] 0.004630998 0.000259566 0.001991040
[1] 0.0046360926 0.0002600148 0.0019953596
Algorithm converged after  25  iterations.
[1] 0.0023531646 0.0000997334 0.0002906338
[1] 0.0038418920 0.0001145634 0.0006907261
[1] 0.0038462035 0.0001147103 0.0006909904
[1] 0.0038465904 0.0001147257 0.0006909920
[1] 0.0038466340 0.0001147274 0.0006909922
Algorithm converged after  48  iterations.
[1] 2.353165e-03 1.107845e-04 3.513896e-05 9.973340e-05
[1] 2.903390e-03 1.285231e-04 3.280015e-05 1.855809e-04
Algorithm converged after  14  iterations.
[1] 2.353165e-03 1.107845e-04 3.513896e-05 2.906338e-04
[1] 5.214342e-03 2.051258e-04 7.398585e-05 1.757232e-03
[1] 5.235986e-03 2.061427e-04 7.437194e-05 1.771488e-03
Algorithm converged after  28  iterations.
[1] 2.353165e-03 1.107845e-04 9.973340e-05 6.862495e-05
[1] 3.029426e-03 1.661010e-04 8.349878e-05 2.035943e-05
Algorithm converged after  16  iterations.
[1] 2.353165e-03 1.107845e-04 2.906338e-04 8.994322e-05
[1] 0.0062632049 0.0002001724 0.0009493222 0.0001908115
[1] 0.0062686926 0.0002003021 0.0009503160 0.0001909949
Algorithm converged after  22  iterations.
[1] 2.353165e-03 9.973340e-05 6.862495e-05 2.906338e-04
[1] 5.128735e-03 1.161121e-04 3.822975e-05 1.542251e-03
[1] 5.131409e-03 1.161399e-04 3.822554e-05 1.543864e-03
Algorithm converged after  22  iterations.
[1] 2.353165e-03 9.973340e-05 2.906338e-04 8.994322e-05
[1] 0.0046115120 0.0001632693 0.0005746046 0.0001486112
Algorithm converged after  16  iterations.
[1] 0.0023531646 0.0001107845 0.0000997334 0.0002906338
[1] 0.0073382282 0.0002901343 0.0001359449 0.0028375716
[1] 0.0077467017 0.0003791072 0.0001387088 0.0036366683
[1] 0.0078867173 0.0004257904 0.0001413080 0.0039762691
[1] 0.0079234834 0.0004503596 0.0001426314 0.0041333230
[1] 0.0079286838 0.0004618343 0.0001431892 0.0042004873
[1] 0.0079279404 0.0004666533 0.0001434020 0.0042272774
[1] 0.0079270851 0.0004685592 0.0001434814 0.0042376099
[1] 0.0079266639 0.0004692927 0.0001435111 0.0042415442
[1] 0.0079264896 0.0004695719 0.0001435222 0.0042430353
[1] 0.0079264216 0.0004696778 0.0001435264 0.0042435995
[1] 0.0079263955 0.0004697178 0.0001435280 0.0042438129
[1] 0.0079263856 0.0004697329 0.0001435286 0.0042438935
Algorithm converged after  129  iterations.
[1] 0.0023531646 0.0003414881
Algorithm converged after  2  iterations.
[1] 2.353165e-03 3.414881e-04 5.223791e-05
[1] 2.587152e-03 3.028794e-04 7.900856e-05
Algorithm converged after  17  iterations.
[1] 0.0023531646 0.0003414881 0.0001120033
[1] 0.0025839925 0.0002974414 0.0001588973
Algorithm converged after  13  iterations.
[1] 0.0023531646 0.0003414881 0.0001042209
[1] 0.0019919018 0.0003859851 0.0007652442
[1] 0.0019825002 0.0003920109 0.0008179623
[1] 0.0019823109 0.0003921367 0.0008190423
Algorithm converged after  38  iterations.
[1] 2.353165e-03 3.414881e-04 5.223791e-05 2.114048e-05
[1] 2.124625e-03 2.665691e-04 5.999640e-05 2.213817e-05
Algorithm converged after  12  iterations.
[1] 2.353165e-03 3.414881e-04 1.120033e-04 7.114526e-05
[1] 2.746194e-03 4.590338e-04 1.071275e-04 7.093194e-05
[1] 2.746121e-03 4.590494e-04 1.071116e-04 7.090577e-05
Algorithm converged after  24  iterations.
[1] 2.353165e-03 3.414881e-04 1.042209e-04 6.644753e-05
[1] 0.0018022882 0.0005639043 0.0002947905 0.0001478556
[1] 0.0018012542 0.0005645405 0.0002956731 0.0001482285
Algorithm converged after  26  iterations.
[1] 2.353165e-03 3.414881e-04 5.223791e-05 1.120033e-04
[1] 2.814254e-03 2.675084e-04 9.772258e-05 2.150398e-04
[1] 0.0028076360 0.0002682807 0.0001005639 0.0002188482
[1] 0.0028071441 0.0002683450 0.0001008437 0.0002192146
[1] 0.0028071027 0.0002683505 0.0001008681 0.0002192464
Algorithm converged after  49  iterations.
[1] 2.353165e-03 3.414881e-04 5.223791e-05 1.042209e-04
[1] 0.0022454228 0.0004569019 0.0001732026 0.0016023715
[1] 0.0022464815 0.0004608699 0.0001758324 0.0016298653
Algorithm converged after  30  iterations.
[1] 0.0023531646 0.0003414881 0.0001120033 0.0001042209
[1] 0.0022938061 0.0004809183 0.0002983995 0.0017855668
[1] 0.0022930984 0.0004849340 0.0003008137 0.0018166323
[1] 0.0022930901 0.0004849842 0.0003008440 0.0018170214
Algorithm converged after  32  iterations.
numeric(0)
Algorithm converged after  1  iterations.
[1] 0.0003114081
Algorithm converged after  2  iterations.
[1] 0.0002776766
Algorithm converged after  2  iterations.
[1] 0.001009407
Algorithm converged after  2  iterations.
[1] 3.114081e-04 9.581564e-05
Algorithm converged after  2  iterations.
[1] 2.776766e-04 6.185279e-05
Algorithm converged after  2  iterations.
[1] 0.0010094069 0.0002069814
Algorithm converged after  2  iterations.
[1] 0.0003114081 0.0002776766
Algorithm converged after  2  iterations.
[1] 0.0003114081 0.0010094069
Algorithm converged after  2  iterations.
[1] 0.0002776766 0.0010094069
Algorithm converged after  2  iterations.
[1] 3.114081e-04 9.581564e-05 2.776766e-04
Algorithm converged after  2  iterations.
[1] 3.114081e-04 9.581564e-05 1.009407e-03
Algorithm converged after  2  iterations.
[1] 3.114081e-04 2.776766e-04 6.185279e-05
Algorithm converged after  2  iterations.
[1] 0.0003114081 0.0010094069 0.0002069814
Algorithm converged after  2  iterations.
[1] 2.776766e-04 6.185279e-05 1.009407e-03
Algorithm converged after  2  iterations.
[1] 0.0002776766 0.0010094069 0.0002069814
Algorithm converged after  2  iterations.
[1] 0.0003114081 0.0002776766 0.0010094069
Algorithm converged after  2  iterations.
[1] 3.114081e-04 9.581564e-05 2.776766e-04 6.185279e-05
Algorithm converged after  2  iterations.
[1] 3.114081e-04 9.581564e-05 1.009407e-03 2.069814e-04
Algorithm converged after  2  iterations.
[1] 2.776766e-04 6.185279e-05 1.009407e-03 2.069814e-04
Algorithm converged after  2  iterations.
[1] 3.114081e-04 9.581564e-05 2.776766e-04 1.009407e-03
Algorithm converged after  2  iterations.
[1] 3.114081e-04 2.776766e-04 6.185279e-05 1.009407e-03
Algorithm converged after  2  iterations.
[1] 0.0003114081 0.0002776766 0.0010094069 0.0002069814
Algorithm converged after  2  iterations.
[1] 0.00249698
Algorithm converged after  2  iterations.
[1] 0.0024969797 0.0001526501
Algorithm converged after  8  iterations.
[1] 2.496980e-03 7.875545e-05
Algorithm converged after  7  iterations.
[1] 0.0024969797 0.0003198288
[1] 0.0038376682 0.0007738364
Algorithm converged after  17  iterations.
[1] 2.496980e-03 1.526501e-04 4.274626e-05
Algorithm converged after  10  iterations.
[1] 2.496980e-03 7.875545e-05 5.470156e-05
[1] 3.036336e-03 8.001084e-05 5.521577e-05
Algorithm converged after  17  iterations.
[1] 2.496980e-03 3.198288e-04 5.366658e-05
[1] 4.760084e-03 7.394723e-04 7.775763e-05
[1] 4.762991e-03 7.400161e-04 7.779619e-05
Algorithm converged after  21  iterations.
[1] 2.496980e-03 1.526501e-04 7.875545e-05
[1] 3.200768e-03 1.663129e-04 8.619965e-05
[1] 3.201019e-03 1.663125e-04 8.622765e-05
Algorithm converged after  23  iterations.
[1] 0.0024969797 0.0001526501 0.0003198288
[1] 0.0050474717 0.0002548169 0.0014521912
[1] 0.0050503410 0.0002550013 0.0014540638
Algorithm converged after  23  iterations.
[1] 2.496980e-03 7.875545e-05 3.198288e-04
[1] 3.813314e-03 8.173291e-05 6.262215e-04
[1] 3.733391e-03 8.208278e-05 6.019416e-04
[1] 3.640134e-03 8.284046e-05 5.716371e-04
[1] 3.642240e-03 8.311288e-05 5.705001e-04
Algorithm converged after  45  iterations.
[1] 2.496980e-03 1.526501e-04 4.274626e-05 7.875545e-05
[1] 3.570140e-03 1.670713e-04 2.990087e-05 1.535837e-04
Algorithm converged after  11  iterations.
[1] 2.496980e-03 1.526501e-04 4.274626e-05 3.198288e-04
[1] 5.542905e-03 2.163835e-04 7.798235e-05 1.318790e-03
[1] 5.555001e-03 2.167536e-04 7.821621e-05 1.324443e-03
Algorithm converged after  27  iterations.
[1] 2.496980e-03 1.526501e-04 7.875545e-05 5.470156e-05
[1] 3.242722e-03 2.269771e-04 6.894679e-05 1.779991e-05
Algorithm converged after  13  iterations.
[1] 2.496980e-03 1.526501e-04 3.198288e-04 5.366658e-05
[1] 0.0072738249 0.0002293822 0.0013581211 0.0001141841
[1] 0.0073011909 0.0002297936 0.0013645473 0.0001147501
Algorithm converged after  27  iterations.
[1] 2.496980e-03 7.875545e-05 5.470156e-05 3.198288e-04
[1] 5.355811e-03 8.161210e-05 2.614002e-05 1.261062e-03
[1] 5.362371e-03 8.162694e-05 2.610516e-05 1.264386e-03
Algorithm converged after  24  iterations.
[1] 2.496980e-03 7.875545e-05 3.198288e-04 5.366658e-05
[1] 5.071797e-03 1.035905e-04 7.703276e-04 8.517118e-05
[1] 5.077469e-03 1.036343e-04 7.713946e-04 8.525323e-05
Algorithm converged after  23  iterations.
[1] 2.496980e-03 1.526501e-04 7.875545e-05 3.198288e-04
[1] 7.288923e-03 2.831413e-04 8.746383e-05 2.101108e-03
[1] 7.768163e-03 3.172084e-04 8.907744e-05 2.434492e-03
[1] 7.923817e-03 3.293196e-04 8.972338e-05 2.545213e-03
[1] 7.986824e-03 3.344053e-04 9.000146e-05 2.590665e-03
[1] 8.014491e-03 3.366748e-04 9.012666e-05 2.610759e-03
[1] 0.0080270657 0.0003377139 0.0000901842 0.0026199209
[1] 8.032869e-03 3.381951e-04 9.021089e-05 2.624155e-03
[1] 8.035566e-03 3.384191e-04 9.022332e-05 2.626125e-03
[1] 8.036824e-03 3.385237e-04 9.022912e-05 2.627043e-03
[1] 8.037411e-03 3.385725e-04 9.023183e-05 2.627473e-03
[1] 0.0080376860 0.0003385953 0.0000902331 0.0026276730
[1] 8.037814e-03 3.386060e-04 9.023369e-05 2.627767e-03
[1] 8.037874e-03 3.386110e-04 9.023397e-05 2.627811e-03
Algorithm converged after  133  iterations.
[1] 0.0024969797 0.0002786071
Algorithm converged after  2  iterations.
[1] 0.0024969797 0.0002786071 0.0001034992
[1] 0.0026351865 0.0002162770 0.0001508375
Algorithm converged after  13  iterations.
[1] 0.0024969797 0.0002786071 0.0001677156
Algorithm converged after  10  iterations.
[1] 2.496980e-03 2.786071e-04 5.152812e-05
[1] 0.0018993723 0.0002208930 0.0009209707
[1] 0.0018326810 0.0002775218 0.0014939223
[1] 0.0018318290 0.0002785199 0.0015023224
Algorithm converged after  39  iterations.
[1] 2.496980e-03 2.786071e-04 1.034992e-04 4.175351e-05
[1] 2.671584e-03 3.004119e-04 9.249227e-05 4.080398e-05
[1] 2.671571e-03 3.004126e-04 9.249324e-05 4.080495e-05
Algorithm converged after  21  iterations.
[1] 2.496980e-03 2.786071e-04 1.677156e-04 5.626277e-05
[1] 2.909639e-03 4.529332e-04 2.713926e-04 7.417115e-05
Algorithm converged after  17  iterations.
[1] 2.496980e-03 2.786071e-04 5.152812e-05 1.617152e-05
[1] 2.341133e-03 2.481261e-04 5.103471e-05 1.439920e-05
[1] 2.342907e-03 2.480010e-04 5.102449e-05 1.441286e-05
[1] 2.344836e-03 2.480562e-04 5.101632e-05 1.442626e-05
[1] 2.346638e-03 2.482433e-04 5.101093e-05 1.443793e-05
[1] 2.348142e-03 2.484934e-04 5.100808e-05 1.444723e-05
[1] 2.349308e-03 2.487508e-04 5.100703e-05 1.445423e-05
[1] 2.350175e-03 2.489839e-04 5.100702e-05 1.445935e-05
[1] 2.350805e-03 2.491804e-04 5.100752e-05 1.446304e-05
[1] 2.351260e-03 2.493395e-04 5.100819e-05 1.446568e-05
[1] 2.351589e-03 2.494649e-04 5.100888e-05 1.446758e-05
[1] 2.351827e-03 2.495625e-04 5.100950e-05 1.446895e-05
[1] 2.352001e-03 2.496376e-04 5.101002e-05 1.446995e-05
[1] 2.352129e-03 2.496951e-04 5.101045e-05 1.447069e-05
[1] 2.352223e-03 2.497389e-04 5.101079e-05 1.447123e-05
[1] 2.352293e-03 2.497722e-04 5.101105e-05 1.447163e-05
[1] 2.352346e-03 2.497975e-04 5.101126e-05 1.447192e-05
[1] 2.352385e-03 2.498167e-04 5.101142e-05 1.447215e-05
[1] 2.352414e-03 2.498312e-04 5.101155e-05 1.447231e-05
[1] 2.352436e-03 2.498422e-04 5.101164e-05 1.447244e-05
[1] 2.352452e-03 2.498505e-04 5.101171e-05 1.447253e-05
[1] 2.352465e-03 2.498568e-04 5.101177e-05 1.447260e-05
[1] 2.352474e-03 2.498616e-04 5.101181e-05 1.447266e-05
[1] 2.352481e-03 2.498652e-04 5.101184e-05 1.447270e-05
[1] 2.352486e-03 2.498679e-04 5.101186e-05 1.447273e-05
[1] 2.352490e-03 2.498699e-04 5.101188e-05 1.447275e-05
[1] 2.352494e-03 2.498715e-04 5.101189e-05 1.447277e-05
[1] 2.352496e-03 2.498727e-04 5.101190e-05 1.447278e-05
[1] 2.352498e-03 2.498736e-04 5.101191e-05 1.447279e-05
[1] 2.352499e-03 2.498742e-04 5.101192e-05 1.447280e-05
[1] 2.352500e-03 2.498747e-04 5.101192e-05 1.447280e-05
[1] 2.352501e-03 2.498751e-04 5.101193e-05 1.447281e-05
[1] 2.352501e-03 2.498754e-04 5.101193e-05 1.447281e-05
[1] 2.352502e-03 2.498756e-04 5.101193e-05 1.447281e-05
[1] 2.352502e-03 2.498758e-04 5.101193e-05 1.447282e-05
[1] 2.352502e-03 2.498759e-04 5.101193e-05 1.447282e-05
[1] 2.352502e-03 2.498760e-04 5.101193e-05 1.447282e-05
[1] 2.352502e-03 2.498761e-04 5.101194e-05 1.447282e-05
[1] 2.352503e-03 2.498761e-04 5.101194e-05 1.447282e-05
[1] 2.352503e-03 2.498762e-04 5.101194e-05 1.447282e-05
Algorithm converged after  392  iterations.
[1] 0.0024969797 0.0002786071 0.0001034992 0.0001677156
[1] 0.0033554335 0.0002346897 0.0002660490 0.0003814242
Algorithm converged after  16  iterations.
[1] 2.496980e-03 2.786071e-04 1.034992e-04 5.152812e-05
[1] 0.0020628675 0.0005875811 0.0005468559 0.0028757860
[1] 0.0020657216 0.0006194735 0.0005835603 0.0031101509
[1] 0.0020659757 0.0006213214 0.0005857371 0.0031241205
[1] 0.0020659912 0.0006214312 0.0005858667 0.0031249521
Algorithm converged after  48  iterations.
[1] 2.496980e-03 2.786071e-04 1.677156e-04 5.152812e-05
[1] 0.0025385774 0.0001552361 0.0004148201 0.0007528245
[1] 0.0025493591 0.0001524163 0.0004204442 0.0007844488
[1] 0.0025497307 0.0001523209 0.0004206322 0.0007855124
Algorithm converged after  40  iterations.
Warning messages:
1: In max(abs(CT), na.rm = T) :
  no non-missing arguments to max; returning -Inf
2: In max(abs(CT), na.rm = T) :
  no non-missing arguments to max; returning -Inf
3: In max(abs(CT), na.rm = T) :
  no non-missing arguments to max; returning -Inf
4: In max(abs(CT), na.rm = T) :
  no non-missing arguments to max; returning -Inf
5: In max(abs(CT), na.rm = T) :
  no non-missing arguments to max; returning -Inf
6: In max(abs(CT), na.rm = T) :
  no non-missing arguments to max; returning -Inf
7: In max(abs(CT), na.rm = T) :
  no non-missing arguments to max; returning -Inf
8: In max(abs(CT), na.rm = T) :
  no non-missing arguments to max; returning -Inf
9: In max(abs(CT), na.rm = T) :
  no non-missing arguments to max; returning -Inf
10: In max(abs(CT), na.rm = T) :
  no non-missing arguments to max; returning -Inf
[1] "Best iter parameter is:"
      gam     rankJ    rankA1    rankA2    rankA3 
0.6666667 1.0000000 0.0000000 0.0000000 1.0000000 
[1] 0.0024219506 0.0003371792
[1] 0.003668071 0.001060572
Algorithm converged after  18  iterations.
        [,1]    [,2]     [,3]
[1,] 6.44717 10.9541 35.34598
