myseed=4608 

Attaching package: ‘pls’

The following object is masked from ‘package:stats’:

    loadings

Loading required package: lattice
Loading required package: ggplot2
Registered S3 methods overwritten by 'ggplot2':
  method         from 
  [.quosures     rlang
  c.quosures     rlang
  print.quosures rlang

Attaching package: ‘caret’

The following object is masked from ‘package:pls’:

    R2

Loading required package: Matrix
Loading required package: foreach
Loaded glmnet 2.0-18

Parsed with column specification:
cols(
  .default = col_double()
)
See spec(...) for full column specifications.
Parsed with column specification:
cols(
  X1 = col_double()
)
Parsed with column specification:
cols(
  X1 = col_double()
)
numeric(0)
Algorithm converged after  1  iterations.
[1] 0.0003124763
Algorithm converged after  2  iterations.
[1] 0.0004061936
Algorithm converged after  2  iterations.
[1] 0.0008843715
Algorithm converged after  2  iterations.
[1] 0.0003124763 0.0001121936
Algorithm converged after  2  iterations.
[1] 0.0004061936 0.0000816104
Algorithm converged after  2  iterations.
[1] 8.843715e-04 7.104213e-05
Algorithm converged after  2  iterations.
[1] 0.0003124763 0.0004061936
Algorithm converged after  2  iterations.
[1] 0.0003124763 0.0008843715
Algorithm converged after  2  iterations.
[1] 0.0004061936 0.0008843715
Algorithm converged after  2  iterations.
[1] 0.0003124763 0.0001121936 0.0004061936
Algorithm converged after  2  iterations.
[1] 0.0003124763 0.0001121936 0.0008843715
Algorithm converged after  2  iterations.
[1] 0.0003124763 0.0004061936 0.0000816104
Algorithm converged after  2  iterations.
[1] 3.124763e-04 8.843715e-04 7.104213e-05
Algorithm converged after  2  iterations.
[1] 0.0004061936 0.0000816104 0.0008843715
Algorithm converged after  2  iterations.
[1] 4.061936e-04 8.843715e-04 7.104213e-05
Algorithm converged after  2  iterations.
[1] 0.0003124763 0.0004061936 0.0008843715
Algorithm converged after  2  iterations.
[1] 0.0003124763 0.0001121936 0.0004061936 0.0000816104
Algorithm converged after  2  iterations.
[1] 3.124763e-04 1.121936e-04 8.843715e-04 7.104213e-05
Algorithm converged after  2  iterations.
[1] 4.061936e-04 8.161040e-05 8.843715e-04 7.104213e-05
Algorithm converged after  2  iterations.
[1] 0.0003124763 0.0001121936 0.0004061936 0.0008843715
Algorithm converged after  2  iterations.
[1] 0.0003124763 0.0004061936 0.0000816104 0.0008843715
Algorithm converged after  2  iterations.
[1] 3.124763e-04 4.061936e-04 8.843715e-04 7.104213e-05
Algorithm converged after  2  iterations.
[1] 0.00253175
Algorithm converged after  2  iterations.
[1] 0.0025317497 0.0001639671
[1] 0.0031803994 0.0002357827
Algorithm converged after  11  iterations.
[1] 0.0025317497 0.0001929964
Algorithm converged after  8  iterations.
[1] 0.0025317497 0.0001984711
[1] 0.0029588246 0.0004869565
Algorithm converged after  11  iterations.
[1] 2.531750e-03 1.639671e-04 4.186118e-05
[1] 3.351553e-03 1.760913e-04 3.975124e-05
Algorithm converged after  11  iterations.
[1] 0.0025317497 0.0001929964 0.0000780514
[1] 3.421890e-03 2.175010e-04 8.256981e-05
Algorithm converged after  15  iterations.
[1] 2.531750e-03 1.984711e-04 5.871727e-05
[1] 3.280928e-03 2.090650e-04 6.711522e-05
Algorithm converged after  13  iterations.
[1] 0.0025317497 0.0001639671 0.0001929964
[1] 0.0042017076 0.0002887999 0.0004703253
Algorithm converged after  11  iterations.
[1] 0.0025317497 0.0001639671 0.0001984711
[1] 0.0043655874 0.0002032360 0.0004509473
[1] 0.0043669291 0.0002032596 0.0004516728
Algorithm converged after  24  iterations.
[1] 0.0025317497 0.0001929964 0.0001984711
Algorithm converged after  10  iterations.
[1] 2.531750e-03 1.639671e-04 4.186118e-05 1.929964e-04
[1] 5.002805e-03 2.557571e-04 9.831224e-05 4.179021e-04
[1] 5.004827e-03 2.558683e-04 9.839119e-05 4.181378e-04
Algorithm converged after  21  iterations.
[1] 2.531750e-03 1.639671e-04 4.186118e-05 1.984711e-04
[1] 3.770126e-03 1.849326e-04 3.949464e-05 6.371769e-04
Algorithm converged after  11  iterations.
[1] 0.0025317497 0.0001639671 0.0001929964 0.0000780514
[1] 6.280882e-03 2.794596e-04 3.784769e-04 9.378988e-05
Algorithm converged after  20  iterations.
[1] 2.531750e-03 1.639671e-04 1.984711e-04 5.871727e-05
[1] 0.0055147733 0.0002392052 0.0002711164 0.0001043150
Algorithm converged after  16  iterations.
[1] 0.0025317497 0.0001929964 0.0000780514 0.0001984711
[1] 3.958965e-03 2.223354e-04 8.757823e-05 4.409358e-04
Algorithm converged after  18  iterations.
[1] 2.531750e-03 1.929964e-04 1.984711e-04 5.871727e-05
[1] 3.992438e-03 2.783034e-04 2.178220e-04 7.825564e-05
Algorithm converged after  13  iterations.
[1] 0.0025317497 0.0001639671 0.0001929964 0.0001984711
[1] 0.0048676031 0.0002408967 0.0003811447 0.0001412665
Algorithm converged after  17  iterations.
[1] 0.002531750 0.000236152
Algorithm converged after  2  iterations.
[1] 2.53175e-03 2.36152e-04 9.25694e-05
[1] 0.0026575114 0.0002625257 0.0001585488
Algorithm converged after  17  iterations.
[1] 0.0025317497 0.0002361520 0.0001120299
[1] 0.0028550138 0.0002313762 0.0001792771
Algorithm converged after  11  iterations.
[1] 0.0025317497 0.0002361520 0.0001106886
[1] 0.0027645799 0.0002569683 0.0001556847
Algorithm converged after  13  iterations.
[1] 2.531750e-03 2.361520e-04 9.256940e-05 3.166554e-05
Algorithm converged after  10  iterations.
[1] 2.531750e-03 2.361520e-04 1.120299e-04 4.132813e-05
Algorithm converged after  10  iterations.
[1] 2.531750e-03 2.361520e-04 1.106886e-04 5.222158e-05
[1] 2.038483e-03 5.040529e-04 2.396867e-04 4.574874e-05
[1] 2.038769e-03 5.044230e-04 2.398645e-04 4.577563e-05
Algorithm converged after  23  iterations.
[1] 0.0025317497 0.0002361520 0.0000925694 0.0001120299
[1] 0.0029503139 0.0002535858 0.0001466727 0.0001316964
[1] 0.0029498220 0.0002536430 0.0001467361 0.0001317713
Algorithm converged after  24  iterations.
[1] 0.0025317497 0.0002361520 0.0000925694 0.0001106886
[1] 0.0028932793 0.0002672106 0.0001392786 0.0001095647
Algorithm converged after  17  iterations.
[1] 0.0025317497 0.0002361520 0.0001120299 0.0001106886
[1] 0.0030899876 0.0002205026 0.0002170701 0.0002919934
Algorithm converged after  15  iterations.
numeric(0)
Algorithm converged after  1  iterations.
[1] 0.0003698357
Algorithm converged after  2  iterations.
[1] 0.0005485842
Algorithm converged after  2  iterations.
[1] 0.0008670585
Algorithm converged after  2  iterations.
[1] 0.0003698357 0.0001145851
Algorithm converged after  2  iterations.
[1] 5.485842e-04 8.127245e-05
Algorithm converged after  2  iterations.
[1] 8.670585e-04 8.585576e-05
Algorithm converged after  2  iterations.
[1] 0.0003698357 0.0005485842
Algorithm converged after  2  iterations.
[1] 0.0003698357 0.0008670585
Algorithm converged after  2  iterations.
[1] 0.0005485842 0.0008670585
Algorithm converged after  2  iterations.
[1] 0.0003698357 0.0001145851 0.0005485842
Algorithm converged after  2  iterations.
[1] 0.0003698357 0.0001145851 0.0008670585
Algorithm converged after  2  iterations.
[1] 3.698357e-04 5.485842e-04 8.127245e-05
Algorithm converged after  2  iterations.
[1] 3.698357e-04 8.670585e-04 8.585576e-05
Algorithm converged after  2  iterations.
[1] 5.485842e-04 8.127245e-05 8.670585e-04
Algorithm converged after  2  iterations.
[1] 5.485842e-04 8.670585e-04 8.585576e-05
Algorithm converged after  2  iterations.
[1] 0.0003698357 0.0005485842 0.0008670585
Algorithm converged after  2  iterations.
[1] 3.698357e-04 1.145851e-04 5.485842e-04 8.127245e-05
Algorithm converged after  2  iterations.
[1] 3.698357e-04 1.145851e-04 8.670585e-04 8.585576e-05
Algorithm converged after  2  iterations.
[1] 5.485842e-04 8.127245e-05 8.670585e-04 8.585576e-05
Algorithm converged after  2  iterations.
[1] 0.0003698357 0.0001145851 0.0005485842 0.0008670585
Algorithm converged after  2  iterations.
[1] 3.698357e-04 5.485842e-04 8.127245e-05 8.670585e-04
Algorithm converged after  2  iterations.
[1] 3.698357e-04 5.485842e-04 8.670585e-04 8.585576e-05
Algorithm converged after  2  iterations.
[1] 0.002974568
Algorithm converged after  2  iterations.
[1] 0.0029745678 0.0001721915
[1] 0.0037726374 0.0002475793
Algorithm converged after  13  iterations.
[1] 0.0029745678 0.0001884927
Algorithm converged after  7  iterations.
[1] 0.0029745678 0.0001713105
[1] 0.0035035713 0.0005820101
Algorithm converged after  12  iterations.
[1] 2.974568e-03 1.721915e-04 3.986711e-05
[1] 3.911562e-03 1.893383e-04 3.842859e-05
Algorithm converged after  14  iterations.
[1] 2.974568e-03 1.884927e-04 7.510052e-05
[1] 3.405129e-03 1.935331e-04 7.675087e-05
Algorithm converged after  13  iterations.
[1] 2.974568e-03 1.713105e-04 7.984383e-05
[1] 3.851113e-03 1.750872e-04 8.887056e-05
Algorithm converged after  11  iterations.
[1] 0.0029745678 0.0001721915 0.0001884927
[1] 0.0049003154 0.0002955092 0.0004539807
Algorithm converged after  13  iterations.
[1] 0.0029745678 0.0001721915 0.0001713105
[1] 0.0051734598 0.0002224479 0.0006143719
[1] 0.0051815438 0.0002227055 0.0006213671
[1] 0.0051816733 0.0002227097 0.0006214804
Algorithm converged after  33  iterations.
[1] 0.0029745678 0.0001884927 0.0001713105
[1] 0.0036831281 0.0002031137 0.0002703251
Algorithm converged after  11  iterations.
[1] 2.974568e-03 1.721915e-04 3.986711e-05 1.884927e-04
[1] 5.549582e-03 2.650857e-04 8.418162e-05 3.872906e-04
Algorithm converged after  19  iterations.
[1] 2.974568e-03 1.721915e-04 3.986711e-05 1.713105e-04
[1] 4.557436e-03 2.029605e-04 3.873951e-05 7.059884e-04
Algorithm converged after  15  iterations.
[1] 2.974568e-03 1.721915e-04 1.884927e-04 7.510052e-05
[1] 6.184220e-03 2.698312e-04 3.222729e-04 8.203374e-05
Algorithm converged after  17  iterations.
[1] 2.974568e-03 1.721915e-04 1.713105e-04 7.984383e-05
[1] 5.154033e-03 2.820555e-04 1.368521e-04 3.554754e-05
Algorithm converged after  20  iterations.
[1] 2.974568e-03 1.884927e-04 7.510052e-05 1.713105e-04
[1] 3.776114e-03 1.815289e-04 8.116193e-05 4.173549e-04
Algorithm converged after  15  iterations.
[1] 2.974568e-03 1.884927e-04 1.713105e-04 7.984383e-05
[1] 0.0045351631 0.0002888814 0.0001495337 0.0000689469
[1] 4.540938e-03 2.942639e-04 1.454096e-04 6.021234e-05
[1] 4.542017e-03 2.970430e-04 1.435435e-04 5.658717e-05
[1] 4.542026e-03 2.981138e-04 1.428577e-04 5.530975e-05
[1] 4.541967e-03 2.984467e-04 1.426470e-04 5.492386e-05
[1] 4.541939e-03 2.985410e-04 1.425872e-04 5.481514e-05
[1] 4.541932e-03 2.985671e-04 1.425708e-04 5.478516e-05
[1] 4.541930e-03 2.985743e-04 1.425662e-04 5.477694e-05
[1] 4.541930e-03 2.985762e-04 1.425650e-04 5.477469e-05
Algorithm converged after  97  iterations.
[1] 0.0029745678 0.0001721915 0.0001884927 0.0001713105
[1] 0.0059639329 0.0002644807 0.0003596940 0.0001807929
Algorithm converged after  16  iterations.
[1] 0.0029745678 0.0002588291
Algorithm converged after  2  iterations.
[1] 2.974568e-03 2.588291e-04 8.830726e-05
[1] 0.0030942370 0.0002662491 0.0001556311
Algorithm converged after  18  iterations.
[1] 0.0029745678 0.0002588291 0.0001179966
Algorithm converged after  10  iterations.
[1] 0.0029745678 0.0002588291 0.0001193252
[1] 0.0032819648 0.0002693358 0.0002700501
[1] 0.0032831996 0.0002692616 0.0002712254
Algorithm converged after  29  iterations.
[1] 2.974568e-03 2.588291e-04 8.830726e-05 2.934130e-05
Algorithm converged after  9  iterations.
[1] 2.974568e-03 2.588291e-04 1.179966e-04 4.878091e-05
[1] 2.606838e-03 3.460251e-04 1.177498e-04 3.267504e-05
Algorithm converged after  14  iterations.
[1] 2.974568e-03 2.588291e-04 1.193252e-04 7.045899e-05
[1] 2.550168e-03 5.650442e-04 2.366458e-04 5.512748e-05
[1] 2.550271e-03 5.658324e-04 2.370777e-04 5.518889e-05
Algorithm converged after  25  iterations.
[1] 2.974568e-03 2.588291e-04 8.830726e-05 1.179966e-04
[1] 0.0033360813 0.0002513482 0.0001396637 0.0001309242
[1] 0.0033353763 0.0002514211 0.0001397479 0.0001310417
Algorithm converged after  23  iterations.
[1] 2.974568e-03 2.588291e-04 8.830726e-05 1.193252e-04
[1] 0.0034005641 0.0002682962 0.0001428644 0.0001169433
Algorithm converged after  18  iterations.
[1] 0.0029745678 0.0002588291 0.0001179966 0.0001193252
[1] 0.0035321922 0.0002598249 0.0002082744 0.0003145526
Algorithm converged after  19  iterations.
numeric(0)
Algorithm converged after  1  iterations.
[1] 0.0003715796
Algorithm converged after  2  iterations.
[1] 0.0004874199
Algorithm converged after  2  iterations.
[1] 0.00082301
Algorithm converged after  2  iterations.
[1] 0.0003715796 0.0001090731
Algorithm converged after  2  iterations.
[1] 4.874199e-04 7.834942e-05
Algorithm converged after  2  iterations.
[1] 8.230100e-04 9.008016e-05
Algorithm converged after  2  iterations.
[1] 0.0003715796 0.0004874199
Algorithm converged after  2  iterations.
[1] 0.0003715796 0.0008230100
Algorithm converged after  2  iterations.
[1] 0.0004874199 0.0008230100
Algorithm converged after  2  iterations.
[1] 0.0003715796 0.0001090731 0.0004874199
Algorithm converged after  2  iterations.
[1] 0.0003715796 0.0001090731 0.0008230100
Algorithm converged after  2  iterations.
[1] 3.715796e-04 4.874199e-04 7.834942e-05
Algorithm converged after  2  iterations.
[1] 3.715796e-04 8.230100e-04 9.008016e-05
Algorithm converged after  2  iterations.
[1] 4.874199e-04 7.834942e-05 8.230100e-04
Algorithm converged after  2  iterations.
[1] 4.874199e-04 8.230100e-04 9.008016e-05
Algorithm converged after  2  iterations.
[1] 0.0003715796 0.0004874199 0.0008230100
Algorithm converged after  2  iterations.
[1] 3.715796e-04 1.090731e-04 4.874199e-04 7.834942e-05
Algorithm converged after  2  iterations.
[1] 3.715796e-04 1.090731e-04 8.230100e-04 9.008016e-05
Algorithm converged after  2  iterations.
[1] 4.874199e-04 7.834942e-05 8.230100e-04 9.008016e-05
Algorithm converged after  2  iterations.
[1] 0.0003715796 0.0001090731 0.0004874199 0.0008230100
Algorithm converged after  2  iterations.
[1] 3.715796e-04 4.874199e-04 7.834942e-05 8.230100e-04
Algorithm converged after  2  iterations.
[1] 3.715796e-04 4.874199e-04 8.230100e-04 9.008016e-05
Algorithm converged after  2  iterations.
[1] 0.002710135
Algorithm converged after  2  iterations.
[1] 0.0027101347 0.0001468025
[1] 0.0032632237 0.0001962959
Algorithm converged after  13  iterations.
[1] 0.0027101347 0.0002406169
Algorithm converged after  9  iterations.
[1] 0.0027101347 0.0002112931
[1] 0.0033270771 0.0007360796
Algorithm converged after  13  iterations.
[1] 2.710135e-03 1.468025e-04 3.830213e-05
[1] 3.026814e-03 1.492693e-04 3.726173e-05
Algorithm converged after  16  iterations.
[1] 2.710135e-03 2.406169e-04 7.824991e-05
[1] 3.408988e-03 2.602601e-04 8.180487e-05
Algorithm converged after  14  iterations.
[1] 2.710135e-03 2.112931e-04 8.644655e-05
Algorithm converged after  10  iterations.
[1] 0.0027101347 0.0001468025 0.0002406169
[1] 0.0043081637 0.0002315448 0.0005150522
Algorithm converged after  12  iterations.
[1] 0.0027101347 0.0001468025 0.0002112931
[1] 0.0043967495 0.0001936965 0.0013059652
[1] 0.0044010609 0.0001953722 0.0013422247
[1] 0.0044010555 0.0001953986 0.0013428071
Algorithm converged after  34  iterations.
[1] 0.0027101347 0.0002406169 0.0002112931
[1] 0.0035594010 0.0002691463 0.0003465165
Algorithm converged after  11  iterations.
[1] 2.710135e-03 1.468025e-04 3.830213e-05 2.406169e-04
[1] 0.0042161047 0.0001772423 0.0000515452 0.0003808023
[1] 4.225310e-03 1.774946e-04 5.168952e-05 3.817049e-04
Algorithm converged after  30  iterations.
[1] 2.710135e-03 1.468025e-04 3.830213e-05 2.112931e-04
[1] 3.801813e-03 1.610020e-04 4.013569e-05 7.968695e-04
Algorithm converged after  16  iterations.
[1] 2.710135e-03 1.468025e-04 2.406169e-04 7.824991e-05
[1] 5.584719e-03 2.039318e-04 3.953092e-04 8.722736e-05
[1] 5.588644e-03 2.040396e-04 3.956166e-04 8.723906e-05
Algorithm converged after  21  iterations.
[1] 2.710135e-03 1.468025e-04 2.112931e-04 8.644655e-05
[1] 0.0053297570 0.0001959285 0.0002510840 0.0001340308
Algorithm converged after  17  iterations.
[1] 2.710135e-03 2.406169e-04 7.824991e-05 2.112931e-04
[1] 3.995330e-03 2.579209e-04 8.837611e-05 5.500239e-04
Algorithm converged after  18  iterations.
[1] 2.710135e-03 2.406169e-04 2.112931e-04 8.644655e-05
[1] 0.0045541361 0.0003588819 0.0002282678 0.0001178835
Algorithm converged after  13  iterations.
[1] 0.0027101347 0.0001468025 0.0002406169 0.0002112931
[1] 0.0049437677 0.0001892650 0.0003962146 0.0002173631
[1] 0.0049446610 0.0001892967 0.0003963632 0.0002172263
Algorithm converged after  21  iterations.
[1] 0.0027101347 0.0002376836
Algorithm converged after  2  iterations.
[1] 0.0027101347 0.0002376836 0.0001081513
[1] 0.0027462197 0.0002753365 0.0001791282
Algorithm converged after  16  iterations.
[1] 0.0027101347 0.0002376836 0.0001246343
Algorithm converged after  10  iterations.
[1] 2.710135e-03 2.376836e-04 9.087908e-05
[1] 2.893664e-03 2.691702e-04 9.183398e-05
Algorithm converged after  19  iterations.
[1] 2.710135e-03 2.376836e-04 1.081513e-04 3.239388e-05
Algorithm converged after  9  iterations.
[1] 2.710135e-03 2.376836e-04 1.246343e-04 6.109742e-05
[1] 2.356551e-03 3.179060e-04 1.195644e-04 3.835067e-05
Algorithm converged after  15  iterations.
[1] 2.710135e-03 2.376836e-04 9.087908e-05 4.155737e-05
[1] 2.378199e-03 4.401476e-04 1.577597e-04 3.747586e-05
Algorithm converged after  18  iterations.
[1] 0.0027101347 0.0002376836 0.0001081513 0.0001246343
[1] 0.0030513529 0.0002393555 0.0001601346 0.0001348195
Algorithm converged after  20  iterations.
[1] 2.710135e-03 2.376836e-04 1.081513e-04 9.087908e-05
[1] 0.0028156261 0.0004358470 0.0001444094 0.0001911287
[1] 0.0028228317 0.0004310457 0.0001447448 0.0001871118
[1] 0.0028227573 0.0004310694 0.0001447401 0.0001871330
Algorithm converged after  32  iterations.
[1] 2.710135e-03 2.376836e-04 1.246343e-04 9.087908e-05
[1] 0.0032912111 0.0002117794 0.0002721824 0.0001791814
Algorithm converged after  18  iterations.
numeric(0)
Algorithm converged after  1  iterations.
[1] 0.0003791588
Algorithm converged after  2  iterations.
[1] 0.0004073924
Algorithm converged after  2  iterations.
[1] 0.0006246969
Algorithm converged after  2  iterations.
[1] 0.0003791588 0.0001117438
Algorithm converged after  2  iterations.
[1] 4.073924e-04 8.281373e-05
Algorithm converged after  2  iterations.
[1] 0.0006246969 0.0001218157
Algorithm converged after  2  iterations.
[1] 0.0003791588 0.0004073924
Algorithm converged after  2  iterations.
[1] 0.0003791588 0.0006246969
Algorithm converged after  2  iterations.
[1] 0.0004073924 0.0006246969
Algorithm converged after  2  iterations.
[1] 0.0003791588 0.0001117438 0.0004073924
Algorithm converged after  2  iterations.
[1] 0.0003791588 0.0001117438 0.0006246969
Algorithm converged after  2  iterations.
[1] 3.791588e-04 4.073924e-04 8.281373e-05
Algorithm converged after  2  iterations.
[1] 0.0003791588 0.0006246969 0.0001218157
Algorithm converged after  2  iterations.
[1] 4.073924e-04 8.281373e-05 6.246969e-04
Algorithm converged after  2  iterations.
[1] 0.0004073924 0.0006246969 0.0001218157
Algorithm converged after  2  iterations.
[1] 0.0003791588 0.0004073924 0.0006246969
Algorithm converged after  2  iterations.
[1] 3.791588e-04 1.117438e-04 4.073924e-04 8.281373e-05
Algorithm converged after  2  iterations.
[1] 0.0003791588 0.0001117438 0.0006246969 0.0001218157
Algorithm converged after  2  iterations.
[1] 4.073924e-04 8.281373e-05 6.246969e-04 1.218157e-04
Algorithm converged after  2  iterations.
[1] 0.0003791588 0.0001117438 0.0004073924 0.0006246969
Algorithm converged after  2  iterations.
[1] 3.791588e-04 4.073924e-04 8.281373e-05 6.246969e-04
Algorithm converged after  2  iterations.
[1] 0.0003791588 0.0004073924 0.0006246969 0.0001218157
Algorithm converged after  2  iterations.
[1] 0.002095544
Algorithm converged after  2  iterations.
[1] 0.0020955438 0.0001600232
Algorithm converged after  8  iterations.
[1] 0.0020955438 0.0002935325
Algorithm converged after  9  iterations.
[1] 0.0020955438 0.0001208195
[1] 0.002345779 0.000605517
Algorithm converged after  12  iterations.
[1] 2.095544e-03 1.600232e-04 6.044081e-05
[1] 2.732309e-03 1.736766e-04 6.225761e-05
Algorithm converged after  17  iterations.
[1] 2.095544e-03 2.935325e-04 8.164426e-05
[1] 3.137802e-03 3.536057e-04 8.815162e-05
Algorithm converged after  16  iterations.
[1] 2.095544e-03 1.208195e-04 7.723737e-05
[1] 2.817136e-03 1.339536e-04 8.470077e-05
Algorithm converged after  16  iterations.
[1] 0.0020955438 0.0001600232 0.0002935325
[1] 0.0041601685 0.0003244790 0.0005945628
Algorithm converged after  15  iterations.
[1] 0.0020955438 0.0001600232 0.0001208195
[1] 0.0030859720 0.0001926171 0.0001494161
Algorithm converged after  16  iterations.
[1] 0.0020955438 0.0002935325 0.0001208195
Algorithm converged after  8  iterations.
[1] 2.095544e-03 1.600232e-04 6.044081e-05 2.935325e-04
[1] 0.0045329018 0.0002884963 0.0001070701 0.0005453932
Algorithm converged after  20  iterations.
[1] 2.095544e-03 1.600232e-04 6.044081e-05 1.208195e-04
[1] 2.720844e-03 1.638365e-04 3.836428e-05 6.200163e-04
Algorithm converged after  12  iterations.
[1] 2.095544e-03 1.600232e-04 2.935325e-04 8.164426e-05
[1] 4.948422e-03 2.915822e-04 4.933884e-04 9.275488e-05
Algorithm converged after  16  iterations.
[1] 2.095544e-03 1.600232e-04 1.208195e-04 7.723737e-05
[1] 3.725098e-03 2.581460e-04 1.148615e-04 2.514564e-05
Algorithm converged after  16  iterations.
[1] 2.095544e-03 2.935325e-04 8.164426e-05 1.208195e-04
[1] 3.226070e-03 3.447614e-04 9.260151e-05 2.509188e-04
Algorithm converged after  17  iterations.
[1] 2.095544e-03 2.935325e-04 1.208195e-04 7.723737e-05
[1] 3.696082e-03 4.707551e-04 1.181308e-04 2.903267e-05
Algorithm converged after  16  iterations.
[1] 0.0020955438 0.0001600232 0.0002935325 0.0001208195
[1] 0.0064045012 0.0006522943 0.0010073469 0.0012196138
[1] 0.0073344983 0.0007656385 0.0011423344 0.0016851675
[1] 0.0075047416 0.0007869015 0.0011672865 0.0017686876
[1] 0.0075355643 0.0007907672 0.0011718131 0.0017838191
[1] 0.0075411537 0.0007914687 0.0011726343 0.0017865635
[1] 0.007542168 0.000791596 0.001172783 0.001787061
[1] 0.0075423516 0.0007916191 0.0011728103 0.0017871516
Algorithm converged after  76  iterations.
[1] 0.002095544 0.000248639
Algorithm converged after  2  iterations.
[1] 0.0020955438 0.0002486390 0.0001009578
[1] 0.001937787 0.000264111 0.000178160
Algorithm converged after  20  iterations.
[1] 0.0020955438 0.0002486390 0.0001111127
[1] 0.0024853726 0.0002975610 0.0002297982
Algorithm converged after  12  iterations.
[1] 0.0020955438 0.0002486390 0.0004050738
[1] 0.0023347777 0.0004174854 0.0020704253
Algorithm converged after  19  iterations.
[1] 2.095544e-03 2.486390e-04 1.009578e-04 3.143991e-05
[1] 1.863399e-03 2.256242e-04 9.814218e-05 2.977123e-05
Algorithm converged after  11  iterations.
[1] 2.095544e-03 2.486390e-04 1.111127e-04 4.081473e-05
[1] 0.0017814741 0.0003126890 0.0001079896 0.0000269063
Algorithm converged after  12  iterations.
[1] 2.095544e-03 2.486390e-04 4.050738e-04 7.241701e-05
[1] 0.0016844769 0.0005082489 0.0005833772 0.0002292843
[1] 0.0016840574 0.0005087728 0.0005842123 0.0002297083
Algorithm converged after  25  iterations.
[1] 0.0020955438 0.0002486390 0.0001009578 0.0001111127
[1] 0.0028453467 0.0002802577 0.0001446729 0.0002547386
[1] 0.0028286137 0.0002778767 0.0001439786 0.0002541932
[1] 0.0028134598 0.0002772106 0.0001435395 0.0002523699
[1] 0.0028085598 0.0002770465 0.0001434054 0.0002517320
[1] 0.0028073496 0.0002770107 0.0001433731 0.0002515700
[1] 0.0028070867 0.0002770034 0.0001433662 0.0002515343
[1] 0.0028070340 0.0002770020 0.0001433648 0.0002515271
Algorithm converged after  73  iterations.
[1] 0.0020955438 0.0002486390 0.0001009578 0.0004050738
[1] 0.0021559659 0.0005862470 0.0002805912 0.0028888430
[1] 0.0021573593 0.0005876788 0.0002814414 0.0028977919
Algorithm converged after  26  iterations.
[1] 0.0020955438 0.0002486390 0.0001111127 0.0004050738
[1] 0.0023131008 0.0005005062 0.0001387659 0.0021906239
[1] 0.0020568076 0.0006388900 0.0001524813 0.0029436807
[1] 0.0020566336 0.0006388390 0.0001524763 0.0029430431
Algorithm converged after  33  iterations.
numeric(0)
Algorithm converged after  1  iterations.
[1] 0.0003380144
Algorithm converged after  2  iterations.
[1] 0.0002785532
Algorithm converged after  2  iterations.
[1] 0.0008227521
Algorithm converged after  2  iterations.
[1] 0.0003380144 0.0001116025
Algorithm converged after  2  iterations.
[1] 2.785532e-04 7.720558e-05
Algorithm converged after  2  iterations.
[1] 8.227521e-04 8.837692e-05
Algorithm converged after  2  iterations.
[1] 0.0003380144 0.0002785532
Algorithm converged after  2  iterations.
[1] 0.0003380144 0.0008227521
Algorithm converged after  2  iterations.
[1] 0.0002785532 0.0008227521
Algorithm converged after  2  iterations.
[1] 0.0003380144 0.0001116025 0.0002785532
Algorithm converged after  2  iterations.
[1] 0.0003380144 0.0001116025 0.0008227521
Algorithm converged after  2  iterations.
[1] 3.380144e-04 2.785532e-04 7.720558e-05
Algorithm converged after  2  iterations.
[1] 3.380144e-04 8.227521e-04 8.837692e-05
Algorithm converged after  2  iterations.
[1] 2.785532e-04 7.720558e-05 8.227521e-04
Algorithm converged after  2  iterations.
[1] 2.785532e-04 8.227521e-04 8.837692e-05
Algorithm converged after  2  iterations.
[1] 0.0003380144 0.0002785532 0.0008227521
Algorithm converged after  2  iterations.
[1] 3.380144e-04 1.116025e-04 2.785532e-04 7.720558e-05
Algorithm converged after  2  iterations.
[1] 3.380144e-04 1.116025e-04 8.227521e-04 8.837692e-05
Algorithm converged after  2  iterations.
[1] 2.785532e-04 7.720558e-05 8.227521e-04 8.837692e-05
Algorithm converged after  2  iterations.
[1] 0.0003380144 0.0001116025 0.0002785532 0.0008227521
Algorithm converged after  2  iterations.
[1] 3.380144e-04 2.785532e-04 7.720558e-05 8.227521e-04
Algorithm converged after  2  iterations.
[1] 3.380144e-04 2.785532e-04 8.227521e-04 8.837692e-05
Algorithm converged after  2  iterations.
[1] 0.0024099
Algorithm converged after  2  iterations.
[1] 0.002409900 0.000129135
[1] 0.0032632698 0.0001888069
Algorithm converged after  11  iterations.
[1] 0.0024099003 0.0001432822
Algorithm converged after  9  iterations.
[1] 0.0024099003 0.0001082564
[1] 0.0029960545 0.0006223472
Algorithm converged after  13  iterations.
[1] 2.409900e-03 1.291350e-04 3.899122e-05
Algorithm converged after  10  iterations.
[1] 2.409900e-03 1.432822e-04 7.333318e-05
[1] 3.431126e-03 1.751938e-04 8.107335e-05
Algorithm converged after  13  iterations.
[1] 2.409900e-03 1.082564e-04 6.812346e-05
[1] 3.144092e-03 1.210859e-04 6.843622e-05
Algorithm converged after  16  iterations.
[1] 0.0024099003 0.0001291350 0.0001432822
[1] 0.0044239422 0.0002714814 0.0003894834
Algorithm converged after  12  iterations.
[1] 0.0024099003 0.0001291350 0.0001082564
[1] 0.0041686676 0.0001656377 0.0003746424
[1] 0.0041694511 0.0001656416 0.0003754467
Algorithm converged after  27  iterations.
[1] 0.0024099003 0.0001432822 0.0001082564
Algorithm converged after  9  iterations.
[1] 2.409900e-03 1.291350e-04 3.899122e-05 1.432822e-04
[1] 5.026437e-03 2.402344e-04 9.141605e-05 3.475546e-04
Algorithm converged after  19  iterations.
[1] 2.409900e-03 1.291350e-04 3.899122e-05 1.082564e-04
[1] 3.730572e-03 1.479438e-04 3.409733e-05 7.591580e-04
Algorithm converged after  15  iterations.
[1] 2.409900e-03 1.291350e-04 1.432822e-04 7.333318e-05
[1] 5.662369e-03 2.435428e-04 3.023617e-04 9.074511e-05
Algorithm converged after  16  iterations.
[1] 2.409900e-03 1.291350e-04 1.082564e-04 6.812346e-05
[1] 4.320208e-03 2.171248e-04 1.247376e-04 3.656741e-05
[1] 4.340666e-03 2.183428e-04 1.250259e-04 3.682275e-05
Algorithm converged after  21  iterations.
[1] 2.409900e-03 1.432822e-04 7.333318e-05 1.082564e-04
[1] 3.953179e-03 1.625412e-04 8.672764e-05 4.203775e-04
Algorithm converged after  15  iterations.
[1] 2.409900e-03 1.432822e-04 1.082564e-04 6.812346e-05
[1] 3.778641e-03 2.610849e-04 1.132683e-04 3.048515e-05
[1] 3.778113e-03 2.609450e-04 1.132594e-04 3.048522e-05
Algorithm converged after  25  iterations.
[1] 0.0024099003 0.0001291350 0.0001432822 0.0001082564
[1] 0.0060152280 0.0005204055 0.0006722000 0.0012467048
[1] 0.0062903373 0.0005515959 0.0007084514 0.0013595017
[1] 0.0063007424 0.0005528071 0.0007098430 0.0013636078
[1] 0.0063011446 0.0005528540 0.0007098968 0.0013637665
Algorithm converged after  43  iterations.
[1] 0.0024099003 0.0002264773
Algorithm converged after  2  iterations.
[1] 2.409900e-03 2.264773e-04 8.118636e-05
[1] 0.0026565956 0.0002500895 0.0001394895
Algorithm converged after  17  iterations.
[1] 0.0024099003 0.0002264773 0.0001033240
Algorithm converged after  10  iterations.
[1] 0.0024099003 0.0002264773 0.0001384889
[1] 0.0030857467 0.0002695712 0.0011072136
[1] 0.0030928872 0.0002702334 0.0011179097
Algorithm converged after  27  iterations.
[1] 2.409900e-03 2.264773e-04 8.118636e-05 2.776683e-05
Algorithm converged after  9  iterations.
[1] 2.409900e-03 2.264773e-04 1.033240e-04 3.361308e-05
Algorithm converged after  10  iterations.
[1] 2.409900e-03 2.264773e-04 1.384889e-04 7.231405e-05
[1] 2.022283e-03 6.856736e-04 4.144972e-04 8.319263e-05
[1] 2.025592e-03 6.961577e-04 4.234234e-04 8.430316e-05
[1] 2.025671e-03 6.963453e-04 4.235810e-04 8.432114e-05
Algorithm converged after  34  iterations.
[1] 2.409900e-03 2.264773e-04 8.118636e-05 1.033240e-04
[1] 0.0032049083 0.0002643455 0.0001125055 0.0001251383
[1] 0.0032049244 0.0002643606 0.0001125102 0.0001252240
Algorithm converged after  27  iterations.
[1] 2.409900e-03 2.264773e-04 8.118636e-05 1.384889e-04
[1] 0.0031811032 0.0003628804 0.0002328483 0.0018922936
[1] 0.0031880852 0.0003645286 0.0002340723 0.0019051050
Algorithm converged after  26  iterations.
[1] 0.0024099003 0.0002264773 0.0001033240 0.0001384889
[1] 0.0031268756 0.0002838249 0.0001573385 0.0005704993
[1] 0.0031290898 0.0002889926 0.0001572005 0.0005979948
[1] 0.0031292704 0.0002902431 0.0001571570 0.0006045968
[1] 0.0031292976 0.0002905939 0.0001571440 0.0006064476
[1] 0.0031293037 0.0002906964 0.0001571401 0.0006069883
[1] 0.0031293053 0.0002907267 0.0001571389 0.0006071481
[1] 0.0031293058 0.0002907357 0.0001571386 0.0006071956
[1] 0.0031293059 0.0002907384 0.0001571385 0.0006072097
Algorithm converged after  83  iterations.
numeric(0)
Algorithm converged after  1  iterations.
[1] 0.0003645205
Algorithm converged after  2  iterations.
[1] 0.0006000043
Algorithm converged after  2  iterations.
[1] 0.0008861817
Algorithm converged after  2  iterations.
[1] 0.0003645205 0.0001169284
Algorithm converged after  2  iterations.
[1] 6.000043e-04 8.154477e-05
Algorithm converged after  2  iterations.
[1] 0.0008861817 0.0001028610
Algorithm converged after  2  iterations.
[1] 0.0003645205 0.0006000043
Algorithm converged after  2  iterations.
[1] 0.0003645205 0.0008861817
Algorithm converged after  2  iterations.
[1] 0.0006000043 0.0008861817
Algorithm converged after  2  iterations.
[1] 0.0003645205 0.0001169284 0.0006000043
Algorithm converged after  2  iterations.
[1] 0.0003645205 0.0001169284 0.0008861817
Algorithm converged after  2  iterations.
[1] 3.645205e-04 6.000043e-04 8.154477e-05
Algorithm converged after  2  iterations.
[1] 0.0003645205 0.0008861817 0.0001028610
Algorithm converged after  2  iterations.
[1] 6.000043e-04 8.154477e-05 8.861817e-04
Algorithm converged after  2  iterations.
[1] 0.0006000043 0.0008861817 0.0001028610
Algorithm converged after  2  iterations.
[1] 0.0003645205 0.0006000043 0.0008861817
Algorithm converged after  2  iterations.
[1] 3.645205e-04 1.169284e-04 6.000043e-04 8.154477e-05
Algorithm converged after  2  iterations.
[1] 0.0003645205 0.0001169284 0.0008861817 0.0001028610
Algorithm converged after  2  iterations.
[1] 6.000043e-04 8.154477e-05 8.861817e-04 1.028610e-04
Algorithm converged after  2  iterations.
[1] 0.0003645205 0.0001169284 0.0006000043 0.0008861817
Algorithm converged after  2  iterations.
[1] 3.645205e-04 6.000043e-04 8.154477e-05 8.861817e-04
Algorithm converged after  2  iterations.
[1] 0.0003645205 0.0006000043 0.0008861817 0.0001028610
Algorithm converged after  2  iterations.
[1] 0.002985726
Algorithm converged after  2  iterations.
[1] 0.002985726 0.000171248
Algorithm converged after  10  iterations.
[1] 0.0029857259 0.0002219858
Algorithm converged after  7  iterations.
[1] 0.0029857259 0.0002183408
[1] 0.0035418397 0.0007514714
Algorithm converged after  12  iterations.
[1] 2.985726e-03 1.712480e-04 5.317608e-05
[1] 4.215019e-03 1.902086e-04 4.771604e-05
Algorithm converged after  13  iterations.
[1] 2.985726e-03 2.219858e-04 7.834599e-05
[1] 3.325561e-03 2.234072e-04 7.988998e-05
Algorithm converged after  12  iterations.
[1] 2.985726e-03 2.183408e-04 8.851678e-05
Algorithm converged after  10  iterations.
[1] 0.0029857259 0.0001712480 0.0002219858
Algorithm converged after  9  iterations.
[1] 0.0029857259 0.0001712480 0.0002183408
[1] 0.0048964804 0.0002157388 0.0003584197
[1] 0.0048989029 0.0002157410 0.0003594157
[1] 0.0048989647 0.0002157411 0.0003594412
Algorithm converged after  31  iterations.
[1] 0.0029857259 0.0002219858 0.0002183408
[1] 0.0036588432 0.0002323891 0.0003394762
Algorithm converged after  11  iterations.
[1] 2.985726e-03 1.712480e-04 5.317608e-05 2.219858e-04
[1] 0.0057336938 0.0002853529 0.0001269544 0.0004142307
Algorithm converged after  16  iterations.
[1] 2.985726e-03 1.712480e-04 5.317608e-05 2.183408e-04
[1] 4.557274e-03 1.959418e-04 4.078824e-05 8.384096e-04
Algorithm converged after  12  iterations.
[1] 2.985726e-03 1.712480e-04 2.219858e-04 7.834599e-05
[1] 5.586510e-03 2.586203e-04 3.269718e-04 8.245004e-05
Algorithm converged after  16  iterations.
[1] 2.985726e-03 1.712480e-04 2.183408e-04 8.851678e-05
[1] 0.0052178236 0.0003083207 0.0001703774 0.0000282596
[1] 5.093886e-03 2.994767e-04 1.657257e-04 2.824647e-05
[1] 5.093528e-03 2.993785e-04 1.657111e-04 2.825633e-05
Algorithm converged after  40  iterations.
[1] 2.985726e-03 2.219858e-04 7.834599e-05 2.183408e-04
[1] 3.596198e-03 2.097337e-04 8.414659e-05 4.793628e-04
Algorithm converged after  15  iterations.
[1] 2.985726e-03 2.219858e-04 2.183408e-04 8.851678e-05
[1] 0.0047443251 0.0003180308 0.0002130276 0.0001119654
Algorithm converged after  12  iterations.
[1] 0.0029857259 0.0001712480 0.0002219858 0.0002183408
[1] 0.0054680023 0.0002589212 0.0003739664 0.0002110838
Algorithm converged after  12  iterations.
[1] 0.0029857259 0.0002807197
Algorithm converged after  2  iterations.
[1] 0.0029857259 0.0002807197 0.0001015686
[1] 0.0030054183 0.0003182228 0.0001839374
Algorithm converged after  16  iterations.
[1] 0.0029857259 0.0002807197 0.0001172372
Algorithm converged after  10  iterations.
[1] 0.0029857259 0.0002807197 0.0001639353
[1] 0.0035974848 0.0003109463 0.0013006469
Algorithm converged after  18  iterations.
[1] 2.985726e-03 2.807197e-04 1.015686e-04 3.392195e-05
Algorithm converged after  8  iterations.
[1] 2.985726e-03 2.807197e-04 1.172372e-04 4.011176e-05
[1] 0.0025957359 0.0003795241 0.0001191702 0.0000270081
Algorithm converged after  12  iterations.
[1] 2.985726e-03 2.807197e-04 1.639353e-04 7.672663e-05
[1] 2.298496e-03 6.813319e-04 3.418735e-04 6.690504e-05
[1] 2.296300e-03 6.960242e-04 3.514698e-04 6.759136e-05
[1] 2.296174e-03 6.964321e-04 3.517768e-04 6.761518e-05
Algorithm converged after  38  iterations.
[1] 0.0029857259 0.0002807197 0.0001015686 0.0001172372
[1] 0.0033397163 0.0003071983 0.0001585274 0.0001327791
[1] 0.0033386646 0.0003074706 0.0001586924 0.0001326771
Algorithm converged after  24  iterations.
[1] 0.0029857259 0.0002807197 0.0001015686 0.0001639353
[1] 0.0036402295 0.0004187823 0.0002580361 0.0019308580
Algorithm converged after  20  iterations.
[1] 0.0029857259 0.0002807197 0.0001172372 0.0001639353
[1] 0.0033724311 0.0003228180 0.0001795557 0.0008362833
[1] 0.0030684020 0.0004550710 0.0001778468 0.0016537327
[1] 0.0032562634 0.0005440857 0.0001693604 0.0021965691
[1] 0.0032563128 0.0005440643 0.0001693452 0.0021965415
Algorithm converged after  41  iterations.
numeric(0)
Algorithm converged after  1  iterations.
[1] 0.0003595392
Algorithm converged after  2  iterations.
[1] 0.0004068299
Algorithm converged after  2  iterations.
[1] 0.0008767305
Algorithm converged after  2  iterations.
[1] 0.0003595392 0.0001153812
Algorithm converged after  2  iterations.
[1] 4.068299e-04 6.607949e-05
Algorithm converged after  2  iterations.
[1] 8.767305e-04 9.044129e-05
Algorithm converged after  2  iterations.
[1] 0.0003595392 0.0004068299
Algorithm converged after  2  iterations.
[1] 0.0003595392 0.0008767305
Algorithm converged after  2  iterations.
[1] 0.0004068299 0.0008767305
Algorithm converged after  2  iterations.
[1] 0.0003595392 0.0001153812 0.0004068299
Algorithm converged after  2  iterations.
[1] 0.0003595392 0.0001153812 0.0008767305
Algorithm converged after  2  iterations.
[1] 3.595392e-04 4.068299e-04 6.607949e-05
Algorithm converged after  2  iterations.
[1] 3.595392e-04 8.767305e-04 9.044129e-05
Algorithm converged after  2  iterations.
[1] 4.068299e-04 6.607949e-05 8.767305e-04
Algorithm converged after  2  iterations.
[1] 4.068299e-04 8.767305e-04 9.044129e-05
Algorithm converged after  2  iterations.
[1] 0.0003595392 0.0004068299 0.0008767305
Algorithm converged after  2  iterations.
[1] 3.595392e-04 1.153812e-04 4.068299e-04 6.607949e-05
Algorithm converged after  2  iterations.
[1] 3.595392e-04 1.153812e-04 8.767305e-04 9.044129e-05
Algorithm converged after  2  iterations.
[1] 4.068299e-04 6.607949e-05 8.767305e-04 9.044129e-05
Algorithm converged after  2  iterations.
[1] 0.0003595392 0.0001153812 0.0004068299 0.0008767305
Algorithm converged after  2  iterations.
[1] 3.595392e-04 4.068299e-04 6.607949e-05 8.767305e-04
Algorithm converged after  2  iterations.
[1] 3.595392e-04 4.068299e-04 8.767305e-04 9.044129e-05
Algorithm converged after  2  iterations.
[1] 0.002640406
Algorithm converged after  2  iterations.
[1] 0.0026404064 0.0001441424
[1] 0.0032367075 0.0002244019
Algorithm converged after  11  iterations.
[1] 0.0026404064 0.0001800228
Algorithm converged after  7  iterations.
[1] 0.0026404064 0.0002206754
[1] 0.0031823786 0.0006831521
Algorithm converged after  13  iterations.
[1] 2.640406e-03 1.441424e-04 4.194274e-05
Algorithm converged after  10  iterations.
[1] 2.640406e-03 1.800228e-04 6.476212e-05
[1] 2.992023e-03 1.807365e-04 6.610417e-05
Algorithm converged after  12  iterations.
[1] 2.640406e-03 2.206754e-04 7.851643e-05
[1] 3.745129e-03 2.442311e-04 9.694237e-05
Algorithm converged after  11  iterations.
[1] 0.0026404064 0.0001441424 0.0001800228
[1] 0.0039201472 0.0002546447 0.0003665133
Algorithm converged after  11  iterations.
[1] 0.0026404064 0.0001441424 0.0002206754
[1] 0.0047173622 0.0001901257 0.0005624115
[1] 0.0047291518 0.0001902785 0.0005713836
[1] 0.0047295545 0.0001902837 0.0005716939
Algorithm converged after  38  iterations.
[1] 0.0026404064 0.0001800228 0.0002206754
[1] 0.0032169155 0.0001809753 0.0003681778
Algorithm converged after  12  iterations.
[1] 2.640406e-03 1.441424e-04 4.194274e-05 1.800228e-04
[1] 4.893209e-03 2.367288e-04 9.579458e-05 3.263478e-04
Algorithm converged after  17  iterations.
[1] 2.640406e-03 1.441424e-04 4.194274e-05 2.206754e-04
[1] 3.899647e-03 1.655754e-04 3.790687e-05 7.773540e-04
Algorithm converged after  14  iterations.
[1] 2.640406e-03 1.441424e-04 1.800228e-04 6.476212e-05
[1] 0.0052891190 0.0002335392 0.0002669266 0.0000695284
Algorithm converged after  17  iterations.
[1] 2.640406e-03 1.441424e-04 2.206754e-04 7.851643e-05
[1] 0.0060626116 0.0002463167 0.0002862536 0.0001470408
Algorithm converged after  15  iterations.
[1] 2.640406e-03 1.800228e-04 6.476212e-05 2.206754e-04
[1] 3.456973e-03 1.718579e-04 7.003982e-05 4.910172e-04
Algorithm converged after  16  iterations.
[1] 2.640406e-03 1.800228e-04 2.206754e-04 7.851643e-05
[1] 0.0042191087 0.0002487562 0.0002389567 0.0001074158
Algorithm converged after  13  iterations.
[1] 0.0026404064 0.0001441424 0.0001800228 0.0002206754
[1] 0.0047815619 0.0002195058 0.0002956119 0.0002008156
Algorithm converged after  13  iterations.
[1] 0.0026404064 0.0002640169
Algorithm converged after  2  iterations.
[1] 2.640406e-03 2.640169e-04 7.990336e-05
[1] 0.0028311774 0.0002779803 0.0001317634
Algorithm converged after  19  iterations.
[1] 2.640406e-03 2.640169e-04 9.681079e-05
Algorithm converged after  10  iterations.
[1] 2.640406e-03 2.640169e-04 8.815657e-05
[1] 2.773767e-03 2.899228e-04 8.423064e-05
Algorithm converged after  18  iterations.
[1] 2.640406e-03 2.640169e-04 7.990336e-05 2.793829e-05
Algorithm converged after  10  iterations.
[1] 2.640406e-03 2.640169e-04 9.681079e-05 3.794581e-05
[1] 2.441054e-03 3.573278e-04 9.554884e-05 2.746692e-05
Algorithm converged after  11  iterations.
[1] 2.640406e-03 2.640169e-04 8.815657e-05 3.405772e-05
[1] 2.087872e-03 5.136142e-04 1.819881e-04 3.443758e-05
[1] 0.0020859155 0.0005152502 0.0001830473 0.0000345686
[1] 2.085889e-03 5.152755e-04 1.830634e-04 3.457054e-05
Algorithm converged after  31  iterations.
[1] 2.640406e-03 2.640169e-04 7.990336e-05 9.681079e-05
[1] 0.0029861808 0.0002527100 0.0001179568 0.0001281606
[1] 0.0029797766 0.0002520299 0.0001183650 0.0001256107
[1] 0.0029784894 0.0002519333 0.0001184088 0.0001251139
[1] 0.0029782909 0.0002519185 0.0001184152 0.0001250374
[1] 0.0029782611 0.0002519162 0.0001184161 0.0001250259
Algorithm converged after  58  iterations.
[1] 2.640406e-03 2.640169e-04 7.990336e-05 8.815657e-05
[1] 0.0032475178 0.0002756295 0.0001371063 0.0001469912
[1] 0.0037124959 0.0003774735 0.0003278555 0.0023234746
[1] 0.0038287011 0.0004052344 0.0003542199 0.0024596388
Algorithm converged after  35  iterations.
[1] 2.640406e-03 2.640169e-04 9.681079e-05 8.815657e-05
[1] 0.0029621480 0.0002356233 0.0002131965 0.0001296142
Algorithm converged after  16  iterations.
numeric(0)
Algorithm converged after  1  iterations.
[1] 0.0004281479
Algorithm converged after  2  iterations.
[1] 0.0004465505
Algorithm converged after  2  iterations.
[1] 0.0008094032
Algorithm converged after  2  iterations.
[1] 0.0004281479 0.0001218516
Algorithm converged after  2  iterations.
[1] 0.0004465505 0.0000823353
Algorithm converged after  2  iterations.
[1] 8.094032e-04 8.001649e-05
Algorithm converged after  2  iterations.
[1] 0.0004281479 0.0004465505
Algorithm converged after  2  iterations.
[1] 0.0004281479 0.0008094032
Algorithm converged after  2  iterations.
[1] 0.0004465505 0.0008094032
Algorithm converged after  2  iterations.
[1] 0.0004281479 0.0001218516 0.0004465505
Algorithm converged after  2  iterations.
[1] 0.0004281479 0.0001218516 0.0008094032
Algorithm converged after  2  iterations.
[1] 0.0004281479 0.0004465505 0.0000823353
Algorithm converged after  2  iterations.
[1] 4.281479e-04 8.094032e-04 8.001649e-05
Algorithm converged after  2  iterations.
[1] 0.0004465505 0.0000823353 0.0008094032
Algorithm converged after  2  iterations.
[1] 4.465505e-04 8.094032e-04 8.001649e-05
Algorithm converged after  2  iterations.
[1] 0.0004281479 0.0004465505 0.0008094032
Algorithm converged after  2  iterations.
[1] 0.0004281479 0.0001218516 0.0004465505 0.0000823353
Algorithm converged after  2  iterations.
[1] 4.281479e-04 1.218516e-04 8.094032e-04 8.001649e-05
Algorithm converged after  2  iterations.
[1] 4.465505e-04 8.233530e-05 8.094032e-04 8.001649e-05
Algorithm converged after  2  iterations.
[1] 0.0004281479 0.0001218516 0.0004465505 0.0008094032
Algorithm converged after  2  iterations.
[1] 0.0004281479 0.0004465505 0.0000823353 0.0008094032
Algorithm converged after  2  iterations.
[1] 4.281479e-04 4.465505e-04 8.094032e-04 8.001649e-05
Algorithm converged after  2  iterations.
[1] 0.002862995
Algorithm converged after  2  iterations.
[1] 0.0028629949 0.0001584671
[1] 0.0035942663 0.0002236102
Algorithm converged after  12  iterations.
[1] 0.0028629949 0.0001797246
Algorithm converged after  8  iterations.
[1] 0.0028629949 0.0001380054
[1] 0.0033414358 0.0004984511
Algorithm converged after  12  iterations.
[1] 2.862995e-03 1.584671e-04 3.841104e-05
[1] 3.776382e-03 1.707846e-04 3.640241e-05
Algorithm converged after  11  iterations.
[1] 2.862995e-03 1.797246e-04 8.475219e-05
[1] 0.0033555832 0.0001844940 0.0000867861
Algorithm converged after  12  iterations.
[1] 2.862995e-03 1.380054e-04 6.663836e-05
Algorithm converged after  10  iterations.
[1] 0.0028629949 0.0001584671 0.0001797246
Algorithm converged after  10  iterations.
[1] 0.0028629949 0.0001584671 0.0001380054
[1] 0.0046059132 0.0001903247 0.0004138532
[1] 0.0046080568 0.0001903570 0.0004160712
Algorithm converged after  29  iterations.
[1] 0.0028629949 0.0001797246 0.0001380054
[1] 0.0035933347 0.0002036524 0.0002170606
Algorithm converged after  11  iterations.
[1] 2.862995e-03 1.584671e-04 3.841104e-05 1.797246e-04
[1] 5.227482e-03 2.377918e-04 9.030272e-05 3.596233e-04
Algorithm converged after  18  iterations.
[1] 2.862995e-03 1.584671e-04 3.841104e-05 1.380054e-04
[1] 4.227561e-03 1.775571e-04 3.533434e-05 5.888082e-04
Algorithm converged after  13  iterations.
[1] 2.862995e-03 1.584671e-04 1.797246e-04 8.475219e-05
[1] 5.653158e-03 2.408725e-04 3.008387e-04 9.217839e-05
Algorithm converged after  15  iterations.
[1] 2.862995e-03 1.584671e-04 1.380054e-04 6.663836e-05
[1] 5.147328e-03 2.491525e-04 1.255292e-04 3.099289e-05
Algorithm converged after  20  iterations.
[1] 2.862995e-03 1.797246e-04 8.475219e-05 1.380054e-04
[1] 3.928258e-03 1.702496e-04 8.870787e-05 5.068347e-04
Algorithm converged after  18  iterations.
[1] 2.862995e-03 1.797246e-04 1.380054e-04 6.663836e-05
[1] 4.698598e-03 3.189972e-04 1.180062e-04 2.974164e-05
[1] 4.698581e-03 3.190527e-04 1.180037e-04 2.973297e-05
Algorithm converged after  24  iterations.
[1] 0.0028629949 0.0001584671 0.0001797246 0.0001380054
[1] 0.0055286976 0.0005104423 0.0006436029 0.0009937695
[1] 0.0059368676 0.0005680267 0.0007015066 0.0012320626
[1] 0.0059560920 0.0005706209 0.0007041592 0.0012411608
[1] 0.0059569061 0.0005707309 0.0007042716 0.0012415459
Algorithm converged after  47  iterations.
[1] 0.0028629949 0.0002201985
Algorithm converged after  2  iterations.
[1] 2.862995e-03 2.201985e-04 9.450819e-05
[1] 0.0029608617 0.0002368544 0.0001663575
Algorithm converged after  12  iterations.
[1] 0.0028629949 0.0002201985 0.0001202491
[1] 0.0032845321 0.0002317229 0.0002053018
Algorithm converged after  11  iterations.
[1] 0.0028629949 0.0002201985 0.0001100662
[1] 0.0032707383 0.0002295155 0.0004453570
[1] 0.0033072051 0.0002291336 0.0004963670
[1] 0.0033111853 0.0002291014 0.0005019511
[1] 0.0033115858 0.0002290983 0.0005025130
[1] 0.003311626 0.000229098 0.000502569
Algorithm converged after  57  iterations.
[1] 2.862995e-03 2.201985e-04 9.450819e-05 3.125069e-05
Algorithm converged after  10  iterations.
[1] 0.0028629949 0.0002201985 0.0001202491 0.0000402189
[1] 2.665525e-03 3.004903e-04 1.187676e-04 3.190863e-05
Algorithm converged after  11  iterations.
[1] 2.862995e-03 2.201985e-04 1.100662e-04 6.310766e-05
[1] 2.367756e-03 4.483742e-04 2.481692e-04 5.131436e-05
[1] 2.365906e-03 4.498181e-04 2.487152e-04 5.087033e-05
[1] 2.365803e-03 4.499124e-04 2.487450e-04 5.084012e-05
[1] 2.365795e-03 4.499193e-04 2.487471e-04 5.083793e-05
Algorithm converged after  42  iterations.
[1] 2.862995e-03 2.201985e-04 9.450819e-05 1.202491e-04
[1] 0.0034195944 0.0002212875 0.0001389652 0.0001459884
[1] 0.0034226284 0.0002214541 0.0001389383 0.0001474228
[1] 0.0034232846 0.0002214936 0.0001389246 0.0001477289
[1] 0.0034234208 0.0002215020 0.0001389216 0.0001477922
[1] 0.0034234488 0.0002215038 0.0001389210 0.0001478052
Algorithm converged after  60  iterations.
[1] 2.862995e-03 2.201985e-04 9.450819e-05 1.100662e-04
[1] 0.0032436504 0.0002375857 0.0001487099 0.0001018673
[1] 0.0032441287 0.0002376033 0.0001487001 0.0001018775
Algorithm converged after  21  iterations.
[1] 0.0028629949 0.0002201985 0.0001202491 0.0001100662
[1] 0.0035064965 0.0002222333 0.0002563989 0.0003284965
[1] 0.0035061119 0.0002222169 0.0002564623 0.0003279010
Algorithm converged after  25  iterations.
numeric(0)
Algorithm converged after  1  iterations.
[1] 0.0003761109
Algorithm converged after  2  iterations.
[1] 0.0004001525
Algorithm converged after  2  iterations.
[1] 0.0008961228
Algorithm converged after  2  iterations.
[1] 0.0003761109 0.0001283295
Algorithm converged after  2  iterations.
[1] 0.0004001525 0.0000719595
Algorithm converged after  2  iterations.
[1] 8.961228e-04 7.762472e-05
Algorithm converged after  2  iterations.
[1] 0.0003761109 0.0004001525
Algorithm converged after  2  iterations.
[1] 0.0003761109 0.0008961228
Algorithm converged after  2  iterations.
[1] 0.0004001525 0.0008961228
Algorithm converged after  2  iterations.
[1] 0.0003761109 0.0001283295 0.0004001525
Algorithm converged after  2  iterations.
[1] 0.0003761109 0.0001283295 0.0008961228
Algorithm converged after  2  iterations.
[1] 0.0003761109 0.0004001525 0.0000719595
Algorithm converged after  2  iterations.
[1] 3.761109e-04 8.961228e-04 7.762472e-05
Algorithm converged after  2  iterations.
[1] 0.0004001525 0.0000719595 0.0008961228
Algorithm converged after  2  iterations.
[1] 4.001525e-04 8.961228e-04 7.762472e-05
Algorithm converged after  2  iterations.
[1] 0.0003761109 0.0004001525 0.0008961228
Algorithm converged after  2  iterations.
[1] 0.0003761109 0.0001283295 0.0004001525 0.0000719595
Algorithm converged after  2  iterations.
[1] 3.761109e-04 1.283295e-04 8.961228e-04 7.762472e-05
Algorithm converged after  2  iterations.
[1] 4.001525e-04 7.195950e-05 8.961228e-04 7.762472e-05
Algorithm converged after  2  iterations.
[1] 0.0003761109 0.0001283295 0.0004001525 0.0008961228
Algorithm converged after  2  iterations.
[1] 0.0003761109 0.0004001525 0.0000719595 0.0008961228
Algorithm converged after  2  iterations.
[1] 3.761109e-04 4.001525e-04 8.961228e-04 7.762472e-05
Algorithm converged after  2  iterations.
[1] 0.002585467
Algorithm converged after  2  iterations.
[1] 0.0025854672 0.0001811168
[1] 0.0033709771 0.0002425634
Algorithm converged after  13  iterations.
[1] 0.0025854672 0.0002276368
Algorithm converged after  8  iterations.
[1] 0.0025854672 0.0001507904
[1] 0.0029620261 0.0004866702
Algorithm converged after  11  iterations.
[1] 2.585467e-03 1.811168e-04 4.354591e-05
[1] 3.218068e-03 1.892179e-04 4.158436e-05
Algorithm converged after  12  iterations.
[1] 2.585467e-03 2.276368e-04 7.507102e-05
[1] 3.297081e-03 2.464669e-04 7.939632e-05
Algorithm converged after  13  iterations.
[1] 2.585467e-03 1.507904e-04 6.920829e-05
[1] 3.273656e-03 1.450165e-04 7.594439e-05
Algorithm converged after  13  iterations.
[1] 0.0025854672 0.0001811168 0.0002276368
[1] 0.0044318565 0.0002968512 0.0004914571
Algorithm converged after  12  iterations.
[1] 0.0025854672 0.0001811168 0.0001507904
[1] 0.0040929213 0.0002092736 0.0003923020
[1] 0.0040938065 0.0002092825 0.0003934905
Algorithm converged after  26  iterations.
[1] 0.0025854672 0.0002276368 0.0001507904
Algorithm converged after  10  iterations.
[1] 2.585467e-03 1.811168e-04 4.354591e-05 2.276368e-04
[1] 4.783885e-03 2.458130e-04 8.106784e-05 4.110771e-04
[1] 4.786206e-03 2.459188e-04 8.115351e-05 4.113403e-04
Algorithm converged after  21  iterations.
[1] 2.585467e-03 1.811168e-04 4.354591e-05 1.507904e-04
[1] 3.550681e-03 1.942663e-04 4.073948e-05 5.471484e-04
Algorithm converged after  11  iterations.
[1] 2.585467e-03 1.811168e-04 2.276368e-04 7.507102e-05
[1] 5.625056e-03 2.628216e-04 3.755130e-04 8.476981e-05
Algorithm converged after  18  iterations.
[1] 2.585467e-03 1.811168e-04 1.507904e-04 6.920829e-05
[1] 4.112175e-03 2.827128e-04 2.148101e-04 8.049989e-05
[1] 4.096714e-03 2.820297e-04 2.140827e-04 8.039249e-05
Algorithm converged after  21  iterations.
[1] 2.585467e-03 2.276368e-04 7.507102e-05 1.507904e-04
[1] 3.651047e-03 2.389411e-04 8.461874e-05 3.983970e-04
Algorithm converged after  15  iterations.
[1] 2.585467e-03 2.276368e-04 1.507904e-04 6.920829e-05
[1] 4.058179e-03 3.660421e-04 1.068238e-04 2.854994e-05
Algorithm converged after  20  iterations.
[1] 0.0025854672 0.0001811168 0.0002276368 0.0001507904
[1] 0.0054437273 0.0005007578 0.0006920045 0.0010801465
[1] 0.0056317062 0.0005235518 0.0007148406 0.0011876041
[1] 0.0056365836 0.0005241552 0.0007154595 0.0011900016
Algorithm converged after  40  iterations.
[1] 0.0025854672 0.0002236746
Algorithm converged after  2  iterations.
[1] 0.0025854672 0.0002236746 0.0001094752
[1] 0.0026187543 0.0002437498 0.0001803824
Algorithm converged after  19  iterations.
[1] 0.0025854672 0.0002236746 0.0001179990
Algorithm converged after  10  iterations.
[1] 2.585467e-03 2.236746e-04 9.767419e-05
[1] 0.0027608344 0.0002334719 0.0001307463
Algorithm converged after  13  iterations.
[1] 2.585467e-03 2.236746e-04 1.094752e-04 3.333011e-05
[1] 2.542587e-03 1.673221e-04 1.101105e-04 3.239686e-05
Algorithm converged after  11  iterations.
[1] 2.585467e-03 2.236746e-04 1.179990e-04 4.193972e-05
[1] 2.462759e-03 3.116755e-04 1.138524e-04 3.066229e-05
Algorithm converged after  12  iterations.
[1] 2.585467e-03 2.236746e-04 9.767419e-05 6.034406e-05
[1] 2.013926e-03 4.164699e-04 1.695211e-04 4.253467e-05
[1] 0.0020134052 0.0004165062 0.0001695814 0.0000425406
Algorithm converged after  21  iterations.
[1] 0.0025854672 0.0002236746 0.0001094752 0.0001179990
[1] 0.0029256331 0.0002058038 0.0001451999 0.0001365389
[1] 0.0029213985 0.0002063070 0.0001461818 0.0001356887
[1] 0.0029209821 0.0002064212 0.0001463222 0.0001356302
[1] 0.0029209349 0.0002064354 0.0001463390 0.0001356239
Algorithm converged after  48  iterations.
[1] 2.585467e-03 2.236746e-04 1.094752e-04 9.767419e-05
[1] 0.0028917555 0.0002944016 0.0001585062 0.0001377145
[1] 0.0028732747 0.0003034283 0.0001584340 0.0001430495
[1] 0.0028709682 0.0003045063 0.0001582719 0.0001438493
[1] 0.0028708797 0.0003045455 0.0001582625 0.0001438814
Algorithm converged after  43  iterations.
[1] 2.585467e-03 2.236746e-04 1.179990e-04 9.767419e-05
[1] 0.0030978420 0.0002041274 0.0002734153 0.0002128581
Algorithm converged after  17  iterations.
numeric(0)
Algorithm converged after  1  iterations.
[1] 0.0003707474
Algorithm converged after  2  iterations.
[1] 0.0004026508
Algorithm converged after  2  iterations.
[1] 0.0007796644
Algorithm converged after  2  iterations.
[1] 0.0003707474 0.0001018433
Algorithm converged after  2  iterations.
[1] 4.026508e-04 8.741945e-05
Algorithm converged after  2  iterations.
[1] 7.796644e-04 8.593992e-05
Algorithm converged after  2  iterations.
[1] 0.0003707474 0.0004026508
Algorithm converged after  2  iterations.
[1] 0.0003707474 0.0007796644
Algorithm converged after  2  iterations.
[1] 0.0004026508 0.0007796644
Algorithm converged after  2  iterations.
[1] 0.0003707474 0.0001018433 0.0004026508
Algorithm converged after  2  iterations.
[1] 0.0003707474 0.0001018433 0.0007796644
Algorithm converged after  2  iterations.
[1] 3.707474e-04 4.026508e-04 8.741945e-05
Algorithm converged after  2  iterations.
[1] 3.707474e-04 7.796644e-04 8.593992e-05
Algorithm converged after  2  iterations.
[1] 4.026508e-04 8.741945e-05 7.796644e-04
Algorithm converged after  2  iterations.
[1] 4.026508e-04 7.796644e-04 8.593992e-05
Algorithm converged after  2  iterations.
[1] 0.0003707474 0.0004026508 0.0007796644
Algorithm converged after  2  iterations.
[1] 3.707474e-04 1.018433e-04 4.026508e-04 8.741945e-05
Algorithm converged after  2  iterations.
[1] 3.707474e-04 1.018433e-04 7.796644e-04 8.593992e-05
Algorithm converged after  2  iterations.
[1] 4.026508e-04 8.741945e-05 7.796644e-04 8.593992e-05
Algorithm converged after  2  iterations.
[1] 0.0003707474 0.0001018433 0.0004026508 0.0007796644
Algorithm converged after  2  iterations.
[1] 3.707474e-04 4.026508e-04 8.741945e-05 7.796644e-04
Algorithm converged after  2  iterations.
[1] 3.707474e-04 4.026508e-04 7.796644e-04 8.593992e-05
Algorithm converged after  2  iterations.
[1] 0.002467061
Algorithm converged after  2  iterations.
[1] 0.0024670615 0.0001182805
[1] 0.0030016401 0.0001686164
Algorithm converged after  13  iterations.
[1] 0.0024670615 0.0002139875
Algorithm converged after  8  iterations.
[1] 0.0024670615 0.0002294414
[1] 0.0031155924 0.0006214507
Algorithm converged after  12  iterations.
[1] 2.467061e-03 1.182805e-04 3.251377e-05
[1] 2.946326e-03 1.245931e-04 3.226723e-05
Algorithm converged after  16  iterations.
[1] 0.0024670615 0.0002139875 0.0000881722
[1] 3.141209e-03 2.267936e-04 9.199081e-05
Algorithm converged after  13  iterations.
[1] 2.467061e-03 2.294414e-04 8.117909e-05
[1] 3.357382e-03 2.511312e-04 9.290813e-05
Algorithm converged after  11  iterations.
[1] 0.0024670615 0.0001182805 0.0002139875
[1] 0.0038219344 0.0002176646 0.0004989028
Algorithm converged after  11  iterations.
[1] 0.0024670615 0.0001182805 0.0002294414
[1] 0.0044799272 0.0001736213 0.0011047403
[1] 0.0044448944 0.0001745123 0.0011242992
Algorithm converged after  30  iterations.
[1] 0.0024670615 0.0002139875 0.0002294414
[1] 0.0032352100 0.0002322734 0.0003390894
Algorithm converged after  11  iterations.
[1] 2.467061e-03 1.182805e-04 3.251377e-05 2.139875e-04
[1] 4.567444e-03 1.881602e-04 7.182609e-05 4.347647e-04
[1] 4.574964e-03 1.885677e-04 7.213025e-05 4.357418e-04
Algorithm converged after  25  iterations.
[1] 2.467061e-03 1.182805e-04 3.251377e-05 2.294414e-04
[1] 3.820335e-03 1.405746e-04 3.670414e-05 7.134086e-04
Algorithm converged after  17  iterations.
[1] 0.0024670615 0.0001182805 0.0002139875 0.0000881722
[1] 0.0054955970 0.0001879820 0.0003323936 0.0001016557
Algorithm converged after  19  iterations.
[1] 2.467061e-03 1.182805e-04 2.294414e-04 8.117909e-05
[1] 0.0055873555 0.0001864893 0.0003354154 0.0001333767
Algorithm converged after  18  iterations.
[1] 0.0024670615 0.0002139875 0.0000881722 0.0002294414
[1] 3.879148e-03 2.235858e-04 9.925463e-05 5.073618e-04
Algorithm converged after  17  iterations.
[1] 2.467061e-03 2.139875e-04 2.294414e-04 8.117909e-05
[1] 0.0039374411 0.0003053012 0.0002428842 0.0001041953
Algorithm converged after  13  iterations.
[1] 0.0024670615 0.0001182805 0.0002139875 0.0002294414
[1] 0.0048678726 0.0001790427 0.0003854025 0.0002273557
[1] 0.0048675070 0.0001791245 0.0003857919 0.0002268333
Algorithm converged after  23  iterations.
[1] 0.0024670615 0.0002248507
Algorithm converged after  2  iterations.
[1] 2.467061e-03 2.248507e-04 8.533728e-05
[1] 0.0026688910 0.0002565303 0.0001395136
Algorithm converged after  17  iterations.
[1] 0.0024670615 0.0002248507 0.0001360545
Algorithm converged after  10  iterations.
[1] 0.0024670615 0.0002248507 0.0001070784
[1] 0.0027521737 0.0002448226 0.0001862703
Algorithm converged after  15  iterations.
[1] 2.467061e-03 2.248507e-04 8.533728e-05 2.983665e-05
Algorithm converged after  9  iterations.
[1] 2.467061e-03 2.248507e-04 1.360545e-04 7.250641e-05
[1] 2.322993e-03 2.861897e-04 1.333918e-04 5.147986e-05
Algorithm converged after  15  iterations.
[1] 2.467061e-03 2.248507e-04 1.070784e-04 5.714594e-05
[1] 1.926767e-03 4.728097e-04 2.356073e-04 4.981631e-05
[1] 1.926141e-03 4.729772e-04 2.358178e-04 4.983587e-05
Algorithm converged after  23  iterations.
[1] 2.467061e-03 2.248507e-04 8.533728e-05 1.360545e-04
[1] 0.0031761584 0.0002129310 0.0001721873 0.0003927771
[1] 0.0031872542 0.0002135025 0.0001778493 0.0004042252
Algorithm converged after  30  iterations.
[1] 2.467061e-03 2.248507e-04 8.533728e-05 1.070784e-04
[1] 0.0029439770 0.0002643389 0.0001252436 0.0001094285
Algorithm converged after  19  iterations.
[1] 0.0024670615 0.0002248507 0.0001360545 0.0001070784
[1] 0.0029953482 0.0002215638 0.0002386359 0.0002963188
Algorithm converged after  18  iterations.
Warning messages:
1: In max(abs(CT), na.rm = T) :
  no non-missing arguments to max; returning -Inf
2: In max(abs(CT), na.rm = T) :
  no non-missing arguments to max; returning -Inf
3: In max(abs(CT), na.rm = T) :
  no non-missing arguments to max; returning -Inf
4: In max(abs(CT), na.rm = T) :
  no non-missing arguments to max; returning -Inf
5: In max(abs(CT), na.rm = T) :
  no non-missing arguments to max; returning -Inf
6: In max(abs(CT), na.rm = T) :
  no non-missing arguments to max; returning -Inf
7: In max(abs(CT), na.rm = T) :
  no non-missing arguments to max; returning -Inf
8: In max(abs(CT), na.rm = T) :
  no non-missing arguments to max; returning -Inf
9: In max(abs(CT), na.rm = T) :
  no non-missing arguments to max; returning -Inf
10: In max(abs(CT), na.rm = T) :
  no non-missing arguments to max; returning -Inf
[1] "Best iter parameter is:"
      gam     rankJ    rankA1    rankA2    rankA3 
0.6666667 1.0000000 0.0000000 0.0000000 1.0000000 
[1] 0.0025979225 0.0001719506
[1] 0.0030540463 0.0005482136
Algorithm converged after  11  iterations.
         [,1]     [,2]     [,3]
[1,] 7.781334 9.236268 43.37706
