myseed=7583 

Attaching package: ‘pls’

The following object is masked from ‘package:stats’:

    loadings

Loading required package: lattice
Loading required package: ggplot2
Registered S3 methods overwritten by 'ggplot2':
  method         from 
  [.quosures     rlang
  c.quosures     rlang
  print.quosures rlang

Attaching package: ‘caret’

The following object is masked from ‘package:pls’:

    R2

Loading required package: Matrix
Loading required package: foreach
Loaded glmnet 2.0-18

Parsed with column specification:
cols(
  .default = col_double()
)
See spec(...) for full column specifications.
Parsed with column specification:
cols(
  X1 = col_double()
)
Parsed with column specification:
cols(
  X1 = col_double()
)
numeric(0)
Algorithm converged after  1  iterations.
[1] 0.0005106439
Algorithm converged after  2  iterations.
[1] 0.0005125115
Algorithm converged after  2  iterations.
[1] 0.0007151839
Algorithm converged after  2  iterations.
[1] 0.0005106439 0.0001231666
Algorithm converged after  2  iterations.
[1] 5.125115e-04 7.863204e-05
Algorithm converged after  2  iterations.
[1] 0.0007151839 0.0001347157
Algorithm converged after  2  iterations.
[1] 0.0005106439 0.0005125115
Algorithm converged after  2  iterations.
[1] 0.0005106439 0.0007151839
Algorithm converged after  2  iterations.
[1] 0.0005125115 0.0007151839
Algorithm converged after  2  iterations.
[1] 0.0005106439 0.0001231666 0.0005125115
Algorithm converged after  2  iterations.
[1] 0.0005106439 0.0001231666 0.0007151839
Algorithm converged after  2  iterations.
[1] 5.106439e-04 5.125115e-04 7.863204e-05
Algorithm converged after  2  iterations.
[1] 0.0005106439 0.0007151839 0.0001347157
Algorithm converged after  2  iterations.
[1] 5.125115e-04 7.863204e-05 7.151839e-04
Algorithm converged after  2  iterations.
[1] 0.0005125115 0.0007151839 0.0001347157
Algorithm converged after  2  iterations.
[1] 0.0005106439 0.0005125115 0.0007151839
Algorithm converged after  2  iterations.
[1] 5.106439e-04 1.231666e-04 5.125115e-04 7.863204e-05
Algorithm converged after  2  iterations.
[1] 0.0005106439 0.0001231666 0.0007151839 0.0001347157
Algorithm converged after  2  iterations.
[1] 5.125115e-04 7.863204e-05 7.151839e-04 1.347157e-04
Algorithm converged after  2  iterations.
[1] 0.0005106439 0.0001231666 0.0005125115 0.0007151839
Algorithm converged after  2  iterations.
[1] 5.106439e-04 5.125115e-04 7.863204e-05 7.151839e-04
Algorithm converged after  2  iterations.
[1] 0.0005106439 0.0005125115 0.0007151839 0.0001347157
Algorithm converged after  2  iterations.
[1] 0.003015936
Algorithm converged after  2  iterations.
[1] 0.0030159359 0.0001135781
[1] 0.0030197099 0.0001479998
Algorithm converged after  15  iterations.
[1] 0.003015936 0.000148688
Algorithm converged after  7  iterations.
[1] 0.0030159359 0.0003272484
[1] 0.004310859 0.001199885
Algorithm converged after  17  iterations.
[1] 3.015936e-03 1.135781e-04 3.653225e-05
[1] 3.280031e-03 1.158370e-04 3.443089e-05
Algorithm converged after  14  iterations.
[1] 3.015936e-03 1.486880e-04 7.295157e-05
[1] 0.0035489706 0.0001494936 0.0000741810
Algorithm converged after  12  iterations.
[1] 0.0030159359 0.0003272484 0.0001021003
[1] 0.0047092958 0.0005138325 0.0001324315
Algorithm converged after  14  iterations.
[1] 0.0030159359 0.0001135781 0.0001486880
[1] 0.0049154708 0.0001596854 0.0003295925
[1] 0.0049181904 0.0001600393 0.0003313742
Algorithm converged after  26  iterations.
[1] 0.0030159359 0.0001135781 0.0003272484
[1] 0.0051702366 0.0002118891 0.0021582084
Algorithm converged after  19  iterations.
[1] 0.0030159359 0.0001486880 0.0003272484
[1] 0.0041668356 0.0001442850 0.0007368404
Algorithm converged after  16  iterations.
[1] 3.015936e-03 1.135781e-04 3.653225e-05 1.486880e-04
[1] 3.635386e-03 1.242648e-04 3.582503e-05 2.282502e-04
Algorithm converged after  12  iterations.
[1] 3.015936e-03 1.135781e-04 3.653225e-05 3.272484e-04
[1] 5.947578e-03 1.669483e-04 5.660562e-05 1.746283e-03
[1] 0.0060571038 0.0001697293 0.0000577857 0.0018098298
[1] 0.0060641677 0.0001699155 0.0000578688 0.0018140565
[1] 6.064642e-03 1.699280e-04 5.787442e-05 1.814341e-03
Algorithm converged after  46  iterations.
[1] 3.015936e-03 1.135781e-04 1.486880e-04 7.295157e-05
[1] 4.523014e-03 1.427088e-04 1.427757e-04 7.553427e-05
[1] 4.456816e-03 1.422175e-04 1.408945e-04 7.517304e-05
[1] 4.445045e-03 1.421336e-04 1.405595e-04 7.510677e-05
[1] 4.442827e-03 1.421179e-04 1.404963e-04 7.509422e-05
[1] 4.442405e-03 1.421149e-04 1.404843e-04 7.509182e-05
Algorithm converged after  60  iterations.
[1] 0.0030159359 0.0001135781 0.0003272484 0.0001021003
[1] 0.0076850475 0.0001853851 0.0008994275 0.0001988829
[1] 0.0076939331 0.0001855259 0.0009005451 0.0001991208
Algorithm converged after  23  iterations.
[1] 3.015936e-03 1.486880e-04 7.295157e-05 3.272484e-04
[1] 5.059927e-03 1.282943e-04 7.144939e-05 1.317809e-03
[1] 5.068498e-03 1.282752e-04 7.142262e-05 1.321743e-03
Algorithm converged after  26  iterations.
[1] 0.0030159359 0.0001486880 0.0003272484 0.0001021003
[1] 0.0053320978 0.0002181590 0.0005746432 0.0001465011
Algorithm converged after  16  iterations.
[1] 0.0030159359 0.0001135781 0.0001486880 0.0003272484
[1] 0.0058664785 0.0001878717 0.0001218511 0.0019153082
[1] 0.0056778368 0.0001957668 0.0001200406 0.0020151080
[1] 0.0056334044 0.0001954427 0.0001198855 0.0020023583
[1] 0.0056339093 0.0001953931 0.0001198916 0.0020017193
Algorithm converged after  50  iterations.
[1] 0.0030159359 0.0003144014
Algorithm converged after  2  iterations.
[1] 3.015936e-03 3.144014e-04 5.776074e-05
[1] 0.0031563245 0.0003040123 0.0001031623
Algorithm converged after  16  iterations.
[1] 0.0030159359 0.0003144014 0.0001104465
[1] 0.0032792939 0.0002603423 0.0001941243
Algorithm converged after  16  iterations.
[1] 0.0030159359 0.0003144014 0.0001314523
[1] 0.0026486079 0.0003950904 0.0011662747
[1] 0.0026272995 0.0004207604 0.0014317574
[1] 0.0026264457 0.0004219214 0.0014432462
[1] 0.0026264133 0.0004219656 0.0014436835
Algorithm converged after  46  iterations.
[1] 3.015936e-03 3.144014e-04 5.776074e-05 2.348481e-05
[1] 2.687809e-03 2.340372e-04 6.428209e-05 2.302608e-05
Algorithm converged after  11  iterations.
[1] 3.015936e-03 3.144014e-04 1.104465e-04 7.352508e-05
[1] 3.197141e-03 2.930680e-04 1.070972e-04 7.648667e-05
[1] 3.186555e-03 2.913924e-04 1.066195e-04 7.633648e-05
Algorithm converged after  27  iterations.
[1] 3.015936e-03 3.144014e-04 1.314523e-04 8.005741e-05
[1] 0.0021647537 0.0006418167 0.0004887169 0.0002444784
[1] 0.0021622170 0.0006438082 0.0004917273 0.0002458533
Algorithm converged after  29  iterations.
[1] 3.015936e-03 3.144014e-04 5.776074e-05 1.104465e-04
[1] 0.0037236766 0.0002172498 0.0001396647 0.0003562305
[1] 0.0036977746 0.0002168002 0.0001443420 0.0003667874
[1] 0.0036921287 0.0002169030 0.0001462480 0.0003706321
[1] 0.0036904360 0.0002169660 0.0001469396 0.0003719992
[1] 0.0036898730 0.0002169913 0.0001471848 0.0003724811
[1] 0.0036896789 0.0002170006 0.0001472712 0.0003726505
[1] 0.0036896113 0.0002170039 0.0001473015 0.0003727100
[1] 0.0036895876 0.0002170051 0.0001473122 0.0003727309
[1] 0.0036895793 0.0002170055 0.0001473159 0.0003727383
Algorithm converged after  95  iterations.
[1] 3.015936e-03 3.144014e-04 5.776074e-05 1.314523e-04
[1] 0.0029784908 0.0004851346 0.0001728958 0.0025236202
[1] 0.0030049244 0.0005632533 0.0002119537 0.0032434005
[1] 0.0030066271 0.0005665213 0.0002137790 0.0032737761
[1] 0.0030066998 0.0005666596 0.0002138566 0.0032750625
Algorithm converged after  47  iterations.
[1] 0.0030159359 0.0003144014 0.0001104465 0.0001314523
[1] 0.0029808416 0.0005778667 0.0004095489 0.0032375677
[1] 0.0029819029 0.0005979423 0.0004206492 0.0034173649
[1] 0.0029819630 0.0005988062 0.0004211294 0.0034251547
[1] 0.0029819657 0.0005988436 0.0004211502 0.0034254921
Algorithm converged after  43  iterations.
numeric(0)
Algorithm converged after  1  iterations.
[1] 0.0004700456
Algorithm converged after  2  iterations.
[1] 0.0005094523
Algorithm converged after  2  iterations.
[1] 0.0006700692
Algorithm converged after  2  iterations.
[1] 0.0004700456 0.0001350256
Algorithm converged after  2  iterations.
[1] 5.094523e-04 6.930759e-05
Algorithm converged after  2  iterations.
[1] 0.0006700692 0.0001398081
Algorithm converged after  2  iterations.
[1] 0.0004700456 0.0005094523
Algorithm converged after  2  iterations.
[1] 0.0004700456 0.0006700692
Algorithm converged after  2  iterations.
[1] 0.0005094523 0.0006700692
Algorithm converged after  2  iterations.
[1] 0.0004700456 0.0001350256 0.0005094523
Algorithm converged after  2  iterations.
[1] 0.0004700456 0.0001350256 0.0006700692
Algorithm converged after  2  iterations.
[1] 4.700456e-04 5.094523e-04 6.930759e-05
Algorithm converged after  2  iterations.
[1] 0.0004700456 0.0006700692 0.0001398081
Algorithm converged after  2  iterations.
[1] 5.094523e-04 6.930759e-05 6.700692e-04
Algorithm converged after  2  iterations.
[1] 0.0005094523 0.0006700692 0.0001398081
Algorithm converged after  2  iterations.
[1] 0.0004700456 0.0005094523 0.0006700692
Algorithm converged after  2  iterations.
[1] 4.700456e-04 1.350256e-04 5.094523e-04 6.930759e-05
Algorithm converged after  2  iterations.
[1] 0.0004700456 0.0001350256 0.0006700692 0.0001398081
Algorithm converged after  2  iterations.
[1] 5.094523e-04 6.930759e-05 6.700692e-04 1.398081e-04
Algorithm converged after  2  iterations.
[1] 0.0004700456 0.0001350256 0.0005094523 0.0006700692
Algorithm converged after  2  iterations.
[1] 4.700456e-04 5.094523e-04 6.930759e-05 6.700692e-04
Algorithm converged after  2  iterations.
[1] 0.0004700456 0.0005094523 0.0006700692 0.0001398081
Algorithm converged after  2  iterations.
[1] 0.002843699
Algorithm converged after  2  iterations.
[1] 0.0028436990 0.0001373803
[1] 0.0037978847 0.0001595188
[1] 0.0035691060 0.0001585412
[1] 0.0030316014 0.0001664125
Algorithm converged after  34  iterations.
[1] 0.0028436990 0.0001082797
Algorithm converged after  6  iterations.
[1] 0.0028436990 0.0003565729
[1] 0.004462002 0.001492084
Algorithm converged after  20  iterations.
[1] 2.843699e-03 1.373803e-04 4.260292e-05
[1] 3.061338e-03 1.402082e-04 4.143193e-05
Algorithm converged after  13  iterations.
[1] 2.843699e-03 1.082797e-04 6.691464e-05
[1] 0.0028688784 0.0001040075 0.0000666884
Algorithm converged after  11  iterations.
[1] 0.0028436990 0.0003565729 0.0001230536
[1] 0.0049984938 0.0006299671 0.0001792433
Algorithm converged after  14  iterations.
[1] 0.0028436990 0.0001373803 0.0001082797
[1] 0.0045011934 0.0002084520 0.0002866535
Algorithm converged after  16  iterations.
[1] 0.0028436990 0.0001373803 0.0003565729
[1] 0.0058544492 0.0002854572 0.0029568012
[1] 0.0058579140 0.0002857598 0.0029606316
Algorithm converged after  24  iterations.
[1] 0.0028436990 0.0001082797 0.0003565729
[1] 4.061366e-03 9.410112e-05 8.630464e-04
[1] 4.061660e-03 9.412791e-05 8.628990e-04
[1] 4.061681e-03 9.413042e-05 8.628823e-04
Algorithm converged after  39  iterations.
[1] 2.843699e-03 1.373803e-04 4.260292e-05 1.082797e-04
[1] 3.375025e-03 1.519410e-04 4.488288e-05 1.672475e-04
Algorithm converged after  12  iterations.
[1] 2.843699e-03 1.373803e-04 4.260292e-05 3.565729e-04
[1] 6.398128e-03 2.134260e-04 6.843103e-05 2.296339e-03
[1] 6.729151e-03 2.247425e-04 7.455863e-05 2.534264e-03
[1] 6.757098e-03 2.257607e-04 7.513946e-05 2.555350e-03
[1] 6.759166e-03 2.258363e-04 7.518263e-05 2.556914e-03
[1] 6.759317e-03 2.258419e-04 7.518579e-05 2.557029e-03
Algorithm converged after  52  iterations.
[1] 2.843699e-03 1.373803e-04 1.082797e-04 6.691464e-05
[1] 4.450630e-03 1.708917e-04 1.179965e-04 6.870501e-05
[1] 4.458793e-03 1.710386e-04 1.181613e-04 6.872549e-05
Algorithm converged after  27  iterations.
[1] 0.0028436990 0.0001373803 0.0003565729 0.0001230536
[1] 0.0086246463 0.0002511994 0.0011201853 0.0002934790
[1] 0.0086400746 0.0002515154 0.0011223090 0.0002940315
Algorithm converged after  24  iterations.
[1] 2.843699e-03 1.082797e-04 6.691464e-05 3.565729e-04
[1] 4.786884e-03 8.630772e-05 2.630803e-05 1.562646e-03
[1] 4.799580e-03 8.628594e-05 2.620999e-05 1.569892e-03
Algorithm converged after  26  iterations.
[1] 0.0028436990 0.0001082797 0.0003565729 0.0001230536
[1] 0.0054555654 0.0001677221 0.0006501885 0.0001959616
Algorithm converged after  16  iterations.
[1] 0.0028436990 0.0001373803 0.0001082797 0.0003565729
[1] 0.0073524594 0.0003410279 0.0001038188 0.0038420597
[1] 0.0071395985 0.0005826122 0.0001648596 0.0051575785
[1] 0.0072605760 0.0005987623 0.0001712745 0.0052927201
[1] 0.0072830653 0.0006017926 0.0001725276 0.0053180169
[1] 0.0072874512 0.0006023855 0.0001727738 0.0053229599
[1] 0.0072883134 0.0006025021 0.0001728223 0.0053239320
[1] 0.0072884831 0.0006025251 0.0001728318 0.0053241234
Algorithm converged after  77  iterations.
[1] 0.0028436990 0.0003581734
Algorithm converged after  2  iterations.
[1] 2.843699e-03 3.581734e-04 7.055013e-05
[1] 0.0030345856 0.0003363729 0.0001253844
Algorithm converged after  13  iterations.
[1] 2.843699e-03 3.581734e-04 8.816531e-05
[1] 0.0029439660 0.0003102567 0.0001263182
[1] 0.0029439684 0.0003103053 0.0001264220
Algorithm converged after  23  iterations.
[1] 0.0028436990 0.0003581734 0.0001524613
[1] 0.002333770 0.000518209 0.001625721
[1] 0.002328535 0.000523001 0.001662506
[1] 0.0023284775 0.0005230541 0.0016629132
Algorithm converged after  32  iterations.
[1] 2.843699e-03 3.581734e-04 7.055013e-05 2.894984e-05
[1] 2.533065e-03 2.748060e-04 7.727857e-05 2.974084e-05
Algorithm converged after  12  iterations.
[1] 2.843699e-03 3.581734e-04 8.816531e-05 4.032431e-05
[1] 2.790480e-03 4.273172e-04 8.727985e-05 3.011078e-05
Algorithm converged after  12  iterations.
[1] 2.843699e-03 3.581734e-04 1.524613e-04 7.387619e-05
[1] 0.0020180749 0.0006276179 0.0004515745 0.0002066167
[1] 0.0020172985 0.0006283519 0.0004525130 0.0002070724
Algorithm converged after  25  iterations.
[1] 2.843699e-03 3.581734e-04 7.055013e-05 8.816531e-05
[1] 0.0030981670 0.0003069947 0.0001471976 0.0001615888
Algorithm converged after  20  iterations.
[1] 2.843699e-03 3.581734e-04 7.055013e-05 1.524613e-04
[1] 0.0027272802 0.0006886804 0.0003154648 0.0034455076
[1] 0.0027318363 0.0007073011 0.0003268810 0.0035954145
[1] 0.0027319684 0.0007078068 0.0003271953 0.0035995338
Algorithm converged after  39  iterations.
[1] 2.843699e-03 3.581734e-04 8.816531e-05 1.524613e-04
[1] 0.0028103644 0.0005681409 0.0003798423 0.0030936947
[1] 0.0028162079 0.0005801302 0.0003892562 0.0032003662
[1] 0.0028163153 0.0005803464 0.0003894267 0.0032022919
Algorithm converged after  36  iterations.
numeric(0)
Algorithm converged after  1  iterations.
[1] 0.0004648052
Algorithm converged after  2  iterations.
[1] 0.0005915467
Algorithm converged after  2  iterations.
[1] 0.000674413
Algorithm converged after  2  iterations.
[1] 0.0004648052 0.0001282255
Algorithm converged after  2  iterations.
[1] 5.915467e-04 6.655836e-05
Algorithm converged after  2  iterations.
[1] 0.0006744130 0.0001104298
Algorithm converged after  2  iterations.
[1] 0.0004648052 0.0005915467
Algorithm converged after  2  iterations.
[1] 0.0004648052 0.0006744130
Algorithm converged after  2  iterations.
[1] 0.0005915467 0.0006744130
Algorithm converged after  2  iterations.
[1] 0.0004648052 0.0001282255 0.0005915467
Algorithm converged after  2  iterations.
[1] 0.0004648052 0.0001282255 0.0006744130
Algorithm converged after  2  iterations.
[1] 4.648052e-04 5.915467e-04 6.655836e-05
Algorithm converged after  2  iterations.
[1] 0.0004648052 0.0006744130 0.0001104298
Algorithm converged after  2  iterations.
[1] 5.915467e-04 6.655836e-05 6.744130e-04
Algorithm converged after  2  iterations.
[1] 0.0005915467 0.0006744130 0.0001104298
Algorithm converged after  2  iterations.
[1] 0.0004648052 0.0005915467 0.0006744130
Algorithm converged after  2  iterations.
[1] 4.648052e-04 1.282255e-04 5.915467e-04 6.655836e-05
Algorithm converged after  2  iterations.
[1] 0.0004648052 0.0001282255 0.0006744130 0.0001104298
Algorithm converged after  2  iterations.
[1] 5.915467e-04 6.655836e-05 6.744130e-04 1.104298e-04
Algorithm converged after  2  iterations.
[1] 0.0004648052 0.0001282255 0.0005915467 0.0006744130
Algorithm converged after  2  iterations.
[1] 4.648052e-04 5.915467e-04 6.655836e-05 6.744130e-04
Algorithm converged after  2  iterations.
[1] 0.0004648052 0.0005915467 0.0006744130 0.0001104298
Algorithm converged after  2  iterations.
[1] 0.002989657
Algorithm converged after  2  iterations.
[1] 0.0029896568 0.0001307423
[1] 0.0040994770 0.0001589337
[1] 0.0041315892 0.0001617945
[1] 0.0041331525 0.0001620337
[1] 0.004133251 0.000162050
Algorithm converged after  44  iterations.
[1] 0.0029896568 0.0001488614
Algorithm converged after  7  iterations.
[1] 0.0029896568 0.0002592786
[1] 0.004216917 0.001304507
Algorithm converged after  19  iterations.
[1] 2.989657e-03 1.307423e-04 3.651123e-05
[1] 3.289495e-03 1.339886e-04 3.578429e-05
Algorithm converged after  11  iterations.
[1] 2.989657e-03 1.488614e-04 6.014479e-05
[1] 3.235604e-03 1.460135e-04 6.082527e-05
Algorithm converged after  13  iterations.
[1] 0.0029896568 0.0002592786 0.0001141802
[1] 0.0048085066 0.0003969504 0.0001617294
Algorithm converged after  13  iterations.
[1] 0.0029896568 0.0001307423 0.0001488614
[1] 0.0047154845 0.0001821044 0.0003012742
Algorithm converged after  17  iterations.
[1] 0.0029896568 0.0001307423 0.0002592786
[1] 0.0051807144 0.0002321181 0.0025281316
[1] 0.0051791181 0.0002320204 0.0025264963
Algorithm converged after  21  iterations.
[1] 0.0029896568 0.0001488614 0.0002592786
[1] 0.0038801967 0.0001299831 0.0006358481
Algorithm converged after  17  iterations.
[1] 2.989657e-03 1.307423e-04 3.651123e-05 1.488614e-04
Algorithm converged after  10  iterations.
[1] 2.989657e-03 1.307423e-04 3.651123e-05 2.592786e-04
[1] 5.375026e-03 1.749697e-04 5.009009e-05 1.659173e-03
[1] 5.413074e-03 1.758205e-04 5.032933e-05 1.682011e-03
[1] 5.414039e-03 1.758422e-04 5.033547e-05 1.682593e-03
Algorithm converged after  35  iterations.
[1] 2.989657e-03 1.307423e-04 1.488614e-04 6.014479e-05
[1] 5.083385e-03 1.694192e-04 1.808176e-04 6.418394e-05
[1] 5.109484e-03 1.698558e-04 1.815944e-04 6.424262e-05
[1] 5.109980e-03 1.698641e-04 1.816092e-04 6.424374e-05
Algorithm converged after  31  iterations.
[1] 0.0029896568 0.0001307423 0.0002592786 0.0001141802
[1] 0.0076756797 0.0002187694 0.0005910057 0.0002523753
[1] 0.0076812020 0.0002188819 0.0005913814 0.0002525732
Algorithm converged after  21  iterations.
[1] 2.989657e-03 1.488614e-04 6.014479e-05 2.592786e-04
[1] 4.320983e-03 1.086620e-04 5.997539e-05 1.174506e-03
[1] 4.365857e-03 1.082108e-04 5.984781e-05 1.198013e-03
[1] 4.366778e-03 1.082051e-04 5.984654e-05 1.198430e-03
Algorithm converged after  34  iterations.
[1] 0.0029896568 0.0001488614 0.0002592786 0.0001141802
[1] 0.0053716586 0.0002244020 0.0004196723 0.0001794311
Algorithm converged after  15  iterations.
[1] 0.0029896568 0.0001307423 0.0001488614 0.0002592786
[1] 0.0052758009 0.0001853927 0.0001062229 0.0014664126
[1] 5.276045e-03 1.984986e-04 9.869783e-05 1.802563e-03
[1] 5.084970e-03 2.327577e-04 9.714293e-05 2.354636e-03
[1] 0.0047815851 0.0002452331 0.0000973677 0.0024082493
[1] 4.750970e-03 2.431657e-04 9.728568e-05 2.375483e-03
[1] 4.748304e-03 2.427156e-04 9.727144e-05 2.369669e-03
[1] 0.0047480975 0.0002426572 0.0000972697 0.0023689619
[1] 4.748083e-03 2.426510e-04 9.726952e-05 2.368889e-03
Algorithm converged after  81  iterations.
[1] 0.0029896568 0.0003171207
Algorithm converged after  2  iterations.
[1] 2.989657e-03 3.171207e-04 6.545218e-05
[1] 0.0031599413 0.0003225713 0.0001163038
Algorithm converged after  13  iterations.
[1] 0.0029896568 0.0003171207 0.0000838034
[1] 0.0030666840 0.0002940819 0.0001390953
Algorithm converged after  18  iterations.
[1] 0.0029896568 0.0003171207 0.0001064371
[1] 0.0025573567 0.0005202274 0.0002583516
[1] 0.0025572009 0.0005203323 0.0002583171
Algorithm converged after  22  iterations.
[1] 2.989657e-03 3.171207e-04 6.545218e-05 2.401089e-05
Algorithm converged after  9  iterations.
[1] 0.0029896568 0.0003171207 0.0000838034 0.0000355868
[1] 3.002805e-03 4.441413e-04 8.537455e-05 2.628746e-05
Algorithm converged after  11  iterations.
[1] 2.989657e-03 3.171207e-04 1.064371e-04 3.222126e-05
[1] 0.0023594291 0.0005392872 0.0002535376 0.0001375958
[1] 0.0023621553 0.0005386194 0.0002516379 0.0001318685
[1] 0.0023616021 0.0005387435 0.0002512937 0.0001305084
[1] 0.0023615054 0.0005387691 0.0002512574 0.0001303434
[1] 0.0023614928 0.0005387725 0.0002512530 0.0001303227
[1] 0.0023614912 0.0005387729 0.0002512524 0.0001303201
[1] 0.0023614910 0.0005387729 0.0002512524 0.0001303198
Algorithm converged after  71  iterations.
[1] 2.989657e-03 3.171207e-04 6.545218e-05 8.380340e-05
[1] 0.0032941393 0.0002974958 0.0001396881 0.0001531968
[1] 0.0032936488 0.0002981394 0.0001398452 0.0001541430
Algorithm converged after  22  iterations.
[1] 2.989657e-03 3.171207e-04 6.545218e-05 1.064371e-04
[1] 0.0028332445 0.0005151743 0.0000854012 0.0002047594
[1] 2.858711e-03 5.213177e-04 8.565826e-05 2.051156e-04
[1] 2.861217e-03 5.221705e-04 8.576067e-05 2.043316e-04
[1] 2.861436e-03 5.223584e-04 8.579582e-05 2.040068e-04
[1] 2.861448e-03 5.224099e-04 8.580713e-05 2.038978e-04
[1] 2.861447e-03 5.224252e-04 8.581069e-05 2.038631e-04
[1] 2.861446e-03 5.224300e-04 8.581181e-05 2.038522e-04
[1] 2.861446e-03 5.224314e-04 8.581215e-05 2.038488e-04
[1] 2.861446e-03 5.224319e-04 8.581226e-05 2.038478e-04
[1] 2.861446e-03 5.224320e-04 8.581229e-05 2.038474e-04
Algorithm converged after  105  iterations.
[1] 0.0029896568 0.0003171207 0.0000838034 0.0001064371
[1] 0.0025010920 0.0009019057 0.0004651303 0.0005334917
[1] 0.0024993752 0.0009393656 0.0004886987 0.0005531310
[1] 0.0024993399 0.0009390081 0.0004884168 0.0005528836
Algorithm converged after  31  iterations.
numeric(0)
Algorithm converged after  1  iterations.
[1] 0.0004106999
Algorithm converged after  2  iterations.
[1] 0.0004969082
Algorithm converged after  2  iterations.
[1] 0.0007185581
Algorithm converged after  2  iterations.
[1] 0.0004106999 0.0001112671
Algorithm converged after  2  iterations.
[1] 4.969082e-04 6.731971e-05
Algorithm converged after  2  iterations.
[1] 0.0007185581 0.0001046116
Algorithm converged after  2  iterations.
[1] 0.0004106999 0.0004969082
Algorithm converged after  2  iterations.
[1] 0.0004106999 0.0007185581
Algorithm converged after  2  iterations.
[1] 0.0004969082 0.0007185581
Algorithm converged after  2  iterations.
[1] 0.0004106999 0.0001112671 0.0004969082
Algorithm converged after  2  iterations.
[1] 0.0004106999 0.0001112671 0.0007185581
Algorithm converged after  2  iterations.
[1] 4.106999e-04 4.969082e-04 6.731971e-05
Algorithm converged after  2  iterations.
[1] 0.0004106999 0.0007185581 0.0001046116
Algorithm converged after  2  iterations.
[1] 4.969082e-04 6.731971e-05 7.185581e-04
Algorithm converged after  2  iterations.
[1] 0.0004969082 0.0007185581 0.0001046116
Algorithm converged after  2  iterations.
[1] 0.0004106999 0.0004969082 0.0007185581
Algorithm converged after  2  iterations.
[1] 4.106999e-04 1.112671e-04 4.969082e-04 6.731971e-05
Algorithm converged after  2  iterations.
[1] 0.0004106999 0.0001112671 0.0007185581 0.0001046116
Algorithm converged after  2  iterations.
[1] 4.969082e-04 6.731971e-05 7.185581e-04 1.046116e-04
Algorithm converged after  2  iterations.
[1] 0.0004106999 0.0001112671 0.0004969082 0.0007185581
Algorithm converged after  2  iterations.
[1] 4.106999e-04 4.969082e-04 6.731971e-05 7.185581e-04
Algorithm converged after  2  iterations.
[1] 0.0004106999 0.0004969082 0.0007185581 0.0001046116
Algorithm converged after  2  iterations.
[1] 0.002830856
Algorithm converged after  2  iterations.
[1] 0.0028308559 0.0001189237
[1] 0.0035576007 0.0001613312
Algorithm converged after  16  iterations.
[1] 0.0028308559 0.0001334356
Algorithm converged after  7  iterations.
[1] 0.0028308559 0.0004076396
[1] 0.004079669 0.001304293
Algorithm converged after  17  iterations.
[1] 2.830856e-03 1.189237e-04 3.024519e-05
[1] 2.973651e-03 1.195699e-04 2.922611e-05
Algorithm converged after  16  iterations.
[1] 2.830856e-03 1.334356e-04 6.259383e-05
[1] 3.296300e-03 1.337477e-04 6.388519e-05
Algorithm converged after  13  iterations.
[1] 2.830856e-03 4.076396e-04 8.199998e-05
[1] 0.0045574686 0.0006473913 0.0001182685
Algorithm converged after  13  iterations.
[1] 0.0028308559 0.0001189237 0.0001334356
[1] 0.0041780276 0.0001813640 0.0003177391
Algorithm converged after  17  iterations.
[1] 0.0028308559 0.0001189237 0.0004076396
[1] 0.0057136483 0.0001683483 0.0024984834
[1] 0.0057284852 0.0001708782 0.0025900173
[1] 0.0057279964 0.0001709683 0.0025931676
Algorithm converged after  40  iterations.
[1] 0.0028308559 0.0001334356 0.0004076396
[1] 0.0039432236 0.0001323464 0.0008170814
Algorithm converged after  14  iterations.
[1] 2.830856e-03 1.189237e-04 3.024519e-05 1.334356e-04
[1] 3.465969e-03 1.311496e-04 3.396842e-05 1.835406e-04
Algorithm converged after  13  iterations.
[1] 2.830856e-03 1.189237e-04 3.024519e-05 4.076396e-04
[1] 4.462622e-03 1.362740e-04 3.266506e-05 1.367353e-03
[1] 4.465725e-03 1.363136e-04 3.267432e-05 1.368981e-03
Algorithm converged after  23  iterations.
[1] 2.830856e-03 1.189237e-04 1.334356e-04 6.259383e-05
[1] 5.445590e-03 1.576880e-04 1.951572e-04 6.979465e-05
[1] 5.454916e-03 1.578579e-04 1.954708e-04 6.983071e-05
Algorithm converged after  24  iterations.
[1] 2.830856e-03 1.189237e-04 4.076396e-04 8.199998e-05
[1] 0.0071190004 0.0001783845 0.0010015844 0.0001854641
[1] 0.0071234460 0.0001784483 0.0010022444 0.0001855878
Algorithm converged after  21  iterations.
[1] 2.830856e-03 1.334356e-04 6.259383e-05 4.076396e-04
[1] 4.705187e-03 1.359794e-04 6.900883e-05 1.060555e-03
[1] 4.708236e-03 1.360232e-04 6.901891e-05 1.061144e-03
Algorithm converged after  22  iterations.
[1] 2.830856e-03 1.334356e-04 4.076396e-04 8.199998e-05
[1] 0.0050762678 0.0001952994 0.0006882082 0.0001322063
Algorithm converged after  15  iterations.
[1] 0.0028308559 0.0001189237 0.0001334356 0.0004076396
[1] 0.0054977745 0.0001517297 0.0001708878 0.0010213995
Algorithm converged after  17  iterations.
[1] 0.0028308559 0.0003168014
Algorithm converged after  2  iterations.
[1] 2.830856e-03 3.168014e-04 7.128886e-05
[1] 0.0028670600 0.0003039042 0.0001039846
Algorithm converged after  15  iterations.
[1] 0.0028308559 0.0003168014 0.0001016177
[1] 0.0030502936 0.0002598398 0.0001473665
Algorithm converged after  14  iterations.
[1] 2.830856e-03 3.168014e-04 9.388761e-05
[1] 0.0023078372 0.0004905085 0.0013606930
[1] 0.0022999058 0.0004964228 0.0014016632
[1] 0.0022997433 0.0004965454 0.0014025173
Algorithm converged after  36  iterations.
[1] 2.830856e-03 3.168014e-04 7.128886e-05 2.857953e-05
[1] 2.487117e-03 2.674888e-04 7.401438e-05 2.989650e-05
Algorithm converged after  12  iterations.
[1] 0.0028308559 0.0003168014 0.0001016177 0.0000661824
[1] 2.976293e-03 4.316794e-04 9.474150e-05 3.734496e-05
Algorithm converged after  12  iterations.
[1] 2.830856e-03 3.168014e-04 9.388761e-05 4.558873e-05
[1] 0.0020185118 0.0005817818 0.0004051374 0.0001441415
[1] 0.0020195536 0.0005815001 0.0004043216 0.0001439684
Algorithm converged after  25  iterations.
[1] 2.830856e-03 3.168014e-04 7.128886e-05 1.016177e-04
[1] 0.0033682988 0.0002369572 0.0001847920 0.0002849572
[1] 0.0033688393 0.0002369662 0.0001850171 0.0002852528
Algorithm converged after  22  iterations.
[1] 2.830856e-03 3.168014e-04 7.128886e-05 9.388761e-05
[1] 0.0026520789 0.0006763568 0.0003401253 0.0032590366
[1] 0.0026568185 0.0007135728 0.0003651185 0.0035777115
[1] 0.0026573084 0.0007166223 0.0003672000 0.0036042926
[1] 0.0026573498 0.0007168757 0.0003673732 0.0036065048
[1] 0.0026573533 0.0007168967 0.0003673876 0.0036066889
Algorithm converged after  53  iterations.
[1] 2.830856e-03 3.168014e-04 1.016177e-04 9.388761e-05
[1] 0.0026416602 0.0005907371 0.0003436896 0.0026323031
[1] 0.0026363742 0.0006089631 0.0003517015 0.0027798882
[1] 0.0026361561 0.0006097799 0.0003520639 0.0027865783
[1] 0.0026361463 0.0006098167 0.0003520803 0.0027868805
Algorithm converged after  44  iterations.
numeric(0)
Algorithm converged after  1  iterations.
[1] 0.0005191817
Algorithm converged after  2  iterations.
[1] 0.0005645956
Algorithm converged after  2  iterations.
[1] 0.0007010122
Algorithm converged after  2  iterations.
[1] 0.0005191817 0.0001230183
Algorithm converged after  2  iterations.
[1] 5.645956e-04 7.597431e-05
Algorithm converged after  2  iterations.
[1] 0.0007010122 0.0001721519
Algorithm converged after  2  iterations.
[1] 0.0005191817 0.0005645956
Algorithm converged after  2  iterations.
[1] 0.0005191817 0.0007010122
Algorithm converged after  2  iterations.
[1] 0.0005645956 0.0007010122
Algorithm converged after  2  iterations.
[1] 0.0005191817 0.0001230183 0.0005645956
Algorithm converged after  2  iterations.
[1] 0.0005191817 0.0001230183 0.0007010122
Algorithm converged after  2  iterations.
[1] 5.191817e-04 5.645956e-04 7.597431e-05
Algorithm converged after  2  iterations.
[1] 0.0005191817 0.0007010122 0.0001721519
Algorithm converged after  2  iterations.
[1] 5.645956e-04 7.597431e-05 7.010122e-04
Algorithm converged after  2  iterations.
[1] 0.0005645956 0.0007010122 0.0001721519
Algorithm converged after  2  iterations.
[1] 0.0005191817 0.0005645956 0.0007010122
Algorithm converged after  2  iterations.
[1] 5.191817e-04 1.230183e-04 5.645956e-04 7.597431e-05
Algorithm converged after  2  iterations.
[1] 0.0005191817 0.0001230183 0.0007010122 0.0001721519
Algorithm converged after  2  iterations.
[1] 5.645956e-04 7.597431e-05 7.010122e-04 1.721519e-04
Algorithm converged after  2  iterations.
[1] 0.0005191817 0.0001230183 0.0005645956 0.0007010122
Algorithm converged after  2  iterations.
[1] 5.191817e-04 5.645956e-04 7.597431e-05 7.010122e-04
Algorithm converged after  2  iterations.
[1] 0.0005191817 0.0005645956 0.0007010122 0.0001721519
Algorithm converged after  2  iterations.
[1] 0.003215813
Algorithm converged after  2  iterations.
[1] 0.003215813 0.000118326
[1] 0.0042117749 0.0001591888
Algorithm converged after  19  iterations.
[1] 3.215813e-03 8.965581e-05
Algorithm converged after  7  iterations.
[1] 0.0032158127 0.0003057603
[1] 0.004780926 0.001315221
Algorithm converged after  20  iterations.
[1] 3.215813e-03 1.183260e-04 3.529525e-05
Algorithm converged after  10  iterations.
[1] 3.215813e-03 8.965581e-05 6.025785e-05
[1] 3.324333e-03 8.973699e-05 5.880924e-05
[1] 3.326068e-03 8.964677e-05 5.855599e-05
[1] 3.326170e-03 8.964089e-05 5.853930e-05
[1] 3.326176e-03 8.964052e-05 5.853824e-05
Algorithm converged after  45  iterations.
[1] 0.0032158127 0.0003057603 0.0001066816
[1] 0.0054180224 0.0005763041 0.0001541360
Algorithm converged after  15  iterations.
[1] 3.215813e-03 1.183260e-04 8.965581e-05
[1] 0.0046344467 0.0001837849 0.0002693148
Algorithm converged after  12  iterations.
[1] 0.0032158127 0.0001183260 0.0003057603
[1] 0.0059300846 0.0001833582 0.0024923796
[1] 0.0059098147 0.0001834208 0.0024914271
Algorithm converged after  26  iterations.
[1] 3.215813e-03 8.965581e-05 3.057603e-04
[1] 4.857408e-03 9.593487e-05 8.945689e-04
[1] 4.866046e-03 9.595583e-05 8.999563e-04
[1] 4.866171e-03 9.595613e-05 9.000351e-04
Algorithm converged after  31  iterations.
[1] 3.215813e-03 1.183260e-04 3.529525e-05 8.965581e-05
[1] 4.325238e-03 1.414854e-04 4.596973e-05 1.686126e-04
Algorithm converged after  15  iterations.
[1] 3.215813e-03 1.183260e-04 3.529525e-05 3.057603e-04
[1] 5.440508e-03 1.415250e-04 4.089459e-05 1.475943e-03
[1] 5.450986e-03 1.416504e-04 4.092184e-05 1.481398e-03
Algorithm converged after  27  iterations.
[1] 3.215813e-03 1.183260e-04 8.965581e-05 6.025785e-05
[1] 4.716264e-03 1.418269e-04 1.086524e-04 6.514651e-05
[1] 4.722878e-03 1.419206e-04 1.088087e-04 6.517949e-05
Algorithm converged after  26  iterations.
[1] 0.0032158127 0.0001183260 0.0003057603 0.0001066816
[1] 0.0082395812 0.0001885635 0.0009272536 0.0002218653
[1] 0.0082465458 0.0001886672 0.0009281487 0.0002220656
Algorithm converged after  22  iterations.
[1] 3.215813e-03 8.965581e-05 6.025785e-05 3.057603e-04
[1] 5.004626e-03 8.500286e-05 2.732151e-05 1.429427e-03
[1] 5.010298e-03 8.500198e-05 2.731168e-05 1.432768e-03
Algorithm converged after  24  iterations.
[1] 3.215813e-03 8.965581e-05 3.057603e-04 1.066816e-04
[1] 0.0061196606 0.0001518900 0.0006309036 0.0001715317
Algorithm converged after  17  iterations.
[1] 3.215813e-03 1.183260e-04 8.965581e-05 3.057603e-04
[1] 0.0070527520 0.0001745894 0.0001125295 0.0020042919
[1] 0.0065315028 0.0002915542 0.0001483629 0.0037897281
[1] 0.0061236775 0.0002885250 0.0001400007 0.0035563740
[1] 0.0061087169 0.0002874255 0.0001396680 0.0035397144
[1] 0.0061081490 0.0002873794 0.0001396586 0.0035390485
Algorithm converged after  55  iterations.
[1] 0.0032158127 0.0003108565
Algorithm converged after  2  iterations.
[1] 3.215813e-03 3.108565e-04 5.836546e-05
[1] 3.464428e-03 2.873143e-04 9.825869e-05
Algorithm converged after  12  iterations.
[1] 3.215813e-03 3.108565e-04 8.095902e-05
[1] 0.0035541865 0.0002659908 0.0001196214
[1] 0.0035731051 0.0002701539 0.0001324695
[1] 0.0035742188 0.0002704182 0.0001332632
[1] 0.0035742615 0.0002704283 0.0001332936
Algorithm converged after  45  iterations.
[1] 0.0032158127 0.0003108565 0.0001435961
[1] 0.0027587947 0.0003831087 0.0011346848
[1] 0.0027369662 0.0003970627 0.0012808028
[1] 0.0027364392 0.0003974202 0.0012844010
Algorithm converged after  40  iterations.
[1] 3.215813e-03 3.108565e-04 5.836546e-05 2.648706e-05
[1] 2.835522e-03 2.406145e-04 6.231380e-05 2.636557e-05
Algorithm converged after  11  iterations.
[1] 3.215813e-03 3.108565e-04 8.095902e-05 3.511610e-05
Algorithm converged after  10  iterations.
[1] 3.215813e-03 3.108565e-04 1.435961e-04 8.213947e-05
[1] 0.0026359456 0.0005459822 0.0003453963 0.0001806939
[1] 0.0026347733 0.0005462711 0.0003451801 0.0001807424
[1] 0.0026346801 0.0005462797 0.0003451372 0.0001807360
[1] 0.0026346710 0.0005462806 0.0003451330 0.0001807354
Algorithm converged after  46  iterations.
[1] 3.215813e-03 3.108565e-04 5.836546e-05 8.095902e-05
[1] 0.0039064967 0.0003065205 0.0001415445 0.0002346117
Algorithm converged after  20  iterations.
[1] 3.215813e-03 3.108565e-04 5.836546e-05 1.435961e-04
[1] 0.0032174964 0.0004630079 0.0001946762 0.0025254460
[1] 0.0032223690 0.0004747937 0.0002010361 0.0026316053
[1] 0.0032224198 0.0004749072 0.0002010978 0.0026326265
Algorithm converged after  33  iterations.
[1] 3.215813e-03 3.108565e-04 8.095902e-05 1.435961e-04
[1] 0.0032353027 0.0003974808 0.0002562847 0.0021774328
[1] 0.0032451816 0.0004094913 0.0002655251 0.0023120874
[1] 0.0032452976 0.0004096337 0.0002656340 0.0023136700
Algorithm converged after  35  iterations.
numeric(0)
Algorithm converged after  1  iterations.
[1] 0.0004355832
Algorithm converged after  2  iterations.
[1] 0.0005268267
Algorithm converged after  2  iterations.
[1] 0.0006556148
Algorithm converged after  2  iterations.
[1] 0.0004355832 0.0001232802
Algorithm converged after  2  iterations.
[1] 5.268267e-04 7.591018e-05
Algorithm converged after  2  iterations.
[1] 0.0006556148 0.0001294103
Algorithm converged after  2  iterations.
[1] 0.0004355832 0.0005268267
Algorithm converged after  2  iterations.
[1] 0.0004355832 0.0006556148
Algorithm converged after  2  iterations.
[1] 0.0005268267 0.0006556148
Algorithm converged after  2  iterations.
[1] 0.0004355832 0.0001232802 0.0005268267
Algorithm converged after  2  iterations.
[1] 0.0004355832 0.0001232802 0.0006556148
Algorithm converged after  2  iterations.
[1] 4.355832e-04 5.268267e-04 7.591018e-05
Algorithm converged after  2  iterations.
[1] 0.0004355832 0.0006556148 0.0001294103
Algorithm converged after  2  iterations.
[1] 5.268267e-04 7.591018e-05 6.556148e-04
Algorithm converged after  2  iterations.
[1] 0.0005268267 0.0006556148 0.0001294103
Algorithm converged after  2  iterations.
[1] 0.0004355832 0.0005268267 0.0006556148
Algorithm converged after  2  iterations.
[1] 4.355832e-04 1.232802e-04 5.268267e-04 7.591018e-05
Algorithm converged after  2  iterations.
[1] 0.0004355832 0.0001232802 0.0006556148 0.0001294103
Algorithm converged after  2  iterations.
[1] 5.268267e-04 7.591018e-05 6.556148e-04 1.294103e-04
Algorithm converged after  2  iterations.
[1] 0.0004355832 0.0001232802 0.0005268267 0.0006556148
Algorithm converged after  2  iterations.
[1] 4.355832e-04 5.268267e-04 7.591018e-05 6.556148e-04
Algorithm converged after  2  iterations.
[1] 0.0004355832 0.0005268267 0.0006556148 0.0001294103
Algorithm converged after  2  iterations.
[1] 0.002847412
Algorithm converged after  2  iterations.
[1] 0.0028474122 0.0001284353
[1] 0.003733657 0.000179906
Algorithm converged after  15  iterations.
[1] 0.0028474122 0.0001008544
Algorithm converged after  7  iterations.
[1] 0.0028474122 0.0003765465
[1] 0.004432600 0.001408317
Algorithm converged after  20  iterations.
[1] 2.847412e-03 1.284353e-04 3.722446e-05
[1] 2.995161e-03 1.293619e-04 3.609139e-05
Algorithm converged after  11  iterations.
[1] 2.847412e-03 1.008544e-04 6.958627e-05
[1] 3.024898e-03 9.869055e-05 6.901176e-05
Algorithm converged after  11  iterations.
[1] 0.0028474122 0.0003765465 0.0001057245
[1] 0.0050918395 0.0006895841 0.0001600317
Algorithm converged after  14  iterations.
[1] 0.0028474122 0.0001284353 0.0001008544
[1] 0.0041667602 0.0002043946 0.0002919606
Algorithm converged after  14  iterations.
[1] 0.0028474122 0.0001284353 0.0003765465
[1] 0.0062127839 0.0002164687 0.0030018860
[1] 0.0061539616 0.0002157027 0.0029800193
Algorithm converged after  27  iterations.
[1] 0.0028474122 0.0001008544 0.0003765465
[1] 4.132738e-03 9.812545e-05 8.499357e-04
[1] 0.0040524276 0.0001024675 0.0008009845
[1] 0.0040557297 0.0001033623 0.0007949100
[1] 0.0040568906 0.0001035067 0.0007940598
[1] 0.0040570700 0.0001035278 0.0007939381
[1] 0.0040570960 0.0001035308 0.0007939207
[1] 0.0040570997 0.0001035312 0.0007939182
Algorithm converged after  74  iterations.
[1] 2.847412e-03 1.284353e-04 3.722446e-05 1.008544e-04
[1] 3.651918e-03 1.488939e-04 4.599323e-05 1.657310e-04
Algorithm converged after  15  iterations.
[1] 2.847412e-03 1.284353e-04 3.722446e-05 3.765465e-04
[1] 5.099740e-03 1.576462e-04 4.445209e-05 1.586648e-03
[1] 5.117732e-03 1.579260e-04 4.452504e-05 1.595825e-03
Algorithm converged after  29  iterations.
[1] 2.847412e-03 1.284353e-04 1.008544e-04 6.958627e-05
[1] 4.869088e-03 1.668423e-04 1.364481e-04 7.413834e-05
[1] 4.876957e-03 1.670065e-04 1.366797e-04 7.416086e-05
Algorithm converged after  25  iterations.
[1] 0.0028474122 0.0001284353 0.0003765465 0.0001057245
[1] 0.0082186440 0.0002169907 0.0011067760 0.0002537092
[1] 0.0082253552 0.0002171018 0.0011077636 0.0002539288
Algorithm converged after  22  iterations.
[1] 2.847412e-03 1.008544e-04 6.958627e-05 3.765465e-04
[1] 5.004287e-03 8.983939e-05 2.548035e-05 1.646987e-03
[1] 5.011351e-03 8.983456e-05 2.543663e-05 1.651570e-03
Algorithm converged after  24  iterations.
[1] 0.0028474122 0.0001008544 0.0003765465 0.0001057245
[1] 0.0055863090 0.0001599597 0.0007179744 0.0001756052
Algorithm converged after  16  iterations.
[1] 0.0028474122 0.0001284353 0.0001008544 0.0003765465
[1] 0.0062921520 0.0001803958 0.0001111310 0.0014546512
[1] 0.0063684600 0.0001815521 0.0001114157 0.0014872828
[1] 0.0063720368 0.0001816061 0.0001114299 0.0014887961
[1] 0.0063722056 0.0001816086 0.0001114305 0.0014888675
Algorithm converged after  41  iterations.
[1] 0.002847412 0.000337028
Algorithm converged after  2  iterations.
[1] 2.847412e-03 3.370280e-04 7.397204e-05
[1] 0.0031288555 0.0003137615 0.0001150433
Algorithm converged after  11  iterations.
[1] 2.847412e-03 3.370280e-04 9.295877e-05
[1] 0.0029711699 0.0002963977 0.0001441911
Algorithm converged after  12  iterations.
[1] 0.002847412 0.000337028 0.000122709
[1] 0.0023308479 0.0004710106 0.0013201361
[1] 0.0023245678 0.0004756656 0.0013537101
[1] 0.0023244980 0.0004757179 0.0013540872
Algorithm converged after  33  iterations.
[1] 2.847412e-03 3.370280e-04 7.397204e-05 2.838204e-05
[1] 2.488329e-03 2.688905e-04 7.860758e-05 2.975837e-05
Algorithm converged after  12  iterations.
[1] 2.847412e-03 3.370280e-04 9.295877e-05 4.247810e-05
Algorithm converged after  10  iterations.
[1] 2.847412e-03 3.370280e-04 1.227090e-04 6.569936e-05
[1] 0.0020130927 0.0005975381 0.0004352143 0.0001795555
[1] 0.0020115152 0.0005985588 0.0004369258 0.0001801335
Algorithm converged after  27  iterations.
[1] 2.847412e-03 3.370280e-04 7.397204e-05 9.295877e-05
[1] 0.0032882306 0.0002892642 0.0001344889 0.0001646070
[1] 0.0032876618 0.0002895621 0.0001345235 0.0001651421
Algorithm converged after  22  iterations.
[1] 2.847412e-03 3.370280e-04 7.397204e-05 1.227090e-04
[1] 0.0027244212 0.0005568972 0.0002272104 0.0025038180
[1] 0.0027239025 0.0005647598 0.0002307338 0.0025649397
[1] 0.0027238963 0.0005648790 0.0002307876 0.0025658689
Algorithm converged after  34  iterations.
[1] 2.847412e-03 3.370280e-04 9.295877e-05 1.227090e-04
[1] 0.0027880423 0.0005075448 0.0003275231 0.0025975841
[1] 0.0027910604 0.0005168475 0.0003339823 0.0026766642
[1] 0.0027911027 0.0005169754 0.0003340708 0.0026777523
Algorithm converged after  34  iterations.
numeric(0)
Algorithm converged after  1  iterations.
[1] 0.0004887873
Algorithm converged after  2  iterations.
[1] 0.0005679004
Algorithm converged after  2  iterations.
[1] 0.0007285465
Algorithm converged after  2  iterations.
[1] 0.0004887873 0.0001095517
Algorithm converged after  2  iterations.
[1] 0.0005679004 0.0000730347
Algorithm converged after  2  iterations.
[1] 0.0007285465 0.0001042032
Algorithm converged after  2  iterations.
[1] 0.0004887873 0.0005679004
Algorithm converged after  2  iterations.
[1] 0.0004887873 0.0007285465
Algorithm converged after  2  iterations.
[1] 0.0005679004 0.0007285465
Algorithm converged after  2  iterations.
[1] 0.0004887873 0.0001095517 0.0005679004
Algorithm converged after  2  iterations.
[1] 0.0004887873 0.0001095517 0.0007285465
Algorithm converged after  2  iterations.
[1] 0.0004887873 0.0005679004 0.0000730347
Algorithm converged after  2  iterations.
[1] 0.0004887873 0.0007285465 0.0001042032
Algorithm converged after  2  iterations.
[1] 0.0005679004 0.0000730347 0.0007285465
Algorithm converged after  2  iterations.
[1] 0.0005679004 0.0007285465 0.0001042032
Algorithm converged after  2  iterations.
[1] 0.0004887873 0.0005679004 0.0007285465
Algorithm converged after  2  iterations.
[1] 0.0004887873 0.0001095517 0.0005679004 0.0000730347
Algorithm converged after  2  iterations.
[1] 0.0004887873 0.0001095517 0.0007285465 0.0001042032
Algorithm converged after  2  iterations.
[1] 0.0005679004 0.0000730347 0.0007285465 0.0001042032
Algorithm converged after  2  iterations.
[1] 0.0004887873 0.0001095517 0.0005679004 0.0007285465
Algorithm converged after  2  iterations.
[1] 0.0004887873 0.0005679004 0.0000730347 0.0007285465
Algorithm converged after  2  iterations.
[1] 0.0004887873 0.0005679004 0.0007285465 0.0001042032
Algorithm converged after  2  iterations.
[1] 0.003162655
Algorithm converged after  2  iterations.
[1] 0.0031626548 0.0001085693
[1] 0.004112511 0.000149166
[1] 0.0040609630 0.0001489125
Algorithm converged after  21  iterations.
[1] 0.003162655 0.000136312
Algorithm converged after  6  iterations.
[1] 0.0031626548 0.0003585756
[1] 0.004333915 0.001133471
Algorithm converged after  16  iterations.
[1] 3.162655e-03 1.085693e-04 3.208859e-05
[1] 3.438991e-03 1.110453e-04 3.117772e-05
Algorithm converged after  12  iterations.
[1] 3.162655e-03 1.363120e-04 6.595442e-05
[1] 3.705417e-03 1.361131e-04 6.750722e-05
Algorithm converged after  12  iterations.
[1] 0.0031626548 0.0003585756 0.0000944078
[1] 0.0050288753 0.0005574862 0.0001280452
Algorithm converged after  14  iterations.
[1] 0.0031626548 0.0001085693 0.0001363120
[1] 0.0045162363 0.0001687193 0.0003261894
Algorithm converged after  16  iterations.
[1] 0.0031626548 0.0001085693 0.0003585756
[1] 0.0056226217 0.0001731458 0.0021732722
[1] 0.0056041584 0.0001727032 0.0021631797
Algorithm converged after  25  iterations.
[1] 0.0031626548 0.0001363120 0.0003585756
[1] 0.0042088342 0.0001276778 0.0007333568
Algorithm converged after  15  iterations.
[1] 3.162655e-03 1.085693e-04 3.208859e-05 1.363120e-04
[1] 3.962585e-03 1.247670e-04 3.605943e-05 2.038090e-04
Algorithm converged after  14  iterations.
[1] 3.162655e-03 1.085693e-04 3.208859e-05 3.585756e-04
[1] 5.026087e-03 1.341476e-04 3.743695e-05 1.259320e-03
[1] 5.032729e-03 1.342509e-04 3.745438e-05 1.262144e-03
Algorithm converged after  25  iterations.
[1] 3.162655e-03 1.085693e-04 1.363120e-04 6.595442e-05
[1] 5.483386e-03 1.443111e-04 1.655917e-04 7.348214e-05
[1] 5.492002e-03 1.444662e-04 1.659029e-04 7.352054e-05
Algorithm converged after  26  iterations.
[1] 0.0031626548 0.0001085693 0.0003585756 0.0000944078
[1] 0.0078990656 0.0001807812 0.0008721291 0.0001958896
[1] 0.0079046671 0.0001808687 0.0008727667 0.0001960403
Algorithm converged after  21  iterations.
[1] 3.162655e-03 1.363120e-04 6.595442e-05 3.585756e-04
[1] 5.107657e-03 1.161893e-04 6.126588e-05 1.254256e-03
[1] 5.115481e-03 1.161756e-04 6.120047e-05 1.257564e-03
Algorithm converged after  25  iterations.
[1] 0.0031626548 0.0001363120 0.0003585756 0.0000944078
[1] 0.0055595499 0.0001973121 0.0005907644 0.0001420651
Algorithm converged after  16  iterations.
[1] 0.0031626548 0.0001085693 0.0001363120 0.0003585756
[1] 0.0059319883 0.0001506189 0.0001326452 0.0012417559
[1] 0.0059429161 0.0001508742 0.0001322681 0.0012517941
[1] 0.0059431213 0.0001508790 0.0001322613 0.0012519805
Algorithm converged after  32  iterations.
[1] 0.0031626548 0.0003149099
Algorithm converged after  2  iterations.
[1] 0.0031626548 0.0003149099 0.0000553465
[1] 3.419680e-03 2.996329e-04 9.939947e-05
Algorithm converged after  13  iterations.
[1] 3.162655e-03 3.149099e-04 9.398119e-05
[1] 0.0033670732 0.0002719137 0.0001265742
[1] 0.0033668457 0.0002720624 0.0001268386
Algorithm converged after  27  iterations.
[1] 0.0031626548 0.0003149099 0.0001198188
[1] 0.0027016320 0.0004571275 0.0014623723
[1] 0.0026921748 0.0004653203 0.0015280486
[1] 0.0026920157 0.0004654607 0.0015291736
Algorithm converged after  36  iterations.
[1] 3.162655e-03 3.149099e-04 5.534650e-05 2.358346e-05
[1] 2.904376e-03 2.467794e-04 6.163586e-05 2.567070e-05
Algorithm converged after  12  iterations.
[1] 3.162655e-03 3.149099e-04 9.398119e-05 5.855810e-05
[1] 3.314993e-03 4.275793e-04 9.293388e-05 3.367917e-05
Algorithm converged after  11  iterations.
[1] 3.162655e-03 3.149099e-04 1.198188e-04 7.022238e-05
[1] 0.0021993343 0.0005869655 0.0004033929 0.0001994926
[1] 0.0021992932 0.0005875962 0.0004039371 0.0001998401
Algorithm converged after  25  iterations.
[1] 3.162655e-03 3.149099e-04 5.534650e-05 9.398119e-05
[1] 0.0036013691 0.0002674809 0.0001120445 0.0001856491
[1] 0.0035957867 0.0002689811 0.0001121501 0.0001885233
Algorithm converged after  27  iterations.
[1] 0.0031626548 0.0003149099 0.0000553465 0.0001198188
[1] 0.0031208327 0.0005884434 0.0002912315 0.0031510021
[1] 0.0031287752 0.0006110262 0.0003066496 0.0033433763
[1] 0.0031290332 0.0006117254 0.0003071313 0.0033493626
[1] 0.0031290412 0.0006117470 0.0003071462 0.0033495482
Algorithm converged after  41  iterations.
[1] 3.162655e-03 3.149099e-04 9.398119e-05 1.198188e-04
[1] 0.0031625882 0.0005172193 0.0003855225 0.0030231490
[1] 0.0031673846 0.0005333186 0.0003978890 0.0031774512
[1] 0.0031675011 0.0005336950 0.0003981786 0.0031810663
Algorithm converged after  38  iterations.
numeric(0)
Algorithm converged after  1  iterations.
[1] 0.0005151707
Algorithm converged after  2  iterations.
[1] 0.0004944309
Algorithm converged after  2  iterations.
[1] 0.0006462608
Algorithm converged after  2  iterations.
[1] 0.0005151707 0.0001085473
Algorithm converged after  2  iterations.
[1] 4.944309e-04 7.818917e-05
Algorithm converged after  2  iterations.
[1] 0.0006462608 0.0001794295
Algorithm converged after  2  iterations.
[1] 0.0005151707 0.0004944309
Algorithm converged after  2  iterations.
[1] 0.0005151707 0.0006462608
Algorithm converged after  2  iterations.
[1] 0.0004944309 0.0006462608
Algorithm converged after  2  iterations.
[1] 0.0005151707 0.0001085473 0.0004944309
Algorithm converged after  2  iterations.
[1] 0.0005151707 0.0001085473 0.0006462608
Algorithm converged after  2  iterations.
[1] 5.151707e-04 4.944309e-04 7.818917e-05
Algorithm converged after  2  iterations.
[1] 0.0005151707 0.0006462608 0.0001794295
Algorithm converged after  2  iterations.
[1] 4.944309e-04 7.818917e-05 6.462608e-04
Algorithm converged after  2  iterations.
[1] 0.0004944309 0.0006462608 0.0001794295
Algorithm converged after  2  iterations.
[1] 0.0005151707 0.0004944309 0.0006462608
Algorithm converged after  2  iterations.
[1] 5.151707e-04 1.085473e-04 4.944309e-04 7.818917e-05
Algorithm converged after  2  iterations.
[1] 0.0005151707 0.0001085473 0.0006462608 0.0001794295
Algorithm converged after  2  iterations.
[1] 4.944309e-04 7.818917e-05 6.462608e-04 1.794295e-04
Algorithm converged after  2  iterations.
[1] 0.0005151707 0.0001085473 0.0004944309 0.0006462608
Algorithm converged after  2  iterations.
[1] 5.151707e-04 4.944309e-04 7.818917e-05 6.462608e-04
Algorithm converged after  2  iterations.
[1] 0.0005151707 0.0004944309 0.0006462608 0.0001794295
Algorithm converged after  2  iterations.
[1] 0.002821113
Algorithm converged after  2  iterations.
[1] 0.0028211128 0.0001054206
Algorithm converged after  7  iterations.
[1] 0.0028211128 0.0001293467
Algorithm converged after  6  iterations.
[1] 0.0028211128 0.0003996108
[1] 0.004663782 0.001418626
Algorithm converged after  20  iterations.
[1] 2.821113e-03 1.054206e-04 4.279794e-05
Algorithm converged after  9  iterations.
[1] 2.821113e-03 1.293467e-04 7.407483e-05
[1] 3.099160e-03 1.240547e-04 7.440101e-05
Algorithm converged after  11  iterations.
[1] 0.0028211128 0.0003996108 0.0001025567
[1] 0.0051838370 0.0008371445 0.0001509379
Algorithm converged after  16  iterations.
[1] 0.0028211128 0.0001054206 0.0001293467
[1] 0.0031564812 0.0001199337 0.0001200151
[1] 0.003154641 0.000119940 0.000119953
Algorithm converged after  21  iterations.
[1] 0.0028211128 0.0001054206 0.0003996108
[1] 0.0057565978 0.0002973812 0.0024658459
[1] 0.0057846815 0.0002994392 0.0024881212
[1] 0.0057851203 0.0002994715 0.0024884700
Algorithm converged after  32  iterations.
[1] 0.0028211128 0.0001293467 0.0003996108
[1] 0.0043525604 0.0001169036 0.0009854965
Algorithm converged after  17  iterations.
[1] 2.821113e-03 1.054206e-04 4.279794e-05 1.293467e-04
[1] 3.027583e-03 1.052406e-04 3.220119e-05 1.991663e-04
Algorithm converged after  11  iterations.
[1] 2.821113e-03 1.054206e-04 4.279794e-05 3.996108e-04
[1] 6.384056e-03 1.822445e-04 8.902425e-05 2.086230e-03
[1] 6.420492e-03 1.832064e-04 8.921956e-05 2.107187e-03
[1] 6.420899e-03 1.832172e-04 8.922174e-05 2.107423e-03
Algorithm converged after  31  iterations.
[1] 2.821113e-03 1.054206e-04 1.293467e-04 7.407483e-05
[1] 2.831850e-03 1.656241e-04 9.931603e-05 4.640913e-05
Algorithm converged after  17  iterations.
[1] 0.0028211128 0.0001054206 0.0003996108 0.0001025567
[1] 0.0073789906 0.0001537468 0.0013317977 0.0001981994
[1] 0.0074022013 0.0001539890 0.0013364812 0.0001988364
Algorithm converged after  27  iterations.
[1] 2.821113e-03 1.293467e-04 7.407483e-05 3.996108e-04
[1] 5.739665e-03 1.028191e-04 4.974615e-05 1.775077e-03
[1] 0.0057587120 0.0001027735 0.0000494275 0.0017844167
Algorithm converged after  27  iterations.
[1] 0.0028211128 0.0001293467 0.0003996108 0.0001025567
[1] 0.0056227946 0.0001823864 0.0008989967 0.0001630022
Algorithm converged after  18  iterations.
[1] 0.0028211128 0.0001054206 0.0001293467 0.0003996108
[1] 0.0051395097 0.0002048294 0.0001034085 0.0017507363
[1] 0.0052565543 0.0002106497 0.0001034452 0.0018273242
[1] 0.0052795717 0.0002118015 0.0001034519 0.0018424439
[1] 0.0052843852 0.0002120430 0.0001034533 0.0018456101
[1] 0.0052854046 0.0002120942 0.0001034536 0.0018462809
[1] 0.0052856210 0.0002121050 0.0001034536 0.0018464233
Algorithm converged after  70  iterations.
[1] 0.0028211128 0.0003159684
Algorithm converged after  2  iterations.
[1] 2.821113e-03 3.159684e-04 6.410986e-05
[1] 0.0029526032 0.0002871609 0.0001028540
Algorithm converged after  14  iterations.
[1] 0.0028211128 0.0003159684 0.0002178398
Algorithm converged after  9  iterations.
[1] 0.0028211128 0.0003159684 0.0001264132
[1] 0.0021214741 0.0004717234 0.0015220139
[1] 0.002115769 0.000475885 0.001551424
[1] 0.0021156860 0.0004759459 0.0015518570
Algorithm converged after  33  iterations.
[1] 2.821113e-03 3.159684e-04 6.410986e-05 2.585230e-05
[1] 2.286128e-03 2.443956e-04 7.356812e-05 2.329349e-05
Algorithm converged after  13  iterations.
[1] 2.821113e-03 3.159684e-04 2.178398e-04 7.588342e-05
[1] 3.160802e-03 4.616570e-04 2.000748e-04 8.805987e-05
Algorithm converged after  19  iterations.
[1] 2.821113e-03 3.159684e-04 1.264132e-04 6.284595e-05
[1] 0.0018548342 0.0006147401 0.0008968884 0.0001702569
[1] 0.0018432067 0.0006189547 0.0009237680 0.0001722265
[1] 0.0018429070 0.0006190607 0.0009244740 0.0001722777
Algorithm converged after  38  iterations.
[1] 2.821113e-03 3.159684e-04 6.410986e-05 2.178398e-04
Algorithm converged after  10  iterations.
[1] 2.821113e-03 3.159684e-04 6.410986e-05 1.264132e-04
[1] 0.0024515486 0.0006456273 0.0002859391 0.0033208756
[1] 0.0024637338 0.0006770714 0.0003083218 0.0036095896
[1] 0.0024648138 0.0006794310 0.0003100706 0.0036320456
[1] 0.0024648984 0.0006796139 0.0003102066 0.0036337916
[1] 0.0024649050 0.0006796281 0.0003102172 0.0036339273
Algorithm converged after  51  iterations.
[1] 0.0028211128 0.0003159684 0.0002178398 0.0001264132
[1] 0.0025608215 0.0006085861 0.0006805240 0.0026605950
[1] 0.0025896123 0.0006044879 0.0007083416 0.0029254056
[1] 0.0025921223 0.0006040039 0.0007105156 0.0029463684
[1] 0.0025923186 0.0006039649 0.0007106869 0.0029480160
[1] 0.0025923336 0.0006039618 0.0007107011 0.0029481496
[1] 0.0025923347 0.0006039615 0.0007107025 0.0029481621
Algorithm converged after  63  iterations.
numeric(0)
Algorithm converged after  1  iterations.
[1] 0.000433363
Algorithm converged after  2  iterations.
[1] 0.000469801
Algorithm converged after  2  iterations.
[1] 0.0007626172
Algorithm converged after  2  iterations.
[1] 0.0004333630 0.0001057829
Algorithm converged after  2  iterations.
[1] 4.69801e-04 7.55042e-05
Algorithm converged after  2  iterations.
[1] 0.0007626172 0.0001736312
Algorithm converged after  2  iterations.
[1] 0.000433363 0.000469801
Algorithm converged after  2  iterations.
[1] 0.0004333630 0.0007626172
Algorithm converged after  2  iterations.
[1] 0.0004698010 0.0007626172
Algorithm converged after  2  iterations.
[1] 0.0004333630 0.0001057829 0.0004698010
Algorithm converged after  2  iterations.
[1] 0.0004333630 0.0001057829 0.0007626172
Algorithm converged after  2  iterations.
[1] 4.33363e-04 4.69801e-04 7.55042e-05
Algorithm converged after  2  iterations.
[1] 0.0004333630 0.0007626172 0.0001736312
Algorithm converged after  2  iterations.
[1] 0.0004698010 0.0000755042 0.0007626172
Algorithm converged after  2  iterations.
[1] 0.0004698010 0.0007626172 0.0001736312
Algorithm converged after  2  iterations.
[1] 0.0004333630 0.0004698010 0.0007626172
Algorithm converged after  2  iterations.
[1] 0.0004333630 0.0001057829 0.0004698010 0.0000755042
Algorithm converged after  2  iterations.
[1] 0.0004333630 0.0001057829 0.0007626172 0.0001736312
Algorithm converged after  2  iterations.
[1] 0.0004698010 0.0000755042 0.0007626172 0.0001736312
Algorithm converged after  2  iterations.
[1] 0.0004333630 0.0001057829 0.0004698010 0.0007626172
Algorithm converged after  2  iterations.
[1] 0.0004333630 0.0004698010 0.0000755042 0.0007626172
Algorithm converged after  2  iterations.
[1] 0.0004333630 0.0004698010 0.0007626172 0.0001736312
Algorithm converged after  2  iterations.
[1] 0.002938941
Algorithm converged after  2  iterations.
[1] 0.0029389411 0.0001058676
[1] 0.0035133319 0.0001195449
[1] 0.0030102523 0.0001257634
Algorithm converged after  24  iterations.
[1] 0.0029389411 0.0001149764
Algorithm converged after  7  iterations.
[1] 0.0029389411 0.0003719929
[1] 0.004381341 0.001270048
Algorithm converged after  17  iterations.
[1] 2.938941e-03 1.058676e-04 3.287388e-05
[1] 0.0031402581 0.0001072826 0.0000316569
Algorithm converged after  11  iterations.
[1] 2.938941e-03 1.149764e-04 7.639363e-05
Algorithm converged after  10  iterations.
[1] 2.938941e-03 3.719929e-04 9.115559e-05
[1] 0.0047794469 0.0006496299 0.0001258033
Algorithm converged after  14  iterations.
[1] 0.0029389411 0.0001058676 0.0001149764
[1] 0.0046106804 0.0001600471 0.0003143420
Algorithm converged after  16  iterations.
[1] 0.0029389411 0.0001058676 0.0003719929
[1] 0.0058719817 0.0001690168 0.0023730020
[1] 0.005862870 0.000168934 0.002370233
Algorithm converged after  23  iterations.
[1] 0.0029389411 0.0001149764 0.0003719929
[1] 0.0042120787 0.0001116500 0.0008328215
Algorithm converged after  15  iterations.
[1] 2.938941e-03 1.058676e-04 3.287388e-05 1.149764e-04
[1] 3.639436e-03 1.188876e-04 3.531188e-05 1.910709e-04
Algorithm converged after  12  iterations.
[1] 2.938941e-03 1.058676e-04 3.287388e-05 3.719929e-04
[1] 5.345646e-03 1.367548e-04 4.131389e-05 1.559568e-03
[1] 5.362531e-03 1.370123e-04 4.135857e-05 1.567862e-03
Algorithm converged after  28  iterations.
[1] 2.938941e-03 1.058676e-04 1.149764e-04 7.639363e-05
[1] 3.942282e-03 1.228087e-04 1.110196e-04 7.545526e-05
[1] 3.935858e-03 1.227451e-04 1.108692e-04 7.539874e-05
[1] 3.935581e-03 1.227423e-04 1.108628e-04 7.539627e-05
Algorithm converged after  32  iterations.
[1] 2.938941e-03 1.058676e-04 3.719929e-04 9.115559e-05
[1] 0.0075832198 0.0001707501 0.0010952359 0.0001906960
[1] 0.0075901920 0.0001708510 0.0010963870 0.0001908794
Algorithm converged after  22  iterations.
[1] 2.938941e-03 1.149764e-04 7.639363e-05 3.719929e-04
[1] 5.021833e-03 9.899504e-05 3.646398e-05 1.479296e-03
[1] 5.033922e-03 9.898771e-05 3.638863e-05 1.485782e-03
Algorithm converged after  27  iterations.
[1] 2.938941e-03 1.149764e-04 3.719929e-04 9.115559e-05
[1] 0.0052613687 0.0001691723 0.0007003513 0.0001372630
Algorithm converged after  15  iterations.
[1] 0.0029389411 0.0001058676 0.0001149764 0.0003719929
[1] 0.0062151046 0.0001535379 0.0001127068 0.0016131269
[1] 0.0062274652 0.0001537202 0.0001127424 0.0016184148
Algorithm converged after  26  iterations.
[1] 0.0029389411 0.0003032042
Algorithm converged after  2  iterations.
[1] 2.938941e-03 3.032042e-04 5.926656e-05
[1] 3.173827e-03 2.831747e-04 9.443128e-05
Algorithm converged after  13  iterations.
[1] 0.0029389411 0.0003032042 0.0001198693
[1] 0.0032226379 0.0002451054 0.0002021396
Algorithm converged after  17  iterations.
[1] 0.0029389411 0.0003032042 0.0001306937
[1] 0.0023377283 0.0004739034 0.0016251080
[1] 0.0023296360 0.0004805774 0.0016753040
[1] 0.002329470 0.000480716 0.001676352
Algorithm converged after  36  iterations.
[1] 2.938941e-03 3.032042e-04 5.926656e-05 2.643243e-05
[1] 2.449739e-03 2.369606e-04 6.545736e-05 2.652427e-05
Algorithm converged after  13  iterations.
[1] 2.938941e-03 3.032042e-04 1.198693e-04 7.860642e-05
[1] 3.099493e-03 3.833395e-04 1.043617e-04 4.268795e-05
Algorithm converged after  12  iterations.
[1] 2.938941e-03 3.032042e-04 1.306937e-04 6.276466e-05
[1] 0.0020689946 0.0006438912 0.0007191395 0.0002410347
[1] 0.0020611395 0.0006490071 0.0007339573 0.0002448194
[1] 0.0020609679 0.0006491183 0.0007342842 0.0002449024
Algorithm converged after  36  iterations.
[1] 2.938941e-03 3.032042e-04 5.926656e-05 1.198693e-04
[1] 0.0036311011 0.0002239501 0.0001655036 0.0003678221
[1] 0.0036295564 0.0002242031 0.0001653948 0.0003677936
Algorithm converged after  23  iterations.
[1] 2.938941e-03 3.032042e-04 5.926656e-05 1.306937e-04
[1] 0.0027006431 0.0006172118 0.0002309170 0.0033360489
[1] 0.0027031908 0.0006506255 0.0002470088 0.0036306145
[1] 0.0027034744 0.0006530458 0.0002481977 0.0036522447
[1] 0.0027034957 0.0006532234 0.0002482851 0.0036538334
Algorithm converged after  50  iterations.
[1] 0.0029389411 0.0003032042 0.0001198693 0.0001306937
[1] 0.0026726791 0.0006878138 0.0004525769 0.0033610094
[1] 0.0026714101 0.0007222848 0.0004741635 0.0036749283
[1] 0.0026714611 0.0007250162 0.0004759188 0.0037005742
[1] 0.0026714663 0.0007252381 0.0004760615 0.0037026604
[1] 0.0026714667 0.0007252562 0.0004760731 0.0037028299
Algorithm converged after  52  iterations.
numeric(0)
Algorithm converged after  1  iterations.
[1] 0.000366189
Algorithm converged after  2  iterations.
[1] 0.0004442951
Algorithm converged after  2  iterations.
[1] 0.0004309078
Algorithm converged after  2  iterations.
[1] 0.0003661890 0.0001033866
Algorithm converged after  2  iterations.
[1] 4.442951e-04 6.957096e-05
Algorithm converged after  2  iterations.
[1] 4.309078e-04 8.745662e-05
Algorithm converged after  2  iterations.
[1] 0.0003661890 0.0004442951
Algorithm converged after  2  iterations.
[1] 0.0003661890 0.0004309078
Algorithm converged after  2  iterations.
[1] 0.0004442951 0.0004309078
Algorithm converged after  2  iterations.
[1] 0.0003661890 0.0001033866 0.0004442951
Algorithm converged after  2  iterations.
[1] 0.0003661890 0.0001033866 0.0004309078
Algorithm converged after  2  iterations.
[1] 3.661890e-04 4.442951e-04 6.957096e-05
Algorithm converged after  2  iterations.
[1] 3.661890e-04 4.309078e-04 8.745662e-05
Algorithm converged after  2  iterations.
[1] 4.442951e-04 6.957096e-05 4.309078e-04
Algorithm converged after  2  iterations.
[1] 4.442951e-04 4.309078e-04 8.745662e-05
Algorithm converged after  2  iterations.
[1] 0.0003661890 0.0004442951 0.0004309078
Algorithm converged after  2  iterations.
[1] 3.661890e-04 1.033866e-04 4.442951e-04 6.957096e-05
Algorithm converged after  2  iterations.
[1] 3.661890e-04 1.033866e-04 4.309078e-04 8.745662e-05
Algorithm converged after  2  iterations.
[1] 4.442951e-04 6.957096e-05 4.309078e-04 8.745662e-05
Algorithm converged after  2  iterations.
[1] 0.0003661890 0.0001033866 0.0004442951 0.0004309078
Algorithm converged after  2  iterations.
[1] 3.661890e-04 4.442951e-04 6.957096e-05 4.309078e-04
Algorithm converged after  2  iterations.
[1] 3.661890e-04 4.442951e-04 4.309078e-04 8.745662e-05
Algorithm converged after  2  iterations.
[1] 0.002063776
Algorithm converged after  2  iterations.
[1] 0.002063776 0.000109378
[1] 0.0026520214 0.0001668615
Algorithm converged after  11  iterations.
[1] 0.0020637765 0.0001383632
Algorithm converged after  7  iterations.
[1] 0.0020637765 0.0002331465
[1] 0.002893475 0.001141801
Algorithm converged after  19  iterations.
[1] 2.063776e-03 1.093780e-04 4.037591e-05
[1] 2.320211e-03 1.120765e-04 3.831168e-05
Algorithm converged after  11  iterations.
[1] 2.063776e-03 1.383632e-04 6.794694e-05
[1] 2.262613e-03 1.346118e-04 6.857562e-05
Algorithm converged after  17  iterations.
[1] 2.063776e-03 2.331465e-04 9.597192e-05
[1] 0.0035190320 0.0003301786 0.0001386385
Algorithm converged after  12  iterations.
[1] 0.0020637765 0.0001093780 0.0001383632
[1] 0.0031250261 0.0001934679 0.0002978007
Algorithm converged after  11  iterations.
[1] 0.0020637765 0.0001093780 0.0002331465
[1] 0.0040237878 0.0001588988 0.0017224534
[1] 0.0040727251 0.0001617005 0.0018498523
[1] 0.0040764699 0.0001619381 0.0018605290
[1] 0.004076780 0.000161958 0.001861421
[1] 0.0040768055 0.0001619596 0.0018614953
Algorithm converged after  52  iterations.
[1] 0.0020637765 0.0001383632 0.0002331465
[1] 0.0026652347 0.0001272013 0.0005021039
Algorithm converged after  16  iterations.
[1] 2.063776e-03 1.093780e-04 4.037591e-05 1.383632e-04
[1] 3.435697e-03 1.670670e-04 6.153556e-05 2.388345e-04
[1] 3.440010e-03 1.673483e-04 6.167025e-05 2.392878e-04
Algorithm converged after  23  iterations.
[1] 2.063776e-03 1.093780e-04 4.037591e-05 2.331465e-04
[1] 3.228433e-03 1.297107e-04 3.723678e-05 1.246001e-03
[1] 3.230392e-03 1.297533e-04 3.724159e-05 1.247287e-03
Algorithm converged after  23  iterations.
[1] 2.063776e-03 1.093780e-04 1.383632e-04 6.794694e-05
[1] 0.0043149085 0.0001849495 0.0002127042 0.0000729238
[1] 4.318404e-03 1.851431e-04 2.129496e-04 7.293833e-05
Algorithm converged after  21  iterations.
[1] 2.063776e-03 1.093780e-04 2.331465e-04 9.597192e-05
[1] 0.0053065860 0.0002113337 0.0003846679 0.0001984829
Algorithm converged after  15  iterations.
[1] 2.063776e-03 1.383632e-04 6.794694e-05 2.331465e-04
[1] 3.214652e-03 1.022984e-04 6.719473e-05 1.049209e-03
[1] 3.244411e-03 1.022870e-04 6.719111e-05 1.060808e-03
Algorithm converged after  30  iterations.
[1] 2.063776e-03 1.383632e-04 2.331465e-04 9.597192e-05
[1] 0.0040765220 0.0002264509 0.0003354538 0.0001579159
Algorithm converged after  16  iterations.
[1] 0.0020637765 0.0001093780 0.0001383632 0.0002331465
[1] 0.0037910937 0.0001612624 0.0001958135 0.0004060657
Algorithm converged after  19  iterations.
[1] 0.0020637765 0.0002813044
Algorithm converged after  2  iterations.
[1] 2.063776e-03 2.813044e-04 5.041303e-05
[1] 0.0022200888 0.0002776252 0.0001083918
Algorithm converged after  15  iterations.
[1] 2.063776e-03 2.813044e-04 8.408798e-05
[1] 0.0018704770 0.0003114283 0.0001633538
Algorithm converged after  16  iterations.
[1] 0.0020637765 0.0002813044 0.0000827534
[1] 0.0016989951 0.0004070537 0.0002205975
Algorithm converged after  16  iterations.
[1] 2.063776e-03 2.813044e-04 5.041303e-05 2.134561e-05
Algorithm converged after  10  iterations.
[1] 2.063776e-03 2.813044e-04 8.408798e-05 2.422881e-05
[1] 1.881272e-03 3.995865e-04 9.211383e-05 2.247339e-05
Algorithm converged after  15  iterations.
[1] 2.063776e-03 2.813044e-04 8.275340e-05 2.309823e-05
[1] 0.0016316621 0.0003834334 0.0001345454 0.0000362998
[1] 1.631071e-03 3.835825e-04 1.347964e-04 3.655398e-05
[1] 1.631054e-03 3.835869e-04 1.348028e-04 3.655999e-05
Algorithm converged after  33  iterations.
[1] 2.063776e-03 2.813044e-04 5.041303e-05 8.408798e-05
[1] 2.092145e-03 2.810237e-04 8.672639e-05 1.064011e-04
[1] 0.0019249131 0.0002833556 0.0001710218 0.0002261219
[1] 0.0018404530 0.0003110200 0.0001782750 0.0002616105
Algorithm converged after  38  iterations.
[1] 2.063776e-03 2.813044e-04 5.041303e-05 8.275340e-05
[1] 1.937617e-03 3.841320e-04 7.572257e-05 1.737222e-04
[1] 1.938857e-03 3.865087e-04 7.530674e-05 1.759386e-04
[1] 1.938154e-03 3.869399e-04 7.520647e-05 1.761925e-04
[1] 1.937938e-03 3.870333e-04 7.518036e-05 1.762243e-04
[1] 1.937886e-03 3.870564e-04 7.517332e-05 1.762286e-04
[1] 0.0019378731 0.0003870624 0.0000751714 0.0001762292
[1] 1.937870e-03 3.870640e-04 7.517087e-05 1.762293e-04
[1] 1.937869e-03 3.870645e-04 7.517073e-05 1.762293e-04
Algorithm converged after  85  iterations.
[1] 2.063776e-03 2.813044e-04 8.408798e-05 8.275340e-05
[1] 0.0015619949 0.0006432931 0.0003639114 0.0004044835
[1] 0.0015623713 0.0006412416 0.0003548429 0.0003965360
[1] 0.0015630927 0.0006419832 0.0003542847 0.0003958537
[1] 0.0015631115 0.0006420429 0.0003543752 0.0003959257
[1] 0.0015631036 0.0006420361 0.0003543844 0.0003959358
Algorithm converged after  54  iterations.
Warning messages:
1: In max(abs(CT), na.rm = T) :
  no non-missing arguments to max; returning -Inf
2: In max(abs(CT), na.rm = T) :
  no non-missing arguments to max; returning -Inf
3: In max(abs(CT), na.rm = T) :
  no non-missing arguments to max; returning -Inf
4: In max(abs(CT), na.rm = T) :
  no non-missing arguments to max; returning -Inf
5: In max(abs(CT), na.rm = T) :
  no non-missing arguments to max; returning -Inf
6: In max(abs(CT), na.rm = T) :
  no non-missing arguments to max; returning -Inf
7: In max(abs(CT), na.rm = T) :
  no non-missing arguments to max; returning -Inf
8: In max(abs(CT), na.rm = T) :
  no non-missing arguments to max; returning -Inf
9: In max(abs(CT), na.rm = T) :
  no non-missing arguments to max; returning -Inf
10: In max(abs(CT), na.rm = T) :
  no non-missing arguments to max; returning -Inf
[1] "Best iter parameter is:"
      gam     rankJ    rankA1    rankA2    rankA3 
0.6666667 1.0000000 0.0000000 0.0000000 1.0000000 
[1] 0.0028394326 0.0003339073
[1] 0.004129650 0.001210608
Algorithm converged after  18  iterations.
       [,1]     [,2]     [,3]
[1,] 5.2992 9.255062 38.28194
