myseed=9312 

Attaching package: ‘pls’

The following object is masked from ‘package:stats’:

    loadings

Loading required package: lattice
Loading required package: ggplot2
Registered S3 methods overwritten by 'ggplot2':
  method         from 
  [.quosures     rlang
  c.quosures     rlang
  print.quosures rlang

Attaching package: ‘caret’

The following object is masked from ‘package:pls’:

    R2

Loading required package: Matrix
Loading required package: foreach
Loaded glmnet 2.0-18

Parsed with column specification:
cols(
  .default = col_double()
)
See spec(...) for full column specifications.
Parsed with column specification:
cols(
  X1 = col_double()
)
Parsed with column specification:
cols(
  X1 = col_double()
)
numeric(0)
Algorithm converged after  1  iterations.
[1] 0.0004759909
Algorithm converged after  2  iterations.
[1] 0.0006178407
Algorithm converged after  2  iterations.
[1] 0.000642963
Algorithm converged after  2  iterations.
[1] 0.0004759909 0.0001246633
Algorithm converged after  2  iterations.
[1] 6.178407e-04 7.750228e-05
Algorithm converged after  2  iterations.
[1] 0.0006429630 0.0001053835
Algorithm converged after  2  iterations.
[1] 0.0004759909 0.0006178407
Algorithm converged after  2  iterations.
[1] 0.0004759909 0.0006429630
Algorithm converged after  2  iterations.
[1] 0.0006178407 0.0006429630
Algorithm converged after  2  iterations.
[1] 0.0004759909 0.0001246633 0.0006178407
Algorithm converged after  2  iterations.
[1] 0.0004759909 0.0001246633 0.0006429630
Algorithm converged after  2  iterations.
[1] 4.759909e-04 6.178407e-04 7.750228e-05
Algorithm converged after  2  iterations.
[1] 0.0004759909 0.0006429630 0.0001053835
Algorithm converged after  2  iterations.
[1] 6.178407e-04 7.750228e-05 6.429630e-04
Algorithm converged after  2  iterations.
[1] 0.0006178407 0.0006429630 0.0001053835
Algorithm converged after  2  iterations.
[1] 0.0004759909 0.0006178407 0.0006429630
Algorithm converged after  2  iterations.
[1] 4.759909e-04 1.246633e-04 6.178407e-04 7.750228e-05
Algorithm converged after  2  iterations.
[1] 0.0004759909 0.0001246633 0.0006429630 0.0001053835
Algorithm converged after  2  iterations.
[1] 6.178407e-04 7.750228e-05 6.429630e-04 1.053835e-04
Algorithm converged after  2  iterations.
[1] 0.0004759909 0.0001246633 0.0006178407 0.0006429630
Algorithm converged after  2  iterations.
[1] 4.759909e-04 6.178407e-04 7.750228e-05 6.429630e-04
Algorithm converged after  2  iterations.
[1] 0.0004759909 0.0006178407 0.0006429630 0.0001053835
Algorithm converged after  2  iterations.
[1] 0.002649272
Algorithm converged after  2  iterations.
[1] 0.0026492719 0.0001167279
Algorithm converged after  9  iterations.
[1] 0.0026492719 0.0003104482
Algorithm converged after  7  iterations.
[1] 0.0026492719 0.0002701014
[1] 0.003716137 0.001162234
Algorithm converged after  17  iterations.
[1] 2.649272e-03 1.167279e-04 4.832604e-05
[1] 3.432864e-03 1.239266e-04 4.007598e-05
Algorithm converged after  11  iterations.
[1] 2.649272e-03 3.104482e-04 7.245368e-05
[1] 2.731283e-03 3.053163e-04 7.334315e-05
Algorithm converged after  11  iterations.
[1] 0.0026492719 0.0002701014 0.0001135291
[1] 0.004317035 0.000387976 0.000157391
Algorithm converged after  12  iterations.
[1] 0.0026492719 0.0001167279 0.0003104482
[1] 0.0038214818 0.0001391166 0.0003738544
[1] 0.0038246988 0.0001391677 0.0003741797
Algorithm converged after  24  iterations.
[1] 0.0026492719 0.0001167279 0.0002701014
[1] 0.0049443005 0.0004612885 0.0025332385
[1] 0.0049647250 0.0004642015 0.0025530826
[1] 0.0049650076 0.0004642419 0.0025533577
Algorithm converged after  31  iterations.
[1] 0.0026492719 0.0003104482 0.0002701014
[1] 0.0033699124 0.0003039846 0.0004528736
Algorithm converged after  13  iterations.
[1] 2.649272e-03 1.167279e-04 4.832604e-05 3.104482e-04
[1] 3.522160e-03 1.275953e-04 3.886264e-05 4.354657e-04
Algorithm converged after  11  iterations.
[1] 2.649272e-03 1.167279e-04 4.832604e-05 2.701014e-04
[1] 0.0056195384 0.0002594105 0.0001027418 0.0017867934
[1] 0.0056283063 0.0002599492 0.0001028361 0.0017931051
Algorithm converged after  26  iterations.
[1] 2.649272e-03 1.167279e-04 3.104482e-04 7.245368e-05
[1] 3.475378e-03 1.402699e-04 3.114269e-04 7.519945e-05
Algorithm converged after  19  iterations.
[1] 0.0026492719 0.0001167279 0.0002701014 0.0001135291
[1] 0.0069266591 0.0002088137 0.0007063693 0.0002406586
[1] 0.0069461843 0.0002092151 0.0007078879 0.0002414032
Algorithm converged after  26  iterations.
[1] 2.649272e-03 3.104482e-04 7.245368e-05 2.701014e-04
[1] 3.431712e-03 2.988612e-04 7.666874e-05 5.199470e-04
Algorithm converged after  18  iterations.
[1] 0.0026492719 0.0003104482 0.0002701014 0.0001135291
[1] 0.0048604172 0.0004053274 0.0004220450 0.0001760901
Algorithm converged after  15  iterations.
[1] 0.0026492719 0.0001167279 0.0003104482 0.0002701014
[1] 0.0036594437 0.0001952900 0.0002021203 0.0009478849
Algorithm converged after  20  iterations.
[1] 0.0026492719 0.0003182356
Algorithm converged after  2  iterations.
[1] 2.649272e-03 3.182356e-04 6.876706e-05
[1] 0.0028253458 0.0003743444 0.0001140838
Algorithm converged after  11  iterations.
[1] 0.0026492719 0.0003182356 0.0001613987
[1] 0.0028771003 0.0002716894 0.0002984496
Algorithm converged after  14  iterations.
[1] 2.649272e-03 3.182356e-04 9.792933e-05
[1] 0.0022018251 0.0005179747 0.0003446123
Algorithm converged after  19  iterations.
[1] 2.649272e-03 3.182356e-04 6.876706e-05 2.852760e-05
Algorithm converged after  8  iterations.
[1] 2.649272e-03 3.182356e-04 1.613987e-04 7.718529e-05
[1] 2.261980e-03 3.779814e-04 1.359214e-04 7.983788e-05
Algorithm converged after  18  iterations.
[1] 2.649272e-03 3.182356e-04 9.792933e-05 3.274883e-05
[1] 1.996374e-03 5.611644e-04 2.518350e-04 7.175545e-05
[1] 1.995987e-03 5.615392e-04 2.521530e-04 7.180167e-05
Algorithm converged after  23  iterations.
[1] 2.649272e-03 3.182356e-04 6.876706e-05 1.613987e-04
[1] 0.0028032128 0.0002908838 0.0001149094 0.0002128694
Algorithm converged after  18  iterations.
[1] 2.649272e-03 3.182356e-04 6.876706e-05 9.792933e-05
[1] 0.0020171174 0.0004970399 0.0000990425 0.0002644354
[1] 2.016857e-03 4.971443e-04 9.903835e-05 2.645823e-04
Algorithm converged after  21  iterations.
[1] 2.649272e-03 3.182356e-04 1.613987e-04 9.792933e-05
[1] 0.0031475417 0.0003352406 0.0005253974 0.0013916096
[1] 0.0032239600 0.0003525503 0.0005535340 0.0016523214
[1] 0.0032256677 0.0003529656 0.0005541299 0.0016579031
Algorithm converged after  40  iterations.
numeric(0)
Algorithm converged after  1  iterations.
[1] 0.0004373546
Algorithm converged after  2  iterations.
[1] 0.0006466243
Algorithm converged after  2  iterations.
[1] 0.0005699472
Algorithm converged after  2  iterations.
[1] 0.0004373546 0.0001114098
Algorithm converged after  2  iterations.
[1] 6.466243e-04 7.384835e-05
Algorithm converged after  2  iterations.
[1] 0.0005699472 0.0001073040
Algorithm converged after  2  iterations.
[1] 0.0004373546 0.0006466243
Algorithm converged after  2  iterations.
[1] 0.0004373546 0.0005699472
Algorithm converged after  2  iterations.
[1] 0.0006466243 0.0005699472
Algorithm converged after  2  iterations.
[1] 0.0004373546 0.0001114098 0.0006466243
Algorithm converged after  2  iterations.
[1] 0.0004373546 0.0001114098 0.0005699472
Algorithm converged after  2  iterations.
[1] 4.373546e-04 6.466243e-04 7.384835e-05
Algorithm converged after  2  iterations.
[1] 0.0004373546 0.0005699472 0.0001073040
Algorithm converged after  2  iterations.
[1] 6.466243e-04 7.384835e-05 5.699472e-04
Algorithm converged after  2  iterations.
[1] 0.0006466243 0.0005699472 0.0001073040
Algorithm converged after  2  iterations.
[1] 0.0004373546 0.0006466243 0.0005699472
Algorithm converged after  2  iterations.
[1] 4.373546e-04 1.114098e-04 6.466243e-04 7.384835e-05
Algorithm converged after  2  iterations.
[1] 0.0004373546 0.0001114098 0.0005699472 0.0001073040
Algorithm converged after  2  iterations.
[1] 6.466243e-04 7.384835e-05 5.699472e-04 1.073040e-04
Algorithm converged after  2  iterations.
[1] 0.0004373546 0.0001114098 0.0006466243 0.0005699472
Algorithm converged after  2  iterations.
[1] 4.373546e-04 6.466243e-04 7.384835e-05 5.699472e-04
Algorithm converged after  2  iterations.
[1] 0.0004373546 0.0006466243 0.0005699472 0.0001073040
Algorithm converged after  2  iterations.
[1] 0.002506601
Algorithm converged after  2  iterations.
[1] 2.506601e-03 9.745941e-05
Algorithm converged after  10  iterations.
[1] 0.0025066014 0.0003639733
Algorithm converged after  8  iterations.
[1] 0.0025066014 0.0003130795
[1] 0.003708578 0.001555196
Algorithm converged after  19  iterations.
[1] 2.506601e-03 9.745941e-05 3.080933e-05
[1] 2.904464e-03 1.014757e-04 2.976923e-05
Algorithm converged after  11  iterations.
[1] 2.506601e-03 3.639733e-04 6.672284e-05
[1] 2.888584e-03 3.706153e-04 6.843055e-05
Algorithm converged after  16  iterations.
[1] 0.0025066014 0.0003130795 0.0001236703
[1] 0.0040091317 0.0004233659 0.0001693282
Algorithm converged after  12  iterations.
[1] 2.506601e-03 9.745941e-05 3.639733e-04
[1] 0.0045278294 0.0001379589 0.0005883260
[1] 0.0045316461 0.0001380855 0.0005891465
Algorithm converged after  24  iterations.
[1] 2.506601e-03 9.745941e-05 3.130795e-04
[1] 0.004584998 0.000301074 0.002906046
[1] 0.0046027782 0.0003031992 0.0029276514
[1] 0.004603027 0.000303229 0.002927954
Algorithm converged after  31  iterations.
[1] 0.0025066014 0.0003639733 0.0003130795
[1] 0.0033895413 0.0003739881 0.0005634578
Algorithm converged after  12  iterations.
[1] 2.506601e-03 9.745941e-05 3.080933e-05 3.639733e-04
Algorithm converged after  10  iterations.
[1] 2.506601e-03 9.745941e-05 3.080933e-05 3.130795e-04
[1] 5.810313e-03 2.106875e-04 9.312368e-05 2.588072e-03
[1] 5.852936e-03 2.130286e-04 9.373881e-05 2.624205e-03
[1] 5.853476e-03 2.130584e-04 9.374659e-05 2.624664e-03
Algorithm converged after  32  iterations.
[1] 2.506601e-03 9.745941e-05 3.639733e-04 6.672284e-05
[1] 5.252896e-03 1.416664e-04 4.730027e-04 7.363471e-05
[1] 5.280163e-03 1.421724e-04 4.742553e-04 7.373968e-05
Algorithm converged after  28  iterations.
[1] 2.506601e-03 9.745941e-05 3.130795e-04 1.236703e-04
[1] 0.0070146277 0.0001827186 0.0006505087 0.0002768542
[1] 0.0070215914 0.0001828712 0.0006508926 0.0002771269
Algorithm converged after  22  iterations.
[1] 2.506601e-03 3.639733e-04 6.672284e-05 3.130795e-04
[1] 3.697331e-03 3.704243e-04 7.462301e-05 7.104123e-04
[1] 3.699361e-03 3.704605e-04 7.463397e-05 7.109268e-04
Algorithm converged after  22  iterations.
[1] 0.0025066014 0.0003639733 0.0003130795 0.0001236703
[1] 0.0047966095 0.0005092443 0.0004763991 0.0001980856
Algorithm converged after  15  iterations.
[1] 2.506601e-03 9.745941e-05 3.639733e-04 3.130795e-04
[1] 0.0049483734 0.0001365278 0.0004085706 0.0008445058
[1] 0.0049490453 0.0001365378 0.0004086543 0.0008443715
Algorithm converged after  21  iterations.
[1] 0.002506601 0.000344956
Algorithm converged after  2  iterations.
[1] 0.0025066014 0.0003449560 0.0000613199
[1] 2.458964e-03 3.837439e-04 9.112653e-05
Algorithm converged after  17  iterations.
[1] 0.002506601 0.000344956 0.000137016
[1] 0.0028389254 0.0003011926 0.0002600353
Algorithm converged after  14  iterations.
[1] 2.506601e-03 3.449560e-04 6.321968e-05
[1] 0.0020600435 0.0004602137 0.0001701487
Algorithm converged after  20  iterations.
[1] 2.506601e-03 3.449560e-04 6.131990e-05 2.084168e-05
Algorithm converged after  8  iterations.
[1] 2.506601e-03 3.449560e-04 1.370160e-04 7.647494e-05
[1] 2.346173e-03 4.590165e-04 1.176736e-04 5.233752e-05
[1] 2.345805e-03 4.592739e-04 1.176548e-04 5.224952e-05
Algorithm converged after  26  iterations.
[1] 2.506601e-03 3.449560e-04 6.321968e-05 1.626619e-05
[1] 2.398823e-03 4.607813e-04 7.857501e-05 1.879774e-05
Algorithm converged after  20  iterations.
[1] 0.0025066014 0.0003449560 0.0000613199 0.0001370160
[1] 2.519630e-03 3.123165e-04 9.312166e-05 1.900342e-04
[1] 2.522615e-03 3.122472e-04 9.328684e-05 1.928496e-04
[1] 0.0025233723 0.0003122686 0.0000933060 0.0001931720
[1] 2.523474e-03 3.122718e-04 9.330841e-05 1.932124e-04
[1] 2.523487e-03 3.122722e-04 9.330872e-05 1.932175e-04
Algorithm converged after  51  iterations.
[1] 2.506601e-03 3.449560e-04 6.131990e-05 6.321968e-05
[1] 1.895135e-03 4.817338e-04 7.869392e-05 1.713859e-04
[1] 0.0017496577 0.0005621448 0.0001072119 0.0001767890
[1] 0.0017115088 0.0005462284 0.0001030706 0.0001654164
[1] 0.0017031824 0.0005448011 0.0001024615 0.0001660124
[1] 0.0017036516 0.0005449285 0.0001025502 0.0001661622
[1] 0.0017036964 0.0005449148 0.0001025522 0.0001661357
[1] 0.0017036743 0.0005449085 0.0001025500 0.0001661341
Algorithm converged after  72  iterations.
[1] 2.506601e-03 3.449560e-04 1.370160e-04 6.321968e-05
[1] 0.0028320771 0.0004528838 0.0003983050 0.0001761410
[1] 0.0029464566 0.0003341286 0.0003934466 0.0001034053
[1] 0.0029449874 0.0003277998 0.0004044818 0.0001105132
[1] 0.0029436440 0.0003262899 0.0004093669 0.0001144737
[1] 0.0029421827 0.0003259076 0.0004117013 0.0001171016
[1] 0.0029410503 0.0003259419 0.0004129177 0.0001189081
[1] 0.0029401863 0.0003261052 0.0004135821 0.0001201724
[1] 0.0029395417 0.0003262856 0.0004139597 0.0001210601
[1] 0.0029390698 0.0003264434 0.0004141823 0.0001216829
[1] 0.0029387293 0.0003265687 0.0004143180 0.0001221191
[1] 0.0029384864 0.0003266634 0.0004144031 0.0001224239
[1] 0.0029383145 0.0003267329 0.0004144579 0.0001226364
[1] 0.0029381935 0.0003267829 0.0004144938 0.0001227845
[1] 0.0029381088 0.0003268184 0.0004145178 0.0001228875
[1] 0.0029380496 0.0003268435 0.0004145339 0.0001229591
[1] 0.0029380083 0.0003268612 0.0004145448 0.0001230088
[1] 0.0029379796 0.0003268735 0.0004145523 0.0001230434
[1] 0.0029379596 0.0003268821 0.0004145575 0.0001230674
[1] 0.0029379457 0.0003268881 0.0004145610 0.0001230840
[1] 0.0029379361 0.0003268922 0.0004145634 0.0001230956
[1] 0.0029379294 0.0003268951 0.0004145651 0.0001231036
[1] 0.0029379248 0.0003268971 0.0004145663 0.0001231092
[1] 0.0029379215 0.0003268985 0.0004145671 0.0001231130
[1] 0.0029379193 0.0003268995 0.0004145677 0.0001231157
[1] 0.0029379177 0.0003269002 0.0004145681 0.0001231176
[1] 0.0029379167 0.0003269007 0.0004145683 0.0001231188
[1] 0.0029379159 0.0003269010 0.0004145685 0.0001231197
[1] 0.0029379154 0.0003269012 0.0004145687 0.0001231204
[1] 0.0029379150 0.0003269014 0.0004145687 0.0001231208
[1] 0.0029379148 0.0003269015 0.0004145688 0.0001231211
[1] 0.0029379146 0.0003269015 0.0004145689 0.0001231213
[1] 0.0029379145 0.0003269016 0.0004145689 0.0001231214
[1] 0.0029379144 0.0003269016 0.0004145689 0.0001231215
[1] 0.0029379143 0.0003269017 0.0004145689 0.0001231216
[1] 0.0029379143 0.0003269017 0.0004145689 0.0001231217
[1] 0.0029379143 0.0003269017 0.0004145689 0.0001231217
Algorithm converged after  368  iterations.
numeric(0)
Algorithm converged after  1  iterations.
[1] 0.0003790024
Algorithm converged after  2  iterations.
[1] 0.000566885
Algorithm converged after  2  iterations.
[1] 0.000630587
Algorithm converged after  2  iterations.
[1] 0.0003790024 0.0001060374
Algorithm converged after  2  iterations.
[1] 5.668850e-04 7.869943e-05
Algorithm converged after  2  iterations.
[1] 0.0006305870 0.0001044667
Algorithm converged after  2  iterations.
[1] 0.0003790024 0.0005668850
Algorithm converged after  2  iterations.
[1] 0.0003790024 0.0006305870
Algorithm converged after  2  iterations.
[1] 0.000566885 0.000630587
Algorithm converged after  2  iterations.
[1] 0.0003790024 0.0001060374 0.0005668850
Algorithm converged after  2  iterations.
[1] 0.0003790024 0.0001060374 0.0006305870
Algorithm converged after  2  iterations.
[1] 3.790024e-04 5.668850e-04 7.869943e-05
Algorithm converged after  2  iterations.
[1] 0.0003790024 0.0006305870 0.0001044667
Algorithm converged after  2  iterations.
[1] 5.668850e-04 7.869943e-05 6.305870e-04
Algorithm converged after  2  iterations.
[1] 0.0005668850 0.0006305870 0.0001044667
Algorithm converged after  2  iterations.
[1] 0.0003790024 0.0005668850 0.0006305870
Algorithm converged after  2  iterations.
[1] 3.790024e-04 1.060374e-04 5.668850e-04 7.869943e-05
Algorithm converged after  2  iterations.
[1] 0.0003790024 0.0001060374 0.0006305870 0.0001044667
Algorithm converged after  2  iterations.
[1] 5.668850e-04 7.869943e-05 6.305870e-04 1.044667e-04
Algorithm converged after  2  iterations.
[1] 0.0003790024 0.0001060374 0.0005668850 0.0006305870
Algorithm converged after  2  iterations.
[1] 3.790024e-04 5.668850e-04 7.869943e-05 6.305870e-04
Algorithm converged after  2  iterations.
[1] 0.0003790024 0.0005668850 0.0006305870 0.0001044667
Algorithm converged after  2  iterations.
[1] 0.002133038
Algorithm converged after  2  iterations.
[1] 0.0021330376 0.0001065721
Algorithm converged after  8  iterations.
[1] 0.0021330376 0.0004238145
Algorithm converged after  8  iterations.
[1] 0.0021330376 0.0003629204
[1] 0.003100909 0.001342963
Algorithm converged after  18  iterations.
[1] 2.133038e-03 1.065721e-04 3.751551e-05
Algorithm converged after  8  iterations.
[1] 2.133038e-03 4.238145e-04 6.261577e-05
[1] 2.810184e-03 4.389746e-04 6.658606e-05
Algorithm converged after  15  iterations.
[1] 2.133038e-03 3.629204e-04 9.609825e-05
[1] 0.0035726396 0.0005037529 0.0001409427
Algorithm converged after  12  iterations.
[1] 0.0021330376 0.0001065721 0.0004238145
[1] 0.0035453099 0.0001309891 0.0005611793
[1] 0.0035511267 0.0001311040 0.0005621253
Algorithm converged after  26  iterations.
[1] 0.0021330376 0.0001065721 0.0003629204
[1] 0.0040640293 0.0003308534 0.0027342474
[1] 0.0040830179 0.0003334983 0.0027586048
[1] 0.0040833208 0.0003335406 0.0027589939
Algorithm converged after  32  iterations.
[1] 0.0021330376 0.0004238145 0.0003629204
[1] 0.0029396882 0.0004457461 0.0006031883
Algorithm converged after  12  iterations.
[1] 2.133038e-03 1.065721e-04 3.751551e-05 4.238145e-04
[1] 2.769451e-03 1.153783e-04 3.160493e-05 5.704433e-04
Algorithm converged after  11  iterations.
[1] 2.133038e-03 1.065721e-04 3.751551e-05 3.629204e-04
[1] 0.0051015191 0.0002475201 0.0001017530 0.0024874308
[1] 0.0051438928 0.0002504629 0.0001022680 0.0025267739
[1] 0.0051445314 0.0002505074 0.0001022757 0.0025273700
Algorithm converged after  33  iterations.
[1] 2.133038e-03 1.065721e-04 4.238145e-04 6.261577e-05
[1] 4.300850e-03 1.414877e-04 4.783272e-04 7.422804e-05
[1] 4.307718e-03 1.416002e-04 4.785929e-04 7.426815e-05
Algorithm converged after  24  iterations.
[1] 2.133038e-03 1.065721e-04 3.629204e-04 9.609825e-05
[1] 0.0061630671 0.0001847954 0.0008890634 0.0002356360
[1] 0.0061798785 0.0001851194 0.0008906685 0.0002363579
Algorithm converged after  26  iterations.
[1] 2.133038e-03 4.238145e-04 6.261577e-05 3.629204e-04
[1] 3.766417e-03 4.472808e-04 7.508082e-05 8.827704e-04
Algorithm converged after  19  iterations.
[1] 2.133038e-03 4.238145e-04 3.629204e-04 9.609825e-05
[1] 0.0042670529 0.0005770454 0.0005547787 0.0001706731
Algorithm converged after  16  iterations.
[1] 0.0021330376 0.0001065721 0.0004238145 0.0003629204
[1] 0.0040189885 0.0001437154 0.0004278305 0.0009861883
Algorithm converged after  18  iterations.
[1] 0.0021330376 0.0003383392
Algorithm converged after  2  iterations.
[1] 0.0021330376 0.0003383392 0.0000853887
[1] 0.0021320055 0.0004232526 0.0001199621
Algorithm converged after  11  iterations.
[1] 0.0021330376 0.0003383392 0.0001733062
[1] 0.0024075301 0.0002816890 0.0004211008
Algorithm converged after  14  iterations.
[1] 2.133038e-03 3.383392e-04 7.537105e-05
[1] 0.0017341181 0.0005356431 0.0003438632
[1] 0.0017339568 0.0005358523 0.0003441552
Algorithm converged after  21  iterations.
[1] 2.133038e-03 3.383392e-04 8.538870e-05 3.378438e-05
Algorithm converged after  8  iterations.
[1] 2.133038e-03 3.383392e-04 1.733062e-04 6.404831e-05
[1] 1.945999e-03 3.747263e-04 1.283440e-04 6.921288e-05
Algorithm converged after  12  iterations.
[1] 2.133038e-03 3.383392e-04 7.537105e-05 2.487788e-05
[1] 0.0016073359 0.0005318045 0.0001651132 0.0000550352
[1] 0.0016073725 0.0005320011 0.0001652224 0.0000550515
Algorithm converged after  21  iterations.
[1] 0.0021330376 0.0003383392 0.0000853887 0.0001733062
[1] 0.0021959398 0.0003308098 0.0001257079 0.0002724642
[1] 0.0022492844 0.0003334606 0.0001230903 0.0003198181
[1] 0.0024212452 0.0003370210 0.0001170754 0.0004719280
[1] 0.0026140311 0.0003407077 0.0001123028 0.0006086255
[1] 0.0026161606 0.0003407231 0.0001122086 0.0006096897
Algorithm converged after  51  iterations.
[1] 2.133038e-03 3.383392e-04 8.538870e-05 7.537105e-05
[1] 0.0015432730 0.0005305317 0.0001205228 0.0002539029
[1] 0.0015430657 0.0005310524 0.0001203719 0.0002549200
Algorithm converged after  28  iterations.
[1] 2.133038e-03 3.383392e-04 1.733062e-04 7.537105e-05
[1] 0.0027506627 0.0004277749 0.0006765380 0.0021830035
[1] 0.0027584801 0.0004318596 0.0006793623 0.0022194267
Algorithm converged after  30  iterations.
numeric(0)
Algorithm converged after  1  iterations.
[1] 0.0003804667
Algorithm converged after  2  iterations.
[1] 0.0005093579
Algorithm converged after  2  iterations.
[1] 0.0006439764
Algorithm converged after  2  iterations.
[1] 3.804667e-04 9.932741e-05
Algorithm converged after  2  iterations.
[1] 5.093579e-04 7.550852e-05
Algorithm converged after  2  iterations.
[1] 0.0006439764 0.0001043589
Algorithm converged after  2  iterations.
[1] 0.0003804667 0.0005093579
Algorithm converged after  2  iterations.
[1] 0.0003804667 0.0006439764
Algorithm converged after  2  iterations.
[1] 0.0005093579 0.0006439764
Algorithm converged after  2  iterations.
[1] 3.804667e-04 9.932741e-05 5.093579e-04
Algorithm converged after  2  iterations.
[1] 3.804667e-04 9.932741e-05 6.439764e-04
Algorithm converged after  2  iterations.
[1] 3.804667e-04 5.093579e-04 7.550852e-05
Algorithm converged after  2  iterations.
[1] 0.0003804667 0.0006439764 0.0001043589
Algorithm converged after  2  iterations.
[1] 5.093579e-04 7.550852e-05 6.439764e-04
Algorithm converged after  2  iterations.
[1] 0.0005093579 0.0006439764 0.0001043589
Algorithm converged after  2  iterations.
[1] 0.0003804667 0.0005093579 0.0006439764
Algorithm converged after  2  iterations.
[1] 3.804667e-04 9.932741e-05 5.093579e-04 7.550852e-05
Algorithm converged after  2  iterations.
[1] 3.804667e-04 9.932741e-05 6.439764e-04 1.043589e-04
Algorithm converged after  2  iterations.
[1] 5.093579e-04 7.550852e-05 6.439764e-04 1.043589e-04
Algorithm converged after  2  iterations.
[1] 3.804667e-04 9.932741e-05 5.093579e-04 6.439764e-04
Algorithm converged after  2  iterations.
[1] 3.804667e-04 5.093579e-04 7.550852e-05 6.439764e-04
Algorithm converged after  2  iterations.
[1] 0.0003804667 0.0005093579 0.0006439764 0.0001043589
Algorithm converged after  2  iterations.
[1] 0.002118276
Algorithm converged after  2  iterations.
[1] 2.118276e-03 9.733303e-05
Algorithm converged after  8  iterations.
[1] 0.0021182756 0.0004160379
Algorithm converged after  9  iterations.
[1] 0.0021182756 0.0002496352
[1] 0.002908303 0.001096225
Algorithm converged after  16  iterations.
[1] 2.118276e-03 9.733303e-05 4.113483e-05
Algorithm converged after  9  iterations.
[1] 2.118276e-03 4.160379e-04 7.324637e-05
[1] 2.775737e-03 4.435807e-04 7.625132e-05
Algorithm converged after  17  iterations.
[1] 0.0021182756 0.0002496352 0.0001050795
[1] 0.0032820931 0.0003036583 0.0001341616
Algorithm converged after  12  iterations.
[1] 2.118276e-03 9.733303e-05 4.160379e-04
[1] 0.0032766234 0.0001145992 0.0005541277
[1] 0.0032796538 0.0001146375 0.0005546883
Algorithm converged after  24  iterations.
[1] 2.118276e-03 9.733303e-05 2.496352e-04
[1] 0.0036997649 0.0003208687 0.0021700982
[1] 0.003707121 0.000321835 0.002178466
Algorithm converged after  28  iterations.
[1] 0.0021182756 0.0004160379 0.0002496352
[1] 0.0028429782 0.0004469908 0.0003865326
Algorithm converged after  11  iterations.
[1] 2.118276e-03 9.733303e-05 4.113483e-05 4.160379e-04
Algorithm converged after  10  iterations.
[1] 2.118276e-03 9.733303e-05 4.113483e-05 2.496352e-04
[1] 4.026095e-03 1.845452e-04 8.326169e-05 1.460695e-03
[1] 4.033024e-03 1.849205e-04 8.331197e-05 1.465930e-03
Algorithm converged after  26  iterations.
[1] 2.118276e-03 9.733303e-05 4.160379e-04 7.324637e-05
[1] 3.623242e-03 1.217768e-04 4.733223e-04 7.931732e-05
[1] 3.636644e-03 1.219252e-04 4.739782e-04 7.936775e-05
Algorithm converged after  29  iterations.
[1] 2.118276e-03 9.733303e-05 2.496352e-04 1.050795e-04
[1] 0.0046949781 0.0001417793 0.0004817478 0.0001762813
[1] 0.0047001161 0.0001418432 0.0004819607 0.0001764607
Algorithm converged after  23  iterations.
[1] 2.118276e-03 4.160379e-04 7.324637e-05 2.496352e-04
[1] 3.436470e-03 4.518287e-04 8.083283e-05 5.439175e-04
Algorithm converged after  20  iterations.
[1] 0.0021182756 0.0004160379 0.0002496352 0.0001050795
[1] 0.0041386979 0.0005906628 0.0003359926 0.0001627008
Algorithm converged after  16  iterations.
[1] 2.118276e-03 9.733303e-05 4.160379e-04 2.496352e-04
[1] 0.0031680609 0.0001247173 0.0003845328 0.0006533000
Algorithm converged after  17  iterations.
[1] 0.0021182756 0.0002486666
Algorithm converged after  2  iterations.
[1] 2.118276e-03 2.486666e-04 7.823376e-05
Algorithm converged after  8  iterations.
[1] 0.0021182756 0.0002486666 0.0002004965
[1] 0.0025332244 0.0002147452 0.0004341425
Algorithm converged after  14  iterations.
[1] 2.118276e-03 2.486666e-04 9.379944e-05
[1] 0.0017442293 0.0004104848 0.0002714823
Algorithm converged after  17  iterations.
[1] 2.118276e-03 2.486666e-04 7.823376e-05 4.666825e-05
Algorithm converged after  9  iterations.
[1] 2.118276e-03 2.486666e-04 2.004965e-04 7.855928e-05
Algorithm converged after  10  iterations.
[1] 2.118276e-03 2.486666e-04 9.379944e-05 2.692182e-05
[1] 0.0014127106 0.0004676953 0.0002345923 0.0000514941
[1] 1.407420e-03 4.715705e-04 2.382859e-04 5.211352e-05
[1] 1.407323e-03 4.716612e-04 2.383683e-04 5.212715e-05
Algorithm converged after  35  iterations.
[1] 2.118276e-03 2.486666e-04 7.823376e-05 2.004965e-04
[1] 0.0022895533 0.0002238339 0.0001003772 0.0002687647
Algorithm converged after  14  iterations.
[1] 2.118276e-03 2.486666e-04 7.823376e-05 9.379944e-05
[1] 0.0028085762 0.0003808753 0.0001318089 0.0004154484
[1] 0.0027756739 0.0003840203 0.0001299019 0.0004017770
Algorithm converged after  30  iterations.
[1] 2.118276e-03 2.486666e-04 2.004965e-04 9.379944e-05
[1] 0.0026372692 0.0002422794 0.0005201184 0.0002210129
Algorithm converged after  19  iterations.
numeric(0)
Algorithm converged after  1  iterations.
[1] 0.0004564026
Algorithm converged after  2  iterations.
[1] 0.0005217164
Algorithm converged after  2  iterations.
[1] 0.0006883681
Algorithm converged after  2  iterations.
[1] 0.0004564026 0.0001209499
Algorithm converged after  2  iterations.
[1] 0.0005217164 0.0000741413
Algorithm converged after  2  iterations.
[1] 0.0006883681 0.0001008183
Algorithm converged after  2  iterations.
[1] 0.0004564026 0.0005217164
Algorithm converged after  2  iterations.
[1] 0.0004564026 0.0006883681
Algorithm converged after  2  iterations.
[1] 0.0005217164 0.0006883681
Algorithm converged after  2  iterations.
[1] 0.0004564026 0.0001209499 0.0005217164
Algorithm converged after  2  iterations.
[1] 0.0004564026 0.0001209499 0.0006883681
Algorithm converged after  2  iterations.
[1] 0.0004564026 0.0005217164 0.0000741413
Algorithm converged after  2  iterations.
[1] 0.0004564026 0.0006883681 0.0001008183
Algorithm converged after  2  iterations.
[1] 0.0005217164 0.0000741413 0.0006883681
Algorithm converged after  2  iterations.
[1] 0.0005217164 0.0006883681 0.0001008183
Algorithm converged after  2  iterations.
[1] 0.0004564026 0.0005217164 0.0006883681
Algorithm converged after  2  iterations.
[1] 0.0004564026 0.0001209499 0.0005217164 0.0000741413
Algorithm converged after  2  iterations.
[1] 0.0004564026 0.0001209499 0.0006883681 0.0001008183
Algorithm converged after  2  iterations.
[1] 0.0005217164 0.0000741413 0.0006883681 0.0001008183
Algorithm converged after  2  iterations.
[1] 0.0004564026 0.0001209499 0.0005217164 0.0006883681
Algorithm converged after  2  iterations.
[1] 0.0004564026 0.0005217164 0.0000741413 0.0006883681
Algorithm converged after  2  iterations.
[1] 0.0004564026 0.0005217164 0.0006883681 0.0001008183
Algorithm converged after  2  iterations.
[1] 0.002470059
Algorithm converged after  2  iterations.
[1] 0.0024700588 0.0001032602
Algorithm converged after  10  iterations.
[1] 0.0024700588 0.0003888363
Algorithm converged after  8  iterations.
[1] 0.0024700588 0.0001857861
[1] 0.0031839090 0.0009771369
Algorithm converged after  15  iterations.
[1] 2.470059e-03 1.032602e-04 3.898207e-05
[1] 2.872173e-03 1.072232e-04 3.674693e-05
Algorithm converged after  11  iterations.
[1] 2.470059e-03 3.888363e-04 7.145838e-05
[1] 3.259447e-03 4.184933e-04 7.549843e-05
Algorithm converged after  15  iterations.
[1] 0.0024700588 0.0001857861 0.0001001596
[1] 0.0035018494 0.0002157750 0.0001170952
Algorithm converged after  12  iterations.
[1] 0.0024700588 0.0001032602 0.0003888363
[1] 0.0044868536 0.0001472612 0.0006133449
[1] 0.0044967768 0.0001475795 0.0006158082
Algorithm converged after  28  iterations.
[1] 0.0024700588 0.0001032602 0.0001857861
[1] 0.0039011756 0.0003365545 0.0019558806
[1] 0.0039043118 0.0003370133 0.0019591014
Algorithm converged after  24  iterations.
[1] 0.0024700588 0.0003888363 0.0001857861
Algorithm converged after  9  iterations.
[1] 2.470059e-03 1.032602e-04 3.898207e-05 3.888363e-04
[1] 3.306191e-03 1.158322e-04 3.739617e-05 5.251948e-04
Algorithm converged after  12  iterations.
[1] 2.470059e-03 1.032602e-04 3.898207e-05 1.857861e-04
[1] 4.815681e-03 2.106258e-04 9.147762e-05 1.472333e-03
[1] 4.820569e-03 2.109481e-04 9.155735e-05 1.475916e-03
Algorithm converged after  24  iterations.
[1] 2.470059e-03 1.032602e-04 3.888363e-04 7.145838e-05
[1] 5.223107e-03 1.593478e-04 4.911167e-04 8.474994e-05
[1] 5.237111e-03 1.596130e-04 4.917918e-04 8.481765e-05
Algorithm converged after  26  iterations.
[1] 0.0024700588 0.0001032602 0.0001857861 0.0001001596
[1] 0.0057620152 0.0001740466 0.0003246864 0.0001636507
[1] 0.0057662464 0.0001741315 0.0003247796 0.0001636913
Algorithm converged after  21  iterations.
[1] 2.470059e-03 3.888363e-04 7.145838e-05 1.857861e-04
[1] 3.704461e-03 4.098866e-04 8.005098e-05 4.133330e-04
Algorithm converged after  17  iterations.
[1] 0.0024700588 0.0003888363 0.0001857861 0.0001001596
[1] 4.310153e-03 5.476668e-04 2.145088e-04 8.212611e-05
[1] 4.310337e-03 5.478527e-04 2.144191e-04 8.190358e-05
Algorithm converged after  25  iterations.
[1] 0.0024700588 0.0001032602 0.0003888363 0.0001857861
[1] 0.0040650508 0.0001436161 0.0003702786 0.0005658395
[1] 0.0040562590 0.0001435602 0.0003694398 0.0005669640
Algorithm converged after  29  iterations.
[1] 0.0024700588 0.0002882274
Algorithm converged after  2  iterations.
[1] 2.470059e-03 2.882274e-04 8.826446e-05
[1] 0.0023867086 0.0003086855 0.0001111056
Algorithm converged after  11  iterations.
[1] 0.0024700588 0.0002882274 0.0001346789
[1] 0.0028029599 0.0002602804 0.0002521161
Algorithm converged after  12  iterations.
[1] 2.470059e-03 2.882274e-04 9.144142e-05
[1] 0.0022930285 0.0004088220 0.0001952524
Algorithm converged after  19  iterations.
[1] 2.470059e-03 2.882274e-04 8.826446e-05 5.482138e-05
[1] 2.497716e-03 2.868266e-04 8.465643e-05 5.133181e-05
Algorithm converged after  19  iterations.
[1] 2.470059e-03 2.882274e-04 1.346789e-04 7.474098e-05
[1] 2.261273e-03 3.474612e-04 1.189088e-04 6.285354e-05
Algorithm converged after  18  iterations.
[1] 2.470059e-03 2.882274e-04 9.144142e-05 3.583493e-05
[1] 2.071185e-03 4.918939e-04 1.661235e-04 4.842203e-05
[1] 2.070080e-03 4.925869e-04 1.665933e-04 4.850726e-05
Algorithm converged after  27  iterations.
[1] 2.470059e-03 2.882274e-04 8.826446e-05 1.346789e-04
[1] 2.550479e-03 2.619505e-04 9.781924e-05 1.746302e-04
Algorithm converged after  13  iterations.
[1] 2.470059e-03 2.882274e-04 8.826446e-05 9.144142e-05
[1] 0.0031830773 0.0004255560 0.0001136118 0.0001852227
[1] 0.0031834848 0.0004240288 0.0001144771 0.0001930784
[1] 0.0031838583 0.0004242550 0.0001143839 0.0001922170
[1] 0.0031837405 0.0004242240 0.0001143937 0.0001923034
[1] 0.0031837623 0.0004242281 0.0001143927 0.0001922951
Algorithm converged after  55  iterations.
[1] 2.470059e-03 2.882274e-04 1.346789e-04 9.144142e-05
[1] 0.0027983732 0.0002359749 0.0002504218 0.0002077907
[1] 0.0027987701 0.0002360298 0.0002502367 0.0002085850
Algorithm converged after  22  iterations.
numeric(0)
Algorithm converged after  1  iterations.
[1] 0.000432568
Algorithm converged after  2  iterations.
[1] 0.0005669889
Algorithm converged after  2  iterations.
[1] 0.0006008406
Algorithm converged after  2  iterations.
[1] 0.0004325680 0.0001194498
Algorithm converged after  2  iterations.
[1] 5.669889e-04 7.851243e-05
Algorithm converged after  2  iterations.
[1] 0.0006008406 0.0001264440
Algorithm converged after  2  iterations.
[1] 0.0004325680 0.0005669889
Algorithm converged after  2  iterations.
[1] 0.0004325680 0.0006008406
Algorithm converged after  2  iterations.
[1] 0.0005669889 0.0006008406
Algorithm converged after  2  iterations.
[1] 0.0004325680 0.0001194498 0.0005669889
Algorithm converged after  2  iterations.
[1] 0.0004325680 0.0001194498 0.0006008406
Algorithm converged after  2  iterations.
[1] 4.325680e-04 5.669889e-04 7.851243e-05
Algorithm converged after  2  iterations.
[1] 0.0004325680 0.0006008406 0.0001264440
Algorithm converged after  2  iterations.
[1] 5.669889e-04 7.851243e-05 6.008406e-04
Algorithm converged after  2  iterations.
[1] 0.0005669889 0.0006008406 0.0001264440
Algorithm converged after  2  iterations.
[1] 0.0004325680 0.0005669889 0.0006008406
Algorithm converged after  2  iterations.
[1] 4.325680e-04 1.194498e-04 5.669889e-04 7.851243e-05
Algorithm converged after  2  iterations.
[1] 0.0004325680 0.0001194498 0.0006008406 0.0001264440
Algorithm converged after  2  iterations.
[1] 5.669889e-04 7.851243e-05 6.008406e-04 1.264440e-04
Algorithm converged after  2  iterations.
[1] 0.0004325680 0.0001194498 0.0005669889 0.0006008406
Algorithm converged after  2  iterations.
[1] 4.325680e-04 5.669889e-04 7.851243e-05 6.008406e-04
Algorithm converged after  2  iterations.
[1] 0.0004325680 0.0005669889 0.0006008406 0.0001264440
Algorithm converged after  2  iterations.
[1] 0.002266943
Algorithm converged after  2  iterations.
[1] 0.0022669435 0.0001325595
Algorithm converged after  10  iterations.
[1] 0.002266943 0.000366862
Algorithm converged after  8  iterations.
[1] 0.0022669435 0.0002078297
[1] 0.003615264 0.001842782
Algorithm converged after  18  iterations.
[1] 2.266943e-03 1.325595e-04 4.469838e-05
[1] 2.818447e-03 1.382673e-04 4.020832e-05
Algorithm converged after  11  iterations.
[1] 2.266943e-03 3.668620e-04 7.510606e-05
[1] 2.708875e-03 3.801605e-04 7.719129e-05
Algorithm converged after  16  iterations.
[1] 0.0022669435 0.0002078297 0.0001128348
[1] 0.0035482020 0.0002879761 0.0001571625
[1] 0.0035477968 0.0002885399 0.0001576877
[1] 0.0035477770 0.0002885653 0.0001577110
[1] 0.0035477761 0.0002885664 0.0001577120
Algorithm converged after  41  iterations.
[1] 0.0022669435 0.0001325595 0.0003668620
[1] 0.0039459286 0.0001704082 0.0005540831
[1] 0.0039550612 0.0001706553 0.0005556327
Algorithm converged after  27  iterations.
[1] 0.0022669435 0.0001325595 0.0002078297
[1] 0.0054010522 0.0005968845 0.0038660055
[1] 0.0054522008 0.0006032362 0.0039186490
[1] 0.0054533805 0.0006033831 0.0039198657
Algorithm converged after  35  iterations.
[1] 0.0022669435 0.0003668620 0.0002078297
[1] 0.0029527772 0.0003604961 0.0003856968
Algorithm converged after  11  iterations.
[1] 2.266943e-03 1.325595e-04 4.469838e-05 3.668620e-04
[1] 3.209303e-03 1.476065e-04 3.960639e-05 5.294270e-04
Algorithm converged after  11  iterations.
[1] 2.266943e-03 1.325595e-04 4.469838e-05 2.078297e-04
[1] 0.0050667187 0.0002912284 0.0001077546 0.0022004452
[1] 0.0050746801 0.0002917010 0.0001078372 0.0022070442
Algorithm converged after  26  iterations.
[1] 2.266943e-03 1.325595e-04 3.668620e-04 7.510606e-05
[1] 0.0044860942 0.0001815750 0.0004556128 0.0000830811
[1] 4.537160e-03 1.826849e-04 4.580170e-04 8.331227e-05
[1] 4.538183e-03 1.827072e-04 4.580653e-04 8.331694e-05
Algorithm converged after  34  iterations.
[1] 0.0022669435 0.0001325595 0.0002078297 0.0001128348
[1] 0.0060146315 0.0002308315 0.0006374135 0.0002719089
[1] 0.0060322703 0.0002312669 0.0006384511 0.0002726349
Algorithm converged after  26  iterations.
[1] 2.266943e-03 3.668620e-04 7.510606e-05 2.078297e-04
[1] 3.159142e-03 3.684122e-04 8.186133e-05 4.322902e-04
Algorithm converged after  17  iterations.
[1] 0.0022669435 0.0003668620 0.0002078297 0.0001128348
[1] 4.269508e-03 5.474353e-04 2.789503e-04 7.657034e-05
Algorithm converged after  20  iterations.
[1] 0.0022669435 0.0001325595 0.0003668620 0.0002078297
[1] 0.0032131040 0.0001959311 0.0002442264 0.0009335051
[1] 0.0031983343 0.0001965800 0.0002424914 0.0009388370
Algorithm converged after  29  iterations.
[1] 0.0022669435 0.0003253046
Algorithm converged after  2  iterations.
[1] 0.0022669435 0.0003253046 0.0001242903
[1] 0.0022126241 0.0003623605 0.0001498216
Algorithm converged after  15  iterations.
[1] 0.0022669435 0.0003253046 0.0001186282
[1] 0.0025212250 0.0002983805 0.0001929466
Algorithm converged after  11  iterations.
[1] 0.0022669435 0.0003253046 0.0001026544
[1] 0.0019306587 0.0005160198 0.0003785702
[1] 0.0019304865 0.0005162013 0.0003787958
Algorithm converged after  21  iterations.
[1] 2.266943e-03 3.253046e-04 1.242903e-04 6.434817e-05
Algorithm converged after  9  iterations.
[1] 2.266943e-03 3.253046e-04 1.186282e-04 7.484647e-05
[1] 1.900317e-03 4.155038e-04 1.141474e-04 3.832862e-05
Algorithm converged after  16  iterations.
[1] 2.266943e-03 3.253046e-04 1.026544e-04 3.187096e-05
[1] 0.0017309812 0.0005228858 0.0002131179 0.0000521930
[1] 1.726556e-03 5.257537e-04 2.158642e-04 5.268124e-05
[1] 1.726475e-03 5.258073e-04 2.159151e-04 5.269022e-05
Algorithm converged after  33  iterations.
[1] 0.0022669435 0.0003253046 0.0001242903 0.0001186282
[1] 0.0022693751 0.0003060942 0.0001603225 0.0001572218
Algorithm converged after  14  iterations.
[1] 0.0022669435 0.0003253046 0.0001242903 0.0001026544
[1] 0.0017981898 0.0005259428 0.0001361751 0.0003280977
[1] 0.0016623749 0.0005326257 0.0001434163 0.0003758397
[1] 0.0016515440 0.0005315830 0.0001446589 0.0003756588
[1] 0.0016514181 0.0005315538 0.0001446759 0.0003756251
Algorithm converged after  41  iterations.
[1] 0.0022669435 0.0003253046 0.0001186282 0.0001026544
[1] 0.0022162686 0.0005580933 0.0002877154 0.0004681520
[1] 0.0022142721 0.0005690992 0.0002936500 0.0004800897
[1] 0.0022141557 0.0005697628 0.0002940102 0.0004808116
[1] 0.0022141486 0.0005698035 0.0002940322 0.0004808558
Algorithm converged after  44  iterations.
numeric(0)
Algorithm converged after  1  iterations.
[1] 0.0003946558
Algorithm converged after  2  iterations.
[1] 0.000512458
Algorithm converged after  2  iterations.
[1] 0.0005992489
Algorithm converged after  2  iterations.
[1] 0.0003946558 0.0001248103
Algorithm converged after  2  iterations.
[1] 5.124580e-04 6.791216e-05
Algorithm converged after  2  iterations.
[1] 0.0005992489 0.0001034578
Algorithm converged after  2  iterations.
[1] 0.0003946558 0.0005124580
Algorithm converged after  2  iterations.
[1] 0.0003946558 0.0005992489
Algorithm converged after  2  iterations.
[1] 0.0005124580 0.0005992489
Algorithm converged after  2  iterations.
[1] 0.0003946558 0.0001248103 0.0005124580
Algorithm converged after  2  iterations.
[1] 0.0003946558 0.0001248103 0.0005992489
Algorithm converged after  2  iterations.
[1] 3.946558e-04 5.124580e-04 6.791216e-05
Algorithm converged after  2  iterations.
[1] 0.0003946558 0.0005992489 0.0001034578
Algorithm converged after  2  iterations.
[1] 5.124580e-04 6.791216e-05 5.992489e-04
Algorithm converged after  2  iterations.
[1] 0.0005124580 0.0005992489 0.0001034578
Algorithm converged after  2  iterations.
[1] 0.0003946558 0.0005124580 0.0005992489
Algorithm converged after  2  iterations.
[1] 3.946558e-04 1.248103e-04 5.124580e-04 6.791216e-05
Algorithm converged after  2  iterations.
[1] 0.0003946558 0.0001248103 0.0005992489 0.0001034578
Algorithm converged after  2  iterations.
[1] 5.124580e-04 6.791216e-05 5.992489e-04 1.034578e-04
Algorithm converged after  2  iterations.
[1] 0.0003946558 0.0001248103 0.0005124580 0.0005992489
Algorithm converged after  2  iterations.
[1] 3.946558e-04 5.124580e-04 6.791216e-05 5.992489e-04
Algorithm converged after  2  iterations.
[1] 0.0003946558 0.0005124580 0.0005992489 0.0001034578
Algorithm converged after  2  iterations.
[1] 0.002260521
Algorithm converged after  2  iterations.
[1] 0.0022605206 0.0001096697
[1] 0.0032220341 0.0001299171
[1] 0.0033035157 0.0001313705
[1] 0.0033222392 0.0001317378
[1] 0.0033259034 0.0001318112
[1] 0.003326589 0.000131825
[1] 0.0033267181 0.0001318276
Algorithm converged after  64  iterations.
[1] 0.0022605206 0.0002928007
Algorithm converged after  8  iterations.
[1] 0.0022605206 0.0003105999
[1] 0.003432788 0.001487917
Algorithm converged after  20  iterations.
[1] 2.260521e-03 1.096697e-04 3.306966e-05
Algorithm converged after  9  iterations.
[1] 2.260521e-03 2.928007e-04 5.898922e-05
[1] 2.735675e-03 3.010244e-04 6.137517e-05
Algorithm converged after  14  iterations.
[1] 0.0022605206 0.0003105999 0.0001102292
[1] 0.0037537719 0.0004509261 0.0001536601
Algorithm converged after  13  iterations.
[1] 0.0022605206 0.0001096697 0.0002928007
[1] 0.0042249201 0.0001627469 0.0005372580
Algorithm converged after  20  iterations.
[1] 0.0022605206 0.0001096697 0.0003105999
[1] 0.0041780664 0.0001983667 0.0028382079
[1] 0.004173833 0.000198126 0.002832747
Algorithm converged after  24  iterations.
[1] 0.0022605206 0.0002928007 0.0003105999
[1] 0.0030610424 0.0002860985 0.0005904228
Algorithm converged after  14  iterations.
[1] 2.260521e-03 1.096697e-04 3.306966e-05 2.928007e-04
[1] 2.887177e-03 1.216311e-04 3.650934e-05 3.904641e-04
Algorithm converged after  11  iterations.
[1] 2.260521e-03 1.096697e-04 3.306966e-05 3.105999e-04
[1] 4.404241e-03 1.482398e-04 4.854151e-05 1.889762e-03
[1] 4.421580e-03 1.486108e-04 4.863568e-05 1.902708e-03
Algorithm converged after  29  iterations.
[1] 2.260521e-03 1.096697e-04 2.928007e-04 5.898922e-05
[1] 4.791528e-03 1.558447e-04 3.699158e-04 7.017889e-05
[1] 4.802781e-03 1.560460e-04 3.703878e-04 7.023144e-05
Algorithm converged after  25  iterations.
[1] 0.0022605206 0.0001096697 0.0003105999 0.0001102292
[1] 0.0067770848 0.0001956366 0.0007182106 0.0002629415
[1] 0.0067818291 0.0001957400 0.0007185071 0.0002631470
Algorithm converged after  21  iterations.
[1] 2.260521e-03 2.928007e-04 5.898922e-05 3.105999e-04
[1] 3.577908e-03 2.960260e-04 6.849979e-05 7.351474e-04
Algorithm converged after  18  iterations.
[1] 0.0022605206 0.0002928007 0.0003105999 0.0001102292
[1] 0.0043829462 0.0004078935 0.0004932951 0.0001783592
Algorithm converged after  16  iterations.
[1] 0.0022605206 0.0001096697 0.0002928007 0.0003105999
[1] 0.0046235098 0.0001486535 0.0003321923 0.0008236986
[1] 0.0046248153 0.0001486752 0.0003324009 0.0008231735
Algorithm converged after  23  iterations.
[1] 0.0022605206 0.0003161662
Algorithm converged after  2  iterations.
[1] 2.260521e-03 3.161662e-04 7.909684e-05
[1] 0.0022790527 0.0003798202 0.0001326517
Algorithm converged after  13  iterations.
[1] 0.0022605206 0.0003161662 0.0001015048
[1] 0.0024615218 0.0002741338 0.0001519457
Algorithm converged after  14  iterations.
[1] 0.0022605206 0.0003161662 0.0000859512
[1] 0.0017936045 0.0004832023 0.0003155294
Algorithm converged after  18  iterations.
[1] 2.260521e-03 3.161662e-04 7.909684e-05 2.773405e-05
Algorithm converged after  8  iterations.
[1] 2.260521e-03 3.161662e-04 1.015048e-04 6.151188e-05
[1] 2.156761e-03 4.178681e-04 9.143152e-05 3.476770e-05
Algorithm converged after  15  iterations.
[1] 2.260521e-03 3.161662e-04 8.595120e-05 2.530477e-05
[1] 1.680706e-03 4.993431e-04 1.792211e-04 5.609076e-05
[1] 1.680593e-03 4.995801e-04 1.793701e-04 5.612323e-05
Algorithm converged after  22  iterations.
[1] 2.260521e-03 3.161662e-04 7.909684e-05 1.015048e-04
[1] 0.0022750772 0.0003189626 0.0001398230 0.0001576846
Algorithm converged after  19  iterations.
[1] 2.260521e-03 3.161662e-04 7.909684e-05 8.595120e-05
[1] 0.0014517410 0.0004939959 0.0001176032 0.0002509508
Algorithm converged after  18  iterations.
[1] 0.0022605206 0.0003161662 0.0001015048 0.0000859512
[1] 0.0022059117 0.0005131356 0.0002233943 0.0003447612
[1] 0.0022115229 0.0005232507 0.0002285781 0.0003583539
[1] 0.0022119587 0.0005240028 0.0002289696 0.0003593197
[1] 0.0022119878 0.0005240529 0.0002289957 0.0003593839
Algorithm converged after  47  iterations.
numeric(0)
Algorithm converged after  1  iterations.
[1] 0.000406642
Algorithm converged after  2  iterations.
[1] 0.0006036168
Algorithm converged after  2  iterations.
[1] 0.0006196949
Algorithm converged after  2  iterations.
[1] 0.0004066420 0.0001196731
Algorithm converged after  2  iterations.
[1] 6.036168e-04 7.959583e-05
Algorithm converged after  2  iterations.
[1] 0.0006196949 0.0001117344
Algorithm converged after  2  iterations.
[1] 0.0004066420 0.0006036168
Algorithm converged after  2  iterations.
[1] 0.0004066420 0.0006196949
Algorithm converged after  2  iterations.
[1] 0.0006036168 0.0006196949
Algorithm converged after  2  iterations.
[1] 0.0004066420 0.0001196731 0.0006036168
Algorithm converged after  2  iterations.
[1] 0.0004066420 0.0001196731 0.0006196949
Algorithm converged after  2  iterations.
[1] 4.066420e-04 6.036168e-04 7.959583e-05
Algorithm converged after  2  iterations.
[1] 0.0004066420 0.0006196949 0.0001117344
Algorithm converged after  2  iterations.
[1] 6.036168e-04 7.959583e-05 6.196949e-04
Algorithm converged after  2  iterations.
[1] 0.0006036168 0.0006196949 0.0001117344
Algorithm converged after  2  iterations.
[1] 0.0004066420 0.0006036168 0.0006196949
Algorithm converged after  2  iterations.
[1] 4.066420e-04 1.196731e-04 6.036168e-04 7.959583e-05
Algorithm converged after  2  iterations.
[1] 0.0004066420 0.0001196731 0.0006196949 0.0001117344
Algorithm converged after  2  iterations.
[1] 6.036168e-04 7.959583e-05 6.196949e-04 1.117344e-04
Algorithm converged after  2  iterations.
[1] 0.0004066420 0.0001196731 0.0006036168 0.0006196949
Algorithm converged after  2  iterations.
[1] 4.066420e-04 6.036168e-04 7.959583e-05 6.196949e-04
Algorithm converged after  2  iterations.
[1] 0.0004066420 0.0006036168 0.0006196949 0.0001117344
Algorithm converged after  2  iterations.
[1] 0.002447381
Algorithm converged after  2  iterations.
[1] 0.0024473814 0.0001189613
[1] 0.0024757373 0.0001626737
Algorithm converged after  14  iterations.
[1] 0.0024473814 0.0003441244
Algorithm converged after  8  iterations.
[1] 0.0024473814 0.0001781595
[1] 0.003313749 0.001281655
Algorithm converged after  16  iterations.
[1] 0.0024473814 0.0001189613 0.0000410291
[1] 2.898656e-03 1.260699e-04 4.113084e-05
Algorithm converged after  11  iterations.
[1] 2.447381e-03 3.441244e-04 7.312239e-05
[1] 3.059653e-03 3.622873e-04 7.548729e-05
Algorithm converged after  16  iterations.
[1] 0.0024473814 0.0001781595 0.0001053951
[1] 0.0036056271 0.0002285786 0.0001250646
[1] 0.003605932 0.000228169 0.000124736
[1] 0.0036059449 0.0002281500 0.0001247206
Algorithm converged after  40  iterations.
[1] 0.0024473814 0.0001189613 0.0003441244
[1] 0.0046156869 0.0001750171 0.0005631609
[1] 0.0046180326 0.0001751405 0.0005639973
Algorithm converged after  23  iterations.
[1] 0.0024473814 0.0001189613 0.0001781595
[1] 0.0042195940 0.0003682398 0.0025242126
[1] 0.0042270873 0.0003692922 0.0025325456
Algorithm converged after  27  iterations.
[1] 0.0024473814 0.0003441244 0.0001781595
Algorithm converged after  9  iterations.
[1] 0.0024473814 0.0001189613 0.0000410291 0.0003441244
[1] 3.425244e-03 1.382140e-04 4.388718e-05 4.596736e-04
Algorithm converged after  12  iterations.
[1] 0.0024473814 0.0001189613 0.0000410291 0.0001781595
[1] 0.0053035258 0.0002542716 0.0001059538 0.0020722507
[1] 0.0053159257 0.0002551310 0.0001062007 0.0020824231
Algorithm converged after  27  iterations.
[1] 2.447381e-03 1.189613e-04 3.441244e-04 7.312239e-05
[1] 5.903479e-03 1.987744e-04 4.673818e-04 8.734889e-05
[1] 5.931052e-03 1.994333e-04 4.686052e-04 8.749415e-05
Algorithm converged after  27  iterations.
[1] 0.0024473814 0.0001189613 0.0001781595 0.0001053951
[1] 6.242161e-03 2.119406e-04 2.650408e-04 4.406647e-05
[1] 0.0062620201 0.0002122424 0.0002664418 0.0000448699
[1] 6.289624e-03 2.119933e-04 2.684932e-04 4.395449e-05
[1] 6.308643e-03 2.116051e-04 2.699929e-04 4.297256e-05
[1] 6.321617e-03 2.112578e-04 2.711112e-04 4.218805e-05
[1] 6.330480e-03 2.109582e-04 2.719515e-04 4.157173e-05
[1] 6.336520e-03 2.107006e-04 2.725868e-04 4.108562e-05
[1] 6.340588e-03 2.104782e-04 2.730689e-04 4.069888e-05
[1] 6.343269e-03 2.102857e-04 2.734357e-04 4.038936e-05
[1] 6.344970e-03 2.101187e-04 2.737152e-04 4.014019e-05
[1] 6.345978e-03 2.099734e-04 2.739283e-04 3.993847e-05
[1] 6.346498e-03 2.098467e-04 2.740908e-04 3.977431e-05
[1] 6.346677e-03 2.097360e-04 2.742145e-04 3.964005e-05
[1] 6.346623e-03 2.096392e-04 2.743085e-04 3.952971e-05
[1] 6.346411e-03 2.095543e-04 2.743797e-04 3.943861e-05
[1] 6.346100e-03 2.094799e-04 2.744336e-04 3.936307e-05
[1] 6.345728e-03 2.094146e-04 2.744740e-04 3.930014e-05
[1] 6.345326e-03 2.093572e-04 2.745043e-04 3.924752e-05
[1] 6.344912e-03 2.093067e-04 2.745268e-04 3.920332e-05
[1] 6.344503e-03 2.092623e-04 2.745433e-04 3.916607e-05
[1] 6.344106e-03 2.092232e-04 2.745553e-04 3.913455e-05
[1] 6.343728e-03 2.091887e-04 2.745639e-04 3.910779e-05
[1] 6.343374e-03 2.091584e-04 2.745700e-04 3.908498e-05
[1] 0.0063430446 0.0002091316 0.0002745741 0.0000390655
[1] 6.342741e-03 2.091081e-04 2.745768e-04 3.904879e-05
[1] 6.342463e-03 2.090873e-04 2.745784e-04 3.903443e-05
[1] 6.342209e-03 2.090689e-04 2.745792e-04 3.902206e-05
[1] 6.341979e-03 2.090527e-04 2.745795e-04 3.901137e-05
[1] 6.341772e-03 2.090384e-04 2.745795e-04 3.900212e-05
[1] 6.341584e-03 2.090258e-04 2.745791e-04 3.899409e-05
[1] 6.341416e-03 2.090147e-04 2.745786e-04 3.898712e-05
[1] 6.341265e-03 2.090049e-04 2.745779e-04 3.898104e-05
[1] 6.341130e-03 2.089962e-04 2.745773e-04 3.897575e-05
[1] 6.341010e-03 2.089886e-04 2.745766e-04 3.897113e-05
[1] 6.340902e-03 2.089818e-04 2.745758e-04 3.896709e-05
[1] 6.340806e-03 2.089759e-04 2.745752e-04 3.896355e-05
[1] 6.340721e-03 2.089706e-04 2.745745e-04 3.896045e-05
[1] 6.340645e-03 2.089659e-04 2.745739e-04 3.895774e-05
[1] 6.340578e-03 2.089618e-04 2.745733e-04 3.895535e-05
[1] 6.340518e-03 2.089582e-04 2.745728e-04 3.895326e-05
[1] 6.340465e-03 2.089550e-04 2.745723e-04 3.895142e-05
[1] 0.0063404178 0.0002089522 0.0002745719 0.0000389498
[1] 6.340376e-03 2.089497e-04 2.745715e-04 3.894838e-05
[1] 6.340339e-03 2.089475e-04 2.745711e-04 3.894713e-05
[1] 6.340306e-03 2.089455e-04 2.745708e-04 3.894602e-05
[1] 6.340277e-03 2.089438e-04 2.745705e-04 3.894505e-05
[1] 0.0063402517 0.0002089423 0.0002745702 0.0000389442
[1] 6.340229e-03 2.089409e-04 2.745700e-04 3.894344e-05
[1] 6.340209e-03 2.089398e-04 2.745698e-04 3.894278e-05
Algorithm did not converge after  500  iterations.
[1] 2.447381e-03 3.441244e-04 7.312239e-05 1.781595e-04
[1] 3.388503e-03 3.486094e-04 7.928799e-05 3.928136e-04
Algorithm converged after  19  iterations.
[1] 0.0024473814 0.0003441244 0.0001781595 0.0001053951
[1] 4.357350e-03 4.982100e-04 2.237604e-04 5.970384e-05
[1] 4.356925e-03 4.986839e-04 2.235865e-04 5.925693e-05
[1] 4.356916e-03 4.986919e-04 2.235834e-04 5.924923e-05
Algorithm converged after  32  iterations.
[1] 0.0024473814 0.0001189613 0.0003441244 0.0001781595
[1] 0.0044356554 0.0001696282 0.0003435921 0.0006103614
[1] 0.0044320590 0.0001696010 0.0003431905 0.0006113086
Algorithm converged after  27  iterations.
[1] 0.0024473814 0.0003174848
Algorithm converged after  2  iterations.
[1] 2.447381e-03 3.174848e-04 8.510232e-05
Algorithm converged after  10  iterations.
[1] 0.0024473814 0.0003174848 0.0001113114
Algorithm converged after  10  iterations.
[1] 0.0024473814 0.0003174848 0.0001274122
[1] 0.0023769266 0.0004948825 0.0002574539
[1] 0.0023769484 0.0004947686 0.0002573768
Algorithm converged after  21  iterations.
[1] 2.447381e-03 3.174848e-04 8.510232e-05 3.636584e-05
Algorithm converged after  8  iterations.
[1] 2.447381e-03 3.174848e-04 1.113114e-04 6.979308e-05
[1] 2.094539e-03 4.103392e-04 1.088436e-04 3.398833e-05
Algorithm converged after  15  iterations.
[1] 2.447381e-03 3.174848e-04 1.274122e-04 4.176791e-05
[1] 1.772396e-03 6.243466e-04 3.253021e-04 5.900432e-05
[1] 1.771952e-03 6.289142e-04 3.293410e-04 5.936756e-05
[1] 1.772021e-03 6.290705e-04 3.294603e-04 5.937743e-05
Algorithm converged after  36  iterations.
[1] 2.447381e-03 3.174848e-04 8.510232e-05 1.113114e-04
[1] 0.0024556605 0.0002928989 0.0001388028 0.0001546573
[1] 0.0024557756 0.0002929568 0.0001388760 0.0001548072
Algorithm converged after  23  iterations.
[1] 2.447381e-03 3.174848e-04 8.510232e-05 1.274122e-04
[1] 0.0023919879 0.0004899842 0.0001140217 0.0001351203
[1] 0.0023121209 0.0004904463 0.0001148162 0.0001525278
[1] 0.0022864251 0.0004901055 0.0001152076 0.0001593459
[1] 0.0022746786 0.0004904250 0.0001153391 0.0001626083
[1] 0.0022690489 0.0004908077 0.0001153723 0.0001641748
[1] 0.0022664015 0.0004910734 0.0001153757 0.0001649051
[1] 0.0022651952 0.0004912257 0.0001153727 0.0001652343
[1] 0.0022646618 0.0004913048 0.0001153696 0.0001653783
[1] 0.0022644325 0.0004913433 0.0001153675 0.0001654395
[1] 0.0022643366 0.0004913613 0.0001153664 0.0001654648
[1] 0.0022642975 0.0004913694 0.0001153659 0.0001654750
[1] 0.0022642821 0.0004913729 0.0001153656 0.0001654790
Algorithm converged after  130  iterations.
[1] 0.0024473814 0.0003174848 0.0001113114 0.0001274122
[1] 0.0027181563 0.0002747492 0.0002040083 0.0002883402
Algorithm converged after  18  iterations.
numeric(0)
Algorithm converged after  1  iterations.
[1] 0.000409466
Algorithm converged after  2  iterations.
[1] 0.0004783967
Algorithm converged after  2  iterations.
[1] 0.0006625317
Algorithm converged after  2  iterations.
[1] 0.0004094660 0.0001231378
Algorithm converged after  2  iterations.
[1] 4.783967e-04 8.275808e-05
Algorithm converged after  2  iterations.
[1] 6.625317e-04 8.417608e-05
Algorithm converged after  2  iterations.
[1] 0.0004094660 0.0004783967
Algorithm converged after  2  iterations.
[1] 0.0004094660 0.0006625317
Algorithm converged after  2  iterations.
[1] 0.0004783967 0.0006625317
Algorithm converged after  2  iterations.
[1] 0.0004094660 0.0001231378 0.0004783967
Algorithm converged after  2  iterations.
[1] 0.0004094660 0.0001231378 0.0006625317
Algorithm converged after  2  iterations.
[1] 4.094660e-04 4.783967e-04 8.275808e-05
Algorithm converged after  2  iterations.
[1] 4.094660e-04 6.625317e-04 8.417608e-05
Algorithm converged after  2  iterations.
[1] 4.783967e-04 8.275808e-05 6.625317e-04
Algorithm converged after  2  iterations.
[1] 4.783967e-04 6.625317e-04 8.417608e-05
Algorithm converged after  2  iterations.
[1] 0.0004094660 0.0004783967 0.0006625317
Algorithm converged after  2  iterations.
[1] 4.094660e-04 1.231378e-04 4.783967e-04 8.275808e-05
Algorithm converged after  2  iterations.
[1] 4.094660e-04 1.231378e-04 6.625317e-04 8.417608e-05
Algorithm converged after  2  iterations.
[1] 4.783967e-04 8.275808e-05 6.625317e-04 8.417608e-05
Algorithm converged after  2  iterations.
[1] 0.0004094660 0.0001231378 0.0004783967 0.0006625317
Algorithm converged after  2  iterations.
[1] 4.094660e-04 4.783967e-04 8.275808e-05 6.625317e-04
Algorithm converged after  2  iterations.
[1] 4.094660e-04 4.783967e-04 6.625317e-04 8.417608e-05
Algorithm converged after  2  iterations.
[1] 0.00218076
Algorithm converged after  2  iterations.
[1] 0.002180760 0.000107102
Algorithm converged after  10  iterations.
[1] 0.0021807599 0.0004131556
Algorithm converged after  9  iterations.
[1] 0.002180760 0.000265047
[1] 0.002890975 0.000979914
Algorithm converged after  16  iterations.
[1] 2.180760e-03 1.071020e-04 4.202914e-05
[1] 2.680189e-03 1.138016e-04 3.937463e-05
Algorithm converged after  11  iterations.
[1] 2.180760e-03 4.131556e-04 7.285619e-05
[1] 3.167697e-03 4.561746e-04 7.892961e-05
Algorithm converged after  16  iterations.
[1] 2.180760e-03 2.650470e-04 8.664772e-05
[1] 0.0031883650 0.0003225630 0.0001079591
Algorithm converged after  13  iterations.
[1] 0.0021807599 0.0001071020 0.0004131556
[1] 0.0041257628 0.0001575123 0.0006734530
[1] 0.0041431148 0.0001581770 0.0006784858
[1] 0.0041434215 0.0001581889 0.0006785762
Algorithm converged after  32  iterations.
[1] 0.002180760 0.000107102 0.000265047
[1] 0.0035573932 0.0002627671 0.0019536322
[1] 0.0035601262 0.0002631188 0.0019570528
Algorithm converged after  25  iterations.
[1] 0.0021807599 0.0004131556 0.0002650470
[1] 0.0029230829 0.0004467872 0.0004147208
Algorithm converged after  11  iterations.
[1] 2.180760e-03 1.071020e-04 4.202914e-05 4.131556e-04
[1] 3.126548e-03 1.263596e-04 4.048048e-05 5.834112e-04
Algorithm converged after  12  iterations.
[1] 2.180760e-03 1.071020e-04 4.202914e-05 2.650470e-04
[1] 4.602136e-03 2.081312e-04 8.255212e-05 1.740957e-03
[1] 4.630600e-03 2.103937e-04 8.351042e-05 1.770165e-03
[1] 4.630960e-03 2.104222e-04 8.352232e-05 1.770533e-03
Algorithm converged after  32  iterations.
[1] 2.180760e-03 1.071020e-04 4.131556e-04 7.285619e-05
[1] 5.014156e-03 1.722467e-04 5.261398e-04 9.078982e-05
[1] 5.023867e-03 1.724463e-04 5.266488e-04 9.085096e-05
Algorithm converged after  25  iterations.
[1] 2.180760e-03 1.071020e-04 2.650470e-04 8.664772e-05
[1] 0.0055972924 0.0001865137 0.0005436502 0.0001726451
[1] 0.0056065795 0.0001867209 0.0005441642 0.0001729616
Algorithm converged after  24  iterations.
[1] 2.180760e-03 4.131556e-04 7.285619e-05 2.650470e-04
[1] 3.827657e-03 4.565040e-04 8.544805e-05 6.568389e-04
Algorithm converged after  19  iterations.
[1] 2.180760e-03 4.131556e-04 2.650470e-04 8.664772e-05
[1] 0.0040483220 0.0005683106 0.0003732328 0.0001322733
Algorithm converged after  16  iterations.
[1] 0.0021807599 0.0001071020 0.0004131556 0.0002650470
[1] 0.0040905650 0.0001557640 0.0004406268 0.0007510594
Algorithm converged after  19  iterations.
[1] 0.0021807599 0.0002915454
Algorithm converged after  2  iterations.
[1] 2.180760e-03 2.915454e-04 7.779264e-05
Algorithm converged after  10  iterations.
[1] 0.0021807599 0.0002915454 0.0001465493
[1] 0.0025100543 0.0002479260 0.0003011604
Algorithm converged after  15  iterations.
[1] 0.0021807599 0.0002915454 0.0001141244
[1] 0.0017793724 0.0005317097 0.0004577642
[1] 0.0017790457 0.0005321424 0.0004583965
Algorithm converged after  23  iterations.
[1] 2.180760e-03 2.915454e-04 7.779264e-05 3.293437e-05
Algorithm converged after  8  iterations.
[1] 2.180760e-03 2.915454e-04 1.465493e-04 7.208592e-05
[1] 1.952503e-03 3.324115e-04 1.156215e-04 7.500945e-05
Algorithm converged after  14  iterations.
[1] 2.180760e-03 2.915454e-04 1.141244e-04 3.283747e-05
[1] 1.513032e-03 5.375197e-04 2.803407e-04 6.230036e-05
[1] 0.0015108395 0.0005382678 0.0002813705 0.0000624428
Algorithm converged after  27  iterations.
[1] 2.180760e-03 2.915454e-04 7.779264e-05 1.465493e-04
[1] 0.0025013166 0.0002887601 0.0001396648 0.0002343054
[1] 0.0025050803 0.0002889084 0.0001397368 0.0002352741
[1] 0.0025052172 0.0002889138 0.0001397393 0.0002353092
Algorithm converged after  34  iterations.
[1] 2.180760e-03 2.915454e-04 7.779264e-05 1.141244e-04
[1] 1.616694e-03 5.526444e-04 9.783446e-05 3.692388e-04
[1] 1.624204e-03 5.529608e-04 9.828636e-05 3.654473e-04
[1] 1.624001e-03 5.529874e-04 9.826356e-05 3.655710e-04
Algorithm converged after  35  iterations.
[1] 0.0021807599 0.0002915454 0.0001465493 0.0001141244
[1] 0.0026933837 0.0003081735 0.0004092946 0.0002417811
[1] 0.0026318420 0.0002855735 0.0003984110 0.0002398360
[1] 0.0026319844 0.0002854315 0.0003984421 0.0002398034
Algorithm converged after  32  iterations.
numeric(0)
Algorithm converged after  1  iterations.
[1] 0.0003426747
Algorithm converged after  2  iterations.
[1] 0.0004751946
Algorithm converged after  2  iterations.
[1] 0.0006597539
Algorithm converged after  2  iterations.
[1] 3.426747e-04 9.592162e-05
Algorithm converged after  2  iterations.
[1] 4.751946e-04 7.617322e-05
Algorithm converged after  2  iterations.
[1] 0.0006597539 0.0001170694
Algorithm converged after  2  iterations.
[1] 0.0003426747 0.0004751946
Algorithm converged after  2  iterations.
[1] 0.0003426747 0.0006597539
Algorithm converged after  2  iterations.
[1] 0.0004751946 0.0006597539
Algorithm converged after  2  iterations.
[1] 3.426747e-04 9.592162e-05 4.751946e-04
Algorithm converged after  2  iterations.
[1] 3.426747e-04 9.592162e-05 6.597539e-04
Algorithm converged after  2  iterations.
[1] 3.426747e-04 4.751946e-04 7.617322e-05
Algorithm converged after  2  iterations.
[1] 0.0003426747 0.0006597539 0.0001170694
Algorithm converged after  2  iterations.
[1] 4.751946e-04 7.617322e-05 6.597539e-04
Algorithm converged after  2  iterations.
[1] 0.0004751946 0.0006597539 0.0001170694
Algorithm converged after  2  iterations.
[1] 0.0003426747 0.0004751946 0.0006597539
Algorithm converged after  2  iterations.
[1] 3.426747e-04 9.592162e-05 4.751946e-04 7.617322e-05
Algorithm converged after  2  iterations.
[1] 3.426747e-04 9.592162e-05 6.597539e-04 1.170694e-04
Algorithm converged after  2  iterations.
[1] 4.751946e-04 7.617322e-05 6.597539e-04 1.170694e-04
Algorithm converged after  2  iterations.
[1] 3.426747e-04 9.592162e-05 4.751946e-04 6.597539e-04
Algorithm converged after  2  iterations.
[1] 3.426747e-04 4.751946e-04 7.617322e-05 6.597539e-04
Algorithm converged after  2  iterations.
[1] 0.0003426747 0.0004751946 0.0006597539 0.0001170694
Algorithm converged after  2  iterations.
[1] 0.00215429
Algorithm converged after  2  iterations.
[1] 2.154290e-03 8.915905e-05
[1] 0.0031727430 0.0001098473
[1] 0.0031854192 0.0001100995
[1] 0.0031844501 0.0001101058
[1] 0.0031843049 0.0001101059
Algorithm converged after  43  iterations.
[1] 0.0021542902 0.0003880673
Algorithm converged after  9  iterations.
[1] 0.002154290 0.000191861
[1] 0.002928613 0.001188756
Algorithm converged after  17  iterations.
[1] 2.154290e-03 8.915905e-05 3.358162e-05
Algorithm converged after  10  iterations.
[1] 2.154290e-03 3.880673e-04 7.606098e-05
[1] 2.747451e-03 4.243708e-04 7.823327e-05
Algorithm converged after  15  iterations.
[1] 0.0021542902 0.0001918610 0.0001025333
[1] 0.003243175 0.000237580 0.000121968
Algorithm converged after  15  iterations.
[1] 2.154290e-03 8.915905e-05 3.880673e-04
[1] 0.0044001323 0.0001461574 0.0007193059
Algorithm converged after  15  iterations.
[1] 2.154290e-03 8.915905e-05 1.918610e-04
[1] 0.0034701041 0.0002179616 0.0020464928
[1] 0.0034716718 0.0002181475 0.0020483870
Algorithm converged after  24  iterations.
[1] 0.0021542902 0.0003880673 0.0001918610
Algorithm converged after  8  iterations.
[1] 2.154290e-03 8.915905e-05 3.358162e-05 3.880673e-04
[1] 3.212339e-03 1.074678e-04 4.071325e-05 5.560297e-04
Algorithm converged after  18  iterations.
[1] 2.154290e-03 8.915905e-05 3.358162e-05 1.918610e-04
[1] 4.547557e-03 1.679594e-04 6.874279e-05 1.805158e-03
[1] 4.618081e-03 1.720621e-04 7.034433e-05 1.862940e-03
[1] 4.621079e-03 1.722458e-04 7.041739e-05 1.865502e-03
[1] 4.621209e-03 1.722538e-04 7.042056e-05 1.865614e-03
Algorithm converged after  41  iterations.
[1] 2.154290e-03 8.915905e-05 3.880673e-04 7.606098e-05
[1] 5.145459e-03 1.489101e-04 5.689616e-04 8.588787e-05
[1] 5.153989e-03 1.490968e-04 5.695556e-04 8.592142e-05
Algorithm converged after  23  iterations.
[1] 2.154290e-03 8.915905e-05 1.918610e-04 1.025333e-04
[1] 5.065934e-03 1.518972e-04 2.291042e-04 3.062523e-05
[1] 5.149915e-03 1.543335e-04 2.316022e-04 3.114657e-05
[1] 5.163914e-03 1.549968e-04 2.320518e-04 3.156218e-05
[1] 5.176574e-03 1.554208e-04 2.326463e-04 3.186558e-05
[1] 5.182337e-03 1.553278e-04 2.330990e-04 3.176588e-05
[1] 0.0051837020 0.0001550200 0.0002333808 0.0000314920
[1] 5.183148e-03 1.546965e-04 2.335561e-04 3.122124e-05
[1] 0.0051817241 0.0001544074 0.0002336646 0.0000309927
[1] 5.179913e-03 1.541591e-04 2.337298e-04 3.080674e-05
[1] 5.177969e-03 1.539486e-04 2.337663e-04 3.065653e-05
[1] 5.176032e-03 1.537706e-04 2.337840e-04 3.053505e-05
[1] 5.174183e-03 1.536201e-04 2.337895e-04 3.043642e-05
[1] 5.172462e-03 1.534928e-04 2.337873e-04 3.035595e-05
[1] 5.170890e-03 1.533849e-04 2.337803e-04 3.028999e-05
[1] 5.169473e-03 1.532933e-04 2.337707e-04 3.023566e-05
[1] 5.168207e-03 1.532156e-04 2.337599e-04 3.019071e-05
[1] 5.167085e-03 1.531494e-04 2.337486e-04 3.015337e-05
[1] 5.166097e-03 1.530930e-04 2.337375e-04 3.012224e-05
[1] 5.165229e-03 1.530450e-04 2.337270e-04 3.009619e-05
[1] 5.164471e-03 1.530040e-04 2.337172e-04 3.007434e-05
[1] 5.163811e-03 1.529690e-04 2.337082e-04 3.005595e-05
[1] 5.163237e-03 1.529392e-04 2.337001e-04 3.004045e-05
[1] 5.162740e-03 1.529136e-04 2.336929e-04 3.002734e-05
[1] 5.162309e-03 1.528918e-04 2.336865e-04 3.001625e-05
[1] 5.161937e-03 1.528731e-04 2.336808e-04 3.000683e-05
[1] 5.161616e-03 1.528572e-04 2.336759e-04 2.999884e-05
[1] 5.161339e-03 1.528435e-04 2.336715e-04 2.999204e-05
[1] 5.161100e-03 1.528318e-04 2.336677e-04 2.998626e-05
[1] 5.160895e-03 1.528218e-04 2.336644e-04 2.998132e-05
[1] 5.160718e-03 1.528132e-04 2.336616e-04 2.997712e-05
[1] 5.160566e-03 1.528058e-04 2.336591e-04 2.997353e-05
[1] 5.160435e-03 1.527995e-04 2.336569e-04 2.997046e-05
[1] 5.160323e-03 1.527942e-04 2.336551e-04 2.996784e-05
[1] 5.160226e-03 1.527895e-04 2.336535e-04 2.996561e-05
[1] 5.160143e-03 1.527856e-04 2.336521e-04 2.996369e-05
[1] 5.160072e-03 1.527822e-04 2.336509e-04 2.996205e-05
[1] 5.160011e-03 1.527793e-04 2.336499e-04 2.996065e-05
[1] 5.159959e-03 1.527768e-04 2.336490e-04 2.995945e-05
[1] 5.159914e-03 1.527747e-04 2.336483e-04 2.995842e-05
[1] 5.159875e-03 1.527728e-04 2.336476e-04 2.995755e-05
[1] 5.159842e-03 1.527713e-04 2.336471e-04 2.995679e-05
[1] 5.159814e-03 1.527699e-04 2.336466e-04 2.995615e-05
[1] 5.159790e-03 1.527688e-04 2.336462e-04 2.995559e-05
[1] 5.159769e-03 1.527678e-04 2.336458e-04 2.995512e-05
[1] 5.159751e-03 1.527669e-04 2.336455e-04 2.995472e-05
[1] 5.159736e-03 1.527662e-04 2.336453e-04 2.995437e-05
[1] 5.159722e-03 1.527656e-04 2.336450e-04 2.995407e-05
[1] 5.159711e-03 1.527650e-04 2.336448e-04 2.995381e-05
[1] 0.0051597014 0.0001527646 0.0002336447 0.0000299536
Algorithm did not converge after  500  iterations.
[1] 2.154290e-03 3.880673e-04 7.606098e-05 1.918610e-04
[1] 3.143552e-03 4.250321e-04 8.181694e-05 3.640835e-04
Algorithm converged after  17  iterations.
[1] 0.0021542902 0.0003880673 0.0001918610 0.0001025333
[1] 4.379189e-03 6.124592e-04 2.548429e-04 8.274179e-05
Algorithm converged after  19  iterations.
[1] 2.154290e-03 8.915905e-05 3.880673e-04 1.918610e-04
[1] 0.0048460581 0.0001387625 0.0005670226 0.0003639607
Algorithm converged after  19  iterations.
[1] 0.0021542902 0.0002844977
Algorithm converged after  2  iterations.
[1] 2.154290e-03 2.844977e-04 6.747302e-05
[1] 0.0020662094 0.0003082275 0.0001146506
Algorithm converged after  13  iterations.
[1] 0.0021542902 0.0002844977 0.0001280133
[1] 0.0025774197 0.0002642868 0.0002513735
Algorithm converged after  16  iterations.
[1] 0.0021542902 0.0002844977 0.0001472026
[1] 0.0026278332 0.0002985187 0.0010744761
Algorithm converged after  16  iterations.
[1] 2.154290e-03 2.844977e-04 6.747302e-05 2.906209e-05
Algorithm converged after  8  iterations.
[1] 2.154290e-03 2.844977e-04 1.280133e-04 7.653165e-05
[1] 1.961346e-03 3.388164e-04 1.206455e-04 4.911575e-05
[1] 1.961165e-03 3.388588e-04 1.206407e-04 4.909369e-05
Algorithm converged after  21  iterations.
[1] 2.154290e-03 2.844977e-04 1.472026e-04 7.013515e-05
[1] 1.801634e-03 4.885449e-04 1.844808e-04 5.944439e-05
[1] 1.801597e-03 4.888076e-04 1.843674e-04 5.936462e-05
Algorithm converged after  23  iterations.
[1] 2.154290e-03 2.844977e-04 6.747302e-05 1.280133e-04
[1] 0.0022766862 0.0002711562 0.0001162997 0.0001856568
[1] 0.0022770402 0.0002713114 0.0001163958 0.0001858950
Algorithm converged after  25  iterations.
[1] 2.154290e-03 2.844977e-04 6.747302e-05 1.472026e-04
[1] 0.0028488639 0.0003312718 0.0003177094 0.0016743869
Algorithm converged after  14  iterations.
[1] 0.0021542902 0.0002844977 0.0001280133 0.0001472026
[1] 0.0026748869 0.0002678651 0.0001525192 0.0008392889
[1] 0.0026753343 0.0002679523 0.0001524141 0.0008407316
Algorithm converged after  21  iterations.
Warning messages:
1: In max(abs(CT), na.rm = T) :
  no non-missing arguments to max; returning -Inf
2: In max(abs(CT), na.rm = T) :
  no non-missing arguments to max; returning -Inf
3: In max(abs(CT), na.rm = T) :
  no non-missing arguments to max; returning -Inf
4: In max(abs(CT), na.rm = T) :
  no non-missing arguments to max; returning -Inf
5: In max(abs(CT), na.rm = T) :
  no non-missing arguments to max; returning -Inf
6: In max(abs(CT), na.rm = T) :
  no non-missing arguments to max; returning -Inf
7: In max(abs(CT), na.rm = T) :
  no non-missing arguments to max; returning -Inf
8: In max(abs(CT), na.rm = T) :
  no non-missing arguments to max; returning -Inf
9: In max(abs(CT), na.rm = T) :
  no non-missing arguments to max; returning -Inf
10: In max(abs(CT), na.rm = T) :
  no non-missing arguments to max; returning -Inf
[1] "Best iter parameter is:"
      gam     rankJ    rankA1    rankA2    rankA3 
0.6666667 1.0000000 1.0000000 0.0000000 1.0000000 
[1] 2.289941e-03 9.724229e-05 2.386594e-04
[1] 0.0038840876 0.0002891236 0.0022136090
[1] 0.0038913435 0.0002900224 0.0022219258
Algorithm converged after  27  iterations.
         [,1]     [,2]     [,3]
[1,] 7.798137 10.38304 40.68488
