myseed=1 

Attaching package: ‘pls’

The following object is masked from ‘package:stats’:

    loadings

Loading required package: lattice
Loading required package: ggplot2
Registered S3 methods overwritten by 'ggplot2':
  method         from 
  [.quosures     rlang
  c.quosures     rlang
  print.quosures rlang

Attaching package: ‘caret’

The following object is masked from ‘package:pls’:

    R2

Loading required package: Matrix
Loading required package: foreach
Loaded glmnet 2.0-18

Parsed with column specification:
cols(
  .default = col_double()
)
See spec(...) for full column specifications.
Parsed with column specification:
cols(
  X1 = col_double()
)
Parsed with column specification:
cols(
  X1 = col_double()
)
[1] 0.2534107
Algorithm converged after  2  iterations.
[1] 0.24187
Algorithm converged after  2  iterations.
[1] 0.2430541
Algorithm converged after  2  iterations.
[1] 0.2049278
Algorithm converged after  2  iterations.
[1] 0.236738
Algorithm converged after  2  iterations.
[1] 0.2373985
Algorithm converged after  2  iterations.
[1] 0.1930983
Algorithm converged after  2  iterations.
[1] 0.2309965
Algorithm converged after  2  iterations.
[1] 0.1904719
Algorithm converged after  2  iterations.
[1] 0.1919732
Algorithm converged after  2  iterations.
[1] 0.2256173
Algorithm converged after  2  iterations.
[1] 0.1839111
Algorithm converged after  2  iterations.
[1] 0.2250382
Algorithm converged after  2  iterations.
[1] 0.1776825
Algorithm converged after  2  iterations.
[1] 0.1847607
Algorithm converged after  2  iterations.
[1] 0.179291
Algorithm converged after  2  iterations.
[1] 0.1764591
Algorithm converged after  2  iterations.
[1] 0.219513
Algorithm converged after  2  iterations.
[1] 0.1706308
Algorithm converged after  2  iterations.
[1] 0.1715461
Algorithm converged after  2  iterations.
[1] 0.1693564
Algorithm converged after  2  iterations.
[1] 0.1685841
Algorithm converged after  2  iterations.
[1] 0.1625712
Algorithm converged after  2  iterations.
[1] 0.1821793
Algorithm converged after  2  iterations.
[1] 0.173242
Algorithm converged after  2  iterations.
[1] 0.1728082
Algorithm converged after  2  iterations.
[1] 0.1676561
Algorithm converged after  2  iterations.
[1] 0.1712758
Algorithm converged after  2  iterations.
[1] 0.1702612
Algorithm converged after  2  iterations.
[1] 0.1625477
Algorithm converged after  2  iterations.
[1] 0.1633591
Algorithm converged after  2  iterations.
[1] 0.157899
Algorithm converged after  2  iterations.
[1] 0.1574229
Algorithm converged after  2  iterations.
[1] 0.1612724
Algorithm converged after  2  iterations.
[1] 0.1557391
Algorithm converged after  2  iterations.
[1] 0.1606623
Algorithm converged after  2  iterations.
[1] 0.152464
Algorithm converged after  2  iterations.
[1] 0.1546226
Algorithm converged after  2  iterations.
[1] 0.1519709
Algorithm converged after  2  iterations.
[1] 0.146988
Algorithm converged after  2  iterations.
[1] 0.1477652
Algorithm converged after  2  iterations.
[1] 0.1454357
Algorithm converged after  2  iterations.
[1] 0.1447779
Algorithm converged after  2  iterations.
[1] 0.1418519
Algorithm converged after  2  iterations.
[1] 0.1436687
Algorithm converged after  2  iterations.
[1] 0.1429341
Algorithm converged after  2  iterations.
[1] 0.1383925
Algorithm converged after  2  iterations.
[1] 0.1423995
Algorithm converged after  2  iterations.
[1] 0.1394237
Algorithm converged after  2  iterations.
[1] 0.1387374
Algorithm converged after  2  iterations.
[1] 0.257984
Algorithm converged after  2  iterations.
[1] 0.2469392
Algorithm converged after  2  iterations.
[1] 0.2477973
Algorithm converged after  2  iterations.
[1] 0.2069201
Algorithm converged after  2  iterations.
[1] 0.2420351
Algorithm converged after  2  iterations.
[1] 0.2421372
Algorithm converged after  2  iterations.
[1] 0.1950339
Algorithm converged after  2  iterations.
[1] 0.2362768
Algorithm converged after  2  iterations.
[1] 0.1929745
Algorithm converged after  2  iterations.
[1] 0.1940714
Algorithm converged after  2  iterations.
[1] 0.2311466
Algorithm converged after  2  iterations.
[1] 0.1866579
Algorithm converged after  2  iterations.
[1] 0.2303338
Algorithm converged after  2  iterations.
[1] 0.1801706
Algorithm converged after  2  iterations.
[1] 0.1867903
Algorithm converged after  2  iterations.
[1] 0.1813449
Algorithm converged after  2  iterations.
[1] 0.1791282
Algorithm converged after  2  iterations.
[1] 0.2250681
Algorithm converged after  2  iterations.
[1] 0.1733882
Algorithm converged after  2  iterations.
[1] 0.1735307
Algorithm converged after  2  iterations.
[1] 0.1723048
Algorithm converged after  2  iterations.
[1] 0.1712129
Algorithm converged after  2  iterations.
[1] 0.165255
Algorithm converged after  2  iterations.
[1] 0.1850119
Algorithm converged after  2  iterations.
[1] 0.1763253
Algorithm converged after  2  iterations.
[1] 0.1755236
Algorithm converged after  2  iterations.
[1] 0.1705992
Algorithm converged after  2  iterations.
[1] 0.1743395
Algorithm converged after  2  iterations.
[1] 0.1713145
Algorithm converged after  2  iterations.
[1] 0.1658127
Algorithm converged after  2  iterations.
[1] 0.1663422
Algorithm converged after  2  iterations.
[1] 0.1611374
Algorithm converged after  2  iterations.
[1] 0.1602598
Algorithm converged after  2  iterations.
[1] 0.1642358
Algorithm converged after  2  iterations.
[1] 0.1589621
Algorithm converged after  2  iterations.
[1] 0.1618946
Algorithm converged after  2  iterations.
[1] 0.156061
Algorithm converged after  2  iterations.
[1] 0.1556385
Algorithm converged after  2  iterations.
[1] 0.1551547
Algorithm converged after  2  iterations.
[1] 0.1501479
Algorithm converged after  2  iterations.
[1] 0.1509231
Algorithm converged after  2  iterations.
[1] 0.148582
Algorithm converged after  2  iterations.
[1] 0.1459924
Algorithm converged after  2  iterations.
[1] 0.1453984
Algorithm converged after  2  iterations.
[1] 0.1468382
Algorithm converged after  2  iterations.
[1] 0.1440974
Algorithm converged after  2  iterations.
[1] 0.142017
Algorithm converged after  2  iterations.
[1] 0.1435709
Algorithm converged after  2  iterations.
[1] 0.1429668
Algorithm converged after  2  iterations.
[1] 0.1402736
Algorithm converged after  2  iterations.
[1] 0.2515211
Algorithm converged after  2  iterations.
[1] 0.2400483
Algorithm converged after  2  iterations.
[1] 0.2414337
Algorithm converged after  2  iterations.
[1] 0.2037743
Algorithm converged after  2  iterations.
[1] 0.2357299
Algorithm converged after  2  iterations.
[1] 0.2364059
Algorithm converged after  2  iterations.
[1] 0.1920491
Algorithm converged after  2  iterations.
[1] 0.2294571
Algorithm converged after  2  iterations.
[1] 0.1894315
Algorithm converged after  2  iterations.
[1] 0.1911841
Algorithm converged after  2  iterations.
[1] 0.2249355
Algorithm converged after  2  iterations.
[1] 0.1839285
Algorithm converged after  2  iterations.
[1] 0.2241608
Algorithm converged after  2  iterations.
[1] 0.1767574
Algorithm converged after  2  iterations.
[1] 0.1847941
Algorithm converged after  2  iterations.
[1] 0.1786344
Algorithm converged after  2  iterations.
[1] 0.1758171
Algorithm converged after  2  iterations.
[1] 0.2195301
Algorithm converged after  2  iterations.
[1] 0.1708467
Algorithm converged after  2  iterations.
[1] 0.1717782
Algorithm converged after  2  iterations.
[1] 0.1698737
Algorithm converged after  2  iterations.
[1] 0.1688466
Algorithm converged after  2  iterations.
[1] 0.162082
Algorithm converged after  2  iterations.
[1] 0.1810653
Algorithm converged after  2  iterations.
[1] 0.1732574
Algorithm converged after  2  iterations.
[1] 0.1731086
Algorithm converged after  2  iterations.
[1] 0.1666243
Algorithm converged after  2  iterations.
[1] 0.1714438
Algorithm converged after  2  iterations.
[1] 0.1690384
Algorithm converged after  2  iterations.
[1] 0.1614689
Algorithm converged after  2  iterations.
[1] 0.1649245
Algorithm converged after  2  iterations.
[1] 0.1581048
Algorithm converged after  2  iterations.
[1] 0.1579418
Algorithm converged after  2  iterations.
[1] 0.1630182
Algorithm converged after  2  iterations.
[1] 0.1561153
Algorithm converged after  2  iterations.
[1] 0.160647
Algorithm converged after  2  iterations.
[1] 0.152662
Algorithm converged after  2  iterations.
[1] 0.1534698
Algorithm converged after  2  iterations.
[1] 0.1524931
Algorithm converged after  2  iterations.
[1] 0.1489264
Algorithm converged after  2  iterations.
[1] 0.1496783
Algorithm converged after  2  iterations.
[1] 0.1475573
Algorithm converged after  2  iterations.
[1] 0.1449346
Algorithm converged after  2  iterations.
[1] 0.1437918
Algorithm converged after  2  iterations.
[1] 0.1459931
Algorithm converged after  2  iterations.
[1] 0.1431363
Algorithm converged after  2  iterations.
[1] 0.1405756
Algorithm converged after  2  iterations.
[1] 0.1427431
Algorithm converged after  2  iterations.
[1] 0.1415827
Algorithm converged after  2  iterations.
[1] 0.1388472
Algorithm converged after  2  iterations.
[1] 0.2568862
Algorithm converged after  2  iterations.
[1] 0.2458241
Algorithm converged after  2  iterations.
[1] 0.247186
Algorithm converged after  2  iterations.
[1] 0.2040953
Algorithm converged after  2  iterations.
[1] 0.2412061
Algorithm converged after  2  iterations.
[1] 0.2418036
Algorithm converged after  2  iterations.
[1] 0.1923398
Algorithm converged after  2  iterations.
[1] 0.2356691
Algorithm converged after  2  iterations.
[1] 0.1899839
Algorithm converged after  2  iterations.
[1] 0.1917428
Algorithm converged after  2  iterations.
[1] 0.230848
Algorithm converged after  2  iterations.
[1] 0.1839695
Algorithm converged after  2  iterations.
[1] 0.2300174
Algorithm converged after  2  iterations.
[1] 0.1772952
Algorithm converged after  2  iterations.
[1] 0.1847522
Algorithm converged after  2  iterations.
[1] 0.1791787
Algorithm converged after  2  iterations.
[1] 0.1766474
Algorithm converged after  2  iterations.
[1] 0.2250753
Algorithm converged after  2  iterations.
[1] 0.1708346
Algorithm converged after  2  iterations.
[1] 0.1716772
Algorithm converged after  2  iterations.
[1] 0.1701622
Algorithm converged after  2  iterations.
[1] 0.1690336
Algorithm converged after  2  iterations.
[1] 0.1629232
Algorithm converged after  2  iterations.
[1] 0.1816906
Algorithm converged after  2  iterations.
[1] 0.1732195
Algorithm converged after  2  iterations.
[1] 0.1731673
Algorithm converged after  2  iterations.
[1] 0.1674885
Algorithm converged after  2  iterations.
[1] 0.1714492
Algorithm converged after  2  iterations.
[1] 0.1688142
Algorithm converged after  2  iterations.
[1] 0.1633922
Algorithm converged after  2  iterations.
[1] 0.1642572
Algorithm converged after  2  iterations.
[1] 0.1582589
Algorithm converged after  2  iterations.
[1] 0.1582018
Algorithm converged after  2  iterations.
[1] 0.1623893
Algorithm converged after  2  iterations.
[1] 0.1563193
Algorithm converged after  2  iterations.
[1] 0.1596614
Algorithm converged after  2  iterations.
[1] 0.1539173
Algorithm converged after  2  iterations.
[1] 0.1534247
Algorithm converged after  2  iterations.
[1] 0.1538586
Algorithm converged after  2  iterations.
[1] 0.1483958
Algorithm converged after  2  iterations.
[1] 0.1491395
Algorithm converged after  2  iterations.
[1] 0.1470405
Algorithm converged after  2  iterations.
[1] 0.1440593
Algorithm converged after  2  iterations.
[1] 0.1444942
Algorithm converged after  2  iterations.
[1] 0.1453566
Algorithm converged after  2  iterations.
[1] 0.1422684
Algorithm converged after  2  iterations.
[1] 0.1409213
Algorithm converged after  2  iterations.
[1] 0.1418853
Algorithm converged after  2  iterations.
[1] 0.1423268
Algorithm converged after  2  iterations.
[1] 0.1392447
Algorithm converged after  2  iterations.
[1] 0.2584819
Algorithm converged after  2  iterations.
[1] 0.2474726
Algorithm converged after  2  iterations.
[1] 0.2478271
Algorithm converged after  2  iterations.
[1] 0.2062082
Algorithm converged after  2  iterations.
[1] 0.2427978
Algorithm converged after  2  iterations.
[1] 0.2423036
Algorithm converged after  2  iterations.
[1] 0.1947694
Algorithm converged after  2  iterations.
[1] 0.2363219
Algorithm converged after  2  iterations.
[1] 0.192228
Algorithm converged after  2  iterations.
[1] 0.1926842
Algorithm converged after  2  iterations.
[1] 0.231422
Algorithm converged after  2  iterations.
[1] 0.1861712
Algorithm converged after  2  iterations.
[1] 0.230523
Algorithm converged after  2  iterations.
[1] 0.1799025
Algorithm converged after  2  iterations.
[1] 0.1855263
Algorithm converged after  2  iterations.
[1] 0.1803899
Algorithm converged after  2  iterations.
[1] 0.1776429
Algorithm converged after  2  iterations.
[1] 0.2254971
Algorithm converged after  2  iterations.
[1] 0.1734157
Algorithm converged after  2  iterations.
[1] 0.1727232
Algorithm converged after  2  iterations.
[1] 0.1710705
Algorithm converged after  2  iterations.
[1] 0.1698523
Algorithm converged after  2  iterations.
[1] 0.1642264
Algorithm converged after  2  iterations.
[1] 0.1831821
Algorithm converged after  2  iterations.
[1] 0.1746489
Algorithm converged after  2  iterations.
[1] 0.1742134
Algorithm converged after  2  iterations.
[1] 0.1691574
Algorithm converged after  2  iterations.
[1] 0.1727891
Algorithm converged after  2  iterations.
[1] 0.1698592
Algorithm converged after  2  iterations.
[1] 0.164218
Algorithm converged after  2  iterations.
[1] 0.1652177
Algorithm converged after  2  iterations.
[1] 0.1598774
Algorithm converged after  2  iterations.
[1] 0.1594016
Algorithm converged after  2  iterations.
[1] 0.1632505
Algorithm converged after  2  iterations.
[1] 0.1578437
Algorithm converged after  2  iterations.
[1] 0.1606197
Algorithm converged after  2  iterations.
[1] 0.1546419
Algorithm converged after  2  iterations.
[1] 0.1546308
Algorithm converged after  2  iterations.
[1] 0.15415
Algorithm converged after  2  iterations.
[1] 0.1495173
Algorithm converged after  2  iterations.
[1] 0.1503143
Algorithm converged after  2  iterations.
[1] 0.1481464
Algorithm converged after  2  iterations.
[1] 0.1452339
Algorithm converged after  2  iterations.
[1] 0.1446724
Algorithm converged after  2  iterations.
[1] 0.1464225
Algorithm converged after  2  iterations.
[1] 0.1433432
Algorithm converged after  2  iterations.
[1] 0.1414694
Algorithm converged after  2  iterations.
[1] 0.142989
Algorithm converged after  2  iterations.
[1] 0.1424186
Algorithm converged after  2  iterations.
[1] 0.1393865
Algorithm converged after  2  iterations.
[1] 0.2589284
Algorithm converged after  2  iterations.
[1] 0.2474885
Algorithm converged after  2  iterations.
[1] 0.2483054
Algorithm converged after  2  iterations.
[1] 0.2065429
Algorithm converged after  2  iterations.
[1] 0.2430215
Algorithm converged after  2  iterations.
[1] 0.242974
Algorithm converged after  2  iterations.
[1] 0.1953146
Algorithm converged after  2  iterations.
[1] 0.2363518
Algorithm converged after  2  iterations.
[1] 0.1920067
Algorithm converged after  2  iterations.
[1] 0.1930586
Algorithm converged after  2  iterations.
[1] 0.2316703
Algorithm converged after  2  iterations.
[1] 0.1862136
Algorithm converged after  2  iterations.
[1] 0.2307445
Algorithm converged after  2  iterations.
[1] 0.1798733
Algorithm converged after  2  iterations.
[1] 0.1861517
Algorithm converged after  2  iterations.
[1] 0.1809957
Algorithm converged after  2  iterations.
[1] 0.1774211
Algorithm converged after  2  iterations.
[1] 0.2259468
Algorithm converged after  2  iterations.
[1] 0.1736759
Algorithm converged after  2  iterations.
[1] 0.1736095
Algorithm converged after  2  iterations.
[1] 0.1711349
Algorithm converged after  2  iterations.
[1] 0.1698796
Algorithm converged after  2  iterations.
[1] 0.1642134
Algorithm converged after  2  iterations.
[1] 0.1823808
Algorithm converged after  2  iterations.
[1] 0.1746696
Algorithm converged after  2  iterations.
[1] 0.1735886
Algorithm converged after  2  iterations.
[1] 0.1686043
Algorithm converged after  2  iterations.
[1] 0.1728424
Algorithm converged after  2  iterations.
[1] 0.1693618
Algorithm converged after  2  iterations.
[1] 0.163513
Algorithm converged after  2  iterations.
[1] 0.1654681
Algorithm converged after  2  iterations.
[1] 0.1602314
Algorithm converged after  2  iterations.
[1] 0.1590524
Algorithm converged after  2  iterations.
[1] 0.1635382
Algorithm converged after  2  iterations.
[1] 0.1582377
Algorithm converged after  2  iterations.
[1] 0.1610283
Algorithm converged after  2  iterations.
[1] 0.1548651
Algorithm converged after  2  iterations.
[1] 0.1544282
Algorithm converged after  2  iterations.
[1] 0.1536449
Algorithm converged after  2  iterations.
[1] 0.1501478
Algorithm converged after  2  iterations.
[1] 0.1510406
Algorithm converged after  2  iterations.
[1] 0.1488962
Algorithm converged after  2  iterations.
[1] 0.1461309
Algorithm converged after  2  iterations.
[1] 0.1451903
Algorithm converged after  2  iterations.
[1] 0.1471972
Algorithm converged after  2  iterations.
[1] 0.1443028
Algorithm converged after  2  iterations.
[1] 0.1416032
Algorithm converged after  2  iterations.
[1] 0.1439134
Algorithm converged after  2  iterations.
[1] 0.1429581
Algorithm converged after  2  iterations.
[1] 0.1400757
Algorithm converged after  2  iterations.
[1] 0.2565913
Algorithm converged after  2  iterations.
[1] 0.2451119
Algorithm converged after  2  iterations.
[1] 0.2466595
Algorithm converged after  2  iterations.
[1] 0.2022206
Algorithm converged after  2  iterations.
[1] 0.2402859
Algorithm converged after  2  iterations.
[1] 0.2420268
Algorithm converged after  2  iterations.
[1] 0.1923356
Algorithm converged after  2  iterations.
[1] 0.2346948
Algorithm converged after  2  iterations.
[1] 0.1874405
Algorithm converged after  2  iterations.
[1] 0.1894597
Algorithm converged after  2  iterations.
[1] 0.22965
Algorithm converged after  2  iterations.
[1] 0.181084
Algorithm converged after  2  iterations.
[1] 0.2298211
Algorithm converged after  2  iterations.
[1] 0.1767307
Algorithm converged after  2  iterations.
[1] 0.1833877
Algorithm converged after  2  iterations.
[1] 0.1788709
Algorithm converged after  2  iterations.
[1] 0.1735965
Algorithm converged after  2  iterations.
[1] 0.2246669
Algorithm converged after  2  iterations.
[1] 0.1699742
Algorithm converged after  2  iterations.
[1] 0.1724264
Algorithm converged after  2  iterations.
[1] 0.166713
Algorithm converged after  2  iterations.
[1] 0.1669485
Algorithm converged after  2  iterations.
[1] 0.1619739
Algorithm converged after  2  iterations.
[1] 0.1798283
Algorithm converged after  2  iterations.
[1] 0.1714239
Algorithm converged after  2  iterations.
[1] 0.1708017
Algorithm converged after  2  iterations.
[1] 0.167594
Algorithm converged after  2  iterations.
[1] 0.1693139
Algorithm converged after  2  iterations.
[1] 0.16714
Algorithm converged after  2  iterations.
[1] 0.1628109
Algorithm converged after  2  iterations.
[1] 0.1619295
Algorithm converged after  2  iterations.
[1] 0.1585424
Algorithm converged after  2  iterations.
[1] 0.1578694
Algorithm converged after  2  iterations.
[1] 0.159694
Algorithm converged after  2  iterations.
[1] 0.1562584
Algorithm converged after  2  iterations.
[1] 0.1580624
Algorithm converged after  2  iterations.
[1] 0.1534775
Algorithm converged after  2  iterations.
[1] 0.1539003
Algorithm converged after  2  iterations.
[1] 0.1527822
Algorithm converged after  2  iterations.
[1] 0.1482251
Algorithm converged after  2  iterations.
[1] 0.1489631
Algorithm converged after  2  iterations.
[1] 0.1465081
Algorithm converged after  2  iterations.
[1] 0.144745
Algorithm converged after  2  iterations.
[1] 0.1435
Algorithm converged after  2  iterations.
[1] 0.1447514
Algorithm converged after  2  iterations.
[1] 0.1430271
Algorithm converged after  2  iterations.
[1] 0.1399476
Algorithm converged after  2  iterations.
[1] 0.1422172
Algorithm converged after  2  iterations.
[1] 0.1409498
Algorithm converged after  2  iterations.
[1] 0.1391163
Algorithm converged after  2  iterations.
[1] 0.2580021
Algorithm converged after  2  iterations.
[1] 0.2471033
Algorithm converged after  2  iterations.
[1] 0.247651
Algorithm converged after  2  iterations.
[1] 0.2054801
Algorithm converged after  2  iterations.
[1] 0.2421565
Algorithm converged after  2  iterations.
[1] 0.2422726
Algorithm converged after  2  iterations.
[1] 0.1938631
Algorithm converged after  2  iterations.
[1] 0.2362752
Algorithm converged after  2  iterations.
[1] 0.1916168
Algorithm converged after  2  iterations.
[1] 0.1923226
Algorithm converged after  2  iterations.
[1] 0.2310967
Algorithm converged after  2  iterations.
[1] 0.1851938
Algorithm converged after  2  iterations.
[1] 0.2306316
Algorithm converged after  2  iterations.
[1] 0.1791029
Algorithm converged after  2  iterations.
[1] 0.1853455
Algorithm converged after  2  iterations.
[1] 0.1798577
Algorithm converged after  2  iterations.
[1] 0.1774343
Algorithm converged after  2  iterations.
[1] 0.2253235
Algorithm converged after  2  iterations.
[1] 0.1722138
Algorithm converged after  2  iterations.
[1] 0.1723769
Algorithm converged after  2  iterations.
[1] 0.1704777
Algorithm converged after  2  iterations.
[1] 0.1698467
Algorithm converged after  2  iterations.
[1] 0.1638406
Algorithm converged after  2  iterations.
[1] 0.1827876
Algorithm converged after  2  iterations.
[1] 0.174077
Algorithm converged after  2  iterations.
[1] 0.1737938
Algorithm converged after  2  iterations.
[1] 0.16872
Algorithm converged after  2  iterations.
[1] 0.1720578
Algorithm converged after  2  iterations.
[1] 0.1695041
Algorithm converged after  2  iterations.
[1] 0.1646168
Algorithm converged after  2  iterations.
[1] 0.1646079
Algorithm converged after  2  iterations.
[1] 0.1592417
Algorithm converged after  2  iterations.
[1] 0.1589321
Algorithm converged after  2  iterations.
[1] 0.1624711
Algorithm converged after  2  iterations.
[1] 0.1570319
Algorithm converged after  2  iterations.
[1] 0.1600723
Algorithm converged after  2  iterations.
[1] 0.1548877
Algorithm converged after  2  iterations.
[1] 0.1542296
Algorithm converged after  2  iterations.
[1] 0.1545693
Algorithm converged after  2  iterations.
[1] 0.1488318
Algorithm converged after  2  iterations.
[1] 0.1496599
Algorithm converged after  2  iterations.
[1] 0.1472546
Algorithm converged after  2  iterations.
[1] 0.1446443
Algorithm converged after  2  iterations.
[1] 0.1448677
Algorithm converged after  2  iterations.
[1] 0.1455339
Algorithm converged after  2  iterations.
[1] 0.1429435
Algorithm converged after  2  iterations.
[1] 0.1414939
Algorithm converged after  2  iterations.
[1] 0.1421542
Algorithm converged after  2  iterations.
[1] 0.1423814
Algorithm converged after  2  iterations.
[1] 0.1396801
Algorithm converged after  2  iterations.
[1] 0.2521165
Algorithm converged after  2  iterations.
[1] 0.2416573
Algorithm converged after  2  iterations.
[1] 0.2413272
Algorithm converged after  2  iterations.
[1] 0.20517
Algorithm converged after  2  iterations.
[1] 0.2369868
Algorithm converged after  2  iterations.
[1] 0.2355961
Algorithm converged after  2  iterations.
[1] 0.1942275
Algorithm converged after  2  iterations.
[1] 0.2303787
Algorithm converged after  2  iterations.
[1] 0.1921724
Algorithm converged after  2  iterations.
[1] 0.1917572
Algorithm converged after  2  iterations.
[1] 0.2254747
Algorithm converged after  2  iterations.
[1] 0.1862652
Algorithm converged after  2  iterations.
[1] 0.2243681
Algorithm converged after  2  iterations.
[1] 0.1804435
Algorithm converged after  2  iterations.
[1] 0.1844926
Algorithm converged after  2  iterations.
[1] 0.1800012
Algorithm converged after  2  iterations.
[1] 0.1777818
Algorithm converged after  2  iterations.
[1] 0.2193297
Algorithm converged after  2  iterations.
[1] 0.1741388
Algorithm converged after  2  iterations.
[1] 0.1722414
Algorithm converged after  2  iterations.
[1] 0.1713792
Algorithm converged after  2  iterations.
[1] 0.1699207
Algorithm converged after  2  iterations.
[1] 0.1650332
Algorithm converged after  2  iterations.
[1] 0.1834866
Algorithm converged after  2  iterations.
[1] 0.1750996
Algorithm converged after  2  iterations.
[1] 0.174267
Algorithm converged after  2  iterations.
[1] 0.1700734
Algorithm converged after  2  iterations.
[1] 0.1730857
Algorithm converged after  2  iterations.
[1] 0.1699964
Algorithm converged after  2  iterations.
[1] 0.1651396
Algorithm converged after  2  iterations.
[1] 0.1654132
Algorithm converged after  2  iterations.
[1] 0.1609891
Algorithm converged after  2  iterations.
[1] 0.1600832
Algorithm converged after  2  iterations.
[1] 0.1632799
Algorithm converged after  2  iterations.
[1] 0.1587964
Algorithm converged after  2  iterations.
[1] 0.1609077
Algorithm converged after  2  iterations.
[1] 0.1557678
Algorithm converged after  2  iterations.
[1] 0.1554233
Algorithm converged after  2  iterations.
[1] 0.1548314
Algorithm converged after  2  iterations.
[1] 0.1503967
Algorithm converged after  2  iterations.
[1] 0.1512506
Algorithm converged after  2  iterations.
[1] 0.1488873
Algorithm converged after  2  iterations.
[1] 0.1462912
Algorithm converged after  2  iterations.
[1] 0.1455317
Algorithm converged after  2  iterations.
[1] 0.1471302
Algorithm converged after  2  iterations.
[1] 0.1446584
Algorithm converged after  2  iterations.
[1] 0.1421333
Algorithm converged after  2  iterations.
[1] 0.1438465
Algorithm converged after  2  iterations.
[1] 0.143074
Algorithm converged after  2  iterations.
[1] 0.1403704
Algorithm converged after  2  iterations.
[1] 0.2493132
Algorithm converged after  2  iterations.
[1] 0.2376094
Algorithm converged after  2  iterations.
[1] 0.2391911
Algorithm converged after  2  iterations.
[1] 0.2049074
Algorithm converged after  2  iterations.
[1] 0.2327065
Algorithm converged after  2  iterations.
[1] 0.2333817
Algorithm converged after  2  iterations.
[1] 0.1941463
Algorithm converged after  2  iterations.
[1] 0.226966
Algorithm converged after  2  iterations.
[1] 0.1904946
Algorithm converged after  2  iterations.
[1] 0.1924639
Algorithm converged after  2  iterations.
[1] 0.2218279
Algorithm converged after  2  iterations.
[1] 0.1843428
Algorithm converged after  2  iterations.
[1] 0.2208352
Algorithm converged after  2  iterations.
[1] 0.1788686
Algorithm converged after  2  iterations.
[1] 0.1851945
Algorithm converged after  2  iterations.
[1] 0.1809644
Algorithm converged after  2  iterations.
[1] 0.177041
Algorithm converged after  2  iterations.
[1] 0.2155511
Algorithm converged after  2  iterations.
[1] 0.1723022
Algorithm converged after  2  iterations.
[1] 0.173213
Algorithm converged after  2  iterations.
[1] 0.1704042
Algorithm converged after  2  iterations.
[1] 0.1691099
Algorithm converged after  2  iterations.
[1] 0.1644667
Algorithm converged after  2  iterations.
[1] 0.1814217
Algorithm converged after  2  iterations.
[1] 0.1733178
Algorithm converged after  2  iterations.
[1] 0.1726434
Algorithm converged after  2  iterations.
[1] 0.1682649
Algorithm converged after  2  iterations.
[1] 0.1713374
Algorithm converged after  2  iterations.
[1] 0.1683297
Algorithm converged after  2  iterations.
[1] 0.1634396
Algorithm converged after  2  iterations.
[1] 0.1641067
Algorithm converged after  2  iterations.
[1] 0.1594939
Algorithm converged after  2  iterations.
[1] 0.1587609
Algorithm converged after  2  iterations.
[1] 0.1620137
Algorithm converged after  2  iterations.
[1] 0.1573397
Algorithm converged after  2  iterations.
[1] 0.1595623
Algorithm converged after  2  iterations.
[1] 0.1543947
Algorithm converged after  2  iterations.
[1] 0.1540589
Algorithm converged after  2  iterations.
[1] 0.1536373
Algorithm converged after  2  iterations.
[1] 0.1494331
Algorithm converged after  2  iterations.
[1] 0.1503731
Algorithm converged after  2  iterations.
[1] 0.1480429
Algorithm converged after  2  iterations.
[1] 0.1453741
Algorithm converged after  2  iterations.
[1] 0.1447077
Algorithm converged after  2  iterations.
[1] 0.1462952
Algorithm converged after  2  iterations.
[1] 0.143521
Algorithm converged after  2  iterations.
[1] 0.141603
Algorithm converged after  2  iterations.
[1] 0.1429625
Algorithm converged after  2  iterations.
[1] 0.1422848
Algorithm converged after  2  iterations.
[1] 0.1395059
Algorithm converged after  2  iterations.
[1] "Best iter parameter is:"
   gam  rankJ rankA1 rankA2 rankA3 
 1e+10  2e+00  0e+00  0e+00  2e+00 
[1] 0.1412304
Algorithm converged after  2  iterations.
         [,1]     [,2]    [,3]
[1,] 5.747084 11.99664 49.5155
