myseed=707 

Attaching package: ‘pls’

The following object is masked from ‘package:stats’:

    loadings

Loading required package: lattice
Loading required package: ggplot2
Registered S3 methods overwritten by 'ggplot2':
  method         from 
  [.quosures     rlang
  c.quosures     rlang
  print.quosures rlang

Attaching package: ‘caret’

The following object is masked from ‘package:pls’:

    R2

Loading required package: Matrix
Loading required package: foreach
Loaded glmnet 2.0-18

Parsed with column specification:
cols(
  .default = col_double()
)
See spec(...) for full column specifications.
Parsed with column specification:
cols(
  X1 = col_double()
)
Parsed with column specification:
cols(
  X1 = col_double()
)
[1] 0.2613767
Algorithm converged after  2  iterations.
[1] 0.2477256
Algorithm converged after  2  iterations.
[1] 0.2507544
Algorithm converged after  2  iterations.
[1] 0.2107425
Algorithm converged after  2  iterations.
[1] 0.2424199
Algorithm converged after  2  iterations.
[1] 0.2458636
Algorithm converged after  2  iterations.
[1] 0.1994352
Algorithm converged after  2  iterations.
[1] 0.2364909
Algorithm converged after  2  iterations.
[1] 0.1935525
Algorithm converged after  2  iterations.
[1] 0.1974142
Algorithm converged after  2  iterations.
[1] 0.2309272
Algorithm converged after  2  iterations.
[1] 0.1867137
Algorithm converged after  2  iterations.
[1] 0.2312987
Algorithm converged after  2  iterations.
[1] 0.1811756
Algorithm converged after  2  iterations.
[1] 0.1911636
Algorithm converged after  2  iterations.
[1] 0.1852954
Algorithm converged after  2  iterations.
[1] 0.1789485
Algorithm converged after  2  iterations.
[1] 0.225607
Algorithm converged after  2  iterations.
[1] 0.1738506
Algorithm converged after  2  iterations.
[1] 0.1786212
Algorithm converged after  2  iterations.
[1] 0.1715284
Algorithm converged after  2  iterations.
[1] 0.1720282
Algorithm converged after  2  iterations.
[1] 0.1654829
Algorithm converged after  2  iterations.
[1] 0.183624
Algorithm converged after  2  iterations.
[1] 0.1757236
Algorithm converged after  2  iterations.
[1] 0.1745799
Algorithm converged after  2  iterations.
[1] 0.1696626
Algorithm converged after  2  iterations.
[1] 0.1738249
Algorithm converged after  2  iterations.
[1] 0.1707453
Algorithm converged after  2  iterations.
[1] 0.1642625
Algorithm converged after  2  iterations.
[1] 0.1662503
Algorithm converged after  2  iterations.
[1] 0.1610789
Algorithm converged after  2  iterations.
[1] 0.1598305
Algorithm converged after  2  iterations.
[1] 0.1642421
Algorithm converged after  2  iterations.
[1] 0.1590054
Algorithm converged after  2  iterations.
[1] 0.1622188
Algorithm converged after  2  iterations.
[1] 0.1553807
Algorithm converged after  2  iterations.
[1] 0.1556328
Algorithm converged after  2  iterations.
[1] 0.1540862
Algorithm converged after  2  iterations.
[1] 0.1506877
Algorithm converged after  2  iterations.
[1] 0.1515813
Algorithm converged after  2  iterations.
[1] 0.1493291
Algorithm converged after  2  iterations.
[1] 0.147148
Algorithm converged after  2  iterations.
[1] 0.1454316
Algorithm converged after  2  iterations.
[1] 0.1476965
Algorithm converged after  2  iterations.
[1] 0.1452825
Algorithm converged after  2  iterations.
[1] 0.1417453
Algorithm converged after  2  iterations.
[1] 0.1448269
Algorithm converged after  2  iterations.
[1] 0.1430827
Algorithm converged after  2  iterations.
[1] 0.1408048
Algorithm converged after  2  iterations.
[1] 0.2617354
Algorithm converged after  2  iterations.
[1] 0.2488271
Algorithm converged after  2  iterations.
[1] 0.2509493
Algorithm converged after  2  iterations.
[1] 0.2101091
Algorithm converged after  2  iterations.
[1] 0.2433536
Algorithm converged after  2  iterations.
[1] 0.2462575
Algorithm converged after  2  iterations.
[1] 0.1994351
Algorithm converged after  2  iterations.
[1] 0.2374555
Algorithm converged after  2  iterations.
[1] 0.1937921
Algorithm converged after  2  iterations.
[1] 0.1965096
Algorithm converged after  2  iterations.
[1] 0.2317135
Algorithm converged after  2  iterations.
[1] 0.1867121
Algorithm converged after  2  iterations.
[1] 0.2324915
Algorithm converged after  2  iterations.
[1] 0.1821644
Algorithm converged after  2  iterations.
[1] 0.1904815
Algorithm converged after  2  iterations.
[1] 0.1850527
Algorithm converged after  2  iterations.
[1] 0.1789568
Algorithm converged after  2  iterations.
[1] 0.2266238
Algorithm converged after  2  iterations.
[1] 0.1746136
Algorithm converged after  2  iterations.
[1] 0.1786385
Algorithm converged after  2  iterations.
[1] 0.1712646
Algorithm converged after  2  iterations.
[1] 0.1723158
Algorithm converged after  2  iterations.
[1] 0.166295
Algorithm converged after  2  iterations.
[1] 0.1831882
Algorithm converged after  2  iterations.
[1] 0.1749095
Algorithm converged after  2  iterations.
[1] 0.174876
Algorithm converged after  2  iterations.
[1] 0.1700235
Algorithm converged after  2  iterations.
[1] 0.1729361
Algorithm converged after  2  iterations.
[1] 0.1710185
Algorithm converged after  2  iterations.
[1] 0.1647174
Algorithm converged after  2  iterations.
[1] 0.1661837
Algorithm converged after  2  iterations.
[1] 0.1610695
Algorithm converged after  2  iterations.
[1] 0.1610331
Algorithm converged after  2  iterations.
[1] 0.1641054
Algorithm converged after  2  iterations.
[1] 0.1589244
Algorithm converged after  2  iterations.
[1] 0.1621195
Algorithm converged after  2  iterations.
[1] 0.1554582
Algorithm converged after  2  iterations.
[1] 0.1568355
Algorithm converged after  2  iterations.
[1] 0.1554205
Algorithm converged after  2  iterations.
[1] 0.151549
Algorithm converged after  2  iterations.
[1] 0.1523735
Algorithm converged after  2  iterations.
[1] 0.1500728
Algorithm converged after  2  iterations.
[1] 0.1479247
Algorithm converged after  2  iterations.
[1] 0.1463633
Algorithm converged after  2  iterations.
[1] 0.1484117
Algorithm converged after  2  iterations.
[1] 0.1460913
Algorithm converged after  2  iterations.
[1] 0.1426249
Algorithm converged after  2  iterations.
[1] 0.1455537
Algorithm converged after  2  iterations.
[1] 0.1439666
Algorithm converged after  2  iterations.
[1] 0.1417259
Algorithm converged after  2  iterations.
[1] 0.254123
Algorithm converged after  2  iterations.
[1] 0.2408487
Algorithm converged after  2  iterations.
[1] 0.2431641
Algorithm converged after  2  iterations.
[1] 0.2107602
Algorithm converged after  2  iterations.
[1] 0.2348354
Algorithm converged after  2  iterations.
[1] 0.238153
Algorithm converged after  2  iterations.
[1] 0.1999427
Algorithm converged after  2  iterations.
[1] 0.2292562
Algorithm converged after  2  iterations.
[1] 0.1945494
Algorithm converged after  2  iterations.
[1] 0.1974086
Algorithm converged after  2  iterations.
[1] 0.2229304
Algorithm converged after  2  iterations.
[1] 0.1870536
Algorithm converged after  2  iterations.
[1] 0.2239341
Algorithm converged after  2  iterations.
[1] 0.182775
Algorithm converged after  2  iterations.
[1] 0.1912021
Algorithm converged after  2  iterations.
[1] 0.1858154
Algorithm converged after  2  iterations.
[1] 0.1799993
Algorithm converged after  2  iterations.
[1] 0.2174535
Algorithm converged after  2  iterations.
[1] 0.1747749
Algorithm converged after  2  iterations.
[1] 0.1792078
Algorithm converged after  2  iterations.
[1] 0.1718701
Algorithm converged after  2  iterations.
[1] 0.17317
Algorithm converged after  2  iterations.
[1] 0.1672034
Algorithm converged after  2  iterations.
[1] 0.1838583
Algorithm converged after  2  iterations.
[1] 0.1751079
Algorithm converged after  2  iterations.
[1] 0.1757213
Algorithm converged after  2  iterations.
[1] 0.1704457
Algorithm converged after  2  iterations.
[1] 0.1730671
Algorithm converged after  2  iterations.
[1] 0.1720801
Algorithm converged after  2  iterations.
[1] 0.1650119
Algorithm converged after  2  iterations.
[1] 0.1665439
Algorithm converged after  2  iterations.
[1] 0.1609678
Algorithm converged after  2  iterations.
[1] 0.1616349
Algorithm converged after  2  iterations.
[1] 0.1643969
Algorithm converged after  2  iterations.
[1] 0.1587454
Algorithm converged after  2  iterations.
[1] 0.1626975
Algorithm converged after  2  iterations.
[1] 0.1552025
Algorithm converged after  2  iterations.
[1] 0.1576688
Algorithm converged after  2  iterations.
[1] 0.1558943
Algorithm converged after  2  iterations.
[1] 0.1516072
Algorithm converged after  2  iterations.
[1] 0.1524061
Algorithm converged after  2  iterations.
[1] 0.1500213
Algorithm converged after  2  iterations.
[1] 0.1481884
Algorithm converged after  2  iterations.
[1] 0.1462082
Algorithm converged after  2  iterations.
[1] 0.1483948
Algorithm converged after  2  iterations.
[1] 0.1465169
Algorithm converged after  2  iterations.
[1] 0.1424345
Algorithm converged after  2  iterations.
[1] 0.1457346
Algorithm converged after  2  iterations.
[1] 0.1437206
Algorithm converged after  2  iterations.
[1] 0.1418063
Algorithm converged after  2  iterations.
[1] 0.2606101
Algorithm converged after  2  iterations.
[1] 0.2485072
Algorithm converged after  2  iterations.
[1] 0.2494454
Algorithm converged after  2  iterations.
[1] 0.2073464
Algorithm converged after  2  iterations.
[1] 0.2432563
Algorithm converged after  2  iterations.
[1] 0.2444732
Algorithm converged after  2  iterations.
[1] 0.1971199
Algorithm converged after  2  iterations.
[1] 0.2367725
Algorithm converged after  2  iterations.
[1] 0.1919133
Algorithm converged after  2  iterations.
[1] 0.1931267
Algorithm converged after  2  iterations.
[1] 0.2312554
Algorithm converged after  2  iterations.
[1] 0.1850636
Algorithm converged after  2  iterations.
[1] 0.2315283
Algorithm converged after  2  iterations.
[1] 0.1808161
Algorithm converged after  2  iterations.
[1] 0.1866603
Algorithm converged after  2  iterations.
[1] 0.1821035
Algorithm converged after  2  iterations.
[1] 0.1764544
Algorithm converged after  2  iterations.
[1] 0.2258831
Algorithm converged after  2  iterations.
[1] 0.1735289
Algorithm converged after  2  iterations.
[1] 0.1752307
Algorithm converged after  2  iterations.
[1] 0.1689791
Algorithm converged after  2  iterations.
[1] 0.1693525
Algorithm converged after  2  iterations.
[1] 0.1643164
Algorithm converged after  2  iterations.
[1] 0.1819831
Algorithm converged after  2  iterations.
[1] 0.1732682
Algorithm converged after  2  iterations.
[1] 0.173036
Algorithm converged after  2  iterations.
[1] 0.1691681
Algorithm converged after  2  iterations.
[1] 0.1711612
Algorithm converged after  2  iterations.
[1] 0.1692644
Algorithm converged after  2  iterations.
[1] 0.1652239
Algorithm converged after  2  iterations.
[1] 0.1638459
Algorithm converged after  2  iterations.
[1] 0.1597557
Algorithm converged after  2  iterations.
[1] 0.1595039
Algorithm converged after  2  iterations.
[1] 0.1616161
Algorithm converged after  2  iterations.
[1] 0.157468
Algorithm converged after  2  iterations.
[1] 0.1598577
Algorithm converged after  2  iterations.
[1] 0.155573
Algorithm converged after  2  iterations.
[1] 0.1554042
Algorithm converged after  2  iterations.
[1] 0.1553143
Algorithm converged after  2  iterations.
[1] 0.1494841
Algorithm converged after  2  iterations.
[1] 0.150194
Algorithm converged after  2  iterations.
[1] 0.1477581
Algorithm converged after  2  iterations.
[1] 0.1458326
Algorithm converged after  2  iterations.
[1] 0.1457371
Algorithm converged after  2  iterations.
[1] 0.1461933
Algorithm converged after  2  iterations.
[1] 0.1440775
Algorithm converged after  2  iterations.
[1] 0.1422454
Algorithm converged after  2  iterations.
[1] 0.1433226
Algorithm converged after  2  iterations.
[1] 0.1432254
Algorithm converged after  2  iterations.
[1] 0.1412381
Algorithm converged after  2  iterations.
[1] 0.2589962
Algorithm converged after  2  iterations.
[1] 0.2459435
Algorithm converged after  2  iterations.
[1] 0.2499671
Algorithm converged after  2  iterations.
[1] 0.2081322
Algorithm converged after  2  iterations.
[1] 0.2400587
Algorithm converged after  2  iterations.
[1] 0.2452192
Algorithm converged after  2  iterations.
[1] 0.1976656
Algorithm converged after  2  iterations.
[1] 0.2364165
Algorithm converged after  2  iterations.
[1] 0.191646
Algorithm converged after  2  iterations.
[1] 0.196783
Algorithm converged after  2  iterations.
[1] 0.2302884
Algorithm converged after  2  iterations.
[1] 0.1840331
Algorithm converged after  2  iterations.
[1] 0.2313907
Algorithm converged after  2  iterations.
[1] 0.1802245
Algorithm converged after  2  iterations.
[1] 0.1907156
Algorithm converged after  2  iterations.
[1] 0.1856778
Algorithm converged after  2  iterations.
[1] 0.1792561
Algorithm converged after  2  iterations.
[1] 0.2251259
Algorithm converged after  2  iterations.
[1] 0.1721071
Algorithm converged after  2  iterations.
[1] 0.1792349
Algorithm converged after  2  iterations.
[1] 0.1710928
Algorithm converged after  2  iterations.
[1] 0.1725736
Algorithm converged after  2  iterations.
[1] 0.1669893
Algorithm converged after  2  iterations.
[1] 0.1835896
Algorithm converged after  2  iterations.
[1] 0.1748142
Algorithm converged after  2  iterations.
[1] 0.1751517
Algorithm converged after  2  iterations.
[1] 0.1709598
Algorithm converged after  2  iterations.
[1] 0.1726523
Algorithm converged after  2  iterations.
[1] 0.1714576
Algorithm converged after  2  iterations.
[1] 0.1656867
Algorithm converged after  2  iterations.
[1] 0.1659306
Algorithm converged after  2  iterations.
[1] 0.1614996
Algorithm converged after  2  iterations.
[1] 0.1618649
Algorithm converged after  2  iterations.
[1] 0.1636514
Algorithm converged after  2  iterations.
[1] 0.159157
Algorithm converged after  2  iterations.
[1] 0.1620264
Algorithm converged after  2  iterations.
[1] 0.1559069
Algorithm converged after  2  iterations.
[1] 0.1578601
Algorithm converged after  2  iterations.
[1] 0.1562852
Algorithm converged after  2  iterations.
[1] 0.151839
Algorithm converged after  2  iterations.
[1] 0.1526172
Algorithm converged after  2  iterations.
[1] 0.150117
Algorithm converged after  2  iterations.
[1] 0.148363
Algorithm converged after  2  iterations.
[1] 0.1466231
Algorithm converged after  2  iterations.
[1] 0.148443
Algorithm converged after  2  iterations.
[1] 0.1464823
Algorithm converged after  2  iterations.
[1] 0.1429451
Algorithm converged after  2  iterations.
[1] 0.1457899
Algorithm converged after  2  iterations.
[1] 0.1440189
Algorithm converged after  2  iterations.
[1] 0.1421898
Algorithm converged after  2  iterations.
[1] 0.2550381
Algorithm converged after  2  iterations.
[1] 0.2413544
Algorithm converged after  2  iterations.
[1] 0.2439321
Algorithm converged after  2  iterations.
[1] 0.2117193
Algorithm converged after  2  iterations.
[1] 0.2355814
Algorithm converged after  2  iterations.
[1] 0.2389069
Algorithm converged after  2  iterations.
[1] 0.200523
Algorithm converged after  2  iterations.
[1] 0.2295874
Algorithm converged after  2  iterations.
[1] 0.1950194
Algorithm converged after  2  iterations.
[1] 0.1982007
Algorithm converged after  2  iterations.
[1] 0.2235107
Algorithm converged after  2  iterations.
[1] 0.1878277
Algorithm converged after  2  iterations.
[1] 0.224241
Algorithm converged after  2  iterations.
[1] 0.1828032
Algorithm converged after  2  iterations.
[1] 0.1919822
Algorithm converged after  2  iterations.
[1] 0.1861933
Algorithm converged after  2  iterations.
[1] 0.1802526
Algorithm converged after  2  iterations.
[1] 0.2180154
Algorithm converged after  2  iterations.
[1] 0.1751105
Algorithm converged after  2  iterations.
[1] 0.1795594
Algorithm converged after  2  iterations.
[1] 0.1724462
Algorithm converged after  2  iterations.
[1] 0.1733917
Algorithm converged after  2  iterations.
[1] 0.1669594
Algorithm converged after  2  iterations.
[1] 0.1843443
Algorithm converged after  2  iterations.
[1] 0.1760416
Algorithm converged after  2  iterations.
[1] 0.175983
Algorithm converged after  2  iterations.
[1] 0.1704649
Algorithm converged after  2  iterations.
[1] 0.1739954
Algorithm converged after  2  iterations.
[1] 0.1722858
Algorithm converged after  2  iterations.
[1] 0.1653206
Algorithm converged after  2  iterations.
[1] 0.1672658
Algorithm converged after  2  iterations.
[1] 0.16145
Algorithm converged after  2  iterations.
[1] 0.1613862
Algorithm converged after  2  iterations.
[1] 0.1651109
Algorithm converged after  2  iterations.
[1] 0.1592164
Algorithm converged after  2  iterations.
[1] 0.1633714
Algorithm converged after  2  iterations.
[1] 0.1560087
Algorithm converged after  2  iterations.
[1] 0.1573463
Algorithm converged after  2  iterations.
[1] 0.1559427
Algorithm converged after  2  iterations.
[1] 0.1518332
Algorithm converged after  2  iterations.
[1] 0.1527524
Algorithm converged after  2  iterations.
[1] 0.1503859
Algorithm converged after  2  iterations.
[1] 0.1484467
Algorithm converged after  2  iterations.
[1] 0.1469149
Algorithm converged after  2  iterations.
[1] 0.1488225
Algorithm converged after  2  iterations.
[1] 0.1467234
Algorithm converged after  2  iterations.
[1] 0.1431745
Algorithm converged after  2  iterations.
[1] 0.1460105
Algorithm converged after  2  iterations.
[1] 0.1444529
Algorithm converged after  2  iterations.
[1] 0.1424329
Algorithm converged after  2  iterations.
[1] 0.2597733
Algorithm converged after  2  iterations.
[1] 0.2466663
Algorithm converged after  2  iterations.
[1] 0.2486071
Algorithm converged after  2  iterations.
[1] 0.2100562
Algorithm converged after  2  iterations.
[1] 0.2411912
Algorithm converged after  2  iterations.
[1] 0.2441738
Algorithm converged after  2  iterations.
[1] 0.1989657
Algorithm converged after  2  iterations.
[1] 0.2348777
Algorithm converged after  2  iterations.
[1] 0.1936123
Algorithm converged after  2  iterations.
[1] 0.1960789
Algorithm converged after  2  iterations.
[1] 0.2291211
Algorithm converged after  2  iterations.
[1] 0.1865869
Algorithm converged after  2  iterations.
[1] 0.2301802
Algorithm converged after  2  iterations.
[1] 0.1815197
Algorithm converged after  2  iterations.
[1] 0.1904267
Algorithm converged after  2  iterations.
[1] 0.1841484
Algorithm converged after  2  iterations.
[1] 0.1783508
Algorithm converged after  2  iterations.
[1] 0.2243031
Algorithm converged after  2  iterations.
[1] 0.1740068
Algorithm converged after  2  iterations.
[1] 0.178118
Algorithm converged after  2  iterations.
[1] 0.1706984
Algorithm converged after  2  iterations.
[1] 0.1721174
Algorithm converged after  2  iterations.
[1] 0.1651445
Algorithm converged after  2  iterations.
[1] 0.1840688
Algorithm converged after  2  iterations.
[1] 0.1755629
Algorithm converged after  2  iterations.
[1] 0.1754861
Algorithm converged after  2  iterations.
[1] 0.1701903
Algorithm converged after  2  iterations.
[1] 0.1734865
Algorithm converged after  2  iterations.
[1] 0.1718936
Algorithm converged after  2  iterations.
[1] 0.1655045
Algorithm converged after  2  iterations.
[1] 0.1665425
Algorithm converged after  2  iterations.
[1] 0.1609527
Algorithm converged after  2  iterations.
[1] 0.1608689
Algorithm converged after  2  iterations.
[1] 0.1643521
Algorithm converged after  2  iterations.
[1] 0.1586852
Algorithm converged after  2  iterations.
[1] 0.1627527
Algorithm converged after  2  iterations.
[1] 0.1559896
Algorithm converged after  2  iterations.
[1] 0.1569422
Algorithm converged after  2  iterations.
[1] 0.1559032
Algorithm converged after  2  iterations.
[1] 0.1510624
Algorithm converged after  2  iterations.
[1] 0.1520537
Algorithm converged after  2  iterations.
[1] 0.1495723
Algorithm converged after  2  iterations.
[1] 0.147864
Algorithm converged after  2  iterations.
[1] 0.1466032
Algorithm converged after  2  iterations.
[1] 0.147909
Algorithm converged after  2  iterations.
[1] 0.1459831
Algorithm converged after  2  iterations.
[1] 0.1429199
Algorithm converged after  2  iterations.
[1] 0.145311
Algorithm converged after  2  iterations.
[1] 0.1440279
Algorithm converged after  2  iterations.
[1] 0.1422531
Algorithm converged after  2  iterations.
[1] 0.2601665
Algorithm converged after  2  iterations.
[1] 0.2478624
Algorithm converged after  2  iterations.
[1] 0.2491523
Algorithm converged after  2  iterations.
[1] 0.2106691
Algorithm converged after  2  iterations.
[1] 0.2423188
Algorithm converged after  2  iterations.
[1] 0.2440687
Algorithm converged after  2  iterations.
[1] 0.1994781
Algorithm converged after  2  iterations.
[1] 0.2362753
Algorithm converged after  2  iterations.
[1] 0.1952707
Algorithm converged after  2  iterations.
[1] 0.1969054
Algorithm converged after  2  iterations.
[1] 0.2304532
Algorithm converged after  2  iterations.
[1] 0.1881842
Algorithm converged after  2  iterations.
[1] 0.2309084
Algorithm converged after  2  iterations.
[1] 0.1831411
Algorithm converged after  2  iterations.
[1] 0.1904322
Algorithm converged after  2  iterations.
[1] 0.1848832
Algorithm converged after  2  iterations.
[1] 0.1803355
Algorithm converged after  2  iterations.
[1] 0.2249474
Algorithm converged after  2  iterations.
[1] 0.1755657
Algorithm converged after  2  iterations.
[1] 0.1779732
Algorithm converged after  2  iterations.
[1] 0.172637
Algorithm converged after  2  iterations.
[1] 0.1732443
Algorithm converged after  2  iterations.
[1] 0.1671255
Algorithm converged after  2  iterations.
[1] 0.1855402
Algorithm converged after  2  iterations.
[1] 0.176848
Algorithm converged after  2  iterations.
[1] 0.1764439
Algorithm converged after  2  iterations.
[1] 0.1717434
Algorithm converged after  2  iterations.
[1] 0.1748058
Algorithm converged after  2  iterations.
[1] 0.1727573
Algorithm converged after  2  iterations.
[1] 0.1667212
Algorithm converged after  2  iterations.
[1] 0.1672797
Algorithm converged after  2  iterations.
[1] 0.162314
Algorithm converged after  2  iterations.
[1] 0.1618736
Algorithm converged after  2  iterations.
[1] 0.1651192
Algorithm converged after  2  iterations.
[1] 0.1600864
Algorithm converged after  2  iterations.
[1] 0.1633864
Algorithm converged after  2  iterations.
[1] 0.1569904
Algorithm converged after  2  iterations.
[1] 0.1578471
Algorithm converged after  2  iterations.
[1] 0.1565351
Algorithm converged after  2  iterations.
[1] 0.1518325
Algorithm converged after  2  iterations.
[1] 0.1526611
Algorithm converged after  2  iterations.
[1] 0.1502436
Algorithm converged after  2  iterations.
[1] 0.1483714
Algorithm converged after  2  iterations.
[1] 0.1468473
Algorithm converged after  2  iterations.
[1] 0.1485694
Algorithm converged after  2  iterations.
[1] 0.1465893
Algorithm converged after  2  iterations.
[1] 0.1432669
Algorithm converged after  2  iterations.
[1] 0.1458828
Algorithm converged after  2  iterations.
[1] 0.1443324
Algorithm converged after  2  iterations.
[1] 0.1423826
Algorithm converged after  2  iterations.
[1] 0.2620888
Algorithm converged after  2  iterations.
[1] 0.2490028
Algorithm converged after  2  iterations.
[1] 0.2511353
Algorithm converged after  2  iterations.
[1] 0.2106085
Algorithm converged after  2  iterations.
[1] 0.2434672
Algorithm converged after  2  iterations.
[1] 0.2462854
Algorithm converged after  2  iterations.
[1] 0.2000373
Algorithm converged after  2  iterations.
[1] 0.2374464
Algorithm converged after  2  iterations.
[1] 0.1940819
Algorithm converged after  2  iterations.
[1] 0.1968103
Algorithm converged after  2  iterations.
[1] 0.2316348
Algorithm converged after  2  iterations.
[1] 0.1869269
Algorithm converged after  2  iterations.
[1] 0.2323109
Algorithm converged after  2  iterations.
[1] 0.1825563
Algorithm converged after  2  iterations.
[1] 0.190583
Algorithm converged after  2  iterations.
[1] 0.1854543
Algorithm converged after  2  iterations.
[1] 0.1790144
Algorithm converged after  2  iterations.
[1] 0.2263675
Algorithm converged after  2  iterations.
[1] 0.1749305
Algorithm converged after  2  iterations.
[1] 0.178832
Algorithm converged after  2  iterations.
[1] 0.171231
Algorithm converged after  2  iterations.
[1] 0.1721445
Algorithm converged after  2  iterations.
[1] 0.1664487
Algorithm converged after  2  iterations.
[1] 0.1845338
Algorithm converged after  2  iterations.
[1] 0.1758649
Algorithm converged after  2  iterations.
[1] 0.1753614
Algorithm converged after  2  iterations.
[1] 0.171311
Algorithm converged after  2  iterations.
[1] 0.1738592
Algorithm converged after  2  iterations.
[1] 0.1717496
Algorithm converged after  2  iterations.
[1] 0.1661039
Algorithm converged after  2  iterations.
[1] 0.1662147
Algorithm converged after  2  iterations.
[1] 0.1619358
Algorithm converged after  2  iterations.
[1] 0.1613888
Algorithm converged after  2  iterations.
[1] 0.1640912
Algorithm converged after  2  iterations.
[1] 0.1597554
Algorithm converged after  2  iterations.
[1] 0.1623996
Algorithm converged after  2  iterations.
[1] 0.1564169
Algorithm converged after  2  iterations.
[1] 0.1574568
Algorithm converged after  2  iterations.
[1] 0.1558506
Algorithm converged after  2  iterations.
[1] 0.1514004
Algorithm converged after  2  iterations.
[1] 0.152111
Algorithm converged after  2  iterations.
[1] 0.1497854
Algorithm converged after  2  iterations.
[1] 0.147931
Algorithm converged after  2  iterations.
[1] 0.1461841
Algorithm converged after  2  iterations.
[1] 0.1482254
Algorithm converged after  2  iterations.
[1] 0.1462032
Algorithm converged after  2  iterations.
[1] 0.1424087
Algorithm converged after  2  iterations.
[1] 0.1455386
Algorithm converged after  2  iterations.
[1] 0.1437626
Algorithm converged after  2  iterations.
[1] 0.1418294
Algorithm converged after  2  iterations.
[1] 0.2504357
Algorithm converged after  2  iterations.
[1] 0.2368656
Algorithm converged after  2  iterations.
[1] 0.238777
Algorithm converged after  2  iterations.
[1] 0.2086107
Algorithm converged after  2  iterations.
[1] 0.230841
Algorithm converged after  2  iterations.
[1] 0.2336454
Algorithm converged after  2  iterations.
[1] 0.198487
Algorithm converged after  2  iterations.
[1] 0.2245033
Algorithm converged after  2  iterations.
[1] 0.1921086
Algorithm converged after  2  iterations.
[1] 0.1944604
Algorithm converged after  2  iterations.
[1] 0.2181375
Algorithm converged after  2  iterations.
[1] 0.1846292
Algorithm converged after  2  iterations.
[1] 0.2190376
Algorithm converged after  2  iterations.
[1] 0.1810645
Algorithm converged after  2  iterations.
[1] 0.1881238
Algorithm converged after  2  iterations.
[1] 0.1835579
Algorithm converged after  2  iterations.
[1] 0.1766413
Algorithm converged after  2  iterations.
[1] 0.2125081
Algorithm converged after  2  iterations.
[1] 0.1731086
Algorithm converged after  2  iterations.
[1] 0.1768311
Algorithm converged after  2  iterations.
[1] 0.1684766
Algorithm converged after  2  iterations.
[1] 0.1696404
Algorithm converged after  2  iterations.
[1] 0.1645624
Algorithm converged after  2  iterations.
[1] 0.1806052
Algorithm converged after  2  iterations.
[1] 0.1720589
Algorithm converged after  2  iterations.
[1] 0.1720394
Algorithm converged after  2  iterations.
[1] 0.167914
Algorithm converged after  2  iterations.
[1] 0.1699201
Algorithm converged after  2  iterations.
[1] 0.1697375
Algorithm converged after  2  iterations.
[1] 0.1627701
Algorithm converged after  2  iterations.
[1] 0.1630448
Algorithm converged after  2  iterations.
[1] 0.1586856
Algorithm converged after  2  iterations.
[1] 0.1586646
Algorithm converged after  2  iterations.
[1] 0.1607861
Algorithm converged after  2  iterations.
[1] 0.156364
Algorithm converged after  2  iterations.
[1] 0.160614
Algorithm converged after  2  iterations.
[1] 0.1532323
Algorithm converged after  2  iterations.
[1] 0.1561656
Algorithm converged after  2  iterations.
[1] 0.1532105
Algorithm converged after  2  iterations.
[1] 0.1488639
Algorithm converged after  2  iterations.
[1] 0.1497131
Algorithm converged after  2  iterations.
[1] 0.1472247
Algorithm converged after  2  iterations.
[1] 0.1470599
Algorithm converged after  2  iterations.
[1] 0.1438458
Algorithm converged after  2  iterations.
[1] 0.1454716
Algorithm converged after  2  iterations.
[1] 0.1452834
Algorithm converged after  2  iterations.
[1] 0.1403517
Algorithm converged after  2  iterations.
[1] 0.1445258
Algorithm converged after  2  iterations.
[1] 0.141254
Algorithm converged after  2  iterations.
[1] 0.1410823
Algorithm converged after  2  iterations.
[1] "Best iter parameter is:"
   gam  rankJ rankA1 rankA2 rankA3 
 1e+10  2e+00  0e+00  0e+00  2e+00 
[1] 0.1426202
Algorithm converged after  2  iterations.
         [,1]     [,2]     [,3]
[1,] 6.280798 9.627527 41.45771
