myseed=9958 

Attaching package: ‘pls’

The following object is masked from ‘package:stats’:

    loadings

Loading required package: lattice
Loading required package: ggplot2
Registered S3 methods overwritten by 'ggplot2':
  method         from 
  [.quosures     rlang
  c.quosures     rlang
  print.quosures rlang

Attaching package: ‘caret’

The following object is masked from ‘package:pls’:

    R2

Loading required package: Matrix
Loading required package: foreach
Loaded glmnet 2.0-18

Parsed with column specification:
cols(
  .default = col_double()
)
See spec(...) for full column specifications.
Parsed with column specification:
cols(
  X1 = col_double()
)
Parsed with column specification:
cols(
  X1 = col_double()
)
[1] 0.2461251
Algorithm converged after  2  iterations.
[1] 0.2339361
Algorithm converged after  2  iterations.
[1] 0.2343183
Algorithm converged after  2  iterations.
[1] 0.2059388
Algorithm converged after  2  iterations.
[1] 0.2291156
Algorithm converged after  2  iterations.
[1] 0.2292334
Algorithm converged after  2  iterations.
[1] 0.1952054
Algorithm converged after  2  iterations.
[1] 0.2214804
Algorithm converged after  2  iterations.
[1] 0.1912049
Algorithm converged after  2  iterations.
[1] 0.1916722
Algorithm converged after  2  iterations.
[1] 0.2163826
Algorithm converged after  2  iterations.
[1] 0.1852759
Algorithm converged after  2  iterations.
[1] 0.2160937
Algorithm converged after  2  iterations.
[1] 0.1795931
Algorithm converged after  2  iterations.
[1] 0.1854216
Algorithm converged after  2  iterations.
[1] 0.1800906
Algorithm converged after  2  iterations.
[1] 0.1757463
Algorithm converged after  2  iterations.
[1] 0.2108657
Algorithm converged after  2  iterations.
[1] 0.1732672
Algorithm converged after  2  iterations.
[1] 0.173423
Algorithm converged after  2  iterations.
[1] 0.1692767
Algorithm converged after  2  iterations.
[1] 0.1689073
Algorithm converged after  2  iterations.
[1] 0.1630373
Algorithm converged after  2  iterations.
[1] 0.1800134
Algorithm converged after  2  iterations.
[1] 0.1725664
Algorithm converged after  2  iterations.
[1] 0.1721261
Algorithm converged after  2  iterations.
[1] 0.1664636
Algorithm converged after  2  iterations.
[1] 0.1707538
Algorithm converged after  2  iterations.
[1] 0.1681468
Algorithm converged after  2  iterations.
[1] 0.1608682
Algorithm converged after  2  iterations.
[1] 0.164322
Algorithm converged after  2  iterations.
[1] 0.1583807
Algorithm converged after  2  iterations.
[1] 0.1579009
Algorithm converged after  2  iterations.
[1] 0.1624174
Algorithm converged after  2  iterations.
[1] 0.1564038
Algorithm converged after  2  iterations.
[1] 0.1601489
Algorithm converged after  2  iterations.
[1] 0.152489
Algorithm converged after  2  iterations.
[1] 0.1535533
Algorithm converged after  2  iterations.
[1] 0.1519905
Algorithm converged after  2  iterations.
[1] 0.1493553
Algorithm converged after  2  iterations.
[1] 0.1501361
Algorithm converged after  2  iterations.
[1] 0.1480479
Algorithm converged after  2  iterations.
[1] 0.1455533
Algorithm converged after  2  iterations.
[1] 0.1438499
Algorithm converged after  2  iterations.
[1] 0.1462411
Algorithm converged after  2  iterations.
[1] 0.1435958
Algorithm converged after  2  iterations.
[1] 0.1404967
Algorithm converged after  2  iterations.
[1] 0.1433984
Algorithm converged after  2  iterations.
[1] 0.1416691
Algorithm converged after  2  iterations.
[1] 0.1390602
Algorithm converged after  2  iterations.
[1] 0.251579
Algorithm converged after  2  iterations.
[1] 0.2393671
Algorithm converged after  2  iterations.
[1] 0.239506
Algorithm converged after  2  iterations.
[1] 0.2069158
Algorithm converged after  2  iterations.
[1] 0.2343124
Algorithm converged after  2  iterations.
[1] 0.234375
Algorithm converged after  2  iterations.
[1] 0.1963093
Algorithm converged after  2  iterations.
[1] 0.2266445
Algorithm converged after  2  iterations.
[1] 0.1918821
Algorithm converged after  2  iterations.
[1] 0.1920554
Algorithm converged after  2  iterations.
[1] 0.2212994
Algorithm converged after  2  iterations.
[1] 0.1855382
Algorithm converged after  2  iterations.
[1] 0.2212153
Algorithm converged after  2  iterations.
[1] 0.1803938
Algorithm converged after  2  iterations.
[1] 0.1856173
Algorithm converged after  2  iterations.
[1] 0.1805781
Algorithm converged after  2  iterations.
[1] 0.1757551
Algorithm converged after  2  iterations.
[1] 0.2157357
Algorithm converged after  2  iterations.
[1] 0.1736307
Algorithm converged after  2  iterations.
[1] 0.1737151
Algorithm converged after  2  iterations.
[1] 0.1688063
Algorithm converged after  2  iterations.
[1] 0.168696
Algorithm converged after  2  iterations.
[1] 0.1631351
Algorithm converged after  2  iterations.
[1] 0.1805731
Algorithm converged after  2  iterations.
[1] 0.1726707
Algorithm converged after  2  iterations.
[1] 0.17217
Algorithm converged after  2  iterations.
[1] 0.1672047
Algorithm converged after  2  iterations.
[1] 0.1707527
Algorithm converged after  2  iterations.
[1] 0.1683118
Algorithm converged after  2  iterations.
[1] 0.1623422
Algorithm converged after  2  iterations.
[1] 0.1638628
Algorithm converged after  2  iterations.
[1] 0.1586377
Algorithm converged after  2  iterations.
[1] 0.1580925
Algorithm converged after  2  iterations.
[1] 0.1618404
Algorithm converged after  2  iterations.
[1] 0.1565479
Algorithm converged after  2  iterations.
[1] 0.1598042
Algorithm converged after  2  iterations.
[1] 0.1535041
Algorithm converged after  2  iterations.
[1] 0.1538818
Algorithm converged after  2  iterations.
[1] 0.1529407
Algorithm converged after  2  iterations.
[1] 0.1490025
Algorithm converged after  2  iterations.
[1] 0.1498217
Algorithm converged after  2  iterations.
[1] 0.1475671
Algorithm converged after  2  iterations.
[1] 0.1453684
Algorithm converged after  2  iterations.
[1] 0.1442915
Algorithm converged after  2  iterations.
[1] 0.1458143
Algorithm converged after  2  iterations.
[1] 0.1433657
Algorithm converged after  2  iterations.
[1] 0.1410397
Algorithm converged after  2  iterations.
[1] 0.1430436
Algorithm converged after  2  iterations.
[1] 0.141949
Algorithm converged after  2  iterations.
[1] 0.139662
Algorithm converged after  2  iterations.
[1] 0.2503919
Algorithm converged after  2  iterations.
[1] 0.239237
Algorithm converged after  2  iterations.
[1] 0.2389142
Algorithm converged after  2  iterations.
[1] 0.2046109
Algorithm converged after  2  iterations.
[1] 0.2350188
Algorithm converged after  2  iterations.
[1] 0.2337574
Algorithm converged after  2  iterations.
[1] 0.1941997
Algorithm converged after  2  iterations.
[1] 0.2271965
Algorithm converged after  2  iterations.
[1] 0.190798
Algorithm converged after  2  iterations.
[1] 0.1903931
Algorithm converged after  2  iterations.
[1] 0.2227504
Algorithm converged after  2  iterations.
[1] 0.1854815
Algorithm converged after  2  iterations.
[1] 0.2217674
Algorithm converged after  2  iterations.
[1] 0.1795878
Algorithm converged after  2  iterations.
[1] 0.1838806
Algorithm converged after  2  iterations.
[1] 0.1791576
Algorithm converged after  2  iterations.
[1] 0.1754644
Algorithm converged after  2  iterations.
[1] 0.2172103
Algorithm converged after  2  iterations.
[1] 0.173929
Algorithm converged after  2  iterations.
[1] 0.1722207
Algorithm converged after  2  iterations.
[1] 0.1696682
Algorithm converged after  2  iterations.
[1] 0.1683755
Algorithm converged after  2  iterations.
[1] 0.1632044
Algorithm converged after  2  iterations.
[1] 0.1800616
Algorithm converged after  2  iterations.
[1] 0.1733122
Algorithm converged after  2  iterations.
[1] 0.1716897
Algorithm converged after  2  iterations.
[1] 0.1670937
Algorithm converged after  2  iterations.
[1] 0.171227
Algorithm converged after  2  iterations.
[1] 0.1676366
Algorithm converged after  2  iterations.
[1] 0.1616636
Algorithm converged after  2  iterations.
[1] 0.1645975
Algorithm converged after  2  iterations.
[1] 0.1597976
Algorithm converged after  2  iterations.
[1] 0.1580364
Algorithm converged after  2  iterations.
[1] 0.1624004
Algorithm converged after  2  iterations.
[1] 0.1575336
Algorithm converged after  2  iterations.
[1] 0.1603652
Algorithm converged after  2  iterations.
[1] 0.1541107
Algorithm converged after  2  iterations.
[1] 0.1536235
Algorithm converged after  2  iterations.
[1] 0.1522837
Algorithm converged after  2  iterations.
[1] 0.1503013
Algorithm converged after  2  iterations.
[1] 0.1509675
Algorithm converged after  2  iterations.
[1] 0.1485612
Algorithm converged after  2  iterations.
[1] 0.1463374
Algorithm converged after  2  iterations.
[1] 0.1449286
Algorithm converged after  2  iterations.
[1] 0.1466072
Algorithm converged after  2  iterations.
[1] 0.1442907
Algorithm converged after  2  iterations.
[1] 0.1415378
Algorithm converged after  2  iterations.
[1] 0.1438537
Algorithm converged after  2  iterations.
[1] 0.1424203
Algorithm converged after  2  iterations.
[1] 0.140099
Algorithm converged after  2  iterations.
[1] 0.2515599
Algorithm converged after  2  iterations.
[1] 0.2396495
Algorithm converged after  2  iterations.
[1] 0.2396736
Algorithm converged after  2  iterations.
[1] 0.2064718
Algorithm converged after  2  iterations.
[1] 0.2348404
Algorithm converged after  2  iterations.
[1] 0.2344387
Algorithm converged after  2  iterations.
[1] 0.1963044
Algorithm converged after  2  iterations.
[1] 0.2271407
Algorithm converged after  2  iterations.
[1] 0.1917814
Algorithm converged after  2  iterations.
[1] 0.1918116
Algorithm converged after  2  iterations.
[1] 0.2220609
Algorithm converged after  2  iterations.
[1] 0.185737
Algorithm converged after  2  iterations.
[1] 0.22161
Algorithm converged after  2  iterations.
[1] 0.1807897
Algorithm converged after  2  iterations.
[1] 0.1852289
Algorithm converged after  2  iterations.
[1] 0.1808217
Algorithm converged after  2  iterations.
[1] 0.175901
Algorithm converged after  2  iterations.
[1] 0.2164004
Algorithm converged after  2  iterations.
[1] 0.1743647
Algorithm converged after  2  iterations.
[1] 0.1738233
Algorithm converged after  2  iterations.
[1] 0.1692905
Algorithm converged after  2  iterations.
[1] 0.1686986
Algorithm converged after  2  iterations.
[1] 0.1638473
Algorithm converged after  2  iterations.
[1] 0.1803071
Algorithm converged after  2  iterations.
[1] 0.1727616
Algorithm converged after  2  iterations.
[1] 0.1719834
Algorithm converged after  2  iterations.
[1] 0.1675617
Algorithm converged after  2  iterations.
[1] 0.1706844
Algorithm converged after  2  iterations.
[1] 0.1681005
Algorithm converged after  2  iterations.
[1] 0.1622124
Algorithm converged after  2  iterations.
[1] 0.1640555
Algorithm converged after  2  iterations.
[1] 0.1594141
Algorithm converged after  2  iterations.
[1] 0.1585704
Algorithm converged after  2  iterations.
[1] 0.1618666
Algorithm converged after  2  iterations.
[1] 0.1571605
Algorithm converged after  2  iterations.
[1] 0.1599803
Algorithm converged after  2  iterations.
[1] 0.1537816
Algorithm converged after  2  iterations.
[1] 0.1543504
Algorithm converged after  2  iterations.
[1] 0.1529068
Algorithm converged after  2  iterations.
[1] 0.1499349
Algorithm converged after  2  iterations.
[1] 0.1507632
Algorithm converged after  2  iterations.
[1] 0.1483649
Algorithm converged after  2  iterations.
[1] 0.1463173
Algorithm converged after  2  iterations.
[1] 0.144758
Algorithm converged after  2  iterations.
[1] 0.1464712
Algorithm converged after  2  iterations.
[1] 0.1443297
Algorithm converged after  2  iterations.
[1] 0.1414808
Algorithm converged after  2  iterations.
[1] 0.1438449
Algorithm converged after  2  iterations.
[1] 0.1422585
Algorithm converged after  2  iterations.
[1] 0.1401217
Algorithm converged after  2  iterations.
[1] 0.2516262
Algorithm converged after  2  iterations.
[1] 0.2396991
Algorithm converged after  2  iterations.
[1] 0.238992
Algorithm converged after  2  iterations.
[1] 0.2051158
Algorithm converged after  2  iterations.
[1] 0.2348401
Algorithm converged after  2  iterations.
[1] 0.2337138
Algorithm converged after  2  iterations.
[1] 0.1956756
Algorithm converged after  2  iterations.
[1] 0.2264004
Algorithm converged after  2  iterations.
[1] 0.1902957
Algorithm converged after  2  iterations.
[1] 0.1894042
Algorithm converged after  2  iterations.
[1] 0.2212494
Algorithm converged after  2  iterations.
[1] 0.1841376
Algorithm converged after  2  iterations.
[1] 0.2208214
Algorithm converged after  2  iterations.
[1] 0.1800803
Algorithm converged after  2  iterations.
[1] 0.1826989
Algorithm converged after  2  iterations.
[1] 0.1791379
Algorithm converged after  2  iterations.
[1] 0.1732452
Algorithm converged after  2  iterations.
[1] 0.2155371
Algorithm converged after  2  iterations.
[1] 0.1735601
Algorithm converged after  2  iterations.
[1] 0.172033
Algorithm converged after  2  iterations.
[1] 0.1664575
Algorithm converged after  2  iterations.
[1] 0.1658881
Algorithm converged after  2  iterations.
[1] 0.1619579
Algorithm converged after  2  iterations.
[1] 0.1779351
Algorithm converged after  2  iterations.
[1] 0.1701402
Algorithm converged after  2  iterations.
[1] 0.1693312
Algorithm converged after  2  iterations.
[1] 0.1657936
Algorithm converged after  2  iterations.
[1] 0.1682043
Algorithm converged after  2  iterations.
[1] 0.1667557
Algorithm converged after  2  iterations.
[1] 0.1603563
Algorithm converged after  2  iterations.
[1] 0.1611207
Algorithm converged after  2  iterations.
[1] 0.1573986
Algorithm converged after  2  iterations.
[1] 0.1565238
Algorithm converged after  2  iterations.
[1] 0.159075
Algorithm converged after  2  iterations.
[1] 0.155304
Algorithm converged after  2  iterations.
[1] 0.1584116
Algorithm converged after  2  iterations.
[1] 0.1516606
Algorithm converged after  2  iterations.
[1] 0.1537338
Algorithm converged after  2  iterations.
[1] 0.1507524
Algorithm converged after  2  iterations.
[1] 0.1476025
Algorithm converged after  2  iterations.
[1] 0.1483779
Algorithm converged after  2  iterations.
[1] 0.146154
Algorithm converged after  2  iterations.
[1] 0.1454167
Algorithm converged after  2  iterations.
[1] 0.1422758
Algorithm converged after  2  iterations.
[1] 0.1443107
Algorithm converged after  2  iterations.
[1] 0.1434016
Algorithm converged after  2  iterations.
[1] 0.1389998
Algorithm converged after  2  iterations.
[1] 0.1431468
Algorithm converged after  2  iterations.
[1] 0.139955
Algorithm converged after  2  iterations.
[1] 0.1391848
Algorithm converged after  2  iterations.
[1] 0.2475263
Algorithm converged after  2  iterations.
[1] 0.2359877
Algorithm converged after  2  iterations.
[1] 0.2343259
Algorithm converged after  2  iterations.
[1] 0.2056104
Algorithm converged after  2  iterations.
[1] 0.2309467
Algorithm converged after  2  iterations.
[1] 0.2294222
Algorithm converged after  2  iterations.
[1] 0.1955786
Algorithm converged after  2  iterations.
[1] 0.2221025
Algorithm converged after  2  iterations.
[1] 0.1915634
Algorithm converged after  2  iterations.
[1] 0.1895124
Algorithm converged after  2  iterations.
[1] 0.2167388
Algorithm converged after  2  iterations.
[1] 0.1853179
Algorithm converged after  2  iterations.
[1] 0.2169227
Algorithm converged after  2  iterations.
[1] 0.1807537
Algorithm converged after  2  iterations.
[1] 0.1834146
Algorithm converged after  2  iterations.
[1] 0.1785787
Algorithm converged after  2  iterations.
[1] 0.1741719
Algorithm converged after  2  iterations.
[1] 0.2114276
Algorithm converged after  2  iterations.
[1] 0.1741209
Algorithm converged after  2  iterations.
[1] 0.1720938
Algorithm converged after  2  iterations.
[1] 0.1672783
Algorithm converged after  2  iterations.
[1] 0.1675166
Algorithm converged after  2  iterations.
[1] 0.1622074
Algorithm converged after  2  iterations.
[1] 0.1783434
Algorithm converged after  2  iterations.
[1] 0.1707424
Algorithm converged after  2  iterations.
[1] 0.1704934
Algorithm converged after  2  iterations.
[1] 0.1655456
Algorithm converged after  2  iterations.
[1] 0.1686351
Algorithm converged after  2  iterations.
[1] 0.1664464
Algorithm converged after  2  iterations.
[1] 0.1606091
Algorithm converged after  2  iterations.
[1] 0.1625257
Algorithm converged after  2  iterations.
[1] 0.1573275
Algorithm converged after  2  iterations.
[1] 0.1570572
Algorithm converged after  2  iterations.
[1] 0.1603104
Algorithm converged after  2  iterations.
[1] 0.1550379
Algorithm converged after  2  iterations.
[1] 0.1582751
Algorithm converged after  2  iterations.
[1] 0.1521245
Algorithm converged after  2  iterations.
[1] 0.1526544
Algorithm converged after  2  iterations.
[1] 0.151845
Algorithm converged after  2  iterations.
[1] 0.1483697
Algorithm converged after  2  iterations.
[1] 0.1491206
Algorithm converged after  2  iterations.
[1] 0.1466973
Algorithm converged after  2  iterations.
[1] 0.1444749
Algorithm converged after  2  iterations.
[1] 0.1436171
Algorithm converged after  2  iterations.
[1] 0.1447764
Algorithm converged after  2  iterations.
[1] 0.1425748
Algorithm converged after  2  iterations.
[1] 0.1408644
Algorithm converged after  2  iterations.
[1] 0.1419724
Algorithm converged after  2  iterations.
[1] 0.1410993
Algorithm converged after  2  iterations.
[1] 0.1387873
Algorithm converged after  2  iterations.
[1] 0.2488987
Algorithm converged after  2  iterations.
[1] 0.2362514
Algorithm converged after  2  iterations.
[1] 0.2362819
Algorithm converged after  2  iterations.
[1] 0.2066092
Algorithm converged after  2  iterations.
[1] 0.2312473
Algorithm converged after  2  iterations.
[1] 0.2310717
Algorithm converged after  2  iterations.
[1] 0.1963357
Algorithm converged after  2  iterations.
[1] 0.22292
Algorithm converged after  2  iterations.
[1] 0.1911846
Algorithm converged after  2  iterations.
[1] 0.1912223
Algorithm converged after  2  iterations.
[1] 0.2176095
Algorithm converged after  2  iterations.
[1] 0.1849652
Algorithm converged after  2  iterations.
[1] 0.2173898
Algorithm converged after  2  iterations.
[1] 0.1800329
Algorithm converged after  2  iterations.
[1] 0.1847457
Algorithm converged after  2  iterations.
[1] 0.1800729
Algorithm converged after  2  iterations.
[1] 0.1744423
Algorithm converged after  2  iterations.
[1] 0.2119408
Algorithm converged after  2  iterations.
[1] 0.173414
Algorithm converged after  2  iterations.
[1] 0.1731799
Algorithm converged after  2  iterations.
[1] 0.1676028
Algorithm converged after  2  iterations.
[1] 0.1673174
Algorithm converged after  2  iterations.
[1] 0.1621432
Algorithm converged after  2  iterations.
[1] 0.1787101
Algorithm converged after  2  iterations.
[1] 0.171031
Algorithm converged after  2  iterations.
[1] 0.1705024
Algorithm converged after  2  iterations.
[1] 0.1655547
Algorithm converged after  2  iterations.
[1] 0.1690105
Algorithm converged after  2  iterations.
[1] 0.1664905
Algorithm converged after  2  iterations.
[1] 0.1611176
Algorithm converged after  2  iterations.
[1] 0.1624357
Algorithm converged after  2  iterations.
[1] 0.1572345
Algorithm converged after  2  iterations.
[1] 0.1566593
Algorithm converged after  2  iterations.
[1] 0.160307
Algorithm converged after  2  iterations.
[1] 0.1550343
Algorithm converged after  2  iterations.
[1] 0.1582194
Algorithm converged after  2  iterations.
[1] 0.1525555
Algorithm converged after  2  iterations.
[1] 0.1522832
Algorithm converged after  2  iterations.
[1] 0.1519627
Algorithm converged after  2  iterations.
[1] 0.1478393
Algorithm converged after  2  iterations.
[1] 0.1485108
Algorithm converged after  2  iterations.
[1] 0.1461763
Algorithm converged after  2  iterations.
[1] 0.1438869
Algorithm converged after  2  iterations.
[1] 0.1435432
Algorithm converged after  2  iterations.
[1] 0.1443521
Algorithm converged after  2  iterations.
[1] 0.1419982
Algorithm converged after  2  iterations.
[1] 0.1401207
Algorithm converged after  2  iterations.
[1] 0.1414761
Algorithm converged after  2  iterations.
[1] 0.1411266
Algorithm converged after  2  iterations.
[1] 0.1387538
Algorithm converged after  2  iterations.
[1] 0.2498677
Algorithm converged after  2  iterations.
[1] 0.2387998
Algorithm converged after  2  iterations.
[1] 0.2376039
Algorithm converged after  2  iterations.
[1] 0.20566
Algorithm converged after  2  iterations.
[1] 0.2341087
Algorithm converged after  2  iterations.
[1] 0.2326697
Algorithm converged after  2  iterations.
[1] 0.1949199
Algorithm converged after  2  iterations.
[1] 0.225936
Algorithm converged after  2  iterations.
[1] 0.1920612
Algorithm converged after  2  iterations.
[1] 0.1905722
Algorithm converged after  2  iterations.
[1] 0.220972
Algorithm converged after  2  iterations.
[1] 0.1861962
Algorithm converged after  2  iterations.
[1] 0.2207411
Algorithm converged after  2  iterations.
[1] 0.1805138
Algorithm converged after  2  iterations.
[1] 0.1843836
Algorithm converged after  2  iterations.
[1] 0.1789287
Algorithm converged after  2  iterations.
[1] 0.1758102
Algorithm converged after  2  iterations.
[1] 0.2156575
Algorithm converged after  2  iterations.
[1] 0.1742606
Algorithm converged after  2  iterations.
[1] 0.1723225
Algorithm converged after  2  iterations.
[1] 0.1693835
Algorithm converged after  2  iterations.
[1] 0.1690822
Algorithm converged after  2  iterations.
[1] 0.1631164
Algorithm converged after  2  iterations.
[1] 0.180117
Algorithm converged after  2  iterations.
[1] 0.1725775
Algorithm converged after  2  iterations.
[1] 0.172512
Algorithm converged after  2  iterations.
[1] 0.1666979
Algorithm converged after  2  iterations.
[1] 0.1704778
Algorithm converged after  2  iterations.
[1] 0.1685148
Algorithm converged after  2  iterations.
[1] 0.1614089
Algorithm converged after  2  iterations.
[1] 0.1646246
Algorithm converged after  2  iterations.
[1] 0.1585214
Algorithm converged after  2  iterations.
[1] 0.1584501
Algorithm converged after  2  iterations.
[1] 0.162422
Algorithm converged after  2  iterations.
[1] 0.1562329
Algorithm converged after  2  iterations.
[1] 0.160431
Algorithm converged after  2  iterations.
[1] 0.15295
Algorithm converged after  2  iterations.
[1] 0.1540886
Algorithm converged after  2  iterations.
[1] 0.1528761
Algorithm converged after  2  iterations.
[1] 0.1498242
Algorithm converged after  2  iterations.
[1] 0.1505334
Algorithm converged after  2  iterations.
[1] 0.1481113
Algorithm converged after  2  iterations.
[1] 0.1459308
Algorithm converged after  2  iterations.
[1] 0.1446289
Algorithm converged after  2  iterations.
[1] 0.146156
Algorithm converged after  2  iterations.
[1] 0.1440192
Algorithm converged after  2  iterations.
[1] 0.141516
Algorithm converged after  2  iterations.
[1] 0.143431
Algorithm converged after  2  iterations.
[1] 0.1421062
Algorithm converged after  2  iterations.
[1] 0.1398321
Algorithm converged after  2  iterations.
[1] 0.2438034
Algorithm converged after  2  iterations.
[1] 0.2318931
Algorithm converged after  2  iterations.
[1] 0.2317449
Algorithm converged after  2  iterations.
[1] 0.2038924
Algorithm converged after  2  iterations.
[1] 0.227033
Algorithm converged after  2  iterations.
[1] 0.2275881
Algorithm converged after  2  iterations.
[1] 0.1937285
Algorithm converged after  2  iterations.
[1] 0.2191803
Algorithm converged after  2  iterations.
[1] 0.1894899
Algorithm converged after  2  iterations.
[1] 0.1893084
Algorithm converged after  2  iterations.
[1] 0.2140317
Algorithm converged after  2  iterations.
[1] 0.1835102
Algorithm converged after  2  iterations.
[1] 0.2147805
Algorithm converged after  2  iterations.
[1] 0.1785078
Algorithm converged after  2  iterations.
[1] 0.1841965
Algorithm converged after  2  iterations.
[1] 0.1783151
Algorithm converged after  2  iterations.
[1] 0.1737009
Algorithm converged after  2  iterations.
[1] 0.2095238
Algorithm converged after  2  iterations.
[1] 0.172147
Algorithm converged after  2  iterations.
[1] 0.1728784
Algorithm converged after  2  iterations.
[1] 0.1671573
Algorithm converged after  2  iterations.
[1] 0.168115
Algorithm converged after  2  iterations.
[1] 0.1616496
Algorithm converged after  2  iterations.
[1] 0.1764924
Algorithm converged after  2  iterations.
[1] 0.1693559
Algorithm converged after  2  iterations.
[1] 0.1704036
Algorithm converged after  2  iterations.
[1] 0.1639596
Algorithm converged after  2  iterations.
[1] 0.1672095
Algorithm converged after  2  iterations.
[1] 0.1666488
Algorithm converged after  2  iterations.
[1] 0.1585756
Algorithm converged after  2  iterations.
[1] 0.1630008
Algorithm converged after  2  iterations.
[1] 0.1562518
Algorithm converged after  2  iterations.
[1] 0.1573868
Algorithm converged after  2  iterations.
[1] 0.1607695
Algorithm converged after  2  iterations.
[1] 0.1539227
Algorithm converged after  2  iterations.
[1] 0.1590714
Algorithm converged after  2  iterations.
[1] 0.1505925
Algorithm converged after  2  iterations.
[1] 0.1533135
Algorithm converged after  2  iterations.
[1] 0.1517698
Algorithm converged after  2  iterations.
[1] 0.1493401
Algorithm converged after  2  iterations.
[1] 0.1502611
Algorithm converged after  2  iterations.
[1] 0.1478205
Algorithm converged after  2  iterations.
[1] 0.1459859
Algorithm converged after  2  iterations.
[1] 0.1442703
Algorithm converged after  2  iterations.
[1] 0.1459757
Algorithm converged after  2  iterations.
[1] 0.1440233
Algorithm converged after  2  iterations.
[1] 0.1410267
Algorithm converged after  2  iterations.
[1] 0.1434725
Algorithm converged after  2  iterations.
[1] 0.1417265
Algorithm converged after  2  iterations.
[1] 0.139812
Algorithm converged after  2  iterations.
[1] 0.2497699
Algorithm converged after  2  iterations.
[1] 0.2388509
Algorithm converged after  2  iterations.
[1] 0.237824
Algorithm converged after  2  iterations.
[1] 0.2052607
Algorithm converged after  2  iterations.
[1] 0.2341028
Algorithm converged after  2  iterations.
[1] 0.2330037
Algorithm converged after  2  iterations.
[1] 0.1943178
Algorithm converged after  2  iterations.
[1] 0.2263295
Algorithm converged after  2  iterations.
[1] 0.1918248
Algorithm converged after  2  iterations.
[1] 0.1905445
Algorithm converged after  2  iterations.
[1] 0.2213129
Algorithm converged after  2  iterations.
[1] 0.1858793
Algorithm converged after  2  iterations.
[1] 0.2212589
Algorithm converged after  2  iterations.
[1] 0.1800672
Algorithm converged after  2  iterations.
[1] 0.184493
Algorithm converged after  2  iterations.
[1] 0.1787027
Algorithm converged after  2  iterations.
[1] 0.1759886
Algorithm converged after  2  iterations.
[1] 0.2161247
Algorithm converged after  2  iterations.
[1] 0.1737198
Algorithm converged after  2  iterations.
[1] 0.1722357
Algorithm converged after  2  iterations.
[1] 0.1694885
Algorithm converged after  2  iterations.
[1] 0.169418
Algorithm converged after  2  iterations.
[1] 0.1630934
Algorithm converged after  2  iterations.
[1] 0.1807582
Algorithm converged after  2  iterations.
[1] 0.1728811
Algorithm converged after  2  iterations.
[1] 0.1732562
Algorithm converged after  2  iterations.
[1] 0.1671225
Algorithm converged after  2  iterations.
[1] 0.1707429
Algorithm converged after  2  iterations.
[1] 0.1693202
Algorithm converged after  2  iterations.
[1] 0.1618812
Algorithm converged after  2  iterations.
[1] 0.1650214
Algorithm converged after  2  iterations.
[1] 0.1585694
Algorithm converged after  2  iterations.
[1] 0.1589783
Algorithm converged after  2  iterations.
[1] 0.16278
Algorithm converged after  2  iterations.
[1] 0.1562355
Algorithm converged after  2  iterations.
[1] 0.160884
Algorithm converged after  2  iterations.
[1] 0.1530356
Algorithm converged after  2  iterations.
[1] 0.1546794
Algorithm converged after  2  iterations.
[1] 0.1534592
Algorithm converged after  2  iterations.
[1] 0.1499615
Algorithm converged after  2  iterations.
[1] 0.1506433
Algorithm converged after  2  iterations.
[1] 0.1481585
Algorithm converged after  2  iterations.
[1] 0.1460926
Algorithm converged after  2  iterations.
[1] 0.1447574
Algorithm converged after  2  iterations.
[1] 0.1462581
Algorithm converged after  2  iterations.
[1] 0.1442243
Algorithm converged after  2  iterations.
[1] 0.1416275
Algorithm converged after  2  iterations.
[1] 0.143529
Algorithm converged after  2  iterations.
[1] 0.1421698
Algorithm converged after  2  iterations.
[1] 0.1400155
Algorithm converged after  2  iterations.
[1] "Best iter parameter is:"
   gam  rankJ rankA1 rankA2 rankA3 
 1e+10  2e+00  0e+00  0e+00  2e+00 
[1] 0.1410639
Algorithm converged after  2  iterations.
         [,1]     [,2]     [,3]
[1,] 7.747078 11.00708 36.93129
