myseed=9287 

Attaching package: ‘pls’

The following object is masked from ‘package:stats’:

    loadings

Loading required package: lattice
Loading required package: ggplot2
Registered S3 methods overwritten by 'ggplot2':
  method         from 
  [.quosures     rlang
  c.quosures     rlang
  print.quosures rlang

Attaching package: ‘caret’

The following object is masked from ‘package:pls’:

    R2

Loading required package: Matrix
Loading required package: foreach
Loaded glmnet 2.0-18

Parsed with column specification:
cols(
  .default = col_double()
)
See spec(...) for full column specifications.
Parsed with column specification:
cols(
  X1 = col_double()
)
Parsed with column specification:
cols(
  X1 = col_double()
)
[1] 0.2534313
Algorithm converged after  2  iterations.
[1] 0.2412399
Algorithm converged after  2  iterations.
[1] 0.2434372
Algorithm converged after  2  iterations.
[1] 0.2092757
Algorithm converged after  2  iterations.
[1] 0.2356702
Algorithm converged after  2  iterations.
[1] 0.2385479
Algorithm converged after  2  iterations.
[1] 0.1968727
Algorithm converged after  2  iterations.
[1] 0.2307183
Algorithm converged after  2  iterations.
[1] 0.1943337
Algorithm converged after  2  iterations.
[1] 0.1970547
Algorithm converged after  2  iterations.
[1] 0.2248881
Algorithm converged after  2  iterations.
[1] 0.1873748
Algorithm converged after  2  iterations.
[1] 0.2255535
Algorithm converged after  2  iterations.
[1] 0.1809091
Algorithm converged after  2  iterations.
[1] 0.1909817
Algorithm converged after  2  iterations.
[1] 0.183829
Algorithm converged after  2  iterations.
[1] 0.1811072
Algorithm converged after  2  iterations.
[1] 0.2195862
Algorithm converged after  2  iterations.
[1] 0.1734124
Algorithm converged after  2  iterations.
[1] 0.1773035
Algorithm converged after  2  iterations.
[1] 0.173619
Algorithm converged after  2  iterations.
[1] 0.17448
Algorithm converged after  2  iterations.
[1] 0.1666204
Algorithm converged after  2  iterations.
[1] 0.1854191
Algorithm converged after  2  iterations.
[1] 0.1770355
Algorithm converged after  2  iterations.
[1] 0.1775468
Algorithm converged after  2  iterations.
[1] 0.1704001
Algorithm converged after  2  iterations.
[1] 0.1750132
Algorithm converged after  2  iterations.
[1] 0.1739228
Algorithm converged after  2  iterations.
[1] 0.1654473
Algorithm converged after  2  iterations.
[1] 0.1687727
Algorithm converged after  2  iterations.
[1] 0.1612375
Algorithm converged after  2  iterations.
[1] 0.1617987
Algorithm converged after  2  iterations.
[1] 0.1666501
Algorithm converged after  2  iterations.
[1] 0.1590144
Algorithm converged after  2  iterations.
[1] 0.164956
Algorithm converged after  2  iterations.
[1] 0.1559941
Algorithm converged after  2  iterations.
[1] 0.1578135
Algorithm converged after  2  iterations.
[1] 0.1565741
Algorithm converged after  2  iterations.
[1] 0.1521189
Algorithm converged after  2  iterations.
[1] 0.15294
Algorithm converged after  2  iterations.
[1] 0.1505359
Algorithm converged after  2  iterations.
[1] 0.1487176
Algorithm converged after  2  iterations.
[1] 0.1473146
Algorithm converged after  2  iterations.
[1] 0.1489412
Algorithm converged after  2  iterations.
[1] 0.1467508
Algorithm converged after  2  iterations.
[1] 0.1439036
Algorithm converged after  2  iterations.
[1] 0.1462441
Algorithm converged after  2  iterations.
[1] 0.1448172
Algorithm converged after  2  iterations.
[1] 0.1429261
Algorithm converged after  2  iterations.
[1] 0.2539442
Algorithm converged after  2  iterations.
[1] 0.2404999
Algorithm converged after  2  iterations.
[1] 0.2438403
Algorithm converged after  2  iterations.
[1] 0.21053
Algorithm converged after  2  iterations.
[1] 0.2347228
Algorithm converged after  2  iterations.
[1] 0.2386154
Algorithm converged after  2  iterations.
[1] 0.1982903
Algorithm converged after  2  iterations.
[1] 0.2298056
Algorithm converged after  2  iterations.
[1] 0.1941015
Algorithm converged after  2  iterations.
[1] 0.1982253
Algorithm converged after  2  iterations.
[1] 0.2237526
Algorithm converged after  2  iterations.
[1] 0.1868957
Algorithm converged after  2  iterations.
[1] 0.224254
Algorithm converged after  2  iterations.
[1] 0.1807528
Algorithm converged after  2  iterations.
[1] 0.1917616
Algorithm converged after  2  iterations.
[1] 0.1851741
Algorithm converged after  2  iterations.
[1] 0.1806815
Algorithm converged after  2  iterations.
[1] 0.2180469
Algorithm converged after  2  iterations.
[1] 0.1729918
Algorithm converged after  2  iterations.
[1] 0.1782377
Algorithm converged after  2  iterations.
[1] 0.1729173
Algorithm converged after  2  iterations.
[1] 0.1735656
Algorithm converged after  2  iterations.
[1] 0.1662587
Algorithm converged after  2  iterations.
[1] 0.1850901
Algorithm converged after  2  iterations.
[1] 0.176754
Algorithm converged after  2  iterations.
[1] 0.176318
Algorithm converged after  2  iterations.
[1] 0.1701574
Algorithm converged after  2  iterations.
[1] 0.174723
Algorithm converged after  2  iterations.
[1] 0.1726306
Algorithm converged after  2  iterations.
[1] 0.1654267
Algorithm converged after  2  iterations.
[1] 0.167546
Algorithm converged after  2  iterations.
[1] 0.1610502
Algorithm converged after  2  iterations.
[1] 0.1605716
Algorithm converged after  2  iterations.
[1] 0.165402
Algorithm converged after  2  iterations.
[1] 0.1588185
Algorithm converged after  2  iterations.
[1] 0.1636611
Algorithm converged after  2  iterations.
[1] 0.1560437
Algorithm converged after  2  iterations.
[1] 0.1565136
Algorithm converged after  2  iterations.
[1] 0.1555496
Algorithm converged after  2  iterations.
[1] 0.1508869
Algorithm converged after  2  iterations.
[1] 0.1518145
Algorithm converged after  2  iterations.
[1] 0.1493722
Algorithm converged after  2  iterations.
[1] 0.14751
Algorithm converged after  2  iterations.
[1] 0.1463615
Algorithm converged after  2  iterations.
[1] 0.1475927
Algorithm converged after  2  iterations.
[1] 0.1455633
Algorithm converged after  2  iterations.
[1] 0.1427734
Algorithm converged after  2  iterations.
[1] 0.1449952
Algorithm converged after  2  iterations.
[1] 0.1438267
Algorithm converged after  2  iterations.
[1] 0.1418917
Algorithm converged after  2  iterations.
[1] 0.2417978
Algorithm converged after  2  iterations.
[1] 0.2301748
Algorithm converged after  2  iterations.
[1] 0.231164
Algorithm converged after  2  iterations.
[1] 0.2060315
Algorithm converged after  2  iterations.
[1] 0.2246498
Algorithm converged after  2  iterations.
[1] 0.2261985
Algorithm converged after  2  iterations.
[1] 0.1938375
Algorithm converged after  2  iterations.
[1] 0.2189772
Algorithm converged after  2  iterations.
[1] 0.1922583
Algorithm converged after  2  iterations.
[1] 0.1934415
Algorithm converged after  2  iterations.
[1] 0.2131622
Algorithm converged after  2  iterations.
[1] 0.185608
Algorithm converged after  2  iterations.
[1] 0.2137289
Algorithm converged after  2  iterations.
[1] 0.179129
Algorithm converged after  2  iterations.
[1] 0.1874796
Algorithm converged after  2  iterations.
[1] 0.1803984
Algorithm converged after  2  iterations.
[1] 0.1787005
Algorithm converged after  2  iterations.
[1] 0.207767
Algorithm converged after  2  iterations.
[1] 0.1719718
Algorithm converged after  2  iterations.
[1] 0.1739902
Algorithm converged after  2  iterations.
[1] 0.1715254
Algorithm converged after  2  iterations.
[1] 0.1722291
Algorithm converged after  2  iterations.
[1] 0.1644926
Algorithm converged after  2  iterations.
[1] 0.1839289
Algorithm converged after  2  iterations.
[1] 0.1758161
Algorithm converged after  2  iterations.
[1] 0.1758093
Algorithm converged after  2  iterations.
[1] 0.1687756
Algorithm converged after  2  iterations.
[1] 0.1736909
Algorithm converged after  2  iterations.
[1] 0.1719531
Algorithm converged after  2  iterations.
[1] 0.1639829
Algorithm converged after  2  iterations.
[1] 0.1673032
Algorithm converged after  2  iterations.
[1] 0.1598957
Algorithm converged after  2  iterations.
[1] 0.1598882
Algorithm converged after  2  iterations.
[1] 0.1650684
Algorithm converged after  2  iterations.
[1] 0.1575559
Algorithm converged after  2  iterations.
[1] 0.1632461
Algorithm converged after  2  iterations.
[1] 0.1548284
Algorithm converged after  2  iterations.
[1] 0.1556381
Algorithm converged after  2  iterations.
[1] 0.1548207
Algorithm converged after  2  iterations.
[1] 0.1504848
Algorithm converged after  2  iterations.
[1] 0.151281
Algorithm converged after  2  iterations.
[1] 0.1487598
Algorithm converged after  2  iterations.
[1] 0.1467818
Algorithm converged after  2  iterations.
[1] 0.1458629
Algorithm converged after  2  iterations.
[1] 0.1469908
Algorithm converged after  2  iterations.
[1] 0.1451199
Algorithm converged after  2  iterations.
[1] 0.1422067
Algorithm converged after  2  iterations.
[1] 0.1441819
Algorithm converged after  2  iterations.
[1] 0.1432463
Algorithm converged after  2  iterations.
[1] 0.1411911
Algorithm converged after  2  iterations.
[1] 0.2502944
Algorithm converged after  2  iterations.
[1] 0.2364956
Algorithm converged after  2  iterations.
[1] 0.2400867
Algorithm converged after  2  iterations.
[1] 0.2102424
Algorithm converged after  2  iterations.
[1] 0.2304979
Algorithm converged after  2  iterations.
[1] 0.2348575
Algorithm converged after  2  iterations.
[1] 0.1993232
Algorithm converged after  2  iterations.
[1] 0.2256647
Algorithm converged after  2  iterations.
[1] 0.1936098
Algorithm converged after  2  iterations.
[1] 0.1979804
Algorithm converged after  2  iterations.
[1] 0.219371
Algorithm converged after  2  iterations.
[1] 0.1862361
Algorithm converged after  2  iterations.
[1] 0.220093
Algorithm converged after  2  iterations.
[1] 0.1816938
Algorithm converged after  2  iterations.
[1] 0.1916054
Algorithm converged after  2  iterations.
[1] 0.186344
Algorithm converged after  2  iterations.
[1] 0.1802197
Algorithm converged after  2  iterations.
[1] 0.2136353
Algorithm converged after  2  iterations.
[1] 0.1738152
Algorithm converged after  2  iterations.
[1] 0.1795564
Algorithm converged after  2  iterations.
[1] 0.1722737
Algorithm converged after  2  iterations.
[1] 0.1731922
Algorithm converged after  2  iterations.
[1] 0.1673529
Algorithm converged after  2  iterations.
[1] 0.1848081
Algorithm converged after  2  iterations.
[1] 0.1761807
Algorithm converged after  2  iterations.
[1] 0.1761393
Algorithm converged after  2  iterations.
[1] 0.1713004
Algorithm converged after  2  iterations.
[1] 0.1740572
Algorithm converged after  2  iterations.
[1] 0.1723577
Algorithm converged after  2  iterations.
[1] 0.1665091
Algorithm converged after  2  iterations.
[1] 0.1670648
Algorithm converged after  2  iterations.
[1] 0.161955
Algorithm converged after  2  iterations.
[1] 0.1619099
Algorithm converged after  2  iterations.
[1] 0.1648239
Algorithm converged after  2  iterations.
[1] 0.1596423
Algorithm converged after  2  iterations.
[1] 0.163073
Algorithm converged after  2  iterations.
[1] 0.1568786
Algorithm converged after  2  iterations.
[1] 0.1577877
Algorithm converged after  2  iterations.
[1] 0.156832
Algorithm converged after  2  iterations.
[1] 0.1519883
Algorithm converged after  2  iterations.
[1] 0.1530992
Algorithm converged after  2  iterations.
[1] 0.1505516
Algorithm converged after  2  iterations.
[1] 0.1487329
Algorithm converged after  2  iterations.
[1] 0.1475222
Algorithm converged after  2  iterations.
[1] 0.1488544
Algorithm converged after  2  iterations.
[1] 0.1467067
Algorithm converged after  2  iterations.
[1] 0.1440733
Algorithm converged after  2  iterations.
[1] 0.1461093
Algorithm converged after  2  iterations.
[1] 0.1448767
Algorithm converged after  2  iterations.
[1] 0.1429858
Algorithm converged after  2  iterations.
[1] 0.2533196
Algorithm converged after  2  iterations.
[1] 0.2406439
Algorithm converged after  2  iterations.
[1] 0.2428535
Algorithm converged after  2  iterations.
[1] 0.2090707
Algorithm converged after  2  iterations.
[1] 0.2349254
Algorithm converged after  2  iterations.
[1] 0.2379808
Algorithm converged after  2  iterations.
[1] 0.1974182
Algorithm converged after  2  iterations.
[1] 0.2296008
Algorithm converged after  2  iterations.
[1] 0.1935181
Algorithm converged after  2  iterations.
[1] 0.196259
Algorithm converged after  2  iterations.
[1] 0.2236
Algorithm converged after  2  iterations.
[1] 0.186359
Algorithm converged after  2  iterations.
[1] 0.2244405
Algorithm converged after  2  iterations.
[1] 0.1808663
Algorithm converged after  2  iterations.
[1] 0.1901963
Algorithm converged after  2  iterations.
[1] 0.1837959
Algorithm converged after  2  iterations.
[1] 0.1796003
Algorithm converged after  2  iterations.
[1] 0.2182979
Algorithm converged after  2  iterations.
[1] 0.173185
Algorithm converged after  2  iterations.
[1] 0.1773076
Algorithm converged after  2  iterations.
[1] 0.1718625
Algorithm converged after  2  iterations.
[1] 0.1729547
Algorithm converged after  2  iterations.
[1] 0.1658905
Algorithm converged after  2  iterations.
[1] 0.1846048
Algorithm converged after  2  iterations.
[1] 0.1764909
Algorithm converged after  2  iterations.
[1] 0.1755133
Algorithm converged after  2  iterations.
[1] 0.1703666
Algorithm converged after  2  iterations.
[1] 0.1744507
Algorithm converged after  2  iterations.
[1] 0.1717617
Algorithm converged after  2  iterations.
[1] 0.1656065
Algorithm converged after  2  iterations.
[1] 0.1669582
Algorithm converged after  2  iterations.
[1] 0.1615392
Algorithm converged after  2  iterations.
[1] 0.1604704
Algorithm converged after  2  iterations.
[1] 0.1648
Algorithm converged after  2  iterations.
[1] 0.1593075
Algorithm converged after  2  iterations.
[1] 0.1630099
Algorithm converged after  2  iterations.
[1] 0.1565108
Algorithm converged after  2  iterations.
[1] 0.1563584
Algorithm converged after  2  iterations.
[1] 0.1554075
Algorithm converged after  2  iterations.
[1] 0.1510658
Algorithm converged after  2  iterations.
[1] 0.1519223
Algorithm converged after  2  iterations.
[1] 0.149524
Algorithm converged after  2  iterations.
[1] 0.147563
Algorithm converged after  2  iterations.
[1] 0.1464792
Algorithm converged after  2  iterations.
[1] 0.1478771
Algorithm converged after  2  iterations.
[1] 0.1456535
Algorithm converged after  2  iterations.
[1] 0.1430547
Algorithm converged after  2  iterations.
[1] 0.1450928
Algorithm converged after  2  iterations.
[1] 0.1439904
Algorithm converged after  2  iterations.
[1] 0.1419529
Algorithm converged after  2  iterations.
[1] 0.2494721
Algorithm converged after  2  iterations.
[1] 0.2360361
Algorithm converged after  2  iterations.
[1] 0.2393483
Algorithm converged after  2  iterations.
[1] 0.2089683
Algorithm converged after  2  iterations.
[1] 0.2297967
Algorithm converged after  2  iterations.
[1] 0.2337637
Algorithm converged after  2  iterations.
[1] 0.1966052
Algorithm converged after  2  iterations.
[1] 0.2253093
Algorithm converged after  2  iterations.
[1] 0.192729
Algorithm converged after  2  iterations.
[1] 0.1967715
Algorithm converged after  2  iterations.
[1] 0.2187642
Algorithm converged after  2  iterations.
[1] 0.1850349
Algorithm converged after  2  iterations.
[1] 0.2193676
Algorithm converged after  2  iterations.
[1] 0.1792493
Algorithm converged after  2  iterations.
[1] 0.1899391
Algorithm converged after  2  iterations.
[1] 0.1835889
Algorithm converged after  2  iterations.
[1] 0.1794316
Algorithm converged after  2  iterations.
[1] 0.2126397
Algorithm converged after  2  iterations.
[1] 0.1709497
Algorithm converged after  2  iterations.
[1] 0.1762463
Algorithm converged after  2  iterations.
[1] 0.1711408
Algorithm converged after  2  iterations.
[1] 0.1719115
Algorithm converged after  2  iterations.
[1] 0.1648684
Algorithm converged after  2  iterations.
[1] 0.1843144
Algorithm converged after  2  iterations.
[1] 0.1750493
Algorithm converged after  2  iterations.
[1] 0.1752607
Algorithm converged after  2  iterations.
[1] 0.1691028
Algorithm converged after  2  iterations.
[1] 0.1732305
Algorithm converged after  2  iterations.
[1] 0.1729477
Algorithm converged after  2  iterations.
[1] 0.1646563
Algorithm converged after  2  iterations.
[1] 0.1654894
Algorithm converged after  2  iterations.
[1] 0.1589535
Algorithm converged after  2  iterations.
[1] 0.1591863
Algorithm converged after  2  iterations.
[1] 0.1635644
Algorithm converged after  2  iterations.
[1] 0.1569482
Algorithm converged after  2  iterations.
[1] 0.1630379
Algorithm converged after  2  iterations.
[1] 0.1542146
Algorithm converged after  2  iterations.
[1] 0.1566361
Algorithm converged after  2  iterations.
[1] 0.1544546
Algorithm converged after  2  iterations.
[1] 0.1483601
Algorithm converged after  2  iterations.
[1] 0.1493622
Algorithm converged after  2  iterations.
[1] 0.1471091
Algorithm converged after  2  iterations.
[1] 0.1466387
Algorithm converged after  2  iterations.
[1] 0.1441834
Algorithm converged after  2  iterations.
[1] 0.1453197
Algorithm converged after  2  iterations.
[1] 0.1446844
Algorithm converged after  2  iterations.
[1] 0.140611
Algorithm converged after  2  iterations.
[1] 0.144343
Algorithm converged after  2  iterations.
[1] 0.141848
Algorithm converged after  2  iterations.
[1] 0.14136
Algorithm converged after  2  iterations.
[1] 0.254072
Algorithm converged after  2  iterations.
[1] 0.2406038
Algorithm converged after  2  iterations.
[1] 0.2439533
Algorithm converged after  2  iterations.
[1] 0.2097695
Algorithm converged after  2  iterations.
[1] 0.2344821
Algorithm converged after  2  iterations.
[1] 0.2388723
Algorithm converged after  2  iterations.
[1] 0.1978299
Algorithm converged after  2  iterations.
[1] 0.2298931
Algorithm converged after  2  iterations.
[1] 0.1932378
Algorithm converged after  2  iterations.
[1] 0.1973927
Algorithm converged after  2  iterations.
[1] 0.2234782
Algorithm converged after  2  iterations.
[1] 0.18556
Algorithm converged after  2  iterations.
[1] 0.224494
Algorithm converged after  2  iterations.
[1] 0.1802061
Algorithm converged after  2  iterations.
[1] 0.1910776
Algorithm converged after  2  iterations.
[1] 0.1846545
Algorithm converged after  2  iterations.
[1] 0.1797261
Algorithm converged after  2  iterations.
[1] 0.2179202
Algorithm converged after  2  iterations.
[1] 0.1719474
Algorithm converged after  2  iterations.
[1] 0.1778877
Algorithm converged after  2  iterations.
[1] 0.1714443
Algorithm converged after  2  iterations.
[1] 0.1727664
Algorithm converged after  2  iterations.
[1] 0.1656348
Algorithm converged after  2  iterations.
[1] 0.1845714
Algorithm converged after  2  iterations.
[1] 0.1754628
Algorithm converged after  2  iterations.
[1] 0.1759463
Algorithm converged after  2  iterations.
[1] 0.1698257
Algorithm converged after  2  iterations.
[1] 0.1734153
Algorithm converged after  2  iterations.
[1] 0.172207
Algorithm converged after  2  iterations.
[1] 0.1659314
Algorithm converged after  2  iterations.
[1] 0.1663662
Algorithm converged after  2  iterations.
[1] 0.1598792
Algorithm converged after  2  iterations.
[1] 0.1604097
Algorithm converged after  2  iterations.
[1] 0.1642053
Algorithm converged after  2  iterations.
[1] 0.1576294
Algorithm converged after  2  iterations.
[1] 0.1624065
Algorithm converged after  2  iterations.
[1] 0.1557364
Algorithm converged after  2  iterations.
[1] 0.1562991
Algorithm converged after  2  iterations.
[1] 0.1562809
Algorithm converged after  2  iterations.
[1] 0.1498395
Algorithm converged after  2  iterations.
[1] 0.1506436
Algorithm converged after  2  iterations.
[1] 0.1482452
Algorithm converged after  2  iterations.
[1] 0.1462583
Algorithm converged after  2  iterations.
[1] 0.1462031
Algorithm converged after  2  iterations.
[1] 0.1464538
Algorithm converged after  2  iterations.
[1] 0.1442104
Algorithm converged after  2  iterations.
[1] 0.1425789
Algorithm converged after  2  iterations.
[1] 0.1437868
Algorithm converged after  2  iterations.
[1] 0.1437306
Algorithm converged after  2  iterations.
[1] 0.1416805
Algorithm converged after  2  iterations.
[1] 0.2528105
Algorithm converged after  2  iterations.
[1] 0.2410848
Algorithm converged after  2  iterations.
[1] 0.2421105
Algorithm converged after  2  iterations.
[1] 0.2075111
Algorithm converged after  2  iterations.
[1] 0.2359531
Algorithm converged after  2  iterations.
[1] 0.2377041
Algorithm converged after  2  iterations.
[1] 0.1952067
Algorithm converged after  2  iterations.
[1] 0.2298395
Algorithm converged after  2  iterations.
[1] 0.1930533
Algorithm converged after  2  iterations.
[1] 0.1943326
Algorithm converged after  2  iterations.
[1] 0.2244508
Algorithm converged after  2  iterations.
[1] 0.1866053
Algorithm converged after  2  iterations.
[1] 0.2251932
Algorithm converged after  2  iterations.
[1] 0.1797621
Algorithm converged after  2  iterations.
[1] 0.1888146
Algorithm converged after  2  iterations.
[1] 0.1811352
Algorithm converged after  2  iterations.
[1] 0.1788125
Algorithm converged after  2  iterations.
[1] 0.2196906
Algorithm converged after  2  iterations.
[1] 0.1728189
Algorithm converged after  2  iterations.
[1] 0.175202
Algorithm converged after  2  iterations.
[1] 0.1718309
Algorithm converged after  2  iterations.
[1] 0.1727996
Algorithm converged after  2  iterations.
[1] 0.1643737
Algorithm converged after  2  iterations.
[1] 0.1853134
Algorithm converged after  2  iterations.
[1] 0.1769001
Algorithm converged after  2  iterations.
[1] 0.1769905
Algorithm converged after  2  iterations.
[1] 0.1699787
Algorithm converged after  2  iterations.
[1] 0.1749265
Algorithm converged after  2  iterations.
[1] 0.1733115
Algorithm converged after  2  iterations.
[1] 0.1652892
Algorithm converged after  2  iterations.
[1] 0.1681614
Algorithm converged after  2  iterations.
[1] 0.1607649
Algorithm converged after  2  iterations.
[1] 0.1608644
Algorithm converged after  2  iterations.
[1] 0.1660839
Algorithm converged after  2  iterations.
[1] 0.1585906
Algorithm converged after  2  iterations.
[1] 0.1642847
Algorithm converged after  2  iterations.
[1] 0.1557983
Algorithm converged after  2  iterations.
[1] 0.1568074
Algorithm converged after  2  iterations.
[1] 0.1559009
Algorithm converged after  2  iterations.
[1] 0.1510958
Algorithm converged after  2  iterations.
[1] 0.1519711
Algorithm converged after  2  iterations.
[1] 0.1496299
Algorithm converged after  2  iterations.
[1] 0.1476503
Algorithm converged after  2  iterations.
[1] 0.1466036
Algorithm converged after  2  iterations.
[1] 0.1478265
Algorithm converged after  2  iterations.
[1] 0.1457423
Algorithm converged after  2  iterations.
[1] 0.1429552
Algorithm converged after  2  iterations.
[1] 0.1452395
Algorithm converged after  2  iterations.
[1] 0.1441753
Algorithm converged after  2  iterations.
[1] 0.1421197
Algorithm converged after  2  iterations.
[1] 0.2542444
Algorithm converged after  2  iterations.
[1] 0.2414053
Algorithm converged after  2  iterations.
[1] 0.2441908
Algorithm converged after  2  iterations.
[1] 0.2101507
Algorithm converged after  2  iterations.
[1] 0.2352855
Algorithm converged after  2  iterations.
[1] 0.2389782
Algorithm converged after  2  iterations.
[1] 0.1983278
Algorithm converged after  2  iterations.
[1] 0.2307932
Algorithm converged after  2  iterations.
[1] 0.1944214
Algorithm converged after  2  iterations.
[1] 0.1978694
Algorithm converged after  2  iterations.
[1] 0.2243841
Algorithm converged after  2  iterations.
[1] 0.1867683
Algorithm converged after  2  iterations.
[1] 0.2252708
Algorithm converged after  2  iterations.
[1] 0.1815771
Algorithm converged after  2  iterations.
[1] 0.1913994
Algorithm converged after  2  iterations.
[1] 0.1852644
Algorithm converged after  2  iterations.
[1] 0.1810763
Algorithm converged after  2  iterations.
[1] 0.2186999
Algorithm converged after  2  iterations.
[1] 0.1733579
Algorithm converged after  2  iterations.
[1] 0.1783377
Algorithm converged after  2  iterations.
[1] 0.1728333
Algorithm converged after  2  iterations.
[1] 0.173983
Algorithm converged after  2  iterations.
[1] 0.1672101
Algorithm converged after  2  iterations.
[1] 0.1854866
Algorithm converged after  2  iterations.
[1] 0.1764505
Algorithm converged after  2  iterations.
[1] 0.1769429
Algorithm converged after  2  iterations.
[1] 0.1711365
Algorithm converged after  2  iterations.
[1] 0.1743606
Algorithm converged after  2  iterations.
[1] 0.1731341
Algorithm converged after  2  iterations.
[1] 0.1666051
Algorithm converged after  2  iterations.
[1] 0.1674464
Algorithm converged after  2  iterations.
[1] 0.1612985
Algorithm converged after  2  iterations.
[1] 0.161837
Algorithm converged after  2  iterations.
[1] 0.1652427
Algorithm converged after  2  iterations.
[1] 0.1590096
Algorithm converged after  2  iterations.
[1] 0.1634164
Algorithm converged after  2  iterations.
[1] 0.1564825
Algorithm converged after  2  iterations.
[1] 0.1576637
Algorithm converged after  2  iterations.
[1] 0.1570375
Algorithm converged after  2  iterations.
[1] 0.1513959
Algorithm converged after  2  iterations.
[1] 0.152397
Algorithm converged after  2  iterations.
[1] 0.1498929
Algorithm converged after  2  iterations.
[1] 0.1479543
Algorithm converged after  2  iterations.
[1] 0.147164
Algorithm converged after  2  iterations.
[1] 0.1481289
Algorithm converged after  2  iterations.
[1] 0.1460961
Algorithm converged after  2  iterations.
[1] 0.1436812
Algorithm converged after  2  iterations.
[1] 0.1453737
Algorithm converged after  2  iterations.
[1] 0.1445693
Algorithm converged after  2  iterations.
[1] 0.1425583
Algorithm converged after  2  iterations.
[1] 0.251143
Algorithm converged after  2  iterations.
[1] 0.2380956
Algorithm converged after  2  iterations.
[1] 0.2406402
Algorithm converged after  2  iterations.
[1] 0.2105266
Algorithm converged after  2  iterations.
[1] 0.2320835
Algorithm converged after  2  iterations.
[1] 0.2354264
Algorithm converged after  2  iterations.
[1] 0.1984674
Algorithm converged after  2  iterations.
[1] 0.2269899
Algorithm converged after  2  iterations.
[1] 0.1947772
Algorithm converged after  2  iterations.
[1] 0.1978795
Algorithm converged after  2  iterations.
[1] 0.2206754
Algorithm converged after  2  iterations.
[1] 0.1873803
Algorithm converged after  2  iterations.
[1] 0.2214549
Algorithm converged after  2  iterations.
[1] 0.1816756
Algorithm converged after  2  iterations.
[1] 0.1915051
Algorithm converged after  2  iterations.
[1] 0.1849978
Algorithm converged after  2  iterations.
[1] 0.1810332
Algorithm converged after  2  iterations.
[1] 0.2149779
Algorithm converged after  2  iterations.
[1] 0.1737217
Algorithm converged after  2  iterations.
[1] 0.178163
Algorithm converged after  2  iterations.
[1] 0.1730499
Algorithm converged after  2  iterations.
[1] 0.1740428
Algorithm converged after  2  iterations.
[1] 0.1668559
Algorithm converged after  2  iterations.
[1] 0.1847025
Algorithm converged after  2  iterations.
[1] 0.17617
Algorithm converged after  2  iterations.
[1] 0.1765624
Algorithm converged after  2  iterations.
[1] 0.1699936
Algorithm converged after  2  iterations.
[1] 0.1741119
Algorithm converged after  2  iterations.
[1] 0.1729542
Algorithm converged after  2  iterations.
[1] 0.1650143
Algorithm converged after  2  iterations.
[1] 0.1676161
Algorithm converged after  2  iterations.
[1] 0.160682
Algorithm converged after  2  iterations.
[1] 0.1611121
Algorithm converged after  2  iterations.
[1] 0.1654516
Algorithm converged after  2  iterations.
[1] 0.1584228
Algorithm converged after  2  iterations.
[1] 0.163811
Algorithm converged after  2  iterations.
[1] 0.1554047
Algorithm converged after  2  iterations.
[1] 0.1571495
Algorithm converged after  2  iterations.
[1] 0.1558493
Algorithm converged after  2  iterations.
[1] 0.1512547
Algorithm converged after  2  iterations.
[1] 0.1521299
Algorithm converged after  2  iterations.
[1] 0.149638
Algorithm converged after  2  iterations.
[1] 0.1479165
Algorithm converged after  2  iterations.
[1] 0.1464603
Algorithm converged after  2  iterations.
[1] 0.1479309
Algorithm converged after  2  iterations.
[1] 0.1458744
Algorithm converged after  2  iterations.
[1] 0.1430887
Algorithm converged after  2  iterations.
[1] 0.1453524
Algorithm converged after  2  iterations.
[1] 0.1438703
Algorithm converged after  2  iterations.
[1] 0.1420789
Algorithm converged after  2  iterations.
[1] "Best iter parameter is:"
   gam  rankJ rankA1 rankA2 rankA3 
 1e+10  2e+00  0e+00  0e+00  2e+00 
[1] 0.1430971
Algorithm converged after  2  iterations.
         [,1]     [,2]     [,3]
[1,] 6.118641 7.731316 46.19778
