myseed=7863 

Attaching package: ‘pls’

The following object is masked from ‘package:stats’:

    loadings

Loading required package: lattice
Loading required package: ggplot2
Registered S3 methods overwritten by 'ggplot2':
  method         from 
  [.quosures     rlang
  c.quosures     rlang
  print.quosures rlang

Attaching package: ‘caret’

The following object is masked from ‘package:pls’:

    R2

Loading required package: Matrix
Loading required package: foreach
Loaded glmnet 2.0-18

Parsed with column specification:
cols(
  .default = col_double()
)
See spec(...) for full column specifications.
Parsed with column specification:
cols(
  X1 = col_double()
)
Parsed with column specification:
cols(
  X1 = col_double()
)
numeric(0)
Algorithm converged after  1  iterations.
[1] 4.854597e-08
Algorithm converged after  2  iterations.
[1] 2.74415e-08
Algorithm converged after  2  iterations.
[1] 9.710551e-08
Algorithm converged after  2  iterations.
[1] 4.854597e-08 4.334215e-09
Algorithm converged after  2  iterations.
[1] 2.744150e-08 1.746214e-08
Algorithm converged after  2  iterations.
[1] 9.710551e-08 9.741665e-19
Algorithm converged after  2  iterations.
[1] 4.854597e-08 2.744150e-08
Algorithm converged after  2  iterations.
[1] 4.854597e-08 9.710551e-08
Algorithm converged after  2  iterations.
[1] 2.744150e-08 9.710551e-08
Algorithm converged after  2  iterations.
[1] 4.854597e-08 4.334215e-09 2.744150e-08
Algorithm converged after  2  iterations.
[1] 4.854597e-08 4.334215e-09 9.710551e-08
Algorithm converged after  2  iterations.
[1] 4.854597e-08 2.744150e-08 1.746214e-08
Algorithm converged after  2  iterations.
[1] 4.854597e-08 9.710551e-08 9.741665e-19
Algorithm converged after  2  iterations.
[1] 2.744150e-08 1.746214e-08 9.710551e-08
Algorithm converged after  2  iterations.
[1] 2.744150e-08 9.710551e-08 9.741665e-19
Algorithm converged after  2  iterations.
[1] 4.854597e-08 2.744150e-08 9.710551e-08
Algorithm converged after  2  iterations.
[1] 4.854597e-08 4.334215e-09 2.744150e-08 1.746214e-08
Algorithm converged after  2  iterations.
[1] 4.854597e-08 4.334215e-09 9.710551e-08 9.741665e-19
Algorithm converged after  2  iterations.
[1] 2.744150e-08 1.746214e-08 9.710551e-08 9.741665e-19
Algorithm converged after  2  iterations.
[1] 4.854597e-08 4.334215e-09 2.744150e-08 9.710551e-08
Algorithm converged after  2  iterations.
[1] 4.854597e-08 2.744150e-08 1.746214e-08 9.710551e-08
Algorithm converged after  2  iterations.
[1] 4.854597e-08 2.744150e-08 9.710551e-08 9.741665e-19
Algorithm converged after  2  iterations.
[1] 1.482203e-06
Algorithm converged after  2  iterations.
[1] 1.482203e-06 3.196124e-10
Algorithm converged after  8  iterations.
[1] 1.482203e-06 1.095436e-08
Algorithm converged after  5  iterations.
[1] 1.482203e-06 6.132621e-07
Algorithm converged after  7  iterations.
[1] 1.482203e-06 3.196124e-10 6.641817e-11
[1] 1.669126e-06 3.267630e-10 6.748522e-11
[1] 1.715551e-06 3.301551e-10 6.830195e-11
Algorithm converged after  26  iterations.
[1] 1.482203e-06 1.095436e-08 6.864683e-11
[1] 1.493311e-06 1.106925e-08 9.795111e-19
[1] 1.562790e-06 1.174241e-08 6.835947e-11
[1] 1.527402e-06 1.199789e-08 6.537926e-11
[1] 1.624578e-06 1.189460e-08 6.722927e-11
Algorithm converged after  47  iterations.
[1] 1.482203e-06 6.132621e-07 1.562697e-09
Algorithm converged after  7  iterations.
[1] 1.482203e-06 3.196124e-10 1.095436e-08
Algorithm converged after  6  iterations.
[1] 1.482203e-06 3.196124e-10 6.132621e-07
Algorithm converged after  7  iterations.
[1] 1.482203e-06 1.095436e-08 6.132621e-07
Algorithm converged after  7  iterations.
[1] 1.482203e-06 3.196124e-10 6.641817e-11 1.095436e-08
Algorithm converged after  6  iterations.
[1] 1.482203e-06 3.196124e-10 6.641817e-11 6.132621e-07
[1] 1.979727e-06 3.391585e-10 6.916915e-11 8.101679e-07
Algorithm converged after  11  iterations.
[1] 1.482203e-06 3.196124e-10 1.095436e-08 6.864683e-11
Algorithm converged after  6  iterations.
[1] 1.482203e-06 3.196124e-10 6.132621e-07 1.562697e-09
Algorithm converged after  8  iterations.
[1] 1.482203e-06 1.095436e-08 6.864683e-11 6.132621e-07
[1] 1.803738e-06 1.260172e-08 5.110396e-14 7.157591e-07
[1] 1.759568e-06 1.212321e-08 1.526694e-18 7.169170e-07
[1] 1.754778e-06 1.213341e-08 6.991961e-11 7.133327e-07
Algorithm converged after  34  iterations.
[1] 1.482203e-06 1.095436e-08 6.132621e-07 1.562697e-09
Algorithm converged after  8  iterations.
[1] 1.482203e-06 3.196124e-10 1.095436e-08 6.132621e-07
Algorithm converged after  7  iterations.
[1] 1.482203e-06 1.015499e-08
Algorithm converged after  2  iterations.
[1] 1.482203e-06 1.015499e-08 4.866222e-09
[1] 1.385728e-06 3.228797e-09 7.786105e-09
Algorithm converged after  11  iterations.
[1] 1.482203e-06 1.015499e-08 3.229098e-09
[1] 1.616352e-06 1.944096e-08 2.789503e-08
Algorithm converged after  15  iterations.
[1] 1.482203e-06 1.015499e-08 1.087236e-06
[1] 2.225613e-06 1.032239e-07 4.122038e-06
Algorithm converged after  20  iterations.
[1] 1.482203e-06 1.015499e-08 4.866222e-09 7.186763e-11
[1] 1.544913e-06 4.163712e-09 1.051998e-08 4.303001e-10
Algorithm converged after  15  iterations.
[1] 1.482203e-06 1.015499e-08 3.229098e-09 6.948067e-11
[1] 1.576801e-06 2.927194e-08 3.057953e-08 1.487677e-10
Algorithm converged after  18  iterations.
[1] 1.482203e-06 1.015499e-08 1.087236e-06 2.718545e-10
[1] 2.208942e-06 1.236311e-07 4.599540e-06 4.015485e-10
[1] 2.220139e-06 1.255929e-07 4.653155e-06 4.068201e-10
Algorithm converged after  28  iterations.
[1] 1.482203e-06 1.015499e-08 4.866222e-09 3.229098e-09
[1] 1.781050e-06 2.232192e-08 1.366162e-08 3.234381e-08
[1] 1.781647e-06 2.234956e-08 1.364245e-08 3.234575e-08
Algorithm converged after  21  iterations.
[1] 1.482203e-06 1.015499e-08 4.866222e-09 1.087236e-06
[1] 2.233315e-06 1.667786e-07 2.648573e-08 5.638133e-06
[1] 2.237551e-06 1.679113e-07 2.663433e-08 5.666220e-06
Algorithm converged after  28  iterations.
[1] 1.482203e-06 1.015499e-08 3.229098e-09 1.087236e-06
[1] 2.306798e-06 1.461770e-07 4.872523e-09 5.285918e-06
[1] 2.323714e-06 1.502943e-07 5.147010e-09 5.393165e-06
[1] 2.323924e-06 1.503468e-07 5.150774e-09 5.394534e-06
Algorithm converged after  36  iterations.
numeric(0)
Algorithm converged after  1  iterations.
[1] 4.0735e-08
Algorithm converged after  2  iterations.
[1] 3.096512e-08
Algorithm converged after  2  iterations.
[1] 1.409932e-07
Algorithm converged after  2  iterations.
[1] 4.073500e-08 6.781515e-09
Algorithm converged after  2  iterations.
[1] 3.096512e-08 1.790578e-08
Algorithm converged after  2  iterations.
[1] 1.409932e-07 1.377382e-07
Algorithm converged after  2  iterations.
[1] 4.073500e-08 3.096512e-08
Algorithm converged after  2  iterations.
[1] 4.073500e-08 1.409932e-07
Algorithm converged after  2  iterations.
[1] 3.096512e-08 1.409932e-07
Algorithm converged after  2  iterations.
[1] 4.073500e-08 6.781515e-09 3.096512e-08
Algorithm converged after  2  iterations.
[1] 4.073500e-08 6.781515e-09 1.409932e-07
Algorithm converged after  2  iterations.
[1] 4.073500e-08 3.096512e-08 1.790578e-08
Algorithm converged after  2  iterations.
[1] 4.073500e-08 1.409932e-07 1.377382e-07
Algorithm converged after  2  iterations.
[1] 3.096512e-08 1.790578e-08 1.409932e-07
Algorithm converged after  2  iterations.
[1] 3.096512e-08 1.409932e-07 1.377382e-07
Algorithm converged after  2  iterations.
[1] 4.073500e-08 3.096512e-08 1.409932e-07
Algorithm converged after  2  iterations.
[1] 4.073500e-08 6.781515e-09 3.096512e-08 1.790578e-08
Algorithm converged after  2  iterations.
[1] 4.073500e-08 6.781515e-09 1.409932e-07 1.377382e-07
Algorithm converged after  2  iterations.
[1] 3.096512e-08 1.790578e-08 1.409932e-07 1.377382e-07
Algorithm converged after  2  iterations.
[1] 4.073500e-08 6.781515e-09 3.096512e-08 1.409932e-07
Algorithm converged after  2  iterations.
[1] 4.073500e-08 3.096512e-08 1.790578e-08 1.409932e-07
Algorithm converged after  2  iterations.
[1] 4.073500e-08 3.096512e-08 1.409932e-07 1.377382e-07
Algorithm converged after  2  iterations.
[1] 1.499613e-06
Algorithm converged after  2  iterations.
[1] 1.499613e-06 3.571988e-09
Algorithm converged after  6  iterations.
[1] 1.499613e-06 1.550190e-08
Algorithm converged after  5  iterations.
[1] 1.499613e-06 1.569968e-07
Algorithm converged after  6  iterations.
[1] 1.499613e-06 3.571988e-09 3.011114e-10
Algorithm converged after  7  iterations.
[1] 1.499613e-06 1.550190e-08 6.947110e-10
Algorithm converged after  6  iterations.
[1] 1.499613e-06 1.569968e-07 1.805227e-09
Algorithm converged after  7  iterations.
[1] 1.499613e-06 3.571988e-09 1.550190e-08
Algorithm converged after  6  iterations.
[1] 1.499613e-06 3.571988e-09 1.569968e-07
Algorithm converged after  6  iterations.
[1] 1.499613e-06 1.550190e-08 1.569968e-07
Algorithm converged after  6  iterations.
[1] 1.499613e-06 3.571988e-09 3.011114e-10 1.550190e-08
Algorithm converged after  8  iterations.
[1] 1.499613e-06 3.571988e-09 3.011114e-10 1.569968e-07
Algorithm converged after  7  iterations.
[1] 1.499613e-06 3.571988e-09 1.550190e-08 6.947110e-10
Algorithm converged after  7  iterations.
[1] 1.499613e-06 3.571988e-09 1.569968e-07 1.805227e-09
Algorithm converged after  7  iterations.
[1] 1.499613e-06 1.550190e-08 6.947110e-10 1.569968e-07
Algorithm converged after  7  iterations.
[1] 1.499613e-06 1.550190e-08 1.569968e-07 1.805227e-09
Algorithm converged after  7  iterations.
[1] 1.499613e-06 3.571988e-09 1.550190e-08 1.569968e-07
Algorithm converged after  7  iterations.
[1] 1.499613e-06 1.254075e-08
Algorithm converged after  2  iterations.
[1] 1.499613e-06 1.254075e-08 4.725455e-09
Algorithm converged after  9  iterations.
[1] 1.499613e-06 1.254075e-08 1.016499e-08
[1] 1.646899e-06 3.088542e-08 2.554893e-08
Algorithm converged after  14  iterations.
[1] 1.499613e-06 1.254075e-08 1.442562e-07
[1] 1.773383e-06 4.160692e-08 1.588561e-06
Algorithm converged after  17  iterations.
[1] 1.499613e-06 1.254075e-08 4.725455e-09 6.327790e-11
Algorithm converged after  10  iterations.
[1] 1.499613e-06 1.254075e-08 1.016499e-08 6.951390e-11
[1] 1.653377e-06 1.854352e-08 1.777509e-08 2.042279e-10
Algorithm converged after  16  iterations.
[1] 1.499613e-06 1.254075e-08 1.442562e-07 8.905985e-10
Algorithm converged after  8  iterations.
[1] 1.499613e-06 1.254075e-08 4.725455e-09 1.016499e-08
[1] 1.790015e-06 2.264358e-08 1.991340e-08 2.307650e-08
Algorithm converged after  12  iterations.
[1] 1.499613e-06 1.254075e-08 4.725455e-09 1.442562e-07
Algorithm converged after  8  iterations.
[1] 1.499613e-06 1.254075e-08 1.016499e-08 1.442562e-07
Algorithm converged after  8  iterations.
numeric(0)
Algorithm converged after  1  iterations.
[1] 4.188149e-08
Algorithm converged after  2  iterations.
[1] 3.712966e-08
Algorithm converged after  2  iterations.
[1] 8.671016e-08
Algorithm converged after  2  iterations.
[1] 4.188149e-08 3.358040e-09
Algorithm converged after  2  iterations.
[1] 3.712966e-08 2.608446e-08
Algorithm converged after  2  iterations.
[1] 8.671016e-08 9.805610e-19
Algorithm converged after  2  iterations.
[1] 4.188149e-08 3.712966e-08
Algorithm converged after  2  iterations.
[1] 4.188149e-08 8.671016e-08
Algorithm converged after  2  iterations.
[1] 3.712966e-08 8.671016e-08
Algorithm converged after  2  iterations.
[1] 4.188149e-08 3.358040e-09 3.712966e-08
Algorithm converged after  2  iterations.
[1] 4.188149e-08 3.358040e-09 8.671016e-08
Algorithm converged after  2  iterations.
[1] 4.188149e-08 3.712966e-08 2.608446e-08
Algorithm converged after  2  iterations.
[1] 4.188149e-08 8.671016e-08 9.805610e-19
Algorithm converged after  2  iterations.
[1] 3.712966e-08 2.608446e-08 8.671016e-08
Algorithm converged after  2  iterations.
[1] 3.712966e-08 8.671016e-08 9.805610e-19
Algorithm converged after  2  iterations.
[1] 4.188149e-08 3.712966e-08 8.671016e-08
Algorithm converged after  2  iterations.
[1] 4.188149e-08 3.358040e-09 3.712966e-08 2.608446e-08
Algorithm converged after  2  iterations.
[1] 4.188149e-08 3.358040e-09 8.671016e-08 9.805610e-19
Algorithm converged after  2  iterations.
[1] 3.712966e-08 2.608446e-08 8.671016e-08 9.805610e-19
Algorithm converged after  2  iterations.
[1] 4.188149e-08 3.358040e-09 3.712966e-08 8.671016e-08
Algorithm converged after  2  iterations.
[1] 4.188149e-08 3.712966e-08 2.608446e-08 8.671016e-08
Algorithm converged after  2  iterations.
[1] 4.188149e-08 3.712966e-08 8.671016e-08 9.805610e-19
Algorithm converged after  2  iterations.
[1] 1.472142e-06
Algorithm converged after  2  iterations.
[1] 1.472142e-06 4.208474e-09
Algorithm converged after  6  iterations.
[1] 1.472142e-06 4.231602e-08
Algorithm converged after  6  iterations.
[1] 1.472142e-06 3.854960e-08
Algorithm converged after  10  iterations.
[1] 1.472142e-06 4.208474e-09 2.222778e-10
Algorithm converged after  8  iterations.
[1] 1.472142e-06 4.231602e-08 7.299864e-10
Algorithm converged after  6  iterations.
[1] 1.472142e-06 3.854960e-08 1.822800e-09
Algorithm converged after  6  iterations.
[1] 1.472142e-06 4.208474e-09 4.231602e-08
Algorithm converged after  7  iterations.
[1] 1.472142e-06 4.208474e-09 3.854960e-08
Algorithm converged after  7  iterations.
[1] 1.472142e-06 4.231602e-08 3.854960e-08
Algorithm converged after  6  iterations.
[1] 1.472142e-06 4.208474e-09 2.222778e-10 4.231602e-08
Algorithm converged after  8  iterations.
[1] 1.472142e-06 4.208474e-09 2.222778e-10 3.854960e-08
Algorithm converged after  8  iterations.
[1] 1.472142e-06 4.208474e-09 4.231602e-08 7.299864e-10
Algorithm converged after  7  iterations.
[1] 1.472142e-06 4.208474e-09 3.854960e-08 1.822800e-09
Algorithm converged after  8  iterations.
[1] 1.472142e-06 4.231602e-08 7.299864e-10 3.854960e-08
Algorithm converged after  6  iterations.
[1] 1.472142e-06 4.231602e-08 3.854960e-08 1.822800e-09
Algorithm converged after  7  iterations.
[1] 1.472142e-06 4.208474e-09 4.231602e-08 3.854960e-08
Algorithm converged after  8  iterations.
[1] 1.472142e-06 1.248535e-08
Algorithm converged after  2  iterations.
[1] 1.472142e-06 1.248535e-08 7.913940e-09
Algorithm converged after  9  iterations.
[1] 1.472142e-06 1.248535e-08 4.992772e-08
Algorithm converged after  8  iterations.
[1] 1.472142e-06 1.248535e-08 1.204273e-07
[1] 1.425341e-06 3.472355e-08 4.329259e-07
Algorithm converged after  20  iterations.
[1] 1.472142e-06 1.248535e-08 7.913940e-09 6.964343e-11
Algorithm converged after  9  iterations.
[1] 1.472142e-06 1.248535e-08 4.992772e-08 6.993106e-11
[1] 1.607313e-06 2.541973e-08 5.672042e-08 7.326973e-11
Algorithm converged after  15  iterations.
[1] 1.472142e-06 1.248535e-08 1.204273e-07 6.039198e-10
[1] 1.302281e-06 3.759502e-08 4.520665e-07 6.950164e-10
[1] 1.302245e-06 3.762957e-08 4.525185e-07 6.950968e-10
Algorithm converged after  22  iterations.
[1] 1.472142e-06 1.248535e-08 7.913940e-09 4.992772e-08
[1] 1.989850e-06 3.861686e-08 1.712170e-08 6.551513e-08
Algorithm converged after  12  iterations.
[1] 1.472142e-06 1.248535e-08 7.913940e-09 1.204273e-07
[1] 1.702408e-06 6.807589e-08 1.952675e-08 8.957642e-07
[1] 1.703001e-06 6.837268e-08 1.957581e-08 9.001859e-07
Algorithm converged after  26  iterations.
[1] 1.472142e-06 1.248535e-08 4.992772e-08 1.204273e-07
[1] 1.669544e-06 7.543231e-08 7.377598e-08 1.035651e-06
[1] 1.669726e-06 7.563101e-08 7.383008e-08 1.038804e-06
Algorithm converged after  25  iterations.
numeric(0)
Algorithm converged after  1  iterations.
[1] 3.502311e-08
Algorithm converged after  2  iterations.
[1] 2.742856e-08
Algorithm converged after  2  iterations.
[1] 6.822636e-08
Algorithm converged after  2  iterations.
[1] 3.502311e-08 5.785415e-09
Algorithm converged after  2  iterations.
[1] 2.742856e-08 4.498962e-09
Algorithm converged after  2  iterations.
[1] 6.822636e-08 2.117112e-16
Algorithm converged after  2  iterations.
[1] 3.502311e-08 2.742856e-08
Algorithm converged after  2  iterations.
[1] 3.502311e-08 6.822636e-08
Algorithm converged after  2  iterations.
[1] 2.742856e-08 6.822636e-08
Algorithm converged after  2  iterations.
[1] 3.502311e-08 5.785415e-09 2.742856e-08
Algorithm converged after  2  iterations.
[1] 3.502311e-08 5.785415e-09 6.822636e-08
Algorithm converged after  2  iterations.
[1] 3.502311e-08 2.742856e-08 4.498962e-09
Algorithm converged after  2  iterations.
[1] 3.502311e-08 6.822636e-08 2.117112e-16
Algorithm converged after  2  iterations.
[1] 2.742856e-08 4.498962e-09 6.822636e-08
Algorithm converged after  2  iterations.
[1] 2.742856e-08 6.822636e-08 2.117112e-16
Algorithm converged after  2  iterations.
[1] 3.502311e-08 2.742856e-08 6.822636e-08
Algorithm converged after  2  iterations.
[1] 3.502311e-08 5.785415e-09 2.742856e-08 4.498962e-09
Algorithm converged after  2  iterations.
[1] 3.502311e-08 5.785415e-09 6.822636e-08 2.117112e-16
Algorithm converged after  2  iterations.
[1] 2.742856e-08 4.498962e-09 6.822636e-08 2.117112e-16
Algorithm converged after  2  iterations.
[1] 3.502311e-08 5.785415e-09 2.742856e-08 6.822636e-08
Algorithm converged after  2  iterations.
[1] 3.502311e-08 2.742856e-08 4.498962e-09 6.822636e-08
Algorithm converged after  2  iterations.
[1] 3.502311e-08 2.742856e-08 6.822636e-08 2.117112e-16
Algorithm converged after  2  iterations.
[1] 1.233517e-06
Algorithm converged after  2  iterations.
[1] 1.233517e-06 5.440130e-09
Algorithm converged after  6  iterations.
[1] 1.233517e-06 2.406799e-08
Algorithm converged after  5  iterations.
[1] 1.233517e-06 1.160618e-07
Algorithm converged after  7  iterations.
[1] 1.233517e-06 5.440130e-09 3.034667e-10
Algorithm converged after  7  iterations.
[1] 1.233517e-06 2.406799e-08 4.636015e-10
Algorithm converged after  6  iterations.
[1] 1.233517e-06 1.160618e-07 1.655256e-09
Algorithm converged after  6  iterations.
[1] 1.233517e-06 5.440130e-09 2.406799e-08
Algorithm converged after  7  iterations.
[1] 1.233517e-06 5.440130e-09 1.160618e-07
Algorithm converged after  6  iterations.
[1] 1.233517e-06 2.406799e-08 1.160618e-07
Algorithm converged after  6  iterations.
[1] 1.233517e-06 5.440130e-09 3.034667e-10 2.406799e-08
Algorithm converged after  8  iterations.
[1] 1.233517e-06 5.440130e-09 3.034667e-10 1.160618e-07
Algorithm converged after  7  iterations.
[1] 1.233517e-06 5.440130e-09 2.406799e-08 4.636015e-10
Algorithm converged after  8  iterations.
[1] 1.233517e-06 5.440130e-09 1.160618e-07 1.655256e-09
[1] 1.506000e-06 6.637236e-09 1.466126e-07 1.800725e-09
Algorithm converged after  11  iterations.
[1] 1.233517e-06 2.406799e-08 4.636015e-10 1.160618e-07
[1] 1.366688e-06 2.512943e-08 4.807682e-11 1.233236e-07
Algorithm converged after  12  iterations.
[1] 1.233517e-06 2.406799e-08 1.160618e-07 1.655256e-09
Algorithm converged after  7  iterations.
[1] 1.233517e-06 5.440130e-09 2.406799e-08 1.160618e-07
Algorithm converged after  7  iterations.
[1] 1.233517e-06 2.685527e-08
Algorithm converged after  2  iterations.
[1] 1.233517e-06 2.685527e-08 8.243263e-09
Algorithm converged after  9  iterations.
[1] 1.233517e-06 2.685527e-08 2.299918e-08
Algorithm converged after  9  iterations.
[1] 1.233517e-06 2.685527e-08 3.353609e-08
[1] 1.432054e-06 1.055241e-07 2.834844e-06
[1] 1.455421e-06 1.140386e-07 3.102971e-06
Algorithm converged after  30  iterations.
[1] 1.233517e-06 2.685527e-08 8.243263e-09 6.533663e-11
[1] 1.446004e-06 3.125928e-08 1.118166e-08 7.225906e-11
Algorithm converged after  16  iterations.
[1] 1.233517e-06 2.685527e-08 2.299918e-08 1.838700e-10
[1] 1.423107e-06 3.282087e-08 2.665264e-08 7.346705e-12
Algorithm converged after  14  iterations.
[1] 1.233517e-06 2.685527e-08 3.353609e-08 4.652139e-10
[1] 1.179307e-06 2.770320e-08 3.280812e-07 5.349024e-10
[1] 1.184371e-06 2.801025e-08 3.536180e-07 5.399210e-10
[1] 1.184647e-06 2.802635e-08 3.549747e-07 5.401879e-10
[1] 1.184661e-06 2.802718e-08 3.550443e-07 5.402016e-10
Algorithm converged after  46  iterations.
[1] 1.233517e-06 2.685527e-08 8.243263e-09 2.299918e-08
[1] 1.685514e-06 4.600462e-08 1.744609e-08 3.035541e-08
Algorithm converged after  13  iterations.
[1] 1.233517e-06 2.685527e-08 8.243263e-09 3.353609e-08
[1] 1.727242e-06 4.812515e-08 2.695920e-08 1.150407e-06
[1] 1.780766e-06 4.972902e-08 2.879416e-08 1.311233e-06
[1] 1.786429e-06 4.989397e-08 2.898563e-08 1.328305e-06
[1] 1.787021e-06 4.991117e-08 2.900562e-08 1.330090e-06
[1] 1.787083e-06 4.991296e-08 2.900771e-08 1.330277e-06
Algorithm converged after  58  iterations.
[1] 1.233517e-06 2.685527e-08 2.299918e-08 3.353609e-08
[1] 1.583684e-06 6.140926e-08 3.586945e-08 1.006089e-06
[1] 1.605025e-06 6.334076e-08 3.653530e-08 1.092699e-06
[1] 1.606403e-06 6.346297e-08 3.657752e-08 1.098280e-06
[1] 1.606491e-06 6.347075e-08 3.658020e-08 1.098635e-06
Algorithm converged after  49  iterations.
numeric(0)
Algorithm converged after  1  iterations.
[1] 3.595414e-08
Algorithm converged after  2  iterations.
[1] 2.804718e-08
Algorithm converged after  2  iterations.
[1] 3.291872e-07
Algorithm converged after  2  iterations.
[1] 3.595414e-08 6.392322e-09
Algorithm converged after  2  iterations.
[1] 2.804718e-08 5.044575e-10
Algorithm converged after  2  iterations.
[1] 3.291872e-07 6.108361e-08
Algorithm converged after  2  iterations.
[1] 3.595414e-08 2.804718e-08
Algorithm converged after  2  iterations.
[1] 3.595414e-08 3.291872e-07
Algorithm converged after  2  iterations.
[1] 2.804718e-08 3.291872e-07
Algorithm converged after  2  iterations.
[1] 3.595414e-08 6.392322e-09 2.804718e-08
Algorithm converged after  2  iterations.
[1] 3.595414e-08 6.392322e-09 3.291872e-07
Algorithm converged after  2  iterations.
[1] 3.595414e-08 2.804718e-08 5.044575e-10
Algorithm converged after  2  iterations.
[1] 3.595414e-08 3.291872e-07 6.108361e-08
Algorithm converged after  2  iterations.
[1] 2.804718e-08 5.044575e-10 3.291872e-07
Algorithm converged after  2  iterations.
[1] 2.804718e-08 3.291872e-07 6.108361e-08
Algorithm converged after  2  iterations.
[1] 3.595414e-08 2.804718e-08 3.291872e-07
Algorithm converged after  2  iterations.
[1] 3.595414e-08 6.392322e-09 2.804718e-08 5.044575e-10
Algorithm converged after  2  iterations.
[1] 3.595414e-08 6.392322e-09 3.291872e-07 6.108361e-08
Algorithm converged after  2  iterations.
[1] 2.804718e-08 5.044575e-10 3.291872e-07 6.108361e-08
Algorithm converged after  2  iterations.
[1] 3.595414e-08 6.392322e-09 2.804718e-08 3.291872e-07
Algorithm converged after  2  iterations.
[1] 3.595414e-08 2.804718e-08 5.044575e-10 3.291872e-07
Algorithm converged after  2  iterations.
[1] 3.595414e-08 2.804718e-08 3.291872e-07 6.108361e-08
Algorithm converged after  2  iterations.
[1] 1.337762e-06
Algorithm converged after  2  iterations.
[1] 1.337762e-06 1.007291e-08
Algorithm converged after  7  iterations.
[1] 1.337762e-06 4.568612e-08
Algorithm converged after  6  iterations.
[1] 1.337762e-06 8.715073e-07
Algorithm converged after  7  iterations.
[1] 1.337762e-06 1.007291e-08 2.439347e-10
Algorithm converged after  8  iterations.
[1] 1.337762e-06 4.568612e-08 5.291506e-11
Algorithm converged after  7  iterations.
[1] 1.337762e-06 8.715073e-07 1.114757e-09
Algorithm converged after  8  iterations.
[1] 1.337762e-06 1.007291e-08 4.568612e-08
Algorithm converged after  8  iterations.
[1] 1.337762e-06 1.007291e-08 8.715073e-07
Algorithm converged after  9  iterations.
[1] 1.337762e-06 4.568612e-08 8.715073e-07
Algorithm converged after  9  iterations.
[1] 1.337762e-06 1.007291e-08 2.439347e-10 4.568612e-08
Algorithm converged after  9  iterations.
[1] 1.337762e-06 1.007291e-08 2.439347e-10 8.715073e-07
Algorithm converged after  10  iterations.
[1] 1.337762e-06 1.007291e-08 4.568612e-08 5.291506e-11
Algorithm converged after  9  iterations.
[1] 1.337762e-06 1.007291e-08 8.715073e-07 1.114757e-09
Algorithm converged after  9  iterations.
[1] 1.337762e-06 4.568612e-08 5.291506e-11 8.715073e-07
Algorithm converged after  9  iterations.
[1] 1.337762e-06 4.568612e-08 8.715073e-07 1.114757e-09
[1] 2.614028e-06 5.546913e-08 1.222672e-06 1.563308e-19
[1] 2.618039e-06 5.556931e-08 1.225872e-06 1.292352e-09
[1] 2.608109e-06 5.545729e-08 1.218726e-06 1.303966e-09
Algorithm converged after  31  iterations.
[1] 1.337762e-06 1.007291e-08 4.568612e-08 8.715073e-07
Algorithm converged after  10  iterations.
[1] 1.337762e-06 2.138636e-06
Algorithm converged after  2  iterations.
[1] 1.337762e-06 2.138636e-06 3.052751e-10
Algorithm converged after  6  iterations.
[1] 1.337762e-06 2.138636e-06 8.232651e-10
Algorithm converged after  5  iterations.
[1] 1.337762e-06 2.138636e-06 1.550044e-09
Algorithm converged after  8  iterations.
[1] 1.337762e-06 2.138636e-06 3.052751e-10 6.818594e-11
[1] 1.639062e-06 7.349204e-09 1.335544e-08 3.348913e-10
Algorithm converged after  12  iterations.
[1] 1.337762e-06 2.138636e-06 8.232651e-10 5.673405e-11
[1] 1.485018e-06 2.138527e-08 2.835577e-08 6.298767e-10
Algorithm converged after  11  iterations.
[1] 1.337762e-06 2.138636e-06 1.550044e-09 6.367909e-10
Algorithm converged after  9  iterations.
[1] 1.337762e-06 2.138636e-06 3.052751e-10 8.232651e-10
Algorithm converged after  7  iterations.
[1] 1.337762e-06 2.138636e-06 3.052751e-10 1.550044e-09
[1] 3.227662e-06 1.578061e-06 3.374638e-10 1.893706e-09
Algorithm converged after  12  iterations.
[1] 1.337762e-06 2.138636e-06 8.232651e-10 1.550044e-09
Algorithm converged after  8  iterations.
numeric(0)
Algorithm converged after  1  iterations.
[1] 3.958868e-08
Algorithm converged after  2  iterations.
[1] 3.31059e-08
Algorithm converged after  2  iterations.
[1] 9.570989e-08
Algorithm converged after  2  iterations.
[1] 3.958868e-08 5.092050e-09
Algorithm converged after  2  iterations.
[1] 3.310590e-08 1.050954e-09
Algorithm converged after  2  iterations.
[1] 9.570989e-08 4.104130e-09
Algorithm converged after  2  iterations.
[1] 3.958868e-08 3.310590e-08
Algorithm converged after  2  iterations.
[1] 3.958868e-08 9.570989e-08
Algorithm converged after  2  iterations.
[1] 3.310590e-08 9.570989e-08
Algorithm converged after  2  iterations.
[1] 3.958868e-08 5.092050e-09 3.310590e-08
Algorithm converged after  2  iterations.
[1] 3.958868e-08 5.092050e-09 9.570989e-08
Algorithm converged after  2  iterations.
[1] 3.958868e-08 3.310590e-08 1.050954e-09
Algorithm converged after  2  iterations.
[1] 3.958868e-08 9.570989e-08 4.104130e-09
Algorithm converged after  2  iterations.
[1] 3.310590e-08 1.050954e-09 9.570989e-08
Algorithm converged after  2  iterations.
[1] 3.310590e-08 9.570989e-08 4.104130e-09
Algorithm converged after  2  iterations.
[1] 3.958868e-08 3.310590e-08 9.570989e-08
Algorithm converged after  2  iterations.
[1] 3.958868e-08 5.092050e-09 3.310590e-08 1.050954e-09
Algorithm converged after  2  iterations.
[1] 3.958868e-08 5.092050e-09 9.570989e-08 4.104130e-09
Algorithm converged after  2  iterations.
[1] 3.310590e-08 1.050954e-09 9.570989e-08 4.104130e-09
Algorithm converged after  2  iterations.
[1] 3.958868e-08 5.092050e-09 3.310590e-08 9.570989e-08
Algorithm converged after  2  iterations.
[1] 3.958868e-08 3.310590e-08 1.050954e-09 9.570989e-08
Algorithm converged after  2  iterations.
[1] 3.958868e-08 3.310590e-08 9.570989e-08 4.104130e-09
Algorithm converged after  2  iterations.
[1] 1.549596e-06
Algorithm converged after  2  iterations.
[1] 1.549596e-06 4.658382e-09
Algorithm converged after  6  iterations.
[1] 1.549596e-06 2.739525e-08
Algorithm converged after  5  iterations.
[1] 1.549596e-06 2.513854e-07
Algorithm converged after  6  iterations.
[1] 1.549596e-06 4.658382e-09 1.963153e-10
[1] 1.739348e-06 5.871081e-09 2.016342e-10
Algorithm converged after  11  iterations.
[1] 1.549596e-06 2.739525e-08 7.332370e-10
Algorithm converged after  5  iterations.
[1] 1.549596e-06 2.513854e-07 1.313924e-09
[1] 1.795395e-06 3.284491e-07 1.365753e-09
[1] 1.716000e-06 2.845720e-07 1.357666e-09
Algorithm converged after  29  iterations.
[1] 1.549596e-06 4.658382e-09 2.739525e-08
Algorithm converged after  7  iterations.
[1] 1.549596e-06 4.658382e-09 2.513854e-07
Algorithm converged after  7  iterations.
[1] 1.549596e-06 2.739525e-08 2.513854e-07
Algorithm converged after  6  iterations.
[1] 1.549596e-06 4.658382e-09 1.963153e-10 2.739525e-08
[1] 1.913161e-06 6.864133e-09 2.075991e-10 3.054716e-08
Algorithm converged after  12  iterations.
[1] 1.549596e-06 4.658382e-09 1.963153e-10 2.513854e-07
[1] 1.828724e-06 5.863331e-09 1.995433e-10 2.919362e-07
[1] 1.767527e-06 5.537931e-09 1.659262e-17 2.881094e-07
[1] 1.829453e-06 5.867457e-09 1.996453e-10 2.923113e-07
[1] 1.827289e-06 5.852138e-09 1.996105e-10 2.925339e-07
[1] 1.830517e-06 5.871057e-09 5.961533e-19 2.929277e-07
[1] 1.825511e-06 5.855420e-09 8.798345e-18 2.921314e-07
[1] 1.827346e-06 5.858826e-09 1.997980e-10 2.926443e-07
[1] 1.831480e-06 5.879503e-09 1.998826e-10 2.931232e-07
[1] 1.776188e-06 5.569786e-09 1.988488e-10 2.903125e-07
Algorithm converged after  97  iterations.
[1] 1.549596e-06 4.658382e-09 2.739525e-08 7.332370e-10
Algorithm converged after  7  iterations.
[1] 1.549596e-06 4.658382e-09 2.513854e-07 1.313924e-09
[1] 1.893768e-06 5.932073e-09 3.118727e-07 1.431930e-09
Algorithm converged after  14  iterations.
[1] 1.549596e-06 2.739525e-08 7.332370e-10 2.513854e-07
Algorithm converged after  7  iterations.
[1] 1.549596e-06 2.739525e-08 2.513854e-07 1.313924e-09
Algorithm converged after  7  iterations.
[1] 1.549596e-06 4.658382e-09 2.739525e-08 2.513854e-07
Algorithm converged after  7  iterations.
[1] 1.549596e-06 1.846137e-16
Algorithm converged after  2  iterations.
[1] 1.549596e-06 1.846137e-16 3.683322e-09
Algorithm converged after  10  iterations.
[1] 1.549596e-06 1.846137e-16 1.252319e-08
Algorithm converged after  8  iterations.
[1] 1.549596e-06 1.846137e-16 1.420873e-07
[1] 1.784247e-06 2.726741e-08 1.519956e-06
Algorithm converged after  14  iterations.
[1] 1.549596e-06 1.846137e-16 3.683322e-09 1.362992e-10
Algorithm converged after  10  iterations.
[1] 1.549596e-06 1.846137e-16 1.252319e-08 4.698427e-11
[1] 1.605847e-06 2.272743e-08 3.956820e-08 6.733401e-11
[1] 1.749542e-06 2.174136e-08 3.945799e-08 6.488270e-11
[1] 1.785942e-06 2.464210e-08 4.055530e-08 6.524343e-11
[1] 1.712646e-06 2.232355e-08 3.975198e-08 6.371873e-11
[1] 1.751539e-06 2.221940e-08 3.967529e-08 6.475640e-11
[1] 1.665309e-06 2.031147e-08 3.793512e-08 7.771345e-11
[1] 1.660759e-06 3.171072e-08 4.231816e-08 1.073540e-10
Algorithm converged after  74  iterations.
[1] 1.549596e-06 1.846137e-16 1.420873e-07 5.713806e-10
[1] 1.737760e-06 4.490535e-08 1.950442e-06 7.400257e-10
Algorithm converged after  15  iterations.
[1] 1.549596e-06 1.846137e-16 3.683322e-09 1.252319e-08
[1] 1.913781e-06 3.057052e-08 2.415317e-08 4.332978e-08
Algorithm converged after  12  iterations.
[1] 1.549596e-06 1.846137e-16 3.683322e-09 1.420873e-07
[1] 1.775357e-06 4.823395e-09 6.551643e-09 3.839877e-07
Algorithm converged after  16  iterations.
[1] 1.549596e-06 1.846137e-16 1.252319e-08 1.420873e-07
[1] 1.787034e-06 5.131806e-09 3.061312e-08 3.582482e-07
Algorithm converged after  12  iterations.
numeric(0)
Algorithm converged after  1  iterations.
[1] 4.412121e-08
Algorithm converged after  2  iterations.
[1] 4.080599e-08
Algorithm converged after  2  iterations.
[1] 8.304801e-08
Algorithm converged after  2  iterations.
[1] 4.412121e-08 6.225360e-09
Algorithm converged after  2  iterations.
[1] 4.080599e-08 2.531776e-08
Algorithm converged after  2  iterations.
[1] 8.304801e-08 1.753715e-09
Algorithm converged after  2  iterations.
[1] 4.412121e-08 4.080599e-08
Algorithm converged after  2  iterations.
[1] 4.412121e-08 8.304801e-08
Algorithm converged after  2  iterations.
[1] 4.080599e-08 8.304801e-08
Algorithm converged after  2  iterations.
[1] 4.412121e-08 6.225360e-09 4.080599e-08
Algorithm converged after  2  iterations.
[1] 4.412121e-08 6.225360e-09 8.304801e-08
Algorithm converged after  2  iterations.
[1] 4.412121e-08 4.080599e-08 2.531776e-08
Algorithm converged after  2  iterations.
[1] 4.412121e-08 8.304801e-08 1.753715e-09
Algorithm converged after  2  iterations.
[1] 4.080599e-08 2.531776e-08 8.304801e-08
Algorithm converged after  2  iterations.
[1] 4.080599e-08 8.304801e-08 1.753715e-09
Algorithm converged after  2  iterations.
[1] 4.412121e-08 4.080599e-08 8.304801e-08
Algorithm converged after  2  iterations.
[1] 4.412121e-08 6.225360e-09 4.080599e-08 2.531776e-08
Algorithm converged after  2  iterations.
[1] 4.412121e-08 6.225360e-09 8.304801e-08 1.753715e-09
Algorithm converged after  2  iterations.
[1] 4.080599e-08 2.531776e-08 8.304801e-08 1.753715e-09
Algorithm converged after  2  iterations.
[1] 4.412121e-08 6.225360e-09 4.080599e-08 8.304801e-08
Algorithm converged after  2  iterations.
[1] 4.412121e-08 4.080599e-08 2.531776e-08 8.304801e-08
Algorithm converged after  2  iterations.
[1] 4.412121e-08 4.080599e-08 8.304801e-08 1.753715e-09
Algorithm converged after  2  iterations.
[1] 1.564366e-06
Algorithm converged after  2  iterations.
[1] 1.564366e-06 1.535277e-09
Algorithm converged after  8  iterations.
[1] 1.564366e-06 1.228964e-08
Algorithm converged after  6  iterations.
[1] 1.564366e-06 6.023727e-07
Algorithm converged after  6  iterations.
[1] 1.564366e-06 1.535277e-09 4.851578e-10
Algorithm converged after  7  iterations.
[1] 1.564366e-06 1.228964e-08 6.089203e-10
Algorithm converged after  10  iterations.
[1] 1.564366e-06 6.023727e-07 1.617019e-09
Algorithm converged after  7  iterations.
[1] 1.564366e-06 1.535277e-09 1.228964e-08
Algorithm converged after  8  iterations.
[1] 1.564366e-06 1.535277e-09 6.023727e-07
Algorithm converged after  8  iterations.
[1] 1.564366e-06 1.228964e-08 6.023727e-07
Algorithm converged after  7  iterations.
[1] 1.564366e-06 1.535277e-09 4.851578e-10 1.228964e-08
Algorithm converged after  7  iterations.
[1] 1.564366e-06 1.535277e-09 4.851578e-10 6.023727e-07
[1] 2.111181e-06 4.767307e-09 4.588462e-10 8.116577e-07
[1] 2.021698e-06 1.334708e-09 5.511732e-10 7.793826e-07
[1] 1.960047e-06 4.473586e-10 7.644445e-15 7.608872e-07
[1] 1.967186e-06 4.480762e-10 5.982483e-18 7.612085e-07
Algorithm converged after  50  iterations.
[1] 1.564366e-06 1.535277e-09 1.228964e-08 6.089203e-10
[1] 1.585855e-06 1.449388e-09 1.282399e-08 4.846800e-15
Algorithm converged after  18  iterations.
[1] 1.564366e-06 1.535277e-09 6.023727e-07 1.617019e-09
Algorithm converged after  7  iterations.
[1] 1.564366e-06 1.228964e-08 6.089203e-10 6.023727e-07
[1] 1.758666e-06 1.251167e-08 4.130718e-16 7.008077e-07
[1] 1.845941e-06 1.347039e-08 1.134946e-19 6.939916e-07
Algorithm converged after  29  iterations.
[1] 1.564366e-06 1.228964e-08 6.023727e-07 1.617019e-09
Algorithm converged after  7  iterations.
[1] 1.564366e-06 1.535277e-09 1.228964e-08 6.023727e-07
Algorithm converged after  7  iterations.
[1] 1.564366e-06 1.723556e-08
Algorithm converged after  2  iterations.
[1] 1.564366e-06 1.723556e-08 2.987637e-09
Algorithm converged after  9  iterations.
[1] 1.564366e-06 1.723556e-08 2.557636e-09
[1] 1.712608e-06 5.034168e-08 2.914120e-08
Algorithm converged after  12  iterations.
[1] 1.564366e-06 1.723556e-08 9.518164e-07
[1] 2.305236e-06 1.258580e-07 3.514837e-06
[1] 2.306276e-06 1.260403e-07 3.518792e-06
Algorithm converged after  23  iterations.
[1] 1.564366e-06 1.723556e-08 2.987637e-09 5.243776e-20
[1] 1.936599e-06 1.107443e-08 1.628071e-08 5.476894e-10
Algorithm converged after  13  iterations.
[1] 1.564366e-06 1.723556e-08 2.557636e-09 2.576489e-10
[1] 1.691258e-06 2.337712e-08 2.851841e-08 8.932146e-10
Algorithm converged after  16  iterations.
[1] 1.564366e-06 1.723556e-08 9.518164e-07 5.031229e-10
[1] 2.258362e-06 1.412843e-07 3.718954e-06 6.422912e-10
[1] 2.260216e-06 1.416521e-07 3.726270e-06 6.427716e-10
Algorithm converged after  25  iterations.
[1] 1.564366e-06 1.723556e-08 2.987637e-09 2.557636e-09
[1] 1.877662e-06 5.398936e-08 2.625253e-08 2.994370e-08
Algorithm converged after  13  iterations.
[1] 1.564366e-06 1.723556e-08 2.987637e-09 9.518164e-07
[1] 2.368939e-06 1.920647e-07 2.303962e-08 4.717215e-06
[1] 2.375132e-06 1.937336e-07 2.324431e-08 4.749449e-06
Algorithm converged after  30  iterations.
[1] 1.564366e-06 1.723556e-08 2.557636e-09 9.518164e-07
[1] 2.394858e-06 1.705248e-07 4.394823e-09 4.380543e-06
[1] 2.403589e-06 1.726774e-07 4.504654e-09 4.423979e-06
[1] 2.403712e-06 1.727079e-07 4.506240e-09 4.424594e-06
Algorithm converged after  34  iterations.
numeric(0)
Algorithm converged after  1  iterations.
[1] 2.760697e-08
Algorithm converged after  2  iterations.
[1] 2.077989e-08
Algorithm converged after  2  iterations.
[1] 6.432927e-08
Algorithm converged after  2  iterations.
[1] 2.760697e-08 7.810333e-09
Algorithm converged after  2  iterations.
[1] 2.077989e-08 4.014586e-10
Algorithm converged after  2  iterations.
[1] 6.432927e-08 1.584828e-09
Algorithm converged after  2  iterations.
[1] 2.760697e-08 2.077989e-08
Algorithm converged after  2  iterations.
[1] 2.760697e-08 6.432927e-08
Algorithm converged after  2  iterations.
[1] 2.077989e-08 6.432927e-08
Algorithm converged after  2  iterations.
[1] 2.760697e-08 7.810333e-09 2.077989e-08
Algorithm converged after  2  iterations.
[1] 2.760697e-08 7.810333e-09 6.432927e-08
Algorithm converged after  2  iterations.
[1] 2.760697e-08 2.077989e-08 4.014586e-10
Algorithm converged after  2  iterations.
[1] 2.760697e-08 6.432927e-08 1.584828e-09
Algorithm converged after  2  iterations.
[1] 2.077989e-08 4.014586e-10 6.432927e-08
Algorithm converged after  2  iterations.
[1] 2.077989e-08 6.432927e-08 1.584828e-09
Algorithm converged after  2  iterations.
[1] 2.760697e-08 2.077989e-08 6.432927e-08
Algorithm converged after  2  iterations.
[1] 2.760697e-08 7.810333e-09 2.077989e-08 4.014586e-10
Algorithm converged after  2  iterations.
[1] 2.760697e-08 7.810333e-09 6.432927e-08 1.584828e-09
Algorithm converged after  2  iterations.
[1] 2.077989e-08 4.014586e-10 6.432927e-08 1.584828e-09
Algorithm converged after  2  iterations.
[1] 2.760697e-08 7.810333e-09 2.077989e-08 6.432927e-08
Algorithm converged after  2  iterations.
[1] 2.760697e-08 2.077989e-08 4.014586e-10 6.432927e-08
Algorithm converged after  2  iterations.
[1] 2.760697e-08 2.077989e-08 6.432927e-08 1.584828e-09
Algorithm converged after  2  iterations.
[1] 1.112142e-06
Algorithm converged after  2  iterations.
[1] 1.112142e-06 5.519300e-09
Algorithm converged after  6  iterations.
[1] 1.112142e-06 2.361866e-08
Algorithm converged after  6  iterations.
[1] 1.112142e-06 2.846761e-07
Algorithm converged after  6  iterations.
[1] 1.112142e-06 5.519300e-09 3.502915e-10
Algorithm converged after  7  iterations.
[1] 1.112142e-06 2.361866e-08 7.656526e-10
Algorithm converged after  6  iterations.
[1] 1.112142e-06 2.846761e-07 1.680233e-09
Algorithm converged after  7  iterations.
[1] 1.112142e-06 5.519300e-09 2.361866e-08
Algorithm converged after  7  iterations.
[1] 1.112142e-06 5.519300e-09 2.846761e-07
Algorithm converged after  6  iterations.
[1] 1.112142e-06 2.361866e-08 2.846761e-07
Algorithm converged after  6  iterations.
[1] 1.112142e-06 5.519300e-09 3.502915e-10 2.361866e-08
Algorithm converged after  8  iterations.
[1] 1.112142e-06 5.519300e-09 3.502915e-10 2.846761e-07
Algorithm converged after  7  iterations.
[1] 1.112142e-06 5.519300e-09 2.361866e-08 7.656526e-10
Algorithm converged after  7  iterations.
[1] 1.112142e-06 5.519300e-09 2.846761e-07 1.680233e-09
Algorithm converged after  7  iterations.
[1] 1.112142e-06 2.361866e-08 7.656526e-10 2.846761e-07
Algorithm converged after  7  iterations.
[1] 1.112142e-06 2.361866e-08 2.846761e-07 1.680233e-09
Algorithm converged after  7  iterations.
[1] 1.112142e-06 5.519300e-09 2.361866e-08 2.846761e-07
Algorithm converged after  7  iterations.
[1] 1.112142e-06 1.320660e-08
Algorithm converged after  2  iterations.
[1] 1.112142e-06 1.320660e-08 5.930281e-09
Algorithm converged after  8  iterations.
[1] 1.112142e-06 1.320660e-08 1.461295e-08
[1] 1.241656e-06 2.977478e-08 3.873042e-08
Algorithm converged after  12  iterations.
[1] 1.112142e-06 1.320660e-08 2.290523e-07
[1] 1.310700e-06 3.494044e-08 2.137830e-06
Algorithm converged after  14  iterations.
[1] 1.112142e-06 1.320660e-08 5.930281e-09 5.547820e-11
[1] 1.240709e-06 1.320524e-08 9.202608e-09 8.071943e-15
[1] 1.234343e-06 1.905914e-08 1.464018e-08 2.411902e-17
[1] 1.244948e-06 1.980300e-08 1.649513e-08 4.967633e-11
[1] 1.242770e-06 2.055590e-08 1.708295e-08 5.440493e-19
[1] 1.262007e-06 1.976018e-08 1.750389e-08 4.608921e-11
[1] 1.244588e-06 1.880687e-08 1.666729e-08 4.949115e-11
[1] 1.246702e-06 2.110816e-08 1.883606e-08 4.314948e-11
Algorithm converged after  74  iterations.
[1] 1.112142e-06 1.320660e-08 1.461295e-08 7.380351e-11
[1] 1.244331e-06 2.205777e-08 2.187716e-08 9.171998e-16
[1] 1.235102e-06 2.070682e-08 2.538625e-08 3.861435e-15
Algorithm converged after  30  iterations.
[1] 1.112142e-06 1.320660e-08 2.290523e-07 8.571804e-10
Algorithm converged after  7  iterations.
[1] 1.112142e-06 1.320660e-08 5.930281e-09 1.461295e-08
[1] 1.404735e-06 4.101508e-08 2.544051e-08 4.424545e-08
Algorithm converged after  18  iterations.
[1] 1.112142e-06 1.320660e-08 5.930281e-09 2.290523e-07
Algorithm converged after  7  iterations.
[1] 1.112142e-06 1.320660e-08 1.461295e-08 2.290523e-07
Algorithm converged after  7  iterations.
numeric(0)
Algorithm converged after  1  iterations.
[1] 4.698537e-08
Algorithm converged after  2  iterations.
[1] 2.68644e-08
Algorithm converged after  2  iterations.
[1] 1.555393e-07
Algorithm converged after  2  iterations.
[1] 4.698537e-08 7.559643e-09
Algorithm converged after  2  iterations.
[1] 2.686440e-08 1.351314e-08
Algorithm converged after  2  iterations.
[1] 1.555393e-07 1.214102e-07
Algorithm converged after  2  iterations.
[1] 4.698537e-08 2.686440e-08
Algorithm converged after  2  iterations.
[1] 4.698537e-08 1.555393e-07
Algorithm converged after  2  iterations.
[1] 2.686440e-08 1.555393e-07
Algorithm converged after  2  iterations.
[1] 4.698537e-08 7.559643e-09 2.686440e-08
Algorithm converged after  2  iterations.
[1] 4.698537e-08 7.559643e-09 1.555393e-07
Algorithm converged after  2  iterations.
[1] 4.698537e-08 2.686440e-08 1.351314e-08
Algorithm converged after  2  iterations.
[1] 4.698537e-08 1.555393e-07 1.214102e-07
Algorithm converged after  2  iterations.
[1] 2.686440e-08 1.351314e-08 1.555393e-07
Algorithm converged after  2  iterations.
[1] 2.686440e-08 1.555393e-07 1.214102e-07
Algorithm converged after  2  iterations.
[1] 4.698537e-08 2.686440e-08 1.555393e-07
Algorithm converged after  2  iterations.
[1] 4.698537e-08 7.559643e-09 2.686440e-08 1.351314e-08
Algorithm converged after  2  iterations.
[1] 4.698537e-08 7.559643e-09 1.555393e-07 1.214102e-07
Algorithm converged after  2  iterations.
[1] 2.686440e-08 1.351314e-08 1.555393e-07 1.214102e-07
Algorithm converged after  2  iterations.
[1] 4.698537e-08 7.559643e-09 2.686440e-08 1.555393e-07
Algorithm converged after  2  iterations.
[1] 4.698537e-08 2.686440e-08 1.351314e-08 1.555393e-07
Algorithm converged after  2  iterations.
[1] 4.698537e-08 2.686440e-08 1.555393e-07 1.214102e-07
Algorithm converged after  2  iterations.
[1] 1.469537e-06
Algorithm converged after  2  iterations.
[1] 1.469537e-06 5.831556e-09
Algorithm converged after  6  iterations.
[1] 1.469537e-06 1.568640e-08
Algorithm converged after  6  iterations.
[1] 1.469537e-06 1.961795e-07
Algorithm converged after  7  iterations.
[1] 1.469537e-06 5.831556e-09 3.115608e-10
Algorithm converged after  7  iterations.
[1] 1.469537e-06 1.568640e-08 5.318377e-10
Algorithm converged after  6  iterations.
[1] 1.469537e-06 1.961795e-07 2.108768e-09
Algorithm converged after  6  iterations.
[1] 1.469537e-06 5.831556e-09 1.568640e-08
Algorithm converged after  7  iterations.
[1] 1.469537e-06 5.831556e-09 1.961795e-07
Algorithm converged after  7  iterations.
[1] 1.469537e-06 1.568640e-08 1.961795e-07
Algorithm converged after  7  iterations.
[1] 1.469537e-06 5.831556e-09 3.115608e-10 1.568640e-08
Algorithm converged after  8  iterations.
[1] 1.469537e-06 5.831556e-09 3.115608e-10 1.961795e-07
Algorithm converged after  7  iterations.
[1] 1.469537e-06 5.831556e-09 1.568640e-08 5.318377e-10
Algorithm converged after  7  iterations.
[1] 1.469537e-06 5.831556e-09 1.961795e-07 2.108768e-09
Algorithm converged after  7  iterations.
[1] 1.469537e-06 1.568640e-08 5.318377e-10 1.961795e-07
Algorithm converged after  7  iterations.
[1] 1.469537e-06 1.568640e-08 1.961795e-07 2.108768e-09
Algorithm converged after  7  iterations.
[1] 1.469537e-06 5.831556e-09 1.568640e-08 1.961795e-07
Algorithm converged after  8  iterations.
[1] 1.469537e-06 1.123937e-08
Algorithm converged after  2  iterations.
[1] 1.469537e-06 1.123937e-08 7.757539e-09
[1] 1.587567e-06 1.246086e-08 1.202076e-08
Algorithm converged after  11  iterations.
[1] 1.469537e-06 1.123937e-08 1.677596e-08
Algorithm converged after  7  iterations.
[1] 1.469537e-06 1.123937e-08 1.685700e-07
[1] 1.860530e-06 7.966186e-08 3.868966e-06
[1] 1.859182e-06 7.942862e-08 3.854324e-06
Algorithm converged after  28  iterations.
[1] 1.469537e-06 1.123937e-08 7.757539e-09 4.784321e-11
[1] 1.722994e-06 1.372024e-08 1.410967e-08 4.385594e-11
Algorithm converged after  13  iterations.
[1] 1.469537e-06 1.123937e-08 1.677596e-08 7.315357e-11
[1] 1.666717e-06 1.805591e-08 2.709977e-08 5.447015e-11
[1] 1.624100e-06 2.026918e-08 2.787974e-08 5.276357e-11
[1] 1.595554e-06 1.992260e-08 2.700177e-08 6.196157e-11
[1] 1.593036e-06 2.004916e-08 2.699511e-08 6.200197e-11
[1] 1.593026e-06 2.005045e-08 2.699511e-08 6.200203e-11
Algorithm converged after  53  iterations.
[1] 1.469537e-06 1.123937e-08 1.685700e-07 1.035489e-09
Algorithm converged after  8  iterations.
[1] 1.469537e-06 1.123937e-08 7.757539e-09 1.677596e-08
Algorithm converged after  8  iterations.
[1] 1.469537e-06 1.123937e-08 7.757539e-09 1.685700e-07
Algorithm converged after  8  iterations.
[1] 1.469537e-06 1.123937e-08 1.677596e-08 1.685700e-07
Algorithm converged after  7  iterations.
numeric(0)
Algorithm converged after  1  iterations.
[1] 3.265726e-08
Algorithm converged after  2  iterations.
[1] 3.017442e-08
Algorithm converged after  2  iterations.
[1] 4.004147e-07
Algorithm converged after  2  iterations.
[1] 3.265726e-08 5.776758e-09
Algorithm converged after  2  iterations.
[1] 3.017442e-08 8.660765e-11
Algorithm converged after  2  iterations.
[1] 4.004147e-07 8.628261e-08
Algorithm converged after  2  iterations.
[1] 3.265726e-08 3.017442e-08
Algorithm converged after  2  iterations.
[1] 3.265726e-08 4.004147e-07
Algorithm converged after  2  iterations.
[1] 3.017442e-08 4.004147e-07
Algorithm converged after  2  iterations.
[1] 3.265726e-08 5.776758e-09 3.017442e-08
Algorithm converged after  2  iterations.
[1] 3.265726e-08 5.776758e-09 4.004147e-07
Algorithm converged after  2  iterations.
[1] 3.265726e-08 3.017442e-08 8.660765e-11
Algorithm converged after  2  iterations.
[1] 3.265726e-08 4.004147e-07 8.628261e-08
Algorithm converged after  2  iterations.
[1] 3.017442e-08 8.660765e-11 4.004147e-07
Algorithm converged after  2  iterations.
[1] 3.017442e-08 4.004147e-07 8.628261e-08
Algorithm converged after  2  iterations.
[1] 3.265726e-08 3.017442e-08 4.004147e-07
Algorithm converged after  2  iterations.
[1] 3.265726e-08 5.776758e-09 3.017442e-08 8.660765e-11
Algorithm converged after  2  iterations.
[1] 3.265726e-08 5.776758e-09 4.004147e-07 8.628261e-08
Algorithm converged after  2  iterations.
[1] 3.017442e-08 8.660765e-11 4.004147e-07 8.628261e-08
Algorithm converged after  2  iterations.
[1] 3.265726e-08 5.776758e-09 3.017442e-08 4.004147e-07
Algorithm converged after  2  iterations.
[1] 3.265726e-08 3.017442e-08 8.660765e-11 4.004147e-07
Algorithm converged after  2  iterations.
[1] 3.265726e-08 3.017442e-08 4.004147e-07 8.628261e-08
Algorithm converged after  2  iterations.
[1] 1.464665e-06
Algorithm converged after  2  iterations.
[1] 1.464665e-06 1.015680e-08
Algorithm converged after  7  iterations.
[1] 1.464665e-06 3.443576e-08
Algorithm converged after  6  iterations.
[1] 1.464665e-06 1.079303e-09
Algorithm converged after  10  iterations.
[1] 1.464665e-06 1.015680e-08 3.664387e-10
Algorithm converged after  8  iterations.
[1] 1.464665e-06 3.443576e-08 6.708117e-11
Algorithm converged after  6  iterations.
[1] 1.464665e-06 1.079303e-09 5.143406e-10
[1] 1.631034e-06 1.337938e-07 1.024278e-09
Algorithm converged after  11  iterations.
[1] 1.464665e-06 1.015680e-08 3.443576e-08
Algorithm converged after  7  iterations.
[1] 1.464665e-06 1.015680e-08 1.079303e-09
Algorithm converged after  7  iterations.
[1] 1.464665e-06 3.443576e-08 1.079303e-09
Algorithm converged after  6  iterations.
[1] 1.464665e-06 1.015680e-08 3.664387e-10 3.443576e-08
Algorithm converged after  8  iterations.
[1] 1.464665e-06 1.015680e-08 3.664387e-10 1.079303e-09
[1] 1.914039e-06 1.373943e-08 3.978409e-10 1.186639e-09
Algorithm converged after  11  iterations.
[1] 1.464665e-06 1.015680e-08 3.443576e-08 6.708117e-11
Algorithm converged after  8  iterations.
[1] 1.464665e-06 1.015680e-08 1.079303e-09 5.143406e-10
Algorithm converged after  9  iterations.
[1] 1.464665e-06 3.443576e-08 6.708117e-11 1.079303e-09
Algorithm converged after  7  iterations.
[1] 1.464665e-06 3.443576e-08 1.079303e-09 5.143406e-10
Algorithm converged after  7  iterations.
[1] 1.464665e-06 1.015680e-08 3.443576e-08 1.079303e-09
Algorithm converged after  8  iterations.
[1] 1.464665e-06 7.871388e-09
Algorithm converged after  2  iterations.
[1] 1.464665e-06 7.871388e-09 1.764713e-08
Algorithm converged after  9  iterations.
[1] 1.464665e-06 7.871388e-09 4.004607e-08
Algorithm converged after  7  iterations.
[1] 1.464665e-06 7.871388e-09 2.496018e-07
[1] 1.423406e-06 1.806841e-08 7.151858e-07
Algorithm converged after  13  iterations.
[1] 1.464665e-06 7.871388e-09 1.764713e-08 3.140203e-12
[1] 1.771207e-06 1.072098e-08 2.327288e-08 7.240740e-11
Algorithm converged after  15  iterations.
[1] 1.464665e-06 7.871388e-09 4.004607e-08 6.885423e-11
[1] 1.685761e-06 1.081967e-08 4.449686e-08 6.714129e-11
[1] 1.685684e-06 1.085296e-08 4.448075e-08 6.714001e-11
[1] 1.685705e-06 1.085589e-08 4.448129e-08 6.713950e-11
Algorithm converged after  32  iterations.
[1] 1.464665e-06 7.871388e-09 2.496018e-07 7.302879e-10
[1] 1.349303e-06 2.136393e-08 6.789279e-07 8.953199e-10
Algorithm converged after  15  iterations.
[1] 1.464665e-06 7.871388e-09 1.764713e-08 4.004607e-08
Algorithm converged after  10  iterations.
[1] 1.464665e-06 7.871388e-09 1.764713e-08 2.496018e-07
[1] 1.672242e-06 2.818867e-08 3.192898e-08 1.060728e-06
Algorithm converged after  17  iterations.
[1] 1.464665e-06 7.871388e-09 4.004607e-08 2.496018e-07
[1] 1.616358e-06 2.359890e-08 4.887106e-08 9.547150e-07
Algorithm converged after  17  iterations.
Warning messages:
1: In max(abs(CT), na.rm = T) :
  no non-missing arguments to max; returning -Inf
2: In max(abs(CT), na.rm = T) :
  no non-missing arguments to max; returning -Inf
3: In max(abs(CT), na.rm = T) :
  no non-missing arguments to max; returning -Inf
4: In max(abs(CT), na.rm = T) :
  no non-missing arguments to max; returning -Inf
5: In max(abs(CT), na.rm = T) :
  no non-missing arguments to max; returning -Inf
6: In max(abs(CT), na.rm = T) :
  no non-missing arguments to max; returning -Inf
7: In max(abs(CT), na.rm = T) :
  no non-missing arguments to max; returning -Inf
8: In max(abs(CT), na.rm = T) :
  no non-missing arguments to max; returning -Inf
9: In max(abs(CT), na.rm = T) :
  no non-missing arguments to max; returning -Inf
10: In max(abs(CT), na.rm = T) :
  no non-missing arguments to max; returning -Inf
[1] "Best iter parameter is:"
     gam    rankJ   rankA1   rankA2   rankA3 
2.333333 2.000000 2.000000 0.000000 0.000000 
[1] 1.413338e-06 3.800849e-08 6.173102e-09 8.730532e-19
[1] 1.665753e-06 1.948277e-08 9.096491e-09 1.246836e-10
Algorithm converged after  13  iterations.
         [,1]     [,2]     [,3]
[1,] 6.065173 12.01978 36.79089
