myseed=6270 

Attaching package: ‘pls’

The following object is masked from ‘package:stats’:

    loadings

Loading required package: lattice
Loading required package: ggplot2
Registered S3 methods overwritten by 'ggplot2':
  method         from 
  [.quosures     rlang
  c.quosures     rlang
  print.quosures rlang

Attaching package: ‘caret’

The following object is masked from ‘package:pls’:

    R2

Loading required package: Matrix
Loading required package: foreach
Loaded glmnet 2.0-18

Parsed with column specification:
cols(
  .default = col_double()
)
See spec(...) for full column specifications.
Parsed with column specification:
cols(
  X1 = col_double()
)
Parsed with column specification:
cols(
  X1 = col_double()
)
numeric(0)
Algorithm converged after  1  iterations.
[1] 4.041456e-08
Algorithm converged after  2  iterations.
[1] 2.401367e-08
Algorithm converged after  2  iterations.
[1] 4.942548e-07
Algorithm converged after  2  iterations.
[1] 4.041456e-08 2.020745e-08
Algorithm converged after  2  iterations.
[1] 2.401367e-08 6.983880e-10
Algorithm converged after  2  iterations.
[1] 4.942548e-07 9.154328e-08
Algorithm converged after  2  iterations.
[1] 4.041456e-08 2.401367e-08
Algorithm converged after  2  iterations.
[1] 4.041456e-08 4.942548e-07
Algorithm converged after  2  iterations.
[1] 2.401367e-08 4.942548e-07
Algorithm converged after  2  iterations.
[1] 4.041456e-08 2.020745e-08 2.401367e-08
Algorithm converged after  2  iterations.
[1] 4.041456e-08 2.020745e-08 4.942548e-07
Algorithm converged after  2  iterations.
[1] 4.041456e-08 2.401367e-08 6.983880e-10
Algorithm converged after  2  iterations.
[1] 4.041456e-08 4.942548e-07 9.154328e-08
Algorithm converged after  2  iterations.
[1] 2.401367e-08 6.983880e-10 4.942548e-07
Algorithm converged after  2  iterations.
[1] 2.401367e-08 4.942548e-07 9.154328e-08
Algorithm converged after  2  iterations.
[1] 4.041456e-08 2.401367e-08 4.942548e-07
Algorithm converged after  2  iterations.
[1] 4.041456e-08 2.020745e-08 2.401367e-08 6.983880e-10
Algorithm converged after  2  iterations.
[1] 4.041456e-08 2.020745e-08 4.942548e-07 9.154328e-08
Algorithm converged after  2  iterations.
[1] 2.401367e-08 6.983880e-10 4.942548e-07 9.154328e-08
Algorithm converged after  2  iterations.
[1] 4.041456e-08 2.020745e-08 2.401367e-08 4.942548e-07
Algorithm converged after  2  iterations.
[1] 4.041456e-08 2.401367e-08 6.983880e-10 4.942548e-07
Algorithm converged after  2  iterations.
[1] 4.041456e-08 2.401367e-08 4.942548e-07 9.154328e-08
Algorithm converged after  2  iterations.
[1] 1.656042e-06
Algorithm converged after  2  iterations.
[1] 1.656042e-06 3.061293e-08
Algorithm converged after  7  iterations.
[1] 1.656042e-06 3.936392e-08
Algorithm converged after  7  iterations.
[1] 1.656042e-06 1.861167e-06
Algorithm converged after  9  iterations.
[1] 1.656042e-06 3.061293e-08 4.237032e-10
Algorithm converged after  7  iterations.
[1] 1.656042e-06 3.936392e-08 7.965791e-11
Algorithm converged after  8  iterations.
[1] 1.656042e-06 1.861167e-06 7.282319e-10
Algorithm converged after  10  iterations.
[1] 1.656042e-06 3.061293e-08 3.936392e-08
Algorithm converged after  8  iterations.
[1] 1.656042e-06 3.061293e-08 1.861167e-06
Algorithm converged after  10  iterations.
[1] 1.656042e-06 3.936392e-08 1.861167e-06
Algorithm converged after  10  iterations.
[1] 1.656042e-06 3.061293e-08 4.237032e-10 3.936392e-08
Algorithm converged after  8  iterations.
[1] 1.656042e-06 3.061293e-08 4.237032e-10 1.861167e-06
[1] 3.943874e-06 4.404759e-08 4.567582e-10 3.093889e-06
Algorithm converged after  11  iterations.
[1] 1.656042e-06 3.061293e-08 3.936392e-08 7.965791e-11
Algorithm converged after  10  iterations.
[1] 1.656042e-06 3.061293e-08 1.861167e-06 7.282319e-10
[1] 3.993075e-06 4.412667e-08 3.103843e-06 8.336167e-10
Algorithm converged after  11  iterations.
[1] 1.656042e-06 3.936392e-08 7.965791e-11 1.861167e-06
[1] 4.221256e-06 5.051640e-08 9.272211e-11 3.219583e-06
Algorithm converged after  12  iterations.
[1] 1.656042e-06 3.936392e-08 1.861167e-06 7.282319e-10
[1] 3.711893e-06 4.858562e-08 2.972659e-06 8.089257e-10
[1] 4.073670e-06 4.997464e-08 3.144713e-06 8.414838e-10
Algorithm converged after  23  iterations.
[1] 1.656042e-06 3.061293e-08 3.936392e-08 1.861167e-06
[1] 4.892456e-06 4.898478e-08 5.303674e-08 3.553415e-06
Algorithm converged after  12  iterations.
[1] 1.656042e-06 2.873403e-06
Algorithm converged after  2  iterations.
[1] 1.656042e-06 2.873403e-06 4.840786e-10
Algorithm converged after  6  iterations.
[1] 1.656042e-06 2.873403e-06 4.945614e-10
Algorithm converged after  6  iterations.
[1] 1.656042e-06 2.873403e-06 9.337266e-10
[1] 4.354711e-06 1.728466e-06 1.073739e-09
[1] 1.545125e-06 4.576577e-15 1.109330e-07
[1] 1.793466e-06 3.849869e-07 3.397514e-06
[1] 1.793945e-06 3.853440e-07 3.397168e-06
[1] 1.793891e-06 3.852977e-07 3.396532e-06
Algorithm converged after  54  iterations.
[1] 1.656042e-06 2.873403e-06 4.840786e-10 1.241235e-10
Algorithm converged after  9  iterations.
[1] 1.656042e-06 2.873403e-06 4.945614e-10 1.407195e-10
[1] 2.000452e-06 2.292291e-08 5.220328e-08 9.294688e-11
Algorithm converged after  16  iterations.
[1] 1.656042e-06 2.873403e-06 9.337266e-10 6.597767e-10
Algorithm converged after  9  iterations.
[1] 1.656042e-06 2.873403e-06 4.840786e-10 4.945614e-10
Algorithm converged after  8  iterations.
[1] 1.656042e-06 2.873403e-06 4.840786e-10 9.337266e-10
Algorithm converged after  9  iterations.
[1] 1.656042e-06 2.873403e-06 4.945614e-10 9.337266e-10
Algorithm converged after  7  iterations.
numeric(0)
Algorithm converged after  1  iterations.
[1] 3.726588e-08
Algorithm converged after  2  iterations.
[1] 3.18559e-08
Algorithm converged after  2  iterations.
[1] 7.913041e-07
Algorithm converged after  2  iterations.
[1] 3.726588e-08 1.960523e-08
Algorithm converged after  2  iterations.
[1] 3.185590e-08 2.198671e-08
Algorithm converged after  2  iterations.
[1] 7.913041e-07 8.567489e-08
Algorithm converged after  2  iterations.
[1] 3.726588e-08 3.185590e-08
Algorithm converged after  2  iterations.
[1] 3.726588e-08 7.913041e-07
Algorithm converged after  2  iterations.
[1] 3.185590e-08 7.913041e-07
Algorithm converged after  2  iterations.
[1] 3.726588e-08 1.960523e-08 3.185590e-08
Algorithm converged after  2  iterations.
[1] 3.726588e-08 1.960523e-08 7.913041e-07
Algorithm converged after  2  iterations.
[1] 3.726588e-08 3.185590e-08 2.198671e-08
Algorithm converged after  2  iterations.
[1] 3.726588e-08 7.913041e-07 8.567489e-08
Algorithm converged after  2  iterations.
[1] 3.185590e-08 2.198671e-08 7.913041e-07
Algorithm converged after  2  iterations.
[1] 3.185590e-08 7.913041e-07 8.567489e-08
Algorithm converged after  2  iterations.
[1] 3.726588e-08 3.185590e-08 7.913041e-07
Algorithm converged after  2  iterations.
[1] 3.726588e-08 1.960523e-08 3.185590e-08 2.198671e-08
Algorithm converged after  2  iterations.
[1] 3.726588e-08 1.960523e-08 7.913041e-07 8.567489e-08
Algorithm converged after  2  iterations.
[1] 3.185590e-08 2.198671e-08 7.913041e-07 8.567489e-08
Algorithm converged after  2  iterations.
[1] 3.726588e-08 1.960523e-08 3.185590e-08 7.913041e-07
Algorithm converged after  2  iterations.
[1] 3.726588e-08 3.185590e-08 2.198671e-08 7.913041e-07
Algorithm converged after  2  iterations.
[1] 3.726588e-08 3.185590e-08 7.913041e-07 8.567489e-08
Algorithm converged after  2  iterations.
[1] 4.44892e-06
Algorithm converged after  2  iterations.
[1] 4.448920e-06 5.298302e-08
Algorithm converged after  6  iterations.
[1] 4.448920e-06 2.510564e-08
Algorithm converged after  5  iterations.
[1] 4.448920e-06 4.996297e-07
[1] 1.614240e-05 1.190585e-06
Algorithm converged after  16  iterations.
[1] 4.448920e-06 5.298302e-08 1.281058e-17
Algorithm converged after  7  iterations.
[1] 4.448920e-06 2.510564e-08 9.913470e-11
[1] 4.259400e-06 2.522963e-08 7.684042e-11
Algorithm converged after  18  iterations.
[1] 4.448920e-06 4.996297e-07 1.051796e-09
[1] 1.948990e-05 1.372065e-06 1.777704e-09
[1] 1.952948e-05 1.374178e-06 1.779969e-09
Algorithm converged after  21  iterations.
[1] 4.448920e-06 5.298302e-08 2.510564e-08
Algorithm converged after  6  iterations.
[1] 4.448920e-06 5.298302e-08 4.996297e-07
[1] 1.962011e-05 7.904511e-08 1.394639e-06
Algorithm converged after  17  iterations.
[1] 4.448920e-06 2.510564e-08 4.996297e-07
[1] 1.740999e-05 3.389557e-08 1.266887e-06
Algorithm converged after  16  iterations.
[1] 4.448920e-06 5.298302e-08 1.281058e-17 2.510564e-08
Algorithm converged after  7  iterations.
[1] 4.448920e-06 5.298302e-08 1.281058e-17 4.996297e-07
[1] 2.136284e-05 8.131268e-08 4.989921e-10 1.487486e-06
Algorithm converged after  17  iterations.
[1] 4.448920e-06 5.298302e-08 2.510564e-08 9.913470e-11
Algorithm converged after  8  iterations.
[1] 4.448920e-06 5.298302e-08 4.996297e-07 1.051796e-09
[1] 2.323043e-05 8.352920e-08 1.583820e-06 1.888223e-09
Algorithm converged after  18  iterations.
[1] 4.448920e-06 2.510564e-08 9.913470e-11 4.996297e-07
[1] 1.748685e-05 3.421693e-08 7.536777e-11 1.277588e-06
Algorithm converged after  17  iterations.
[1] 4.448920e-06 2.510564e-08 4.996297e-07 1.051796e-09
[1] 2.055001e-05 3.545786e-08 1.433848e-06 1.769234e-09
Algorithm converged after  17  iterations.
[1] 4.448920e-06 5.298302e-08 2.510564e-08 4.996297e-07
[1] 2.116910e-05 8.095987e-08 3.595252e-08 1.481158e-06
Algorithm converged after  17  iterations.
[1] 4.448920e-06 1.603396e-06
Algorithm converged after  2  iterations.
[1] 4.448920e-06 1.603396e-06 5.252953e-10
Algorithm converged after  6  iterations.
[1] 4.448920e-06 1.603396e-06 4.672991e-10
Algorithm converged after  5  iterations.
[1] 4.448920e-06 1.603396e-06 2.131714e-09
Algorithm converged after  9  iterations.
[1] 4.448920e-06 1.603396e-06 5.252953e-10 1.009157e-10
Algorithm converged after  7  iterations.
[1] 4.448920e-06 1.603396e-06 4.672991e-10 8.671523e-11
[1] 1.939018e-06 5.948144e-17 5.014141e-08 7.508611e-11
[1] 1.935601e-06 7.661659e-09 4.390530e-08 1.008838e-10
[1] 2.081063e-06 9.126636e-09 4.234042e-08 7.099086e-11
Algorithm converged after  37  iterations.
[1] 4.448920e-06 1.603396e-06 2.131714e-09 8.933992e-10
Algorithm converged after  10  iterations.
[1] 4.448920e-06 1.603396e-06 5.252953e-10 4.672991e-10
Algorithm converged after  6  iterations.
[1] 4.448920e-06 1.603396e-06 5.252953e-10 2.131714e-09
Algorithm converged after  9  iterations.
[1] 4.448920e-06 1.603396e-06 4.672991e-10 2.131714e-09
Algorithm converged after  9  iterations.
numeric(0)
Algorithm converged after  1  iterations.
[1] 2.17977e-08
Algorithm converged after  2  iterations.
[1] 3.477115e-08
Algorithm converged after  2  iterations.
[1] 8.088444e-07
Algorithm converged after  2  iterations.
[1] 2.179770e-08 3.005637e-08
Algorithm converged after  2  iterations.
[1] 3.477115e-08 2.181970e-08
Algorithm converged after  2  iterations.
[1] 8.088444e-07 8.210544e-08
Algorithm converged after  2  iterations.
[1] 2.179770e-08 3.477115e-08
Algorithm converged after  2  iterations.
[1] 2.179770e-08 8.088444e-07
Algorithm converged after  2  iterations.
[1] 3.477115e-08 8.088444e-07
Algorithm converged after  2  iterations.
[1] 2.179770e-08 3.005637e-08 3.477115e-08
Algorithm converged after  2  iterations.
[1] 2.179770e-08 3.005637e-08 8.088444e-07
Algorithm converged after  2  iterations.
[1] 2.179770e-08 3.477115e-08 2.181970e-08
Algorithm converged after  2  iterations.
[1] 2.179770e-08 8.088444e-07 8.210544e-08
Algorithm converged after  2  iterations.
[1] 3.477115e-08 2.181970e-08 8.088444e-07
Algorithm converged after  2  iterations.
[1] 3.477115e-08 8.088444e-07 8.210544e-08
Algorithm converged after  2  iterations.
[1] 2.179770e-08 3.477115e-08 8.088444e-07
Algorithm converged after  2  iterations.
[1] 2.179770e-08 3.005637e-08 3.477115e-08 2.181970e-08
Algorithm converged after  2  iterations.
[1] 2.179770e-08 3.005637e-08 8.088444e-07 8.210544e-08
Algorithm converged after  2  iterations.
[1] 3.477115e-08 2.181970e-08 8.088444e-07 8.210544e-08
Algorithm converged after  2  iterations.
[1] 2.179770e-08 3.005637e-08 3.477115e-08 8.088444e-07
Algorithm converged after  2  iterations.
[1] 2.179770e-08 3.477115e-08 2.181970e-08 8.088444e-07
Algorithm converged after  2  iterations.
[1] 2.179770e-08 3.477115e-08 8.088444e-07 8.210544e-08
Algorithm converged after  2  iterations.
[1] 4.796052e-06
Algorithm converged after  2  iterations.
[1] 4.796052e-06 4.012935e-08
Algorithm converged after  6  iterations.
[1] 4.796052e-06 3.166584e-08
Algorithm converged after  5  iterations.
[1] 4.796052e-06 5.341766e-07
[1] 1.998347e-05 1.397129e-06
Algorithm converged after  17  iterations.
[1] 4.796052e-06 4.012935e-08 3.047522e-10
Algorithm converged after  6  iterations.
[1] 4.796052e-06 3.166584e-08 5.373910e-10
[1] 5.247524e-06 3.228017e-08 9.205939e-17
[1] 4.793798e-06 3.183610e-08 3.841129e-18
[1] 5.109200e-06 3.226296e-08 4.864982e-10
Algorithm converged after  38  iterations.
[1] 4.796052e-06 5.341766e-07 9.412730e-10
[1] 2.373520e-05 1.598559e-06 1.397603e-09
Algorithm converged after  19  iterations.
[1] 4.796052e-06 4.012935e-08 3.166584e-08
Algorithm converged after  6  iterations.
[1] 4.796052e-06 4.012935e-08 5.341766e-07
[1] 2.364477e-05 6.388931e-08 1.605618e-06
Algorithm converged after  18  iterations.
[1] 4.796052e-06 3.166584e-08 5.341766e-07
[1] 2.195167e-05 4.357314e-08 1.510401e-06
Algorithm converged after  17  iterations.
[1] 4.796052e-06 4.012935e-08 3.047522e-10 3.166584e-08
[1] 6.266159e-06 4.277504e-08 7.036522e-11 3.325053e-08
[1] 6.272147e-06 4.278237e-08 6.880399e-11 3.325489e-08
[1] 6.199298e-06 4.268089e-08 6.942365e-11 3.319893e-08
[1] 6.184770e-06 4.265916e-08 6.801721e-11 3.318724e-08
[1] 6.278065e-06 4.278556e-08 5.963026e-11 3.325791e-08
[1] 6.219149e-06 4.270407e-08 6.649952e-11 3.321361e-08
[1] 6.356033e-06 4.288338e-08 6.628137e-11 3.331318e-08
[1] 6.192767e-06 4.266265e-08 7.264471e-11 3.319154e-08
[1] 6.219264e-06 4.271106e-08 6.845055e-11 3.321949e-08
[1] 6.192150e-06 4.267157e-08 5.951572e-11 3.319773e-08
[1] 6.183667e-06 4.265802e-08 5.027630e-11 3.319076e-08
[1] 6.232611e-06 4.272352e-08 7.053149e-11 3.322778e-08
[1] 6.322927e-06 4.284452e-08 7.061651e-11 3.329525e-08
[1] 6.169004e-06 4.263047e-08 7.221863e-11 3.317738e-08
[1] 6.219633e-06 4.271442e-08 6.635209e-11 3.322422e-08
[1] 6.187727e-06 4.266719e-08 7.096298e-11 3.319842e-08
[1] 6.310659e-06 4.283574e-08 7.098711e-11 3.329208e-08
[1] 6.209457e-06 4.269577e-08 6.370591e-11 3.321487e-08
[1] 6.188147e-06 4.266540e-08 6.901623e-11 3.319822e-08
[1] 6.205102e-06 4.268630e-08 7.170647e-11 3.321056e-08
[1] 6.179833e-06 4.265106e-08 7.193955e-11 3.319109e-08
[1] 6.203490e-06 4.269837e-08 6.646831e-11 3.321535e-08
[1] 6.247315e-06 4.275742e-08 6.977597e-11 3.324859e-08
[1] 6.233686e-06 4.273783e-08 6.609955e-11 3.323781e-08
[1] 6.251743e-06 4.276181e-08 6.617457e-11 3.325128e-08
[1] 6.278814e-06 4.279894e-08 6.647451e-11 3.327209e-08
[1] 6.201268e-06 4.269041e-08 7.048285e-11 3.321206e-08
[1] 6.299110e-06 4.282311e-08 7.000788e-11 3.328609e-08
[1] 6.205678e-06 4.269521e-08 6.954939e-11 3.321544e-08
[1] 6.208312e-06 4.269800e-08 6.704348e-11 3.321726e-08
[1] 6.209731e-06 4.269864e-08 6.711349e-11 3.321771e-08
[1] 6.304722e-06 4.282751e-08 6.977108e-11 3.328967e-08
[1] 6.236580e-06 4.273217e-08 6.719854e-11 3.323751e-08
[1] 6.329116e-06 4.285366e-08 6.644888e-11 3.330524e-08
[1] 6.317969e-06 4.283628e-08 6.978330e-11 3.329645e-08
[1] 6.274747e-06 4.279342e-08 6.971672e-11 3.327121e-08
[1] 6.244029e-06 4.274964e-08 6.812853e-11 3.324714e-08
[1] 6.244844e-06 4.275116e-08 7.052461e-11 3.324819e-08
[1] 6.283338e-06 4.280184e-08 6.597514e-11 3.327650e-08
[1] 6.291516e-06 4.281165e-08 6.621554e-11 3.328223e-08
[1] 6.191540e-06 4.267367e-08 7.122142e-11 3.320602e-08
[1] 6.217662e-06 4.270922e-08 7.031187e-11 3.322586e-08
[1] 6.28603e-06 4.28016e-08 6.57936e-11 3.32773e-08
[1] 6.265070e-06 4.277302e-08 7.143361e-11 3.326176e-08
[1] 6.234755e-06 4.273107e-08 7.095118e-11 3.323864e-08
[1] 6.285679e-06 4.279992e-08 7.159155e-11 3.327686e-08
[1] 6.328635e-06 4.285128e-08 6.848964e-11 3.330660e-08
[1] 6.209289e-06 4.270801e-08 6.840585e-11 3.322417e-08
[1] 6.202539e-06 4.269762e-08 6.956674e-11 3.321849e-08
Algorithm did not converge after  500  iterations.
[1] 4.796052e-06 4.012935e-08 3.047522e-10 5.341766e-07
[1] 2.516402e-05 6.537312e-08 5.157332e-16 1.687346e-06
[1] 2.521778e-05 6.535430e-08 3.585689e-10 1.693165e-06
[1] 2.514583e-05 6.545449e-08 3.572214e-10 1.692767e-06
[1] 2.450168e-05 6.444031e-08 9.918446e-19 1.658765e-06
[1] 2.438779e-05 6.455870e-08 3.552891e-10 1.657411e-06
[1] 2.523781e-05 6.558677e-08 3.580807e-10 1.705149e-06
[1] 2.513536e-05 6.541642e-08 3.586849e-10 1.704654e-06
[1] 2.522571e-05 6.545972e-08 3.594834e-10 1.710038e-06
[1] 2.53983e-05 6.58210e-08 2.83548e-16 1.72305e-06
[1] 2.468530e-05 6.485961e-08 3.561100e-10 1.685192e-06
[1] 2.544285e-05 6.588178e-08 3.591301e-10 1.728703e-06
[1] 2.428217e-05 6.448506e-08 3.570123e-10 1.666893e-06
[1] 2.443648e-05 6.472255e-08 3.561150e-10 1.677253e-06
[1] 2.528144e-05 6.569266e-08 3.591633e-10 1.724954e-06
[1] 2.408842e-05 6.428100e-08 3.559010e-10 1.662397e-06
[1] 2.418558e-05 6.451366e-08 2.362310e-16 1.669612e-06
[1] 2.481559e-05 6.509852e-08 3.586231e-10 1.705221e-06
[1] 2.520421e-05 6.557357e-08 3.598449e-10 1.728438e-06
[1] 2.530195e-05 6.569290e-08 3.601021e-10 1.734624e-06
[1] 2.510226e-05 6.533594e-08 1.237838e-17 1.724229e-06
[1] 2.440810e-05 6.470998e-08 3.570110e-10 1.689209e-06
[1] 2.401771e-05 6.432707e-08 3.681609e-19 1.669830e-06
[1] 2.351681e-05 6.379321e-08 3.544654e-10 1.644885e-06
[1] 2.501974e-05 6.499550e-08 3.620354e-10 1.727758e-06
[1] 2.437155e-05 6.468017e-08 3.585463e-10 1.700223e-06
[1] 2.485356e-05 6.531223e-08 3.593496e-10 1.729333e-06
[1] 2.350633e-05 6.373517e-08 4.991834e-18 1.655408e-06
[1] 2.427458e-05 6.455537e-08 1.604925e-16 1.702057e-06
[1] 2.505153e-05 6.531488e-08 2.173346e-18 1.747669e-06
[1] 2.347344e-05 6.367035e-08 7.981097e-19 1.664412e-06
[1] 2.530636e-05 6.584660e-08 3.615934e-10 1.768830e-06
Algorithm converged after  318  iterations.
[1] 4.796052e-06 4.012935e-08 3.166584e-08 5.373910e-10
Algorithm converged after  9  iterations.
[1] 4.796052e-06 4.012935e-08 5.341766e-07 9.412730e-10
[1] 2.877789e-05 6.914153e-08 1.878436e-06 1.541014e-09
Algorithm converged after  20  iterations.
[1] 4.796052e-06 3.166584e-08 5.373910e-10 5.341766e-07
[1] 2.167633e-05 4.355381e-08 6.086420e-11 1.504814e-06
[1] 2.226022e-05 4.397333e-08 6.123883e-11 1.537622e-06
Algorithm converged after  25  iterations.
[1] 4.796052e-06 3.166584e-08 5.341766e-07 9.412730e-10
[1] 2.582104e-05 4.556117e-08 1.715254e-06 1.419319e-09
[1] 2.452375e-05 4.491295e-08 1.654529e-06 1.377519e-09
[1] 2.612824e-05 4.577486e-08 1.739752e-06 1.440143e-09
Algorithm converged after  38  iterations.
[1] 4.796052e-06 4.012935e-08 3.166584e-08 5.341766e-07
[1] 2.599339e-05 6.603973e-08 4.587730e-08 1.731827e-06
Algorithm converged after  18  iterations.
[1] 4.796052e-06 1.565647e-06
Algorithm converged after  2  iterations.
[1] 4.796052e-06 1.565647e-06 3.685174e-10
Algorithm converged after  5  iterations.
[1] 4.796052e-06 1.565647e-06 5.692478e-10
Algorithm converged after  5  iterations.
[1] 4.796052e-06 1.565647e-06 1.766555e-09
Algorithm converged after  9  iterations.
[1] 4.796052e-06 1.565647e-06 3.685174e-10 1.046184e-10
Algorithm converged after  8  iterations.
[1] 4.796052e-06 1.565647e-06 5.692478e-10 8.114911e-11
[1] 6.718233e-07 3.058977e-08 2.509549e-08 3.310070e-10
Algorithm converged after  18  iterations.
[1] 4.796052e-06 1.565647e-06 1.766555e-09 8.898023e-10
[1] 8.501496e-06 1.582154e-06 2.259901e-09 1.077094e-09
Algorithm converged after  11  iterations.
[1] 4.796052e-06 1.565647e-06 3.685174e-10 5.692478e-10
Algorithm converged after  6  iterations.
[1] 4.796052e-06 1.565647e-06 3.685174e-10 1.766555e-09
Algorithm converged after  10  iterations.
[1] 4.796052e-06 1.565647e-06 5.692478e-10 1.766555e-09
Algorithm converged after  9  iterations.
numeric(0)
Algorithm converged after  1  iterations.
[1] 3.46087e-08
Algorithm converged after  2  iterations.
[1] 2.070209e-08
Algorithm converged after  2  iterations.
[1] 6.093141e-07
Algorithm converged after  2  iterations.
[1] 3.460870e-08 1.635025e-08
Algorithm converged after  2  iterations.
[1] 2.070209e-08 7.723921e-09
Algorithm converged after  2  iterations.
[1] 6.093141e-07 9.893135e-08
Algorithm converged after  2  iterations.
[1] 3.460870e-08 2.070209e-08
Algorithm converged after  2  iterations.
[1] 3.460870e-08 6.093141e-07
Algorithm converged after  2  iterations.
[1] 2.070209e-08 6.093141e-07
Algorithm converged after  2  iterations.
[1] 3.460870e-08 1.635025e-08 2.070209e-08
Algorithm converged after  2  iterations.
[1] 3.460870e-08 1.635025e-08 6.093141e-07
Algorithm converged after  2  iterations.
[1] 3.460870e-08 2.070209e-08 7.723921e-09
Algorithm converged after  2  iterations.
[1] 3.460870e-08 6.093141e-07 9.893135e-08
Algorithm converged after  2  iterations.
[1] 2.070209e-08 7.723921e-09 6.093141e-07
Algorithm converged after  2  iterations.
[1] 2.070209e-08 6.093141e-07 9.893135e-08
Algorithm converged after  2  iterations.
[1] 3.460870e-08 2.070209e-08 6.093141e-07
Algorithm converged after  2  iterations.
[1] 3.460870e-08 1.635025e-08 2.070209e-08 7.723921e-09
Algorithm converged after  2  iterations.
[1] 3.460870e-08 1.635025e-08 6.093141e-07 9.893135e-08
Algorithm converged after  2  iterations.
[1] 2.070209e-08 7.723921e-09 6.093141e-07 9.893135e-08
Algorithm converged after  2  iterations.
[1] 3.460870e-08 1.635025e-08 2.070209e-08 6.093141e-07
Algorithm converged after  2  iterations.
[1] 3.460870e-08 2.070209e-08 7.723921e-09 6.093141e-07
Algorithm converged after  2  iterations.
[1] 3.460870e-08 2.070209e-08 6.093141e-07 9.893135e-08
Algorithm converged after  2  iterations.
[1] 3.72649e-06
Algorithm converged after  2  iterations.
[1] 3.726490e-06 4.598542e-08
Algorithm converged after  6  iterations.
[1] 3.726490e-06 1.093494e-08
Algorithm converged after  5  iterations.
[1] 3.726490e-06 5.573512e-07
[1] 1.399069e-05 1.286310e-06
Algorithm converged after  16  iterations.
[1] 3.726490e-06 4.598542e-08 3.171482e-10
Algorithm converged after  9  iterations.
[1] 3.726490e-06 1.093494e-08 1.028396e-10
Algorithm converged after  7  iterations.
[1] 3.726490e-06 5.573512e-07 5.708283e-10
[1] 1.609283e-05 1.418222e-06 9.957523e-10
Algorithm converged after  18  iterations.
[1] 3.726490e-06 4.598542e-08 1.093494e-08
Algorithm converged after  6  iterations.
[1] 3.726490e-06 4.598542e-08 5.573512e-07
[1] 1.670445e-05 6.607997e-08 1.477054e-06
Algorithm converged after  16  iterations.
[1] 3.726490e-06 1.093494e-08 5.573512e-07
[1] 1.480490e-05 1.611854e-08 1.348449e-06
Algorithm converged after  16  iterations.
[1] 3.726490e-06 4.598542e-08 3.171482e-10 1.093494e-08
[1] 4.776771e-06 4.841990e-08 3.053378e-10 1.173424e-08
[1] 5.332060e-06 4.958593e-08 5.089757e-21 1.209229e-08
Algorithm converged after  30  iterations.
[1] 3.726490e-06 4.598542e-08 3.171482e-10 5.573512e-07
[1] 1.666079e-05 6.593183e-08 3.769595e-10 1.475334e-06
[1] 1.844067e-05 6.835095e-08 3.863308e-10 1.594320e-06
Algorithm converged after  29  iterations.
[1] 3.726490e-06 4.598542e-08 1.093494e-08 1.028396e-10
Algorithm converged after  6  iterations.
[1] 3.726490e-06 4.598542e-08 5.573512e-07 5.708283e-10
[1] 1.972260e-05 6.951098e-08 1.666525e-06 1.113596e-09
Algorithm converged after  18  iterations.
[1] 3.726490e-06 1.093494e-08 1.028396e-10 5.573512e-07
[1] 1.487819e-05 1.622054e-08 9.429531e-11 1.358614e-06
Algorithm converged after  17  iterations.
[1] 3.726490e-06 1.093494e-08 5.573512e-07 5.708283e-10
[1] 1.703714e-05 1.688494e-08 1.489942e-06 9.946309e-10
Algorithm converged after  19  iterations.
[1] 3.726490e-06 4.598542e-08 1.093494e-08 5.573512e-07
[1] 1.768249e-05 6.723504e-08 1.728017e-08 1.545089e-06
Algorithm converged after  16  iterations.
[1] 3.726490e-06 1.453356e-06
Algorithm converged after  2  iterations.
[1] 3.726490e-06 1.453356e-06 3.954869e-10
Algorithm converged after  5  iterations.
[1] 3.726490e-06 1.453356e-06 6.249020e-10
Algorithm converged after  5  iterations.
[1] 3.726490e-06 1.453356e-06 1.970174e-15
Algorithm converged after  10  iterations.
[1] 3.726490e-06 1.453356e-06 3.954869e-10 1.044291e-10
Algorithm converged after  9  iterations.
[1] 3.726490e-06 1.453356e-06 6.249020e-10 1.364941e-10
[1] 2.046345e-06 1.287341e-08 5.734338e-08 1.095669e-10
Algorithm converged after  18  iterations.
[1] 3.726490e-06 1.453356e-06 1.970174e-15 3.659507e-20
[1] 5.641758e-06 1.431122e-06 1.242629e-09 7.815242e-10
Algorithm converged after  13  iterations.
[1] 3.726490e-06 1.453356e-06 3.954869e-10 6.249020e-10
Algorithm converged after  6  iterations.
[1] 3.726490e-06 1.453356e-06 3.954869e-10 1.970174e-15
Algorithm converged after  10  iterations.
[1] 3.726490e-06 1.453356e-06 6.249020e-10 1.970174e-15
[1] 5.459419e-06 1.575560e-06 6.536438e-10 1.373108e-09
Algorithm converged after  14  iterations.
numeric(0)
Algorithm converged after  1  iterations.
[1] 6.814753e-19
Algorithm converged after  2  iterations.
[1] 2.495603e-08
Algorithm converged after  2  iterations.
[1] 9.711753e-08
Algorithm converged after  2  iterations.
[1] 6.814753e-19 2.333611e-22
Algorithm converged after  2  iterations.
[1] 2.495603e-08 1.286483e-08
Algorithm converged after  2  iterations.
[1] 9.711753e-08 9.310654e-10
Algorithm converged after  2  iterations.
[1] 6.814753e-19 2.495603e-08
Algorithm converged after  2  iterations.
[1] 6.814753e-19 9.711753e-08
Algorithm converged after  2  iterations.
[1] 2.495603e-08 9.711753e-08
Algorithm converged after  2  iterations.
[1] 6.814753e-19 2.333611e-22 2.495603e-08
Algorithm converged after  2  iterations.
[1] 6.814753e-19 2.333611e-22 9.711753e-08
Algorithm converged after  2  iterations.
[1] 6.814753e-19 2.495603e-08 1.286483e-08
Algorithm converged after  2  iterations.
[1] 6.814753e-19 9.711753e-08 9.310654e-10
Algorithm converged after  2  iterations.
[1] 2.495603e-08 1.286483e-08 9.711753e-08
Algorithm converged after  2  iterations.
[1] 2.495603e-08 9.711753e-08 9.310654e-10
Algorithm converged after  2  iterations.
[1] 6.814753e-19 2.495603e-08 9.711753e-08
Algorithm converged after  2  iterations.
[1] 6.814753e-19 2.333611e-22 2.495603e-08 1.286483e-08
Algorithm converged after  2  iterations.
[1] 6.814753e-19 2.333611e-22 9.711753e-08 9.310654e-10
Algorithm converged after  2  iterations.
[1] 2.495603e-08 1.286483e-08 9.711753e-08 9.310654e-10
Algorithm converged after  2  iterations.
[1] 6.814753e-19 2.333611e-22 2.495603e-08 9.711753e-08
Algorithm converged after  2  iterations.
[1] 6.814753e-19 2.495603e-08 1.286483e-08 9.711753e-08
Algorithm converged after  2  iterations.
[1] 6.814753e-19 2.495603e-08 9.711753e-08 9.310654e-10
Algorithm converged after  2  iterations.
[1] 1.49689e-06
Algorithm converged after  2  iterations.
[1] 1.496890e-06 1.713981e-08
Algorithm converged after  6  iterations.
[1] 1.496890e-06 4.308365e-08
Algorithm converged after  6  iterations.
[1] 1.49689e-06 4.73008e-08
Algorithm converged after  9  iterations.
[1] 1.496890e-06 1.713981e-08 4.358049e-10
Algorithm converged after  6  iterations.
[1] 1.496890e-06 4.308365e-08 6.686099e-11
Algorithm converged after  7  iterations.
[1] 1.496890e-06 4.730080e-08 6.384745e-10
[1] 1.618373e-06 9.161998e-08 8.876337e-10
Algorithm converged after  14  iterations.
[1] 1.496890e-06 1.713981e-08 4.308365e-08
Algorithm converged after  7  iterations.
[1] 1.496890e-06 1.713981e-08 4.730080e-08
Algorithm converged after  6  iterations.
[1] 1.496890e-06 4.308365e-08 4.730080e-08
Algorithm converged after  6  iterations.
[1] 1.496890e-06 1.713981e-08 4.358049e-10 4.308365e-08
Algorithm converged after  8  iterations.
[1] 1.496890e-06 1.713981e-08 4.358049e-10 4.730080e-08
Algorithm converged after  6  iterations.
[1] 1.496890e-06 1.713981e-08 4.308365e-08 6.686099e-11
Algorithm converged after  8  iterations.
[1] 1.496890e-06 1.713981e-08 4.730080e-08 6.384745e-10
Algorithm converged after  6  iterations.
[1] 1.496890e-06 4.308365e-08 6.686099e-11 4.730080e-08
Algorithm converged after  7  iterations.
[1] 1.496890e-06 4.308365e-08 4.730080e-08 6.384745e-10
Algorithm converged after  7  iterations.
[1] 1.496890e-06 1.713981e-08 4.308365e-08 4.730080e-08
Algorithm converged after  7  iterations.
[1] 1.496890e-06 8.008088e-16
Algorithm converged after  2  iterations.
[1] 1.496890e-06 8.008088e-16 1.701604e-08
Algorithm converged after  8  iterations.
[1] 1.496890e-06 8.008088e-16 3.677349e-08
Algorithm converged after  9  iterations.
[1] 1.496890e-06 8.008088e-16 5.970950e-08
[1] 1.849259e-06 3.362289e-07 4.462194e-06
[1] 1.849670e-06 3.363637e-07 4.459109e-06
[1] 1.849630e-06 3.363350e-07 4.458602e-06
Algorithm converged after  32  iterations.
[1] 1.496890e-06 8.008088e-16 1.701604e-08 3.696255e-10
Algorithm converged after  8  iterations.
[1] 1.496890e-06 8.008088e-16 3.677349e-08 4.989468e-10
Algorithm converged after  7  iterations.
[1] 1.496890e-06 8.008088e-16 5.970950e-08 7.155938e-10
[1] 1.521674e-06 6.901029e-08 3.194809e-06 4.653102e-10
[1] 1.584135e-06 7.728395e-08 3.680590e-06 6.493519e-10
Algorithm converged after  30  iterations.
[1] 1.496890e-06 8.008088e-16 1.701604e-08 3.677349e-08
Algorithm converged after  10  iterations.
[1] 1.496890e-06 8.008088e-16 1.701604e-08 5.970950e-08
[1] 1.644383e-06 2.301630e-09 1.207184e-08 2.544065e-07
[1] 1.652282e-06 2.616513e-09 1.166299e-08 2.978346e-07
Algorithm converged after  29  iterations.
[1] 1.496890e-06 8.008088e-16 3.677349e-08 5.970950e-08
[1] 1.784912e-06 1.785750e-08 5.736744e-08 7.376812e-07
[1] 1.785704e-06 1.878075e-08 5.776061e-08 7.989009e-07
[1] 1.785707e-06 1.878388e-08 5.776192e-08 7.991093e-07
Algorithm converged after  31  iterations.
numeric(0)
Algorithm converged after  1  iterations.
[1] 1.780977e-08
Algorithm converged after  2  iterations.
[1] 2.869527e-08
Algorithm converged after  2  iterations.
[1] 7.480079e-07
Algorithm converged after  2  iterations.
[1] 1.780977e-08 8.879293e-10
Algorithm converged after  2  iterations.
[1] 2.869527e-08 1.680622e-08
Algorithm converged after  2  iterations.
[1] 7.480079e-07 8.144157e-08
Algorithm converged after  2  iterations.
[1] 1.780977e-08 2.869527e-08
Algorithm converged after  2  iterations.
[1] 1.780977e-08 7.480079e-07
Algorithm converged after  2  iterations.
[1] 2.869527e-08 7.480079e-07
Algorithm converged after  2  iterations.
[1] 1.780977e-08 8.879293e-10 2.869527e-08
Algorithm converged after  2  iterations.
[1] 1.780977e-08 8.879293e-10 7.480079e-07
Algorithm converged after  2  iterations.
[1] 1.780977e-08 2.869527e-08 1.680622e-08
Algorithm converged after  2  iterations.
[1] 1.780977e-08 7.480079e-07 8.144157e-08
Algorithm converged after  2  iterations.
[1] 2.869527e-08 1.680622e-08 7.480079e-07
Algorithm converged after  2  iterations.
[1] 2.869527e-08 7.480079e-07 8.144157e-08
Algorithm converged after  2  iterations.
[1] 1.780977e-08 2.869527e-08 7.480079e-07
Algorithm converged after  2  iterations.
[1] 1.780977e-08 8.879293e-10 2.869527e-08 1.680622e-08
Algorithm converged after  2  iterations.
[1] 1.780977e-08 8.879293e-10 7.480079e-07 8.144157e-08
Algorithm converged after  2  iterations.
[1] 2.869527e-08 1.680622e-08 7.480079e-07 8.144157e-08
Algorithm converged after  2  iterations.
[1] 1.780977e-08 8.879293e-10 2.869527e-08 7.480079e-07
Algorithm converged after  2  iterations.
[1] 1.780977e-08 2.869527e-08 1.680622e-08 7.480079e-07
Algorithm converged after  2  iterations.
[1] 1.780977e-08 2.869527e-08 7.480079e-07 8.144157e-08
Algorithm converged after  2  iterations.
[1] 4.451409e-06
Algorithm converged after  2  iterations.
[1] 4.451409e-06 2.500944e-08
Algorithm converged after  5  iterations.
[1] 4.451409e-06 1.975539e-08
Algorithm converged after  5  iterations.
[1] 4.451409e-06 4.873646e-07
[1] 1.799429e-05 1.226559e-06
Algorithm converged after  17  iterations.
[1] 4.451409e-06 2.500944e-08 2.162170e-10
Algorithm converged after  5  iterations.
[1] 4.451409e-06 1.975539e-08 1.308359e-10
Algorithm converged after  10  iterations.
[1] 4.451409e-06 4.873646e-07 6.891694e-10
[1] 2.084032e-05 1.374384e-06 1.055127e-09
[1] 2.041644e-05 1.354324e-06 1.032328e-09
[1] 2.180474e-05 1.423414e-06 1.049822e-09
Algorithm converged after  37  iterations.
[1] 4.451409e-06 2.500944e-08 1.975539e-08
Algorithm converged after  6  iterations.
[1] 4.451409e-06 2.500944e-08 4.873646e-07
[1] 2.093403e-05 3.917044e-08 1.383983e-06
Algorithm converged after  17  iterations.
[1] 4.451409e-06 1.975539e-08 4.873646e-07
[1] 1.912702e-05 2.537042e-08 1.290848e-06
Algorithm converged after  17  iterations.
[1] 4.451409e-06 2.500944e-08 2.162170e-10 1.975539e-08
Algorithm converged after  6  iterations.
[1] 4.451409e-06 2.500944e-08 2.162170e-10 4.873646e-07
[1] 2.202639e-05 3.986209e-08 2.401581e-10 1.437950e-06
Algorithm converged after  17  iterations.
[1] 4.451409e-06 2.500944e-08 1.975539e-08 1.308359e-10
Algorithm converged after  9  iterations.
[1] 4.451409e-06 2.500944e-08 4.873646e-07 6.891694e-10
[1] 2.698073e-05 4.332778e-08 1.686900e-06 1.293979e-09
[1] 2.700113e-05 4.334132e-08 1.687899e-06 1.294841e-09
Algorithm converged after  21  iterations.
[1] 4.451409e-06 1.975539e-08 1.308359e-10 4.873646e-07
[1] 1.907668e-05 2.548682e-08 1.061601e-10 1.294688e-06
Algorithm converged after  18  iterations.
[1] 4.451409e-06 1.975539e-08 4.873646e-07 6.891694e-10
[1] 2.413208e-05 2.681531e-08 1.541988e-06 1.154093e-09
Algorithm converged after  20  iterations.
[1] 4.451409e-06 2.500944e-08 1.975539e-08 4.873646e-07
[1] 2.223903e-05 3.997888e-08 2.628113e-08 1.453896e-06
Algorithm converged after  17  iterations.
[1] 4.451409e-06 1.320472e-06
Algorithm converged after  2  iterations.
[1] 4.451409e-06 1.320472e-06 2.500888e-10
Algorithm converged after  5  iterations.
[1] 4.451409e-06 1.320472e-06 5.974790e-10
Algorithm converged after  5  iterations.
[1] 4.451409e-06 1.320472e-06 1.165059e-09
Algorithm converged after  10  iterations.
[1] 4.451409e-06 1.320472e-06 2.500888e-10 8.157799e-11
Algorithm converged after  6  iterations.
[1] 4.451409e-06 1.320472e-06 5.974790e-10 1.291465e-10
Algorithm converged after  8  iterations.
[1] 4.451409e-06 1.320472e-06 1.165059e-09 6.632260e-10
[1] 8.240367e-06 1.438666e-06 1.582544e-09 9.204169e-10
Algorithm converged after  12  iterations.
[1] 4.451409e-06 1.320472e-06 2.500888e-10 5.974790e-10
Algorithm converged after  6  iterations.
[1] 4.451409e-06 1.320472e-06 2.500888e-10 1.165059e-09
Algorithm converged after  10  iterations.
[1] 4.451409e-06 1.320472e-06 5.974790e-10 1.165059e-09
Algorithm converged after  10  iterations.
numeric(0)
Algorithm converged after  1  iterations.
[1] 1.856852e-18
Algorithm converged after  2  iterations.
[1] 3.276171e-08
Algorithm converged after  2  iterations.
[1] 4.665087e-07
Algorithm converged after  2  iterations.
[1] 1.856852e-18 1.049359e-18
Algorithm converged after  2  iterations.
[1] 3.276171e-08 2.222564e-08
Algorithm converged after  2  iterations.
[1] 4.665087e-07 8.572400e-08
Algorithm converged after  2  iterations.
[1] 1.856852e-18 3.276171e-08
Algorithm converged after  2  iterations.
[1] 1.856852e-18 4.665087e-07
Algorithm converged after  2  iterations.
[1] 3.276171e-08 4.665087e-07
Algorithm converged after  2  iterations.
[1] 1.856852e-18 1.049359e-18 3.276171e-08
Algorithm converged after  2  iterations.
[1] 1.856852e-18 1.049359e-18 4.665087e-07
Algorithm converged after  2  iterations.
[1] 1.856852e-18 3.276171e-08 2.222564e-08
Algorithm converged after  2  iterations.
[1] 1.856852e-18 4.665087e-07 8.572400e-08
Algorithm converged after  2  iterations.
[1] 3.276171e-08 2.222564e-08 4.665087e-07
Algorithm converged after  2  iterations.
[1] 3.276171e-08 4.665087e-07 8.572400e-08
Algorithm converged after  2  iterations.
[1] 1.856852e-18 3.276171e-08 4.665087e-07
Algorithm converged after  2  iterations.
[1] 1.856852e-18 1.049359e-18 3.276171e-08 2.222564e-08
Algorithm converged after  2  iterations.
[1] 1.856852e-18 1.049359e-18 4.665087e-07 8.572400e-08
Algorithm converged after  2  iterations.
[1] 3.276171e-08 2.222564e-08 4.665087e-07 8.572400e-08
Algorithm converged after  2  iterations.
[1] 1.856852e-18 1.049359e-18 3.276171e-08 4.665087e-07
Algorithm converged after  2  iterations.
[1] 1.856852e-18 3.276171e-08 2.222564e-08 4.665087e-07
Algorithm converged after  2  iterations.
[1] 1.856852e-18 3.276171e-08 4.665087e-07 8.572400e-08
Algorithm converged after  2  iterations.
[1] 3.98428e-06
Algorithm converged after  2  iterations.
[1] 3.984280e-06 5.006066e-08
Algorithm converged after  6  iterations.
[1] 3.984280e-06 8.490308e-09
Algorithm converged after  6  iterations.
[1] 3.984280e-06 6.271261e-07
[1] 1.718240e-05 1.579067e-06
Algorithm converged after  17  iterations.
[1] 3.984280e-06 5.006066e-08 2.823524e-10
[1] 5.362070e-06 5.322951e-08 1.866251e-13
[1] 4.591045e-06 5.131280e-08 2.909527e-10
[1] 5.373473e-06 5.325288e-08 3.105511e-19
[1] 4.793037e-06 5.202635e-08 2.644361e-10
[1] 5.354940e-06 5.318155e-08 2.763708e-10
Algorithm converged after  53  iterations.
[1] 3.984280e-06 8.490308e-09 7.559143e-11
Algorithm converged after  7  iterations.
[1] 3.984280e-06 6.271261e-07 9.654662e-10
[1] 2.078709e-05 1.810211e-06 1.474029e-09
Algorithm converged after  19  iterations.
[1] 3.984280e-06 5.006066e-08 8.490308e-09
Algorithm converged after  6  iterations.
[1] 3.984280e-06 5.006066e-08 6.271261e-07
[1] 2.081706e-05 7.645382e-08 1.830264e-06
Algorithm converged after  17  iterations.
[1] 3.984280e-06 8.490308e-09 6.271261e-07
[1] 1.785626e-05 1.325625e-08 1.631609e-06
Algorithm converged after  16  iterations.
[1] 3.984280e-06 5.006066e-08 2.823524e-10 8.490308e-09
Algorithm converged after  10  iterations.
[1] 3.984280e-06 5.006066e-08 2.823524e-10 6.271261e-07
[1] 2.236324e-05 7.825628e-08 3.543983e-10 1.929218e-06
Algorithm converged after  17  iterations.
[1] 3.984280e-06 5.006066e-08 8.490308e-09 7.559143e-11
Algorithm converged after  6  iterations.
[1] 3.984280e-06 5.006066e-08 6.271261e-07 9.654662e-10
[1] 2.605298e-05 8.252052e-08 2.160786e-06 1.654635e-09
Algorithm converged after  20  iterations.
[1] 3.984280e-06 8.490308e-09 7.559143e-11 6.271261e-07
[1] 1.774804e-05 1.329534e-08 5.740954e-11 1.630407e-06
[1] 1.775896e-05 1.329799e-08 5.740590e-11 1.631104e-06
Algorithm converged after  27  iterations.
[1] 3.984280e-06 8.490308e-09 6.271261e-07 9.654662e-10
[1] 2.196992e-05 1.428201e-08 1.895115e-06 1.508764e-09
Algorithm converged after  19  iterations.
[1] 3.984280e-06 5.006066e-08 8.490308e-09 6.271261e-07
[1] 2.173471e-05 7.751605e-08 1.433734e-08 1.893897e-06
Algorithm converged after  17  iterations.
[1] 3.984280e-06 1.486061e-06
Algorithm converged after  2  iterations.
[1] 3.984280e-06 1.486061e-06 3.626383e-10
Algorithm converged after  5  iterations.
[1] 3.984280e-06 1.486061e-06 6.302766e-10
Algorithm converged after  5  iterations.
[1] 3.984280e-06 1.486061e-06 1.915112e-09
Algorithm converged after  10  iterations.
[1] 3.984280e-06 1.486061e-06 3.626383e-10 8.845864e-11
Algorithm converged after  7  iterations.
[1] 3.984280e-06 1.486061e-06 6.302766e-10 9.388510e-11
[1] 1.899893e-06 3.993753e-09 7.067641e-08 5.948612e-10
Algorithm converged after  12  iterations.
[1] 3.984280e-06 1.486061e-06 1.915112e-09 3.623439e-10
[1] 8.159976e-06 1.567323e-06 2.491670e-09 5.339686e-10
Algorithm converged after  12  iterations.
[1] 3.984280e-06 1.486061e-06 3.626383e-10 6.302766e-10
Algorithm converged after  6  iterations.
[1] 3.984280e-06 1.486061e-06 3.626383e-10 1.915112e-09
[1] 8.770731e-06 1.679104e-06 4.004365e-10 2.586206e-09
Algorithm converged after  11  iterations.
[1] 3.984280e-06 1.486061e-06 6.302766e-10 1.915112e-09
[1] 7.705444e-06 1.639485e-06 6.475893e-10 2.449319e-09
Algorithm converged after  11  iterations.
numeric(0)
Algorithm converged after  1  iterations.
[1] 5.302327e-08
Algorithm converged after  2  iterations.
[1] 7.456889e-17
Algorithm converged after  2  iterations.
[1] 9.479293e-07
Algorithm converged after  2  iterations.
[1] 5.302327e-08 2.593670e-08
Algorithm converged after  2  iterations.
[1] 7.456889e-17 4.141281e-16
Algorithm converged after  2  iterations.
[1] 9.479293e-07 8.906354e-08
Algorithm converged after  2  iterations.
[1] 5.302327e-08 7.456889e-17
Algorithm converged after  2  iterations.
[1] 5.302327e-08 9.479293e-07
Algorithm converged after  2  iterations.
[1] 7.456889e-17 9.479293e-07
Algorithm converged after  2  iterations.
[1] 5.302327e-08 2.593670e-08 7.456889e-17
Algorithm converged after  2  iterations.
[1] 5.302327e-08 2.593670e-08 9.479293e-07
Algorithm converged after  2  iterations.
[1] 5.302327e-08 7.456889e-17 4.141281e-16
Algorithm converged after  2  iterations.
[1] 5.302327e-08 9.479293e-07 8.906354e-08
Algorithm converged after  2  iterations.
[1] 7.456889e-17 4.141281e-16 9.479293e-07
Algorithm converged after  2  iterations.
[1] 7.456889e-17 9.479293e-07 8.906354e-08
Algorithm converged after  2  iterations.
[1] 5.302327e-08 7.456889e-17 9.479293e-07
Algorithm converged after  2  iterations.
[1] 5.302327e-08 2.593670e-08 7.456889e-17 4.141281e-16
Algorithm converged after  2  iterations.
[1] 5.302327e-08 2.593670e-08 9.479293e-07 8.906354e-08
Algorithm converged after  2  iterations.
[1] 7.456889e-17 4.141281e-16 9.479293e-07 8.906354e-08
Algorithm converged after  2  iterations.
[1] 5.302327e-08 2.593670e-08 7.456889e-17 9.479293e-07
Algorithm converged after  2  iterations.
[1] 5.302327e-08 7.456889e-17 4.141281e-16 9.479293e-07
Algorithm converged after  2  iterations.
[1] 5.302327e-08 7.456889e-17 9.479293e-07 8.906354e-08
Algorithm converged after  2  iterations.
[1] 5.286873e-06
Algorithm converged after  2  iterations.
[1] 5.286873e-06 7.039416e-08
Algorithm converged after  6  iterations.
[1] 5.286873e-06 1.175098e-08
Algorithm converged after  5  iterations.
[1] 5.286873e-06 5.265872e-07
[1] 2.180695e-05 1.347036e-06
Algorithm converged after  17  iterations.
[1] 5.286873e-06 7.039416e-08 2.432617e-15
Algorithm converged after  8  iterations.
[1] 5.286873e-06 1.175098e-08 1.035258e-10
[1] 5.120469e-06 1.173756e-08 1.042683e-10
Algorithm converged after  14  iterations.
[1] 5.286873e-06 5.265872e-07 8.891255e-10
[1] 2.504817e-05 1.488382e-06 1.764518e-09
Algorithm converged after  18  iterations.
[1] 5.286873e-06 7.039416e-08 1.175098e-08
Algorithm converged after  6  iterations.
[1] 5.286873e-06 7.039416e-08 5.265872e-07
[1] 2.688966e-05 1.028245e-07 1.592673e-06
Algorithm converged after  18  iterations.
[1] 5.286873e-06 1.175098e-08 5.265872e-07
[1] 2.338685e-05 1.986330e-08 1.426210e-06
Algorithm converged after  17  iterations.
[1] 5.286873e-06 7.039416e-08 2.432617e-15 1.175098e-08
[1] 7.546749e-06 7.508306e-08 3.551972e-10 1.308683e-08
Algorithm converged after  12  iterations.
[1] 5.286873e-06 7.039416e-08 2.432617e-15 5.265872e-07
[1] 2.899530e-05 1.052763e-07 6.284555e-21 1.687969e-06
[1] 2.843739e-05 1.044784e-07 4.254086e-10 1.664980e-06
[1] 2.752350e-05 1.034772e-07 4.203530e-10 1.626809e-06
[1] 2.668154e-05 1.021320e-07 4.197425e-10 1.590022e-06
[1] 2.653950e-05 1.022485e-07 4.178546e-10 1.589362e-06
[1] 2.855736e-05 1.047889e-07 6.782031e-16 1.686249e-06
[1] 2.866207e-05 1.049547e-07 4.270586e-10 1.694412e-06
[1] 2.856790e-05 1.044712e-07 6.442120e-14 1.689794e-06
[1] 2.762700e-05 1.037912e-07 4.221679e-10 1.653456e-06
[1] 2.913614e-05 1.050402e-07 4.301729e-10 1.723459e-06
[1] 2.822724e-05 1.046679e-07 4.238550e-10 1.690891e-06
[1] 2.795328e-05 1.037054e-07 4.020116e-14 1.674286e-06
[1] 2.829960e-05 1.047499e-07 4.252804e-10 1.698511e-06
[1] 2.788392e-05 1.038436e-07 4.284156e-10 1.676944e-06
[1] 2.910251e-05 1.057169e-07 4.295793e-10 1.739676e-06
[1] 2.652743e-05 1.022971e-07 4.209084e-10 1.618941e-06
[1] 2.775464e-05 1.037874e-07 4.251813e-10 1.678775e-06
[1] 2.789164e-05 1.038264e-07 4.306748e-10 1.686379e-06
[1] 2.856824e-05 1.049308e-07 4.307292e-10 1.724416e-06
[1] 2.706080e-05 1.029481e-07 1.012227e-18 1.655502e-06
[1] 2.888999e-05 1.053911e-07 9.084890e-16 1.745149e-06
[1] 2.703360e-05 1.032071e-07 4.225419e-10 1.661491e-06
[1] 2.854359e-05 1.049033e-07 4.294152e-10 1.735209e-06
[1] 2.699614e-05 1.032055e-07 1.203085e-15 1.666534e-06
[1] 2.861655e-05 1.049530e-07 7.578222e-14 1.742523e-06
[1] 2.708837e-05 1.029208e-07 3.238535e-18 1.671816e-06
[1] 2.844200e-05 1.049940e-07 4.742311e-20 1.744027e-06
[1] 2.857512e-05 1.049984e-07 1.458412e-17 1.750920e-06
[1] 2.886676e-05 1.054992e-07 4.337953e-10 1.768621e-06
Algorithm converged after  297  iterations.
[1] 5.286873e-06 7.039416e-08 1.175098e-08 1.035258e-10
[1] 6.781680e-06 7.376910e-08 1.278209e-08 9.398253e-11
Algorithm converged after  14  iterations.
[1] 5.286873e-06 7.039416e-08 5.265872e-07 8.891255e-10
[1] 3.114917e-05 1.074185e-07 1.778006e-06 1.974252e-09
Algorithm converged after  19  iterations.
[1] 5.286873e-06 1.175098e-08 1.035258e-10 5.265872e-07
[1] 2.390768e-05 2.008017e-08 9.781012e-11 1.453076e-06
Algorithm converged after  19  iterations.
[1] 5.286873e-06 1.175098e-08 5.265872e-07 8.891255e-10
[1] 2.706609e-05 2.119696e-08 1.589544e-06 1.809061e-09
Algorithm converged after  19  iterations.
[1] 5.286873e-06 7.039416e-08 1.175098e-08 5.265872e-07
[1] 2.881069e-05 1.049317e-07 2.185516e-08 1.682786e-06
Algorithm converged after  18  iterations.
[1] 5.286873e-06 1.601657e-06
Algorithm converged after  2  iterations.
[1] 5.286873e-06 1.601657e-06 4.509250e-10
Algorithm converged after  5  iterations.
[1] 5.286873e-06 1.601657e-06 1.712276e-10
Algorithm converged after  5  iterations.
[1] 5.286873e-06 1.601657e-06 2.070363e-09
Algorithm converged after  9  iterations.
[1] 5.286873e-06 1.601657e-06 4.509250e-10 1.031246e-10
Algorithm converged after  6  iterations.
[1] 5.286873e-06 1.601657e-06 1.712276e-10 2.247298e-10
Algorithm converged after  7  iterations.
[1] 5.286873e-06 1.601657e-06 2.070363e-09 5.118978e-10
[1] 8.788466e-06 1.647496e-06 2.602519e-09 6.103428e-10
Algorithm converged after  11  iterations.
[1] 5.286873e-06 1.601657e-06 4.509250e-10 1.712276e-10
Algorithm converged after  6  iterations.
[1] 5.286873e-06 1.601657e-06 4.509250e-10 2.070363e-09
Algorithm converged after  9  iterations.
[1] 5.286873e-06 1.601657e-06 1.712276e-10 2.070363e-09
Algorithm converged after  9  iterations.
numeric(0)
Algorithm converged after  1  iterations.
[1] 4.178389e-08
Algorithm converged after  2  iterations.
[1] 1.863948e-08
Algorithm converged after  2  iterations.
[1] 1.841633e-07
Algorithm converged after  2  iterations.
[1] 4.178389e-08 1.131294e-08
Algorithm converged after  2  iterations.
[1] 1.863948e-08 1.336101e-08
Algorithm converged after  2  iterations.
[1] 1.841633e-07 1.986797e-07
Algorithm converged after  2  iterations.
[1] 4.178389e-08 1.863948e-08
Algorithm converged after  2  iterations.
[1] 4.178389e-08 1.841633e-07
Algorithm converged after  2  iterations.
[1] 1.863948e-08 1.841633e-07
Algorithm converged after  2  iterations.
[1] 4.178389e-08 1.131294e-08 1.863948e-08
Algorithm converged after  2  iterations.
[1] 4.178389e-08 1.131294e-08 1.841633e-07
Algorithm converged after  2  iterations.
[1] 4.178389e-08 1.863948e-08 1.336101e-08
Algorithm converged after  2  iterations.
[1] 4.178389e-08 1.841633e-07 1.986797e-07
Algorithm converged after  2  iterations.
[1] 1.863948e-08 1.336101e-08 1.841633e-07
Algorithm converged after  2  iterations.
[1] 1.863948e-08 1.841633e-07 1.986797e-07
Algorithm converged after  2  iterations.
[1] 4.178389e-08 1.863948e-08 1.841633e-07
Algorithm converged after  2  iterations.
[1] 4.178389e-08 1.131294e-08 1.863948e-08 1.336101e-08
Algorithm converged after  2  iterations.
[1] 4.178389e-08 1.131294e-08 1.841633e-07 1.986797e-07
Algorithm converged after  2  iterations.
[1] 1.863948e-08 1.336101e-08 1.841633e-07 1.986797e-07
Algorithm converged after  2  iterations.
[1] 4.178389e-08 1.131294e-08 1.863948e-08 1.841633e-07
Algorithm converged after  2  iterations.
[1] 4.178389e-08 1.863948e-08 1.336101e-08 1.841633e-07
Algorithm converged after  2  iterations.
[1] 4.178389e-08 1.863948e-08 1.841633e-07 1.986797e-07
Algorithm converged after  2  iterations.
[1] 1.668282e-06
Algorithm converged after  2  iterations.
[1] 1.668282e-06 1.007282e-08
Algorithm converged after  6  iterations.
[1] 1.668282e-06 3.200468e-08
Algorithm converged after  7  iterations.
[1] 1.668282e-06 1.609559e-09
[1] 4.955984e-06 3.194068e-06
Algorithm converged after  19  iterations.
[1] 1.668282e-06 1.007282e-08 6.116092e-10
Algorithm converged after  7  iterations.
[1] 1.668282e-06 3.200468e-08 1.039680e-10
[1] 2.178772e-06 3.674405e-08 5.837672e-17
[1] 2.032665e-06 3.539447e-08 1.082227e-10
[1] 2.004699e-06 3.522114e-08 4.342615e-18
[1] 2.209644e-06 3.710242e-08 1.138335e-10
[1] 2.087334e-06 3.588155e-08 7.679516e-18
[1] 2.042768e-06 3.547281e-08 3.214709e-18
[1] 2.079880e-06 3.583185e-08 5.177981e-18
[1] 2.074467e-06 3.574405e-08 8.041321e-18
[1] 2.185149e-06 3.686541e-08 3.205447e-17
[1] 2.190564e-06 3.689873e-08 3.329357e-17
[1] 2.171995e-06 3.664453e-08 1.119310e-10
[1] 2.052879e-06 3.546714e-08 7.239680e-18
[1] 2.198067e-06 3.691384e-08 1.131453e-10
[1] 2.013046e-06 3.522527e-08 1.103516e-10
[1] 1.986411e-06 3.494984e-08 3.489588e-16
[1] 2.040572e-06 3.537095e-08 3.473020e-16
[1] 2.215222e-06 3.711623e-08 1.146702e-10
[1] 2.188731e-06 3.680515e-08 2.004170e-17
[1] 2.123415e-06 3.593921e-08 1.094024e-10
[1] 2.052920e-06 3.543679e-08 1.717629e-16
[1] 2.093658e-06 3.562121e-08 5.519795e-17
[1] 2.116875e-06 3.585222e-08 1.080919e-10
[1] 2.123839e-06 3.625531e-08 1.129614e-10
[1] 2.091182e-06 3.556111e-08 1.112143e-10
[1] 2.093691e-06 3.564813e-08 1.094703e-10
[1] 2.189048e-06 3.669075e-08 1.124947e-10
[1] 2.191955e-06 3.672655e-08 3.586687e-17
[1] 2.101154e-06 3.567284e-08 1.092139e-10
[1] 2.066835e-06 3.549497e-08 1.102263e-10
[1] 2.092707e-06 3.561161e-08 1.110805e-10
[1] 1.886727e-06 3.382883e-08 3.781794e-16
[1] 2.006570e-06 3.495514e-08 1.092853e-10
[1] 1.940734e-06 3.428104e-08 1.075560e-10
[1] 1.996263e-06 3.489054e-08 5.328161e-14
[1] 2.137475e-06 3.613186e-08 1.108761e-10
[1] 2.191628e-06 3.668282e-08 1.128547e-10
[1] 1.995082e-06 3.483766e-08 1.092708e-10
[1] 2.008109e-06 3.497542e-08 1.585557e-16
[1] 2.182981e-06 3.656901e-08 2.123402e-16
[1] 2.156333e-06 3.632020e-08 2.794568e-18
[1] 2.170818e-06 3.649308e-08 1.129940e-10
[1] 2.196544e-06 3.672016e-08 1.145106e-10
[1] 1.977747e-06 3.461027e-08 5.306225e-17
Algorithm converged after  439  iterations.
[1] 1.668282e-06 1.609559e-09 9.214587e-10
[1] 1.217487e-05 2.236137e-06 1.929445e-09
[1] 1.179486e-05 2.186243e-06 1.941460e-09
Algorithm converged after  23  iterations.
[1] 1.668282e-06 1.007282e-08 3.200468e-08
Algorithm converged after  8  iterations.
[1] 1.668282e-06 1.007282e-08 1.609559e-09
Algorithm converged after  9  iterations.
[1] 1.668282e-06 3.200468e-08 1.609559e-09
[1] 2.157375e-06 3.653137e-08 1.737243e-09
Algorithm converged after  15  iterations.
[1] 1.668282e-06 1.007282e-08 6.116092e-10 3.200468e-08
Algorithm converged after  8  iterations.
[1] 1.668282e-06 1.007282e-08 6.116092e-10 1.609559e-09
Algorithm converged after  7  iterations.
[1] 1.668282e-06 1.007282e-08 3.200468e-08 1.039680e-10
[1] 2.437747e-06 1.352004e-08 3.922349e-08 1.175674e-10
Algorithm converged after  15  iterations.
[1] 1.668282e-06 1.007282e-08 1.609559e-09 9.214587e-10
Algorithm converged after  8  iterations.
[1] 1.668282e-06 3.200468e-08 1.039680e-10 1.609559e-09
[1] 2.211750e-06 3.686628e-08 1.127216e-10 1.740793e-09
[1] 2.050674e-06 3.542369e-08 2.496571e-18 1.726287e-09
[1] 2.362888e-06 3.819682e-08 1.919592e-16 1.773648e-09
[1] 2.378163e-06 3.839697e-08 3.424251e-18 1.775864e-09
[1] 2.156111e-06 3.643182e-08 6.651265e-20 1.743060e-09
[1] 2.167776e-06 3.592853e-08 6.461604e-14 1.864319e-09
[1] 2.099116e-06 3.539081e-08 1.085117e-10 1.847228e-09
[1] 2.296269e-06 3.700698e-08 2.030402e-17 1.799107e-09
[1] 2.272572e-06 3.727992e-08 1.157182e-10 1.774280e-09
[1] 2.318364e-06 3.764853e-08 2.398420e-17 1.785327e-09
[1] 2.321719e-06 3.766500e-08 1.149476e-10 1.785927e-09
Algorithm converged after  116  iterations.
[1] 1.668282e-06 3.200468e-08 1.609559e-09 9.214587e-10
Algorithm converged after  10  iterations.
[1] 1.668282e-06 1.007282e-08 3.200468e-08 1.609559e-09
[1] 2.340211e-06 1.290358e-08 3.793179e-08 1.785377e-09
Algorithm converged after  12  iterations.
[1] 1.668282e-06 5.683771e-09
Algorithm converged after  2  iterations.
[1] 1.668282e-06 5.683771e-09 1.273279e-08
[1] 1.864729e-06 4.980777e-08 7.438643e-09
Algorithm converged after  11  iterations.
[1] 1.668282e-06 5.683771e-09 3.877556e-08
Algorithm converged after  7  iterations.
[1] 1.668282e-06 5.683771e-09 3.453068e-07
[1] 1.603013e-06 1.686218e-08 1.728921e-06
Algorithm converged after  15  iterations.
[1] 1.668282e-06 5.683771e-09 1.273279e-08 2.203151e-10
[1] 1.777917e-06 5.311184e-09 1.497028e-08 2.713708e-10
Algorithm converged after  11  iterations.
[1] 1.668282e-06 5.683771e-09 3.877556e-08 1.403308e-10
[1] 2.175872e-06 9.188671e-09 4.559117e-08 1.685747e-10
Algorithm converged after  12  iterations.
[1] 1.668282e-06 5.683771e-09 3.453068e-07 1.593340e-09
[1] 1.587146e-06 1.388529e-08 7.777593e-07 2.115384e-09
Algorithm converged after  13  iterations.
[1] 1.668282e-06 5.683771e-09 1.273279e-08 3.877556e-08
Algorithm converged after  9  iterations.
[1] 1.668282e-06 5.683771e-09 1.273279e-08 3.453068e-07
[1] 1.801137e-06 1.072764e-08 1.712512e-08 8.962818e-07
Algorithm converged after  12  iterations.
[1] 1.668282e-06 5.683771e-09 3.877556e-08 3.453068e-07
[1] 2.002588e-06 2.385920e-08 5.230793e-08 2.619546e-06
Algorithm converged after  19  iterations.
numeric(0)
Algorithm converged after  1  iterations.
[1] 1.39864e-08
Algorithm converged after  2  iterations.
[1] 2.026407e-08
Algorithm converged after  2  iterations.
[1] 1.02862e-06
Algorithm converged after  2  iterations.
[1] 1.39864e-08 6.74408e-10
Algorithm converged after  2  iterations.
[1] 2.026407e-08 1.556604e-08
Algorithm converged after  2  iterations.
[1] 1.028620e-06 9.023414e-08
Algorithm converged after  2  iterations.
[1] 1.398640e-08 2.026407e-08
Algorithm converged after  2  iterations.
[1] 1.39864e-08 1.02862e-06
Algorithm converged after  2  iterations.
[1] 2.026407e-08 1.028620e-06
Algorithm converged after  2  iterations.
[1] 1.398640e-08 6.744080e-10 2.026407e-08
Algorithm converged after  2  iterations.
[1] 1.39864e-08 6.74408e-10 1.02862e-06
Algorithm converged after  2  iterations.
[1] 1.398640e-08 2.026407e-08 1.556604e-08
Algorithm converged after  2  iterations.
[1] 1.398640e-08 1.028620e-06 9.023414e-08
Algorithm converged after  2  iterations.
[1] 2.026407e-08 1.556604e-08 1.028620e-06
Algorithm converged after  2  iterations.
[1] 2.026407e-08 1.028620e-06 9.023414e-08
Algorithm converged after  2  iterations.
[1] 1.398640e-08 2.026407e-08 1.028620e-06
Algorithm converged after  2  iterations.
[1] 1.398640e-08 6.744080e-10 2.026407e-08 1.556604e-08
Algorithm converged after  2  iterations.
[1] 1.398640e-08 6.744080e-10 1.028620e-06 9.023414e-08
Algorithm converged after  2  iterations.
[1] 2.026407e-08 1.556604e-08 1.028620e-06 9.023414e-08
Algorithm converged after  2  iterations.
[1] 1.398640e-08 6.744080e-10 2.026407e-08 1.028620e-06
Algorithm converged after  2  iterations.
[1] 1.398640e-08 2.026407e-08 1.556604e-08 1.028620e-06
Algorithm converged after  2  iterations.
[1] 1.398640e-08 2.026407e-08 1.028620e-06 9.023414e-08
Algorithm converged after  2  iterations.
[1] 4.905844e-06
Algorithm converged after  2  iterations.
[1] 4.905844e-06 2.808286e-08
Algorithm converged after  5  iterations.
[1] 4.905844e-06 1.264541e-08
Algorithm converged after  5  iterations.
[1] 4.905844e-06 3.461887e-07
[1] 1.753882e-05 7.418281e-07
Algorithm converged after  15  iterations.
[1] 4.905844e-06 2.808286e-08 4.441469e-10
Algorithm converged after  6  iterations.
[1] 4.905844e-06 1.264541e-08 1.040888e-10
Algorithm converged after  8  iterations.
[1] 4.905844e-06 3.461887e-07 6.359765e-10
[1] 2.226721e-05 8.740939e-07 1.424852e-09
Algorithm converged after  18  iterations.
[1] 4.905844e-06 2.808286e-08 1.264541e-08
Algorithm converged after  6  iterations.
[1] 4.905844e-06 2.808286e-08 3.461887e-07
[1] 2.044499e-05 4.318004e-08 8.326887e-07
Algorithm converged after  16  iterations.
[1] 4.905844e-06 1.264541e-08 3.461887e-07
[1] 1.875595e-05 1.872623e-08 7.803630e-07
Algorithm converged after  15  iterations.
[1] 4.905844e-06 2.808286e-08 4.441469e-10 1.264541e-08
Algorithm converged after  6  iterations.
[1] 4.905844e-06 2.808286e-08 4.441469e-10 3.461887e-07
[1] 2.173936e-05 4.405957e-08 5.127485e-10 8.683518e-07
Algorithm converged after  16  iterations.
[1] 4.905844e-06 2.808286e-08 1.264541e-08 1.040888e-10
Algorithm converged after  8  iterations.
[1] 4.905844e-06 2.808286e-08 3.461887e-07 6.359765e-10
[1] 2.648606e-05 4.770042e-08 1.000107e-06 1.616182e-09
Algorithm converged after  19  iterations.
[1] 4.905844e-06 1.264541e-08 1.040888e-10 3.461887e-07
[1] 1.803959e-05 1.848240e-08 8.825640e-11 7.619439e-07
Algorithm converged after  17  iterations.
[1] 4.905844e-06 1.264541e-08 3.461887e-07 6.359765e-10
[1] 2.393994e-05 2.053823e-08 9.255451e-07 1.468004e-09
Algorithm converged after  18  iterations.
[1] 4.905844e-06 2.808286e-08 1.264541e-08 3.461887e-07
[1] 2.190453e-05 4.420779e-08 1.989775e-08 8.754010e-07
Algorithm converged after  16  iterations.
[1] 4.905844e-06 1.165136e-06
Algorithm converged after  2  iterations.
[1] 4.905844e-06 1.165136e-06 5.380172e-10
Algorithm converged after  5  iterations.
[1] 4.905844e-06 1.165136e-06 4.686225e-10
Algorithm converged after  5  iterations.
[1] 4.905844e-06 1.165136e-06 1.573589e-09
Algorithm converged after  10  iterations.
[1] 4.905844e-06 1.165136e-06 5.380172e-10 1.059930e-10
Algorithm converged after  9  iterations.
[1] 4.905844e-06 1.165136e-06 4.686225e-10 1.164170e-10
Algorithm converged after  8  iterations.
[1] 4.905844e-06 1.165136e-06 1.573589e-09 8.410141e-10
[1] 1.003986e-05 1.273340e-06 2.198402e-09 1.053086e-09
Algorithm converged after  12  iterations.
[1] 4.905844e-06 1.165136e-06 5.380172e-10 4.686225e-10
Algorithm converged after  6  iterations.
[1] 4.905844e-06 1.165136e-06 5.380172e-10 1.573589e-09
Algorithm converged after  10  iterations.
[1] 4.905844e-06 1.165136e-06 4.686225e-10 1.573589e-09
Algorithm converged after  10  iterations.
Warning messages:
1: In max(abs(CT), na.rm = T) :
  no non-missing arguments to max; returning -Inf
2: In max(abs(CT), na.rm = T) :
  no non-missing arguments to max; returning -Inf
3: In max(abs(CT), na.rm = T) :
  no non-missing arguments to max; returning -Inf
4: In max(abs(CT), na.rm = T) :
  no non-missing arguments to max; returning -Inf
5: In max(abs(CT), na.rm = T) :
  no non-missing arguments to max; returning -Inf
6: In max(abs(CT), na.rm = T) :
  no non-missing arguments to max; returning -Inf
7: In max(abs(CT), na.rm = T) :
  no non-missing arguments to max; returning -Inf
8: In max(abs(CT), na.rm = T) :
  no non-missing arguments to max; returning -Inf
9: In max(abs(CT), na.rm = T) :
  no non-missing arguments to max; returning -Inf
10: In max(abs(CT), na.rm = T) :
  no non-missing arguments to max; returning -Inf
[1] "Best iter parameter is:"
     gam    rankJ   rankA1   rankA2   rankA3 
2.333333 1.000000 0.000000 0.000000 2.000000 
[1] 3.926947e-06 5.805676e-07 7.237493e-10
[1] 1.848288e-05 1.590338e-06 1.286196e-09
Algorithm converged after  18  iterations.
         [,1]     [,2]     [,3]
[1,] 6.060194 12.33574 41.92766
