myseed=4271 

Attaching package: ‘pls’

The following object is masked from ‘package:stats’:

    loadings

Loading required package: lattice
Loading required package: ggplot2
Registered S3 methods overwritten by 'ggplot2':
  method         from 
  [.quosures     rlang
  c.quosures     rlang
  print.quosures rlang

Attaching package: ‘caret’

The following object is masked from ‘package:pls’:

    R2

Loading required package: Matrix
Loading required package: foreach
Loaded glmnet 2.0-18

Parsed with column specification:
cols(
  .default = col_double()
)
See spec(...) for full column specifications.
Parsed with column specification:
cols(
  X1 = col_double()
)
Parsed with column specification:
cols(
  X1 = col_double()
)
numeric(0)
Algorithm converged after  1  iterations.
[1] 3.639216e-08
Algorithm converged after  2  iterations.
[1] 1.376398e-08
Algorithm converged after  2  iterations.
[1] 3.838971e-07
Algorithm converged after  2  iterations.
[1] 3.639216e-08 1.315308e-08
Algorithm converged after  2  iterations.
[1] 1.376398e-08 1.710658e-10
Algorithm converged after  2  iterations.
[1] 3.838971e-07 6.007034e-08
Algorithm converged after  2  iterations.
[1] 3.639216e-08 1.376398e-08
Algorithm converged after  2  iterations.
[1] 3.639216e-08 3.838971e-07
Algorithm converged after  2  iterations.
[1] 1.376398e-08 3.838971e-07
Algorithm converged after  2  iterations.
[1] 3.639216e-08 1.315308e-08 1.376398e-08
Algorithm converged after  2  iterations.
[1] 3.639216e-08 1.315308e-08 3.838971e-07
Algorithm converged after  2  iterations.
[1] 3.639216e-08 1.376398e-08 1.710658e-10
Algorithm converged after  2  iterations.
[1] 3.639216e-08 3.838971e-07 6.007034e-08
Algorithm converged after  2  iterations.
[1] 1.376398e-08 1.710658e-10 3.838971e-07
Algorithm converged after  2  iterations.
[1] 1.376398e-08 3.838971e-07 6.007034e-08
Algorithm converged after  2  iterations.
[1] 3.639216e-08 1.376398e-08 3.838971e-07
Algorithm converged after  2  iterations.
[1] 3.639216e-08 1.315308e-08 1.376398e-08 1.710658e-10
Algorithm converged after  2  iterations.
[1] 3.639216e-08 1.315308e-08 3.838971e-07 6.007034e-08
Algorithm converged after  2  iterations.
[1] 1.376398e-08 1.710658e-10 3.838971e-07 6.007034e-08
Algorithm converged after  2  iterations.
[1] 3.639216e-08 1.315308e-08 1.376398e-08 3.838971e-07
Algorithm converged after  2  iterations.
[1] 3.639216e-08 1.376398e-08 1.710658e-10 3.838971e-07
Algorithm converged after  2  iterations.
[1] 3.639216e-08 1.376398e-08 3.838971e-07 6.007034e-08
Algorithm converged after  2  iterations.
[1] 1.222205e-06
Algorithm converged after  2  iterations.
[1] 1.222205e-06 1.909177e-08
Algorithm converged after  7  iterations.
[1] 1.222205e-06 2.539789e-08
Algorithm converged after  7  iterations.
[1] 1.222205e-06 1.392086e-06
Algorithm converged after  9  iterations.
[1] 1.222205e-06 1.909177e-08 4.881890e-10
Algorithm converged after  7  iterations.
[1] 1.222205e-06 2.539789e-08 1.388140e-10
Algorithm converged after  8  iterations.
[1] 1.222205e-06 1.392086e-06 6.814404e-10
[1] 2.510076e-06 2.058720e-06 7.795908e-10
[1] 2.556042e-06 2.080889e-06 7.860679e-10
[1] 2.557643e-06 2.082265e-06 7.851611e-10
[1] 2.268928e-06 1.938671e-06 7.450918e-10
Algorithm converged after  49  iterations.
[1] 1.222205e-06 1.909177e-08 2.539789e-08
Algorithm converged after  9  iterations.
[1] 1.222205e-06 1.909177e-08 1.392086e-06
[1] 3.118460e-06 2.822189e-08 2.345050e-06
Algorithm converged after  11  iterations.
[1] 1.222205e-06 2.539789e-08 1.392086e-06
[1] 3.288771e-06 3.426183e-08 2.415475e-06
Algorithm converged after  11  iterations.
[1] 1.222205e-06 1.909177e-08 4.881890e-10 2.539789e-08
Algorithm converged after  9  iterations.
[1] 1.222205e-06 1.909177e-08 4.881890e-10 1.392086e-06
[1] 3.032866e-06 2.777469e-08 4.835467e-10 2.310550e-06
Algorithm converged after  12  iterations.
[1] 1.222205e-06 1.909177e-08 2.539789e-08 1.388140e-10
Algorithm converged after  10  iterations.
[1] 1.222205e-06 1.909177e-08 1.392086e-06 6.814404e-10
[1] 3.471296e-06 2.972448e-08 2.517056e-06 1.048598e-18
[1] 3.459692e-06 2.965956e-08 2.509091e-06 1.947851e-15
[1] 3.450535e-06 2.961834e-08 2.503671e-06 8.574619e-10
[1] 3.451320e-06 2.966074e-08 2.507381e-06 8.517403e-10
Algorithm converged after  48  iterations.
[1] 1.222205e-06 2.539789e-08 1.388140e-10 1.392086e-06
[1] 3.382822e-06 3.472098e-08 5.158781e-17 2.465929e-06
[1] 3.664527e-06 3.566417e-08 1.585155e-18 2.583835e-06
[1] 3.396970e-06 3.482187e-08 1.127115e-19 2.472221e-06
[1] 3.397853e-06 3.483389e-08 1.385116e-10 2.472953e-06
Algorithm converged after  44  iterations.
[1] 1.222205e-06 2.539789e-08 1.392086e-06 6.814404e-10
[1] 3.492483e-06 3.500322e-08 2.493582e-06 9.091869e-10
[1] 3.583172e-06 3.537424e-08 2.537562e-06 6.891049e-20
[1] 3.606646e-06 3.553543e-08 2.559786e-06 9.236861e-10
[1] 3.104109e-06 3.362923e-08 2.318553e-06 8.781116e-10
[1] 2.962080e-06 3.312881e-08 2.257077e-06 8.474593e-17
[1] 3.414547e-06 3.489227e-08 2.463680e-06 9.220407e-10
[1] 3.600482e-06 3.565832e-08 2.561224e-06 9.260834e-10
[1] 3.569561e-06 3.555888e-08 2.546203e-06 9.993550e-16
[1] 3.076097e-06 3.368914e-08 2.315032e-06 8.717358e-10
[1] 3.440059e-06 3.514822e-08 2.486214e-06 9.062621e-10
[1] 3.217410e-06 3.438067e-08 2.386918e-06 2.097411e-15
[1] 3.562023e-06 3.573714e-08 2.548928e-06 9.257350e-10
[1] 3.492371e-06 3.550622e-08 2.516014e-06 6.137785e-19
[1] 3.486198e-06 3.551817e-08 2.514727e-06 2.421104e-16
[1] 3.474729e-06 3.550124e-08 2.511286e-06 1.402228e-15
[1] 3.555880e-06 3.579430e-08 2.540528e-06 9.428325e-10
Algorithm converged after  161  iterations.
[1] 1.222205e-06 1.909177e-08 2.539789e-08 1.392086e-06
[1] 4.415650e-06 3.351065e-08 3.841397e-08 2.932911e-06
Algorithm converged after  13  iterations.
[1] 1.222205e-06 1.773081e-06
Algorithm converged after  2  iterations.
[1] 1.222205e-06 1.773081e-06 5.283842e-10
Algorithm converged after  6  iterations.
[1] 1.222205e-06 1.773081e-06 3.272897e-10
[1] 1.331646e-06 2.168202e-08 3.897213e-08
Algorithm converged after  11  iterations.
[1] 1.222205e-06 1.773081e-06 9.398090e-10
Algorithm converged after  9  iterations.
[1] 1.222205e-06 1.773081e-06 5.283842e-10 9.890648e-11
Algorithm converged after  10  iterations.
[1] 1.222205e-06 1.773081e-06 3.272897e-10 6.954121e-11
[1] 1.227846e-06 6.703607e-08 1.924490e-08 1.395309e-10
[1] 1.443633e-06 1.180183e-07 2.455144e-08 6.846223e-11
[1] 1.445155e-06 1.237120e-07 2.489194e-08 5.505256e-19
[1] 1.459166e-06 1.237972e-07 2.511486e-08 6.785962e-11
[1] 1.446874e-06 1.225111e-07 2.499591e-08 6.746482e-11
[1] 1.337961e-06 1.115526e-07 2.377738e-08 6.487859e-11
[1] 1.348583e-06 1.120671e-07 2.419289e-08 6.339031e-11
[1] 1.461259e-06 1.243590e-07 2.531672e-08 6.661441e-11
Algorithm converged after  85  iterations.
[1] 1.222205e-06 1.773081e-06 9.398090e-10 2.884978e-10
Algorithm converged after  8  iterations.
[1] 1.222205e-06 1.773081e-06 5.283842e-10 3.272897e-10
[1] 1.485100e-06 2.894082e-08 2.308311e-08 5.220883e-08
Algorithm converged after  15  iterations.
[1] 1.222205e-06 1.773081e-06 5.283842e-10 9.398090e-10
[1] 1.148251e-06 1.148987e-08 2.773524e-08 7.711582e-07
Algorithm converged after  16  iterations.
[1] 1.222205e-06 1.773081e-06 3.272897e-10 9.398090e-10
[1] 1.368111e-06 1.116922e-08 2.985003e-08 5.670079e-07
Algorithm converged after  18  iterations.
numeric(0)
Algorithm converged after  1  iterations.
[1] 1.514844e-08
Algorithm converged after  2  iterations.
[1] 1.063918e-08
Algorithm converged after  2  iterations.
[1] 6.269585e-08
Algorithm converged after  2  iterations.
[1] 1.514844e-08 6.069350e-10
Algorithm converged after  2  iterations.
[1] 1.063918e-08 4.942128e-15
Algorithm converged after  2  iterations.
[1] 6.269585e-08 3.708654e-09
Algorithm converged after  2  iterations.
[1] 1.514844e-08 1.063918e-08
Algorithm converged after  2  iterations.
[1] 1.514844e-08 6.269585e-08
Algorithm converged after  2  iterations.
[1] 1.063918e-08 6.269585e-08
Algorithm converged after  2  iterations.
[1] 1.514844e-08 6.069350e-10 1.063918e-08
Algorithm converged after  2  iterations.
[1] 1.514844e-08 6.069350e-10 6.269585e-08
Algorithm converged after  2  iterations.
[1] 1.514844e-08 1.063918e-08 4.942128e-15
Algorithm converged after  2  iterations.
[1] 1.514844e-08 6.269585e-08 3.708654e-09
Algorithm converged after  2  iterations.
[1] 1.063918e-08 4.942128e-15 6.269585e-08
Algorithm converged after  2  iterations.
[1] 1.063918e-08 6.269585e-08 3.708654e-09
Algorithm converged after  2  iterations.
[1] 1.514844e-08 1.063918e-08 6.269585e-08
Algorithm converged after  2  iterations.
[1] 1.514844e-08 6.069350e-10 1.063918e-08 4.942128e-15
Algorithm converged after  2  iterations.
[1] 1.514844e-08 6.069350e-10 6.269585e-08 3.708654e-09
Algorithm converged after  2  iterations.
[1] 1.063918e-08 4.942128e-15 6.269585e-08 3.708654e-09
Algorithm converged after  2  iterations.
[1] 1.514844e-08 6.069350e-10 1.063918e-08 6.269585e-08
Algorithm converged after  2  iterations.
[1] 1.514844e-08 1.063918e-08 4.942128e-15 6.269585e-08
Algorithm converged after  2  iterations.
[1] 1.514844e-08 1.063918e-08 6.269585e-08 3.708654e-09
Algorithm converged after  2  iterations.
[1] 1.001422e-06
Algorithm converged after  2  iterations.
[1] 1.001422e-06 2.795949e-08
Algorithm converged after  7  iterations.
[1] 1.001422e-06 2.730641e-08
Algorithm converged after  8  iterations.
[1] 1.001422e-06 7.513175e-07
Algorithm converged after  9  iterations.
[1] 1.001422e-06 2.795949e-08 4.892378e-10
Algorithm converged after  7  iterations.
[1] 1.001422e-06 2.730641e-08 3.419382e-16
[1] 1.579863e-06 3.089478e-08 1.608036e-10
Algorithm converged after  11  iterations.
[1] 1.001422e-06 7.513175e-07 8.223906e-10
[1] 1.839347e-06 1.078940e-06 8.793096e-10
[1] 1.934628e-06 1.121249e-06 1.018904e-18
[1] 2.013849e-06 1.154530e-06 4.077679e-17
[1] 1.633047e-06 1.003747e-06 8.559766e-10
[1] 1.723211e-06 1.041261e-06 2.878086e-16
[1] 1.862599e-06 1.087436e-06 8.880185e-10
[1] 1.666466e-06 1.004290e-06 9.077018e-10
[1] 2.000522e-06 1.149407e-06 2.499130e-16
[1] 1.747135e-06 1.049609e-06 8.595381e-10
[1] 1.988178e-06 1.139459e-06 6.470617e-18
[1] 1.842903e-06 1.083814e-06 8.759468e-10
[1] 1.748458e-06 1.050508e-06 8.596421e-10
[1] 1.943779e-06 1.126530e-06 1.421759e-18
[1] 1.833701e-06 1.082500e-06 8.697533e-10
[1] 1.865020e-06 1.088639e-06 9.624754e-10
Algorithm converged after  158  iterations.
[1] 1.001422e-06 2.795949e-08 2.730641e-08
Algorithm converged after  10  iterations.
[1] 1.001422e-06 2.795949e-08 7.513175e-07
[1] 2.544161e-06 3.902058e-08 1.344229e-06
Algorithm converged after  11  iterations.
[1] 1.001422e-06 2.730641e-08 7.513175e-07
[1] 2.719032e-06 3.689397e-08 1.399291e-06
Algorithm converged after  11  iterations.
[1] 1.001422e-06 2.795949e-08 4.892378e-10 2.730641e-08
Algorithm converged after  10  iterations.
[1] 1.001422e-06 2.795949e-08 4.892378e-10 7.513175e-07
[1] 2.634006e-06 3.975853e-08 4.701205e-10 1.381078e-06
Algorithm converged after  17  iterations.
[1] 1.001422e-06 2.795949e-08 2.730641e-08 3.419382e-16
[1] 2.306147e-06 3.731429e-08 3.471958e-08 1.638450e-10
Algorithm converged after  11  iterations.
[1] 1.001422e-06 2.795949e-08 7.513175e-07 8.223906e-10
[1] 2.896500e-06 4.124334e-08 1.479870e-06 3.905537e-21
[1] 2.558356e-06 3.924563e-08 1.349859e-06 3.851065e-15
[1] 2.889337e-06 4.137281e-08 1.479835e-06 9.866521e-10
Algorithm converged after  35  iterations.
[1] 1.001422e-06 2.730641e-08 3.419382e-16 7.513175e-07
[1] 2.964057e-06 3.807099e-08 1.732500e-10 1.485062e-06
Algorithm converged after  13  iterations.
[1] 1.001422e-06 2.730641e-08 7.513175e-07 8.223906e-10
[1] 3.046716e-06 3.846630e-08 1.510560e-06 1.080863e-09
Algorithm converged after  12  iterations.
[1] 1.001422e-06 2.795949e-08 2.730641e-08 7.513175e-07
[1] 3.839634e-06 4.666058e-08 4.220840e-08 1.797494e-06
Algorithm converged after  14  iterations.
[1] 1.001422e-06 1.374196e-06
Algorithm converged after  2  iterations.
[1] 1.001422e-06 1.374196e-06 5.115104e-10
Algorithm converged after  7  iterations.
[1] 1.001422e-06 1.374196e-06 3.619206e-10
[1] 9.848768e-07 1.207482e-08 8.757767e-09
Algorithm converged after  15  iterations.
[1] 1.001422e-06 1.374196e-06 1.108014e-09
[1] 8.264168e-07 2.869786e-08 6.332534e-07
[1] 8.263235e-07 2.883862e-08 6.369819e-07
Algorithm converged after  26  iterations.
[1] 1.001422e-06 1.374196e-06 5.115104e-10 1.929491e-10
[1] 1.028547e-06 6.832516e-07 5.276547e-09 5.133620e-10
Algorithm converged after  17  iterations.
[1] 1.001422e-06 1.374196e-06 3.619206e-10 4.842880e-11
[1] 1.086528e-06 6.549616e-09 3.683255e-08 2.652532e-10
Algorithm converged after  12  iterations.
[1] 1.001422e-06 1.374196e-06 1.108014e-09 5.217370e-10
Algorithm converged after  8  iterations.
[1] 1.001422e-06 1.374196e-06 5.115104e-10 3.619206e-10
[1] 1.248446e-06 4.593045e-09 4.187184e-08 5.062865e-08
Algorithm converged after  13  iterations.
[1] 1.001422e-06 1.374196e-06 5.115104e-10 1.108014e-09
[1] 1.049414e-06 1.010226e-07 6.914381e-08 1.464491e-06
[1] 1.061016e-06 1.086674e-07 7.175178e-08 1.598273e-06
[1] 1.061646e-06 1.090802e-07 7.189082e-08 1.605514e-06
[1] 1.061680e-06 1.091022e-07 7.189821e-08 1.605899e-06
Algorithm converged after  47  iterations.
[1] 1.001422e-06 1.374196e-06 3.619206e-10 1.108014e-09
[1] 1.135474e-06 1.209772e-08 3.130315e-08 9.133405e-07
Algorithm converged after  13  iterations.
numeric(0)
Algorithm converged after  1  iterations.
[1] 5.3303e-08
Algorithm converged after  2  iterations.
[1] 1.005289e-08
Algorithm converged after  2  iterations.
[1] 3.3474e-07
Algorithm converged after  2  iterations.
[1] 5.330300e-08 1.072415e-08
Algorithm converged after  2  iterations.
[1] 1.005289e-08 1.550077e-10
Algorithm converged after  2  iterations.
[1] 3.347400e-07 8.384033e-08
Algorithm converged after  2  iterations.
[1] 5.330300e-08 1.005289e-08
Algorithm converged after  2  iterations.
[1] 5.3303e-08 3.3474e-07
Algorithm converged after  2  iterations.
[1] 1.005289e-08 3.347400e-07
Algorithm converged after  2  iterations.
[1] 5.330300e-08 1.072415e-08 1.005289e-08
Algorithm converged after  2  iterations.
[1] 5.330300e-08 1.072415e-08 3.347400e-07
Algorithm converged after  2  iterations.
[1] 5.330300e-08 1.005289e-08 1.550077e-10
Algorithm converged after  2  iterations.
[1] 5.330300e-08 3.347400e-07 8.384033e-08
Algorithm converged after  2  iterations.
[1] 1.005289e-08 1.550077e-10 3.347400e-07
Algorithm converged after  2  iterations.
[1] 1.005289e-08 3.347400e-07 8.384033e-08
Algorithm converged after  2  iterations.
[1] 5.330300e-08 1.005289e-08 3.347400e-07
Algorithm converged after  2  iterations.
[1] 5.330300e-08 1.072415e-08 1.005289e-08 1.550077e-10
Algorithm converged after  2  iterations.
[1] 5.330300e-08 1.072415e-08 3.347400e-07 8.384033e-08
Algorithm converged after  2  iterations.
[1] 1.005289e-08 1.550077e-10 3.347400e-07 8.384033e-08
Algorithm converged after  2  iterations.
[1] 5.330300e-08 1.072415e-08 1.005289e-08 3.347400e-07
Algorithm converged after  2  iterations.
[1] 5.330300e-08 1.005289e-08 1.550077e-10 3.347400e-07
Algorithm converged after  2  iterations.
[1] 5.330300e-08 1.005289e-08 3.347400e-07 8.384033e-08
Algorithm converged after  2  iterations.
[1] 1.195415e-06
Algorithm converged after  2  iterations.
[1] 1.195415e-06 5.708605e-10
Algorithm converged after  8  iterations.
[1] 1.195415e-06 2.696291e-08
Algorithm converged after  6  iterations.
[1] 1.195415e-06 2.724790e-08
Algorithm converged after  9  iterations.
[1] 1.195415e-06 5.708605e-10 8.244481e-11
[1] 1.173463e-06 1.746415e-09 6.998183e-10
Algorithm converged after  15  iterations.
[1] 1.195415e-06 2.696291e-08 1.984334e-10
Algorithm converged after  7  iterations.
[1] 1.195415e-06 2.724790e-08 1.025342e-09
Algorithm converged after  6  iterations.
[1] 1.195415e-06 5.708605e-10 2.696291e-08
[1] 1.334330e-06 5.829914e-10 2.913487e-08
Algorithm converged after  11  iterations.
[1] 1.195415e-06 5.708605e-10 2.724790e-08
Algorithm converged after  10  iterations.
[1] 1.195415e-06 2.696291e-08 2.724790e-08
Algorithm converged after  7  iterations.
[1] 1.195415e-06 5.708605e-10 8.244481e-11 2.696291e-08
Algorithm converged after  7  iterations.
[1] 1.195415e-06 5.708605e-10 8.244481e-11 2.724790e-08
[1] 1.347001e-06 5.724279e-10 8.451034e-11 6.379190e-08
Algorithm converged after  12  iterations.
[1] 1.195415e-06 5.708605e-10 2.696291e-08 1.984334e-10
Algorithm converged after  7  iterations.
[1] 1.195415e-06 5.708605e-10 2.724790e-08 1.025342e-09
Algorithm converged after  7  iterations.
[1] 1.195415e-06 2.696291e-08 1.984334e-10 2.724790e-08
[1] 1.332219e-06 2.840691e-08 2.114076e-10 4.099541e-08
Algorithm converged after  12  iterations.
[1] 1.195415e-06 2.696291e-08 2.724790e-08 1.025342e-09
Algorithm converged after  7  iterations.
[1] 1.195415e-06 5.708605e-10 2.696291e-08 2.724790e-08
Algorithm converged after  10  iterations.
[1] 1.195415e-06 1.071051e-08
Algorithm converged after  2  iterations.
[1] 1.195415e-06 1.071051e-08 5.419733e-09
[1] 1.292136e-06 4.028415e-08 5.690158e-09
Algorithm converged after  12  iterations.
[1] 1.195415e-06 1.071051e-08 2.570330e-08
[1] 1.438792e-06 2.185129e-08 3.442673e-08
Algorithm converged after  11  iterations.
[1] 1.195415e-06 1.071051e-08 4.781539e-08
[1] 1.160766e-06 2.904099e-08 2.707879e-07
[1] 1.160777e-06 2.921086e-08 2.728712e-07
Algorithm converged after  29  iterations.
[1] 1.195415e-06 1.071051e-08 5.419733e-09 3.352886e-10
Algorithm converged after  9  iterations.
[1] 1.195415e-06 1.071051e-08 2.570330e-08 2.034923e-10
[1] 1.402347e-06 2.698919e-08 3.516977e-08 2.168565e-10
Algorithm converged after  12  iterations.
[1] 1.195415e-06 1.071051e-08 4.781539e-08 1.720767e-10
[1] 1.101833e-06 2.544380e-08 2.318314e-07 1.146695e-10
[1] 1.101533e-06 2.556803e-08 2.333160e-07 1.146357e-10
Algorithm converged after  27  iterations.
[1] 1.195415e-06 1.071051e-08 5.419733e-09 2.570330e-08
[1] 1.621752e-06 4.239923e-08 1.423817e-08 4.242732e-08
Algorithm converged after  14  iterations.
[1] 1.195415e-06 1.071051e-08 5.419733e-09 4.781539e-08
[1] 1.363157e-06 7.179509e-08 1.937817e-08 7.295206e-07
[1] 1.370736e-06 7.470402e-08 1.997335e-08 7.653743e-07
[1] 1.371024e-06 7.481381e-08 1.999578e-08 7.667300e-07
[1] 1.371035e-06 7.481793e-08 1.999662e-08 7.667809e-07
Algorithm converged after  42  iterations.
[1] 1.195415e-06 1.071051e-08 2.570330e-08 4.781539e-08
[1] 1.635514e-06 1.322006e-07 6.548087e-08 1.420593e-06
[1] 1.655748e-06 1.392086e-07 6.721056e-08 1.508947e-06
[1] 1.656658e-06 1.395225e-07 6.728791e-08 1.512916e-06
[1] 1.656699e-06 1.395369e-07 6.729147e-08 1.513098e-06
Algorithm converged after  44  iterations.
numeric(0)
Algorithm converged after  1  iterations.
[1] 2.768991e-08
Algorithm converged after  2  iterations.
[1] 2.301817e-08
Algorithm converged after  2  iterations.
[1] 2.878313e-07
Algorithm converged after  2  iterations.
[1] 2.768991e-08 1.365514e-08
Algorithm converged after  2  iterations.
[1] 2.301817e-08 1.462702e-08
Algorithm converged after  2  iterations.
[1] 2.878313e-07 4.958867e-08
Algorithm converged after  2  iterations.
[1] 2.768991e-08 2.301817e-08
Algorithm converged after  2  iterations.
[1] 2.768991e-08 2.878313e-07
Algorithm converged after  2  iterations.
[1] 2.301817e-08 2.878313e-07
Algorithm converged after  2  iterations.
[1] 2.768991e-08 1.365514e-08 2.301817e-08
Algorithm converged after  2  iterations.
[1] 2.768991e-08 1.365514e-08 2.878313e-07
Algorithm converged after  2  iterations.
[1] 2.768991e-08 2.301817e-08 1.462702e-08
Algorithm converged after  2  iterations.
[1] 2.768991e-08 2.878313e-07 4.958867e-08
Algorithm converged after  2  iterations.
[1] 2.301817e-08 1.462702e-08 2.878313e-07
Algorithm converged after  2  iterations.
[1] 2.301817e-08 2.878313e-07 4.958867e-08
Algorithm converged after  2  iterations.
[1] 2.768991e-08 2.301817e-08 2.878313e-07
Algorithm converged after  2  iterations.
[1] 2.768991e-08 1.365514e-08 2.301817e-08 1.462702e-08
Algorithm converged after  2  iterations.
[1] 2.768991e-08 1.365514e-08 2.878313e-07 4.958867e-08
Algorithm converged after  2  iterations.
[1] 2.301817e-08 1.462702e-08 2.878313e-07 4.958867e-08
Algorithm converged after  2  iterations.
[1] 2.768991e-08 1.365514e-08 2.301817e-08 2.878313e-07
Algorithm converged after  2  iterations.
[1] 2.768991e-08 2.301817e-08 1.462702e-08 2.878313e-07
Algorithm converged after  2  iterations.
[1] 2.768991e-08 2.301817e-08 2.878313e-07 4.958867e-08
Algorithm converged after  2  iterations.
[1] 2.045988e-06
Algorithm converged after  2  iterations.
[1] 2.045988e-06 3.912055e-08
Algorithm converged after  6  iterations.
[1] 2.045988e-06 2.401086e-08
Algorithm converged after  5  iterations.
[1] 2.045988e-06 4.004742e-07
[1] 8.132614e-06 1.007552e-06
Algorithm converged after  16  iterations.
[1] 2.045988e-06 3.912055e-08 4.694247e-10
Algorithm converged after  6  iterations.
[1] 2.045988e-06 2.401086e-08 2.341099e-10
Algorithm converged after  6  iterations.
[1] 2.045988e-06 4.004742e-07 1.055084e-09
[1] 9.634350e-06 1.139441e-06 1.883021e-09
Algorithm converged after  18  iterations.
[1] 2.045988e-06 3.912055e-08 2.401086e-08
Algorithm converged after  6  iterations.
[1] 2.045988e-06 3.912055e-08 4.004742e-07
[1] 1.007491e-05 6.202717e-08 1.199503e-06
Algorithm converged after  17  iterations.
[1] 2.045988e-06 2.401086e-08 4.004742e-07
[1] 9.112081e-06 3.568250e-08 1.097127e-06
Algorithm converged after  16  iterations.
[1] 2.045988e-06 3.912055e-08 4.694247e-10 2.401086e-08
Algorithm converged after  6  iterations.
[1] 2.045988e-06 3.912055e-08 4.694247e-10 4.004742e-07
[1] 1.054664e-05 6.250886e-08 5.253343e-10 1.237206e-06
Algorithm converged after  17  iterations.
[1] 2.045988e-06 3.912055e-08 2.401086e-08 2.341099e-10
Algorithm converged after  6  iterations.
[1] 2.045988e-06 3.912055e-08 4.004742e-07 1.055084e-09
[1] 1.185786e-05 6.538140e-08 1.353154e-06 2.043749e-09
Algorithm converged after  19  iterations.
[1] 2.045988e-06 2.401086e-08 2.341099e-10 4.004742e-07
[1] 8.401149e-06 3.462918e-08 1.639585e-10 1.036406e-06
Algorithm converged after  17  iterations.
[1] 2.045988e-06 2.401086e-08 4.004742e-07 1.055084e-09
[1] 1.092520e-05 3.817632e-08 1.260434e-06 1.991033e-09
Algorithm converged after  19  iterations.
[1] 2.045988e-06 3.912055e-08 2.401086e-08 4.004742e-07
[1] 1.116928e-05 6.376215e-08 3.818191e-08 1.295161e-06
Algorithm converged after  18  iterations.
[1] 2.045988e-06 1.066664e-06
Algorithm converged after  2  iterations.
[1] 2.045988e-06 1.066664e-06 5.632270e-10
Algorithm converged after  6  iterations.
[1] 2.045988e-06 1.066664e-06 2.189587e-10
Algorithm converged after  10  iterations.
[1] 2.045988e-06 1.066664e-06 2.188193e-09
[1] 3.436442e-06 1.141886e-06 2.717660e-09
Algorithm converged after  11  iterations.
[1] 2.045988e-06 1.066664e-06 5.632270e-10 1.171778e-10
[1] 1.184982e-06 1.904619e-08 2.813850e-08 6.121324e-10
Algorithm converged after  12  iterations.
[1] 2.045988e-06 1.066664e-06 2.189587e-10 5.096015e-11
[1] 1.177100e-06 3.116512e-08 2.903203e-08 1.337609e-10
Algorithm converged after  11  iterations.
[1] 2.045988e-06 1.066664e-06 2.188193e-09 5.348496e-10
[1] 5.606884e-06 1.109713e-06 3.170935e-09 8.696310e-10
Algorithm converged after  13  iterations.
[1] 2.045988e-06 1.066664e-06 5.632270e-10 2.189587e-10
[1] 1.384897e-06 2.418053e-08 4.015316e-08 4.274995e-08
Algorithm converged after  14  iterations.
[1] 2.045988e-06 1.066664e-06 5.632270e-10 2.188193e-09
[1] 4.077296e-06 1.141915e-06 5.994767e-10 2.929389e-09
Algorithm converged after  11  iterations.
[1] 2.045988e-06 1.066664e-06 2.189587e-10 2.188193e-09
Algorithm converged after  9  iterations.
numeric(0)
Algorithm converged after  1  iterations.
[1] 2.926043e-08
Algorithm converged after  2  iterations.
[1] 1.869488e-08
Algorithm converged after  2  iterations.
[1] 9.842697e-08
Algorithm converged after  2  iterations.
[1] 2.926043e-08 8.895163e-09
Algorithm converged after  2  iterations.
[1] 1.869488e-08 6.464381e-10
Algorithm converged after  2  iterations.
[1] 9.842697e-08 8.128623e-08
Algorithm converged after  2  iterations.
[1] 2.926043e-08 1.869488e-08
Algorithm converged after  2  iterations.
[1] 2.926043e-08 9.842697e-08
Algorithm converged after  2  iterations.
[1] 1.869488e-08 9.842697e-08
Algorithm converged after  2  iterations.
[1] 2.926043e-08 8.895163e-09 1.869488e-08
Algorithm converged after  2  iterations.
[1] 2.926043e-08 8.895163e-09 9.842697e-08
Algorithm converged after  2  iterations.
[1] 2.926043e-08 1.869488e-08 6.464381e-10
Algorithm converged after  2  iterations.
[1] 2.926043e-08 9.842697e-08 8.128623e-08
Algorithm converged after  2  iterations.
[1] 1.869488e-08 6.464381e-10 9.842697e-08
Algorithm converged after  2  iterations.
[1] 1.869488e-08 9.842697e-08 8.128623e-08
Algorithm converged after  2  iterations.
[1] 2.926043e-08 1.869488e-08 9.842697e-08
Algorithm converged after  2  iterations.
[1] 2.926043e-08 8.895163e-09 1.869488e-08 6.464381e-10
Algorithm converged after  2  iterations.
[1] 2.926043e-08 8.895163e-09 9.842697e-08 8.128623e-08
Algorithm converged after  2  iterations.
[1] 1.869488e-08 6.464381e-10 9.842697e-08 8.128623e-08
Algorithm converged after  2  iterations.
[1] 2.926043e-08 8.895163e-09 1.869488e-08 9.842697e-08
Algorithm converged after  2  iterations.
[1] 2.926043e-08 1.869488e-08 6.464381e-10 9.842697e-08
Algorithm converged after  2  iterations.
[1] 2.926043e-08 1.869488e-08 9.842697e-08 8.128623e-08
Algorithm converged after  2  iterations.
[1] 1.054265e-06
Algorithm converged after  2  iterations.
[1] 1.054265e-06 9.854592e-09
Algorithm converged after  6  iterations.
[1] 1.054265e-06 4.484269e-08
Algorithm converged after  7  iterations.
[1] 1.054265e-06 7.599922e-08
Algorithm converged after  7  iterations.
[1] 1.054265e-06 9.854592e-09 4.214602e-10
Algorithm converged after  7  iterations.
[1] 1.054265e-06 4.484269e-08 1.356499e-10
Algorithm converged after  10  iterations.
[1] 1.054265e-06 7.599922e-08 1.154051e-09
[1] 1.128482e-06 1.066561e-07 1.509642e-16
Algorithm converged after  17  iterations.
[1] 1.054265e-06 9.854592e-09 4.484269e-08
Algorithm converged after  8  iterations.
[1] 1.054265e-06 9.854592e-09 7.599922e-08
Algorithm converged after  6  iterations.
[1] 1.054265e-06 4.484269e-08 7.599922e-08
Algorithm converged after  7  iterations.
[1] 1.054265e-06 9.854592e-09 4.214602e-10 4.484269e-08
Algorithm converged after  8  iterations.
[1] 1.054265e-06 9.854592e-09 4.214602e-10 7.599922e-08
Algorithm converged after  7  iterations.
[1] 1.054265e-06 9.854592e-09 4.484269e-08 1.356499e-10
[1] 1.406182e-06 1.293634e-08 5.271859e-08 1.338875e-10
Algorithm converged after  13  iterations.
[1] 1.054265e-06 9.854592e-09 7.599922e-08 1.154051e-09
[1] 1.269043e-06 1.136590e-08 9.962447e-08 1.920916e-10
[1] 1.191123e-06 1.077096e-08 9.406837e-08 1.783655e-17
[1] 1.236275e-06 1.128619e-08 9.199606e-08 1.117345e-19
[1] 1.277891e-06 1.133187e-08 1.044082e-07 1.236249e-09
Algorithm converged after  45  iterations.
[1] 1.054265e-06 4.484269e-08 1.356499e-10 7.599922e-08
[1] 1.320192e-06 5.038641e-08 4.263422e-11 1.001892e-07
[1] 1.366295e-06 5.123603e-08 4.374189e-11 1.050914e-07
Algorithm converged after  29  iterations.
[1] 1.054265e-06 4.484269e-08 7.599922e-08 1.154051e-09
[1] 1.360614e-06 5.124113e-08 9.956056e-08 1.248934e-09
[1] 1.405831e-06 5.205172e-08 1.106329e-07 1.260875e-09
[1] 1.391531e-06 5.187150e-08 9.351299e-08 1.139843e-17
[1] 1.405650e-06 5.200181e-08 1.058342e-07 3.720018e-16
[1] 1.355301e-06 5.100371e-08 1.024034e-07 9.722008e-18
[1] 1.400400e-06 5.186498e-08 1.054713e-07 1.261661e-09
Algorithm converged after  66  iterations.
[1] 1.054265e-06 9.854592e-09 4.484269e-08 7.599922e-08
Algorithm converged after  8  iterations.
[1] 1.054265e-06 9.052628e-09
Algorithm converged after  2  iterations.
[1] 1.054265e-06 9.052628e-09 1.509173e-08
Algorithm converged after  9  iterations.
[1] 1.054265e-06 9.052628e-09 4.710478e-08
[1] 1.347760e-06 2.278510e-08 6.184615e-08
Algorithm converged after  11  iterations.
[1] 1.054265e-06 9.052628e-09 4.167537e-08
[1] 1.026628e-06 3.201072e-09 1.522582e-07
Algorithm converged after  18  iterations.
[1] 1.054265e-06 9.052628e-09 1.509173e-08 2.030580e-10
Algorithm converged after  9  iterations.
[1] 1.054265e-06 9.052628e-09 4.710478e-08 1.436958e-10
[1] 1.360602e-06 2.448290e-08 6.382029e-08 7.278650e-15
[1] 1.359697e-06 2.461563e-08 6.407089e-08 1.308112e-10
Algorithm converged after  24  iterations.
[1] 1.054265e-06 9.052628e-09 4.167537e-08 2.105777e-10
[1] 9.702109e-07 1.752551e-08 1.516055e-07 5.930160e-18
[1] 9.501022e-07 1.144690e-08 7.714434e-08 2.632679e-10
[1] 9.561104e-07 1.680028e-08 1.412574e-07 1.854126e-17
[1] 9.935578e-07 2.354070e-08 2.230687e-07 1.446299e-10
[1] 9.601088e-07 1.343609e-08 9.768406e-08 1.830049e-10
[1] 9.665446e-07 1.913080e-08 1.699291e-07 9.108959e-11
[1] 9.663273e-07 2.598056e-08 2.515631e-07 7.472682e-12
[1] 9.893294e-07 1.597557e-08 1.440927e-07 2.414249e-10
[1] 1.012688e-06 2.189640e-08 1.882930e-07 1.370970e-10
[1] 1.006915e-06 2.444857e-08 2.185775e-07 1.744513e-10
[1] 9.629650e-07 2.759039e-08 2.725506e-07 1.899030e-10
[1] 9.629481e-07 2.760837e-08 2.728091e-07 1.899575e-10
Algorithm converged after  124  iterations.
[1] 1.054265e-06 9.052628e-09 1.509173e-08 4.710478e-08
[1] 1.610940e-06 4.631682e-08 3.500897e-08 7.896426e-08
Algorithm converged after  13  iterations.
[1] 1.054265e-06 9.052628e-09 1.509173e-08 4.167537e-08
[1] 1.224631e-06 6.527439e-08 3.544687e-08 7.787823e-07
[1] 1.227820e-06 6.723045e-08 3.599339e-08 8.086919e-07
[1] 1.227907e-06 6.728342e-08 3.600814e-08 8.095034e-07
Algorithm converged after  38  iterations.
[1] 1.054265e-06 9.052628e-09 4.710478e-08 4.167537e-08
[1] 1.446648e-06 1.223263e-07 1.017628e-07 1.724571e-06
[1] 1.457144e-06 1.281744e-07 1.036461e-07 1.820446e-06
[1] 1.457515e-06 1.283792e-07 1.037120e-07 1.823808e-06
[1] 1.457528e-06 1.283864e-07 1.037143e-07 1.823926e-06
Algorithm converged after  41  iterations.
numeric(0)
Algorithm converged after  1  iterations.
[1] 2.141038e-08
Algorithm converged after  2  iterations.
[1] 1.565053e-08
Algorithm converged after  2  iterations.
[1] 4.517225e-08
Algorithm converged after  2  iterations.
[1] 2.141038e-08 1.075391e-08
Algorithm converged after  2  iterations.
[1] 1.565053e-08 1.244864e-10
Algorithm converged after  2  iterations.
[1] 4.517225e-08 9.266164e-10
Algorithm converged after  2  iterations.
[1] 2.141038e-08 1.565053e-08
Algorithm converged after  2  iterations.
[1] 2.141038e-08 4.517225e-08
Algorithm converged after  2  iterations.
[1] 1.565053e-08 4.517225e-08
Algorithm converged after  2  iterations.
[1] 2.141038e-08 1.075391e-08 1.565053e-08
Algorithm converged after  2  iterations.
[1] 2.141038e-08 1.075391e-08 4.517225e-08
Algorithm converged after  2  iterations.
[1] 2.141038e-08 1.565053e-08 1.244864e-10
Algorithm converged after  2  iterations.
[1] 2.141038e-08 4.517225e-08 9.266164e-10
Algorithm converged after  2  iterations.
[1] 1.565053e-08 1.244864e-10 4.517225e-08
Algorithm converged after  2  iterations.
[1] 1.565053e-08 4.517225e-08 9.266164e-10
Algorithm converged after  2  iterations.
[1] 2.141038e-08 1.565053e-08 4.517225e-08
Algorithm converged after  2  iterations.
[1] 2.141038e-08 1.075391e-08 1.565053e-08 1.244864e-10
Algorithm converged after  2  iterations.
[1] 2.141038e-08 1.075391e-08 4.517225e-08 9.266164e-10
Algorithm converged after  2  iterations.
[1] 1.565053e-08 1.244864e-10 4.517225e-08 9.266164e-10
Algorithm converged after  2  iterations.
[1] 2.141038e-08 1.075391e-08 1.565053e-08 4.517225e-08
Algorithm converged after  2  iterations.
[1] 2.141038e-08 1.565053e-08 1.244864e-10 4.517225e-08
Algorithm converged after  2  iterations.
[1] 2.141038e-08 1.565053e-08 4.517225e-08 9.266164e-10
Algorithm converged after  2  iterations.
[1] 8.523765e-07
Algorithm converged after  2  iterations.
[1] 8.523765e-07 1.018644e-08
Algorithm converged after  6  iterations.
[1] 8.523765e-07 2.181155e-08
Algorithm converged after  6  iterations.
[1] 8.523765e-07 2.547515e-07
Algorithm converged after  6  iterations.
[1] 8.523765e-07 1.018644e-08 3.933753e-10
Algorithm converged after  7  iterations.
[1] 8.523765e-07 2.181155e-08 2.207999e-10
Algorithm converged after  6  iterations.
[1] 8.523765e-07 2.547515e-07 1.075920e-09
Algorithm converged after  7  iterations.
[1] 8.523765e-07 1.018644e-08 2.181155e-08
Algorithm converged after  7  iterations.
[1] 8.523765e-07 1.018644e-08 2.547515e-07
Algorithm converged after  6  iterations.
[1] 8.523765e-07 2.181155e-08 2.547515e-07
Algorithm converged after  7  iterations.
[1] 8.523765e-07 1.018644e-08 3.933753e-10 2.181155e-08
Algorithm converged after  8  iterations.
[1] 8.523765e-07 1.018644e-08 3.933753e-10 2.547515e-07
Algorithm converged after  7  iterations.
[1] 8.523765e-07 1.018644e-08 2.181155e-08 2.207999e-10
Algorithm converged after  7  iterations.
[1] 8.523765e-07 1.018644e-08 2.547515e-07 1.075920e-09
Algorithm converged after  7  iterations.
[1] 8.523765e-07 2.181155e-08 2.207999e-10 2.547515e-07
Algorithm converged after  7  iterations.
[1] 8.523765e-07 2.181155e-08 2.547515e-07 1.075920e-09
Algorithm converged after  7  iterations.
[1] 8.523765e-07 1.018644e-08 2.181155e-08 2.547515e-07
Algorithm converged after  7  iterations.
[1] 8.523765e-07 3.974410e-09
Algorithm converged after  2  iterations.
[1] 8.523765e-07 3.974410e-09 3.964976e-10
Algorithm converged after  10  iterations.
[1] 8.523765e-07 3.974410e-09 6.383006e-09
[1] 9.281860e-07 3.577266e-09 8.768940e-09
Algorithm converged after  13  iterations.
[1] 8.523765e-07 3.974410e-09 1.063529e-08
[1] 1.125098e-06 2.255930e-08 2.901150e-06
Algorithm converged after  16  iterations.
[1] 8.523765e-07 3.974410e-09 3.964976e-10 6.420797e-11
[1] 1.028546e-06 6.676263e-08 1.333989e-08 3.790594e-10
[1] 1.073213e-06 4.041396e-08 9.263117e-09 3.879916e-10
[1] 1.071616e-06 3.920326e-08 8.912080e-09 3.885993e-10
[1] 1.071524e-06 3.917767e-08 8.905960e-09 3.885886e-10
[1] 1.071514e-06 3.917599e-08 8.905701e-09 3.885863e-10
Algorithm converged after  52  iterations.
[1] 8.523765e-07 3.974410e-09 6.383006e-09 1.507859e-10
[1] 9.246848e-07 6.080445e-09 2.559759e-08 2.254452e-10
Algorithm converged after  11  iterations.
[1] 8.523765e-07 3.974410e-09 1.063529e-08 7.483887e-19
[1] 1.468103e-06 1.341967e-07 3.894328e-06 1.878955e-17
[1] 1.441762e-06 1.300838e-07 3.716212e-06 1.609544e-10
[1] 1.457881e-06 1.341059e-07 3.830710e-06 1.434677e-10
[1] 1.569917e-06 1.418851e-07 3.914245e-06 2.779783e-17
[1] 1.468330e-06 1.404992e-07 3.943759e-06 2.133251e-19
[1] 1.461926e-06 1.401223e-07 3.892308e-06 4.173859e-12
[1] 1.444945e-06 1.385437e-07 3.848680e-06 1.342675e-10
[1] 1.446181e-06 1.389574e-07 3.855289e-06 1.304945e-10
[1] 1.442481e-06 1.395526e-07 3.854760e-06 1.324373e-10
[1] 1.495756e-06 1.422238e-07 3.882953e-06 1.374146e-10
[1] 1.413619e-06 1.355689e-07 3.695308e-06 1.900537e-10
[1] 1.466713e-06 1.434548e-07 3.903142e-06 1.431113e-10
[1] 1.444317e-06 1.435517e-07 3.892324e-06 6.881818e-18
[1] 1.502564e-06 1.462019e-07 3.938531e-06 5.676788e-19
[1] 1.382160e-06 1.333272e-07 3.581161e-06 2.352440e-10
[1] 1.396518e-06 1.367151e-07 3.661256e-06 2.570595e-10
[1] 1.442485e-06 1.416072e-07 3.759600e-06 8.266542e-16
[1] 1.482332e-06 1.453332e-07 3.852157e-06 9.130737e-18
[1] 1.403780e-06 1.441747e-07 3.824786e-06 1.746326e-10
[1] 1.404418e-06 1.437639e-07 3.809733e-06 1.725966e-10
[1] 1.375969e-06 1.396097e-07 3.681503e-06 2.230979e-10
[1] 1.400297e-06 1.457918e-07 3.850773e-06 4.779636e-24
[1] 1.403625e-06 1.454219e-07 3.831756e-06 7.478947e-16
[1] 1.402539e-06 1.487495e-07 3.924237e-06 1.825317e-22
[1] 1.467271e-06 1.465883e-07 3.858454e-06 1.798626e-10
[1] 1.389396e-06 1.450945e-07 3.819590e-06 1.158688e-18
[1] 1.368425e-06 1.499504e-07 3.926001e-06 1.547874e-10
[1] 1.397200e-06 1.482601e-07 3.896654e-06 1.574004e-10
[1] 1.368668e-06 1.419899e-07 3.733623e-06 9.932244e-17
[1] 1.392148e-06 1.480612e-07 3.892980e-06 1.569825e-10
[1] 1.408104e-06 1.494067e-07 3.914323e-06 1.550675e-10
[1] 1.386076e-06 1.477755e-07 3.885208e-06 1.625129e-10
[1] 1.501109e-06 1.515344e-07 3.980349e-06 1.602109e-17
[1] 1.385510e-06 1.487847e-07 3.904177e-06 3.897048e-17
[1] 1.402300e-06 1.508639e-07 3.947632e-06 1.308066e-18
[1] 1.359946e-06 1.416980e-07 3.714224e-06 2.485722e-21
[1] 1.280034e-06 1.309433e-07 3.433955e-06 6.969624e-15
[1] 1.336533e-06 1.368113e-07 3.575091e-06 4.165299e-10
[1] 1.337113e-06 1.369293e-07 3.577996e-06 4.172860e-10
Algorithm converged after  396  iterations.
[1] 8.523765e-07 3.974410e-09 3.964976e-10 6.383006e-09
[1] 1.114773e-06 1.857912e-08 2.769630e-08 3.780023e-08
Algorithm converged after  11  iterations.
[1] 8.523765e-07 3.974410e-09 3.964976e-10 1.063529e-08
[1] 9.305084e-07 1.106950e-07 4.136732e-08 8.883948e-07
[1] 9.379655e-07 1.231917e-07 4.376953e-08 1.056349e-06
[1] 9.385845e-07 1.241716e-07 4.395500e-08 1.069469e-06
[1] 9.386329e-07 1.242584e-07 4.397224e-08 1.070509e-06
[1] 9.386367e-07 1.242712e-07 4.397531e-08 1.070601e-06
[1] 9.386367e-07 1.242751e-07 4.397647e-08 1.070604e-06
[1] 9.386364e-07 1.242768e-07 4.397707e-08 1.070598e-06
[1] 9.386360e-07 1.242777e-07 4.397741e-08 1.070592e-06
[1] 9.386358e-07 1.242781e-07 4.397761e-08 1.070587e-06
[1] 9.386356e-07 1.242784e-07 4.397772e-08 1.070584e-06
[1] 9.386355e-07 1.242785e-07 4.397779e-08 1.070581e-06
[1] 9.386354e-07 1.242786e-07 4.397784e-08 1.070580e-06
[1] 9.386354e-07 1.242787e-07 4.397786e-08 1.070579e-06
[1] 9.386354e-07 1.242787e-07 4.397788e-08 1.070579e-06
[1] 9.386354e-07 1.242787e-07 4.397789e-08 1.070578e-06
Algorithm converged after  153  iterations.
[1] 8.523765e-07 3.974410e-09 6.383006e-09 1.063529e-08
[1] 9.469515e-07 3.419460e-09 9.238285e-09 1.580312e-08
Algorithm converged after  13  iterations.
numeric(0)
Algorithm converged after  1  iterations.
[1] 3.382265e-08
Algorithm converged after  2  iterations.
[1] 5.845714e-09
Algorithm converged after  2  iterations.
[1] 4.40326e-07
Algorithm converged after  2  iterations.
[1] 3.382265e-08 1.485074e-08
Algorithm converged after  2  iterations.
[1] 5.845714e-09 1.006579e-08
Algorithm converged after  2  iterations.
[1] 4.403260e-07 7.560768e-08
Algorithm converged after  2  iterations.
[1] 3.382265e-08 5.845714e-09
Algorithm converged after  2  iterations.
[1] 3.382265e-08 4.403260e-07
Algorithm converged after  2  iterations.
[1] 5.845714e-09 4.403260e-07
Algorithm converged after  2  iterations.
[1] 3.382265e-08 1.485074e-08 5.845714e-09
Algorithm converged after  2  iterations.
[1] 3.382265e-08 1.485074e-08 4.403260e-07
Algorithm converged after  2  iterations.
[1] 3.382265e-08 5.845714e-09 1.006579e-08
Algorithm converged after  2  iterations.
[1] 3.382265e-08 4.403260e-07 7.560768e-08
Algorithm converged after  2  iterations.
[1] 5.845714e-09 1.006579e-08 4.403260e-07
Algorithm converged after  2  iterations.
[1] 5.845714e-09 4.403260e-07 7.560768e-08
Algorithm converged after  2  iterations.
[1] 3.382265e-08 5.845714e-09 4.403260e-07
Algorithm converged after  2  iterations.
[1] 3.382265e-08 1.485074e-08 5.845714e-09 1.006579e-08
Algorithm converged after  2  iterations.
[1] 3.382265e-08 1.485074e-08 4.403260e-07 7.560768e-08
Algorithm converged after  2  iterations.
[1] 5.845714e-09 1.006579e-08 4.403260e-07 7.560768e-08
Algorithm converged after  2  iterations.
[1] 3.382265e-08 1.485074e-08 5.845714e-09 4.403260e-07
Algorithm converged after  2  iterations.
[1] 3.382265e-08 5.845714e-09 1.006579e-08 4.403260e-07
Algorithm converged after  2  iterations.
[1] 3.382265e-08 5.845714e-09 4.403260e-07 7.560768e-08
Algorithm converged after  2  iterations.
[1] 1.149865e-06
Algorithm converged after  2  iterations.
[1] 1.149865e-06 2.474507e-08
Algorithm converged after  7  iterations.
[1] 1.149865e-06 1.688184e-08
Algorithm converged after  8  iterations.
[1] 1.149865e-06 1.013168e-06
Algorithm converged after  7  iterations.
[1] 1.149865e-06 2.474507e-08 4.245224e-10
Algorithm converged after  8  iterations.
[1] 1.149865e-06 1.688184e-08 8.732069e-11
[1] 1.882743e-06 2.126511e-08 1.002866e-10
Algorithm converged after  12  iterations.
[1] 1.149865e-06 1.013168e-06 1.493907e-18
[1] 1.730163e-06 1.191222e-06 9.903107e-10
Algorithm converged after  16  iterations.
[1] 1.149865e-06 2.474507e-08 1.688184e-08
Algorithm converged after  10  iterations.
[1] 1.149865e-06 2.474507e-08 1.013168e-06
Algorithm converged after  9  iterations.
[1] 1.149865e-06 1.688184e-08 1.013168e-06
Algorithm converged after  10  iterations.
[1] 1.149865e-06 2.474507e-08 4.245224e-10 1.688184e-08
Algorithm converged after  10  iterations.
[1] 1.149865e-06 2.474507e-08 4.245224e-10 1.013168e-06
Algorithm converged after  10  iterations.
[1] 1.149865e-06 2.474507e-08 1.688184e-08 8.732069e-11
[1] 2.420230e-06 3.583247e-08 2.431632e-08 1.088129e-10
Algorithm converged after  11  iterations.
[1] 1.149865e-06 2.474507e-08 1.013168e-06 1.493907e-18
[1] 2.344717e-06 3.529541e-08 1.395549e-06 2.382847e-18
[1] 1.955233e-06 3.192706e-08 1.254696e-06 9.228040e-10
[1] 2.299644e-06 3.472297e-08 1.368518e-06 1.004119e-09
Algorithm converged after  35  iterations.
[1] 1.149865e-06 1.688184e-08 8.732069e-11 1.013168e-06
[1] 2.666240e-06 2.576918e-08 1.134220e-10 1.479130e-06
Algorithm converged after  11  iterations.
[1] 1.149865e-06 1.688184e-08 1.013168e-06 1.493907e-18
[1] 2.598455e-06 2.546193e-08 1.461204e-06 1.017392e-09
Algorithm converged after  13  iterations.
[1] 1.149865e-06 2.474507e-08 1.688184e-08 1.013168e-06
[1] 3.054684e-06 4.099688e-08 2.795739e-08 1.592225e-06
Algorithm converged after  12  iterations.
[1] 1.149865e-06 1.917974e-06
Algorithm converged after  2  iterations.
[1] 1.149865e-06 1.917974e-06 4.682056e-10
Algorithm converged after  6  iterations.
[1] 1.149865e-06 1.917974e-06 1.512977e-10
[1] 1.370939e-06 5.638582e-09 3.898820e-08
Algorithm converged after  18  iterations.
[1] 1.149865e-06 1.917974e-06 1.105475e-09
Algorithm converged after  7  iterations.
[1] 1.149865e-06 1.917974e-06 4.682056e-10 1.049855e-10
Algorithm converged after  10  iterations.
[1] 1.149865e-06 1.917974e-06 1.512977e-10 6.446740e-11
[1] 1.481979e-06 1.851936e-08 3.765514e-08 1.246541e-10
Algorithm converged after  17  iterations.
[1] 1.149865e-06 1.917974e-06 1.105475e-09 4.635058e-10
Algorithm converged after  9  iterations.
[1] 1.149865e-06 1.917974e-06 4.682056e-10 1.512977e-10
[1] 1.525044e-06 8.251246e-09 3.670491e-08 4.292544e-08
Algorithm converged after  12  iterations.
[1] 1.149865e-06 1.917974e-06 4.682056e-10 1.105475e-09
Algorithm converged after  8  iterations.
[1] 1.149865e-06 1.917974e-06 1.512977e-10 1.105475e-09
[1] 1.609543e-06 2.372278e-06 2.728652e-10 1.581826e-09
Algorithm converged after  16  iterations.
numeric(0)
Algorithm converged after  1  iterations.
[1] 2.189686e-08
Algorithm converged after  2  iterations.
[1] 1.08764e-08
Algorithm converged after  2  iterations.
[1] 3.647607e-07
Algorithm converged after  2  iterations.
[1] 2.189686e-08 1.317092e-08
Algorithm converged after  2  iterations.
[1] 1.087640e-08 1.372804e-10
Algorithm converged after  2  iterations.
[1] 3.647607e-07 8.816256e-08
Algorithm converged after  2  iterations.
[1] 2.189686e-08 1.087640e-08
Algorithm converged after  2  iterations.
[1] 2.189686e-08 3.647607e-07
Algorithm converged after  2  iterations.
[1] 1.087640e-08 3.647607e-07
Algorithm converged after  2  iterations.
[1] 2.189686e-08 1.317092e-08 1.087640e-08
Algorithm converged after  2  iterations.
[1] 2.189686e-08 1.317092e-08 3.647607e-07
Algorithm converged after  2  iterations.
[1] 2.189686e-08 1.087640e-08 1.372804e-10
Algorithm converged after  2  iterations.
[1] 2.189686e-08 3.647607e-07 8.816256e-08
Algorithm converged after  2  iterations.
[1] 1.087640e-08 1.372804e-10 3.647607e-07
Algorithm converged after  2  iterations.
[1] 1.087640e-08 3.647607e-07 8.816256e-08
Algorithm converged after  2  iterations.
[1] 2.189686e-08 1.087640e-08 3.647607e-07
Algorithm converged after  2  iterations.
[1] 2.189686e-08 1.317092e-08 1.087640e-08 1.372804e-10
Algorithm converged after  2  iterations.
[1] 2.189686e-08 1.317092e-08 3.647607e-07 8.816256e-08
Algorithm converged after  2  iterations.
[1] 1.087640e-08 1.372804e-10 3.647607e-07 8.816256e-08
Algorithm converged after  2  iterations.
[1] 2.189686e-08 1.317092e-08 1.087640e-08 3.647607e-07
Algorithm converged after  2  iterations.
[1] 2.189686e-08 1.087640e-08 1.372804e-10 3.647607e-07
Algorithm converged after  2  iterations.
[1] 2.189686e-08 1.087640e-08 3.647607e-07 8.816256e-08
Algorithm converged after  2  iterations.
[1] 1.101159e-06
Algorithm converged after  2  iterations.
[1] 1.101159e-06 2.516235e-08
Algorithm converged after  7  iterations.
[1] 1.101159e-06 2.770115e-08
Algorithm converged after  7  iterations.
[1] 1.101159e-06 8.569942e-07
Algorithm converged after  7  iterations.
[1] 1.101159e-06 2.516235e-08 4.851742e-10
Algorithm converged after  7  iterations.
[1] 1.101159e-06 2.770115e-08 3.451734e-18
[1] 1.601890e-06 3.165562e-08 1.460200e-10
Algorithm converged after  13  iterations.
[1] 1.101159e-06 8.569942e-07 3.451846e-10
Algorithm converged after  8  iterations.
[1] 1.101159e-06 2.516235e-08 2.770115e-08
Algorithm converged after  9  iterations.
[1] 1.101159e-06 2.516235e-08 8.569942e-07
Algorithm converged after  9  iterations.
[1] 1.101159e-06 2.770115e-08 8.569942e-07
Algorithm converged after  9  iterations.
[1] 1.101159e-06 2.516235e-08 4.851742e-10 2.770115e-08
Algorithm converged after  10  iterations.
[1] 1.101159e-06 2.516235e-08 4.851742e-10 8.569942e-07
Algorithm converged after  10  iterations.
[1] 1.101159e-06 2.516235e-08 2.770115e-08 3.451734e-18
Algorithm converged after  10  iterations.
[1] 1.101159e-06 2.516235e-08 8.569942e-07 3.451846e-10
[1] 2.125968e-06 3.366911e-08 1.208969e-06 9.292557e-10
[1] 1.811301e-06 3.135753e-08 1.103984e-06 8.594375e-10
[1] 1.880264e-06 3.192292e-08 1.125701e-06 8.704438e-10
[1] 2.086533e-06 3.350574e-08 1.199120e-06 5.309172e-16
[1] 1.812484e-06 3.148265e-08 1.106843e-06 4.505643e-19
[1] 1.750224e-06 3.105125e-08 1.087293e-06 8.477069e-10
[1] 1.964581e-06 3.283799e-08 1.163436e-06 2.524608e-18
[1] 2.076916e-06 3.362501e-08 1.200766e-06 1.467909e-20
[1] 1.826786e-06 3.176374e-08 1.114846e-06 8.603237e-10
[1] 1.974746e-06 3.271105e-08 1.151295e-06 4.764047e-16
[1] 1.797613e-06 3.174352e-08 1.111666e-06 5.799642e-16
[1] 2.115906e-06 3.428131e-08 1.224230e-06 4.443614e-18
[1] 2.045855e-06 3.360324e-08 1.187860e-06 9.540365e-10
[1] 1.807077e-06 3.199341e-08 1.119499e-06 8.444234e-10
[1] 2.101831e-06 3.444321e-08 1.228225e-06 8.856458e-10
[1] 2.102304e-06 3.430847e-08 1.220379e-06 4.798526e-16
[1] 2.091131e-06 3.441714e-08 1.223362e-06 9.003021e-10
[1] 2.119033e-06 3.466788e-08 1.235306e-06 9.047078e-10
Algorithm converged after  181  iterations.
[1] 1.101159e-06 2.770115e-08 3.451734e-18 8.569942e-07
[1] 2.164156e-06 3.592633e-08 1.538377e-10 1.212135e-06
[1] 2.173797e-06 3.601367e-08 1.538071e-10 1.214587e-06
Algorithm converged after  21  iterations.
[1] 1.101159e-06 2.770115e-08 8.569942e-07 3.451846e-10
Algorithm converged after  10  iterations.
[1] 1.101159e-06 2.516235e-08 2.770115e-08 8.569942e-07
[1] 2.695372e-06 3.781664e-08 3.957126e-08 1.375195e-06
Algorithm converged after  11  iterations.
[1] 1.101159e-06 2.067151e-06
Algorithm converged after  2  iterations.
[1] 1.101159e-06 2.067151e-06 5.130173e-10
Algorithm converged after  5  iterations.
[1] 1.101159e-06 2.067151e-06 3.169718e-10
[1] 1.337271e-06 3.932429e-09 4.488816e-08
Algorithm converged after  13  iterations.
[1] 1.101159e-06 2.067151e-06 1.108434e-09
[1] 4.131776e-06 1.172441e-06 2.508646e-09
Algorithm converged after  15  iterations.
[1] 1.101159e-06 2.067151e-06 5.130173e-10 5.008880e-18
[1] 1.301553e-06 6.742467e-09 3.198725e-08 5.686631e-10
Algorithm converged after  11  iterations.
[1] 1.101159e-06 2.067151e-06 3.169718e-10 6.979330e-11
[1] 1.345218e-06 1.547930e-08 4.178402e-08 1.880148e-10
Algorithm converged after  12  iterations.
[1] 1.101159e-06 2.067151e-06 1.108434e-09 4.841988e-10
Algorithm converged after  10  iterations.
[1] 1.101159e-06 2.067151e-06 5.130173e-10 3.169718e-10
Algorithm converged after  8  iterations.
[1] 1.101159e-06 2.067151e-06 5.130173e-10 1.108434e-09
Algorithm converged after  9  iterations.
[1] 1.101159e-06 2.067151e-06 3.169718e-10 1.108434e-09
[1] 1.273452e-06 1.072691e-06 3.697553e-10 1.258284e-09
Algorithm converged after  19  iterations.
numeric(0)
Algorithm converged after  1  iterations.
[1] 4.50983e-08
Algorithm converged after  2  iterations.
[1] 1.469512e-08
Algorithm converged after  2  iterations.
[1] 1.205664e-07
Algorithm converged after  2  iterations.
[1] 4.509830e-08 1.464421e-08
Algorithm converged after  2  iterations.
[1] 1.469512e-08 2.488374e-10
Algorithm converged after  2  iterations.
[1] 1.205664e-07 1.248206e-07
Algorithm converged after  2  iterations.
[1] 4.509830e-08 1.469512e-08
Algorithm converged after  2  iterations.
[1] 4.509830e-08 1.205664e-07
Algorithm converged after  2  iterations.
[1] 1.469512e-08 1.205664e-07
Algorithm converged after  2  iterations.
[1] 4.509830e-08 1.464421e-08 1.469512e-08
Algorithm converged after  2  iterations.
[1] 4.509830e-08 1.464421e-08 1.205664e-07
Algorithm converged after  2  iterations.
[1] 4.509830e-08 1.469512e-08 2.488374e-10
Algorithm converged after  2  iterations.
[1] 4.509830e-08 1.205664e-07 1.248206e-07
Algorithm converged after  2  iterations.
[1] 1.469512e-08 2.488374e-10 1.205664e-07
Algorithm converged after  2  iterations.
[1] 1.469512e-08 1.205664e-07 1.248206e-07
Algorithm converged after  2  iterations.
[1] 4.509830e-08 1.469512e-08 1.205664e-07
Algorithm converged after  2  iterations.
[1] 4.509830e-08 1.464421e-08 1.469512e-08 2.488374e-10
Algorithm converged after  2  iterations.
[1] 4.509830e-08 1.464421e-08 1.205664e-07 1.248206e-07
Algorithm converged after  2  iterations.
[1] 1.469512e-08 2.488374e-10 1.205664e-07 1.248206e-07
Algorithm converged after  2  iterations.
[1] 4.509830e-08 1.464421e-08 1.469512e-08 1.205664e-07
Algorithm converged after  2  iterations.
[1] 4.509830e-08 1.469512e-08 2.488374e-10 1.205664e-07
Algorithm converged after  2  iterations.
[1] 4.509830e-08 1.469512e-08 1.205664e-07 1.248206e-07
Algorithm converged after  2  iterations.
[1] 1.366162e-06
Algorithm converged after  2  iterations.
[1] 1.366162e-06 6.826656e-09
Algorithm converged after  7  iterations.
[1] 1.366162e-06 3.639995e-08
Algorithm converged after  6  iterations.
[1] 1.366162e-06 6.719435e-08
Algorithm converged after  7  iterations.
[1] 1.366162e-06 6.826656e-09 4.661019e-10
Algorithm converged after  6  iterations.
[1] 1.366162e-06 3.639995e-08 3.111004e-10
Algorithm converged after  7  iterations.
[1] 1.366162e-06 6.719435e-08 8.190977e-10
Algorithm converged after  6  iterations.
[1] 1.366162e-06 6.826656e-09 3.639995e-08
Algorithm converged after  7  iterations.
[1] 1.366162e-06 6.826656e-09 6.719435e-08
Algorithm converged after  6  iterations.
[1] 1.366162e-06 3.639995e-08 6.719435e-08
Algorithm converged after  7  iterations.
[1] 1.366162e-06 6.826656e-09 4.661019e-10 3.639995e-08
Algorithm converged after  8  iterations.
[1] 1.366162e-06 6.826656e-09 4.661019e-10 6.719435e-08
Algorithm converged after  6  iterations.
[1] 1.366162e-06 6.826656e-09 3.639995e-08 3.111004e-10
Algorithm converged after  8  iterations.
[1] 1.366162e-06 6.826656e-09 6.719435e-08 8.190977e-10
[1] 1.542066e-06 7.375120e-09 8.626807e-08 8.429930e-10
[1] 1.537663e-06 7.352041e-09 8.570611e-08 8.504205e-10
[1] 1.536685e-06 7.307844e-09 8.741060e-08 8.528197e-10
[1] 1.537377e-06 7.246795e-09 9.035805e-08 7.229419e-16
[1] 1.524923e-06 7.182033e-09 9.007582e-08 7.279519e-16
[1] 1.533473e-06 7.214710e-09 9.030672e-08 8.607393e-10
Algorithm converged after  63  iterations.
[1] 1.366162e-06 3.639995e-08 3.111004e-10 6.719435e-08
Algorithm converged after  8  iterations.
[1] 1.366162e-06 3.639995e-08 6.719435e-08 8.190977e-10
[1] 1.699182e-06 4.161698e-08 8.855055e-08 8.737511e-10
Algorithm converged after  13  iterations.
[1] 1.366162e-06 6.826656e-09 3.639995e-08 6.719435e-08
Algorithm converged after  8  iterations.
[1] 1.366162e-06 7.885381e-09
Algorithm converged after  2  iterations.
[1] 1.366162e-06 7.885381e-09 9.941353e-09
[1] 1.461070e-06 2.254708e-09 8.326718e-09
Algorithm converged after  17  iterations.
[1] 1.366162e-06 7.885381e-09 3.599455e-08
[1] 1.675549e-06 1.723692e-08 4.750896e-08
Algorithm converged after  12  iterations.
[1] 1.366162e-06 7.885381e-09 2.258886e-08
[1] 1.576107e-06 2.150653e-07 2.127274e-06
[1] 1.578868e-06 2.166983e-07 2.144766e-06
Algorithm converged after  29  iterations.
[1] 1.366162e-06 7.885381e-09 9.941353e-09 3.987599e-10
Algorithm converged after  9  iterations.
[1] 1.366162e-06 7.885381e-09 3.599455e-08 2.766947e-10
[1] 1.634673e-06 2.012278e-08 4.746450e-08 2.790409e-10
Algorithm converged after  12  iterations.
[1] 1.366162e-06 7.885381e-09 2.258886e-08 2.655318e-10
[1] 1.348416e-06 1.324038e-08 8.655291e-08 2.010266e-10
[1] 1.350458e-06 1.240779e-08 7.740090e-08 2.026715e-10
[1] 1.350493e-06 1.239417e-08 7.725448e-08 2.027001e-10
Algorithm converged after  38  iterations.
[1] 1.366162e-06 7.885381e-09 9.941353e-09 3.599455e-08
[1] 1.876883e-06 3.885493e-08 2.284786e-08 5.818734e-08
Algorithm converged after  14  iterations.
[1] 1.366162e-06 7.885381e-09 9.941353e-09 2.258886e-08
[1] 1.530440e-06 5.963460e-08 2.760380e-08 6.771663e-07
[1] 1.540770e-06 6.409028e-08 2.880500e-08 7.417447e-07
[1] 1.541452e-06 6.438052e-08 2.888268e-08 7.459701e-07
[1] 1.541496e-06 6.439920e-08 2.888768e-08 7.462422e-07
Algorithm converged after  49  iterations.
[1] 1.366162e-06 7.885381e-09 3.599455e-08 2.258886e-08
[1] 1.786158e-06 1.094283e-07 7.853003e-08 1.288842e-06
[1] 1.805606e-06 1.179911e-07 8.092851e-08 1.412320e-06
[1] 1.806810e-06 1.185174e-07 8.107443e-08 1.419939e-06
[1] 1.806884e-06 1.185497e-07 8.108339e-08 1.420407e-06
Algorithm converged after  48  iterations.
numeric(0)
Algorithm converged after  1  iterations.
[1] 5.88574e-15
Algorithm converged after  2  iterations.
[1] 1.679487e-08
Algorithm converged after  2  iterations.
[1] 1.376927e-07
Algorithm converged after  2  iterations.
[1] 5.885740e-15 2.588674e-18
Algorithm converged after  2  iterations.
[1] 1.679487e-08 4.997161e-10
Algorithm converged after  2  iterations.
[1] 1.376927e-07 1.115096e-07
Algorithm converged after  2  iterations.
[1] 5.885740e-15 1.679487e-08
Algorithm converged after  2  iterations.
[1] 5.885740e-15 1.376927e-07
Algorithm converged after  2  iterations.
[1] 1.679487e-08 1.376927e-07
Algorithm converged after  2  iterations.
[1] 5.885740e-15 2.588674e-18 1.679487e-08
Algorithm converged after  2  iterations.
[1] 5.885740e-15 2.588674e-18 1.376927e-07
Algorithm converged after  2  iterations.
[1] 5.885740e-15 1.679487e-08 4.997161e-10
Algorithm converged after  2  iterations.
[1] 5.885740e-15 1.376927e-07 1.115096e-07
Algorithm converged after  2  iterations.
[1] 1.679487e-08 4.997161e-10 1.376927e-07
Algorithm converged after  2  iterations.
[1] 1.679487e-08 1.376927e-07 1.115096e-07
Algorithm converged after  2  iterations.
[1] 5.885740e-15 1.679487e-08 1.376927e-07
Algorithm converged after  2  iterations.
[1] 5.885740e-15 2.588674e-18 1.679487e-08 4.997161e-10
Algorithm converged after  2  iterations.
[1] 5.885740e-15 2.588674e-18 1.376927e-07 1.115096e-07
Algorithm converged after  2  iterations.
[1] 1.679487e-08 4.997161e-10 1.376927e-07 1.115096e-07
Algorithm converged after  2  iterations.
[1] 5.885740e-15 2.588674e-18 1.679487e-08 1.376927e-07
Algorithm converged after  2  iterations.
[1] 5.885740e-15 1.679487e-08 4.997161e-10 1.376927e-07
Algorithm converged after  2  iterations.
[1] 5.885740e-15 1.679487e-08 1.376927e-07 1.115096e-07
Algorithm converged after  2  iterations.
[1] 1.348734e-06
Algorithm converged after  2  iterations.
[1] 1.348734e-06 2.618363e-08
Algorithm converged after  7  iterations.
[1] 1.348734e-06 3.448089e-08
Algorithm converged after  7  iterations.
[1] 1.348734e-06 1.155264e-06
Algorithm converged after  9  iterations.
[1] 1.348734e-06 2.618363e-08 4.544511e-10
Algorithm converged after  7  iterations.
[1] 1.348734e-06 3.448089e-08 1.662265e-10
Algorithm converged after  8  iterations.
[1] 1.348734e-06 1.155264e-06 6.385361e-10
[1] 2.662740e-06 1.715800e-06 7.135925e-10
Algorithm converged after  13  iterations.
[1] 1.348734e-06 2.618363e-08 3.448089e-08
Algorithm converged after  9  iterations.
[1] 1.348734e-06 2.618363e-08 1.155264e-06
[1] 3.368664e-06 3.654629e-08 1.996481e-06
Algorithm converged after  11  iterations.
[1] 1.348734e-06 3.448089e-08 1.155264e-06
[1] 3.734115e-06 4.726484e-08 2.129060e-06
Algorithm converged after  12  iterations.
[1] 1.348734e-06 2.618363e-08 4.544511e-10 3.448089e-08
Algorithm converged after  9  iterations.
[1] 1.348734e-06 2.618363e-08 4.544511e-10 1.155264e-06
[1] 3.243413e-06 3.589623e-08 4.452270e-10 1.954517e-06
Algorithm converged after  12  iterations.
[1] 1.348734e-06 2.618363e-08 3.448089e-08 1.662265e-10
Algorithm converged after  10  iterations.
[1] 1.348734e-06 2.618363e-08 1.155264e-06 6.385361e-10
[1] 3.650436e-06 3.779351e-08 2.111541e-06 7.670111e-10
Algorithm converged after  13  iterations.
[1] 1.348734e-06 3.448089e-08 1.662265e-10 1.155264e-06
[1] 3.855333e-06 4.787553e-08 1.772184e-10 2.183384e-06
Algorithm converged after  13  iterations.
[1] 1.348734e-06 3.448089e-08 1.155264e-06 6.385361e-10
[1] 3.784879e-06 4.757602e-08 2.154509e-06 1.432576e-16
[1] 3.937685e-06 4.832024e-08 2.211179e-06 1.065683e-10
[1] 3.721386e-06 4.734828e-08 2.131279e-06 5.606341e-20
[1] 3.999706e-06 4.859275e-08 2.224056e-06 9.282846e-10
Algorithm converged after  43  iterations.
[1] 1.348734e-06 2.618363e-08 3.448089e-08 1.155264e-06
[1] 5.054626e-06 4.369258e-08 5.332751e-08 2.636298e-06
Algorithm converged after  13  iterations.
[1] 1.348734e-06 1.828863e-06
Algorithm converged after  2  iterations.
[1] 1.348734e-06 1.828863e-06 4.703571e-10
Algorithm converged after  6  iterations.
[1] 1.348734e-06 1.828863e-06 4.663610e-10
[1] 1.460132e-06 5.419690e-09 7.017483e-08
Algorithm converged after  13  iterations.
[1] 1.348734e-06 1.828863e-06 9.139100e-10
[1] 1.111852e-06 1.497390e-08 4.722731e-07
Algorithm converged after  18  iterations.
[1] 1.348734e-06 1.828863e-06 4.703571e-10 1.552049e-10
Algorithm converged after  8  iterations.
[1] 1.348734e-06 1.828863e-06 4.663610e-10 5.043439e-11
[1] 1.399215e-06 2.812669e-08 6.907428e-08 2.261580e-10
Algorithm converged after  15  iterations.
[1] 1.348734e-06 1.828863e-06 9.139100e-10 2.080005e-10
Algorithm converged after  8  iterations.
[1] 1.348734e-06 1.828863e-06 4.703571e-10 4.663610e-10
[1] 1.712917e-06 4.042922e-08 3.424936e-08 6.866268e-08
Algorithm converged after  17  iterations.
[1] 1.348734e-06 1.828863e-06 4.703571e-10 9.139100e-10
[1] 1.297264e-06 6.067489e-08 5.126578e-08 1.124702e-06
[1] 1.299686e-06 6.254287e-08 5.195656e-08 1.166299e-06
[1] 1.299748e-06 6.259032e-08 5.197403e-08 1.167357e-06
Algorithm converged after  38  iterations.
[1] 1.348734e-06 1.828863e-06 4.663610e-10 9.139100e-10
[1] 1.498575e-06 1.076545e-08 4.194449e-08 8.498781e-07
Algorithm converged after  12  iterations.
Warning messages:
1: In max(abs(CT), na.rm = T) :
  no non-missing arguments to max; returning -Inf
2: In max(abs(CT), na.rm = T) :
  no non-missing arguments to max; returning -Inf
3: In max(abs(CT), na.rm = T) :
  no non-missing arguments to max; returning -Inf
4: In max(abs(CT), na.rm = T) :
  no non-missing arguments to max; returning -Inf
5: In max(abs(CT), na.rm = T) :
  no non-missing arguments to max; returning -Inf
6: In max(abs(CT), na.rm = T) :
  no non-missing arguments to max; returning -Inf
7: In max(abs(CT), na.rm = T) :
  no non-missing arguments to max; returning -Inf
8: In max(abs(CT), na.rm = T) :
  no non-missing arguments to max; returning -Inf
9: In max(abs(CT), na.rm = T) :
  no non-missing arguments to max; returning -Inf
10: In max(abs(CT), na.rm = T) :
  no non-missing arguments to max; returning -Inf
[1] "Best iter parameter is:"
     gam    rankJ   rankA1   rankA2   rankA3 
2.333333 2.000000 2.000000 0.000000 0.000000 
[1] 1.070727e-06 3.991336e-09 1.742780e-08 6.831186e-11
[1] 1.140132e-06 4.173204e-09 2.202153e-08 1.283740e-10
[1] 1.196746e-06 4.558387e-09 2.175076e-08 5.359676e-10
Algorithm converged after  25  iterations.
         [,1]     [,2]     [,3]
[1,] 6.618829 15.74729 38.10776
