myseed=7640 

Attaching package: ‘pls’

The following object is masked from ‘package:stats’:

    loadings

Loading required package: lattice
Loading required package: ggplot2
Registered S3 methods overwritten by 'ggplot2':
  method         from 
  [.quosures     rlang
  c.quosures     rlang
  print.quosures rlang

Attaching package: ‘caret’

The following object is masked from ‘package:pls’:

    R2

Loading required package: Matrix
Loading required package: foreach
Loaded glmnet 2.0-18

Parsed with column specification:
cols(
  .default = col_double()
)
See spec(...) for full column specifications.
Parsed with column specification:
cols(
  X1 = col_double()
)
Parsed with column specification:
cols(
  X1 = col_double()
)
numeric(0)
Algorithm converged after  1  iterations.
[1] 1.140123e-08
Algorithm converged after  2  iterations.
[1] 3.802293e-08
Algorithm converged after  2  iterations.
[1] 1.250236e-07
Algorithm converged after  2  iterations.
[1] 1.140123e-08 2.701811e-10
Algorithm converged after  2  iterations.
[1] 3.802293e-08 1.010191e-08
Algorithm converged after  2  iterations.
[1] 1.250236e-07 1.552412e-07
Algorithm converged after  2  iterations.
[1] 1.140123e-08 3.802293e-08
Algorithm converged after  2  iterations.
[1] 1.140123e-08 1.250236e-07
Algorithm converged after  2  iterations.
[1] 3.802293e-08 1.250236e-07
Algorithm converged after  2  iterations.
[1] 1.140123e-08 2.701811e-10 3.802293e-08
Algorithm converged after  2  iterations.
[1] 1.140123e-08 2.701811e-10 1.250236e-07
Algorithm converged after  2  iterations.
[1] 1.140123e-08 3.802293e-08 1.010191e-08
Algorithm converged after  2  iterations.
[1] 1.140123e-08 1.250236e-07 1.552412e-07
Algorithm converged after  2  iterations.
[1] 3.802293e-08 1.010191e-08 1.250236e-07
Algorithm converged after  2  iterations.
[1] 3.802293e-08 1.250236e-07 1.552412e-07
Algorithm converged after  2  iterations.
[1] 1.140123e-08 3.802293e-08 1.250236e-07
Algorithm converged after  2  iterations.
[1] 1.140123e-08 2.701811e-10 3.802293e-08 1.010191e-08
Algorithm converged after  2  iterations.
[1] 1.140123e-08 2.701811e-10 1.250236e-07 1.552412e-07
Algorithm converged after  2  iterations.
[1] 3.802293e-08 1.010191e-08 1.250236e-07 1.552412e-07
Algorithm converged after  2  iterations.
[1] 1.140123e-08 2.701811e-10 3.802293e-08 1.250236e-07
Algorithm converged after  2  iterations.
[1] 1.140123e-08 3.802293e-08 1.010191e-08 1.250236e-07
Algorithm converged after  2  iterations.
[1] 1.140123e-08 3.802293e-08 1.250236e-07 1.552412e-07
Algorithm converged after  2  iterations.
[1] 1.428214e-06
Algorithm converged after  2  iterations.
[1] 1.428214e-06 1.354478e-08
Algorithm converged after  6  iterations.
[1] 1.428214e-06 9.657043e-09
Algorithm converged after  6  iterations.
[1] 1.428214e-06 2.604295e-08
Algorithm converged after  8  iterations.
[1] 1.428214e-06 1.354478e-08 3.287432e-10
Algorithm converged after  6  iterations.
[1] 1.428214e-06 9.657043e-09 4.455381e-10
[1] 1.589706e-06 1.070499e-08 4.284799e-10
[1] 1.718471e-06 1.111820e-08 4.448768e-10
[1] 1.625306e-06 1.097783e-08 1.543792e-18
[1] 1.596981e-06 1.073022e-08 4.292716e-10
[1] 1.554222e-06 1.033631e-08 4.417562e-10
[1] 1.623542e-06 1.098010e-08 4.379243e-10
[1] 1.574958e-06 1.054791e-08 4.344370e-10
[1] 1.587424e-06 1.071682e-08 4.277736e-10
[1] 1.618930e-06 1.085644e-08 4.508504e-10
Algorithm converged after  91  iterations.
[1] 1.428214e-06 2.604295e-08 6.237954e-10
[1] 1.584232e-06 5.152700e-08 6.442839e-10
Algorithm converged after  11  iterations.
[1] 1.428214e-06 1.354478e-08 9.657043e-09
Algorithm converged after  7  iterations.
[1] 1.428214e-06 1.354478e-08 2.604295e-08
Algorithm converged after  6  iterations.
[1] 1.428214e-06 9.657043e-09 2.604295e-08
Algorithm converged after  6  iterations.
[1] 1.428214e-06 1.354478e-08 3.287432e-10 9.657043e-09
Algorithm converged after  7  iterations.
[1] 1.428214e-06 1.354478e-08 3.287432e-10 2.604295e-08
Algorithm converged after  7  iterations.
[1] 1.428214e-06 1.354478e-08 9.657043e-09 4.455381e-10
[1] 1.732897e-06 1.626125e-08 1.155711e-08 4.280159e-10
Algorithm converged after  12  iterations.
[1] 1.428214e-06 1.354478e-08 2.604295e-08 6.237954e-10
[1] 1.637555e-06 1.452545e-08 3.245983e-08 6.530548e-10
Algorithm converged after  11  iterations.
[1] 1.428214e-06 9.657043e-09 4.455381e-10 2.604295e-08
Algorithm converged after  7  iterations.
[1] 1.428214e-06 9.657043e-09 2.604295e-08 6.237954e-10
[1] 1.729728e-06 1.096271e-08 3.619874e-08 6.655065e-10
Algorithm converged after  15  iterations.
[1] 1.428214e-06 1.354478e-08 9.657043e-09 2.604295e-08
Algorithm converged after  7  iterations.
[1] 1.428214e-06 1.132803e-08
Algorithm converged after  2  iterations.
[1] 1.428214e-06 1.132803e-08 2.005169e-08
Algorithm converged after  9  iterations.
[1] 1.428214e-06 1.132803e-08 1.144031e-08
Algorithm converged after  9  iterations.
[1] 1.428214e-06 1.132803e-08 4.603255e-08
[1] 1.403261e-06 3.208723e-08 2.154358e-07
[1] 1.403267e-06 3.217175e-08 2.161568e-07
Algorithm converged after  25  iterations.
[1] 1.428214e-06 1.132803e-08 2.005169e-08 8.927087e-11
[1] 1.626558e-06 2.131632e-08 2.625576e-08 9.325608e-11
Algorithm converged after  16  iterations.
[1] 1.428214e-06 1.132803e-08 1.144031e-08 1.073879e-10
[1] 1.686906e-06 2.064049e-08 1.426473e-08 1.130337e-10
[1] 1.686873e-06 2.065510e-08 1.426640e-08 1.130353e-10
Algorithm converged after  26  iterations.
[1] 1.428214e-06 1.132803e-08 4.603255e-08 2.911101e-10
[1] 1.409486e-06 4.357275e-08 2.898732e-07 3.811283e-10
[1] 1.409620e-06 4.375794e-08 2.913909e-07 3.815459e-10
Algorithm converged after  27  iterations.
[1] 1.428214e-06 1.132803e-08 2.005169e-08 1.144031e-08
[1] 1.869583e-06 4.465535e-08 3.722603e-08 1.829516e-08
Algorithm converged after  13  iterations.
[1] 1.428214e-06 1.132803e-08 2.005169e-08 4.603255e-08
[1] 1.690623e-06 1.189784e-07 5.845346e-08 9.564130e-07
[1] 1.699827e-06 1.236221e-07 5.976936e-08 9.988081e-07
[1] 1.700124e-06 1.237718e-07 5.981162e-08 1.000177e-06
Algorithm converged after  40  iterations.
[1] 1.428214e-06 1.132803e-08 1.144031e-08 4.603255e-08
[1] 1.706725e-06 8.602351e-08 2.178223e-08 6.675839e-07
[1] 1.709380e-06 8.745003e-08 2.192676e-08 6.807538e-07
[1] 1.709420e-06 8.747161e-08 2.192894e-08 6.809532e-07
Algorithm converged after  34  iterations.
numeric(0)
Algorithm converged after  1  iterations.
[1] 1.057595e-08
Algorithm converged after  2  iterations.
[1] 3.182149e-08
Algorithm converged after  2  iterations.
[1] 4.589593e-07
Algorithm converged after  2  iterations.
[1] 1.057595e-08 9.487265e-10
Algorithm converged after  2  iterations.
[1] 3.182149e-08 1.485428e-08
Algorithm converged after  2  iterations.
[1] 4.589593e-07 1.142119e-07
Algorithm converged after  2  iterations.
[1] 1.057595e-08 3.182149e-08
Algorithm converged after  2  iterations.
[1] 1.057595e-08 4.589593e-07
Algorithm converged after  2  iterations.
[1] 3.182149e-08 4.589593e-07
Algorithm converged after  2  iterations.
[1] 1.057595e-08 9.487265e-10 3.182149e-08
Algorithm converged after  2  iterations.
[1] 1.057595e-08 9.487265e-10 4.589593e-07
Algorithm converged after  2  iterations.
[1] 1.057595e-08 3.182149e-08 1.485428e-08
Algorithm converged after  2  iterations.
[1] 1.057595e-08 4.589593e-07 1.142119e-07
Algorithm converged after  2  iterations.
[1] 3.182149e-08 1.485428e-08 4.589593e-07
Algorithm converged after  2  iterations.
[1] 3.182149e-08 4.589593e-07 1.142119e-07
Algorithm converged after  2  iterations.
[1] 1.057595e-08 3.182149e-08 4.589593e-07
Algorithm converged after  2  iterations.
[1] 1.057595e-08 9.487265e-10 3.182149e-08 1.485428e-08
Algorithm converged after  2  iterations.
[1] 1.057595e-08 9.487265e-10 4.589593e-07 1.142119e-07
Algorithm converged after  2  iterations.
[1] 3.182149e-08 1.485428e-08 4.589593e-07 1.142119e-07
Algorithm converged after  2  iterations.
[1] 1.057595e-08 9.487265e-10 3.182149e-08 4.589593e-07
Algorithm converged after  2  iterations.
[1] 1.057595e-08 3.182149e-08 1.485428e-08 4.589593e-07
Algorithm converged after  2  iterations.
[1] 1.057595e-08 3.182149e-08 4.589593e-07 1.142119e-07
Algorithm converged after  2  iterations.
[1] 3.440958e-06
Algorithm converged after  2  iterations.
[1] 3.440958e-06 1.624616e-08
Algorithm converged after  6  iterations.
[1] 3.440958e-06 9.515901e-09
Algorithm converged after  6  iterations.
[1] 3.440958e-06 5.361810e-07
[1] 1.223134e-05 1.096122e-06
Algorithm converged after  14  iterations.
[1] 3.440958e-06 1.624616e-08 3.597382e-10
Algorithm converged after  6  iterations.
[1] 3.440958e-06 9.515901e-09 1.109977e-10
Algorithm converged after  9  iterations.
[1] 3.440958e-06 5.361810e-07 2.759164e-10
[1] 1.484614e-05 1.245844e-06 9.234997e-10
Algorithm converged after  20  iterations.
[1] 3.440958e-06 1.624616e-08 9.515901e-09
Algorithm converged after  6  iterations.
[1] 3.440958e-06 1.624616e-08 5.361810e-07
[1] 1.422659e-05 2.775528e-08 1.221784e-06
Algorithm converged after  15  iterations.
[1] 3.440958e-06 9.515901e-09 5.361810e-07
[1] 1.275205e-05 1.219957e-08 1.133898e-06
Algorithm converged after  14  iterations.
[1] 3.440958e-06 1.624616e-08 3.597382e-10 9.515901e-09
Algorithm converged after  6  iterations.
[1] 3.440958e-06 1.624616e-08 3.597382e-10 5.361810e-07
[1] 1.533353e-05 2.869578e-08 4.359985e-10 1.283335e-06
Algorithm converged after  15  iterations.
[1] 3.440958e-06 1.624616e-08 9.515901e-09 1.109977e-10
Algorithm converged after  9  iterations.
[1] 3.440958e-06 1.624616e-08 5.361810e-07 2.759164e-10
[1] 1.689088e-05 2.986485e-08 1.367430e-06 9.931170e-10
Algorithm converged after  17  iterations.
[1] 3.440958e-06 9.515901e-09 1.109977e-10 5.361810e-07
[1] 1.304231e-05 1.231467e-08 1.108410e-10 1.155647e-06
Algorithm converged after  15  iterations.
[1] 3.440958e-06 9.515901e-09 5.361810e-07 2.759164e-10
[1] 1.535004e-05 1.283445e-08 1.284107e-06 9.188241e-16
[1] 1.500307e-05 1.269315e-08 1.260873e-06 8.768559e-10
[1] 1.502205e-05 1.270118e-08 1.262065e-06 8.793770e-10
Algorithm converged after  31  iterations.
[1] 3.440958e-06 1.624616e-08 9.515901e-09 5.361810e-07
[1] 1.479979e-05 2.827322e-08 1.270625e-08 1.259225e-06
Algorithm converged after  15  iterations.
[1] 3.440958e-06 1.205361e-06
Algorithm converged after  2  iterations.
[1] 3.440958e-06 1.205361e-06 4.469020e-10
Algorithm converged after  6  iterations.
[1] 3.440958e-06 1.205361e-06 7.372800e-10
Algorithm converged after  5  iterations.
[1] 3.440958e-06 1.205361e-06 6.797794e-10
Algorithm converged after  9  iterations.
[1] 3.440958e-06 1.205361e-06 4.469020e-10 1.636585e-17
Algorithm converged after  7  iterations.
[1] 3.440958e-06 1.205361e-06 7.372800e-10 1.499199e-10
Algorithm converged after  7  iterations.
[1] 3.440958e-06 1.205361e-06 6.797794e-10 3.967918e-10
[1] 5.902750e-06 1.302177e-06 9.562558e-10 4.593798e-10
Algorithm converged after  13  iterations.
[1] 3.440958e-06 1.205361e-06 4.469020e-10 7.372800e-10
Algorithm converged after  6  iterations.
[1] 3.440958e-06 1.205361e-06 4.469020e-10 6.797794e-10
Algorithm converged after  9  iterations.
[1] 3.440958e-06 1.205361e-06 7.372800e-10 6.797794e-10
Algorithm converged after  9  iterations.
numeric(0)
Algorithm converged after  1  iterations.
[1] 2.772756e-08
Algorithm converged after  2  iterations.
[1] 3.476138e-08
Algorithm converged after  2  iterations.
[1] 4.118437e-07
Algorithm converged after  2  iterations.
[1] 2.772756e-08 1.404134e-08
Algorithm converged after  2  iterations.
[1] 3.476138e-08 2.060493e-08
Algorithm converged after  2  iterations.
[1] 4.118437e-07 9.850435e-08
Algorithm converged after  2  iterations.
[1] 2.772756e-08 3.476138e-08
Algorithm converged after  2  iterations.
[1] 2.772756e-08 4.118437e-07
Algorithm converged after  2  iterations.
[1] 3.476138e-08 4.118437e-07
Algorithm converged after  2  iterations.
[1] 2.772756e-08 1.404134e-08 3.476138e-08
Algorithm converged after  2  iterations.
[1] 2.772756e-08 1.404134e-08 4.118437e-07
Algorithm converged after  2  iterations.
[1] 2.772756e-08 3.476138e-08 2.060493e-08
Algorithm converged after  2  iterations.
[1] 2.772756e-08 4.118437e-07 9.850435e-08
Algorithm converged after  2  iterations.
[1] 3.476138e-08 2.060493e-08 4.118437e-07
Algorithm converged after  2  iterations.
[1] 3.476138e-08 4.118437e-07 9.850435e-08
Algorithm converged after  2  iterations.
[1] 2.772756e-08 3.476138e-08 4.118437e-07
Algorithm converged after  2  iterations.
[1] 2.772756e-08 1.404134e-08 3.476138e-08 2.060493e-08
Algorithm converged after  2  iterations.
[1] 2.772756e-08 1.404134e-08 4.118437e-07 9.850435e-08
Algorithm converged after  2  iterations.
[1] 3.476138e-08 2.060493e-08 4.118437e-07 9.850435e-08
Algorithm converged after  2  iterations.
[1] 2.772756e-08 1.404134e-08 3.476138e-08 4.118437e-07
Algorithm converged after  2  iterations.
[1] 2.772756e-08 3.476138e-08 2.060493e-08 4.118437e-07
Algorithm converged after  2  iterations.
[1] 2.772756e-08 3.476138e-08 4.118437e-07 9.850435e-08
Algorithm converged after  2  iterations.
[1] 1.673476e-06
Algorithm converged after  2  iterations.
[1] 1.673476e-06 2.188915e-08
Algorithm converged after  6  iterations.
[1] 1.673476e-06 3.625451e-08
Algorithm converged after  6  iterations.
[1] 1.673476e-06 1.470691e-06
Algorithm converged after  9  iterations.
[1] 1.673476e-06 2.188915e-08 5.018978e-10
Algorithm converged after  7  iterations.
[1] 1.673476e-06 3.625451e-08 9.600770e-11
[1] 2.260309e-06 3.877110e-08 2.844784e-10
[1] 2.133797e-06 3.830148e-08 9.835281e-11
[1] 2.206379e-06 3.867486e-08 9.947756e-11
[1] 2.189647e-06 3.865372e-08 9.856698e-11
Algorithm converged after  47  iterations.
[1] 1.673476e-06 1.470691e-06 4.367993e-10
Algorithm converged after  9  iterations.
[1] 1.673476e-06 2.188915e-08 3.625451e-08
Algorithm converged after  8  iterations.
[1] 1.673476e-06 2.188915e-08 1.470691e-06
Algorithm converged after  10  iterations.
[1] 1.673476e-06 3.625451e-08 1.470691e-06
Algorithm converged after  10  iterations.
[1] 1.673476e-06 2.188915e-08 5.018978e-10 3.625451e-08
Algorithm converged after  8  iterations.
[1] 1.673476e-06 2.188915e-08 5.018978e-10 1.470691e-06
Algorithm converged after  10  iterations.
[1] 1.673476e-06 2.188915e-08 3.625451e-08 9.600770e-11
Algorithm converged after  9  iterations.
[1] 1.673476e-06 2.188915e-08 1.470691e-06 4.367993e-10
[1] 3.044168e-06 2.814443e-08 2.049384e-06 2.482510e-10
[1] 3.542144e-06 3.007649e-08 2.267826e-06 3.133966e-10
[1] 3.433613e-06 2.973743e-08 2.220625e-06 2.465157e-10
[1] 3.122103e-06 2.848921e-08 2.087188e-06 9.668860e-16
[1] 3.142912e-06 2.858312e-08 2.097507e-06 2.473233e-10
[1] 3.524405e-06 3.014358e-08 2.276868e-06 7.572628e-16
[1] 3.565756e-06 3.030970e-08 2.287211e-06 1.597737e-18
[1] 3.162366e-06 2.873050e-08 2.114372e-06 3.492524e-10
[1] 3.412991e-06 2.979019e-08 2.213659e-06 2.609984e-10
[1] 3.019448e-06 2.841937e-08 2.056486e-06 4.258323e-10
[1] 3.409087e-06 2.982470e-08 2.213656e-06 2.470927e-10
[1] 3.142741e-06 2.875393e-08 2.108222e-06 2.349734e-10
Algorithm converged after  130  iterations.
[1] 1.673476e-06 3.625451e-08 9.600770e-11 1.470691e-06
[1] 3.829421e-06 4.469389e-08 1.179301e-10 2.375125e-06
Algorithm converged after  13  iterations.
[1] 1.673476e-06 3.625451e-08 1.470691e-06 4.367993e-10
[1] 3.529755e-06 4.350231e-08 2.262099e-06 2.425205e-10
Algorithm converged after  11  iterations.
[1] 1.673476e-06 2.188915e-08 3.625451e-08 1.470691e-06
[1] 4.084787e-06 3.228974e-08 4.541327e-08 2.480712e-06
Algorithm converged after  11  iterations.
[1] 1.673476e-06 2.749033e-06
Algorithm converged after  2  iterations.
[1] 1.673476e-06 2.749033e-06 5.655507e-10
Algorithm converged after  6  iterations.
[1] 1.673476e-06 2.749033e-06 5.420185e-10
Algorithm converged after  6  iterations.
[1] 1.673476e-06 2.749033e-06 3.080771e-10
Algorithm converged after  10  iterations.
[1] 1.673476e-06 2.749033e-06 5.655507e-10 1.411342e-10
[1] 1.827676e-06 1.175899e-06 5.747940e-10 1.513320e-10
Algorithm converged after  13  iterations.
[1] 1.673476e-06 2.749033e-06 5.420185e-10 1.205721e-10
[1] 1.882746e-06 1.994271e-08 3.919190e-08 2.440185e-10
Algorithm converged after  11  iterations.
[1] 1.673476e-06 2.749033e-06 3.080771e-10 9.554387e-11
[1] 4.530706e-06 1.777455e-06 3.657711e-10 5.736297e-10
[1] 3.506980e-06 1.458385e-06 3.715509e-10 1.158601e-10
[1] 4.066494e-06 1.545545e-06 3.943901e-10 1.219812e-10
[1] 4.061747e-06 1.545069e-06 3.942367e-10 1.221013e-10
Algorithm converged after  46  iterations.
[1] 1.673476e-06 2.749033e-06 5.655507e-10 5.420185e-10
Algorithm converged after  7  iterations.
[1] 1.673476e-06 2.749033e-06 5.655507e-10 3.080771e-10
Algorithm converged after  8  iterations.
[1] 1.673476e-06 2.749033e-06 5.420185e-10 3.080771e-10
[1] 3.830207e-06 1.749087e-06 5.517125e-10 3.544985e-10
Algorithm converged after  14  iterations.
numeric(0)
Algorithm converged after  1  iterations.
[1] 1.41526e-08
Algorithm converged after  2  iterations.
[1] 3.603546e-08
Algorithm converged after  2  iterations.
[1] 4.449974e-07
Algorithm converged after  2  iterations.
[1] 1.415260e-08 8.007277e-10
Algorithm converged after  2  iterations.
[1] 3.603546e-08 2.202771e-08
Algorithm converged after  2  iterations.
[1] 4.449974e-07 9.126697e-08
Algorithm converged after  2  iterations.
[1] 1.415260e-08 3.603546e-08
Algorithm converged after  2  iterations.
[1] 1.415260e-08 4.449974e-07
Algorithm converged after  2  iterations.
[1] 3.603546e-08 4.449974e-07
Algorithm converged after  2  iterations.
[1] 1.415260e-08 8.007277e-10 3.603546e-08
Algorithm converged after  2  iterations.
[1] 1.415260e-08 8.007277e-10 4.449974e-07
Algorithm converged after  2  iterations.
[1] 1.415260e-08 3.603546e-08 2.202771e-08
Algorithm converged after  2  iterations.
[1] 1.415260e-08 4.449974e-07 9.126697e-08
Algorithm converged after  2  iterations.
[1] 3.603546e-08 2.202771e-08 4.449974e-07
Algorithm converged after  2  iterations.
[1] 3.603546e-08 4.449974e-07 9.126697e-08
Algorithm converged after  2  iterations.
[1] 1.415260e-08 3.603546e-08 4.449974e-07
Algorithm converged after  2  iterations.
[1] 1.415260e-08 8.007277e-10 3.603546e-08 2.202771e-08
Algorithm converged after  2  iterations.
[1] 1.415260e-08 8.007277e-10 4.449974e-07 9.126697e-08
Algorithm converged after  2  iterations.
[1] 3.603546e-08 2.202771e-08 4.449974e-07 9.126697e-08
Algorithm converged after  2  iterations.
[1] 1.415260e-08 8.007277e-10 3.603546e-08 4.449974e-07
Algorithm converged after  2  iterations.
[1] 1.415260e-08 3.603546e-08 2.202771e-08 4.449974e-07
Algorithm converged after  2  iterations.
[1] 1.415260e-08 3.603546e-08 4.449974e-07 9.126697e-08
Algorithm converged after  2  iterations.
[1] 3.405605e-06
Algorithm converged after  2  iterations.
[1] 3.405605e-06 2.278856e-08
Algorithm converged after  6  iterations.
[1] 3.405605e-06 2.220056e-08
Algorithm converged after  5  iterations.
[1] 3.405605e-06 3.560003e-07
[1] 8.789785e-06 6.212212e-07
Algorithm converged after  13  iterations.
[1] 3.405605e-06 2.278856e-08 3.889113e-10
Algorithm converged after  6  iterations.
[1] 3.405605e-06 2.220056e-08 9.912949e-11
[1] 3.634567e-06 2.294789e-08 6.659331e-11
[1] 3.628985e-06 2.302456e-08 1.018845e-18
[1] 3.380099e-06 2.268026e-08 8.421373e-11
Algorithm converged after  31  iterations.
[1] 3.405605e-06 3.560003e-07 2.712352e-10
[1] 1.011670e-05 6.840214e-07 7.910123e-10
Algorithm converged after  15  iterations.
[1] 3.405605e-06 2.278856e-08 2.220056e-08
Algorithm converged after  6  iterations.
[1] 3.405605e-06 2.278856e-08 3.560003e-07
[1] 1.036536e-05 3.524724e-08 6.978239e-07
Algorithm converged after  14  iterations.
[1] 3.405605e-06 2.220056e-08 3.560003e-07
[1] 9.386467e-06 2.739256e-08 6.511291e-07
Algorithm converged after  13  iterations.
[1] 3.405605e-06 2.278856e-08 3.889113e-10 2.220056e-08
Algorithm converged after  6  iterations.
[1] 3.405605e-06 2.278856e-08 3.889113e-10 3.560003e-07
[1] 1.100626e-05 3.617082e-08 4.473880e-10 7.259057e-07
Algorithm converged after  13  iterations.
[1] 3.405605e-06 2.278856e-08 2.220056e-08 9.912949e-11
Algorithm converged after  8  iterations.
[1] 3.405605e-06 2.278856e-08 3.560003e-07 2.712352e-10
[1] 1.158177e-05 3.696761e-08 7.519078e-07 8.617885e-10
[1] 1.158038e-05 3.704926e-08 7.541638e-07 2.511069e-10
[1] 1.082338e-05 3.593242e-08 7.217886e-07 9.329865e-16
[1] 1.117794e-05 3.637516e-08 7.372590e-07 8.350259e-10
[1] 1.178796e-05 3.734497e-08 7.663451e-07 9.016126e-10
[1] 1.156224e-05 3.701691e-08 7.568162e-07 8.813285e-10
[1] 1.188231e-05 3.751269e-08 7.719266e-07 9.134508e-10
[1] 1.158848e-05 3.706974e-08 7.593157e-07 4.145739e-19
[1] 1.182223e-05 3.734143e-08 7.695032e-07 1.672801e-20
[1] 1.091067e-05 3.599600e-08 7.293667e-07 8.199323e-10
[1] 1.058025e-05 3.555155e-08 7.156494e-07 5.578727e-20
[1] 1.083126e-05 3.590313e-08 7.269196e-07 8.115930e-10
[1] 1.185084e-05 3.739156e-08 7.728920e-07 9.091716e-10
Algorithm converged after  133  iterations.
[1] 3.405605e-06 2.220056e-08 9.912949e-11 3.560003e-07
[1] 9.396306e-06 2.771205e-08 8.124714e-11 6.556343e-07
Algorithm converged after  20  iterations.
[1] 3.405605e-06 2.220056e-08 3.560003e-07 2.712352e-10
[1] 1.066847e-05 2.830191e-08 7.100094e-07 8.116869e-10
Algorithm converged after  17  iterations.
[1] 3.405605e-06 2.278856e-08 2.220056e-08 3.560003e-07
[1] 1.104023e-05 3.623928e-08 2.866656e-08 7.297509e-07
Algorithm converged after  14  iterations.
[1] 3.405605e-06 1.337589e-06
Algorithm converged after  2  iterations.
[1] 3.405605e-06 1.337589e-06 4.770472e-10
Algorithm converged after  5  iterations.
[1] 3.405605e-06 1.337589e-06 4.999465e-10
Algorithm converged after  5  iterations.
[1] 3.405605e-06 1.337589e-06 7.052787e-10
Algorithm converged after  8  iterations.
[1] 3.405605e-06 1.337589e-06 4.770472e-10 1.063981e-10
Algorithm converged after  6  iterations.
[1] 3.405605e-06 1.337589e-06 4.999465e-10 1.004313e-10
[1] 9.270686e-09 3.767141e-09 3.286684e-08 1.951897e-08
Algorithm converged after  12  iterations.
[1] 3.405605e-06 1.337589e-06 7.052787e-10 3.187950e-10
[1] 4.760203e-06 1.430730e-06 8.963039e-10 3.552687e-10
Algorithm converged after  11  iterations.
[1] 3.405605e-06 1.337589e-06 4.770472e-10 4.999465e-10
Algorithm converged after  6  iterations.
[1] 3.405605e-06 1.337589e-06 4.770472e-10 7.052787e-10
Algorithm converged after  8  iterations.
[1] 3.405605e-06 1.337589e-06 4.999465e-10 7.052787e-10
Algorithm converged after  8  iterations.
numeric(0)
Algorithm converged after  1  iterations.
[1] 1.793732e-08
Algorithm converged after  2  iterations.
[1] 4.097433e-08
Algorithm converged after  2  iterations.
[1] 4.582921e-07
Algorithm converged after  2  iterations.
[1] 1.793732e-08 8.421226e-09
Algorithm converged after  2  iterations.
[1] 4.097433e-08 2.719656e-08
Algorithm converged after  2  iterations.
[1] 4.582921e-07 9.955307e-08
Algorithm converged after  2  iterations.
[1] 1.793732e-08 4.097433e-08
Algorithm converged after  2  iterations.
[1] 1.793732e-08 4.582921e-07
Algorithm converged after  2  iterations.
[1] 4.097433e-08 4.582921e-07
Algorithm converged after  2  iterations.
[1] 1.793732e-08 8.421226e-09 4.097433e-08
Algorithm converged after  2  iterations.
[1] 1.793732e-08 8.421226e-09 4.582921e-07
Algorithm converged after  2  iterations.
[1] 1.793732e-08 4.097433e-08 2.719656e-08
Algorithm converged after  2  iterations.
[1] 1.793732e-08 4.582921e-07 9.955307e-08
Algorithm converged after  2  iterations.
[1] 4.097433e-08 2.719656e-08 4.582921e-07
Algorithm converged after  2  iterations.
[1] 4.097433e-08 4.582921e-07 9.955307e-08
Algorithm converged after  2  iterations.
[1] 1.793732e-08 4.097433e-08 4.582921e-07
Algorithm converged after  2  iterations.
[1] 1.793732e-08 8.421226e-09 4.097433e-08 2.719656e-08
Algorithm converged after  2  iterations.
[1] 1.793732e-08 8.421226e-09 4.582921e-07 9.955307e-08
Algorithm converged after  2  iterations.
[1] 4.097433e-08 2.719656e-08 4.582921e-07 9.955307e-08
Algorithm converged after  2  iterations.
[1] 1.793732e-08 8.421226e-09 4.097433e-08 4.582921e-07
Algorithm converged after  2  iterations.
[1] 1.793732e-08 4.097433e-08 2.719656e-08 4.582921e-07
Algorithm converged after  2  iterations.
[1] 1.793732e-08 4.097433e-08 4.582921e-07 9.955307e-08
Algorithm converged after  2  iterations.
[1] 1.532089e-06
Algorithm converged after  2  iterations.
[1] 1.532089e-06 1.676925e-08
Algorithm converged after  7  iterations.
[1] 1.532089e-06 4.570652e-08
Algorithm converged after  6  iterations.
[1] 1.532089e-06 1.499409e-06
Algorithm converged after  8  iterations.
[1] 1.532089e-06 1.676925e-08 3.034187e-10
Algorithm converged after  7  iterations.
[1] 1.532089e-06 4.570652e-08 6.785256e-11
Algorithm converged after  8  iterations.
[1] 1.532089e-06 1.499409e-06 3.032684e-10
[1] 2.240417e-06 1.825960e-06 2.925415e-10
Algorithm converged after  18  iterations.
[1] 1.532089e-06 1.676925e-08 4.570652e-08
Algorithm converged after  8  iterations.
[1] 1.532089e-06 1.676925e-08 1.499409e-06
Algorithm converged after  9  iterations.
[1] 1.532089e-06 4.570652e-08 1.499409e-06
Algorithm converged after  9  iterations.
[1] 1.532089e-06 1.676925e-08 3.034187e-10 4.570652e-08
Algorithm converged after  8  iterations.
[1] 1.532089e-06 1.676925e-08 3.034187e-10 1.499409e-06
Algorithm converged after  10  iterations.
[1] 1.532089e-06 1.676925e-08 4.570652e-08 6.785256e-11
[1] 2.578218e-06 2.243640e-08 5.162978e-08 4.749932e-11
Algorithm converged after  14  iterations.
[1] 1.532089e-06 1.676925e-08 1.499409e-06 3.032684e-10
[1] 3.062008e-06 2.426944e-08 2.203862e-06 5.111312e-10
Algorithm converged after  14  iterations.
[1] 1.532089e-06 4.570652e-08 6.785256e-11 1.499409e-06
[1] 3.080968e-06 5.417801e-08 6.350782e-11 2.208034e-06
Algorithm converged after  12  iterations.
[1] 1.532089e-06 4.570652e-08 1.499409e-06 3.032684e-10
[1] 2.799451e-06 5.260637e-08 2.063917e-06 4.096600e-16
[1] 3.071520e-06 5.396328e-08 2.198485e-06 2.921953e-10
[1] 2.940413e-06 5.339355e-08 2.149444e-06 9.716414e-19
[1] 3.230115e-06 5.472067e-08 2.272084e-06 5.381998e-10
[1] 2.874850e-06 5.315909e-08 2.123401e-06 3.150919e-10
[1] 2.877974e-06 5.320418e-08 2.132690e-06 7.968185e-19
[1] 2.866544e-06 5.316494e-08 2.122372e-06 4.671852e-10
[1] 2.848975e-06 5.298899e-08 2.081880e-06 2.158514e-18
[1] 3.258239e-06 5.497520e-08 2.286981e-06 5.404295e-10
[1] 2.874557e-06 5.319072e-08 2.109515e-06 3.094761e-10
[1] 2.944651e-06 5.358121e-08 2.150289e-06 1.966876e-17
[1] 3.244518e-06 5.498516e-08 2.277900e-06 5.416916e-10
[1] 2.948933e-06 5.362884e-08 2.151585e-06 8.570270e-19
[1] 2.828044e-06 5.300266e-08 2.082902e-06 2.963363e-10
[1] 2.925239e-06 5.362370e-08 2.160214e-06 2.792112e-10
[1] 2.886501e-06 5.331388e-08 2.099183e-06 6.723862e-21
[1] 2.868409e-06 5.334809e-08 2.124250e-06 1.016082e-18
[1] 2.948261e-06 5.370605e-08 2.152784e-06 4.884227e-10
Algorithm converged after  189  iterations.
[1] 1.532089e-06 1.676925e-08 4.570652e-08 1.499409e-06
[1] 3.657673e-06 2.711937e-08 5.665961e-08 2.453397e-06
Algorithm converged after  11  iterations.
[1] 1.532089e-06 2.843297e-06
Algorithm converged after  2  iterations.
[1] 1.532089e-06 2.843297e-06 3.540974e-10
Algorithm converged after  6  iterations.
[1] 1.532089e-06 2.843297e-06 6.736461e-10
Algorithm converged after  5  iterations.
[1] 1.532089e-06 2.843297e-06 3.319790e-10
Algorithm converged after  10  iterations.
[1] 1.532089e-06 2.843297e-06 3.540974e-10 9.645093e-11
Algorithm converged after  7  iterations.
[1] 1.532089e-06 2.843297e-06 6.736461e-10 9.924448e-11
[1] 1.738335e-06 2.062956e-08 4.151979e-08 4.963908e-11
[1] 1.761954e-06 2.215379e-08 4.233442e-08 5.158492e-11
[1] 1.651054e-06 2.025936e-08 4.019740e-08 5.972073e-11
[1] 1.733327e-06 2.205237e-08 4.140228e-08 5.939752e-11
[1] 1.769518e-06 2.740128e-08 4.490116e-08 3.803464e-11
[1] 1.747474e-06 2.889523e-08 4.440930e-08 1.920280e-19
[1] 1.796531e-06 2.295291e-08 4.355150e-08 4.521870e-11
[1] 1.780791e-06 2.238122e-08 4.326638e-08 4.972984e-11
[1] 1.779662e-06 2.334798e-08 4.368109e-08 5.318683e-11
[1] 1.746154e-06 2.898577e-08 4.485969e-08 1.200416e-10
[1] 1.713103e-06 2.069602e-08 4.218512e-08 4.822590e-11
[1] 1.808873e-06 1.859809e-08 4.314279e-08 1.332050e-16
[1] 1.819697e-06 1.930091e-08 4.350944e-08 4.041899e-11
[1] 1.807397e-06 2.159692e-08 4.314641e-08 9.346122e-19
[1] 1.754311e-06 2.961669e-08 4.535788e-08 1.235409e-10
Algorithm converged after  152  iterations.
[1] 1.532089e-06 2.843297e-06 3.319790e-10 6.072496e-10
[1] 4.705707e-06 1.528193e-06 9.685749e-10 3.950289e-10
Algorithm converged after  13  iterations.
[1] 1.532089e-06 2.843297e-06 3.540974e-10 6.736461e-10
Algorithm converged after  7  iterations.
[1] 1.532089e-06 2.843297e-06 3.540974e-10 3.319790e-10
[1] 5.013908e-06 1.727234e-06 3.759338e-10 1.346629e-09
Algorithm converged after  16  iterations.
[1] 1.532089e-06 2.843297e-06 6.736461e-10 3.319790e-10
[1] 3.979721e-06 1.677575e-06 7.021944e-10 1.000077e-09
Algorithm converged after  11  iterations.
numeric(0)
Algorithm converged after  1  iterations.
[1] 2.331487e-08
Algorithm converged after  2  iterations.
[1] 2.353211e-08
Algorithm converged after  2  iterations.
[1] 9.183789e-08
Algorithm converged after  2  iterations.
[1] 2.331487e-08 1.060846e-08
Algorithm converged after  2  iterations.
[1] 2.353211e-08 1.810364e-08
Algorithm converged after  2  iterations.
[1] 9.183789e-08 3.664344e-08
Algorithm converged after  2  iterations.
[1] 2.331487e-08 2.353211e-08
Algorithm converged after  2  iterations.
[1] 2.331487e-08 9.183789e-08
Algorithm converged after  2  iterations.
[1] 2.353211e-08 9.183789e-08
Algorithm converged after  2  iterations.
[1] 2.331487e-08 1.060846e-08 2.353211e-08
Algorithm converged after  2  iterations.
[1] 2.331487e-08 1.060846e-08 9.183789e-08
Algorithm converged after  2  iterations.
[1] 2.331487e-08 2.353211e-08 1.810364e-08
Algorithm converged after  2  iterations.
[1] 2.331487e-08 9.183789e-08 3.664344e-08
Algorithm converged after  2  iterations.
[1] 2.353211e-08 1.810364e-08 9.183789e-08
Algorithm converged after  2  iterations.
[1] 2.353211e-08 9.183789e-08 3.664344e-08
Algorithm converged after  2  iterations.
[1] 2.331487e-08 2.353211e-08 9.183789e-08
Algorithm converged after  2  iterations.
[1] 2.331487e-08 1.060846e-08 2.353211e-08 1.810364e-08
Algorithm converged after  2  iterations.
[1] 2.331487e-08 1.060846e-08 9.183789e-08 3.664344e-08
Algorithm converged after  2  iterations.
[1] 2.353211e-08 1.810364e-08 9.183789e-08 3.664344e-08
Algorithm converged after  2  iterations.
[1] 2.331487e-08 1.060846e-08 2.353211e-08 9.183789e-08
Algorithm converged after  2  iterations.
[1] 2.331487e-08 2.353211e-08 1.810364e-08 9.183789e-08
Algorithm converged after  2  iterations.
[1] 2.331487e-08 2.353211e-08 9.183789e-08 3.664344e-08
Algorithm converged after  2  iterations.
[1] 1.192799e-06
Algorithm converged after  2  iterations.
[1] 1.192799e-06 5.478667e-09
Algorithm converged after  7  iterations.
[1] 1.192799e-06 2.850835e-08
Algorithm converged after  6  iterations.
[1] 1.192799e-06 2.400787e-07
Algorithm converged after  6  iterations.
[1] 1.192799e-06 5.478667e-09 4.403867e-10
Algorithm converged after  6  iterations.
[1] 1.192799e-06 2.850835e-08 8.314997e-11
Algorithm converged after  7  iterations.
[1] 1.192799e-06 2.400787e-07 4.616307e-10
[1] 1.208746e-06 2.530365e-07 4.655386e-10
Algorithm converged after  13  iterations.
[1] 1.192799e-06 5.478667e-09 2.850835e-08
Algorithm converged after  6  iterations.
[1] 1.192799e-06 5.478667e-09 2.400787e-07
Algorithm converged after  6  iterations.
[1] 1.192799e-06 2.850835e-08 2.400787e-07
Algorithm converged after  6  iterations.
[1] 1.192799e-06 5.478667e-09 4.403867e-10 2.850835e-08
Algorithm converged after  7  iterations.
[1] 1.192799e-06 5.478667e-09 4.403867e-10 2.400787e-07
Algorithm converged after  6  iterations.
[1] 1.192799e-06 5.478667e-09 2.850835e-08 8.314997e-11
Algorithm converged after  7  iterations.
[1] 1.192799e-06 5.478667e-09 2.400787e-07 4.616307e-10
Algorithm converged after  9  iterations.
[1] 1.192799e-06 2.850835e-08 8.314997e-11 2.400787e-07
Algorithm converged after  7  iterations.
[1] 1.192799e-06 2.850835e-08 2.400787e-07 4.616307e-10
[1] 1.365626e-06 3.027314e-08 2.673146e-07 4.572604e-10
Algorithm converged after  11  iterations.
[1] 1.192799e-06 5.478667e-09 2.850835e-08 2.400787e-07
Algorithm converged after  7  iterations.
[1] 1.192799e-06 1.113859e-08
Algorithm converged after  2  iterations.
[1] 1.192799e-06 1.113859e-08 3.561737e-09
Algorithm converged after  9  iterations.
[1] 1.192799e-06 1.113859e-08 2.225510e-08
Algorithm converged after  8  iterations.
[1] 1.192799e-06 1.113859e-08 1.681219e-07
[1] 1.368637e-06 3.106932e-08 1.683988e-06
Algorithm converged after  16  iterations.
[1] 1.192799e-06 1.113859e-08 3.561737e-09 6.910478e-19
[1] 1.273061e-06 2.117974e-08 1.493180e-08 9.762916e-11
[1] 1.273332e-06 2.118034e-08 1.493398e-08 9.761957e-11
Algorithm converged after  22  iterations.
[1] 1.192799e-06 1.113859e-08 2.225510e-08 1.189390e-10
[1] 1.441088e-06 2.051391e-08 2.991533e-08 2.968151e-10
Algorithm converged after  13  iterations.
[1] 1.192799e-06 1.113859e-08 1.681219e-07 5.580986e-10
[1] 1.239577e-06 1.634427e-08 1.985682e-07 6.278113e-10
Algorithm converged after  11  iterations.
[1] 1.192799e-06 1.113859e-08 3.561737e-09 2.225510e-08
Algorithm converged after  9  iterations.
[1] 1.192799e-06 1.113859e-08 3.561737e-09 1.681219e-07
Algorithm converged after  10  iterations.
[1] 1.192799e-06 1.113859e-08 2.225510e-08 1.681219e-07
Algorithm converged after  7  iterations.
numeric(0)
Algorithm converged after  1  iterations.
[1] 3.428639e-08
Algorithm converged after  2  iterations.
[1] 3.20629e-08
Algorithm converged after  2  iterations.
[1] 5.668712e-07
Algorithm converged after  2  iterations.
[1] 3.428639e-08 9.681137e-09
Algorithm converged after  2  iterations.
[1] 3.206290e-08 1.922523e-08
Algorithm converged after  2  iterations.
[1] 5.668712e-07 1.004674e-07
Algorithm converged after  2  iterations.
[1] 3.428639e-08 3.206290e-08
Algorithm converged after  2  iterations.
[1] 3.428639e-08 5.668712e-07
Algorithm converged after  2  iterations.
[1] 3.206290e-08 5.668712e-07
Algorithm converged after  2  iterations.
[1] 3.428639e-08 9.681137e-09 3.206290e-08
Algorithm converged after  2  iterations.
[1] 3.428639e-08 9.681137e-09 5.668712e-07
Algorithm converged after  2  iterations.
[1] 3.428639e-08 3.206290e-08 1.922523e-08
Algorithm converged after  2  iterations.
[1] 3.428639e-08 5.668712e-07 1.004674e-07
Algorithm converged after  2  iterations.
[1] 3.206290e-08 1.922523e-08 5.668712e-07
Algorithm converged after  2  iterations.
[1] 3.206290e-08 5.668712e-07 1.004674e-07
Algorithm converged after  2  iterations.
[1] 3.428639e-08 3.206290e-08 5.668712e-07
Algorithm converged after  2  iterations.
[1] 3.428639e-08 9.681137e-09 3.206290e-08 1.922523e-08
Algorithm converged after  2  iterations.
[1] 3.428639e-08 9.681137e-09 5.668712e-07 1.004674e-07
Algorithm converged after  2  iterations.
[1] 3.206290e-08 1.922523e-08 5.668712e-07 1.004674e-07
Algorithm converged after  2  iterations.
[1] 3.428639e-08 9.681137e-09 3.206290e-08 5.668712e-07
Algorithm converged after  2  iterations.
[1] 3.428639e-08 3.206290e-08 1.922523e-08 5.668712e-07
Algorithm converged after  2  iterations.
[1] 3.428639e-08 3.206290e-08 5.668712e-07 1.004674e-07
Algorithm converged after  2  iterations.
[1] 3.141411e-06
Algorithm converged after  2  iterations.
[1] 3.141411e-06 5.025849e-08
Algorithm converged after  6  iterations.
[1] 3.141411e-06 1.453239e-08
Algorithm converged after  5  iterations.
[1] 3.141411e-06 4.741493e-07
[1] 8.543085e-06 9.216954e-07
Algorithm converged after  13  iterations.
[1] 3.141411e-06 5.025849e-08 4.026140e-10
Algorithm converged after  6  iterations.
[1] 3.141411e-06 1.453239e-08 9.337990e-11
Algorithm converged after  7  iterations.
[1] 3.141411e-06 4.741493e-07 2.187087e-10
[1] 9.752928e-06 1.014257e-06 7.525998e-10
[1] 9.806654e-06 1.022570e-06 7.643556e-10
[1] 9.370778e-06 9.917732e-07 2.761151e-17
[1] 9.158735e-06 9.755046e-07 6.878768e-10
[1] 9.616409e-06 1.009559e-06 7.572786e-10
Algorithm converged after  58  iterations.
[1] 3.141411e-06 5.025849e-08 1.453239e-08
Algorithm converged after  6  iterations.
[1] 3.141411e-06 5.025849e-08 4.741493e-07
[1] 1.026017e-05 6.654204e-08 1.064107e-06
Algorithm converged after  14  iterations.
[1] 3.141411e-06 1.453239e-08 4.741493e-07
[1] 8.958812e-06 1.801275e-08 9.587999e-07
Algorithm converged after  14  iterations.
[1] 3.141411e-06 5.025849e-08 4.026140e-10 1.453239e-08
Algorithm converged after  6  iterations.
[1] 3.141411e-06 5.025849e-08 4.026140e-10 4.741493e-07
[1] 1.091298e-05 6.758809e-08 4.612741e-10 1.112167e-06
Algorithm converged after  14  iterations.
[1] 3.141411e-06 5.025849e-08 1.453239e-08 9.337990e-11
[1] 4.051730e-06 5.322469e-08 1.557193e-08 1.360765e-18
Algorithm converged after  19  iterations.
[1] 3.141411e-06 5.025849e-08 4.741493e-07 2.187087e-10
[1] 1.225540e-05 6.973287e-08 1.210387e-06 3.598907e-17
[1] 1.183659e-05 6.926121e-08 1.186785e-06 1.223288e-20
[1] 1.233990e-05 7.002034e-08 1.224484e-06 2.235604e-21
[1] 1.152342e-05 6.888112e-08 1.169306e-06 8.820218e-10
[1] 1.192869e-05 6.961752e-08 1.201480e-06 9.223114e-10
[1] 1.094349e-05 6.772186e-08 1.123886e-06 8.200459e-10
[1] 1.158104e-05 6.845852e-08 1.169367e-06 4.855466e-18
[1] 1.177476e-05 6.917055e-08 1.191759e-06 2.229591e-16
[1] 1.168342e-05 6.891359e-08 1.185587e-06 8.267236e-16
[1] 1.123869e-05 6.817180e-08 1.152982e-06 8.462874e-10
[1] 1.149092e-05 6.882203e-08 1.177104e-06 8.871827e-10
[1] 1.198987e-05 6.973369e-08 1.216135e-06 9.363789e-10
Algorithm converged after  123  iterations.
[1] 3.141411e-06 1.453239e-08 9.337990e-11 4.741493e-07
[1] 9.221103e-06 1.818934e-08 9.665011e-11 9.823921e-07
Algorithm converged after  14  iterations.
[1] 3.141411e-06 1.453239e-08 4.741493e-07 2.187087e-10
[1] 1.044754e-05 1.880093e-08 1.076773e-06 7.983397e-10
Algorithm converged after  16  iterations.
[1] 3.141411e-06 5.025849e-08 1.453239e-08 4.741493e-07
[1] 1.073426e-05 6.741135e-08 1.893036e-08 1.103986e-06
Algorithm converged after  14  iterations.
[1] 3.141411e-06 1.588717e-06
Algorithm converged after  2  iterations.
[1] 3.141411e-06 1.588717e-06 5.082441e-10
Algorithm converged after  5  iterations.
[1] 3.141411e-06 1.588717e-06 4.427771e-10
Algorithm converged after  6  iterations.
[1] 3.141411e-06 1.588717e-06 3.422805e-10
Algorithm converged after  10  iterations.
[1] 3.141411e-06 1.588717e-06 5.082441e-10 1.001464e-10
Algorithm converged after  6  iterations.
[1] 3.141411e-06 1.588717e-06 4.427771e-10 1.170005e-10
Algorithm converged after  8  iterations.
[1] 3.141411e-06 1.588717e-06 3.422805e-10 6.315736e-10
[1] 4.933204e-06 1.725724e-06 9.481280e-10 4.109459e-10
Algorithm converged after  11  iterations.
[1] 3.141411e-06 1.588717e-06 5.082441e-10 4.427771e-10
Algorithm converged after  6  iterations.
[1] 3.141411e-06 1.588717e-06 5.082441e-10 3.422805e-10
Algorithm converged after  9  iterations.
[1] 3.141411e-06 1.588717e-06 4.427771e-10 3.422805e-10
[1] 3.587806e-06 1.574171e-06 4.415329e-10 3.630064e-10
Algorithm converged after  13  iterations.
numeric(0)
Algorithm converged after  1  iterations.
[1] 1.687216e-08
Algorithm converged after  2  iterations.
[1] 2.666387e-08
Algorithm converged after  2  iterations.
[1] 1.22151e-07
Algorithm converged after  2  iterations.
[1] 1.687216e-08 1.210051e-08
Algorithm converged after  2  iterations.
[1] 2.666387e-08 1.856089e-08
Algorithm converged after  2  iterations.
[1] 1.221510e-07 1.421061e-18
Algorithm converged after  2  iterations.
[1] 1.687216e-08 2.666387e-08
Algorithm converged after  2  iterations.
[1] 1.687216e-08 1.221510e-07
Algorithm converged after  2  iterations.
[1] 2.666387e-08 1.221510e-07
Algorithm converged after  2  iterations.
[1] 1.687216e-08 1.210051e-08 2.666387e-08
Algorithm converged after  2  iterations.
[1] 1.687216e-08 1.210051e-08 1.221510e-07
Algorithm converged after  2  iterations.
[1] 1.687216e-08 2.666387e-08 1.856089e-08
Algorithm converged after  2  iterations.
[1] 1.687216e-08 1.221510e-07 1.421061e-18
Algorithm converged after  2  iterations.
[1] 2.666387e-08 1.856089e-08 1.221510e-07
Algorithm converged after  2  iterations.
[1] 2.666387e-08 1.221510e-07 1.421061e-18
Algorithm converged after  2  iterations.
[1] 1.687216e-08 2.666387e-08 1.221510e-07
Algorithm converged after  2  iterations.
[1] 1.687216e-08 1.210051e-08 2.666387e-08 1.856089e-08
Algorithm converged after  2  iterations.
[1] 1.687216e-08 1.210051e-08 1.221510e-07 1.421061e-18
Algorithm converged after  2  iterations.
[1] 2.666387e-08 1.856089e-08 1.221510e-07 1.421061e-18
Algorithm converged after  2  iterations.
[1] 1.687216e-08 1.210051e-08 2.666387e-08 1.221510e-07
Algorithm converged after  2  iterations.
[1] 1.687216e-08 2.666387e-08 1.856089e-08 1.221510e-07
Algorithm converged after  2  iterations.
[1] 1.687216e-08 2.666387e-08 1.221510e-07 1.421061e-18
Algorithm converged after  2  iterations.
[1] 1.464134e-06
Algorithm converged after  2  iterations.
[1] 1.464134e-06 2.227152e-08
Algorithm converged after  7  iterations.
[1] 1.464134e-06 3.915663e-08
Algorithm converged after  6  iterations.
[1] 1.464134e-06 1.068596e-06
Algorithm converged after  8  iterations.
[1] 1.464134e-06 2.227152e-08 4.090715e-10
Algorithm converged after  7  iterations.
[1] 1.464134e-06 3.915663e-08 8.470437e-11
Algorithm converged after  8  iterations.
[1] 1.464134e-06 1.068596e-06 1.975386e-10
[1] 2.234237e-06 1.370469e-06 1.820110e-10
[1] 2.221846e-06 1.359316e-06 2.155501e-10
[1] 2.131689e-06 1.324912e-06 1.906434e-10
[1] 2.111450e-06 1.317482e-06 2.118352e-10
[1] 2.214720e-06 1.360376e-06 1.867399e-10
[1] 2.128464e-06 1.322877e-06 1.907630e-10
[1] 1.845304e-06 1.209245e-06 2.156529e-10
[1] 2.245056e-06 1.359127e-06 2.507324e-16
[1] 2.030425e-06 1.286246e-06 1.890026e-10
[1] 2.195847e-06 1.349975e-06 1.921486e-10
Algorithm converged after  105  iterations.
[1] 1.464134e-06 2.227152e-08 3.915663e-08
Algorithm converged after  8  iterations.
[1] 1.464134e-06 2.227152e-08 1.068596e-06
Algorithm converged after  9  iterations.
[1] 1.464134e-06 3.915663e-08 1.068596e-06
Algorithm converged after  9  iterations.
[1] 1.464134e-06 2.227152e-08 4.090715e-10 3.915663e-08
Algorithm converged after  8  iterations.
[1] 1.464134e-06 2.227152e-08 4.090715e-10 1.068596e-06
Algorithm converged after  10  iterations.
[1] 1.464134e-06 2.227152e-08 3.915663e-08 8.470437e-11
Algorithm converged after  9  iterations.
[1] 1.464134e-06 2.227152e-08 1.068596e-06 1.975386e-10
[1] 2.774445e-06 2.884250e-08 1.575353e-06 1.949799e-10
Algorithm converged after  13  iterations.
[1] 1.464134e-06 3.915663e-08 8.470437e-11 1.068596e-06
[1] 3.027038e-06 4.654317e-08 9.355650e-11 1.658292e-06
Algorithm converged after  11  iterations.
[1] 1.464134e-06 3.915663e-08 1.068596e-06 1.975386e-10
[1] 2.829065e-06 4.571914e-08 1.590259e-06 2.028927e-10
[1] 2.832080e-06 4.573794e-08 1.591712e-06 3.719826e-15
[1] 2.742616e-06 4.538147e-08 1.549375e-06 2.230812e-10
Algorithm converged after  34  iterations.
[1] 1.464134e-06 2.227152e-08 3.915663e-08 1.068596e-06
[1] 3.479740e-06 3.194456e-08 4.841236e-08 1.823571e-06
Algorithm converged after  11  iterations.
[1] 1.464134e-06 2.465556e-06
Algorithm converged after  2  iterations.
[1] 1.464134e-06 2.465556e-06 4.593991e-10
Algorithm converged after  6  iterations.
[1] 1.464134e-06 2.465556e-06 6.771459e-10
Algorithm converged after  6  iterations.
[1] 1.464134e-06 2.465556e-06 2.450942e-10
[1] 3.195406e-06 1.427718e-06 2.844857e-10
[1] 4.102048e-06 1.532361e-06 1.043212e-09
Algorithm converged after  22  iterations.
[1] 1.464134e-06 2.465556e-06 4.593991e-10 1.109522e-10
[1] 1.637368e-06 3.544924e-09 2.247707e-08 4.876632e-10
Algorithm converged after  14  iterations.
[1] 1.464134e-06 2.465556e-06 6.771459e-10 1.187831e-10
[1] 1.747957e-06 2.733536e-08 3.739796e-08 6.525860e-11
[1] 1.744623e-06 2.646702e-08 3.715331e-08 6.551740e-11
Algorithm converged after  23  iterations.
[1] 1.464134e-06 2.465556e-06 2.450942e-10 7.482913e-11
[1] 3.561432e-06 1.439138e-06 2.810365e-10 3.967398e-10
Algorithm converged after  17  iterations.
[1] 1.464134e-06 2.465556e-06 4.593991e-10 6.771459e-10
Algorithm converged after  7  iterations.
[1] 1.464134e-06 2.465556e-06 4.593991e-10 2.450942e-10
Algorithm converged after  8  iterations.
[1] 1.464134e-06 2.465556e-06 6.771459e-10 2.450942e-10
Algorithm converged after  9  iterations.
numeric(0)
Algorithm converged after  1  iterations.
[1] 2.057076e-08
Algorithm converged after  2  iterations.
[1] 3.222335e-08
Algorithm converged after  2  iterations.
[1] 8.119067e-08
Algorithm converged after  2  iterations.
[1] 2.057076e-08 1.272390e-08
Algorithm converged after  2  iterations.
[1] 3.222335e-08 1.659802e-08
Algorithm converged after  2  iterations.
[1] 8.119067e-08 2.793225e-20
Algorithm converged after  2  iterations.
[1] 2.057076e-08 3.222335e-08
Algorithm converged after  2  iterations.
[1] 2.057076e-08 8.119067e-08
Algorithm converged after  2  iterations.
[1] 3.222335e-08 8.119067e-08
Algorithm converged after  2  iterations.
[1] 2.057076e-08 1.272390e-08 3.222335e-08
Algorithm converged after  2  iterations.
[1] 2.057076e-08 1.272390e-08 8.119067e-08
Algorithm converged after  2  iterations.
[1] 2.057076e-08 3.222335e-08 1.659802e-08
Algorithm converged after  2  iterations.
[1] 2.057076e-08 8.119067e-08 2.793225e-20
Algorithm converged after  2  iterations.
[1] 3.222335e-08 1.659802e-08 8.119067e-08
Algorithm converged after  2  iterations.
[1] 3.222335e-08 8.119067e-08 2.793225e-20
Algorithm converged after  2  iterations.
[1] 2.057076e-08 3.222335e-08 8.119067e-08
Algorithm converged after  2  iterations.
[1] 2.057076e-08 1.272390e-08 3.222335e-08 1.659802e-08
Algorithm converged after  2  iterations.
[1] 2.057076e-08 1.272390e-08 8.119067e-08 2.793225e-20
Algorithm converged after  2  iterations.
[1] 3.222335e-08 1.659802e-08 8.119067e-08 2.793225e-20
Algorithm converged after  2  iterations.
[1] 2.057076e-08 1.272390e-08 3.222335e-08 8.119067e-08
Algorithm converged after  2  iterations.
[1] 2.057076e-08 3.222335e-08 1.659802e-08 8.119067e-08
Algorithm converged after  2  iterations.
[1] 2.057076e-08 3.222335e-08 8.119067e-08 2.793225e-20
Algorithm converged after  2  iterations.
[1] 1.31095e-06
Algorithm converged after  2  iterations.
[1] 1.310950e-06 1.120252e-08
Algorithm converged after  5  iterations.
[1] 1.310950e-06 2.692038e-08
Algorithm converged after  6  iterations.
[1] 1.310950e-06 4.939221e-08
Algorithm converged after  7  iterations.
[1] 1.310950e-06 1.120252e-08 2.164494e-10
[1] 1.442615e-06 1.244170e-08 2.204399e-10
Algorithm converged after  13  iterations.
[1] 1.310950e-06 2.692038e-08 7.953985e-11
Algorithm converged after  7  iterations.
[1] 1.310950e-06 4.939221e-08 1.250038e-19
Algorithm converged after  7  iterations.
[1] 1.310950e-06 1.120252e-08 2.692038e-08
Algorithm converged after  6  iterations.
[1] 1.310950e-06 1.120252e-08 4.939221e-08
Algorithm converged after  6  iterations.
[1] 1.310950e-06 2.692038e-08 4.939221e-08
Algorithm converged after  6  iterations.
[1] 1.310950e-06 1.120252e-08 2.164494e-10 2.692038e-08
Algorithm converged after  7  iterations.
[1] 1.310950e-06 1.120252e-08 2.164494e-10 4.939221e-08
[1] 1.355353e-06 1.126392e-08 2.175927e-10 5.413673e-08
[1] 1.404304e-06 1.181936e-08 2.172193e-10 5.116632e-08
[1] 1.440319e-06 1.186935e-08 2.203157e-10 5.306853e-08
Algorithm converged after  31  iterations.
[1] 1.310950e-06 1.120252e-08 2.692038e-08 7.953985e-11
Algorithm converged after  8  iterations.
[1] 1.310950e-06 1.120252e-08 4.939221e-08 1.250038e-19
[1] 1.509719e-06 1.195046e-08 6.068506e-08 7.024743e-10
Algorithm converged after  15  iterations.
[1] 1.310950e-06 2.692038e-08 7.953985e-11 4.939221e-08
Algorithm converged after  7  iterations.
[1] 1.310950e-06 2.692038e-08 4.939221e-08 1.250038e-19
Algorithm converged after  8  iterations.
[1] 1.310950e-06 1.120252e-08 2.692038e-08 4.939221e-08
Algorithm converged after  7  iterations.
[1] 1.310950e-06 8.199697e-09
Algorithm converged after  2  iterations.
[1] 1.310950e-06 8.199697e-09 1.813800e-08
Algorithm converged after  9  iterations.
[1] 1.310950e-06 8.199697e-09 3.049389e-08
Algorithm converged after  8  iterations.
[1] 1.310950e-06 8.199697e-09 4.465108e-08
[1] 1.305864e-06 1.973223e-08 1.814880e-07
[1] 1.305880e-06 1.976372e-08 1.818775e-07
Algorithm converged after  24  iterations.
[1] 1.310950e-06 8.199697e-09 1.813800e-08 7.129998e-11
[1] 1.426382e-06 1.354465e-08 2.230540e-08 5.099397e-11
[1] 1.336158e-06 1.255432e-08 2.094734e-08 7.150288e-11
Algorithm converged after  30  iterations.
[1] 1.310950e-06 8.199697e-09 3.049389e-08 6.894769e-11
[1] 1.602818e-06 1.459718e-08 3.506907e-08 7.724130e-11
Algorithm converged after  17  iterations.
[1] 1.310950e-06 8.199697e-09 4.465108e-08 4.101009e-10
[1] 1.272205e-06 3.477302e-08 3.225855e-07 5.924759e-10
[1] 1.272294e-06 3.489003e-08 3.239590e-07 5.931547e-10
Algorithm converged after  26  iterations.
[1] 1.310950e-06 8.199697e-09 1.813800e-08 3.049389e-08
[1] 1.658111e-06 2.767748e-08 3.108117e-08 3.853723e-08
Algorithm converged after  12  iterations.
[1] 1.310950e-06 8.199697e-09 1.813800e-08 4.465108e-08
[1] 1.475497e-06 5.580945e-08 4.049699e-08 6.719188e-07
[1] 1.476914e-06 5.648883e-08 4.075047e-08 6.820487e-07
[1] 1.476929e-06 5.649611e-08 4.075318e-08 6.821573e-07
Algorithm converged after  31  iterations.
[1] 1.310950e-06 8.199697e-09 3.049389e-08 4.465108e-08
[1] 1.540562e-06 5.457528e-08 4.382679e-08 7.346405e-07
[1] 1.541688e-06 5.521592e-08 4.395306e-08 7.456218e-07
[1] 1.541700e-06 5.522286e-08 4.395442e-08 7.457409e-07
Algorithm converged after  31  iterations.
numeric(0)
Algorithm converged after  1  iterations.
[1] 1.574855e-08
Algorithm converged after  2  iterations.
[1] 3.655566e-08
Algorithm converged after  2  iterations.
[1] 1.054061e-07
Algorithm converged after  2  iterations.
[1] 1.574855e-08 3.290386e-09
Algorithm converged after  2  iterations.
[1] 3.655566e-08 2.194479e-08
Algorithm converged after  2  iterations.
[1] 1.054061e-07 1.041199e-09
Algorithm converged after  2  iterations.
[1] 1.574855e-08 3.655566e-08
Algorithm converged after  2  iterations.
[1] 1.574855e-08 1.054061e-07
Algorithm converged after  2  iterations.
[1] 3.655566e-08 1.054061e-07
Algorithm converged after  2  iterations.
[1] 1.574855e-08 3.290386e-09 3.655566e-08
Algorithm converged after  2  iterations.
[1] 1.574855e-08 3.290386e-09 1.054061e-07
Algorithm converged after  2  iterations.
[1] 1.574855e-08 3.655566e-08 2.194479e-08
Algorithm converged after  2  iterations.
[1] 1.574855e-08 1.054061e-07 1.041199e-09
Algorithm converged after  2  iterations.
[1] 3.655566e-08 2.194479e-08 1.054061e-07
Algorithm converged after  2  iterations.
[1] 3.655566e-08 1.054061e-07 1.041199e-09
Algorithm converged after  2  iterations.
[1] 1.574855e-08 3.655566e-08 1.054061e-07
Algorithm converged after  2  iterations.
[1] 1.574855e-08 3.290386e-09 3.655566e-08 2.194479e-08
Algorithm converged after  2  iterations.
[1] 1.574855e-08 3.290386e-09 1.054061e-07 1.041199e-09
Algorithm converged after  2  iterations.
[1] 3.655566e-08 2.194479e-08 1.054061e-07 1.041199e-09
Algorithm converged after  2  iterations.
[1] 1.574855e-08 3.290386e-09 3.655566e-08 1.054061e-07
Algorithm converged after  2  iterations.
[1] 1.574855e-08 3.655566e-08 2.194479e-08 1.054061e-07
Algorithm converged after  2  iterations.
[1] 1.574855e-08 3.655566e-08 1.054061e-07 1.041199e-09
Algorithm converged after  2  iterations.
[1] 1.400498e-06
Algorithm converged after  2  iterations.
[1] 1.400498e-06 6.118959e-09
Algorithm converged after  6  iterations.
[1] 1.400498e-06 2.876831e-08
Algorithm converged after  6  iterations.
[1] 1.400498e-06 6.810077e-08
Algorithm converged after  7  iterations.
[1] 1.400498e-06 6.118959e-09 4.800821e-10
Algorithm converged after  7  iterations.
[1] 1.400498e-06 2.876831e-08 2.825100e-10
[1] 1.592152e-06 3.074091e-08 2.840819e-10
Algorithm converged after  16  iterations.
[1] 1.400498e-06 6.810077e-08 3.364990e-15
[1] 1.522991e-06 9.058697e-08 8.391661e-10
[1] 1.423360e-06 9.640975e-08 4.087639e-15
[1] 1.332972e-06 8.908394e-08 7.257192e-10
[1] 1.447216e-06 1.024899e-07 7.821479e-10
Algorithm converged after  49  iterations.
[1] 1.400498e-06 6.118959e-09 2.876831e-08
Algorithm converged after  7  iterations.
[1] 1.400498e-06 6.118959e-09 6.810077e-08
Algorithm converged after  6  iterations.
[1] 1.400498e-06 2.876831e-08 6.810077e-08
Algorithm converged after  7  iterations.
[1] 1.400498e-06 6.118959e-09 4.800821e-10 2.876831e-08
Algorithm converged after  8  iterations.
[1] 1.400498e-06 6.118959e-09 4.800821e-10 6.810077e-08
Algorithm converged after  7  iterations.
[1] 1.400498e-06 6.118959e-09 2.876831e-08 2.825100e-10
[1] 1.903402e-06 8.096622e-09 3.411322e-08 3.997138e-16
[1] 1.912254e-06 8.132462e-09 3.419916e-08 3.045955e-10
[1] 1.812625e-06 7.705872e-09 3.307740e-08 2.960503e-10
Algorithm converged after  37  iterations.
[1] 1.400498e-06 6.118959e-09 6.810077e-08 3.364990e-15
[1] 1.717061e-06 7.172322e-09 8.986288e-08 2.243184e-15
[1] 1.706005e-06 7.131347e-09 8.988794e-08 8.745416e-10
Algorithm converged after  26  iterations.
[1] 1.400498e-06 2.876831e-08 2.825100e-10 6.810077e-08
[1] 1.727714e-06 3.218492e-08 2.950709e-10 8.534980e-08
[1] 1.716511e-06 3.193664e-08 3.018002e-10 8.938711e-08
Algorithm converged after  25  iterations.
[1] 1.400498e-06 2.876831e-08 6.810077e-08 3.364990e-15
[1] 1.656141e-06 3.136740e-08 8.218640e-08 8.526662e-10
[1] 1.761219e-06 3.228963e-08 9.061205e-08 8.966881e-10
[1] 1.740604e-06 3.208290e-08 8.933221e-08 8.945030e-10
Algorithm converged after  36  iterations.
[1] 1.400498e-06 6.118959e-09 2.876831e-08 6.810077e-08
Algorithm converged after  8  iterations.
[1] 1.400498e-06 7.466645e-09
Algorithm converged after  2  iterations.
[1] 1.400498e-06 7.466645e-09 7.982868e-09
Algorithm converged after  9  iterations.
[1] 1.400498e-06 7.466645e-09 3.082961e-08
Algorithm converged after  10  iterations.
[1] 1.400498e-06 7.466645e-09 3.581208e-08
[1] 1.373815e-06 1.815918e-08 1.799058e-07
[1] 1.373733e-06 1.824863e-08 1.812208e-07
Algorithm converged after  29  iterations.
[1] 1.400498e-06 7.466645e-09 7.982868e-09 2.230866e-10
Algorithm converged after  9  iterations.
[1] 1.400498e-06 7.466645e-09 3.082961e-08 3.180860e-10
Algorithm converged after  10  iterations.
[1] 1.400498e-06 7.466645e-09 3.581208e-08 1.800650e-10
[1] 1.377896e-06 1.945969e-08 1.894104e-07 3.206844e-15
[1] 1.306561e-06 2.742875e-08 3.128281e-07 4.232966e-19
[1] 1.347703e-06 2.278104e-08 2.438409e-07 1.104295e-17
[1] 1.371159e-06 2.347846e-08 2.548920e-07 1.430552e-10
[1] 1.301265e-06 2.862434e-08 3.317987e-07 1.834200e-10
[1] 1.301174e-06 2.897927e-08 3.374405e-07 1.845227e-10
[1] 1.301172e-06 2.898416e-08 3.375183e-07 1.845378e-10
Algorithm converged after  73  iterations.
[1] 1.400498e-06 7.466645e-09 7.982868e-09 3.082961e-08
[1] 1.975353e-06 3.300346e-08 1.417500e-08 4.553707e-08
Algorithm converged after  12  iterations.
[1] 1.400498e-06 7.466645e-09 7.982868e-09 3.581208e-08
[1] 1.639499e-06 5.277524e-08 1.442218e-08 6.651313e-07
[1] 1.641413e-06 5.389803e-08 1.453480e-08 6.837452e-07
[1] 1.641450e-06 5.392018e-08 1.453701e-08 6.841130e-07
Algorithm converged after  36  iterations.
[1] 1.400498e-06 7.466645e-09 3.082961e-08 3.581208e-08
[1] 1.731464e-06 9.485831e-08 5.765196e-08 1.580136e-06
[1] 1.740499e-06 1.002333e-07 5.874419e-08 1.686403e-06
[1] 1.740887e-06 1.004614e-07 5.879037e-08 1.690920e-06
[1] 1.740903e-06 1.004710e-07 5.879232e-08 1.691111e-06
Algorithm converged after  43  iterations.
Warning messages:
1: In max(abs(CT), na.rm = T) :
  no non-missing arguments to max; returning -Inf
2: In max(abs(CT), na.rm = T) :
  no non-missing arguments to max; returning -Inf
3: In max(abs(CT), na.rm = T) :
  no non-missing arguments to max; returning -Inf
4: In max(abs(CT), na.rm = T) :
  no non-missing arguments to max; returning -Inf
5: In max(abs(CT), na.rm = T) :
  no non-missing arguments to max; returning -Inf
6: In max(abs(CT), na.rm = T) :
  no non-missing arguments to max; returning -Inf
7: In max(abs(CT), na.rm = T) :
  no non-missing arguments to max; returning -Inf
8: In max(abs(CT), na.rm = T) :
  no non-missing arguments to max; returning -Inf
9: In max(abs(CT), na.rm = T) :
  no non-missing arguments to max; returning -Inf
10: In max(abs(CT), na.rm = T) :
  no non-missing arguments to max; returning -Inf
[1] "Best iter parameter is:"
     gam    rankJ   rankA1   rankA2   rankA3 
2.333333 1.000000 0.000000 1.000000 1.000000 
[1] 1.477447e-06 3.442984e-08 1.102342e-06
Algorithm converged after  9  iterations.
         [,1]    [,2]     [,3]
[1,] 7.822104 7.23213 58.72911
