
myseed=5545 
myseed=6320 
myseed=7005 
Loading required package: Matrix
myseed=7583 
myseed=9958 
myseed=1602 
myseed=5676 
Loading required package: Matrix
myseed=4608 
Loading required package: Matrix
Loading required package: Matrix
myseed=1050myseed=6270  

Loading required package: Matrix
Loading required package: Matrix
Loading required package: Matrix
Loading required package: Matrix
myseed=4953myseed=2125 
myseed=983  

Loading required package: Matrix
myseed=2234 
myseed=2391myseed=9287 Loading required package: Matrix
 

myseed=5865myseed=3224  

Loading required package: Matrix
Loading required package: Matrix
Loading required package: Matrix
Loading required package: Matrix
Loading required package: Matrix
Loading required package: Matrix
Loading required package: Matrix
Loading required package: Matrix
Loading required package: Matrix
Loading required package: Matrix
Loading required package: Matrix
Loading required package: foreach
Loaded glmnet 2.0-18


Attaching package: ‘pls’

The following object is masked from ‘package:stats’:

    loadings

Loading required package: foreach
Loading required package: foreach
Loading required package: foreach
Loaded glmnet 2.0-18


Attaching package: ‘pls’

The following object is masked from ‘package:stats’:

    loadings

Loaded glmnet 2.0-18

Loaded glmnet 2.0-18


Attaching package: ‘pls’

The following object is masked from ‘package:stats’:

    loadings

Loading required package: foreach

Attaching package: ‘pls’

The following object is masked from ‘package:stats’:

    loadings

Loading required package: foreach
Loading required package: foreach
Loaded glmnet 2.0-18


Attaching package: ‘pls’

The following object is masked from ‘package:stats’:

    loadings

Loaded glmnet 2.0-18

Loaded glmnet 2.0-18


Attaching package: ‘pls’

The following object is masked from ‘package:stats’:

    loadings


Attaching package: ‘pls’

The following object is masked from ‘package:stats’:

    loadings

[1] 0.002314378
[1] 0.00273382
[1] 0.003226056
[1] 0.002343995
[1] 0.002782413
[1] 0.003223267
[1] 0.001888942
[1] 0.003404113
Loading required package: foreach
Loading required package: foreach
[1] 0.002433553
[1] 0.002716121
Loaded glmnet 2.0-18

Loading required package: foreach

Attaching package: ‘pls’

The following object is masked from ‘package:stats’:

    loadings

[1] 0.002945104
[1] 0.002539692
[1] 0.003150196
[1] 0.003491693
Loaded glmnet 2.0-18

Loading required package: foreach

Attaching package: ‘pls’

Loaded glmnet 2.0-18

The following object is masked from ‘package:stats’:

    loadings


Attaching package: ‘pls’

The following object is masked from ‘package:stats’:

    loadings

Loaded glmnet 2.0-18

Loading required package: foreach
Loading required package: foreach

Attaching package: ‘pls’

The following object is masked from ‘package:stats’:

    loadings

Loading required package: foreach
Loaded glmnet 2.0-18


Attaching package: ‘pls’

The following object is masked from ‘package:stats’:

    loadings

Loaded glmnet 2.0-18

Loading required package: foreach

Attaching package: ‘pls’

The following object is masked from ‘package:stats’:

    loadings

Loaded glmnet 2.0-18


Attaching package: ‘pls’

The following object is masked from ‘package:stats’:

    loadings

Loading required package: foreach
Loading required package: foreach
Loaded glmnet 2.0-18


Attaching package: ‘pls’

The following object is masked from ‘package:stats’:

    loadings

Loading required package: foreach
Loading required package: foreach
Loaded glmnet 2.0-18

Loaded glmnet 2.0-18


Attaching package: ‘pls’

The following object is masked from ‘package:stats’:

    loadings


Attaching package: ‘pls’

The following object is masked from ‘package:stats’:

    loadings

Loaded glmnet 2.0-18

Loaded glmnet 2.0-18


Attaching package: ‘pls’

The following object is masked from ‘package:stats’:

    loadings

[1]
Attaching package: ‘pls’

 0.002655155The following object is masked from ‘package:stats’:

    loadings


[1] 0.002640885
Loading required package: foreach
[1] 0.003958826
[1] 0.002373712
[1] 0.002946165
[1] 0.002416793
Loading required package: foreach
Loaded glmnet 2.0-18

[1] 0.003713191
[1] 0.002501125

Attaching package: ‘pls’

The following object is masked from ‘package:stats’:

    loadings

[1] 0.004105821
[1] 0.002365103
Loaded glmnet 2.0-18


Attaching package: ‘pls’

The following object is masked from ‘package:stats’:

    loadings

[1] 0.003218598
[1] 0.002582174
[1] 0.00265999
[1] 0.002386439
[1] 0.002040466
[1] 0.001480441
[1] 0.002931101
[1] 0.00305946
[1] 0.003207329
[1] 0.003278372
[1] 0.002297378
[1] 0.003174384
[1] 0.002110266
[1] 0.002600411
[1] 0.002647124
[1] 0.00322016
[1] 0.00282076
[1] 0.001828363
