myseed=2234 

Attaching package: ‘pls’

The following object is masked from ‘package:stats’:

    loadings

Loading required package: lattice
Loading required package: ggplot2
Registered S3 methods overwritten by 'ggplot2':
  method         from 
  [.quosures     rlang
  c.quosures     rlang
  print.quosures rlang

Attaching package: ‘caret’

The following object is masked from ‘package:pls’:

    R2

Loading required package: Matrix
Loading required package: foreach
Loaded glmnet 2.0-18

Parsed with column specification:
cols(
  .default = col_double()
)
See spec(...) for full column specifications.
Parsed with column specification:
cols(
  X1 = col_double()
)
Parsed with column specification:
cols(
  X1 = col_double()
)
numeric(0)
Algorithm converged after  1  iterations.
[1] 7.709786e-12
Algorithm converged after  2  iterations.
[1] 2.390856e-12
Algorithm converged after  2  iterations.
[1] 8.351148e-10
Algorithm converged after  2  iterations.
[1] 7.709786e-12 6.844057e-13
Algorithm converged after  2  iterations.
[1] 2.390856e-12 3.116998e-13
Algorithm converged after  2  iterations.
[1] 8.351148e-10 1.062376e-11
Algorithm converged after  2  iterations.
[1] 7.709786e-12 2.390856e-12
Algorithm converged after  2  iterations.
[1] 7.709786e-12 8.351148e-10
Algorithm converged after  2  iterations.
[1] 2.390856e-12 8.351148e-10
Algorithm converged after  2  iterations.
[1] 7.709786e-12 6.844057e-13 2.390856e-12
Algorithm converged after  2  iterations.
[1] 7.709786e-12 6.844057e-13 8.351148e-10
Algorithm converged after  2  iterations.
[1] 7.709786e-12 2.390856e-12 3.116998e-13
Algorithm converged after  2  iterations.
[1] 7.709786e-12 8.351148e-10 1.062376e-11
Algorithm converged after  2  iterations.
[1] 2.390856e-12 3.116998e-13 8.351148e-10
Algorithm converged after  2  iterations.
[1] 2.390856e-12 8.351148e-10 1.062376e-11
Algorithm converged after  2  iterations.
[1] 7.709786e-12 2.390856e-12 8.351148e-10
Algorithm converged after  2  iterations.
[1] 7.709786e-12 6.844057e-13 2.390856e-12 3.116998e-13
Algorithm converged after  2  iterations.
[1] 7.709786e-12 6.844057e-13 8.351148e-10 1.062376e-11
Algorithm converged after  2  iterations.
[1] 2.390856e-12 3.116998e-13 8.351148e-10 1.062376e-11
Algorithm converged after  2  iterations.
[1] 7.709786e-12 6.844057e-13 2.390856e-12 8.351148e-10
Algorithm converged after  2  iterations.
[1] 7.709786e-12 2.390856e-12 3.116998e-13 8.351148e-10
Algorithm converged after  2  iterations.
[1] 7.709786e-12 2.390856e-12 8.351148e-10 1.062376e-11
Algorithm converged after  2  iterations.
[1] 5.645405e-09
Algorithm converged after  2  iterations.
[1] 5.645405e-09 7.625264e-12
Algorithm converged after  6  iterations.
[1] 5.645405e-09 3.210904e-12
Algorithm converged after  5  iterations.
[1] 5.645405e-09 6.763464e-11
[1] 2.151967e-08 1.215138e-10
Algorithm converged after  12  iterations.
[1] 5.645405e-09 7.625264e-12 1.593608e-25
[1] 8.636216e-09 8.134738e-12 4.963162e-36
[1] 8.389280e-09 8.097618e-12 1.362043e-15
Algorithm converged after  26  iterations.
[1] 5.645405e-09 3.210904e-12 1.692676e-16
Algorithm converged after  7  iterations.
[1] 5.645405e-09 6.763464e-11 1.240172e-17
[1] 2.504286e-08 1.317694e-10 6.157697e-15
Algorithm converged after  13  iterations.
[1] 5.645405e-09 7.625264e-12 3.210904e-12
Algorithm converged after  7  iterations.
[1] 5.645405e-09 7.625264e-12 6.763464e-11
[1] 3.046427e-08 1.069147e-11 1.477550e-10
Algorithm converged after  13  iterations.
[1] 5.645405e-09 3.210904e-12 6.763464e-11
[1] 2.472962e-08 4.249251e-12 1.315020e-10
Algorithm converged after  13  iterations.
[1] 5.645405e-09 7.625264e-12 1.593608e-25 3.210904e-12
[1] 1.121390e-08 8.525713e-12 1.372425e-15 3.585850e-12
Algorithm converged after  19  iterations.
[1] 5.645405e-09 7.625264e-12 1.593608e-25 6.763464e-11
[1] 3.250352e-08 1.089400e-11 1.496999e-15 1.534797e-10
Algorithm converged after  14  iterations.
[1] 5.645405e-09 7.625264e-12 3.210904e-12 1.692676e-16
[1] 1.031562e-08 8.399337e-12 3.534826e-12 4.822731e-18
[1] 1.034286e-08 8.404412e-12 3.536899e-12 4.936237e-18
Algorithm converged after  28  iterations.
[1] 5.645405e-09 7.625264e-12 6.763464e-11 1.240172e-17
[1] 3.372260e-08 1.100354e-11 1.567674e-10 6.439727e-15
Algorithm converged after  15  iterations.
[1] 5.645405e-09 3.210904e-12 1.692676e-16 6.763464e-11
[1] 2.514215e-08 4.271499e-12 1.746543e-16 1.328203e-10
Algorithm converged after  13  iterations.
[1] 5.645405e-09 3.210904e-12 6.763464e-11 1.240172e-17
[1] 2.792164e-08 4.386452e-12 1.407106e-10 6.214862e-15
Algorithm converged after  14  iterations.
[1] 5.645405e-09 7.625264e-12 3.210904e-12 6.763464e-11
[1] 3.470609e-08 1.109332e-11 4.655677e-12 1.594939e-10
Algorithm converged after  13  iterations.
[1] 5.645405e-09 7.924092e-10
Algorithm converged after  2  iterations.
[1] 5.645405e-09 7.924092e-10 1.575111e-15
Algorithm converged after  6  iterations.
[1] 5.645405e-09 7.924092e-10 3.449999e-15
Algorithm converged after  6  iterations.
[1] 5.645405e-09 7.924092e-10 8.654456e-15
Algorithm converged after  8  iterations.
[1] 5.645405e-09 7.924092e-10 1.575111e-15 4.949935e-17
Algorithm converged after  6  iterations.
[1] 5.645405e-09 7.924092e-10 3.449999e-15 1.598747e-24
[1] 8.590751e-10 1.853873e-12 1.480724e-12 5.188103e-15
[1] 8.590806e-10 1.848840e-12 1.480755e-12 5.188064e-15
Algorithm converged after  24  iterations.
[1] 5.645405e-09 7.924092e-10 8.654456e-15 8.741662e-16
Algorithm converged after  9  iterations.
[1] 5.645405e-09 7.924092e-10 1.575111e-15 3.449999e-15
Algorithm converged after  6  iterations.
[1] 5.645405e-09 7.924092e-10 1.575111e-15 8.654456e-15
Algorithm converged after  8  iterations.
[1] 5.645405e-09 7.924092e-10 3.449999e-15 8.654456e-15
Algorithm converged after  8  iterations.
numeric(0)
Algorithm converged after  1  iterations.
[1] 1.148657e-11
Algorithm converged after  2  iterations.
[1] 7.027647e-13
Algorithm converged after  2  iterations.
[1] 4.585784e-10
Algorithm converged after  2  iterations.
[1] 1.148657e-11 2.540630e-13
Algorithm converged after  2  iterations.
[1] 7.027647e-13 8.360396e-13
Algorithm converged after  2  iterations.
[1] 4.585784e-10 5.994578e-12
Algorithm converged after  2  iterations.
[1] 1.148657e-11 7.027647e-13
Algorithm converged after  2  iterations.
[1] 1.148657e-11 4.585784e-10
Algorithm converged after  2  iterations.
[1] 7.027647e-13 4.585784e-10
Algorithm converged after  2  iterations.
[1] 1.148657e-11 2.540630e-13 7.027647e-13
Algorithm converged after  2  iterations.
[1] 1.148657e-11 2.540630e-13 4.585784e-10
Algorithm converged after  2  iterations.
[1] 1.148657e-11 7.027647e-13 8.360396e-13
Algorithm converged after  2  iterations.
[1] 1.148657e-11 4.585784e-10 5.994578e-12
Algorithm converged after  2  iterations.
[1] 7.027647e-13 8.360396e-13 4.585784e-10
Algorithm converged after  2  iterations.
[1] 7.027647e-13 4.585784e-10 5.994578e-12
Algorithm converged after  2  iterations.
[1] 1.148657e-11 7.027647e-13 4.585784e-10
Algorithm converged after  2  iterations.
[1] 1.148657e-11 2.540630e-13 7.027647e-13 8.360396e-13
Algorithm converged after  2  iterations.
[1] 1.148657e-11 2.540630e-13 4.585784e-10 5.994578e-12
Algorithm converged after  2  iterations.
[1] 7.027647e-13 8.360396e-13 4.585784e-10 5.994578e-12
Algorithm converged after  2  iterations.
[1] 1.148657e-11 2.540630e-13 7.027647e-13 4.585784e-10
Algorithm converged after  2  iterations.
[1] 1.148657e-11 7.027647e-13 8.360396e-13 4.585784e-10
Algorithm converged after  2  iterations.
[1] 1.148657e-11 7.027647e-13 4.585784e-10 5.994578e-12
Algorithm converged after  2  iterations.
[1] 5.054086e-10
Algorithm converged after  2  iterations.
[1] 5.054086e-10 7.761470e-13
Algorithm converged after  6  iterations.
[1] 5.054086e-10 2.537970e-12
Algorithm converged after  6  iterations.
[1] 5.054086e-10 1.592430e-10
Algorithm converged after  6  iterations.
[1] 5.054086e-10 7.761470e-13 2.291623e-15
Algorithm converged after  6  iterations.
[1] 5.054086e-10 2.537970e-12 2.050156e-16
Algorithm converged after  7  iterations.
[1] 5.054086e-10 1.592430e-10 3.108217e-24
Algorithm converged after  6  iterations.
[1] 5.054086e-10 7.761470e-13 2.537970e-12
Algorithm converged after  7  iterations.
[1] 5.054086e-10 7.761470e-13 1.592430e-10
Algorithm converged after  6  iterations.
[1] 5.054086e-10 2.537970e-12 1.592430e-10
Algorithm converged after  7  iterations.
[1] 5.054086e-10 7.761470e-13 2.291623e-15 2.537970e-12
Algorithm converged after  8  iterations.
[1] 5.054086e-10 7.761470e-13 2.291623e-15 1.592430e-10
Algorithm converged after  7  iterations.
[1] 5.054086e-10 7.761470e-13 2.537970e-12 2.050156e-16
Algorithm converged after  7  iterations.
[1] 5.054086e-10 7.761470e-13 1.592430e-10 3.108217e-24
[1] 5.258567e-10 7.546120e-13 1.753855e-10 8.533821e-15
[1] 5.046961e-10 7.985125e-13 1.769411e-10 8.479844e-15
[1] 5.152259e-10 7.770076e-13 1.765915e-10 3.509364e-23
Algorithm converged after  37  iterations.
[1] 5.054086e-10 2.537970e-12 2.050156e-16 1.592430e-10
Algorithm converged after  8  iterations.
[1] 5.054086e-10 2.537970e-12 1.592430e-10 3.108217e-24
[1] 6.406036e-10 2.935443e-12 2.224212e-10 1.975450e-23
[1] 6.156066e-10 2.862789e-12 2.131933e-10 5.661522e-24
[1] 5.916756e-10 2.797313e-12 1.986039e-10 1.358605e-14
[1] 6.200956e-10 2.876214e-12 2.140224e-10 5.286191e-24
[1] 6.357707e-10 2.921635e-12 2.203121e-10 8.570207e-15
[1] 6.187583e-10 2.871707e-12 2.153173e-10 1.961884e-33
[1] 6.181018e-10 2.870450e-12 2.145048e-10 3.645889e-23
[1] 6.438977e-10 2.945724e-12 2.232428e-10 8.570631e-15
[1] 6.176802e-10 2.867896e-12 2.152996e-10 3.161900e-23
[1] 6.197431e-10 2.875730e-12 2.134391e-10 8.560573e-15
[1] 6.194359e-10 2.874028e-12 2.155826e-10 1.197810e-24
[1] 6.198763e-10 2.876436e-12 2.132871e-10 8.556711e-15
[1] 6.088227e-10 2.845431e-12 2.076471e-10 1.227993e-24
[1] 6.196627e-10 2.874262e-12 2.161345e-10 8.574080e-15
[1] 6.421263e-10 2.945283e-12 2.187129e-10 5.483309e-24
[1] 6.218451e-10 2.880882e-12 2.155386e-10 2.012181e-23
[1] 6.229440e-10 2.884049e-12 2.179837e-10 5.426287e-24
[1] 6.453114e-10 2.948536e-12 2.254566e-10 8.555463e-15
[1] 6.404179e-10 2.934600e-12 2.233251e-10 8.554151e-15
[1] 6.059857e-10 2.836781e-12 2.070220e-10 4.351844e-29
[1] 6.179569e-10 2.868325e-12 2.162657e-10 2.552063e-29
[1] 6.158641e-10 2.864660e-12 2.135553e-10 3.993999e-24
[1] 5.585575e-10 2.701674e-12 1.842245e-10 1.326238e-31
[1] 6.159494e-10 2.861719e-12 2.159298e-10 8.565651e-15
[1] 6.166304e-10 2.868569e-12 2.132719e-10 8.623211e-15
[1] 6.236523e-10 2.885545e-12 2.171367e-10 3.278202e-29
[1] 6.192187e-10 2.871115e-12 2.168781e-10 8.536801e-15
[1] 6.186835e-10 2.868604e-12 2.185644e-10 1.137230e-23
[1] 6.196886e-10 2.870758e-12 2.197170e-10 5.801821e-24
[1] 7.041828e-10 3.112137e-12 2.559398e-10 8.551517e-15
[1] 6.172144e-10 2.866689e-12 2.146272e-10 8.547388e-15
[1] 6.193797e-10 2.869734e-12 2.198940e-10 1.802646e-24
[1] 6.211110e-10 2.875187e-12 2.191690e-10 5.787713e-24
[1] 6.211927e-10 2.875318e-12 2.207765e-10 1.958604e-28
[1] 6.155427e-10 2.858618e-12 2.178697e-10 8.561486e-15
[1] 6.194275e-10 2.869122e-12 2.206777e-10 1.219379e-24
[1] 6.224127e-10 2.879750e-12 2.191042e-10 1.287051e-24
[1] 6.167450e-10 2.861492e-12 2.191222e-10 1.808908e-29
[1] 6.195244e-10 2.868887e-12 2.213484e-10 2.946140e-33
[1] 6.205654e-10 2.873130e-12 2.211642e-10 8.561680e-15
[1] 6.322635e-10 2.905792e-12 2.258510e-10 8.528182e-15
[1] 5.952654e-10 2.805877e-12 2.031821e-10 8.557975e-15
[1] 6.219049e-10 2.876843e-12 2.205493e-10 5.006770e-31
Algorithm converged after  440  iterations.
[1] 5.054086e-10 7.761470e-13 2.537970e-12 1.592430e-10
Algorithm converged after  8  iterations.
[1] 5.054086e-10 3.906530e-14
Algorithm converged after  2  iterations.
[1] 5.054086e-10 3.906530e-14 1.074426e-12
Algorithm converged after  10  iterations.
[1] 5.054086e-10 3.906530e-14 1.245008e-12
[1] 6.138467e-10 1.384844e-12 4.204285e-12
[1] 6.134128e-10 1.383291e-12 4.188676e-12
Algorithm converged after  21  iterations.
[1] 5.054086e-10 3.906530e-14 3.100924e-11
[1] 4.778968e-10 2.769874e-11 3.757826e-10
[1] 4.779706e-10 2.784724e-11 3.799905e-10
[1] 4.779703e-10 2.784662e-11 3.799437e-10
Algorithm converged after  31  iterations.
[1] 5.054086e-10 3.906530e-14 1.074426e-12 2.611132e-15
Algorithm converged after  10  iterations.
[1] 5.054086e-10 3.906530e-14 1.245008e-12 5.818291e-15
[1] 6.374598e-10 8.069801e-13 3.775455e-12 3.601515e-16
Algorithm converged after  14  iterations.
[1] 5.054086e-10 3.906530e-14 3.100924e-11 5.742860e-16
Algorithm converged after  10  iterations.
[1] 5.054086e-10 3.906530e-14 1.074426e-12 1.245008e-12
[1] 5.663257e-10 2.366925e-14 6.124166e-13 3.048589e-12
[1] 5.660324e-10 2.364779e-14 6.035934e-13 3.056536e-12
[1] 5.660312e-10 2.364777e-14 6.035403e-13 3.056592e-12
Algorithm converged after  31  iterations.
[1] 5.054086e-10 3.906530e-14 1.074426e-12 3.100924e-11
[1] 5.519155e-10 3.217061e-12 4.322520e-12 2.796866e-09
Algorithm converged after  20  iterations.
[1] 5.054086e-10 3.906530e-14 1.245008e-12 3.100924e-11
Algorithm converged after  9  iterations.
numeric(0)
Algorithm converged after  1  iterations.
[1] 4.02892e-12
Algorithm converged after  2  iterations.
[1] 3.445669e-13
Algorithm converged after  2  iterations.
[1] 7.252309e-10
Algorithm converged after  2  iterations.
[1] 4.028920e-12 3.454705e-13
Algorithm converged after  2  iterations.
[1] 3.445669e-13 2.245900e-13
Algorithm converged after  2  iterations.
[1] 7.252309e-10 7.408841e-12
Algorithm converged after  2  iterations.
[1] 4.028920e-12 3.445669e-13
Algorithm converged after  2  iterations.
[1] 4.028920e-12 7.252309e-10
Algorithm converged after  2  iterations.
[1] 3.445669e-13 7.252309e-10
Algorithm converged after  2  iterations.
[1] 4.028920e-12 3.454705e-13 3.445669e-13
Algorithm converged after  2  iterations.
[1] 4.028920e-12 3.454705e-13 7.252309e-10
Algorithm converged after  2  iterations.
[1] 4.028920e-12 3.445669e-13 2.245900e-13
Algorithm converged after  2  iterations.
[1] 4.028920e-12 7.252309e-10 7.408841e-12
Algorithm converged after  2  iterations.
[1] 3.445669e-13 2.245900e-13 7.252309e-10
Algorithm converged after  2  iterations.
[1] 3.445669e-13 7.252309e-10 7.408841e-12
Algorithm converged after  2  iterations.
[1] 4.028920e-12 3.445669e-13 7.252309e-10
Algorithm converged after  2  iterations.
[1] 4.028920e-12 3.454705e-13 3.445669e-13 2.245900e-13
Algorithm converged after  2  iterations.
[1] 4.028920e-12 3.454705e-13 7.252309e-10 7.408841e-12
Algorithm converged after  2  iterations.
[1] 3.445669e-13 2.245900e-13 7.252309e-10 7.408841e-12
Algorithm converged after  2  iterations.
[1] 4.028920e-12 3.454705e-13 3.445669e-13 7.252309e-10
Algorithm converged after  2  iterations.
[1] 4.028920e-12 3.445669e-13 2.245900e-13 7.252309e-10
Algorithm converged after  2  iterations.
[1] 4.028920e-12 3.445669e-13 7.252309e-10 7.408841e-12
Algorithm converged after  2  iterations.
[1] 4.828901e-09
Algorithm converged after  2  iterations.
[1] 4.828901e-09 4.066505e-12
Algorithm converged after  6  iterations.
[1] 4.828901e-09 1.182352e-12
Algorithm converged after  5  iterations.
[1] 4.828901e-09 2.829739e-11
[1] 1.576643e-08 4.421761e-11
Algorithm converged after  11  iterations.
[1] 4.828901e-09 4.066505e-12 1.820720e-15
Algorithm converged after  6  iterations.
[1] 4.828901e-09 1.182352e-12 2.935168e-33
[1] 5.131815e-09 1.200776e-12 2.087671e-24
[1] 5.860912e-09 1.234072e-12 6.476536e-16
[1] 5.131734e-09 1.200721e-12 3.635261e-24
[1] 5.632730e-09 1.222218e-12 6.724745e-16
Algorithm converged after  45  iterations.
[1] 4.828901e-09 2.829739e-11 2.924623e-27
[1] 1.973026e-08 4.942262e-11 2.108616e-14
Algorithm converged after  15  iterations.
[1] 4.828901e-09 4.066505e-12 1.182352e-12
Algorithm converged after  6  iterations.
[1] 4.828901e-09 4.066505e-12 2.829739e-11
[1] 2.021539e-08 5.302220e-12 4.979916e-11
Algorithm converged after  11  iterations.
[1] 4.828901e-09 1.182352e-12 2.829739e-11
[1] 1.802338e-08 1.699889e-12 4.705903e-11
Algorithm converged after  11  iterations.
[1] 4.828901e-09 4.066505e-12 1.820720e-15 1.182352e-12
Algorithm converged after  7  iterations.
[1] 4.828901e-09 4.066505e-12 1.820720e-15 2.829739e-11
[1] 2.128153e-08 5.376209e-12 1.914269e-15 5.113236e-11
Algorithm converged after  12  iterations.
[1] 4.828901e-09 4.066505e-12 1.182352e-12 2.935168e-33
[1] 7.082192e-09 4.304713e-12 1.292034e-12 6.717557e-16
[1] 7.048773e-09 4.302151e-12 1.290586e-12 6.738727e-16
Algorithm converged after  22  iterations.
[1] 4.828901e-09 4.066505e-12 2.829739e-11 2.924623e-27
[1] 2.439645e-08 5.558427e-12 5.473311e-11 2.229764e-14
[1] 2.399789e-08 5.532223e-12 5.429306e-11 2.183484e-14
[1] 2.114937e-08 5.363574e-12 5.107702e-11 2.124132e-14
[1] 2.401557e-08 5.539409e-12 5.441752e-11 2.526561e-28
[1] 2.388265e-08 5.523926e-12 5.424709e-11 2.149333e-14
Algorithm converged after  56  iterations.
[1] 4.828901e-09 1.182352e-12 2.935168e-33 2.829739e-11
[1] 1.715647e-08 1.670141e-12 5.302044e-16 4.602445e-11
[1] 1.800757e-08 1.698535e-12 5.189684e-16 4.710145e-11
[1] 1.769076e-08 1.688998e-12 1.146856e-23 4.675034e-11
[1] 1.822077e-08 1.706183e-12 5.144210e-16 4.741149e-11
[1] 1.712250e-08 1.671976e-12 5.292528e-16 4.614223e-11
[1] 1.616910e-08 1.637078e-12 5.399484e-16 4.493853e-11
[1] 1.697770e-08 1.668322e-12 2.297220e-29 4.600676e-11
[1] 1.699854e-08 1.668866e-12 5.234133e-16 4.605525e-11
[1] 1.712799e-08 1.673044e-12 6.650398e-25 4.624579e-11
[1] 1.694719e-08 1.667079e-12 5.290349e-16 4.606231e-11
[1] 1.695713e-08 1.667533e-12 5.301885e-16 4.609997e-11
Algorithm converged after  117  iterations.
[1] 4.828901e-09 1.182352e-12 2.829739e-11 2.924623e-27
[1] 2.178154e-08 1.820679e-12 5.160037e-11 2.108648e-14
Algorithm converged after  13  iterations.
[1] 4.828901e-09 4.066505e-12 1.182352e-12 2.829739e-11
[1] 2.301217e-08 5.474942e-12 1.856923e-12 5.307669e-11
Algorithm converged after  12  iterations.
[1] 4.828901e-09 4.800269e-10
Algorithm converged after  2  iterations.
[1] 4.828901e-09 4.800269e-10 2.085752e-15
Algorithm converged after  5  iterations.
[1] 4.828901e-09 4.800269e-10 7.061543e-16
Algorithm converged after  5  iterations.
[1] 4.828901e-09 4.800269e-10 2.405145e-14
Algorithm converged after  8  iterations.
[1] 4.828901e-09 4.800269e-10 2.085752e-15 1.830305e-16
Algorithm converged after  6  iterations.
[1] 4.828901e-09 4.800269e-10 7.061543e-16 9.496178e-24
[1] 5.770867e-10 4.166575e-12 2.938457e-12 3.361445e-16
[1] 6.276908e-10 3.895764e-12 3.028783e-12 3.207243e-34
[1] 5.874939e-10 4.035260e-12 2.988943e-12 1.006862e-25
[1] 5.599016e-10 3.950198e-12 2.949515e-12 9.748424e-17
[1] 5.731740e-10 4.042537e-12 3.010888e-12 9.729911e-17
[1] 6.057523e-10 3.820023e-12 3.073562e-12 1.100038e-16
[1] 6.219154e-10 3.951254e-12 3.143884e-12 3.853366e-29
[1] 6.057674e-10 3.858046e-12 3.118732e-12 1.014207e-29
[1] 5.726355e-10 4.004341e-12 3.086007e-12 1.028034e-16
[1] 6.080319e-10 3.958859e-12 3.167986e-12 1.043248e-24
[1] 6.030223e-10 3.915244e-12 3.165659e-12 1.865514e-29
[1] 5.789194e-10 4.182697e-12 3.175513e-12 2.947152e-16
[1] 5.840560e-10 4.224379e-12 3.225478e-12 1.029925e-16
[1] 6.263340e-10 4.106469e-12 3.310653e-12 8.009485e-25
[1] 5.994786e-10 3.899030e-12 3.255210e-12 8.963917e-26
[1] 5.804023e-10 4.090154e-12 3.251730e-12 6.345347e-27
[1] 5.997196e-10 3.832687e-12 3.286602e-12 4.173578e-30
[1] 5.750671e-10 4.241614e-12 3.300661e-12 8.003134e-25
[1] 5.838348e-10 4.225235e-12 3.332463e-12 1.036312e-16
[1] 6.236132e-10 4.112664e-12 3.423955e-12 2.929419e-16
[1] 5.937829e-10 3.842075e-12 3.350847e-12 1.045664e-16
[1] 6.043801e-10 4.023190e-12 3.396889e-12 4.139635e-27
[1] 5.724655e-10 4.168244e-12 3.361970e-12 1.125834e-16
[1] 5.685685e-10 4.185716e-12 3.368768e-12 5.698504e-24
[1] 5.762255e-10 4.126411e-12 3.393837e-12 2.781905e-16
[1] 5.671465e-10 3.849048e-12 3.356785e-12 1.001665e-16
[1] 6.254215e-10 4.137446e-12 3.530041e-12 1.069770e-16
[1] 6.234378e-10 4.108108e-12 3.530870e-12 1.089776e-16
[1] 5.679086e-10 3.991508e-12 3.411947e-12 1.026008e-16
[1] 5.870169e-10 3.962244e-12 3.463833e-12 1.059980e-16
[1] 6.013245e-10 3.954352e-12 3.508557e-12 1.247598e-16
[1] 5.615287e-10 3.934799e-12 3.431252e-12 8.205261e-26
[1] 5.725996e-10 4.158442e-12 3.516972e-12 1.037294e-16
[1] 6.271100e-10 4.138798e-12 3.634558e-12 1.039915e-16
[1] 5.876280e-10 4.117254e-12 3.547534e-12 1.052967e-16
[1] 5.726182e-10 4.118850e-12 3.542523e-12 1.046414e-16
[1] 6.273682e-10 4.134906e-12 3.664212e-12 1.057073e-16
[1] 6.238379e-10 4.073842e-12 3.661302e-12 1.265236e-16
[1] 6.271951e-10 4.144657e-12 3.686059e-12 1.117490e-16
[1] 5.732874e-10 4.055923e-12 3.582890e-12 1.102595e-16
[1] 5.785651e-10 3.856899e-12 3.569139e-12 1.213116e-16
[1] 6.006678e-10 3.921107e-12 3.635368e-12 1.273367e-16
[1] 5.741719e-10 3.782250e-12 3.577370e-12 4.547636e-31
[1] 6.228680e-10 4.017351e-12 3.726252e-12 2.491686e-31
[1] 5.541866e-10 3.834816e-12 3.572374e-12 1.023329e-16
[1] 5.677479e-10 4.000376e-12 3.631637e-12 1.021476e-16
[1] 6.266659e-10 4.072326e-12 3.775078e-12 2.591526e-16
[1] 5.634185e-10 3.864836e-12 3.620471e-12 1.182469e-16
[1] 6.225562e-10 3.959135e-12 3.779037e-12 2.931291e-32
Algorithm did not converge after  500  iterations.
[1] 4.828901e-09 4.800269e-10 2.405145e-14 1.134627e-14
Algorithm converged after  10  iterations.
[1] 4.828901e-09 4.800269e-10 2.085752e-15 7.061543e-16
Algorithm converged after  5  iterations.
[1] 4.828901e-09 4.800269e-10 2.085752e-15 2.405145e-14
Algorithm converged after  8  iterations.
[1] 4.828901e-09 4.800269e-10 7.061543e-16 2.405145e-14
Algorithm converged after  8  iterations.
numeric(0)
Algorithm converged after  1  iterations.
[1] 3.853543e-12
Algorithm converged after  2  iterations.
[1] 5.820495e-13
Algorithm converged after  2  iterations.
[1] 1.258486e-10
Algorithm converged after  2  iterations.
[1] 3.853543e-12 3.725657e-13
Algorithm converged after  2  iterations.
[1] 5.820495e-13 3.608311e-13
Algorithm converged after  2  iterations.
[1] 1.258486e-10 1.069809e-11
Algorithm converged after  2  iterations.
[1] 3.853543e-12 5.820495e-13
Algorithm converged after  2  iterations.
[1] 3.853543e-12 1.258486e-10
Algorithm converged after  2  iterations.
[1] 5.820495e-13 1.258486e-10
Algorithm converged after  2  iterations.
[1] 3.853543e-12 3.725657e-13 5.820495e-13
Algorithm converged after  2  iterations.
[1] 3.853543e-12 3.725657e-13 1.258486e-10
Algorithm converged after  2  iterations.
[1] 3.853543e-12 5.820495e-13 3.608311e-13
Algorithm converged after  2  iterations.
[1] 3.853543e-12 1.258486e-10 1.069809e-11
Algorithm converged after  2  iterations.
[1] 5.820495e-13 3.608311e-13 1.258486e-10
Algorithm converged after  2  iterations.
[1] 5.820495e-13 1.258486e-10 1.069809e-11
Algorithm converged after  2  iterations.
[1] 3.853543e-12 5.820495e-13 1.258486e-10
Algorithm converged after  2  iterations.
[1] 3.853543e-12 3.725657e-13 5.820495e-13 3.608311e-13
Algorithm converged after  2  iterations.
[1] 3.853543e-12 3.725657e-13 1.258486e-10 1.069809e-11
Algorithm converged after  2  iterations.
[1] 5.820495e-13 3.608311e-13 1.258486e-10 1.069809e-11
Algorithm converged after  2  iterations.
[1] 3.853543e-12 3.725657e-13 5.820495e-13 1.258486e-10
Algorithm converged after  2  iterations.
[1] 3.853543e-12 5.820495e-13 3.608311e-13 1.258486e-10
Algorithm converged after  2  iterations.
[1] 3.853543e-12 5.820495e-13 1.258486e-10 1.069809e-11
Algorithm converged after  2  iterations.
[1] 4.955951e-10
Algorithm converged after  2  iterations.
[1] 4.955951e-10 1.340952e-12
Algorithm converged after  5  iterations.
[1] 4.955951e-10 3.315144e-12
Algorithm converged after  6  iterations.
[1] 4.955951e-10 2.092915e-10
Algorithm converged after  5  iterations.
[1] 4.955951e-10 1.340952e-12 2.569419e-15
Algorithm converged after  6  iterations.
[1] 4.955951e-10 3.315144e-12 5.771669e-15
[1] 5.982569e-10 3.618082e-12 5.929438e-15
[1] 5.942323e-10 3.617237e-12 1.036553e-28
[1] 6.011953e-10 3.625346e-12 6.078403e-15
[1] 5.915060e-10 3.609533e-12 7.359725e-29
[1] 5.992554e-10 3.634571e-12 1.631610e-17
[1] 5.938209e-10 3.616583e-12 1.765704e-29
[1] 6.231823e-10 3.698790e-12 1.186341e-23
[1] 5.795803e-10 3.573007e-12 6.257427e-25
[1] 6.003713e-10 3.636724e-12 5.884243e-15
Algorithm converged after  91  iterations.
[1] 4.955951e-10 2.092915e-10 5.050825e-15
Algorithm converged after  6  iterations.
[1] 4.955951e-10 1.340952e-12 3.315144e-12
Algorithm converged after  7  iterations.
[1] 4.955951e-10 1.340952e-12 2.092915e-10
Algorithm converged after  6  iterations.
[1] 4.955951e-10 3.315144e-12 2.092915e-10
Algorithm converged after  7  iterations.
[1] 4.955951e-10 1.340952e-12 2.569419e-15 3.315144e-12
Algorithm converged after  7  iterations.
[1] 4.955951e-10 1.340952e-12 2.569419e-15 2.092915e-10
Algorithm converged after  6  iterations.
[1] 4.955951e-10 1.340952e-12 3.315144e-12 5.771669e-15
[1] 6.344498e-10 1.691121e-12 3.748033e-12 5.828388e-15
[1] 6.156579e-10 1.637568e-12 3.684693e-12 8.993755e-27
[1] 6.333913e-10 1.679090e-12 3.736505e-12 2.908693e-21
[1] 6.781407e-10 1.772707e-12 3.853905e-12 2.060258e-27
[1] 6.326780e-10 1.683194e-12 3.743262e-12 5.718084e-15
[1] 5.738939e-10 1.535842e-12 3.559187e-12 5.364869e-30
[1] 6.361495e-10 1.669221e-12 3.730454e-12 6.064107e-15
[1] 6.519638e-10 1.713436e-12 3.783587e-12 9.807950e-30
[1] 6.530953e-10 1.721844e-12 3.793283e-12 1.489648e-17
[1] 5.780912e-10 1.543463e-12 3.571491e-12 5.793773e-15
[1] 6.221854e-10 1.651352e-12 3.706138e-12 4.548721e-27
[1] 6.219760e-10 1.650955e-12 3.705746e-12 9.619877e-28
[1] 6.264407e-10 1.657068e-12 3.716198e-12 5.821034e-15
[1] 6.720706e-10 1.753532e-12 3.837614e-12 5.934130e-15
[1] 6.329939e-10 1.669766e-12 3.733309e-12 5.910421e-15
[1] 6.416801e-10 1.693039e-12 3.761634e-12 1.216318e-28
[1] 5.902082e-10 1.573213e-12 3.612106e-12 2.209040e-21
[1] 6.181286e-10 1.638185e-12 3.694035e-12 3.036122e-34
[1] 5.780203e-10 1.538792e-12 3.570968e-12 5.781742e-15
[1] 5.654725e-10 1.492146e-12 3.515428e-12 5.930768e-15
[1] 6.727796e-10 1.749214e-12 3.839533e-12 2.341783e-19
[1] 5.558295e-10 1.465151e-12 3.485223e-12 1.113642e-28
[1] 6.151951e-10 1.624303e-12 3.683730e-12 8.459301e-31
[1] 6.350968e-10 1.655148e-12 3.727133e-12 6.018123e-15
[1] 5.724714e-10 1.512940e-12 3.546381e-12 5.825687e-15
[1] 6.329596e-10 1.663985e-12 3.735343e-12 8.918652e-17
[1] 6.245408e-10 1.642217e-12 3.709240e-12 1.326364e-28
[1] 6.320610e-10 1.658180e-12 3.729705e-12 1.631779e-23
[1] 6.503296e-10 1.699930e-12 3.783051e-12 5.832118e-15
[1] 5.616271e-10 1.483369e-12 3.511501e-12 1.294787e-28
[1] 5.781668e-10 1.528838e-12 3.569019e-12 4.663351e-28
[1] 6.325824e-10 1.655752e-12 3.729983e-12 5.889543e-15
[1] 6.245187e-10 1.641958e-12 3.711489e-12 1.596095e-24
[1] 6.326876e-10 1.650016e-12 3.725164e-12 1.149078e-17
[1] 6.133510e-10 1.609529e-12 3.675240e-12 5.782624e-15
[1] 6.738270e-10 1.741535e-12 3.842385e-12 5.895889e-15
[1] 6.305745e-10 1.651292e-12 3.729664e-12 8.109097e-31
[1] 5.820495e-10 1.530534e-12 3.578677e-12 1.148283e-30
[1] 6.625833e-10 1.716153e-12 3.813512e-12 6.492490e-24
[1] 6.368420e-10 1.662510e-12 3.746387e-12 6.287071e-32
[1] 5.833476e-10 1.530405e-12 3.581333e-12 5.778921e-15
[1] 6.213475e-10 1.620096e-12 3.696215e-12 5.790163e-15
[1] 6.319146e-10 1.643441e-12 3.726360e-12 5.870173e-15
[1] 6.701696e-10 1.726453e-12 3.831730e-12 2.375413e-32
[1] 6.477661e-10 1.673819e-12 3.767889e-12 5.844993e-15
[1] 6.085497e-10 1.584419e-12 3.655750e-12 5.788381e-15
[1] 6.113065e-10 1.591130e-12 3.665704e-12 3.136748e-25
[1] 6.326474e-10 1.644843e-12 3.732803e-12 5.807197e-15
[1] 6.325396e-10 1.643236e-12 3.731347e-12 1.724245e-17
Algorithm did not converge after  500  iterations.
[1] 4.955951e-10 1.340952e-12 2.092915e-10 5.050825e-15
Algorithm converged after  6  iterations.
[1] 4.955951e-10 3.315144e-12 5.771669e-15 2.092915e-10
[1] 6.418642e-10 3.748380e-12 5.977155e-15 2.753552e-10
[1] 6.191145e-10 3.690338e-12 1.409129e-32 2.633628e-10
[1] 6.593450e-10 3.798022e-12 6.001933e-15 2.835824e-10
[1] 6.217901e-10 3.700728e-12 5.903745e-15 2.652756e-10
[1] 6.163588e-10 3.683499e-12 3.625800e-18 2.643871e-10
Algorithm converged after  56  iterations.
[1] 4.955951e-10 3.315144e-12 2.092915e-10 5.050825e-15
[1] 6.055729e-10 3.652509e-12 2.632490e-10 4.974383e-15
Algorithm converged after  12  iterations.
[1] 4.955951e-10 1.340952e-12 3.315144e-12 2.092915e-10
Algorithm converged after  7  iterations.
[1] 4.955951e-10 3.000584e-23
Algorithm converged after  2  iterations.
[1] 4.955951e-10 3.000584e-23 1.531957e-12
Algorithm converged after  8  iterations.
[1] 4.955951e-10 3.000584e-23 2.355646e-12
Algorithm converged after  8  iterations.
[1] 4.955951e-10 3.000584e-23 1.757323e-10
Algorithm converged after  9  iterations.
[1] 4.955951e-10 3.000584e-23 1.531957e-12 2.224834e-15
Algorithm converged after  9  iterations.
[1] 4.955951e-10 3.000584e-23 2.355646e-12 8.449016e-17
[1] 6.048050e-10 7.810209e-15 3.651386e-12 4.461378e-24
[1] 6.842015e-10 8.685621e-13 4.538114e-12 1.775694e-16
Algorithm converged after  28  iterations.
[1] 4.955951e-10 3.000584e-23 1.757323e-10 3.923078e-15
[1] 5.112028e-10 2.502572e-22 4.226060e-10 4.738203e-15
[1] 5.189424e-10 8.150474e-13 6.027252e-10 6.568324e-15
Algorithm converged after  23  iterations.
[1] 4.955951e-10 3.000584e-23 1.531957e-12 2.355646e-12
[1] 6.594037e-10 4.910334e-13 5.180615e-12 4.930639e-12
Algorithm converged after  11  iterations.
[1] 4.955951e-10 3.000584e-23 1.531957e-12 1.757323e-10
[1] 5.487738e-10 2.086392e-14 1.156840e-12 5.771405e-10
Algorithm converged after  13  iterations.
[1] 4.955951e-10 3.000584e-23 2.355646e-12 1.757323e-10
Algorithm converged after  8  iterations.
numeric(0)
Algorithm converged after  1  iterations.
[1] 7.065039e-12
Algorithm converged after  2  iterations.
[1] 2.934684e-12
Algorithm converged after  2  iterations.
[1] 4.480662e-10
Algorithm converged after  2  iterations.
[1] 7.065039e-12 4.490840e-13
Algorithm converged after  2  iterations.
[1] 2.934684e-12 4.087583e-13
Algorithm converged after  2  iterations.
[1] 4.480662e-10 8.674075e-12
Algorithm converged after  2  iterations.
[1] 7.065039e-12 2.934684e-12
Algorithm converged after  2  iterations.
[1] 7.065039e-12 4.480662e-10
Algorithm converged after  2  iterations.
[1] 2.934684e-12 4.480662e-10
Algorithm converged after  2  iterations.
[1] 7.065039e-12 4.490840e-13 2.934684e-12
Algorithm converged after  2  iterations.
[1] 7.065039e-12 4.490840e-13 4.480662e-10
Algorithm converged after  2  iterations.
[1] 7.065039e-12 2.934684e-12 4.087583e-13
Algorithm converged after  2  iterations.
[1] 7.065039e-12 4.480662e-10 8.674075e-12
Algorithm converged after  2  iterations.
[1] 2.934684e-12 4.087583e-13 4.480662e-10
Algorithm converged after  2  iterations.
[1] 2.934684e-12 4.480662e-10 8.674075e-12
Algorithm converged after  2  iterations.
[1] 7.065039e-12 2.934684e-12 4.480662e-10
Algorithm converged after  2  iterations.
[1] 7.065039e-12 4.490840e-13 2.934684e-12 4.087583e-13
Algorithm converged after  2  iterations.
[1] 7.065039e-12 4.490840e-13 4.480662e-10 8.674075e-12
Algorithm converged after  2  iterations.
[1] 2.934684e-12 4.087583e-13 4.480662e-10 8.674075e-12
Algorithm converged after  2  iterations.
[1] 7.065039e-12 4.490840e-13 2.934684e-12 4.480662e-10
Algorithm converged after  2  iterations.
[1] 7.065039e-12 2.934684e-12 4.087583e-13 4.480662e-10
Algorithm converged after  2  iterations.
[1] 7.065039e-12 2.934684e-12 4.480662e-10 8.674075e-12
Algorithm converged after  2  iterations.
[1] 5.850136e-10
Algorithm converged after  2  iterations.
[1] 5.850136e-10 3.267616e-15
Algorithm converged after  6  iterations.
[1] 5.850136e-10 1.922646e-12
Algorithm converged after  6  iterations.
[1] 5.850136e-10 2.245966e-10
Algorithm converged after  5  iterations.
[1] 5.850136e-10 3.267616e-15 3.643675e-26
Algorithm converged after  7  iterations.
[1] 5.850136e-10 1.922646e-12 2.116644e-16
Algorithm converged after  7  iterations.
[1] 5.850136e-10 2.245966e-10 1.407611e-14
[1] 6.482985e-10 2.764275e-10 1.468130e-14
[1] 6.506525e-10 2.779560e-10 4.155829e-24
[1] 6.475031e-10 2.852123e-10 1.465438e-14
[1] 6.460143e-10 2.691937e-10 1.498910e-14
[1] 6.522590e-10 2.926423e-10 2.985431e-24
[1] 5.986732e-10 2.576711e-10 1.415326e-14
[1] 6.475852e-10 2.884020e-10 2.238931e-32
[1] 6.475982e-10 2.981826e-10 1.271622e-29
[1] 5.916907e-10 2.604676e-10 1.409077e-14
[1] 5.623499e-10 2.514878e-10 1.377769e-14
[1] 6.147920e-10 2.743075e-10 1.680466e-15
[1] 5.702543e-10 2.558275e-10 1.387998e-14
[1] 6.546703e-10 3.164529e-10 1.471445e-14
[1] 6.505746e-10 3.124996e-10 3.053034e-24
[1] 6.402795e-10 3.005552e-10 1.452599e-14
[1] 6.098882e-10 2.871837e-10 1.422699e-14
[1] 5.660064e-10 2.603050e-10 8.960218e-31
[1] 6.537895e-10 3.205441e-10 3.036239e-24
[1] 6.520908e-10 3.247466e-10 2.667203e-24
[1] 6.464010e-10 3.167954e-10 6.796886e-24
[1] 6.539682e-10 3.329907e-10 3.031363e-30
[1] 6.271338e-10 3.120219e-10 1.438346e-14
[1] 6.566198e-10 3.374759e-10 1.475770e-14
[1] 6.551904e-10 3.353035e-10 1.363451e-25
[1] 5.643626e-10 2.784178e-10 1.379173e-14
[1] 6.514269e-10 3.236943e-10 1.648534e-28
[1] 6.557373e-10 3.450429e-10 1.474994e-14
[1] 6.474547e-10 3.171643e-10 1.523652e-14
Algorithm converged after  284  iterations.
[1] 5.850136e-10 3.267616e-15 1.922646e-12
Algorithm converged after  7  iterations.
[1] 5.850136e-10 3.267616e-15 2.245966e-10
Algorithm converged after  6  iterations.
[1] 5.850136e-10 1.922646e-12 2.245966e-10
Algorithm converged after  7  iterations.
[1] 5.850136e-10 3.267616e-15 3.643675e-26 1.922646e-12
Algorithm converged after  8  iterations.
[1] 5.850136e-10 3.267616e-15 3.643675e-26 2.245966e-10
Algorithm converged after  7  iterations.
[1] 5.850136e-10 3.267616e-15 1.922646e-12 2.116644e-16
Algorithm converged after  8  iterations.
[1] 5.850136e-10 3.267616e-15 2.245966e-10 1.407611e-14
[1] 5.799846e-10 9.730656e-27 2.274630e-10 6.536885e-24
[1] 6.295239e-10 9.164511e-13 2.570071e-10 1.429162e-14
[1] 6.820568e-10 9.773296e-13 2.930652e-10 7.083920e-24
[1] 6.794694e-10 9.737922e-13 2.827061e-10 8.002216e-24
[1] 6.271906e-10 9.053317e-13 2.584136e-10 8.532923e-24
[1] 5.787466e-10 8.332543e-13 2.392169e-10 1.382067e-14
[1] 6.683352e-10 9.602860e-13 2.885292e-10 1.462029e-14
[1] 6.140950e-10 3.304103e-15 2.644285e-10 1.409619e-14
[1] 5.248291e-10 2.677984e-13 2.238261e-10 5.003348e-15
[1] 6.312361e-10 9.007569e-13 2.812449e-10 3.431092e-24
[1] 6.754594e-10 9.624726e-13 3.096918e-10 1.456526e-14
[1] 6.796101e-10 9.548935e-13 3.136204e-10 4.537503e-24
[1] 6.940276e-10 9.834908e-13 3.250587e-10 1.480631e-14
[1] 6.444188e-10 9.394982e-13 2.785390e-10 1.424350e-14
[1] 5.827702e-10 2.421299e-13 2.595968e-10 1.372762e-14
[1] 6.375811e-10 8.924788e-13 2.968296e-10 1.424266e-14
[1] 6.332514e-10 2.283946e-13 2.999072e-10 5.316600e-25
Algorithm converged after  179  iterations.
[1] 5.850136e-10 1.922646e-12 2.116644e-16 2.245966e-10
Algorithm converged after  8  iterations.
[1] 5.850136e-10 1.922646e-12 2.245966e-10 1.407611e-14
[1] 7.007600e-10 2.185641e-12 2.681133e-10 5.091717e-24
[1] 6.808719e-10 2.140467e-12 2.778889e-10 5.736804e-24
[1] 7.416782e-10 2.267368e-12 3.091924e-10 1.541836e-14
[1] 7.481770e-10 2.281445e-12 3.130187e-10 1.547218e-14
[1] 6.960126e-10 2.172391e-12 2.772136e-10 1.361607e-24
[1] 6.638784e-10 2.101266e-12 2.668023e-10 9.552267e-30
[1] 7.404462e-10 2.262133e-12 3.114993e-10 1.541663e-14
[1] 7.132966e-10 2.207380e-12 2.928496e-10 7.012681e-24
[1] 7.217814e-10 2.224817e-12 3.009456e-10 2.932068e-24
[1] 7.487068e-10 2.279547e-12 3.201032e-10 7.009323e-24
[1] 7.170531e-10 2.213190e-12 2.995285e-10 1.036182e-29
[1] 7.385458e-10 2.254984e-12 3.177143e-10 5.007309e-24
[1] 7.480609e-10 2.274670e-12 3.230329e-10 4.975488e-24
[1] 6.493237e-10 2.064033e-12 2.694243e-10 7.603838e-24
[1] 7.396443e-10 2.242614e-12 3.070840e-10 1.573406e-14
Algorithm converged after  156  iterations.
[1] 5.850136e-10 3.267616e-15 1.922646e-12 2.245966e-10
Algorithm converged after  8  iterations.
[1] 5.850136e-10 5.920715e-30
Algorithm converged after  2  iterations.
[1] 5.850136e-10 5.920715e-30 3.267115e-15
[1] 6.332431e-10 1.105795e-11 2.446646e-12
Algorithm converged after  11  iterations.
[1] 5.850136e-10 5.920715e-30 1.921491e-12
Algorithm converged after  7  iterations.
[1] 5.850136e-10 5.920715e-30 2.242087e-10
Algorithm converged after  10  iterations.
[1] 5.850136e-10 5.920715e-30 3.267115e-15 2.687373e-25
[1] 6.433083e-10 2.436947e-25 1.052344e-12 3.374433e-15
[1] 6.311145e-10 2.744765e-14 9.772568e-13 3.365450e-15
[1] 6.305701e-10 2.784484e-14 9.595681e-13 3.364118e-15
[1] 6.306986e-10 2.762202e-14 9.606981e-13 3.364051e-15
[1] 6.308814e-10 2.742698e-14 9.654548e-13 3.364245e-15
[1] 6.307222e-10 2.748272e-14 9.598233e-13 3.363747e-15
[1] 6.305753e-10 2.747834e-14 9.552517e-13 3.363314e-15
[1] 6.304749e-10 2.751528e-14 9.480038e-13 3.362794e-15
[1] 6.304911e-10 2.747719e-14 9.529266e-13 3.363071e-15
[1] 6.305551e-10 2.737603e-14 9.508489e-13 3.362861e-15
[1] 6.305284e-10 2.741664e-14 9.577053e-13 3.363349e-15
[1] 6.305573e-10 2.736376e-14 9.537391e-13 3.363044e-15
[1] 6.305362e-10 2.732575e-14 9.545614e-13 3.363024e-15
[1] 6.305364e-10 2.732841e-14 9.561852e-13 3.363137e-15
[1] 6.306189e-10 2.727157e-14 9.575556e-13 3.363218e-15
[1] 6.305321e-10 2.731403e-14 9.554828e-13 3.363068e-15
[1] 6.305762e-10 2.725512e-14 9.569891e-13 3.363145e-15
[1] 6.305197e-10 2.730047e-14 9.540776e-13 3.362940e-15
[1] 6.304563e-10 2.721641e-14 9.882171e-13 3.365429e-15
[1] 6.305306e-10 2.724650e-14 9.558508e-13 3.362999e-15
[1] 6.305303e-10 2.724670e-14 9.558645e-13 3.363000e-15
Algorithm converged after  212  iterations.
[1] 5.850136e-10 5.920715e-30 1.921491e-12 2.116319e-16
[1] 6.779712e-10 5.894812e-13 2.501860e-12 4.787045e-17
[1] 7.136782e-10 6.376493e-13 2.585312e-12 4.331030e-17
[1] 6.535576e-10 8.339948e-13 2.535260e-12 5.241798e-17
[1] 7.121241e-10 6.157737e-13 2.600743e-12 6.751684e-18
Algorithm converged after  43  iterations.
[1] 5.850136e-10 5.920715e-30 2.242087e-10 6.240549e-24
[1] 6.146608e-10 1.148617e-12 1.425239e-09 6.944396e-15
Algorithm converged after  12  iterations.
[1] 5.850136e-10 5.920715e-30 3.267115e-15 1.921491e-12
[1] 7.412329e-10 2.296699e-13 3.466753e-12 3.065559e-12
[1] 7.412453e-10 2.296795e-13 3.466318e-12 3.065191e-12
Algorithm converged after  24  iterations.
[1] 5.850136e-10 5.920715e-30 3.267115e-15 2.242087e-10
[1] 6.425923e-10 1.368347e-12 5.625351e-12 4.173576e-09
[1] 6.424577e-10 1.367191e-12 5.622522e-12 4.167467e-09
Algorithm converged after  26  iterations.
[1] 5.850136e-10 5.920715e-30 1.921491e-12 2.242087e-10
Algorithm converged after  8  iterations.
numeric(0)
Algorithm converged after  1  iterations.
[1] 7.005914e-12
Algorithm converged after  2  iterations.
[1] 7.183304e-13
Algorithm converged after  2  iterations.
[1] 1.474205e-10
Algorithm converged after  2  iterations.
[1] 7.005914e-12 8.935322e-13
Algorithm converged after  2  iterations.
[1] 7.183304e-13 7.211731e-13
Algorithm converged after  2  iterations.
[1] 1.474205e-10 7.982448e-12
Algorithm converged after  2  iterations.
[1] 7.005914e-12 7.183304e-13
Algorithm converged after  2  iterations.
[1] 7.005914e-12 1.474205e-10
Algorithm converged after  2  iterations.
[1] 7.183304e-13 1.474205e-10
Algorithm converged after  2  iterations.
[1] 7.005914e-12 8.935322e-13 7.183304e-13
Algorithm converged after  2  iterations.
[1] 7.005914e-12 8.935322e-13 1.474205e-10
Algorithm converged after  2  iterations.
[1] 7.005914e-12 7.183304e-13 7.211731e-13
Algorithm converged after  2  iterations.
[1] 7.005914e-12 1.474205e-10 7.982448e-12
Algorithm converged after  2  iterations.
[1] 7.183304e-13 7.211731e-13 1.474205e-10
Algorithm converged after  2  iterations.
[1] 7.183304e-13 1.474205e-10 7.982448e-12
Algorithm converged after  2  iterations.
[1] 7.005914e-12 7.183304e-13 1.474205e-10
Algorithm converged after  2  iterations.
[1] 7.005914e-12 8.935322e-13 7.183304e-13 7.211731e-13
Algorithm converged after  2  iterations.
[1] 7.005914e-12 8.935322e-13 1.474205e-10 7.982448e-12
Algorithm converged after  2  iterations.
[1] 7.183304e-13 7.211731e-13 1.474205e-10 7.982448e-12
Algorithm converged after  2  iterations.
[1] 7.005914e-12 8.935322e-13 7.183304e-13 1.474205e-10
Algorithm converged after  2  iterations.
[1] 7.005914e-12 7.183304e-13 7.211731e-13 1.474205e-10
Algorithm converged after  2  iterations.
[1] 7.005914e-12 7.183304e-13 1.474205e-10 7.982448e-12
Algorithm converged after  2  iterations.
[1] 5.260504e-10
Algorithm converged after  2  iterations.
[1] 5.260504e-10 7.985916e-13
Algorithm converged after  6  iterations.
[1] 5.260504e-10 1.898870e-12
Algorithm converged after  6  iterations.
[1] 5.260504e-10 5.201515e-10
Algorithm converged after  6  iterations.
[1] 5.260504e-10 7.985916e-13 2.375694e-15
Algorithm converged after  6  iterations.
[1] 5.260504e-10 1.898870e-12 7.805783e-17
Algorithm converged after  6  iterations.
[1] 5.260504e-10 5.201515e-10 3.822675e-15
[1] 5.746736e-10 5.547511e-10 3.882973e-15
[1] 6.208023e-10 5.843128e-10 3.936082e-15
Algorithm converged after  25  iterations.
[1] 5.260504e-10 7.985916e-13 1.898870e-12
Algorithm converged after  6  iterations.
[1] 5.260504e-10 7.985916e-13 5.201515e-10
Algorithm converged after  6  iterations.
[1] 5.260504e-10 1.898870e-12 5.201515e-10
Algorithm converged after  7  iterations.
[1] 5.260504e-10 7.985916e-13 2.375694e-15 1.898870e-12
Algorithm converged after  7  iterations.
[1] 5.260504e-10 7.985916e-13 2.375694e-15 5.201515e-10
Algorithm converged after  7  iterations.
[1] 5.260504e-10 7.985916e-13 1.898870e-12 7.805783e-17
Algorithm converged after  7  iterations.
[1] 5.260504e-10 7.985916e-13 5.201515e-10 3.822675e-15
[1] 5.941153e-10 8.788566e-13 5.667059e-10 3.903670e-15
[1] 5.950453e-10 8.825015e-13 5.662365e-10 1.191422e-14
[1] 6.480213e-10 9.426714e-13 6.007344e-10 1.150368e-14
[1] 6.376783e-10 9.404815e-13 5.889031e-10 3.926218e-15
Algorithm converged after  48  iterations.
[1] 5.260504e-10 1.898870e-12 7.805783e-17 5.201515e-10
Algorithm converged after  7  iterations.
[1] 5.260504e-10 1.898870e-12 5.201515e-10 3.822675e-15
[1] 6.887777e-10 2.199661e-12 6.208306e-10 3.978731e-15
[1] 6.973693e-10 2.213152e-12 6.284639e-10 4.008310e-15
Algorithm converged after  23  iterations.
[1] 5.260504e-10 7.985916e-13 1.898870e-12 5.201515e-10
Algorithm converged after  7  iterations.
[1] 5.260504e-10 4.440597e-10
Algorithm converged after  2  iterations.
[1] 5.260504e-10 4.440597e-10 1.577402e-14
[1] 5.092525e-09 5.992650e-10 2.277437e-14
Algorithm converged after  18  iterations.
[1] 5.260504e-10 4.440597e-10 1.848914e-14
[1] 6.042421e-10 1.831231e-12 3.355854e-12
Algorithm converged after  17  iterations.
[1] 5.260504e-10 4.440597e-10 5.027157e-14
[1] 6.116686e-10 1.891287e-13 1.698697e-09
Algorithm converged after  14  iterations.
[1] 5.260504e-10 4.440597e-10 1.577402e-14 3.102624e-16
[1] 5.657152e-09 6.134875e-10 2.404866e-14 2.065965e-17
[1] 5.665838e-09 6.139919e-10 2.406170e-14 1.237418e-16
Algorithm converged after  21  iterations.
[1] 5.260504e-10 4.440597e-10 1.848914e-14 1.440019e-15
[1] 4.993175e-09 6.185135e-10 2.318398e-14 2.176456e-15
Algorithm converged after  20  iterations.
[1] 5.260504e-10 4.440597e-10 5.027157e-14 7.161960e-15
[1] 3.547143e-12 3.071352e-13 5.517107e-10 2.595560e-12
[1] 3.544899e-12 3.063723e-13 5.452088e-10 2.594184e-12
[1] 3.544838e-12 3.063516e-13 5.450467e-10 2.594158e-12
Algorithm converged after  34  iterations.
[1] 5.260504e-10 4.440597e-10 1.577402e-14 1.848914e-14
[1] 6.814054e-09 6.274474e-10 2.496827e-14 2.523976e-14
Algorithm converged after  20  iterations.
[1] 5.260504e-10 4.440597e-10 1.577402e-14 5.027157e-14
[1] 4.334570e-09 6.509462e-10 2.140449e-14 1.921605e-14
[1] 6.918344e-09 6.063910e-10 2.493484e-14 4.951260e-15
Algorithm converged after  29  iterations.
[1] 5.260504e-10 4.440597e-10 1.848914e-14 5.027157e-14
[1] 8.112614e-10 2.019404e-11 1.832331e-13 1.237850e-09
[1] 8.071289e-10 1.971900e-11 1.896176e-13 1.218206e-09
[1] 7.935426e-10 1.846406e-11 2.261640e-13 1.157054e-09
[1] 7.709301e-10 1.559104e-11 2.934602e-13 1.036996e-09
[1] 7.643653e-10 1.481539e-11 3.120878e-13 1.003813e-09
[1] 7.636788e-10 1.473802e-11 3.140050e-13 1.000433e-09
[1] 7.636188e-10 1.473131e-11 3.141723e-13 1.000139e-09
[1] 7.636137e-10 1.473073e-11 3.141867e-13 1.000114e-09
Algorithm converged after  82  iterations.
numeric(0)
Algorithm converged after  1  iterations.
[1] 4.666484e-12
Algorithm converged after  2  iterations.
[1] 5.113624e-13
Algorithm converged after  2  iterations.
[1] 2.929968e-10
Algorithm converged after  2  iterations.
[1] 4.666484e-12 5.916168e-13
Algorithm converged after  2  iterations.
[1] 5.113624e-13 5.554794e-15
Algorithm converged after  2  iterations.
[1] 2.929968e-10 7.572541e-12
Algorithm converged after  2  iterations.
[1] 4.666484e-12 5.113624e-13
Algorithm converged after  2  iterations.
[1] 4.666484e-12 2.929968e-10
Algorithm converged after  2  iterations.
[1] 5.113624e-13 2.929968e-10
Algorithm converged after  2  iterations.
[1] 4.666484e-12 5.916168e-13 5.113624e-13
Algorithm converged after  2  iterations.
[1] 4.666484e-12 5.916168e-13 2.929968e-10
Algorithm converged after  2  iterations.
[1] 4.666484e-12 5.113624e-13 5.554794e-15
Algorithm converged after  2  iterations.
[1] 4.666484e-12 2.929968e-10 7.572541e-12
Algorithm converged after  2  iterations.
[1] 5.113624e-13 5.554794e-15 2.929968e-10
Algorithm converged after  2  iterations.
[1] 5.113624e-13 2.929968e-10 7.572541e-12
Algorithm converged after  2  iterations.
[1] 4.666484e-12 5.113624e-13 2.929968e-10
Algorithm converged after  2  iterations.
[1] 4.666484e-12 5.916168e-13 5.113624e-13 5.554794e-15
Algorithm converged after  2  iterations.
[1] 4.666484e-12 5.916168e-13 2.929968e-10 7.572541e-12
Algorithm converged after  2  iterations.
[1] 5.113624e-13 5.554794e-15 2.929968e-10 7.572541e-12
Algorithm converged after  2  iterations.
[1] 4.666484e-12 5.916168e-13 5.113624e-13 2.929968e-10
Algorithm converged after  2  iterations.
[1] 4.666484e-12 5.113624e-13 5.554794e-15 2.929968e-10
Algorithm converged after  2  iterations.
[1] 4.666484e-12 5.113624e-13 2.929968e-10 7.572541e-12
Algorithm converged after  2  iterations.
[1] 1.631002e-09
Algorithm converged after  2  iterations.
[1] 1.631002e-09 1.073535e-12
Algorithm converged after  7  iterations.
[1] 1.631002e-09 7.593698e-13
Algorithm converged after  6  iterations.
[1] 1.631002e-09 5.205206e-10
[1] 5.290050e-09 8.481349e-10
Algorithm converged after  11  iterations.
[1] 1.631002e-09 1.073535e-12 1.574571e-15
Algorithm converged after  7  iterations.
[1] 1.631002e-09 7.593698e-13 5.574363e-15
Algorithm converged after  7  iterations.
[1] 1.631002e-09 5.205206e-10 1.085328e-16
[1] 5.029755e-09 8.299058e-10 9.297545e-15
[1] 5.348971e-09 8.538496e-10 8.975803e-24
[1] 5.085942e-09 8.362134e-10 8.169565e-26
[1] 4.935996e-09 8.243918e-10 9.429585e-15
[1] 5.069071e-09 8.362965e-10 7.179104e-26
[1] 5.386479e-09 8.593887e-10 9.184074e-15
[1] 5.048666e-09 8.355807e-10 6.012640e-26
[1] 4.970106e-09 8.291868e-10 1.522252e-31
[1] 4.811492e-09 8.167053e-10 9.122649e-15
[1] 5.129110e-09 8.441284e-10 6.980019e-26
[1] 5.341022e-09 8.609972e-10 5.688518e-27
[1] 4.919682e-09 8.271308e-10 9.181722e-15
[1] 5.046755e-09 8.397641e-10 4.591099e-26
[1] 4.981951e-09 8.322139e-10 8.991723e-24
Algorithm converged after  150  iterations.
[1] 1.631002e-09 1.073535e-12 7.593698e-13
Algorithm converged after  8  iterations.
[1] 1.631002e-09 1.073535e-12 5.205206e-10
[1] 7.210347e-09 1.563955e-12 1.003190e-09
Algorithm converged after  12  iterations.
[1] 1.631002e-09 7.593698e-13 5.205206e-10
[1] 7.272237e-09 8.916903e-13 1.004608e-09
Algorithm converged after  11  iterations.
[1] 1.631002e-09 1.073535e-12 1.574571e-15 7.593698e-13
Algorithm converged after  8  iterations.
[1] 1.631002e-09 1.073535e-12 1.574571e-15 5.205206e-10
[1] 8.396005e-09 1.647921e-12 1.922168e-15 1.090312e-09
Algorithm converged after  13  iterations.
[1] 1.631002e-09 1.073535e-12 7.593698e-13 5.574363e-15
Algorithm converged after  8  iterations.
[1] 1.631002e-09 1.073535e-12 5.205206e-10 1.085328e-16
[1] 6.836587e-09 1.539867e-12 9.770879e-10 2.511310e-31
[1] 6.828086e-09 1.540549e-12 9.772273e-10 7.099111e-23
[1] 6.897221e-09 1.549085e-12 9.861583e-10 9.729713e-15
[1] 6.915091e-09 1.548915e-12 9.867108e-10 9.559653e-15
[1] 6.815816e-09 1.544656e-12 9.816640e-10 9.659467e-15
[1] 6.873002e-09 1.546812e-12 9.843811e-10 9.593937e-15
[1] 6.846585e-09 1.545435e-12 9.828640e-10 3.493784e-26
[1] 6.944219e-09 1.552314e-12 9.901104e-10 9.613686e-15
[1] 6.991486e-09 1.558707e-12 9.968587e-10 9.484214e-15
[1] 6.730191e-09 1.539404e-12 9.763417e-10 7.468728e-15
[1] 6.699984e-09 1.540182e-12 9.764246e-10 2.661609e-31
[1] 6.789274e-09 1.547535e-12 9.844658e-10 1.478186e-25
[1] 6.800207e-09 1.549377e-12 9.863801e-10 1.935837e-24
[1] 6.829591e-09 1.551608e-12 9.888991e-10 4.959390e-26
[1] 6.810663e-09 1.548308e-12 9.856191e-10 9.608032e-15
[1] 7.035943e-09 1.565594e-12 1.003701e-09 9.541629e-15
[1] 6.931322e-09 1.560883e-12 9.985817e-10 1.210177e-30
[1] 6.802280e-09 1.553019e-12 9.901633e-10 9.585350e-15
[1] 6.793682e-09 1.553008e-12 9.899339e-10 4.809753e-27
[1] 6.738091e-09 1.546644e-12 9.829159e-10 9.906695e-15
[1] 6.787792e-09 1.554592e-12 9.915982e-10 7.852862e-24
[1] 6.761133e-09 1.553297e-12 9.899014e-10 1.101566e-27
[1] 6.792933e-09 1.555824e-12 9.928622e-10 1.091372e-23
[1] 6.986691e-09 1.569124e-12 1.007320e-09 9.461674e-15
[1] 7.321410e-09 1.593606e-12 1.032810e-09 9.464652e-15
[1] 6.804968e-09 1.556394e-12 9.937763e-10 7.087988e-24
[1] 6.812399e-09 1.557291e-12 9.946469e-10 6.313147e-28
[1] 6.766658e-09 1.553978e-12 9.912462e-10 3.545760e-24
[1] 6.809686e-09 1.558640e-12 9.960810e-10 9.846534e-26
[1] 6.778464e-09 1.559483e-12 9.963733e-10 5.215846e-27
[1] 6.778440e-09 1.557451e-12 9.946284e-10 9.611201e-15
[1] 6.770551e-09 1.559632e-12 9.964521e-10 9.665037e-15
[1] 6.713490e-09 1.553728e-12 9.908041e-10 4.930219e-30
[1] 6.536670e-09 1.543867e-12 9.796137e-10 1.102826e-23
[1] 6.780064e-09 1.563371e-12 1.000478e-09 9.538858e-15
[1] 6.741877e-09 1.561133e-12 9.978962e-10 9.617032e-15
[1] 6.760698e-09 1.562766e-12 9.998326e-10 9.550383e-15
[1] 6.895564e-09 1.570988e-12 1.008339e-09 7.739967e-32
[1] 7.061500e-09 1.585035e-12 1.023306e-09 9.454020e-15
[1] 6.768716e-09 1.565327e-12 1.002357e-09 9.552267e-15
[1] 6.760798e-09 1.566177e-12 1.003295e-09 4.219728e-24
[1] 6.729894e-09 1.564324e-12 1.000992e-09 9.604471e-15
[1] 6.725478e-09 1.563976e-12 1.000691e-09 2.491479e-28
[1] 7.021365e-09 1.584382e-12 1.022004e-09 4.866027e-29
[1] 6.698268e-09 1.563614e-12 9.999607e-10 7.841409e-24
[1] 6.737012e-09 1.563826e-12 1.000987e-09 9.522850e-15
[1] 6.743313e-09 1.565326e-12 1.002273e-09 1.889302e-31
[1] 6.708809e-09 1.565394e-12 1.001980e-09 9.615063e-15
[1] 6.761346e-09 1.569954e-12 1.006656e-09 2.691824e-32
Algorithm did not converge after  500  iterations.
[1] 1.631002e-09 7.593698e-13 5.574363e-15 5.205206e-10
[1] 7.452703e-09 8.964679e-13 6.113274e-15 1.021329e-09
Algorithm converged after  12  iterations.
[1] 1.631002e-09 7.593698e-13 5.205206e-10 1.085328e-16
[1] 6.974050e-09 8.871773e-13 9.847901e-10 9.189385e-15
[1] 6.968458e-09 8.874290e-13 9.851769e-10 9.135992e-15
[1] 7.360699e-09 8.952744e-13 1.013903e-09 9.189422e-15
[1] 7.345133e-09 8.953587e-13 1.013817e-09 7.056216e-24
[1] 6.769348e-09 8.851621e-13 9.706931e-10 6.866098e-24
[1] 7.003550e-09 8.899018e-13 9.898018e-10 9.113345e-15
[1] 7.188886e-09 8.934634e-13 1.003910e-09 8.415938e-15
[1] 6.978306e-09 8.907149e-13 9.911011e-10 9.238418e-15
[1] 7.485674e-09 8.995677e-13 1.027698e-09 8.446258e-15
[1] 7.525168e-09 9.005273e-13 1.031134e-09 8.464016e-15
[1] 6.975920e-09 8.915266e-13 9.922401e-10 9.234427e-15
[1] 6.999559e-09 8.924335e-13 9.950573e-10 3.607217e-31
[1] 6.987797e-09 8.928234e-13 9.951625e-10 9.211616e-15
[1] 7.195298e-09 8.965474e-13 1.010931e-09 8.335355e-15
[1] 6.881061e-09 8.904903e-13 9.847741e-10 1.156761e-23
[1] 6.719956e-09 8.889888e-13 9.751111e-10 9.697067e-15
[1] 6.981118e-09 8.943180e-13 9.969931e-10 1.906012e-25
[1] 7.533838e-09 9.040408e-13 1.037549e-09 8.424956e-15
[1] 7.012070e-09 8.951641e-13 1.000273e-09 9.095224e-15
Algorithm converged after  196  iterations.
[1] 1.631002e-09 1.073535e-12 7.593698e-13 5.205206e-10
[1] 9.671616e-09 1.730722e-12 9.338129e-13 1.181235e-09
Algorithm converged after  13  iterations.
[1] 1.631002e-09 8.167670e-10
Algorithm converged after  2  iterations.
[1] 1.631002e-09 8.167670e-10 2.143728e-15
Algorithm converged after  9  iterations.
[1] 1.631002e-09 8.167670e-10 5.904960e-15
[1] 1.129534e-09 7.145818e-14 5.197836e-13
[1] 1.152047e-09 5.332204e-14 5.402665e-13
[1] 1.165118e-09 4.482189e-14 5.482813e-13
[1] 1.159675e-09 6.417271e-14 5.302924e-13
[1] 1.176828e-09 4.530617e-14 5.462090e-13
[1] 1.176566e-09 4.406947e-14 5.490739e-13
[1] 1.181476e-09 7.003079e-14 5.221331e-13
[1] 1.203541e-09 4.479188e-14 5.495088e-13
[1] 1.205756e-09 4.286020e-13 5.402637e-13
[1] 1.181761e-09 3.817774e-13 5.453918e-13
[1] 1.232807e-09 5.710016e-14 5.187597e-13
[1] 1.228655e-09 4.483822e-14 5.478782e-13
[1] 1.220766e-09 6.615328e-14 5.300254e-13
[1] 1.213150e-09 7.863737e-14 5.140620e-13
[1] 1.254081e-09 5.737977e-14 5.350787e-13
[1] 1.269355e-09 1.787384e-28 5.376836e-13
[1] 1.291756e-09 4.634062e-14 5.455876e-13
[1] 1.289584e-09 6.043760e-14 5.214126e-13
[1] 1.299624e-09 4.426386e-14 5.527951e-13
[1] 1.301662e-09 4.587992e-14 5.506798e-13
Algorithm converged after  205  iterations.
[1] 1.631002e-09 8.167670e-10 8.649319e-15
[1] 7.443806e-09 5.905852e-10 2.106867e-14
Algorithm converged after  17  iterations.
[1] 1.631002e-09 8.167670e-10 2.143728e-15 1.331536e-16
[1] 5.739527e-10 4.441082e-14 6.828022e-13 2.301169e-15
Algorithm converged after  12  iterations.
[1] 1.631002e-09 8.167670e-10 5.904960e-15 6.607964e-24
[1] 7.936869e-10 4.142880e-10 1.865483e-12 6.751445e-15
[1] 7.926826e-10 4.111133e-10 1.852576e-12 6.749812e-15
[1] 7.926665e-10 4.109908e-10 1.852083e-12 6.750036e-15
Algorithm converged after  37  iterations.
[1] 1.631002e-09 8.167670e-10 8.649319e-15 1.321535e-15
[1] 5.574666e-10 5.634522e-13 2.850314e-10 1.013403e-14
Algorithm converged after  12  iterations.
[1] 1.631002e-09 8.167670e-10 2.143728e-15 5.904960e-15
[1] 6.642411e-10 2.448459e-13 4.540370e-12 7.058461e-12
[1] 6.642342e-10 2.448403e-13 4.541555e-12 7.058348e-12
Algorithm converged after  26  iterations.
[1] 1.631002e-09 8.167670e-10 2.143728e-15 8.649319e-15
[1] 5.379897e-08 6.236021e-10 1.799811e-14 2.556024e-11
[1] 5.295654e-08 6.320408e-10 1.791024e-14 2.538220e-11
[1] 5.156926e-08 6.302469e-10 1.759710e-14 2.482891e-11
[1] 5.126162e-08 6.297411e-10 1.752629e-14 2.470422e-11
[1] 5.119742e-08 6.296241e-10 1.751144e-14 2.467805e-11
[1] 5.118373e-08 6.295974e-10 1.750827e-14 2.467246e-11
[1] 5.118076e-08 6.295913e-10 1.750759e-14 2.467124e-11
Algorithm converged after  78  iterations.
[1] 1.631002e-09 8.167670e-10 5.904960e-15 8.649319e-15
[1] 8.239573e-10 3.330240e-10 2.155324e-12 1.814959e-11
[1] 7.587910e-10 3.336841e-10 1.976130e-12 7.320888e-12
[1] 7.500003e-10 3.327194e-10 1.948838e-12 6.187350e-12
[1] 7.486647e-10 3.325208e-10 1.944577e-12 6.022854e-12
[1] 7.484530e-10 3.324880e-10 1.943899e-12 5.996987e-12
[1] 7.484192e-10 3.324827e-10 1.943791e-12 5.992867e-12
[1] 7.484138e-10 3.324819e-10 1.943774e-12 5.992210e-12
Algorithm converged after  79  iterations.
numeric(0)
Algorithm converged after  1  iterations.
[1] 6.373048e-12
Algorithm converged after  2  iterations.
[1] 1.389201e-12
Algorithm converged after  2  iterations.
[1] 1.136859e-10
Algorithm converged after  2  iterations.
[1] 6.373048e-12 4.312668e-13
Algorithm converged after  2  iterations.
[1] 1.389201e-12 2.607281e-13
Algorithm converged after  2  iterations.
[1] 1.136859e-10 9.412842e-12
Algorithm converged after  2  iterations.
[1] 6.373048e-12 1.389201e-12
Algorithm converged after  2  iterations.
[1] 6.373048e-12 1.136859e-10
Algorithm converged after  2  iterations.
[1] 1.389201e-12 1.136859e-10
Algorithm converged after  2  iterations.
[1] 6.373048e-12 4.312668e-13 1.389201e-12
Algorithm converged after  2  iterations.
[1] 6.373048e-12 4.312668e-13 1.136859e-10
Algorithm converged after  2  iterations.
[1] 6.373048e-12 1.389201e-12 2.607281e-13
Algorithm converged after  2  iterations.
[1] 6.373048e-12 1.136859e-10 9.412842e-12
Algorithm converged after  2  iterations.
[1] 1.389201e-12 2.607281e-13 1.136859e-10
Algorithm converged after  2  iterations.
[1] 1.389201e-12 1.136859e-10 9.412842e-12
Algorithm converged after  2  iterations.
[1] 6.373048e-12 1.389201e-12 1.136859e-10
Algorithm converged after  2  iterations.
[1] 6.373048e-12 4.312668e-13 1.389201e-12 2.607281e-13
Algorithm converged after  2  iterations.
[1] 6.373048e-12 4.312668e-13 1.136859e-10 9.412842e-12
Algorithm converged after  2  iterations.
[1] 1.389201e-12 2.607281e-13 1.136859e-10 9.412842e-12
Algorithm converged after  2  iterations.
[1] 6.373048e-12 4.312668e-13 1.389201e-12 1.136859e-10
Algorithm converged after  2  iterations.
[1] 6.373048e-12 1.389201e-12 2.607281e-13 1.136859e-10
Algorithm converged after  2  iterations.
[1] 6.373048e-12 1.389201e-12 1.136859e-10 9.412842e-12
Algorithm converged after  2  iterations.
[1] 5.101112e-10
Algorithm converged after  2  iterations.
[1] 5.101112e-10 8.343135e-13
Algorithm converged after  5  iterations.
[1] 5.101112e-10 8.358154e-13
Algorithm converged after  6  iterations.
[1] 5.101112e-10 4.149095e-10
Algorithm converged after  6  iterations.
[1] 5.101112e-10 8.343135e-13 1.659628e-15
[1] 5.625813e-10 9.638003e-13 1.664134e-15
[1] 5.643286e-10 9.748138e-13 3.015024e-27
[1] 5.416699e-10 9.186349e-13 1.656455e-15
[1] 5.554243e-10 9.163708e-13 1.682326e-15
[1] 5.629315e-10 9.708884e-13 1.663594e-15
[1] 5.320306e-10 9.072426e-13 1.653367e-15
[1] 5.685887e-10 9.679077e-13 1.663450e-15
[1] 5.654594e-10 9.855584e-13 1.662177e-15
Algorithm converged after  81  iterations.
[1] 5.101112e-10 8.358154e-13 2.722398e-29
[1] 5.769059e-10 9.165921e-13 2.125264e-16
[1] 5.794650e-10 9.074149e-13 2.088178e-16
[1] 5.830439e-10 9.108297e-13 3.446337e-26
[1] 6.067740e-10 9.330406e-13 2.898812e-16
[1] 5.782102e-10 9.060414e-13 6.083852e-27
[1] 5.800443e-10 9.191192e-13 6.688568e-30
[1] 5.704125e-10 9.012056e-13 2.088675e-16
[1] 6.089360e-10 9.456866e-13 2.956227e-16
[1] 5.754222e-10 9.094084e-13 2.863708e-16
[1] 5.795646e-10 9.101077e-13 2.098200e-16
[1] 5.741482e-10 9.027355e-13 2.886616e-16
[1] 5.677628e-10 8.980757e-13 2.084676e-16
[1] 5.767976e-10 9.050892e-13 1.701530e-24
[1] 5.816868e-10 9.122207e-13 3.713819e-15
[1] 6.049123e-10 9.393274e-13 1.662455e-30
[1] 5.750659e-10 9.075711e-13 3.759456e-15
Algorithm converged after  161  iterations.
[1] 5.101112e-10 4.149095e-10 2.538541e-31
[1] 5.430239e-10 4.599765e-10 8.944314e-15
Algorithm converged after  13  iterations.
[1] 5.101112e-10 8.343135e-13 8.358154e-13
Algorithm converged after  7  iterations.
[1] 5.101112e-10 8.343135e-13 4.149095e-10
Algorithm converged after  6  iterations.
[1] 5.101112e-10 8.358154e-13 4.149095e-10
Algorithm converged after  7  iterations.
[1] 5.101112e-10 8.343135e-13 1.659628e-15 8.358154e-13
[1] 6.303294e-10 1.070816e-12 5.440313e-25 9.649310e-13
Algorithm converged after  18  iterations.
[1] 5.101112e-10 8.343135e-13 1.659628e-15 4.149095e-10
Algorithm converged after  7  iterations.
[1] 5.101112e-10 8.343135e-13 8.358154e-13 2.722398e-29
[1] 6.522038e-10 1.119374e-12 9.937421e-13 3.032282e-16
[1] 6.486854e-10 1.109640e-12 9.885275e-13 3.676660e-15
[1] 6.169437e-10 1.052746e-12 9.579176e-13 8.440760e-27
[1] 6.705215e-10 1.117897e-12 9.929652e-13 2.163651e-16
[1] 6.049409e-10 1.016919e-12 9.384685e-13 1.268501e-29
[1] 6.293419e-10 1.050220e-12 9.566438e-13 2.136949e-16
[1] 6.177112e-10 1.046306e-12 9.550585e-13 6.194530e-31
[1] 6.519434e-10 1.113796e-12 9.921641e-13 3.677704e-15
[1] 6.463589e-10 1.098869e-12 9.841139e-13 9.531123e-30
[1] 6.456831e-10 1.094758e-12 9.823349e-13 1.077758e-25
[1] 6.182196e-10 1.012646e-12 9.366553e-13 3.814829e-15
Algorithm converged after  116  iterations.
[1] 5.101112e-10 8.343135e-13 4.149095e-10 2.538541e-31
Algorithm converged after  8  iterations.
[1] 5.101112e-10 8.358154e-13 2.722398e-29 4.149095e-10
Algorithm converged after  7  iterations.
[1] 5.101112e-10 8.358154e-13 4.149095e-10 2.538541e-31
Algorithm converged after  9  iterations.
[1] 5.101112e-10 8.343135e-13 8.358154e-13 4.149095e-10
Algorithm converged after  8  iterations.
[1] 5.101112e-10 6.083158e-14
Algorithm converged after  2  iterations.
[1] 5.101112e-10 6.083158e-14 7.145324e-13
Algorithm converged after  9  iterations.
[1] 5.101112e-10 6.083158e-14 5.464993e-13
[1] 5.882337e-10 3.221879e-12 1.316826e-12
Algorithm converged after  14  iterations.
[1] 5.101112e-10 6.083158e-14 2.507055e-10
[1] 5.914473e-10 1.964522e-12 2.662452e-09
Algorithm converged after  13  iterations.
[1] 5.101112e-10 6.083158e-14 7.145324e-13 2.710525e-22
[1] 5.590978e-10 1.117908e-11 2.198530e-12 7.180714e-18
[1] 5.546939e-10 9.917983e-12 2.075172e-12 7.926599e-18
[1] 5.544854e-10 9.914911e-12 2.074488e-12 7.927148e-18
Algorithm converged after  32  iterations.
[1] 5.101112e-10 6.083158e-14 5.464993e-13 3.136701e-15
[1] 6.248611e-10 1.640614e-12 1.401150e-12 1.539039e-16
Algorithm converged after  13  iterations.
[1] 5.101112e-10 6.083158e-14 2.507055e-10 2.506352e-14
[1] 5.707223e-10 1.156771e-12 1.686839e-09 1.433955e-14
Algorithm converged after  14  iterations.
[1] 5.101112e-10 6.083158e-14 7.145324e-13 5.464993e-13
[1] 6.664112e-10 4.160067e-12 3.557877e-12 1.625272e-12
Algorithm converged after  15  iterations.
[1] 5.101112e-10 6.083158e-14 7.145324e-13 2.507055e-10
[1] 5.862206e-10 1.813137e-14 8.834602e-13 8.187535e-10
Algorithm converged after  13  iterations.
[1] 5.101112e-10 6.083158e-14 5.464993e-13 2.507055e-10
[1] 6.168079e-10 5.385826e-14 4.756809e-13 1.436010e-09
Algorithm converged after  16  iterations.
numeric(0)
Algorithm converged after  1  iterations.
[1] 1.005798e-11
Algorithm converged after  2  iterations.
[1] 3.354551e-13
Algorithm converged after  2  iterations.
[1] 6.979853e-10
Algorithm converged after  2  iterations.
[1] 1.005798e-11 7.028704e-13
Algorithm converged after  2  iterations.
[1] 3.354551e-13 1.906851e-17
Algorithm converged after  2  iterations.
[1] 6.979853e-10 1.019394e-11
Algorithm converged after  2  iterations.
[1] 1.005798e-11 3.354551e-13
Algorithm converged after  2  iterations.
[1] 1.005798e-11 6.979853e-10
Algorithm converged after  2  iterations.
[1] 3.354551e-13 6.979853e-10
Algorithm converged after  2  iterations.
[1] 1.005798e-11 7.028704e-13 3.354551e-13
Algorithm converged after  2  iterations.
[1] 1.005798e-11 7.028704e-13 6.979853e-10
Algorithm converged after  2  iterations.
[1] 1.005798e-11 3.354551e-13 1.906851e-17
Algorithm converged after  2  iterations.
[1] 1.005798e-11 6.979853e-10 1.019394e-11
Algorithm converged after  2  iterations.
[1] 3.354551e-13 1.906851e-17 6.979853e-10
Algorithm converged after  2  iterations.
[1] 3.354551e-13 6.979853e-10 1.019394e-11
Algorithm converged after  2  iterations.
[1] 1.005798e-11 3.354551e-13 6.979853e-10
Algorithm converged after  2  iterations.
[1] 1.005798e-11 7.028704e-13 3.354551e-13 1.906851e-17
Algorithm converged after  2  iterations.
[1] 1.005798e-11 7.028704e-13 6.979853e-10 1.019394e-11
Algorithm converged after  2  iterations.
[1] 3.354551e-13 1.906851e-17 6.979853e-10 1.019394e-11
Algorithm converged after  2  iterations.
[1] 1.005798e-11 7.028704e-13 3.354551e-13 6.979853e-10
Algorithm converged after  2  iterations.
[1] 1.005798e-11 3.354551e-13 1.906851e-17 6.979853e-10
Algorithm converged after  2  iterations.
[1] 1.005798e-11 3.354551e-13 6.979853e-10 1.019394e-11
Algorithm converged after  2  iterations.
[1] 5.090925e-09
Algorithm converged after  2  iterations.
[1] 5.090925e-09 9.819343e-12
Algorithm converged after  6  iterations.
[1] 5.090925e-09 1.952615e-12
Algorithm converged after  5  iterations.
[1] 5.090925e-09 6.107107e-11
[1] 1.900295e-08 1.066045e-10
Algorithm converged after  12  iterations.
[1] 5.090925e-09 9.819343e-12 9.777405e-16
Algorithm converged after  6  iterations.
[1] 5.090925e-09 1.952615e-12 1.205404e-16
Algorithm converged after  10  iterations.
[1] 5.090925e-09 6.107107e-11 2.082516e-15
[1] 2.164603e-08 1.141154e-10 2.857475e-15
Algorithm converged after  14  iterations.
[1] 5.090925e-09 9.819343e-12 1.952615e-12
Algorithm converged after  7  iterations.
[1] 5.090925e-09 9.819343e-12 6.107107e-11
[1] 2.622073e-08 1.331256e-11 1.271565e-10
Algorithm converged after  13  iterations.
[1] 5.090925e-09 1.952615e-12 6.107107e-11
[1] 2.218601e-08 2.788314e-12 1.160598e-10
Algorithm converged after  12  iterations.
[1] 5.090925e-09 9.819343e-12 9.777405e-16 1.952615e-12
[1] 9.816799e-09 1.084247e-11 1.006823e-15 2.237246e-12
[1] 9.720329e-09 1.082064e-11 9.900589e-28 2.231224e-12
[1] 9.773388e-09 1.083773e-11 7.433094e-33 2.235030e-12
[1] 9.148094e-09 1.071428e-11 4.416272e-35 2.200304e-12
[1] 9.738140e-09 1.082966e-11 1.010519e-15 2.232470e-12
[1] 9.262540e-09 1.073865e-11 1.002241e-15 2.206438e-12
[1] 9.731935e-09 1.083398e-11 1.008553e-15 2.232528e-12
Algorithm converged after  76  iterations.
[1] 5.090925e-09 9.819343e-12 9.777405e-16 6.107107e-11
[1] 2.765849e-08 1.350341e-11 1.095743e-15 1.311680e-10
[1] 2.657469e-08 1.335733e-11 1.352158e-27 1.282566e-10
[1] 2.749652e-08 1.348324e-11 5.692001e-31 1.309311e-10
[1] 2.759721e-08 1.349579e-11 1.094377e-15 1.312099e-10
Algorithm converged after  42  iterations.
[1] 5.090925e-09 9.819343e-12 1.952615e-12 1.205404e-16
Algorithm converged after  8  iterations.
[1] 5.090925e-09 9.819343e-12 6.107107e-11 2.082516e-15
[1] 2.932345e-08 1.371642e-11 1.355408e-10 3.131453e-15
Algorithm converged after  14  iterations.
[1] 5.090925e-09 1.952615e-12 1.205404e-16 6.107107e-11
[1] 2.257092e-08 2.808065e-12 3.496883e-15 1.172694e-10
Algorithm converged after  13  iterations.
[1] 5.090925e-09 1.952615e-12 6.107107e-11 2.082516e-15
[1] 2.413148e-08 2.863117e-12 1.213351e-10 3.061742e-36
[1] 2.425800e-08 2.871783e-12 1.219352e-10 3.623972e-15
[1] 2.495035e-08 2.898940e-12 1.238322e-10 2.968037e-15
Algorithm converged after  34  iterations.
[1] 5.090925e-09 9.819343e-12 1.952615e-12 6.107107e-11
[1] 3.033929e-08 1.382921e-11 3.098448e-12 1.380844e-10
Algorithm converged after  13  iterations.
[1] 5.090925e-09 7.409671e-10
Algorithm converged after  2  iterations.
[1] 5.090925e-09 7.409671e-10 1.221998e-15
[1] 6.943517e-10 3.980710e-12 1.451611e-12
Algorithm converged after  13  iterations.
[1] 5.090925e-09 7.409671e-10 3.751170e-15
Algorithm converged after  6  iterations.
[1] 5.090925e-09 7.409671e-10 5.619404e-15
[1] 6.532317e-10 2.753324e-10 8.778102e-13
[1] 2.102089e-09 3.331701e-14 4.152520e-09
[1] 2.094484e-09 3.438979e-14 4.006183e-09
Algorithm converged after  35  iterations.
[1] 5.090925e-09 7.409671e-10 1.221998e-15 2.531281e-17
[1] 7.037152e-10 1.523896e-12 1.384525e-12 1.162645e-15
Algorithm converged after  12  iterations.
[1] 5.090925e-09 7.409671e-10 3.751170e-15 2.190798e-25
[1] 8.189384e-10 7.449500e-12 2.635153e-12 2.014001e-17
Algorithm converged after  19  iterations.
[1] 5.090925e-09 7.409671e-10 5.619404e-15 7.392932e-15
Algorithm converged after  10  iterations.
[1] 5.090925e-09 7.409671e-10 1.221998e-15 3.751170e-15
[1] 8.581770e-10 6.240082e-12 2.924680e-12 4.315506e-12
[1] 8.581032e-10 6.234107e-12 2.922329e-12 4.314459e-12
Algorithm converged after  21  iterations.
[1] 5.090925e-09 7.409671e-10 1.221998e-15 5.619404e-15
Algorithm converged after  7  iterations.
[1] 5.090925e-09 7.409671e-10 3.751170e-15 5.619404e-15
[1] 7.644398e-10 1.110260e-11 4.599643e-12 1.003510e-09
[1] 7.643764e-10 1.093509e-11 4.584207e-12 9.874282e-10
Algorithm converged after  25  iterations.
numeric(0)
Algorithm converged after  1  iterations.
[1] 8.809687e-12
Algorithm converged after  2  iterations.
[1] 2.559725e-12
Algorithm converged after  2  iterations.
[1] 4.009771e-10
Algorithm converged after  2  iterations.
[1] 8.809687e-12 6.982051e-13
Algorithm converged after  2  iterations.
[1] 2.559725e-12 3.374472e-13
Algorithm converged after  2  iterations.
[1] 4.009771e-10 1.234014e-11
Algorithm converged after  2  iterations.
[1] 8.809687e-12 2.559725e-12
Algorithm converged after  2  iterations.
[1] 8.809687e-12 4.009771e-10
Algorithm converged after  2  iterations.
[1] 2.559725e-12 4.009771e-10
Algorithm converged after  2  iterations.
[1] 8.809687e-12 6.982051e-13 2.559725e-12
Algorithm converged after  2  iterations.
[1] 8.809687e-12 6.982051e-13 4.009771e-10
Algorithm converged after  2  iterations.
[1] 8.809687e-12 2.559725e-12 3.374472e-13
Algorithm converged after  2  iterations.
[1] 8.809687e-12 4.009771e-10 1.234014e-11
Algorithm converged after  2  iterations.
[1] 2.559725e-12 3.374472e-13 4.009771e-10
Algorithm converged after  2  iterations.
[1] 2.559725e-12 4.009771e-10 1.234014e-11
Algorithm converged after  2  iterations.
[1] 8.809687e-12 2.559725e-12 4.009771e-10
Algorithm converged after  2  iterations.
[1] 8.809687e-12 6.982051e-13 2.559725e-12 3.374472e-13
Algorithm converged after  2  iterations.
[1] 8.809687e-12 6.982051e-13 4.009771e-10 1.234014e-11
Algorithm converged after  2  iterations.
[1] 2.559725e-12 3.374472e-13 4.009771e-10 1.234014e-11
Algorithm converged after  2  iterations.
[1] 8.809687e-12 6.982051e-13 2.559725e-12 4.009771e-10
Algorithm converged after  2  iterations.
[1] 8.809687e-12 2.559725e-12 3.374472e-13 4.009771e-10
Algorithm converged after  2  iterations.
[1] 8.809687e-12 2.559725e-12 4.009771e-10 1.234014e-11
Algorithm converged after  2  iterations.
[1] 7.165694e-10
Algorithm converged after  2  iterations.
[1] 7.165694e-10 1.688713e-15
Algorithm converged after  8  iterations.
[1] 7.165694e-10 1.839768e-12
Algorithm converged after  6  iterations.
[1] 7.165694e-10 1.011068e-10
Algorithm converged after  5  iterations.
[1] 7.165694e-10 1.688713e-15 1.542702e-16
[1] 7.043697e-10 1.731867e-15 8.791375e-25
[1] 7.044730e-10 1.731926e-15 5.492186e-26
[1] 7.299629e-10 1.730063e-15 1.537729e-16
Algorithm converged after  36  iterations.
[1] 7.165694e-10 1.839768e-12 1.653428e-16
Algorithm converged after  7  iterations.
[1] 7.165694e-10 1.011068e-10 5.722945e-15
Algorithm converged after  6  iterations.
[1] 7.165694e-10 1.688713e-15 1.839768e-12
[1] 8.245740e-10 4.202400e-26 2.042212e-12
[1] 8.345691e-10 5.613662e-13 2.057212e-12
[1] 8.328338e-10 1.703524e-15 2.053378e-12
Algorithm converged after  34  iterations.
[1] 7.165694e-10 1.688713e-15 1.011068e-10
Algorithm converged after  6  iterations.
[1] 7.165694e-10 1.839768e-12 1.011068e-10
Algorithm converged after  7  iterations.
[1] 7.165694e-10 1.688713e-15 1.542702e-16 1.839768e-12
[1] 8.177910e-10 1.612275e-29 2.582765e-31 2.023466e-12
[1] 8.151341e-10 1.702955e-15 1.549791e-16 2.018615e-12
[1] 8.737155e-10 1.704996e-15 6.743268e-31 2.116129e-12
[1] 8.269786e-10 1.703299e-15 1.536514e-16 2.042852e-12
[1] 7.860437e-10 1.703450e-15 5.667578e-17 1.968203e-12
[1] 9.310666e-10 6.040388e-13 2.670052e-23 2.197701e-12
[1] 8.055340e-10 1.700413e-15 1.547606e-16 1.992974e-12
[1] 8.632117e-10 1.704588e-15 5.628815e-26 2.093150e-12
[1] 8.264146e-10 9.167331e-23 3.319827e-16 2.036512e-12
[1] 7.503885e-10 1.722835e-15 1.538400e-16 1.882999e-12
[1] 8.734780e-10 1.707209e-15 1.529998e-16 2.112520e-12
[1] 8.173961e-10 2.341152e-23 3.183464e-31 2.012580e-12
[1] 7.508762e-10 1.692683e-15 1.545160e-16 1.898605e-12
[1] 8.893752e-10 1.706145e-15 1.540152e-16 2.134567e-12
[1] 8.334300e-10 1.713826e-15 1.537097e-16 2.040114e-12
[1] 8.328118e-10 3.633877e-27 1.308685e-24 2.020170e-12
Algorithm converged after  168  iterations.
[1] 7.165694e-10 1.688713e-15 1.542702e-16 1.011068e-10
[1] 7.195223e-10 1.693029e-15 5.905567e-17 1.109556e-10
Algorithm converged after  16  iterations.
[1] 7.165694e-10 1.688713e-15 1.839768e-12 1.653428e-16
Algorithm converged after  7  iterations.
[1] 7.165694e-10 1.688713e-15 1.011068e-10 5.722945e-15
[1] 7.568219e-10 1.695467e-15 1.189925e-10 5.609746e-15
Algorithm converged after  11  iterations.
[1] 7.165694e-10 1.839768e-12 1.653428e-16 1.011068e-10
Algorithm converged after  7  iterations.
[1] 7.165694e-10 1.839768e-12 1.011068e-10 5.722945e-15
[1] 8.288356e-10 2.046851e-12 1.260742e-10 1.780466e-23
[1] 8.251697e-10 2.036953e-12 1.260312e-10 5.652625e-15
[1] 8.485711e-10 2.084337e-12 1.267389e-10 5.314751e-27
[1] 9.447504e-10 2.255325e-12 1.460008e-10 1.003931e-23
[1] 8.402245e-10 2.065886e-12 1.270985e-10 5.648270e-15
[1] 8.074606e-10 2.013173e-12 1.224675e-10 5.688070e-15
[1] 8.057891e-10 2.006404e-12 1.192599e-10 5.675211e-15
[1] 8.178466e-10 2.026242e-12 1.242703e-10 1.788117e-31
[1] 8.265734e-10 2.040409e-12 1.266669e-10 3.809281e-24
[1] 8.316214e-10 2.044714e-12 1.292022e-10 7.130179e-15
[1] 8.266705e-10 2.040768e-12 1.267716e-10 5.658329e-15
Algorithm converged after  115  iterations.
[1] 7.165694e-10 1.688713e-15 1.839768e-12 1.011068e-10
Algorithm converged after  7  iterations.
[1] 7.165694e-10 3.002181e-14
Algorithm converged after  2  iterations.
[1] 7.165694e-10 3.002181e-14 1.758156e-15
[1] 7.506547e-10 2.431609e-12 4.841223e-13
Algorithm converged after  16  iterations.
[1] 7.165694e-10 3.002181e-14 1.105827e-12
[1] 8.436075e-10 1.968252e-12 3.214986e-12
Algorithm converged after  14  iterations.
[1] 7.165694e-10 3.002181e-14 1.573357e-11
[1] 8.689523e-10 1.879397e-11 1.825751e-09
[1] 8.690100e-10 1.879633e-11 1.827434e-09
[1] 8.690460e-10 1.880014e-11 1.827955e-09
Algorithm converged after  38  iterations.
[1] 7.165694e-10 3.002181e-14 1.758156e-15 1.780931e-16
[1] 7.871321e-10 5.168380e-14 1.836611e-15 1.664732e-16
[1] 8.894149e-10 4.051025e-10 3.088240e-13 1.684757e-15
[1] 8.887668e-10 4.027506e-10 2.775814e-13 1.691522e-15
[1] 8.887346e-10 4.019327e-10 2.755541e-13 1.691838e-15
[1] 8.887125e-10 4.017260e-10 2.751885e-13 1.691885e-15
[1] 8.887061e-10 4.016769e-10 2.751064e-13 1.691895e-15
[1] 8.887046e-10 4.016655e-10 2.750876e-13 1.691897e-15
Algorithm converged after  79  iterations.
[1] 7.165694e-10 3.002181e-14 1.105827e-12 8.220607e-15
Algorithm converged after  10  iterations.
[1] 7.165694e-10 3.002181e-14 1.573357e-11 5.379462e-16
[1] 8.237990e-10 7.211840e-12 1.792148e-09 1.068397e-14
Algorithm converged after  20  iterations.
[1] 7.165694e-10 3.002181e-14 1.758156e-15 1.105827e-12
[1] 8.767535e-10 4.301037e-13 2.980702e-12 3.151934e-12
Algorithm converged after  15  iterations.
[1] 7.165694e-10 3.002181e-14 1.758156e-15 1.573357e-11
[1] 7.155487e-10 1.438594e-11 3.375992e-12 3.572716e-10
[1] 7.155671e-10 1.431759e-11 3.368667e-12 3.569071e-10
Algorithm converged after  26  iterations.
[1] 7.165694e-10 3.002181e-14 1.105827e-12 1.573357e-11
[1] 7.747014e-10 2.117788e-12 3.690659e-12 9.058136e-10
[1] 7.738418e-10 2.143688e-12 3.701284e-12 9.233941e-10
Algorithm converged after  28  iterations.
Warning messages:
1: In max(abs(CT), na.rm = T) :
  no non-missing arguments to max; returning -Inf
2: In max(abs(CT), na.rm = T) :
  no non-missing arguments to max; returning -Inf
3: In max(abs(CT), na.rm = T) :
  no non-missing arguments to max; returning -Inf
4: In max(abs(CT), na.rm = T) :
  no non-missing arguments to max; returning -Inf
5: In max(abs(CT), na.rm = T) :
  no non-missing arguments to max; returning -Inf
6: In max(abs(CT), na.rm = T) :
  no non-missing arguments to max; returning -Inf
7: In max(abs(CT), na.rm = T) :
  no non-missing arguments to max; returning -Inf
8: In max(abs(CT), na.rm = T) :
  no non-missing arguments to max; returning -Inf
9: In max(abs(CT), na.rm = T) :
  no non-missing arguments to max; returning -Inf
10: In max(abs(CT), na.rm = T) :
  no non-missing arguments to max; returning -Inf
[1] "Best iter parameter is:"
   gam  rankJ rankA1 rankA2 rankA3 
     4      1      0      0      1 
[1] 5.621231e-10 1.224345e-10
Algorithm converged after  5  iterations.
         [,1]     [,2]     [,3]
[1,] 6.711581 9.805125 40.18175
