myseed=1602 

Attaching package: ‘pls’

The following object is masked from ‘package:stats’:

    loadings

Loading required package: lattice
Loading required package: ggplot2
Registered S3 methods overwritten by 'ggplot2':
  method         from 
  [.quosures     rlang
  c.quosures     rlang
  print.quosures rlang

Attaching package: ‘caret’

The following object is masked from ‘package:pls’:

    R2

Loading required package: Matrix
Loading required package: foreach
Loaded glmnet 2.0-18

Parsed with column specification:
cols(
  .default = col_double()
)
See spec(...) for full column specifications.
Parsed with column specification:
cols(
  X1 = col_double()
)
Parsed with column specification:
cols(
  X1 = col_double()
)
numeric(0)
Algorithm converged after  1  iterations.
[1] 7.759704e-12
Algorithm converged after  2  iterations.
[1] 1.250138e-12
Algorithm converged after  2  iterations.
[1] 9.640469e-10
Algorithm converged after  2  iterations.
[1] 7.759704e-12 4.921512e-13
Algorithm converged after  2  iterations.
[1] 1.250138e-12 6.188322e-15
Algorithm converged after  2  iterations.
[1] 9.640469e-10 9.322981e-12
Algorithm converged after  2  iterations.
[1] 7.759704e-12 1.250138e-12
Algorithm converged after  2  iterations.
[1] 7.759704e-12 9.640469e-10
Algorithm converged after  2  iterations.
[1] 1.250138e-12 9.640469e-10
Algorithm converged after  2  iterations.
[1] 7.759704e-12 4.921512e-13 1.250138e-12
Algorithm converged after  2  iterations.
[1] 7.759704e-12 4.921512e-13 9.640469e-10
Algorithm converged after  2  iterations.
[1] 7.759704e-12 1.250138e-12 6.188322e-15
Algorithm converged after  2  iterations.
[1] 7.759704e-12 9.640469e-10 9.322981e-12
Algorithm converged after  2  iterations.
[1] 1.250138e-12 6.188322e-15 9.640469e-10
Algorithm converged after  2  iterations.
[1] 1.250138e-12 9.640469e-10 9.322981e-12
Algorithm converged after  2  iterations.
[1] 7.759704e-12 1.250138e-12 9.640469e-10
Algorithm converged after  2  iterations.
[1] 7.759704e-12 4.921512e-13 1.250138e-12 6.188322e-15
Algorithm converged after  2  iterations.
[1] 7.759704e-12 4.921512e-13 9.640469e-10 9.322981e-12
Algorithm converged after  2  iterations.
[1] 1.250138e-12 6.188322e-15 9.640469e-10 9.322981e-12
Algorithm converged after  2  iterations.
[1] 7.759704e-12 4.921512e-13 1.250138e-12 9.640469e-10
Algorithm converged after  2  iterations.
[1] 7.759704e-12 1.250138e-12 6.188322e-15 9.640469e-10
Algorithm converged after  2  iterations.
[1] 7.759704e-12 1.250138e-12 9.640469e-10 9.322981e-12
Algorithm converged after  2  iterations.
[1] 6.170457e-09
Algorithm converged after  2  iterations.
[1] 6.170457e-09 7.646291e-12
Algorithm converged after  6  iterations.
[1] 6.170457e-09 4.341175e-12
Algorithm converged after  5  iterations.
[1] 6.170457e-09 4.114263e-11
[1] 1.803085e-08 6.597359e-11
Algorithm converged after  11  iterations.
[1] 6.170457e-09 7.646291e-12 2.051545e-29
[1] 8.655495e-09 7.976265e-12 1.245439e-28
[1] 8.957406e-09 8.022368e-12 7.597299e-31
[1] 8.515810e-09 7.964580e-12 2.248663e-29
[1] 8.303836e-09 7.939441e-12 5.247685e-31
[1] 8.977201e-09 8.028503e-12 3.453940e-25
[1] 8.128251e-09 7.918552e-12 1.080383e-28
[1] 8.905436e-09 8.019479e-12 9.343047e-16
[1] 8.968226e-09 8.029450e-12 9.379804e-16
[1] 7.879161e-09 7.883791e-12 1.452711e-34
[1] 8.967719e-09 8.031577e-12 9.379879e-16
[1] 8.147427e-09 7.925361e-12 2.848013e-28
[1] 8.201469e-09 7.937764e-12 3.264839e-30
[1] 8.168113e-09 7.932879e-12 2.228149e-29
[1] 8.263449e-09 7.945354e-12 2.132402e-30
[1] 8.971812e-09 8.039292e-12 1.383568e-31
[1] 8.488434e-09 7.974266e-12 9.294630e-16
[1] 8.962541e-09 8.040007e-12 9.376831e-16
Algorithm converged after  174  iterations.
[1] 6.170457e-09 4.341175e-12 1.036286e-28
Algorithm converged after  7  iterations.
[1] 6.170457e-09 4.114263e-11 4.195110e-15
[1] 2.010250e-08 6.991448e-11 5.197803e-15
Algorithm converged after  12  iterations.
[1] 6.170457e-09 7.646291e-12 4.341175e-12
Algorithm converged after  6  iterations.
[1] 6.170457e-09 7.646291e-12 4.114263e-11
[1] 2.291498e-08 9.406554e-12 7.528592e-11
Algorithm converged after  12  iterations.
[1] 6.170457e-09 4.341175e-12 4.114263e-11
[1] 2.111760e-08 5.579672e-12 7.198785e-11
Algorithm converged after  11  iterations.
[1] 6.170457e-09 7.646291e-12 2.051545e-29 4.341175e-12
[1] 1.001779e-08 8.145172e-12 9.481876e-16 4.722485e-12
[1] 1.059131e-08 8.218851e-12 5.593487e-29 4.776888e-12
[1] 1.047186e-08 8.203852e-12 9.435766e-16 4.763888e-12
Algorithm converged after  34  iterations.
[1] 6.170457e-09 7.646291e-12 2.051545e-29 4.114263e-11
[1] 2.292067e-08 9.406356e-12 1.053271e-15 7.533556e-11
[1] 2.398260e-08 9.500029e-12 5.473674e-22 7.731686e-11
[1] 2.428105e-08 9.524261e-12 1.065333e-15 7.786261e-11
[1] 2.423284e-08 9.508934e-12 1.041007e-15 7.781853e-11
[1] 2.435615e-08 9.534338e-12 3.969048e-30 7.825797e-11
[1] 2.431765e-08 9.530942e-12 1.062488e-15 7.822939e-11
[1] 2.414023e-08 9.518710e-12 1.063748e-15 7.798182e-11
[1] 2.415937e-08 9.519970e-12 1.062575e-15 7.804015e-11
[1] 2.318440e-08 9.434506e-12 1.051081e-15 7.628812e-11
[1] 2.413934e-08 9.509449e-12 2.530743e-29 7.804691e-11
[1] 2.443735e-08 9.547268e-12 1.064646e-15 7.876501e-11
[1] 2.402774e-08 9.514656e-12 1.563644e-26 7.819651e-11
[1] 2.324794e-08 9.447204e-12 1.053287e-15 7.678844e-11
[1] 2.314324e-08 9.438522e-12 1.050367e-15 7.664997e-11
[1] 2.431289e-08 9.536660e-12 2.970261e-22 7.882550e-11
[1] 2.420544e-08 9.524206e-12 1.049965e-15 7.872660e-11
[1] 2.317261e-08 9.446705e-12 1.049994e-15 7.702137e-11
[1] 2.403490e-08 9.522733e-12 2.729961e-30 7.864207e-11
[1] 2.436036e-08 9.550944e-12 1.332216e-26 7.928862e-11
Algorithm converged after  200  iterations.
[1] 6.170457e-09 7.646291e-12 4.341175e-12 1.036286e-28
[1] 9.761165e-09 8.123359e-12 4.709326e-12 1.462516e-28
[1] 8.721106e-09 7.996740e-12 4.609484e-12 2.242984e-16
Algorithm converged after  23  iterations.
[1] 6.170457e-09 7.646291e-12 4.114263e-11 4.195110e-15
[1] 2.553184e-08 9.630462e-12 8.003243e-11 5.562177e-15
Algorithm converged after  12  iterations.
[1] 6.170457e-09 4.341175e-12 1.036286e-28 4.114263e-11
[1] 1.923314e-08 5.453690e-12 2.006409e-16 6.863890e-11
Algorithm converged after  15  iterations.
[1] 6.170457e-09 4.341175e-12 4.114263e-11 4.195110e-15
[1] 2.353874e-08 5.743631e-12 7.638721e-11 5.422440e-15
Algorithm converged after  12  iterations.
[1] 6.170457e-09 7.646291e-12 4.341175e-12 4.114263e-11
[1] 2.660687e-08 9.708264e-12 5.942955e-12 8.184298e-11
Algorithm converged after  12  iterations.
[1] 6.170457e-09 8.998065e-10
Algorithm converged after  2  iterations.
[1] 6.170457e-09 8.998065e-10 1.389574e-15
Algorithm converged after  5  iterations.
[1] 6.170457e-09 8.998065e-10 6.770844e-15
Algorithm converged after  5  iterations.
[1] 6.170457e-09 8.998065e-10 1.159366e-14
Algorithm converged after  6  iterations.
[1] 6.170457e-09 8.998065e-10 1.389574e-15 2.806762e-16
Algorithm converged after  6  iterations.
[1] 6.170457e-09 8.998065e-10 6.770844e-15 2.128908e-16
[1] 9.870882e-10 8.485684e-12 4.309064e-12 6.205108e-17
[1] 9.482984e-10 8.338085e-12 4.250180e-12 6.168312e-17
[1] 9.425389e-10 8.418018e-12 4.253905e-12 1.600082e-29
[1] 9.411129e-10 8.492209e-12 4.276232e-12 7.229698e-17
[1] 9.89522e-10 8.62779e-12 4.38581e-12 2.94598e-31
[1] 9.393223e-10 8.520166e-12 4.304279e-12 6.262738e-17
Algorithm converged after  63  iterations.
[1] 6.170457e-09 8.998065e-10 1.159366e-14 1.745413e-14
Algorithm converged after  9  iterations.
[1] 6.170457e-09 8.998065e-10 1.389574e-15 6.770844e-15
Algorithm converged after  5  iterations.
[1] 6.170457e-09 8.998065e-10 1.389574e-15 1.159366e-14
Algorithm converged after  7  iterations.
[1] 6.170457e-09 8.998065e-10 6.770844e-15 1.159366e-14
Algorithm converged after  6  iterations.
numeric(0)
Algorithm converged after  1  iterations.
[1] 2.785296e-12
Algorithm converged after  2  iterations.
[1] 1.10733e-12
Algorithm converged after  2  iterations.
[1] 6.581821e-12
Algorithm converged after  2  iterations.
[1] 2.785296e-12 5.030122e-13
Algorithm converged after  2  iterations.
[1] 1.10733e-12 1.38144e-12
Algorithm converged after  2  iterations.
[1] 6.581821e-12 1.640876e-15
Algorithm converged after  2  iterations.
[1] 2.785296e-12 1.107330e-12
Algorithm converged after  2  iterations.
[1] 2.785296e-12 6.581821e-12
Algorithm converged after  2  iterations.
[1] 1.107330e-12 6.581821e-12
Algorithm converged after  2  iterations.
[1] 2.785296e-12 5.030122e-13 1.107330e-12
Algorithm converged after  2  iterations.
[1] 2.785296e-12 5.030122e-13 6.581821e-12
Algorithm converged after  2  iterations.
[1] 2.785296e-12 1.107330e-12 1.381440e-12
Algorithm converged after  2  iterations.
[1] 2.785296e-12 6.581821e-12 1.640876e-15
Algorithm converged after  2  iterations.
[1] 1.107330e-12 1.381440e-12 6.581821e-12
Algorithm converged after  2  iterations.
[1] 1.107330e-12 6.581821e-12 1.640876e-15
Algorithm converged after  2  iterations.
[1] 2.785296e-12 1.107330e-12 6.581821e-12
Algorithm converged after  2  iterations.
[1] 2.785296e-12 5.030122e-13 1.107330e-12 1.381440e-12
Algorithm converged after  2  iterations.
[1] 2.785296e-12 5.030122e-13 6.581821e-12 1.640876e-15
Algorithm converged after  2  iterations.
[1] 1.107330e-12 1.381440e-12 6.581821e-12 1.640876e-15
Algorithm converged after  2  iterations.
[1] 2.785296e-12 5.030122e-13 1.107330e-12 6.581821e-12
Algorithm converged after  2  iterations.
[1] 2.785296e-12 1.107330e-12 1.381440e-12 6.581821e-12
Algorithm converged after  2  iterations.
[1] 2.785296e-12 1.107330e-12 6.581821e-12 1.640876e-15
Algorithm converged after  2  iterations.
[1] 4.241625e-10
Algorithm converged after  2  iterations.
[1] 4.241625e-10 1.525936e-26
Algorithm converged after  8  iterations.
[1] 4.241625e-10 3.384432e-12
Algorithm converged after  6  iterations.
[1] 4.241625e-10 3.786153e-10
Algorithm converged after  5  iterations.
[1] 4.241625e-10 1.525936e-26 1.630507e-19
[1] 7.029370e-10 2.817823e-12 1.924089e-26
[1] 6.906248e-10 2.818483e-12 1.983783e-22
[1] 7.519157e-10 2.881149e-12 7.577546e-23
[1] 6.589310e-10 2.765804e-12 1.063895e-15
[1] 7.518615e-10 2.886344e-12 1.032306e-22
[1] 7.525849e-10 2.885897e-12 1.253193e-32
[1] 6.763405e-10 2.797161e-12 1.480876e-28
[1] 7.522120e-10 2.887789e-12 1.106943e-15
[1] 7.531382e-10 2.889914e-12 1.106977e-15
[1] 7.040489e-10 2.823957e-12 1.082752e-15
[1] 7.521088e-10 2.889734e-12 1.106772e-15
[1] 7.538330e-10 2.895169e-12 1.033403e-22
[1] 7.062498e-10 2.826382e-12 1.800564e-22
[1] 7.535738e-10 2.892297e-12 1.106780e-15
Algorithm converged after  142  iterations.
[1] 4.241625e-10 3.384432e-12 4.199127e-16
Algorithm converged after  6  iterations.
[1] 4.241625e-10 3.786153e-10 1.087321e-15
Algorithm converged after  6  iterations.
[1] 4.241625e-10 1.525936e-26 3.384432e-12
Algorithm converged after  7  iterations.
[1] 4.241625e-10 1.525936e-26 3.786153e-10
Algorithm converged after  6  iterations.
[1] 4.241625e-10 3.384432e-12 3.786153e-10
Algorithm converged after  7  iterations.
[1] 4.241625e-10 1.525936e-26 1.630507e-19 3.384432e-12
Algorithm converged after  7  iterations.
[1] 4.241625e-10 1.525936e-26 1.630507e-19 3.786153e-10
Algorithm converged after  7  iterations.
[1] 4.241625e-10 1.525936e-26 3.384432e-12 4.199127e-16
[1] 4.803697e-10 4.000930e-13 3.722188e-12 4.707423e-16
Algorithm converged after  16  iterations.
[1] 4.241625e-10 1.525936e-26 3.786153e-10 1.087321e-15
[1] 4.424196e-10 3.402006e-13 4.001444e-10 1.093310e-15
[1] 4.791240e-10 3.586334e-13 4.262296e-10 1.111127e-15
Algorithm converged after  29  iterations.
[1] 4.241625e-10 3.384432e-12 4.199127e-16 3.786153e-10
Algorithm converged after  7  iterations.
[1] 4.241625e-10 3.384432e-12 3.786153e-10 1.087321e-15
Algorithm converged after  7  iterations.
[1] 4.241625e-10 1.525936e-26 3.384432e-12 3.786153e-10
Algorithm converged after  7  iterations.
[1] 4.241625e-10 3.287667e-14
Algorithm converged after  2  iterations.
[1] 4.241625e-10 3.287667e-14 1.038338e-15
[1] 4.388949e-10 1.283489e-11 1.464136e-12
Algorithm converged after  15  iterations.
[1] 4.241625e-10 3.287667e-14 2.713023e-12
[1] 4.937712e-10 4.523512e-12 5.162231e-12
Algorithm converged after  12  iterations.
[1] 4.241625e-10 3.287667e-14 2.631183e-10
Algorithm converged after  9  iterations.
[1] 4.241625e-10 3.287667e-14 1.038338e-15 1.752465e-16
[1] 4.459998e-10 1.126834e-12 1.256583e-12 1.434391e-15
Algorithm converged after  15  iterations.
[1] 4.241625e-10 3.287667e-14 2.713023e-12 8.898490e-15
[1] 4.892295e-10 1.790793e-12 4.772884e-12 4.240295e-28
[1] 5.033388e-10 1.810838e-12 4.832033e-12 1.018267e-15
[1] 4.854661e-10 1.812080e-12 4.737956e-12 6.372106e-17
Algorithm converged after  40  iterations.
[1] 4.241625e-10 3.287667e-14 2.631183e-10 1.221312e-24
[1] 4.649449e-10 1.984379e-12 1.118581e-09 2.238601e-15
Algorithm converged after  12  iterations.
[1] 4.241625e-10 3.287667e-14 1.038338e-15 2.713023e-12
[1] 5.079288e-10 2.452369e-12 2.140515e-12 5.195905e-12
Algorithm converged after  14  iterations.
[1] 4.241625e-10 3.287667e-14 1.038338e-15 2.631183e-10
[1] 4.556507e-10 1.387039e-13 3.457711e-12 1.709909e-09
Algorithm converged after  17  iterations.
[1] 4.241625e-10 3.287667e-14 2.713023e-12 2.631183e-10
[1] 5.096225e-10 6.222730e-15 3.516669e-12 6.299638e-10
[1] 5.101602e-10 9.584415e-14 3.952010e-12 4.580570e-10
[1] 5.109163e-10 9.325882e-14 3.950182e-12 4.608199e-10
[1] 5.085806e-10 1.775624e-13 3.930839e-12 4.355321e-10
Algorithm converged after  42  iterations.
numeric(0)
Algorithm converged after  1  iterations.
[1] 4.753473e-12
Algorithm converged after  2  iterations.
[1] 1.148714e-12
Algorithm converged after  2  iterations.
[1] 4.378775e-10
Algorithm converged after  2  iterations.
[1] 4.753473e-12 4.156133e-13
Algorithm converged after  2  iterations.
[1] 1.148714e-12 1.199651e-32
Algorithm converged after  2  iterations.
[1] 4.378775e-10 1.161813e-11
Algorithm converged after  2  iterations.
[1] 4.753473e-12 1.148714e-12
Algorithm converged after  2  iterations.
[1] 4.753473e-12 4.378775e-10
Algorithm converged after  2  iterations.
[1] 1.148714e-12 4.378775e-10
Algorithm converged after  2  iterations.
[1] 4.753473e-12 4.156133e-13 1.148714e-12
Algorithm converged after  2  iterations.
[1] 4.753473e-12 4.156133e-13 4.378775e-10
Algorithm converged after  2  iterations.
[1] 4.753473e-12 1.148714e-12 1.199651e-32
Algorithm converged after  2  iterations.
[1] 4.753473e-12 4.378775e-10 1.161813e-11
Algorithm converged after  2  iterations.
[1] 1.148714e-12 1.199651e-32 4.378775e-10
Algorithm converged after  2  iterations.
[1] 1.148714e-12 4.378775e-10 1.161813e-11
Algorithm converged after  2  iterations.
[1] 4.753473e-12 1.148714e-12 4.378775e-10
Algorithm converged after  2  iterations.
[1] 4.753473e-12 4.156133e-13 1.148714e-12 1.199651e-32
Algorithm converged after  2  iterations.
[1] 4.753473e-12 4.156133e-13 4.378775e-10 1.161813e-11
Algorithm converged after  2  iterations.
[1] 1.148714e-12 1.199651e-32 4.378775e-10 1.161813e-11
Algorithm converged after  2  iterations.
[1] 4.753473e-12 4.156133e-13 1.148714e-12 4.378775e-10
Algorithm converged after  2  iterations.
[1] 4.753473e-12 1.148714e-12 1.199651e-32 4.378775e-10
Algorithm converged after  2  iterations.
[1] 4.753473e-12 1.148714e-12 4.378775e-10 1.161813e-11
Algorithm converged after  2  iterations.
[1] 4.255084e-09
Algorithm converged after  2  iterations.
[1] 4.255084e-09 4.721035e-12
Algorithm converged after  6  iterations.
[1] 4.255084e-09 3.085694e-12
Algorithm converged after  5  iterations.
[1] 4.255084e-09 4.297462e-11
Algorithm converged after  10  iterations.
[1] 4.255084e-09 4.721035e-12 5.571397e-29
Algorithm converged after  9  iterations.
[1] 4.255084e-09 3.085694e-12 2.532359e-16
[1] 5.036243e-09 3.184779e-12 2.493742e-16
Algorithm converged after  11  iterations.
[1] 4.255084e-09 4.297462e-11 4.859983e-15
[1] 1.369283e-08 6.704352e-11 5.621616e-15
Algorithm converged after  11  iterations.
[1] 4.255084e-09 4.721035e-12 3.085694e-12
Algorithm converged after  7  iterations.
[1] 4.255084e-09 4.721035e-12 4.297462e-11
[1] 1.541096e-08 6.333443e-12 7.089544e-11
Algorithm converged after  11  iterations.
[1] 4.255084e-09 3.085694e-12 4.297462e-11
Algorithm converged after  10  iterations.
[1] 4.255084e-09 4.721035e-12 5.571397e-29 3.085694e-12
Algorithm converged after  7  iterations.
[1] 4.255084e-09 4.721035e-12 5.571397e-29 4.297462e-11
[1] 1.597076e-08 6.402160e-12 3.998780e-31 7.211804e-11
[1] 1.597384e-08 6.403006e-12 1.262156e-15 7.213947e-11
[1] 1.582084e-08 6.379875e-12 4.750894e-31 7.185224e-11
[1] 1.568673e-08 6.367839e-12 7.782032e-28 7.164527e-11
[1] 1.583039e-08 6.384630e-12 1.254110e-15 7.201214e-11
[1] 1.583978e-08 6.397846e-12 1.005092e-30 7.226244e-11
[1] 1.530968e-08 6.332835e-12 1.252289e-15 7.119592e-11
[1] 1.597207e-08 6.413911e-12 3.599658e-33 7.267069e-11
[1] 1.584439e-08 6.399660e-12 1.255001e-15 7.252629e-11
[1] 1.567503e-08 6.381539e-12 2.064547e-27 7.221771e-11
[1] 1.596876e-08 6.411833e-12 7.926340e-29 7.292250e-11
[1] 1.550080e-08 6.369828e-12 4.084144e-18 7.209162e-11
[1] 1.595657e-08 6.424325e-12 9.303046e-31 7.314927e-11
[1] 1.593232e-08 6.424954e-12 1.008579e-30 7.315176e-11
[1] 1.595200e-08 6.428881e-12 1.260341e-15 7.324662e-11
[1] 1.565242e-08 6.394740e-12 9.949958e-31 7.276056e-11
[1] 1.594999e-08 6.431880e-12 1.007842e-30 7.344987e-11
[1] 1.600464e-08 6.438429e-12 1.257408e-15 7.360743e-11
[1] 1.578759e-08 6.416600e-12 1.344374e-33 7.319136e-11
[1] 1.596421e-08 6.439796e-12 1.261219e-15 7.361143e-11
[1] 1.583774e-08 6.423556e-12 1.257472e-15 7.338431e-11
[1] 1.518449e-08 6.336475e-12 1.245383e-15 7.189671e-11
[1] 1.588199e-08 6.434266e-12 1.260349e-15 7.360944e-11
[1] 1.589710e-08 6.435616e-12 1.005898e-30 7.367727e-11
[1] 1.592195e-08 6.437019e-12 1.257613e-15 7.373307e-11
[1] 1.594615e-08 6.443278e-12 1.260038e-15 7.383429e-11
[1] 1.597547e-08 6.449101e-12 1.261937e-15 7.393389e-11
[1] 1.529449e-08 6.361016e-12 1.250460e-15 7.240907e-11
[1] 1.591235e-08 6.441104e-12 1.259294e-15 7.385759e-11
Algorithm converged after  298  iterations.
[1] 4.255084e-09 4.721035e-12 3.085694e-12 2.532359e-16
[1] 6.898733e-09 5.185241e-12 3.395099e-12 2.454117e-16
[1] 7.003749e-09 5.200025e-12 3.402170e-12 2.641270e-31
[1] 7.046713e-09 5.209840e-12 3.410709e-12 8.766810e-29
[1] 6.924608e-09 5.188731e-12 3.394125e-12 2.484168e-16
[1] 7.128454e-09 5.224184e-12 3.420409e-12 2.428181e-16
Algorithm converged after  52  iterations.
[1] 4.255084e-09 4.721035e-12 4.297462e-11 4.859983e-15
[1] 1.806571e-08 6.646778e-12 7.661069e-11 6.344602e-15
Algorithm converged after  12  iterations.
[1] 4.255084e-09 3.085694e-12 2.532359e-16 4.297462e-11
[1] 1.346573e-08 4.000353e-12 5.791267e-25 6.665500e-11
[1] 1.343870e-08 3.996022e-12 2.028228e-29 6.662768e-11
[1] 1.355917e-08 4.004711e-12 7.568039e-32 6.691791e-11
[1] 1.344257e-08 3.995215e-12 3.345439e-28 6.668412e-11
[1] 1.351314e-08 4.002671e-12 4.539858e-16 6.686834e-11
[1] 1.364287e-08 4.015481e-12 2.590382e-16 6.719082e-11
[1] 1.330270e-08 3.984299e-12 2.593095e-16 6.642179e-11
[1] 1.309444e-08 3.965735e-12 2.635596e-16 6.598967e-11
[1] 1.361284e-08 4.012433e-12 2.601286e-16 6.718968e-11
[1] 1.168926e-08 3.843112e-12 2.631031e-16 6.281142e-11
[1] 1.336486e-08 3.990393e-12 1.276225e-29 6.671613e-11
[1] 1.296347e-08 3.952739e-12 3.699137e-32 6.582609e-11
[1] 1.294977e-08 3.956758e-12 1.343614e-31 6.583760e-11
[1] 1.334962e-08 3.990530e-12 1.907095e-32 6.674868e-11
[1] 1.362844e-08 4.016661e-12 2.874969e-28 6.744154e-11
[1] 1.363240e-08 4.016348e-12 8.698065e-16 6.748373e-11
[1] 1.284417e-08 3.944544e-12 1.125174e-26 6.571439e-11
[1] 1.361302e-08 4.018293e-12 2.557345e-16 6.753250e-11
[1] 1.358892e-08 4.015362e-12 2.568249e-16 6.753520e-11
[1] 1.290081e-08 3.948970e-12 2.630369e-16 6.595756e-11
[1] 1.343793e-08 3.999140e-12 2.593730e-16 6.724769e-11
[1] 1.313070e-08 3.972581e-12 2.626925e-16 6.658881e-11
[1] 1.325475e-08 3.987463e-12 2.574685e-16 6.689513e-11
[1] 1.362582e-08 4.017012e-12 2.599675e-16 6.776334e-11
[1] 1.364887e-08 4.019800e-12 2.590612e-16 6.783203e-11
[1] 1.170384e-08 3.847661e-12 2.627340e-16 6.334010e-11
[1] 1.364736e-08 4.021642e-12 1.905078e-27 6.790853e-11
[1] 1.366523e-08 4.023379e-12 1.525587e-29 6.797576e-11
[1] 1.356208e-08 4.014892e-12 6.422528e-25 6.780409e-11
[1] 1.364193e-08 4.023868e-12 2.552252e-16 6.801538e-11
Algorithm converged after  308  iterations.
[1] 4.255084e-09 3.085694e-12 4.297462e-11 4.859983e-15
[1] 1.567203e-08 4.173001e-12 7.144001e-11 5.939246e-15
Algorithm converged after  11  iterations.
[1] 4.255084e-09 4.721035e-12 3.085694e-12 4.297462e-11
[1] 1.757245e-08 6.583822e-12 4.320682e-12 7.549049e-11
Algorithm converged after  11  iterations.
[1] 4.255084e-09 7.701720e-10
Algorithm converged after  2  iterations.
[1] 4.255084e-09 7.701720e-10 1.503487e-15
Algorithm converged after  5  iterations.
[1] 4.255084e-09 7.701720e-10 4.712314e-16
[1] 8.265724e-10 7.781277e-12 3.474213e-12
Algorithm converged after  17  iterations.
[1] 4.255084e-09 7.701720e-10 1.129940e-14
Algorithm converged after  7  iterations.
[1] 4.255084e-09 7.701720e-10 1.503487e-15 2.913332e-17
Algorithm converged after  10  iterations.
[1] 4.255084e-09 7.701720e-10 4.712314e-16 6.526295e-16
[1] 9.051508e-10 3.842896e-12 3.892449e-12 3.133475e-16
[1] 9.051323e-10 3.842133e-12 3.892240e-12 3.132917e-16
Algorithm converged after  23  iterations.
[1] 4.255084e-09 7.701720e-10 1.129940e-14 1.713681e-14
Algorithm converged after  10  iterations.
[1] 4.255084e-09 7.701720e-10 1.503487e-15 4.712314e-16
Algorithm converged after  5  iterations.
[1] 4.255084e-09 7.701720e-10 1.503487e-15 1.129940e-14
Algorithm converged after  7  iterations.
[1] 4.255084e-09 7.701720e-10 4.712314e-16 1.129940e-14
Algorithm converged after  7  iterations.
numeric(0)
Algorithm converged after  1  iterations.
[1] 4.132248e-12
Algorithm converged after  2  iterations.
[1] 1.300663e-12
Algorithm converged after  2  iterations.
[1] 4.275037e-10
Algorithm converged after  2  iterations.
[1] 4.132248e-12 5.920571e-13
Algorithm converged after  2  iterations.
[1] 1.300663e-12 1.676800e-12
Algorithm converged after  2  iterations.
[1] 4.275037e-10 7.194521e-12
Algorithm converged after  2  iterations.
[1] 4.132248e-12 1.300663e-12
Algorithm converged after  2  iterations.
[1] 4.132248e-12 4.275037e-10
Algorithm converged after  2  iterations.
[1] 1.300663e-12 4.275037e-10
Algorithm converged after  2  iterations.
[1] 4.132248e-12 5.920571e-13 1.300663e-12
Algorithm converged after  2  iterations.
[1] 4.132248e-12 5.920571e-13 4.275037e-10
Algorithm converged after  2  iterations.
[1] 4.132248e-12 1.300663e-12 1.676800e-12
Algorithm converged after  2  iterations.
[1] 4.132248e-12 4.275037e-10 7.194521e-12
Algorithm converged after  2  iterations.
[1] 1.300663e-12 1.676800e-12 4.275037e-10
Algorithm converged after  2  iterations.
[1] 1.300663e-12 4.275037e-10 7.194521e-12
Algorithm converged after  2  iterations.
[1] 4.132248e-12 1.300663e-12 4.275037e-10
Algorithm converged after  2  iterations.
[1] 4.132248e-12 5.920571e-13 1.300663e-12 1.676800e-12
Algorithm converged after  2  iterations.
[1] 4.132248e-12 5.920571e-13 4.275037e-10 7.194521e-12
Algorithm converged after  2  iterations.
[1] 1.300663e-12 1.676800e-12 4.275037e-10 7.194521e-12
Algorithm converged after  2  iterations.
[1] 4.132248e-12 5.920571e-13 1.300663e-12 4.275037e-10
Algorithm converged after  2  iterations.
[1] 4.132248e-12 1.300663e-12 1.676800e-12 4.275037e-10
Algorithm converged after  2  iterations.
[1] 4.132248e-12 1.300663e-12 4.275037e-10 7.194521e-12
Algorithm converged after  2  iterations.
[1] 4.400667e-09
Algorithm converged after  2  iterations.
[1] 4.400667e-09 4.592684e-12
Algorithm converged after  6  iterations.
[1] 4.400667e-09 3.831401e-12
Algorithm converged after  5  iterations.
[1] 4.400667e-09 5.436119e-11
[1] 1.887064e-08 9.976426e-11
Algorithm converged after  12  iterations.
[1] 4.400667e-09 4.592684e-12 1.179623e-31
[1] 6.714438e-09 4.939946e-12 8.941742e-16
[1] 5.343582e-09 4.745039e-12 8.636946e-16
[1] 6.832073e-09 4.961700e-12 3.396345e-28
[1] 6.006272e-09 4.844819e-12 8.723239e-16
[1] 5.962459e-09 4.840159e-12 8.717479e-16
[1] 6.145825e-09 4.866536e-12 1.092936e-29
[1] 5.795697e-09 4.816850e-12 8.699665e-16
[1] 6.019131e-09 4.850483e-12 8.723299e-16
[1] 5.866404e-09 4.828676e-12 7.834515e-30
[1] 6.859466e-09 4.972745e-12 2.779663e-20
[1] 5.424608e-09 4.765603e-12 8.644833e-16
[1] 6.768877e-09 4.959088e-12 8.933436e-16
Algorithm converged after  122  iterations.
[1] 4.400667e-09 3.831401e-12 9.639727e-33
[1] 5.531628e-09 3.965984e-12 2.209844e-16
Algorithm converged after  15  iterations.
[1] 4.400667e-09 5.436119e-11 2.600408e-25
[1] 1.846760e-08 9.869431e-11 2.787332e-15
[1] 1.903112e-08 1.004613e-10 3.132138e-25
[1] 2.239187e-08 1.092940e-10 3.037534e-15
Algorithm converged after  37  iterations.
[1] 4.400667e-09 4.592684e-12 3.831401e-12
Algorithm converged after  7  iterations.
[1] 4.400667e-09 4.592684e-12 5.436119e-11
[1] 2.491898e-08 6.811853e-12 1.162623e-10
Algorithm converged after  13  iterations.
[1] 4.400667e-09 3.831401e-12 5.436119e-11
[1] 2.210425e-08 5.268267e-12 1.088984e-10
Algorithm converged after  13  iterations.
[1] 4.400667e-09 4.592684e-12 1.179623e-31 3.831401e-12
[1] 7.413746e-09 5.030039e-12 7.410556e-30 4.154552e-12
[1] 6.938831e-09 4.971864e-12 8.138481e-29 4.110742e-12
[1] 7.964971e-09 5.105796e-12 2.528775e-31 4.208377e-12
[1] 8.127025e-09 5.130493e-12 9.010258e-16 4.223569e-12
[1] 6.435640e-09 4.904872e-12 3.703936e-34 4.060468e-12
[1] 6.547168e-09 4.916078e-12 8.806502e-16 4.069470e-12
[1] 7.702888e-09 5.078649e-12 8.918727e-16 4.184874e-12
[1] 8.174932e-09 5.144894e-12 4.313081e-30 4.230009e-12
[1] 6.865274e-09 4.970226e-12 8.816011e-16 4.103767e-12
[1] 8.157829e-09 5.145029e-12 1.185727e-29 4.229061e-12
[1] 6.878318e-09 4.973157e-12 8.816561e-16 4.105223e-12
[1] 7.351774e-09 5.036716e-12 1.330900e-31 4.151034e-12
[1] 8.169440e-09 5.148902e-12 1.542292e-31 4.230206e-12
[1] 7.424328e-09 5.044984e-12 2.568186e-30 4.156926e-12
[1] 6.549248e-09 4.931826e-12 8.769936e-16 4.073071e-12
[1] 8.155769e-09 5.149442e-12 1.272751e-30 4.229364e-12
[1] 8.169373e-09 5.151691e-12 1.632888e-31 4.230533e-12
[1] 8.114122e-09 5.146432e-12 5.341190e-30 4.225665e-12
[1] 6.502588e-09 4.928331e-12 9.853433e-32 4.068514e-12
[1] 6.979259e-09 4.995371e-12 8.826382e-16 4.116392e-12
[1] 7.743961e-09 5.097156e-12 2.103096e-29 4.190096e-12
[1] 7.440433e-09 5.057233e-12 8.891976e-16 4.160662e-12
[1] 8.165019e-09 5.156285e-12 1.424240e-31 4.230627e-12
[1] 7.150737e-09 5.020993e-12 9.163813e-28 4.133540e-12
[1] 8.199498e-09 5.163222e-12 2.777523e-29 4.234041e-12
[1] 8.166721e-09 5.160573e-12 1.621400e-30 4.231315e-12
[1] 7.744544e-09 5.100565e-12 1.685832e-29 4.189707e-12
[1] 8.108074e-09 5.153710e-12 1.044410e-31 4.225871e-12
[1] 8.157460e-09 5.158698e-12 9.692536e-29 4.228894e-12
[1] 8.100976e-09 5.154078e-12 2.421317e-29 4.225199e-12
[1] 6.578907e-09 4.948652e-12 6.561796e-32 4.077385e-12
[1] 7.175352e-09 5.030549e-12 1.425749e-31 4.136554e-12
[1] 7.343989e-09 5.051213e-12 8.880909e-16 4.151972e-12
[1] 7.199124e-09 5.034505e-12 1.706468e-29 4.139003e-12
[1] 8.169336e-09 5.163512e-12 8.433178e-32 4.230686e-12
[1] 8.125885e-09 5.160472e-12 8.884014e-28 4.228367e-12
[1] 7.396454e-09 5.059577e-12 8.895159e-16 4.156520e-12
[1] 8.148561e-09 5.165826e-12 5.583888e-30 4.230037e-12
[1] 8.158051e-09 5.167583e-12 8.995796e-16 4.231063e-12
[1] 7.482469e-09 5.077105e-12 7.624202e-30 4.166693e-12
[1] 7.483527e-09 5.077527e-12 8.044930e-25 4.166880e-12
[1] 7.327323e-09 5.054900e-12 8.879981e-16 4.150855e-12
[1] 8.090396e-09 5.159724e-12 8.999199e-16 4.224350e-12
Algorithm converged after  439  iterations.
[1] 4.400667e-09 4.592684e-12 1.179623e-31 5.436119e-11
[1] 2.675016e-08 6.965211e-12 1.054015e-15 1.209324e-10
[1] 2.632564e-08 6.928498e-12 1.048879e-15 1.198838e-10
Algorithm converged after  23  iterations.
[1] 4.400667e-09 4.592684e-12 3.831401e-12 9.639727e-33
Algorithm converged after  7  iterations.
[1] 4.400667e-09 4.592684e-12 5.436119e-11 2.600408e-25
[1] 2.898498e-08 7.153923e-12 1.266072e-10 3.318681e-15
Algorithm converged after  15  iterations.
[1] 4.400667e-09 3.831401e-12 9.639727e-33 5.436119e-11
[1] 2.286581e-08 5.323054e-12 2.386921e-16 1.109972e-10
Algorithm converged after  14  iterations.
[1] 4.400667e-09 3.831401e-12 5.436119e-11 2.600408e-25
[1] 2.489011e-08 5.442612e-12 1.161726e-10 3.108884e-33
[1] 2.551906e-08 5.481769e-12 1.178604e-10 1.164450e-14
[1] 2.550829e-08 5.483679e-12 1.179607e-10 2.573296e-19
[1] 2.481247e-08 5.441602e-12 1.162513e-10 3.114376e-15
[1] 2.507583e-08 5.451465e-12 1.169077e-10 9.040549e-31
[1] 2.455880e-08 5.423496e-12 1.157600e-10 3.066469e-15
[1] 2.478100e-08 5.438234e-12 1.164132e-10 4.206503e-31
[1] 2.533884e-08 5.471873e-12 1.178722e-10 3.107620e-15
[1] 2.530757e-08 5.469567e-12 1.178408e-10 3.900595e-25
[1] 2.539281e-08 5.473804e-12 1.180939e-10 3.090583e-15
[1] 2.492752e-08 5.447181e-12 1.170329e-10 3.089394e-15
[1] 2.465296e-08 5.430399e-12 1.163743e-10 5.157224e-34
[1] 2.670352e-08 5.546111e-12 1.215109e-10 1.046300e-29
[1] 2.465564e-08 5.430246e-12 1.167307e-10 3.087761e-15
[1] 2.527219e-08 5.467960e-12 1.184488e-10 3.073677e-15
Algorithm converged after  155  iterations.
[1] 4.400667e-09 4.592684e-12 3.831401e-12 5.436119e-11
[1] 2.894187e-08 7.145247e-12 5.687721e-12 1.264770e-10
Algorithm converged after  13  iterations.
[1] 4.400667e-09 6.274927e-10
Algorithm converged after  2  iterations.
[1] 4.400667e-09 6.274927e-10 1.174853e-15
Algorithm converged after  7  iterations.
[1] 4.400667e-09 6.274927e-10 1.240172e-14
[1] 6.559031e-10 1.500470e-29 4.824808e-12
[1] 6.600032e-10 4.293000e-24 5.863290e-12
[1] 6.597242e-10 5.936830e-13 4.980858e-12
[1] 6.557234e-10 5.815802e-13 4.958865e-12
[1] 6.562656e-10 2.455565e-23 4.929907e-12
[1] 6.566911e-10 3.187483e-23 4.833633e-12
Algorithm converged after  70  iterations.
[1] 4.400667e-09 6.274927e-10 6.380680e-15
Algorithm converged after  9  iterations.
[1] 4.400667e-09 6.274927e-10 1.174853e-15 2.492810e-16
Algorithm converged after  6  iterations.
[1] 4.400667e-09 6.274927e-10 1.240172e-14 3.506590e-16
[1] 8.460186e-10 4.846550e-10 2.364052e-12 3.497724e-32
[1] 1.068112e-09 2.645842e-12 9.545245e-13 2.907779e-14
Algorithm converged after  28  iterations.
[1] 4.400667e-09 6.274927e-10 6.380680e-15 6.779509e-16
[1] 8.857269e-09 5.752826e-10 8.233175e-15 7.862205e-16
[1] 1.141697e-08 5.467143e-10 8.983727e-15 8.016865e-16
[1] 9.741040e-09 5.995062e-10 8.557522e-15 7.968338e-16
[1] 1.545912e-08 5.895830e-10 1.031202e-14 6.735578e-29
[1] 9.095111e-09 5.755033e-10 8.583873e-15 3.967886e-25
[1] 1.073328e-08 6.128790e-10 9.119052e-15 8.257397e-16
[1] 8.421373e-09 6.291674e-10 8.289774e-15 8.504284e-34
[1] 1.133081e-08 5.688308e-10 9.280290e-15 4.320957e-29
[1] 1.150811e-08 6.181214e-10 9.445344e-15 8.539096e-16
[1] 1.031541e-08 6.130638e-10 9.155540e-15 8.117566e-16
[1] 8.548550e-09 5.832805e-10 8.516541e-15 7.617343e-16
[1] 1.073292e-08 6.124348e-10 9.342578e-15 8.202876e-16
Algorithm converged after  122  iterations.
[1] 4.400667e-09 6.274927e-10 1.174853e-15 1.240172e-14
Algorithm converged after  6  iterations.
[1] 4.400667e-09 6.274927e-10 1.174853e-15 6.380680e-15
Algorithm converged after  9  iterations.
[1] 4.400667e-09 6.274927e-10 1.240172e-14 6.380680e-15
Algorithm converged after  9  iterations.
numeric(0)
Algorithm converged after  1  iterations.
[1] 8.677739e-12
Algorithm converged after  2  iterations.
[1] 1.344257e-12
Algorithm converged after  2  iterations.
[1] 3.241803e-10
Algorithm converged after  2  iterations.
[1] 8.677739e-12 6.771941e-13
Algorithm converged after  2  iterations.
[1] 1.344257e-12 9.226533e-15
Algorithm converged after  2  iterations.
[1] 3.241803e-10 8.389319e-12
Algorithm converged after  2  iterations.
[1] 8.677739e-12 1.344257e-12
Algorithm converged after  2  iterations.
[1] 8.677739e-12 3.241803e-10
Algorithm converged after  2  iterations.
[1] 1.344257e-12 3.241803e-10
Algorithm converged after  2  iterations.
[1] 8.677739e-12 6.771941e-13 1.344257e-12
Algorithm converged after  2  iterations.
[1] 8.677739e-12 6.771941e-13 3.241803e-10
Algorithm converged after  2  iterations.
[1] 8.677739e-12 1.344257e-12 9.226533e-15
Algorithm converged after  2  iterations.
[1] 8.677739e-12 3.241803e-10 8.389319e-12
Algorithm converged after  2  iterations.
[1] 1.344257e-12 9.226533e-15 3.241803e-10
Algorithm converged after  2  iterations.
[1] 1.344257e-12 3.241803e-10 8.389319e-12
Algorithm converged after  2  iterations.
[1] 8.677739e-12 1.344257e-12 3.241803e-10
Algorithm converged after  2  iterations.
[1] 8.677739e-12 6.771941e-13 1.344257e-12 9.226533e-15
Algorithm converged after  2  iterations.
[1] 8.677739e-12 6.771941e-13 3.241803e-10 8.389319e-12
Algorithm converged after  2  iterations.
[1] 1.344257e-12 9.226533e-15 3.241803e-10 8.389319e-12
Algorithm converged after  2  iterations.
[1] 8.677739e-12 6.771941e-13 1.344257e-12 3.241803e-10
Algorithm converged after  2  iterations.
[1] 8.677739e-12 1.344257e-12 9.226533e-15 3.241803e-10
Algorithm converged after  2  iterations.
[1] 8.677739e-12 1.344257e-12 3.241803e-10 8.389319e-12
Algorithm converged after  2  iterations.
[1] 6.813973e-10
Algorithm converged after  2  iterations.
[1] 6.813973e-10 1.409712e-15
Algorithm converged after  5  iterations.
[1] 6.813973e-10 2.774181e-12
Algorithm converged after  5  iterations.
[1] 6.813973e-10 7.738642e-11
Algorithm converged after  5  iterations.
[1] 6.813973e-10 1.409712e-15 2.088685e-29
[1] 7.298394e-10 5.483676e-26 2.169613e-29
Algorithm converged after  20  iterations.
[1] 6.813973e-10 2.774181e-12 1.706952e-16
[1] 7.528550e-10 2.908629e-12 1.707213e-16
[1] 7.522555e-10 2.906135e-12 1.715169e-16
[1] 7.575144e-10 2.920585e-12 1.140784e-28
[1] 7.529349e-10 2.908569e-12 1.140756e-14
[1] 7.511364e-10 2.892918e-12 1.692572e-16
[1] 7.529786e-10 2.908645e-12 1.706516e-16
[1] 7.410006e-10 2.897987e-12 1.406154e-33
[1] 7.524277e-10 2.906399e-12 1.713122e-16
[1] 7.574951e-10 2.920076e-12 1.911097e-31
Algorithm converged after  97  iterations.
[1] 6.813973e-10 7.738642e-11 4.347592e-15
Algorithm converged after  9  iterations.
[1] 6.813973e-10 1.409712e-15 2.774181e-12
Algorithm converged after  6  iterations.
[1] 6.813973e-10 1.409712e-15 7.738642e-11
Algorithm converged after  5  iterations.
[1] 6.813973e-10 2.774181e-12 7.738642e-11
Algorithm converged after  6  iterations.
[1] 6.813973e-10 1.409712e-15 2.088685e-29 2.774181e-12
Algorithm converged after  6  iterations.
[1] 6.813973e-10 1.409712e-15 2.088685e-29 7.738642e-11
Algorithm converged after  6  iterations.
[1] 6.813973e-10 1.409712e-15 2.774181e-12 1.706952e-16
[1] 7.781517e-10 1.435545e-15 2.935352e-12 1.726411e-16
Algorithm converged after  12  iterations.
[1] 6.813973e-10 1.409712e-15 7.738642e-11 4.347592e-15
[1] 7.409733e-10 1.430760e-15 1.004634e-10 4.335384e-15
Algorithm converged after  13  iterations.
[1] 6.813973e-10 2.774181e-12 1.706952e-16 7.738642e-11
Algorithm converged after  7  iterations.
[1] 6.813973e-10 2.774181e-12 7.738642e-11 4.347592e-15
Algorithm converged after  6  iterations.
[1] 6.813973e-10 1.409712e-15 2.774181e-12 7.738642e-11
Algorithm converged after  6  iterations.
[1] 6.813973e-10 3.834101e-14
Algorithm converged after  2  iterations.
[1] 6.813973e-10 3.834101e-14 5.888318e-13
Algorithm converged after  9  iterations.
[1] 6.813973e-10 3.834101e-14 2.203422e-12
Algorithm converged after  10  iterations.
[1] 6.813973e-10 3.834101e-14 1.666558e-11
[1] 6.848114e-10 1.067871e-11 3.173084e-10
[1] 6.848731e-10 1.072341e-11 3.186997e-10
Algorithm converged after  22  iterations.
[1] 6.813973e-10 3.834101e-14 5.888318e-13 1.745042e-15
[1] 6.506972e-10 1.317661e-11 1.048312e-12 1.073090e-16
Algorithm converged after  15  iterations.
[1] 6.813973e-10 3.834101e-14 2.203422e-12 1.963918e-14
[1] 7.411874e-10 1.559556e-13 3.234986e-12 1.545819e-14
Algorithm converged after  12  iterations.
[1] 6.813973e-10 3.834101e-14 1.666558e-11 1.544707e-23
[1] 1.999959e-09 6.410965e-10 3.454083e-10 5.059861e-15
[1] 2.521073e-09 6.382386e-10 4.692612e-10 6.309871e-15
[1] 2.504716e-09 6.382231e-10 4.649580e-10 6.289600e-15
[1] 2.503304e-09 6.382154e-10 4.646213e-10 6.288413e-15
Algorithm converged after  48  iterations.
[1] 6.813973e-10 3.834101e-14 5.888318e-13 2.203422e-12
Algorithm converged after  6  iterations.
[1] 6.813973e-10 3.834101e-14 5.888318e-13 1.666558e-11
[1] 6.897839e-10 1.847674e-12 1.645453e-12 2.660859e-10
Algorithm converged after  19  iterations.
[1] 6.813973e-10 3.834101e-14 2.203422e-12 1.666558e-11
[1] 7.375544e-10 3.632890e-12 3.782936e-12 3.166462e-10
Algorithm converged after  14  iterations.
numeric(0)
Algorithm converged after  1  iterations.
[1] 7.291884e-12
Algorithm converged after  2  iterations.
[1] 1.10716e-12
Algorithm converged after  2  iterations.
[1] 4.182279e-10
Algorithm converged after  2  iterations.
[1] 7.291884e-12 7.816132e-13
Algorithm converged after  2  iterations.
[1] 1.10716e-12 8.41930e-15
Algorithm converged after  2  iterations.
[1] 4.182279e-10 9.287065e-12
Algorithm converged after  2  iterations.
[1] 7.291884e-12 1.107160e-12
Algorithm converged after  2  iterations.
[1] 7.291884e-12 4.182279e-10
Algorithm converged after  2  iterations.
[1] 1.107160e-12 4.182279e-10
Algorithm converged after  2  iterations.
[1] 7.291884e-12 7.816132e-13 1.107160e-12
Algorithm converged after  2  iterations.
[1] 7.291884e-12 7.816132e-13 4.182279e-10
Algorithm converged after  2  iterations.
[1] 7.291884e-12 1.107160e-12 8.419300e-15
Algorithm converged after  2  iterations.
[1] 7.291884e-12 4.182279e-10 9.287065e-12
Algorithm converged after  2  iterations.
[1] 1.107160e-12 8.419300e-15 4.182279e-10
Algorithm converged after  2  iterations.
[1] 1.107160e-12 4.182279e-10 9.287065e-12
Algorithm converged after  2  iterations.
[1] 7.291884e-12 1.107160e-12 4.182279e-10
Algorithm converged after  2  iterations.
[1] 7.291884e-12 7.816132e-13 1.107160e-12 8.419300e-15
Algorithm converged after  2  iterations.
[1] 7.291884e-12 7.816132e-13 4.182279e-10 9.287065e-12
Algorithm converged after  2  iterations.
[1] 1.107160e-12 8.419300e-15 4.182279e-10 9.287065e-12
Algorithm converged after  2  iterations.
[1] 7.291884e-12 7.816132e-13 1.107160e-12 4.182279e-10
Algorithm converged after  2  iterations.
[1] 7.291884e-12 1.107160e-12 8.419300e-15 4.182279e-10
Algorithm converged after  2  iterations.
[1] 7.291884e-12 1.107160e-12 4.182279e-10 9.287065e-12
Algorithm converged after  2  iterations.
[1] 7.420078e-10
Algorithm converged after  2  iterations.
[1] 7.420078e-10 6.729360e-14
[1] 7.448055e-10 2.868384e-13
Algorithm converged after  14  iterations.
[1] 7.420078e-10 4.873182e-12
Algorithm converged after  6  iterations.
[1] 7.420078e-10 1.787821e-10
Algorithm converged after  5  iterations.
[1] 7.420078e-10 6.729360e-14 7.791019e-17
[1] 7.975904e-10 5.079514e-16 1.897718e-16
[1] 8.052300e-10 8.398274e-13 6.046291e-25
[1] 8.466752e-10 8.433035e-13 1.082219e-30
[1] 8.529575e-10 8.176369e-13 8.140739e-31
[1] 8.449949e-10 8.406335e-13 4.631283e-16
[1] 8.108046e-10 8.630618e-13 1.363860e-25
[1] 7.992455e-10 8.605302e-13 4.535135e-16
[1] 8.541260e-10 8.270568e-13 1.368448e-16
[1] 7.450885e-10 8.975147e-13 1.168725e-30
[1] 8.024050e-10 8.846021e-13 3.996256e-17
[1] 7.665257e-10 8.592302e-13 4.500037e-16
[1] 8.447322e-10 8.531952e-13 4.630445e-16
[1] 8.159041e-10 8.684043e-13 8.087474e-26
[1] 8.456455e-10 8.591417e-13 7.481260e-31
[1] 8.047324e-10 8.915513e-13 4.535888e-16
Algorithm converged after  156  iterations.
[1] 7.420078e-10 4.873182e-12 3.627634e-16
Algorithm converged after  6  iterations.
[1] 7.420078e-10 1.787821e-10 5.921151e-15
Algorithm converged after  5  iterations.
[1] 7.420078e-10 6.729360e-14 4.873182e-12
Algorithm converged after  7  iterations.
[1] 7.420078e-10 6.729360e-14 1.787821e-10
Algorithm converged after  6  iterations.
[1] 7.420078e-10 4.873182e-12 1.787821e-10
Algorithm converged after  7  iterations.
[1] 7.420078e-10 6.729360e-14 7.791019e-17 4.873182e-12
[1] 8.227788e-10 2.673093e-13 5.036938e-16 5.139811e-12
[1] 8.373521e-10 2.828656e-13 1.424239e-24 5.203845e-12
[1] 8.467919e-10 2.730589e-13 5.062256e-16 5.206123e-12
[1] 8.667894e-10 2.961894e-13 8.243066e-17 5.295336e-12
[1] 8.687012e-10 2.981901e-13 9.321854e-17 5.303929e-12
[1] 8.372617e-10 2.825343e-13 8.684808e-17 5.203099e-12
[1] 8.773838e-10 3.039633e-13 5.036304e-16 5.335066e-12
[1] 8.783856e-10 3.056607e-13 5.026306e-16 5.340244e-12
Algorithm converged after  83  iterations.
[1] 7.420078e-10 6.729360e-14 7.791019e-17 1.787821e-10
[1] 7.417965e-10 7.420202e-14 8.815041e-26 1.975969e-10
[1] 7.517889e-10 7.249696e-14 6.853630e-18 2.005726e-10
[1] 7.545261e-10 7.314129e-14 8.971257e-17 2.043960e-10
[1] 7.679827e-10 7.178190e-14 8.818532e-17 2.107673e-10
[1] 7.152679e-10 7.708013e-14 1.448340e-24 1.896891e-10
[1] 7.315056e-10 7.283160e-14 3.364780e-30 1.907699e-10
[1] 7.258223e-10 7.569713e-14 9.020640e-17 1.939341e-10
[1] 7.245826e-10 7.602157e-14 5.231312e-16 1.940405e-10
[1] 7.705288e-10 6.898436e-14 8.881529e-17 2.090239e-10
[1] 7.486700e-10 7.260747e-14 6.387658e-17 2.029031e-10
[1] 7.623536e-10 6.909815e-14 3.814001e-26 2.033907e-10
[1] 7.332462e-10 7.301338e-14 7.169257e-17 1.927793e-10
[1] 7.619303e-10 6.925074e-14 5.280971e-16 2.036090e-10
[1] 7.702664e-10 6.941218e-14 5.290164e-16 2.103345e-10
[1] 7.649164e-10 6.882827e-14 5.284836e-16 2.046165e-10
[1] 7.694491e-10 7.167025e-14 5.217606e-28 2.133274e-10
[1] 7.554006e-10 7.170818e-14 6.502400e-17 2.053708e-10
[1] 7.492770e-10 7.711220e-14 1.815854e-24 2.098255e-10
[1] 7.699182e-10 7.044327e-14 8.874506e-17 2.120222e-10
[1] 7.642633e-10 6.989762e-14 6.478046e-17 2.062472e-10
[1] 7.705523e-10 7.035647e-14 5.296735e-16 2.123630e-10
Algorithm converged after  220  iterations.
[1] 7.420078e-10 6.729360e-14 4.873182e-12 3.627634e-16
Algorithm converged after  7  iterations.
[1] 7.420078e-10 6.729360e-14 1.787821e-10 5.921151e-15
Algorithm converged after  10  iterations.
[1] 7.420078e-10 4.873182e-12 3.627634e-16 1.787821e-10
Algorithm converged after  7  iterations.
[1] 7.420078e-10 4.873182e-12 1.787821e-10 5.921151e-15
[1] 8.109145e-10 5.110110e-12 1.975194e-10 5.925706e-15
[1] 8.328663e-10 5.180054e-12 2.045221e-10 2.134786e-26
[1] 9.384210e-10 5.517891e-12 2.337217e-10 5.926989e-15
[1] 8.747436e-10 5.310535e-12 2.198755e-10 4.054083e-25
[1] 8.253977e-10 5.163682e-12 1.973598e-10 5.951503e-15
[1] 8.720047e-10 5.301049e-12 2.193494e-10 5.925203e-15
[1] 9.127373e-10 5.425010e-12 2.334673e-10 5.908563e-15
[1] 8.846390e-10 5.342951e-12 2.216752e-10 5.917864e-15
[1] 8.755158e-10 5.310562e-12 2.219037e-10 6.076733e-26
[1] 9.005514e-10 5.394049e-12 2.259205e-10 4.558021e-25
[1] 8.714303e-10 5.297491e-12 2.203472e-10 5.926815e-15
[1] 8.965426e-10 5.381447e-12 2.246672e-10 5.921041e-15
[1] 9.054272e-10 5.409551e-12 2.273095e-10 5.921129e-15
[1] 8.798241e-10 5.321450e-12 2.257765e-10 1.070636e-25
[1] 8.674380e-10 5.286227e-12 2.181024e-10 5.912247e-15
[1] 8.769845e-10 5.315239e-12 2.225242e-10 5.927265e-15
[1] 8.758414e-10 5.310408e-12 2.229306e-10 1.548926e-26
[1] 8.748675e-10 5.307297e-12 2.225977e-10 2.986014e-25
[1] 8.762994e-10 5.310900e-12 2.238303e-10 5.916193e-15
[1] 8.743515e-10 5.305877e-12 2.222788e-10 5.927583e-15
[1] 8.352196e-10 5.182741e-12 2.087465e-10 4.373850e-29
[1] 8.756707e-10 5.308416e-12 2.239514e-10 3.697085e-25
[1] 8.400710e-10 5.195838e-12 2.152279e-10 5.897236e-15
[1] 8.782843e-10 5.314103e-12 2.269964e-10 1.613147e-27
[1] 8.642364e-10 5.275224e-12 2.176478e-10 3.225137e-25
[1] 8.757554e-10 5.307216e-12 2.250144e-10 3.155580e-25
[1] 8.341555e-10 5.176217e-12 2.105130e-10 5.913699e-15
[1] 8.661504e-10 5.284754e-12 2.170561e-10 5.994995e-15
Algorithm converged after  283  iterations.
[1] 7.420078e-10 6.729360e-14 4.873182e-12 1.787821e-10
Algorithm converged after  7  iterations.
[1] 7.420078e-10 2.173666e-11
Algorithm converged after  2  iterations.
[1] 7.420078e-10 2.173666e-11 1.348431e-13
[1] 7.702053e-10 2.601329e-10 1.763110e-13
Algorithm converged after  15  iterations.
[1] 7.420078e-10 2.173666e-11 1.362030e-12
[1] 8.369860e-10 1.391013e-09 1.765580e-12
[1] 8.372303e-10 1.389870e-09 1.756934e-12
[1] 8.372409e-10 1.389769e-09 1.756524e-12
Algorithm converged after  36  iterations.
[1] 7.420078e-10 2.173666e-11 5.126307e-12
[1] 7.553738e-10 1.250497e-09 1.195946e-11
[1] 7.676724e-10 1.226788e-09 1.069404e-11
[1] 7.677588e-10 1.226614e-09 1.068434e-11
Algorithm converged after  40  iterations.
[1] 7.420078e-10 2.173666e-11 1.348431e-13 4.288290e-16
[1] 7.738100e-10 2.293476e-10 1.755773e-13 2.934813e-16
[1] 7.705708e-10 2.337584e-10 1.763390e-13 1.540902e-24
[1] 7.711264e-10 2.244401e-10 1.763237e-13 3.460718e-16
Algorithm converged after  39  iterations.
[1] 7.420078e-10 2.173666e-11 1.362030e-12 1.375512e-16
[1] 8.912596e-10 4.451648e-13 6.783145e-12 4.241956e-17
[1] 8.880544e-10 4.473535e-13 6.734257e-12 1.092308e-30
[1] 8.859274e-10 4.430658e-13 6.721837e-12 4.530689e-17
[1] 8.896490e-10 3.626575e-13 6.639860e-12 4.583581e-17
[1] 8.992162e-10 4.281049e-13 6.750422e-12 4.543194e-17
[1] 8.992484e-10 4.283205e-13 6.750766e-12 4.571755e-17
[1] 8.997529e-10 4.272606e-13 6.754467e-12 5.683416e-23
[1] 9.559347e-10 4.028144e-13 6.896847e-12 9.122377e-30
[1] 8.935896e-10 4.371458e-13 6.718640e-12 1.995211e-31
[1] 9.150349e-10 4.655326e-13 6.720148e-12 4.905712e-28
[1] 9.394835e-10 4.678964e-13 6.809629e-12 6.089764e-26
[1] 9.628343e-10 4.174224e-13 6.960502e-12 1.040727e-16
[1] 8.868577e-10 4.468480e-13 6.567867e-12 1.163997e-16
[1] 9.556260e-10 4.155230e-13 6.897077e-12 1.230000e-16
[1] 9.618840e-10 4.208728e-13 6.914880e-12 1.232969e-16
[1] 9.598870e-10 4.075174e-13 6.920553e-12 1.037723e-16
[1] 8.902345e-10 3.575168e-13 6.629088e-12 9.905197e-17
[1] 8.890325e-10 3.624731e-13 6.632406e-12 7.756690e-18
[1] 9.291139e-10 4.718891e-13 6.777105e-12 3.269027e-16
[1] 8.991756e-10 4.255833e-13 6.754364e-12 4.567448e-17
[1] 8.892594e-10 3.666678e-13 6.639855e-12 4.576429e-17
[1] 8.869771e-10 4.474206e-13 6.731807e-12 4.546821e-17
[1] 8.954113e-10 4.372472e-13 6.732321e-12 1.358241e-15
[1] 8.989939e-10 4.360898e-13 6.760817e-12 4.568357e-17
[1] 8.993114e-10 4.379315e-13 6.761279e-12 4.026224e-28
[1] 8.849676e-10 4.689072e-13 6.625492e-12 9.295514e-35
[1] 9.646602e-10 4.283749e-13 6.964575e-12 4.304703e-28
[1] 9.643943e-10 4.331952e-13 6.948363e-12 4.481476e-16
[1] 9.531192e-10 3.594265e-13 6.909331e-12 5.846202e-30
[1] 9.618919e-10 3.910735e-13 6.907664e-12 1.169489e-16
[1] 8.987556e-10 4.072814e-13 6.718898e-12 4.549228e-17
[1] 9.587494e-10 3.825919e-13 6.901353e-12 1.177691e-16
[1] 8.986907e-10 4.063071e-13 6.720672e-12 4.603399e-17
[1] 8.989266e-10 4.062228e-13 6.729663e-12 1.001082e-16
[1] 9.582738e-10 3.828604e-13 6.904449e-12 1.137328e-16
[1] 8.955207e-10 3.412856e-13 6.649244e-12 4.408779e-17
[1] 8.951217e-10 4.142569e-13 6.706230e-12 4.534285e-17
[1] 9.571534e-10 3.865298e-13 6.892987e-12 3.086593e-33
[1] 9.000702e-10 4.112759e-13 6.756528e-12 4.487579e-17
[1] 8.757387e-10 4.394245e-13 6.613861e-12 1.007669e-16
[1] 8.978333e-10 4.158944e-13 6.733223e-12 4.589720e-17
[1] 9.583949e-10 3.944650e-13 6.916606e-12 1.152113e-16
[1] 8.949392e-10 4.218395e-13 6.714668e-12 4.559746e-17
[1] 9.650390e-10 4.107695e-13 6.931740e-12 5.303681e-24
[1] 8.885465e-10 4.353739e-13 6.702674e-12 4.557518e-17
[1] 9.120568e-10 5.908766e-13 6.882947e-12 4.744907e-17
[1] 8.887574e-10 3.563540e-13 6.622935e-12 4.605071e-17
[1] 8.861010e-10 4.418130e-13 6.716516e-12 4.520244e-17
[1] 8.988751e-10 4.189305e-13 6.745400e-12 4.568828e-17
Algorithm did not converge after  500  iterations.
[1] 7.420078e-10 2.173666e-11 5.126307e-12 8.673139e-16
[1] 7.610086e-10 1.214681e-09 1.266448e-11 8.875118e-16
[1] 7.631108e-10 1.155163e-09 1.240488e-11 9.548894e-16
[1] 7.678916e-10 1.137484e-09 1.072227e-11 9.914762e-16
[1] 7.437742e-10 3.994219e-10 1.176281e-11 1.048750e-15
[1] 7.432893e-10 3.980984e-10 1.172758e-11 1.076971e-15
[1] 7.570907e-10 1.059760e-09 1.063477e-11 1.078587e-15
[1] 7.448860e-10 1.033792e-09 1.211344e-11 1.101012e-15
[1] 7.531668e-10 1.033773e-09 1.075042e-11 1.103354e-15
[1] 7.536122e-10 1.033049e-09 1.065411e-11 1.103429e-15
[1] 7.534931e-10 1.032928e-09 1.066483e-11 1.103385e-15
[1] 7.534556e-10 1.032911e-09 1.066920e-11 1.103373e-15
[1] 7.534483e-10 1.032909e-09 1.067010e-11 1.103371e-15
Algorithm converged after  128  iterations.
[1] 7.420078e-10 2.173666e-11 1.348431e-13 1.362030e-12
[1] 1.716963e-09 7.731089e-10 3.627505e-13 1.978845e-12
[1] 1.706829e-09 7.726057e-10 3.581378e-13 1.968384e-12
[1] 1.705632e-09 7.725604e-10 3.576329e-13 1.967191e-12
[1] 1.705480e-09 7.725549e-10 3.575692e-13 1.967039e-12
Algorithm converged after  50  iterations.
[1] 7.420078e-10 2.173666e-11 1.348431e-13 5.126307e-12
[1] 2.104715e-09 5.317385e-10 5.327175e-13 1.324319e-10
[1] 2.051411e-09 5.361135e-10 5.087940e-13 1.217601e-10
[1] 2.002150e-09 5.414167e-10 4.923412e-13 1.144836e-10
[1] 1.988208e-09 5.432783e-10 4.881550e-13 1.124355e-10
[1] 1.982092e-09 5.442749e-10 4.865425e-13 1.115130e-10
[1] 1.977566e-09 5.450480e-10 4.853914e-13 1.108257e-10
[1] 1.973747e-09 5.456928e-10 4.844084e-13 1.102474e-10
[1] 1.970539e-09 5.462246e-10 4.835679e-13 1.097629e-10
[1] 1.967910e-09 5.466537e-10 4.828694e-13 1.093670e-10
[1] 1.965810e-09 5.469925e-10 4.823052e-13 1.090513e-10
[1] 1.964166e-09 5.472553e-10 4.818602e-13 1.088045e-10
[1] 1.962900e-09 5.474565e-10 4.815156e-13 1.086147e-10
[1] 1.961937e-09 5.476087e-10 4.812524e-13 1.084705e-10
[1] 1.961212e-09 5.477231e-10 4.810536e-13 1.083619e-10
[1] 1.960670e-09 5.478084e-10 4.809045e-13 1.082807e-10
[1] 1.960266e-09 5.478717e-10 4.807934e-13 1.082203e-10
[1] 1.959967e-09 5.479187e-10 4.807110e-13 1.081756e-10
[1] 1.959745e-09 5.479533e-10 4.806500e-13 1.081425e-10
[1] 1.959582e-09 5.479789e-10 4.806050e-13 1.081181e-10
[1] 1.959462e-09 5.479977e-10 4.805718e-13 1.081001e-10
[1] 1.959373e-09 5.480115e-10 4.805474e-13 1.080869e-10
[1] 1.959308e-09 5.480217e-10 4.805294e-13 1.080772e-10
[1] 1.959261e-09 5.480291e-10 4.805163e-13 1.080701e-10
[1] 1.959226e-09 5.480346e-10 4.805066e-13 1.080648e-10
[1] 1.959200e-09 5.480386e-10 4.804995e-13 1.080610e-10
[1] 1.959181e-09 5.480416e-10 4.804942e-13 1.080582e-10
[1] 1.959167e-09 5.480437e-10 4.804904e-13 1.080561e-10
[1] 1.959157e-09 5.480453e-10 4.804876e-13 1.080546e-10
Algorithm converged after  288  iterations.
[1] 7.420078e-10 2.173666e-11 1.362030e-12 5.126307e-12
[1] 2.730955e-09 5.546859e-10 2.523583e-12 2.013062e-10
[1] 2.079571e-09 6.049731e-10 2.181132e-12 9.419190e-11
[1] 2.076327e-09 6.056046e-10 2.180943e-12 9.421741e-11
[1] 2.076990e-09 6.055064e-10 2.181238e-12 9.429936e-11
Algorithm converged after  50  iterations.
numeric(0)
Algorithm converged after  1  iterations.
[1] 5.518506e-12
Algorithm converged after  2  iterations.
[1] 4.410881e-13
Algorithm converged after  2  iterations.
[1] 6.604654e-10
Algorithm converged after  2  iterations.
[1] 5.518506e-12 3.245638e-13
Algorithm converged after  2  iterations.
[1] 4.410881e-13 2.012845e-16
Algorithm converged after  2  iterations.
[1] 6.604654e-10 7.060917e-12
Algorithm converged after  2  iterations.
[1] 5.518506e-12 4.410881e-13
Algorithm converged after  2  iterations.
[1] 5.518506e-12 6.604654e-10
Algorithm converged after  2  iterations.
[1] 4.410881e-13 6.604654e-10
Algorithm converged after  2  iterations.
[1] 5.518506e-12 3.245638e-13 4.410881e-13
Algorithm converged after  2  iterations.
[1] 5.518506e-12 3.245638e-13 6.604654e-10
Algorithm converged after  2  iterations.
[1] 5.518506e-12 4.410881e-13 2.012845e-16
Algorithm converged after  2  iterations.
[1] 5.518506e-12 6.604654e-10 7.060917e-12
Algorithm converged after  2  iterations.
[1] 4.410881e-13 2.012845e-16 6.604654e-10
Algorithm converged after  2  iterations.
[1] 4.410881e-13 6.604654e-10 7.060917e-12
Algorithm converged after  2  iterations.
[1] 5.518506e-12 4.410881e-13 6.604654e-10
Algorithm converged after  2  iterations.
[1] 5.518506e-12 3.245638e-13 4.410881e-13 2.012845e-16
Algorithm converged after  2  iterations.
[1] 5.518506e-12 3.245638e-13 6.604654e-10 7.060917e-12
Algorithm converged after  2  iterations.
[1] 4.410881e-13 2.012845e-16 6.604654e-10 7.060917e-12
Algorithm converged after  2  iterations.
[1] 5.518506e-12 3.245638e-13 4.410881e-13 6.604654e-10
Algorithm converged after  2  iterations.
[1] 5.518506e-12 4.410881e-13 2.012845e-16 6.604654e-10
Algorithm converged after  2  iterations.
[1] 5.518506e-12 4.410881e-13 6.604654e-10 7.060917e-12
Algorithm converged after  2  iterations.
[1] 1.754306e-09
Algorithm converged after  2  iterations.
[1] 1.754306e-09 3.689860e-13
Algorithm converged after  6  iterations.
[1] 1.754306e-09 6.028251e-13
Algorithm converged after  6  iterations.
[1] 1.754306e-09 1.025662e-09
[1] 7.598169e-09 1.932030e-09
Algorithm converged after  12  iterations.
[1] 1.754306e-09 3.689860e-13 1.661558e-15
Algorithm converged after  5  iterations.
[1] 1.754306e-09 6.028251e-13 6.698561e-15
Algorithm converged after  10  iterations.
[1] 1.754306e-09 1.025662e-09 5.243667e-15
[1] 7.622901e-09 1.936421e-09 5.693335e-15
[1] 7.088626e-09 1.869026e-09 5.518840e-15
[1] 7.520908e-09 1.923371e-09 5.642633e-15
Algorithm converged after  40  iterations.
[1] 1.754306e-09 3.689860e-13 6.028251e-13
Algorithm converged after  7  iterations.
[1] 1.754306e-09 3.689860e-13 1.025662e-09
[1] 9.393133e-09 4.829433e-13 2.190436e-09
Algorithm converged after  13  iterations.
[1] 1.754306e-09 6.028251e-13 1.025662e-09
[1] 9.628790e-09 7.197288e-13 2.221936e-09
Algorithm converged after  13  iterations.
[1] 1.754306e-09 3.689860e-13 1.661558e-15 6.028251e-13
Algorithm converged after  6  iterations.
[1] 1.754306e-09 3.689860e-13 1.661558e-15 1.025662e-09
[1] 8.956344e-09 4.773074e-13 1.711961e-15 2.136986e-09
[1] 9.010997e-09 4.782131e-13 1.695001e-15 2.145198e-09
Algorithm converged after  25  iterations.
[1] 1.754306e-09 3.689860e-13 6.028251e-13 6.698561e-15
Algorithm converged after  9  iterations.
[1] 1.754306e-09 3.689860e-13 1.025662e-09 5.243667e-15
[1] 9.584452e-09 4.856155e-13 2.220515e-09 5.498818e-15
Algorithm converged after  13  iterations.
[1] 1.754306e-09 6.028251e-13 6.698561e-15 1.025662e-09
[1] 1.069696e-08 7.320013e-13 6.178571e-16 2.362264e-09
Algorithm converged after  13  iterations.
[1] 1.754306e-09 6.028251e-13 1.025662e-09 5.243667e-15
[1] 9.783100e-09 7.219117e-13 2.245544e-09 5.450612e-15
Algorithm converged after  13  iterations.
[1] 1.754306e-09 3.689860e-13 6.028251e-13 1.025662e-09
[1] 1.171604e-08 5.095133e-13 7.426599e-13 2.496687e-09
Algorithm converged after  14  iterations.
[1] 1.754306e-09 8.523382e-10
Algorithm converged after  2  iterations.
[1] 1.754306e-09 8.523382e-10 1.719086e-15
Algorithm converged after  5  iterations.
[1] 1.754306e-09 8.523382e-10 6.470150e-15
[1] 6.411337e-10 9.309173e-13 6.012691e-12
Algorithm converged after  13  iterations.
[1] 1.754306e-09 8.523382e-10 5.620211e-15
Algorithm converged after  7  iterations.
[1] 1.754306e-09 8.523382e-10 1.719086e-15 2.224636e-16
Algorithm converged after  9  iterations.
[1] 1.754306e-09 8.523382e-10 6.470150e-15 9.565456e-16
[1] 6.454400e-10 7.690148e-13 5.771238e-12 8.801038e-15
Algorithm converged after  11  iterations.
[1] 1.754306e-09 8.523382e-10 5.620211e-15 6.478971e-16
[1] 5.143901e-10 2.044953e-10 9.967785e-12 7.421177e-15
[1] 4.667264e-10 2.285838e-11 2.017559e-10 9.681594e-15
[1] 4.649997e-10 2.273996e-11 2.589334e-10 9.970838e-15
[1] 4.649729e-10 2.273777e-11 2.602930e-10 9.977441e-15
[1] 4.649723e-10 2.273772e-11 2.603234e-10 9.977588e-15
Algorithm converged after  52  iterations.
[1] 1.754306e-09 8.523382e-10 1.719086e-15 6.470150e-15
[1] 6.964267e-10 5.466598e-13 1.556683e-12 6.268898e-12
[1] 6.963971e-10 5.466155e-13 1.557251e-12 6.269815e-12
Algorithm converged after  22  iterations.
[1] 1.754306e-09 8.523382e-10 1.719086e-15 5.620211e-15
Algorithm converged after  6  iterations.
[1] 1.754306e-09 8.523382e-10 6.470150e-15 5.620211e-15
Algorithm converged after  7  iterations.
numeric(0)
Algorithm converged after  1  iterations.
[1] 8.535534e-12
Algorithm converged after  2  iterations.
[1] 1.583486e-12
Algorithm converged after  2  iterations.
[1] 5.523663e-10
Algorithm converged after  2  iterations.
[1] 8.535534e-12 2.341984e-13
Algorithm converged after  2  iterations.
[1] 1.583486e-12 1.779072e-12
Algorithm converged after  2  iterations.
[1] 5.523663e-10 1.323068e-11
Algorithm converged after  2  iterations.
[1] 8.535534e-12 1.583486e-12
Algorithm converged after  2  iterations.
[1] 8.535534e-12 5.523663e-10
Algorithm converged after  2  iterations.
[1] 1.583486e-12 5.523663e-10
Algorithm converged after  2  iterations.
[1] 8.535534e-12 2.341984e-13 1.583486e-12
Algorithm converged after  2  iterations.
[1] 8.535534e-12 2.341984e-13 5.523663e-10
Algorithm converged after  2  iterations.
[1] 8.535534e-12 1.583486e-12 1.779072e-12
Algorithm converged after  2  iterations.
[1] 8.535534e-12 5.523663e-10 1.323068e-11
Algorithm converged after  2  iterations.
[1] 1.583486e-12 1.779072e-12 5.523663e-10
Algorithm converged after  2  iterations.
[1] 1.583486e-12 5.523663e-10 1.323068e-11
Algorithm converged after  2  iterations.
[1] 8.535534e-12 1.583486e-12 5.523663e-10
Algorithm converged after  2  iterations.
[1] 8.535534e-12 2.341984e-13 1.583486e-12 1.779072e-12
Algorithm converged after  2  iterations.
[1] 8.535534e-12 2.341984e-13 5.523663e-10 1.323068e-11
Algorithm converged after  2  iterations.
[1] 1.583486e-12 1.779072e-12 5.523663e-10 1.323068e-11
Algorithm converged after  2  iterations.
[1] 8.535534e-12 2.341984e-13 1.583486e-12 5.523663e-10
Algorithm converged after  2  iterations.
[1] 8.535534e-12 1.583486e-12 1.779072e-12 5.523663e-10
Algorithm converged after  2  iterations.
[1] 8.535534e-12 1.583486e-12 5.523663e-10 1.323068e-11
Algorithm converged after  2  iterations.
[1] 7.3206e-10
Algorithm converged after  2  iterations.
[1] 7.320600e-10 3.403765e-13
Algorithm converged after  6  iterations.
[1] 7.320600e-10 4.515339e-12
Algorithm converged after  6  iterations.
[1] 7.320600e-10 2.955256e-10
Algorithm converged after  5  iterations.
[1] 7.320600e-10 3.403765e-13 4.506561e-18
Algorithm converged after  6  iterations.
[1] 7.320600e-10 4.515339e-12 1.344486e-16
[1] 7.868943e-10 4.708414e-12 1.384103e-16
[1] 8.346990e-10 4.868284e-12 1.410548e-16
[1] 9.141380e-10 5.154721e-12 1.654695e-16
[1] 9.150294e-10 5.155473e-12 4.531624e-32
[1] 8.145618e-10 4.813360e-12 5.610031e-16
[1] 9.137678e-10 5.160039e-12 1.677216e-16
[1] 8.461970e-10 4.913818e-12 1.558716e-16
[1] 9.136151e-10 5.159553e-12 4.091395e-25
[1] 8.500432e-10 4.947914e-12 3.137292e-25
[1] 8.244742e-10 4.842486e-12 5.900005e-15
[1] 9.113789e-10 5.144151e-12 1.640773e-16
[1] 7.963404e-10 4.743865e-12 5.671099e-16
[1] 8.413886e-10 4.896173e-12 1.548141e-16
[1] 9.130043e-10 5.147246e-12 3.408749e-27
[1] 8.462601e-10 4.915843e-12 5.872962e-15
[1] 9.133052e-10 5.160301e-12 1.156977e-29
[1] 7.428096e-10 4.562329e-12 1.357516e-16
[1] 8.471914e-10 4.939304e-12 7.186011e-25
[1] 9.151118e-10 5.156791e-12 1.642935e-16
[1] 8.816243e-10 5.033283e-12 1.432898e-16
[1] 8.772355e-10 5.030528e-12 8.882526e-34
[1] 8.476998e-10 4.941151e-12 5.645694e-15
[1] 9.185049e-10 5.170110e-12 1.654286e-16
Algorithm converged after  234  iterations.
[1] 7.320600e-10 2.955256e-10 1.338823e-14
[1] 8.162296e-10 3.666861e-10 4.699967e-15
[1] 7.219321e-10 3.182998e-10 4.417743e-15
[1] 7.372592e-10 3.253261e-10 1.331404e-14
[1] 8.162110e-10 3.664793e-10 4.700171e-15
[1] 7.219128e-10 3.181170e-10 4.417875e-15
[1] 7.372402e-10 3.251394e-10 1.331387e-14
[1] 8.161926e-10 3.662726e-10 4.700376e-15
[1] 7.218935e-10 3.179340e-10 4.418007e-15
[1] 7.372211e-10 3.249524e-10 1.331370e-14
[1] 8.161741e-10 3.660659e-10 4.700583e-15
[1] 7.218742e-10 3.177508e-10 4.418139e-15
[1] 7.372020e-10 3.247653e-10 1.331353e-14
[1] 8.161556e-10 3.658589e-10 4.700789e-15
[1] 7.218548e-10 3.175675e-10 4.418272e-15
[1] 7.371829e-10 3.245780e-10 1.331337e-14
[1] 8.161371e-10 3.656516e-10 4.700996e-15
[1] 7.218355e-10 3.173839e-10 4.418405e-15
[1] 7.371638e-10 3.243904e-10 1.331320e-14
[1] 8.161186e-10 3.654441e-10 4.701204e-15
[1] 7.218161e-10 3.172002e-10 4.418538e-15
[1] 7.371447e-10 3.242027e-10 1.331303e-14
[1] 8.161001e-10 3.652364e-10 4.701411e-15
[1] 7.217967e-10 3.170162e-10 4.418671e-15
[1] 7.371255e-10 3.240148e-10 1.331286e-14
[1] 8.160816e-10 3.650285e-10 4.701619e-15
[1] 7.217773e-10 3.168321e-10 4.418805e-15
[1] 7.371063e-10 3.238266e-10 1.331269e-14
[1] 8.160630e-10 3.648204e-10 4.701828e-15
[1] 7.217579e-10 3.166477e-10 4.418939e-15
[1] 7.370871e-10 3.236383e-10 1.331252e-14
[1] 8.160445e-10 3.646120e-10 4.702036e-15
[1] 7.217384e-10 3.164632e-10 4.419073e-15
[1] 7.370679e-10 3.234497e-10 1.331235e-14
[1] 8.160259e-10 3.644031e-10 4.702244e-15
[1] 7.217190e-10 3.162785e-10 4.419207e-15
[1] 7.370494e-10 3.232612e-10 1.331219e-14
[1] 8.160073e-10 3.641944e-10 4.702454e-15
[1] 7.216995e-10 3.160935e-10 4.419341e-15
[1] 7.370298e-10 3.230721e-10 1.331202e-14
[1] 8.159887e-10 3.639854e-10 4.702665e-15
[1] 7.216800e-10 3.159084e-10 4.419476e-15
[1] 7.370103e-10 3.228829e-10 1.331184e-14
[1] 8.159700e-10 3.637761e-10 4.702875e-15
[1] 7.216605e-10 3.157230e-10 4.419611e-15
[1] 7.369909e-10 3.226935e-10 1.331167e-14
[1] 8.159514e-10 3.635666e-10 4.703085e-15
[1] 7.216410e-10 3.155375e-10 4.419747e-15
[1] 7.369716e-10 3.225039e-10 1.331150e-14
[1] 8.159327e-10 3.633569e-10 4.703296e-15
Algorithm did not converge after  500  iterations.
[1] 7.320600e-10 3.403765e-13 4.515339e-12
Algorithm converged after  6  iterations.
[1] 7.320600e-10 3.403765e-13 2.955256e-10
Algorithm converged after  6  iterations.
[1] 7.320600e-10 4.515339e-12 2.955256e-10
Algorithm converged after  7  iterations.
[1] 7.320600e-10 3.403765e-13 4.506561e-18 4.515339e-12
Algorithm converged after  6  iterations.
[1] 7.320600e-10 3.403765e-13 4.506561e-18 2.955256e-10
Algorithm converged after  6  iterations.
[1] 7.320600e-10 3.403765e-13 4.515339e-12 1.344486e-16
[1] 8.381020e-10 1.086098e-15 4.914988e-12 2.706017e-25
[1] 9.389536e-10 8.553782e-14 5.240862e-12 1.684066e-16
[1] 8.503341e-10 6.918518e-14 4.938255e-12 1.576187e-16
[1] 9.428343e-10 8.645646e-14 5.252867e-12 1.681785e-16
Algorithm converged after  43  iterations.
[1] 7.320600e-10 3.403765e-13 2.955256e-10 1.338823e-14
[1] 7.118300e-10 3.718604e-13 3.156333e-10 4.449211e-15
Algorithm converged after  15  iterations.
[1] 7.320600e-10 4.515339e-12 1.344486e-16 2.955256e-10
[1] 8.951458e-10 5.068211e-12 1.900208e-27 3.791418e-10
[1] 9.633354e-10 5.315509e-12 1.709552e-16 4.100185e-10
Algorithm converged after  21  iterations.
[1] 7.320600e-10 4.515339e-12 2.955256e-10 1.338823e-14
Algorithm converged after  9  iterations.
[1] 7.320600e-10 3.403765e-13 4.515339e-12 2.955256e-10
Algorithm converged after  7  iterations.
[1] 7.320600e-10 4.997081e-14
Algorithm converged after  2  iterations.
[1] 7.320600e-10 4.997081e-14 6.906505e-13
Algorithm converged after  8  iterations.
[1] 7.320600e-10 4.997081e-14 2.455347e-12
[1] 8.177888e-10 5.374554e-14 3.907569e-12
[1] 8.366143e-10 6.944714e-13 5.816763e-12
Algorithm converged after  28  iterations.
[1] 7.320600e-10 4.997081e-14 7.913864e-11
[1] 8.065296e-10 1.612601e-13 1.636361e-09
Algorithm converged after  13  iterations.
[1] 7.320600e-10 4.997081e-14 6.906505e-13 1.236425e-15
[1] 6.935518e-10 1.115345e-13 1.567144e-12 1.398930e-15
Algorithm converged after  11  iterations.
[1] 7.320600e-10 4.997081e-14 2.455347e-12 1.951210e-16
[1] 8.698657e-10 8.917774e-13 5.665950e-12 9.679848e-16
[1] 8.451881e-10 8.339423e-13 5.181000e-12 7.532492e-28
[1] 8.605837e-10 9.522982e-13 5.503636e-12 7.062051e-16
Algorithm converged after  33  iterations.
[1] 7.320600e-10 4.997081e-14 7.913864e-11 1.735773e-15
[1] 8.286359e-10 3.471611e-13 2.382085e-09 3.222581e-24
[1] 8.156139e-10 3.758258e-13 2.771336e-09 6.256085e-16
Algorithm converged after  28  iterations.
[1] 7.320600e-10 4.997081e-14 6.906505e-13 2.455347e-12
[1] 7.864502e-10 4.297374e-14 3.774824e-13 3.480453e-12
Algorithm converged after  12  iterations.
[1] 7.320600e-10 4.997081e-14 6.906505e-13 7.913864e-11
[1] 8.076409e-10 8.379446e-12 2.167304e-12 3.257716e-09
Algorithm converged after  19  iterations.
[1] 7.320600e-10 4.997081e-14 2.455347e-12 7.913864e-11
Algorithm converged after  9  iterations.
numeric(0)
Algorithm converged after  1  iterations.
[1] 5.641978e-12
Algorithm converged after  2  iterations.
[1] 1.331798e-12
Algorithm converged after  2  iterations.
[1] 4.846574e-10
Algorithm converged after  2  iterations.
[1] 5.641978e-12 6.408307e-13
Algorithm converged after  2  iterations.
[1] 1.331798e-12 2.211676e-16
Algorithm converged after  2  iterations.
[1] 4.846574e-10 1.144440e-11
Algorithm converged after  2  iterations.
[1] 5.641978e-12 1.331798e-12
Algorithm converged after  2  iterations.
[1] 5.641978e-12 4.846574e-10
Algorithm converged after  2  iterations.
[1] 1.331798e-12 4.846574e-10
Algorithm converged after  2  iterations.
[1] 5.641978e-12 6.408307e-13 1.331798e-12
Algorithm converged after  2  iterations.
[1] 5.641978e-12 6.408307e-13 4.846574e-10
Algorithm converged after  2  iterations.
[1] 5.641978e-12 1.331798e-12 2.211676e-16
Algorithm converged after  2  iterations.
[1] 5.641978e-12 4.846574e-10 1.144440e-11
Algorithm converged after  2  iterations.
[1] 1.331798e-12 2.211676e-16 4.846574e-10
Algorithm converged after  2  iterations.
[1] 1.331798e-12 4.846574e-10 1.144440e-11
Algorithm converged after  2  iterations.
[1] 5.641978e-12 1.331798e-12 4.846574e-10
Algorithm converged after  2  iterations.
[1] 5.641978e-12 6.408307e-13 1.331798e-12 2.211676e-16
Algorithm converged after  2  iterations.
[1] 5.641978e-12 6.408307e-13 4.846574e-10 1.144440e-11
Algorithm converged after  2  iterations.
[1] 1.331798e-12 2.211676e-16 4.846574e-10 1.144440e-11
Algorithm converged after  2  iterations.
[1] 5.641978e-12 6.408307e-13 1.331798e-12 4.846574e-10
Algorithm converged after  2  iterations.
[1] 5.641978e-12 1.331798e-12 2.211676e-16 4.846574e-10
Algorithm converged after  2  iterations.
[1] 5.641978e-12 1.331798e-12 4.846574e-10 1.144440e-11
Algorithm converged after  2  iterations.
[1] 7.264556e-10
Algorithm converged after  2  iterations.
[1] 7.264556e-10 1.024737e-12
Algorithm converged after  5  iterations.
[1] 7.264556e-10 4.759882e-12
Algorithm converged after  6  iterations.
[1] 7.264556e-10 7.351820e-11
Algorithm converged after  6  iterations.
[1] 7.264556e-10 1.024737e-12 1.016612e-15
Algorithm converged after  6  iterations.
[1] 7.264556e-10 4.759882e-12 2.414661e-16
Algorithm converged after  6  iterations.
[1] 7.264556e-10 7.351820e-11 4.512192e-15
[1] 7.462423e-10 8.773170e-11 4.472504e-15
[1] 6.973225e-10 7.617846e-11 4.464578e-15
[1] 7.465514e-10 9.016382e-11 6.143257e-23
[1] 7.420510e-10 8.533707e-11 1.051093e-23
[1] 6.975661e-10 7.896186e-11 5.068560e-30
Algorithm converged after  57  iterations.
[1] 7.264556e-10 1.024737e-12 4.759882e-12
Algorithm converged after  6  iterations.
[1] 7.264556e-10 1.024737e-12 7.351820e-11
Algorithm converged after  6  iterations.
[1] 7.264556e-10 4.759882e-12 7.351820e-11
Algorithm converged after  6  iterations.
[1] 7.264556e-10 1.024737e-12 1.016612e-15 4.759882e-12
Algorithm converged after  7  iterations.
[1] 7.264556e-10 1.024737e-12 1.016612e-15 7.351820e-11
Algorithm converged after  6  iterations.
[1] 7.264556e-10 1.024737e-12 4.759882e-12 2.414661e-16
Algorithm converged after  7  iterations.
[1] 7.264556e-10 1.024737e-12 7.351820e-11 4.512192e-15
[1] 7.722829e-10 1.093156e-12 8.278889e-11 4.523525e-15
[1] 7.681614e-10 1.101102e-12 7.895520e-11 3.910537e-26
Algorithm converged after  28  iterations.
[1] 7.264556e-10 4.759882e-12 2.414661e-16 7.351820e-11
Algorithm converged after  7  iterations.
[1] 7.264556e-10 4.759882e-12 7.351820e-11 4.512192e-15
[1] 8.343227e-10 5.052320e-12 9.108062e-11 1.610595e-30
[1] 7.610252e-10 4.877779e-12 7.109927e-11 2.235815e-29
[1] 8.052739e-10 4.993515e-12 7.808558e-11 4.473143e-30
[1] 8.267579e-10 5.032718e-12 8.917844e-11 5.681510e-24
[1] 7.990711e-10 4.958494e-12 8.553425e-11 1.460990e-25
[1] 8.374712e-10 5.055176e-12 9.414441e-11 4.530364e-15
[1] 8.012555e-10 4.958162e-12 9.019605e-11 4.254816e-24
[1] 8.096296e-10 4.986525e-12 8.698379e-11 1.230533e-24
[1] 8.329478e-10 5.043473e-12 9.276152e-11 3.899552e-26
Algorithm converged after  100  iterations.
[1] 7.264556e-10 1.024737e-12 4.759882e-12 7.351820e-11
Algorithm converged after  7  iterations.
[1] 7.264556e-10 4.547676e-12
Algorithm converged after  2  iterations.
[1] 7.264556e-10 4.547676e-12 9.401251e-13
[1] 7.841971e-10 3.292670e-12 1.335262e-12
Algorithm converged after  11  iterations.
[1] 7.264556e-10 4.547676e-12 3.106810e-12
[1] 8.504404e-10 3.516234e-12 3.902181e-12
Algorithm converged after  14  iterations.
[1] 7.264556e-10 4.547676e-12 1.592220e-11
[1] 1.476438e-09 6.638912e-10 1.147920e-09
[1] 1.703818e-09 6.790212e-10 1.409899e-09
[1] 1.780007e-09 6.781218e-10 1.477216e-09
[1] 1.769882e-09 6.640995e-10 1.402725e-09
[1] 1.624097e-09 6.341036e-10 1.131872e-09
[1] 1.434206e-09 6.078719e-10 8.510467e-10
[1] 1.345189e-09 5.974817e-10 7.336228e-10
[1] 1.320128e-09 5.946278e-10 7.018352e-10
[1] 1.314063e-09 5.939322e-10 6.942128e-10
[1] 1.312643e-09 5.937685e-10 6.924309e-10
[1] 1.312312e-09 5.937303e-10 6.920159e-10
[1] 1.312235e-09 5.937213e-10 6.919193e-10
[1] 1.312217e-09 5.937193e-10 6.918968e-10
Algorithm converged after  134  iterations.
[1] 7.264556e-10 4.547676e-12 9.401251e-13 4.037648e-16
[1] 7.725917e-10 2.836323e-12 1.319144e-12 9.194931e-18
Algorithm converged after  19  iterations.
[1] 7.264556e-10 4.547676e-12 3.106810e-12 1.792469e-15
[1] 8.679882e-10 4.319338e-12 3.920627e-12 1.350048e-16
[1] 9.049140e-10 4.333355e-12 4.003208e-12 1.232213e-24
[1] 8.921128e-10 5.300992e-12 4.133572e-12 1.499082e-16
[1] 8.626143e-10 5.500397e-12 4.188983e-12 1.205838e-29
[1] 8.640530e-10 5.774542e-12 4.208475e-12 1.430002e-16
[1] 8.985402e-10 5.809065e-12 4.272539e-12 1.347767e-16
[1] 9.011250e-10 5.963959e-12 4.295395e-12 2.653927e-17
[1] 8.390386e-10 6.145137e-12 4.241561e-12 5.946926e-22
[1] 8.969426e-10 6.140483e-12 4.319984e-12 2.743480e-17
[1] 8.383729e-10 6.226497e-12 4.265729e-12 2.090663e-18
[1] 8.981080e-10 6.266622e-12 4.347233e-12 1.172882e-17
[1] 8.297354e-10 6.423982e-12 4.284257e-12 1.246287e-16
[1] 8.098433e-10 6.224170e-12 4.233746e-12 3.407567e-17
[1] 8.974368e-10 6.543935e-12 4.404175e-12 1.356050e-16
[1] 8.991676e-10 6.719202e-12 4.439437e-12 1.559103e-26
[1] 8.593713e-10 7.398777e-12 4.483175e-12 3.288102e-17
[1] 8.962232e-10 6.800289e-12 4.467104e-12 3.914781e-28
[1] 8.289746e-10 6.726316e-12 4.365844e-12 1.224595e-16
[1] 8.967033e-10 7.179815e-12 4.525352e-12 4.579726e-26
[1] 8.976289e-10 7.130839e-12 4.537300e-12 3.161989e-31
[1] 8.179435e-10 7.049583e-12 4.413337e-12 6.746356e-34
[1] 8.967062e-10 7.243943e-12 4.563078e-12 1.377441e-16
[1] 8.164964e-10 6.789524e-12 4.401919e-12 1.420126e-16
[1] 8.919005e-10 7.485133e-12 4.619818e-12 1.958494e-25
[1] 8.216964e-10 7.501825e-12 4.529278e-12 1.227592e-16
[1] 8.953344e-10 7.628466e-12 4.664111e-12 6.251912e-18
[1] 8.928757e-10 7.681670e-12 4.688806e-12 2.876792e-17
[1] 8.192528e-10 7.817920e-12 4.616685e-12 1.632853e-27
[1] 8.417149e-10 7.859636e-12 4.655284e-12 1.325867e-16
[1] 8.446456e-10 8.145779e-12 4.697542e-12 1.567542e-25
[1] 8.905111e-10 7.844458e-12 4.757205e-12 2.882733e-17
[1] 8.403780e-10 7.888154e-12 4.673268e-12 1.185794e-26
[1] 8.902457e-10 7.931956e-12 4.775958e-12 9.963165e-21
[1] 8.923507e-10 8.134468e-12 4.839750e-12 2.731699e-31
[1] 8.909320e-10 8.061860e-12 4.842846e-12 8.860192e-27
[1] 8.901427e-10 8.055646e-12 4.847043e-12 9.304617e-26
[1] 8.386548e-10 8.489408e-12 4.803282e-12 5.502447e-27
[1] 8.445127e-10 8.492614e-12 4.833960e-12 1.295974e-16
[1] 8.880404e-10 8.143695e-12 4.892912e-12 1.777703e-29
[1] 8.911665e-10 8.260123e-12 4.918283e-12 2.922218e-17
[1] 8.905934e-10 8.285249e-12 4.926640e-12 1.402667e-16
[1] 8.887321e-10 8.218857e-12 4.935558e-12 1.307186e-16
[1] 8.288204e-10 8.376887e-12 4.844305e-12 1.279172e-16
[1] 8.904768e-10 8.300014e-12 4.962359e-12 3.023470e-18
[1] 8.906200e-10 8.284326e-12 4.967120e-12 2.014413e-17
[1] 8.860157e-10 8.213823e-12 4.955168e-12 1.420504e-16
[1] 8.134162e-10 8.276657e-12 4.845346e-12 1.177514e-16
[1] 8.124786e-10 7.630827e-12 4.776222e-12 4.902649e-21
[1] 8.278769e-10 8.613088e-12 4.911042e-12 1.517312e-27
Algorithm did not converge after  500  iterations.
[1] 7.264556e-10 4.547676e-12 1.592220e-11 1.408715e-28
[1] 1.457639e-09 6.122457e-10 8.697626e-10 1.661531e-14
[1] 1.580599e-09 6.121393e-10 8.846078e-10 1.815592e-14
[1] 1.595722e-09 6.083762e-10 8.823368e-10 1.834749e-14
[1] 1.592942e-09 6.077757e-10 8.788069e-10 1.833895e-14
[1] 1.592657e-09 6.077123e-10 8.784455e-10 1.833820e-14
[1] 1.592628e-09 6.077057e-10 8.784089e-10 1.833814e-14
Algorithm converged after  62  iterations.
[1] 7.264556e-10 4.547676e-12 9.401251e-13 3.106810e-12
[1] 9.616340e-10 5.304781e-12 2.322862e-12 4.491888e-12
Algorithm converged after  13  iterations.
[1] 7.264556e-10 4.547676e-12 9.401251e-13 1.592220e-11
[1] 9.043576e-10 5.836710e-12 3.332309e-12 8.514187e-10
[1] 9.308832e-10 6.261287e-12 3.622316e-12 9.964982e-10
[1] 9.338795e-10 6.308654e-12 3.654373e-12 1.012843e-09
[1] 9.342074e-10 6.313832e-12 3.657873e-12 1.014632e-09
[1] 9.342432e-10 6.314396e-12 3.658255e-12 1.014827e-09
Algorithm converged after  59  iterations.
[1] 7.264556e-10 4.547676e-12 3.106810e-12 1.592220e-11
[1] 1.003184e-09 9.797695e-12 5.824869e-12 1.171399e-09
[1] 1.027025e-09 1.049893e-11 6.013858e-12 1.313636e-09
[1] 1.028814e-09 1.055100e-11 6.027712e-12 1.324291e-09
[1] 1.028944e-09 1.055481e-11 6.028724e-12 1.325071e-09
[1] 1.028954e-09 1.055508e-11 6.028798e-12 1.325128e-09
Algorithm converged after  52  iterations.
numeric(0)
Algorithm converged after  1  iterations.
[1] 5.533206e-12
Algorithm converged after  2  iterations.
[1] 1.162452e-12
Algorithm converged after  2  iterations.
[1] 8.342488e-10
Algorithm converged after  2  iterations.
[1] 5.533206e-12 4.676463e-13
Algorithm converged after  2  iterations.
[1] 1.162452e-12 1.327836e-14
Algorithm converged after  2  iterations.
[1] 8.342488e-10 1.192272e-11
Algorithm converged after  2  iterations.
[1] 5.533206e-12 1.162452e-12
Algorithm converged after  2  iterations.
[1] 5.533206e-12 8.342488e-10
Algorithm converged after  2  iterations.
[1] 1.162452e-12 8.342488e-10
Algorithm converged after  2  iterations.
[1] 5.533206e-12 4.676463e-13 1.162452e-12
Algorithm converged after  2  iterations.
[1] 5.533206e-12 4.676463e-13 8.342488e-10
Algorithm converged after  2  iterations.
[1] 5.533206e-12 1.162452e-12 1.327836e-14
Algorithm converged after  2  iterations.
[1] 5.533206e-12 8.342488e-10 1.192272e-11
Algorithm converged after  2  iterations.
[1] 1.162452e-12 1.327836e-14 8.342488e-10
Algorithm converged after  2  iterations.
[1] 1.162452e-12 8.342488e-10 1.192272e-11
Algorithm converged after  2  iterations.
[1] 5.533206e-12 1.162452e-12 8.342488e-10
Algorithm converged after  2  iterations.
[1] 5.533206e-12 4.676463e-13 1.162452e-12 1.327836e-14
Algorithm converged after  2  iterations.
[1] 5.533206e-12 4.676463e-13 8.342488e-10 1.192272e-11
Algorithm converged after  2  iterations.
[1] 1.162452e-12 1.327836e-14 8.342488e-10 1.192272e-11
Algorithm converged after  2  iterations.
[1] 5.533206e-12 4.676463e-13 1.162452e-12 8.342488e-10
Algorithm converged after  2  iterations.
[1] 5.533206e-12 1.162452e-12 1.327836e-14 8.342488e-10
Algorithm converged after  2  iterations.
[1] 5.533206e-12 1.162452e-12 8.342488e-10 1.192272e-11
Algorithm converged after  2  iterations.
[1] 2.507227e-09
Algorithm converged after  2  iterations.
[1] 2.507227e-09 7.473703e-13
Algorithm converged after  6  iterations.
[1] 2.507227e-09 1.396912e-12
Algorithm converged after  6  iterations.
[1] 2.507227e-09 1.173623e-09
[1] 1.082788e-08 2.152408e-09
Algorithm converged after  12  iterations.
[1] 2.507227e-09 7.473703e-13 6.954527e-16
Algorithm converged after  8  iterations.
[1] 2.507227e-09 1.396912e-12 3.028739e-16
Algorithm converged after  7  iterations.
[1] 2.507227e-09 1.173623e-09 4.552179e-15
[1] 1.141974e-08 2.217300e-09 4.887502e-15
Algorithm converged after  11  iterations.
[1] 2.507227e-09 7.473703e-13 1.396912e-12
Algorithm converged after  7  iterations.
[1] 2.507227e-09 7.473703e-13 1.173623e-09
[1] 1.397645e-08 1.200737e-12 2.480943e-09
Algorithm converged after  13  iterations.
[1] 2.507227e-09 1.396912e-12 1.173623e-09
[1] 1.311273e-08 1.603933e-12 2.404386e-09
Algorithm converged after  13  iterations.
[1] 2.507227e-09 7.473703e-13 6.954527e-16 1.396912e-12
Algorithm converged after  8  iterations.
[1] 2.507227e-09 7.473703e-13 6.954527e-16 1.173623e-09
[1] 1.512418e-08 1.236306e-12 2.801153e-17 2.590596e-09
[1] 1.525970e-08 1.240555e-12 2.812468e-17 2.603413e-09
[1] 1.540834e-08 1.245237e-12 2.201622e-17 2.617503e-09
[1] 1.555045e-08 1.249698e-12 2.189763e-17 2.630928e-09
[1] 1.560136e-08 1.251283e-12 2.198451e-17 2.635716e-09
[1] 1.524855e-08 1.240234e-12 2.860270e-17 2.602428e-09
[1] 1.537928e-08 1.244308e-12 3.231424e-17 2.614747e-09
[1] 1.511294e-08 1.235945e-12 3.215552e-17 2.589544e-09
[1] 1.554016e-08 1.249394e-12 3.241557e-17 2.630001e-09
[1] 1.510285e-08 1.235636e-12 2.535943e-17 2.588612e-09
[1] 1.524341e-08 1.240013e-12 3.121103e-17 2.601854e-09
[1] 1.560962e-08 1.251535e-12 3.248580e-17 2.636509e-09
[1] 1.562144e-08 1.251900e-12 2.857101e-17 2.637616e-09
[1] 1.561317e-08 1.251645e-12 3.264851e-17 2.636846e-09
[1] 1.524762e-08 1.240140e-12 2.803182e-17 2.602257e-09
[1] 1.536686e-08 1.243949e-12 2.157507e-17 2.613653e-09
[1] 1.520608e-08 1.238840e-12 2.556849e-17 2.598347e-09
[1] 1.531952e-08 1.242420e-12 2.472780e-17 2.609127e-09
[1] 1.534755e-08 1.243301e-12 2.100264e-17 2.611779e-09
[1] 1.541456e-08 1.245388e-12 2.690856e-17 2.618093e-09
[1] 1.514771e-08 1.237009e-12 2.868095e-17 2.592843e-09
[1] 1.517560e-08 1.237884e-12 2.152315e-17 2.595486e-09
[1] 1.513627e-08 1.236658e-12 2.300883e-17 2.591783e-09
[1] 1.516115e-08 1.237433e-12 2.049230e-17 2.594133e-09
[1] 1.518430e-08 1.238175e-12 2.201192e-17 2.596357e-09
[1] 1.538290e-08 1.244442e-12 2.935330e-17 2.615197e-09
[1] 1.548852e-08 1.247768e-12 2.819997e-17 2.625188e-09
[1] 1.542836e-08 1.245833e-12 3.024759e-17 2.619451e-09
[1] 1.546686e-08 1.247075e-12 2.300779e-17 2.623136e-09
[1] 1.519813e-08 1.238580e-12 2.781194e-17 2.597639e-09
[1] 1.514768e-08 1.236992e-12 2.552196e-17 2.592867e-09
[1] 1.519568e-08 1.238515e-12 3.132117e-17 2.597449e-09
[1] 1.520030e-08 1.238674e-12 2.915020e-17 2.597920e-09
[1] 1.514813e-08 1.237023e-12 2.098639e-17 2.592965e-09
[1] 1.551273e-08 1.248519e-12 3.188644e-17 2.627517e-09
[1] 1.523092e-08 1.239622e-12 2.279091e-17 2.600818e-09
[1] 1.533816e-08 1.242990e-12 2.957377e-17 2.610969e-09
[1] 1.552868e-08 1.248965e-12 2.097671e-17 2.628968e-09
[1] 1.541586e-08 1.245468e-12 2.301636e-17 2.618388e-09
[1] 1.521489e-08 1.239114e-12 2.985259e-17 2.599321e-09
[1] 1.523592e-08 1.239772e-12 2.593653e-17 2.601314e-09
[1] 1.526040e-08 1.240537e-12 2.415034e-17 2.603632e-09
[1] 1.524803e-08 1.240159e-12 2.681701e-17 2.602484e-09
[1] 1.517927e-08 1.237986e-12 2.062268e-17 2.595958e-09
[1] 1.528013e-08 1.241170e-12 2.104655e-17 2.605542e-09
[1] 1.513597e-08 1.236632e-12 3.130914e-17 2.591877e-09
[1] 1.515621e-08 1.237271e-12 2.083297e-17 2.593808e-09
[1] 1.506337e-08 1.234351e-12 3.056788e-17 2.585013e-09
[1] 1.523083e-08 1.239612e-12 3.082811e-17 2.600883e-09
Algorithm did not converge after  500  iterations.
[1] 2.507227e-09 7.473703e-13 1.396912e-12 3.028739e-16
Algorithm converged after  9  iterations.
[1] 2.507227e-09 7.473703e-13 1.173623e-09 4.552179e-15
[1] 1.369601e-08 1.193836e-12 2.459848e-09 1.245332e-29
[1] 1.429355e-08 1.211932e-12 2.511339e-09 5.137923e-15
Algorithm converged after  24  iterations.
[1] 2.507227e-09 1.396912e-12 3.028739e-16 1.173623e-09
[1] 1.733343e-08 1.663530e-12 4.986136e-16 2.808587e-09
Algorithm converged after  14  iterations.
[1] 2.507227e-09 1.396912e-12 1.173623e-09 4.552179e-15
[1] 1.347631e-08 1.609855e-12 2.441209e-09 5.094909e-15
Algorithm converged after  18  iterations.
[1] 2.507227e-09 7.473703e-13 1.396912e-12 1.173623e-09
[1] 1.671704e-08 1.290740e-12 1.653884e-12 2.753510e-09
Algorithm converged after  14  iterations.
[1] 2.507227e-09 1.166037e-09
Algorithm converged after  2  iterations.
[1] 2.507227e-09 1.166037e-09 7.022837e-16
Algorithm converged after  6  iterations.
[1] 2.507227e-09 1.166037e-09 1.110844e-14
[1] 8.624923e-10 4.088075e-12 3.691258e-12
Algorithm converged after  13  iterations.
[1] 2.507227e-09 1.166037e-09 5.132717e-15
[1] 7.384822e-10 4.626440e-12 6.596542e-10
[1] 7.409561e-10 4.978598e-12 6.991712e-10
[1] 7.410141e-10 4.986748e-12 7.000835e-10
Algorithm converged after  39  iterations.
[1] 2.507227e-09 1.166037e-09 7.022837e-16 1.738122e-16
[1] 7.505855e-10 1.237869e-11 1.286612e-13 1.983683e-16
[1] 7.571233e-10 3.584669e-11 1.976149e-13 1.164126e-17
[1] 7.975209e-10 4.326372e-11 2.338075e-13 9.544959e-17
[1] 7.280269e-10 3.421924e-11 3.891484e-13 3.486030e-27
[1] 7.573362e-10 1.760070e-11 5.928697e-13 3.147571e-16
Algorithm converged after  53  iterations.
[1] 2.507227e-09 1.166037e-09 1.110844e-14 7.735600e-16
[1] 8.646779e-10 1.172136e-12 6.187364e-12 1.073886e-16
Algorithm converged after  18  iterations.
[1] 2.507227e-09 1.166037e-09 5.132717e-15 1.303594e-25
[1] 7.286711e-10 1.744967e-12 4.667200e-11 5.252666e-15
[1] 7.284020e-10 1.573790e-12 4.965329e-11 5.251403e-15
[1] 7.284026e-10 1.563868e-12 4.986747e-11 5.251337e-15
[1] 7.284077e-10 1.552717e-12 5.012330e-11 5.251264e-15
[1] 7.284154e-10 1.537223e-12 5.049909e-11 5.251161e-15
[1] 7.284278e-10 1.514804e-12 5.108225e-11 5.251005e-15
[1] 7.284502e-10 1.480683e-12 5.206033e-11 5.250759e-15
[1] 7.284964e-10 1.425689e-12 5.390007e-11 5.250340e-15
[1] 7.286145e-10 1.334461e-12 5.797994e-11 5.249590e-15
[1] 7.289825e-10 1.210559e-12 6.849979e-11 5.248490e-15
[1] 7.298029e-10 1.170447e-12 8.777055e-11 5.248355e-15
[1] 7.302866e-10 1.218968e-12 9.812930e-11 5.249092e-15
[1] 7.303678e-10 1.244349e-12 9.984759e-11 5.249328e-15
[1] 7.303779e-10 1.252194e-12 1.000218e-10 5.249370e-15
[1] 7.303794e-10 1.254532e-12 1.000362e-10 5.249379e-15
[1] 7.303798e-10 1.255234e-12 1.000370e-10 5.249381e-15
[1] 7.303799e-10 1.255446e-12 1.000369e-10 5.249382e-15
[1] 7.303799e-10 1.255510e-12 1.000368e-10 5.249382e-15
[1] 7.303799e-10 1.255529e-12 1.000368e-10 5.249382e-15
[1] 7.303799e-10 1.255535e-12 1.000368e-10 5.249382e-15
[1] 7.303799e-10 1.255537e-12 1.000368e-10 5.249382e-15
Algorithm converged after  214  iterations.
[1] 2.507227e-09 1.166037e-09 7.022837e-16 1.110844e-14
Algorithm converged after  6  iterations.
[1] 2.507227e-09 1.166037e-09 7.022837e-16 5.132717e-15
Algorithm converged after  6  iterations.
[1] 2.507227e-09 1.166037e-09 1.110844e-14 5.132717e-15
[1] 8.470653e-10 2.920017e-11 2.138611e-12 1.025628e-10
[1] 8.485772e-10 3.119083e-11 2.047815e-12 1.469395e-10
[1] 8.489446e-10 3.128237e-11 2.043068e-12 1.496705e-10
[1] 8.490773e-10 3.131150e-11 2.041334e-12 1.506448e-10
[1] 8.491360e-10 3.132390e-11 2.040553e-12 1.510785e-10
[1] 8.491643e-10 3.132976e-11 2.040174e-12 1.512878e-10
[1] 8.491784e-10 3.133267e-11 2.039984e-12 1.513926e-10
[1] 8.491856e-10 3.133415e-11 2.039887e-12 1.514462e-10
[1] 8.491893e-10 3.133491e-11 2.039837e-12 1.514738e-10
[1] 8.491912e-10 3.133530e-11 2.039811e-12 1.514880e-10
[1] 8.491922e-10 3.133550e-11 2.039797e-12 1.514955e-10
[1] 8.491928e-10 3.133561e-11 2.039790e-12 1.514993e-10
[1] 8.491930e-10 3.133567e-11 2.039787e-12 1.515013e-10
Algorithm converged after  131  iterations.
Warning messages:
1: In max(abs(CT), na.rm = T) :
  no non-missing arguments to max; returning -Inf
2: In max(abs(CT), na.rm = T) :
  no non-missing arguments to max; returning -Inf
3: In max(abs(CT), na.rm = T) :
  no non-missing arguments to max; returning -Inf
4: In max(abs(CT), na.rm = T) :
  no non-missing arguments to max; returning -Inf
5: In max(abs(CT), na.rm = T) :
  no non-missing arguments to max; returning -Inf
6: In max(abs(CT), na.rm = T) :
  no non-missing arguments to max; returning -Inf
7: In max(abs(CT), na.rm = T) :
  no non-missing arguments to max; returning -Inf
8: In max(abs(CT), na.rm = T) :
  no non-missing arguments to max; returning -Inf
9: In max(abs(CT), na.rm = T) :
  no non-missing arguments to max; returning -Inf
10: In max(abs(CT), na.rm = T) :
  no non-missing arguments to max; returning -Inf
[1] "Best iter parameter is:"
   gam  rankJ rankA1 rankA2 rankA3 
     4      1      0      1      2 
[1] 6.540962e-10 4.234354e-12 5.371930e-11 4.113648e-15
Algorithm converged after  7  iterations.
         [,1]     [,2]     [,3]
[1,] 7.006868 9.552822 61.07603
