myseed=3731 

Attaching package: ‘pls’

The following object is masked from ‘package:stats’:

    loadings

Loading required package: lattice
Loading required package: ggplot2
Registered S3 methods overwritten by 'ggplot2':
  method         from 
  [.quosures     rlang
  c.quosures     rlang
  print.quosures rlang

Attaching package: ‘caret’

The following object is masked from ‘package:pls’:

    R2

Loading required package: Matrix
Loading required package: foreach
Loaded glmnet 2.0-18

Parsed with column specification:
cols(
  .default = col_double()
)
See spec(...) for full column specifications.
Parsed with column specification:
cols(
  X1 = col_double()
)
Parsed with column specification:
cols(
  X1 = col_double()
)
numeric(0)
Algorithm converged after  1  iterations.
[1] 2.000153e-12
Algorithm converged after  2  iterations.
[1] 5.509932e-12
Algorithm converged after  2  iterations.
[1] 1.341876e-09
Algorithm converged after  2  iterations.
[1] 2.000153e-12 4.324332e-13
Algorithm converged after  2  iterations.
[1] 5.509932e-12 1.070529e-12
Algorithm converged after  2  iterations.
[1] 1.341876e-09 1.225482e-11
Algorithm converged after  2  iterations.
[1] 2.000153e-12 5.509932e-12
Algorithm converged after  2  iterations.
[1] 2.000153e-12 1.341876e-09
Algorithm converged after  2  iterations.
[1] 5.509932e-12 1.341876e-09
Algorithm converged after  2  iterations.
[1] 2.000153e-12 4.324332e-13 5.509932e-12
Algorithm converged after  2  iterations.
[1] 2.000153e-12 4.324332e-13 1.341876e-09
Algorithm converged after  2  iterations.
[1] 2.000153e-12 5.509932e-12 1.070529e-12
Algorithm converged after  2  iterations.
[1] 2.000153e-12 1.341876e-09 1.225482e-11
Algorithm converged after  2  iterations.
[1] 5.509932e-12 1.070529e-12 1.341876e-09
Algorithm converged after  2  iterations.
[1] 5.509932e-12 1.341876e-09 1.225482e-11
Algorithm converged after  2  iterations.
[1] 2.000153e-12 5.509932e-12 1.341876e-09
Algorithm converged after  2  iterations.
[1] 2.000153e-12 4.324332e-13 5.509932e-12 1.070529e-12
Algorithm converged after  2  iterations.
[1] 2.000153e-12 4.324332e-13 1.341876e-09 1.225482e-11
Algorithm converged after  2  iterations.
[1] 5.509932e-12 1.070529e-12 1.341876e-09 1.225482e-11
Algorithm converged after  2  iterations.
[1] 2.000153e-12 4.324332e-13 5.509932e-12 1.341876e-09
Algorithm converged after  2  iterations.
[1] 2.000153e-12 5.509932e-12 1.070529e-12 1.341876e-09
Algorithm converged after  2  iterations.
[1] 2.000153e-12 5.509932e-12 1.341876e-09 1.225482e-11
Algorithm converged after  2  iterations.
[1] 2.780097e-09
Algorithm converged after  2  iterations.
[1] 2.780097e-09 6.129257e-13
Algorithm converged after  6  iterations.
[1] 2.780097e-09 1.316763e-12
Algorithm converged after  6  iterations.
[1] 2.780097e-09 1.924544e-09
[1] 1.331817e-08 3.819664e-09
Algorithm converged after  12  iterations.
[1] 2.780097e-09 6.129257e-13 6.913261e-21
[1] 3.694806e-09 6.355366e-13 1.741650e-15
Algorithm converged after  18  iterations.
[1] 2.780097e-09 1.316763e-12 2.803939e-16
Algorithm converged after  8  iterations.
[1] 2.780097e-09 1.924544e-09 1.021881e-14
[1] 1.316367e-08 3.789981e-09 1.269910e-14
[1] 1.398464e-08 3.919781e-09 2.790482e-26
[1] 1.401415e-08 3.934317e-09 1.274778e-14
[1] 1.366123e-08 3.876708e-09 1.274403e-14
[1] 1.294868e-08 3.770442e-09 1.295886e-14
[1] 1.415682e-08 3.966906e-09 1.277201e-14
[1] 1.418848e-08 3.967917e-09 1.278046e-14
[1] 1.365681e-08 3.893788e-09 1.271684e-14
[1] 1.293784e-08 3.770046e-09 1.401827e-24
[1] 1.414660e-08 3.988160e-09 1.270895e-14
[1] 1.404894e-08 3.970911e-09 2.995466e-24
[1] 1.392881e-08 3.957871e-09 1.271955e-14
[1] 1.390186e-08 3.954559e-09 2.307399e-24
[1] 1.366801e-08 3.915873e-09 1.286071e-14
[1] 1.403749e-08 3.978366e-09 1.148538e-24
[1] 1.338648e-08 3.877138e-09 1.275200e-14
[1] 1.399257e-08 3.981518e-09 1.276776e-14
[1] 1.400881e-08 3.984705e-09 1.282301e-14
[1] 1.298276e-08 3.819440e-09 1.273846e-14
[1] 1.213885e-08 3.677597e-09 1.314006e-14
[1] 1.362845e-08 3.935616e-09 1.286470e-14
[1] 1.400734e-08 3.999615e-09 1.282481e-14
[1] 1.355977e-08 3.926043e-09 1.275831e-14
[1] 1.385249e-08 3.978215e-09 1.280316e-14
[1] 1.401689e-08 4.007804e-09 1.277951e-14
[1] 1.399492e-08 4.006449e-09 1.277159e-14
[1] 1.397622e-08 4.003294e-09 1.280438e-14
[1] 1.408119e-08 4.026014e-09 1.270641e-14
Algorithm converged after  286  iterations.
[1] 2.780097e-09 6.129257e-13 1.316763e-12
Algorithm converged after  7  iterations.
[1] 2.780097e-09 6.129257e-13 1.924544e-09
[1] 1.651604e-08 8.418698e-13 4.352227e-09
Algorithm converged after  14  iterations.
[1] 2.780097e-09 1.316763e-12 1.924544e-09
[1] 1.775964e-08 1.638762e-12 4.534575e-09
Algorithm converged after  14  iterations.
[1] 2.780097e-09 6.129257e-13 6.913261e-21 1.316763e-12
[1] 5.744908e-09 6.785477e-13 6.686598e-23 1.403291e-12
[1] 5.717565e-09 6.779710e-13 1.781470e-15 1.403096e-12
Algorithm converged after  23  iterations.
[1] 2.780097e-09 6.129257e-13 6.913261e-21 1.924544e-09
[1] 1.732635e-08 8.515266e-13 6.622414e-23 4.472052e-09
[1] 1.737432e-08 8.529653e-13 1.038190e-22 4.483191e-09
[1] 1.708992e-08 8.486171e-13 2.837252e-29 4.438815e-09
[1] 1.736330e-08 8.515429e-13 1.870787e-15 4.479547e-09
[1] 1.734112e-08 8.526520e-13 6.589536e-23 4.482298e-09
[1] 1.676138e-08 8.457659e-13 1.886837e-15 4.397500e-09
[1] 1.624476e-08 8.375515e-13 1.861637e-15 4.316126e-09
[1] 1.728922e-08 8.527723e-13 2.737452e-29 4.479819e-09
[1] 1.698791e-08 8.482641e-13 5.465905e-26 4.432914e-09
[1] 1.743458e-08 8.547500e-13 1.884165e-15 4.503450e-09
[1] 1.725450e-08 8.529091e-13 1.891196e-15 4.478605e-09
[1] 1.687568e-08 8.471641e-13 2.862525e-29 4.420452e-09
[1] 1.649815e-08 8.419613e-13 2.123667e-32 4.362560e-09
[1] 1.714885e-08 8.501739e-13 1.861618e-15 4.462465e-09
[1] 1.730913e-08 8.535587e-13 1.881437e-15 4.491305e-09
[1] 1.725050e-08 8.535493e-13 1.891482e-15 4.485525e-09
[1] 1.714380e-08 8.501804e-13 1.854676e-15 4.467222e-09
Algorithm converged after  180  iterations.
[1] 2.780097e-09 6.129257e-13 1.316763e-12 2.803939e-16
Algorithm converged after  7  iterations.
[1] 2.780097e-09 6.129257e-13 1.924544e-09 1.021881e-14
[1] 1.675579e-08 8.457560e-13 4.391946e-09 1.288560e-14
[1] 1.657829e-08 8.440077e-13 4.370272e-09 1.307958e-26
[1] 1.732261e-08 8.527143e-13 4.477576e-09 1.006545e-14
[1] 1.635440e-08 8.422153e-13 4.344819e-09 6.578903e-25
[1] 1.559661e-08 8.319174e-13 4.222106e-09 1.315747e-14
[1] 1.647771e-08 8.443099e-13 4.374001e-09 1.291426e-14
[1] 1.679408e-08 8.486018e-13 4.419563e-09 2.450381e-24
[1] 1.694032e-08 8.501708e-13 4.442892e-09 1.309125e-14
[1] 1.746947e-08 8.575249e-13 4.529676e-09 1.445530e-30
[1] 1.399531e-08 8.120140e-13 3.980038e-09 1.352626e-14
[1] 1.656905e-08 8.467353e-13 4.399522e-09 3.455286e-24
[1] 1.705534e-08 8.542965e-13 4.481783e-09 1.306735e-14
[1] 1.725922e-08 8.568563e-13 4.516447e-09 1.309853e-14
[1] 1.709044e-08 8.558256e-13 4.500779e-09 1.292559e-14
[1] 1.573501e-08 8.392792e-13 4.297939e-09 3.215393e-23
[1] 1.637595e-08 8.475679e-13 4.398332e-09 8.155470e-25
[1] 1.665358e-08 8.516415e-13 4.444251e-09 1.292169e-14
[1] 1.601514e-08 8.430494e-13 4.343002e-09 5.075876e-26
[1] 1.588801e-08 8.419015e-13 4.327667e-09 2.664333e-23
[1] 1.460206e-08 8.246721e-13 4.125744e-09 1.286164e-14
[1] 1.742778e-08 8.626225e-13 4.575905e-09 5.453447e-26
[1] 1.732336e-08 8.613436e-13 4.560525e-09 1.299511e-14
[1] 1.738233e-08 8.622966e-13 4.571439e-09 1.300529e-14
[1] 1.624265e-08 8.471898e-13 4.386523e-09 4.634015e-26
[1] 1.670294e-08 8.534445e-13 4.465302e-09 8.268019e-31
[1] 1.704706e-08 8.585697e-13 4.524357e-09 3.826699e-23
[1] 1.632975e-08 8.502503e-13 4.420894e-09 1.699629e-27
[1] 1.558989e-08 8.400028e-13 4.298762e-09 8.445109e-31
[1] 1.595665e-08 8.456726e-13 4.363760e-09 2.457126e-24
[1] 1.678148e-08 8.561042e-13 4.492368e-09 1.013423e-14
[1] 1.698345e-08 8.589630e-13 4.525521e-09 1.308617e-14
[1] 1.690066e-08 8.588613e-13 4.523941e-09 1.336815e-26
[1] 1.609289e-08 8.494554e-13 4.404786e-09 5.180513e-26
[1] 1.727927e-08 8.651204e-13 4.595483e-09 4.307241e-15
[1] 1.584357e-08 8.450263e-13 4.360623e-09 2.244654e-25
[1] 1.625051e-08 8.534972e-13 4.449615e-09 1.161887e-30
[1] 1.571714e-08 8.462721e-13 4.363956e-09 1.301598e-14
[1] 1.682080e-08 8.615947e-13 4.542152e-09 1.304583e-14
[1] 1.718836e-08 8.664184e-13 4.605667e-09 7.865347e-30
[1] 1.710451e-08 8.659154e-13 4.597941e-09 1.191078e-24
[1] 1.579461e-08 8.492311e-13 4.392592e-09 1.291559e-14
[1] 1.649803e-08 8.590137e-13 4.507355e-09 1.295436e-14
[1] 1.712646e-08 8.667003e-13 4.606266e-09 3.457131e-24
[1] 1.723599e-08 8.691520e-13 4.632121e-09 5.410254e-26
[1] 1.648533e-08 8.597793e-13 4.516303e-09 2.480377e-27
[1] 1.584282e-08 8.506157e-13 4.407788e-09 3.843273e-23
[1] 1.512621e-08 8.412561e-13 4.297260e-09 1.289299e-14
[1] 1.711524e-08 8.677962e-13 4.616107e-09 1.808332e-30
[1] 1.694149e-08 8.663303e-13 4.596107e-09 1.299623e-14
Algorithm did not converge after  500  iterations.
[1] 2.780097e-09 1.316763e-12 2.803939e-16 1.924544e-09
[1] 1.918959e-08 1.661816e-12 3.187164e-16 4.745776e-09
Algorithm converged after  15  iterations.
[1] 2.780097e-09 1.316763e-12 1.924544e-09 1.021881e-14
[1] 1.764088e-08 1.637108e-12 4.510614e-09 1.299822e-14
[1] 1.850361e-08 1.651998e-12 4.649925e-09 1.300523e-14
[1] 1.762046e-08 1.637544e-12 4.514140e-09 1.293072e-14
[1] 1.784379e-08 1.641461e-12 4.549636e-09 3.071996e-24
[1] 1.751813e-08 1.636030e-12 4.496760e-09 1.601874e-24
[1] 1.857073e-08 1.654272e-12 4.667335e-09 5.923918e-20
[1] 1.842646e-08 1.651861e-12 4.643696e-09 1.298996e-14
[1] 1.874012e-08 1.657546e-12 4.696916e-09 2.500756e-19
[1] 1.776422e-08 1.641915e-12 4.549355e-09 1.614566e-24
[1] 1.847244e-08 1.654286e-12 4.664644e-09 2.630341e-19
[1] 1.867019e-08 1.657527e-12 4.694122e-09 2.552015e-19
[1] 1.798365e-08 1.646753e-12 4.592947e-09 1.555062e-24
[1] 1.804217e-08 1.647740e-12 4.601235e-09 8.559790e-27
[1] 1.808121e-08 1.649508e-12 4.614944e-09 1.297689e-14
[1] 1.864931e-08 1.659355e-12 4.706204e-09 1.309007e-14
[1] 1.853256e-08 1.657817e-12 4.691450e-09 1.305090e-14
[1] 1.874322e-08 1.661556e-12 4.725902e-09 4.089063e-19
[1] 1.852036e-08 1.659427e-12 4.703363e-09 1.302849e-14
[1] 1.875558e-08 1.663358e-12 4.739452e-09 1.828522e-29
[1] 1.875723e-08 1.663942e-12 4.743158e-09 1.310085e-14
Algorithm converged after  205  iterations.
[1] 2.780097e-09 6.129257e-13 1.316763e-12 1.924544e-09
[1] 2.163391e-08 9.056325e-13 1.700522e-12 5.111709e-09
Algorithm converged after  14  iterations.
[1] 2.780097e-09 1.317806e-09
Algorithm converged after  2  iterations.
[1] 2.780097e-09 1.317806e-09 2.121344e-15
[1] 8.736042e-10 8.706502e-12 2.193515e-12
Algorithm converged after  12  iterations.
[1] 2.780097e-09 1.317806e-09 2.795492e-28
Algorithm converged after  10  iterations.
[1] 2.780097e-09 1.317806e-09 1.410280e-14
[1] 7.530842e-08 9.191564e-10 3.693005e-12
[1] 7.145154e-08 9.142301e-10 3.558861e-12
[1] 7.081236e-08 9.135323e-10 3.535375e-12
[1] 7.072411e-08 9.134483e-10 3.532115e-12
[1] 7.071148e-08 9.134370e-10 3.531648e-12
[1] 7.070964e-08 9.134354e-10 3.531580e-12
Algorithm converged after  61  iterations.
[1] 2.780097e-09 1.317806e-09 2.121344e-15 4.357771e-16
[1] 8.489999e-10 1.204972e-21 1.994185e-12 2.108719e-15
Algorithm converged after  17  iterations.
[1] 2.780097e-09 1.317806e-09 2.795492e-28 2.402266e-24
[1] 8.835517e-10 6.975017e-13 4.798070e-12 1.985454e-16
[1] 9.171163e-10 7.300411e-13 4.954255e-12 2.006578e-16
[1] 9.170251e-10 7.298750e-13 4.954704e-12 2.007100e-16
[1] 9.170211e-10 7.298678e-13 4.954723e-12 2.007123e-16
Algorithm converged after  42  iterations.
[1] 2.780097e-09 1.317806e-09 1.410280e-14 8.474454e-15
[1] 5.261232e-08 8.943093e-10 2.494736e-12 1.981231e-14
[1] 4.924748e-08 8.828857e-10 2.354972e-12 1.938922e-14
[1] 4.916834e-08 8.826452e-10 2.351694e-12 1.937998e-14
Algorithm converged after  38  iterations.
[1] 2.780097e-09 1.317806e-09 2.121344e-15 2.795492e-28
[1] 1.013205e-09 8.785260e-12 3.576797e-12 5.331541e-12
Algorithm converged after  16  iterations.
[1] 2.780097e-09 1.317806e-09 2.121344e-15 1.410280e-14
[1] 3.670378e-09 6.026408e-10 1.671905e-12 6.939622e-10
[1] 4.287701e-09 5.832128e-10 1.825208e-12 8.534149e-10
[1] 4.314325e-09 5.825092e-10 1.831250e-12 8.596559e-10
[1] 4.310203e-09 5.826497e-10 1.830247e-12 8.583900e-10
[1] 4.308222e-09 5.827149e-10 1.829780e-12 8.578192e-10
[1] 4.307594e-09 5.827355e-10 1.829633e-12 8.576398e-10
[1] 4.307408e-09 5.827417e-10 1.829589e-12 8.575865e-10
[1] 4.307352e-09 5.827435e-10 1.829577e-12 8.575708e-10
Algorithm converged after  81  iterations.
[1] 2.780097e-09 1.317806e-09 2.795492e-28 1.410280e-14
[1] 8.383367e-08 9.694682e-10 3.298677e-16 5.023808e-12
[1] 7.997287e-08 9.619950e-10 3.261601e-16 4.850414e-12
[1] 7.942569e-08 9.612988e-10 3.256618e-16 4.825441e-12
[1] 7.935233e-08 9.612282e-10 3.255971e-16 4.822107e-12
[1] 7.934139e-08 9.612187e-10 3.255875e-16 4.821610e-12
Algorithm converged after  60  iterations.
numeric(0)
Algorithm converged after  1  iterations.
[1] 1.996354e-12
Algorithm converged after  2  iterations.
[1] 4.446076e-12
Algorithm converged after  2  iterations.
[1] 7.196724e-10
Algorithm converged after  2  iterations.
[1] 1.996354e-12 4.261069e-13
Algorithm converged after  2  iterations.
[1] 4.446076e-12 9.342129e-13
Algorithm converged after  2  iterations.
[1] 7.196724e-10 1.908690e-11
Algorithm converged after  2  iterations.
[1] 1.996354e-12 4.446076e-12
Algorithm converged after  2  iterations.
[1] 1.996354e-12 7.196724e-10
Algorithm converged after  2  iterations.
[1] 4.446076e-12 7.196724e-10
Algorithm converged after  2  iterations.
[1] 1.996354e-12 4.261069e-13 4.446076e-12
Algorithm converged after  2  iterations.
[1] 1.996354e-12 4.261069e-13 7.196724e-10
Algorithm converged after  2  iterations.
[1] 1.996354e-12 4.446076e-12 9.342129e-13
Algorithm converged after  2  iterations.
[1] 1.996354e-12 7.196724e-10 1.908690e-11
Algorithm converged after  2  iterations.
[1] 4.446076e-12 9.342129e-13 7.196724e-10
Algorithm converged after  2  iterations.
[1] 4.446076e-12 7.196724e-10 1.908690e-11
Algorithm converged after  2  iterations.
[1] 1.996354e-12 4.446076e-12 7.196724e-10
Algorithm converged after  2  iterations.
[1] 1.996354e-12 4.261069e-13 4.446076e-12 9.342129e-13
Algorithm converged after  2  iterations.
[1] 1.996354e-12 4.261069e-13 7.196724e-10 1.908690e-11
Algorithm converged after  2  iterations.
[1] 4.446076e-12 9.342129e-13 7.196724e-10 1.908690e-11
Algorithm converged after  2  iterations.
[1] 1.996354e-12 4.261069e-13 4.446076e-12 7.196724e-10
Algorithm converged after  2  iterations.
[1] 1.996354e-12 4.446076e-12 9.342129e-13 7.196724e-10
Algorithm converged after  2  iterations.
[1] 1.996354e-12 4.446076e-12 7.196724e-10 1.908690e-11
Algorithm converged after  2  iterations.
[1] 2.307517e-09
Algorithm converged after  2  iterations.
[1] 2.307517e-09 6.847471e-13
Algorithm converged after  6  iterations.
[1] 2.307517e-09 1.228326e-12
Algorithm converged after  6  iterations.
[1] 2.307517e-09 1.129877e-09
[1] 7.863063e-09 1.812771e-09
Algorithm converged after  11  iterations.
[1] 2.307517e-09 6.847471e-13 1.721398e-15
Algorithm converged after  6  iterations.
[1] 2.307517e-09 1.228326e-12 2.720976e-16
Algorithm converged after  7  iterations.
[1] 2.307517e-09 1.129877e-09 9.457913e-15
[1] 8.531752e-09 1.886868e-09 2.256455e-14
[1] 7.673594e-09 1.795965e-09 2.190641e-14
[1] 8.495902e-09 1.885017e-09 2.266108e-14
[1] 8.418368e-09 1.875370e-09 2.304269e-14
[1] 7.964525e-09 1.826890e-09 1.515209e-15
[1] 8.175574e-09 1.854782e-09 2.308315e-14
[1] 6.912139e-09 1.716499e-09 2.196016e-14
[1] 8.370019e-09 1.884367e-09 2.231726e-25
[1] 7.446412e-09 1.788495e-09 2.173855e-14
[1] 8.359513e-09 1.889960e-09 2.266129e-26
[1] 8.339880e-09 1.887400e-09 2.273139e-14
[1] 7.648788e-09 1.814147e-09 2.195829e-14
[1] 8.460232e-09 1.904459e-09 1.424953e-31
[1] 7.866723e-09 1.840588e-09 1.491863e-24
[1] 7.467818e-09 1.796577e-09 2.177370e-14
[1] 8.044313e-09 1.862568e-09 3.343582e-25
[1] 7.873696e-09 1.843454e-09 1.553457e-25
[1] 8.357365e-09 1.897338e-09 2.342786e-14
[1] 8.327417e-09 1.897208e-09 2.314447e-14
[1] 7.478955e-09 1.808181e-09 1.212647e-25
[1] 7.555890e-09 1.817435e-09 2.196970e-14
[1] 8.321545e-09 1.904641e-09 1.595214e-25
[1] 8.267698e-09 1.900674e-09 1.349127e-24
[1] 8.256367e-09 1.901484e-09 4.308139e-26
[1] 7.144100e-09 1.777307e-09 1.520707e-24
[1] 7.759037e-09 1.848093e-09 2.198080e-14
[1] 8.362990e-09 1.913203e-09 1.696607e-25
[1] 7.738392e-09 1.848316e-09 2.198641e-14
[1] 8.118575e-09 1.886720e-09 1.466849e-30
[1] 8.356193e-09 1.920387e-09 2.285138e-14
[1] 7.479142e-09 1.822467e-09 2.205058e-14
[1] 8.371846e-09 1.924386e-09 2.289760e-14
[1] 8.298204e-09 1.917204e-09 1.619367e-31
[1] 8.204516e-09 1.911784e-09 1.520898e-29
[1] 8.339835e-09 1.926893e-09 2.682990e-31
[1] 7.228545e-09 1.801653e-09 2.174164e-14
[1] 7.470865e-09 1.829929e-09 2.195612e-14
[1] 8.366225e-09 1.932506e-09 1.099900e-24
[1] 7.732290e-09 1.862634e-09 1.487067e-32
[1] 8.364916e-09 1.934529e-09 2.012883e-27
[1] 8.330164e-09 1.931541e-09 2.278349e-14
[1] 7.830764e-09 1.876474e-09 2.221289e-14
[1] 8.225103e-09 1.923356e-09 3.277719e-25
[1] 7.800150e-09 1.875167e-09 2.212544e-14
[1] 7.536889e-09 1.852666e-09 2.148150e-14
[1] 7.426186e-09 1.838802e-09 2.199717e-14
[1] 7.911375e-09 1.893743e-09 2.249659e-14
[1] 8.331403e-09 1.946160e-09 1.650822e-28
[1] 7.587310e-09 1.865341e-09 2.217205e-14
Algorithm did not converge after  500  iterations.
[1] 2.307517e-09 6.847471e-13 1.228326e-12
Algorithm converged after  7  iterations.
[1] 2.307517e-09 6.847471e-13 1.129877e-09
[1] 9.684056e-09 9.354511e-13 2.018329e-09
Algorithm converged after  12  iterations.
[1] 2.307517e-09 1.228326e-12 1.129877e-09
[1] 1.018847e-08 1.521769e-12 2.069690e-09
Algorithm converged after  12  iterations.
[1] 2.307517e-09 6.847471e-13 1.721398e-15 1.228326e-12
Algorithm converged after  7  iterations.
[1] 2.307517e-09 6.847471e-13 1.721398e-15 1.129877e-09
[1] 1.017473e-08 9.511227e-13 1.828450e-15 2.071299e-09
Algorithm converged after  12  iterations.
[1] 2.307517e-09 6.847471e-13 1.228326e-12 2.720976e-16
Algorithm converged after  7  iterations.
[1] 2.307517e-09 6.847471e-13 1.129877e-09 9.457913e-15
[1] 1.033007e-08 9.522626e-13 2.084299e-09 2.372569e-14
[1] 1.042961e-08 9.537323e-13 2.092255e-09 2.422219e-14
Algorithm converged after  23  iterations.
[1] 2.307517e-09 1.228326e-12 2.720976e-16 1.129877e-09
[1] 1.035821e-08 1.527004e-12 2.680398e-16 2.087221e-09
Algorithm converged after  13  iterations.
[1] 2.307517e-09 1.228326e-12 1.129877e-09 9.457913e-15
[1] 1.103713e-08 1.547749e-12 2.158654e-09 2.381830e-14
Algorithm converged after  17  iterations.
[1] 2.307517e-09 6.847471e-13 1.228326e-12 1.129877e-09
[1] 1.237591e-08 1.008109e-12 1.584777e-12 2.291457e-09
Algorithm converged after  12  iterations.
[1] 2.307517e-09 1.399410e-09
Algorithm converged after  2  iterations.
[1] 2.307517e-09 1.399410e-09 2.033262e-15
Algorithm converged after  5  iterations.
[1] 2.307517e-09 1.399410e-09 5.362237e-15
Algorithm converged after  6  iterations.
[1] 2.307517e-09 1.399410e-09 2.547614e-14
[1] 8.140473e-10 1.254869e-11 2.111159e-10
[1] 8.142345e-10 1.252564e-11 2.148482e-10
[1] 8.142369e-10 1.252536e-11 2.148943e-10
Algorithm converged after  32  iterations.
[1] 2.307517e-09 1.399410e-09 2.033262e-15 2.600766e-16
[1] 9.372256e-10 1.096469e-11 4.710825e-13 2.033468e-15
[1] 9.369042e-10 1.095088e-11 4.668122e-13 2.033227e-15
Algorithm converged after  29  iterations.
[1] 2.307517e-09 1.399410e-09 5.362237e-15 2.313879e-16
[1] 9.322617e-10 8.513599e-12 2.337923e-12 2.332433e-16
[1] 9.858145e-10 9.091768e-12 2.469592e-12 7.745460e-16
[1] 9.830853e-10 9.140052e-12 2.468415e-12 2.398443e-16
[1] 9.847336e-10 9.491806e-12 2.507272e-12 2.268973e-16
Algorithm converged after  45  iterations.
[1] 2.307517e-09 1.399410e-09 2.547614e-14 9.046814e-15
[1] 7.894822e-10 2.321470e-11 3.643758e-10 1.062141e-14
[1] 7.895271e-10 2.333679e-11 3.677519e-10 1.063582e-14
Algorithm converged after  29  iterations.
[1] 2.307517e-09 1.399410e-09 2.033262e-15 5.362237e-15
Algorithm converged after  6  iterations.
[1] 2.307517e-09 1.399410e-09 2.033262e-15 2.547614e-14
[1] 9.390078e-10 5.569488e-11 3.103635e-12 1.182224e-09
[1] 9.469219e-10 5.966437e-11 3.221467e-12 1.278318e-09
[1] 9.473179e-10 5.986261e-11 3.227276e-12 1.283127e-09
[1] 9.473380e-10 5.987267e-11 3.227571e-12 1.283371e-09
Algorithm converged after  46  iterations.
[1] 2.307517e-09 1.399410e-09 5.362237e-15 2.547614e-14
[1] 1.091756e-09 2.032583e-11 4.604595e-12 9.553848e-10
[1] 1.114791e-09 2.240241e-11 4.804012e-12 1.063034e-09
[1] 1.116122e-09 2.252139e-11 4.815291e-12 1.069225e-09
[1] 1.116197e-09 2.252806e-11 4.815924e-12 1.069572e-09
Algorithm converged after  48  iterations.
numeric(0)
Algorithm converged after  1  iterations.
[1] 1.583082e-12
Algorithm converged after  2  iterations.
[1] 1.812254e-12
Algorithm converged after  2  iterations.
[1] 1.171654e-09
Algorithm converged after  2  iterations.
[1] 1.583082e-12 3.469301e-13
Algorithm converged after  2  iterations.
[1] 1.812254e-12 1.807645e-12
Algorithm converged after  2  iterations.
[1] 1.171654e-09 2.037225e-11
Algorithm converged after  2  iterations.
[1] 1.583082e-12 1.812254e-12
Algorithm converged after  2  iterations.
[1] 1.583082e-12 1.171654e-09
Algorithm converged after  2  iterations.
[1] 1.812254e-12 1.171654e-09
Algorithm converged after  2  iterations.
[1] 1.583082e-12 3.469301e-13 1.812254e-12
Algorithm converged after  2  iterations.
[1] 1.583082e-12 3.469301e-13 1.171654e-09
Algorithm converged after  2  iterations.
[1] 1.583082e-12 1.812254e-12 1.807645e-12
Algorithm converged after  2  iterations.
[1] 1.583082e-12 1.171654e-09 2.037225e-11
Algorithm converged after  2  iterations.
[1] 1.812254e-12 1.807645e-12 1.171654e-09
Algorithm converged after  2  iterations.
[1] 1.812254e-12 1.171654e-09 2.037225e-11
Algorithm converged after  2  iterations.
[1] 1.583082e-12 1.812254e-12 1.171654e-09
Algorithm converged after  2  iterations.
[1] 1.583082e-12 3.469301e-13 1.812254e-12 1.807645e-12
Algorithm converged after  2  iterations.
[1] 1.583082e-12 3.469301e-13 1.171654e-09 2.037225e-11
Algorithm converged after  2  iterations.
[1] 1.812254e-12 1.807645e-12 1.171654e-09 2.037225e-11
Algorithm converged after  2  iterations.
[1] 1.583082e-12 3.469301e-13 1.812254e-12 1.171654e-09
Algorithm converged after  2  iterations.
[1] 1.583082e-12 1.812254e-12 1.807645e-12 1.171654e-09
Algorithm converged after  2  iterations.
[1] 1.583082e-12 1.812254e-12 1.171654e-09 2.037225e-11
Algorithm converged after  2  iterations.
[1] 8.875287e-10
Algorithm converged after  2  iterations.
[1] 8.875287e-10 1.310707e-12
Algorithm converged after  6  iterations.
[1] 8.875287e-10 5.363531e-12
Algorithm converged after  6  iterations.
[1] 8.875287e-10 9.203818e-15
[1] 3.965245e-08 2.561266e-10
Algorithm converged after  15  iterations.
[1] 8.875287e-10 1.310707e-12 1.340021e-17
[1] 9.745981e-10 1.411651e-12 3.994117e-17
[1] 1.016755e-09 1.451299e-12 1.741210e-15
Algorithm converged after  22  iterations.
[1] 8.875287e-10 5.363531e-12 1.081719e-18
[1] 1.010687e-09 5.765891e-12 2.935438e-16
[1] 1.066771e-09 5.958738e-12 9.643897e-24
[1] 1.04040e-09 5.88573e-12 2.95595e-16
[1] 1.070227e-09 5.980662e-12 2.978769e-16
[1] 1.062467e-09 5.928573e-12 3.018488e-16
Algorithm converged after  54  iterations.
[1] 8.875287e-10 9.203818e-15 1.865345e-14
Algorithm converged after  9  iterations.
[1] 8.875287e-10 1.310707e-12 5.363531e-12
Algorithm converged after  7  iterations.
[1] 8.875287e-10 1.310707e-12 9.203818e-15
Algorithm converged after  6  iterations.
[1] 8.875287e-10 5.363531e-12 9.203818e-15
[1] 1.033022e-09 5.846130e-12 1.617298e-11
[1] 1.014618e-09 5.802384e-12 1.831260e-11
Algorithm converged after  25  iterations.
[1] 8.875287e-10 1.310707e-12 1.340021e-17 5.363531e-12
[1] 1.137256e-09 1.550199e-12 1.752383e-15 6.185555e-12
Algorithm converged after  17  iterations.
[1] 8.875287e-10 1.310707e-12 1.340021e-17 9.203818e-15
[1] 9.898360e-10 1.438021e-12 1.748124e-15 9.147511e-15
[1] 9.367848e-10 1.382515e-12 3.938446e-17 9.313888e-15
[1] 9.324384e-10 1.385047e-12 1.747086e-15 9.362425e-15
[1] 9.311159e-10 1.384521e-12 1.753421e-15 9.576846e-15
[1] 9.839397e-10 1.431292e-12 1.755966e-15 1.780211e-25
[1] 1.002879e-09 1.434772e-12 7.202930e-29 2.061347e-25
[1] 1.066965e-09 1.506029e-12 1.756164e-15 2.045318e-14
[1] 1.010194e-09 1.449194e-12 4.296915e-17 9.164393e-15
[1] 9.887782e-10 1.432291e-12 9.646702e-18 9.092051e-15
[1] 9.649335e-10 1.410423e-12 1.191955e-24 9.518681e-15
[1] 1.002541e-09 1.444405e-12 1.755540e-15 3.795109e-30
[1] 9.541369e-10 1.390637e-12 1.350769e-25 9.295561e-15
[1] 9.216188e-10 1.351392e-12 1.356535e-17 9.338933e-15
[1] 9.880505e-10 1.407574e-12 1.727177e-15 1.733983e-11
[1] 9.821947e-10 1.395920e-12 1.442034e-17 9.388284e-15
[1] 9.401872e-10 1.388571e-12 9.379850e-18 9.284265e-15
[1] 1.007376e-09 1.445317e-12 1.086582e-24 2.009529e-14
[1] 1.004797e-09 1.438196e-12 1.742018e-15 9.282344e-15
[1] 9.836196e-10 1.419311e-12 1.735844e-15 1.991508e-14
[1] 9.818880e-10 1.414157e-12 6.771335e-22 4.470426e-11
[1] 9.885554e-10 1.427920e-12 4.225567e-17 8.925074e-15
[1] 9.747025e-10 1.410926e-12 9.894580e-18 9.015235e-15
[1] 1.056248e-09 1.477049e-12 3.208377e-24 1.617608e-11
[1] 1.001024e-09 1.434727e-12 1.739040e-15 8.922645e-15
[1] 9.669775e-10 1.405193e-12 1.030749e-17 9.193441e-15
[1] 9.620643e-10 1.392172e-12 1.727357e-15 4.519741e-11
[1] 9.648451e-10 1.391829e-12 1.128639e-17 1.828271e-11
[1] 1.007348e-09 1.418042e-12 1.083162e-17 2.025794e-14
[1] 9.988577e-10 1.430169e-12 9.856160e-18 1.755247e-11
Algorithm converged after  296  iterations.
[1] 8.875287e-10 1.310707e-12 5.363531e-12 1.081719e-18
[1] 1.177568e-09 1.591190e-12 6.327289e-12 3.073468e-16
Algorithm converged after  11  iterations.
[1] 8.875287e-10 1.310707e-12 9.203818e-15 1.865345e-14
[1] 9.309289e-10 1.365048e-12 9.507763e-15 1.967569e-14
[1] 9.420952e-10 1.381003e-12 9.707377e-15 2.682108e-11
[1] 9.456796e-10 1.398127e-12 1.988765e-14 1.060867e-14
Algorithm converged after  31  iterations.
[1] 8.875287e-10 5.363531e-12 1.081719e-18 9.203818e-15
[1] 1.022740e-09 5.830289e-12 2.944787e-16 1.850280e-11
Algorithm converged after  17  iterations.
[1] 8.875287e-10 5.363531e-12 9.203818e-15 1.865345e-14
[1] 1.069525e-09 5.976414e-12 1.705150e-11 2.136297e-14
Algorithm converged after  11  iterations.
[1] 8.875287e-10 1.310707e-12 5.363531e-12 9.203818e-15
Algorithm converged after  8  iterations.
[1] 8.875287e-10 2.566373e-12
Algorithm converged after  2  iterations.
[1] 8.875287e-10 2.566373e-12 1.242961e-12
Algorithm converged after  9  iterations.
[1] 8.875287e-10 2.566373e-12 4.571829e-12
Algorithm converged after  9  iterations.
[1] 8.875287e-10 2.566373e-12 1.528134e-10
[1] 8.681557e-10 1.574297e-11 1.124833e-09
[1] 8.682476e-10 1.591846e-11 1.137513e-09
Algorithm converged after  29  iterations.
[1] 8.875287e-10 2.566373e-12 1.242961e-12 4.779466e-35
[1] 1.025184e-09 5.236991e-12 1.494457e-12 5.147003e-23
[1] 9.622288e-10 5.858771e-12 1.480325e-12 1.766094e-17
[1] 1.027500e-09 5.363381e-12 1.509506e-12 5.391703e-16
[1] 1.025379e-09 5.297949e-12 1.513598e-12 4.410997e-16
Algorithm converged after  50  iterations.
[1] 8.875287e-10 2.566373e-12 4.571829e-12 2.730514e-16
[1] 1.037174e-09 6.494959e-12 5.458681e-12 3.504836e-24
[1] 1.085372e-09 6.613474e-12 5.614783e-12 6.432237e-19
[1] 1.087603e-09 6.784414e-12 5.656442e-12 2.966269e-24
[1] 1.087891e-09 6.717403e-12 5.677399e-12 2.729978e-16
[1] 1.039900e-09 6.367119e-12 5.530030e-12 2.742339e-16
[1] 1.036198e-09 6.700872e-12 5.624858e-12 2.831549e-16
[1] 1.072769e-09 6.725132e-12 5.741972e-12 5.541901e-24
[1] 1.082510e-09 6.773305e-12 5.813169e-12 7.760625e-24
[1] 1.043502e-09 6.690710e-12 5.717638e-12 2.884308e-16
[1] 1.082426e-09 6.805351e-12 5.864876e-12 7.898094e-19
[1] 9.574772e-10 5.478794e-12 5.385878e-12 2.934075e-16
[1] 1.081996e-09 6.813061e-12 5.921464e-12 4.640822e-24
[1] 1.028586e-09 6.041375e-12 5.746133e-12 2.613731e-16
[1] 1.084134e-09 6.740407e-12 5.981107e-12 7.992247e-16
[1] 1.079832e-09 6.963711e-12 5.999747e-12 3.178532e-16
Algorithm converged after  157  iterations.
[1] 8.875287e-10 2.566373e-12 1.528134e-10 9.322956e-15
[1] 8.392618e-10 2.317168e-11 1.672382e-09 1.299505e-14
[1] 8.397591e-10 2.368210e-11 1.709679e-09 1.305908e-14
[1] 8.397666e-10 2.368970e-11 1.710234e-09 1.306003e-14
Algorithm converged after  34  iterations.
[1] 8.875287e-10 2.566373e-12 1.242961e-12 4.571829e-12
[1] 1.209147e-09 1.399876e-11 1.954860e-12 6.549911e-12
Algorithm converged after  13  iterations.
[1] 8.875287e-10 2.566373e-12 1.242961e-12 1.528134e-10
[1] 1.072486e-09 5.486015e-11 2.775188e-12 3.844100e-09
[1] 1.074733e-09 5.558142e-11 2.788649e-12 3.882790e-09
[1] 1.074580e-09 5.550931e-11 2.787276e-12 3.877541e-09
Algorithm converged after  39  iterations.
[1] 8.875287e-10 2.566373e-12 4.571829e-12 1.528134e-10
[1] 1.105822e-09 5.458782e-11 8.495799e-12 3.831761e-09
[1] 1.107234e-09 5.515648e-11 8.513736e-12 3.862781e-09
[1] 1.107119e-09 5.510493e-11 8.511308e-12 3.859054e-09
Algorithm converged after  37  iterations.
numeric(0)
Algorithm converged after  1  iterations.
[1] 2.559327e-12
Algorithm converged after  2  iterations.
[1] 3.983698e-12
Algorithm converged after  2  iterations.
[1] 1.279291e-09
Algorithm converged after  2  iterations.
[1] 2.559327e-12 3.167082e-13
Algorithm converged after  2  iterations.
[1] 3.983698e-12 7.825855e-13
Algorithm converged after  2  iterations.
[1] 1.279291e-09 1.636847e-11
Algorithm converged after  2  iterations.
[1] 2.559327e-12 3.983698e-12
Algorithm converged after  2  iterations.
[1] 2.559327e-12 1.279291e-09
Algorithm converged after  2  iterations.
[1] 3.983698e-12 1.279291e-09
Algorithm converged after  2  iterations.
[1] 2.559327e-12 3.167082e-13 3.983698e-12
Algorithm converged after  2  iterations.
[1] 2.559327e-12 3.167082e-13 1.279291e-09
Algorithm converged after  2  iterations.
[1] 2.559327e-12 3.983698e-12 7.825855e-13
Algorithm converged after  2  iterations.
[1] 2.559327e-12 1.279291e-09 1.636847e-11
Algorithm converged after  2  iterations.
[1] 3.983698e-12 7.825855e-13 1.279291e-09
Algorithm converged after  2  iterations.
[1] 3.983698e-12 1.279291e-09 1.636847e-11
Algorithm converged after  2  iterations.
[1] 2.559327e-12 3.983698e-12 1.279291e-09
Algorithm converged after  2  iterations.
[1] 2.559327e-12 3.167082e-13 3.983698e-12 7.825855e-13
Algorithm converged after  2  iterations.
[1] 2.559327e-12 3.167082e-13 1.279291e-09 1.636847e-11
Algorithm converged after  2  iterations.
[1] 3.983698e-12 7.825855e-13 1.279291e-09 1.636847e-11
Algorithm converged after  2  iterations.
[1] 2.559327e-12 3.167082e-13 3.983698e-12 1.279291e-09
Algorithm converged after  2  iterations.
[1] 2.559327e-12 3.983698e-12 7.825855e-13 1.279291e-09
Algorithm converged after  2  iterations.
[1] 2.559327e-12 3.983698e-12 1.279291e-09 1.636847e-11
Algorithm converged after  2  iterations.
[1] 2.569035e-09
Algorithm converged after  2  iterations.
[1] 2.569035e-09 4.194978e-13
Algorithm converged after  6  iterations.
[1] 2.569035e-09 1.010943e-12
Algorithm converged after  6  iterations.
[1] 2.569035e-09 1.779230e-09
[1] 1.130647e-08 3.257507e-09
Algorithm converged after  12  iterations.
[1] 2.569035e-09 4.194978e-13 2.123888e-15
Algorithm converged after  6  iterations.
[1] 2.569035e-09 1.010943e-12 1.040804e-16
Algorithm converged after  7  iterations.
[1] 2.569035e-09 1.779230e-09 1.076499e-14
[1] 1.108357e-08 3.237204e-09 1.245979e-14
Algorithm converged after  12  iterations.
[1] 2.569035e-09 4.194978e-13 1.010943e-12
Algorithm converged after  7  iterations.
[1] 2.569035e-09 4.194978e-13 1.779230e-09
[1] 1.352096e-08 5.777840e-13 3.597340e-09
Algorithm converged after  13  iterations.
[1] 2.569035e-09 1.010943e-12 1.779230e-09
[1] 1.492949e-08 1.280388e-12 3.797354e-09
Algorithm converged after  13  iterations.
[1] 2.569035e-09 4.194978e-13 2.123888e-15 1.010943e-12
Algorithm converged after  7  iterations.
[1] 2.569035e-09 4.194978e-13 2.123888e-15 1.779230e-09
[1] 1.330899e-08 5.756943e-13 2.082313e-15 3.569427e-09
Algorithm converged after  13  iterations.
[1] 2.569035e-09 4.194978e-13 1.010943e-12 1.040804e-16
[1] 4.681179e-09 4.593881e-13 1.073274e-12 4.122718e-31
[1] 4.636695e-09 4.586396e-13 1.071966e-12 1.176367e-32
[1] 4.701843e-09 4.596712e-13 1.074578e-12 3.825154e-22
[1] 4.623400e-09 4.584519e-13 1.072005e-12 7.603253e-29
[1] 4.686160e-09 4.596862e-13 1.074076e-12 9.168628e-17
[1] 4.687468e-09 4.597187e-13 1.074182e-12 6.494346e-23
[1] 4.712907e-09 4.600886e-13 1.074562e-12 1.023178e-27
[1] 4.595376e-09 4.581935e-13 1.071942e-12 1.596961e-32
[1] 4.538926e-09 4.572910e-13 1.070472e-12 7.556016e-29
[1] 4.682310e-09 4.599255e-13 1.074841e-12 4.227348e-30
[1] 4.547410e-09 4.575233e-13 1.071184e-12 2.545001e-33
[1] 4.685260e-09 4.602506e-13 1.075903e-12 1.585557e-15
Algorithm converged after  124  iterations.
[1] 2.569035e-09 4.194978e-13 1.779230e-09 1.076499e-14
[1] 1.350319e-08 5.781535e-13 3.594351e-09 1.325373e-14
[1] 1.477087e-08 5.936552e-13 3.792395e-09 1.177818e-14
[1] 1.404733e-08 5.862470e-13 3.697576e-09 1.277701e-14
[1] 1.455972e-08 5.913092e-13 3.762704e-09 2.530034e-14
[1] 1.296552e-08 5.746900e-13 3.545567e-09 1.346223e-14
Algorithm converged after  55  iterations.
[1] 2.569035e-09 1.010943e-12 1.040804e-16 1.779230e-09
[1] 1.497646e-08 1.281100e-12 1.735953e-15 3.804559e-09
[1] 1.618417e-08 1.300298e-12 1.758754e-15 3.968130e-09
[1] 1.552995e-08 1.289830e-12 1.745803e-15 3.880312e-09
[1] 1.533058e-08 1.287261e-12 4.949459e-29 3.855152e-09
[1] 1.553539e-08 1.290937e-12 9.069274e-23 3.884440e-09
[1] 1.555984e-08 1.291462e-12 3.729206e-27 3.888351e-09
[1] 1.532224e-08 1.287402e-12 1.744520e-15 3.855851e-09
[1] 1.487963e-08 1.280193e-12 4.533516e-29 3.795571e-09
[1] 1.385494e-08 1.262608e-12 4.329332e-24 3.653184e-09
[1] 1.593872e-08 1.297690e-12 6.116201e-24 3.944115e-09
[1] 1.579541e-08 1.296280e-12 1.758282e-15 3.927668e-09
[1] 1.554496e-08 1.292747e-12 1.754562e-15 3.895384e-09
[1] 1.562598e-08 1.293748e-12 1.754208e-15 3.905696e-09
[1] 1.554813e-08 1.292816e-12 1.754432e-15 3.896340e-09
[1] 1.540342e-08 1.290567e-12 1.076147e-16 3.877125e-09
[1] 1.548625e-08 1.291684e-12 1.751762e-15 3.888514e-09
[1] 1.553007e-08 1.293046e-12 1.754137e-15 3.896548e-09
[1] 1.666738e-08 1.310596e-12 3.982250e-31 4.049252e-09
[1] 1.516313e-08 1.286836e-12 1.741011e-15 3.846641e-09
[1] 1.521965e-08 1.287776e-12 1.739480e-15 3.855675e-09
[1] 1.465556e-08 1.278760e-12 1.728304e-15 3.779246e-09
[1] 1.550477e-08 1.293389e-12 1.753345e-15 3.898244e-09
[1] 1.608811e-08 1.302458e-12 3.328341e-19 3.978040e-09
[1] 1.649965e-08 1.308213e-12 8.632147e-31 4.032689e-09
[1] 1.546712e-08 1.293246e-12 4.469116e-18 3.897001e-09
[1] 1.536292e-08 1.292248e-12 7.257399e-32 3.887324e-09
[1] 1.528214e-08 1.290944e-12 1.743678e-15 3.876436e-09
[1] 1.581674e-08 1.299810e-12 5.623355e-31 3.950692e-09
[1] 1.541384e-08 1.293538e-12 3.320860e-27 3.897438e-09
[1] 1.525026e-08 1.291480e-12 3.067780e-32 3.877898e-09
[1] 1.550561e-08 1.295554e-12 1.751679e-15 3.913267e-09
[1] 1.468501e-08 1.281900e-12 3.320832e-31 3.800217e-09
[1] 1.540417e-08 1.294371e-12 1.749928e-15 3.901312e-09
[1] 1.571993e-08 1.298987e-12 1.756692e-15 3.944571e-09
[1] 1.570005e-08 1.298929e-12 3.872144e-27 3.943756e-09
[1] 1.541165e-08 1.295276e-12 1.088481e-19 3.907124e-09
[1] 1.527948e-08 1.292932e-12 1.743321e-15 3.888670e-09
[1] 1.546694e-08 1.296527e-12 4.923615e-30 3.916366e-09
[1] 1.533729e-08 1.294336e-12 1.750278e-15 3.899029e-09
[1] 1.678969e-08 1.317475e-12 1.771157e-15 4.097504e-09
[1] 1.546743e-08 1.297052e-12 4.555822e-19 3.919746e-09
[1] 1.664263e-08 1.314552e-12 1.762519e-15 4.078148e-09
[1] 1.532119e-08 1.294234e-12 1.754843e-15 3.900166e-09
Algorithm converged after  431  iterations.
[1] 2.569035e-09 1.010943e-12 1.779230e-09 1.076499e-14
[1] 1.531084e-08 1.287545e-12 3.854846e-09 1.257698e-14
[1] 1.405031e-08 1.266542e-12 3.677340e-09 1.264263e-14
[1] 1.532363e-08 1.287848e-12 3.857344e-09 1.182289e-14
[1] 1.442514e-08 1.273416e-12 3.737242e-09 1.305284e-14
Algorithm converged after  43  iterations.
[1] 2.569035e-09 4.194978e-13 1.010943e-12 1.779230e-09
[1] 1.759478e-08 6.225046e-13 1.323060e-12 4.162329e-09
Algorithm converged after  13  iterations.
[1] 2.569035e-09 1.328187e-09
Algorithm converged after  2  iterations.
[1] 2.569035e-09 1.328187e-09 2.300007e-15
Algorithm converged after  5  iterations.
[1] 2.569035e-09 1.328187e-09 1.602577e-15
Algorithm converged after  6  iterations.
[1] 2.569035e-09 1.328187e-09 1.261448e-14
Algorithm converged after  6  iterations.
[1] 2.569035e-09 1.328187e-09 2.300007e-15 1.698435e-16
Algorithm converged after  7  iterations.
[1] 2.569035e-09 1.328187e-09 1.602577e-15 2.888952e-16
[1] 9.325273e-10 5.562741e-13 5.608005e-12 1.409692e-15
Algorithm converged after  11  iterations.
[1] 2.569035e-09 1.328187e-09 1.261448e-14 2.508650e-14
[1] 3.948953e-09 7.630860e-10 1.409536e-09 1.658003e-14
[1] 4.340484e-09 7.751048e-10 1.577881e-09 1.692433e-14
[1] 4.364989e-09 7.757964e-10 1.588165e-09 1.694261e-14
[1] 4.367135e-09 7.758524e-10 1.589042e-09 1.694414e-14
[1] 4.367345e-09 7.758575e-10 1.589126e-09 1.694429e-14
Algorithm converged after  53  iterations.
[1] 2.569035e-09 1.328187e-09 2.300007e-15 1.602577e-15
Algorithm converged after  6  iterations.
[1] 2.569035e-09 1.328187e-09 2.300007e-15 1.261448e-14
[1] 8.314344e-10 1.651355e-11 2.546782e-12 3.815812e-09
[1] 8.308781e-10 1.571315e-11 2.484575e-12 3.616385e-09
[1] 8.308779e-10 1.571526e-11 2.484797e-12 3.617111e-09
Algorithm converged after  31  iterations.
[1] 2.569035e-09 1.328187e-09 1.602577e-15 1.261448e-14
Algorithm converged after  7  iterations.
numeric(0)
Algorithm converged after  1  iterations.
[1] 1.864515e-12
Algorithm converged after  2  iterations.
[1] 3.546207e-12
Algorithm converged after  2  iterations.
[1] 9.722729e-10
Algorithm converged after  2  iterations.
[1] 1.864515e-12 5.172211e-13
Algorithm converged after  2  iterations.
[1] 3.546207e-12 9.297222e-13
Algorithm converged after  2  iterations.
[1] 9.722729e-10 1.227462e-11
Algorithm converged after  2  iterations.
[1] 1.864515e-12 3.546207e-12
Algorithm converged after  2  iterations.
[1] 1.864515e-12 9.722729e-10
Algorithm converged after  2  iterations.
[1] 3.546207e-12 9.722729e-10
Algorithm converged after  2  iterations.
[1] 1.864515e-12 5.172211e-13 3.546207e-12
Algorithm converged after  2  iterations.
[1] 1.864515e-12 5.172211e-13 9.722729e-10
Algorithm converged after  2  iterations.
[1] 1.864515e-12 3.546207e-12 9.297222e-13
Algorithm converged after  2  iterations.
[1] 1.864515e-12 9.722729e-10 1.227462e-11
Algorithm converged after  2  iterations.
[1] 3.546207e-12 9.297222e-13 9.722729e-10
Algorithm converged after  2  iterations.
[1] 3.546207e-12 9.722729e-10 1.227462e-11
Algorithm converged after  2  iterations.
[1] 1.864515e-12 3.546207e-12 9.722729e-10
Algorithm converged after  2  iterations.
[1] 1.864515e-12 5.172211e-13 3.546207e-12 9.297222e-13
Algorithm converged after  2  iterations.
[1] 1.864515e-12 5.172211e-13 9.722729e-10 1.227462e-11
Algorithm converged after  2  iterations.
[1] 3.546207e-12 9.297222e-13 9.722729e-10 1.227462e-11
Algorithm converged after  2  iterations.
[1] 1.864515e-12 5.172211e-13 3.546207e-12 9.722729e-10
Algorithm converged after  2  iterations.
[1] 1.864515e-12 3.546207e-12 9.297222e-13 9.722729e-10
Algorithm converged after  2  iterations.
[1] 1.864515e-12 3.546207e-12 9.722729e-10 1.227462e-11
Algorithm converged after  2  iterations.
[1] 7.407076e-09
Algorithm converged after  2  iterations.
[1] 7.407076e-09 2.386865e-12
Algorithm converged after  6  iterations.
[1] 7.407076e-09 4.859597e-12
Algorithm converged after  6  iterations.
[1] 7.407076e-09 6.341107e-11
[1] 2.718769e-08 1.084536e-10
Algorithm converged after  12  iterations.
[1] 7.407076e-09 2.386865e-12 9.666304e-25
[1] 1.024535e-08 2.507782e-12 1.850668e-15
Algorithm converged after  15  iterations.
[1] 7.407076e-09 4.859597e-12 2.565448e-16
[1] 9.328002e-09 5.035846e-12 3.861345e-15
Algorithm converged after  19  iterations.
[1] 7.407076e-09 6.341107e-11 8.144337e-15
[1] 3.354662e-08 1.208006e-10 4.092258e-25
[1] 2.876412e-08 1.118049e-10 4.237270e-14
[1] 3.361990e-08 1.211929e-10 4.622640e-14
[1] 2.947523e-08 1.133600e-10 4.287210e-14
[1] 3.089694e-08 1.161240e-10 4.373468e-14
[1] 2.895667e-08 1.124957e-10 1.955552e-28
[1] 3.358968e-08 1.217231e-10 4.608288e-14
Algorithm converged after  77  iterations.
[1] 7.407076e-09 2.386865e-12 4.859597e-12
Algorithm converged after  6  iterations.
[1] 7.407076e-09 2.386865e-12 6.341107e-11
[1] 3.215919e-08 3.157185e-12 1.183816e-10
Algorithm converged after  12  iterations.
[1] 7.407076e-09 4.859597e-12 6.341107e-11
[1] 3.276181e-08 6.587201e-12 1.192486e-10
Algorithm converged after  12  iterations.
[1] 7.407076e-09 2.386865e-12 9.666304e-25 4.859597e-12
[1] 1.265018e-08 2.593817e-12 1.882785e-15 5.314223e-12
[1] 1.271195e-08 2.596177e-12 1.883552e-15 5.319096e-12
[1] 1.271515e-08 2.596333e-12 1.883580e-15 5.319390e-12
Algorithm converged after  31  iterations.
[1] 7.407076e-09 2.386865e-12 9.666304e-25 6.341107e-11
[1] 3.487764e-08 3.226198e-12 2.111403e-15 1.235714e-10
Algorithm converged after  13  iterations.
[1] 7.407076e-09 2.386865e-12 4.859597e-12 2.565448e-16
[1] 1.194371e-08 2.568928e-12 5.262797e-12 2.490722e-16
Algorithm converged after  15  iterations.
[1] 7.407076e-09 2.386865e-12 6.341107e-11 8.144337e-15
[1] 3.947990e-08 3.333739e-12 1.320991e-10 4.957447e-14
Algorithm converged after  17  iterations.
[1] 7.407076e-09 4.859597e-12 2.565448e-16 6.341107e-11
[1] 3.387360e-08 6.652704e-12 2.787451e-16 1.214530e-10
Algorithm converged after  12  iterations.
[1] 7.407076e-09 4.859597e-12 6.341107e-11 8.144337e-15
[1] 3.887090e-08 6.910629e-12 1.306935e-10 4.848724e-14
[1] 3.667755e-08 6.796199e-12 1.267273e-10 4.692636e-14
[1] 3.769423e-08 6.848658e-12 1.286505e-10 4.730379e-14
[1] 3.751358e-08 6.840944e-12 1.287166e-10 4.714736e-14
[1] 3.659001e-08 6.793851e-12 1.270826e-10 4.675754e-14
[1] 3.653950e-08 6.792164e-12 1.270817e-10 4.690999e-14
[1] 3.943035e-08 6.942797e-12 1.329035e-10 4.823824e-14
Algorithm converged after  78  iterations.
[1] 7.407076e-09 2.386865e-12 4.859597e-12 6.341107e-11
[1] 3.858011e-08 3.308781e-12 6.901179e-12 1.303132e-10
Algorithm converged after  12  iterations.
[1] 7.407076e-09 7.793604e-10
Algorithm converged after  2  iterations.
[1] 7.407076e-09 7.793604e-10 2.255959e-15
Algorithm converged after  5  iterations.
[1] 7.407076e-09 7.793604e-10 3.740117e-15
Algorithm converged after  5  iterations.
[1] 7.407076e-09 7.793604e-10 5.704864e-14
Algorithm converged after  9  iterations.
[1] 7.407076e-09 7.793604e-10 2.255959e-15 7.046746e-17
Algorithm converged after  7  iterations.
[1] 7.407076e-09 7.793604e-10 3.740117e-15 2.948486e-16
[1] 8.846380e-10 4.779657e-12 3.966870e-12 3.012519e-16
[1] 8.324336e-10 5.116886e-12 3.905853e-12 2.967063e-16
Algorithm converged after  29  iterations.
[1] 7.407076e-09 7.793604e-10 5.704864e-14 1.332163e-14
[1] 1.901840e-08 8.275147e-10 8.018131e-14 1.654663e-14
Algorithm converged after  12  iterations.
[1] 7.407076e-09 7.793604e-10 2.255959e-15 3.740117e-15
Algorithm converged after  5  iterations.
[1] 7.407076e-09 7.793604e-10 2.255959e-15 5.704864e-14
Algorithm converged after  9  iterations.
[1] 7.407076e-09 7.793604e-10 3.740117e-15 5.704864e-14
Algorithm converged after  8  iterations.
numeric(0)
Algorithm converged after  1  iterations.
[1] 1.789558e-12
Algorithm converged after  2  iterations.
[1] 9.89971e-13
Algorithm converged after  2  iterations.
[1] 1.834118e-11
Algorithm converged after  2  iterations.
[1] 1.789558e-12 3.580273e-13
Algorithm converged after  2  iterations.
[1] 9.899710e-13 2.261957e-12
Algorithm converged after  2  iterations.
[1] 1.834118e-11 3.388038e-29
Algorithm converged after  2  iterations.
[1] 1.789558e-12 9.899710e-13
Algorithm converged after  2  iterations.
[1] 1.789558e-12 1.834118e-11
Algorithm converged after  2  iterations.
[1] 9.899710e-13 1.834118e-11
Algorithm converged after  2  iterations.
[1] 1.789558e-12 3.580273e-13 9.899710e-13
Algorithm converged after  2  iterations.
[1] 1.789558e-12 3.580273e-13 1.834118e-11
Algorithm converged after  2  iterations.
[1] 1.789558e-12 9.899710e-13 2.261957e-12
Algorithm converged after  2  iterations.
[1] 1.789558e-12 1.834118e-11 3.388038e-29
Algorithm converged after  2  iterations.
[1] 9.899710e-13 2.261957e-12 1.834118e-11
Algorithm converged after  2  iterations.
[1] 9.899710e-13 1.834118e-11 3.388038e-29
Algorithm converged after  2  iterations.
[1] 1.789558e-12 9.899710e-13 1.834118e-11
Algorithm converged after  2  iterations.
[1] 1.789558e-12 3.580273e-13 9.899710e-13 2.261957e-12
Algorithm converged after  2  iterations.
[1] 1.789558e-12 3.580273e-13 1.834118e-11 3.388038e-29
Algorithm converged after  2  iterations.
[1] 9.899710e-13 2.261957e-12 1.834118e-11 3.388038e-29
Algorithm converged after  2  iterations.
[1] 1.789558e-12 3.580273e-13 9.899710e-13 1.834118e-11
Algorithm converged after  2  iterations.
[1] 1.789558e-12 9.899710e-13 2.261957e-12 1.834118e-11
Algorithm converged after  2  iterations.
[1] 1.789558e-12 9.899710e-13 1.834118e-11 3.388038e-29
Algorithm converged after  2  iterations.
[1] 7.766136e-10
Algorithm converged after  2  iterations.
[1] 7.766136e-10 1.696017e-12
Algorithm converged after  5  iterations.
[1] 7.766136e-10 3.255179e-12
Algorithm converged after  6  iterations.
[1] 7.766136e-10 6.127858e-10
Algorithm converged after  5  iterations.
[1] 7.766136e-10 1.696017e-12 1.926706e-15
[1] 8.070989e-10 1.759128e-12 2.498195e-23
[1] 8.527347e-10 1.831001e-12 4.737338e-23
[1] 8.524472e-10 1.830033e-12 1.945001e-15
[1] 7.874082e-10 1.707218e-12 1.926226e-15
[1] 8.545537e-10 1.840408e-12 4.470183e-22
[1] 8.729948e-10 1.837918e-12 1.942836e-15
[1] 8.069142e-10 1.757000e-12 1.941665e-15
[1] 8.560273e-10 1.850588e-12 1.958524e-15
[1] 8.236141e-10 1.796704e-12 7.781781e-29
[1] 8.551009e-10 1.846292e-12 1.956234e-15
[1] 8.580808e-10 1.859475e-12 1.963571e-15
Algorithm converged after  119  iterations.
[1] 7.766136e-10 3.255179e-12 1.844866e-16
Algorithm converged after  6  iterations.
[1] 7.766136e-10 6.127858e-10 3.777392e-14
Algorithm converged after  6  iterations.
[1] 7.766136e-10 1.696017e-12 3.255179e-12
Algorithm converged after  6  iterations.
[1] 7.766136e-10 1.696017e-12 6.127858e-10
Algorithm converged after  6  iterations.
[1] 7.766136e-10 3.255179e-12 6.127858e-10
Algorithm converged after  6  iterations.
[1] 7.766136e-10 1.696017e-12 1.926706e-15 3.255179e-12
[1] 9.394434e-10 1.975521e-12 1.974371e-15 3.691690e-12
Algorithm converged after  14  iterations.
[1] 7.766136e-10 1.696017e-12 1.926706e-15 6.127858e-10
[1] 9.022709e-10 1.895612e-12 1.885920e-23 6.914654e-10
[1] 9.010877e-10 1.894072e-12 2.431346e-23 6.906789e-10
[1] 9.039096e-10 1.903767e-12 1.958504e-15 6.915945e-10
[1] 8.919788e-10 1.877554e-12 1.932894e-23 6.875860e-10
[1] 9.001729e-10 1.893287e-12 1.953160e-15 6.898440e-10
[1] 9.006776e-10 1.888483e-12 4.364578e-24 6.907839e-10
[1] 8.910166e-10 1.872843e-12 6.550560e-31 6.878034e-10
[1] 8.996319e-10 1.887451e-12 5.278686e-24 6.926892e-10
[1] 8.968679e-10 1.871944e-12 1.170433e-23 6.900523e-10
[1] 9.019836e-10 1.893822e-12 2.518268e-31 6.915109e-10
[1] 8.661209e-10 1.825751e-12 1.938378e-15 6.752728e-10
[1] 8.711325e-10 1.849518e-12 1.951889e-15 6.746478e-10
[1] 8.762073e-10 1.850152e-12 8.244247e-30 6.794463e-10
[1] 9.090595e-10 1.896691e-12 2.156365e-26 6.997327e-10
[1] 9.021286e-10 1.891642e-12 1.949720e-15 6.920272e-10
Algorithm converged after  155  iterations.
[1] 7.766136e-10 1.696017e-12 3.255179e-12 1.844866e-16
Algorithm converged after  7  iterations.
[1] 7.766136e-10 1.696017e-12 6.127858e-10 3.777392e-14
Algorithm converged after  7  iterations.
[1] 7.766136e-10 3.255179e-12 1.844866e-16 6.127858e-10
Algorithm converged after  7  iterations.
[1] 7.766136e-10 3.255179e-12 6.127858e-10 3.777392e-14
Algorithm converged after  7  iterations.
[1] 7.766136e-10 1.696017e-12 3.255179e-12 6.127858e-10
Algorithm converged after  7  iterations.
[1] 7.766136e-10 9.385256e-14
Algorithm converged after  2  iterations.
[1] 7.766136e-10 9.385256e-14 8.904598e-13
[1] 8.634569e-10 8.633481e-12 4.274324e-12
Algorithm converged after  13  iterations.
[1] 7.766136e-10 9.385256e-14 2.297801e-12
[1] 8.748058e-10 7.154025e-12 5.483541e-12
Algorithm converged after  12  iterations.
[1] 7.766136e-10 9.385256e-14 2.156569e-10
Algorithm converged after  10  iterations.
[1] 7.766136e-10 9.385256e-14 8.904598e-13 2.433237e-15
[1] 8.701733e-10 3.045830e-13 2.699256e-12 2.487789e-15
Algorithm converged after  13  iterations.
[1] 7.766136e-10 9.385256e-14 2.297801e-12 1.598551e-14
Algorithm converged after  8  iterations.
[1] 7.766136e-10 9.385256e-14 2.156569e-10 8.827846e-16
Algorithm converged after  9  iterations.
[1] 7.766136e-10 9.385256e-14 8.904598e-13 2.297801e-12
[1] 9.876088e-10 1.014291e-11 5.313052e-12 6.566953e-12
Algorithm converged after  16  iterations.
[1] 7.766136e-10 9.385256e-14 8.904598e-13 2.156569e-10
Algorithm converged after  10  iterations.
[1] 7.766136e-10 9.385256e-14 2.297801e-12 2.156569e-10
Algorithm converged after  10  iterations.
numeric(0)
Algorithm converged after  1  iterations.
[1] 1.652058e-12
Algorithm converged after  2  iterations.
[1] 6.615236e-12
Algorithm converged after  2  iterations.
[1] 1.02161e-09
Algorithm converged after  2  iterations.
[1] 1.652058e-12 1.961120e-13
Algorithm converged after  2  iterations.
[1] 6.615236e-12 1.219913e-12
Algorithm converged after  2  iterations.
[1] 1.021610e-09 1.742094e-11
Algorithm converged after  2  iterations.
[1] 1.652058e-12 6.615236e-12
Algorithm converged after  2  iterations.
[1] 1.652058e-12 1.021610e-09
Algorithm converged after  2  iterations.
[1] 6.615236e-12 1.021610e-09
Algorithm converged after  2  iterations.
[1] 1.652058e-12 1.961120e-13 6.615236e-12
Algorithm converged after  2  iterations.
[1] 1.652058e-12 1.961120e-13 1.021610e-09
Algorithm converged after  2  iterations.
[1] 1.652058e-12 6.615236e-12 1.219913e-12
Algorithm converged after  2  iterations.
[1] 1.652058e-12 1.021610e-09 1.742094e-11
Algorithm converged after  2  iterations.
[1] 6.615236e-12 1.219913e-12 1.021610e-09
Algorithm converged after  2  iterations.
[1] 6.615236e-12 1.021610e-09 1.742094e-11
Algorithm converged after  2  iterations.
[1] 1.652058e-12 6.615236e-12 1.021610e-09
Algorithm converged after  2  iterations.
[1] 1.652058e-12 1.961120e-13 6.615236e-12 1.219913e-12
Algorithm converged after  2  iterations.
[1] 1.652058e-12 1.961120e-13 1.021610e-09 1.742094e-11
Algorithm converged after  2  iterations.
[1] 6.615236e-12 1.219913e-12 1.021610e-09 1.742094e-11
Algorithm converged after  2  iterations.
[1] 1.652058e-12 1.961120e-13 6.615236e-12 1.021610e-09
Algorithm converged after  2  iterations.
[1] 1.652058e-12 6.615236e-12 1.219913e-12 1.021610e-09
Algorithm converged after  2  iterations.
[1] 1.652058e-12 6.615236e-12 1.021610e-09 1.742094e-11
Algorithm converged after  2  iterations.
[1] 2.963432e-09
Algorithm converged after  2  iterations.
[1] 2.963432e-09 2.241800e-13
Algorithm converged after  5  iterations.
[1] 2.963432e-09 1.443658e-12
Algorithm converged after  6  iterations.
[1] 2.963432e-09 1.752991e-09
[1] 1.173187e-08 3.196624e-09
Algorithm converged after  12  iterations.
[1] 2.963432e-09 2.241800e-13 1.555535e-15
Algorithm converged after  6  iterations.
[1] 2.963432e-09 1.443658e-12 2.181462e-25
[1] 3.932435e-09 1.476064e-12 2.406066e-25
[1] 4.199104e-09 1.484318e-12 4.286651e-25
[1] 4.195029e-09 1.484361e-12 3.170892e-16
[1] 4.131063e-09 1.482424e-12 2.567109e-25
[1] 4.029385e-09 1.479238e-12 3.149588e-16
[1] 4.150912e-09 1.483416e-12 3.211548e-16
[1] 4.196102e-09 1.485142e-12 2.152184e-30
[1] 3.444045e-09 1.461523e-12 1.046688e-19
[1] 4.175869e-09 1.484982e-12 7.821798e-30
[1] 4.013839e-09 1.480395e-12 3.136150e-16
[1] 3.460647e-09 1.462674e-12 4.515163e-25
[1] 4.030690e-09 1.481050e-12 1.231808e-15
Algorithm converged after  128  iterations.
[1] 2.963432e-09 1.752991e-09 7.883692e-26
[1] 1.130520e-08 3.149707e-09 8.800739e-15
Algorithm converged after  14  iterations.
[1] 2.963432e-09 2.241800e-13 1.443658e-12
Algorithm converged after  7  iterations.
[1] 2.963432e-09 2.241800e-13 1.752991e-09
[1] 1.330323e-08 2.585474e-13 3.454929e-09
Algorithm converged after  13  iterations.
[1] 2.963432e-09 1.443658e-12 1.752991e-09
[1] 1.483860e-08 1.728953e-12 3.671857e-09
Algorithm converged after  13  iterations.
[1] 2.963432e-09 2.241800e-13 1.555535e-15 1.443658e-12
Algorithm converged after  7  iterations.
[1] 2.963432e-09 2.241800e-13 1.555535e-15 1.752991e-09
[1] 1.419448e-08 2.614082e-13 1.682133e-15 3.587951e-09
Algorithm converged after  13  iterations.
[1] 2.963432e-09 2.241800e-13 1.443658e-12 2.181462e-25
[1] 4.819774e-09 2.324962e-13 1.503183e-12 3.227062e-16
[1] 4.807185e-09 2.324532e-13 1.502900e-12 1.707711e-29
[1] 4.827127e-09 2.325898e-13 1.503884e-12 9.874740e-30
[1] 4.612933e-09 2.317864e-13 1.497542e-12 8.376817e-24
Algorithm converged after  49  iterations.
[1] 2.963432e-09 2.241800e-13 1.752991e-09 7.883692e-26
[1] 1.263531e-08 2.572343e-13 3.371950e-09 9.503116e-15
Algorithm converged after  15  iterations.
[1] 2.963432e-09 1.443658e-12 2.181462e-25 1.752991e-09
[1] 1.593422e-08 1.748872e-12 3.755786e-16 3.822529e-09
Algorithm converged after  20  iterations.
[1] 2.963432e-09 1.443658e-12 1.752991e-09 7.883692e-26
[1] 1.406386e-08 1.715822e-12 3.576501e-09 9.636350e-15
Algorithm converged after  15  iterations.
[1] 2.963432e-09 2.241800e-13 1.443658e-12 1.752991e-09
[1] 1.663983e-08 2.670373e-13 1.762605e-12 3.928571e-09
Algorithm converged after  13  iterations.
[1] 2.963432e-09 1.596528e-09
Algorithm converged after  2  iterations.
[1] 2.963432e-09 1.596528e-09 1.780905e-15
Algorithm converged after  6  iterations.
[1] 2.963432e-09 1.596528e-09 8.358270e-15
[1] 1.112432e-09 6.265150e-12 2.359941e-12
Algorithm converged after  16  iterations.
[1] 2.963432e-09 1.596528e-09 3.025967e-14
[1] 9.373422e-10 2.713528e-11 6.170588e-10
[1] 9.374164e-10 2.778427e-11 6.460364e-10
[1] 9.374183e-10 2.779554e-11 6.465436e-10
Algorithm converged after  36  iterations.
[1] 2.963432e-09 1.596528e-09 1.780905e-15 3.246620e-16
Algorithm converged after  9  iterations.
[1] 2.963432e-09 1.596528e-09 8.358270e-15 4.001745e-16
[1] 1.121280e-09 1.552098e-12 4.047775e-12 2.804343e-16
Algorithm converged after  18  iterations.
[1] 2.963432e-09 1.596528e-09 3.025967e-14 9.085376e-15
Algorithm converged after  9  iterations.
[1] 2.963432e-09 1.596528e-09 1.780905e-15 8.358270e-15
[1] 1.253468e-09 1.206228e-11 8.075825e-13 1.644324e-12
[1] 1.246484e-09 1.206798e-11 7.919311e-13 1.594991e-12
[1] 1.246223e-09 1.207451e-11 7.913766e-13 1.593020e-12
[1] 1.246206e-09 1.207500e-11 7.913412e-13 1.592890e-12
Algorithm converged after  44  iterations.
[1] 2.963432e-09 1.596528e-09 1.780905e-15 3.025967e-14
[1] 1.529296e-09 5.213006e-12 1.851165e-12 2.896619e-09
[1] 1.686119e-09 8.839872e-12 2.068879e-12 3.908394e-09
[1] 1.700108e-09 9.185157e-12 2.087487e-12 3.998695e-09
[1] 1.701280e-09 9.214227e-12 2.089041e-12 4.006263e-09
[1] 1.701378e-09 9.216652e-12 2.089171e-12 4.006894e-09
Algorithm converged after  59  iterations.
[1] 2.963432e-09 1.596528e-09 8.358270e-15 3.025967e-14
[1] 5.530594e-08 1.179228e-09 6.085214e-15 8.428703e-12
[1] 5.462857e-08 1.182793e-09 6.081688e-15 8.361196e-12
[1] 5.438420e-08 1.182384e-09 6.089149e-15 8.332387e-12
[1] 5.436087e-08 1.182341e-09 6.089880e-15 8.329633e-12
[1] 5.435867e-08 1.182336e-09 6.089950e-15 8.329373e-12
Algorithm converged after  52  iterations.
numeric(0)
Algorithm converged after  1  iterations.
[1] 1.872369e-13
Algorithm converged after  2  iterations.
[1] 6.265128e-12
Algorithm converged after  2  iterations.
[1] 7.373187e-10
Algorithm converged after  2  iterations.
[1] 1.872369e-13 2.146450e-15
Algorithm converged after  2  iterations.
[1] 6.265128e-12 2.605011e-13
Algorithm converged after  2  iterations.
[1] 7.373187e-10 1.514289e-11
Algorithm converged after  2  iterations.
[1] 1.872369e-13 6.265128e-12
Algorithm converged after  2  iterations.
[1] 1.872369e-13 7.373187e-10
Algorithm converged after  2  iterations.
[1] 6.265128e-12 7.373187e-10
Algorithm converged after  2  iterations.
[1] 1.872369e-13 2.146450e-15 6.265128e-12
Algorithm converged after  2  iterations.
[1] 1.872369e-13 2.146450e-15 7.373187e-10
Algorithm converged after  2  iterations.
[1] 1.872369e-13 6.265128e-12 2.605011e-13
Algorithm converged after  2  iterations.
[1] 1.872369e-13 7.373187e-10 1.514289e-11
Algorithm converged after  2  iterations.
[1] 6.265128e-12 2.605011e-13 7.373187e-10
Algorithm converged after  2  iterations.
[1] 6.265128e-12 7.373187e-10 1.514289e-11
Algorithm converged after  2  iterations.
[1] 1.872369e-13 6.265128e-12 7.373187e-10
Algorithm converged after  2  iterations.
[1] 1.872369e-13 2.146450e-15 6.265128e-12 2.605011e-13
Algorithm converged after  2  iterations.
[1] 1.872369e-13 2.146450e-15 7.373187e-10 1.514289e-11
Algorithm converged after  2  iterations.
[1] 6.265128e-12 2.605011e-13 7.373187e-10 1.514289e-11
Algorithm converged after  2  iterations.
[1] 1.872369e-13 2.146450e-15 6.265128e-12 7.373187e-10
Algorithm converged after  2  iterations.
[1] 1.872369e-13 6.265128e-12 2.605011e-13 7.373187e-10
Algorithm converged after  2  iterations.
[1] 1.872369e-13 6.265128e-12 7.373187e-10 1.514289e-11
Algorithm converged after  2  iterations.
[1] 6.462585e-10
Algorithm converged after  2  iterations.
[1] 6.462585e-10 2.068527e-12
Algorithm converged after  5  iterations.
[1] 6.462585e-10 4.082978e-13
Algorithm converged after  6  iterations.
[1] 6.462585e-10 2.861683e-10
Algorithm converged after  5  iterations.
[1] 6.462585e-10 2.068527e-12 2.505660e-15
Algorithm converged after  6  iterations.
[1] 6.462585e-10 4.082978e-13 1.948091e-16
Algorithm converged after  7  iterations.
[1] 6.462585e-10 2.861683e-10 7.266104e-15
[1] 6.740365e-10 3.340575e-10 7.186575e-15
[1] 6.715781e-10 3.165475e-10 7.842344e-15
[1] 6.559869e-10 3.368015e-10 7.115648e-15
Algorithm converged after  39  iterations.
[1] 6.462585e-10 2.068527e-12 4.082978e-13
Algorithm converged after  7  iterations.
[1] 6.462585e-10 2.068527e-12 2.861683e-10
Algorithm converged after  6  iterations.
[1] 6.462585e-10 4.082978e-13 2.861683e-10
Algorithm converged after  7  iterations.
[1] 6.462585e-10 2.068527e-12 2.505660e-15 4.082978e-13
Algorithm converged after  7  iterations.
[1] 6.462585e-10 2.068527e-12 2.505660e-15 2.861683e-10
Algorithm converged after  7  iterations.
[1] 6.462585e-10 2.068527e-12 4.082978e-13 1.948091e-16
Algorithm converged after  7  iterations.
[1] 6.462585e-10 2.068527e-12 2.861683e-10 7.266104e-15
Algorithm converged after  7  iterations.
[1] 6.462585e-10 4.082978e-13 1.948091e-16 2.861683e-10
Algorithm converged after  7  iterations.
[1] 6.462585e-10 4.082978e-13 2.861683e-10 7.266104e-15
Algorithm converged after  8  iterations.
[1] 6.462585e-10 2.068527e-12 4.082978e-13 2.861683e-10
Algorithm converged after  7  iterations.
[1] 6.462585e-10 3.612489e-16
Algorithm converged after  2  iterations.
[1] 6.462585e-10 3.612489e-16 2.024260e-12
Algorithm converged after  9  iterations.
[1] 6.462585e-10 3.612489e-16 4.204245e-13
Algorithm converged after  9  iterations.
[1] 6.462585e-10 3.612489e-16 2.854429e-10
[1] 7.383582e-10 2.150553e-12 5.368692e-09
[1] 7.376268e-10 2.138425e-12 5.319470e-09
[1] 7.376185e-10 2.138286e-12 5.318891e-09
Algorithm converged after  31  iterations.
[1] 6.462585e-10 3.612489e-16 2.024260e-12 2.439463e-15
Algorithm converged after  7  iterations.
[1] 6.462585e-10 3.612489e-16 4.204245e-13 1.544105e-16
[1] 7.625077e-10 1.741923e-12 8.058836e-13 3.141019e-26
[1] 7.641618e-10 1.727099e-12 8.109120e-13 2.273398e-29
[1] 7.615342e-10 1.715260e-12 8.080322e-13 1.708455e-16
[1] 7.624340e-10 1.718457e-12 8.085411e-13 2.507552e-27
[1] 7.605171e-10 1.711686e-12 8.051362e-13 2.935428e-19
[1] 7.621541e-10 1.712020e-12 8.076564e-13 2.055798e-29
[1] 7.601076e-10 1.706644e-12 8.045678e-13 3.146159e-26
[1] 7.260681e-10 1.752148e-12 7.735892e-13 6.756633e-16
[1] 7.600445e-10 1.694224e-12 8.050926e-13 1.763700e-16
[1] 7.630321e-10 1.708350e-12 8.080296e-13 1.829945e-16
Algorithm converged after  102  iterations.
[1] 6.462585e-10 3.612489e-16 2.854429e-10 4.005793e-15
[1] 6.921723e-10 9.316036e-13 1.450088e-09 1.083815e-14
Algorithm converged after  14  iterations.
[1] 6.462585e-10 3.612489e-16 2.024260e-12 4.204245e-13
Algorithm converged after  10  iterations.
[1] 6.462585e-10 3.612489e-16 2.024260e-12 2.854429e-10
[1] 7.177651e-10 1.951588e-13 2.765574e-12 1.908640e-10
Algorithm converged after  11  iterations.
[1] 6.462585e-10 3.612489e-16 4.204245e-13 2.854429e-10
Algorithm converged after  8  iterations.
numeric(0)
Algorithm converged after  1  iterations.
[1] 2.365198e-12
Algorithm converged after  2  iterations.
[1] 8.548752e-13
Algorithm converged after  2  iterations.
[1] 1.450862e-09
Algorithm converged after  2  iterations.
[1] 2.365198e-12 1.715856e-13
Algorithm converged after  2  iterations.
[1] 8.548752e-13 3.331300e-16
Algorithm converged after  2  iterations.
[1] 1.450862e-09 1.462203e-11
Algorithm converged after  2  iterations.
[1] 2.365198e-12 8.548752e-13
Algorithm converged after  2  iterations.
[1] 2.365198e-12 1.450862e-09
Algorithm converged after  2  iterations.
[1] 8.548752e-13 1.450862e-09
Algorithm converged after  2  iterations.
[1] 2.365198e-12 1.715856e-13 8.548752e-13
Algorithm converged after  2  iterations.
[1] 2.365198e-12 1.715856e-13 1.450862e-09
Algorithm converged after  2  iterations.
[1] 2.365198e-12 8.548752e-13 3.331300e-16
Algorithm converged after  2  iterations.
[1] 2.365198e-12 1.450862e-09 1.462203e-11
Algorithm converged after  2  iterations.
[1] 8.548752e-13 3.331300e-16 1.450862e-09
Algorithm converged after  2  iterations.
[1] 8.548752e-13 1.450862e-09 1.462203e-11
Algorithm converged after  2  iterations.
[1] 2.365198e-12 8.548752e-13 1.450862e-09
Algorithm converged after  2  iterations.
[1] 2.365198e-12 1.715856e-13 8.548752e-13 3.331300e-16
Algorithm converged after  2  iterations.
[1] 2.365198e-12 1.715856e-13 1.450862e-09 1.462203e-11
Algorithm converged after  2  iterations.
[1] 8.548752e-13 3.331300e-16 1.450862e-09 1.462203e-11
Algorithm converged after  2  iterations.
[1] 2.365198e-12 1.715856e-13 8.548752e-13 1.450862e-09
Algorithm converged after  2  iterations.
[1] 2.365198e-12 8.548752e-13 3.331300e-16 1.450862e-09
Algorithm converged after  2  iterations.
[1] 2.365198e-12 8.548752e-13 1.450862e-09 1.462203e-11
Algorithm converged after  2  iterations.
[1] 7.656961e-09
Algorithm converged after  2  iterations.
[1] 7.656961e-09 2.761362e-12
Algorithm converged after  5  iterations.
[1] 7.656961e-09 4.091851e-12
Algorithm converged after  5  iterations.
[1] 7.656961e-09 8.439118e-11
[1] 3.225524e-08 1.558487e-10
Algorithm converged after  12  iterations.
[1] 7.656961e-09 2.761362e-12 8.419006e-23
[1] 1.070642e-08 2.899436e-12 2.273407e-15
[1] 1.065507e-08 2.896954e-12 2.266115e-15
[1] 9.261131e-09 2.836837e-12 2.245400e-15
[1] 9.263308e-09 2.837112e-12 2.245089e-15
[1] 9.252491e-09 2.836680e-12 7.368320e-33
[1] 1.024951e-08 2.875814e-12 9.595945e-24
[1] 1.070598e-08 2.900544e-12 1.334269e-23
[1] 1.069249e-08 2.901144e-12 2.287408e-15
[1] 9.522287e-09 2.848604e-12 2.247493e-15
[1] 1.071943e-08 2.902611e-12 3.208725e-28
[1] 9.257915e-09 2.838616e-12 2.245608e-15
[1] 1.069395e-08 2.902256e-12 2.286156e-15
[1] 1.068835e-08 2.901800e-12 1.328026e-23
[1] 1.060389e-08 2.894544e-12 1.785434e-31
[1] 1.071774e-08 2.903613e-12 2.283283e-15
[1] 9.391613e-09 2.845825e-12 9.151227e-24
[1] 9.337495e-09 2.844986e-12 1.958629e-26
[1] 9.518243e-09 2.850734e-12 2.247047e-15
[1] 1.069915e-08 2.903407e-12 2.273312e-15
[1] 1.066591e-08 2.902361e-12 2.183822e-19
[1] 9.370514e-09 2.846311e-12 1.886679e-29
[1] 9.476951e-09 2.850164e-12 2.246551e-15
[1] 9.695891e-09 2.860558e-12 2.258781e-15
[1] 1.066649e-08 2.903019e-12 2.272963e-15
[1] 1.069661e-08 2.904399e-12 1.335108e-23
[1] 9.254690e-09 2.841716e-12 6.776646e-28
[1] 9.266767e-09 2.842009e-12 2.243193e-15
[1] 1.066645e-08 2.903864e-12 1.804431e-29
[1] 8.704360e-09 2.817425e-12 2.228345e-15
[1] 9.265595e-09 2.842413e-12 1.949487e-28
[1] 1.062053e-08 2.899475e-12 1.073295e-30
[1] 1.066492e-08 2.904310e-12 2.272737e-15
[1] 9.251758e-09 2.842752e-12 2.242689e-15
[1] 9.511484e-09 2.854161e-12 2.247192e-15
[1] 9.751938e-09 2.865206e-12 2.792551e-29
[1] 9.486682e-09 2.853365e-12 2.246492e-15
[1] 1.068197e-08 2.907512e-12 1.313778e-23
[1] 1.068207e-08 2.907655e-12 2.288071e-15
[1] 9.322792e-09 2.849076e-12 5.053739e-29
[1] 9.239433e-09 2.845191e-12 2.882925e-31
[1] 9.450944e-09 2.852647e-12 2.247051e-15
[1] 9.333200e-09 2.850030e-12 1.444789e-23
[1] 8.980940e-09 2.832760e-12 8.971523e-24
[1] 9.255874e-09 2.846421e-12 2.255467e-15
[1] 1.066733e-08 2.907507e-12 2.278736e-15
[1] 1.068664e-08 2.908006e-12 2.999164e-29
[1] 9.263526e-09 2.847642e-12 5.014558e-29
[1] 1.070316e-08 2.910155e-12 2.607234e-25
[1] 9.239174e-09 2.845755e-12 2.338141e-26
Algorithm did not converge after  500  iterations.
[1] 7.656961e-09 4.091851e-12 3.386238e-16
Algorithm converged after  5  iterations.
[1] 7.656961e-09 8.439118e-11 3.942592e-15
[1] 3.279478e-08 1.577279e-10 2.977379e-15
Algorithm converged after  13  iterations.
[1] 7.656961e-09 2.761362e-12 4.091851e-12
Algorithm converged after  6  iterations.
[1] 7.656961e-09 2.761362e-12 8.439118e-11
[1] 3.735401e-08 3.703837e-12 1.693892e-10
Algorithm converged after  13  iterations.
[1] 7.656961e-09 4.091851e-12 8.439118e-11
[1] 3.810511e-08 5.380993e-12 1.706016e-10
Algorithm converged after  12  iterations.
[1] 7.656961e-09 2.761362e-12 8.419006e-23 4.091851e-12
[1] 1.303820e-08 2.988934e-12 2.310001e-15 4.399702e-12
Algorithm converged after  13  iterations.
[1] 7.656961e-09 2.761362e-12 8.419006e-23 8.439118e-11
[1] 4.050468e-08 3.781192e-12 1.713623e-29 1.770812e-10
[1] 4.057569e-08 3.784014e-12 2.572693e-15 1.773708e-10
[1] 4.112517e-08 3.797895e-12 1.318755e-16 1.787812e-10
[1] 4.038196e-08 3.779381e-12 2.569604e-15 1.770636e-10
[1] 4.046631e-08 3.780886e-12 7.181408e-30 1.773821e-10
[1] 4.102391e-08 3.795716e-12 2.051325e-33 1.788997e-10
[1] 4.106777e-08 3.796110e-12 7.302917e-23 1.790402e-10
[1] 4.113562e-08 3.799735e-12 9.036498e-29 1.793499e-10
[1] 4.056084e-08 3.784091e-12 2.565406e-15 1.779898e-10
[1] 3.839762e-08 3.730167e-12 2.546388e-15 1.728063e-10
[1] 4.046166e-08 3.782873e-12 7.334663e-23 1.779221e-10
[1] 3.929010e-08 3.752950e-12 2.555533e-15 1.751093e-10
[1] 4.109636e-08 3.798924e-12 2.575893e-15 1.795943e-10
[1] 4.109667e-08 3.797813e-12 2.271304e-26 1.796108e-10
[1] 3.859696e-08 3.734900e-12 2.542446e-15 1.736660e-10
[1] 4.017114e-08 3.776084e-12 2.562809e-15 1.776421e-10
[1] 4.019604e-08 3.775067e-12 2.552828e-15 1.777177e-10
[1] 4.120019e-08 3.800130e-12 2.560132e-15 1.803158e-10
[1] 4.103140e-08 3.793096e-12 1.667413e-23 1.799408e-10
[1] 4.027620e-08 3.775592e-12 2.538136e-15 1.782863e-10
[1] 3.768151e-08 3.712368e-12 2.525973e-15 1.721220e-10
[1] 3.942621e-08 3.748638e-12 2.508206e-15 1.763353e-10
[1] 4.043663e-08 3.781030e-12 2.538527e-15 1.791169e-10
[1] 4.062598e-08 3.787305e-12 2.552787e-15 1.797093e-10
[1] 4.122373e-08 3.802351e-12 2.558195e-15 1.812487e-10
[1] 4.133543e-08 3.805779e-12 2.863131e-17 1.815773e-10
[1] 4.007536e-08 3.771944e-12 2.535158e-15 1.784743e-10
[1] 4.116288e-08 3.799406e-12 2.546241e-15 1.811646e-10
[1] 4.044381e-08 3.783131e-12 2.547931e-15 1.795746e-10
[1] 4.064337e-08 3.787622e-12 2.547435e-15 1.801040e-10
[1] 4.091089e-08 3.794327e-12 2.546580e-15 1.809101e-10
[1] 4.126883e-08 3.803271e-12 2.550161e-15 1.818220e-10
Algorithm converged after  323  iterations.
[1] 7.656961e-09 2.761362e-12 4.091851e-12 3.386238e-16
Algorithm converged after  6  iterations.
[1] 7.656961e-09 2.761362e-12 8.439118e-11 3.942592e-15
[1] 4.037264e-08 3.778213e-12 1.768954e-10 3.188760e-15
[1] 3.784598e-08 3.718364e-12 1.710029e-10 1.036046e-19
[1] 3.758492e-08 3.712052e-12 1.704788e-10 2.255357e-20
[1] 4.425724e-08 3.874842e-12 1.868772e-10 4.002899e-14
[1] 3.942888e-08 3.751623e-12 1.750512e-10 3.154320e-15
[1] 4.402737e-08 3.869337e-12 1.866159e-10 3.167358e-15
[1] 4.730841e-08 3.945277e-12 1.944572e-10 4.162504e-14
[1] 4.595056e-08 3.911448e-12 1.912292e-10 4.027695e-14
[1] 4.399561e-08 3.864975e-12 1.866452e-10 2.613552e-15
[1] 3.902132e-08 3.743595e-12 1.747646e-10 3.151701e-15
[1] 3.925979e-08 3.749676e-12 1.754526e-10 3.153019e-15
[1] 4.606708e-08 3.916234e-12 1.921839e-10 4.063851e-14
[1] 4.220597e-08 3.822501e-12 1.829756e-10 3.137221e-15
[1] 3.746709e-08 3.710930e-12 1.717310e-10 9.577561e-20
[1] 4.626383e-08 3.921373e-12 1.930967e-10 4.076449e-14
[1] 4.129678e-08 3.801216e-12 1.812502e-10 3.135018e-15
[1] 4.648216e-08 3.929478e-12 1.940637e-10 9.813037e-27
[1] 3.863834e-08 3.737118e-12 1.749195e-10 3.151791e-15
[1] 4.356129e-08 3.857069e-12 1.870288e-10 1.648877e-25
[1] 4.986963e-08 3.999723e-12 2.022561e-10 4.153769e-14
[1] 3.769151e-08 3.717500e-12 1.732663e-10 3.599731e-14
[1] 4.756994e-08 3.955522e-12 1.974193e-10 4.215611e-14
[1] 4.411310e-08 3.874336e-12 1.892249e-10 3.174512e-28
[1] 4.428966e-08 3.878890e-12 1.897689e-10 4.010744e-14
[1] 4.721907e-08 3.944255e-12 1.966888e-10 3.342962e-25
[1] 3.814552e-08 3.725672e-12 1.746621e-10 3.138109e-15
[1] 4.403299e-08 3.872584e-12 1.894393e-10 5.452699e-24
[1] 3.727504e-08 3.707918e-12 1.728816e-10 3.579467e-14
[1] 3.747751e-08 3.710614e-12 1.733152e-10 3.141480e-15
[1] 4.762253e-08 3.956866e-12 1.982879e-10 7.834176e-32
[1] 3.720807e-08 3.705172e-12 1.728469e-10 4.315869e-30
[1] 3.791753e-08 3.724644e-12 1.747964e-10 3.623647e-14
[1] 4.142739e-08 3.803225e-12 1.832309e-10 3.707365e-14
[1] 3.747081e-08 3.713534e-12 1.738989e-10 3.595553e-14
[1] 4.511573e-08 3.892162e-12 1.925157e-10 3.916642e-14
[1] 3.781028e-08 3.722148e-12 1.751176e-10 3.138116e-15
[1] 4.072896e-08 3.791166e-12 1.823348e-10 3.106647e-15
[1] 4.500448e-08 3.894010e-12 1.929056e-10 3.987817e-14
[1] 4.647417e-08 3.932478e-12 1.968341e-10 4.156231e-14
[1] 3.885032e-08 3.746858e-12 1.779640e-10 3.116086e-15
[1] 3.752909e-08 3.714667e-12 1.748921e-10 3.133877e-15
[1] 3.737705e-08 3.713188e-12 1.747837e-10 5.789957e-32
[1] 4.772995e-08 3.962222e-12 2.004304e-10 4.234425e-14
[1] 4.140380e-08 3.806354e-12 1.846787e-10 4.799018e-20
[1] 3.834342e-08 3.735861e-12 1.773252e-10 3.113219e-15
[1] 4.447754e-08 3.879298e-12 1.924617e-10 3.890616e-14
[1] 3.713585e-08 3.703528e-12 1.744377e-10 3.090785e-15
[1] 3.753300e-08 3.718042e-12 1.757521e-10 3.127469e-15
[1] 4.649876e-08 3.929465e-12 1.978431e-10 4.054104e-14
Algorithm did not converge after  500  iterations.
[1] 7.656961e-09 4.091851e-12 3.386238e-16 8.439118e-11
[1] 3.911722e-08 5.418883e-12 4.120728e-16 1.732967e-10
Algorithm converged after  12  iterations.
[1] 7.656961e-09 4.091851e-12 8.439118e-11 3.942592e-15
[1] 3.816399e-08 5.385520e-12 1.710582e-10 3.108334e-15
[1] 3.818700e-08 5.386208e-12 1.711091e-10 3.097027e-15
[1] 3.818920e-08 5.386252e-12 1.711125e-10 3.105289e-15
[1] 3.817618e-08 5.385874e-12 1.710847e-10 3.108132e-15
[1] 3.820008e-08 5.386586e-12 1.711373e-10 3.092217e-15
[1] 3.817777e-08 5.385932e-12 1.710891e-10 3.092804e-15
[1] 3.820461e-08 5.386738e-12 1.711485e-10 3.092023e-15
[1] 3.819158e-08 5.386361e-12 1.711207e-10 3.092617e-15
[1] 3.815832e-08 5.385359e-12 1.710470e-10 3.108599e-15
[1] 3.819209e-08 5.386377e-12 1.711220e-10 3.094408e-15
[1] 3.816435e-08 5.385521e-12 1.710592e-10 3.092592e-15
[1] 3.820943e-08 5.386881e-12 1.711594e-10 3.098982e-15
[1] 3.819223e-08 5.386363e-12 1.711214e-10 3.102934e-15
[1] 3.816835e-08 5.385656e-12 1.710693e-10 3.092580e-15
[1] 3.820586e-08 5.386787e-12 1.711527e-10 3.106232e-15
[1] 3.816383e-08 5.385529e-12 1.710601e-10 3.092720e-15
[1] 3.816460e-08 5.385561e-12 1.710625e-10 3.107909e-15
[1] 3.819610e-08 5.386501e-12 1.711318e-10 3.091607e-15
[1] 3.821199e-08 5.386954e-12 1.711655e-10 3.103192e-15
[1] 3.816149e-08 5.385472e-12 1.710561e-10 3.104313e-15
[1] 3.817161e-08 5.385775e-12 1.710785e-10 3.103984e-15
[1] 3.819209e-08 5.386399e-12 1.711244e-10 3.106727e-15
[1] 3.821625e-08 5.387085e-12 1.711753e-10 3.090960e-15
[1] 3.818003e-08 5.386035e-12 1.710978e-10 3.093602e-15
[1] 3.818778e-08 5.386264e-12 1.711148e-10 3.091569e-15
[1] 3.816616e-08 5.385627e-12 1.710678e-10 3.105969e-15
[1] 3.817078e-08 5.385730e-12 1.710759e-10 3.106741e-15
[1] 3.820940e-08 5.386906e-12 1.711625e-10 3.105350e-15
[1] 3.819900e-08 5.386606e-12 1.711404e-10 3.103934e-15
[1] 3.817455e-08 5.385875e-12 1.710866e-10 3.106638e-15
[1] 3.817279e-08 5.385807e-12 1.710818e-10 3.101991e-15
[1] 3.819807e-08 5.386580e-12 1.711387e-10 3.105504e-15
[1] 3.821564e-08 5.387100e-12 1.711771e-10 3.104760e-15
[1] 3.820169e-08 5.386696e-12 1.711473e-10 3.093027e-15
[1] 3.820030e-08 5.386634e-12 1.711430e-10 3.105166e-15
[1] 3.817062e-08 5.385765e-12 1.710789e-10 3.092699e-15
[1] 3.822088e-08 5.387251e-12 1.711885e-10 3.101439e-15
[1] 3.820795e-08 5.386878e-12 1.711611e-10 3.090227e-15
[1] 3.819658e-08 5.386555e-12 1.711374e-10 3.103179e-15
[1] 3.818610e-08 5.386241e-12 1.711143e-10 3.090933e-15
[1] 3.819914e-08 5.386615e-12 1.711420e-10 3.104889e-15
[1] 3.819415e-08 5.386475e-12 1.711318e-10 3.091208e-15
[1] 3.817420e-08 5.385877e-12 1.710878e-10 3.105641e-15
[1] 3.818235e-08 5.386134e-12 1.711067e-10 3.103260e-15
[1] 3.822234e-08 5.387313e-12 1.711937e-10 3.103818e-15
Algorithm converged after  457  iterations.
[1] 7.656961e-09 2.761362e-12 4.091851e-12 8.439118e-11
[1] 4.395213e-08 3.861036e-12 5.580710e-12 1.852544e-10
Algorithm converged after  13  iterations.
[1] 7.656961e-09 8.164443e-10
Algorithm converged after  2  iterations.
[1] 7.656961e-09 8.164443e-10 2.773447e-15
Algorithm converged after  6  iterations.
[1] 7.656961e-09 8.164443e-10 8.006225e-15
Algorithm converged after  5  iterations.
[1] 7.656961e-09 8.164443e-10 4.336066e-14
Algorithm converged after  9  iterations.
[1] 7.656961e-09 8.164443e-10 2.773447e-15 2.519924e-16
Algorithm converged after  6  iterations.
[1] 7.656961e-09 8.164443e-10 8.006225e-15 3.180822e-16
Algorithm converged after  8  iterations.
[1] 7.656961e-09 8.164443e-10 4.336066e-14 6.750768e-15
[1] 1.938412e-08 8.286214e-10 6.255668e-14 8.423430e-15
Algorithm converged after  11  iterations.
[1] 7.656961e-09 8.164443e-10 2.773447e-15 8.006225e-15
Algorithm converged after  5  iterations.
[1] 7.656961e-09 8.164443e-10 2.773447e-15 4.336066e-14
Algorithm converged after  9  iterations.
[1] 7.656961e-09 8.164443e-10 8.006225e-15 4.336066e-14
Algorithm converged after  9  iterations.
numeric(0)
Algorithm converged after  1  iterations.
[1] 4.383003e-13
Algorithm converged after  2  iterations.
[1] 6.262693e-12
Algorithm converged after  2  iterations.
[1] 4.818389e-10
Algorithm converged after  2  iterations.
[1] 4.383003e-13 1.585469e-15
Algorithm converged after  2  iterations.
[1] 6.262693e-12 1.460928e-12
Algorithm converged after  2  iterations.
[1] 4.818389e-10 1.086024e-11
Algorithm converged after  2  iterations.
[1] 4.383003e-13 6.262693e-12
Algorithm converged after  2  iterations.
[1] 4.383003e-13 4.818389e-10
Algorithm converged after  2  iterations.
[1] 6.262693e-12 4.818389e-10
Algorithm converged after  2  iterations.
[1] 4.383003e-13 1.585469e-15 6.262693e-12
Algorithm converged after  2  iterations.
[1] 4.383003e-13 1.585469e-15 4.818389e-10
Algorithm converged after  2  iterations.
[1] 4.383003e-13 6.262693e-12 1.460928e-12
Algorithm converged after  2  iterations.
[1] 4.383003e-13 4.818389e-10 1.086024e-11
Algorithm converged after  2  iterations.
[1] 6.262693e-12 1.460928e-12 4.818389e-10
Algorithm converged after  2  iterations.
[1] 6.262693e-12 4.818389e-10 1.086024e-11
Algorithm converged after  2  iterations.
[1] 4.383003e-13 6.262693e-12 4.818389e-10
Algorithm converged after  2  iterations.
[1] 4.383003e-13 1.585469e-15 6.262693e-12 1.460928e-12
Algorithm converged after  2  iterations.
[1] 4.383003e-13 1.585469e-15 4.818389e-10 1.086024e-11
Algorithm converged after  2  iterations.
[1] 6.262693e-12 1.460928e-12 4.818389e-10 1.086024e-11
Algorithm converged after  2  iterations.
[1] 4.383003e-13 1.585469e-15 6.262693e-12 4.818389e-10
Algorithm converged after  2  iterations.
[1] 4.383003e-13 6.262693e-12 1.460928e-12 4.818389e-10
Algorithm converged after  2  iterations.
[1] 4.383003e-13 6.262693e-12 4.818389e-10 1.086024e-11
Algorithm converged after  2  iterations.
[1] 1.986967e-09
Algorithm converged after  2  iterations.
[1] 1.986967e-09 7.898527e-13
Algorithm converged after  6  iterations.
[1] 1.986967e-09 1.903919e-12
Algorithm converged after  6  iterations.
[1] 1.986967e-09 9.029163e-10
[1] 6.758555e-09 1.532520e-09
Algorithm converged after  11  iterations.
[1] 1.986967e-09 7.898527e-13 7.761178e-25
[1] 2.962518e-09 8.336025e-13 1.619068e-15
Algorithm converged after  12  iterations.
[1] 1.986967e-09 1.903919e-12 2.586338e-16
[1] 2.954918e-09 1.979170e-12 2.203169e-15
Algorithm converged after  17  iterations.
[1] 1.986967e-09 9.029163e-10 7.033932e-24
[1] 6.621036e-09 1.522529e-09 9.336172e-15
Algorithm converged after  11  iterations.
[1] 1.986967e-09 7.898527e-13 1.903919e-12
Algorithm converged after  7  iterations.
[1] 1.986967e-09 7.898527e-13 9.029163e-10
[1] 8.538388e-09 1.011847e-12 1.751801e-09
Algorithm converged after  12  iterations.
[1] 1.986967e-09 1.903919e-12 9.029163e-10
[1] 9.421585e-09 2.334924e-12 1.852279e-09
Algorithm converged after  12  iterations.
[1] 1.986967e-09 7.898527e-13 7.761178e-25 1.903919e-12
[1] 4.234517e-09 8.826366e-13 1.662388e-15 2.066027e-12
Algorithm converged after  19  iterations.
[1] 1.986967e-09 7.898527e-13 7.761178e-25 9.029163e-10
[1] 9.005024e-09 1.025106e-12 1.727977e-15 1.806307e-09
[1] 9.251105e-09 1.030803e-12 1.725354e-15 1.832367e-09
[1] 9.059634e-09 1.026667e-12 6.372603e-29 1.812764e-09
[1] 8.350479e-09 1.007724e-12 1.714681e-15 1.734545e-09
[1] 9.011756e-09 1.026090e-12 1.728110e-15 1.809663e-09
[1] 9.124979e-09 1.029964e-12 1.381742e-32 1.823576e-09
[1] 9.118075e-09 1.029664e-12 3.971729e-31 1.822806e-09
[1] 8.774095e-09 1.019818e-12 4.456814e-17 1.783548e-09
[1] 9.189660e-09 1.030499e-12 7.444097e-25 1.829861e-09
[1] 9.021619e-09 1.026894e-12 7.227494e-25 1.812848e-09
[1] 8.651093e-09 1.017301e-12 1.722137e-15 1.772664e-09
[1] 8.828099e-09 1.022655e-12 1.727809e-15 1.793641e-09
[1] 8.711760e-09 1.018969e-12 1.720964e-15 1.779834e-09
[1] 8.955516e-09 1.026522e-12 2.980444e-29 1.808850e-09
[1] 9.040221e-09 1.028894e-12 1.729363e-15 1.819196e-09
[1] 8.634043e-09 1.017758e-12 1.722832e-15 1.773468e-09
[1] 9.171704e-09 1.032713e-12 4.008597e-17 1.834515e-09
[1] 9.201356e-09 1.032617e-12 1.726504e-15 1.836652e-09
[1] 8.804729e-09 1.021831e-12 1.708322e-15 1.792509e-09
[1] 8.998257e-09 1.028094e-12 1.723421e-15 1.816631e-09
[1] 9.003487e-09 1.028456e-12 1.721312e-15 1.817748e-09
[1] 8.142092e-09 1.005432e-12 7.494714e-25 1.721340e-09
[1] 8.919202e-09 1.027339e-12 1.733817e-15 1.810519e-09
[1] 9.074246e-09 1.031690e-12 4.149547e-17 1.828200e-09
[1] 8.967021e-09 1.029320e-12 2.110534e-24 1.818383e-09
[1] 8.817683e-09 1.025534e-12 1.654481e-32 1.802577e-09
[1] 9.049766e-09 1.032203e-12 1.736833e-15 1.829289e-09
Algorithm converged after  271  iterations.
[1] 1.986967e-09 7.898527e-13 1.903919e-12 2.586338e-16
Algorithm converged after  8  iterations.
[1] 1.986967e-09 7.898527e-13 9.029163e-10 7.033932e-24
[1] 8.988420e-09 1.023745e-12 1.804181e-09 3.387139e-14
[1] 9.273550e-09 1.031225e-12 1.836352e-09 3.419003e-14
[1] 9.226524e-09 1.029953e-12 1.830933e-09 3.430328e-14
[1] 9.175913e-09 1.027890e-12 1.822828e-09 3.497636e-14
[1] 9.253203e-09 1.031351e-12 1.835753e-09 3.437280e-14
[1] 9.169033e-09 1.028781e-12 1.824859e-09 4.685889e-27
[1] 9.108404e-09 1.029322e-12 1.823991e-09 3.389373e-14
[1] 8.388095e-09 1.010070e-12 1.739124e-09 3.838499e-24
[1] 9.249627e-09 1.033766e-12 1.841568e-09 3.429604e-14
[1] 8.692176e-09 1.018956e-12 1.777157e-09 3.446570e-14
[1] 9.174772e-09 1.031980e-12 1.833010e-09 3.487810e-14
Algorithm converged after  113  iterations.
[1] 1.986967e-09 1.903919e-12 2.586338e-16 9.029163e-10
[1] 9.100317e-09 2.320796e-12 2.123793e-16 1.817409e-09
Algorithm converged after  13  iterations.
[1] 1.986967e-09 1.903919e-12 9.029163e-10 7.033932e-24
[1] 9.166365e-09 2.324412e-12 1.828637e-09 9.705608e-15
Algorithm converged after  12  iterations.
[1] 1.986967e-09 7.898527e-13 1.903919e-12 9.029163e-10
[1] 1.165236e-08 1.093407e-12 2.433106e-12 2.098281e-09
Algorithm converged after  13  iterations.
[1] 1.986967e-09 1.227651e-09
Algorithm converged after  2  iterations.
[1] 1.986967e-09 1.227651e-09 1.909291e-15
Algorithm converged after  6  iterations.
[1] 1.986967e-09 1.227651e-09 1.040417e-14
Algorithm converged after  6  iterations.
[1] 1.986967e-09 1.227651e-09 3.608295e-14
[1] 6.876476e-10 1.262141e-11 1.406793e-10
[1] 6.876958e-10 1.241850e-11 1.436911e-10
[1] 6.876966e-10 1.241561e-11 1.437346e-10
Algorithm converged after  33  iterations.
[1] 1.986967e-09 1.227651e-09 1.909291e-15 6.495594e-26
[1] 8.293647e-10 1.799685e-10 6.136080e-13 1.942970e-15
[1] 8.292900e-10 1.797336e-10 6.134266e-13 1.942951e-15
Algorithm converged after  21  iterations.
[1] 1.986967e-09 1.227651e-09 1.040417e-14 1.988794e-16
[1] 7.935104e-10 1.253549e-12 5.033712e-12 2.178225e-16
Algorithm converged after  17  iterations.
[1] 1.986967e-09 1.227651e-09 3.608295e-14 9.550792e-15
[1] 6.780336e-10 1.261340e-11 2.308186e-10 1.394068e-24
[1] 6.793439e-10 1.374651e-11 2.163860e-10 1.011327e-14
[1] 6.779175e-10 1.295935e-11 2.504992e-10 1.043606e-14
[1] 6.556152e-10 1.430558e-11 2.043641e-10 1.011432e-14
[1] 6.774532e-10 1.378317e-11 2.356134e-10 1.029838e-14
[1] 6.822338e-10 1.291615e-11 3.121565e-10 1.089048e-14
[1] 6.823326e-10 1.291081e-11 3.134250e-10 1.089938e-14
Algorithm converged after  80  iterations.
[1] 1.986967e-09 1.227651e-09 1.909291e-15 1.040417e-14
[1] 9.401800e-10 8.534816e-13 3.231654e-12 5.626528e-12
Algorithm converged after  13  iterations.
[1] 1.986967e-09 1.227651e-09 1.909291e-15 3.608295e-14
[1] 8.845375e-10 2.664701e-11 3.418182e-12 1.012389e-09
[1] 9.133037e-10 2.800829e-11 3.632868e-12 1.190364e-09
[1] 9.156952e-10 2.810621e-11 3.649957e-12 1.204871e-09
[1] 9.158826e-10 2.811379e-11 3.651292e-12 1.206006e-09
[1] 9.158972e-10 2.811438e-11 3.651396e-12 1.206094e-09
Algorithm converged after  54  iterations.
[1] 1.986967e-09 1.227651e-09 1.040417e-14 3.608295e-14
[1] 9.477677e-10 1.756045e-11 6.643732e-12 1.050032e-09
[1] 9.601484e-10 1.905474e-11 6.807787e-12 1.131022e-09
[1] 9.605918e-10 1.910833e-11 6.813584e-12 1.133920e-09
[1] 9.606074e-10 1.911022e-11 6.813787e-12 1.134022e-09
Algorithm converged after  43  iterations.
Warning messages:
1: In max(abs(CT), na.rm = T) :
  no non-missing arguments to max; returning -Inf
2: In max(abs(CT), na.rm = T) :
  no non-missing arguments to max; returning -Inf
3: In max(abs(CT), na.rm = T) :
  no non-missing arguments to max; returning -Inf
4: In max(abs(CT), na.rm = T) :
  no non-missing arguments to max; returning -Inf
5: In max(abs(CT), na.rm = T) :
  no non-missing arguments to max; returning -Inf
6: In max(abs(CT), na.rm = T) :
  no non-missing arguments to max; returning -Inf
7: In max(abs(CT), na.rm = T) :
  no non-missing arguments to max; returning -Inf
8: In max(abs(CT), na.rm = T) :
  no non-missing arguments to max; returning -Inf
9: In max(abs(CT), na.rm = T) :
  no non-missing arguments to max; returning -Inf
10: In max(abs(CT), na.rm = T) :
  no non-missing arguments to max; returning -Inf
[1] "Best iter parameter is:"
   gam  rankJ rankA1 rankA2 rankA3 
     4      2      0      0      2 
[1] 2.561049e-09 1.292105e-09 2.354812e-14 8.190818e-15
[1] 4.521089e-09 7.760350e-10 1.073048e-09 3.119497e-14
[1] 4.971920e-09 7.895336e-10 1.215384e-09 3.190726e-14
[1] 5.012576e-09 7.912693e-10 1.230279e-09 3.191544e-14
[1] 5.019609e-09 7.915883e-10 1.232947e-09 3.191614e-14
[1] 5.021118e-09 7.916565e-10 1.233521e-09 3.191676e-14
[1] 5.021472e-09 7.916723e-10 1.233655e-09 3.191702e-14
[1] 5.021559e-09 7.916761e-10 1.233688e-09 3.191710e-14
Algorithm converged after  73  iterations.
        [,1]     [,2]     [,3]
[1,] 3.98555 9.490598 50.27907
