myseed=9448 

Attaching package: ‘pls’

The following object is masked from ‘package:stats’:

    loadings

Loading required package: lattice
Loading required package: ggplot2
Registered S3 methods overwritten by 'ggplot2':
  method         from 
  [.quosures     rlang
  c.quosures     rlang
  print.quosures rlang

Attaching package: ‘caret’

The following object is masked from ‘package:pls’:

    R2

Loading required package: Matrix
Loading required package: foreach
Loaded glmnet 2.0-18

Parsed with column specification:
cols(
  .default = col_double()
)
See spec(...) for full column specifications.
Parsed with column specification:
cols(
  X1 = col_double()
)
Parsed with column specification:
cols(
  X1 = col_double()
)
numeric(0)
Algorithm converged after  1  iterations.
[1] 5.252697e-05
Algorithm converged after  2  iterations.
[1] 7.641319e-05
Algorithm converged after  2  iterations.
[1] 0.0001567612
Algorithm converged after  2  iterations.
[1] 5.252697e-05 1.456064e-05
Algorithm converged after  2  iterations.
[1] 7.641319e-05 5.334383e-06
Algorithm converged after  2  iterations.
[1] 1.567612e-04 1.623038e-05
Algorithm converged after  2  iterations.
[1] 5.252697e-05 7.641319e-05
Algorithm converged after  2  iterations.
[1] 5.252697e-05 1.567612e-04
Algorithm converged after  2  iterations.
[1] 7.641319e-05 1.567612e-04
Algorithm converged after  2  iterations.
[1] 5.252697e-05 1.456064e-05 7.641319e-05
Algorithm converged after  2  iterations.
[1] 5.252697e-05 1.456064e-05 1.567612e-04
Algorithm converged after  2  iterations.
[1] 5.252697e-05 7.641319e-05 5.334383e-06
Algorithm converged after  2  iterations.
[1] 5.252697e-05 1.567612e-04 1.623038e-05
Algorithm converged after  2  iterations.
[1] 7.641319e-05 5.334383e-06 1.567612e-04
Algorithm converged after  2  iterations.
[1] 7.641319e-05 1.567612e-04 1.623038e-05
Algorithm converged after  2  iterations.
[1] 5.252697e-05 7.641319e-05 1.567612e-04
Algorithm converged after  2  iterations.
[1] 5.252697e-05 1.456064e-05 7.641319e-05 5.334383e-06
Algorithm converged after  2  iterations.
[1] 5.252697e-05 1.456064e-05 1.567612e-04 1.623038e-05
Algorithm converged after  2  iterations.
[1] 7.641319e-05 5.334383e-06 1.567612e-04 1.623038e-05
Algorithm converged after  2  iterations.
[1] 5.252697e-05 1.456064e-05 7.641319e-05 1.567612e-04
Algorithm converged after  2  iterations.
[1] 5.252697e-05 7.641319e-05 5.334383e-06 1.567612e-04
Algorithm converged after  2  iterations.
[1] 5.252697e-05 7.641319e-05 1.567612e-04 1.623038e-05
Algorithm converged after  2  iterations.
[1] 0.0006593328
Algorithm converged after  2  iterations.
[1] 6.593328e-04 6.728860e-06
Algorithm converged after  7  iterations.
[1] 6.593328e-04 3.820385e-05
Algorithm converged after  6  iterations.
[1] 0.0006593328 0.0001054994
Algorithm converged after  9  iterations.
[1] 6.593328e-04 6.728860e-06 4.539214e-06
[1] 7.532841e-04 7.134244e-06 3.613091e-06
[1] 7.532680e-04 7.134173e-06 3.611212e-06
Algorithm converged after  23  iterations.
[1] 6.593328e-04 3.820385e-05 4.568255e-06
Algorithm converged after  8  iterations.
[1] 6.593328e-04 1.054994e-04 7.777983e-06
[1] 8.903911e-04 1.309113e-04 9.367764e-06
Algorithm converged after  11  iterations.
[1] 6.593328e-04 6.728860e-06 3.820385e-05
Algorithm converged after  8  iterations.
[1] 6.593328e-04 6.728860e-06 1.054994e-04
Algorithm converged after  10  iterations.
[1] 6.593328e-04 3.820385e-05 1.054994e-04
Algorithm converged after  9  iterations.
[1] 6.593328e-04 6.728860e-06 4.539214e-06 3.820385e-05
Algorithm converged after  8  iterations.
[1] 6.593328e-04 6.728860e-06 4.539214e-06 1.054994e-04
[1] 9.376259e-04 8.010532e-06 5.207214e-06 1.649496e-04
Algorithm converged after  12  iterations.
[1] 6.593328e-04 6.728860e-06 3.820385e-05 4.568255e-06
Algorithm converged after  7  iterations.
[1] 6.593328e-04 6.728860e-06 1.054994e-04 7.777983e-06
Algorithm converged after  10  iterations.
[1] 6.593328e-04 3.820385e-05 4.568255e-06 1.054994e-04
Algorithm converged after  10  iterations.
[1] 6.593328e-04 3.820385e-05 1.054994e-04 7.777983e-06
[1] 9.816577e-04 4.402547e-05 1.432037e-04 9.750804e-06
Algorithm converged after  12  iterations.
[1] 6.593328e-04 6.728860e-06 3.820385e-05 1.054994e-04
Algorithm converged after  8  iterations.
[1] 6.593328e-04 4.025896e-05
Algorithm converged after  2  iterations.
[1] 6.593328e-04 4.025896e-05 1.246005e-05
Algorithm converged after  10  iterations.
[1] 6.593328e-04 4.025896e-05 5.121788e-05
[1] 7.725230e-04 4.884343e-05 7.114024e-05
Algorithm converged after  11  iterations.
[1] 6.593328e-04 4.025896e-05 1.061471e-05
[1] 7.812252e-04 8.339715e-05 5.016962e-05
Algorithm converged after  16  iterations.
[1] 6.593328e-04 4.025896e-05 1.246005e-05 2.992366e-06
[1] 7.379642e-04 5.192796e-05 1.743790e-05 3.477710e-06
Algorithm converged after  11  iterations.
[1] 6.593328e-04 4.025896e-05 5.121788e-05 3.923877e-06
[1] 7.740981e-04 5.682710e-05 7.171531e-05 5.371874e-06
Algorithm converged after  13  iterations.
[1] 6.593328e-04 4.025896e-05 1.061471e-05 5.734006e-06
[1] 6.263014e-04 3.682013e-05 1.499627e-05 6.281276e-06
[1] 6.264311e-04 3.680992e-05 1.503013e-05 6.280033e-06
Algorithm converged after  27  iterations.
[1] 6.593328e-04 4.025896e-05 1.246005e-05 5.121788e-05
[1] 9.560193e-04 6.463913e-05 4.236401e-05 9.540115e-05
Algorithm converged after  18  iterations.
[1] 6.593328e-04 4.025896e-05 1.246005e-05 1.061471e-05
[1] 7.604690e-04 4.574838e-05 1.249323e-05 1.652001e-05
Algorithm converged after  17  iterations.
[1] 6.593328e-04 4.025896e-05 5.121788e-05 1.061471e-05
Algorithm converged after  9  iterations.
numeric(0)
Algorithm converged after  1  iterations.
[1] 3.506053e-05
Algorithm converged after  2  iterations.
[1] 4.774493e-05
Algorithm converged after  2  iterations.
[1] 0.0001531751
Algorithm converged after  2  iterations.
[1] 3.506053e-05 1.213391e-05
Algorithm converged after  2  iterations.
[1] 4.774493e-05 4.446215e-06
Algorithm converged after  2  iterations.
[1] 0.0001531751 0.0000140584
Algorithm converged after  2  iterations.
[1] 3.506053e-05 4.774493e-05
Algorithm converged after  2  iterations.
[1] 3.506053e-05 1.531751e-04
Algorithm converged after  2  iterations.
[1] 4.774493e-05 1.531751e-04
Algorithm converged after  2  iterations.
[1] 3.506053e-05 1.213391e-05 4.774493e-05
Algorithm converged after  2  iterations.
[1] 3.506053e-05 1.213391e-05 1.531751e-04
Algorithm converged after  2  iterations.
[1] 3.506053e-05 4.774493e-05 4.446215e-06
Algorithm converged after  2  iterations.
[1] 3.506053e-05 1.531751e-04 1.405840e-05
Algorithm converged after  2  iterations.
[1] 4.774493e-05 4.446215e-06 1.531751e-04
Algorithm converged after  2  iterations.
[1] 4.774493e-05 1.531751e-04 1.405840e-05
Algorithm converged after  2  iterations.
[1] 3.506053e-05 4.774493e-05 1.531751e-04
Algorithm converged after  2  iterations.
[1] 3.506053e-05 1.213391e-05 4.774493e-05 4.446215e-06
Algorithm converged after  2  iterations.
[1] 3.506053e-05 1.213391e-05 1.531751e-04 1.405840e-05
Algorithm converged after  2  iterations.
[1] 4.774493e-05 4.446215e-06 1.531751e-04 1.405840e-05
Algorithm converged after  2  iterations.
[1] 3.506053e-05 1.213391e-05 4.774493e-05 1.531751e-04
Algorithm converged after  2  iterations.
[1] 3.506053e-05 4.774493e-05 4.446215e-06 1.531751e-04
Algorithm converged after  2  iterations.
[1] 3.506053e-05 4.774493e-05 1.531751e-04 1.405840e-05
Algorithm converged after  2  iterations.
[1] 0.0005466668
Algorithm converged after  2  iterations.
[1] 5.466668e-04 1.099326e-05
Algorithm converged after  8  iterations.
[1] 0.0005466668 0.0000307137
Algorithm converged after  8  iterations.
[1] 5.466668e-04 4.520255e-05
Algorithm converged after  9  iterations.
[1] 5.466668e-04 1.099326e-05 6.576252e-06
Algorithm converged after  9  iterations.
[1] 5.466668e-04 3.071370e-05 4.223466e-06
[1] 7.376430e-04 3.600833e-05 4.840585e-06
Algorithm converged after  12  iterations.
[1] 5.466668e-04 4.520255e-05 7.368645e-06
Algorithm converged after  7  iterations.
[1] 5.466668e-04 1.099326e-05 3.071370e-05
[1] 7.669310e-04 2.072700e-05 4.620584e-05
Algorithm converged after  12  iterations.
[1] 5.466668e-04 1.099326e-05 4.520255e-05
Algorithm converged after  8  iterations.
[1] 5.466668e-04 3.071370e-05 4.520255e-05
Algorithm converged after  8  iterations.
[1] 5.466668e-04 1.099326e-05 6.576252e-06 3.071370e-05
Algorithm converged after  10  iterations.
[1] 5.466668e-04 1.099326e-05 6.576252e-06 4.520255e-05
Algorithm converged after  10  iterations.
[1] 5.466668e-04 1.099326e-05 3.071370e-05 4.223466e-06
[1] 8.948075e-04 1.669094e-05 3.909054e-05 4.977425e-06
Algorithm converged after  12  iterations.
[1] 5.466668e-04 1.099326e-05 4.520255e-05 7.368645e-06
Algorithm converged after  9  iterations.
[1] 5.466668e-04 3.071370e-05 4.223466e-06 4.520255e-05
[1] 8.493199e-04 3.840564e-05 5.023800e-06 7.410352e-05
Algorithm converged after  15  iterations.
[1] 5.466668e-04 3.071370e-05 4.520255e-05 7.368645e-06
Algorithm converged after  9  iterations.
[1] 5.466668e-04 1.099326e-05 3.071370e-05 4.520255e-05
Algorithm converged after  9  iterations.
[1] 5.466668e-04 2.849359e-05
Algorithm converged after  2  iterations.
[1] 5.466668e-04 2.849359e-05 3.718261e-06
[1] 6.255290e-04 4.710032e-05 2.627384e-05
Algorithm converged after  11  iterations.
[1] 5.466668e-04 2.849359e-05 1.157812e-05
Algorithm converged after  10  iterations.
[1] 5.466668e-04 2.849359e-05 1.332372e-04
[1] 0.0006923834 0.0000600263 0.0003997275
Algorithm converged after  18  iterations.
[1] 5.466668e-04 2.849359e-05 3.718261e-06 2.625348e-06
[1] 5.806977e-04 2.625813e-05 4.883555e-06 3.536073e-06
Algorithm converged after  15  iterations.
[1] 5.466668e-04 2.849359e-05 1.157812e-05 5.502636e-06
Algorithm converged after  10  iterations.
[1] 5.466668e-04 2.849359e-05 1.332372e-04 5.597582e-06
[1] 6.041705e-04 7.596684e-05 2.202278e-04 1.565196e-05
Algorithm converged after  19  iterations.
[1] 5.466668e-04 2.849359e-05 3.718261e-06 1.157812e-05
Algorithm converged after  9  iterations.
[1] 5.466668e-04 2.849359e-05 3.718261e-06 1.332372e-04
[1] 6.566854e-04 7.628741e-05 2.372060e-05 4.845165e-04
[1] 6.568647e-04 7.639023e-05 2.377552e-05 4.853250e-04
Algorithm converged after  24  iterations.
[1] 5.466668e-04 2.849359e-05 1.157812e-05 1.332372e-04
[1] 7.192514e-04 4.358665e-05 1.142375e-05 2.617201e-04
Algorithm converged after  15  iterations.
numeric(0)
Algorithm converged after  1  iterations.
[1] 2.042027e-05
Algorithm converged after  2  iterations.
[1] 5.963138e-05
Algorithm converged after  2  iterations.
[1] 0.0001366203
Algorithm converged after  2  iterations.
[1] 2.042027e-05 9.993664e-06
Algorithm converged after  2  iterations.
[1] 5.963138e-05 4.772074e-06
Algorithm converged after  2  iterations.
[1] 1.366203e-04 2.361992e-05
Algorithm converged after  2  iterations.
[1] 2.042027e-05 5.963138e-05
Algorithm converged after  2  iterations.
[1] 2.042027e-05 1.366203e-04
Algorithm converged after  2  iterations.
[1] 5.963138e-05 1.366203e-04
Algorithm converged after  2  iterations.
[1] 2.042027e-05 9.993664e-06 5.963138e-05
Algorithm converged after  2  iterations.
[1] 2.042027e-05 9.993664e-06 1.366203e-04
Algorithm converged after  2  iterations.
[1] 2.042027e-05 5.963138e-05 4.772074e-06
Algorithm converged after  2  iterations.
[1] 2.042027e-05 1.366203e-04 2.361992e-05
Algorithm converged after  2  iterations.
[1] 5.963138e-05 4.772074e-06 1.366203e-04
Algorithm converged after  2  iterations.
[1] 5.963138e-05 1.366203e-04 2.361992e-05
Algorithm converged after  2  iterations.
[1] 2.042027e-05 5.963138e-05 1.366203e-04
Algorithm converged after  2  iterations.
[1] 2.042027e-05 9.993664e-06 5.963138e-05 4.772074e-06
Algorithm converged after  2  iterations.
[1] 2.042027e-05 9.993664e-06 1.366203e-04 2.361992e-05
Algorithm converged after  2  iterations.
[1] 5.963138e-05 4.772074e-06 1.366203e-04 2.361992e-05
Algorithm converged after  2  iterations.
[1] 2.042027e-05 9.993664e-06 5.963138e-05 1.366203e-04
Algorithm converged after  2  iterations.
[1] 2.042027e-05 5.963138e-05 4.772074e-06 1.366203e-04
Algorithm converged after  2  iterations.
[1] 2.042027e-05 5.963138e-05 1.366203e-04 2.361992e-05
Algorithm converged after  2  iterations.
[1] 0.0004692911
Algorithm converged after  2  iterations.
[1] 4.692911e-04 1.145961e-05
Algorithm converged after  8  iterations.
[1] 4.692911e-04 2.354889e-05
Algorithm converged after  7  iterations.
[1] 4.692911e-04 7.022968e-05
Algorithm converged after  9  iterations.
[1] 4.692911e-04 1.145961e-05 7.825034e-06
Algorithm converged after  8  iterations.
[1] 4.692911e-04 2.354889e-05 4.187903e-06
[1] 5.866566e-04 2.563109e-05 4.761383e-06
Algorithm converged after  14  iterations.
[1] 4.692911e-04 7.022968e-05 5.684405e-06
[1] 6.174319e-04 8.540237e-05 6.785972e-06
Algorithm converged after  11  iterations.
[1] 4.692911e-04 1.145961e-05 2.354889e-05
[1] 6.451217e-04 2.155189e-05 4.008621e-05
Algorithm converged after  11  iterations.
[1] 4.692911e-04 1.145961e-05 7.022968e-05
Algorithm converged after  9  iterations.
[1] 4.692911e-04 2.354889e-05 7.022968e-05
Algorithm converged after  8  iterations.
[1] 4.692911e-04 1.145961e-05 7.825034e-06 2.354889e-05
Algorithm converged after  10  iterations.
[1] 4.692911e-04 1.145961e-05 7.825034e-06 7.022968e-05
[1] 7.362719e-04 1.488143e-05 9.278562e-06 1.116510e-04
Algorithm converged after  11  iterations.
[1] 4.692911e-04 1.145961e-05 2.354889e-05 4.187903e-06
[1] 7.954959e-04 1.649946e-05 3.046496e-05 5.140749e-06
Algorithm converged after  15  iterations.
[1] 4.692911e-04 1.145961e-05 7.022968e-05 5.684405e-06
[1] 7.413040e-04 1.542848e-05 1.021730e-04 7.315008e-06
Algorithm converged after  11  iterations.
[1] 4.692911e-04 2.354889e-05 4.187903e-06 7.022968e-05
[1] 7.374834e-04 2.847358e-05 5.164504e-06 1.192946e-04
Algorithm converged after  15  iterations.
[1] 4.692911e-04 2.354889e-05 7.022968e-05 5.684405e-06
[1] 6.998243e-04 2.947207e-05 9.588208e-05 7.188423e-06
Algorithm converged after  11  iterations.
[1] 4.692911e-04 1.145961e-05 2.354889e-05 7.022968e-05
Algorithm converged after  9  iterations.
[1] 4.692911e-04 3.324619e-05
Algorithm converged after  2  iterations.
[1] 4.692911e-04 3.324619e-05 2.121004e-05
Algorithm converged after  9  iterations.
[1] 4.692911e-04 3.324619e-05 3.938181e-05
Algorithm converged after  10  iterations.
[1] 4.692911e-04 3.324619e-05 5.161641e-06
[1] 5.151510e-04 1.170663e-04 2.214138e-05
Algorithm converged after  16  iterations.
[1] 4.692911e-04 3.324619e-05 2.121004e-05 3.704914e-06
[1] 5.282621e-04 4.568952e-05 2.938881e-05 4.194836e-06
Algorithm converged after  12  iterations.
[1] 4.692911e-04 3.324619e-05 3.938181e-05 3.886061e-06
[1] 5.757566e-04 6.101063e-05 5.461939e-05 6.120538e-06
Algorithm converged after  11  iterations.
[1] 4.692911e-04 3.324619e-05 5.161641e-06 1.838152e-06
[1] 4.828755e-04 9.161133e-05 2.060285e-05 4.291678e-06
Algorithm converged after  20  iterations.
[1] 4.692911e-04 3.324619e-05 2.121004e-05 3.938181e-05
[1] 6.915955e-04 7.864129e-05 5.500883e-05 7.541409e-05
Algorithm converged after  15  iterations.
[1] 4.692911e-04 3.324619e-05 2.121004e-05 5.161641e-06
[1] 5.462657e-04 6.228956e-05 5.006454e-05 7.755773e-05
[1] 5.474755e-04 6.281530e-05 5.063208e-05 8.015883e-05
[1] 5.475085e-04 6.282942e-05 5.064742e-05 8.022963e-05
Algorithm converged after  38  iterations.
[1] 4.692911e-04 3.324619e-05 3.938181e-05 5.161641e-06
[1] 5.636691e-04 6.861232e-05 7.758603e-05 9.826926e-05
[1] 5.651666e-04 6.915896e-05 7.827941e-05 1.018719e-04
[1] 5.652080e-04 6.917372e-05 7.829833e-05 1.019709e-04
Algorithm converged after  38  iterations.
numeric(0)
Algorithm converged after  1  iterations.
[1] 3.935872e-05
Algorithm converged after  2  iterations.
[1] 5.704717e-05
Algorithm converged after  2  iterations.
[1] 0.0001689807
Algorithm converged after  2  iterations.
[1] 3.935872e-05 1.179595e-05
Algorithm converged after  2  iterations.
[1] 5.704717e-05 4.909266e-06
Algorithm converged after  2  iterations.
[1] 1.689807e-04 3.868819e-05
Algorithm converged after  2  iterations.
[1] 3.935872e-05 5.704717e-05
Algorithm converged after  2  iterations.
[1] 3.935872e-05 1.689807e-04
Algorithm converged after  2  iterations.
[1] 5.704717e-05 1.689807e-04
Algorithm converged after  2  iterations.
[1] 3.935872e-05 1.179595e-05 5.704717e-05
Algorithm converged after  2  iterations.
[1] 3.935872e-05 1.179595e-05 1.689807e-04
Algorithm converged after  2  iterations.
[1] 3.935872e-05 5.704717e-05 4.909266e-06
Algorithm converged after  2  iterations.
[1] 3.935872e-05 1.689807e-04 3.868819e-05
Algorithm converged after  2  iterations.
[1] 5.704717e-05 4.909266e-06 1.689807e-04
Algorithm converged after  2  iterations.
[1] 5.704717e-05 1.689807e-04 3.868819e-05
Algorithm converged after  2  iterations.
[1] 3.935872e-05 5.704717e-05 1.689807e-04
Algorithm converged after  2  iterations.
[1] 3.935872e-05 1.179595e-05 5.704717e-05 4.909266e-06
Algorithm converged after  2  iterations.
[1] 3.935872e-05 1.179595e-05 1.689807e-04 3.868819e-05
Algorithm converged after  2  iterations.
[1] 5.704717e-05 4.909266e-06 1.689807e-04 3.868819e-05
Algorithm converged after  2  iterations.
[1] 3.935872e-05 1.179595e-05 5.704717e-05 1.689807e-04
Algorithm converged after  2  iterations.
[1] 3.935872e-05 5.704717e-05 4.909266e-06 1.689807e-04
Algorithm converged after  2  iterations.
[1] 3.935872e-05 5.704717e-05 1.689807e-04 3.868819e-05
Algorithm converged after  2  iterations.
[1] 0.0005888023
Algorithm converged after  2  iterations.
[1] 5.888023e-04 9.244116e-06
Algorithm converged after  8  iterations.
[1] 5.888023e-04 2.135859e-05
Algorithm converged after  7  iterations.
[1] 5.888023e-04 3.954918e-05
Algorithm converged after  10  iterations.
[1] 5.888023e-04 9.244116e-06 5.011985e-06
[1] 7.468887e-04 1.055629e-05 5.627882e-06
Algorithm converged after  18  iterations.
[1] 5.888023e-04 2.135859e-05 4.784237e-06
Algorithm converged after  10  iterations.
[1] 5.888023e-04 3.954918e-05 7.634935e-06
Algorithm converged after  9  iterations.
[1] 5.888023e-04 9.244116e-06 2.135859e-05
[1] 7.851012e-04 1.281724e-05 3.532419e-05
Algorithm converged after  11  iterations.
[1] 5.888023e-04 9.244116e-06 3.954918e-05
[1] 7.473264e-04 1.298334e-05 9.808861e-05
Algorithm converged after  12  iterations.
[1] 5.888023e-04 2.135859e-05 3.954918e-05
Algorithm converged after  9  iterations.
[1] 5.888023e-04 9.244116e-06 5.011985e-06 2.135859e-05
Algorithm converged after  10  iterations.
[1] 5.888023e-04 9.244116e-06 5.011985e-06 3.954918e-05
[1] 9.343859e-04 1.213766e-05 8.275603e-06 9.656737e-05
Algorithm converged after  13  iterations.
[1] 5.888023e-04 9.244116e-06 2.135859e-05 4.784237e-06
[1] 8.663581e-04 1.137236e-05 2.473112e-05 5.391650e-06
[1] 8.667880e-04 1.137461e-05 2.473542e-05 5.391860e-06
Algorithm converged after  21  iterations.
[1] 5.888023e-04 9.244116e-06 3.954918e-05 7.634935e-06
[1] 1.090476e-03 1.253872e-05 7.306496e-05 1.276861e-05
Algorithm converged after  11  iterations.
[1] 5.888023e-04 2.135859e-05 4.784237e-06 3.954918e-05
Algorithm converged after  9  iterations.
[1] 5.888023e-04 2.135859e-05 3.954918e-05 7.634935e-06
Algorithm converged after  10  iterations.
[1] 5.888023e-04 9.244116e-06 2.135859e-05 3.954918e-05
[1] 9.618590e-04 1.147452e-05 2.461301e-05 7.269271e-05
[1] 9.655708e-04 1.154099e-05 2.585014e-05 6.855560e-05
[1] 9.654787e-04 1.154072e-05 2.585527e-05 6.852664e-05
Algorithm converged after  31  iterations.
[1] 5.888023e-04 3.576842e-05
Algorithm converged after  2  iterations.
[1] 5.888023e-04 3.576842e-05 1.306084e-05
Algorithm converged after  10  iterations.
[1] 5.888023e-04 3.576842e-05 4.062942e-05
Algorithm converged after  10  iterations.
[1] 5.888023e-04 3.576842e-05 6.576819e-06
[1] 0.0007534160 0.0001101494 0.0002162331
[1] 0.0007545459 0.0001104081 0.0002173279
Algorithm converged after  26  iterations.
[1] 5.888023e-04 3.576842e-05 1.306084e-05 2.841779e-06
[1] 6.682815e-04 4.469808e-05 1.901839e-05 3.573932e-06
Algorithm converged after  13  iterations.
[1] 5.888023e-04 3.576842e-05 4.062942e-05 4.680229e-06
Algorithm converged after  10  iterations.
[1] 5.888023e-04 3.576842e-05 6.576819e-06 5.008725e-06
[1] 4.905430e-04 5.882633e-05 1.830018e-05 9.006162e-06
Algorithm converged after  20  iterations.
[1] 5.888023e-04 3.576842e-05 1.306084e-05 4.062942e-05
[1] 7.640986e-04 8.383071e-05 4.304101e-05 7.648354e-05
Algorithm converged after  16  iterations.
[1] 5.888023e-04 3.576842e-05 1.306084e-05 6.576819e-06
[1] 6.274723e-04 6.853952e-05 3.539166e-05 4.676469e-05
[1] 6.275132e-04 6.859741e-05 3.542533e-05 4.685447e-05
Algorithm converged after  24  iterations.
[1] 5.888023e-04 3.576842e-05 4.062942e-05 6.576819e-06
[1] 6.265186e-04 8.606861e-05 8.342806e-05 7.483201e-05
[1] 6.265670e-04 8.624610e-05 8.355034e-05 7.518441e-05
Algorithm converged after  27  iterations.
numeric(0)
Algorithm converged after  1  iterations.
[1] 4.711253e-05
Algorithm converged after  2  iterations.
[1] 7.026983e-05
Algorithm converged after  2  iterations.
[1] 0.0001322434
Algorithm converged after  2  iterations.
[1] 4.711253e-05 1.383349e-05
Algorithm converged after  2  iterations.
[1] 7.026983e-05 3.794957e-06
Algorithm converged after  2  iterations.
[1] 0.0001322434 0.0000304315
Algorithm converged after  2  iterations.
[1] 4.711253e-05 7.026983e-05
Algorithm converged after  2  iterations.
[1] 4.711253e-05 1.322434e-04
Algorithm converged after  2  iterations.
[1] 7.026983e-05 1.322434e-04
Algorithm converged after  2  iterations.
[1] 4.711253e-05 1.383349e-05 7.026983e-05
Algorithm converged after  2  iterations.
[1] 4.711253e-05 1.383349e-05 1.322434e-04
Algorithm converged after  2  iterations.
[1] 4.711253e-05 7.026983e-05 3.794957e-06
Algorithm converged after  2  iterations.
[1] 4.711253e-05 1.322434e-04 3.043150e-05
Algorithm converged after  2  iterations.
[1] 7.026983e-05 3.794957e-06 1.322434e-04
Algorithm converged after  2  iterations.
[1] 7.026983e-05 1.322434e-04 3.043150e-05
Algorithm converged after  2  iterations.
[1] 4.711253e-05 7.026983e-05 1.322434e-04
Algorithm converged after  2  iterations.
[1] 4.711253e-05 1.383349e-05 7.026983e-05 3.794957e-06
Algorithm converged after  2  iterations.
[1] 4.711253e-05 1.383349e-05 1.322434e-04 3.043150e-05
Algorithm converged after  2  iterations.
[1] 7.026983e-05 3.794957e-06 1.322434e-04 3.043150e-05
Algorithm converged after  2  iterations.
[1] 4.711253e-05 1.383349e-05 7.026983e-05 1.322434e-04
Algorithm converged after  2  iterations.
[1] 4.711253e-05 7.026983e-05 3.794957e-06 1.322434e-04
Algorithm converged after  2  iterations.
[1] 4.711253e-05 7.026983e-05 1.322434e-04 3.043150e-05
Algorithm converged after  2  iterations.
[1] 0.0006286685
Algorithm converged after  2  iterations.
[1] 6.286685e-04 7.732233e-06
Algorithm converged after  7  iterations.
[1] 6.286685e-04 2.294302e-05
Algorithm converged after  6  iterations.
[1] 0.0006286685 0.0001067543
Algorithm converged after  10  iterations.
[1] 6.286685e-04 7.732233e-06 4.659454e-06
Algorithm converged after  7  iterations.
[1] 6.286685e-04 2.294302e-05 3.623070e-06
[1] 7.060224e-04 2.391356e-05 3.865609e-06
Algorithm converged after  19  iterations.
[1] 6.286685e-04 1.067543e-04 8.288001e-06
Algorithm converged after  10  iterations.
[1] 6.286685e-04 7.732233e-06 2.294302e-05
Algorithm converged after  8  iterations.
[1] 6.286685e-04 7.732233e-06 1.067543e-04
Algorithm converged after  9  iterations.
[1] 6.286685e-04 2.294302e-05 1.067543e-04
Algorithm converged after  9  iterations.
[1] 6.286685e-04 7.732233e-06 4.659454e-06 2.294302e-05
Algorithm converged after  7  iterations.
[1] 6.286685e-04 7.732233e-06 4.659454e-06 1.067543e-04
Algorithm converged after  10  iterations.
[1] 6.286685e-04 7.732233e-06 2.294302e-05 3.623070e-06
[1] 8.366342e-04 1.001240e-05 2.569342e-05 3.959727e-06
Algorithm converged after  15  iterations.
[1] 6.286685e-04 7.732233e-06 1.067543e-04 8.288001e-06
[1] 1.028654e-03 1.210506e-05 1.633597e-04 1.221439e-05
Algorithm converged after  11  iterations.
[1] 6.286685e-04 2.294302e-05 3.623070e-06 1.067543e-04
[1] 9.590618e-04 2.703530e-05 4.156582e-06 1.700334e-04
Algorithm converged after  20  iterations.
[1] 6.286685e-04 2.294302e-05 1.067543e-04 8.288001e-06
[1] 9.755216e-04 2.818586e-05 1.542559e-04 1.191639e-05
Algorithm converged after  11  iterations.
[1] 6.286685e-04 7.732233e-06 2.294302e-05 1.067543e-04
Algorithm converged after  9  iterations.
[1] 6.286685e-04 4.135246e-05
Algorithm converged after  2  iterations.
[1] 6.286685e-04 4.135246e-05 1.591471e-05
Algorithm converged after  10  iterations.
[1] 6.286685e-04 4.135246e-05 3.296921e-05
[1] 7.344480e-04 3.947231e-05 5.062927e-05
Algorithm converged after  11  iterations.
[1] 6.286685e-04 4.135246e-05 6.031140e-06
[1] 7.498104e-04 1.001211e-04 3.359247e-05
[1] 7.489501e-04 9.986141e-05 3.344025e-05
Algorithm converged after  24  iterations.
[1] 6.286685e-04 4.135246e-05 1.591471e-05 2.661576e-06
[1] 7.439546e-04 5.460964e-05 2.414484e-05 3.150821e-06
Algorithm converged after  13  iterations.
[1] 6.286685e-04 4.135246e-05 3.296921e-05 3.769576e-06
[1] 7.921933e-04 5.301170e-05 5.502097e-05 5.724895e-06
Algorithm converged after  11  iterations.
[1] 6.286685e-04 4.135246e-05 6.031140e-06 3.654371e-06
[1] 6.291218e-04 3.978209e-05 1.533569e-05 4.386000e-06
[1] 6.293565e-04 3.978102e-05 1.539226e-05 4.385873e-06
Algorithm converged after  25  iterations.
[1] 6.286685e-04 4.135246e-05 1.591471e-05 3.296921e-05
[1] 9.935703e-04 4.950019e-05 5.271924e-05 8.054813e-05
Algorithm converged after  19  iterations.
[1] 6.286685e-04 4.135246e-05 1.591471e-05 6.031140e-06
Algorithm converged after  10  iterations.
[1] 6.286685e-04 4.135246e-05 3.296921e-05 6.031140e-06
[1] 7.401930e-04 4.897586e-05 4.061435e-05 5.041095e-06
[1] 7.401945e-04 4.897665e-05 4.061366e-05 5.041584e-06
Algorithm converged after  21  iterations.
numeric(0)
Algorithm converged after  1  iterations.
[1] 3.824781e-05
Algorithm converged after  2  iterations.
[1] 5.639851e-05
Algorithm converged after  2  iterations.
[1] 0.0001476304
Algorithm converged after  2  iterations.
[1] 3.824781e-05 1.381758e-05
Algorithm converged after  2  iterations.
[1] 5.639851e-05 4.109293e-06
Algorithm converged after  2  iterations.
[1] 1.476304e-04 4.034947e-05
Algorithm converged after  2  iterations.
[1] 3.824781e-05 5.639851e-05
Algorithm converged after  2  iterations.
[1] 3.824781e-05 1.476304e-04
Algorithm converged after  2  iterations.
[1] 5.639851e-05 1.476304e-04
Algorithm converged after  2  iterations.
[1] 3.824781e-05 1.381758e-05 5.639851e-05
Algorithm converged after  2  iterations.
[1] 3.824781e-05 1.381758e-05 1.476304e-04
Algorithm converged after  2  iterations.
[1] 3.824781e-05 5.639851e-05 4.109293e-06
Algorithm converged after  2  iterations.
[1] 3.824781e-05 1.476304e-04 4.034947e-05
Algorithm converged after  2  iterations.
[1] 5.639851e-05 4.109293e-06 1.476304e-04
Algorithm converged after  2  iterations.
[1] 5.639851e-05 1.476304e-04 4.034947e-05
Algorithm converged after  2  iterations.
[1] 3.824781e-05 5.639851e-05 1.476304e-04
Algorithm converged after  2  iterations.
[1] 3.824781e-05 1.381758e-05 5.639851e-05 4.109293e-06
Algorithm converged after  2  iterations.
[1] 3.824781e-05 1.381758e-05 1.476304e-04 4.034947e-05
Algorithm converged after  2  iterations.
[1] 5.639851e-05 4.109293e-06 1.476304e-04 4.034947e-05
Algorithm converged after  2  iterations.
[1] 3.824781e-05 1.381758e-05 5.639851e-05 1.476304e-04
Algorithm converged after  2  iterations.
[1] 3.824781e-05 5.639851e-05 4.109293e-06 1.476304e-04
Algorithm converged after  2  iterations.
[1] 3.824781e-05 5.639851e-05 1.476304e-04 4.034947e-05
Algorithm converged after  2  iterations.
[1] 0.0005795972
Algorithm converged after  2  iterations.
[1] 5.795972e-04 8.846124e-06
Algorithm converged after  9  iterations.
[1] 5.795972e-04 1.585496e-05
Algorithm converged after  6  iterations.
[1] 5.795972e-04 6.306346e-05
Algorithm converged after  10  iterations.
[1] 5.795972e-04 8.846124e-06 2.206291e-06
Algorithm converged after  7  iterations.
[1] 5.795972e-04 1.585496e-05 4.110350e-06
[1] 6.742292e-04 1.652579e-05 4.341813e-06
[1] 6.735531e-04 1.651945e-05 4.341718e-06
Algorithm converged after  23  iterations.
[1] 5.795972e-04 6.306346e-05 5.337325e-06
Algorithm converged after  10  iterations.
[1] 5.795972e-04 8.846124e-06 1.585496e-05
Algorithm converged after  9  iterations.
[1] 5.795972e-04 8.846124e-06 6.306346e-05
[1] 8.379879e-04 1.049549e-05 1.183004e-04
[1] 8.313321e-04 1.048998e-05 1.184148e-04
[1] 8.311388e-04 1.048977e-05 1.184152e-04
Algorithm converged after  34  iterations.
[1] 5.795972e-04 1.585496e-05 6.306346e-05
Algorithm converged after  9  iterations.
[1] 5.795972e-04 8.846124e-06 2.206291e-06 1.585496e-05
[1] 7.286445e-04 9.555047e-06 4.741659e-06 1.770570e-05
[1] 7.286220e-04 9.555062e-06 4.745874e-06 1.770803e-05
Algorithm converged after  26  iterations.
[1] 5.795972e-04 8.846124e-06 2.206291e-06 6.306346e-05
[1] 9.053335e-04 1.095138e-05 2.076957e-06 1.181917e-04
[1] 8.951254e-04 1.119139e-05 4.597886e-06 1.239926e-04
[1] 8.946909e-04 1.121611e-05 6.018913e-06 1.283953e-04
[1] 8.947199e-04 1.121643e-05 6.028571e-06 1.284382e-04
Algorithm converged after  44  iterations.
[1] 5.795972e-04 8.846124e-06 1.585496e-05 4.110350e-06
[1] 8.890776e-04 1.085868e-05 1.867301e-05 4.598449e-06
Algorithm converged after  12  iterations.
[1] 5.795972e-04 8.846124e-06 6.306346e-05 5.337325e-06
[1] 9.959502e-04 1.138627e-05 1.061085e-04 8.259877e-06
Algorithm converged after  11  iterations.
[1] 5.795972e-04 1.585496e-05 4.110350e-06 6.306346e-05
[1] 8.977306e-04 1.857153e-05 4.643130e-06 1.042154e-04
[1] 8.973630e-04 1.856839e-05 4.642793e-06 1.041733e-04
Algorithm converged after  21  iterations.
[1] 5.795972e-04 1.585496e-05 6.306346e-05 5.337325e-06
Algorithm converged after  10  iterations.
[1] 5.795972e-04 8.846124e-06 1.585496e-05 6.306346e-05
[1] 9.013875e-04 1.075878e-05 1.957655e-05 9.703538e-05
Algorithm converged after  12  iterations.
[1] 5.795972e-04 4.169523e-05
Algorithm converged after  2  iterations.
[1] 5.795972e-04 4.169523e-05 1.415508e-05
Algorithm converged after  10  iterations.
[1] 5.795972e-04 4.169523e-05 2.631299e-05
[1] 6.672889e-04 4.013984e-05 4.127670e-05
Algorithm converged after  11  iterations.
[1] 5.795972e-04 4.169523e-05 3.862322e-06
[1] 6.344714e-04 8.469359e-05 1.193945e-05
Algorithm converged after  17  iterations.
[1] 5.795972e-04 4.169523e-05 1.415508e-05 2.908143e-06
[1] 6.371461e-04 5.304499e-05 2.025731e-05 3.436234e-06
Algorithm converged after  14  iterations.
[1] 5.795972e-04 4.169523e-05 2.631299e-05 4.335346e-06
[1] 7.183366e-04 5.554538e-05 4.595557e-05 6.955444e-06
Algorithm converged after  11  iterations.
[1] 5.795972e-04 4.169523e-05 3.862322e-06 2.916771e-06
[1] 5.638666e-04 3.898801e-05 6.565139e-06 3.546166e-06
[1] 5.639264e-04 3.898562e-05 6.571794e-06 3.546309e-06
Algorithm converged after  22  iterations.
[1] 5.795972e-04 4.169523e-05 1.415508e-05 2.631299e-05
[1] 8.561489e-04 5.139076e-05 5.207217e-05 6.615111e-05
Algorithm converged after  20  iterations.
[1] 5.795972e-04 4.169523e-05 1.415508e-05 3.862322e-06
[1] 6.581994e-04 4.481657e-05 1.565192e-05 4.357974e-06
Algorithm converged after  13  iterations.
[1] 5.795972e-04 4.169523e-05 2.631299e-05 3.862322e-06
[1] 6.663155e-04 4.794418e-05 3.112288e-05 3.696430e-06
[1] 6.663106e-04 4.794515e-05 3.112082e-05 3.697172e-06
Algorithm converged after  23  iterations.
numeric(0)
Algorithm converged after  1  iterations.
[1] 3.623672e-05
Algorithm converged after  2  iterations.
[1] 7.768211e-05
Algorithm converged after  2  iterations.
[1] 0.0001586802
Algorithm converged after  2  iterations.
[1] 3.623672e-05 1.199034e-05
Algorithm converged after  2  iterations.
[1] 7.768211e-05 5.036007e-06
Algorithm converged after  2  iterations.
[1] 1.586802e-04 2.231643e-05
Algorithm converged after  2  iterations.
[1] 3.623672e-05 7.768211e-05
Algorithm converged after  2  iterations.
[1] 3.623672e-05 1.586802e-04
Algorithm converged after  2  iterations.
[1] 7.768211e-05 1.586802e-04
Algorithm converged after  2  iterations.
[1] 3.623672e-05 1.199034e-05 7.768211e-05
Algorithm converged after  2  iterations.
[1] 3.623672e-05 1.199034e-05 1.586802e-04
Algorithm converged after  2  iterations.
[1] 3.623672e-05 7.768211e-05 5.036007e-06
Algorithm converged after  2  iterations.
[1] 3.623672e-05 1.586802e-04 2.231643e-05
Algorithm converged after  2  iterations.
[1] 7.768211e-05 5.036007e-06 1.586802e-04
Algorithm converged after  2  iterations.
[1] 7.768211e-05 1.586802e-04 2.231643e-05
Algorithm converged after  2  iterations.
[1] 3.623672e-05 7.768211e-05 1.586802e-04
Algorithm converged after  2  iterations.
[1] 3.623672e-05 1.199034e-05 7.768211e-05 5.036007e-06
Algorithm converged after  2  iterations.
[1] 3.623672e-05 1.199034e-05 1.586802e-04 2.231643e-05
Algorithm converged after  2  iterations.
[1] 7.768211e-05 5.036007e-06 1.586802e-04 2.231643e-05
Algorithm converged after  2  iterations.
[1] 3.623672e-05 1.199034e-05 7.768211e-05 1.586802e-04
Algorithm converged after  2  iterations.
[1] 3.623672e-05 7.768211e-05 5.036007e-06 1.586802e-04
Algorithm converged after  2  iterations.
[1] 3.623672e-05 7.768211e-05 1.586802e-04 2.231643e-05
Algorithm converged after  2  iterations.
[1] 0.0006012987
Algorithm converged after  2  iterations.
[1] 6.012987e-04 9.428730e-06
Algorithm converged after  7  iterations.
[1] 6.012987e-04 4.175588e-05
Algorithm converged after  6  iterations.
[1] 0.0006012987 0.0000930988
Algorithm converged after  9  iterations.
[1] 6.012987e-04 9.428730e-06 6.636461e-06
Algorithm converged after  8  iterations.
[1] 6.012987e-04 4.175588e-05 4.611943e-06
[1] 6.763707e-04 4.324865e-05 4.914326e-06
Algorithm converged after  15  iterations.
[1] 6.012987e-04 9.309880e-05 6.334769e-06
[1] 8.000317e-04 1.140285e-04 7.361579e-06
Algorithm converged after  11  iterations.
[1] 6.012987e-04 9.428730e-06 4.175588e-05
Algorithm converged after  8  iterations.
[1] 6.012987e-04 9.428730e-06 9.309880e-05
Algorithm converged after  8  iterations.
[1] 6.012987e-04 4.175588e-05 9.309880e-05
Algorithm converged after  8  iterations.
[1] 6.012987e-04 9.428730e-06 6.636461e-06 4.175588e-05
Algorithm converged after  9  iterations.
[1] 6.012987e-04 9.428730e-06 6.636461e-06 9.309880e-05
[1] 9.289317e-04 1.208209e-05 8.423921e-06 1.457100e-04
Algorithm converged after  11  iterations.
[1] 6.012987e-04 9.428730e-06 4.175588e-05 4.611943e-06
[1] 8.782631e-04 1.214104e-05 4.788658e-05 5.000868e-06
Algorithm converged after  15  iterations.
[1] 6.012987e-04 9.428730e-06 9.309880e-05 6.334769e-06
Algorithm converged after  10  iterations.
[1] 6.012987e-04 4.175588e-05 4.611943e-06 9.309880e-05
[1] 8.571590e-04 4.695278e-05 5.069624e-06 1.348467e-04
Algorithm converged after  15  iterations.
[1] 6.012987e-04 4.175588e-05 9.309880e-05 6.334769e-06
[1] 9.061007e-04 4.954018e-05 1.269458e-04 7.715568e-06
Algorithm converged after  11  iterations.
[1] 6.012987e-04 9.428730e-06 4.175588e-05 9.309880e-05
Algorithm converged after  9  iterations.
[1] 6.012987e-04 3.282513e-05
Algorithm converged after  2  iterations.
[1] 6.012987e-04 3.282513e-05 1.597216e-05
Algorithm converged after  9  iterations.
[1] 6.012987e-04 3.282513e-05 6.181593e-05
[1] 7.274526e-04 5.288714e-05 8.795827e-05
Algorithm converged after  11  iterations.
[1] 6.012987e-04 3.282513e-05 7.690587e-06
[1] 7.166281e-04 5.853904e-05 5.041135e-05
Algorithm converged after  16  iterations.
[1] 6.012987e-04 3.282513e-05 1.597216e-05 4.037585e-06
[1] 6.892850e-04 4.420735e-05 2.178323e-05 4.542842e-06
Algorithm converged after  12  iterations.
[1] 6.012987e-04 3.282513e-05 6.181593e-05 4.606379e-06
[1] 7.481655e-04 6.809280e-05 8.793915e-05 7.143142e-06
Algorithm converged after  12  iterations.
[1] 6.012987e-04 3.282513e-05 7.690587e-06 4.854492e-06
[1] 5.220189e-04 3.812405e-05 8.735311e-06 6.846675e-06
[1] 5.184979e-04 3.945377e-05 9.299057e-06 7.198963e-06
[1] 5.184370e-04 3.947923e-05 9.311421e-06 7.203691e-06
Algorithm converged after  37  iterations.
[1] 6.012987e-04 3.282513e-05 1.597216e-05 6.181593e-05
[1] 9.013859e-04 8.985837e-05 5.152262e-05 1.175465e-04
Algorithm converged after  18  iterations.
[1] 6.012987e-04 3.282513e-05 1.597216e-05 7.690587e-06
[1] 7.092961e-04 3.384355e-05 1.780285e-05 1.109671e-05
Algorithm converged after  11  iterations.
[1] 6.012987e-04 3.282513e-05 6.181593e-05 7.690587e-06
[1] 7.351745e-04 4.381251e-05 7.538644e-05 6.209636e-06
Algorithm converged after  20  iterations.
numeric(0)
Algorithm converged after  1  iterations.
[1] 3.974171e-05
Algorithm converged after  2  iterations.
[1] 6.316985e-05
Algorithm converged after  2  iterations.
[1] 0.0001177649
Algorithm converged after  2  iterations.
[1] 3.974171e-05 1.195575e-05
Algorithm converged after  2  iterations.
[1] 6.316985e-05 5.517991e-06
Algorithm converged after  2  iterations.
[1] 1.177649e-04 4.143427e-05
Algorithm converged after  2  iterations.
[1] 3.974171e-05 6.316985e-05
Algorithm converged after  2  iterations.
[1] 3.974171e-05 1.177649e-04
Algorithm converged after  2  iterations.
[1] 6.316985e-05 1.177649e-04
Algorithm converged after  2  iterations.
[1] 3.974171e-05 1.195575e-05 6.316985e-05
Algorithm converged after  2  iterations.
[1] 3.974171e-05 1.195575e-05 1.177649e-04
Algorithm converged after  2  iterations.
[1] 3.974171e-05 6.316985e-05 5.517991e-06
Algorithm converged after  2  iterations.
[1] 3.974171e-05 1.177649e-04 4.143427e-05
Algorithm converged after  2  iterations.
[1] 6.316985e-05 5.517991e-06 1.177649e-04
Algorithm converged after  2  iterations.
[1] 6.316985e-05 1.177649e-04 4.143427e-05
Algorithm converged after  2  iterations.
[1] 3.974171e-05 6.316985e-05 1.177649e-04
Algorithm converged after  2  iterations.
[1] 3.974171e-05 1.195575e-05 6.316985e-05 5.517991e-06
Algorithm converged after  2  iterations.
[1] 3.974171e-05 1.195575e-05 1.177649e-04 4.143427e-05
Algorithm converged after  2  iterations.
[1] 6.316985e-05 5.517991e-06 1.177649e-04 4.143427e-05
Algorithm converged after  2  iterations.
[1] 3.974171e-05 1.195575e-05 6.316985e-05 1.177649e-04
Algorithm converged after  2  iterations.
[1] 3.974171e-05 6.316985e-05 5.517991e-06 1.177649e-04
Algorithm converged after  2  iterations.
[1] 3.974171e-05 6.316985e-05 1.177649e-04 4.143427e-05
Algorithm converged after  2  iterations.
[1] 0.0004631896
Algorithm converged after  2  iterations.
[1] 4.631896e-04 1.088092e-05
Algorithm converged after  7  iterations.
[1] 4.631896e-04 5.200378e-05
Algorithm converged after  8  iterations.
[1] 4.631896e-04 2.507815e-05
Algorithm converged after  9  iterations.
[1] 4.631896e-04 1.088092e-05 6.334274e-06
Algorithm converged after  10  iterations.
[1] 4.631896e-04 5.200378e-05 4.945847e-06
[1] 5.881270e-04 5.720970e-05 5.487666e-06
Algorithm converged after  18  iterations.
[1] 4.631896e-04 2.507815e-05 7.927829e-06
Algorithm converged after  6  iterations.
[1] 4.631896e-04 1.088092e-05 5.200378e-05
[1] 6.850959e-04 1.902885e-05 6.863749e-05
Algorithm converged after  12  iterations.
[1] 4.631896e-04 1.088092e-05 2.507815e-05
Algorithm converged after  7  iterations.
[1] 4.631896e-04 5.200378e-05 2.507815e-05
Algorithm converged after  7  iterations.
[1] 4.631896e-04 1.088092e-05 6.334274e-06 5.200378e-05
[1] 7.765436e-04 1.685056e-05 8.024526e-06 6.282619e-05
Algorithm converged after  11  iterations.
[1] 4.631896e-04 1.088092e-05 6.334274e-06 2.507815e-05
Algorithm converged after  10  iterations.
[1] 4.631896e-04 1.088092e-05 5.200378e-05 4.945847e-06
[1] 7.878230e-04 1.715903e-05 6.185132e-05 5.531809e-06
Algorithm converged after  19  iterations.
[1] 4.631896e-04 1.088092e-05 2.507815e-05 7.927829e-06
Algorithm converged after  8  iterations.
[1] 4.631896e-04 5.200378e-05 4.945847e-06 2.507815e-05
[1] 6.243771e-04 5.812569e-05 5.484267e-06 3.126068e-05
Algorithm converged after  19  iterations.
[1] 4.631896e-04 5.200378e-05 2.507815e-05 7.927829e-06
Algorithm converged after  8  iterations.
[1] 4.631896e-04 1.088092e-05 5.200378e-05 2.507815e-05
Algorithm converged after  9  iterations.
[1] 4.631896e-04 4.406004e-05
Algorithm converged after  2  iterations.
[1] 4.631896e-04 4.406004e-05 6.291725e-06
Algorithm converged after  10  iterations.
[1] 4.631896e-04 4.406004e-05 1.545673e-05
[1] 5.156870e-04 6.429537e-05 2.402356e-05
Algorithm converged after  15  iterations.
[1] 4.631896e-04 4.406004e-05 9.185956e-05
[1] 7.649817e-04 1.551436e-05 4.897742e-04
[1] 7.823331e-04 2.807402e-05 5.426809e-04
[1] 7.812765e-04 2.836853e-05 5.428518e-04
[1] 7.812568e-04 2.836847e-05 5.428504e-04
Algorithm converged after  42  iterations.
[1] 4.631896e-04 4.406004e-05 6.291725e-06 3.184191e-06
[1] 4.696489e-04 5.302848e-05 7.431110e-06 3.423123e-06
Algorithm converged after  14  iterations.
[1] 4.631896e-04 4.406004e-05 1.545673e-05 4.281946e-06
[1] 4.629278e-04 4.509112e-05 1.947814e-05 4.261906e-06
Algorithm converged after  14  iterations.
[1] 4.631896e-04 4.406004e-05 9.185956e-05 3.750651e-06
[1] 7.799107e-04 1.168225e-05 5.550638e-04 7.986507e-06
[1] 7.675737e-04 1.724160e-05 5.741945e-04 8.130476e-06
[1] 7.668163e-04 1.727965e-05 5.734536e-04 8.126631e-06
[1] 7.668044e-04 1.728011e-05 5.734395e-04 8.126509e-06
Algorithm converged after  45  iterations.
[1] 4.631896e-04 4.406004e-05 6.291725e-06 1.545673e-05
[1] 4.578796e-04 4.880913e-05 5.654787e-06 1.847446e-05
Algorithm converged after  13  iterations.
[1] 4.631896e-04 4.406004e-05 6.291725e-06 9.185956e-05
[1] 1.200248e-03 2.962362e-05 8.105912e-05 1.149126e-03
[1] 1.259350e-03 3.093865e-05 8.698052e-05 1.224615e-03
[1] 1.263593e-03 3.103896e-05 8.740825e-05 1.230064e-03
[1] 1.263899e-03 3.104620e-05 8.743913e-05 1.230457e-03
Algorithm converged after  50  iterations.
[1] 4.631896e-04 4.406004e-05 1.545673e-05 9.185956e-05
[1] 6.107014e-04 3.991055e-05 8.227448e-06 2.879546e-04
[1] 6.139930e-04 3.959977e-05 8.164945e-06 2.923757e-04
[1] 6.140761e-04 3.959191e-05 8.163454e-06 2.924865e-04
Algorithm converged after  36  iterations.
numeric(0)
Algorithm converged after  1  iterations.
[1] 3.278378e-05
Algorithm converged after  2  iterations.
[1] 4.851947e-05
Algorithm converged after  2  iterations.
[1] 0.0001341789
Algorithm converged after  2  iterations.
[1] 3.278378e-05 1.300744e-05
Algorithm converged after  2  iterations.
[1] 4.851947e-05 4.996665e-06
Algorithm converged after  2  iterations.
[1] 1.341789e-04 2.958171e-05
Algorithm converged after  2  iterations.
[1] 3.278378e-05 4.851947e-05
Algorithm converged after  2  iterations.
[1] 3.278378e-05 1.341789e-04
Algorithm converged after  2  iterations.
[1] 4.851947e-05 1.341789e-04
Algorithm converged after  2  iterations.
[1] 3.278378e-05 1.300744e-05 4.851947e-05
Algorithm converged after  2  iterations.
[1] 3.278378e-05 1.300744e-05 1.341789e-04
Algorithm converged after  2  iterations.
[1] 3.278378e-05 4.851947e-05 4.996665e-06
Algorithm converged after  2  iterations.
[1] 3.278378e-05 1.341789e-04 2.958171e-05
Algorithm converged after  2  iterations.
[1] 4.851947e-05 4.996665e-06 1.341789e-04
Algorithm converged after  2  iterations.
[1] 4.851947e-05 1.341789e-04 2.958171e-05
Algorithm converged after  2  iterations.
[1] 3.278378e-05 4.851947e-05 1.341789e-04
Algorithm converged after  2  iterations.
[1] 3.278378e-05 1.300744e-05 4.851947e-05 4.996665e-06
Algorithm converged after  2  iterations.
[1] 3.278378e-05 1.300744e-05 1.341789e-04 2.958171e-05
Algorithm converged after  2  iterations.
[1] 4.851947e-05 4.996665e-06 1.341789e-04 2.958171e-05
Algorithm converged after  2  iterations.
[1] 3.278378e-05 1.300744e-05 4.851947e-05 1.341789e-04
Algorithm converged after  2  iterations.
[1] 3.278378e-05 4.851947e-05 4.996665e-06 1.341789e-04
Algorithm converged after  2  iterations.
[1] 3.278378e-05 4.851947e-05 1.341789e-04 2.958171e-05
Algorithm converged after  2  iterations.
[1] 0.0004592081
Algorithm converged after  2  iterations.
[1] 4.592081e-04 1.440795e-05
Algorithm converged after  6  iterations.
[1] 4.592081e-04 4.275859e-05
Algorithm converged after  9  iterations.
[1] 4.592081e-04 2.267412e-05
Algorithm converged after  9  iterations.
[1] 4.592081e-04 1.440795e-05 7.321364e-06
Algorithm converged after  9  iterations.
[1] 4.592081e-04 4.275859e-05 4.570711e-06
[1] 7.250683e-04 5.208252e-05 5.569429e-06
Algorithm converged after  13  iterations.
[1] 4.592081e-04 2.267412e-05 8.351978e-06
Algorithm converged after  8  iterations.
[1] 4.592081e-04 1.440795e-05 4.275859e-05
[1] 7.223785e-04 2.853634e-05 6.421842e-05
Algorithm converged after  14  iterations.
[1] 4.592081e-04 1.440795e-05 2.267412e-05
Algorithm converged after  7  iterations.
[1] 4.592081e-04 4.275859e-05 2.267412e-05
Algorithm converged after  8  iterations.
[1] 4.592081e-04 1.440795e-05 7.321364e-06 4.275859e-05
[1] 7.649313e-04 2.112844e-05 8.618558e-06 5.480887e-05
Algorithm converged after  11  iterations.
[1] 4.592081e-04 1.440795e-05 7.321364e-06 2.267412e-05
Algorithm converged after  10  iterations.
[1] 4.592081e-04 1.440795e-05 4.275859e-05 4.570711e-06
[1] 9.351153e-04 2.635380e-05 6.091968e-05 6.160356e-06
Algorithm converged after  12  iterations.
[1] 4.592081e-04 1.440795e-05 2.267412e-05 8.351978e-06
Algorithm converged after  9  iterations.
[1] 4.592081e-04 4.275859e-05 4.570711e-06 2.267412e-05
[1] 7.759357e-04 5.382421e-05 5.710370e-06 3.542638e-05
Algorithm converged after  11  iterations.
[1] 4.592081e-04 4.275859e-05 2.267412e-05 8.351978e-06
Algorithm converged after  10  iterations.
[1] 4.592081e-04 1.440795e-05 4.275859e-05 2.267412e-05
Algorithm converged after  10  iterations.
[1] 4.592081e-04 4.887606e-05
Algorithm converged after  2  iterations.
[1] 4.592081e-04 4.887606e-05 6.337317e-06
[1] 6.362492e-04 1.019096e-04 1.239814e-05
Algorithm converged after  13  iterations.
[1] 4.592081e-04 4.887606e-05 1.006467e-05
[1] 5.311280e-04 8.007881e-05 1.658699e-05
[1] 5.310489e-04 8.004855e-05 1.658414e-05
Algorithm converged after  21  iterations.
[1] 4.592081e-04 4.887606e-05 9.480322e-05
[1] 8.009249e-04 1.995168e-05 5.437037e-04
[1] 8.162212e-04 2.962328e-05 5.833643e-04
[1] 8.160116e-04 2.978194e-05 5.846572e-04
[1] 0.0008159945 0.0000297703 0.0005847083
[1] 8.159942e-04 2.976968e-05 5.847114e-04
Algorithm converged after  55  iterations.
[1] 4.592081e-04 4.887606e-05 6.337317e-06 3.687587e-06
[1] 4.251890e-04 5.346508e-05 7.497050e-06 3.934112e-06
Algorithm converged after  13  iterations.
[1] 4.592081e-04 4.887606e-05 1.006467e-05 3.691780e-06
[1] 4.911089e-04 5.512906e-05 1.230831e-05 3.690612e-06
Algorithm converged after  15  iterations.
[1] 4.592081e-04 4.887606e-05 9.480322e-05 5.382937e-06
[1] 8.184315e-04 1.402152e-05 6.444343e-04 1.142543e-05
[1] 7.886374e-04 2.163217e-05 6.512843e-04 1.176518e-05
[1] 7.880837e-04 2.162842e-05 6.505614e-04 1.175921e-05
Algorithm converged after  37  iterations.
[1] 4.592081e-04 4.887606e-05 6.337317e-06 1.006467e-05
Algorithm converged after  10  iterations.
[1] 4.592081e-04 4.887606e-05 6.337317e-06 9.480322e-05
[1] 1.312643e-03 3.199634e-05 9.811274e-05 1.298590e-03
[1] 0.0014068810 0.0000333841 0.0001086029 0.0014200607
[1] 1.415934e-03 3.352374e-05 1.096187e-04 1.431767e-03
[1] 1.416803e-03 3.353716e-05 1.097163e-04 1.432891e-03
[1] 1.416887e-03 3.353844e-05 1.097257e-04 1.432998e-03
Algorithm converged after  55  iterations.
[1] 4.592081e-04 4.887606e-05 1.006467e-05 9.480322e-05
[1] 6.577250e-04 4.472002e-05 5.260561e-06 3.400357e-04
[1] 6.618618e-04 4.430514e-05 5.232473e-06 3.455730e-04
[1] 6.620105e-04 4.428979e-05 5.231550e-06 3.457707e-04
Algorithm converged after  38  iterations.
numeric(0)
Algorithm converged after  1  iterations.
[1] 4.612426e-05
Algorithm converged after  2  iterations.
[1] 8.502702e-05
Algorithm converged after  2  iterations.
[1] 0.0001316359
Algorithm converged after  2  iterations.
[1] 4.612426e-05 1.055517e-05
Algorithm converged after  2  iterations.
[1] 8.502702e-05 4.099310e-06
Algorithm converged after  2  iterations.
[1] 1.316359e-04 1.166351e-05
Algorithm converged after  2  iterations.
[1] 4.612426e-05 8.502702e-05
Algorithm converged after  2  iterations.
[1] 4.612426e-05 1.316359e-04
Algorithm converged after  2  iterations.
[1] 8.502702e-05 1.316359e-04
Algorithm converged after  2  iterations.
[1] 4.612426e-05 1.055517e-05 8.502702e-05
Algorithm converged after  2  iterations.
[1] 4.612426e-05 1.055517e-05 1.316359e-04
Algorithm converged after  2  iterations.
[1] 4.612426e-05 8.502702e-05 4.099310e-06
Algorithm converged after  2  iterations.
[1] 4.612426e-05 1.316359e-04 1.166351e-05
Algorithm converged after  2  iterations.
[1] 8.502702e-05 4.099310e-06 1.316359e-04
Algorithm converged after  2  iterations.
[1] 8.502702e-05 1.316359e-04 1.166351e-05
Algorithm converged after  2  iterations.
[1] 4.612426e-05 8.502702e-05 1.316359e-04
Algorithm converged after  2  iterations.
[1] 4.612426e-05 1.055517e-05 8.502702e-05 4.099310e-06
Algorithm converged after  2  iterations.
[1] 4.612426e-05 1.055517e-05 1.316359e-04 1.166351e-05
Algorithm converged after  2  iterations.
[1] 8.502702e-05 4.099310e-06 1.316359e-04 1.166351e-05
Algorithm converged after  2  iterations.
[1] 4.612426e-05 1.055517e-05 8.502702e-05 1.316359e-04
Algorithm converged after  2  iterations.
[1] 4.612426e-05 8.502702e-05 4.099310e-06 1.316359e-04
Algorithm converged after  2  iterations.
[1] 4.612426e-05 8.502702e-05 1.316359e-04 1.166351e-05
Algorithm converged after  2  iterations.
[1] 0.0006339855
Algorithm converged after  2  iterations.
[1] 6.339855e-04 6.200495e-06
Algorithm converged after  8  iterations.
[1] 6.339855e-04 4.363118e-05
Algorithm converged after  7  iterations.
[1] 6.339855e-04 4.304733e-05
Algorithm converged after  9  iterations.
[1] 6.339855e-04 6.200495e-06 4.595397e-06
Algorithm converged after  9  iterations.
[1] 6.339855e-04 4.363118e-05 3.484689e-06
[1] 7.406893e-04 4.633680e-05 3.902912e-06
Algorithm converged after  12  iterations.
[1] 6.339855e-04 4.304733e-05 8.883252e-06
Algorithm converged after  8  iterations.
[1] 6.339855e-04 6.200495e-06 4.363118e-05
Algorithm converged after  8  iterations.
[1] 6.339855e-04 6.200495e-06 4.304733e-05
Algorithm converged after  8  iterations.
[1] 6.339855e-04 4.363118e-05 4.304733e-05
Algorithm converged after  8  iterations.
[1] 6.339855e-04 6.200495e-06 4.595397e-06 4.363118e-05
[1] 9.709274e-04 9.526040e-06 5.783811e-06 5.272460e-05
Algorithm converged after  11  iterations.
[1] 6.339855e-04 6.200495e-06 4.595397e-06 4.304733e-05
Algorithm converged after  10  iterations.
[1] 6.339855e-04 6.200495e-06 4.363118e-05 3.484689e-06
[1] 9.039099e-04 9.250614e-06 5.120572e-05 3.995931e-06
Algorithm converged after  14  iterations.
[1] 6.339855e-04 6.200495e-06 4.304733e-05 8.883252e-06
Algorithm converged after  9  iterations.
[1] 6.339855e-04 4.363118e-05 3.484689e-06 4.304733e-05
[1] 8.265589e-04 4.872762e-05 3.975326e-06 6.030435e-05
Algorithm converged after  13  iterations.
[1] 6.339855e-04 4.363118e-05 4.304733e-05 8.883252e-06
Algorithm converged after  10  iterations.
[1] 6.339855e-04 6.200495e-06 4.363118e-05 4.304733e-05
Algorithm converged after  8  iterations.
[1] 0.0006339855 0.0000327837
Algorithm converged after  2  iterations.
[1] 6.339855e-04 3.278370e-05 6.736488e-06
Algorithm converged after  8  iterations.
[1] 6.339855e-04 3.278370e-05 1.209467e-05
Algorithm converged after  9  iterations.
[1] 0.0006339855 0.0000327837 0.0001838900
[1] 0.0008265583 0.0001003376 0.0005668067
[1] 0.0008267466 0.0001004123 0.0005672673
Algorithm converged after  21  iterations.
[1] 6.339855e-04 3.278370e-05 6.736488e-06 2.277720e-06
[1] 6.301666e-04 3.836848e-05 9.980357e-06 2.819671e-06
Algorithm converged after  18  iterations.
[1] 6.339855e-04 3.278370e-05 1.209467e-05 3.395330e-06
Algorithm converged after  10  iterations.
[1] 6.339855e-04 3.278370e-05 1.838900e-04 4.396122e-06
[1] 7.560408e-04 1.178986e-04 4.935090e-04 1.365709e-05
[1] 7.562236e-04 1.180098e-04 4.939443e-04 1.367109e-05
Algorithm converged after  22  iterations.
[1] 6.339855e-04 3.278370e-05 6.736488e-06 1.209467e-05
Algorithm converged after  10  iterations.
[1] 6.339855e-04 3.278370e-05 6.736488e-06 1.838900e-04
[1] 8.147878e-04 1.512805e-04 4.855665e-05 8.394821e-04
[1] 8.168714e-04 1.527102e-04 4.916931e-05 8.481946e-04
[1] 8.168998e-04 1.527297e-04 4.917772e-05 8.483141e-04
Algorithm converged after  32  iterations.
[1] 6.339855e-04 3.278370e-05 1.209467e-05 1.838900e-04
[1] 8.318920e-04 7.687789e-05 6.168121e-06 4.412607e-04
[1] 8.319931e-04 7.692279e-05 6.171594e-06 4.413740e-04
Algorithm converged after  22  iterations.
Warning messages:
1: In max(abs(CT), na.rm = T) :
  no non-missing arguments to max; returning -Inf
2: In max(abs(CT), na.rm = T) :
  no non-missing arguments to max; returning -Inf
3: In max(abs(CT), na.rm = T) :
  no non-missing arguments to max; returning -Inf
4: In max(abs(CT), na.rm = T) :
  no non-missing arguments to max; returning -Inf
5: In max(abs(CT), na.rm = T) :
  no non-missing arguments to max; returning -Inf
6: In max(abs(CT), na.rm = T) :
  no non-missing arguments to max; returning -Inf
7: In max(abs(CT), na.rm = T) :
  no non-missing arguments to max; returning -Inf
8: In max(abs(CT), na.rm = T) :
  no non-missing arguments to max; returning -Inf
9: In max(abs(CT), na.rm = T) :
  no non-missing arguments to max; returning -Inf
10: In max(abs(CT), na.rm = T) :
  no non-missing arguments to max; returning -Inf
[1] "Best iter parameter is:"
   gam  rankJ rankA1 rankA2 rankA3 
     1      2      0      1      0 
[1] 5.540570e-04 2.786056e-05 4.473623e-05
Algorithm converged after  9  iterations.
         [,1]     [,2]     [,3]
[1,] 6.278979 9.524264 59.78688
