myseed=9958 

Attaching package: ‘pls’

The following object is masked from ‘package:stats’:

    loadings

Loading required package: lattice
Loading required package: ggplot2
Registered S3 methods overwritten by 'ggplot2':
  method         from 
  [.quosures     rlang
  c.quosures     rlang
  print.quosures rlang

Attaching package: ‘caret’

The following object is masked from ‘package:pls’:

    R2

Loading required package: Matrix
Loading required package: foreach
Loaded glmnet 2.0-18

Parsed with column specification:
cols(
  .default = col_double()
)
See spec(...) for full column specifications.
Parsed with column specification:
cols(
  X1 = col_double()
)
Parsed with column specification:
cols(
  X1 = col_double()
)
numeric(0)
Algorithm converged after  1  iterations.
[1] 4.053145e-05
Algorithm converged after  2  iterations.
[1] 5.24489e-05
Algorithm converged after  2  iterations.
[1] 9.201162e-05
Algorithm converged after  2  iterations.
[1] 4.053145e-05 1.251270e-05
Algorithm converged after  2  iterations.
[1] 5.24489e-05 4.36574e-06
Algorithm converged after  2  iterations.
[1] 9.201162e-05 2.216258e-05
Algorithm converged after  2  iterations.
[1] 4.053145e-05 5.244890e-05
Algorithm converged after  2  iterations.
[1] 4.053145e-05 9.201162e-05
Algorithm converged after  2  iterations.
[1] 5.244890e-05 9.201162e-05
Algorithm converged after  2  iterations.
[1] 4.053145e-05 1.251270e-05 5.244890e-05
Algorithm converged after  2  iterations.
[1] 4.053145e-05 1.251270e-05 9.201162e-05
Algorithm converged after  2  iterations.
[1] 4.053145e-05 5.244890e-05 4.365740e-06
Algorithm converged after  2  iterations.
[1] 4.053145e-05 9.201162e-05 2.216258e-05
Algorithm converged after  2  iterations.
[1] 5.244890e-05 4.365740e-06 9.201162e-05
Algorithm converged after  2  iterations.
[1] 5.244890e-05 9.201162e-05 2.216258e-05
Algorithm converged after  2  iterations.
[1] 4.053145e-05 5.244890e-05 9.201162e-05
Algorithm converged after  2  iterations.
[1] 4.053145e-05 1.251270e-05 5.244890e-05 4.365740e-06
Algorithm converged after  2  iterations.
[1] 4.053145e-05 1.251270e-05 9.201162e-05 2.216258e-05
Algorithm converged after  2  iterations.
[1] 5.244890e-05 4.365740e-06 9.201162e-05 2.216258e-05
Algorithm converged after  2  iterations.
[1] 4.053145e-05 1.251270e-05 5.244890e-05 9.201162e-05
Algorithm converged after  2  iterations.
[1] 4.053145e-05 5.244890e-05 4.365740e-06 9.201162e-05
Algorithm converged after  2  iterations.
[1] 4.053145e-05 5.244890e-05 9.201162e-05 2.216258e-05
Algorithm converged after  2  iterations.
[1] 0.0004316656
Algorithm converged after  2  iterations.
[1] 0.0004316656 0.0000140848
Algorithm converged after  7  iterations.
[1] 4.316656e-04 2.811962e-05
Algorithm converged after  7  iterations.
[1] 4.316656e-04 8.112909e-05
[1] 0.0005544287 0.0001835330
Algorithm converged after  12  iterations.
[1] 4.316656e-04 1.408480e-05 7.381070e-06
Algorithm converged after  8  iterations.
[1] 4.316656e-04 2.811962e-05 4.376712e-06
Algorithm converged after  8  iterations.
[1] 4.316656e-04 8.112909e-05 1.292235e-05
[1] 7.185521e-04 1.123978e-04 1.745986e-05
Algorithm converged after  11  iterations.
[1] 4.316656e-04 1.408480e-05 2.811962e-05
Algorithm converged after  9  iterations.
[1] 4.316656e-04 1.408480e-05 8.112909e-05
Algorithm converged after  10  iterations.
[1] 4.316656e-04 2.811962e-05 8.112909e-05
Algorithm converged after  10  iterations.
[1] 4.316656e-04 1.408480e-05 7.381070e-06 2.811962e-05
Algorithm converged after  9  iterations.
[1] 4.316656e-04 1.408480e-05 7.381070e-06 8.112909e-05
[1] 6.970671e-04 1.879568e-05 8.764999e-06 1.206183e-04
Algorithm converged after  11  iterations.
[1] 4.316656e-04 1.408480e-05 2.811962e-05 4.376712e-06
Algorithm converged after  10  iterations.
[1] 4.316656e-04 1.408480e-05 8.112909e-05 1.292235e-05
[1] 8.374495e-04 2.224191e-05 1.274209e-04 1.929820e-05
Algorithm converged after  13  iterations.
[1] 4.316656e-04 2.811962e-05 4.376712e-06 8.112909e-05
Algorithm converged after  10  iterations.
[1] 4.316656e-04 2.811962e-05 8.112909e-05 1.292235e-05
[1] 8.191059e-04 3.895407e-05 1.242724e-04 1.894353e-05
Algorithm converged after  12  iterations.
[1] 4.316656e-04 1.408480e-05 2.811962e-05 8.112909e-05
Algorithm converged after  9  iterations.
[1] 4.316656e-04 3.308611e-05
Algorithm converged after  2  iterations.
[1] 4.316656e-04 3.308611e-05 2.341129e-05
Algorithm converged after  8  iterations.
[1] 4.316656e-04 3.308611e-05 4.169610e-05
Algorithm converged after  9  iterations.
[1] 4.316656e-04 3.308611e-05 2.069372e-05
[1] 0.0005647412 0.0001346530 0.0006387068
[1] 0.0005659754 0.0001351624 0.0006427832
Algorithm converged after  27  iterations.
[1] 4.316656e-04 3.308611e-05 2.341129e-05 3.843543e-06
Algorithm converged after  10  iterations.
[1] 4.316656e-04 3.308611e-05 4.169610e-05 4.124181e-06
Algorithm converged after  10  iterations.
[1] 4.316656e-04 3.308611e-05 2.069372e-05 8.784288e-06
[1] 3.838134e-04 6.314038e-05 7.055597e-05 1.888644e-05
[1] 3.837826e-04 6.316627e-05 7.061983e-05 1.889328e-05
Algorithm converged after  21  iterations.
[1] 4.316656e-04 3.308611e-05 2.341129e-05 4.169610e-05
[1] 5.874243e-04 5.488733e-05 4.899825e-05 7.615953e-05
Algorithm converged after  16  iterations.
[1] 4.316656e-04 3.308611e-05 2.341129e-05 2.069372e-05
[1] 4.613811e-04 8.121228e-05 5.836713e-05 1.980873e-04
[1] 4.614238e-04 8.159259e-05 5.856294e-05 1.998812e-04
Algorithm converged after  30  iterations.
[1] 4.316656e-04 3.308611e-05 4.169610e-05 2.069372e-05
[1] 4.788092e-04 8.955283e-05 9.081160e-05 2.691057e-04
[1] 0.0004790031 0.0000904130 0.0000912834 0.0002739761
[1] 4.790063e-04 9.042683e-05 9.129101e-05 2.740541e-04
Algorithm converged after  33  iterations.
numeric(0)
Algorithm converged after  1  iterations.
[1] 4.407765e-05
Algorithm converged after  2  iterations.
[1] 4.741657e-05
Algorithm converged after  2  iterations.
[1] 0.0001332036
Algorithm converged after  2  iterations.
[1] 4.407765e-05 8.071403e-06
Algorithm converged after  2  iterations.
[1] 4.741657e-05 4.649376e-06
Algorithm converged after  2  iterations.
[1] 1.332036e-04 6.076986e-05
Algorithm converged after  2  iterations.
[1] 4.407765e-05 4.741657e-05
Algorithm converged after  2  iterations.
[1] 4.407765e-05 1.332036e-04
Algorithm converged after  2  iterations.
[1] 4.741657e-05 1.332036e-04
Algorithm converged after  2  iterations.
[1] 4.407765e-05 8.071403e-06 4.741657e-05
Algorithm converged after  2  iterations.
[1] 4.407765e-05 8.071403e-06 1.332036e-04
Algorithm converged after  2  iterations.
[1] 4.407765e-05 4.741657e-05 4.649376e-06
Algorithm converged after  2  iterations.
[1] 4.407765e-05 1.332036e-04 6.076986e-05
Algorithm converged after  2  iterations.
[1] 4.741657e-05 4.649376e-06 1.332036e-04
Algorithm converged after  2  iterations.
[1] 4.741657e-05 1.332036e-04 6.076986e-05
Algorithm converged after  2  iterations.
[1] 4.407765e-05 4.741657e-05 1.332036e-04
Algorithm converged after  2  iterations.
[1] 4.407765e-05 8.071403e-06 4.741657e-05 4.649376e-06
Algorithm converged after  2  iterations.
[1] 4.407765e-05 8.071403e-06 1.332036e-04 6.076986e-05
Algorithm converged after  2  iterations.
[1] 4.741657e-05 4.649376e-06 1.332036e-04 6.076986e-05
Algorithm converged after  2  iterations.
[1] 4.407765e-05 8.071403e-06 4.741657e-05 1.332036e-04
Algorithm converged after  2  iterations.
[1] 4.407765e-05 4.741657e-05 4.649376e-06 1.332036e-04
Algorithm converged after  2  iterations.
[1] 4.407765e-05 4.741657e-05 1.332036e-04 6.076986e-05
Algorithm converged after  2  iterations.
[1] 0.0004721883
Algorithm converged after  2  iterations.
[1] 4.721883e-04 2.619838e-05
Algorithm converged after  8  iterations.
[1] 4.721883e-04 4.212906e-05
Algorithm converged after  8  iterations.
[1] 4.721883e-04 6.567118e-05
Algorithm converged after  8  iterations.
[1] 4.721883e-04 2.619838e-05 6.496172e-06
Algorithm converged after  9  iterations.
[1] 4.721883e-04 4.212906e-05 4.928261e-06
Algorithm converged after  8  iterations.
[1] 4.721883e-04 6.567118e-05 9.107690e-06
Algorithm converged after  10  iterations.
[1] 4.721883e-04 2.619838e-05 4.212906e-05
[1] 6.981588e-04 4.296726e-05 6.316412e-05
Algorithm converged after  12  iterations.
[1] 4.721883e-04 2.619838e-05 6.567118e-05
Algorithm converged after  7  iterations.
[1] 4.721883e-04 4.212906e-05 6.567118e-05
Algorithm converged after  7  iterations.
[1] 4.721883e-04 2.619838e-05 6.496172e-06 4.212906e-05
[1] 7.686324e-04 3.490153e-05 7.639899e-06 5.444500e-05
Algorithm converged after  11  iterations.
[1] 4.721883e-04 2.619838e-05 6.496172e-06 6.567118e-05
Algorithm converged after  10  iterations.
[1] 4.721883e-04 2.619838e-05 4.212906e-05 4.928261e-06
[1] 7.031600e-04 3.481035e-05 5.243801e-05 5.619184e-06
Algorithm converged after  11  iterations.
[1] 4.721883e-04 2.619838e-05 6.567118e-05 9.107690e-06
[1] 6.915863e-04 3.368354e-05 7.665391e-05 1.066211e-05
Algorithm converged after  11  iterations.
[1] 4.721883e-04 4.212906e-05 4.928261e-06 6.567118e-05
Algorithm converged after  10  iterations.
[1] 4.721883e-04 4.212906e-05 6.567118e-05 9.107690e-06
[1] 7.199315e-04 5.353199e-05 7.785529e-05 1.088691e-05
Algorithm converged after  11  iterations.
[1] 4.721883e-04 2.619838e-05 4.212906e-05 6.567118e-05
Algorithm converged after  10  iterations.
[1] 4.721883e-04 3.512142e-05
Algorithm converged after  2  iterations.
[1] 4.721883e-04 3.512142e-05 4.904687e-06
[1] 5.781283e-04 1.080051e-04 1.070295e-05
Algorithm converged after  16  iterations.
[1] 4.721883e-04 3.512142e-05 1.380555e-05
[1] 5.695000e-04 5.823498e-05 2.686281e-05
[1] 5.693676e-04 5.819943e-05 2.684913e-05
Algorithm converged after  26  iterations.
[1] 4.721883e-04 3.512142e-05 2.048476e-04
[1] 8.749641e-04 6.939762e-05 1.169704e-03
[1] 8.853448e-04 7.008116e-05 1.195307e-03
[1] 8.856147e-04 7.009911e-05 1.195975e-03
Algorithm converged after  37  iterations.
[1] 4.721883e-04 3.512142e-05 4.904687e-06 3.453314e-06
[1] 4.682831e-04 3.220364e-05 6.350416e-06 3.855644e-06
Algorithm converged after  11  iterations.
[1] 4.721883e-04 3.512142e-05 1.380555e-05 4.536562e-06
[1] 5.218821e-04 3.495709e-05 1.867445e-05 4.861182e-06
Algorithm converged after  17  iterations.
[1] 4.721883e-04 3.512142e-05 2.048476e-04 5.815360e-06
[1] 8.390999e-04 7.307711e-05 1.205622e-03 1.109406e-05
[1] 8.513802e-04 7.374303e-05 1.236290e-03 1.122500e-05
[1] 8.517232e-04 7.376186e-05 1.237151e-03 1.122865e-05
Algorithm converged after  38  iterations.
[1] 4.721883e-04 3.512142e-05 4.904687e-06 1.380555e-05
[1] 8.768752e-04 1.151848e-04 2.450070e-05 4.861217e-05
[1] 9.806002e-04 1.472937e-04 2.755441e-05 5.334514e-05
[1] 9.907350e-04 1.504344e-04 2.782567e-05 5.377626e-05
[1] 9.914151e-04 1.506498e-04 2.784360e-05 5.380485e-05
[1] 9.914457e-04 1.506604e-04 2.784438e-05 5.380611e-05
Algorithm converged after  51  iterations.
[1] 4.721883e-04 3.512142e-05 4.904687e-06 2.048476e-04
[1] 1.110508e-03 4.835217e-05 3.985897e-05 1.785942e-03
[1] 1.203130e-03 4.665294e-05 4.717923e-05 2.004955e-03
[1] 1.213985e-03 4.645803e-05 4.805692e-05 2.030668e-03
[1] 1.215257e-03 4.643531e-05 4.816003e-05 2.033682e-03
[1] 1.215406e-03 4.643265e-05 4.817212e-05 2.034035e-03
[1] 1.215424e-03 4.643234e-05 4.817354e-05 2.034077e-03
Algorithm converged after  61  iterations.
[1] 4.721883e-04 3.512142e-05 1.380555e-05 2.048476e-04
[1] 8.588449e-04 5.779011e-05 1.137865e-05 1.229976e-03
[1] 1.047495e-03 5.433444e-05 1.765418e-05 1.655369e-03
[1] 1.057030e-03 5.404676e-05 1.809976e-05 1.677853e-03
[1] 1.057589e-03 5.402918e-05 1.812646e-05 1.679171e-03
[1] 1.057622e-03 5.402814e-05 1.812803e-05 1.679249e-03
Algorithm converged after  54  iterations.
numeric(0)
Algorithm converged after  1  iterations.
[1] 3.998727e-05
Algorithm converged after  2  iterations.
[1] 5.086087e-05
Algorithm converged after  2  iterations.
[1] 9.676441e-05
Algorithm converged after  2  iterations.
[1] 3.998727e-05 1.494971e-05
Algorithm converged after  2  iterations.
[1] 5.086087e-05 5.536462e-06
Algorithm converged after  2  iterations.
[1] 9.676441e-05 3.521572e-05
Algorithm converged after  2  iterations.
[1] 3.998727e-05 5.086087e-05
Algorithm converged after  2  iterations.
[1] 3.998727e-05 9.676441e-05
Algorithm converged after  2  iterations.
[1] 5.086087e-05 9.676441e-05
Algorithm converged after  2  iterations.
[1] 3.998727e-05 1.494971e-05 5.086087e-05
Algorithm converged after  2  iterations.
[1] 3.998727e-05 1.494971e-05 9.676441e-05
Algorithm converged after  2  iterations.
[1] 3.998727e-05 5.086087e-05 5.536462e-06
Algorithm converged after  2  iterations.
[1] 3.998727e-05 9.676441e-05 3.521572e-05
Algorithm converged after  2  iterations.
[1] 5.086087e-05 5.536462e-06 9.676441e-05
Algorithm converged after  2  iterations.
[1] 5.086087e-05 9.676441e-05 3.521572e-05
Algorithm converged after  2  iterations.
[1] 3.998727e-05 5.086087e-05 9.676441e-05
Algorithm converged after  2  iterations.
[1] 3.998727e-05 1.494971e-05 5.086087e-05 5.536462e-06
Algorithm converged after  2  iterations.
[1] 3.998727e-05 1.494971e-05 9.676441e-05 3.521572e-05
Algorithm converged after  2  iterations.
[1] 5.086087e-05 5.536462e-06 9.676441e-05 3.521572e-05
Algorithm converged after  2  iterations.
[1] 3.998727e-05 1.494971e-05 5.086087e-05 9.676441e-05
Algorithm converged after  2  iterations.
[1] 3.998727e-05 5.086087e-05 5.536462e-06 9.676441e-05
Algorithm converged after  2  iterations.
[1] 3.998727e-05 5.086087e-05 9.676441e-05 3.521572e-05
Algorithm converged after  2  iterations.
[1] 0.0004381758
Algorithm converged after  2  iterations.
[1] 4.381758e-04 1.491277e-05
Algorithm converged after  7  iterations.
[1] 4.381758e-04 3.724081e-05
Algorithm converged after  8  iterations.
[1] 4.381758e-04 1.880932e-05
Algorithm converged after  9  iterations.
[1] 4.381758e-04 1.491277e-05 7.864571e-06
Algorithm converged after  9  iterations.
[1] 4.381758e-04 3.724081e-05 4.523516e-06
[1] 5.312910e-04 4.078645e-05 4.875647e-06
Algorithm converged after  12  iterations.
[1] 4.381758e-04 1.880932e-05 9.824575e-06
Algorithm converged after  9  iterations.
[1] 4.381758e-04 1.491277e-05 3.724081e-05
[1] 6.561360e-04 2.352449e-05 5.410135e-05
Algorithm converged after  11  iterations.
[1] 4.381758e-04 1.491277e-05 1.880932e-05
Algorithm converged after  6  iterations.
[1] 4.381758e-04 3.724081e-05 1.880932e-05
Algorithm converged after  7  iterations.
[1] 4.381758e-04 1.491277e-05 7.864571e-06 3.724081e-05
Algorithm converged after  10  iterations.
[1] 4.381758e-04 1.491277e-05 7.864571e-06 1.880932e-05
Algorithm converged after  9  iterations.
[1] 4.381758e-04 1.491277e-05 3.724081e-05 4.523516e-06
[1] 6.789806e-04 2.138186e-05 4.775357e-05 4.866926e-06
Algorithm converged after  14  iterations.
[1] 4.381758e-04 1.491277e-05 1.880932e-05 9.824575e-06
[1] 7.079350e-04 2.126299e-05 2.274132e-05 1.256062e-05
Algorithm converged after  11  iterations.
[1] 4.381758e-04 3.724081e-05 4.523516e-06 1.880932e-05
[1] 5.501233e-04 4.113186e-05 4.817417e-06 2.477399e-05
Algorithm converged after  12  iterations.
[1] 4.381758e-04 3.724081e-05 1.880932e-05 9.824575e-06
[1] 7.188399e-04 5.001567e-05 2.298663e-05 1.262588e-05
Algorithm converged after  11  iterations.
[1] 4.381758e-04 1.491277e-05 3.724081e-05 1.880932e-05
Algorithm converged after  10  iterations.
[1] 4.381758e-04 4.627325e-05
Algorithm converged after  2  iterations.
[1] 4.381758e-04 4.627325e-05 7.051693e-06
[1] 5.505037e-04 5.503166e-05 1.572432e-05
Algorithm converged after  11  iterations.
[1] 4.381758e-04 4.627325e-05 1.068971e-05
[1] 5.287133e-04 1.174994e-04 1.850098e-05
[1] 5.284583e-04 1.173795e-04 1.849375e-05
Algorithm converged after  22  iterations.
[1] 4.381758e-04 4.627325e-05 7.914036e-05
[1] 7.258274e-04 6.020307e-05 8.690326e-04
[1] 0.0007267599 0.0000604011 0.0008712760
Algorithm converged after  24  iterations.
[1] 4.381758e-04 4.627325e-05 7.051693e-06 3.591591e-06
[1] 4.314074e-04 6.197222e-05 7.467404e-06 3.475877e-06
[1] 4.313768e-04 6.195106e-05 7.468502e-06 3.475741e-06
Algorithm converged after  24  iterations.
[1] 4.381758e-04 4.627325e-05 1.068971e-05 4.043762e-06
[1] 4.698200e-04 7.341614e-05 1.356708e-05 3.793283e-06
[1] 4.696247e-04 7.330829e-05 1.355315e-05 3.792752e-06
Algorithm converged after  23  iterations.
[1] 4.381758e-04 4.627325e-05 7.914036e-05 5.175901e-06
[1] 1.014835e-03 6.729513e-05 1.081431e-03 1.940928e-05
[1] 1.023407e-03 6.849253e-05 1.097046e-03 1.963496e-05
[1] 1.023526e-03 6.850923e-05 1.097264e-03 1.963813e-05
Algorithm converged after  33  iterations.
[1] 4.381758e-04 4.627325e-05 7.051693e-06 1.068971e-05
[1] 4.631413e-04 8.146041e-05 6.444284e-06 1.432132e-05
[1] 4.630643e-04 8.141518e-05 6.445238e-06 1.431868e-05
Algorithm converged after  21  iterations.
[1] 4.381758e-04 4.627325e-05 7.051693e-06 7.914036e-05
[1] 7.777948e-04 2.483034e-05 4.784259e-05 5.502826e-04
[1] 7.906672e-04 2.515963e-05 4.878828e-05 5.599738e-04
Algorithm converged after  21  iterations.
[1] 4.381758e-04 4.627325e-05 1.068971e-05 7.914036e-05
[1] 7.666277e-04 2.002884e-05 5.175682e-06 6.282819e-04
[1] 7.927862e-04 2.197129e-05 5.207127e-06 6.719287e-04
[1] 8.041065e-04 2.260720e-05 5.204429e-06 6.942190e-04
[1] 8.422129e-04 2.418795e-05 5.255405e-06 7.858622e-04
[1] 1.085813e-03 2.659612e-05 1.425966e-05 1.363468e-03
[1] 1.099615e-03 2.701362e-05 1.472614e-05 1.388419e-03
[1] 1.100237e-03 2.703366e-05 1.474659e-05 1.389536e-03
[1] 1.100265e-03 2.703473e-05 1.474745e-05 1.389586e-03
Algorithm converged after  86  iterations.
numeric(0)
Algorithm converged after  1  iterations.
[1] 3.731733e-05
Algorithm converged after  2  iterations.
[1] 5.587445e-05
Algorithm converged after  2  iterations.
[1] 9.826714e-05
Algorithm converged after  2  iterations.
[1] 3.731733e-05 7.847676e-06
Algorithm converged after  2  iterations.
[1] 5.587445e-05 5.827747e-06
Algorithm converged after  2  iterations.
[1] 9.826714e-05 3.478707e-05
Algorithm converged after  2  iterations.
[1] 3.731733e-05 5.587445e-05
Algorithm converged after  2  iterations.
[1] 3.731733e-05 9.826714e-05
Algorithm converged after  2  iterations.
[1] 5.587445e-05 9.826714e-05
Algorithm converged after  2  iterations.
[1] 3.731733e-05 7.847676e-06 5.587445e-05
Algorithm converged after  2  iterations.
[1] 3.731733e-05 7.847676e-06 9.826714e-05
Algorithm converged after  2  iterations.
[1] 3.731733e-05 5.587445e-05 5.827747e-06
Algorithm converged after  2  iterations.
[1] 3.731733e-05 9.826714e-05 3.478707e-05
Algorithm converged after  2  iterations.
[1] 5.587445e-05 5.827747e-06 9.826714e-05
Algorithm converged after  2  iterations.
[1] 5.587445e-05 9.826714e-05 3.478707e-05
Algorithm converged after  2  iterations.
[1] 3.731733e-05 5.587445e-05 9.826714e-05
Algorithm converged after  2  iterations.
[1] 3.731733e-05 7.847676e-06 5.587445e-05 5.827747e-06
Algorithm converged after  2  iterations.
[1] 3.731733e-05 7.847676e-06 9.826714e-05 3.478707e-05
Algorithm converged after  2  iterations.
[1] 5.587445e-05 5.827747e-06 9.826714e-05 3.478707e-05
Algorithm converged after  2  iterations.
[1] 3.731733e-05 7.847676e-06 5.587445e-05 9.826714e-05
Algorithm converged after  2  iterations.
[1] 3.731733e-05 5.587445e-05 5.827747e-06 9.826714e-05
Algorithm converged after  2  iterations.
[1] 3.731733e-05 5.587445e-05 9.826714e-05 3.478707e-05
Algorithm converged after  2  iterations.
[1] 0.0004171329
Algorithm converged after  2  iterations.
[1] 0.0004171329 0.0000164437
Algorithm converged after  7  iterations.
[1] 4.171329e-04 2.612938e-05
Algorithm converged after  7  iterations.
[1] 0.0004171329 0.0001505023
[1] 0.0005755919 0.0002596982
Algorithm converged after  12  iterations.
[1] 4.171329e-04 1.644370e-05 8.412955e-06
Algorithm converged after  8  iterations.
[1] 4.171329e-04 2.612938e-05 4.290093e-06
Algorithm converged after  10  iterations.
[1] 4.171329e-04 1.505023e-04 9.755280e-06
[1] 7.084451e-04 2.135800e-04 1.303812e-05
Algorithm converged after  11  iterations.
[1] 4.171329e-04 1.644370e-05 2.612938e-05
Algorithm converged after  9  iterations.
[1] 0.0004171329 0.0000164437 0.0001505023
Algorithm converged after  10  iterations.
[1] 4.171329e-04 2.612938e-05 1.505023e-04
Algorithm converged after  10  iterations.
[1] 4.171329e-04 1.644370e-05 8.412955e-06 2.612938e-05
Algorithm converged after  9  iterations.
[1] 4.171329e-04 1.644370e-05 8.412955e-06 1.505023e-04
[1] 6.948360e-04 2.038803e-05 9.747958e-06 2.268253e-04
Algorithm converged after  11  iterations.
[1] 4.171329e-04 1.644370e-05 2.612938e-05 4.290093e-06
[1] 5.288486e-04 1.931908e-05 2.921313e-05 4.565553e-06
Algorithm converged after  11  iterations.
[1] 4.171329e-04 1.644370e-05 1.505023e-04 9.755280e-06
[1] 8.137922e-04 2.324900e-05 2.405781e-04 1.411075e-05
Algorithm converged after  13  iterations.
[1] 4.171329e-04 2.612938e-05 4.290093e-06 1.505023e-04
[1] 6.238369e-04 3.011042e-05 4.825176e-06 2.113736e-04
Algorithm converged after  12  iterations.
[1] 4.171329e-04 2.612938e-05 1.505023e-04 9.755280e-06
[1] 7.928524e-04 3.552945e-05 2.324709e-04 1.383703e-05
Algorithm converged after  13  iterations.
[1] 4.171329e-04 1.644370e-05 2.612938e-05 1.505023e-04
Algorithm converged after  10  iterations.
[1] 4.171329e-04 4.403782e-05
Algorithm converged after  2  iterations.
[1] 4.171329e-04 4.403782e-05 2.818599e-05
[1] 5.056117e-04 2.253081e-05 4.528851e-05
Algorithm converged after  13  iterations.
[1] 4.171329e-04 4.403782e-05 3.331847e-05
[1] 5.198812e-04 2.608903e-05 5.397241e-05
Algorithm converged after  19  iterations.
[1] 4.171329e-04 4.403782e-05 1.120753e-05
[1] 0.001098210 0.000223405 0.000159156
[1] 0.001304546 0.000256946 0.000188271
[1] 0.0013583202 0.0002656373 0.0001956103
[1] 0.0013711771 0.0002677334 0.0001973520
[1] 0.0013742261 0.0002682318 0.0001977643
[1] 0.001374949 0.000268350 0.000197862
[1] 0.0013751202 0.0002683780 0.0001978852
[1] 0.0013751608 0.0002683847 0.0001978907
Algorithm converged after  84  iterations.
[1] 4.171329e-04 4.403782e-05 2.818599e-05 5.465319e-06
[1] 4.864785e-04 4.501837e-05 3.956707e-05 6.287888e-06
Algorithm converged after  11  iterations.
[1] 4.171329e-04 4.403782e-05 3.331847e-05 4.120752e-06
[1] 5.348361e-04 4.438243e-05 5.208877e-05 5.367600e-06
Algorithm converged after  13  iterations.
[1] 4.171329e-04 4.403782e-05 1.120753e-05 5.592360e-06
[1] 4.241039e-04 4.942802e-05 3.008062e-05 6.489659e-06
[1] 4.241871e-04 4.944423e-05 3.011288e-05 6.488734e-06
Algorithm converged after  24  iterations.
[1] 4.171329e-04 4.403782e-05 2.818599e-05 3.331847e-05
[1] 7.442694e-04 1.845552e-05 7.916838e-05 9.677078e-05
Algorithm converged after  20  iterations.
[1] 4.171329e-04 4.403782e-05 2.818599e-05 1.120753e-05
[1] 5.179884e-04 5.190778e-05 3.087505e-05 1.603370e-05
Algorithm converged after  16  iterations.
[1] 4.171329e-04 4.403782e-05 3.331847e-05 1.120753e-05
[1] 5.280766e-04 5.606022e-05 3.994027e-05 1.313177e-05
Algorithm converged after  17  iterations.
numeric(0)
Algorithm converged after  1  iterations.
[1] 3.161052e-05
Algorithm converged after  2  iterations.
[1] 5.783853e-05
Algorithm converged after  2  iterations.
[1] 9.30322e-05
Algorithm converged after  2  iterations.
[1] 3.161052e-05 7.601158e-06
Algorithm converged after  2  iterations.
[1] 5.783853e-05 4.534052e-06
Algorithm converged after  2  iterations.
[1] 9.303220e-05 4.248446e-05
Algorithm converged after  2  iterations.
[1] 3.161052e-05 5.783853e-05
Algorithm converged after  2  iterations.
[1] 3.161052e-05 9.303220e-05
Algorithm converged after  2  iterations.
[1] 5.783853e-05 9.303220e-05
Algorithm converged after  2  iterations.
[1] 3.161052e-05 7.601158e-06 5.783853e-05
Algorithm converged after  2  iterations.
[1] 3.161052e-05 7.601158e-06 9.303220e-05
Algorithm converged after  2  iterations.
[1] 3.161052e-05 5.783853e-05 4.534052e-06
Algorithm converged after  2  iterations.
[1] 3.161052e-05 9.303220e-05 4.248446e-05
Algorithm converged after  2  iterations.
[1] 5.783853e-05 4.534052e-06 9.303220e-05
Algorithm converged after  2  iterations.
[1] 5.783853e-05 9.303220e-05 4.248446e-05
Algorithm converged after  2  iterations.
[1] 3.161052e-05 5.783853e-05 9.303220e-05
Algorithm converged after  2  iterations.
[1] 3.161052e-05 7.601158e-06 5.783853e-05 4.534052e-06
Algorithm converged after  2  iterations.
[1] 3.161052e-05 7.601158e-06 9.303220e-05 4.248446e-05
Algorithm converged after  2  iterations.
[1] 5.783853e-05 4.534052e-06 9.303220e-05 4.248446e-05
Algorithm converged after  2  iterations.
[1] 3.161052e-05 7.601158e-06 5.783853e-05 9.303220e-05
Algorithm converged after  2  iterations.
[1] 3.161052e-05 5.783853e-05 4.534052e-06 9.303220e-05
Algorithm converged after  2  iterations.
[1] 3.161052e-05 5.783853e-05 9.303220e-05 4.248446e-05
Algorithm converged after  2  iterations.
[1] 0.0003949154
Algorithm converged after  2  iterations.
[1] 3.949154e-04 1.956901e-05
Algorithm converged after  8  iterations.
[1] 3.949154e-04 2.634853e-05
Algorithm converged after  7  iterations.
[1] 0.0003949154 0.0001499871
[1] 0.0005468409 0.0002706645
Algorithm converged after  12  iterations.
[1] 3.949154e-04 1.956901e-05 8.832535e-06
Algorithm converged after  9  iterations.
[1] 3.949154e-04 2.634853e-05 3.995027e-06
[1] 3.831817e-04 2.643043e-05 4.336156e-06
Algorithm converged after  12  iterations.
[1] 3.949154e-04 1.499871e-04 9.606584e-06
Algorithm converged after  10  iterations.
[1] 3.949154e-04 1.956901e-05 2.634853e-05
Algorithm converged after  9  iterations.
[1] 3.949154e-04 1.956901e-05 1.499871e-04
Algorithm converged after  10  iterations.
[1] 3.949154e-04 2.634853e-05 1.499871e-04
Algorithm converged after  10  iterations.
[1] 3.949154e-04 1.956901e-05 8.832535e-06 2.634853e-05
Algorithm converged after  10  iterations.
[1] 3.949154e-04 1.956901e-05 8.832535e-06 1.499871e-04
[1] 7.231421e-04 2.635347e-05 1.090825e-05 2.408325e-04
Algorithm converged after  12  iterations.
[1] 3.949154e-04 1.956901e-05 2.634853e-05 3.995027e-06
[1] 4.643939e-04 2.117304e-05 2.818083e-05 4.140519e-06
Algorithm converged after  13  iterations.
[1] 3.949154e-04 1.956901e-05 1.499871e-04 9.606584e-06
[1] 8.003837e-04 2.888369e-05 2.472777e-04 1.535223e-05
Algorithm converged after  12  iterations.
[1] 3.949154e-04 2.634853e-05 3.995027e-06 1.499871e-04
[1] 5.454204e-04 3.039126e-05 4.257316e-06 2.106700e-04
Algorithm converged after  16  iterations.
[1] 3.949154e-04 2.634853e-05 1.499871e-04 9.606584e-06
[1] 7.640232e-04 3.703301e-05 2.348370e-04 1.482266e-05
Algorithm converged after  12  iterations.
[1] 3.949154e-04 1.956901e-05 2.634853e-05 1.499871e-04
Algorithm converged after  10  iterations.
[1] 3.949154e-04 4.544353e-05
Algorithm converged after  2  iterations.
[1] 3.949154e-04 4.544353e-05 3.491959e-05
Algorithm converged after  10  iterations.
[1] 3.949154e-04 4.544353e-05 3.958966e-05
[1] 4.904091e-04 3.948475e-05 6.180635e-05
Algorithm converged after  13  iterations.
[1] 3.949154e-04 4.544353e-05 5.792516e-06
[1] 0.001450480 0.000292590 0.000212974
[1] 0.0016149708 0.0003234100 0.0002358219
[1] 0.001626425 0.000325663 0.000237388
[1] 0.0016274196 0.0003258613 0.0002375238
[1] 0.0016275172 0.0003258807 0.0002375371
Algorithm converged after  54  iterations.
[1] 3.949154e-04 4.544353e-05 3.491959e-05 6.166892e-06
Algorithm converged after  10  iterations.
[1] 3.949154e-04 4.544353e-05 3.958966e-05 4.002722e-06
[1] 4.812847e-04 6.040548e-05 6.559126e-05 5.243118e-06
Algorithm converged after  13  iterations.
[1] 3.949154e-04 4.544353e-05 5.792516e-06 3.595429e-06
[1] 4.245122e-04 4.692529e-05 2.143092e-05 4.974433e-06
[1] 4.243740e-04 4.691891e-05 2.137194e-05 4.975500e-06
Algorithm converged after  27  iterations.
[1] 3.949154e-04 4.544353e-05 3.491959e-05 3.958966e-05
[1] 7.094059e-04 3.333787e-05 8.881074e-05 1.028006e-04
Algorithm converged after  18  iterations.
[1] 3.949154e-04 4.544353e-05 3.491959e-05 5.792516e-06
[1] 4.996940e-04 4.882348e-05 4.134888e-05 6.493505e-06
Algorithm converged after  14  iterations.
[1] 3.949154e-04 4.544353e-05 3.958966e-05 5.792516e-06
[1] 4.995486e-04 5.611411e-05 4.929691e-05 5.746364e-06
Algorithm converged after  20  iterations.
numeric(0)
Algorithm converged after  1  iterations.
[1] 4.656365e-05
Algorithm converged after  2  iterations.
[1] 5.543059e-05
Algorithm converged after  2  iterations.
[1] 0.0001037118
Algorithm converged after  2  iterations.
[1] 4.656365e-05 1.339984e-05
Algorithm converged after  2  iterations.
[1] 5.543059e-05 4.432194e-06
Algorithm converged after  2  iterations.
[1] 1.037118e-04 4.805985e-05
Algorithm converged after  2  iterations.
[1] 4.656365e-05 5.543059e-05
Algorithm converged after  2  iterations.
[1] 4.656365e-05 1.037118e-04
Algorithm converged after  2  iterations.
[1] 5.543059e-05 1.037118e-04
Algorithm converged after  2  iterations.
[1] 4.656365e-05 1.339984e-05 5.543059e-05
Algorithm converged after  2  iterations.
[1] 4.656365e-05 1.339984e-05 1.037118e-04
Algorithm converged after  2  iterations.
[1] 4.656365e-05 5.543059e-05 4.432194e-06
Algorithm converged after  2  iterations.
[1] 4.656365e-05 1.037118e-04 4.805985e-05
Algorithm converged after  2  iterations.
[1] 5.543059e-05 4.432194e-06 1.037118e-04
Algorithm converged after  2  iterations.
[1] 5.543059e-05 1.037118e-04 4.805985e-05
Algorithm converged after  2  iterations.
[1] 4.656365e-05 5.543059e-05 1.037118e-04
Algorithm converged after  2  iterations.
[1] 4.656365e-05 1.339984e-05 5.543059e-05 4.432194e-06
Algorithm converged after  2  iterations.
[1] 4.656365e-05 1.339984e-05 1.037118e-04 4.805985e-05
Algorithm converged after  2  iterations.
[1] 5.543059e-05 4.432194e-06 1.037118e-04 4.805985e-05
Algorithm converged after  2  iterations.
[1] 4.656365e-05 1.339984e-05 5.543059e-05 1.037118e-04
Algorithm converged after  2  iterations.
[1] 4.656365e-05 5.543059e-05 4.432194e-06 1.037118e-04
Algorithm converged after  2  iterations.
[1] 4.656365e-05 5.543059e-05 1.037118e-04 4.805985e-05
Algorithm converged after  2  iterations.
[1] 0.0004667505
Algorithm converged after  2  iterations.
[1] 4.667505e-04 2.032218e-05
Algorithm converged after  7  iterations.
[1] 0.0004667505 0.0000515876
Algorithm converged after  8  iterations.
[1] 4.667505e-04 3.291314e-05
Algorithm converged after  9  iterations.
[1] 4.667505e-04 2.032218e-05 8.082016e-06
Algorithm converged after  9  iterations.
[1] 4.667505e-04 5.158760e-05 4.387967e-06
Algorithm converged after  9  iterations.
[1] 4.667505e-04 3.291314e-05 9.548915e-06
Algorithm converged after  9  iterations.
[1] 4.667505e-04 2.032218e-05 5.158760e-05
[1] 7.056697e-04 3.193340e-05 7.525015e-05
Algorithm converged after  11  iterations.
[1] 4.667505e-04 2.032218e-05 3.291314e-05
Algorithm converged after  8  iterations.
[1] 4.667505e-04 5.158760e-05 3.291314e-05
Algorithm converged after  8  iterations.
[1] 4.667505e-04 2.032218e-05 8.082016e-06 5.158760e-05
[1] 8.013725e-04 2.888695e-05 9.989149e-06 7.012440e-05
Algorithm converged after  11  iterations.
[1] 4.667505e-04 2.032218e-05 8.082016e-06 3.291314e-05
Algorithm converged after  9  iterations.
[1] 4.667505e-04 2.032218e-05 5.158760e-05 4.387967e-06
[1] 7.177680e-04 2.856204e-05 6.686349e-05 4.884164e-06
Algorithm converged after  12  iterations.
[1] 4.667505e-04 2.032218e-05 3.291314e-05 9.548915e-06
[1] 7.702154e-04 2.899286e-05 3.917055e-05 1.249439e-05
Algorithm converged after  11  iterations.
[1] 4.667505e-04 5.158760e-05 4.387967e-06 3.291314e-05
Algorithm converged after  10  iterations.
[1] 4.667505e-04 5.158760e-05 3.291314e-05 9.548915e-06
[1] 8.095334e-04 7.197586e-05 3.992692e-05 1.291176e-05
Algorithm converged after  12  iterations.
[1] 4.667505e-04 2.032218e-05 5.158760e-05 3.291314e-05
Algorithm converged after  10  iterations.
[1] 4.667505e-04 5.471657e-05
Algorithm converged after  2  iterations.
[1] 4.667505e-04 5.471657e-05 5.595020e-06
Algorithm converged after  9  iterations.
[1] 4.667505e-04 5.471657e-05 1.353429e-05
[1] 0.0005805621 0.0001144545 0.0000249363
[1] 5.801164e-04 1.142860e-04 2.491213e-05
Algorithm converged after  26  iterations.
[1] 4.667505e-04 5.471657e-05 1.203495e-04
[1] 8.776578e-04 3.842532e-05 9.346723e-04
[1] 8.811178e-04 3.860862e-05 9.408911e-04
Algorithm converged after  28  iterations.
[1] 4.667505e-04 5.471657e-05 5.595020e-06 3.361607e-06
[1] 4.818491e-04 7.138156e-05 5.612357e-06 3.263374e-06
[1] 4.819260e-04 7.140679e-05 5.611603e-06 3.263606e-06
Algorithm converged after  22  iterations.
[1] 4.667505e-04 5.471657e-05 1.353429e-05 4.155818e-06
[1] 5.127300e-04 7.801553e-05 1.823376e-05 3.849258e-06
[1] 5.111587e-04 7.780991e-05 1.810035e-05 3.832140e-06
Algorithm converged after  30  iterations.
[1] 4.667505e-04 5.471657e-05 1.203495e-04 5.108682e-06
[1] 1.060369e-03 2.928659e-05 1.068914e-03 1.386386e-05
[1] 1.069000e-03 2.950618e-05 1.082836e-03 1.396149e-05
[1] 1.069106e-03 2.950891e-05 1.083009e-03 1.396270e-05
Algorithm converged after  32  iterations.
[1] 4.667505e-04 5.471657e-05 5.595020e-06 1.353429e-05
[1] 5.496497e-04 1.009517e-04 5.015030e-06 2.145673e-05
[1] 5.494352e-04 1.008364e-04 5.016828e-06 2.144155e-05
Algorithm converged after  22  iterations.
[1] 4.667505e-04 5.471657e-05 5.595020e-06 1.203495e-04
[1] 9.233916e-04 7.235335e-05 5.191461e-05 1.153873e-03
[1] 9.259002e-04 7.284699e-05 5.228708e-05 1.158861e-03
Algorithm converged after  27  iterations.
[1] 4.667505e-04 5.471657e-05 1.353429e-05 1.203495e-04
[1] 7.377503e-04 5.998275e-06 4.976553e-06 5.152236e-04
[1] 7.472027e-04 2.461773e-05 4.686191e-06 6.378228e-04
[1] 1.109843e-03 2.431349e-05 2.127770e-05 1.329100e-03
[1] 1.139069e-03 2.472947e-05 2.302544e-05 1.378378e-03
[1] 1.140275e-03 2.474586e-05 2.309625e-05 1.380395e-03
[1] 1.140325e-03 2.474654e-05 2.309917e-05 1.380479e-03
Algorithm converged after  64  iterations.
numeric(0)
Algorithm converged after  1  iterations.
[1] 4.395717e-05
Algorithm converged after  2  iterations.
[1] 5.554108e-05
Algorithm converged after  2  iterations.
[1] 0.000101392
Algorithm converged after  2  iterations.
[1] 4.395717e-05 1.182214e-05
Algorithm converged after  2  iterations.
[1] 5.554108e-05 6.979213e-06
Algorithm converged after  2  iterations.
[1] 1.013920e-04 1.096592e-05
Algorithm converged after  2  iterations.
[1] 4.395717e-05 5.554108e-05
Algorithm converged after  2  iterations.
[1] 4.395717e-05 1.013920e-04
Algorithm converged after  2  iterations.
[1] 5.554108e-05 1.013920e-04
Algorithm converged after  2  iterations.
[1] 4.395717e-05 1.182214e-05 5.554108e-05
Algorithm converged after  2  iterations.
[1] 4.395717e-05 1.182214e-05 1.013920e-04
Algorithm converged after  2  iterations.
[1] 4.395717e-05 5.554108e-05 6.979213e-06
Algorithm converged after  2  iterations.
[1] 4.395717e-05 1.013920e-04 1.096592e-05
Algorithm converged after  2  iterations.
[1] 5.554108e-05 6.979213e-06 1.013920e-04
Algorithm converged after  2  iterations.
[1] 5.554108e-05 1.013920e-04 1.096592e-05
Algorithm converged after  2  iterations.
[1] 4.395717e-05 5.554108e-05 1.013920e-04
Algorithm converged after  2  iterations.
[1] 4.395717e-05 1.182214e-05 5.554108e-05 6.979213e-06
Algorithm converged after  2  iterations.
[1] 4.395717e-05 1.182214e-05 1.013920e-04 1.096592e-05
Algorithm converged after  2  iterations.
[1] 5.554108e-05 6.979213e-06 1.013920e-04 1.096592e-05
Algorithm converged after  2  iterations.
[1] 4.395717e-05 1.182214e-05 5.554108e-05 1.013920e-04
Algorithm converged after  2  iterations.
[1] 4.395717e-05 5.554108e-05 6.979213e-06 1.013920e-04
Algorithm converged after  2  iterations.
[1] 4.395717e-05 5.554108e-05 1.013920e-04 1.096592e-05
Algorithm converged after  2  iterations.
[1] 0.0004750862
Algorithm converged after  2  iterations.
[1] 4.750862e-04 1.015555e-05
Algorithm converged after  8  iterations.
[1] 0.0004750862 0.0000282417
Algorithm converged after  7  iterations.
[1] 0.0004750862 0.0001335702
[1] 0.0006442858 0.0002322945
Algorithm converged after  12  iterations.
[1] 4.750862e-04 1.015555e-05 7.248391e-06
Algorithm converged after  8  iterations.
[1] 4.750862e-04 2.824170e-05 3.683077e-06
Algorithm converged after  7  iterations.
[1] 4.750862e-04 1.335702e-04 9.433606e-06
[1] 8.196967e-04 2.010499e-04 1.307812e-05
Algorithm converged after  13  iterations.
[1] 4.750862e-04 1.015555e-05 2.824170e-05
Algorithm converged after  9  iterations.
[1] 4.750862e-04 1.015555e-05 1.335702e-04
[1] 6.986865e-04 1.163966e-05 1.981096e-04
Algorithm converged after  11  iterations.
[1] 0.0004750862 0.0000282417 0.0001335702
Algorithm converged after  10  iterations.
[1] 4.750862e-04 1.015555e-05 7.248391e-06 2.824170e-05
Algorithm converged after  8  iterations.
[1] 4.750862e-04 1.015555e-05 7.248391e-06 1.335702e-04
[1] 8.006315e-04 1.305666e-05 8.830053e-06 2.142447e-04
Algorithm converged after  11  iterations.
[1] 4.750862e-04 1.015555e-05 2.824170e-05 3.683077e-06
Algorithm converged after  8  iterations.
[1] 4.750862e-04 1.015555e-05 1.335702e-04 9.433606e-06
[1] 9.312607e-04 1.510957e-05 2.226479e-04 1.430305e-05
Algorithm converged after  13  iterations.
[1] 4.750862e-04 2.824170e-05 3.683077e-06 1.335702e-04
Algorithm converged after  10  iterations.
[1] 4.750862e-04 2.824170e-05 1.335702e-04 9.433606e-06
[1] 9.091442e-04 3.874364e-05 2.191705e-04 1.404272e-05
Algorithm converged after  14  iterations.
[1] 4.750862e-04 1.015555e-05 2.824170e-05 1.335702e-04
Algorithm converged after  9  iterations.
[1] 4.750862e-04 4.723728e-05
Algorithm converged after  2  iterations.
[1] 4.750862e-04 4.723728e-05 1.957553e-05
[1] 5.495629e-04 2.604306e-05 3.246454e-05
Algorithm converged after  11  iterations.
[1] 4.750862e-04 4.723728e-05 3.731447e-05
[1] 5.886969e-04 2.920457e-05 6.106715e-05
Algorithm converged after  16  iterations.
[1] 4.750862e-04 4.723728e-05 7.720253e-06
[1] 1.101993e-03 2.610646e-04 9.262036e-05
[1] 0.0011826985 0.0002784500 0.0000990343
[1] 1.190761e-03 2.801505e-04 9.966619e-05
[1] 1.191543e-03 2.803153e-04 9.972744e-05
[1] 1.191619e-03 2.803313e-04 9.973337e-05
Algorithm converged after  54  iterations.
[1] 4.750862e-04 4.723728e-05 1.957553e-05 4.567104e-06
[1] 5.491711e-04 5.026441e-05 2.855196e-05 5.338634e-06
Algorithm converged after  11  iterations.
[1] 4.750862e-04 4.723728e-05 3.731447e-05 3.373000e-06
[1] 5.904833e-04 4.740545e-05 6.013923e-05 4.809202e-06
Algorithm converged after  11  iterations.
[1] 4.750862e-04 4.723728e-05 7.720253e-06 4.561808e-06
[1] 4.989659e-04 5.393521e-05 2.140031e-05 5.510957e-06
[1] 4.990946e-04 5.395450e-05 2.143781e-05 5.510157e-06
Algorithm converged after  24  iterations.
[1] 4.750862e-04 4.723728e-05 1.957553e-05 3.731447e-05
[1] 8.080133e-04 1.802589e-05 6.552714e-05 1.062086e-04
[1] 8.081877e-04 1.798923e-05 6.555137e-05 1.062463e-04
[1] 8.081901e-04 1.798812e-05 6.555166e-05 1.062468e-04
Algorithm converged after  35  iterations.
[1] 4.750862e-04 4.723728e-05 1.957553e-05 7.720253e-06
[1] 5.688498e-04 5.600690e-05 2.043201e-05 1.217509e-05
Algorithm converged after  15  iterations.
[1] 4.750862e-04 4.723728e-05 3.731447e-05 7.720253e-06
[1] 5.914120e-04 5.698516e-05 4.640614e-05 7.509837e-06
Algorithm converged after  12  iterations.
numeric(0)
Algorithm converged after  1  iterations.
[1] 4.94175e-05
Algorithm converged after  2  iterations.
[1] 4.906145e-05
Algorithm converged after  2  iterations.
[1] 9.814058e-05
Algorithm converged after  2  iterations.
[1] 4.941750e-05 1.433835e-05
Algorithm converged after  2  iterations.
[1] 4.906145e-05 6.071887e-06
Algorithm converged after  2  iterations.
[1] 9.814058e-05 2.462949e-05
Algorithm converged after  2  iterations.
[1] 4.941750e-05 4.906145e-05
Algorithm converged after  2  iterations.
[1] 4.941750e-05 9.814058e-05
Algorithm converged after  2  iterations.
[1] 4.906145e-05 9.814058e-05
Algorithm converged after  2  iterations.
[1] 4.941750e-05 1.433835e-05 4.906145e-05
Algorithm converged after  2  iterations.
[1] 4.941750e-05 1.433835e-05 9.814058e-05
Algorithm converged after  2  iterations.
[1] 4.941750e-05 4.906145e-05 6.071887e-06
Algorithm converged after  2  iterations.
[1] 4.941750e-05 9.814058e-05 2.462949e-05
Algorithm converged after  2  iterations.
[1] 4.906145e-05 6.071887e-06 9.814058e-05
Algorithm converged after  2  iterations.
[1] 4.906145e-05 9.814058e-05 2.462949e-05
Algorithm converged after  2  iterations.
[1] 4.941750e-05 4.906145e-05 9.814058e-05
Algorithm converged after  2  iterations.
[1] 4.941750e-05 1.433835e-05 4.906145e-05 6.071887e-06
Algorithm converged after  2  iterations.
[1] 4.941750e-05 1.433835e-05 9.814058e-05 2.462949e-05
Algorithm converged after  2  iterations.
[1] 4.906145e-05 6.071887e-06 9.814058e-05 2.462949e-05
Algorithm converged after  2  iterations.
[1] 4.941750e-05 1.433835e-05 4.906145e-05 9.814058e-05
Algorithm converged after  2  iterations.
[1] 4.941750e-05 4.906145e-05 6.071887e-06 9.814058e-05
Algorithm converged after  2  iterations.
[1] 4.941750e-05 4.906145e-05 9.814058e-05 2.462949e-05
Algorithm converged after  2  iterations.
[1] 0.0004653253
Algorithm converged after  2  iterations.
[1] 4.653253e-04 1.373949e-05
Algorithm converged after  7  iterations.
[1] 4.653253e-04 3.226949e-05
Algorithm converged after  7  iterations.
[1] 4.653253e-04 7.812887e-05
[1] 0.0005596927 0.0001550407
Algorithm converged after  11  iterations.
[1] 4.653253e-04 1.373949e-05 7.087006e-06
Algorithm converged after  8  iterations.
[1] 4.653253e-04 3.226949e-05 4.266794e-06
Algorithm converged after  9  iterations.
[1] 4.653253e-04 7.812887e-05 9.633683e-06
Algorithm converged after  9  iterations.
[1] 4.653253e-04 1.373949e-05 3.226949e-05
Algorithm converged after  9  iterations.
[1] 4.653253e-04 1.373949e-05 7.812887e-05
Algorithm converged after  9  iterations.
[1] 4.653253e-04 3.226949e-05 7.812887e-05
Algorithm converged after  9  iterations.
[1] 4.653253e-04 1.373949e-05 7.087006e-06 3.226949e-05
Algorithm converged after  9  iterations.
[1] 4.653253e-04 1.373949e-05 7.087006e-06 7.812887e-05
Algorithm converged after  10  iterations.
[1] 4.653253e-04 1.373949e-05 3.226949e-05 4.266794e-06
Algorithm converged after  10  iterations.
[1] 4.653253e-04 1.373949e-05 7.812887e-05 9.633683e-06
[1] 8.180720e-04 2.054417e-05 1.152509e-04 1.412478e-05
Algorithm converged after  12  iterations.
[1] 4.653253e-04 3.226949e-05 4.266794e-06 7.812887e-05
Algorithm converged after  10  iterations.
[1] 4.653253e-04 3.226949e-05 7.812887e-05 9.633683e-06
[1] 7.888331e-04 4.253596e-05 1.108962e-04 1.380333e-05
Algorithm converged after  11  iterations.
[1] 4.653253e-04 1.373949e-05 3.226949e-05 7.812887e-05
Algorithm converged after  9  iterations.
[1] 4.653253e-04 2.906108e-05
Algorithm converged after  2  iterations.
[1] 4.653253e-04 2.906108e-05 1.397014e-05
Algorithm converged after  7  iterations.
[1] 4.653253e-04 2.906108e-05 4.122847e-05
Algorithm converged after  9  iterations.
[1] 4.653253e-04 2.906108e-05 1.274179e-05
[1] 0.0006170892 0.0001179949 0.0007344115
[1] 0.0006224151 0.0001187048 0.0007526053
[1] 0.0006225254 0.0001187195 0.0007529847
Algorithm converged after  36  iterations.
[1] 4.653253e-04 2.906108e-05 1.397014e-05 3.200891e-06
[1] 5.166488e-04 2.852398e-05 1.601633e-05 4.476918e-06
Algorithm converged after  13  iterations.
[1] 4.653253e-04 2.906108e-05 4.122847e-05 4.499775e-06
[1] 5.021343e-04 4.761630e-05 4.395165e-05 7.772517e-06
Algorithm converged after  11  iterations.
[1] 4.653253e-04 2.906108e-05 1.274179e-05 6.828959e-06
[1] 4.316341e-04 5.269323e-05 3.704908e-05 1.518976e-05
Algorithm converged after  19  iterations.
[1] 4.653253e-04 2.906108e-05 1.397014e-05 4.122847e-05
[1] 6.080361e-04 4.257314e-05 3.155978e-05 7.100804e-05
Algorithm converged after  18  iterations.
[1] 4.653253e-04 2.906108e-05 1.397014e-05 1.274179e-05
[1] 5.000646e-04 5.902724e-05 3.598436e-05 1.441584e-04
[1] 5.000543e-04 5.920353e-05 3.604177e-05 1.450290e-04
Algorithm converged after  28  iterations.
[1] 4.653253e-04 2.906108e-05 4.122847e-05 1.274179e-05
[1] 5.344750e-04 8.897273e-05 1.063334e-04 3.846708e-04
[1] 0.0005358356 0.0000915131 0.0001079759 0.0004030944
[1] 5.358907e-04 9.161364e-05 1.080410e-04 4.038272e-04
[1] 5.358929e-04 9.161763e-05 1.080436e-04 4.038562e-04
Algorithm converged after  42  iterations.
numeric(0)
Algorithm converged after  1  iterations.
[1] 3.195259e-05
Algorithm converged after  2  iterations.
[1] 4.680916e-05
Algorithm converged after  2  iterations.
[1] 0.0001230113
Algorithm converged after  2  iterations.
[1] 3.195259e-05 6.122982e-06
Algorithm converged after  2  iterations.
[1] 4.680916e-05 4.083736e-06
Algorithm converged after  2  iterations.
[1] 1.230113e-04 4.700816e-05
Algorithm converged after  2  iterations.
[1] 3.195259e-05 4.680916e-05
Algorithm converged after  2  iterations.
[1] 3.195259e-05 1.230113e-04
Algorithm converged after  2  iterations.
[1] 4.680916e-05 1.230113e-04
Algorithm converged after  2  iterations.
[1] 3.195259e-05 6.122982e-06 4.680916e-05
Algorithm converged after  2  iterations.
[1] 3.195259e-05 6.122982e-06 1.230113e-04
Algorithm converged after  2  iterations.
[1] 3.195259e-05 4.680916e-05 4.083736e-06
Algorithm converged after  2  iterations.
[1] 3.195259e-05 1.230113e-04 4.700816e-05
Algorithm converged after  2  iterations.
[1] 4.680916e-05 4.083736e-06 1.230113e-04
Algorithm converged after  2  iterations.
[1] 4.680916e-05 1.230113e-04 4.700816e-05
Algorithm converged after  2  iterations.
[1] 3.195259e-05 4.680916e-05 1.230113e-04
Algorithm converged after  2  iterations.
[1] 3.195259e-05 6.122982e-06 4.680916e-05 4.083736e-06
Algorithm converged after  2  iterations.
[1] 3.195259e-05 6.122982e-06 1.230113e-04 4.700816e-05
Algorithm converged after  2  iterations.
[1] 4.680916e-05 4.083736e-06 1.230113e-04 4.700816e-05
Algorithm converged after  2  iterations.
[1] 3.195259e-05 6.122982e-06 4.680916e-05 1.230113e-04
Algorithm converged after  2  iterations.
[1] 3.195259e-05 4.680916e-05 4.083736e-06 1.230113e-04
Algorithm converged after  2  iterations.
[1] 3.195259e-05 4.680916e-05 1.230113e-04 4.700816e-05
Algorithm converged after  2  iterations.
[1] 0.0003604826
Algorithm converged after  2  iterations.
[1] 3.604826e-04 3.807911e-05
Algorithm converged after  9  iterations.
[1] 3.604826e-04 4.400063e-05
Algorithm converged after  7  iterations.
[1] 3.604826e-04 1.397379e-05
[1] 0.0004427841 0.0003134457
Algorithm converged after  12  iterations.
[1] 3.604826e-04 3.807911e-05 6.689407e-06
[1] 5.733637e-04 4.896897e-05 8.001196e-06
Algorithm converged after  11  iterations.
[1] 3.604826e-04 4.400063e-05 4.357228e-06
[1] 4.243569e-04 4.739717e-05 4.751014e-06
Algorithm converged after  11  iterations.
[1] 3.604826e-04 1.397379e-05 1.138912e-05
[1] 5.346728e-04 2.553767e-05 1.217728e-05
Algorithm converged after  15  iterations.
[1] 3.604826e-04 3.807911e-05 4.400063e-05
[1] 6.206326e-04 5.760262e-05 6.345153e-05
Algorithm converged after  11  iterations.
[1] 3.604826e-04 3.807911e-05 1.397379e-05
[1] 4.553927e-04 4.208052e-05 1.636437e-05
[1] 4.554167e-04 4.207999e-05 1.636687e-05
Algorithm converged after  21  iterations.
[1] 3.604826e-04 4.400063e-05 1.397379e-05
[1] 4.446158e-04 4.811793e-05 1.651467e-05
Algorithm converged after  14  iterations.
[1] 3.604826e-04 3.807911e-05 6.689407e-06 4.400063e-05
[1] 7.505706e-04 5.750774e-05 8.847876e-06 6.521361e-05
Algorithm converged after  13  iterations.
[1] 3.604826e-04 3.807911e-05 6.689407e-06 1.397379e-05
[1] 7.559974e-04 5.795291e-05 8.979284e-06 2.015765e-05
Algorithm converged after  16  iterations.
[1] 3.604826e-04 3.807911e-05 4.400063e-05 4.357228e-06
[1] 5.714880e-04 5.114357e-05 5.614268e-05 4.481776e-06
Algorithm converged after  14  iterations.
[1] 3.604826e-04 3.807911e-05 1.397379e-05 1.138912e-05
[1] 7.141544e-04 5.918303e-05 1.896959e-05 1.563497e-05
Algorithm converged after  14  iterations.
[1] 3.604826e-04 4.400063e-05 4.357228e-06 1.397379e-05
[1] 4.136911e-04 4.628999e-05 4.874149e-06 1.683735e-05
Algorithm converged after  11  iterations.
[1] 3.604826e-04 4.400063e-05 1.397379e-05 1.138912e-05
[1] 6.838780e-04 6.263913e-05 1.749364e-05 1.429680e-05
Algorithm converged after  13  iterations.
[1] 3.604826e-04 3.807911e-05 4.400063e-05 1.397379e-05
[1] 7.438335e-04 7.080435e-05 7.495647e-05 3.745924e-05
Algorithm converged after  19  iterations.
[1] 0.0003604826 0.0001004944
Algorithm converged after  2  iterations.
[1] 3.604826e-04 1.004944e-04 4.447431e-06
[1] 4.078142e-04 1.092981e-04 7.922839e-06
Algorithm converged after  11  iterations.
[1] 3.604826e-04 1.004944e-04 6.594076e-06
[1] 3.837136e-04 1.236679e-04 8.763442e-06
Algorithm converged after  15  iterations.
[1] 0.0003604826 0.0001004944 0.0000560455
[1] 0.0008418249 0.0002141669 0.0002462109
[1] 0.0008027156 0.0002038009 0.0002358863
[1] 0.0007876466 0.0001997594 0.0002318592
[1] 0.0007814768 0.0001981003 0.0002301984
[1] 0.0007788652 0.0001973975 0.0002294932
[1] 0.0007777439 0.0001970956 0.0002291900
[1] 0.0007772595 0.0001969651 0.0002290589
[1] 0.0007770496 0.0001969086 0.0002290021
[1] 0.0007769586 0.0001968841 0.0002289775
[1] 0.0007769191 0.0001968734 0.0002289668
[1] 0.0007769020 0.0001968688 0.0002289622
Algorithm converged after  117  iterations.
[1] 3.604826e-04 1.004944e-04 4.447431e-06 2.008991e-06
[1] 3.400191e-04 1.101036e-04 4.585919e-06 2.003125e-06
Algorithm converged after  17  iterations.
[1] 3.604826e-04 1.004944e-04 6.594076e-06 2.193534e-06
[1] 4.467846e-04 1.506276e-04 8.896145e-06 1.889371e-06
[1] 4.588780e-04 1.568880e-04 8.726494e-06 1.857361e-06
Algorithm converged after  26  iterations.
[1] 3.604826e-04 1.004944e-04 5.604550e-05 5.230478e-06
[1] 9.086775e-04 2.200384e-04 2.461346e-04 1.170388e-05
[1] 9.144812e-04 2.204949e-04 2.505647e-04 1.202574e-05
[1] 0.0009155898 0.0002208264 0.0002514161 0.0000120895
[1] 9.158166e-04 2.209052e-04 2.515874e-04 1.210215e-05
[1] 9.158623e-04 2.209217e-04 2.516219e-04 1.210467e-05
[1] 9.158715e-04 2.209250e-04 2.516288e-04 1.210518e-05
Algorithm converged after  65  iterations.
[1] 3.604826e-04 1.004944e-04 4.447431e-06 6.594076e-06
[1] 3.425820e-04 1.094992e-04 4.987188e-06 8.187645e-06
Algorithm converged after  12  iterations.
[1] 3.604826e-04 1.004944e-04 4.447431e-06 5.604550e-05
[1] 1.874958e-03 4.386870e-04 1.842243e-05 4.557681e-04
[1] 1.954363e-03 4.514792e-04 1.905581e-05 4.718231e-04
[1] 1.959331e-03 4.523056e-04 1.909596e-05 4.728378e-04
[1] 1.959677e-03 4.523638e-04 1.909877e-05 4.729088e-04
Algorithm converged after  47  iterations.
[1] 3.604826e-04 1.004944e-04 6.594076e-06 5.604550e-05
[1] 5.283256e-04 9.017219e-05 2.207935e-05 9.498235e-04
[1] 5.304288e-04 9.089604e-05 2.251805e-05 9.569600e-04
Algorithm converged after  29  iterations.
numeric(0)
Algorithm converged after  1  iterations.
[1] 4.365985e-05
Algorithm converged after  2  iterations.
[1] 6.544398e-05
Algorithm converged after  2  iterations.
[1] 0.0001140889
Algorithm converged after  2  iterations.
[1] 4.365985e-05 1.200613e-05
Algorithm converged after  2  iterations.
[1] 6.544398e-05 4.530156e-06
Algorithm converged after  2  iterations.
[1] 1.140889e-04 5.440604e-05
Algorithm converged after  2  iterations.
[1] 4.365985e-05 6.544398e-05
Algorithm converged after  2  iterations.
[1] 4.365985e-05 1.140889e-04
Algorithm converged after  2  iterations.
[1] 6.544398e-05 1.140889e-04
Algorithm converged after  2  iterations.
[1] 4.365985e-05 1.200613e-05 6.544398e-05
Algorithm converged after  2  iterations.
[1] 4.365985e-05 1.200613e-05 1.140889e-04
Algorithm converged after  2  iterations.
[1] 4.365985e-05 6.544398e-05 4.530156e-06
Algorithm converged after  2  iterations.
[1] 4.365985e-05 1.140889e-04 5.440604e-05
Algorithm converged after  2  iterations.
[1] 6.544398e-05 4.530156e-06 1.140889e-04
Algorithm converged after  2  iterations.
[1] 6.544398e-05 1.140889e-04 5.440604e-05
Algorithm converged after  2  iterations.
[1] 4.365985e-05 6.544398e-05 1.140889e-04
Algorithm converged after  2  iterations.
[1] 4.365985e-05 1.200613e-05 6.544398e-05 4.530156e-06
Algorithm converged after  2  iterations.
[1] 4.365985e-05 1.200613e-05 1.140889e-04 5.440604e-05
Algorithm converged after  2  iterations.
[1] 6.544398e-05 4.530156e-06 1.140889e-04 5.440604e-05
Algorithm converged after  2  iterations.
[1] 4.365985e-05 1.200613e-05 6.544398e-05 1.140889e-04
Algorithm converged after  2  iterations.
[1] 4.365985e-05 6.544398e-05 4.530156e-06 1.140889e-04
Algorithm converged after  2  iterations.
[1] 4.365985e-05 6.544398e-05 1.140889e-04 5.440604e-05
Algorithm converged after  2  iterations.
[1] 0.0004844528
Algorithm converged after  2  iterations.
[1] 4.844528e-04 2.517628e-05
Algorithm converged after  8  iterations.
[1] 4.844528e-04 4.101161e-05
Algorithm converged after  7  iterations.
[1] 4.844528e-04 8.538984e-05
Algorithm converged after  10  iterations.
[1] 4.844528e-04 2.517628e-05 8.363304e-06
Algorithm converged after  9  iterations.
[1] 4.844528e-04 4.101161e-05 4.076746e-06
Algorithm converged after  9  iterations.
[1] 4.844528e-04 8.538984e-05 1.335982e-05
Algorithm converged after  9  iterations.
[1] 4.844528e-04 2.517628e-05 4.101161e-05
Algorithm converged after  9  iterations.
[1] 4.844528e-04 2.517628e-05 8.538984e-05
Algorithm converged after  8  iterations.
[1] 4.844528e-04 4.101161e-05 8.538984e-05
Algorithm converged after  8  iterations.
[1] 4.844528e-04 2.517628e-05 8.363304e-06 4.101161e-05
[1] 7.678169e-04 3.325098e-05 9.826566e-06 5.088121e-05
Algorithm converged after  11  iterations.
[1] 4.844528e-04 2.517628e-05 8.363304e-06 8.538984e-05
Algorithm converged after  10  iterations.
[1] 4.844528e-04 2.517628e-05 4.101161e-05 4.076746e-06
[1] 6.375640e-04 3.070805e-05 4.683439e-05 4.240421e-06
Algorithm converged after  11  iterations.
[1] 4.844528e-04 2.517628e-05 8.538984e-05 1.335982e-05
[1] 8.705069e-04 3.706787e-05 1.159021e-04 1.934826e-05
Algorithm converged after  12  iterations.
[1] 4.844528e-04 4.101161e-05 4.076746e-06 8.538984e-05
Algorithm converged after  10  iterations.
[1] 4.844528e-04 4.101161e-05 8.538984e-05 1.335982e-05
[1] 8.302536e-04 5.409009e-05 1.114920e-04 1.881246e-05
Algorithm converged after  11  iterations.
[1] 4.844528e-04 2.517628e-05 4.101161e-05 8.538984e-05
Algorithm converged after  9  iterations.
[1] 4.844528e-04 3.907058e-05
Algorithm converged after  2  iterations.
[1] 4.844528e-04 3.907058e-05 5.123058e-06
[1] 5.249084e-04 6.629233e-05 9.706526e-06
[1] 5.246981e-04 6.541802e-05 9.698157e-06
[1] 5.246885e-04 6.538841e-05 9.697763e-06
[1] 5.246882e-04 6.538743e-05 9.697750e-06
Algorithm converged after  42  iterations.
[1] 4.844528e-04 3.907058e-05 9.593985e-06
Algorithm converged after  10  iterations.
[1] 4.844528e-04 3.907058e-05 3.159516e-04
[1] 0.0006625496 0.0001166873 0.0008686039
[1] 0.0006626799 0.0001167492 0.0008690975
Algorithm converged after  21  iterations.
[1] 4.844528e-04 3.907058e-05 5.123058e-06 2.229097e-06
[1] 5.730839e-04 7.046106e-05 4.262663e-05 6.378681e-06
Algorithm converged after  13  iterations.
[1] 4.844528e-04 3.907058e-05 9.593985e-06 3.717128e-06
Algorithm converged after  10  iterations.
[1] 4.844528e-04 3.907058e-05 3.159516e-04 6.335528e-06
[1] 6.262997e-04 1.299704e-04 7.987717e-04 1.696388e-05
[1] 6.264478e-04 1.300594e-04 7.993150e-04 1.697646e-05
Algorithm converged after  22  iterations.
[1] 4.844528e-04 3.907058e-05 5.123058e-06 9.593985e-06
[1] 6.100812e-04 3.346780e-05 1.055905e-05 2.975638e-05
Algorithm converged after  18  iterations.
[1] 4.844528e-04 3.907058e-05 5.123058e-06 3.159516e-04
[1] 6.615488e-04 1.533077e-04 2.298705e-05 1.110459e-03
[1] 6.625566e-04 1.539527e-04 2.315318e-05 1.115559e-03
Algorithm converged after  28  iterations.
[1] 4.844528e-04 3.907058e-05 9.593985e-06 3.159516e-04
[1] 6.695049e-04 1.467613e-04 1.277869e-05 1.050390e-03
[1] 6.717403e-04 1.478689e-04 1.290002e-05 1.058872e-03
Algorithm converged after  25  iterations.
Warning messages:
1: In max(abs(CT), na.rm = T) :
  no non-missing arguments to max; returning -Inf
2: In max(abs(CT), na.rm = T) :
  no non-missing arguments to max; returning -Inf
3: In max(abs(CT), na.rm = T) :
  no non-missing arguments to max; returning -Inf
4: In max(abs(CT), na.rm = T) :
  no non-missing arguments to max; returning -Inf
5: In max(abs(CT), na.rm = T) :
  no non-missing arguments to max; returning -Inf
6: In max(abs(CT), na.rm = T) :
  no non-missing arguments to max; returning -Inf
7: In max(abs(CT), na.rm = T) :
  no non-missing arguments to max; returning -Inf
8: In max(abs(CT), na.rm = T) :
  no non-missing arguments to max; returning -Inf
9: In max(abs(CT), na.rm = T) :
  no non-missing arguments to max; returning -Inf
10: In max(abs(CT), na.rm = T) :
  no non-missing arguments to max; returning -Inf
[1] "Best iter parameter is:"
   gam  rankJ rankA1 rankA2 rankA3 
     1      2      1      0      0 
[1] 4.329147e-04 2.950177e-05 4.773051e-06
[1] 5.187407e-04 2.394158e-05 1.713773e-05
[1] 5.187945e-04 2.402388e-05 1.719808e-05
[1] 5.187951e-04 2.402463e-05 1.719864e-05
Algorithm converged after  31  iterations.
        [,1]     [,2]     [,3]
[1,] 8.43157 10.60417 38.89937
