myseed=8423 

Attaching package: ‘pls’

The following object is masked from ‘package:stats’:

    loadings

Loading required package: lattice
Loading required package: ggplot2
Registered S3 methods overwritten by 'ggplot2':
  method         from 
  [.quosures     rlang
  c.quosures     rlang
  print.quosures rlang

Attaching package: ‘caret’

The following object is masked from ‘package:pls’:

    R2

Loading required package: Matrix
Loading required package: foreach
Loaded glmnet 2.0-18

Parsed with column specification:
cols(
  .default = col_double()
)
See spec(...) for full column specifications.
Parsed with column specification:
cols(
  X1 = col_double()
)
Parsed with column specification:
cols(
  X1 = col_double()
)
numeric(0)
Algorithm converged after  1  iterations.
[1] 4.761086e-05
Algorithm converged after  2  iterations.
[1] 4.771266e-05
Algorithm converged after  2  iterations.
[1] 9.791016e-05
Algorithm converged after  2  iterations.
[1] 4.761086e-05 8.793067e-06
Algorithm converged after  2  iterations.
[1] 4.771266e-05 9.200599e-06
Algorithm converged after  2  iterations.
[1] 9.791016e-05 2.602882e-05
Algorithm converged after  2  iterations.
[1] 4.761086e-05 4.771266e-05
Algorithm converged after  2  iterations.
[1] 4.761086e-05 9.791016e-05
Algorithm converged after  2  iterations.
[1] 4.771266e-05 9.791016e-05
Algorithm converged after  2  iterations.
[1] 4.761086e-05 8.793067e-06 4.771266e-05
Algorithm converged after  2  iterations.
[1] 4.761086e-05 8.793067e-06 9.791016e-05
Algorithm converged after  2  iterations.
[1] 4.761086e-05 4.771266e-05 9.200599e-06
Algorithm converged after  2  iterations.
[1] 4.761086e-05 9.791016e-05 2.602882e-05
Algorithm converged after  2  iterations.
[1] 4.771266e-05 9.200599e-06 9.791016e-05
Algorithm converged after  2  iterations.
[1] 4.771266e-05 9.791016e-05 2.602882e-05
Algorithm converged after  2  iterations.
[1] 4.761086e-05 4.771266e-05 9.791016e-05
Algorithm converged after  2  iterations.
[1] 4.761086e-05 8.793067e-06 4.771266e-05 9.200599e-06
Algorithm converged after  2  iterations.
[1] 4.761086e-05 8.793067e-06 9.791016e-05 2.602882e-05
Algorithm converged after  2  iterations.
[1] 4.771266e-05 9.200599e-06 9.791016e-05 2.602882e-05
Algorithm converged after  2  iterations.
[1] 4.761086e-05 8.793067e-06 4.771266e-05 9.791016e-05
Algorithm converged after  2  iterations.
[1] 4.761086e-05 4.771266e-05 9.200599e-06 9.791016e-05
Algorithm converged after  2  iterations.
[1] 4.761086e-05 4.771266e-05 9.791016e-05 2.602882e-05
Algorithm converged after  2  iterations.
[1] 0.0004380679
Algorithm converged after  2  iterations.
[1] 4.380679e-04 1.438534e-05
Algorithm converged after  8  iterations.
[1] 4.380679e-04 1.806936e-05
Algorithm converged after  8  iterations.
[1] 0.0004380679 0.0001836200
[1] 0.0006285442 0.0003199260
Algorithm converged after  13  iterations.
[1] 4.380679e-04 1.438534e-05 8.001121e-06
Algorithm converged after  8  iterations.
[1] 4.380679e-04 1.806936e-05 4.522306e-06
Algorithm converged after  8  iterations.
[1] 4.380679e-04 1.836200e-04 8.816744e-06
[1] 0.0007446285 0.0002625245 0.0000130213
Algorithm converged after  11  iterations.
[1] 4.380679e-04 1.438534e-05 1.806936e-05
Algorithm converged after  10  iterations.
[1] 4.380679e-04 1.438534e-05 1.836200e-04
[1] 6.662842e-04 1.649267e-05 2.747481e-04
Algorithm converged after  11  iterations.
[1] 4.380679e-04 1.806936e-05 1.836200e-04
[1] 6.283522e-04 1.815969e-05 2.746303e-04
Algorithm converged after  11  iterations.
[1] 4.380679e-04 1.438534e-05 8.001121e-06 1.806936e-05
Algorithm converged after  8  iterations.
[1] 4.380679e-04 1.438534e-05 8.001121e-06 1.836200e-04
[1] 8.129673e-04 1.915456e-05 1.049655e-05 3.081520e-04
Algorithm converged after  12  iterations.
[1] 4.380679e-04 1.438534e-05 1.806936e-05 4.522306e-06
Algorithm converged after  6  iterations.
[1] 4.380679e-04 1.438534e-05 1.836200e-04 8.816744e-06
[1] 8.524037e-04 2.086006e-05 3.025158e-04 1.415822e-05
Algorithm converged after  13  iterations.
[1] 4.380679e-04 1.806936e-05 4.522306e-06 1.836200e-04
[1] 6.365468e-04 2.000998e-05 5.148458e-06 2.677839e-04
Algorithm converged after  11  iterations.
[1] 4.380679e-04 1.806936e-05 1.836200e-04 8.816744e-06
[1] 7.944534e-04 2.327790e-05 2.844391e-04 1.343897e-05
Algorithm converged after  13  iterations.
[1] 4.380679e-04 1.438534e-05 1.806936e-05 1.836200e-04
Algorithm converged after  10  iterations.
[1] 0.0004380679 0.0000812165
Algorithm converged after  2  iterations.
[1] 4.380679e-04 8.121650e-05 2.878671e-05
[1] 5.328498e-04 2.220518e-05 4.898317e-05
Algorithm converged after  20  iterations.
[1] 0.0004380679 0.0000812165 0.0000293913
[1] 5.103586e-04 2.859315e-05 4.805055e-05
Algorithm converged after  20  iterations.
[1] 4.380679e-04 8.121650e-05 8.290075e-06
[1] 1.242806e-03 3.096288e-04 8.041343e-05
[1] 1.228282e-03 3.306560e-04 7.995606e-05
[1] 1.219891e-03 3.297229e-04 7.947689e-05
[1] 1.219742e-03 3.296931e-04 7.946837e-05
Algorithm converged after  41  iterations.
[1] 4.380679e-04 8.121650e-05 2.878671e-05 4.035224e-06
[1] 5.368292e-04 5.342212e-05 4.190863e-05 4.899072e-06
Algorithm converged after  12  iterations.
[1] 4.380679e-04 8.121650e-05 2.939130e-05 3.737304e-06
[1] 4.729463e-04 4.931184e-05 4.388063e-05 4.469318e-06
Algorithm converged after  15  iterations.
[1] 4.380679e-04 8.121650e-05 8.290075e-06 5.030192e-06
[1] 4.001298e-04 8.241391e-05 1.272652e-05 5.594209e-06
[1] 4.001555e-04 8.243508e-05 1.273186e-05 5.594004e-06
Algorithm converged after  21  iterations.
[1] 4.380679e-04 8.121650e-05 2.878671e-05 2.939130e-05
[1] 6.430136e-04 3.872248e-05 8.611861e-05 8.746047e-05
Algorithm converged after  12  iterations.
[1] 4.380679e-04 8.121650e-05 2.878671e-05 8.290075e-06
Algorithm converged after  10  iterations.
[1] 4.380679e-04 8.121650e-05 2.939130e-05 8.290075e-06
[1] 5.061759e-04 9.562996e-05 3.204164e-05 9.092194e-06
Algorithm converged after  12  iterations.
numeric(0)
Algorithm converged after  1  iterations.
[1] 6.125402e-05
Algorithm converged after  2  iterations.
[1] 8.031679e-05
Algorithm converged after  2  iterations.
[1] 0.0001161882
Algorithm converged after  2  iterations.
[1] 6.125402e-05 2.086536e-05
Algorithm converged after  2  iterations.
[1] 8.031679e-05 1.233593e-05
Algorithm converged after  2  iterations.
[1] 1.161882e-04 5.945703e-05
Algorithm converged after  2  iterations.
[1] 6.125402e-05 8.031679e-05
Algorithm converged after  2  iterations.
[1] 6.125402e-05 1.161882e-04
Algorithm converged after  2  iterations.
[1] 8.031679e-05 1.161882e-04
Algorithm converged after  2  iterations.
[1] 6.125402e-05 2.086536e-05 8.031679e-05
Algorithm converged after  2  iterations.
[1] 6.125402e-05 2.086536e-05 1.161882e-04
Algorithm converged after  2  iterations.
[1] 6.125402e-05 8.031679e-05 1.233593e-05
Algorithm converged after  2  iterations.
[1] 6.125402e-05 1.161882e-04 5.945703e-05
Algorithm converged after  2  iterations.
[1] 8.031679e-05 1.233593e-05 1.161882e-04
Algorithm converged after  2  iterations.
[1] 8.031679e-05 1.161882e-04 5.945703e-05
Algorithm converged after  2  iterations.
[1] 6.125402e-05 8.031679e-05 1.161882e-04
Algorithm converged after  2  iterations.
[1] 6.125402e-05 2.086536e-05 8.031679e-05 1.233593e-05
Algorithm converged after  2  iterations.
[1] 6.125402e-05 2.086536e-05 1.161882e-04 5.945703e-05
Algorithm converged after  2  iterations.
[1] 8.031679e-05 1.233593e-05 1.161882e-04 5.945703e-05
Algorithm converged after  2  iterations.
[1] 6.125402e-05 2.086536e-05 8.031679e-05 1.161882e-04
Algorithm converged after  2  iterations.
[1] 6.125402e-05 8.031679e-05 1.233593e-05 1.161882e-04
Algorithm converged after  2  iterations.
[1] 6.125402e-05 8.031679e-05 1.161882e-04 5.945703e-05
Algorithm converged after  2  iterations.
[1] 0.0005243509
Algorithm converged after  2  iterations.
[1] 5.243509e-04 2.009443e-05
Algorithm converged after  7  iterations.
[1] 5.243509e-04 7.247567e-05
Algorithm converged after  7  iterations.
[1] 5.243509e-04 3.102407e-05
Algorithm converged after  8  iterations.
[1] 5.243509e-04 2.009443e-05 1.086280e-05
Algorithm converged after  9  iterations.
[1] 5.243509e-04 7.247567e-05 5.247752e-06
[1] 6.443074e-04 7.746928e-05 5.582323e-06
Algorithm converged after  17  iterations.
[1] 5.243509e-04 3.102407e-05 1.114193e-05
Algorithm converged after  9  iterations.
[1] 5.243509e-04 2.009443e-05 7.247567e-05
Algorithm converged after  10  iterations.
[1] 5.243509e-04 2.009443e-05 3.102407e-05
Algorithm converged after  7  iterations.
[1] 5.243509e-04 7.247567e-05 3.102407e-05
Algorithm converged after  7  iterations.
[1] 5.243509e-04 2.009443e-05 1.086280e-05 7.247567e-05
[1] 8.849278e-04 2.910714e-05 1.347389e-05 8.860534e-05
Algorithm converged after  11  iterations.
[1] 5.243509e-04 2.009443e-05 1.086280e-05 3.102407e-05
Algorithm converged after  10  iterations.
[1] 5.243509e-04 2.009443e-05 7.247567e-05 5.247752e-06
[1] 8.394093e-04 2.861130e-05 8.690618e-05 5.668760e-06
Algorithm converged after  12  iterations.
[1] 5.243509e-04 2.009443e-05 3.102407e-05 1.114193e-05
[1] 8.212729e-04 2.853572e-05 3.337937e-05 1.396269e-05
Algorithm converged after  11  iterations.
[1] 5.243509e-04 7.247567e-05 5.247752e-06 3.102407e-05
[1] 6.533440e-04 7.742968e-05 5.622573e-06 4.032970e-05
Algorithm converged after  14  iterations.
[1] 5.243509e-04 7.247567e-05 3.102407e-05 1.114193e-05
[1] 8.015906e-04 8.683346e-05 3.321992e-05 1.389761e-05
Algorithm converged after  11  iterations.
[1] 5.243509e-04 2.009443e-05 7.247567e-05 3.102407e-05
Algorithm converged after  9  iterations.
[1] 0.0005243509 0.0000743687
Algorithm converged after  2  iterations.
[1] 5.243509e-04 7.436870e-05 9.196048e-06
[1] 6.572820e-04 6.501052e-05 2.230619e-05
Algorithm converged after  12  iterations.
[1] 5.243509e-04 7.436870e-05 1.571763e-05
[1] 6.336872e-04 1.590782e-04 2.867787e-05
[1] 6.341046e-04 1.593096e-04 2.868979e-05
Algorithm converged after  25  iterations.
[1] 0.0005243509 0.0000743687 0.0001372903
[1] 8.726750e-04 7.468529e-05 1.059122e-03
[1] 8.734835e-04 7.482104e-05 1.060956e-03
Algorithm converged after  24  iterations.
[1] 5.243509e-04 7.436870e-05 9.196048e-06 4.540822e-06
[1] 4.923128e-04 7.877959e-05 1.061867e-05 4.851770e-06
Algorithm converged after  11  iterations.
[1] 5.243509e-04 7.436870e-05 1.571763e-05 4.425234e-06
[1] 5.301320e-04 9.347934e-05 2.194174e-05 4.531350e-06
[1] 5.300084e-04 9.343355e-05 2.192744e-05 4.528059e-06
Algorithm converged after  30  iterations.
[1] 5.243509e-04 7.436870e-05 1.372903e-04 6.753538e-06
[1] 1.014716e-03 7.364465e-05 1.170387e-03 1.190970e-05
[1] 1.017962e-03 7.406949e-05 1.176730e-03 1.194581e-05
Algorithm converged after  28  iterations.
[1] 5.243509e-04 7.436870e-05 9.196048e-06 1.571763e-05
[1] 5.181816e-04 9.198811e-05 7.855744e-06 1.953674e-05
Algorithm converged after  19  iterations.
[1] 5.243509e-04 7.436870e-05 9.196048e-06 1.372903e-04
[1] 1.125397e-03 8.678915e-05 1.124693e-04 1.431927e-03
[1] 1.129664e-03 8.752854e-05 1.132587e-04 1.439517e-03
Algorithm converged after  26  iterations.
[1] 5.243509e-04 7.436870e-05 1.571763e-05 1.372903e-04
[1] 8.745988e-04 3.337799e-05 6.631835e-06 8.072820e-04
[1] 9.045474e-04 3.497064e-05 6.564746e-06 8.544478e-04
[1] 9.096848e-04 3.526780e-05 6.567204e-06 8.622176e-04
[1] 9.111112e-04 3.534955e-05 6.568084e-06 8.643847e-04
[1] 9.115628e-04 3.537536e-05 6.568379e-06 8.650718e-04
[1] 9.117117e-04 3.538386e-05 6.568479e-06 8.652984e-04
[1] 9.117614e-04 3.538670e-05 6.568512e-06 8.653741e-04
[1] 9.117781e-04 3.538765e-05 6.568523e-06 8.653995e-04
Algorithm converged after  86  iterations.
numeric(0)
Algorithm converged after  1  iterations.
[1] 4.30665e-05
Algorithm converged after  2  iterations.
[1] 7.903271e-05
Algorithm converged after  2  iterations.
[1] 0.0001174645
Algorithm converged after  2  iterations.
[1] 4.30665e-05 9.84667e-06
Algorithm converged after  2  iterations.
[1] 7.903271e-05 9.507087e-06
Algorithm converged after  2  iterations.
[1] 1.174645e-04 1.351711e-05
Algorithm converged after  2  iterations.
[1] 4.306650e-05 7.903271e-05
Algorithm converged after  2  iterations.
[1] 0.0000430665 0.0001174645
Algorithm converged after  2  iterations.
[1] 7.903271e-05 1.174645e-04
Algorithm converged after  2  iterations.
[1] 4.306650e-05 9.846670e-06 7.903271e-05
Algorithm converged after  2  iterations.
[1] 4.306650e-05 9.846670e-06 1.174645e-04
Algorithm converged after  2  iterations.
[1] 4.306650e-05 7.903271e-05 9.507087e-06
Algorithm converged after  2  iterations.
[1] 4.306650e-05 1.174645e-04 1.351711e-05
Algorithm converged after  2  iterations.
[1] 7.903271e-05 9.507087e-06 1.174645e-04
Algorithm converged after  2  iterations.
[1] 7.903271e-05 1.174645e-04 1.351711e-05
Algorithm converged after  2  iterations.
[1] 4.306650e-05 7.903271e-05 1.174645e-04
Algorithm converged after  2  iterations.
[1] 4.306650e-05 9.846670e-06 7.903271e-05 9.507087e-06
Algorithm converged after  2  iterations.
[1] 4.306650e-05 9.846670e-06 1.174645e-04 1.351711e-05
Algorithm converged after  2  iterations.
[1] 7.903271e-05 9.507087e-06 1.174645e-04 1.351711e-05
Algorithm converged after  2  iterations.
[1] 4.306650e-05 9.846670e-06 7.903271e-05 1.174645e-04
Algorithm converged after  2  iterations.
[1] 4.306650e-05 7.903271e-05 9.507087e-06 1.174645e-04
Algorithm converged after  2  iterations.
[1] 4.306650e-05 7.903271e-05 1.174645e-04 1.351711e-05
Algorithm converged after  2  iterations.
[1] 0.0005336706
Algorithm converged after  2  iterations.
[1] 5.336706e-04 1.417849e-05
Algorithm converged after  8  iterations.
[1] 5.336706e-04 2.083066e-05
Algorithm converged after  8  iterations.
[1] 0.0005336706 0.0001938839
[1] 0.0007676310 0.0003190766
Algorithm converged after  12  iterations.
[1] 5.336706e-04 1.417849e-05 9.677244e-06
Algorithm converged after  7  iterations.
[1] 5.336706e-04 2.083066e-05 5.412517e-06
Algorithm converged after  10  iterations.
[1] 5.336706e-04 1.938839e-04 1.010762e-05
[1] 8.838964e-04 2.723571e-04 1.331162e-05
Algorithm converged after  11  iterations.
[1] 5.336706e-04 1.417849e-05 2.083066e-05
Algorithm converged after  9  iterations.
[1] 5.336706e-04 1.417849e-05 1.938839e-04
[1] 8.885004e-04 1.638463e-05 3.120230e-04
Algorithm converged after  16  iterations.
[1] 5.336706e-04 2.083066e-05 1.938839e-04
[1] 7.620249e-04 2.043099e-05 2.829179e-04
Algorithm converged after  11  iterations.
[1] 5.336706e-04 1.417849e-05 9.677244e-06 2.083066e-05
Algorithm converged after  7  iterations.
[1] 5.336706e-04 1.417849e-05 9.677244e-06 1.938839e-04
[1] 9.434685e-04 1.716444e-05 1.112701e-05 3.270269e-04
Algorithm converged after  13  iterations.
[1] 5.336706e-04 1.417849e-05 2.083066e-05 5.412517e-06
Algorithm converged after  10  iterations.
[1] 5.336706e-04 1.417849e-05 1.938839e-04 1.010762e-05
[1] 1.071171e-03 1.878069e-05 3.297953e-04 1.455305e-05
Algorithm converged after  14  iterations.
[1] 5.336706e-04 2.083066e-05 5.412517e-06 1.938839e-04
Algorithm converged after  9  iterations.
[1] 5.336706e-04 2.083066e-05 1.938839e-04 1.010762e-05
[1] 9.225638e-04 2.475366e-05 2.850335e-04 1.347439e-05
Algorithm converged after  12  iterations.
[1] 5.336706e-04 1.417849e-05 2.083066e-05 1.938839e-04
[1] 8.659152e-04 1.701609e-05 2.376792e-05 2.817688e-04
Algorithm converged after  11  iterations.
[1] 5.336706e-04 9.357336e-05
Algorithm converged after  2  iterations.
[1] 5.336706e-04 9.357336e-05 2.492729e-05
[1] 6.227839e-04 2.466801e-05 4.298451e-05
Algorithm converged after  14  iterations.
[1] 5.336706e-04 9.357336e-05 2.440523e-05
[1] 6.071663e-04 2.968465e-05 4.676757e-05
[1] 6.071733e-04 2.967400e-05 4.676881e-05
Algorithm converged after  21  iterations.
[1] 5.336706e-04 9.357336e-05 1.034024e-05
[1] 9.471481e-04 2.330103e-04 4.152165e-05
[1] 1.097621e-03 2.568261e-04 4.618387e-05
[1] 1.216789e-03 2.802323e-04 4.941095e-05
[1] 1.265872e-03 2.951819e-04 5.051787e-05
[1] 1.270903e-03 2.995039e-04 5.051842e-05
[1] 1.270536e-03 3.003476e-04 5.046957e-05
[1] 1.270364e-03 3.005092e-04 5.045647e-05
[1] 1.270325e-03 3.005410e-04 5.045371e-05
[1] 1.270317e-03 3.005473e-04 5.045316e-05
Algorithm converged after  91  iterations.
[1] 5.336706e-04 9.357336e-05 2.492729e-05 4.627207e-06
[1] 6.139961e-04 6.247041e-05 3.397900e-05 5.406610e-06
Algorithm converged after  12  iterations.
[1] 5.336706e-04 9.357336e-05 2.440523e-05 4.922279e-06
[1] 6.320269e-04 2.666229e-05 4.438052e-05 6.202509e-06
[1] 6.312014e-04 2.739256e-05 4.543886e-05 6.123455e-06
[1] 6.312357e-04 2.737112e-05 4.546184e-05 6.111606e-06
[1] 6.312423e-04 2.736668e-05 4.546269e-05 6.110154e-06
[1] 6.312432e-04 2.736611e-05 4.546277e-05 6.109977e-06
[1] 6.312433e-04 2.736604e-05 4.546278e-05 6.109956e-06
Algorithm converged after  62  iterations.
[1] 5.336706e-04 9.357336e-05 1.034024e-05 6.471062e-06
[1] 4.627638e-04 9.179505e-05 1.437585e-05 7.126892e-06
Algorithm converged after  18  iterations.
[1] 5.336706e-04 9.357336e-05 2.492729e-05 2.440523e-05
[1] 6.616231e-04 1.483104e-05 5.066835e-05 5.738453e-05
Algorithm converged after  20  iterations.
[1] 5.336706e-04 9.357336e-05 2.492729e-05 1.034024e-05
Algorithm converged after  10  iterations.
[1] 5.336706e-04 9.357336e-05 2.440523e-05 1.034024e-05
[1] 6.114219e-04 1.245402e-04 2.463526e-05 1.303609e-05
Algorithm converged after  15  iterations.
numeric(0)
Algorithm converged after  1  iterations.
[1] 3.318631e-05
Algorithm converged after  2  iterations.
[1] 6.304974e-05
Algorithm converged after  2  iterations.
[1] 8.871581e-05
Algorithm converged after  2  iterations.
[1] 3.318631e-05 1.349853e-05
Algorithm converged after  2  iterations.
[1] 6.304974e-05 1.311270e-05
Algorithm converged after  2  iterations.
[1] 8.871581e-05 2.336740e-05
Algorithm converged after  2  iterations.
[1] 3.318631e-05 6.304974e-05
Algorithm converged after  2  iterations.
[1] 3.318631e-05 8.871581e-05
Algorithm converged after  2  iterations.
[1] 6.304974e-05 8.871581e-05
Algorithm converged after  2  iterations.
[1] 3.318631e-05 1.349853e-05 6.304974e-05
Algorithm converged after  2  iterations.
[1] 3.318631e-05 1.349853e-05 8.871581e-05
Algorithm converged after  2  iterations.
[1] 3.318631e-05 6.304974e-05 1.311270e-05
Algorithm converged after  2  iterations.
[1] 3.318631e-05 8.871581e-05 2.336740e-05
Algorithm converged after  2  iterations.
[1] 6.304974e-05 1.311270e-05 8.871581e-05
Algorithm converged after  2  iterations.
[1] 6.304974e-05 8.871581e-05 2.336740e-05
Algorithm converged after  2  iterations.
[1] 3.318631e-05 6.304974e-05 8.871581e-05
Algorithm converged after  2  iterations.
[1] 3.318631e-05 1.349853e-05 6.304974e-05 1.311270e-05
Algorithm converged after  2  iterations.
[1] 3.318631e-05 1.349853e-05 8.871581e-05 2.336740e-05
Algorithm converged after  2  iterations.
[1] 6.304974e-05 1.311270e-05 8.871581e-05 2.336740e-05
Algorithm converged after  2  iterations.
[1] 3.318631e-05 1.349853e-05 6.304974e-05 8.871581e-05
Algorithm converged after  2  iterations.
[1] 3.318631e-05 6.304974e-05 1.311270e-05 8.871581e-05
Algorithm converged after  2  iterations.
[1] 3.318631e-05 6.304974e-05 8.871581e-05 2.336740e-05
Algorithm converged after  2  iterations.
[1] 0.0003998093
Algorithm converged after  2  iterations.
[1] 0.0003998093 0.0000111452
Algorithm converged after  8  iterations.
[1] 3.998093e-04 2.875754e-05
Algorithm converged after  8  iterations.
[1] 0.0003998093 0.0001262052
[1] 0.0005311451 0.0002426343
Algorithm converged after  12  iterations.
[1] 3.998093e-04 1.114520e-05 8.001548e-06
Algorithm converged after  8  iterations.
[1] 3.998093e-04 2.875754e-05 5.315320e-06
[1] 4.071795e-04 2.880443e-05 5.556002e-06
Algorithm converged after  17  iterations.
[1] 3.998093e-04 1.262052e-04 9.753238e-06
Algorithm converged after  10  iterations.
[1] 3.998093e-04 1.114520e-05 2.875754e-05
Algorithm converged after  8  iterations.
[1] 0.0003998093 0.0000111452 0.0001262052
[1] 6.190419e-04 1.335559e-05 1.975037e-04
Algorithm converged after  11  iterations.
[1] 3.998093e-04 2.875754e-05 1.262052e-04
Algorithm converged after  10  iterations.
[1] 3.998093e-04 1.114520e-05 8.001548e-06 2.875754e-05
Algorithm converged after  9  iterations.
[1] 3.998093e-04 1.114520e-05 8.001548e-06 1.262052e-04
[1] 6.757450e-04 1.424216e-05 1.021115e-05 2.151523e-04
Algorithm converged after  11  iterations.
[1] 3.998093e-04 1.114520e-05 2.875754e-05 5.315320e-06
[1] 5.210112e-04 1.325581e-05 3.098914e-05 5.495672e-06
Algorithm converged after  13  iterations.
[1] 3.998093e-04 1.114520e-05 1.262052e-04 9.753238e-06
[1] 7.909195e-04 1.653837e-05 2.110972e-04 1.507044e-05
Algorithm converged after  12  iterations.
[1] 3.998093e-04 2.875754e-05 5.315320e-06 1.262052e-04
[1] 5.207611e-04 3.048923e-05 5.551121e-06 1.685553e-04
Algorithm converged after  17  iterations.
[1] 3.998093e-04 2.875754e-05 1.262052e-04 9.753238e-06
[1] 6.970130e-04 3.564169e-05 1.865925e-04 1.408324e-05
Algorithm converged after  12  iterations.
[1] 3.998093e-04 1.114520e-05 2.875754e-05 1.262052e-04
Algorithm converged after  10  iterations.
[1] 3.998093e-04 5.555111e-05
Algorithm converged after  2  iterations.
[1] 3.998093e-04 5.555111e-05 1.936721e-05
Algorithm converged after  9  iterations.
[1] 3.998093e-04 5.555111e-05 3.799378e-05
[1] 4.725777e-04 2.563078e-05 6.278628e-05
Algorithm converged after  20  iterations.
[1] 3.998093e-04 5.555111e-05 6.358808e-06
[1] 1.059255e-03 3.203982e-04 4.702522e-05
[1] 1.005739e-03 3.152264e-04 4.525421e-05
[1] 0.0010048202 0.0003150628 0.0000452232
Algorithm converged after  36  iterations.
[1] 3.998093e-04 5.555111e-05 1.936721e-05 4.514941e-06
[1] 4.584773e-04 5.286836e-05 2.663329e-05 5.090239e-06
Algorithm converged after  11  iterations.
[1] 3.998093e-04 5.555111e-05 3.799378e-05 5.257669e-06
[1] 4.956698e-04 2.681078e-05 5.928770e-05 6.621761e-06
Algorithm converged after  19  iterations.
[1] 3.998093e-04 5.555111e-05 6.358808e-06 5.280820e-06
[1] 3.466918e-04 3.347454e-05 3.045287e-05 8.696070e-06
[1] 3.469490e-04 3.344455e-05 3.317159e-05 8.763246e-06
[1] 3.469547e-04 3.344375e-05 3.322227e-05 8.764470e-06
Algorithm converged after  38  iterations.
[1] 3.998093e-04 5.555111e-05 1.936721e-05 3.799378e-05
[1] 5.938199e-04 2.905063e-05 5.639499e-05 9.450855e-05
Algorithm converged after  13  iterations.
[1] 3.998093e-04 5.555111e-05 1.936721e-05 6.358808e-06
Algorithm converged after  10  iterations.
[1] 3.998093e-04 5.555111e-05 3.799378e-05 6.358808e-06
[1] 4.653800e-04 6.658812e-05 4.150614e-05 7.090490e-06
[1] 4.653054e-04 6.675414e-05 4.146932e-05 7.120185e-06
[1] 4.653032e-04 6.675890e-05 4.146826e-05 7.121040e-06
Algorithm converged after  38  iterations.
numeric(0)
Algorithm converged after  1  iterations.
[1] 4.467619e-05
Algorithm converged after  2  iterations.
[1] 6.403543e-05
Algorithm converged after  2  iterations.
[1] 0.0001156766
Algorithm converged after  2  iterations.
[1] 4.467619e-05 7.056770e-06
Algorithm converged after  2  iterations.
[1] 6.403543e-05 4.953798e-06
Algorithm converged after  2  iterations.
[1] 1.156766e-04 5.811981e-05
Algorithm converged after  2  iterations.
[1] 4.467619e-05 6.403543e-05
Algorithm converged after  2  iterations.
[1] 4.467619e-05 1.156766e-04
Algorithm converged after  2  iterations.
[1] 6.403543e-05 1.156766e-04
Algorithm converged after  2  iterations.
[1] 4.467619e-05 7.056770e-06 6.403543e-05
Algorithm converged after  2  iterations.
[1] 4.467619e-05 7.056770e-06 1.156766e-04
Algorithm converged after  2  iterations.
[1] 4.467619e-05 6.403543e-05 4.953798e-06
Algorithm converged after  2  iterations.
[1] 4.467619e-05 1.156766e-04 5.811981e-05
Algorithm converged after  2  iterations.
[1] 6.403543e-05 4.953798e-06 1.156766e-04
Algorithm converged after  2  iterations.
[1] 6.403543e-05 1.156766e-04 5.811981e-05
Algorithm converged after  2  iterations.
[1] 4.467619e-05 6.403543e-05 1.156766e-04
Algorithm converged after  2  iterations.
[1] 4.467619e-05 7.056770e-06 6.403543e-05 4.953798e-06
Algorithm converged after  2  iterations.
[1] 4.467619e-05 7.056770e-06 1.156766e-04 5.811981e-05
Algorithm converged after  2  iterations.
[1] 6.403543e-05 4.953798e-06 1.156766e-04 5.811981e-05
Algorithm converged after  2  iterations.
[1] 4.467619e-05 7.056770e-06 6.403543e-05 1.156766e-04
Algorithm converged after  2  iterations.
[1] 4.467619e-05 6.403543e-05 4.953798e-06 1.156766e-04
Algorithm converged after  2  iterations.
[1] 4.467619e-05 6.403543e-05 1.156766e-04 5.811981e-05
Algorithm converged after  2  iterations.
[1] 0.0004789862
Algorithm converged after  2  iterations.
[1] 4.789862e-04 2.930285e-05
Algorithm converged after  8  iterations.
[1] 0.0004789862 0.0000361073
Algorithm converged after  7  iterations.
[1] 4.789862e-04 6.545601e-05
Algorithm converged after  9  iterations.
[1] 4.789862e-04 2.930285e-05 7.118640e-06
Algorithm converged after  9  iterations.
[1] 4.789862e-04 3.610730e-05 5.019506e-06
Algorithm converged after  8  iterations.
[1] 4.789862e-04 6.545601e-05 9.840367e-06
Algorithm converged after  9  iterations.
[1] 4.789862e-04 2.930285e-05 3.610730e-05
[1] 6.645593e-04 5.360599e-05 5.486811e-05
Algorithm converged after  12  iterations.
[1] 4.789862e-04 2.930285e-05 6.545601e-05
Algorithm converged after  7  iterations.
[1] 4.789862e-04 3.610730e-05 6.545601e-05
Algorithm converged after  8  iterations.
[1] 4.789862e-04 2.930285e-05 7.118640e-06 3.610730e-05
[1] 7.940823e-04 3.965976e-05 9.022516e-06 4.631005e-05
Algorithm converged after  11  iterations.
[1] 4.789862e-04 2.930285e-05 7.118640e-06 6.545601e-05
Algorithm converged after  10  iterations.
[1] 4.789862e-04 2.930285e-05 3.610730e-05 5.019506e-06
[1] 6.521834e-04 3.541873e-05 4.172128e-05 5.652478e-06
Algorithm converged after  11  iterations.
[1] 4.789862e-04 2.930285e-05 6.545601e-05 9.840367e-06
[1] 7.118570e-04 3.798632e-05 7.630650e-05 1.211821e-05
Algorithm converged after  11  iterations.
[1] 4.789862e-04 3.610730e-05 5.019506e-06 6.545601e-05
Algorithm converged after  9  iterations.
[1] 4.789862e-04 3.610730e-05 6.545601e-05 9.840367e-06
[1] 7.079367e-04 4.489219e-05 7.597618e-05 1.212783e-05
Algorithm converged after  11  iterations.
[1] 4.789862e-04 2.930285e-05 3.610730e-05 6.545601e-05
Algorithm converged after  9  iterations.
[1] 4.789862e-04 4.330954e-05
Algorithm converged after  2  iterations.
[1] 4.789862e-04 4.330954e-05 3.473678e-06
[1] 6.080717e-04 1.286867e-04 9.432229e-06
Algorithm converged after  18  iterations.
[1] 4.789862e-04 4.330954e-05 8.025290e-06
[1] 5.633837e-04 9.681114e-05 2.280129e-05
[1] 5.625744e-04 9.632386e-05 2.278212e-05
[1] 5.625365e-04 9.630003e-05 2.277969e-05
Algorithm converged after  31  iterations.
[1] 4.789862e-04 4.330954e-05 2.465644e-04
[1] 0.0007043682 0.0001080209 0.0009340257
[1] 0.0007056134 0.0001083178 0.0009380060
Algorithm converged after  27  iterations.
[1] 4.789862e-04 4.330954e-05 3.473678e-06 2.889445e-06
[1] 4.716021e-04 4.021887e-05 4.239811e-06 3.265855e-06
Algorithm converged after  11  iterations.
[1] 4.789862e-04 4.330954e-05 8.025290e-06 4.157341e-06
[1] 4.674391e-04 3.840923e-05 1.172353e-05 4.878085e-06
Algorithm converged after  12  iterations.
[1] 4.789862e-04 4.330954e-05 2.465644e-04 7.166124e-06
[1] 6.633568e-04 1.151544e-04 9.424900e-04 1.573385e-05
[1] 6.645380e-04 1.154026e-04 9.459318e-04 1.577626e-05
Algorithm converged after  26  iterations.
[1] 4.789862e-04 4.330954e-05 3.473678e-06 8.025290e-06
[1] 1.044574e-03 2.352089e-04 3.162500e-05 4.605002e-05
[1] 1.066748e-03 2.422265e-04 3.221394e-05 4.674041e-05
[1] 1.067093e-03 2.423276e-04 3.222321e-05 4.675139e-05
Algorithm converged after  35  iterations.
[1] 4.789862e-04 4.330954e-05 3.473678e-06 2.465644e-04
[1] 8.210358e-04 1.252422e-04 4.574063e-05 1.421866e-03
[1] 8.453773e-04 1.273333e-04 4.989213e-05 1.503156e-03
[1] 0.0008470096 0.0001274663 0.0000501728 0.0015086227
[1] 8.471200e-04 1.274753e-04 5.019179e-05 1.508992e-03
Algorithm converged after  49  iterations.
[1] 4.789862e-04 4.330954e-05 8.025290e-06 2.465644e-04
[1] 7.855279e-04 1.242692e-04 1.955908e-05 1.282937e-03
[1] 8.001030e-04 1.258322e-04 2.085452e-05 1.328274e-03
[1] 8.004732e-04 1.258700e-04 2.088891e-05 1.329429e-03
Algorithm converged after  40  iterations.
numeric(0)
Algorithm converged after  1  iterations.
[1] 5.470744e-05
Algorithm converged after  2  iterations.
[1] 6.145042e-05
Algorithm converged after  2  iterations.
[1] 0.0001091351
Algorithm converged after  2  iterations.
[1] 5.470744e-05 1.778930e-05
Algorithm converged after  2  iterations.
[1] 6.145042e-05 9.003750e-06
Algorithm converged after  2  iterations.
[1] 0.0001091351 0.0000514515
Algorithm converged after  2  iterations.
[1] 5.470744e-05 6.145042e-05
Algorithm converged after  2  iterations.
[1] 5.470744e-05 1.091351e-04
Algorithm converged after  2  iterations.
[1] 6.145042e-05 1.091351e-04
Algorithm converged after  2  iterations.
[1] 5.470744e-05 1.778930e-05 6.145042e-05
Algorithm converged after  2  iterations.
[1] 5.470744e-05 1.778930e-05 1.091351e-04
Algorithm converged after  2  iterations.
[1] 5.470744e-05 6.145042e-05 9.003750e-06
Algorithm converged after  2  iterations.
[1] 5.470744e-05 1.091351e-04 5.145150e-05
Algorithm converged after  2  iterations.
[1] 6.145042e-05 9.003750e-06 1.091351e-04
Algorithm converged after  2  iterations.
[1] 6.145042e-05 1.091351e-04 5.145150e-05
Algorithm converged after  2  iterations.
[1] 5.470744e-05 6.145042e-05 1.091351e-04
Algorithm converged after  2  iterations.
[1] 5.470744e-05 1.778930e-05 6.145042e-05 9.003750e-06
Algorithm converged after  2  iterations.
[1] 5.470744e-05 1.778930e-05 1.091351e-04 5.145150e-05
Algorithm converged after  2  iterations.
[1] 6.145042e-05 9.003750e-06 1.091351e-04 5.145150e-05
Algorithm converged after  2  iterations.
[1] 5.470744e-05 1.778930e-05 6.145042e-05 1.091351e-04
Algorithm converged after  2  iterations.
[1] 5.470744e-05 6.145042e-05 9.003750e-06 1.091351e-04
Algorithm converged after  2  iterations.
[1] 5.470744e-05 6.145042e-05 1.091351e-04 5.145150e-05
Algorithm converged after  2  iterations.
[1] 0.0004913167
Algorithm converged after  2  iterations.
[1] 4.913167e-04 1.640936e-05
Algorithm converged after  8  iterations.
[1] 0.0004913167 0.0000435542
Algorithm converged after  7  iterations.
[1] 4.913167e-04 6.648399e-05
Algorithm converged after  9  iterations.
[1] 4.913167e-04 1.640936e-05 9.552313e-06
Algorithm converged after  8  iterations.
[1] 4.913167e-04 4.355420e-05 4.549846e-06
Algorithm converged after  8  iterations.
[1] 4.913167e-04 6.648399e-05 8.490668e-06
[1] 6.112433e-04 7.320394e-05 9.440271e-06
Algorithm converged after  15  iterations.
[1] 4.913167e-04 1.640936e-05 4.355420e-05
Algorithm converged after  10  iterations.
[1] 4.913167e-04 1.640936e-05 6.648399e-05
Algorithm converged after  9  iterations.
[1] 4.913167e-04 4.355420e-05 6.648399e-05
Algorithm converged after  8  iterations.
[1] 4.913167e-04 1.640936e-05 9.552313e-06 4.355420e-05
Algorithm converged after  9  iterations.
[1] 4.913167e-04 1.640936e-05 9.552313e-06 6.648399e-05
Algorithm converged after  9  iterations.
[1] 4.913167e-04 1.640936e-05 4.355420e-05 4.549846e-06
Algorithm converged after  9  iterations.
[1] 4.913167e-04 1.640936e-05 6.648399e-05 8.490668e-06
[1] 7.247860e-04 2.153248e-05 8.181774e-05 1.003956e-05
Algorithm converged after  14  iterations.
[1] 4.913167e-04 4.355420e-05 4.549846e-06 6.648399e-05
Algorithm converged after  8  iterations.
[1] 4.913167e-04 4.355420e-05 6.648399e-05 8.490668e-06
[1] 7.169659e-04 5.242252e-05 8.116840e-05 1.003014e-05
Algorithm converged after  14  iterations.
[1] 4.913167e-04 1.640936e-05 4.355420e-05 6.648399e-05
Algorithm converged after  8  iterations.
[1] 4.913167e-04 3.421313e-05
Algorithm converged after  2  iterations.
[1] 4.913167e-04 3.421313e-05 4.797269e-06
[1] 6.476060e-04 1.254060e-04 2.108382e-05
Algorithm converged after  17  iterations.
[1] 4.913167e-04 3.421313e-05 1.080006e-05
[1] 5.349397e-04 3.526434e-05 2.104236e-05
Algorithm converged after  11  iterations.
[1] 4.913167e-04 3.421313e-05 1.949696e-04
[1] 6.289709e-04 7.640821e-05 7.182945e-04
Algorithm converged after  19  iterations.
[1] 4.913167e-04 3.421313e-05 4.797269e-06 3.704431e-06
Algorithm converged after  10  iterations.
[1] 4.913167e-04 3.421313e-05 1.080006e-05 3.863896e-06
[1] 5.305757e-04 4.215406e-05 1.357681e-05 4.693244e-06
Algorithm converged after  12  iterations.
[1] 4.913167e-04 3.421313e-05 1.949696e-04 1.212231e-05
[1] 4.894624e-04 9.676136e-05 3.602566e-04 2.970437e-05
Algorithm converged after  18  iterations.
[1] 4.913167e-04 3.421313e-05 4.797269e-06 1.080006e-05
Algorithm converged after  10  iterations.
[1] 4.913167e-04 3.421313e-05 4.797269e-06 1.949696e-04
[1] 6.239733e-04 1.130367e-04 5.208277e-05 1.015503e-03
[1] 0.0006247984 0.0001135854 0.0000524605 0.0010210202
Algorithm converged after  29  iterations.
[1] 4.913167e-04 3.421313e-05 1.080006e-05 1.949696e-04
[1] 6.213110e-04 5.658658e-05 5.514200e-06 5.179762e-04
[1] 6.213541e-04 5.663641e-05 5.519504e-06 5.178117e-04
Algorithm converged after  24  iterations.
numeric(0)
Algorithm converged after  1  iterations.
[1] 5.701592e-05
Algorithm converged after  2  iterations.
[1] 7.004303e-05
Algorithm converged after  2  iterations.
[1] 9.853743e-05
Algorithm converged after  2  iterations.
[1] 5.701592e-05 1.871803e-05
Algorithm converged after  2  iterations.
[1] 7.004303e-05 1.079714e-05
Algorithm converged after  2  iterations.
[1] 9.853743e-05 4.626067e-05
Algorithm converged after  2  iterations.
[1] 5.701592e-05 7.004303e-05
Algorithm converged after  2  iterations.
[1] 5.701592e-05 9.853743e-05
Algorithm converged after  2  iterations.
[1] 7.004303e-05 9.853743e-05
Algorithm converged after  2  iterations.
[1] 5.701592e-05 1.871803e-05 7.004303e-05
Algorithm converged after  2  iterations.
[1] 5.701592e-05 1.871803e-05 9.853743e-05
Algorithm converged after  2  iterations.
[1] 5.701592e-05 7.004303e-05 1.079714e-05
Algorithm converged after  2  iterations.
[1] 5.701592e-05 9.853743e-05 4.626067e-05
Algorithm converged after  2  iterations.
[1] 7.004303e-05 1.079714e-05 9.853743e-05
Algorithm converged after  2  iterations.
[1] 7.004303e-05 9.853743e-05 4.626067e-05
Algorithm converged after  2  iterations.
[1] 5.701592e-05 7.004303e-05 9.853743e-05
Algorithm converged after  2  iterations.
[1] 5.701592e-05 1.871803e-05 7.004303e-05 1.079714e-05
Algorithm converged after  2  iterations.
[1] 5.701592e-05 1.871803e-05 9.853743e-05 4.626067e-05
Algorithm converged after  2  iterations.
[1] 7.004303e-05 1.079714e-05 9.853743e-05 4.626067e-05
Algorithm converged after  2  iterations.
[1] 5.701592e-05 1.871803e-05 7.004303e-05 9.853743e-05
Algorithm converged after  2  iterations.
[1] 5.701592e-05 7.004303e-05 1.079714e-05 9.853743e-05
Algorithm converged after  2  iterations.
[1] 5.701592e-05 7.004303e-05 9.853743e-05 4.626067e-05
Algorithm converged after  2  iterations.
[1] 0.0004998578
Algorithm converged after  2  iterations.
[1] 4.998578e-04 1.718521e-05
Algorithm converged after  8  iterations.
[1] 4.998578e-04 4.290728e-05
Algorithm converged after  7  iterations.
[1] 4.998578e-04 4.967912e-05
Algorithm converged after  9  iterations.
[1] 4.998578e-04 1.718521e-05 8.694400e-06
Algorithm converged after  8  iterations.
[1] 4.998578e-04 4.290728e-05 4.713683e-06
[1] 5.773688e-04 4.465813e-05 5.058802e-06
Algorithm converged after  18  iterations.
[1] 4.998578e-04 4.967912e-05 8.358952e-06
Algorithm converged after  8  iterations.
[1] 4.998578e-04 1.718521e-05 4.290728e-05
Algorithm converged after  9  iterations.
[1] 4.998578e-04 1.718521e-05 4.967912e-05
Algorithm converged after  8  iterations.
[1] 4.998578e-04 4.290728e-05 4.967912e-05
Algorithm converged after  8  iterations.
[1] 4.998578e-04 1.718521e-05 8.694400e-06 4.290728e-05
Algorithm converged after  8  iterations.
[1] 4.998578e-04 1.718521e-05 8.694400e-06 4.967912e-05
Algorithm converged after  9  iterations.
[1] 4.998578e-04 1.718521e-05 4.290728e-05 4.713683e-06
[1] 7.073254e-04 2.211508e-05 4.855368e-05 5.116219e-06
Algorithm converged after  15  iterations.
[1] 4.998578e-04 1.718521e-05 4.967912e-05 8.358952e-06
Algorithm converged after  10  iterations.
[1] 4.998578e-04 4.290728e-05 4.713683e-06 4.967912e-05
[1] 6.159328e-04 4.563202e-05 5.121284e-06 6.364830e-05
Algorithm converged after  17  iterations.
[1] 4.998578e-04 4.290728e-05 4.967912e-05 8.358952e-06
Algorithm converged after  10  iterations.
[1] 4.998578e-04 1.718521e-05 4.290728e-05 4.967912e-05
Algorithm converged after  7  iterations.
[1] 4.998578e-04 3.708725e-05
Algorithm converged after  2  iterations.
[1] 4.998578e-04 3.708725e-05 5.236133e-06
[1] 6.039370e-04 4.682080e-05 1.914456e-05
Algorithm converged after  18  iterations.
[1] 4.998578e-04 3.708725e-05 1.181819e-05
[1] 5.441281e-04 5.549577e-05 2.465380e-05
Algorithm converged after  15  iterations.
[1] 4.998578e-04 3.708725e-05 1.881518e-04
[1] 6.948275e-04 8.922722e-05 7.195310e-04
[1] 6.958866e-04 8.948315e-05 7.225982e-04
Algorithm converged after  27  iterations.
[1] 4.998578e-04 3.708725e-05 5.236133e-06 3.774383e-06
[1] 4.843578e-04 3.783020e-05 5.889492e-06 4.094421e-06
Algorithm converged after  12  iterations.
[1] 4.998578e-04 3.708725e-05 1.181819e-05 4.464528e-06
[1] 5.062654e-04 3.511688e-05 1.453905e-05 4.855549e-06
Algorithm converged after  16  iterations.
[1] 4.998578e-04 3.708725e-05 1.881518e-04 5.952562e-06
[1] 6.651517e-04 9.793753e-05 7.557355e-04 1.520460e-05
[1] 6.662969e-04 9.817915e-05 7.588060e-04 1.525190e-05
Algorithm converged after  27  iterations.
[1] 4.998578e-04 3.708725e-05 5.236133e-06 1.181819e-05
[1] 4.791485e-04 3.605867e-05 4.986269e-06 1.553859e-05
[1] 4.791646e-04 3.608471e-05 4.981843e-06 1.558126e-05
[1] 4.791651e-04 3.608547e-05 4.981715e-06 1.558250e-05
Algorithm converged after  32  iterations.
[1] 4.998578e-04 3.708725e-05 5.236133e-06 1.881518e-04
[1] 7.933840e-04 1.124224e-04 5.202126e-05 1.168215e-03
[1] 8.091642e-04 1.145374e-04 5.469429e-05 1.218450e-03
[1] 8.099914e-04 1.146464e-04 5.483475e-05 1.221090e-03
[1] 8.100350e-04 1.146521e-04 5.484216e-05 1.221229e-03
Algorithm converged after  45  iterations.
[1] 4.998578e-04 3.708725e-05 1.181819e-05 1.881518e-04
[1] 7.565559e-04 1.016671e-04 1.551787e-05 9.352209e-04
[1] 7.901184e-04 1.060271e-04 1.910895e-05 1.030384e-03
[1] 7.908021e-04 1.061059e-04 1.918276e-05 1.032208e-03
[1] 7.908153e-04 1.061074e-04 1.918419e-05 1.032243e-03
Algorithm converged after  41  iterations.
numeric(0)
Algorithm converged after  1  iterations.
[1] 5.329701e-05
Algorithm converged after  2  iterations.
[1] 7.77073e-05
Algorithm converged after  2  iterations.
[1] 0.0001158722
Algorithm converged after  2  iterations.
[1] 5.329701e-05 1.375982e-05
Algorithm converged after  2  iterations.
[1] 7.770730e-05 1.734671e-05
Algorithm converged after  2  iterations.
[1] 1.158722e-04 5.940789e-05
Algorithm converged after  2  iterations.
[1] 5.329701e-05 7.770730e-05
Algorithm converged after  2  iterations.
[1] 5.329701e-05 1.158722e-04
Algorithm converged after  2  iterations.
[1] 0.0000777073 0.0001158722
Algorithm converged after  2  iterations.
[1] 5.329701e-05 1.375982e-05 7.770730e-05
Algorithm converged after  2  iterations.
[1] 5.329701e-05 1.375982e-05 1.158722e-04
Algorithm converged after  2  iterations.
[1] 5.329701e-05 7.770730e-05 1.734671e-05
Algorithm converged after  2  iterations.
[1] 5.329701e-05 1.158722e-04 5.940789e-05
Algorithm converged after  2  iterations.
[1] 7.770730e-05 1.734671e-05 1.158722e-04
Algorithm converged after  2  iterations.
[1] 7.770730e-05 1.158722e-04 5.940789e-05
Algorithm converged after  2  iterations.
[1] 5.329701e-05 7.770730e-05 1.158722e-04
Algorithm converged after  2  iterations.
[1] 5.329701e-05 1.375982e-05 7.770730e-05 1.734671e-05
Algorithm converged after  2  iterations.
[1] 5.329701e-05 1.375982e-05 1.158722e-04 5.940789e-05
Algorithm converged after  2  iterations.
[1] 7.770730e-05 1.734671e-05 1.158722e-04 5.940789e-05
Algorithm converged after  2  iterations.
[1] 5.329701e-05 1.375982e-05 7.770730e-05 1.158722e-04
Algorithm converged after  2  iterations.
[1] 5.329701e-05 7.770730e-05 1.734671e-05 1.158722e-04
Algorithm converged after  2  iterations.
[1] 5.329701e-05 7.770730e-05 1.158722e-04 5.940789e-05
Algorithm converged after  2  iterations.
[1] 0.000492073
Algorithm converged after  2  iterations.
[1] 0.000492073 0.000012513
Algorithm converged after  9  iterations.
[1] 4.920730e-04 4.059875e-05
Algorithm converged after  7  iterations.
[1] 0.0004920730 0.0002115106
[1] 0.0006627072 0.0003405503
Algorithm converged after  11  iterations.
[1] 4.920730e-04 1.251300e-05 9.094549e-06
Algorithm converged after  8  iterations.
[1] 4.920730e-04 4.059875e-05 5.159227e-06
Algorithm converged after  9  iterations.
[1] 4.920730e-04 2.115106e-04 9.762746e-06
[1] 7.775162e-04 2.762011e-04 1.334903e-05
Algorithm converged after  11  iterations.
[1] 4.920730e-04 1.251300e-05 4.059875e-05
Algorithm converged after  9  iterations.
[1] 0.0004920730 0.0000125130 0.0002115106
Algorithm converged after  10  iterations.
[1] 4.920730e-04 4.059875e-05 2.115106e-04
Algorithm converged after  10  iterations.
[1] 4.920730e-04 1.251300e-05 9.094549e-06 4.059875e-05
Algorithm converged after  8  iterations.
[1] 4.920730e-04 1.251300e-05 9.094549e-06 2.115106e-04
[1] 8.446939e-04 1.625504e-05 1.149095e-05 3.246798e-04
Algorithm converged after  11  iterations.
[1] 4.920730e-04 1.251300e-05 4.059875e-05 5.159227e-06
Algorithm converged after  8  iterations.
[1] 4.920730e-04 1.251300e-05 2.115106e-04 9.762746e-06
[1] 9.155024e-04 1.796059e-05 3.207028e-04 1.449033e-05
Algorithm converged after  12  iterations.
[1] 4.920730e-04 4.059875e-05 5.159227e-06 2.115106e-04
[1] 6.983123e-04 4.260241e-05 5.851283e-06 2.882945e-04
Algorithm converged after  11  iterations.
[1] 4.920730e-04 4.059875e-05 2.115106e-04 9.762746e-06
[1] 8.235920e-04 4.613058e-05 2.945026e-04 1.375645e-05
Algorithm converged after  12  iterations.
[1] 4.920730e-04 1.251300e-05 4.059875e-05 2.115106e-04
Algorithm converged after  9  iterations.
[1] 4.920730e-04 8.111905e-05
Algorithm converged after  2  iterations.
[1] 4.920730e-04 8.111905e-05 2.458471e-05
[1] 5.753678e-04 2.669286e-05 4.441809e-05
Algorithm converged after  13  iterations.
[1] 4.920730e-04 8.111905e-05 4.917880e-05
[1] 5.709062e-04 2.896697e-05 8.953515e-05
Algorithm converged after  15  iterations.
[1] 4.920730e-04 8.111905e-05 1.207434e-05
[1] 0.0014327701 0.0003053990 0.0001587996
[1] 0.0016676748 0.0003593232 0.0001827269
[1] 0.0016691804 0.0003654076 0.0001829359
[1] 0.0016681416 0.0003659617 0.0001828413
[1] 0.0016680080 0.0003660182 0.0001828291
Algorithm converged after  58  iterations.
[1] 4.920730e-04 8.111905e-05 2.458471e-05 4.677680e-06
[1] 5.666195e-04 5.370677e-05 3.449537e-05 5.394512e-06
Algorithm converged after  12  iterations.
[1] 4.920730e-04 8.111905e-05 4.917880e-05 4.572964e-06
[1] 5.889784e-04 2.252458e-05 8.610607e-05 5.423815e-06
[1] 5.890651e-04 2.242230e-05 8.612791e-05 5.425832e-06
[1] 5.890654e-04 2.242184e-05 8.612795e-05 5.425798e-06
Algorithm converged after  33  iterations.
[1] 4.920730e-04 8.111905e-05 1.207434e-05 6.084663e-06
[1] 4.579504e-04 9.991588e-05 2.819311e-05 6.637417e-06
[1] 4.580296e-04 9.995023e-05 2.821483e-05 6.637017e-06
Algorithm converged after  21  iterations.
[1] 4.920730e-04 8.111905e-05 2.458471e-05 4.917880e-05
[1] 6.828350e-04 2.570279e-05 7.910689e-05 1.192741e-04
Algorithm converged after  15  iterations.
[1] 4.920730e-04 8.111905e-05 2.458471e-05 1.207434e-05
[1] 5.784722e-04 9.827291e-05 2.666822e-05 1.509761e-05
Algorithm converged after  13  iterations.
[1] 4.920730e-04 8.111905e-05 4.917880e-05 1.207434e-05
[1] 5.649909e-04 8.569598e-05 5.500967e-05 1.059481e-05
Algorithm converged after  11  iterations.
numeric(0)
Algorithm converged after  1  iterations.
[1] 4.02753e-05
Algorithm converged after  2  iterations.
[1] 5.774072e-05
Algorithm converged after  2  iterations.
[1] 9.031165e-05
Algorithm converged after  2  iterations.
[1] 4.02753e-05 9.13654e-06
Algorithm converged after  2  iterations.
[1] 5.774072e-05 4.640220e-06
Algorithm converged after  2  iterations.
[1] 9.031165e-05 5.054077e-05
Algorithm converged after  2  iterations.
[1] 4.027530e-05 5.774072e-05
Algorithm converged after  2  iterations.
[1] 4.027530e-05 9.031165e-05
Algorithm converged after  2  iterations.
[1] 5.774072e-05 9.031165e-05
Algorithm converged after  2  iterations.
[1] 4.027530e-05 9.136540e-06 5.774072e-05
Algorithm converged after  2  iterations.
[1] 4.027530e-05 9.136540e-06 9.031165e-05
Algorithm converged after  2  iterations.
[1] 4.027530e-05 5.774072e-05 4.640220e-06
Algorithm converged after  2  iterations.
[1] 4.027530e-05 9.031165e-05 5.054077e-05
Algorithm converged after  2  iterations.
[1] 5.774072e-05 4.640220e-06 9.031165e-05
Algorithm converged after  2  iterations.
[1] 5.774072e-05 9.031165e-05 5.054077e-05
Algorithm converged after  2  iterations.
[1] 4.027530e-05 5.774072e-05 9.031165e-05
Algorithm converged after  2  iterations.
[1] 4.027530e-05 9.136540e-06 5.774072e-05 4.640220e-06
Algorithm converged after  2  iterations.
[1] 4.027530e-05 9.136540e-06 9.031165e-05 5.054077e-05
Algorithm converged after  2  iterations.
[1] 5.774072e-05 4.640220e-06 9.031165e-05 5.054077e-05
Algorithm converged after  2  iterations.
[1] 4.027530e-05 9.136540e-06 5.774072e-05 9.031165e-05
Algorithm converged after  2  iterations.
[1] 4.027530e-05 5.774072e-05 4.640220e-06 9.031165e-05
Algorithm converged after  2  iterations.
[1] 4.027530e-05 5.774072e-05 9.031165e-05 5.054077e-05
Algorithm converged after  2  iterations.
[1] 0.0004150187
Algorithm converged after  2  iterations.
[1] 0.0004150187 0.0000225568
Algorithm converged after  7  iterations.
[1] 4.150187e-04 3.209398e-05
Algorithm converged after  7  iterations.
[1] 0.0004150187 0.0000628073
Algorithm converged after  9  iterations.
[1] 4.150187e-04 2.255680e-05 1.073503e-05
Algorithm converged after  10  iterations.
[1] 4.150187e-04 3.209398e-05 4.427574e-06
[1] 4.137054e-04 3.257106e-05 4.608733e-06
Algorithm converged after  14  iterations.
[1] 4.150187e-04 6.280730e-05 1.007172e-05
Algorithm converged after  9  iterations.
[1] 4.150187e-04 2.255680e-05 3.209398e-05
Algorithm converged after  10  iterations.
[1] 0.0004150187 0.0000225568 0.0000628073
Algorithm converged after  9  iterations.
[1] 4.150187e-04 3.209398e-05 6.280730e-05
Algorithm converged after  8  iterations.
[1] 4.150187e-04 2.255680e-05 1.073503e-05 3.209398e-05
[1] 6.419378e-04 2.771095e-05 1.216682e-05 4.037404e-05
Algorithm converged after  11  iterations.
[1] 4.150187e-04 2.255680e-05 1.073503e-05 6.280730e-05
Algorithm converged after  10  iterations.
[1] 4.150187e-04 2.255680e-05 3.209398e-05 4.427574e-06
[1] 4.989360e-04 2.503401e-05 3.555343e-05 4.449702e-06
Algorithm converged after  15  iterations.
[1] 4.150187e-04 2.255680e-05 6.280730e-05 1.007172e-05
Algorithm converged after  10  iterations.
[1] 4.150187e-04 3.209398e-05 4.427574e-06 6.280730e-05
[1] 4.533728e-04 3.402614e-05 4.613735e-06 8.525921e-05
Algorithm converged after  13  iterations.
[1] 4.150187e-04 3.209398e-05 6.280730e-05 1.007172e-05
Algorithm converged after  10  iterations.
[1] 4.150187e-04 2.255680e-05 3.209398e-05 6.280730e-05
Algorithm converged after  9  iterations.
[1] 0.0004150187 0.0000335506
Algorithm converged after  2  iterations.
[1] 4.150187e-04 3.355060e-05 8.219941e-06
[1] 5.612052e-04 1.316291e-04 2.908597e-05
[1] 5.609851e-04 1.314513e-04 2.907401e-05
Algorithm converged after  23  iterations.
[1] 4.150187e-04 3.355060e-05 6.536654e-06
[1] 4.900164e-04 1.130641e-04 2.353361e-05
Algorithm converged after  16  iterations.
[1] 0.0004150187 0.0000335506 0.0002766193
[1] 5.286288e-04 8.256638e-05 7.138955e-04
Algorithm converged after  18  iterations.
[1] 4.150187e-04 3.355060e-05 8.219941e-06 5.349136e-06
Algorithm converged after  10  iterations.
[1] 4.150187e-04 3.355060e-05 6.536654e-06 4.496496e-06
[1] 3.913971e-04 3.191110e-05 8.502593e-06 5.075930e-06
Algorithm converged after  11  iterations.
[1] 4.150187e-04 3.355060e-05 2.766193e-04 4.971297e-06
[1] 4.937013e-04 1.028881e-04 6.762086e-04 1.488542e-05
[1] 0.0004937967 0.0001029453 0.0006765781 0.0000148952
Algorithm converged after  21  iterations.
[1] 4.150187e-04 3.355060e-05 8.219941e-06 6.536654e-06
[1] 4.122214e-04 3.067318e-05 8.330993e-06 7.134322e-06
[1] 4.121938e-04 3.066417e-05 8.342387e-06 7.121024e-06
[1] 4.121892e-04 3.066263e-05 8.344334e-06 7.118758e-06
[1] 4.121884e-04 3.066237e-05 8.344665e-06 7.118372e-06
[1] 4.121883e-04 3.066233e-05 8.344722e-06 7.118306e-06
Algorithm converged after  60  iterations.
[1] 4.150187e-04 3.355060e-05 8.219941e-06 2.766193e-04
[1] 0.0005313453 0.0001193863 0.0000499574 0.0009904583
[1] 5.318216e-04 1.197421e-04 5.019274e-05 9.936665e-04
Algorithm converged after  27  iterations.
[1] 4.150187e-04 3.355060e-05 6.536654e-06 2.766193e-04
[1] 5.174927e-04 1.071598e-04 1.538425e-05 8.768174e-04
[1] 5.180623e-04 1.075369e-04 1.551966e-05 8.799517e-04
Algorithm converged after  25  iterations.
numeric(0)
Algorithm converged after  1  iterations.
[1] 7.0536e-05
Algorithm converged after  2  iterations.
[1] 6.61162e-05
Algorithm converged after  2  iterations.
[1] 0.0001028197
Algorithm converged after  2  iterations.
[1] 7.053600e-05 1.222852e-05
Algorithm converged after  2  iterations.
[1] 6.611620e-05 6.725744e-06
Algorithm converged after  2  iterations.
[1] 1.028197e-04 5.351639e-05
Algorithm converged after  2  iterations.
[1] 7.05360e-05 6.61162e-05
Algorithm converged after  2  iterations.
[1] 0.0000705360 0.0001028197
Algorithm converged after  2  iterations.
[1] 0.0000661162 0.0001028197
Algorithm converged after  2  iterations.
[1] 7.053600e-05 1.222852e-05 6.611620e-05
Algorithm converged after  2  iterations.
[1] 7.053600e-05 1.222852e-05 1.028197e-04
Algorithm converged after  2  iterations.
[1] 7.053600e-05 6.611620e-05 6.725744e-06
Algorithm converged after  2  iterations.
[1] 7.053600e-05 1.028197e-04 5.351639e-05
Algorithm converged after  2  iterations.
[1] 6.611620e-05 6.725744e-06 1.028197e-04
Algorithm converged after  2  iterations.
[1] 6.611620e-05 1.028197e-04 5.351639e-05
Algorithm converged after  2  iterations.
[1] 0.0000705360 0.0000661162 0.0001028197
Algorithm converged after  2  iterations.
[1] 7.053600e-05 1.222852e-05 6.611620e-05 6.725744e-06
Algorithm converged after  2  iterations.
[1] 7.053600e-05 1.222852e-05 1.028197e-04 5.351639e-05
Algorithm converged after  2  iterations.
[1] 6.611620e-05 6.725744e-06 1.028197e-04 5.351639e-05
Algorithm converged after  2  iterations.
[1] 7.053600e-05 1.222852e-05 6.611620e-05 1.028197e-04
Algorithm converged after  2  iterations.
[1] 7.053600e-05 6.611620e-05 6.725744e-06 1.028197e-04
Algorithm converged after  2  iterations.
[1] 7.053600e-05 6.611620e-05 1.028197e-04 5.351639e-05
Algorithm converged after  2  iterations.
[1] 0.000556849
Algorithm converged after  2  iterations.
[1] 5.568490e-04 1.818095e-05
Algorithm converged after  8  iterations.
[1] 5.56849e-04 3.36306e-05
Algorithm converged after  7  iterations.
[1] 0.0005568490 0.0001025165
Algorithm converged after  9  iterations.
[1] 5.568490e-04 1.818095e-05 8.228736e-06
Algorithm converged after  7  iterations.
[1] 5.568490e-04 3.363060e-05 4.845741e-06
Algorithm converged after  9  iterations.
[1] 5.568490e-04 1.025165e-04 9.634243e-06
Algorithm converged after  9  iterations.
[1] 5.568490e-04 1.818095e-05 3.363060e-05
Algorithm converged after  10  iterations.
[1] 5.568490e-04 1.818095e-05 1.025165e-04
Algorithm converged after  8  iterations.
[1] 0.0005568490 0.0000336306 0.0001025165
Algorithm converged after  8  iterations.
[1] 5.568490e-04 1.818095e-05 8.228736e-06 3.363060e-05
Algorithm converged after  8  iterations.
[1] 5.568490e-04 1.818095e-05 8.228736e-06 1.025165e-04
Algorithm converged after  9  iterations.
[1] 5.568490e-04 1.818095e-05 3.363060e-05 4.845741e-06
Algorithm converged after  10  iterations.
[1] 5.568490e-04 1.818095e-05 1.025165e-04 9.634243e-06
Algorithm converged after  10  iterations.
[1] 5.568490e-04 3.363060e-05 4.845741e-06 1.025165e-04
Algorithm converged after  9  iterations.
[1] 5.568490e-04 3.363060e-05 1.025165e-04 9.634243e-06
Algorithm converged after  10  iterations.
[1] 5.568490e-04 1.818095e-05 3.363060e-05 1.025165e-04
Algorithm converged after  8  iterations.
[1] 5.568490e-04 3.609526e-05
Algorithm converged after  2  iterations.
[1] 5.568490e-04 3.609526e-05 3.764518e-05
Algorithm converged after  8  iterations.
[1] 5.568490e-04 3.609526e-05 5.044238e-05
Algorithm converged after  8  iterations.
[1] 5.568490e-04 3.609526e-05 9.815998e-06
[1] 0.0011783592 0.0002853364 0.0002912936
[1] 0.0010149971 0.0002333945 0.0002327472
[1] 0.0008457675 0.0001795895 0.0001674899
[1] 0.0007327660 0.0001355042 0.0001167090
[1] 6.915240e-04 1.164506e-04 9.566437e-05
[1] 6.827165e-04 1.121449e-04 9.094003e-05
[1] 6.811978e-04 1.113950e-04 9.011692e-05
[1] 0.0006809484 0.0001112716 0.0000899815
[1] 6.809078e-04 1.112515e-04 8.995944e-05
[1] 6.809012e-04 1.112482e-04 8.995585e-05
Algorithm converged after  104  iterations.
[1] 5.568490e-04 3.609526e-05 3.764518e-05 4.005081e-06
[1] 6.092806e-04 4.278004e-05 4.439796e-05 4.885456e-06
Algorithm converged after  12  iterations.
[1] 5.568490e-04 3.609526e-05 5.044238e-05 4.628171e-06
Algorithm converged after  10  iterations.
[1] 5.568490e-04 3.609526e-05 9.815998e-06 7.517322e-06
[1] 4.643060e-04 7.238407e-05 7.329549e-05 1.401699e-05
[1] 4.642439e-04 7.257323e-05 7.381210e-05 1.404506e-05
Algorithm converged after  28  iterations.
[1] 5.568490e-04 3.609526e-05 3.764518e-05 5.044238e-05
[1] 7.061419e-04 6.720681e-05 6.956133e-05 7.617669e-05
Algorithm converged after  12  iterations.
[1] 5.568490e-04 3.609526e-05 3.764518e-05 9.815998e-06
[1] 6.124335e-04 8.155975e-05 7.921274e-05 1.461532e-04
[1] 6.128880e-04 8.225850e-05 7.973047e-05 1.494491e-04
[1] 6.128990e-04 8.227532e-05 7.974293e-05 1.495288e-04
Algorithm converged after  36  iterations.
[1] 5.568490e-04 3.609526e-05 5.044238e-05 9.815998e-06
[1] 6.279211e-04 7.875378e-05 8.999802e-05 1.918332e-04
[1] 6.286153e-04 7.955239e-05 9.046248e-05 1.963962e-04
[1] 0.0006286322 0.0000795717 0.0000904737 0.0001965070
Algorithm converged after  36  iterations.
Warning messages:
1: In max(abs(CT), na.rm = T) :
  no non-missing arguments to max; returning -Inf
2: In max(abs(CT), na.rm = T) :
  no non-missing arguments to max; returning -Inf
3: In max(abs(CT), na.rm = T) :
  no non-missing arguments to max; returning -Inf
4: In max(abs(CT), na.rm = T) :
  no non-missing arguments to max; returning -Inf
5: In max(abs(CT), na.rm = T) :
  no non-missing arguments to max; returning -Inf
6: In max(abs(CT), na.rm = T) :
  no non-missing arguments to max; returning -Inf
7: In max(abs(CT), na.rm = T) :
  no non-missing arguments to max; returning -Inf
8: In max(abs(CT), na.rm = T) :
  no non-missing arguments to max; returning -Inf
9: In max(abs(CT), na.rm = T) :
  no non-missing arguments to max; returning -Inf
10: In max(abs(CT), na.rm = T) :
  no non-missing arguments to max; returning -Inf
[1] "Best iter parameter is:"
   gam  rankJ rankA1 rankA2 rankA3 
     1      2      2      0      0 
[1] 4.752648e-04 3.838750e-05 3.145029e-05 4.007392e-06
Algorithm converged after  10  iterations.
         [,1]     [,2]     [,3]
[1,] 6.864992 9.753791 48.30747
