myseed=2797 

Attaching package: ‘pls’

The following object is masked from ‘package:stats’:

    loadings

Loading required package: lattice
Loading required package: ggplot2
Registered S3 methods overwritten by 'ggplot2':
  method         from 
  [.quosures     rlang
  c.quosures     rlang
  print.quosures rlang

Attaching package: ‘caret’

The following object is masked from ‘package:pls’:

    R2

Loading required package: Matrix
Loading required package: foreach
Loaded glmnet 2.0-18

Parsed with column specification:
cols(
  .default = col_double()
)
See spec(...) for full column specifications.
Parsed with column specification:
cols(
  X1 = col_double()
)
Parsed with column specification:
cols(
  X1 = col_double()
)
numeric(0)
Algorithm converged after  1  iterations.
[1] 3.561156e-05
Algorithm converged after  2  iterations.
[1] 6.212778e-05
Algorithm converged after  2  iterations.
[1] 0.0001459744
Algorithm converged after  2  iterations.
[1] 3.561156e-05 6.687114e-06
Algorithm converged after  2  iterations.
[1] 6.212778e-05 7.981630e-06
Algorithm converged after  2  iterations.
[1] 1.459744e-04 6.928309e-05
Algorithm converged after  2  iterations.
[1] 3.561156e-05 6.212778e-05
Algorithm converged after  2  iterations.
[1] 3.561156e-05 1.459744e-04
Algorithm converged after  2  iterations.
[1] 6.212778e-05 1.459744e-04
Algorithm converged after  2  iterations.
[1] 3.561156e-05 6.687114e-06 6.212778e-05
Algorithm converged after  2  iterations.
[1] 3.561156e-05 6.687114e-06 1.459744e-04
Algorithm converged after  2  iterations.
[1] 3.561156e-05 6.212778e-05 7.981630e-06
Algorithm converged after  2  iterations.
[1] 3.561156e-05 1.459744e-04 6.928309e-05
Algorithm converged after  2  iterations.
[1] 6.212778e-05 7.981630e-06 1.459744e-04
Algorithm converged after  2  iterations.
[1] 6.212778e-05 1.459744e-04 6.928309e-05
Algorithm converged after  2  iterations.
[1] 3.561156e-05 6.212778e-05 1.459744e-04
Algorithm converged after  2  iterations.
[1] 3.561156e-05 6.687114e-06 6.212778e-05 7.981630e-06
Algorithm converged after  2  iterations.
[1] 3.561156e-05 6.687114e-06 1.459744e-04 6.928309e-05
Algorithm converged after  2  iterations.
[1] 6.212778e-05 7.981630e-06 1.459744e-04 6.928309e-05
Algorithm converged after  2  iterations.
[1] 3.561156e-05 6.687114e-06 6.212778e-05 1.459744e-04
Algorithm converged after  2  iterations.
[1] 3.561156e-05 6.212778e-05 7.981630e-06 1.459744e-04
Algorithm converged after  2  iterations.
[1] 3.561156e-05 6.212778e-05 1.459744e-04 6.928309e-05
Algorithm converged after  2  iterations.
[1] 0.000599937
Algorithm converged after  2  iterations.
[1] 5.999370e-04 1.310022e-05
Algorithm converged after  8  iterations.
[1] 5.999370e-04 5.775581e-06
Algorithm converged after  8  iterations.
[1] 0.000599937 0.000239041
[1] 0.0014186418 0.0006080393
Algorithm converged after  19  iterations.
[1] 5.999370e-04 1.310022e-05 6.097021e-06
Algorithm converged after  7  iterations.
[1] 5.999370e-04 5.775581e-06 4.382476e-06
[1] 6.090881e-04 6.110914e-06 3.986327e-06
Algorithm converged after  17  iterations.
[1] 5.999370e-04 2.390410e-04 7.830999e-06
[1] 1.976281e-03 7.586270e-04 1.706769e-05
Algorithm converged after  20  iterations.
[1] 5.999370e-04 1.310022e-05 5.775581e-06
[1] 6.424368e-04 1.351122e-05 5.976119e-06
Algorithm converged after  19  iterations.
[1] 5.999370e-04 1.310022e-05 2.390410e-04
[1] 1.709376e-03 3.475243e-05 7.965825e-04
[1] 1.714695e-03 3.491765e-05 7.998715e-04
Algorithm converged after  28  iterations.
[1] 5.999370e-04 5.775581e-06 2.390410e-04
[1] 1.538392e-03 6.449735e-06 6.903675e-04
[1] 1.577651e-03 6.515482e-06 7.179709e-04
[1] 1.577980e-03 6.515786e-06 7.181826e-04
Algorithm converged after  32  iterations.
[1] 5.999370e-04 1.310022e-05 6.097021e-06 5.775581e-06
Algorithm converged after  8  iterations.
[1] 5.999370e-04 1.310022e-05 6.097021e-06 2.390410e-04
[1] 1.752927e-03 2.194903e-05 8.208319e-06 6.892848e-04
Algorithm converged after  17  iterations.
[1] 5.999370e-04 1.310022e-05 5.775581e-06 4.382476e-06
[1] 6.538780e-04 1.508528e-05 6.058099e-06 4.169178e-06
Algorithm converged after  11  iterations.
[1] 5.999370e-04 1.310022e-05 2.390410e-04 7.830999e-06
[1] 2.222179e-03 2.528359e-05 8.664177e-04 1.891191e-05
[1] 2.224285e-03 2.529890e-05 8.672411e-04 1.892953e-05
Algorithm converged after  22  iterations.
[1] 5.999370e-04 5.775581e-06 4.382476e-06 2.390410e-04
[1] 1.596550e-03 6.574750e-06 3.254723e-06 6.750594e-04
[1] 1.597152e-03 6.581818e-06 3.254953e-06 6.753826e-04
[1] 1.597036e-03 6.587915e-06 3.253993e-06 6.753801e-04
[1] 1.596916e-03 6.593546e-06 3.253035e-06 6.753703e-04
[1] 1.596793e-03 6.598740e-06 3.252100e-06 6.753551e-04
[1] 1.596670e-03 6.603527e-06 3.251194e-06 6.753354e-04
[1] 1.596545e-03 6.607938e-06 3.250318e-06 6.753118e-04
[1] 1.596420e-03 6.611998e-06 3.249472e-06 6.752848e-04
[1] 1.596295e-03 6.615735e-06 3.248655e-06 6.752550e-04
[1] 1.596172e-03 6.619172e-06 3.247868e-06 6.752227e-04
[1] 1.596049e-03 6.622332e-06 3.247109e-06 6.751883e-04
[1] 1.595928e-03 6.625236e-06 3.246379e-06 6.751523e-04
[1] 1.595809e-03 6.627904e-06 3.245676e-06 6.751150e-04
[1] 1.595691e-03 6.630354e-06 3.245000e-06 6.750765e-04
[1] 1.595576e-03 6.632604e-06 3.244350e-06 6.750373e-04
[1] 1.595463e-03 6.634668e-06 3.243726e-06 6.749975e-04
[1] 1.595353e-03 6.636562e-06 3.243126e-06 6.749573e-04
[1] 1.595245e-03 6.638299e-06 3.242550e-06 6.749170e-04
[1] 1.595140e-03 6.639892e-06 3.241996e-06 6.748766e-04
[1] 1.595038e-03 6.641352e-06 3.241465e-06 6.748364e-04
[1] 1.594938e-03 6.642690e-06 3.240956e-06 6.747964e-04
[1] 1.594842e-03 6.643916e-06 3.240467e-06 6.747568e-04
[1] 1.594748e-03 6.645038e-06 3.239998e-06 6.747177e-04
[1] 1.594656e-03 6.646066e-06 3.239548e-06 6.746791e-04
[1] 1.594568e-03 6.647006e-06 3.239117e-06 6.746412e-04
[1] 1.594482e-03 6.647867e-06 3.238703e-06 6.746039e-04
[1] 1.594399e-03 6.648655e-06 3.238306e-06 6.745673e-04
[1] 1.594319e-03 6.649375e-06 3.237926e-06 6.745315e-04
[1] 1.594242e-03 6.650034e-06 3.237561e-06 6.744965e-04
[1] 1.594167e-03 6.650636e-06 3.237212e-06 6.744623e-04
[1] 1.594094e-03 6.651186e-06 3.236877e-06 6.744290e-04
[1] 1.594025e-03 6.651688e-06 3.236556e-06 6.743965e-04
[1] 1.593957e-03 6.652147e-06 3.236248e-06 6.743649e-04
[1] 1.593892e-03 6.652566e-06 3.235954e-06 6.743342e-04
[1] 1.593830e-03 6.652949e-06 3.235671e-06 6.743044e-04
[1] 1.593769e-03 6.653297e-06 3.235400e-06 6.742754e-04
[1] 1.593711e-03 6.653616e-06 3.235141e-06 6.742473e-04
[1] 1.593655e-03 6.653906e-06 3.234892e-06 6.742201e-04
[1] 1.593601e-03 6.654170e-06 3.234654e-06 6.741937e-04
[1] 1.593549e-03 6.654411e-06 3.234426e-06 6.741682e-04
[1] 1.593499e-03 6.654630e-06 3.234207e-06 6.741435e-04
[1] 1.593451e-03 6.654830e-06 3.233998e-06 6.741196e-04
[1] 1.593405e-03 6.655012e-06 3.233797e-06 6.740965e-04
[1] 1.593360e-03 6.655177e-06 3.233605e-06 6.740742e-04
[1] 1.593318e-03 6.655327e-06 3.233421e-06 6.740526e-04
[1] 1.593276e-03 6.655463e-06 3.233244e-06 6.740318e-04
[1] 1.593237e-03 6.655587e-06 3.233075e-06 6.740118e-04
[1] 1.593199e-03 6.655699e-06 3.232913e-06 6.739924e-04
[1] 1.593162e-03 6.655801e-06 3.232758e-06 6.739738e-04
Algorithm did not converge after  500  iterations.
[1] 5.999370e-04 5.775581e-06 2.390410e-04 7.830999e-06
[1] 2.053482e-03 6.789868e-06 7.898034e-04 1.768057e-05
[1] 2.056112e-03 6.792512e-06 7.908221e-04 1.770077e-05
Algorithm converged after  23  iterations.
[1] 5.999370e-04 1.310022e-05 5.775581e-06 2.390410e-04
[1] 1.957430e-03 4.637873e-05 8.882156e-06 9.889378e-04
[1] 1.982384e-03 4.728720e-05 9.071225e-06 1.005846e-03
[1] 1.982841e-03 4.730406e-05 9.074813e-06 1.006157e-03
Algorithm converged after  35  iterations.
[1] 0.0005999370 0.0002037779
Algorithm converged after  2  iterations.
[1] 5.999370e-04 2.037779e-04 1.042283e-05
Algorithm converged after  10  iterations.
[1] 0.0005999370 0.0002037779 0.0000120838
[1] 6.681141e-04 1.584801e-04 1.803655e-05
Algorithm converged after  11  iterations.
[1] 5.999370e-04 2.037779e-04 7.235242e-06
[1] 5.272573e-04 6.612369e-05 1.318014e-05
Algorithm converged after  20  iterations.
[1] 5.999370e-04 2.037779e-04 1.042283e-05 2.755070e-06
[1] 6.513145e-04 2.209972e-04 1.366089e-05 3.114331e-06
Algorithm converged after  15  iterations.
[1] 5.999370e-04 2.037779e-04 1.208380e-05 3.360525e-06
[1] 7.004274e-04 1.569155e-04 1.777656e-05 4.026235e-06
[1] 7.004291e-04 1.568989e-04 1.777686e-05 4.025612e-06
Algorithm converged after  24  iterations.
[1] 5.999370e-04 2.037779e-04 7.235242e-06 2.915737e-06
[1] 5.822975e-04 2.046475e-04 8.432118e-06 2.751036e-06
Algorithm converged after  19  iterations.
[1] 5.999370e-04 2.037779e-04 1.042283e-05 1.208380e-05
[1] 6.577863e-04 3.640580e-05 4.943981e-05 7.274202e-05
Algorithm converged after  13  iterations.
[1] 5.999370e-04 2.037779e-04 1.042283e-05 7.235242e-06
[1] 0.0006234778 0.0001002734 0.0001133130 0.0010068424
[1] 0.0006883465 0.0001246298 0.0001367022 0.0013389912
[1] 0.0006966560 0.0001274414 0.0001396017 0.0013802706
[1] 0.0006976674 0.0001277795 0.0001399535 0.0013852800
[1] 0.0006977899 0.0001278203 0.0001399961 0.0013858864
[1] 0.0006978047 0.0001278253 0.0001400013 0.0013859598
Algorithm converged after  64  iterations.
[1] 5.999370e-04 2.037779e-04 1.208380e-05 7.235242e-06
[1] 6.375778e-04 6.124153e-05 1.223967e-05 3.252169e-04
[1] 6.623863e-04 6.560968e-05 1.151456e-05 3.694181e-04
[1] 6.624757e-04 6.562640e-05 1.152807e-05 3.696114e-04
Algorithm converged after  37  iterations.
numeric(0)
Algorithm converged after  1  iterations.
[1] 3.251791e-05
Algorithm converged after  2  iterations.
[1] 6.966792e-05
Algorithm converged after  2  iterations.
[1] 0.000132578
Algorithm converged after  2  iterations.
[1] 3.251791e-05 6.075783e-06
Algorithm converged after  2  iterations.
[1] 6.966792e-05 4.866573e-06
Algorithm converged after  2  iterations.
[1] 1.325780e-04 6.194736e-05
Algorithm converged after  2  iterations.
[1] 3.251791e-05 6.966792e-05
Algorithm converged after  2  iterations.
[1] 3.251791e-05 1.325780e-04
Algorithm converged after  2  iterations.
[1] 6.966792e-05 1.325780e-04
Algorithm converged after  2  iterations.
[1] 3.251791e-05 6.075783e-06 6.966792e-05
Algorithm converged after  2  iterations.
[1] 3.251791e-05 6.075783e-06 1.325780e-04
Algorithm converged after  2  iterations.
[1] 3.251791e-05 6.966792e-05 4.866573e-06
Algorithm converged after  2  iterations.
[1] 3.251791e-05 1.325780e-04 6.194736e-05
Algorithm converged after  2  iterations.
[1] 6.966792e-05 4.866573e-06 1.325780e-04
Algorithm converged after  2  iterations.
[1] 6.966792e-05 1.325780e-04 6.194736e-05
Algorithm converged after  2  iterations.
[1] 3.251791e-05 6.966792e-05 1.325780e-04
Algorithm converged after  2  iterations.
[1] 3.251791e-05 6.075783e-06 6.966792e-05 4.866573e-06
Algorithm converged after  2  iterations.
[1] 3.251791e-05 6.075783e-06 1.325780e-04 6.194736e-05
Algorithm converged after  2  iterations.
[1] 6.966792e-05 4.866573e-06 1.325780e-04 6.194736e-05
Algorithm converged after  2  iterations.
[1] 3.251791e-05 6.075783e-06 6.966792e-05 1.325780e-04
Algorithm converged after  2  iterations.
[1] 3.251791e-05 6.966792e-05 4.866573e-06 1.325780e-04
Algorithm converged after  2  iterations.
[1] 3.251791e-05 6.966792e-05 1.325780e-04 6.194736e-05
Algorithm converged after  2  iterations.
[1] 0.0005838346
Algorithm converged after  2  iterations.
[1] 5.838346e-04 7.175531e-06
Algorithm converged after  10  iterations.
[1] 5.838346e-04 7.220778e-06
Algorithm converged after  8  iterations.
[1] 0.0005838346 0.0002084107
[1] 0.0010585016 0.0004148102
Algorithm converged after  16  iterations.
[1] 5.838346e-04 7.175531e-06 4.935828e-06
Algorithm converged after  9  iterations.
[1] 5.838346e-04 7.220778e-06 5.072093e-06
[1] 5.654881e-04 7.395314e-06 5.145229e-06
Algorithm converged after  11  iterations.
[1] 5.838346e-04 2.084107e-04 7.201228e-06
[1] 1.409684e-03 4.707550e-04 1.254141e-05
Algorithm converged after  15  iterations.
[1] 5.838346e-04 7.175531e-06 7.220778e-06
[1] 6.387306e-04 1.228731e-05 1.734916e-05
Algorithm converged after  13  iterations.
[1] 5.838346e-04 7.175531e-06 2.084107e-04
[1] 1.197956e-03 1.142476e-05 5.064094e-04
Algorithm converged after  16  iterations.
[1] 5.838346e-04 7.220778e-06 2.084107e-04
[1] 1.042030e-03 7.235149e-06 3.800892e-04
Algorithm converged after  14  iterations.
[1] 5.838346e-04 7.175531e-06 4.935828e-06 7.220778e-06
Algorithm converged after  8  iterations.
[1] 5.838346e-04 7.175531e-06 4.935828e-06 2.084107e-04
[1] 1.262750e-03 8.977945e-06 6.813894e-06 4.458886e-04
Algorithm converged after  14  iterations.
[1] 5.838346e-04 7.175531e-06 7.220778e-06 5.072093e-06
[1] 6.272844e-04 7.812324e-06 7.603590e-06 5.198960e-06
Algorithm converged after  12  iterations.
[1] 5.838346e-04 7.175531e-06 2.084107e-04 7.201228e-06
[1] 1.755839e-03 1.046759e-05 5.948127e-04 1.522358e-05
Algorithm converged after  18  iterations.
[1] 5.838346e-04 7.220778e-06 5.072093e-06 2.084107e-04
[1] 1.026384e-03 7.770248e-06 5.270196e-06 3.799923e-04
Algorithm converged after  16  iterations.
[1] 5.838346e-04 7.220778e-06 2.084107e-04 7.201228e-06
[1] 1.459306e-03 8.712822e-06 4.897141e-04 1.287887e-05
Algorithm converged after  16  iterations.
[1] 5.838346e-04 7.175531e-06 7.220778e-06 2.084107e-04
[1] 1.194280e-03 1.045501e-05 6.765613e-06 4.748128e-04
Algorithm converged after  20  iterations.
[1] 0.0005838346 0.0001490565
Algorithm converged after  2  iterations.
[1] 5.838346e-04 1.490565e-04 1.306209e-05
[1] 6.813354e-04 4.765489e-05 2.147248e-05
Algorithm converged after  15  iterations.
[1] 5.838346e-04 1.490565e-04 1.225226e-05
[1] 6.602802e-04 6.699962e-05 1.934913e-05
Algorithm converged after  18  iterations.
[1] 5.838346e-04 1.490565e-04 5.052891e-06
[1] 5.035677e-04 4.043813e-05 2.736425e-05
[1] 5.035977e-04 4.044417e-05 2.732340e-05
Algorithm converged after  23  iterations.
[1] 5.838346e-04 1.490565e-04 1.306209e-05 2.864533e-06
[1] 6.826571e-04 1.136645e-04 1.883875e-05 3.532605e-06
Algorithm converged after  12  iterations.
[1] 5.838346e-04 1.490565e-04 1.225226e-05 3.829846e-06
[1] 6.561879e-04 7.033047e-05 1.747348e-05 4.524532e-06
[1] 6.563348e-04 7.017741e-05 1.748090e-05 4.516919e-06
[1] 6.563587e-04 7.015061e-05 1.748192e-05 4.515584e-06
[1] 6.563628e-04 7.014601e-05 1.748208e-05 4.515354e-06
[1] 6.563634e-04 7.014522e-05 1.748211e-05 4.515315e-06
[1] 6.563636e-04 7.014508e-05 1.748211e-05 4.515308e-06
Algorithm converged after  61  iterations.
[1] 5.838346e-04 1.490565e-04 5.052891e-06 1.951554e-06
[1] 5.464688e-04 1.164036e-04 6.644958e-06 1.763569e-06
[1] 6.640133e-04 1.667041e-04 6.982727e-06 1.731996e-06
[1] 6.435003e-04 1.654619e-04 7.516888e-06 1.511425e-06
[1] 7.216757e-04 1.923043e-04 8.003742e-06 1.399277e-06
[1] 7.459707e-04 1.998424e-04 8.209058e-06 1.620309e-06
[1] 7.848162e-04 2.093439e-04 8.755929e-06 1.659599e-06
[1] 7.778545e-04 2.062167e-04 9.020921e-06 1.425825e-06
[1] 7.693279e-04 2.026801e-04 9.039608e-06 1.370065e-06
[1] 7.671929e-04 2.017701e-04 9.036820e-06 1.360599e-06
[1] 7.666608e-04 2.015421e-04 9.035569e-06 1.358522e-06
[1] 7.665236e-04 2.014833e-04 9.035207e-06 1.358006e-06
[1] 7.664879e-04 2.014680e-04 9.035110e-06 1.357873e-06
[1] 7.664786e-04 2.014640e-04 9.035084e-06 1.357839e-06
[1] 7.664761e-04 2.014629e-04 9.035077e-06 1.357830e-06
[1] 7.664755e-04 2.014626e-04 9.035076e-06 1.357827e-06
Algorithm converged after  154  iterations.
[1] 5.838346e-04 1.490565e-04 1.306209e-05 1.225226e-05
[1] 7.022111e-04 3.322069e-05 5.591758e-05 5.982539e-05
Algorithm converged after  13  iterations.
[1] 5.838346e-04 1.490565e-04 1.306209e-05 5.052891e-06
[1] 6.049262e-04 8.267917e-05 9.772827e-05 5.399085e-04
[1] 6.177522e-04 9.245608e-05 1.063012e-04 6.213377e-04
[1] 0.0006191917 0.0000934968 0.0001072359 0.0006301093
[1] 6.193457e-04 9.360752e-05 1.073356e-04 6.310436e-04
[1] 0.0006193621 0.0000936193 0.0001073462 0.0006311430
Algorithm converged after  58  iterations.
[1] 5.838346e-04 1.490565e-04 1.225226e-05 5.052891e-06
[1] 6.189910e-04 4.239356e-05 6.626614e-05 1.983316e-04
[1] 6.251677e-04 4.246881e-05 6.776030e-05 2.145356e-04
[1] 6.254979e-04 4.247006e-05 6.783750e-05 2.153843e-04
[1] 6.255150e-04 4.247012e-05 6.784148e-05 2.154281e-04
Algorithm converged after  46  iterations.
numeric(0)
Algorithm converged after  1  iterations.
[1] 4.789913e-05
Algorithm converged after  2  iterations.
[1] 6.759641e-05
Algorithm converged after  2  iterations.
[1] 0.0001003887
Algorithm converged after  2  iterations.
[1] 4.789913e-05 7.192733e-06
Algorithm converged after  2  iterations.
[1] 6.759641e-05 4.080791e-06
Algorithm converged after  2  iterations.
[1] 1.003887e-04 3.243433e-05
Algorithm converged after  2  iterations.
[1] 4.789913e-05 6.759641e-05
Algorithm converged after  2  iterations.
[1] 4.789913e-05 1.003887e-04
Algorithm converged after  2  iterations.
[1] 6.759641e-05 1.003887e-04
Algorithm converged after  2  iterations.
[1] 4.789913e-05 7.192733e-06 6.759641e-05
Algorithm converged after  2  iterations.
[1] 4.789913e-05 7.192733e-06 1.003887e-04
Algorithm converged after  2  iterations.
[1] 4.789913e-05 6.759641e-05 4.080791e-06
Algorithm converged after  2  iterations.
[1] 4.789913e-05 1.003887e-04 3.243433e-05
Algorithm converged after  2  iterations.
[1] 6.759641e-05 4.080791e-06 1.003887e-04
Algorithm converged after  2  iterations.
[1] 6.759641e-05 1.003887e-04 3.243433e-05
Algorithm converged after  2  iterations.
[1] 4.789913e-05 6.759641e-05 1.003887e-04
Algorithm converged after  2  iterations.
[1] 4.789913e-05 7.192733e-06 6.759641e-05 4.080791e-06
Algorithm converged after  2  iterations.
[1] 4.789913e-05 7.192733e-06 1.003887e-04 3.243433e-05
Algorithm converged after  2  iterations.
[1] 6.759641e-05 4.080791e-06 1.003887e-04 3.243433e-05
Algorithm converged after  2  iterations.
[1] 4.789913e-05 7.192733e-06 6.759641e-05 1.003887e-04
Algorithm converged after  2  iterations.
[1] 4.789913e-05 6.759641e-05 4.080791e-06 1.003887e-04
Algorithm converged after  2  iterations.
[1] 4.789913e-05 6.759641e-05 1.003887e-04 3.243433e-05
Algorithm converged after  2  iterations.
[1] 0.0005663509
Algorithm converged after  2  iterations.
[1] 5.663509e-04 7.805498e-06
Algorithm converged after  7  iterations.
[1] 0.0005663509 0.0000108651
Algorithm converged after  8  iterations.
[1] 0.0005663509 0.0001867280
[1] 0.0008680627 0.0003549711
Algorithm converged after  14  iterations.
[1] 5.663509e-04 7.805498e-06 5.963063e-06
Algorithm converged after  7  iterations.
[1] 5.663509e-04 1.086510e-05 3.973325e-06
[1] 5.726923e-04 1.101972e-05 4.125547e-06
Algorithm converged after  12  iterations.
[1] 5.663509e-04 1.867280e-04 1.027997e-05
[1] 1.153695e-03 3.429350e-04 1.717823e-05
Algorithm converged after  13  iterations.
[1] 5.663509e-04 7.805498e-06 1.086510e-05
Algorithm converged after  8  iterations.
[1] 5.663509e-04 7.805498e-06 1.867280e-04
[1] 9.559413e-04 9.402507e-06 3.197348e-04
Algorithm converged after  14  iterations.
[1] 0.0005663509 0.0000108651 0.0001867280
[1] 8.622146e-04 1.049722e-05 3.103077e-04
Algorithm converged after  13  iterations.
[1] 5.663509e-04 7.805498e-06 5.963063e-06 1.086510e-05
Algorithm converged after  8  iterations.
[1] 5.663509e-04 7.805498e-06 5.963063e-06 1.867280e-04
[1] 1.073452e-03 1.042602e-05 7.834526e-06 3.454473e-04
Algorithm converged after  13  iterations.
[1] 5.663509e-04 7.805498e-06 1.086510e-05 3.973325e-06
Algorithm converged after  8  iterations.
[1] 5.663509e-04 7.805498e-06 1.867280e-04 1.027997e-05
[1] 1.329164e-03 1.208268e-05 3.968827e-04 1.921506e-05
Algorithm converged after  15  iterations.
[1] 5.663509e-04 1.086510e-05 3.973325e-06 1.867280e-04
[1] 8.904056e-04 1.266386e-05 4.266142e-06 2.968933e-04
Algorithm converged after  16  iterations.
[1] 5.663509e-04 1.086510e-05 1.867280e-04 1.027997e-05
[1] 1.215715e-03 1.514133e-05 3.624058e-04 1.789947e-05
Algorithm converged after  14  iterations.
[1] 5.663509e-04 7.805498e-06 1.086510e-05 1.867280e-04
[1] 9.487228e-04 9.846743e-06 1.319343e-05 2.994684e-04
Algorithm converged after  12  iterations.
[1] 0.0005663509 0.0001073147
Algorithm converged after  2  iterations.
[1] 5.663509e-04 1.073147e-04 1.688098e-05
[1] 6.628036e-04 3.134239e-05 2.793874e-05
Algorithm converged after  19  iterations.
[1] 5.663509e-04 1.073147e-04 1.649242e-05
[1] 6.550847e-04 3.789425e-05 2.999130e-05
[1] 6.551126e-04 3.785872e-05 2.999526e-05
Algorithm converged after  26  iterations.
[1] 5.663509e-04 1.073147e-04 4.452055e-06
[1] 4.887411e-04 6.834361e-05 3.343092e-04
[1] 4.885909e-04 6.857704e-05 3.361520e-04
Algorithm converged after  26  iterations.
[1] 5.663509e-04 1.073147e-04 1.688098e-05 3.020697e-06
[1] 6.652208e-04 7.187483e-05 2.457820e-05 3.611908e-06
Algorithm converged after  12  iterations.
[1] 5.663509e-04 1.073147e-04 1.649242e-05 3.677993e-06
[1] 6.570850e-04 4.715100e-05 2.683526e-05 4.530425e-06
Algorithm converged after  18  iterations.
[1] 5.663509e-04 1.073147e-04 4.452055e-06 2.844163e-06
[1] 4.878107e-04 8.004956e-05 2.336282e-04 9.337214e-06
[1] 4.877529e-04 8.062047e-05 2.362269e-04 9.380658e-06
Algorithm converged after  27  iterations.
[1] 5.663509e-04 1.073147e-04 1.688098e-05 1.649242e-05
[1] 7.515720e-04 3.400148e-05 6.309513e-05 7.257665e-05
Algorithm converged after  13  iterations.
[1] 5.663509e-04 1.073147e-04 1.688098e-05 4.452055e-06
[1] 7.587004e-04 1.008427e-04 2.065306e-05 6.955698e-04
[1] 7.586353e-04 1.010684e-04 2.071633e-05 6.978496e-04
Algorithm converged after  25  iterations.
[1] 5.663509e-04 1.073147e-04 1.649242e-05 4.452055e-06
[1] 7.201646e-04 6.537030e-05 6.775515e-06 4.055243e-04
[1] 7.207176e-04 6.549869e-05 6.758738e-06 4.062859e-04
Algorithm converged after  21  iterations.
numeric(0)
Algorithm converged after  1  iterations.
[1] 3.281141e-05
Algorithm converged after  2  iterations.
[1] 5.963391e-05
Algorithm converged after  2  iterations.
[1] 0.0001309993
Algorithm converged after  2  iterations.
[1] 3.281141e-05 7.769207e-06
Algorithm converged after  2  iterations.
[1] 5.963391e-05 5.816352e-06
Algorithm converged after  2  iterations.
[1] 1.309993e-04 6.026168e-05
Algorithm converged after  2  iterations.
[1] 3.281141e-05 5.963391e-05
Algorithm converged after  2  iterations.
[1] 3.281141e-05 1.309993e-04
Algorithm converged after  2  iterations.
[1] 5.963391e-05 1.309993e-04
Algorithm converged after  2  iterations.
[1] 3.281141e-05 7.769207e-06 5.963391e-05
Algorithm converged after  2  iterations.
[1] 3.281141e-05 7.769207e-06 1.309993e-04
Algorithm converged after  2  iterations.
[1] 3.281141e-05 5.963391e-05 5.816352e-06
Algorithm converged after  2  iterations.
[1] 3.281141e-05 1.309993e-04 6.026168e-05
Algorithm converged after  2  iterations.
[1] 5.963391e-05 5.816352e-06 1.309993e-04
Algorithm converged after  2  iterations.
[1] 5.963391e-05 1.309993e-04 6.026168e-05
Algorithm converged after  2  iterations.
[1] 3.281141e-05 5.963391e-05 1.309993e-04
Algorithm converged after  2  iterations.
[1] 3.281141e-05 7.769207e-06 5.963391e-05 5.816352e-06
Algorithm converged after  2  iterations.
[1] 3.281141e-05 7.769207e-06 1.309993e-04 6.026168e-05
Algorithm converged after  2  iterations.
[1] 5.963391e-05 5.816352e-06 1.309993e-04 6.026168e-05
Algorithm converged after  2  iterations.
[1] 3.281141e-05 7.769207e-06 5.963391e-05 1.309993e-04
Algorithm converged after  2  iterations.
[1] 3.281141e-05 5.963391e-05 5.816352e-06 1.309993e-04
Algorithm converged after  2  iterations.
[1] 3.281141e-05 5.963391e-05 1.309993e-04 6.026168e-05
Algorithm converged after  2  iterations.
[1] 0.0005264721
Algorithm converged after  2  iterations.
[1] 5.264721e-04 7.280306e-06
Algorithm converged after  7  iterations.
[1] 5.264721e-04 1.349791e-05
Algorithm converged after  8  iterations.
[1] 0.0005264721 0.0002146950
[1] 0.0008699729 0.0004171376
Algorithm converged after  15  iterations.
[1] 5.264721e-04 7.280306e-06 5.787833e-06
Algorithm converged after  8  iterations.
[1] 5.264721e-04 1.349791e-05 5.047091e-06
Algorithm converged after  9  iterations.
[1] 5.264721e-04 2.146950e-04 9.683333e-06
[1] 1.179767e-03 4.397407e-04 1.555961e-05
Algorithm converged after  14  iterations.
[1] 5.264721e-04 7.280306e-06 1.349791e-05
[1] 5.609147e-04 7.835516e-06 1.273092e-05
Algorithm converged after  11  iterations.
[1] 5.264721e-04 7.280306e-06 2.146950e-04
[1] 9.508056e-04 1.135534e-05 5.038869e-04
Algorithm converged after  16  iterations.
[1] 5.264721e-04 1.349791e-05 2.146950e-04
[1] 8.569415e-04 1.297743e-05 3.726133e-04
Algorithm converged after  13  iterations.
[1] 5.264721e-04 7.280306e-06 5.787833e-06 1.349791e-05
Algorithm converged after  8  iterations.
[1] 5.264721e-04 7.280306e-06 5.787833e-06 2.146950e-04
[1] 9.851896e-04 8.238982e-06 6.453587e-06 3.939588e-04
Algorithm converged after  13  iterations.
[1] 5.264721e-04 7.280306e-06 1.349791e-05 5.047091e-06
Algorithm converged after  9  iterations.
[1] 5.264721e-04 7.280306e-06 2.146950e-04 9.683333e-06
[1] 1.397300e-03 9.504523e-06 5.292902e-04 1.778680e-05
Algorithm converged after  19  iterations.
[1] 5.264721e-04 1.349791e-05 5.047091e-06 2.146950e-04
[1] 8.312946e-04 1.467134e-05 5.365973e-06 3.450860e-04
Algorithm converged after  13  iterations.
[1] 5.264721e-04 1.349791e-05 2.146950e-04 9.683333e-06
[1] 1.237229e-03 1.698788e-05 4.659728e-04 1.610002e-05
Algorithm converged after  16  iterations.
[1] 5.264721e-04 7.280306e-06 1.349791e-05 2.146950e-04
[1] 9.319460e-04 9.797055e-06 1.137144e-05 4.429964e-04
Algorithm converged after  14  iterations.
[1] 0.0005264721 0.0001321570
Algorithm converged after  2  iterations.
[1] 5.264721e-04 1.321570e-04 1.000777e-05
[1] 5.811175e-04 3.531544e-05 1.814919e-05
Algorithm converged after  13  iterations.
[1] 5.264721e-04 1.321570e-04 1.633092e-05
[1] 5.962442e-04 3.110096e-05 3.710582e-05
Algorithm converged after  18  iterations.
[1] 5.264721e-04 1.321570e-04 6.155739e-06
[1] 8.748134e-04 7.925008e-05 9.046151e-04
[1] 8.772506e-04 7.974928e-05 9.098203e-04
Algorithm converged after  25  iterations.
[1] 5.264721e-04 1.321570e-04 1.000777e-05 3.297730e-06
[1] 5.741404e-04 9.997151e-05 1.275693e-05 3.782571e-06
Algorithm converged after  12  iterations.
[1] 5.264721e-04 1.321570e-04 1.633092e-05 4.217900e-06
[1] 6.045299e-04 2.442184e-05 3.868457e-05 5.312013e-06
[1] 6.047727e-04 2.425845e-05 3.872758e-05 5.292124e-06
[1] 6.047773e-04 2.425494e-05 3.872811e-05 5.291725e-06
Algorithm converged after  36  iterations.
[1] 5.264721e-04 1.321570e-04 6.155739e-06 3.450894e-06
[1] 5.146397e-04 1.004713e-04 8.312705e-06 6.435768e-06
[1] 5.211837e-04 1.044288e-04 8.378387e-06 6.281263e-06
[1] 5.203339e-04 1.034850e-04 8.344215e-06 6.203280e-06
[1] 5.201938e-04 1.033266e-04 8.338761e-06 6.188988e-06
[1] 5.201672e-04 1.032963e-04 8.337729e-06 6.186220e-06
[1] 5.201620e-04 1.032904e-04 8.337528e-06 6.185676e-06
Algorithm converged after  70  iterations.
[1] 5.264721e-04 1.321570e-04 1.000777e-05 1.633092e-05
[1] 6.049614e-04 2.149596e-05 9.516666e-06 1.924430e-05
[1] 6.051722e-04 2.153510e-05 9.531580e-06 1.928068e-05
Algorithm converged after  23  iterations.
[1] 5.264721e-04 1.321570e-04 1.000777e-05 6.155739e-06
[1] 8.978872e-04 2.590011e-04 2.224115e-05 2.519308e-05
[1] 8.954516e-04 2.580532e-04 2.219067e-05 2.506844e-05
Algorithm converged after  28  iterations.
[1] 5.264721e-04 1.321570e-04 1.633092e-05 6.155739e-06
[1] 9.480861e-04 2.637312e-04 3.692241e-05 3.270261e-05
[1] 8.938090e-04 2.462265e-04 3.561636e-05 2.956149e-05
[1] 8.749814e-04 2.395441e-04 3.514790e-05 2.848371e-05
[1] 8.700425e-04 2.377404e-04 3.502384e-05 2.820287e-05
[1] 8.688289e-04 2.372939e-04 3.499328e-05 2.813406e-05
[1] 8.685366e-04 2.371861e-04 3.498592e-05 2.811751e-05
[1] 8.684666e-04 2.371603e-04 3.498416e-05 2.811355e-05
[1] 8.684499e-04 2.371542e-04 3.498374e-05 2.811260e-05
Algorithm converged after  85  iterations.
numeric(0)
Algorithm converged after  1  iterations.
[1] 3.606499e-05
Algorithm converged after  2  iterations.
[1] 5.135895e-05
Algorithm converged after  2  iterations.
[1] 0.000131067
Algorithm converged after  2  iterations.
[1] 3.606499e-05 9.518685e-06
Algorithm converged after  2  iterations.
[1] 5.135895e-05 4.646924e-06
Algorithm converged after  2  iterations.
[1] 1.310670e-04 6.132219e-05
Algorithm converged after  2  iterations.
[1] 3.606499e-05 5.135895e-05
Algorithm converged after  2  iterations.
[1] 3.606499e-05 1.310670e-04
Algorithm converged after  2  iterations.
[1] 5.135895e-05 1.310670e-04
Algorithm converged after  2  iterations.
[1] 3.606499e-05 9.518685e-06 5.135895e-05
Algorithm converged after  2  iterations.
[1] 3.606499e-05 9.518685e-06 1.310670e-04
Algorithm converged after  2  iterations.
[1] 3.606499e-05 5.135895e-05 4.646924e-06
Algorithm converged after  2  iterations.
[1] 3.606499e-05 1.310670e-04 6.132219e-05
Algorithm converged after  2  iterations.
[1] 5.135895e-05 4.646924e-06 1.310670e-04
Algorithm converged after  2  iterations.
[1] 5.135895e-05 1.310670e-04 6.132219e-05
Algorithm converged after  2  iterations.
[1] 3.606499e-05 5.135895e-05 1.310670e-04
Algorithm converged after  2  iterations.
[1] 3.606499e-05 9.518685e-06 5.135895e-05 4.646924e-06
Algorithm converged after  2  iterations.
[1] 3.606499e-05 9.518685e-06 1.310670e-04 6.132219e-05
Algorithm converged after  2  iterations.
[1] 5.135895e-05 4.646924e-06 1.310670e-04 6.132219e-05
Algorithm converged after  2  iterations.
[1] 3.606499e-05 9.518685e-06 5.135895e-05 1.310670e-04
Algorithm converged after  2  iterations.
[1] 3.606499e-05 5.135895e-05 4.646924e-06 1.310670e-04
Algorithm converged after  2  iterations.
[1] 3.606499e-05 5.135895e-05 1.310670e-04 6.132219e-05
Algorithm converged after  2  iterations.
[1] 0.0005233097
Algorithm converged after  2  iterations.
[1] 5.233097e-04 7.707960e-06
Algorithm converged after  8  iterations.
[1] 5.233097e-04 8.207247e-06
Algorithm converged after  8  iterations.
[1] 0.0005233097 0.0002948038
[1] 0.0010643862 0.0006185326
Algorithm converged after  16  iterations.
[1] 5.233097e-04 7.707960e-06 5.975592e-06
[1] 6.561559e-04 8.463463e-06 6.448246e-06
Algorithm converged after  11  iterations.
[1] 5.233097e-04 8.207247e-06 4.357661e-06
[1] 5.117827e-04 8.318036e-06 4.535842e-06
Algorithm converged after  11  iterations.
[1] 5.233097e-04 2.948038e-04 6.613372e-06
[1] 1.370331e-03 6.777671e-04 1.234659e-05
Algorithm converged after  16  iterations.
[1] 5.233097e-04 7.707960e-06 8.207247e-06
Algorithm converged after  8  iterations.
[1] 5.233097e-04 7.707960e-06 2.948038e-04
[1] 1.294325e-03 1.109381e-05 7.707377e-04
Algorithm converged after  19  iterations.
[1] 5.233097e-04 8.207247e-06 2.948038e-04
[1] 1.055725e-03 8.294835e-06 5.829854e-04
Algorithm converged after  15  iterations.
[1] 5.233097e-04 7.707960e-06 5.975592e-06 8.207247e-06
[1] 6.681733e-04 8.179664e-06 5.720546e-06 8.419719e-06
Algorithm converged after  18  iterations.
[1] 5.233097e-04 7.707960e-06 5.975592e-06 2.948038e-04
[1] 1.410239e-03 1.102025e-05 7.826426e-06 7.777742e-04
Algorithm converged after  20  iterations.
[1] 5.233097e-04 7.707960e-06 8.207247e-06 4.357661e-06
Algorithm converged after  10  iterations.
[1] 5.233097e-04 7.707960e-06 2.948038e-04 6.613372e-06
[1] 1.932848e-03 1.256278e-05 9.548913e-04 1.683485e-05
[1] 1.940318e-03 1.259166e-05 9.584771e-04 1.690118e-05
Algorithm converged after  28  iterations.
[1] 5.233097e-04 8.207247e-06 4.357661e-06 2.948038e-04
[1] 1.065827e-03 9.101950e-06 4.649106e-06 5.722407e-04
Algorithm converged after  16  iterations.
[1] 5.233097e-04 8.207247e-06 2.948038e-04 6.613372e-06
[1] 1.419282e-03 1.068728e-05 7.043614e-04 1.271524e-05
Algorithm converged after  17  iterations.
[1] 5.233097e-04 7.707960e-06 8.207247e-06 2.948038e-04
[1] 1.386784e-03 1.079810e-05 8.363144e-06 7.578376e-04
[1] 1.370293e-03 1.077832e-05 8.156692e-06 7.564769e-04
Algorithm converged after  29  iterations.
[1] 0.0005233097 0.0001657228
Algorithm converged after  2  iterations.
[1] 5.233097e-04 1.657228e-04 1.652537e-05
[1] 6.155219e-04 2.433419e-05 3.334812e-05
[1] 6.161931e-04 2.427399e-05 3.342680e-05
[1] 6.162189e-04 2.427535e-05 3.342778e-05
[1] 6.162193e-04 2.427556e-05 3.342779e-05
Algorithm converged after  42  iterations.
[1] 0.0005233097 0.0001657228 0.0000118997
[1] 5.998638e-04 5.954940e-05 1.916626e-05
[1] 5.998361e-04 5.957860e-05 1.916506e-05
Algorithm converged after  26  iterations.
[1] 5.233097e-04 1.657228e-04 4.636980e-06
[1] 4.960968e-04 1.721744e-04 5.876187e-06
[1] 4.964061e-04 1.722584e-04 5.878883e-06
Algorithm converged after  27  iterations.
[1] 5.233097e-04 1.657228e-04 1.652537e-05 2.800042e-06
[1] 6.521520e-04 9.080439e-05 2.508857e-05 3.555086e-06
Algorithm converged after  14  iterations.
[1] 5.233097e-04 1.657228e-04 1.189970e-05 3.719403e-06
[1] 6.417807e-04 5.209109e-05 2.183191e-05 5.033183e-06
[1] 6.422449e-04 5.159125e-05 2.243514e-05 4.931882e-06
[1] 6.422876e-04 5.142014e-05 2.244335e-05 4.922622e-06
[1] 6.422907e-04 5.140746e-05 2.244371e-05 4.921963e-06
[1] 6.422909e-04 5.140656e-05 2.244374e-05 4.921916e-06
Algorithm converged after  56  iterations.
[1] 5.233097e-04 1.657228e-04 4.636980e-06 1.689609e-06
[1] 4.797686e-04 1.544402e-04 7.193742e-06 4.076982e-06
[1] 4.800308e-04 1.545318e-04 7.185186e-06 4.065424e-06
[1] 4.800430e-04 1.545360e-04 7.184957e-06 4.064995e-06
Algorithm converged after  33  iterations.
[1] 5.233097e-04 1.657228e-04 1.652537e-05 1.189970e-05
[1] 6.546474e-04 4.710588e-05 2.925547e-05 2.336508e-05
[1] 5.448003e-04 2.556042e-05 1.444126e-05 1.382017e-05
Algorithm converged after  23  iterations.
[1] 5.233097e-04 1.657228e-04 1.652537e-05 4.636980e-06
[1] 7.854687e-04 1.941467e-04 4.168544e-05 1.642112e-05
[1] 7.881224e-04 1.959694e-04 4.181897e-05 1.660310e-05
[1] 7.883323e-04 1.960940e-04 4.182888e-05 1.661463e-05
[1] 7.883458e-04 1.961019e-04 4.182952e-05 1.661534e-05
Algorithm converged after  41  iterations.
[1] 5.233097e-04 1.657228e-04 1.189970e-05 4.636980e-06
[1] 6.920358e-04 7.204714e-05 2.619964e-05 6.751471e-05
[1] 6.642706e-04 6.851405e-05 2.799434e-05 5.231077e-05
[1] 6.649614e-04 6.859494e-05 2.794763e-05 5.267279e-05
[1] 6.649450e-04 6.859370e-05 2.794872e-05 5.266450e-05
Algorithm converged after  44  iterations.
numeric(0)
Algorithm converged after  1  iterations.
[1] 4.13512e-05
Algorithm converged after  2  iterations.
[1] 6.616465e-05
Algorithm converged after  2  iterations.
[1] 0.0001349211
Algorithm converged after  2  iterations.
[1] 4.135120e-05 1.246124e-05
Algorithm converged after  2  iterations.
[1] 6.616465e-05 5.482250e-06
Algorithm converged after  2  iterations.
[1] 1.349211e-04 6.174873e-05
Algorithm converged after  2  iterations.
[1] 4.135120e-05 6.616465e-05
Algorithm converged after  2  iterations.
[1] 0.0000413512 0.0001349211
Algorithm converged after  2  iterations.
[1] 6.616465e-05 1.349211e-04
Algorithm converged after  2  iterations.
[1] 4.135120e-05 1.246124e-05 6.616465e-05
Algorithm converged after  2  iterations.
[1] 4.135120e-05 1.246124e-05 1.349211e-04
Algorithm converged after  2  iterations.
[1] 4.135120e-05 6.616465e-05 5.482250e-06
Algorithm converged after  2  iterations.
[1] 4.135120e-05 1.349211e-04 6.174873e-05
Algorithm converged after  2  iterations.
[1] 6.616465e-05 5.482250e-06 1.349211e-04
Algorithm converged after  2  iterations.
[1] 6.616465e-05 1.349211e-04 6.174873e-05
Algorithm converged after  2  iterations.
[1] 4.135120e-05 6.616465e-05 1.349211e-04
Algorithm converged after  2  iterations.
[1] 4.135120e-05 1.246124e-05 6.616465e-05 5.482250e-06
Algorithm converged after  2  iterations.
[1] 4.135120e-05 1.246124e-05 1.349211e-04 6.174873e-05
Algorithm converged after  2  iterations.
[1] 6.616465e-05 5.482250e-06 1.349211e-04 6.174873e-05
Algorithm converged after  2  iterations.
[1] 4.135120e-05 1.246124e-05 6.616465e-05 1.349211e-04
Algorithm converged after  2  iterations.
[1] 4.135120e-05 6.616465e-05 5.482250e-06 1.349211e-04
Algorithm converged after  2  iterations.
[1] 4.135120e-05 6.616465e-05 1.349211e-04 6.174873e-05
Algorithm converged after  2  iterations.
[1] 0.0006163095
Algorithm converged after  2  iterations.
[1] 6.163095e-04 7.849594e-06
Algorithm converged after  9  iterations.
[1] 6.163095e-04 6.438362e-06
Algorithm converged after  10  iterations.
[1] 0.0006163095 0.0002193812
[1] 0.0014549767 0.0005714702
Algorithm converged after  19  iterations.
[1] 6.163095e-04 7.849594e-06 6.083336e-06
Algorithm converged after  7  iterations.
[1] 6.163095e-04 6.438362e-06 4.859736e-06
[1] 5.931670e-04 6.629920e-06 4.894191e-06
Algorithm converged after  12  iterations.
[1] 6.163095e-04 2.193812e-04 8.855437e-06
[1] 1.977282e-03 6.901587e-04 1.832241e-05
Algorithm converged after  19  iterations.
[1] 6.163095e-04 7.849594e-06 6.438362e-06
Algorithm converged after  9  iterations.
[1] 6.163095e-04 7.849594e-06 2.193812e-04
[1] 1.754688e-03 2.176653e-05 7.415637e-04
[1] 1.758846e-03 2.185995e-05 7.439392e-04
Algorithm converged after  27  iterations.
[1] 6.163095e-04 6.438362e-06 2.193812e-04
[1] 1.511676e-03 9.578048e-06 6.197694e-04
[1] 1.512429e-03 9.582452e-06 6.201604e-04
Algorithm converged after  21  iterations.
[1] 6.163095e-04 7.849594e-06 6.083336e-06 6.438362e-06
Algorithm converged after  10  iterations.
[1] 6.163095e-04 7.849594e-06 6.083336e-06 2.193812e-04
[1] 1.785829e-03 1.376327e-05 8.676625e-06 6.398225e-04
Algorithm converged after  17  iterations.
[1] 6.163095e-04 7.849594e-06 6.438362e-06 4.859736e-06
Algorithm converged after  8  iterations.
[1] 6.163095e-04 7.849594e-06 2.193812e-04 8.855437e-06
[1] 2.305726e-03 1.674635e-05 8.236068e-04 2.075169e-05
[1] 2.307174e-03 1.675442e-05 8.241374e-04 2.076436e-05
Algorithm converged after  21  iterations.
[1] 6.163095e-04 6.438362e-06 4.859736e-06 2.193812e-04
[1] 1.391427e-03 6.553805e-06 4.958394e-06 4.975916e-04
Algorithm converged after  18  iterations.
[1] 6.163095e-04 6.438362e-06 2.193812e-04 8.855437e-06
[1] 2.059076e-03 7.018404e-06 7.281889e-04 1.907519e-05
[1] 2.060481e-03 7.019473e-06 7.286952e-04 1.908680e-05
Algorithm converged after  21  iterations.
[1] 6.163095e-04 7.849594e-06 6.438362e-06 2.193812e-04
[1] 1.842599e-03 2.438891e-05 1.297732e-05 8.186287e-04
[1] 1.851016e-03 2.458500e-05 1.306615e-05 8.237743e-04
[1] 1.851119e-03 2.458742e-05 1.306724e-05 8.238375e-04
Algorithm converged after  31  iterations.
[1] 0.0006163095 0.0001969170
Algorithm converged after  2  iterations.
[1] 6.163095e-04 1.969170e-04 1.414429e-05
[1] 7.139684e-04 1.353054e-04 2.232395e-05
Algorithm converged after  11  iterations.
[1] 6.163095e-04 1.969170e-04 8.210371e-06
Algorithm converged after  9  iterations.
[1] 6.163095e-04 1.969170e-04 7.791586e-06
[1] 5.388558e-04 6.264615e-05 1.436513e-05
Algorithm converged after  14  iterations.
[1] 6.163095e-04 1.969170e-04 1.414429e-05 2.519618e-06
[1] 7.083249e-04 2.109304e-04 2.025120e-05 2.964882e-06
Algorithm converged after  18  iterations.
[1] 6.163095e-04 1.969170e-04 8.210371e-06 3.622129e-06
[1] 6.871644e-04 1.870195e-04 1.152265e-05 4.274095e-06
Algorithm converged after  14  iterations.
[1] 6.163095e-04 1.969170e-04 7.791586e-06 3.631149e-06
[1] 5.885122e-04 1.898250e-04 9.431165e-06 3.986586e-06
Algorithm converged after  13  iterations.
[1] 6.163095e-04 1.969170e-04 1.414429e-05 8.210371e-06
[1] 6.678488e-04 3.710052e-05 7.332700e-05 5.101468e-05
Algorithm converged after  12  iterations.
[1] 6.163095e-04 1.969170e-04 1.414429e-05 7.791586e-06
[1] 7.259137e-04 1.061943e-05 1.281391e-04 5.910637e-04
[1] 8.127999e-04 9.469125e-06 1.469669e-04 7.660647e-04
[1] 8.271742e-04 9.280634e-06 1.499313e-04 7.943566e-04
[1] 8.294084e-04 9.251390e-06 1.503890e-04 7.987402e-04
[1] 8.297527e-04 9.246876e-06 1.504594e-04 7.994153e-04
[1] 8.298057e-04 9.246179e-06 1.504703e-04 7.995192e-04
Algorithm converged after  70  iterations.
[1] 6.163095e-04 1.969170e-04 8.210371e-06 7.791586e-06
[1] 5.945797e-04 4.489859e-05 6.718821e-05 4.450076e-04
[1] 6.091618e-04 4.764701e-05 6.992610e-05 4.972549e-04
[1] 6.098975e-04 4.777618e-05 7.005937e-05 4.998365e-04
[1] 6.099333e-04 4.778243e-05 7.006583e-05 4.999618e-04
Algorithm converged after  46  iterations.
numeric(0)
Algorithm converged after  1  iterations.
[1] 2.529471e-05
Algorithm converged after  2  iterations.
[1] 7.612473e-05
Algorithm converged after  2  iterations.
[1] 0.0001040254
Algorithm converged after  2  iterations.
[1] 2.529471e-05 5.193769e-06
Algorithm converged after  2  iterations.
[1] 7.612473e-05 5.675700e-06
Algorithm converged after  2  iterations.
[1] 1.040254e-04 1.096723e-05
Algorithm converged after  2  iterations.
[1] 2.529471e-05 7.612473e-05
Algorithm converged after  2  iterations.
[1] 2.529471e-05 1.040254e-04
Algorithm converged after  2  iterations.
[1] 7.612473e-05 1.040254e-04
Algorithm converged after  2  iterations.
[1] 2.529471e-05 5.193769e-06 7.612473e-05
Algorithm converged after  2  iterations.
[1] 2.529471e-05 5.193769e-06 1.040254e-04
Algorithm converged after  2  iterations.
[1] 2.529471e-05 7.612473e-05 5.675700e-06
Algorithm converged after  2  iterations.
[1] 2.529471e-05 1.040254e-04 1.096723e-05
Algorithm converged after  2  iterations.
[1] 7.612473e-05 5.675700e-06 1.040254e-04
Algorithm converged after  2  iterations.
[1] 7.612473e-05 1.040254e-04 1.096723e-05
Algorithm converged after  2  iterations.
[1] 2.529471e-05 7.612473e-05 1.040254e-04
Algorithm converged after  2  iterations.
[1] 2.529471e-05 5.193769e-06 7.612473e-05 5.675700e-06
Algorithm converged after  2  iterations.
[1] 2.529471e-05 5.193769e-06 1.040254e-04 1.096723e-05
Algorithm converged after  2  iterations.
[1] 7.612473e-05 5.675700e-06 1.040254e-04 1.096723e-05
Algorithm converged after  2  iterations.
[1] 2.529471e-05 5.193769e-06 7.612473e-05 1.040254e-04
Algorithm converged after  2  iterations.
[1] 2.529471e-05 7.612473e-05 5.675700e-06 1.040254e-04
Algorithm converged after  2  iterations.
[1] 2.529471e-05 7.612473e-05 1.040254e-04 1.096723e-05
Algorithm converged after  2  iterations.
[1] 0.000490227
Algorithm converged after  2  iterations.
[1] 4.902270e-04 6.869252e-06
Algorithm converged after  8  iterations.
[1] 4.902270e-04 1.434074e-05
Algorithm converged after  8  iterations.
[1] 0.0004902270 0.0001877646
[1] 0.0007172190 0.0003383887
Algorithm converged after  13  iterations.
[1] 4.902270e-04 6.869252e-06 4.194542e-06
[1] 6.374910e-04 7.919467e-06 5.107855e-06
Algorithm converged after  12  iterations.
[1] 4.902270e-04 1.434074e-05 4.389999e-06
Algorithm converged after  10  iterations.
[1] 4.902270e-04 1.877646e-04 9.545244e-06
[1] 9.747310e-04 3.211688e-04 1.571667e-05
Algorithm converged after  12  iterations.
[1] 4.902270e-04 6.869252e-06 1.434074e-05
[1] 5.605433e-04 1.185399e-05 2.630079e-05
Algorithm converged after  11  iterations.
[1] 4.902270e-04 6.869252e-06 1.877646e-04
[1] 8.473656e-04 1.028715e-05 4.275072e-04
Algorithm converged after  14  iterations.
[1] 4.902270e-04 1.434074e-05 1.877646e-04
[1] 7.101138e-04 1.398271e-05 2.895841e-04
Algorithm converged after  11  iterations.
[1] 4.902270e-04 6.869252e-06 4.194542e-06 1.434074e-05
[1] 6.554235e-04 7.742932e-06 4.522391e-06 1.559632e-05
[1] 6.554796e-04 7.740924e-06 4.471909e-06 1.557060e-05
[1] 6.554864e-04 7.740324e-06 4.459931e-06 1.556448e-05
[1] 6.554877e-04 7.740186e-06 4.457270e-06 1.556312e-05
[1] 6.554879e-04 7.740155e-06 4.456685e-06 1.556282e-05
[1] 6.554880e-04 7.740148e-06 4.456557e-06 1.556275e-05
[1] 6.554880e-04 7.740147e-06 4.456529e-06 1.556274e-05
Algorithm converged after  80  iterations.
[1] 4.902270e-04 6.869252e-06 4.194542e-06 1.877646e-04
[1] 9.660472e-04 9.948675e-06 6.912253e-06 4.110094e-04
Algorithm converged after  14  iterations.
[1] 4.902270e-04 6.869252e-06 1.434074e-05 4.389999e-06
[1] 6.817101e-04 8.245624e-06 1.565237e-05 4.789986e-06
Algorithm converged after  11  iterations.
[1] 4.902270e-04 6.869252e-06 1.877646e-04 9.545244e-06
[1] 1.293314e-03 1.132413e-05 4.207047e-04 1.993170e-05
Algorithm converged after  17  iterations.
[1] 4.902270e-04 1.434074e-05 4.389999e-06 1.877646e-04
Algorithm converged after  10  iterations.
[1] 4.902270e-04 1.434074e-05 1.877646e-04 9.545244e-06
[1] 1.027708e-03 1.871519e-05 3.429569e-04 1.638202e-05
Algorithm converged after  13  iterations.
[1] 4.902270e-04 6.869252e-06 1.434074e-05 1.877646e-04
[1] 9.222359e-04 9.650181e-06 1.364649e-05 3.898592e-04
[1] 9.159514e-04 9.623052e-06 1.356096e-05 3.889561e-04
Algorithm converged after  22  iterations.
[1] 0.0004902270 0.0001071315
Algorithm converged after  2  iterations.
[1] 4.902270e-04 1.071315e-04 1.377528e-05
[1] 5.421091e-04 2.889368e-05 2.595983e-05
Algorithm converged after  14  iterations.
[1] 4.902270e-04 1.071315e-04 1.955363e-05
[1] 5.612672e-04 2.843366e-05 3.766874e-05
[1] 5.612672e-04 2.842864e-05 3.766906e-05
Algorithm converged after  22  iterations.
[1] 4.902270e-04 1.071315e-04 5.009260e-06
[1] 0.0012698527 0.0002810460 0.0003350797
[1] 0.0012292212 0.0002656047 0.0003176058
[1] 0.0012032586 0.0002578171 0.0003079904
[1] 0.0011916527 0.0002542991 0.0003036999
[1] 0.0011861612 0.0002526472 0.0003016715
[1] 0.0011835280 0.0002518591 0.0003006992
[1] 0.0011822590 0.0002514802 0.0003002307
[1] 0.0011816461 0.0002512974 0.0003000044
[1] 0.001181350 0.000251209 0.000299895
[1] 0.0011812063 0.0002511663 0.0002998421
[1] 0.0011811369 0.0002511456 0.0002998164
[1] 0.0011811033 0.0002511356 0.0002998040
[1] 0.0011810870 0.0002511307 0.0002997980
Algorithm converged after  136  iterations.
[1] 4.902270e-04 1.071315e-04 1.377528e-05 2.901280e-06
[1] 5.821357e-04 6.506818e-05 1.987372e-05 3.443658e-06
Algorithm converged after  16  iterations.
[1] 4.902270e-04 1.071315e-04 1.955363e-05 3.751182e-06
[1] 5.702445e-04 2.520344e-05 3.824822e-05 4.614694e-06
[1] 5.706438e-04 2.498643e-05 3.837743e-05 4.576650e-06
[1] 5.706547e-04 2.497656e-05 3.837875e-05 4.575522e-06
[1] 5.706550e-04 2.497628e-05 3.837878e-05 4.575489e-06
Algorithm converged after  41  iterations.
[1] 4.902270e-04 1.071315e-04 5.009260e-06 2.128437e-06
[1] 4.484510e-04 3.960762e-05 2.319604e-05 7.400723e-06
[1] 4.481366e-04 3.925906e-05 2.470947e-05 7.425413e-06
[1] 4.481324e-04 3.925356e-05 2.473317e-05 7.425790e-06
Algorithm converged after  36  iterations.
[1] 4.902270e-04 1.071315e-04 1.377528e-05 1.955363e-05
[1] 5.992105e-04 2.369424e-05 1.393925e-05 2.429971e-05
Algorithm converged after  19  iterations.
[1] 4.902270e-04 1.071315e-04 1.377528e-05 5.009260e-06
[1] 8.087617e-04 5.445920e-05 3.493783e-05 9.403563e-04
[1] 8.250672e-04 5.494448e-05 3.713347e-05 9.785811e-04
[1] 8.252755e-04 5.495019e-05 3.716162e-05 9.790662e-04
Algorithm converged after  35  iterations.
[1] 4.902270e-04 1.071315e-04 1.955363e-05 5.009260e-06
[1] 5.524204e-04 3.388532e-05 1.797499e-05 2.407684e-04
[1] 5.519249e-04 3.335947e-05 1.836783e-05 2.351191e-04
Algorithm converged after  30  iterations.
numeric(0)
Algorithm converged after  1  iterations.
[1] 3.022972e-05
Algorithm converged after  2  iterations.
[1] 7.139216e-05
Algorithm converged after  2  iterations.
[1] 0.0001191609
Algorithm converged after  2  iterations.
[1] 3.022972e-05 9.080346e-06
Algorithm converged after  2  iterations.
[1] 7.139216e-05 4.674132e-06
Algorithm converged after  2  iterations.
[1] 1.191609e-04 5.801914e-05
Algorithm converged after  2  iterations.
[1] 3.022972e-05 7.139216e-05
Algorithm converged after  2  iterations.
[1] 3.022972e-05 1.191609e-04
Algorithm converged after  2  iterations.
[1] 7.139216e-05 1.191609e-04
Algorithm converged after  2  iterations.
[1] 3.022972e-05 9.080346e-06 7.139216e-05
Algorithm converged after  2  iterations.
[1] 3.022972e-05 9.080346e-06 1.191609e-04
Algorithm converged after  2  iterations.
[1] 3.022972e-05 7.139216e-05 4.674132e-06
Algorithm converged after  2  iterations.
[1] 3.022972e-05 1.191609e-04 5.801914e-05
Algorithm converged after  2  iterations.
[1] 7.139216e-05 4.674132e-06 1.191609e-04
Algorithm converged after  2  iterations.
[1] 7.139216e-05 1.191609e-04 5.801914e-05
Algorithm converged after  2  iterations.
[1] 3.022972e-05 7.139216e-05 1.191609e-04
Algorithm converged after  2  iterations.
[1] 3.022972e-05 9.080346e-06 7.139216e-05 4.674132e-06
Algorithm converged after  2  iterations.
[1] 3.022972e-05 9.080346e-06 1.191609e-04 5.801914e-05
Algorithm converged after  2  iterations.
[1] 7.139216e-05 4.674132e-06 1.191609e-04 5.801914e-05
Algorithm converged after  2  iterations.
[1] 3.022972e-05 9.080346e-06 7.139216e-05 1.191609e-04
Algorithm converged after  2  iterations.
[1] 3.022972e-05 7.139216e-05 4.674132e-06 1.191609e-04
Algorithm converged after  2  iterations.
[1] 3.022972e-05 7.139216e-05 1.191609e-04 5.801914e-05
Algorithm converged after  2  iterations.
[1] 0.0005507538
Algorithm converged after  2  iterations.
[1] 5.507538e-04 6.902546e-06
Algorithm converged after  9  iterations.
[1] 5.507538e-04 5.037898e-06
Algorithm converged after  10  iterations.
[1] 0.0005507538 0.0002291165
[1] 0.0011004840 0.0004975676
Algorithm converged after  17  iterations.
[1] 5.507538e-04 6.902546e-06 2.617984e-06
Algorithm converged after  7  iterations.
[1] 5.507538e-04 5.037898e-06 2.364427e-06
[1] 5.020256e-04 5.766532e-06 4.339460e-06
[1] 4.993420e-04 6.321036e-06 4.619880e-06
[1] 4.963905e-04 6.338115e-06 4.731075e-06
[1] 4.963399e-04 6.338177e-06 4.732059e-06
Algorithm converged after  43  iterations.
[1] 5.507538e-04 2.291165e-04 9.059801e-06
[1] 1.547198e-03 5.782948e-04 1.824266e-05
Algorithm converged after  17  iterations.
[1] 5.507538e-04 6.902546e-06 5.037898e-06
Algorithm converged after  9  iterations.
[1] 5.507538e-04 6.902546e-06 2.291165e-04
[1] 1.305732e-03 1.330061e-05 6.176752e-04
Algorithm converged after  18  iterations.
[1] 5.507538e-04 5.037898e-06 2.291165e-04
[1] 1.142165e-03 6.477157e-06 5.454250e-04
Algorithm converged after  18  iterations.
[1] 5.507538e-04 6.902546e-06 2.617984e-06 5.037898e-06
[1] 6.619586e-04 7.329925e-06 4.412957e-06 5.224031e-06
[1] 6.621922e-04 7.329313e-06 4.423815e-06 5.224195e-06
[1] 6.621988e-04 7.329296e-06 4.424121e-06 5.224200e-06
Algorithm converged after  31  iterations.
[1] 5.507538e-04 6.902546e-06 2.617984e-06 2.291165e-04
[1] 1.461523e-03 1.176464e-05 8.564438e-06 6.103519e-04
Algorithm converged after  17  iterations.
[1] 5.507538e-04 6.902546e-06 5.037898e-06 2.364427e-06
[1] 6.073741e-04 7.226221e-06 5.629112e-06 4.570345e-06
Algorithm converged after  14  iterations.
[1] 5.507538e-04 6.902546e-06 2.291165e-04 9.059801e-06
[1] 2.046111e-03 1.339261e-05 7.672226e-04 2.321407e-05
Algorithm converged after  18  iterations.
[1] 5.507538e-04 5.037898e-06 2.364427e-06 2.291165e-04
[1] 1.035388e-03 5.453164e-06 4.390354e-06 4.572372e-04
Algorithm converged after  18  iterations.
[1] 5.507538e-04 5.037898e-06 2.291165e-04 9.059801e-06
[1] 1.582623e-03 5.257235e-06 5.947020e-04 1.880254e-05
Algorithm converged after  20  iterations.
[1] 5.507538e-04 6.902546e-06 5.037898e-06 2.291165e-04
[1] 1.357763e-03 1.557658e-05 8.374456e-06 6.822678e-04
[1] 1.358206e-03 1.558602e-05 8.378977e-06 6.825881e-04
Algorithm converged after  21  iterations.
[1] 0.0005507538 0.0001657509
Algorithm converged after  2  iterations.
[1] 5.507538e-04 1.657509e-04 1.570225e-05
[1] 6.638729e-04 5.051095e-05 2.648356e-05
Algorithm converged after  20  iterations.
[1] 5.507538e-04 1.657509e-04 8.146046e-06
[1] 5.853749e-04 8.387253e-05 1.434217e-05
Algorithm converged after  16  iterations.
[1] 5.507538e-04 1.657509e-04 5.847516e-06
[1] 4.793690e-04 5.439934e-05 1.302401e-05
Algorithm converged after  12  iterations.
[1] 5.507538e-04 1.657509e-04 1.570225e-05 2.194653e-06
[1] 6.816231e-04 1.323924e-04 2.440070e-05 2.910928e-06
Algorithm converged after  13  iterations.
[1] 5.507538e-04 1.657509e-04 8.146046e-06 3.421189e-06
[1] 5.758906e-04 1.161187e-04 1.091164e-05 3.981869e-06
[1] 5.759028e-04 1.161001e-04 1.091216e-05 3.981340e-06
Algorithm converged after  27  iterations.
[1] 5.507538e-04 1.657509e-04 5.847516e-06 3.047493e-06
[1] 5.333080e-04 1.489827e-04 7.711203e-06 3.340190e-06
[1] 5.333396e-04 1.490808e-04 7.707984e-06 3.335458e-06
Algorithm converged after  27  iterations.
[1] 5.507538e-04 1.657509e-04 1.570225e-05 8.146046e-06
[1] 6.285065e-04 2.881119e-05 7.503083e-05 5.739593e-05
Algorithm converged after  12  iterations.
[1] 5.507538e-04 1.657509e-04 1.570225e-05 5.847516e-06
[1] 8.530253e-04 1.976215e-04 4.074077e-05 2.707720e-05
[1] 8.512866e-04 1.965801e-04 4.066127e-05 2.694838e-05
[1] 8.510420e-04 1.964548e-04 4.065082e-05 2.693409e-05
[1] 8.510159e-04 1.964418e-04 4.064971e-05 2.693262e-05
Algorithm converged after  44  iterations.
[1] 5.507538e-04 1.657509e-04 8.146046e-06 5.847516e-06
[1] 6.434092e-04 5.423635e-05 2.224049e-05 3.268111e-05
[1] 6.400729e-04 5.359343e-05 2.263610e-05 3.100554e-05
Algorithm converged after  28  iterations.
numeric(0)
Algorithm converged after  1  iterations.
[1] 3.674539e-05
Algorithm converged after  2  iterations.
[1] 6.709052e-05
Algorithm converged after  2  iterations.
[1] 0.0001135045
Algorithm converged after  2  iterations.
[1] 3.674539e-05 7.302992e-06
Algorithm converged after  2  iterations.
[1] 6.709052e-05 4.614956e-06
Algorithm converged after  2  iterations.
[1] 1.135045e-04 5.621222e-05
Algorithm converged after  2  iterations.
[1] 3.674539e-05 6.709052e-05
Algorithm converged after  2  iterations.
[1] 3.674539e-05 1.135045e-04
Algorithm converged after  2  iterations.
[1] 6.709052e-05 1.135045e-04
Algorithm converged after  2  iterations.
[1] 3.674539e-05 7.302992e-06 6.709052e-05
Algorithm converged after  2  iterations.
[1] 3.674539e-05 7.302992e-06 1.135045e-04
Algorithm converged after  2  iterations.
[1] 3.674539e-05 6.709052e-05 4.614956e-06
Algorithm converged after  2  iterations.
[1] 3.674539e-05 1.135045e-04 5.621222e-05
Algorithm converged after  2  iterations.
[1] 6.709052e-05 4.614956e-06 1.135045e-04
Algorithm converged after  2  iterations.
[1] 6.709052e-05 1.135045e-04 5.621222e-05
Algorithm converged after  2  iterations.
[1] 3.674539e-05 6.709052e-05 1.135045e-04
Algorithm converged after  2  iterations.
[1] 3.674539e-05 7.302992e-06 6.709052e-05 4.614956e-06
Algorithm converged after  2  iterations.
[1] 3.674539e-05 7.302992e-06 1.135045e-04 5.621222e-05
Algorithm converged after  2  iterations.
[1] 6.709052e-05 4.614956e-06 1.135045e-04 5.621222e-05
Algorithm converged after  2  iterations.
[1] 3.674539e-05 7.302992e-06 6.709052e-05 1.135045e-04
Algorithm converged after  2  iterations.
[1] 3.674539e-05 6.709052e-05 4.614956e-06 1.135045e-04
Algorithm converged after  2  iterations.
[1] 3.674539e-05 6.709052e-05 1.135045e-04 5.621222e-05
Algorithm converged after  2  iterations.
[1] 0.0005532457
Algorithm converged after  2  iterations.
[1] 5.532457e-04 9.309592e-06
Algorithm converged after  8  iterations.
[1] 5.532457e-04 6.604169e-06
Algorithm converged after  9  iterations.
[1] 0.0005532457 0.0002253736
[1] 0.0009178564 0.0004245212
Algorithm converged after  14  iterations.
[1] 5.532457e-04 9.309592e-06 7.132642e-06
Algorithm converged after  7  iterations.
[1] 5.532457e-04 6.604169e-06 3.789267e-06
Algorithm converged after  10  iterations.
[1] 5.532457e-04 2.253736e-04 7.349540e-06
[1] 0.0012447887 0.0004727560 0.0000122159
Algorithm converged after  15  iterations.
[1] 5.532457e-04 9.309592e-06 6.604169e-06
Algorithm converged after  8  iterations.
[1] 5.532457e-04 9.309592e-06 2.253736e-04
[1] 1.052496e-03 1.118326e-05 4.376346e-04
Algorithm converged after  17  iterations.
[1] 5.532457e-04 6.604169e-06 2.253736e-04
[1] 9.185085e-04 6.713908e-06 3.964143e-04
Algorithm converged after  13  iterations.
[1] 5.532457e-04 9.309592e-06 7.132642e-06 6.604169e-06
Algorithm converged after  7  iterations.
[1] 5.532457e-04 9.309592e-06 7.132642e-06 2.253736e-04
[1] 1.150366e-03 1.186969e-05 8.929502e-06 4.740812e-04
Algorithm converged after  14  iterations.
[1] 5.532457e-04 9.309592e-06 6.604169e-06 3.789267e-06
Algorithm converged after  9  iterations.
[1] 5.532457e-04 9.309592e-06 2.253736e-04 7.349540e-06
[1] 0.0014621504 0.0000133632 0.0005604603 0.0000139533
Algorithm converged after  17  iterations.
[1] 5.532457e-04 6.604169e-06 3.789267e-06 2.253736e-04
[1] 8.598083e-04 7.464064e-06 3.984863e-06 3.676086e-04
Algorithm converged after  12  iterations.
[1] 5.532457e-04 6.604169e-06 2.253736e-04 7.349540e-06
[1] 1.296045e-03 9.348782e-06 4.930794e-04 1.258434e-05
Algorithm converged after  15  iterations.
[1] 5.532457e-04 9.309592e-06 6.604169e-06 2.253736e-04
[1] 1.040598e-03 1.141383e-05 7.901470e-06 4.175899e-04
Algorithm converged after  14  iterations.
[1] 0.0005532457 0.0001369394
Algorithm converged after  2  iterations.
[1] 5.532457e-04 1.369394e-04 1.796973e-05
[1] 6.399512e-04 2.357141e-05 3.522736e-05
Algorithm converged after  19  iterations.
[1] 5.532457e-04 1.369394e-04 9.337505e-06
[1] 6.178400e-04 4.204958e-05 1.853036e-05
Algorithm converged after  20  iterations.
[1] 5.532457e-04 1.369394e-04 4.867571e-06
[1] 5.539115e-04 1.786647e-04 6.287902e-06
Algorithm converged after  11  iterations.
[1] 5.532457e-04 1.369394e-04 1.796973e-05 2.611608e-06
[1] 6.725754e-04 5.813534e-05 2.618370e-05 3.476799e-06
Algorithm converged after  19  iterations.
[1] 5.532457e-04 1.369394e-04 9.337505e-06 3.318005e-06
[1] 6.428185e-04 4.167590e-05 1.860878e-05 4.206556e-06
[1] 6.435311e-04 4.072569e-05 1.881233e-05 4.146355e-06
[1] 6.435480e-04 4.069689e-05 1.881403e-05 4.144793e-06
[1] 6.435485e-04 4.069619e-05 1.881407e-05 4.144755e-06
Algorithm converged after  42  iterations.
[1] 5.532457e-04 1.369394e-04 4.867571e-06 1.936712e-06
[1] 4.593589e-04 6.288293e-05 2.088538e-04 8.869619e-06
[1] 4.591927e-04 6.354319e-05 2.127140e-04 8.907566e-06
[1] 4.591912e-04 6.354934e-05 2.127500e-04 8.907919e-06
Algorithm converged after  31  iterations.
[1] 5.532457e-04 1.369394e-04 1.796973e-05 9.337505e-06
[1] 6.285034e-04 1.893773e-05 2.039003e-05 1.458377e-05
Algorithm converged after  19  iterations.
[1] 5.532457e-04 1.369394e-04 1.796973e-05 4.867571e-06
[1] 6.944095e-04 6.687610e-05 4.160751e-05 1.864232e-05
[1] 6.573214e-04 4.268597e-05 3.720385e-05 1.102733e-05
[1] 6.572573e-04 4.265520e-05 3.719554e-05 1.101776e-05
Algorithm converged after  32  iterations.
[1] 5.532457e-04 1.369394e-04 9.337505e-06 4.867571e-06
[1] 6.852258e-04 4.841393e-05 5.529163e-06 3.975297e-04
[1] 7.337947e-04 6.019403e-05 5.308013e-06 4.655029e-04
[1] 7.336198e-04 6.040981e-05 5.425715e-06 4.615926e-04
[1] 7.335941e-04 6.040489e-05 5.426782e-06 4.615175e-04
Algorithm converged after  44  iterations.
numeric(0)
Algorithm converged after  1  iterations.
[1] 3.009606e-05
Algorithm converged after  2  iterations.
[1] 5.232848e-05
Algorithm converged after  2  iterations.
[1] 0.0001130317
Algorithm converged after  2  iterations.
[1] 3.009606e-05 1.023836e-05
Algorithm converged after  2  iterations.
[1] 5.232848e-05 5.306333e-06
Algorithm converged after  2  iterations.
[1] 1.130317e-04 6.215233e-05
Algorithm converged after  2  iterations.
[1] 3.009606e-05 5.232848e-05
Algorithm converged after  2  iterations.
[1] 3.009606e-05 1.130317e-04
Algorithm converged after  2  iterations.
[1] 5.232848e-05 1.130317e-04
Algorithm converged after  2  iterations.
[1] 3.009606e-05 1.023836e-05 5.232848e-05
Algorithm converged after  2  iterations.
[1] 3.009606e-05 1.023836e-05 1.130317e-04
Algorithm converged after  2  iterations.
[1] 3.009606e-05 5.232848e-05 5.306333e-06
Algorithm converged after  2  iterations.
[1] 3.009606e-05 1.130317e-04 6.215233e-05
Algorithm converged after  2  iterations.
[1] 5.232848e-05 5.306333e-06 1.130317e-04
Algorithm converged after  2  iterations.
[1] 5.232848e-05 1.130317e-04 6.215233e-05
Algorithm converged after  2  iterations.
[1] 3.009606e-05 5.232848e-05 1.130317e-04
Algorithm converged after  2  iterations.
[1] 3.009606e-05 1.023836e-05 5.232848e-05 5.306333e-06
Algorithm converged after  2  iterations.
[1] 3.009606e-05 1.023836e-05 1.130317e-04 6.215233e-05
Algorithm converged after  2  iterations.
[1] 5.232848e-05 5.306333e-06 1.130317e-04 6.215233e-05
Algorithm converged after  2  iterations.
[1] 3.009606e-05 1.023836e-05 5.232848e-05 1.130317e-04
Algorithm converged after  2  iterations.
[1] 3.009606e-05 5.232848e-05 5.306333e-06 1.130317e-04
Algorithm converged after  2  iterations.
[1] 3.009606e-05 5.232848e-05 1.130317e-04 6.215233e-05
Algorithm converged after  2  iterations.
[1] 0.0004658013
Algorithm converged after  2  iterations.
[1] 4.658013e-04 8.600541e-06
Algorithm converged after  8  iterations.
[1] 4.658013e-04 9.359817e-06
Algorithm converged after  9  iterations.
[1] 0.0004658013 0.0002200557
[1] 0.0009478529 0.0005446561
Algorithm converged after  19  iterations.
[1] 4.658013e-04 8.600541e-06 4.068239e-06
Algorithm converged after  8  iterations.
[1] 4.658013e-04 9.359817e-06 5.039018e-06
[1] 4.346462e-04 9.350020e-06 5.184398e-06
[1] 4.355687e-04 9.353188e-06 5.184445e-06
Algorithm converged after  29  iterations.
[1] 4.658013e-04 2.200557e-04 1.002441e-05
[1] 0.0012832048 0.0005743291 0.0000190157
Algorithm converged after  17  iterations.
[1] 4.658013e-04 8.600541e-06 9.359817e-06
Algorithm converged after  10  iterations.
[1] 4.658013e-04 8.600541e-06 2.200557e-04
[1] 1.106980e-03 1.215221e-05 7.353045e-04
[1] 1.106482e-03 1.214497e-05 7.349691e-04
Algorithm converged after  21  iterations.
[1] 4.658013e-04 9.359817e-06 2.200557e-04
[1] 9.335749e-04 9.520199e-06 4.860065e-04
Algorithm converged after  16  iterations.
[1] 4.658013e-04 8.600541e-06 4.068239e-06 9.359817e-06
[1] 5.800422e-04 9.014619e-06 5.730711e-06 1.006311e-05
[1] 5.800277e-04 9.014701e-06 5.734039e-06 1.006453e-05
Algorithm converged after  24  iterations.
[1] 4.658013e-04 8.600541e-06 4.068239e-06 2.200557e-04
[1] 1.235735e-03 1.122849e-05 6.804279e-06 7.054782e-04
[1] 1.235820e-03 1.122867e-05 6.798348e-06 7.054684e-04
Algorithm converged after  21  iterations.
[1] 4.658013e-04 8.600541e-06 9.359817e-06 5.039018e-06
[1] 5.334118e-04 9.297960e-06 9.921374e-06 5.158435e-06
Algorithm converged after  13  iterations.
[1] 4.658013e-04 8.600541e-06 2.200557e-04 1.002441e-05
[1] 1.550776e-03 1.251780e-05 7.102557e-04 2.221478e-05
Algorithm converged after  18  iterations.
[1] 4.658013e-04 9.359817e-06 5.039018e-06 2.200557e-04
[1] 8.827617e-04 1.092713e-05 5.131689e-06 4.251380e-04
Algorithm converged after  20  iterations.
[1] 4.658013e-04 9.359817e-06 2.200557e-04 1.002441e-05
[1] 1.371055e-03 1.373542e-05 6.178027e-04 1.998061e-05
Algorithm converged after  18  iterations.
[1] 4.658013e-04 8.600541e-06 9.359817e-06 2.200557e-04
[1] 1.099202e-03 1.067909e-05 1.149095e-05 5.287148e-04
Algorithm converged after  15  iterations.
[1] 0.0004658013 0.0001313020
Algorithm converged after  2  iterations.
[1] 4.658013e-04 1.313020e-04 1.582545e-05
[1] 5.708514e-04 3.713981e-05 2.644339e-05
Algorithm converged after  17  iterations.
[1] 4.658013e-04 1.313020e-04 1.292307e-05
[1] 5.535890e-04 4.744175e-05 2.726108e-05
Algorithm converged after  19  iterations.
[1] 4.658013e-04 1.313020e-04 6.523494e-06
[1] 0.0013698388 0.0001565912 0.0005636782
[1] 0.0012066014 0.0001223558 0.0004547985
[1] 9.213475e-04 7.602659e-05 2.611315e-04
[1] 6.803423e-04 6.213363e-05 1.077208e-04
[1] 0.0006975780 0.0000623061 0.0001173546
[1] 6.970065e-04 6.241713e-05 1.173061e-04
[1] 6.968487e-04 6.240743e-05 1.171991e-04
[1] 6.968651e-04 6.240683e-05 1.172066e-04
Algorithm converged after  83  iterations.
[1] 4.658013e-04 1.313020e-04 1.582545e-05 3.706974e-06
[1] 5.596830e-04 9.432056e-05 2.274710e-05 4.510489e-06
Algorithm converged after  12  iterations.
[1] 4.658013e-04 1.313020e-04 1.292307e-05 4.305136e-06
[1] 5.381169e-04 4.467027e-05 2.025560e-05 5.284335e-06
[1] 5.370685e-04 4.579572e-05 2.041689e-05 5.343805e-06
[1] 5.366514e-04 4.874868e-05 2.142473e-05 5.375404e-06
[1] 5.381198e-04 4.915693e-05 2.195495e-05 5.316139e-06
[1] 5.386283e-04 4.897886e-05 2.201877e-05 5.293363e-06
[1] 5.387544e-04 4.891537e-05 2.202732e-05 5.287474e-06
[1] 5.387855e-04 4.889848e-05 2.202897e-05 5.286003e-06
[1] 5.387932e-04 4.889421e-05 2.202935e-05 5.285638e-06
[1] 5.387951e-04 4.889315e-05 2.202944e-05 5.285547e-06
[1] 5.387956e-04 4.889289e-05 2.202946e-05 5.285524e-06
[1] 5.387957e-04 4.889282e-05 2.202947e-05 5.285519e-06
Algorithm converged after  111  iterations.
[1] 4.658013e-04 1.313020e-04 6.523494e-06 4.403175e-06
[1] 4.498069e-04 1.404307e-04 8.388341e-06 1.904604e-06
[1] 4.496703e-04 1.407005e-04 8.413641e-06 1.865288e-06
[1] 4.496511e-04 1.406867e-04 8.413782e-06 1.865508e-06
Algorithm converged after  37  iterations.
[1] 4.658013e-04 1.313020e-04 1.582545e-05 1.292307e-05
[1] 5.980202e-04 2.172302e-05 1.637457e-05 1.660155e-05
Algorithm converged after  16  iterations.
[1] 4.658013e-04 1.313020e-04 1.582545e-05 6.523494e-06
[1] 8.662666e-04 2.469710e-04 3.631643e-05 3.358852e-05
[1] 8.660334e-04 2.468756e-04 3.630904e-05 3.356533e-05
Algorithm converged after  27  iterations.
[1] 4.658013e-04 1.313020e-04 1.292307e-05 6.523494e-06
[1] 6.153619e-04 1.538200e-04 2.576969e-05 1.810401e-05
[1] 5.561264e-04 1.227974e-04 2.392953e-05 1.369774e-05
[1] 5.559368e-04 1.226563e-04 2.392205e-05 1.368371e-05
Algorithm converged after  34  iterations.
Warning messages:
1: In max(abs(CT), na.rm = T) :
  no non-missing arguments to max; returning -Inf
2: In max(abs(CT), na.rm = T) :
  no non-missing arguments to max; returning -Inf
3: In max(abs(CT), na.rm = T) :
  no non-missing arguments to max; returning -Inf
4: In max(abs(CT), na.rm = T) :
  no non-missing arguments to max; returning -Inf
5: In max(abs(CT), na.rm = T) :
  no non-missing arguments to max; returning -Inf
6: In max(abs(CT), na.rm = T) :
  no non-missing arguments to max; returning -Inf
7: In max(abs(CT), na.rm = T) :
  no non-missing arguments to max; returning -Inf
8: In max(abs(CT), na.rm = T) :
  no non-missing arguments to max; returning -Inf
9: In max(abs(CT), na.rm = T) :
  no non-missing arguments to max; returning -Inf
10: In max(abs(CT), na.rm = T) :
  no non-missing arguments to max; returning -Inf
[1] "Best iter parameter is:"
   gam  rankJ rankA1 rankA2 rankA3 
     1      2      1      1      0 
[1] 5.405319e-04 1.554393e-04 1.306748e-05 1.065502e-05
[1] 6.082029e-04 2.000736e-05 4.576098e-05 4.011547e-05
Algorithm converged after  17  iterations.
         [,1]     [,2]     [,3]
[1,] 6.510305 12.41606 46.20263
