myseed=7640 

Attaching package: ‘pls’

The following object is masked from ‘package:stats’:

    loadings

Loading required package: lattice
Loading required package: ggplot2
Registered S3 methods overwritten by 'ggplot2':
  method         from 
  [.quosures     rlang
  c.quosures     rlang
  print.quosures rlang

Attaching package: ‘caret’

The following object is masked from ‘package:pls’:

    R2

Loading required package: Matrix
Loading required package: foreach
Loaded glmnet 2.0-18

Parsed with column specification:
cols(
  .default = col_double()
)
See spec(...) for full column specifications.
Parsed with column specification:
cols(
  X1 = col_double()
)
Parsed with column specification:
cols(
  X1 = col_double()
)
numeric(0)
Algorithm converged after  1  iterations.
[1] 3.614241e-05
Algorithm converged after  2  iterations.
[1] 6.79306e-05
Algorithm converged after  2  iterations.
[1] 0.000133379
Algorithm converged after  2  iterations.
[1] 3.614241e-05 7.771367e-06
Algorithm converged after  2  iterations.
[1] 6.793060e-05 1.359474e-05
Algorithm converged after  2  iterations.
[1] 1.333790e-04 4.082528e-05
Algorithm converged after  2  iterations.
[1] 3.614241e-05 6.793060e-05
Algorithm converged after  2  iterations.
[1] 3.614241e-05 1.333790e-04
Algorithm converged after  2  iterations.
[1] 6.79306e-05 1.33379e-04
Algorithm converged after  2  iterations.
[1] 3.614241e-05 7.771367e-06 6.793060e-05
Algorithm converged after  2  iterations.
[1] 3.614241e-05 7.771367e-06 1.333790e-04
Algorithm converged after  2  iterations.
[1] 3.614241e-05 6.793060e-05 1.359474e-05
Algorithm converged after  2  iterations.
[1] 3.614241e-05 1.333790e-04 4.082528e-05
Algorithm converged after  2  iterations.
[1] 6.793060e-05 1.359474e-05 1.333790e-04
Algorithm converged after  2  iterations.
[1] 6.793060e-05 1.333790e-04 4.082528e-05
Algorithm converged after  2  iterations.
[1] 3.614241e-05 6.793060e-05 1.333790e-04
Algorithm converged after  2  iterations.
[1] 3.614241e-05 7.771367e-06 6.793060e-05 1.359474e-05
Algorithm converged after  2  iterations.
[1] 3.614241e-05 7.771367e-06 1.333790e-04 4.082528e-05
Algorithm converged after  2  iterations.
[1] 6.793060e-05 1.359474e-05 1.333790e-04 4.082528e-05
Algorithm converged after  2  iterations.
[1] 3.614241e-05 7.771367e-06 6.793060e-05 1.333790e-04
Algorithm converged after  2  iterations.
[1] 3.614241e-05 6.793060e-05 1.359474e-05 1.333790e-04
Algorithm converged after  2  iterations.
[1] 3.614241e-05 6.793060e-05 1.333790e-04 4.082528e-05
Algorithm converged after  2  iterations.
[1] 0.0006006019
Algorithm converged after  2  iterations.
[1] 6.006019e-04 1.131752e-05
Algorithm converged after  7  iterations.
[1] 6.006019e-04 1.144239e-05
Algorithm converged after  7  iterations.
[1] 6.006019e-04 5.010171e-05
Algorithm converged after  10  iterations.
[1] 6.006019e-04 1.131752e-05 7.602679e-06
Algorithm converged after  8  iterations.
[1] 6.006019e-04 1.144239e-05 5.264064e-06
Algorithm converged after  8  iterations.
[1] 6.006019e-04 5.010171e-05 6.961757e-06
[1] 8.629122e-04 6.987449e-05 8.988504e-06
Algorithm converged after  11  iterations.
[1] 6.006019e-04 1.131752e-05 1.144239e-05
Algorithm converged after  9  iterations.
[1] 6.006019e-04 1.131752e-05 5.010171e-05
Algorithm converged after  9  iterations.
[1] 6.006019e-04 1.144239e-05 5.010171e-05
Algorithm converged after  10  iterations.
[1] 6.006019e-04 1.131752e-05 7.602679e-06 1.144239e-05
Algorithm converged after  9  iterations.
[1] 6.006019e-04 1.131752e-05 7.602679e-06 5.010171e-05
Algorithm converged after  10  iterations.
[1] 6.006019e-04 1.131752e-05 1.144239e-05 5.264064e-06
Algorithm converged after  8  iterations.
[1] 6.006019e-04 1.131752e-05 5.010171e-05 6.961757e-06
[1] 9.779488e-04 1.483218e-05 8.052495e-05 9.831511e-06
Algorithm converged after  12  iterations.
[1] 6.006019e-04 1.144239e-05 5.264064e-06 5.010171e-05
Algorithm converged after  10  iterations.
[1] 6.006019e-04 1.144239e-05 5.010171e-05 6.961757e-06
[1] 9.873043e-04 1.648033e-05 8.051344e-05 9.849805e-06
Algorithm converged after  12  iterations.
[1] 6.006019e-04 1.131752e-05 1.144239e-05 5.010171e-05
Algorithm converged after  10  iterations.
[1] 6.006019e-04 3.441669e-05
Algorithm converged after  2  iterations.
[1] 6.006019e-04 3.441669e-05 2.263658e-05
Algorithm converged after  9  iterations.
[1] 6.006019e-04 3.441669e-05 1.953122e-05
Algorithm converged after  9  iterations.
[1] 6.006019e-04 3.441669e-05 7.394441e-06
[1] 0.0007345672 0.0001205544 0.0004666903
[1] 0.0007366361 0.0001214371 0.0004721434
Algorithm converged after  30  iterations.
[1] 6.006019e-04 3.441669e-05 2.263658e-05 3.652170e-06
[1] 6.841507e-04 4.849617e-05 3.119446e-05 4.240153e-06
Algorithm converged after  12  iterations.
[1] 6.006019e-04 3.441669e-05 1.953122e-05 4.590204e-06
[1] 6.611357e-04 4.853990e-05 2.655699e-05 5.305790e-06
[1] 6.608442e-04 4.848781e-05 2.654676e-05 5.311322e-06
Algorithm converged after  24  iterations.
[1] 6.006019e-04 3.441669e-05 7.394441e-06 4.446519e-06
[1] 5.672002e-04 4.956680e-05 3.779990e-05 5.956769e-06
[1] 5.671017e-04 4.970186e-05 3.826048e-05 5.964148e-06
Algorithm converged after  30  iterations.
[1] 6.006019e-04 3.441669e-05 2.263658e-05 1.953122e-05
[1] 8.063906e-04 6.354379e-05 5.126762e-05 3.923213e-05
Algorithm converged after  15  iterations.
[1] 6.006019e-04 3.441669e-05 2.263658e-05 7.394441e-06
[1] 7.604954e-04 5.876502e-05 8.158950e-05 2.855556e-04
[1] 7.842891e-04 5.904206e-05 8.756156e-05 3.267154e-04
[1] 7.868903e-04 5.904548e-05 8.819660e-05 3.311752e-04
[1] 7.871665e-04 5.904556e-05 8.826383e-05 3.316483e-04
[1] 7.871957e-04 5.904556e-05 8.827095e-05 3.316984e-04
Algorithm converged after  58  iterations.
[1] 6.006019e-04 3.441669e-05 1.953122e-05 7.394441e-06
[1] 7.447314e-04 5.552955e-05 4.517445e-05 1.716816e-04
[1] 7.493685e-04 5.595059e-05 4.593568e-05 1.797413e-04
[1] 7.495430e-04 5.596568e-05 4.596399e-05 1.800432e-04
[1] 7.495495e-04 5.596624e-05 4.596504e-05 1.800544e-04
Algorithm converged after  41  iterations.
numeric(0)
Algorithm converged after  1  iterations.
[1] 3.460908e-05
Algorithm converged after  2  iterations.
[1] 7.735806e-05
Algorithm converged after  2  iterations.
[1] 0.0001557726
Algorithm converged after  2  iterations.
[1] 3.460908e-05 7.632113e-06
Algorithm converged after  2  iterations.
[1] 7.735806e-05 5.518069e-06
Algorithm converged after  2  iterations.
[1] 1.557726e-04 6.826695e-05
Algorithm converged after  2  iterations.
[1] 3.460908e-05 7.735806e-05
Algorithm converged after  2  iterations.
[1] 3.460908e-05 1.557726e-04
Algorithm converged after  2  iterations.
[1] 7.735806e-05 1.557726e-04
Algorithm converged after  2  iterations.
[1] 3.460908e-05 7.632113e-06 7.735806e-05
Algorithm converged after  2  iterations.
[1] 3.460908e-05 7.632113e-06 1.557726e-04
Algorithm converged after  2  iterations.
[1] 3.460908e-05 7.735806e-05 5.518069e-06
Algorithm converged after  2  iterations.
[1] 3.460908e-05 1.557726e-04 6.826695e-05
Algorithm converged after  2  iterations.
[1] 7.735806e-05 5.518069e-06 1.557726e-04
Algorithm converged after  2  iterations.
[1] 7.735806e-05 1.557726e-04 6.826695e-05
Algorithm converged after  2  iterations.
[1] 3.460908e-05 7.735806e-05 1.557726e-04
Algorithm converged after  2  iterations.
[1] 3.460908e-05 7.632113e-06 7.735806e-05 5.518069e-06
Algorithm converged after  2  iterations.
[1] 3.460908e-05 7.632113e-06 1.557726e-04 6.826695e-05
Algorithm converged after  2  iterations.
[1] 7.735806e-05 5.518069e-06 1.557726e-04 6.826695e-05
Algorithm converged after  2  iterations.
[1] 3.460908e-05 7.632113e-06 7.735806e-05 1.557726e-04
Algorithm converged after  2  iterations.
[1] 3.460908e-05 7.735806e-05 5.518069e-06 1.557726e-04
Algorithm converged after  2  iterations.
[1] 3.460908e-05 7.735806e-05 1.557726e-04 6.826695e-05
Algorithm converged after  2  iterations.
[1] 0.0006324904
Algorithm converged after  2  iterations.
[1] 6.324904e-04 9.556297e-06
Algorithm converged after  8  iterations.
[1] 6.324904e-04 1.453065e-05
Algorithm converged after  8  iterations.
[1] 0.0006324904 0.0002702538
[1] 0.0011811457 0.0005059974
Algorithm converged after  15  iterations.
[1] 6.324904e-04 9.556297e-06 6.987308e-06
Algorithm converged after  6  iterations.
[1] 6.324904e-04 1.453065e-05 5.303240e-06
Algorithm converged after  8  iterations.
[1] 6.324904e-04 2.702538e-04 5.679203e-06
[1] 1.508644e-03 5.800952e-04 8.626740e-06
Algorithm converged after  16  iterations.
[1] 6.324904e-04 9.556297e-06 1.453065e-05
Algorithm converged after  8  iterations.
[1] 6.324904e-04 9.556297e-06 2.702538e-04
[1] 1.351447e-03 1.400859e-05 6.042198e-04
Algorithm converged after  16  iterations.
[1] 6.324904e-04 1.453065e-05 2.702538e-04
[1] 1.207019e-03 1.623822e-05 4.998560e-04
Algorithm converged after  14  iterations.
[1] 6.324904e-04 9.556297e-06 6.987308e-06 1.453065e-05
Algorithm converged after  7  iterations.
[1] 6.324904e-04 9.556297e-06 6.987308e-06 2.702538e-04
[1] 1.427344e-03 1.211748e-05 8.845401e-06 5.706835e-04
Algorithm converged after  14  iterations.
[1] 6.324904e-04 9.556297e-06 1.453065e-05 5.303240e-06
Algorithm converged after  8  iterations.
[1] 6.324904e-04 9.556297e-06 2.702538e-04 5.679203e-06
[1] 1.815165e-03 1.395659e-05 7.069515e-04 1.024618e-05
Algorithm converged after  19  iterations.
[1] 6.324904e-04 1.453065e-05 5.303240e-06 2.702538e-04
[1] 1.232685e-03 1.676324e-05 5.952290e-06 5.089915e-04
Algorithm converged after  15  iterations.
[1] 6.324904e-04 1.453065e-05 2.702538e-04 5.679203e-06
[1] 1.585760e-03 1.907909e-05 6.101678e-04 8.946270e-06
Algorithm converged after  17  iterations.
[1] 6.324904e-04 9.556297e-06 1.453065e-05 2.702538e-04
[1] 1.387680e-03 1.342495e-05 1.543934e-05 5.967975e-04
Algorithm converged after  14  iterations.
[1] 0.0006324904 0.0001631399
Algorithm converged after  2  iterations.
[1] 6.324904e-04 1.631399e-04 1.372754e-05
Algorithm converged after  10  iterations.
[1] 6.324904e-04 1.631399e-04 1.673746e-05
[1] 7.607125e-04 6.857761e-05 2.647450e-05
[1] 7.606117e-04 6.863016e-05 2.647163e-05
Algorithm converged after  27  iterations.
[1] 6.324904e-04 1.631399e-04 6.603682e-06
Algorithm converged after  9  iterations.
[1] 6.324904e-04 1.631399e-04 1.372754e-05 2.578351e-06
[1] 7.366397e-04 1.617157e-04 1.793554e-05 3.301178e-06
Algorithm converged after  15  iterations.
[1] 6.324904e-04 1.631399e-04 1.673746e-05 4.264725e-06
[1] 8.334543e-04 5.062128e-05 3.125521e-05 5.742793e-06
[1] 8.333957e-04 4.977458e-05 3.147984e-05 5.646492e-06
[1] 8.333907e-04 4.965125e-05 3.148471e-05 5.636309e-06
[1] 8.333903e-04 4.963884e-05 3.148501e-05 5.635308e-06
[1] 8.333902e-04 4.963762e-05 3.148504e-05 5.635210e-06
Algorithm converged after  59  iterations.
[1] 6.324904e-04 1.631399e-04 6.603682e-06 3.403236e-06
[1] 5.941676e-04 1.559451e-04 7.920219e-06 3.399725e-06
Algorithm converged after  14  iterations.
[1] 6.324904e-04 1.631399e-04 1.372754e-05 1.673746e-05
[1] 7.936156e-04 4.709483e-05 5.358465e-05 8.773832e-05
Algorithm converged after  11  iterations.
[1] 6.324904e-04 1.631399e-04 1.372754e-05 6.603682e-06
[1] 7.124424e-04 1.523429e-04 1.609641e-05 5.830850e-06
[1] 7.123339e-04 1.520508e-04 1.610504e-05 5.826627e-06
Algorithm converged after  27  iterations.
[1] 6.324904e-04 1.631399e-04 1.673746e-05 6.603682e-06
[1] 7.171996e-04 1.673581e-04 1.968118e-05 6.050794e-06
Algorithm converged after  18  iterations.
numeric(0)
Algorithm converged after  1  iterations.
[1] 5.30577e-05
Algorithm converged after  2  iterations.
[1] 7.389355e-05
Algorithm converged after  2  iterations.
[1] 0.0001417658
Algorithm converged after  2  iterations.
[1] 5.305770e-05 1.318722e-05
Algorithm converged after  2  iterations.
[1] 7.389355e-05 5.880731e-06
Algorithm converged after  2  iterations.
[1] 0.0001417658 0.0000633995
Algorithm converged after  2  iterations.
[1] 5.305770e-05 7.389355e-05
Algorithm converged after  2  iterations.
[1] 0.0000530577 0.0001417658
Algorithm converged after  2  iterations.
[1] 7.389355e-05 1.417658e-04
Algorithm converged after  2  iterations.
[1] 5.305770e-05 1.318722e-05 7.389355e-05
Algorithm converged after  2  iterations.
[1] 5.305770e-05 1.318722e-05 1.417658e-04
Algorithm converged after  2  iterations.
[1] 5.305770e-05 7.389355e-05 5.880731e-06
Algorithm converged after  2  iterations.
[1] 0.0000530577 0.0001417658 0.0000633995
Algorithm converged after  2  iterations.
[1] 7.389355e-05 5.880731e-06 1.417658e-04
Algorithm converged after  2  iterations.
[1] 7.389355e-05 1.417658e-04 6.339950e-05
Algorithm converged after  2  iterations.
[1] 5.305770e-05 7.389355e-05 1.417658e-04
Algorithm converged after  2  iterations.
[1] 5.305770e-05 1.318722e-05 7.389355e-05 5.880731e-06
Algorithm converged after  2  iterations.
[1] 5.305770e-05 1.318722e-05 1.417658e-04 6.339950e-05
Algorithm converged after  2  iterations.
[1] 7.389355e-05 5.880731e-06 1.417658e-04 6.339950e-05
Algorithm converged after  2  iterations.
[1] 5.305770e-05 1.318722e-05 7.389355e-05 1.417658e-04
Algorithm converged after  2  iterations.
[1] 5.305770e-05 7.389355e-05 5.880731e-06 1.417658e-04
Algorithm converged after  2  iterations.
[1] 5.305770e-05 7.389355e-05 1.417658e-04 6.339950e-05
Algorithm converged after  2  iterations.
[1] 0.000682254
Algorithm converged after  2  iterations.
[1] 6.822540e-04 1.213063e-05
Algorithm converged after  8  iterations.
[1] 6.822540e-04 1.218278e-05
Algorithm converged after  7  iterations.
[1] 0.0006822540 0.0001417178
[1] 0.0008952242 0.0002135889
Algorithm converged after  11  iterations.
[1] 6.822540e-04 1.213063e-05 8.706655e-06
[1] 8.365184e-04 1.280926e-05 6.683207e-06
Algorithm converged after  14  iterations.
[1] 6.822540e-04 1.218278e-05 4.711925e-06
Algorithm converged after  10  iterations.
[1] 6.822540e-04 1.417178e-04 4.815678e-06
[1] 1.139529e-03 2.336146e-04 6.618429e-06
Algorithm converged after  14  iterations.
[1] 6.822540e-04 1.213063e-05 1.218278e-05
Algorithm converged after  9  iterations.
[1] 6.822540e-04 1.213063e-05 1.417178e-04
[1] 9.879303e-04 1.518521e-05 2.685363e-04
Algorithm converged after  11  iterations.
[1] 6.822540e-04 1.218278e-05 1.417178e-04
Algorithm converged after  10  iterations.
[1] 6.822540e-04 1.213063e-05 8.706655e-06 1.218278e-05
[1] 9.036098e-04 1.385266e-05 9.575392e-06 2.199340e-05
Algorithm converged after  11  iterations.
[1] 6.822540e-04 1.213063e-05 8.706655e-06 1.417178e-04
[1] 1.087999e-03 1.339005e-05 8.851320e-06 2.355198e-04
Algorithm converged after  11  iterations.
[1] 6.822540e-04 1.213063e-05 1.218278e-05 4.711925e-06
[1] 8.215311e-04 1.331817e-05 1.335317e-05 5.111161e-06
Algorithm converged after  11  iterations.
[1] 6.822540e-04 1.213063e-05 1.417178e-04 4.815678e-06
[1] 1.421271e-03 1.486878e-05 2.996576e-04 8.104108e-06
Algorithm converged after  19  iterations.
[1] 6.822540e-04 1.218278e-05 4.711925e-06 1.417178e-04
[1] 9.755570e-04 1.409749e-05 5.367254e-06 2.222068e-04
Algorithm converged after  11  iterations.
[1] 6.822540e-04 1.218278e-05 1.417178e-04 4.815678e-06
[1] 1.224532e-03 1.690891e-05 2.521224e-04 7.068895e-06
Algorithm converged after  14  iterations.
[1] 6.822540e-04 1.213063e-05 1.218278e-05 1.417178e-04
Algorithm converged after  10  iterations.
[1] 0.0006822540 0.0001023694
Algorithm converged after  2  iterations.
[1] 6.822540e-04 1.023694e-04 1.447599e-05
Algorithm converged after  10  iterations.
[1] 6.822540e-04 1.023694e-04 1.598362e-05
[1] 7.794640e-04 2.447213e-05 3.126935e-05
[1] 7.794495e-04 2.447748e-05 3.126835e-05
Algorithm converged after  22  iterations.
[1] 6.822540e-04 1.023694e-04 5.140399e-06
[1] 0.0007515526 0.0002032207 0.0000101523
Algorithm converged after  11  iterations.
[1] 6.822540e-04 1.023694e-04 1.447599e-05 3.734832e-06
[1] 7.786250e-04 7.139360e-05 1.855005e-05 4.768876e-06
Algorithm converged after  12  iterations.
[1] 6.822540e-04 1.023694e-04 1.598362e-05 4.076354e-06
[1] 8.736469e-04 2.198193e-05 3.480773e-05 5.401686e-06
[1] 8.735891e-04 2.189187e-05 3.481649e-05 5.396683e-06
[1] 8.735878e-04 2.188937e-05 3.481669e-05 5.396530e-06
Algorithm converged after  37  iterations.
[1] 6.822540e-04 1.023694e-04 5.140399e-06 3.287395e-06
[1] 6.536367e-04 9.744071e-05 6.567991e-06 4.539954e-06
[1] 6.505993e-04 9.268162e-05 6.333106e-06 4.523983e-06
[1] 6.505052e-04 9.252207e-05 6.326391e-06 4.522821e-06
[1] 6.505017e-04 9.251625e-05 6.326147e-06 4.522778e-06
Algorithm converged after  41  iterations.
[1] 6.822540e-04 1.023694e-04 1.447599e-05 1.598362e-05
[1] 8.660935e-04 1.712391e-05 1.839300e-05 2.735193e-05
Algorithm converged after  16  iterations.
[1] 6.822540e-04 1.023694e-04 1.447599e-05 5.140399e-06
[1] 7.889599e-04 2.623049e-05 1.801874e-05 1.056726e-05
[1] 7.889556e-04 2.620232e-05 1.799465e-05 1.062608e-05
Algorithm converged after  24  iterations.
[1] 6.822540e-04 1.023694e-04 1.598362e-05 5.140399e-06
[1] 8.266519e-04 2.185474e-05 4.897743e-05 4.184587e-05
[1] 8.307803e-04 6.563983e-05 9.391788e-05 7.813747e-04
[1] 8.390735e-04 6.940088e-05 9.692715e-05 8.290199e-04
[1] 8.394670e-04 6.957871e-05 9.707126e-05 8.312689e-04
[1] 8.394855e-04 6.958706e-05 9.707803e-05 8.313745e-04
Algorithm converged after  54  iterations.
numeric(0)
Algorithm converged after  1  iterations.
[1] 4.526223e-05
Algorithm converged after  2  iterations.
[1] 8.230524e-05
Algorithm converged after  2  iterations.
[1] 0.0001597559
Algorithm converged after  2  iterations.
[1] 4.526223e-05 8.311113e-06
Algorithm converged after  2  iterations.
[1] 8.230524e-05 4.488898e-06
Algorithm converged after  2  iterations.
[1] 1.597559e-04 6.379987e-05
Algorithm converged after  2  iterations.
[1] 4.526223e-05 8.230524e-05
Algorithm converged after  2  iterations.
[1] 4.526223e-05 1.597559e-04
Algorithm converged after  2  iterations.
[1] 8.230524e-05 1.597559e-04
Algorithm converged after  2  iterations.
[1] 4.526223e-05 8.311113e-06 8.230524e-05
Algorithm converged after  2  iterations.
[1] 4.526223e-05 8.311113e-06 1.597559e-04
Algorithm converged after  2  iterations.
[1] 4.526223e-05 8.230524e-05 4.488898e-06
Algorithm converged after  2  iterations.
[1] 4.526223e-05 1.597559e-04 6.379987e-05
Algorithm converged after  2  iterations.
[1] 8.230524e-05 4.488898e-06 1.597559e-04
Algorithm converged after  2  iterations.
[1] 8.230524e-05 1.597559e-04 6.379987e-05
Algorithm converged after  2  iterations.
[1] 4.526223e-05 8.230524e-05 1.597559e-04
Algorithm converged after  2  iterations.
[1] 4.526223e-05 8.311113e-06 8.230524e-05 4.488898e-06
Algorithm converged after  2  iterations.
[1] 4.526223e-05 8.311113e-06 1.597559e-04 6.379987e-05
Algorithm converged after  2  iterations.
[1] 8.230524e-05 4.488898e-06 1.597559e-04 6.379987e-05
Algorithm converged after  2  iterations.
[1] 4.526223e-05 8.311113e-06 8.230524e-05 1.597559e-04
Algorithm converged after  2  iterations.
[1] 4.526223e-05 8.230524e-05 4.488898e-06 1.597559e-04
Algorithm converged after  2  iterations.
[1] 4.526223e-05 8.230524e-05 1.597559e-04 6.379987e-05
Algorithm converged after  2  iterations.
[1] 0.0007321717
Algorithm converged after  2  iterations.
[1] 7.321717e-04 1.044611e-05
Algorithm converged after  7  iterations.
[1] 7.321717e-04 6.059174e-06
Algorithm converged after  8  iterations.
[1] 0.0007321717 0.0001806913
[1] 0.0011585003 0.0003046789
Algorithm converged after  13  iterations.
[1] 7.321717e-04 1.044611e-05 7.813374e-06
Algorithm converged after  6  iterations.
[1] 7.321717e-04 6.059174e-06 4.159432e-06
Algorithm converged after  8  iterations.
[1] 7.321717e-04 1.806913e-04 4.689356e-06
[1] 1.394995e-03 3.343460e-04 7.182185e-06
Algorithm converged after  13  iterations.
[1] 7.321717e-04 1.044611e-05 6.059174e-06
[1] 7.967954e-04 1.161606e-05 5.964115e-06
[1] 7.982789e-04 1.166860e-05 5.927105e-06
[1] 7.984269e-04 1.167360e-05 5.923461e-06
[1] 7.984410e-04 1.167407e-05 5.923114e-06
[1] 7.984424e-04 1.167412e-05 5.923081e-06
Algorithm converged after  53  iterations.
[1] 7.321717e-04 1.044611e-05 1.806913e-04
[1] 1.287309e-03 1.470194e-05 3.588968e-04
Algorithm converged after  14  iterations.
[1] 7.321717e-04 6.059174e-06 1.806913e-04
[1] 1.170715e-03 6.502256e-06 2.973388e-04
Algorithm converged after  12  iterations.
[1] 7.321717e-04 1.044611e-05 7.813374e-06 6.059174e-06
Algorithm converged after  7  iterations.
[1] 7.321717e-04 1.044611e-05 7.813374e-06 1.806913e-04
[1] 1.353682e-03 1.250270e-05 9.140122e-06 3.331830e-04
Algorithm converged after  12  iterations.
[1] 7.321717e-04 1.044611e-05 6.059174e-06 4.159432e-06
Algorithm converged after  8  iterations.
[1] 7.321717e-04 1.044611e-05 1.806913e-04 4.689356e-06
[1] 1.593475e-03 1.379220e-05 3.899696e-04 8.017379e-06
Algorithm converged after  16  iterations.
[1] 7.321717e-04 6.059174e-06 4.159432e-06 1.806913e-04
[1] 1.166830e-03 6.720182e-06 4.490120e-06 3.038243e-04
Algorithm converged after  13  iterations.
[1] 7.321717e-04 6.059174e-06 1.806913e-04 4.689356e-06
[1] 1.429635e-03 7.641488e-06 3.422941e-04 7.345976e-06
Algorithm converged after  15  iterations.
[1] 7.321717e-04 1.044611e-05 6.059174e-06 1.806913e-04
[1] 1.308118e-03 1.405352e-05 6.091821e-06 3.521191e-04
Algorithm converged after  14  iterations.
[1] 0.0007321717 0.0001515518
Algorithm converged after  2  iterations.
[1] 7.321717e-04 1.515518e-04 1.386676e-05
[1] 8.261722e-04 5.138159e-05 2.081234e-05
Algorithm converged after  11  iterations.
[1] 7.321717e-04 1.515518e-04 1.096231e-05
[1] 8.135805e-04 7.300481e-05 1.746027e-05
Algorithm converged after  15  iterations.
[1] 7.321717e-04 1.515518e-04 4.795156e-06
Algorithm converged after  8  iterations.
[1] 7.321717e-04 1.515518e-04 1.386676e-05 2.584545e-06
[1] 8.189395e-04 1.360715e-04 1.826815e-05 3.365940e-06
Algorithm converged after  18  iterations.
[1] 7.321717e-04 1.515518e-04 1.096231e-05 3.650396e-06
[1] 8.651269e-04 5.082430e-05 1.927071e-05 4.734555e-06
[1] 8.652974e-04 5.061002e-05 1.932123e-05 4.709895e-06
[1] 8.653468e-04 5.054698e-05 1.932595e-05 4.704192e-06
[1] 8.653580e-04 5.053258e-05 1.932667e-05 4.702943e-06
[1] 8.653605e-04 5.052942e-05 1.932681e-05 4.702671e-06
[1] 8.653610e-04 5.052873e-05 1.932684e-05 4.702612e-06
[1] 8.653611e-04 5.052858e-05 1.932685e-05 4.702599e-06
Algorithm converged after  75  iterations.
[1] 7.321717e-04 1.515518e-04 4.795156e-06 2.571620e-06
[1] 6.957919e-04 1.261476e-04 4.957417e-06 2.214090e-06
[1] 6.957784e-04 1.261145e-04 4.957076e-06 2.213746e-06
Algorithm converged after  21  iterations.
[1] 7.321717e-04 1.515518e-04 1.386676e-05 1.096231e-05
[1] 8.903007e-04 3.512537e-05 5.127845e-05 6.272049e-05
Algorithm converged after  15  iterations.
[1] 7.321717e-04 1.515518e-04 1.386676e-05 4.795156e-06
[1] 7.359440e-04 1.492277e-05 4.985406e-05 6.911065e-05
[1] 7.424338e-04 1.399796e-05 5.213103e-05 7.901533e-05
[1] 7.428566e-04 1.394255e-05 5.227022e-05 7.963403e-05
[1] 7.428826e-04 1.393916e-05 5.227875e-05 7.967200e-05
Algorithm converged after  50  iterations.
[1] 7.321717e-04 1.515518e-04 1.096231e-05 4.795156e-06
[1] 7.324274e-04 2.520485e-05 6.112601e-05 6.591192e-05
[1] 7.405023e-04 2.687080e-05 6.507846e-05 8.603424e-05
[1] 7.407889e-04 2.692055e-05 6.520128e-05 8.669147e-05
[1] 7.407979e-04 2.692212e-05 6.520514e-05 8.671219e-05
Algorithm converged after  45  iterations.
numeric(0)
Algorithm converged after  1  iterations.
[1] 3.598317e-05
Algorithm converged after  2  iterations.
[1] 9.315545e-05
Algorithm converged after  2  iterations.
[1] 0.0001454243
Algorithm converged after  2  iterations.
[1] 3.598317e-05 1.060342e-05
Algorithm converged after  2  iterations.
[1] 9.315545e-05 4.802730e-06
Algorithm converged after  2  iterations.
[1] 1.454243e-04 6.586456e-05
Algorithm converged after  2  iterations.
[1] 3.598317e-05 9.315545e-05
Algorithm converged after  2  iterations.
[1] 3.598317e-05 1.454243e-04
Algorithm converged after  2  iterations.
[1] 9.315545e-05 1.454243e-04
Algorithm converged after  2  iterations.
[1] 3.598317e-05 1.060342e-05 9.315545e-05
Algorithm converged after  2  iterations.
[1] 3.598317e-05 1.060342e-05 1.454243e-04
Algorithm converged after  2  iterations.
[1] 3.598317e-05 9.315545e-05 4.802730e-06
Algorithm converged after  2  iterations.
[1] 3.598317e-05 1.454243e-04 6.586456e-05
Algorithm converged after  2  iterations.
[1] 9.315545e-05 4.802730e-06 1.454243e-04
Algorithm converged after  2  iterations.
[1] 9.315545e-05 1.454243e-04 6.586456e-05
Algorithm converged after  2  iterations.
[1] 3.598317e-05 9.315545e-05 1.454243e-04
Algorithm converged after  2  iterations.
[1] 3.598317e-05 1.060342e-05 9.315545e-05 4.802730e-06
Algorithm converged after  2  iterations.
[1] 3.598317e-05 1.060342e-05 1.454243e-04 6.586456e-05
Algorithm converged after  2  iterations.
[1] 9.315545e-05 4.802730e-06 1.454243e-04 6.586456e-05
Algorithm converged after  2  iterations.
[1] 3.598317e-05 1.060342e-05 9.315545e-05 1.454243e-04
Algorithm converged after  2  iterations.
[1] 3.598317e-05 9.315545e-05 4.802730e-06 1.454243e-04
Algorithm converged after  2  iterations.
[1] 3.598317e-05 9.315545e-05 1.454243e-04 6.586456e-05
Algorithm converged after  2  iterations.
[1] 0.0006797309
Algorithm converged after  2  iterations.
[1] 6.797309e-04 1.050497e-05
Algorithm converged after  7  iterations.
[1] 6.797309e-04 1.096676e-05
Algorithm converged after  8  iterations.
[1] 0.0006797309 0.0001677233
[1] 0.0009577956 0.0002730896
Algorithm converged after  12  iterations.
[1] 6.797309e-04 1.050497e-05 7.296325e-06
Algorithm converged after  7  iterations.
[1] 6.797309e-04 1.096676e-05 4.157131e-06
Algorithm converged after  9  iterations.
[1] 6.797309e-04 1.677233e-04 5.540354e-06
[1] 1.183385e-03 2.881910e-04 8.376886e-06
Algorithm converged after  12  iterations.
[1] 6.797309e-04 1.050497e-05 1.096676e-05
Algorithm converged after  10  iterations.
[1] 6.797309e-04 1.050497e-05 1.677233e-04
[1] 1.026254e-03 1.449569e-05 3.220833e-04
Algorithm converged after  14  iterations.
[1] 6.797309e-04 1.096676e-05 1.677233e-04
[1] 0.0009756639 0.0000117273 0.0002608583
Algorithm converged after  11  iterations.
[1] 6.797309e-04 1.050497e-05 7.296325e-06 1.096676e-05
Algorithm converged after  7  iterations.
[1] 6.797309e-04 1.050497e-05 7.296325e-06 1.677233e-04
[1] 1.137521e-03 1.169156e-05 8.404958e-06 2.886430e-04
Algorithm converged after  12  iterations.
[1] 6.797309e-04 1.050497e-05 1.096676e-05 4.157131e-06
Algorithm converged after  8  iterations.
[1] 6.797309e-04 1.050497e-05 1.677233e-04 5.540354e-06
[1] 1.288706e-03 1.250949e-05 3.239194e-04 8.925370e-06
Algorithm converged after  15  iterations.
[1] 6.797309e-04 1.096676e-05 4.157131e-06 1.677233e-04
[1] 9.485885e-04 1.247052e-05 4.665702e-06 2.537053e-04
Algorithm converged after  11  iterations.
[1] 6.797309e-04 1.096676e-05 1.677233e-04 5.540354e-06
[1] 1.247719e-03 1.462654e-05 3.069069e-04 8.763553e-06
Algorithm converged after  14  iterations.
[1] 6.797309e-04 1.050497e-05 1.096676e-05 1.677233e-04
[1] 1.040635e-03 1.342803e-05 1.058988e-05 3.036805e-04
Algorithm converged after  12  iterations.
[1] 0.0006797309 0.0001298769
Algorithm converged after  2  iterations.
[1] 6.797309e-04 1.298769e-04 1.022626e-05
[1] 7.563613e-04 2.624308e-05 1.511520e-05
Algorithm converged after  12  iterations.
[1] 6.797309e-04 1.298769e-04 1.433278e-05
[1] 7.702601e-04 2.965664e-05 2.532361e-05
[1] 7.700358e-04 2.988943e-05 2.531082e-05
Algorithm converged after  29  iterations.
[1] 6.797309e-04 1.298769e-04 4.684374e-06
Algorithm converged after  9  iterations.
[1] 6.797309e-04 1.298769e-04 1.022626e-05 3.043989e-06
[1] 7.608362e-04 1.119779e-04 1.248867e-05 3.525293e-06
Algorithm converged after  14  iterations.
[1] 6.797309e-04 1.298769e-04 1.433278e-05 3.526468e-06
[1] 7.906740e-04 2.271910e-05 4.362330e-05 3.998201e-06
Algorithm converged after  19  iterations.
[1] 6.797309e-04 1.298769e-04 4.684374e-06 2.911489e-06
[1] 6.282381e-04 6.382712e-05 6.454418e-06 5.228354e-06
[1] 6.402724e-04 7.900824e-05 5.899342e-06 1.662111e-06
[1] 5.815848e-04 6.227531e-05 6.450563e-05 1.976595e-05
Algorithm converged after  38  iterations.
[1] 6.797309e-04 1.298769e-04 1.022626e-05 1.433278e-05
[1] 8.371125e-04 1.279196e-05 1.265301e-05 3.028451e-05
Algorithm converged after  17  iterations.
[1] 6.797309e-04 1.298769e-04 1.022626e-05 4.684374e-06
[1] 7.509732e-04 1.030939e-05 3.562121e-05 2.074115e-04
[1] 7.862311e-04 1.316725e-05 4.176769e-05 2.877454e-04
[1] 7.911374e-04 1.352753e-05 4.257134e-05 2.985014e-04
[1] 7.917667e-04 1.357326e-05 4.267376e-05 2.998751e-04
[1] 7.918467e-04 1.357906e-05 4.268677e-05 3.000496e-04
[1] 7.918568e-04 1.357980e-05 4.268842e-05 3.000717e-04
Algorithm converged after  66  iterations.
[1] 6.797309e-04 1.298769e-04 1.433278e-05 4.684374e-06
[1] 7.123417e-04 2.609713e-05 2.652118e-05 1.043714e-05
[1] 7.991419e-04 5.710384e-05 9.255062e-06 3.053108e-04
[1] 8.013235e-04 5.706652e-05 9.251564e-06 3.110863e-04
[1] 8.013289e-04 5.705654e-05 9.256048e-06 3.111704e-04
Algorithm converged after  48  iterations.
numeric(0)
Algorithm converged after  1  iterations.
[1] 4.609635e-05
Algorithm converged after  2  iterations.
[1] 5.781684e-05
Algorithm converged after  2  iterations.
[1] 0.0001205191
Algorithm converged after  2  iterations.
[1] 4.609635e-05 1.295117e-05
Algorithm converged after  2  iterations.
[1] 5.781684e-05 5.274113e-06
Algorithm converged after  2  iterations.
[1] 1.205191e-04 1.495103e-05
Algorithm converged after  2  iterations.
[1] 4.609635e-05 5.781684e-05
Algorithm converged after  2  iterations.
[1] 4.609635e-05 1.205191e-04
Algorithm converged after  2  iterations.
[1] 5.781684e-05 1.205191e-04
Algorithm converged after  2  iterations.
[1] 4.609635e-05 1.295117e-05 5.781684e-05
Algorithm converged after  2  iterations.
[1] 4.609635e-05 1.295117e-05 1.205191e-04
Algorithm converged after  2  iterations.
[1] 4.609635e-05 5.781684e-05 5.274113e-06
Algorithm converged after  2  iterations.
[1] 4.609635e-05 1.205191e-04 1.495103e-05
Algorithm converged after  2  iterations.
[1] 5.781684e-05 5.274113e-06 1.205191e-04
Algorithm converged after  2  iterations.
[1] 5.781684e-05 1.205191e-04 1.495103e-05
Algorithm converged after  2  iterations.
[1] 4.609635e-05 5.781684e-05 1.205191e-04
Algorithm converged after  2  iterations.
[1] 4.609635e-05 1.295117e-05 5.781684e-05 5.274113e-06
Algorithm converged after  2  iterations.
[1] 4.609635e-05 1.295117e-05 1.205191e-04 1.495103e-05
Algorithm converged after  2  iterations.
[1] 5.781684e-05 5.274113e-06 1.205191e-04 1.495103e-05
Algorithm converged after  2  iterations.
[1] 4.609635e-05 1.295117e-05 5.781684e-05 1.205191e-04
Algorithm converged after  2  iterations.
[1] 4.609635e-05 5.781684e-05 5.274113e-06 1.205191e-04
Algorithm converged after  2  iterations.
[1] 4.609635e-05 5.781684e-05 1.205191e-04 1.495103e-05
Algorithm converged after  2  iterations.
[1] 0.0005157951
Algorithm converged after  2  iterations.
[1] 5.157951e-04 1.144865e-05
Algorithm converged after  7  iterations.
[1] 5.157951e-04 3.476039e-05
Algorithm converged after  7  iterations.
[1] 5.157951e-04 5.581346e-05
Algorithm converged after  8  iterations.
[1] 5.157951e-04 1.144865e-05 8.392200e-06
Algorithm converged after  8  iterations.
[1] 5.157951e-04 3.476039e-05 5.538893e-06
Algorithm converged after  9  iterations.
[1] 5.157951e-04 5.581346e-05 7.174120e-06
[1] 6.598587e-04 6.476488e-05 7.945489e-06
Algorithm converged after  18  iterations.
[1] 5.157951e-04 1.144865e-05 3.476039e-05
Algorithm converged after  8  iterations.
[1] 5.157951e-04 1.144865e-05 5.581346e-05
Algorithm converged after  10  iterations.
[1] 5.157951e-04 3.476039e-05 5.581346e-05
Algorithm converged after  8  iterations.
[1] 5.157951e-04 1.144865e-05 8.392200e-06 3.476039e-05
Algorithm converged after  9  iterations.
[1] 5.157951e-04 1.144865e-05 8.392200e-06 5.581346e-05
Algorithm converged after  9  iterations.
[1] 5.157951e-04 1.144865e-05 3.476039e-05 5.538893e-06
Algorithm converged after  10  iterations.
[1] 5.157951e-04 1.144865e-05 5.581346e-05 7.174120e-06
[1] 8.062886e-04 1.426822e-05 7.558358e-05 8.792469e-06
Algorithm converged after  13  iterations.
[1] 5.157951e-04 3.476039e-05 5.538893e-06 5.581346e-05
Algorithm converged after  8  iterations.
[1] 5.157951e-04 3.476039e-05 5.581346e-05 7.174120e-06
[1] 7.962897e-04 4.349995e-05 7.434028e-05 8.744040e-06
Algorithm converged after  15  iterations.
[1] 5.157951e-04 1.144865e-05 3.476039e-05 5.581346e-05
Algorithm converged after  7  iterations.
[1] 0.0005157951 0.0000299489
Algorithm converged after  2  iterations.
[1] 5.157951e-04 2.994890e-05 1.221585e-05
Algorithm converged after  9  iterations.
[1] 5.157951e-04 2.994890e-05 3.792867e-05
Algorithm converged after  8  iterations.
[1] 5.157951e-04 2.994890e-05 1.972066e-05
[1] 7.716864e-04 2.577349e-05 7.111610e-04
[1] 8.514867e-04 4.427337e-05 8.360839e-04
[1] 8.518443e-04 4.426436e-05 8.370226e-04
Algorithm converged after  39  iterations.
[1] 5.157951e-04 2.994890e-05 1.221585e-05 3.690880e-06
[1] 5.495254e-04 3.158972e-05 1.499029e-05 4.813862e-06
Algorithm converged after  14  iterations.
[1] 5.157951e-04 2.994890e-05 3.792867e-05 5.079526e-06
Algorithm converged after  10  iterations.
[1] 5.157951e-04 2.994890e-05 1.972066e-05 1.083327e-05
[1] 4.299728e-04 7.695447e-05 1.108145e-04 2.353475e-05
[1] 4.299132e-04 7.704781e-05 1.110701e-04 2.355901e-05
Algorithm converged after  24  iterations.
[1] 5.157951e-04 2.994890e-05 1.221585e-05 3.792867e-05
[1] 6.555326e-04 4.496801e-05 2.639535e-05 5.922920e-05
Algorithm converged after  12  iterations.
[1] 5.157951e-04 2.994890e-05 1.221585e-05 1.972066e-05
[1] 5.690718e-04 7.722355e-05 4.158968e-05 3.096575e-04
[1] 5.700532e-04 7.830128e-05 4.204876e-05 3.165612e-04
[1] 5.700737e-04 7.832365e-05 4.205829e-05 3.167049e-04
Algorithm converged after  35  iterations.
[1] 5.157951e-04 2.994890e-05 3.792867e-05 1.972066e-05
[1] 6.241868e-04 9.066671e-05 8.381795e-05 4.100265e-04
[1] 6.260598e-04 9.277681e-05 8.464678e-05 4.252609e-04
[1] 6.261207e-04 9.284476e-05 8.467341e-05 4.257537e-04
Algorithm converged after  40  iterations.
numeric(0)
Algorithm converged after  1  iterations.
[1] 5.684343e-05
Algorithm converged after  2  iterations.
[1] 7.643726e-05
Algorithm converged after  2  iterations.
[1] 0.0001751009
Algorithm converged after  2  iterations.
[1] 5.684343e-05 1.562478e-05
Algorithm converged after  2  iterations.
[1] 7.643726e-05 5.025595e-06
Algorithm converged after  2  iterations.
[1] 0.0001751009 0.0000723449
Algorithm converged after  2  iterations.
[1] 5.684343e-05 7.643726e-05
Algorithm converged after  2  iterations.
[1] 5.684343e-05 1.751009e-04
Algorithm converged after  2  iterations.
[1] 7.643726e-05 1.751009e-04
Algorithm converged after  2  iterations.
[1] 5.684343e-05 1.562478e-05 7.643726e-05
Algorithm converged after  2  iterations.
[1] 5.684343e-05 1.562478e-05 1.751009e-04
Algorithm converged after  2  iterations.
[1] 5.684343e-05 7.643726e-05 5.025595e-06
Algorithm converged after  2  iterations.
[1] 5.684343e-05 1.751009e-04 7.234490e-05
Algorithm converged after  2  iterations.
[1] 7.643726e-05 5.025595e-06 1.751009e-04
Algorithm converged after  2  iterations.
[1] 7.643726e-05 1.751009e-04 7.234490e-05
Algorithm converged after  2  iterations.
[1] 5.684343e-05 7.643726e-05 1.751009e-04
Algorithm converged after  2  iterations.
[1] 5.684343e-05 1.562478e-05 7.643726e-05 5.025595e-06
Algorithm converged after  2  iterations.
[1] 5.684343e-05 1.562478e-05 1.751009e-04 7.234490e-05
Algorithm converged after  2  iterations.
[1] 7.643726e-05 5.025595e-06 1.751009e-04 7.234490e-05
Algorithm converged after  2  iterations.
[1] 5.684343e-05 1.562478e-05 7.643726e-05 1.751009e-04
Algorithm converged after  2  iterations.
[1] 5.684343e-05 7.643726e-05 5.025595e-06 1.751009e-04
Algorithm converged after  2  iterations.
[1] 5.684343e-05 7.643726e-05 1.751009e-04 7.234490e-05
Algorithm converged after  2  iterations.
[1] 0.0007373314
Algorithm converged after  2  iterations.
[1] 7.373314e-04 1.825867e-05
Algorithm converged after  8  iterations.
[1] 7.373314e-04 1.328342e-05
Algorithm converged after  7  iterations.
[1] 0.0007373314 0.0001255057
[1] 0.0010008728 0.0002053702
Algorithm converged after  12  iterations.
[1] 7.373314e-04 1.825867e-05 8.504338e-06
Algorithm converged after  6  iterations.
[1] 7.373314e-04 1.328342e-05 4.520029e-06
[1] 7.816764e-04 1.351986e-05 4.786800e-06
Algorithm converged after  11  iterations.
[1] 7.373314e-04 1.255057e-04 5.344355e-06
[1] 1.254369e-03 2.221922e-04 8.152273e-06
Algorithm converged after  12  iterations.
[1] 7.373314e-04 1.825867e-05 1.328342e-05
Algorithm converged after  5  iterations.
[1] 7.373314e-04 1.825867e-05 1.255057e-04
[1] 1.047644e-03 2.357945e-05 2.410724e-04
Algorithm converged after  14  iterations.
[1] 7.373314e-04 1.328342e-05 1.255057e-04
[1] 1.028551e-03 1.446319e-05 1.952899e-04
Algorithm converged after  11  iterations.
[1] 7.373314e-04 1.825867e-05 8.504338e-06 1.328342e-05
Algorithm converged after  7  iterations.
[1] 7.373314e-04 1.825867e-05 8.504338e-06 1.255057e-04
[1] 1.150139e-03 1.879132e-05 9.533029e-06 2.100780e-04
Algorithm converged after  11  iterations.
[1] 7.373314e-04 1.825867e-05 1.328342e-05 4.520029e-06
Algorithm converged after  9  iterations.
[1] 7.373314e-04 1.825867e-05 1.255057e-04 5.344355e-06
[1] 1.296733e-03 1.929441e-05 2.367161e-04 8.206736e-06
Algorithm converged after  13  iterations.
[1] 7.373314e-04 1.328342e-05 4.520029e-06 1.255057e-04
[1] 1.073811e-03 1.520018e-05 5.038714e-06 2.042466e-04
Algorithm converged after  11  iterations.
[1] 7.373314e-04 1.328342e-05 1.255057e-04 5.344355e-06
[1] 1.332467e-03 1.762585e-05 2.392569e-04 8.601021e-06
Algorithm converged after  13  iterations.
[1] 7.373314e-04 1.825867e-05 1.328342e-05 1.255057e-04
[1] 1.065526e-03 2.159987e-05 1.310993e-05 2.226157e-04
Algorithm converged after  12  iterations.
[1] 0.0007373314 0.0001203995
Algorithm converged after  2  iterations.
[1] 7.373314e-04 1.203995e-04 8.882254e-06
Algorithm converged after  8  iterations.
[1] 7.373314e-04 1.203995e-04 1.581464e-05
[1] 8.598837e-04 3.211154e-05 2.731892e-05
[1] 8.594409e-04 3.231270e-05 2.730323e-05
[1] 8.594091e-04 3.232641e-05 2.730185e-05
[1] 8.594071e-04 3.232725e-05 2.730177e-05
Algorithm converged after  46  iterations.
[1] 7.373314e-04 1.203995e-04 4.438251e-06
[1] 7.625422e-04 1.861076e-04 6.615342e-06
Algorithm converged after  12  iterations.
[1] 7.373314e-04 1.203995e-04 8.882254e-06 2.912300e-06
[1] 7.926177e-04 1.287231e-04 1.017695e-05 3.147170e-06
Algorithm converged after  14  iterations.
[1] 7.373314e-04 1.203995e-04 1.581464e-05 4.173129e-06
[1] 9.161519e-04 2.646113e-05 3.500354e-05 5.586097e-06
[1] 9.164552e-04 2.630061e-05 3.509501e-05 5.553169e-06
[1] 9.164818e-04 2.628140e-05 3.509759e-05 5.550589e-06
[1] 9.164838e-04 2.627993e-05 3.509775e-05 5.550398e-06
[1] 9.164839e-04 2.627982e-05 3.509776e-05 5.550383e-06
Algorithm converged after  51  iterations.
[1] 7.373314e-04 1.203995e-04 4.438251e-06 2.114461e-06
[1] 6.482989e-04 5.177373e-05 1.017074e-04 8.616444e-06
[1] 6.481793e-04 5.194842e-05 1.025084e-04 8.637105e-06
Algorithm converged after  27  iterations.
[1] 7.373314e-04 1.203995e-04 8.882254e-06 1.581464e-05
[1] 9.152920e-04 2.668119e-05 2.301015e-05 7.401854e-05
Algorithm converged after  12  iterations.
[1] 7.373314e-04 1.203995e-04 8.882254e-06 4.438251e-06
[1] 7.767626e-04 6.295814e-05 4.618545e-05 5.934323e-04
[1] 7.861707e-04 6.978301e-05 5.020052e-05 6.540634e-04
[1] 7.867448e-04 7.018279e-05 5.044216e-05 6.575956e-04
[1] 7.867780e-04 7.020582e-05 5.045611e-05 6.577989e-04
Algorithm converged after  48  iterations.
[1] 7.373314e-04 1.203995e-04 1.581464e-05 4.438251e-06
[1] 9.057999e-04 5.725371e-05 1.076802e-04 5.559636e-04
[1] 9.356196e-04 6.573583e-05 1.146514e-04 6.422907e-04
[1] 9.376884e-04 6.631422e-05 1.151265e-04 6.482329e-04
[1] 9.378285e-04 6.635334e-05 1.151587e-04 6.486350e-04
[1] 9.378380e-04 6.635598e-05 1.151608e-04 6.486622e-04
Algorithm converged after  51  iterations.
numeric(0)
Algorithm converged after  1  iterations.
[1] 4.139875e-05
Algorithm converged after  2  iterations.
[1] 6.688852e-05
Algorithm converged after  2  iterations.
[1] 0.0001476324
Algorithm converged after  2  iterations.
[1] 4.139875e-05 8.629613e-06
Algorithm converged after  2  iterations.
[1] 6.688852e-05 4.627645e-06
Algorithm converged after  2  iterations.
[1] 1.476324e-04 3.602873e-05
Algorithm converged after  2  iterations.
[1] 4.139875e-05 6.688852e-05
Algorithm converged after  2  iterations.
[1] 4.139875e-05 1.476324e-04
Algorithm converged after  2  iterations.
[1] 6.688852e-05 1.476324e-04
Algorithm converged after  2  iterations.
[1] 4.139875e-05 8.629613e-06 6.688852e-05
Algorithm converged after  2  iterations.
[1] 4.139875e-05 8.629613e-06 1.476324e-04
Algorithm converged after  2  iterations.
[1] 4.139875e-05 6.688852e-05 4.627645e-06
Algorithm converged after  2  iterations.
[1] 4.139875e-05 1.476324e-04 3.602873e-05
Algorithm converged after  2  iterations.
[1] 6.688852e-05 4.627645e-06 1.476324e-04
Algorithm converged after  2  iterations.
[1] 6.688852e-05 1.476324e-04 3.602873e-05
Algorithm converged after  2  iterations.
[1] 4.139875e-05 6.688852e-05 1.476324e-04
Algorithm converged after  2  iterations.
[1] 4.139875e-05 8.629613e-06 6.688852e-05 4.627645e-06
Algorithm converged after  2  iterations.
[1] 4.139875e-05 8.629613e-06 1.476324e-04 3.602873e-05
Algorithm converged after  2  iterations.
[1] 6.688852e-05 4.627645e-06 1.476324e-04 3.602873e-05
Algorithm converged after  2  iterations.
[1] 4.139875e-05 8.629613e-06 6.688852e-05 1.476324e-04
Algorithm converged after  2  iterations.
[1] 4.139875e-05 6.688852e-05 4.627645e-06 1.476324e-04
Algorithm converged after  2  iterations.
[1] 4.139875e-05 6.688852e-05 1.476324e-04 3.602873e-05
Algorithm converged after  2  iterations.
[1] 0.0006197139
Algorithm converged after  2  iterations.
[1] 6.197139e-04 9.512451e-06
Algorithm converged after  8  iterations.
[1] 6.197139e-04 1.631162e-05
Algorithm converged after  7  iterations.
[1] 0.0006197139 0.0001664795
[1] 0.0008302183 0.0002387911
Algorithm converged after  11  iterations.
[1] 6.197139e-04 9.512451e-06 4.470983e-06
[1] 7.355291e-04 1.030600e-05 6.497270e-06
Algorithm converged after  13  iterations.
[1] 6.197139e-04 1.631162e-05 4.675489e-06
Algorithm converged after  9  iterations.
[1] 6.197139e-04 1.664795e-04 4.036701e-06
[1] 1.048404e-03 2.607195e-04 5.703794e-06
Algorithm converged after  14  iterations.
[1] 6.197139e-04 9.512451e-06 1.631162e-05
Algorithm converged after  9  iterations.
[1] 6.197139e-04 9.512451e-06 1.664795e-04
[1] 1.004620e-03 1.112465e-05 2.863624e-04
[1] 1.004669e-03 1.112654e-05 2.866229e-04
Algorithm converged after  25  iterations.
[1] 6.197139e-04 1.631162e-05 1.664795e-04
Algorithm converged after  10  iterations.
[1] 6.197139e-04 9.512451e-06 4.470983e-06 1.631162e-05
[1] 7.705652e-04 1.002742e-05 4.956131e-06 1.748657e-05
[1] 7.705114e-04 1.002828e-05 4.990161e-06 1.750236e-05
[1] 7.705016e-04 1.002840e-05 4.995698e-06 1.750491e-05
[1] 7.704999e-04 1.002842e-05 4.996615e-06 1.750533e-05
[1] 7.704997e-04 1.002842e-05 4.996767e-06 1.750540e-05
[1] 7.704996e-04 1.002842e-05 4.996792e-06 1.750541e-05
Algorithm converged after  66  iterations.
[1] 6.197139e-04 9.512451e-06 4.470983e-06 1.664795e-04
[1] 1.112296e-03 1.166059e-05 2.623271e-06 3.098174e-04
[1] 1.081898e-03 1.177024e-05 3.881072e-06 2.907881e-04
[1] 1.140535e-03 1.214351e-05 2.869254e-06 3.115008e-04
[1] 1.080758e-03 1.208914e-05 2.724210e-06 2.955495e-04
[1] 1.028127e-03 1.205523e-05 3.310912e-06 2.961147e-04
[1] 1.010334e-03 1.203000e-05 6.173764e-06 3.043523e-04
[1] 1.011096e-03 1.203531e-05 6.316354e-06 3.054549e-04
[1] 1.011112e-03 1.203542e-05 6.318957e-06 3.054760e-04
Algorithm converged after  85  iterations.
[1] 6.197139e-04 9.512451e-06 1.631162e-05 4.675489e-06
Algorithm converged after  9  iterations.
[1] 6.197139e-04 9.512451e-06 1.664795e-04 4.036701e-06
[1] 1.307083e-03 1.226841e-05 3.250118e-04 7.177530e-06
Algorithm converged after  16  iterations.
[1] 6.197139e-04 1.631162e-05 4.675489e-06 1.664795e-04
[1] 8.732202e-04 1.806044e-05 5.184797e-06 2.414491e-04
Algorithm converged after  11  iterations.
[1] 6.197139e-04 1.631162e-05 1.664795e-04 4.036701e-06
[1] 1.115946e-03 2.099117e-05 2.762152e-04 6.074034e-06
Algorithm converged after  14  iterations.
[1] 6.197139e-04 9.512451e-06 1.631162e-05 1.664795e-04
[1] 1.032239e-03 1.117605e-05 1.923717e-05 2.722731e-04
Algorithm converged after  12  iterations.
[1] 6.197139e-04 9.438968e-05
Algorithm converged after  2  iterations.
[1] 6.197139e-04 9.438968e-05 1.443778e-05
[1] 6.945357e-04 2.024586e-05 2.308758e-05
Algorithm converged after  15  iterations.
[1] 6.197139e-04 9.438968e-05 1.895956e-05
[1] 7.110669e-04 2.156846e-05 3.444362e-05
[1] 7.109702e-04 2.161661e-05 3.443654e-05
Algorithm converged after  29  iterations.
[1] 6.197139e-04 9.438968e-05 6.177323e-06
[1] 7.479425e-04 1.904746e-04 1.913087e-05
Algorithm converged after  16  iterations.
[1] 6.197139e-04 9.438968e-05 1.443778e-05 2.965670e-06
[1] 7.026928e-04 6.284804e-05 1.880438e-05 3.918782e-06
Algorithm converged after  12  iterations.
[1] 6.197139e-04 9.438968e-05 1.895956e-05 4.020759e-06
[1] 7.543959e-04 1.926035e-05 4.253500e-05 4.896184e-06
[1] 7.543961e-04 1.924461e-05 4.253687e-05 4.895071e-06
Algorithm converged after  25  iterations.
[1] 6.197139e-04 9.438968e-05 6.177323e-06 2.987088e-06
[1] 6.205025e-04 1.187649e-04 1.006944e-05 3.013902e-06
[1] 6.206175e-04 1.188716e-04 1.008269e-05 3.013392e-06
Algorithm converged after  24  iterations.
[1] 6.197139e-04 9.438968e-05 1.443778e-05 1.895956e-05
[1] 7.526610e-04 1.291534e-05 1.732058e-05 2.987500e-05
Algorithm converged after  14  iterations.
[1] 6.197139e-04 9.438968e-05 1.443778e-05 6.177323e-06
[1] 7.126431e-04 9.933076e-05 1.585924e-05 6.156364e-06
Algorithm converged after  13  iterations.
[1] 6.197139e-04 9.438968e-05 1.895956e-05 6.177323e-06
[1] 7.144600e-04 1.074506e-04 2.108648e-05 6.356101e-06
Algorithm converged after  16  iterations.
numeric(0)
Algorithm converged after  1  iterations.
[1] 4.258829e-05
Algorithm converged after  2  iterations.
[1] 7.397547e-05
Algorithm converged after  2  iterations.
[1] 0.0001100089
Algorithm converged after  2  iterations.
[1] 4.258829e-05 8.181790e-06
Algorithm converged after  2  iterations.
[1] 7.397547e-05 5.074254e-06
Algorithm converged after  2  iterations.
[1] 1.100089e-04 6.890388e-06
Algorithm converged after  2  iterations.
[1] 4.258829e-05 7.397547e-05
Algorithm converged after  2  iterations.
[1] 4.258829e-05 1.100089e-04
Algorithm converged after  2  iterations.
[1] 7.397547e-05 1.100089e-04
Algorithm converged after  2  iterations.
[1] 4.258829e-05 8.181790e-06 7.397547e-05
Algorithm converged after  2  iterations.
[1] 4.258829e-05 8.181790e-06 1.100089e-04
Algorithm converged after  2  iterations.
[1] 4.258829e-05 7.397547e-05 5.074254e-06
Algorithm converged after  2  iterations.
[1] 4.258829e-05 1.100089e-04 6.890388e-06
Algorithm converged after  2  iterations.
[1] 7.397547e-05 5.074254e-06 1.100089e-04
Algorithm converged after  2  iterations.
[1] 7.397547e-05 1.100089e-04 6.890388e-06
Algorithm converged after  2  iterations.
[1] 4.258829e-05 7.397547e-05 1.100089e-04
Algorithm converged after  2  iterations.
[1] 4.258829e-05 8.181790e-06 7.397547e-05 5.074254e-06
Algorithm converged after  2  iterations.
[1] 4.258829e-05 8.181790e-06 1.100089e-04 6.890388e-06
Algorithm converged after  2  iterations.
[1] 7.397547e-05 5.074254e-06 1.100089e-04 6.890388e-06
Algorithm converged after  2  iterations.
[1] 4.258829e-05 8.181790e-06 7.397547e-05 1.100089e-04
Algorithm converged after  2  iterations.
[1] 4.258829e-05 7.397547e-05 5.074254e-06 1.100089e-04
Algorithm converged after  2  iterations.
[1] 4.258829e-05 7.397547e-05 1.100089e-04 6.890388e-06
Algorithm converged after  2  iterations.
[1] 0.0005699423
Algorithm converged after  2  iterations.
[1] 5.699423e-04 7.232376e-06
Algorithm converged after  8  iterations.
[1] 5.699423e-04 2.220001e-05
Algorithm converged after  7  iterations.
[1] 5.699423e-04 9.277964e-05
Algorithm converged after  10  iterations.
[1] 5.699423e-04 7.232376e-06 5.806082e-06
Algorithm converged after  8  iterations.
[1] 5.699423e-04 2.220001e-05 4.351525e-06
[1] 6.334237e-04 2.303436e-05 4.813725e-06
Algorithm converged after  11  iterations.
[1] 5.699423e-04 9.277964e-05 6.698312e-06
Algorithm converged after  9  iterations.
[1] 5.699423e-04 7.232376e-06 2.220001e-05
Algorithm converged after  8  iterations.
[1] 5.699423e-04 7.232376e-06 9.277964e-05
Algorithm converged after  10  iterations.
[1] 5.699423e-04 2.220001e-05 9.277964e-05
Algorithm converged after  9  iterations.
[1] 5.699423e-04 7.232376e-06 5.806082e-06 2.220001e-05
Algorithm converged after  9  iterations.
[1] 5.699423e-04 7.232376e-06 5.806082e-06 9.277964e-05
Algorithm converged after  10  iterations.
[1] 5.699423e-04 7.232376e-06 2.220001e-05 4.351525e-06
[1] 7.550202e-04 8.345152e-06 2.510329e-05 4.824832e-06
Algorithm converged after  12  iterations.
[1] 5.699423e-04 7.232376e-06 9.277964e-05 6.698312e-06
[1] 9.377461e-04 9.367681e-06 1.379238e-04 9.322332e-06
Algorithm converged after  12  iterations.
[1] 5.699423e-04 2.220001e-05 4.351525e-06 9.277964e-05
[1] 7.536693e-04 2.476727e-05 5.060351e-06 1.364218e-04
Algorithm converged after  11  iterations.
[1] 5.699423e-04 2.220001e-05 9.277964e-05 6.698312e-06
[1] 9.173325e-04 2.828522e-05 1.344875e-04 9.269208e-06
Algorithm converged after  12  iterations.
[1] 5.699423e-04 7.232376e-06 2.220001e-05 9.277964e-05
Algorithm converged after  9  iterations.
[1] 5.699423e-04 4.267254e-05
Algorithm converged after  2  iterations.
[1] 5.699423e-04 4.267254e-05 1.356276e-05
Algorithm converged after  10  iterations.
[1] 5.699423e-04 4.267254e-05 3.033056e-05
Algorithm converged after  10  iterations.
[1] 5.699423e-04 4.267254e-05 6.265068e-06
[1] 7.932194e-04 1.943278e-04 3.660535e-05
[1] 7.918033e-04 1.940609e-04 3.649035e-05
[1] 7.917497e-04 1.940481e-04 3.648669e-05
Algorithm converged after  33  iterations.
[1] 5.699423e-04 4.267254e-05 1.356276e-05 3.394841e-06
[1] 6.272046e-04 4.388711e-05 1.882643e-05 4.045736e-06
Algorithm converged after  11  iterations.
[1] 5.699423e-04 4.267254e-05 3.033056e-05 3.621808e-06
[1] 7.176042e-04 3.384779e-05 4.426153e-05 4.862491e-06
Algorithm converged after  13  iterations.
[1] 5.699423e-04 4.267254e-05 6.265068e-06 4.791778e-06
[1] 5.328193e-04 3.472378e-05 6.428874e-06 5.258578e-06
[1] 5.311308e-04 3.337056e-05 6.240036e-06 4.910789e-06
[1] 5.327582e-04 3.252125e-05 7.783351e-06 6.133358e-06
[1] 5.320487e-04 3.251424e-05 8.097021e-06 6.172903e-06
[1] 5.320273e-04 3.251387e-05 8.107442e-06 6.174074e-06
Algorithm converged after  60  iterations.
[1] 5.699423e-04 4.267254e-05 1.356276e-05 3.033056e-05
[1] 8.029307e-04 1.999909e-05 3.839191e-05 5.960418e-05
Algorithm converged after  19  iterations.
[1] 5.699423e-04 4.267254e-05 1.356276e-05 6.265068e-06
Algorithm converged after  10  iterations.
[1] 5.699423e-04 4.267254e-05 3.033056e-05 6.265068e-06
[1] 6.724234e-04 5.234030e-05 3.363957e-05 7.144054e-06
Algorithm converged after  19  iterations.
numeric(0)
Algorithm converged after  1  iterations.
[1] 3.395553e-05
Algorithm converged after  2  iterations.
[1] 8.226215e-05
Algorithm converged after  2  iterations.
[1] 0.0001429744
Algorithm converged after  2  iterations.
[1] 3.395553e-05 1.251299e-05
Algorithm converged after  2  iterations.
[1] 8.226215e-05 9.419925e-06
Algorithm converged after  2  iterations.
[1] 1.429744e-04 3.806879e-05
Algorithm converged after  2  iterations.
[1] 3.395553e-05 8.226215e-05
Algorithm converged after  2  iterations.
[1] 3.395553e-05 1.429744e-04
Algorithm converged after  2  iterations.
[1] 8.226215e-05 1.429744e-04
Algorithm converged after  2  iterations.
[1] 3.395553e-05 1.251299e-05 8.226215e-05
Algorithm converged after  2  iterations.
[1] 3.395553e-05 1.251299e-05 1.429744e-04
Algorithm converged after  2  iterations.
[1] 3.395553e-05 8.226215e-05 9.419925e-06
Algorithm converged after  2  iterations.
[1] 3.395553e-05 1.429744e-04 3.806879e-05
Algorithm converged after  2  iterations.
[1] 8.226215e-05 9.419925e-06 1.429744e-04
Algorithm converged after  2  iterations.
[1] 8.226215e-05 1.429744e-04 3.806879e-05
Algorithm converged after  2  iterations.
[1] 3.395553e-05 8.226215e-05 1.429744e-04
Algorithm converged after  2  iterations.
[1] 3.395553e-05 1.251299e-05 8.226215e-05 9.419925e-06
Algorithm converged after  2  iterations.
[1] 3.395553e-05 1.251299e-05 1.429744e-04 3.806879e-05
Algorithm converged after  2  iterations.
[1] 8.226215e-05 9.419925e-06 1.429744e-04 3.806879e-05
Algorithm converged after  2  iterations.
[1] 3.395553e-05 1.251299e-05 8.226215e-05 1.429744e-04
Algorithm converged after  2  iterations.
[1] 3.395553e-05 8.226215e-05 9.419925e-06 1.429744e-04
Algorithm converged after  2  iterations.
[1] 3.395553e-05 8.226215e-05 1.429744e-04 3.806879e-05
Algorithm converged after  2  iterations.
[1] 0.0006225326
Algorithm converged after  2  iterations.
[1] 6.225326e-04 1.349997e-05
Algorithm converged after  7  iterations.
[1] 6.225326e-04 2.447164e-05
Algorithm converged after  7  iterations.
[1] 0.0006225326 0.0001016712
Algorithm converged after  9  iterations.
[1] 6.225326e-04 1.349997e-05 8.328298e-06
Algorithm converged after  8  iterations.
[1] 6.225326e-04 2.447164e-05 5.814097e-06
Algorithm converged after  8  iterations.
[1] 6.225326e-04 1.016712e-04 5.304219e-06
Algorithm converged after  10  iterations.
[1] 6.225326e-04 1.349997e-05 2.447164e-05
Algorithm converged after  8  iterations.
[1] 6.225326e-04 1.349997e-05 1.016712e-04
Algorithm converged after  9  iterations.
[1] 6.225326e-04 2.447164e-05 1.016712e-04
Algorithm converged after  9  iterations.
[1] 6.225326e-04 1.349997e-05 8.328298e-06 2.447164e-05
Algorithm converged after  9  iterations.
[1] 6.225326e-04 1.349997e-05 8.328298e-06 1.016712e-04
Algorithm converged after  10  iterations.
[1] 6.225326e-04 1.349997e-05 2.447164e-05 5.814097e-06
Algorithm converged after  8  iterations.
[1] 6.225326e-04 1.349997e-05 1.016712e-04 5.304219e-06
[1] 1.017236e-03 1.804796e-05 1.614108e-04 8.145910e-06
Algorithm converged after  11  iterations.
[1] 6.225326e-04 2.447164e-05 5.814097e-06 1.016712e-04
[1] 8.758905e-04 2.940296e-05 6.560233e-06 1.593565e-04
Algorithm converged after  11  iterations.
[1] 6.225326e-04 2.447164e-05 1.016712e-04 5.304219e-06
[1] 9.455689e-04 3.127133e-05 1.464937e-04 7.754521e-06
Algorithm converged after  11  iterations.
[1] 6.225326e-04 1.349997e-05 2.447164e-05 1.016712e-04
Algorithm converged after  9  iterations.
[1] 6.225326e-04 3.858909e-05
Algorithm converged after  2  iterations.
[1] 6.225326e-04 3.858909e-05 1.894191e-05
Algorithm converged after  8  iterations.
[1] 6.225326e-04 3.858909e-05 3.247782e-05
[1] 7.529395e-04 2.647296e-05 5.152418e-05
Algorithm converged after  15  iterations.
[1] 6.225326e-04 3.858909e-05 4.724672e-06
[1] 0.0011140824 0.0002044707 0.0001016321
[1] 0.0012496822 0.0002245465 0.0001213310
[1] 0.0013530964 0.0002384618 0.0001355465
[1] 0.0014825300 0.0002552109 0.0001527620
[1] 0.0016359613 0.0002765004 0.0001724553
[1] 0.0017360426 0.0002950013 0.0001847170
[1] 0.0017254293 0.0003008499 0.0001827950
[1] 0.0016723398 0.0002981120 0.0001756736
[1] 0.0016338495 0.0002945042 0.0001706009
[1] 0.0016149577 0.0002923641 0.0001681303
[1] 0.0016072274 0.0002913948 0.0001671254
[1] 0.0016044013 0.0002910155 0.0001667600
[1] 0.0016034532 0.0002908812 0.0001666380
[1] 0.0016031589 0.0002908374 0.0001666004
[1] 0.0016030749 0.0002908242 0.0001665897
Algorithm converged after  160  iterations.
[1] 6.225326e-04 3.858909e-05 1.894191e-05 5.304218e-06
Algorithm converged after  10  iterations.
[1] 6.225326e-04 3.858909e-05 3.247782e-05 5.611941e-06
[1] 7.861574e-04 4.859654e-05 5.204229e-05 7.310131e-06
Algorithm converged after  11  iterations.
[1] 6.225326e-04 3.858909e-05 4.724672e-06 3.246948e-06
[1] 6.825436e-04 4.596455e-05 2.736215e-05 4.207995e-06
[1] 6.869758e-04 4.597753e-05 2.926683e-05 4.222516e-06
[1] 6.872095e-04 4.597794e-05 2.936865e-05 4.223306e-06
[1] 6.872217e-04 4.597796e-05 2.937399e-05 4.223348e-06
Algorithm converged after  46  iterations.
[1] 6.225326e-04 3.858909e-05 1.894191e-05 3.247782e-05
[1] 1.023426e-03 2.679143e-05 4.411644e-05 7.405835e-05
Algorithm converged after  16  iterations.
[1] 6.225326e-04 3.858909e-05 1.894191e-05 4.724672e-06
[1] 7.670989e-04 4.113871e-05 2.224507e-05 5.271097e-06
Algorithm converged after  11  iterations.
[1] 6.225326e-04 3.858909e-05 3.247782e-05 4.724672e-06
[1] 7.607259e-04 4.106381e-05 4.066512e-05 3.542292e-06
[1] 7.521029e-04 3.914292e-05 4.171297e-05 3.034837e-06
[1] 7.480363e-04 3.982396e-05 4.240747e-05 3.224291e-06
[1] 7.467365e-04 4.062610e-05 4.285016e-05 3.387063e-06
[1] 7.460768e-04 4.125429e-05 4.316273e-05 3.507590e-06
[1] 7.457097e-04 4.177780e-05 4.340744e-05 3.601834e-06
[1] 7.454953e-04 4.223541e-05 4.361120e-05 3.679069e-06
[1] 7.453674e-04 4.264843e-05 4.378727e-05 3.744900e-06
[1] 7.452912e-04 4.302908e-05 4.394290e-05 3.802865e-06
[1] 7.452470e-04 4.338465e-05 4.408235e-05 3.855274e-06
[1] 7.452228e-04 4.371959e-05 4.420835e-05 3.903667e-06
[1] 7.452112e-04 4.403670e-05 4.432271e-05 3.949083e-06
[1] 7.452073e-04 4.433778e-05 4.442676e-05 3.992232e-06
[1] 7.452079e-04 4.462403e-05 4.452150e-05 4.033599e-06
[1] 7.452108e-04 4.489626e-05 4.460776e-05 4.073512e-06
[1] 7.452147e-04 4.515510e-05 4.468622e-05 4.112197e-06
[1] 7.452185e-04 4.540104e-05 4.475749e-05 4.149805e-06
[1] 7.452217e-04 4.563454e-05 4.482213e-05 4.186439e-06
[1] 7.452240e-04 4.585602e-05 4.488064e-05 4.222167e-06
[1] 7.452252e-04 4.606591e-05 4.493349e-05 4.257037e-06
[1] 7.452252e-04 4.626464e-05 4.498113e-05 4.291082e-06
[1] 7.452241e-04 4.645265e-05 4.502395e-05 4.324326e-06
[1] 7.452219e-04 4.663040e-05 4.506235e-05 4.356788e-06
[1] 7.452188e-04 4.679834e-05 4.509669e-05 4.388486e-06
[1] 7.452147e-04 4.695695e-05 4.512729e-05 4.419433e-06
[1] 7.452100e-04 4.710667e-05 4.515446e-05 4.449646e-06
[1] 7.452046e-04 4.724797e-05 4.517849e-05 4.479139e-06
[1] 7.451988e-04 4.738128e-05 4.519965e-05 4.507927e-06
[1] 7.451926e-04 4.750704e-05 4.521817e-05 4.536027e-06
[1] 7.451861e-04 4.762567e-05 4.523429e-05 4.563455e-06
[1] 7.451795e-04 4.773756e-05 4.524821e-05 4.590227e-06
[1] 7.451728e-04 4.784310e-05 4.526011e-05 4.616361e-06
[1] 7.451661e-04 4.794266e-05 4.527018e-05 4.641875e-06
[1] 7.451595e-04 4.803658e-05 4.527857e-05 4.666786e-06
[1] 7.451531e-04 4.812520e-05 4.528542e-05 4.691111e-06
[1] 7.451469e-04 4.820883e-05 4.529087e-05 4.714869e-06
[1] 7.451409e-04 4.828775e-05 4.529505e-05 4.738076e-06
[1] 7.451352e-04 4.836225e-05 4.529806e-05 4.760749e-06
[1] 7.451299e-04 4.843259e-05 4.530000e-05 4.782906e-06
[1] 7.451249e-04 4.849902e-05 4.530097e-05 4.804563e-06
[1] 7.451203e-04 4.856176e-05 4.530105e-05 4.825735e-06
[1] 7.451161e-04 4.862102e-05 4.530033e-05 4.846438e-06
[1] 7.451122e-04 4.867702e-05 4.529887e-05 4.866687e-06
[1] 7.451089e-04 4.872994e-05 4.529674e-05 4.886498e-06
[1] 7.451059e-04 4.877996e-05 4.529399e-05 4.905883e-06
[1] 7.451034e-04 4.882725e-05 4.529069e-05 4.924858e-06
[1] 7.451013e-04 4.887196e-05 4.528688e-05 4.943434e-06
[1] 7.450997e-04 4.891424e-05 4.528261e-05 4.961625e-06
[1] 7.450985e-04 4.895423e-05 4.527793e-05 4.979444e-06
Algorithm did not converge after  500  iterations.
Warning messages:
1: In max(abs(CT), na.rm = T) :
  no non-missing arguments to max; returning -Inf
2: In max(abs(CT), na.rm = T) :
  no non-missing arguments to max; returning -Inf
3: In max(abs(CT), na.rm = T) :
  no non-missing arguments to max; returning -Inf
4: In max(abs(CT), na.rm = T) :
  no non-missing arguments to max; returning -Inf
5: In max(abs(CT), na.rm = T) :
  no non-missing arguments to max; returning -Inf
6: In max(abs(CT), na.rm = T) :
  no non-missing arguments to max; returning -Inf
7: In max(abs(CT), na.rm = T) :
  no non-missing arguments to max; returning -Inf
8: In max(abs(CT), na.rm = T) :
  no non-missing arguments to max; returning -Inf
9: In max(abs(CT), na.rm = T) :
  no non-missing arguments to max; returning -Inf
10: In max(abs(CT), na.rm = T) :
  no non-missing arguments to max; returning -Inf
[1] "Best iter parameter is:"
   gam  rankJ rankA1 rankA2 rankA3 
     1      1      0      0      1 
[1] 0.0006288708 0.0001419750
[1] 0.0008349959 0.0002145476
Algorithm converged after  11  iterations.
         [,1]     [,2]     [,3]
[1,] 7.430419 7.262206 58.34918
